[2017-08-24 07:03:10][info] ----------------------------------------
[2017-08-24 07:03:10][info] {"discount":"0.00","payment_type":"1","trade_no":"2017082421001004890239768935","subject":"\u4e1d\u7ef8\u4e4b\u8def\u7cbe\u534e\u4e03\u65e5\u6e38","buyer_email":"zsh608@sina.com","gmt_create":"2017-08-24 07:02:58","notify_type":"trade_status_sync","quantity":"1","out_trade_no":"LX-17081011055315306-3","seller_id":"2088421286007493","notify_time":"2017-08-24 07:03:10","body":"2017\u5e74\u9752\u6d77\u6e56-\u8336\u5361\u76d0\u6e56-\u6566\u714c-\u5609\u5cea\u5173-\u5f20\u6396\u4e39\u971e\u4e03\u65e5\u6e38","trade_status":"TRADE_SUCCESS","is_total_fee_adjust":"N","total_fee":"1590.00","gmt_payment":"2017-08-24 07:03:10","seller_email":"2287684289@qq.com","price":"1590.00","buyer_id":"2088102969954894","notify_id":"37013ce44d7242af8e35b4b5bfb5202mva","use_coupon":"N","sign_type":"MD5","sign":"aa11f94e189ecccdc8643312ff15b761"}
[2017-08-24 07:03:11][info] 数据存储反馈成功！
[2017-08-24 07:03:11][info] success
[2017-08-24 07:03:11][info] 写入结束!!!
[2017-08-24 09:01:24][info] ----------------------------------------
[2017-08-24 09:01:24][info] {"discount":"0.00","payment_type":"1","trade_no":"2017082421001004040518033070","subject":"\u82b1\u5f00\u97ed\u83dc\u576a","buyer_email":"15905199114","gmt_create":"2017-08-24 09:01:06","notify_type":"trade_status_sync","quantity":"1","out_trade_no":"LX-17082310372212206-a","seller_id":"2088421286007493","notify_time":"2017-08-24 09:01:24","body":"\u97ed\u83dc\u576a-\u7ec7\u91d1\u6d1e-\u9ad8\u8361\u5e03\u8863\u53e4\u5be85\u65e5\u6e38","trade_status":"TRADE_SUCCESS","is_total_fee_adjust":"N","total_fee":"6510.00","gmt_payment":"2017-08-24 09:01:24","seller_email":"2287684289@qq.com","price":"6510.00","buyer_id":"2088122585896048","notify_id":"44858a4365b6387b8106818e848f0ecgb9","use_coupon":"N","sign_type":"MD5","sign":"f97cf6ff7a47b493b59f9081bcf9d623"}
[2017-08-24 09:01:24][info] 数据存储反馈成功！
[2017-08-24 09:01:24][info] success
[2017-08-24 09:01:24][info] 写入结束!!!
[2017-08-24 10:20:03][info] ----------------------------------------
[2017-08-24 10:20:03][info] {"discount":"0.00","payment_type":"1","trade_no":"2017082421001004380512831220","subject":"\u4e1d\u7ef8\u4e4b\u8def\u5168\u666f\u6e389\u65e5","buyer_email":"13718889566","gmt_create":"2017-08-24 10:19:44","notify_type":"trade_status_sync","quantity":"1","out_trade_no":"LX-17080722235896306-b","seller_id":"2088421286007493","notify_time":"2017-08-24 10:20:03","body":"\u72ec\u5bb6\u6c34\u4e0a\u9b54\u9b3c\u57ce-\u65e0\u4eba\u533a\u539f\u751f\u6001\u96c5\u4e39\u63a2\u79d8-\u9752\u6d77\u6e56-\u8336\u5361\u76d0\u6e56-\u83ab\u9ad8\u7a9f-\u9e23\u6c99\u5c71\u6708\u7259\u6cc9-\u5f20\u6396\u4e39\u971e-\u5353\u5c14\u5c719\u65e5\u6e38","trade_status":"TRADE_SUCCESS","is_total_fee_adjust":"N","total_fee":"3780.00","gmt_payment":"2017-08-24 10:20:03","seller_email":"2287684289@qq.com","price":"3780.00","buyer_id":"2088902089077383","notify_id":"0e09ebdf6f4deb2357f71b25af91542ixp","use_coupon":"N","sign_type":"MD5","sign":"ffe3f7011874f595533c8cf28ec5eb54"}
[2017-08-24 10:20:03][info] 数据存储反馈成功！
[2017-08-24 10:20:03][info] success
[2017-08-24 10:20:03][info] 写入结束!!!
[2017-08-24 11:43:58][info] ----------------------------------------
[2017-08-24 11:43:58][info] {"discount":"0.00","payment_type":"1","trade_no":"2017082421001004730500169826","subject":"\u65b0\u7586\u91d1\u79cb\u5927\u73af\u7ebf","buyer_email":"wpp_9@163.com","gmt_create":"2017-08-24 11:43:46","notify_type":"trade_status_sync","quantity":"1","out_trade_no":"LX-17082410595828406-1","seller_id":"2088421286007493","notify_time":"2017-08-24 11:43:58","body":"\u5580\u7eb3\u65af-\u79be\u6728-\u767d\u54c8\u5df4-\u8d5b\u91cc\u6728\u6e56-\u5df4\u97f3\u5e03\u9c81\u514b-\u5410\u9c81\u756a-\u5854\u91cc\u6728\u6cb3\u80e1\u6768\u679712\u65e5\u6df1\u5ea6\u6e38","trade_status":"TRADE_SUCCESS","is_total_fee_adjust":"N","total_fee":"5780.00","gmt_payment":"2017-08-24 11:43:58","seller_email":"2287684289@qq.com","price":"5780.00","buyer_id":"2088002766643732","notify_id":"8818b7dde2f86a054e52f37edac9569lmx","use_coupon":"N","sign_type":"MD5","sign":"7fcadf8ef1cce41d57a50d1a27a6eecb"}
[2017-08-24 11:43:59][info] 数据存储反馈成功！
[2017-08-24 11:43:59][info] success
[2017-08-24 11:43:59][info] 写入结束!!!
[2017-08-24 13:08:01][info] ----------------------------------------
[2017-08-24 13:08:01][info] {"discount":"0.00","payment_type":"1","trade_no":"2017082421001004180518729775","subject":"\u989d\u6d4e\u7eb3\u5168\u666f","buyer_email":"18086661276","gmt_create":"2017-08-24 13:07:29","notify_type":"trade_status_sync","quantity":"1","out_trade_no":"LX-17082313161561306-e","seller_id":"2088421286007493","notify_time":"2017-08-24 13:08:01","body":"\u989d\u6d4e\u7eb3\u80e1\u6768\u6797-\u6566\u714c\u5168\u666f-\u5df4\u4e39\u5409\u6797-\u5f20\u6396\u4e39\u971e-\u5609\u5cea\u5173-\u91d1\u5854\u80e1\u6768\u6797-\u52a8\u8f668\u65e5","trade_status":"TRADE_SUCCESS","is_total_fee_adjust":"N","total_fee":"4110.50","gmt_payment":"2017-08-24 13:08:00","seller_email":"2287684289@qq.com","price":"4110.50","buyer_id":"2088802718523181","notify_id":"d8628e3341c43e714a2efcfb7d4a8f4he5","use_coupon":"N","sign_type":"MD5","sign":"fca901bccc8e182b42d2e268bf1bcec2"}
[2017-08-24 13:08:01][info] 数据存储反馈成功！
[2017-08-24 13:08:01][info] success
[2017-08-24 13:08:01][info] 写入结束!!!
[2017-08-24 15:35:11][info] ----------------------------------------
[2017-08-24 15:35:11][info] {"discount":"0.00","payment_type":"1","trade_no":"2017082421001004570504826095","subject":"\u989d\u6d4e\u7eb3\u6700\u7f8e\u9ad8\u94c1\u56e2","buyer_email":"xushuang428@126.com","gmt_create":"2017-08-24 15:34:59","notify_type":"trade_status_sync","quantity":"1","out_trade_no":"LX-17082415095599301-1","seller_id":"2088421286007493","notify_time":"2017-08-24 15:35:11","body":"2017\u989d\u6d4e\u7eb3\u65d7\u80e1\u6768\u6797\u516d\u65e5\u6e38-\u9886\u8896\u6237\u5916\u72ec\u5bb6\u9996\u521b","trade_status":"TRADE_SUCCESS","is_total_fee_adjust":"N","total_fee":"6960.00","gmt_payment":"2017-08-24 15:35:10","seller_email":"2287684289@qq.com","price":"6960.00","buyer_id":"2088112400185570","notify_id":"eaad56031fd9e4543ad985cb62f01f9keh","use_coupon":"N","sign_type":"MD5","sign":"c5c83bc400fa2c1c4e6a98691de85830"}
[2017-08-24 15:35:12][info] 数据存储反馈成功！
[2017-08-24 15:35:12][info] success
[2017-08-24 15:35:12][info] 写入结束!!!
[2017-08-24 17:09:04][info] ----------------------------------------
[2017-08-24 17:09:04][info] {"discount":"0.00","payment_type":"1","trade_no":"2017082421001004380204469406","subject":"\u897f\u85cf\u5f80\u897f","buyer_email":"13325876175","gmt_create":"2017-08-24 17:08:41","notify_type":"trade_status_sync","quantity":"1","out_trade_no":"LX-17082416565673801-6","seller_id":"2088421286007493","notify_time":"2017-08-24 17:09:04","body":"2017\u5e74\u963f\u91cc\u5357\u7ebf\u671d\u5723\u8f6c\u5c71 \u5fc3\u7075\u796d\u62dc12\u65e5","trade_status":"TRADE_SUCCESS","is_total_fee_adjust":"N","total_fee":"6980.00","gmt_payment":"2017-08-24 17:09:03","seller_email":"2287684289@qq.com","price":"6980.00","buyer_id":"2088512372559380","notify_id":"57a19da529200da0e1c6c8fd4e9132dixm","use_coupon":"N","sign_type":"MD5","sign":"d542d7a1de420300cbf9329e11b9bcba"}
[2017-08-24 17:09:04][info] 数据存储反馈成功！
[2017-08-24 17:09:04][info] success
[2017-08-24 17:09:04][info] 写入结束!!!
[2017-08-24 21:10:54][info] ----------------------------------------
[2017-08-24 21:10:54][info] {"discount":"0.00","payment_type":"1","trade_no":"2017052321001004430213797350","subject":"\u4e1d\u7ef8\u4e4b\u8def\u5dc5\u5cf0\u4f53\u9a8c9\u65e5\u6e38","buyer_email":"18029251889","gmt_create":"2017-05-23 21:06:45","notify_type":"trade_status_sync","quantity":"1","out_trade_no":"LX-17052221392225306-6","seller_id":"2088421286007493","notify_time":"2017-08-24 21:10:54","body":"\u6c99\u5c9b-\u9752\u6d77\u6e56-\u8336\u5361\u76d0\u6e56-\u7941\u8fde-\u5f20\u6396-\u5609\u5cea\u5173-\u6566\u714c9\u65e5\u6e38","trade_status":"TRADE_FINISHED","is_total_fee_adjust":"N","total_fee":"4480.00","gmt_payment":"2017-05-23 21:10:03","seller_email":"2287684289@qq.com","gmt_close":"2017-08-24 21:10:54","price":"4480.00","buyer_id":"2088802180824438","notify_id":"005fd0048cb82158d744e3ab70654e5jbi","use_coupon":"N","sign_type":"MD5","sign":"ca91e5fbc0025360b33227a4a7ec8ecf"}
[2017-08-24 21:10:55][info] 数据存储反馈成功！
[2017-08-24 21:10:55][info] success
[2017-08-24 21:10:55][info] 写入结束!!!
[2017-08-24 21:52:04][info] ----------------------------------------
[2017-08-24 21:52:04][info] {"discount":"0.00","payment_type":"1","trade_no":"2017052321001004990264119732","subject":"\u4e1d\u7ef8\u4e4b\u8def\u5dc5\u5cf0\u4f53\u9a8c9\u65e5\u6e38","buyer_email":"zhaollzhaoll@yahoo.com.cn","gmt_create":"2017-05-23 21:50:55","notify_type":"trade_status_sync","quantity":"1","out_trade_no":"LX-17052320261368006-b","seller_id":"2088421286007493","notify_time":"2017-08-24 21:52:03","body":"\u6c99\u5c9b-\u9752\u6d77\u6e56-\u8336\u5361\u76d0\u6e56-\u7941\u8fde-\u5f20\u6396-\u5609\u5cea\u5173-\u6566\u714c9\u65e5\u6e38","trade_status":"TRADE_FINISHED","is_total_fee_adjust":"N","total_fee":"4480.00","gmt_payment":"2017-05-23 21:51:42","seller_email":"2287684289@qq.com","gmt_close":"2017-08-24 21:52:03","price":"4480.00","buyer_id":"2088002314092993","notify_id":"239a40500bf4e4bccb6b858e348b5dcnn2","use_coupon":"N","sign_type":"MD5","sign":"ca0e97cf64620d8725b78619290e4aa7"}
[2017-08-24 21:52:04][info] 数据存储反馈成功！
[2017-08-24 21:52:04][info] success
[2017-08-24 21:52:04][info] 写入结束!!!
