[2017-07-30 09:00:50][info] ----------------------------------------
[2017-07-30 09:00:50][info] {"discount":"0.00","payment_type":"1","trade_no":"2017073021001004960291273797","subject":"\u5580\u7eb3\u65af\u4e4b\u590f","buyer_email":"greawall@163.com","gmt_create":"2017-07-30 09:00:39","notify_type":"trade_status_sync","quantity":"1","out_trade_no":"LX-17072509035481906-9","seller_id":"2088421286007493","notify_time":"2017-07-30 09:00:50","body":"2017\u5e747\uff5e8\u6708 \u5929\u5c71\u5929\u6c60-\u5410\u9c81\u756a-\u5580\u7eb3\u65af-\u767d\u54c8\u5df4-\u4e94\u5f69\u6ee9-\u9b54\u9b3c\u57ce-\u79be\u6728\u6df1\u5ea6\u4e5d\u65e5\u6e38","trade_status":"TRADE_SUCCESS","is_total_fee_adjust":"N","total_fee":"2290.00","gmt_payment":"2017-07-30 09:00:50","seller_email":"2287684289@qq.com","price":"2290.00","buyer_id":"2088002610255960","notify_id":"75017a93aab01a662201e1bbf9175b5neq","use_coupon":"N","sign_type":"MD5","sign":"eda2f46dadc97014ce67ec0fa94255d0"}
[2017-07-30 09:00:51][info] 数据存储反馈成功！
[2017-07-30 09:00:51][info] success
[2017-07-30 09:00:51][info] 写入结束!!!
[2017-07-30 10:13:41][info] ----------------------------------------
[2017-07-30 10:13:41][info] {"discount":"0.00","payment_type":"1","trade_no":"2017073021001004900203973559","subject":"\u7518\u5357\u5168\u666f","buyer_email":"13603536653","gmt_create":"2017-07-30 10:13:19","notify_type":"trade_status_sync","quantity":"1","out_trade_no":"LX-17073009530515606-b","seller_id":"2088421286007493","notify_time":"2017-07-30 10:13:41","body":"2017\u5e74\u72ec\u5bb6  \u62c9\u535c\u695e\u5bfa-\u624e\u5c15\u90a3-\u82b1\u6e56-\u5e74\u5b9d\u7389\u5219-\u82e5\u5c14\u76d6\u8349\u539f-\u963f\u4e07\u4ed3\u6e7f\u5730-\u5c15\u6d77\u6e56-\u90ce\u6728\u5bfa 8\u65e5\u6e38","trade_status":"TRADE_SUCCESS","is_total_fee_adjust":"N","total_fee":"3280.00","gmt_payment":"2017-07-30 10:13:41","seller_email":"2287684289@qq.com","price":"3280.00","buyer_id":"2088312650879904","notify_id":"d15cec3aa2b068fadd3f5f4d5b5f018my2","use_coupon":"N","sign_type":"MD5","sign":"3e958f3d4d1d95fa88b91c2ba1f14261"}
[2017-07-30 10:13:41][info] 数据存储反馈成功！
[2017-07-30 10:13:41][info] success
[2017-07-30 10:13:41][info] 写入结束!!!
[2017-07-30 11:02:48][info] ----------------------------------------
[2017-07-30 11:02:48][info] {"discount":"0.00","payment_type":"1","trade_no":"2017073021001004850272387347","subject":"\u4e1d\u7ef8\u4e4b\u8def\u7cbe\u534e\u4e03\u65e5\u6e38","buyer_email":"13971394753","gmt_create":"2017-07-30 11:02:07","notify_type":"trade_status_sync","quantity":"1","out_trade_no":"LX-17073010255413406-5","seller_id":"2088421286007493","notify_time":"2017-07-30 11:02:48","body":"2017\u5e74\u9752\u6d77\u6e56-\u8336\u5361\u76d0\u6e56-\u6566\u714c-\u5609\u5cea\u5173-\u5f20\u6396\u4e39\u971e\u4e03\u65e5\u6e38","trade_status":"TRADE_SUCCESS","is_total_fee_adjust":"N","total_fee":"5210.00","gmt_payment":"2017-07-30 11:02:48","seller_email":"2287684289@qq.com","price":"5210.00","buyer_id":"2088012133742852","notify_id":"6bae7497c35836327ffffcd3da4bf3amk6","use_coupon":"N","sign_type":"MD5","sign":"2f55153f868a37bd0e31878f20dfbf3e"}
[2017-07-30 11:02:49][info] 数据存储反馈成功！
[2017-07-30 11:02:49][info] success
[2017-07-30 11:02:49][info] 写入结束!!!
[2017-07-30 15:53:42][info] ----------------------------------------
[2017-07-30 15:53:42][info] {"discount":"0.00","payment_type":"1","trade_no":"2017073021001004900204600254","subject":"\u8d35\u5dde\u5168\u666f\u6e38","buyer_email":"wanghaibin@he.chinamobile.com","gmt_create":"2017-07-30 15:52:39","notify_type":"trade_status_sync","quantity":"1","out_trade_no":"LX-17072810355547906-a","seller_id":"2088421286007493","notify_time":"2017-07-30 15:53:42","body":"\u897f\u6c5f\u5343\u6237\u82d7\u5be8-\u8354\u6ce2-\u9ed4\u4e1c\u5357-\u9547\u8fdc-\u9ec4\u679c\u6811-\u79d8\u5883\u8302\u5170\u6df1\u5ea6\u7eaf\u73a9\u4e5d\u65e5\u6e38","trade_status":"TRADE_SUCCESS","is_total_fee_adjust":"N","total_fee":"5130.00","gmt_payment":"2017-07-30 15:53:41","seller_email":"2287684289@qq.com","price":"5130.00","buyer_id":"2088002248207902","notify_id":"5ed4b00eaffa9947caac31d4fd8d7f2my2","use_coupon":"N","sign_type":"MD5","sign":"121959fb0233907477636fa9e09ca7cc"}
[2017-07-30 15:53:42][info] 数据存储反馈成功！
[2017-07-30 15:53:42][info] success
[2017-07-30 15:53:42][info] 写入结束!!!
[2017-07-30 16:07:26][info] ----------------------------------------
[2017-07-30 16:07:26][info] {"discount":"0.00","payment_type":"1","trade_no":"2017073021001004480248533212","subject":"\u4e1d\u8def\u5dc5\u5cf0\u4f53\u9a8c\u4e5d\u65e5\u6e38B\u7ebf","buyer_email":"zhou_qian2004@163.com","gmt_create":"2017-07-30 16:04:14","notify_type":"trade_status_sync","quantity":"1","out_trade_no":"LX-17072818212871306-6","seller_id":"2088421286007493","notify_time":"2017-07-30 16:07:26","body":"\u9752\u6d77\u6e56-\u8336\u5361\u76d0\u6e56-\u9e23\u6c99\u5c71\u6708\u7259\u6cc9-\u83ab\u9ad8\u7a9f-\u96c5\u4e39\u9b54\u9b3c\u57ce-\u5609\u5cea\u5173-\u5f20\u6396\u4e39\u971e-\u9a6c\u8e44\u5bfa-\u5353\u5c14\u5c71\u8f7b\u5962\u52a8\u8f669\u65e5\u6e38","trade_status":"TRADE_SUCCESS","is_total_fee_adjust":"N","total_fee":"5170.00","gmt_payment":"2017-07-30 16:07:26","seller_email":"2287684289@qq.com","price":"5170.00","buyer_id":"2088202952715483","notify_id":"d9bacb4a07834b3fd77690220a52476jpe","use_coupon":"N","sign_type":"MD5","sign":"858ee6051bc8d428d3942ed1a6bd17a5"}
[2017-07-30 16:07:27][info] 数据存储反馈成功！
[2017-07-30 16:07:27][info] success
[2017-07-30 16:07:27][info] 写入结束!!!
[2017-07-30 16:50:45][info] ----------------------------------------
[2017-07-30 16:50:45][info] {"discount":"0.00","payment_type":"1","trade_no":"2017073021001004030252102448","subject":"\u575d\u4e0a\u4f11\u95f2B\u7ebf","buyer_email":"xixigo@hotmail.com","gmt_create":"2017-07-30 16:49:52","notify_type":"trade_status_sync","quantity":"1","out_trade_no":"LX-1707301530329406-6","seller_id":"2088421286007493","notify_time":"2017-07-30 16:50:45","body":"2017\u72ec\u5bb6\u575d\u4e0a\u73af\u7ebf\uff1a\u7a7f\u8d8a\u8349\u539f\u5929\u8def\uff0c\u6492\u6b22\u4e4c\u5170\u5e03\u7edf\uff0c\u627f\u5fb7\u907f\u6691\u5c71\u5e84\uff0c\u91d1\u5c71\u5cad\u957f\u57ce\/\u6155\u7530\u5cea\u957f\u57ce7\u65e5\uff08\u5168\u666f\u4e4b\u65c5\uff0c\u7f8e\u666f\u4e00\u7f51\u6253\u5c3d\uff09","trade_status":"TRADE_SUCCESS","is_total_fee_adjust":"N","total_fee":"6260.00","gmt_payment":"2017-07-30 16:50:45","seller_email":"2287684289@qq.com","price":"6260.00","buyer_id":"2088102035065037","notify_id":"93c1f9215cc8b959787d00f0ed6886ag8e","use_coupon":"N","sign_type":"MD5","sign":"45a3a056df21b1a59befabbf21a3aa5d"}
[2017-07-30 16:50:45][info] 数据存储反馈成功！
[2017-07-30 16:50:45][info] success
[2017-07-30 16:50:45][info] 写入结束!!!
[2017-07-30 17:15:56][info] ----------------------------------------
[2017-07-30 17:15:56][info] {"discount":"0.00","payment_type":"1","trade_no":"2017042821001004040209775280","subject":"\u65b0\u7586\u5168\u666f","buyer_email":"18907325198","gmt_create":"2017-04-28 17:15:01","notify_type":"trade_status_sync","quantity":"1","out_trade_no":"LX-17042613031817306-1","seller_id":"2088421286007493","notify_time":"2017-07-30 17:15:56","body":"\u6c5f\u5e03\u62c9\u514b-\u4e94\u5f69\u6ee9-\u5580\u7eb3\u65af-\u79be\u6728-\u8d5b\u91cc\u6728\u6e56-\u85b0\u8863\u8349\u5e84\u56ed-\u5580\u62c9\u5cfb-\u90a3\u62c9\u63d0-\u5df4\u97f3\u5e03\u9c81\u514b-\u5410\u9c81\u756a13\u65e5\u6e38","trade_status":"TRADE_FINISHED","is_total_fee_adjust":"N","total_fee":"7770.00","gmt_payment":"2017-04-28 17:15:42","seller_email":"2287684289@qq.com","gmt_close":"2017-07-30 17:15:56","price":"7770.00","buyer_id":"2088412919265041","notify_id":"62b0760ceb82f55b2376b1e7f383f7cgb6","use_coupon":"N","sign_type":"MD5","sign":"ae9c71ccdd14643de6c1407a825b5ff3"}
[2017-07-30 17:15:56][info] 数据存储反馈成功！
[2017-07-30 17:15:56][info] success
[2017-07-30 17:15:56][info] 写入结束!!!
