[2017-10-07 00:34:07][info] ----------------------------------------
[2017-10-07 00:34:07][info] {"discount":"0.00","payment_type":"1","trade_no":"2017070621001004170205240862","subject":"\u4e1d\u7ef8\u4e4b\u8def\u7cbe\u534e\u4e03\u65e5\u6e38","buyer_email":"13556648002","gmt_create":"2017-07-06 00:32:50","notify_type":"trade_status_sync","quantity":"1","out_trade_no":"LX-17070520452938506-1","seller_id":"2088421286007493","notify_time":"2017-10-07 00:34:07","body":"2017\u5e74\u9752\u6d77\u6e56-\u8336\u5361\u76d0\u6e56-\u6566\u714c-\u5609\u5cea\u5173-\u5f20\u6396\u4e39\u971e\u4e03\u65e5\u6e38","trade_status":"TRADE_FINISHED","is_total_fee_adjust":"N","total_fee":"2530.00","gmt_payment":"2017-07-06 00:33:08","seller_email":"2287684289@qq.com","gmt_close":"2017-10-07 00:34:07","price":"2530.00","buyer_id":"2088112540307173","notify_id":"04618cb985ee5fa42e1c9e4e137b529hba","use_coupon":"N","sign_type":"MD5","sign":"30430c268d40e3599964dd2105fa1e53"}
[2017-10-07 00:34:07][info] 数据存储反馈成功！
[2017-10-07 00:34:07][info] success
[2017-10-07 00:34:07][info] 写入结束!!!
[2017-10-07 02:50:14][info] ----------------------------------------
[2017-10-07 02:50:14][info] {"discount":"0.00","payment_type":"1","trade_no":"2017100721001004200539821925","subject":"\u5357\u7586\u5370\u8c61","buyer_email":"lucial@vip.sina.com","gmt_create":"2017-10-07 02:49:56","notify_type":"trade_status_sync","quantity":"1","out_trade_no":"LX-17091910432620601-d","seller_id":"2088421286007493","notify_time":"2017-10-07 02:50:14","body":"\u8f6e\u53f0\u5854\u91cc\u6728\u80e1\u6768\u6797-\u514b\u5b5c\u5c14\u5343\u4f5b\u6d1e-\u5929\u5c71\u5927\u5ce1\u8c37-\u5580\u4ec0-\u548c\u7530-\u6155\u58eb\u5854\u683c-\u5854\u514b\u62c9\u739b\u5e72\u6c99\u6f2012\u65e5\u4eba\u6587\u98ce\u5149\u6df1\u5ea6\u6e38","trade_status":"TRADE_SUCCESS","is_total_fee_adjust":"N","total_fee":"4980.00","gmt_payment":"2017-10-07 02:50:13","seller_email":"2287684289@qq.com","price":"4980.00","buyer_id":"2088202390325204","notify_id":"ef82388e53c8d8b90692f6f0081fcfbhjp","use_coupon":"N","sign_type":"MD5","sign":"9f5d9f99c0cad75a566725aae4f29920"}
[2017-10-07 02:50:14][info] 数据存储反馈成功！
[2017-10-07 02:50:14][info] success
[2017-10-07 02:50:14][info] 写入结束!!!
[2017-10-07 09:05:05][info] ----------------------------------------
[2017-10-07 09:05:05][info] {"discount":"0.00","payment_type":"1","trade_no":"2017070621001004340213911712","subject":"\u7518\u5357\u5168\u666f","buyer_email":"13503208630","gmt_create":"2017-07-06 09:04:13","notify_type":"trade_status_sync","quantity":"1","out_trade_no":"LX-17070115251880406-4","seller_id":"2088421286007493","notify_time":"2017-10-07 09:05:05","body":"2017\u5e74\u72ec\u5bb6  \u62c9\u535c\u695e\u5bfa-\u624e\u5c15\u90a3-\u82b1\u6e56-\u5e74\u5b9d\u7389\u5219-\u82e5\u5c14\u76d6\u8349\u539f-\u963f\u4e07\u4ed3\u6e7f\u5730-\u5c15\u6d77\u6e56-\u90ce\u6728\u5bfa 8\u65e5\u6e38","trade_status":"TRADE_FINISHED","is_total_fee_adjust":"N","total_fee":"3280.00","gmt_payment":"2017-07-06 09:04:32","seller_email":"2287684289@qq.com","gmt_close":"2017-10-07 09:05:05","price":"3280.00","buyer_id":"2088522010626343","notify_id":"bf0a4c6cf4b5cfe20d0d088aea0beecimi","use_coupon":"N","sign_type":"MD5","sign":"bc3628a5df56f734518e81efd6d0013c"}
[2017-10-07 09:05:05][info] 数据存储反馈成功！
[2017-10-07 09:05:05][info] success
[2017-10-07 09:05:05][info] 写入结束!!!
[2017-10-07 09:19:36][info] ----------------------------------------
[2017-10-07 09:19:36][info] {"discount":"0.00","payment_type":"1","trade_no":"2017100721001004960228010824","subject":"\u5927\u7f8e\u8272\u7a3b","buyer_email":"13905510892","gmt_create":"2017-10-07 09:17:39","notify_type":"trade_status_sync","quantity":"1","out_trade_no":"LX-17100618540488606-5","seller_id":"2088421286007493","notify_time":"2017-10-07 09:19:36","body":"\u8272\u8fbe-\u7a3b\u57ce\u4e9a\u4e01-\u65b0\u90fd\u68659\u65e5\u5927\u73af\u7ebf","trade_status":"TRADE_SUCCESS","is_total_fee_adjust":"N","total_fee":"3580.00","gmt_payment":"2017-10-07 09:19:35","seller_email":"2287684289@qq.com","price":"3580.00","buyer_id":"2088802855665960","notify_id":"ccf29f282ac5e9828e1da3e74ec74e9neq","use_coupon":"N","sign_type":"MD5","sign":"b7fee6611ba534740dc936cd961df642"}
[2017-10-07 09:19:36][info] 数据存储反馈成功！
[2017-10-07 09:19:36][info] success
[2017-10-07 09:19:36][info] 写入结束!!!
[2017-10-07 10:59:08][info] ----------------------------------------
[2017-10-07 10:59:08][info] {"discount":"0.00","payment_type":"1","trade_no":"2017070621001004980276324746","subject":"\u4e1d\u8def\u5dc5\u5cf0\u4f53\u9a8c\u5341\u65e5\u6e38","buyer_email":"13352000758","gmt_create":"2017-07-06 10:58:00","notify_type":"trade_status_sync","quantity":"1","out_trade_no":"LX-17070610000610001-3","seller_id":"2088421286007493","notify_time":"2017-10-07 10:59:08","body":"\u6c99\u5c9b-\u9752\u6d77\u6e56-\u8336\u5361\u76d0\u6e56-\u7941\u8fde-\u5f20\u6396-\u5609\u5cea\u5173-\u6566\u714c\u5341\u65e5\u6e38","trade_status":"TRADE_FINISHED","is_total_fee_adjust":"N","total_fee":"10580.00","gmt_payment":"2017-07-06 10:58:36","seller_email":"2287684289@qq.com","gmt_close":"2017-10-07 10:59:08","price":"10580.00","buyer_id":"2088302047431987","notify_id":"f6582dfe01c45c932830d1b61201c5bnka","use_coupon":"N","sign_type":"MD5","sign":"f5862fdfd07b456241e650b7b83d2c99"}
[2017-10-07 10:59:08][info] 数据存储反馈成功！
[2017-10-07 10:59:08][info] success
[2017-10-07 10:59:08][info] 写入结束!!!
[2017-10-07 11:44:16][info] ----------------------------------------
[2017-10-07 11:44:16][info] {"discount":"0.00","payment_type":"1","trade_no":"2017070621001004370285341664","subject":"\u65b0\u7586\u5168\u666f","buyer_email":"sjun0119@163.com","gmt_create":"2017-07-06 11:42:22","notify_type":"trade_status_sync","quantity":"1","out_trade_no":"LX-17070610180489201-b","seller_id":"2088421286007493","notify_time":"2017-10-07 11:44:16","body":"\u6c5f\u5e03\u62c9\u514b-\u4e94\u5f69\u6ee9-\u5580\u7eb3\u65af-\u79be\u6728-\u8d5b\u91cc\u6728\u6e56-\u85b0\u8863\u8349\u519c\u573a-\u5580\u62c9\u5cfb-\u90a3\u62c9\u63d0-\u5df4\u97f3\u5e03\u9c81\u514b-\u5410\u9c81\u756a13\u65e5\u6e38","trade_status":"TRADE_FINISHED","is_total_fee_adjust":"N","total_fee":"15990.00","gmt_payment":"2017-07-06 11:43:20","seller_email":"2287684289@qq.com","gmt_close":"2017-10-07 11:44:16","price":"15990.00","buyer_id":"2088002199036370","notify_id":"f23505242adb4628378eb47fbcf8a18iuu","use_coupon":"N","sign_type":"MD5","sign":"ad7d72cc29e13930244009912a4fa2a2"}
[2017-10-07 11:44:16][info] 数据存储反馈成功！
[2017-10-07 11:44:16][info] success
[2017-10-07 11:44:16][info] 写入结束!!!
[2017-10-07 14:17:31][info] ----------------------------------------
[2017-10-07 14:17:31][info] {"discount":"0.00","payment_type":"1","trade_no":"2017100721001004770265920139","subject":"\u989d\u6d4e\u7eb3\u4f11\u95f2\u6e38","buyer_email":"yebing936@qq.com","gmt_create":"2017-10-07 14:17:12","notify_type":"trade_status_sync","quantity":"1","out_trade_no":"LX-17091215035685401-1","seller_id":"2088421286007493","notify_time":"2017-10-07 14:17:31","body":"\u989d\u6d4e\u7eb3\u65d7\u80e1\u6768\u6797-\u5609\u5cea\u5173-\u9ed1\u6c34\u57ce-\u602a\u6811\u6797-\u5df4\u4e39\u5409\u6797\u6c99\u6f20-\u5f20\u6396\u4e39\u971e","trade_status":"TRADE_SUCCESS","is_total_fee_adjust":"N","total_fee":"5170.00","gmt_payment":"2017-10-07 14:17:30","seller_email":"2287684289@qq.com","price":"5170.00","buyer_id":"2088202411178778","notify_id":"3224f4249eb040ab294607ad233cf20lxy","use_coupon":"N","sign_type":"MD5","sign":"f902711c6315c95dddd7f942135cf91e"}
[2017-10-07 14:17:31][info] 数据存储反馈成功！
[2017-10-07 14:17:31][info] success
[2017-10-07 14:17:31][info] 写入结束!!!
[2017-10-07 14:28:08][info] ----------------------------------------
[2017-10-07 14:28:08][info] {"discount":"0.00","payment_type":"1","trade_no":"2017070621001004780287547629","subject":"\u4e1d\u8def\u5dc5\u5cf0\u4f53\u9a8c\u5341\u65e5\u6e38","buyer_email":"13621344113","gmt_create":"2017-07-06 14:27:55","notify_type":"trade_status_sync","quantity":"1","out_trade_no":"LX-17062922460677801-0","seller_id":"2088421286007493","notify_time":"2017-10-07 14:28:08","body":"\u6c99\u5c9b-\u9752\u6d77\u6e56-\u8336\u5361\u76d0\u6e56-\u7941\u8fde-\u5f20\u6396-\u5609\u5cea\u5173-\u6566\u714c\u5341\u65e5\u6e38","trade_status":"TRADE_FINISHED","is_total_fee_adjust":"N","total_fee":"6270.00","gmt_payment":"2017-07-06 14:28:03","seller_email":"2287684289@qq.com","gmt_close":"2017-10-07 14:28:08","price":"6270.00","buyer_id":"2088022631328780","notify_id":"6d2ed2050b9eef473510c3b78885f8bm0q","use_coupon":"N","sign_type":"MD5","sign":"1a5581d541563263d3cdcd80771b2fd8"}
[2017-10-07 14:28:08][info] 数据存储反馈成功！
[2017-10-07 14:28:08][info] success
[2017-10-07 14:28:08][info] 写入结束!!!
[2017-10-07 14:29:05][info] ----------------------------------------
[2017-10-07 14:29:05][info] {"discount":"0.00","payment_type":"1","trade_no":"2017070621001004150292054660","subject":"\u7518\u5357\u5168\u666f","buyer_email":"136330198@qq.com","gmt_create":"2017-07-06 14:28:38","notify_type":"trade_status_sync","quantity":"1","out_trade_no":"LX-17062215135522401-d","seller_id":"2088421286007493","notify_time":"2017-10-07 14:29:05","body":"2017\u5e74\u72ec\u5bb6  \u62c9\u535c\u695e\u5bfa-\u624e\u5c15\u90a3-\u82b1\u6e56-\u5e74\u5b9d\u7389\u5219-\u82e5\u5c14\u76d6\u8349\u539f-\u963f\u4e07\u4ed3\u6e7f\u5730-\u5c15\u6d77\u6e56-\u90ce\u6728\u5bfa 8\u65e5\u6e38","trade_status":"TRADE_FINISHED","is_total_fee_adjust":"N","total_fee":"3280.00","gmt_payment":"2017-07-06 14:28:46","seller_email":"2287684289@qq.com","gmt_close":"2017-10-07 14:29:05","price":"3280.00","buyer_id":"2088702964061155","notify_id":"93c1c487c0e6f98f43a673b24fc5b2bh5q","use_coupon":"N","sign_type":"MD5","sign":"1fb362c5d2eca22d7af8b8195bb7c4b5"}
[2017-10-07 14:29:06][info] 数据存储反馈成功！
[2017-10-07 14:29:06][info] success
[2017-10-07 14:29:06][info] 写入结束!!!
[2017-10-07 18:58:59][info] ----------------------------------------
[2017-10-07 18:58:59][info] {"discount":"0.00","payment_type":"1","trade_no":"2017070621001004640299434561","subject":"\u4e09\u6c5f\u6e90\u6df1\u5ea6\u5927\u73af\u7ebf","buyer_email":"teacher_200510@126.com","gmt_create":"2017-07-06 18:57:43","notify_type":"trade_status_sync","quantity":"1","out_trade_no":"LX-17070618162816706-a","seller_id":"2088421286007493","notify_time":"2017-10-07 18:58:58","body":"2017\u5e74\u7518\u5357-\u5e74\u5b9d\u7389\u5219-\u8272\u8fbe-\u4e94\u660e\u4f5b\u5b66\u9662-\u5ddd\u85cf\u5317\u7ebf\u3001\u751f\u547d\u51c0\u571f\u4e09\u6c5f\u6e90-\u9102\u9675\u6e56 \u624e\u9675\u6e5612\u65e5\u4eba\u6587\u884c\u6444\u4e4b\u65c5\uff01","trade_status":"TRADE_FINISHED","is_total_fee_adjust":"N","total_fee":"3400.00","gmt_payment":"2017-07-06 18:57:59","seller_email":"2287684289@qq.com","gmt_close":"2017-10-07 18:58:58","price":"3400.00","buyer_id":"2088002344251647","notify_id":"24c3bea55bda16ed309adffa93f4a56kxu","use_coupon":"N","sign_type":"MD5","sign":"0a71118499087c25720071d85cfe5d2b"}
[2017-10-07 18:58:59][info] 数据存储反馈成功！
[2017-10-07 18:58:59][info] success
[2017-10-07 18:58:59][info] 写入结束!!!
[2017-10-07 21:43:59][info] ----------------------------------------
[2017-10-07 21:43:59][info] {"discount":"0.00","payment_type":"1","trade_no":"2017070621001004500262460661","subject":"\u4e1d\u7ef8\u4e4b\u8def\u7ecf\u5178\u4e5d\u65e5","buyer_email":"13820588985","gmt_create":"2017-07-06 21:43:02","notify_type":"trade_status_sync","quantity":"1","out_trade_no":"LX-17062412264232006-3","seller_id":"2088421286007493","notify_time":"2017-10-07 21:43:59","body":"\u6c99\u5c9b-\u9752\u6d77\u6e56-\u8336\u5361\u76d0\u6e56-\u5353\u5c14\u5c71-\u5f20\u6396\u4e39\u971e-\u5609\u5cea\u5173-\u6566\u714c9\u65e5\u6e38","trade_status":"TRADE_FINISHED","is_total_fee_adjust":"N","total_fee":"1800.00","gmt_payment":"2017-07-06 21:43:20","seller_email":"2287684289@qq.com","gmt_close":"2017-10-07 21:43:59","price":"1800.00","buyer_id":"2088402148237500","notify_id":"d88cd27624c131f550e959b5fb64618juy","use_coupon":"N","sign_type":"MD5","sign":"479d2da446664bd0dc30e02201f4a8c6"}
[2017-10-07 21:43:59][info] 数据存储反馈成功！
[2017-10-07 21:43:59][info] success
[2017-10-07 21:43:59][info] 写入结束!!!
[2017-10-07 21:56:58][info] ----------------------------------------
[2017-10-07 21:56:58][info] {"discount":"0.00","payment_type":"1","trade_no":"2017070621001004270213503971","subject":"\u8d35\u5dde\u5168\u666f\u6e38","buyer_email":"flysnow621@yahoo.cn","gmt_create":"2017-07-06 21:56:30","notify_type":"trade_status_sync","quantity":"1","out_trade_no":"LX-17070519052894606-3","seller_id":"2088421286007493","notify_time":"2017-10-07 21:56:58","body":"\u79d8\u5883\u8302\u5170-\u8354\u6ce2-\u9ed4\u4e1c\u5357-\u9547\u8fdc-\u897f\u6c5f\u82d7\u5be8-\u9ec4\u679c\u6811\u6df1\u5ea6\u7eaf\u73a9\u4e5d\u65e5\u6e38","trade_status":"TRADE_FINISHED","is_total_fee_adjust":"N","total_fee":"3050.00","gmt_payment":"2017-07-06 21:56:40","seller_email":"2287684289@qq.com","gmt_close":"2017-10-07 21:56:58","price":"3050.00","buyer_id":"2088002589453273","notify_id":"f81077fc29fc7f5e7561c44f1b16ee2i32","use_coupon":"N","sign_type":"MD5","sign":"750835fb55d8639f9ff0f6f19022c606"}
[2017-10-07 21:56:58][info] 数据存储反馈成功！
[2017-10-07 21:56:58][info] success
[2017-10-07 21:56:58][info] 写入结束!!!
