[2017-10-20 09:15:00][info] ----------------------------------------
[2017-10-20 09:15:00][info] {"discount":"0.00","payment_type":"1","trade_no":"2017071921001004510239185706","subject":"\u65b0\u7586\u5168\u666f","buyer_email":"15298468387","gmt_create":"2017-07-19 08:47:33","notify_type":"trade_status_sync","quantity":"1","out_trade_no":"LX-17070410571215506-c","seller_id":"2088421286007493","notify_time":"2017-10-20 09:15:00","body":"\u5580\u7eb3\u65af-\u79be\u6728-\u8d5b\u91cc\u6728\u6e56-\u85b0\u8863\u8349\u519c\u573a-\u5580\u62c9\u5cfb-\u90a3\u62c9\u63d0-\u5df4\u97f3\u5e03\u9c81\u514b-\u6c5f\u5e03\u62c9\u514b-\u4e94\u5f69\u6ee9-\u5410\u9c81\u756a13\u65e5\u6e38","trade_status":"TRADE_FINISHED","is_total_fee_adjust":"N","total_fee":"10600.00","gmt_payment":"2017-07-19 09:14:20","seller_email":"2287684289@qq.com","gmt_close":"2017-10-20 09:15:00","price":"10600.00","buyer_id":"2088902934794519","notify_id":"2a8b25008de364185ca04a8741cd0e9jxq","use_coupon":"N","sign_type":"MD5","sign":"fb7c78254ce10a4e837954776cc293f9"}
[2017-10-20 09:15:00][info] 数据存储反馈成功！
[2017-10-20 09:15:00][info] success
[2017-10-20 09:15:00][info] 写入结束!!!
[2017-10-20 09:16:00][info] ----------------------------------------
[2017-10-20 09:16:00][info] {"discount":"0.00","payment_type":"1","trade_no":"2017071921001004510239186695","subject":"\u65b0\u7586\u5168\u666f","buyer_email":"15298468387","gmt_create":"2017-07-19 09:15:03","notify_type":"trade_status_sync","quantity":"1","out_trade_no":"LX-17071410235179006-6","seller_id":"2088421286007493","notify_time":"2017-10-20 09:16:00","body":"\u5580\u7eb3\u65af-\u79be\u6728-\u8d5b\u91cc\u6728\u6e56-\u85b0\u8863\u8349\u519c\u573a-\u5580\u62c9\u5cfb-\u90a3\u62c9\u63d0-\u5df4\u97f3\u5e03\u9c81\u514b-\u6c5f\u5e03\u62c9\u514b-\u4e94\u5f69\u6ee9-\u5410\u9c81\u756a13\u65e5\u6e38","trade_status":"TRADE_FINISHED","is_total_fee_adjust":"N","total_fee":"2650.00","gmt_payment":"2017-07-19 09:15:12","seller_email":"2287684289@qq.com","gmt_close":"2017-10-20 09:16:00","price":"2650.00","buyer_id":"2088902934794519","notify_id":"cecae1eac54bf851daea8daf9e2b240jxq","use_coupon":"N","sign_type":"MD5","sign":"6abaf7d61d6d7926cdb5c52d6e2f486e"}
[2017-10-20 09:16:00][info] 数据存储反馈成功！
[2017-10-20 09:16:00][info] success
[2017-10-20 09:16:00][info] 写入结束!!!
[2017-10-20 09:17:00][info] ----------------------------------------
[2017-10-20 09:17:00][info] {"discount":"0.00","payment_type":"1","trade_no":"2017071921001004510239191898","subject":"\u65b0\u7586\u5168\u666f","buyer_email":"15298468387","gmt_create":"2017-07-19 09:15:55","notify_type":"trade_status_sync","quantity":"1","out_trade_no":"LX-17070807211461406-9","seller_id":"2088421286007493","notify_time":"2017-10-20 09:17:00","body":"\u5580\u7eb3\u65af-\u79be\u6728-\u8d5b\u91cc\u6728\u6e56-\u85b0\u8863\u8349\u519c\u573a-\u5580\u62c9\u5cfb-\u90a3\u62c9\u63d0-\u5df4\u97f3\u5e03\u9c81\u514b-\u6c5f\u5e03\u62c9\u514b-\u4e94\u5f69\u6ee9-\u5410\u9c81\u756a13\u65e5\u6e38","trade_status":"TRADE_FINISHED","is_total_fee_adjust":"N","total_fee":"2650.00","gmt_payment":"2017-07-19 09:16:03","seller_email":"2287684289@qq.com","gmt_close":"2017-10-20 09:17:00","price":"2650.00","buyer_id":"2088902934794519","notify_id":"1853330556547e96896098014143668jxq","use_coupon":"N","sign_type":"MD5","sign":"7d12c16c2d85c3fdbd993f15373026dc"}
[2017-10-20 09:17:00][info] 数据存储反馈成功！
[2017-10-20 09:17:00][info] success
[2017-10-20 09:17:00][info] 写入结束!!!
[2017-10-20 09:45:32][info] ----------------------------------------
[2017-10-20 09:45:32][info] {"discount":"0.00","payment_type":"1","trade_no":"2017102021001004460289911801","subject":"\u79e6\u5df4\u79cb\u8272","buyer_email":"ljcai60@hotmail.com","gmt_create":"2017-10-20 09:44:32","notify_type":"trade_status_sync","quantity":"1","out_trade_no":"LX-17101910461034806-3","seller_id":"2088421286007493","notify_time":"2017-10-20 09:45:32","body":"\u9ec4\u67cf\u586c-\u5149\u96fe\u5c71-\u79e6\u5cad\u91d1\u4e1d\u7334-\u5927\u7bad\u6c9f-\u5927\u5c0f\u5170\u6c9f-\u5341\u516b\u6708\u6f6d\u79cb\u8272\u6444\u5f717\u65e5","trade_status":"TRADE_SUCCESS","is_total_fee_adjust":"N","total_fee":"7000.00","gmt_payment":"2017-10-20 09:45:31","seller_email":"2287684289@qq.com","price":"7000.00","buyer_id":"2088002928806465","notify_id":"c991bc958b2f500cc3a515d835c6935jju","use_coupon":"N","sign_type":"MD5","sign":"23a8b8e1de5fe43d59f1e537569be795"}
[2017-10-20 09:45:32][info] 数据存储反馈成功！
[2017-10-20 09:45:32][info] success
[2017-10-20 09:45:32][info] 写入结束!!!
[2017-10-20 10:12:02][info] ----------------------------------------
[2017-10-20 10:12:02][info] {"discount":"0.00","payment_type":"1","trade_no":"2017071921001004730318738208","subject":"\u7518\u5357\u5168\u666f","buyer_email":"oupeiyu@mail.xjtu.edu.cn","gmt_create":"2017-07-19 10:11:02","notify_type":"trade_status_sync","quantity":"1","out_trade_no":"LX-17070523075188201-a","seller_id":"2088421286007493","notify_time":"2017-10-20 10:12:02","body":"2017\u5e74\u72ec\u5bb6  \u62c9\u535c\u695e\u5bfa-\u624e\u5c15\u90a3-\u82b1\u6e56-\u5e74\u5b9d\u7389\u5219-\u82e5\u5c14\u76d6\u8349\u539f-\u963f\u4e07\u4ed3\u6e7f\u5730-\u5c15\u6d77\u6e56-\u90ce\u6728\u5bfa 8\u65e5\u6e38","trade_status":"TRADE_FINISHED","is_total_fee_adjust":"N","total_fee":"4320.00","gmt_payment":"2017-07-19 10:11:19","seller_email":"2287684289@qq.com","gmt_close":"2017-10-20 10:12:02","price":"4320.00","buyer_id":"2088102116686731","notify_id":"0c493c16c0fba0569b9d1305949f13clmv","use_coupon":"N","sign_type":"MD5","sign":"34e2b02511b5df3e996d66d7d54a6e99"}
[2017-10-20 10:12:02][info] 数据存储反馈成功！
[2017-10-20 10:12:02][info] success
[2017-10-20 10:12:02][info] 写入结束!!!
[2017-10-20 11:36:01][info] ----------------------------------------
[2017-10-20 11:36:01][info] {"discount":"0.00","payment_type":"1","trade_no":"2017071921001004100254293303","subject":"\u4e1d\u8def\u5dc5\u5cf0\u4f53\u9a8c\u4e5d\u65e5\u6e38B\u7ebf","buyer_email":"sha_sha1013@163.com","gmt_create":"2017-07-19 11:34:52","notify_type":"trade_status_sync","quantity":"1","out_trade_no":"LX-17071718495688306-5","seller_id":"2088421286007493","notify_time":"2017-10-20 11:36:01","body":"\u9752\u6d77\u6e56-\u8336\u5361\u76d0\u6e56-\u9e23\u6c99\u5c71\u6708\u7259\u6cc9-\u83ab\u9ad8\u7a9f-\u96c5\u4e39\u9b54\u9b3c\u57ce-\u5609\u5cea\u5173-\u5f20\u6396\u4e39\u971e-\u9a6c\u8e44\u5bfa-\u5353\u5c14\u5c71\u8f7b\u5962\u52a8\u8f669\u65e5\u6e38","trade_status":"TRADE_FINISHED","is_total_fee_adjust":"N","total_fee":"14270.00","gmt_payment":"2017-07-19 11:35:38","seller_email":"2287684289@qq.com","gmt_close":"2017-10-20 11:36:01","price":"14270.00","buyer_id":"2088002315049101","notify_id":"25c2c84f4e5ee19b93bcd9a83292775gru","use_coupon":"N","sign_type":"MD5","sign":"95e0dfaa48b71b69e9a2619e92618e94"}
[2017-10-20 11:36:02][info] 数据存储反馈成功！
[2017-10-20 11:36:02][info] success
[2017-10-20 11:36:02][info] 写入结束!!!
[2017-10-20 13:02:07][info] ----------------------------------------
[2017-10-20 13:02:07][info] {"discount":"0.00","payment_type":"1","trade_no":"2017071921001004160266806545","subject":"\u4e1d\u8def\u5dc5\u5cf0\u4f53\u9a8c\u5341\u65e5\u6e38","buyer_email":"rockets6@163.com","gmt_create":"2017-07-19 13:01:14","notify_type":"trade_status_sync","quantity":"1","out_trade_no":"LX-17062115463139201-9","seller_id":"2088421286007493","notify_time":"2017-10-20 13:02:07","body":"\u9752\u6d77\u6e56-\u8336\u5361\u76d0\u6e56-\u6c99\u5c9b-\u7941\u8fde-\u5f20\u6396\u4e39\u971e-\u5609\u5cea\u5173-\u6566\u714c\u5341\u65e5\u6e38","trade_status":"TRADE_FINISHED","is_total_fee_adjust":"N","total_fee":"4190.00","gmt_payment":"2017-07-19 13:01:31","seller_email":"2287684289@qq.com","gmt_close":"2017-10-20 13:02:07","price":"4190.00","buyer_id":"2088002838772166","notify_id":"516cf9c97e7740c0f4735ebaf940187h8i","use_coupon":"N","sign_type":"MD5","sign":"8b80a2fbc7f57e4203ccd71ae3ca0a99"}
[2017-10-20 13:02:07][info] 数据存储反馈成功！
[2017-10-20 13:02:07][info] success
[2017-10-20 13:02:07][info] 写入结束!!!
[2017-10-20 13:07:50][info] ----------------------------------------
[2017-10-20 13:07:50][info] {"discount":"0.00","payment_type":"1","trade_no":"2017071921001004000268528569","subject":"\u4e1d\u7ef8\u4e4b\u8def\u5168\u666f\u6e389\u65e5","buyer_email":"838292091@qq.com","gmt_create":"2017-07-19 13:06:46","notify_type":"trade_status_sync","quantity":"1","out_trade_no":"LX-17071911150664306-2","seller_id":"2088421286007493","notify_time":"2017-10-20 13:07:50","body":"\u72ec\u5bb6\u6c34\u4e0a\u9b54\u9b3c\u57ce-\u65e0\u4eba\u533a\u539f\u751f\u6001\u96c5\u4e39\u63a2\u79d8-\u9752\u6d77\u6e56-\u8336\u5361\u76d0\u6e56-\u83ab\u9ad8\u7a9f-\u9e23\u6c99\u5c71\u6708\u7259\u6cc9-\u5f20\u6396\u4e39\u971e-\u5353\u5c14\u5c719\u65e5\u6e38","trade_status":"TRADE_FINISHED","is_total_fee_adjust":"N","total_fee":"3780.00","gmt_payment":"2017-07-19 13:07:00","seller_email":"2287684289@qq.com","gmt_close":"2017-10-20 13:07:50","price":"3780.00","buyer_id":"2088902045022008","notify_id":"24cb300989292c67188cdecbe1e4904g02","use_coupon":"N","sign_type":"MD5","sign":"2ee12e581fbcce024ea8df40e7ae1198"}
[2017-10-20 13:07:50][info] 数据存储反馈成功！
[2017-10-20 13:07:50][info] success
[2017-10-20 13:07:50][info] 写入结束!!!
[2017-10-20 14:30:00][info] ----------------------------------------
[2017-10-20 14:30:00][info] {"discount":"0.00","payment_type":"1","trade_no":"2017071921001004700319440656","subject":"\u65b0\u7586\u7cbe\u534e","buyer_email":"mayflower_tang@hotmail.com","gmt_create":"2017-07-19 14:29:10","notify_type":"trade_status_sync","quantity":"1","out_trade_no":"LX-17061721450815406-0","seller_id":"2088421286007493","notify_time":"2017-10-20 14:30:00","body":"\u5929\u5c71\u5929\u6c60-\u5580\u7eb3\u65af-\u79be\u6728-\u4e94\u5f69\u6ee9-\u8d5b\u91cc\u6728\u6e56-\u85b0\u8863\u8349\u5e84\u56ed-\u90a3\u62c9\u63d0-\u5df4\u97f3\u5e03\u9c81\u514b-\u5410\u9c81\u756a11\u65e5\u6e38","trade_status":"TRADE_FINISHED","is_total_fee_adjust":"N","total_fee":"9090.00","gmt_payment":"2017-07-19 14:29:45","seller_email":"2287684289@qq.com","gmt_close":"2017-10-20 14:29:59","price":"9090.00","buyer_id":"2088002215618704","notify_id":"52ce7c24956bcd772547361bc4031d3lej","use_coupon":"N","sign_type":"MD5","sign":"74bf9ea81e0d363c6f6b4eb2035f1913"}
[2017-10-20 14:30:00][info] 数据存储反馈成功！
[2017-10-20 14:30:00][info] success
[2017-10-20 14:30:00][info] 写入结束!!!
[2017-10-20 15:30:57][info] ----------------------------------------
[2017-10-20 15:30:57][info] {"discount":"0.00","payment_type":"1","trade_no":"2017071921001004680316777592","subject":"\u4e1d\u8def\u5dc5\u5cf0\u4f53\u9a8c\u4e5d\u65e5\u6e38B\u7ebf","buyer_email":"wgf_07@163.com","gmt_create":"2017-07-19 15:29:34","notify_type":"trade_status_sync","quantity":"1","out_trade_no":"LX-17071914524687301-2","seller_id":"2088421286007493","notify_time":"2017-10-20 15:30:57","body":"\u9752\u6d77\u6e56-\u8336\u5361\u76d0\u6e56-\u9e23\u6c99\u5c71\u6708\u7259\u6cc9-\u83ab\u9ad8\u7a9f-\u96c5\u4e39\u9b54\u9b3c\u57ce-\u5609\u5cea\u5173-\u5f20\u6396\u4e39\u971e-\u9a6c\u8e44\u5bfa-\u5353\u5c14\u5c71\u8f7b\u5962\u52a8\u8f669\u65e5\u6e38","trade_status":"TRADE_FINISHED","is_total_fee_adjust":"N","total_fee":"6120.00","gmt_payment":"2017-07-19 15:30:40","seller_email":"2287684289@qq.com","gmt_close":"2017-10-20 15:30:57","price":"6120.00","buyer_id":"2088902025538684","notify_id":"9a770e1ee2768bca0114f41e5df3ef5l8z","use_coupon":"N","sign_type":"MD5","sign":"db5b3c853d7e81b2e8b2727d3ba2c934"}
[2017-10-20 15:30:57][info] 数据存储反馈成功！
[2017-10-20 15:30:57][info] success
[2017-10-20 15:30:57][info] 写入结束!!!
[2017-10-20 16:02:07][info] ----------------------------------------
[2017-10-20 16:02:07][info] {"discount":"0.00","payment_type":"1","trade_no":"2017071921001004990267831920","subject":"\u4e1d\u7ef8\u4e4b\u8def\u7cbe\u534e\u4e03\u65e5\u6e38","buyer_email":"mrtata@163.com","gmt_create":"2017-07-19 16:01:01","notify_type":"trade_status_sync","quantity":"1","out_trade_no":"LX-17071515051717306-9","seller_id":"2088421286007493","notify_time":"2017-10-20 16:02:07","body":"2017\u5e74\u9752\u6d77\u6e56-\u8336\u5361\u76d0\u6e56-\u6566\u714c-\u5609\u5cea\u5173-\u5f20\u6396\u4e39\u971e\u4e03\u65e5\u6e38","trade_status":"TRADE_FINISHED","is_total_fee_adjust":"N","total_fee":"2470.00","gmt_payment":"2017-07-19 16:01:14","seller_email":"2287684289@qq.com","gmt_close":"2017-10-20 16:02:07","price":"2470.00","buyer_id":"2088302607170994","notify_id":"6792ff3caae880cda0da72c5cf37428nn2","use_coupon":"N","sign_type":"MD5","sign":"4c47e53fd82715ccf1064b6c3a4cc15b"}
[2017-10-20 16:02:07][info] 数据存储反馈成功！
[2017-10-20 16:02:07][info] success
[2017-10-20 16:02:07][info] 写入结束!!!
[2017-10-20 19:09:53][info] ----------------------------------------
[2017-10-20 19:09:53][info] {"discount":"0.00","payment_type":"1","trade_no":"2017071921001004020286838708","subject":"\u7518\u5357\u5168\u666f","buyer_email":"13776516208","gmt_create":"2017-07-19 19:09:09","notify_type":"trade_status_sync","quantity":"1","out_trade_no":"LX-1707191855079706-9","seller_id":"2088421286007493","notify_time":"2017-10-20 19:09:53","body":"2017\u5e74\u72ec\u5bb6  \u62c9\u535c\u695e\u5bfa-\u624e\u5c15\u90a3-\u82b1\u6e56-\u5e74\u5b9d\u7389\u5219-\u82e5\u5c14\u76d6\u8349\u539f-\u963f\u4e07\u4ed3\u6e7f\u5730-\u5c15\u6d77\u6e56-\u90ce\u6728\u5bfa 8\u65e5\u6e38","trade_status":"TRADE_FINISHED","is_total_fee_adjust":"N","total_fee":"3280.00","gmt_payment":"2017-07-19 19:09:24","seller_email":"2287684289@qq.com","gmt_close":"2017-10-20 19:09:52","price":"3280.00","buyer_id":"2088212907522020","notify_id":"242c7b465603112fc7601709c75d747g5m","use_coupon":"N","sign_type":"MD5","sign":"41ea368d02553398753c4d7ff60f2cc6"}
[2017-10-20 19:09:53][info] 数据存储反馈成功！
[2017-10-20 19:09:53][info] success
[2017-10-20 19:09:53][info] 写入结束!!!
[2017-10-20 19:40:00][info] ----------------------------------------
[2017-10-20 19:40:00][info] {"discount":"0.00","payment_type":"1","trade_no":"2017071921001004890271657246","subject":"\u4e1d\u8def\u5dc5\u5cf0\u4f53\u9a8c\u4e5d\u65e5\u6e38B\u7ebf","buyer_email":"18192166868","gmt_create":"2017-07-19 19:39:24","notify_type":"trade_status_sync","quantity":"1","out_trade_no":"LX-17071919263879001-2","seller_id":"2088421286007493","notify_time":"2017-10-20 19:40:00","body":"\u9752\u6d77\u6e56-\u8336\u5361\u76d0\u6e56-\u9e23\u6c99\u5c71\u6708\u7259\u6cc9-\u83ab\u9ad8\u7a9f-\u96c5\u4e39\u9b54\u9b3c\u57ce-\u5609\u5cea\u5173-\u5f20\u6396\u4e39\u971e-\u9a6c\u8e44\u5bfa-\u5353\u5c14\u5c71\u8f7b\u5962\u52a8\u8f669\u65e5\u6e38","trade_status":"TRADE_FINISHED","is_total_fee_adjust":"N","total_fee":"5170.00","gmt_payment":"2017-07-19 19:39:45","seller_email":"2287684289@qq.com","gmt_close":"2017-10-20 19:40:00","price":"5170.00","buyer_id":"2088902449292898","notify_id":"287b44ddf310e92cc48b3c93a3c65d2mva","use_coupon":"N","sign_type":"MD5","sign":"43cc3df0e42cdeb118cb81e09cd9fa7b"}
[2017-10-20 19:40:00][info] 数据存储反馈成功！
[2017-10-20 19:40:00][info] success
[2017-10-20 19:40:00][info] 写入结束!!!
[2017-10-20 21:54:53][info] ----------------------------------------
[2017-10-20 21:54:53][info] {"discount":"0.00","payment_type":"1","trade_no":"2017071921001004820273560998","subject":"\u5580\u7eb3\u65af\u4e4b\u590f","buyer_email":"13501662636","gmt_create":"2017-07-19 21:52:58","notify_type":"trade_status_sync","quantity":"1","out_trade_no":"LX-17070509592921201-9","seller_id":"2088421286007493","notify_time":"2017-10-20 21:54:53","body":"2017\u5e747\uff5e8\u6708 \u5929\u5c71\u5929\u6c60-\u5410\u9c81\u756a-\u5580\u7eb3\u65af-\u767d\u54c8\u5df4-\u4e94\u5f69\u6ee9-\u9b54\u9b3c\u57ce-\u79be\u6728\u6df1\u5ea6\u4e5d\u65e5\u6e38","trade_status":"TRADE_FINISHED","is_total_fee_adjust":"N","total_fee":"9160.00","gmt_payment":"2017-07-19 21:54:43","seller_email":"2287684289@qq.com","gmt_close":"2017-10-20 21:54:53","price":"9160.00","buyer_id":"2088102574260829","notify_id":"292d7f3c988546af10d28e065f55983mbu","use_coupon":"N","sign_type":"MD5","sign":"7e1cec2764d9f21987c0dcaecd6f7f16"}
[2017-10-20 21:54:53][info] 数据存储反馈成功！
[2017-10-20 21:54:53][info] success
[2017-10-20 21:54:53][info] 写入结束!!!
