[2017-08-26 11:36:59][info] ----------------------------------------
[2017-08-26 11:36:59][info] {"discount":"0.00","payment_type":"1","trade_no":"2017082621001004830208769059","subject":"\u7518\u5357\u5168\u666f","buyer_email":"13641260979","gmt_create":"2017-08-26 11:36:36","notify_type":"trade_status_sync","quantity":"1","out_trade_no":"LX-17082611124836701-4","seller_id":"2088421286007493","notify_time":"2017-08-26 11:36:59","body":"2017\u5e74\u72ec\u5bb6  \u62c9\u535c\u695e\u5bfa-\u624e\u5c15\u90a3-\u82b1\u6e56-\u5e74\u5b9d\u7389\u5219-\u82e5\u5c14\u76d6\u8349\u539f-\u963f\u4e07\u4ed3\u6e7f\u5730-\u5c15\u6d77\u6e56-\u90ce\u6728\u5bfa 8\u65e5\u6e38","trade_status":"TRADE_SUCCESS","is_total_fee_adjust":"N","total_fee":"6180.00","gmt_payment":"2017-08-26 11:36:59","seller_email":"2287684289@qq.com","price":"6180.00","buyer_id":"2088612274058830","notify_id":"72c6fb78fe3c5eae7fb2b1107b36724mem","use_coupon":"N","sign_type":"MD5","sign":"0d60f99e4f22fa3c1a2725b93cdb8c8b"}
[2017-08-26 11:36:59][info] 数据存储反馈成功！
[2017-08-26 11:36:59][info] success
[2017-08-26 11:36:59][info] 写入结束!!!
[2017-08-26 14:46:01][info] ----------------------------------------
[2017-08-26 14:46:01][info] {"discount":"0.00","payment_type":"1","trade_no":"2017052521001004700228642750","subject":"\u65b0\u7586\u62fe\u5149\u5168\u666f\u5199\u771f\u65c5\u884c","buyer_email":"343749762@qq.com","gmt_create":"2017-05-25 14:45:33","notify_type":"trade_status_sync","quantity":"1","out_trade_no":"LX-17052415433946406-a","seller_id":"2088421286007493","notify_time":"2017-08-26 14:46:00","body":"\u4e4c\u9c81\u6728\u9f50-\u4e94\u5f69\u6ee9-\u5e03\u5c14\u6d25-\u5580\u7eb3\u65af-\u79be\u6728-\u9b54\u9b3c\u57ce-\u8d5b\u91cc\u6728\u6e56-\u89e3\u5fe7\u516c\u4e3b\u85b0\u8863\u8349\u519c\u573a-\u5580\u62c9\u5cfb-\u5df4\u97f3\u5e03\u9c81\u514b-\u535a\u65af\u817e\u6e56-\u5e93\u6728\u5854\u683c\u6c99\u6f2014\u65e5\u6e38","trade_status":"TRADE_FINISHED","is_total_fee_adjust":"N","total_fee":"5530.00","gmt_payment":"2017-05-25 14:45:40","seller_email":"2287684289@qq.com","gmt_close":"2017-08-26 14:46:00","price":"5530.00","buyer_id":"2088702581696705","notify_id":"b1ea8857bf78ce27296dfee5fa4ccf5lei","use_coupon":"N","sign_type":"MD5","sign":"28371f3bf95e75b89e5d5067c66b2863"}
[2017-08-26 14:46:01][info] 数据存储反馈成功！
[2017-08-26 14:46:01][info] success
[2017-08-26 14:46:01][info] 写入结束!!!
[2017-08-26 15:15:57][info] ----------------------------------------
[2017-08-26 15:15:57][info] {"discount":"0.00","payment_type":"1","trade_no":"2017082621001004140296588126","subject":"\u5317\u7586\u91d1\u79cb\u7ecf\u5178\u73af\u7ebf","buyer_email":"ninglibeibei163@126.com","gmt_create":"2017-08-26 15:15:49","notify_type":"trade_status_sync","quantity":"1","out_trade_no":"LX-17082514131473306-e","seller_id":"2088421286007493","notify_time":"2017-08-26 15:15:57","body":"\u5580\u7eb3\u65af-\u767d\u54c8\u5df4-\u79be\u6728-\u4e94\u5f69\u6ee9-\u9b54\u9b3c\u57ce-\u53ef\u53ef\u6258\u6d77 9\u65e5\u6df1\u5ea6\u6e38","trade_status":"TRADE_SUCCESS","is_total_fee_adjust":"N","total_fee":"19320.00","gmt_payment":"2017-08-26 15:15:56","seller_email":"2287684289@qq.com","price":"19320.00","buyer_id":"2088002058739145","notify_id":"261ba1ce0d9a87e64ba106301ac25ach2y","use_coupon":"N","sign_type":"MD5","sign":"8164221c1a62460c572560f6752ae1f2"}
[2017-08-26 15:15:57][info] 数据存储反馈成功！
[2017-08-26 15:15:57][info] success
[2017-08-26 15:15:57][info] 写入结束!!!
[2017-08-26 15:30:04][info] ----------------------------------------
[2017-08-26 15:30:04][info] {"discount":"0.00","payment_type":"1","trade_no":"2017052521001004530249860043","subject":"\u65b0\u7586\u62fe\u5149\u5168\u666f\u5199\u771f\u65c5\u884c","buyer_email":"13640713870","gmt_create":"2017-05-25 15:29:05","notify_type":"trade_status_sync","quantity":"1","out_trade_no":"LX-17052416042961206-9","seller_id":"2088421286007493","notify_time":"2017-08-26 15:30:04","body":"\u4e4c\u9c81\u6728\u9f50-\u4e94\u5f69\u6ee9-\u5e03\u5c14\u6d25-\u5580\u7eb3\u65af-\u79be\u6728-\u9b54\u9b3c\u57ce-\u8d5b\u91cc\u6728\u6e56-\u89e3\u5fe7\u516c\u4e3b\u85b0\u8863\u8349\u519c\u573a-\u5580\u62c9\u5cfb-\u5df4\u97f3\u5e03\u9c81\u514b-\u535a\u65af\u817e\u6e56-\u5e93\u6728\u5854\u683c\u6c99\u6f2014\u65e5\u6e38","trade_status":"TRADE_FINISHED","is_total_fee_adjust":"N","total_fee":"11060.00","gmt_payment":"2017-05-25 15:29:17","seller_email":"2287684289@qq.com","gmt_close":"2017-08-26 15:30:04","price":"11060.00","buyer_id":"2088502568126533","notify_id":"74ddc30aac544ad19b01f6c4d157374k3a","use_coupon":"N","sign_type":"MD5","sign":"e6484c0f174b6ff2c93ab0fa52b5ae0e"}
[2017-08-26 15:30:04][info] 数据存储反馈成功！
[2017-08-26 15:30:04][info] success
[2017-08-26 15:30:04][info] 写入结束!!!
[2017-08-26 15:31:27][info] ----------------------------------------
[2017-08-26 15:31:27][info] {"discount":"0.00","payment_type":"1","trade_no":"2017082621001004680213440603","subject":"\u7518\u5357\u5168\u666f","buyer_email":"xuyh@hkbea.com","gmt_create":"2017-08-26 15:31:17","notify_type":"trade_status_sync","quantity":"1","out_trade_no":"LX-170826151629606-9","seller_id":"2088421286007493","notify_time":"2017-08-26 15:31:27","body":"2017\u5e74\u72ec\u5bb6  \u62c9\u535c\u695e\u5bfa-\u624e\u5c15\u90a3-\u82b1\u6e56-\u5e74\u5b9d\u7389\u5219-\u82e5\u5c14\u76d6\u8349\u539f-\u963f\u4e07\u4ed3\u6e7f\u5730-\u5c15\u6d77\u6e56-\u90ce\u6728\u5bfa 8\u65e5\u6e38","trade_status":"TRADE_SUCCESS","is_total_fee_adjust":"N","total_fee":"3380.00","gmt_payment":"2017-08-26 15:31:26","seller_email":"2287684289@qq.com","price":"3380.00","buyer_id":"2088002444229683","notify_id":"09f5776bca3b5b2908dd4e4f16bf294l8y","use_coupon":"N","sign_type":"MD5","sign":"1ba19f42d5602d765d004fb28ae21ea8"}
[2017-08-26 15:31:27][info] 数据存储反馈成功！
[2017-08-26 15:31:27][info] success
[2017-08-26 15:31:27][info] 写入结束!!!
[2017-08-26 21:25:58][info] ----------------------------------------
[2017-08-26 21:25:58][info] {"discount":"0.00","payment_type":"1","trade_no":"2017052521001004100252896451","subject":"\u65b0\u7586\u62fe\u5149\u5168\u666f\u5199\u771f\u65c5\u884c","buyer_email":"haixinrp@163.com","gmt_create":"2017-05-25 21:25:08","notify_type":"trade_status_sync","quantity":"1","out_trade_no":"LX-17052418562854906-7","seller_id":"2088421286007493","notify_time":"2017-08-26 21:25:58","body":"\u4e4c\u9c81\u6728\u9f50-\u4e94\u5f69\u6ee9-\u5e03\u5c14\u6d25-\u5580\u7eb3\u65af-\u79be\u6728-\u9b54\u9b3c\u57ce-\u8d5b\u91cc\u6728\u6e56-\u89e3\u5fe7\u516c\u4e3b\u85b0\u8863\u8349\u519c\u573a-\u5580\u62c9\u5cfb-\u5df4\u97f3\u5e03\u9c81\u514b-\u535a\u65af\u817e\u6e56-\u5e93\u6728\u5854\u683c\u6c99\u6f2014\u65e5\u6e38","trade_status":"TRADE_FINISHED","is_total_fee_adjust":"N","total_fee":"5630.00","gmt_payment":"2017-05-25 21:25:19","seller_email":"2287684289@qq.com","gmt_close":"2017-08-26 21:25:58","price":"5630.00","buyer_id":"2088302243509101","notify_id":"302cd7595cc031708aea336f7110b92gru","use_coupon":"N","sign_type":"MD5","sign":"994c1849db618c5e8c039782d604ab8b"}
[2017-08-26 21:25:58][info] 数据存储反馈成功！
[2017-08-26 21:25:58][info] success
[2017-08-26 21:25:58][info] 写入结束!!!
