[2017-09-24 08:37:36][info] ----------------------------------------
[2017-09-24 08:37:36][info] {"discount":"0.00","payment_type":"1","trade_no":"2017092421001004010540964504","subject":"\u5317\u7586\u91d1\u79cb\u7ecf\u5178\u73af\u7ebf","buyer_email":"13881793761","gmt_create":"2017-09-24 08:36:33","notify_type":"trade_status_sync","quantity":"1","out_trade_no":"LX-17090510020649001-8","seller_id":"2088421286007493","notify_time":"2017-09-24 08:37:36","body":"\u5580\u7eb3\u65af-\u767d\u54c8\u5df4-\u79be\u6728-\u4e94\u5f69\u6ee9-\u9b54\u9b3c\u57ce-\u53ef\u53ef\u6258\u6d77 9\u65e5\u6df1\u5ea6\u6e38","trade_status":"TRADE_SUCCESS","is_total_fee_adjust":"N","total_fee":"5030.00","gmt_payment":"2017-09-24 08:37:36","seller_email":"2287684289@qq.com","price":"5030.00","buyer_id":"2088502622626010","notify_id":"2bc8bc4692233ac037e27dcbd6681eeg2x","use_coupon":"N","sign_type":"MD5","sign":"8ccec93ce76000354b23b62e5a051c14"}
[2017-09-24 08:37:37][info] 数据存储反馈成功！
[2017-09-24 08:37:37][info] success
[2017-09-24 08:37:37][info] 写入结束!!!
[2017-09-24 08:53:52][info] ----------------------------------------
[2017-09-24 08:53:52][info] {"discount":"0.00","payment_type":"1","trade_no":"2017092421001004190531654670","subject":"\u8eba\u7740\u53bb\u8d4f\u79cb","buyer_email":"18501078187","gmt_create":"2017-09-24 08:53:44","notify_type":"trade_status_sync","quantity":"1","out_trade_no":"LX-17090110545086001-b","seller_id":"2088421286007493","notify_time":"2017-09-24 08:53:52","body":"2017\u5e74\u989d\u6d4e\u7eb3\u65d7\u80e1\u6768\u67976\u65e5 \u897f\u5b89\u51fa\u53d1 \u53cc\u5367\u706b\u8f66\u56e2","trade_status":"TRADE_SUCCESS","is_total_fee_adjust":"N","total_fee":"4570.00","gmt_payment":"2017-09-24 08:53:52","seller_email":"2287684289@qq.com","price":"4570.00","buyer_id":"2088712656299199","notify_id":"4ee785fbcc43d96aaa61684fa0bbbf9hgx","use_coupon":"N","sign_type":"MD5","sign":"6a253505e8eeb854093a8331f84dffbe"}
[2017-09-24 08:53:52][info] 数据存储反馈成功！
[2017-09-24 08:53:52][info] success
[2017-09-24 08:53:52][info] 写入结束!!!
[2017-09-24 09:22:12][info] ----------------------------------------
[2017-09-24 09:22:12][info] {"discount":"0.00","payment_type":"1","trade_no":"2017062321001004190252045834","subject":"\u884c\u6444\u7518\u5357","buyer_email":"15934135961","gmt_create":"2017-06-23 09:21:07","notify_type":"trade_status_sync","quantity":"1","out_trade_no":"LX-17062220470242106-f","seller_id":"2088421286007493","notify_time":"2017-09-24 09:22:12","body":"2017\u5e74\u5e74\u5b9d\u7389\u5219-\u624e\u5c15\u90a3-\u90ce\u6728\u5bfa-\u5510\u514b-\u62c9\u535c\u695e\u5bfa-\u82e5\u5c14\u76d6\u4e5d\u65e5\u6444\u5f71\u6e38-\u9886\u8896\u6237\u5916\u72ec\u5bb6\u7ebf\u8def","trade_status":"TRADE_FINISHED","is_total_fee_adjust":"N","total_fee":"1790.00","gmt_payment":"2017-06-23 09:21:14","seller_email":"2287684289@qq.com","gmt_close":"2017-09-24 09:22:12","price":"1790.00","buyer_id":"2088302064765193","notify_id":"8c1db63b699d3a7af9091c0565e7c54hgu","use_coupon":"N","sign_type":"MD5","sign":"117622f69c5fcbe4d9045f013e39b614"}
[2017-09-24 09:22:12][info] 数据存储反馈成功！
[2017-09-24 09:22:12][info] success
[2017-09-24 09:22:12][info] 写入结束!!!
[2017-09-24 10:44:54][info] ----------------------------------------
[2017-09-24 10:44:54][info] {"discount":"0.00","payment_type":"1","trade_no":"2017062321001004840226441471","subject":"\u65b0\u7586\u5168\u666f","buyer_email":"lixiongwei@tom.com","gmt_create":"2017-06-23 10:42:29","notify_type":"trade_status_sync","quantity":"1","out_trade_no":"LX-17061413585259206-1","seller_id":"2088421286007493","notify_time":"2017-09-24 10:44:54","body":"\u6c5f\u5e03\u62c9\u514b-\u4e94\u5f69\u6ee9-\u5580\u7eb3\u65af-\u79be\u6728-\u8d5b\u91cc\u6728\u6e56-\u85b0\u8863\u8349\u519c\u573a-\u5580\u62c9\u5cfb-\u90a3\u62c9\u63d0-\u5df4\u97f3\u5e03\u9c81\u514b-\u5410\u9c81\u756a13\u65e5\u6e38","trade_status":"TRADE_FINISHED","is_total_fee_adjust":"N","total_fee":"18670.00","gmt_payment":"2017-06-23 10:44:08","seller_email":"2287684289@qq.com","gmt_close":"2017-09-24 10:44:54","price":"18670.00","buyer_id":"2088102636855846","notify_id":"399d5f9e45a45e90b27c715a24f61ecmhe","use_coupon":"N","sign_type":"MD5","sign":"053d22350664fb9411393c20105b0de3"}
[2017-09-24 10:44:54][info] 数据存储反馈成功！
[2017-09-24 10:44:54][info] success
[2017-09-24 10:44:54][info] 写入结束!!!
[2017-09-24 14:18:36][info] ----------------------------------------
[2017-09-24 14:18:36][info] {"discount":"0.00","payment_type":"1","trade_no":"2017092421001004210250707786","subject":"\u989d\u6d4e\u7eb3\u5168\u666f","buyer_email":"ni-hong1@163.com","gmt_create":"2017-09-24 14:18:12","notify_type":"trade_status_sync","quantity":"1","out_trade_no":"LX-17082515234676906-0","seller_id":"2088421286007493","notify_time":"2017-09-24 14:18:36","body":"\u989d\u6d4e\u7eb3\u80e1\u6768\u6797-\u6566\u714c\u5168\u666f-\u5df4\u4e39\u5409\u6797-\u5f20\u6396\u4e39\u971e-\u5609\u5cea\u5173-\u91d1\u5854\u80e1\u6768\u6797-\u52a8\u8f668\u65e5","trade_status":"TRADE_SUCCESS","is_total_fee_adjust":"N","total_fee":"9452.50","gmt_payment":"2017-09-24 14:18:36","seller_email":"2287684289@qq.com","price":"9452.50","buyer_id":"2088002820474214","notify_id":"c8a98e6f5f539560bc629058592e9e0hme","use_coupon":"N","sign_type":"MD5","sign":"cc92aad89f0e8767daf1e34110eca933"}
[2017-09-24 14:18:37][info] 数据存储反馈成功！
[2017-09-24 14:18:37][info] success
[2017-09-24 14:18:37][info] 写入结束!!!
[2017-09-24 14:38:27][info] ----------------------------------------
[2017-09-24 14:38:27][info] {"discount":"0.00","payment_type":"1","trade_no":"2017092421001004900514657769","subject":"\u5927\u7f8e\u8272\u7a3b","buyer_email":"wytingzhu@163.com","gmt_create":"2017-09-24 14:36:56","notify_type":"trade_status_sync","quantity":"1","out_trade_no":"LX-17092319585799506-b","seller_id":"2088421286007493","notify_time":"2017-09-24 14:38:27","body":"\u8272\u8fbe-\u7a3b\u57ce\u4e9a\u4e01-\u65b0\u90fd\u68659\u65e5\u5927\u73af\u7ebf","trade_status":"TRADE_SUCCESS","is_total_fee_adjust":"N","total_fee":"4280.00","gmt_payment":"2017-09-24 14:38:27","seller_email":"2287684289@qq.com","price":"4280.00","buyer_id":"2088002107947905","notify_id":"1034cb76ae28cfdb090471d98a9b033my5","use_coupon":"N","sign_type":"MD5","sign":"cd64e2b42cb6895326f0b07d906d4003"}
[2017-09-24 14:38:28][info] 数据存储反馈成功！
[2017-09-24 14:38:28][info] success
[2017-09-24 14:38:28][info] 写入结束!!!
[2017-09-24 15:02:33][info] ----------------------------------------
[2017-09-24 15:02:33][info] {"discount":"0.00","payment_type":"1","trade_no":"2017092421001004910514683544","subject":"\u7518\u5357\u5168\u666f","buyer_email":"13632911582","gmt_create":"2017-09-24 15:02:15","notify_type":"trade_status_sync","quantity":"1","out_trade_no":"LX-1709241441212406-3","seller_id":"2088421286007493","notify_time":"2017-09-24 15:02:33","body":"2017\u5e74\u72ec\u5bb6  \u62c9\u535c\u695e\u5bfa-\u624e\u5c15\u90a3-\u82b1\u6e56-\u5e74\u5b9d\u7389\u5219-\u82e5\u5c14\u76d6\u8349\u539f-\u963f\u4e07\u4ed3\u6e7f\u5730-\u5c15\u6d77\u6e56-\u90ce\u6728\u5bfa 8\u65e5\u6e38","trade_status":"TRADE_SUCCESS","is_total_fee_adjust":"N","total_fee":"3380.00","gmt_payment":"2017-09-24 15:02:33","seller_email":"2287684289@qq.com","price":"3380.00","buyer_id":"2088112238448919","notify_id":"9ffd577129af6559f7725278b00ad86n0x","use_coupon":"N","sign_type":"MD5","sign":"e41e6b1a85ddd12fe444cae4483f8ac2"}
[2017-09-24 15:02:33][info] 数据存储反馈成功！
[2017-09-24 15:02:33][info] success
[2017-09-24 15:02:33][info] 写入结束!!!
[2017-09-24 16:21:56][info] ----------------------------------------
[2017-09-24 16:21:56][info] {"discount":"0.00","payment_type":"1","trade_no":"2017092421001004580215724910","subject":"\u989d\u6d4e\u7eb3\u5168\u666f","buyer_email":"nic123xw@163.com","gmt_create":"2017-09-24 16:21:48","notify_type":"trade_status_sync","quantity":"1","out_trade_no":"LX-17091022014577206-7","seller_id":"2088421286007493","notify_time":"2017-09-24 16:21:56","body":"\u989d\u6d4e\u7eb3\u80e1\u6768\u6797-\u6566\u714c\u5168\u666f-\u5df4\u4e39\u5409\u6797-\u5f20\u6396\u4e39\u971e-\u5609\u5cea\u5173-\u91d1\u5854\u80e1\u6768\u6797-\u52a8\u8f668\u65e5","trade_status":"TRADE_SUCCESS","is_total_fee_adjust":"N","total_fee":"2040.00","gmt_payment":"2017-09-24 16:21:55","seller_email":"2287684289@qq.com","price":"2040.00","buyer_id":"2088002338698582","notify_id":"228071182444f719b540ea7cda9651ekh6","use_coupon":"N","sign_type":"MD5","sign":"66f7d09db4f3853cf42fdcc04c6e8e86"}
[2017-09-24 16:21:56][info] 数据存储反馈成功！
[2017-09-24 16:21:56][info] success
[2017-09-24 16:21:56][info] 写入结束!!!
[2017-09-24 16:23:51][info] ----------------------------------------
[2017-09-24 16:23:51][info] {"discount":"0.00","payment_type":"1","trade_no":"2017062321001004010287324024","subject":"\u7518\u5357\u5168\u666f","buyer_email":"13306415189","gmt_create":"2017-06-23 16:23:12","notify_type":"trade_status_sync","quantity":"1","out_trade_no":"LX-17053018141699206-c","seller_id":"2088421286007493","notify_time":"2017-09-24 16:23:51","body":"2017\u5e74\u72ec\u5bb6  \u516b\u89d2\u57ce-\u624e\u5c15\u90a3-\u82b1\u6e56-\u5e74\u5b9d\u7389\u5219-\u82e5\u5c14\u76d6\u8349\u539f-\u963f\u4e07\u4ed3\u6e7f\u5730-\u90ce\u6728\u5bfa 8\u65e5\u6e38","trade_status":"TRADE_FINISHED","is_total_fee_adjust":"N","total_fee":"2880.00","gmt_payment":"2017-06-23 16:23:26","seller_email":"2287684289@qq.com","gmt_close":"2017-09-24 16:23:51","price":"2880.00","buyer_id":"2088522250801018","notify_id":"cf5d37771c870c6246c963f38239548g2u","use_coupon":"N","sign_type":"MD5","sign":"d0eee35e7ecbcb6eaf3b35fab92f0cb7"}
[2017-09-24 16:23:51][info] 数据存储反馈成功！
[2017-09-24 16:23:51][info] success
[2017-09-24 16:23:51][info] 写入结束!!!
[2017-09-24 16:48:00][info] ----------------------------------------
[2017-09-24 16:48:00][info] {"discount":"0.00","payment_type":"1","trade_no":"2017062321001004440290542507","subject":"\u575d\u4e0a\u7a7f\u8d8a\u7ebf","buyer_email":"13823662142","gmt_create":"2017-06-23 16:47:12","notify_type":"trade_status_sync","quantity":"1","out_trade_no":"LX-17061519515748706-6","seller_id":"2088421286007493","notify_time":"2017-09-24 16:48:00","body":"6-9\u6708 \u73a9\u8f6c\u5185\u8499\uff0c\u5e26\u4f60\u8d8a\u91ce\u7a7f\u884c\u65e0\u4eba\u533a\uff1a\u4e4c\u5170\u5e03\u7edf\u8349\u539f-\u897f\u62c9\u6c90\u6ca6\u5927\u5ce1\u8c37-\u8fbe\u91cc\u6e56-\u6d51\u5584\u8fbe\u514b\u6c99\u5730-\u7389\u9f99\u6c99\u6e56 7\u65e5\u6df1\u5ea6\u884c\uff01\uff08\u72ec\u5bb6\u7cbe\u5f69\u5168\u666f\u7a7f\u8d8a\uff09","trade_status":"TRADE_FINISHED","is_total_fee_adjust":"N","total_fee":"8540.00","gmt_payment":"2017-06-23 16:47:44","seller_email":"2287684289@qq.com","gmt_close":"2017-09-24 16:48:00","price":"8540.00","buyer_id":"2088112205480441","notify_id":"c8250770ae4508eb8d3701290954b10jea","use_coupon":"N","sign_type":"MD5","sign":"4e61d9227e9edf84af0ac827fbf9dc6a"}
[2017-09-24 16:48:00][info] 数据存储反馈成功！
[2017-09-24 16:48:00][info] success
[2017-09-24 16:48:00][info] 写入结束!!!
[2017-09-24 16:59:18][info] ----------------------------------------
[2017-09-24 16:59:18][info] {"discount":"0.00","payment_type":"1","trade_no":"2017092321001004910511774791","subject":"\u4e91\u5357\u79d8\u5883","buyer_email":"624361160@qq.com","gmt_create":"2017-09-23 12:00:37","notify_type":"trade_status_sync","quantity":"1","out_trade_no":"LX-17090709404516506-e","seller_id":"2088421286007493","notify_time":"2017-09-24 16:59:17","body":"\u63a2\u79d8\u6012\u6c5f-\u72ec\u9f99\u6c5f\u5927\u5ce1\u8c37-\u4e16\u5916\u6843\u6e90\u4e19\u4e2d\u6d1b-\u5bfb\u627e\u4e0e\u4e16\u9694\u7edd\u7684\u7eb9\u9762\u59739\u65e5\u6df1\u5ea6\u6e38","trade_status":"TRADE_SUCCESS","is_total_fee_adjust":"N","total_fee":"1940.00","gmt_payment":"2017-09-24 16:59:17","seller_email":"2287684289@qq.com","price":"1940.00","buyer_id":"2088702887182913","notify_id":"a2e0d067b75e43d9f087efbc3327083n0x","use_coupon":"N","sign_type":"MD5","sign":"a3d99de60a11f6c197b1a57aa671d163"}
[2017-09-24 16:59:18][info] 数据存储反馈成功！
[2017-09-24 16:59:18][info] success
[2017-09-24 16:59:18][info] 写入结束!!!
[2017-09-24 18:25:23][info] ----------------------------------------
[2017-09-24 18:25:23][info] {"discount":"0.00","payment_type":"1","trade_no":"2017092421001004430250008747","subject":"\u989d\u6d4e\u7eb3\u6444\u5f71A","buyer_email":"18945008828","gmt_create":"2017-09-24 18:24:47","notify_type":"trade_status_sync","quantity":"1","out_trade_no":"LX-17092219154865506-7","seller_id":"2088421286007493","notify_time":"2017-09-24 18:25:23","body":"\u4ed9\u7c73\u5f69\u6797-\u989d\u6d4e\u7eb3\u80e1\u6768\u6797-\u5f20\u6396\u4e39\u971e-\u91d1\u5854\u80e1\u6768\u6797-\u9ed1\u6c34\u57ce-\u5c45\u5ef6\u6d77-\u5609\u5cea\u5173\u52a8\u8f66\u8fd4\u7a0b7\u65e5\u6e38","trade_status":"TRADE_SUCCESS","is_total_fee_adjust":"N","total_fee":"11940.00","gmt_payment":"2017-09-24 18:25:23","seller_email":"2287684289@qq.com","price":"11940.00","buyer_id":"2088702455447433","notify_id":"4079f96b1efa1e85ed0155d332318bbjbi","use_coupon":"N","sign_type":"MD5","sign":"0eab06f494db4bb74b0ed58c3c6dffc1"}
[2017-09-24 18:25:23][info] 数据存储反馈成功！
[2017-09-24 18:25:23][info] success
[2017-09-24 18:25:23][info] 写入结束!!!
[2017-09-24 19:04:07][info] ----------------------------------------
[2017-09-24 19:04:07][info] {"discount":"0.00","payment_type":"1","trade_no":"2017062321001004510292913875","subject":"\u7518\u5357\u5168\u666f","buyer_email":"13815174978","gmt_create":"2017-06-23 19:02:57","notify_type":"trade_status_sync","quantity":"1","out_trade_no":"LX-17062317053353406-3","seller_id":"2088421286007493","notify_time":"2017-09-24 19:04:07","body":"2017\u5e74\u72ec\u5bb6  \u516b\u89d2\u57ce-\u624e\u5c15\u90a3-\u82b1\u6e56-\u5e74\u5b9d\u7389\u5219-\u82e5\u5c14\u76d6\u8349\u539f-\u963f\u4e07\u4ed3\u6e7f\u5730-\u90ce\u6728\u5bfa 8\u65e5\u6e38","trade_status":"TRADE_FINISHED","is_total_fee_adjust":"N","total_fee":"3280.00","gmt_payment":"2017-06-23 19:03:09","seller_email":"2287684289@qq.com","gmt_close":"2017-09-24 19:04:07","price":"3280.00","buyer_id":"2088012737960519","notify_id":"12c822b9ae736ed1b6ae25684ce793ajxq","use_coupon":"N","sign_type":"MD5","sign":"c863ad337a14b975e9551d4089b1ab99"}
[2017-09-24 19:04:07][info] 数据存储反馈成功！
[2017-09-24 19:04:07][info] success
[2017-09-24 19:04:07][info] 写入结束!!!
[2017-09-24 20:18:04][info] ----------------------------------------
[2017-09-24 20:18:04][info] {"discount":"0.00","payment_type":"1","trade_no":"2017092421001004080533794546","subject":"\u5317\u7586\u91d1\u79cb\u7ecf\u5178\u73af\u7ebf","buyer_email":"13651021675","gmt_create":"2017-09-24 20:17:44","notify_type":"trade_status_sync","quantity":"1","out_trade_no":"LX-1709132243278806-0","seller_id":"2088421286007493","notify_time":"2017-09-24 20:18:03","body":"\u5580\u7eb3\u65af-\u767d\u54c8\u5df4-\u79be\u6728-\u4e94\u5f69\u6ee9-\u9b54\u9b3c\u57ce-\u53ef\u53ef\u6258\u6d77 9\u65e5\u6df1\u5ea6\u6e38","trade_status":"TRADE_SUCCESS","is_total_fee_adjust":"N","total_fee":"5030.00","gmt_payment":"2017-09-24 20:18:03","seller_email":"2287684289@qq.com","price":"5030.00","buyer_id":"2088022502829084","notify_id":"fc238dbdf58b0b5a13eb3d0795ec151gmd","use_coupon":"N","sign_type":"MD5","sign":"91bdf6cf4d1ef0a009cb174997a4a51b"}
[2017-09-24 20:18:04][info] 数据存储反馈成功！
[2017-09-24 20:18:04][info] success
[2017-09-24 20:18:04][info] 写入结束!!!
[2017-09-24 21:25:09][info] ----------------------------------------
[2017-09-24 21:25:09][info] {"discount":"0.00","payment_type":"1","trade_no":"2017092421001004540201847193","subject":"\u5317\u7586\u91d1\u79cb\u7ecf\u5178\u73af\u7ebf","buyer_email":"gushenbisheng@163.com","gmt_create":"2017-09-24 21:24:59","notify_type":"trade_status_sync","quantity":"1","out_trade_no":"LX-17090815500024001-8","seller_id":"2088421286007493","notify_time":"2017-09-24 21:25:09","body":"\u5580\u7eb3\u65af-\u767d\u54c8\u5df4-\u79be\u6728-\u4e94\u5f69\u6ee9-\u9b54\u9b3c\u57ce-\u53ef\u53ef\u6258\u6d77 9\u65e5\u6df1\u5ea6\u6e38","trade_status":"TRADE_SUCCESS","is_total_fee_adjust":"N","total_fee":"6320.00","gmt_payment":"2017-09-24 21:25:08","seller_email":"2287684289@qq.com","price":"6320.00","buyer_id":"2088002666940540","notify_id":"f092e493bed94d51099b6b669f09bc3k62","use_coupon":"N","sign_type":"MD5","sign":"890caad8eb9cdf2c11c457d2e271f02f"}
[2017-09-24 21:25:09][info] 数据存储反馈成功！
[2017-09-24 21:25:09][info] success
[2017-09-24 21:25:09][info] 写入结束!!!
[2017-09-24 22:24:49][info] ----------------------------------------
[2017-09-24 22:24:49][info] {"discount":"0.00","payment_type":"1","trade_no":"2017092421001004570205326829","subject":"\u7a3b\u57ce\u91d1\u79cb","buyer_email":"6129962@qq.com","gmt_create":"2017-09-24 22:24:37","notify_type":"trade_status_sync","quantity":"1","out_trade_no":"LX-17091420024571801-b","seller_id":"2088421286007493","notify_time":"2017-09-24 22:24:49","body":"\u7a3b\u57ce\u4e9a\u4e01-\u65b0\u90fd\u6865-\u4e39\u5df4-\u56db\u59d1\u5a18\u5c71\u4e5d\u65e5\u6df1\u5ea6\u6e38","trade_status":"TRADE_SUCCESS","is_total_fee_adjust":"N","total_fee":"3880.00","gmt_payment":"2017-09-24 22:24:49","seller_email":"2287684289@qq.com","price":"3880.00","buyer_id":"2088102604281570","notify_id":"d6aa255b4a6cdbb470e0c48ee1bd53bkee","use_coupon":"N","sign_type":"MD5","sign":"773d6199523adf4570599dd14dac7b21"}
[2017-09-24 22:24:49][info] 数据存储反馈成功！
[2017-09-24 22:24:49][info] success
[2017-09-24 22:24:49][info] 写入结束!!!
