[2017-02-22 10:11:35][info] ----------------------------------------
[2017-02-22 10:11:35][info] {"out_trade_no":"123213","trade_no":"kdpoqwkdpqwkd","total_fee":"0.01","notify_time":"1486475700"}
[2017-02-22 10:11:35][info] 数据存储反馈失败！
[2017-02-22 10:11:35][info] 写入结束!!!
[2017-02-22 10:12:31][info] ----------------------------------------
[2017-02-22 10:12:31][info] {"out_trade_no":"123213","trade_no":"kdpoqwkdpqwkd","total_fee":"0.01","notify_time":"1486475700"}
[2017-02-22 10:12:31][info] 数据存储反馈失败！
[2017-02-22 10:12:31][info] 写入结束!!!
[2017-02-22 10:21:15][info] ----------------------------------------
[2017-02-22 10:21:15][info] {"out_trade_no":"123213","trade_no":"kdpoqwkdpqwkd","total_fee":"0.01","notify_time":"1486475700"}
[2017-02-22 10:21:16][error] [,file:/lxdata/wwwroot/test.quxingshe.com/inf/alipay.php,line:57,function:ERROR]数据存储反馈失败！
[2017-02-22 10:21:16][info] "success"
[2017-02-22 10:21:16][info] 写入结束!!!
[2017-02-22 10:26:44][info] ----------------------------------------
[2017-02-22 10:26:44][info] {"out_trade_no":"123213","trade_no":"kdpoqwkdpqwkd","total_fee":"0.01","notify_time":"1486475700"}
[2017-02-22 10:26:45][error] [,file:/lxdata/wwwroot/test.quxingshe.com/inf/alipay.php,line:57,function:ERROR]数据存储反馈失败！
[2017-02-22 10:26:45][info] "success"
[2017-02-22 10:26:45][info] 写入结束!!!
[2017-02-22 10:28:25][info] ----------------------------------------
[2017-02-22 10:28:25][info] {"out_trade_no":"123213","trade_no":"kdpoqwkdpqwkd","total_fee":"0.01","notify_time":"1486475700"}
[2017-02-22 10:28:26][warn] 数据存储反馈失败！
[2017-02-22 10:28:26][info] "success"
[2017-02-22 10:28:26][info] 写入结束!!!
[2017-02-22 10:34:50][info] ----------------------------------------
[2017-02-22 10:34:50][info] {"out_trade_no":"123213","trade_no":"kdpoqwkdpqwkd","total_fee":"0.01","notify_time":"1486475700"}
[2017-02-22 10:34:51][info] 数据存储反馈成功！
[2017-02-22 10:34:51][info] success
[2017-02-22 10:34:51][info] 写入结束!!!
[2017-02-22 11:17:26][info] ----------------------------------------
[2017-02-22 11:17:26][info] {"discount":"0.00","payment_type":"1","subject":"\u3010\u989d\u6d4e\u7eb3\u5168\u666f\u6e38\u30112016\u56fd\u5e86\u989d\u6d4e\u7eb3\u80e1\u6768\u6797...","trade_no":"2017022221001004030294475248","buyer_email":"15249227398","gmt_create":"2017-02-22 11:17:19","notify_type":"trade_status_sync","quantity":"1","out_trade_no":"LX-16091913451252786-2","seller_id":"2088421286007493","notify_time":"2017-02-22 11:17:26","body":"\u989d\u6d4e\u7eb3\u5168\u666f\u6e38","trade_status":"TRADE_SUCCESS","is_total_fee_adjust":"N","total_fee":"0.01","gmt_payment":"2017-02-22 11:17:26","seller_email":"2287684289@qq.com","price":"0.01","buyer_id":"2088802626475035","notify_id":"cb270b0000c790242f8ca9a7a50cba8g8e","use_coupon":"N","sign_type":"MD5","sign":"b9b2171c43d319d5039560996a4512cd"}
[2017-02-22 11:17:27][info] 数据存储反馈成功！
[2017-02-22 11:17:27][info] success
[2017-02-22 11:17:27][info] 写入结束!!!
