[2017-08-19 07:52:54][info] ----------------------------------------
[2017-08-19 07:52:54][info] {"discount":"0.00","payment_type":"1","trade_no":"2017051821001004260232340705","subject":"\u8d35\u5dde\u5168\u666f\u6e38","buyer_email":"wante2011@163.com","gmt_create":"2017-05-18 07:51:22","notify_type":"trade_status_sync","quantity":"1","out_trade_no":"LX-17051618311546106-4","seller_id":"2088421286007493","notify_time":"2017-08-19 07:52:54","body":"\u79d8\u5883\u8302\u5170-\u8354\u6ce2-\u9ed4\u4e1c\u5357-\u9547\u8fdc-\u897f\u6c5f\u82d7\u5be8-\u9ec4\u679c\u6811\u6df1\u5ea6\u7eaf\u73a9\u4e5d\u65e5\u6e38","trade_status":"TRADE_FINISHED","is_total_fee_adjust":"N","total_fee":"8560.00","gmt_payment":"2017-05-18 07:52:02","seller_email":"2287684289@qq.com","gmt_close":"2017-08-19 07:52:54","price":"8560.00","buyer_id":"2088712147718264","notify_id":"755ce12688b2e0fd6c3deb01955f024i0a","use_coupon":"N","sign_type":"MD5","sign":"c61a2055fdb7091fa70a3b7b049a3a63"}
[2017-08-19 07:52:55][info] 数据存储反馈成功！
[2017-08-19 07:52:55][info] success
[2017-08-19 07:52:55][info] 写入结束!!!
[2017-08-19 10:50:54][info] ----------------------------------------
[2017-08-19 10:50:54][info] {"discount":"0.00","payment_type":"1","trade_no":"2017051821001004240228897530","subject":"\u4e1d\u7ef8\u4e4b\u8def\u5dc5\u5cf0\u4f53\u9a8c9\u65e5\u6e38","buyer_email":"xiaohong2000@126.com","gmt_create":"2017-05-18 10:48:40","notify_type":"trade_status_sync","quantity":"1","out_trade_no":"LX-17051221372112406-4","seller_id":"2088421286007493","notify_time":"2017-08-19 10:50:53","body":"\u6c99\u5c9b-\u9752\u6d77\u6e56-\u8336\u5361\u76d0\u6e56-\u7941\u8fde-\u5f20\u6396-\u5609\u5cea\u5173-\u6566\u714c9\u65e5\u6e38","trade_status":"TRADE_FINISHED","is_total_fee_adjust":"N","total_fee":"17600.00","gmt_payment":"2017-05-18 10:50:29","seller_email":"2287684289@qq.com","gmt_close":"2017-08-19 10:50:53","price":"17600.00","buyer_id":"2088002900274244","notify_id":"cdd8c9d0b6edf2b54ee9cd0fd735d78huq","use_coupon":"N","sign_type":"MD5","sign":"f5754363c59cc99e9cb589a7405cfa14"}
[2017-08-19 10:50:54][info] 数据存储反馈成功！
[2017-08-19 10:50:54][info] success
[2017-08-19 10:50:54][info] 写入结束!!!
[2017-08-19 11:08:45][info] ----------------------------------------
[2017-08-19 11:08:45][info] {"discount":"0.00","payment_type":"1","trade_no":"2017081921001004260502861875","subject":"\u65b0\u7586\u5168\u666f","buyer_email":"hacat8055@163.com","gmt_create":"2017-08-19 11:08:21","notify_type":"trade_status_sync","quantity":"1","out_trade_no":"LX-17081910581994206-a","seller_id":"2088421286007493","notify_time":"2017-08-19 11:08:45","body":"\u5580\u7eb3\u65af-\u79be\u6728-\u8d5b\u91cc\u6728\u6e56-\u85b0\u8863\u8349\u519c\u573a-\u5580\u62c9\u5cfb-\u90a3\u62c9\u63d0-\u5df4\u97f3\u5e03\u9c81\u514b-\u6c5f\u5e03\u62c9\u514b-\u4e94\u5f69\u6ee9-\u5410\u9c81\u756a13\u65e5\u6e38","trade_status":"TRADE_SUCCESS","is_total_fee_adjust":"N","total_fee":"6880.00","gmt_payment":"2017-08-19 11:08:45","seller_email":"2287684289@qq.com","price":"6880.00","buyer_id":"2088002752801263","notify_id":"16d78298bb6a9881014c1a8e82b4e56i0d","use_coupon":"N","sign_type":"MD5","sign":"c756c6724c619b43d6b4b660518b9fd2"}
[2017-08-19 11:08:45][info] 数据存储反馈成功！
[2017-08-19 11:08:45][info] success
[2017-08-19 11:08:45][info] 写入结束!!!
[2017-08-19 11:38:51][info] ----------------------------------------
[2017-08-19 11:38:51][info] {"discount":"0.00","payment_type":"1","trade_no":"2017051721001004600258964490","subject":"\u4e1d\u7ef8\u4e4b\u8def\u5dc5\u5cf0\u4f53\u9a8c9\u65e5\u6e38","buyer_email":"18688110133","gmt_create":"2017-05-17 20:08:04","notify_type":"trade_status_sync","quantity":"1","out_trade_no":"LX-17051606132519606-7","seller_id":"2088421286007493","notify_time":"2017-08-19 11:38:51","body":"\u6c99\u5c9b-\u9752\u6d77\u6e56-\u8336\u5361\u76d0\u6e56-\u7941\u8fde-\u5f20\u6396-\u5609\u5cea\u5173-\u6566\u714c9\u65e5\u6e38","trade_status":"TRADE_FINISHED","is_total_fee_adjust":"N","total_fee":"8860.00","gmt_payment":"2017-05-18 11:38:46","seller_email":"2287684289@qq.com","gmt_close":"2017-08-19 11:38:51","price":"8860.00","buyer_id":"2088502833806605","notify_id":"69e43b9d88ebfbb49edaa9de51eeb67kmq","use_coupon":"N","sign_type":"MD5","sign":"1bd96f73b55ce43a14bd710fc42816cc"}
[2017-08-19 11:38:51][info] 数据存储反馈成功！
[2017-08-19 11:38:51][info] success
[2017-08-19 11:38:51][info] 写入结束!!!
[2017-08-19 15:29:57][info] ----------------------------------------
[2017-08-19 15:29:57][info] {"discount":"0.00","payment_type":"1","trade_no":"2017051821001004290203555266","subject":"\u4e1d\u7ef8\u4e4b\u8def\u5dc5\u5cf0\u4f53\u9a8c9\u65e5\u6e38","buyer_email":"13502936650","gmt_create":"2017-05-18 15:28:51","notify_type":"trade_status_sync","quantity":"1","out_trade_no":"LX-17051710544084906-e","seller_id":"2088421286007493","notify_time":"2017-08-19 15:29:57","body":"\u6c99\u5c9b-\u9752\u6d77\u6e56-\u8336\u5361\u76d0\u6e56-\u7941\u8fde-\u5f20\u6396-\u5609\u5cea\u5173-\u6566\u714c9\u65e5\u6e38","trade_status":"TRADE_FINISHED","is_total_fee_adjust":"N","total_fee":"4480.00","gmt_payment":"2017-05-18 15:29:36","seller_email":"2287684289@qq.com","gmt_close":"2017-08-19 15:29:57","price":"4480.00","buyer_id":"2088802436580295","notify_id":"c30c25bacb8fb0b1ccc7aa4dd8a2e94i8m","use_coupon":"N","sign_type":"MD5","sign":"b3c5b689f9fd9730780663eb6d4b90de"}
[2017-08-19 15:29:57][info] 数据存储反馈成功！
[2017-08-19 15:29:57][info] success
[2017-08-19 15:29:57][info] 写入结束!!!
[2017-08-19 15:42:17][info] ----------------------------------------
[2017-08-19 15:42:17][info] {"discount":"0.00","payment_type":"1","trade_no":"2017081921001004220503438280","subject":"\u8349\u539f\u7267\u6b4cA\u7ebf","buyer_email":"13161011161","gmt_create":"2017-08-19 15:41:54","notify_type":"trade_status_sync","quantity":"1","out_trade_no":"LX-17081915340039101-5","seller_id":"2088421286007493","notify_time":"2017-08-19 15:42:17","body":"\u6d77\u62c9\u5c14-\u91d1\u5e10\u6c57\u8499\u53e4\u90e8\u843d-\u5ba4\u97e6-\u767d\u6866\u6797-\u9ed1\u5c71\u5934\u9a91\u9a6c\u7a7f\u8d8a-186\u5f69\u5e26\u6cb3\u6ed1\u8349-\u72fc\u5c9b-\u6ee1\u6d32\u91cc5\u65e5\u6e38","trade_status":"TRADE_SUCCESS","is_total_fee_adjust":"N","total_fee":"4960.00","gmt_payment":"2017-08-19 15:42:16","seller_email":"2287684289@qq.com","price":"4960.00","buyer_id":"2088502754783225","notify_id":"ef22a46b27aabb7c52409d7fe603e51hp9","use_coupon":"N","sign_type":"MD5","sign":"015a2e6a25e656cf442a09474cc0fa42"}
[2017-08-19 15:42:17][info] 数据存储反馈成功！
[2017-08-19 15:42:17][info] success
[2017-08-19 15:42:17][info] 写入结束!!!
[2017-08-19 21:14:57][info] ----------------------------------------
[2017-08-19 21:14:57][info] {"discount":"0.00","payment_type":"1","trade_no":"2017051821001004280247804513","subject":"\u4e1d\u7ef8\u4e4b\u8def\u5dc5\u5cf0\u4f53\u9a8c9\u65e5\u6e38","buyer_email":"18951051189@189.cn","gmt_create":"2017-05-18 21:13:09","notify_type":"trade_status_sync","quantity":"1","out_trade_no":"LX-17051812011547306-e","seller_id":"2088421286007493","notify_time":"2017-08-19 21:14:57","body":"\u6c99\u5c9b-\u9752\u6d77\u6e56-\u8336\u5361\u76d0\u6e56-\u7941\u8fde-\u5f20\u6396-\u5609\u5cea\u5173-\u6566\u714c9\u65e5\u6e38","trade_status":"TRADE_FINISHED","is_total_fee_adjust":"N","total_fee":"4480.00","gmt_payment":"2017-05-18 21:14:17","seller_email":"2287684289@qq.com","gmt_close":"2017-08-19 21:14:57","price":"4480.00","buyer_id":"2088602056720280","notify_id":"8cb1af551bf6676ffdfacd271e167b4i5u","use_coupon":"N","sign_type":"MD5","sign":"eea7a3b484aeb2f149809a84b9374e6b"}
[2017-08-19 21:14:57][info] 数据存储反馈成功！
[2017-08-19 21:14:57][info] success
[2017-08-19 21:14:57][info] 写入结束!!!
[2017-08-19 21:26:58][info] ----------------------------------------
[2017-08-19 21:26:58][info] {"discount":"0.00","payment_type":"1","trade_no":"2017051821001004280247807992","subject":"\u4e1d\u7ef8\u4e4b\u8def\u5dc5\u5cf0\u4f53\u9a8c9\u65e5\u6e38","buyer_email":"18951051189@189.cn","gmt_create":"2017-05-18 21:26:24","notify_type":"trade_status_sync","quantity":"1","out_trade_no":"LX-1705041721411006-1","seller_id":"2088421286007493","notify_time":"2017-08-19 21:26:58","body":"\u6c99\u5c9b-\u9752\u6d77\u6e56-\u8336\u5361\u76d0\u6e56-\u7941\u8fde-\u5f20\u6396-\u5609\u5cea\u5173-\u6566\u714c9\u65e5\u6e38","trade_status":"TRADE_FINISHED","is_total_fee_adjust":"N","total_fee":"4240.00","gmt_payment":"2017-05-18 21:26:43","seller_email":"2287684289@qq.com","gmt_close":"2017-08-19 21:26:58","price":"4240.00","buyer_id":"2088602056720280","notify_id":"5478d0217af8973001bce0ee9e5bf12i5u","use_coupon":"N","sign_type":"MD5","sign":"98bfd249190de3e24820b28a0efa1796"}
[2017-08-19 21:26:58][info] 数据存储反馈成功！
[2017-08-19 21:26:58][info] success
[2017-08-19 21:26:58][info] 写入结束!!!
[2017-08-19 22:12:50][info] ----------------------------------------
[2017-08-19 22:12:50][info] {"discount":"0.00","payment_type":"1","trade_no":"2017051821001004200219904771","subject":"\u9999\u683c\u91cc\u62c9\u5927\u73af\u7ebf","buyer_email":"2330606@qq.com","gmt_create":"2017-05-18 22:12:07","notify_type":"trade_status_sync","quantity":"1","out_trade_no":"LX-17043008114243306-c","seller_id":"2088421286007493","notify_time":"2017-08-19 22:12:50","body":"2017\u5e74\u7a3b\u57ce\u4e9a\u4e01-\u6885\u91cc\u96ea\u5c71-\u9999\u683c\u91cc\u62c9-\u4e3d\u6c5f11\u65e5\u6df1\u5ea6\u6e38","trade_status":"TRADE_FINISHED","is_total_fee_adjust":"N","total_fee":"5400.00","gmt_payment":"2017-05-18 22:12:19","seller_email":"2287684289@qq.com","gmt_close":"2017-08-19 22:12:50","price":"5400.00","buyer_id":"2088012017845202","notify_id":"201efcc05a06c7e1344cbd9ac8cef69hjm","use_coupon":"N","sign_type":"MD5","sign":"0b16dbd6566e0c4b7b20fe3b5125d79b"}
[2017-08-19 22:12:50][info] 数据存储反馈成功！
[2017-08-19 22:12:50][info] success
[2017-08-19 22:12:50][info] 写入结束!!!
