[2017-07-20 12:32:46][info] ----------------------------------------
[2017-07-20 12:32:46][info] {"discount":"0.00","payment_type":"1","trade_no":"2017072021001004290218452219","subject":"\u5580\u7eb3\u65af\u4e4b\u590f","buyer_email":"zxcdxx@sina.com","gmt_create":"2017-07-20 12:27:54","notify_type":"trade_status_sync","quantity":"1","out_trade_no":"LX-17071521150876001-e","seller_id":"2088421286007493","notify_time":"2017-07-20 12:32:46","body":"2017\u5e747\uff5e8\u6708 \u5929\u5c71\u5929\u6c60-\u5410\u9c81\u756a-\u5580\u7eb3\u65af-\u767d\u54c8\u5df4-\u4e94\u5f69\u6ee9-\u9b54\u9b3c\u57ce-\u79be\u6728\u6df1\u5ea6\u4e5d\u65e5\u6e38","trade_status":"TRADE_SUCCESS","is_total_fee_adjust":"N","total_fee":"9200.00","gmt_payment":"2017-07-20 12:32:46","seller_email":"2287684289@qq.com","price":"9200.00","buyer_id":"2088102844454297","notify_id":"523fc0d0d764e5f4ddf24194e1bc488i8m","use_coupon":"N","sign_type":"MD5","sign":"28fc87be6b2de905d6e239e8161e8c1d"}
[2017-07-20 12:32:47][info] 数据存储反馈成功！
[2017-07-20 12:32:47][info] success
[2017-07-20 12:32:47][info] 写入结束!!!
[2017-07-20 12:41:37][info] ----------------------------------------
[2017-07-20 12:41:37][info] {"discount":"0.00","payment_type":"1","trade_no":"2017072021001004010235689223","subject":"\u4e1d\u8def\u5dc5\u5cf0\u4f53\u9a8c\u4e5d\u65e5\u6e38B\u7ebf","buyer_email":"13984134725","gmt_create":"2017-07-20 12:40:29","notify_type":"trade_status_sync","quantity":"1","out_trade_no":"LX-17072012173971901-3","seller_id":"2088421286007493","notify_time":"2017-07-20 12:41:37","body":"\u9752\u6d77\u6e56-\u8336\u5361\u76d0\u6e56-\u9e23\u6c99\u5c71\u6708\u7259\u6cc9-\u83ab\u9ad8\u7a9f-\u96c5\u4e39\u9b54\u9b3c\u57ce-\u5609\u5cea\u5173-\u5f20\u6396\u4e39\u971e-\u9a6c\u8e44\u5bfa-\u5353\u5c14\u5c71\u8f7b\u5962\u52a8\u8f669\u65e5\u6e38","trade_status":"TRADE_SUCCESS","is_total_fee_adjust":"N","total_fee":"8300.00","gmt_payment":"2017-07-20 12:41:37","seller_email":"2287684289@qq.com","price":"8300.00","buyer_id":"2088702847893015","notify_id":"aac4bd6293df0d7ed241eb76702393ag2u","use_coupon":"N","sign_type":"MD5","sign":"b8bccb407a4ae41cf661df482a5bd4bb"}
[2017-07-20 12:41:37][info] 数据存储反馈成功！
[2017-07-20 12:41:37][info] success
[2017-07-20 12:41:37][info] 写入结束!!!
[2017-07-20 14:21:17][info] ----------------------------------------
[2017-07-20 14:21:17][info] {"discount":"0.00","payment_type":"1","trade_no":"2017072021001004560285341792","subject":"\u4e1d\u8def\u5dc5\u5cf0\u4f53\u9a8c\u4e5d\u65e5\u6e38B\u7ebf","buyer_email":"3155167@qq.com","gmt_create":"2017-07-20 14:15:38","notify_type":"trade_status_sync","quantity":"1","out_trade_no":"LX-17072014072480101-8","seller_id":"2088421286007493","notify_time":"2017-07-20 14:21:17","body":"\u9752\u6d77\u6e56-\u8336\u5361\u76d0\u6e56-\u9e23\u6c99\u5c71\u6708\u7259\u6cc9-\u83ab\u9ad8\u7a9f-\u96c5\u4e39\u9b54\u9b3c\u57ce-\u5609\u5cea\u5173-\u5f20\u6396\u4e39\u971e-\u9a6c\u8e44\u5bfa-\u5353\u5c14\u5c71\u8f7b\u5962\u52a8\u8f669\u65e5\u6e38","trade_status":"TRADE_SUCCESS","is_total_fee_adjust":"N","total_fee":"20360.00","gmt_payment":"2017-07-20 14:21:16","seller_email":"2287684289@qq.com","price":"20360.00","buyer_id":"2088002090149566","notify_id":"4dedb416e8c3db1aea121859784e0dfkbm","use_coupon":"N","sign_type":"MD5","sign":"88d4f59f42670e8346d5834e3a617385"}
[2017-07-20 14:21:17][info] 数据存储反馈成功！
[2017-07-20 14:21:17][info] success
[2017-07-20 14:21:17][info] 写入结束!!!
[2017-07-20 15:08:53][info] ----------------------------------------
[2017-07-20 15:08:53][info] {"discount":"0.00","payment_type":"1","trade_no":"2017072021001004750281355756","subject":"\u8349\u539f8\u65e5\u73af\u7ebf","buyer_email":"13520347001","gmt_create":"2017-07-20 15:08:42","notify_type":"trade_status_sync","quantity":"1","out_trade_no":"LX-17070714402264206-b","seller_id":"2088421286007493","notify_time":"2017-07-20 15:08:53","body":"\u54c8\u5c14\u6ee8-\u624e\u9f99\u4fdd\u62a4\u533a-\u963f\u8363\u65d7-\u6ee1\u6d32\u91cc-\u5ba4\u97e6-\u963f\u5c14\u5c71-\u957f\u66258\u65e5\u5927\u73af\u7ebf","trade_status":"TRADE_SUCCESS","is_total_fee_adjust":"N","total_fee":"5270.00","gmt_payment":"2017-07-20 15:08:53","seller_email":"2287684289@qq.com","price":"5270.00","buyer_id":"2088222305841759","notify_id":"e216cafdc213db9be25b3b92a15875dlse","use_coupon":"N","sign_type":"MD5","sign":"7db48b7ed72f6df878fc4dc9127b376b"}
[2017-07-20 15:08:54][info] 数据存储反馈成功！
[2017-07-20 15:08:54][info] success
[2017-07-20 15:08:54][info] 写入结束!!!
[2017-07-20 15:21:40][info] ----------------------------------------
[2017-07-20 15:21:40][info] {"discount":"0.00","payment_type":"1","trade_no":"2017072021001004060288265436","subject":"\u8d35\u5dde\u5168\u666f\u6e38","buyer_email":"18663985751","gmt_create":"2017-07-20 15:21:31","notify_type":"trade_status_sync","quantity":"1","out_trade_no":"LX-17072014513934001-1","seller_id":"2088421286007493","notify_time":"2017-07-20 15:21:40","body":"\u897f\u6c5f\u5343\u6237\u82d7\u5be8-\u8354\u6ce2-\u9ed4\u4e1c\u5357-\u9547\u8fdc-\u9ec4\u679c\u6811-\u79d8\u5883\u8302\u5170\u6df1\u5ea6\u7eaf\u73a9\u4e5d\u65e5\u6e38","trade_status":"TRADE_SUCCESS","is_total_fee_adjust":"N","total_fee":"1990.00","gmt_payment":"2017-07-20 15:21:39","seller_email":"2287684289@qq.com","price":"1990.00","buyer_id":"2088622786151064","notify_id":"5bc2e132ab42ecf2885fe277c30d824ggq","use_coupon":"N","sign_type":"MD5","sign":"4270ac01a19e1014ba2a0405d7e60964"}
[2017-07-20 15:21:40][info] 数据存储反馈成功！
[2017-07-20 15:21:40][info] success
[2017-07-20 15:21:40][info] 写入结束!!!
[2017-07-20 19:25:51][info] ----------------------------------------
[2017-07-20 19:25:51][info] {"discount":"0.00","payment_type":"1","trade_no":"2017072021001004810243530698","subject":"\u4e1d\u7ef8\u4e4b\u8def\u7cbe\u534e\u4e03\u65e5\u6e38","buyer_email":"18616838652","gmt_create":"2017-07-20 19:25:44","notify_type":"trade_status_sync","quantity":"1","out_trade_no":"LX-17071908063967306-7","seller_id":"2088421286007493","notify_time":"2017-07-20 19:25:51","body":"2017\u5e74\u9752\u6d77\u6e56-\u8336\u5361\u76d0\u6e56-\u6566\u714c-\u5609\u5cea\u5173-\u5f20\u6396\u4e39\u971e\u4e03\u65e5\u6e38","trade_status":"TRADE_SUCCESS","is_total_fee_adjust":"N","total_fee":"6360.00","gmt_payment":"2017-07-20 19:25:51","seller_email":"2287684289@qq.com","price":"6360.00","buyer_id":"2088902345569818","notify_id":"5271a5a1526a72a26dae54df89b4867m92","use_coupon":"N","sign_type":"MD5","sign":"0097d8a5f5b8f57c8a1691530e9fc657"}
[2017-07-20 19:25:51][info] 数据存储反馈成功！
[2017-07-20 19:25:51][info] success
[2017-07-20 19:25:51][info] 写入结束!!!
[2017-07-20 19:57:00][info] ----------------------------------------
[2017-07-20 19:57:00][info] {"discount":"0.00","payment_type":"1","trade_no":"2017072021001004090231225671","subject":"\u9752\u6d77\u6e56\u73af\u6e565\u65e5\u6df1\u5ea6\u6e38","buyer_email":"easepost@126.com","gmt_create":"2017-07-20 19:56:44","notify_type":"trade_status_sync","quantity":"1","out_trade_no":"LX-17071019095382606-4","seller_id":"2088421286007493","notify_time":"2017-07-20 19:57:00","body":"\u8336\u5361\u3001\u95e8\u6e90\u3001\u7941\u8fde\u3001\u7cbe\u534e300\u00b0\u9752\u6d77\u6e56\u73af\u6e56","trade_status":"TRADE_SUCCESS","is_total_fee_adjust":"N","total_fee":"3720.00","gmt_payment":"2017-07-20 19:57:00","seller_email":"2287684289@qq.com","price":"3720.00","buyer_id":"2088002417636098","notify_id":"38dea0dfbb76b92600c1464ed45ce0agp2","use_coupon":"N","sign_type":"MD5","sign":"ce3dc62aca74c6f42406d579049caecc"}
[2017-07-20 19:57:01][info] 数据存储反馈成功！
[2017-07-20 19:57:01][info] success
[2017-07-20 19:57:01][info] 写入结束!!!
[2017-07-20 20:03:00][info] ----------------------------------------
[2017-07-20 20:03:00][info] {"discount":"0.00","payment_type":"1","trade_no":"2017072021001004790277600988","subject":"\u4e1d\u7ef8\u4e4b\u8def\u7cbe\u534e\u4e03\u65e5\u6e38","buyer_email":"gezi10002@gmail.com","gmt_create":"2017-07-20 20:02:29","notify_type":"trade_status_sync","quantity":"1","out_trade_no":"LX-17071922421658706-e","seller_id":"2088421286007493","notify_time":"2017-07-20 20:03:00","body":"2017\u5e74\u9752\u6d77\u6e56-\u8336\u5361\u76d0\u6e56-\u6566\u714c-\u5609\u5cea\u5173-\u5f20\u6396\u4e39\u971e\u4e03\u65e5\u6e38","trade_status":"TRADE_SUCCESS","is_total_fee_adjust":"N","total_fee":"4120.00","gmt_payment":"2017-07-20 20:02:59","seller_email":"2287684289@qq.com","price":"4120.00","buyer_id":"2088002583477794","notify_id":"a05c1b951aef3a507d5847794e84053m3i","use_coupon":"N","sign_type":"MD5","sign":"08b9dadd7b258a41c7409459e0bab2cb"}
[2017-07-20 20:03:00][info] 数据存储反馈成功！
[2017-07-20 20:03:00][info] success
[2017-07-20 20:03:00][info] 写入结束!!!
[2017-07-20 22:14:58][info] ----------------------------------------
[2017-07-20 22:14:58][info] {"discount":"0.00","payment_type":"1","trade_no":"2017072021001004800270004163","subject":"\u65b0\u7586\u5168\u666f","buyer_email":"827281377@qq.com","gmt_create":"2017-07-20 22:13:57","notify_type":"trade_status_sync","quantity":"1","out_trade_no":"LX-17072014571166601-1","seller_id":"2088421286007493","notify_time":"2017-07-20 22:14:58","body":"\u5580\u7eb3\u65af-\u79be\u6728-\u8d5b\u91cc\u6728\u6e56-\u85b0\u8863\u8349\u519c\u573a-\u5580\u62c9\u5cfb-\u90a3\u62c9\u63d0-\u5df4\u97f3\u5e03\u9c81\u514b-\u6c5f\u5e03\u62c9\u514b-\u4e94\u5f69\u6ee9-\u5410\u9c81\u756a13\u65e5\u6e38","trade_status":"TRADE_SUCCESS","is_total_fee_adjust":"N","total_fee":"5380.00","gmt_payment":"2017-07-20 22:14:58","seller_email":"2287684289@qq.com","price":"5380.00","buyer_id":"2088302059491801","notify_id":"d643db6b1ce72888e8f38210fcd90edm6a","use_coupon":"N","sign_type":"MD5","sign":"47b5d32cb9320f3d7cb9f02a2db7de80"}
[2017-07-20 22:14:59][info] 数据存储反馈成功！
[2017-07-20 22:14:59][info] success
[2017-07-20 22:14:59][info] 写入结束!!!
[2017-07-20 22:22:02][info] ----------------------------------------
[2017-07-20 22:22:02][info] {"discount":"0.00","payment_type":"1","trade_no":"2017072021001004810243879016","subject":"\u4e1d\u7ef8\u4e4b\u8def\u5168\u666f\u6e389\u65e5","buyer_email":"xt.tina@hotmail.com","gmt_create":"2017-07-20 22:18:17","notify_type":"trade_status_sync","quantity":"1","out_trade_no":"LX-17072021394694306-2","seller_id":"2088421286007493","notify_time":"2017-07-20 22:22:01","body":"\u72ec\u5bb6\u6c34\u4e0a\u9b54\u9b3c\u57ce-\u65e0\u4eba\u533a\u539f\u751f\u6001\u96c5\u4e39\u63a2\u79d8-\u9752\u6d77\u6e56-\u8336\u5361\u76d0\u6e56-\u83ab\u9ad8\u7a9f-\u9e23\u6c99\u5c71\u6708\u7259\u6cc9-\u5f20\u6396\u4e39\u971e-\u5353\u5c14\u5c719\u65e5\u6e38","trade_status":"TRADE_SUCCESS","is_total_fee_adjust":"N","total_fee":"3780.00","gmt_payment":"2017-07-20 22:22:01","seller_email":"2287684289@qq.com","price":"3780.00","buyer_id":"2088002045146811","notify_id":"d9a56f91aeea0698fa46433885e1c82m92","use_coupon":"N","sign_type":"MD5","sign":"206c5bac3bc82c589f166d810429cb5d"}
[2017-07-20 22:22:02][info] 数据存储反馈成功！
[2017-07-20 22:22:02][info] success
[2017-07-20 22:22:02][info] 写入结束!!!
[2017-07-20 22:40:21][info] ----------------------------------------
[2017-07-20 22:40:21][info] {"discount":"0.00","payment_type":"1","trade_no":"2017072021001004940217440137","subject":"\u575d\u4e0a\u4f11\u95f2C\u7ebf","buyer_email":"13829765845@126.com","gmt_create":"2017-07-20 22:39:48","notify_type":"trade_status_sync","quantity":"1","out_trade_no":"LX-17071323492079706-3","seller_id":"2088421286007493","notify_time":"2017-07-20 22:40:21","body":"\u7eaf\u575d\u4e0a\u7cbe\u534e\u4e4b\u65c5\uff0c\u55e8\u7ffb\u8349\u539f3\u65e5\u2014\u2014\u6709\u9650\u7684\u5047\u671f\uff0c\u65e0\u9650\u7684\u5feb\u4e50\uff01","trade_status":"TRADE_SUCCESS","is_total_fee_adjust":"N","total_fee":"4584.00","gmt_payment":"2017-07-20 22:40:21","seller_email":"2287684289@qq.com","price":"4584.00","buyer_id":"2088402922565946","notify_id":"f11ca689019ed96b7af6eef5833aab5n96","use_coupon":"N","sign_type":"MD5","sign":"6d0134eda2f4931a84dbcb0275d0e896"}
[2017-07-20 22:40:22][info] 数据存储反馈成功！
[2017-07-20 22:40:22][info] success
[2017-07-20 22:40:22][info] 写入结束!!!
[2017-07-20 23:07:56][info] ----------------------------------------
[2017-07-20 23:07:56][info] {"discount":"0.00","payment_type":"1","trade_no":"2017072021001004400266339041","subject":"\u65b0\u7586\u5168\u666f","buyer_email":"cnnntb@126.com","gmt_create":"2017-07-20 23:07:38","notify_type":"trade_status_sync","quantity":"1","out_trade_no":"LX-1706131254596206-9","seller_id":"2088421286007493","notify_time":"2017-07-20 23:07:56","body":"\u5580\u7eb3\u65af-\u79be\u6728-\u8d5b\u91cc\u6728\u6e56-\u85b0\u8863\u8349\u519c\u573a-\u5580\u62c9\u5cfb-\u90a3\u62c9\u63d0-\u5df4\u97f3\u5e03\u9c81\u514b-\u6c5f\u5e03\u62c9\u514b-\u4e94\u5f69\u6ee9-\u5410\u9c81\u756a13\u65e5\u6e38","trade_status":"TRADE_SUCCESS","is_total_fee_adjust":"N","total_fee":"5530.00","gmt_payment":"2017-07-20 23:07:56","seller_email":"2287684289@qq.com","price":"5530.00","buyer_id":"2088102414568405","notify_id":"cdcdd8db898e1f8d15281df3789c9e4j36","use_coupon":"N","sign_type":"MD5","sign":"0a0ba21763e29aa9d06600491738bc06"}
[2017-07-20 23:07:57][info] 数据存储反馈成功！
[2017-07-20 23:07:57][info] success
[2017-07-20 23:07:57][info] 写入结束!!!
