[2017-10-05 09:55:11][info] ----------------------------------------
[2017-10-05 09:55:11][info] {"discount":"0.00","payment_type":"1","trade_no":"2017100521001004470536178383","subject":"\u5357\u7586\u5370\u8c61","buyer_email":"13102275898","gmt_create":"2017-10-05 09:54:58","notify_type":"trade_status_sync","quantity":"1","out_trade_no":"LX-17100413390874606-9","seller_id":"2088421286007493","notify_time":"2017-10-05 09:55:11","body":"\u8f6e\u53f0\u5854\u91cc\u6728\u80e1\u6768\u6797-\u514b\u5b5c\u5c14\u5343\u4f5b\u6d1e-\u5929\u5c71\u5927\u5ce1\u8c37-\u5580\u4ec0-\u548c\u7530-\u6155\u58eb\u5854\u683c-\u5854\u514b\u62c9\u739b\u5e72\u6c99\u6f2012\u65e5\u4eba\u6587\u98ce\u5149\u6df1\u5ea6\u6e38","trade_status":"TRADE_SUCCESS","is_total_fee_adjust":"N","total_fee":"2490.00","gmt_payment":"2017-10-05 09:55:11","seller_email":"2287684289@qq.com","price":"2490.00","buyer_id":"2088602988755471","notify_id":"021101530d4bfe879e04aadfd7dd7c9jmp","use_coupon":"N","sign_type":"MD5","sign":"7c49218f33d28672d84922206ca908cf"}
[2017-10-05 09:55:11][info] 数据存储反馈成功！
[2017-10-05 09:55:11][info] success
[2017-10-05 09:55:11][info] 写入结束!!!
[2017-10-05 10:19:55][info] ----------------------------------------
[2017-10-05 10:19:55][info] {"discount":"0.00","payment_type":"1","trade_no":"2017070421001004450284568920","subject":"\u65b0\u7586\u5168\u666f","buyer_email":"qyujlomo@sohu.com","gmt_create":"2017-07-04 10:19:38","notify_type":"trade_status_sync","quantity":"1","out_trade_no":"LX-17061211084428401-1","seller_id":"2088421286007493","notify_time":"2017-10-05 10:19:55","body":"\u6c5f\u5e03\u62c9\u514b-\u4e94\u5f69\u6ee9-\u5580\u7eb3\u65af-\u79be\u6728-\u8d5b\u91cc\u6728\u6e56-\u85b0\u8863\u8349\u519c\u573a-\u5580\u62c9\u5cfb-\u90a3\u62c9\u63d0-\u5df4\u97f3\u5e03\u9c81\u514b-\u5410\u9c81\u756a13\u65e5\u6e38","trade_status":"TRADE_FINISHED","is_total_fee_adjust":"N","total_fee":"5380.00","gmt_payment":"2017-07-04 10:19:44","seller_email":"2287684289@qq.com","gmt_close":"2017-10-05 10:19:55","price":"5380.00","buyer_id":"2088002312866459","notify_id":"fdf9de3d3ff0f7e347d679f409304ebjh2","use_coupon":"N","sign_type":"MD5","sign":"5da880604bec15ac87cb6439ec9ddd21"}
[2017-10-05 10:19:55][info] 数据存储反馈成功！
[2017-10-05 10:19:55][info] success
[2017-10-05 10:19:55][info] 写入结束!!!
[2017-10-05 10:40:50][info] ----------------------------------------
[2017-10-05 10:40:50][info] {"discount":"0.00","payment_type":"1","trade_no":"2017070421001004400236414600","subject":"\u4e1d\u8def\u5dc5\u5cf0\u4f53\u9a8c\u5341\u65e5\u6e38","buyer_email":"15839573526","gmt_create":"2017-07-04 10:40:00","notify_type":"trade_status_sync","quantity":"1","out_trade_no":"LX-17070410233856206-9","seller_id":"2088421286007493","notify_time":"2017-10-05 10:40:50","body":"\u6c99\u5c9b-\u9752\u6d77\u6e56-\u8336\u5361\u76d0\u6e56-\u7941\u8fde-\u5f20\u6396-\u5609\u5cea\u5173-\u6566\u714c\u5341\u65e5\u6e38","trade_status":"TRADE_FINISHED","is_total_fee_adjust":"N","total_fee":"3230.00","gmt_payment":"2017-07-04 10:40:09","seller_email":"2287684289@qq.com","gmt_close":"2017-10-05 10:40:50","price":"3230.00","buyer_id":"2088612230407401","notify_id":"9d5e601f131263da10470f1fc3d11c2j36","use_coupon":"N","sign_type":"MD5","sign":"b85fcdd5b68c366b0a6d1217b393ef54"}
[2017-10-05 10:40:50][info] 数据存储反馈成功！
[2017-10-05 10:40:50][info] success
[2017-10-05 10:40:50][info] 写入结束!!!
[2017-10-05 10:51:50][info] ----------------------------------------
[2017-10-05 10:51:50][info] {"discount":"0.00","payment_type":"1","trade_no":"2017070421001004400236444098","subject":"\u4e1d\u7ef8\u4e4b\u8def\u5168\u666f\u6e389\u65e5","buyer_email":"383292836@qq.com","gmt_create":"2017-07-04 10:51:02","notify_type":"trade_status_sync","quantity":"1","out_trade_no":"LX-17070410253125906-5","seller_id":"2088421286007493","notify_time":"2017-10-05 10:51:50","body":"\u5170\u5dde-\u5854\u5c14\u5bfa-\u9752\u6d77\u6e56-\u8336\u5361\u76d0\u6e56-\u6c34\u4e0a\u9b54\u9b3c\u57ce-\u83ab\u9ad8\u7a9f-\u9e23\u6c99\u5c71\u6708\u7259\u6cc9-\u5f20\u6396\u4e39\u971e-\u5353\u5c14\u5c719\u65e5\u6e38","trade_status":"TRADE_FINISHED","is_total_fee_adjust":"N","total_fee":"3780.00","gmt_payment":"2017-07-04 10:51:28","seller_email":"2287684289@qq.com","gmt_close":"2017-10-05 10:51:50","price":"3780.00","buyer_id":"2088602992902401","notify_id":"c085cf41123126be80e3decfa2ed436j36","use_coupon":"N","sign_type":"MD5","sign":"e0cb771c117f5fec4b48cca5fa2ae36f"}
[2017-10-05 10:51:50][info] 数据存储反馈成功！
[2017-10-05 10:51:50][info] success
[2017-10-05 10:51:50][info] 写入结束!!!
[2017-10-05 11:37:50][info] ----------------------------------------
[2017-10-05 11:37:50][info] {"discount":"0.00","payment_type":"1","trade_no":"2017070421001004200205190041","subject":"\u65b0\u7586\u5168\u666f","buyer_email":"15933617068","gmt_create":"2017-07-04 11:36:58","notify_type":"trade_status_sync","quantity":"1","out_trade_no":"LX-17062015481716206-3","seller_id":"2088421286007493","notify_time":"2017-10-05 11:37:50","body":"\u6c5f\u5e03\u62c9\u514b-\u4e94\u5f69\u6ee9-\u5580\u7eb3\u65af-\u79be\u6728-\u8d5b\u91cc\u6728\u6e56-\u85b0\u8863\u8349\u519c\u573a-\u5580\u62c9\u5cfb-\u90a3\u62c9\u63d0-\u5df4\u97f3\u5e03\u9c81\u514b-\u5410\u9c81\u756a13\u65e5\u6e38","trade_status":"TRADE_FINISHED","is_total_fee_adjust":"N","total_fee":"5380.00","gmt_payment":"2017-07-04 11:37:11","seller_email":"2287684289@qq.com","gmt_close":"2017-10-05 11:37:50","price":"5380.00","buyer_id":"2088722345679203","notify_id":"fe07e99ace8e1b19b724d1d66c800echjm","use_coupon":"N","sign_type":"MD5","sign":"71758bce3a2c652005ecc31e7bfa51dc"}
[2017-10-05 11:37:50][info] 数据存储反馈成功！
[2017-10-05 11:37:50][info] success
[2017-10-05 11:37:50][info] 写入结束!!!
[2017-10-05 11:48:15][info] ----------------------------------------
[2017-10-05 11:48:15][info] {"discount":"0.00","payment_type":"1","trade_no":"2017100521001004150246272727","subject":"\u989d\u6d4e\u7eb3\u6444\u5f71B\u7ebf","buyer_email":"18907735598","gmt_create":"2017-10-05 11:48:09","notify_type":"trade_status_sync","quantity":"1","out_trade_no":"LX-17092813270261606-f","seller_id":"2088421286007493","notify_time":"2017-10-05 11:48:15","body":"\u989d\u6d4e\u7eb3\u80e1\u6768\u6797-\u5df4\u4e39\u5409\u6797\u8179\u5730-\u91d1\u5854\u80e1\u6768\u6797-\u602a\u6811\u6797-\u516b\u65e5","trade_status":"TRADE_SUCCESS","is_total_fee_adjust":"N","total_fee":"3890.00","gmt_payment":"2017-10-05 11:48:15","seller_email":"2287684289@qq.com","price":"3890.00","buyer_id":"2088802954079150","notify_id":"ee27e8bfbb4c00b93cc578495d32b64h5q","use_coupon":"N","sign_type":"MD5","sign":"4de8894d71309d1778d5335a99f0a13c"}
[2017-10-05 11:48:15][info] 数据存储反馈成功！
[2017-10-05 11:48:15][info] success
[2017-10-05 11:48:15][info] 写入结束!!!
[2017-10-05 12:15:07][info] ----------------------------------------
[2017-10-05 12:15:07][info] {"discount":"0.00","payment_type":"1","trade_no":"2017070421001004510212670012","subject":"\u65b0\u7586\u5168\u666f","buyer_email":"15298468387","gmt_create":"2017-07-04 12:13:47","notify_type":"trade_status_sync","quantity":"1","out_trade_no":"LX-17070410571215506-e","seller_id":"2088421286007493","notify_time":"2017-10-05 12:15:07","body":"\u6c5f\u5e03\u62c9\u514b-\u4e94\u5f69\u6ee9-\u5580\u7eb3\u65af-\u79be\u6728-\u8d5b\u91cc\u6728\u6e56-\u85b0\u8863\u8349\u519c\u573a-\u5580\u62c9\u5cfb-\u90a3\u62c9\u63d0-\u5df4\u97f3\u5e03\u9c81\u514b-\u5410\u9c81\u756a13\u65e5\u6e38","trade_status":"TRADE_FINISHED","is_total_fee_adjust":"N","total_fee":"10600.00","gmt_payment":"2017-07-04 12:14:09","seller_email":"2287684289@qq.com","gmt_close":"2017-10-05 12:15:07","price":"10600.00","buyer_id":"2088902934794519","notify_id":"41e5ada82beada81e1a83ab584bf2bfjxq","use_coupon":"N","sign_type":"MD5","sign":"2709b245537bd56f7e03a07db89f2f26"}
[2017-10-05 12:15:07][info] 数据存储反馈成功！
[2017-10-05 12:15:07][info] success
[2017-10-05 12:15:07][info] 写入结束!!!
[2017-10-05 12:46:53][info] ----------------------------------------
[2017-10-05 12:46:53][info] {"discount":"0.00","payment_type":"1","trade_no":"2017070421001004220225391086","subject":"\u4e1d\u7ef8\u4e4b\u8def\u7cbe\u534e\u4e03\u65e5\u6e38","buyer_email":"963968616@qq.com","gmt_create":"2017-07-04 12:46:33","notify_type":"trade_status_sync","quantity":"1","out_trade_no":"LX-17070411172322901-3","seller_id":"2088421286007493","notify_time":"2017-10-05 12:46:53","body":"2017\u5e74\u9752\u6d77\u6e56-\u8336\u5361\u76d0\u6e56-\u6566\u714c-\u5609\u5cea\u5173-\u5f20\u6396\u4e39\u971e\u4e03\u65e5\u6e38","trade_status":"TRADE_FINISHED","is_total_fee_adjust":"N","total_fee":"6360.00","gmt_payment":"2017-07-04 12:46:49","seller_email":"2287684289@qq.com","gmt_close":"2017-10-05 12:46:53","price":"6360.00","buyer_id":"2088802524235225","notify_id":"62300deef29a4fa2b0886028c48cb32hp6","use_coupon":"N","sign_type":"MD5","sign":"b814f87d9ba42720ac1b07bb9c30ee74"}
[2017-10-05 12:46:53][info] 数据存储反馈成功！
[2017-10-05 12:46:53][info] success
[2017-10-05 12:46:53][info] 写入结束!!!
[2017-10-05 14:25:59][info] ----------------------------------------
[2017-10-05 14:25:59][info] {"discount":"0.00","payment_type":"1","trade_no":"2017070421001004080229594553","subject":"\u5580\u7eb3\u65af\u4e4b\u590f","buyer_email":"13609648098","gmt_create":"2017-07-04 14:24:52","notify_type":"trade_status_sync","quantity":"1","out_trade_no":"LX-17063012083375401-7","seller_id":"2088421286007493","notify_time":"2017-10-05 14:25:59","body":"2017\u5e747\uff5e8\u6708 \u5929\u6c60-\u5410\u9c81\u756a-\u9b54\u9b3c\u57ce-\u79be\u6728-\u5580\u7eb3\u65af-\u767d\u54c8\u5df4-\u4e94\u5f69\u6ee9\u6df1\u5ea6\u4e5d\u65e5\u6e38","trade_status":"TRADE_FINISHED","is_total_fee_adjust":"N","total_fee":"7020.00","gmt_payment":"2017-07-04 14:25:01","seller_email":"2287684289@qq.com","gmt_close":"2017-10-05 14:25:59","price":"7020.00","buyer_id":"2088522189921085","notify_id":"d8551372bc54a3869151751e004caf1gma","use_coupon":"N","sign_type":"MD5","sign":"98a6e1f30b60587c3d1415ca6d20806c"}
[2017-10-05 14:25:59][info] 数据存储反馈成功！
[2017-10-05 14:25:59][info] success
[2017-10-05 14:25:59][info] 写入结束!!!
[2017-10-05 14:48:41][info] ----------------------------------------
[2017-10-05 14:48:41][info] {"discount":"0.00","payment_type":"1","trade_no":"2017100521001004460533638319","subject":"\u989d\u6d4e\u7eb3\u6700\u7f8e\u9ad8\u94c1\u56e2","buyer_email":"1059190873@qq.com","gmt_create":"2017-10-05 14:48:03","notify_type":"trade_status_sync","quantity":"1","out_trade_no":"LX-17100512383321206-b","seller_id":"2088421286007493","notify_time":"2017-10-05 14:48:41","body":"2017\u989d\u6d4e\u7eb3\u65d7\u80e1\u6768\u6797\u516d\u65e5\u6e38-\u9886\u8896\u6237\u5916\u72ec\u5bb6\u9996\u521b","trade_status":"TRADE_SUCCESS","is_total_fee_adjust":"N","total_fee":"6600.00","gmt_payment":"2017-10-05 14:48:40","seller_email":"2287684289@qq.com","price":"6600.00","buyer_id":"2088502877276462","notify_id":"b8805c65f6885202db87dce778dc3a5jjx","use_coupon":"N","sign_type":"MD5","sign":"cdcc03825c12a87f31224d50b9e79c99"}
[2017-10-05 14:48:41][info] 数据存储反馈成功！
[2017-10-05 14:48:41][info] success
[2017-10-05 14:48:41][info] 写入结束!!!
[2017-10-05 15:05:41][info] ----------------------------------------
[2017-10-05 15:05:41][info] {"discount":"0.00","payment_type":"1","trade_no":"2017100521001004850204948485","subject":"\u9955\u992e\u8d4f\u79cb","buyer_email":"18971362082","gmt_create":"2017-10-05 14:53:15","notify_type":"trade_status_sync","quantity":"1","out_trade_no":"LX-17091812211419101-4","seller_id":"2088421286007493","notify_time":"2017-10-05 15:05:41","body":"\u9752\u6d77\u6e56-\u8336\u5361\u76d0\u6e56-\u83ab\u9ad8\u7a9f-\u9e23\u6c99\u5c71-\u6708\u7259\u6cc9-\u5609\u5cea\u5173-\u989d\u6d4e\u7eb3\u80e1\u6768\u6797-\u5353\u5c14\u5c7110\u65e5\u5927\u73af\u7ebf","trade_status":"TRADE_SUCCESS","is_total_fee_adjust":"N","total_fee":"13120.00","gmt_payment":"2017-10-05 15:05:41","seller_email":"2287684289@qq.com","price":"13120.00","buyer_id":"2088602199985854","notify_id":"db6c509b99c2de43e690fd26e43c1dbmk6","use_coupon":"N","sign_type":"MD5","sign":"990bb3f1ca759cee7a10daeab7348864"}
[2017-10-05 15:05:42][info] 数据存储反馈成功！
[2017-10-05 15:05:42][info] success
[2017-10-05 15:05:42][info] 写入结束!!!
[2017-10-05 15:06:58][info] ----------------------------------------
[2017-10-05 15:06:58][info] {"discount":"0.00","payment_type":"1","trade_no":"2017070421001004490289293550","subject":"\u7518\u5357\u5168\u666f","buyer_email":"15951922111@139.com","gmt_create":"2017-07-04 15:05:56","notify_type":"trade_status_sync","quantity":"1","out_trade_no":"LX-17070321090491606-d","seller_id":"2088421286007493","notify_time":"2017-10-05 15:06:58","body":"2017\u5e74\u72ec\u5bb6  \u62c9\u535c\u695e\u5bfa-\u624e\u5c15\u90a3-\u82b1\u6e56-\u5e74\u5b9d\u7389\u5219-\u82e5\u5c14\u76d6\u8349\u539f-\u963f\u4e07\u4ed3\u6e7f\u5730-\u5c15\u6d77\u6e56-\u90ce\u6728\u5bfa 8\u65e5\u6e38","trade_status":"TRADE_FINISHED","is_total_fee_adjust":"N","total_fee":"8050.00","gmt_payment":"2017-07-04 15:06:11","seller_email":"2287684289@qq.com","gmt_close":"2017-10-05 15:06:58","price":"8050.00","buyer_id":"2088812499474497","notify_id":"39a4157ca51384e50f95828381dc7e1js6","use_coupon":"N","sign_type":"MD5","sign":"24541ecc57bbd9b1a242fdc89a8bc96e"}
[2017-10-05 15:06:58][info] 数据存储反馈成功！
[2017-10-05 15:06:58][info] success
[2017-10-05 15:06:58][info] 写入结束!!!
[2017-10-05 15:57:39][info] ----------------------------------------
[2017-10-05 15:57:39][info] {"discount":"0.00","payment_type":"1","trade_no":"2017100521001004340533875780","subject":"\u989d\u6d4e\u7eb3\u6df1\u5ea6\u6e38","buyer_email":"zhangyongmei.2008@yahoo.com.cn","gmt_create":"2017-10-05 15:55:28","notify_type":"trade_status_sync","quantity":"1","out_trade_no":"LX-17100511440584106-0","seller_id":"2088421286007493","notify_time":"2017-10-05 15:57:39","body":"\u4ed9\u7c73\u5f69\u6797-\u7941\u8fde\u5c71-\u9a6c\u8e44\u5bfa-\u5f20\u6396\u4e39\u971e-\u91d1\u5854\u80e1\u6768\u6797-\u989d\u6d4e\u7eb3\u80e1\u6768\u6797-\u5c45\u5ef6\u6d77-\u5609\u5cea\u5173-\u52a8\u8f66\u8fd4\u7a0b7\u65e5\u6e38","trade_status":"TRADE_SUCCESS","is_total_fee_adjust":"N","total_fee":"4920.00","gmt_payment":"2017-10-05 15:57:39","seller_email":"2287684289@qq.com","price":"4920.00","buyer_id":"2088002438067349","notify_id":"13660091896bb33d1583e21d36dc7c2iml","use_coupon":"N","sign_type":"MD5","sign":"09344f927228b928303a0b7e86e8c907"}
[2017-10-05 15:57:40][info] 数据存储反馈成功！
[2017-10-05 15:57:40][info] success
[2017-10-05 15:57:40][info] 写入结束!!!
[2017-10-05 17:16:04][info] ----------------------------------------
[2017-10-05 17:16:04][info] {"discount":"0.00","payment_type":"1","trade_no":"2017070421001004540233071244","subject":"\u4e1d\u7ef8\u4e4b\u8def\u7cbe\u534e\u4e03\u65e5\u6e38","buyer_email":"wj.6369@yahoo.com.cn","gmt_create":"2017-07-04 17:10:43","notify_type":"trade_status_sync","quantity":"1","out_trade_no":"LX-17062516463962606-0","seller_id":"2088421286007493","notify_time":"2017-10-05 17:16:04","body":"2017\u5e74\u9752\u6d77\u6e56-\u8336\u5361\u76d0\u6e56-\u6566\u714c-\u5609\u5cea\u5173-\u5f20\u6396\u4e39\u971e\u4e03\u65e5\u6e38","trade_status":"TRADE_FINISHED","is_total_fee_adjust":"N","total_fee":"3180.00","gmt_payment":"2017-07-04 17:15:07","seller_email":"2287684289@qq.com","gmt_close":"2017-10-05 17:16:04","price":"3180.00","buyer_id":"2088102238326544","notify_id":"89f5071e7e549438f9cebe21f9ad8aek62","use_coupon":"N","sign_type":"MD5","sign":"9ca35d7260202c8ee5e4396c8e4085a3"}
[2017-10-05 17:16:04][info] 数据存储反馈成功！
[2017-10-05 17:16:04][info] success
[2017-10-05 17:16:04][info] 写入结束!!!
[2017-10-05 17:49:02][info] ----------------------------------------
[2017-10-05 17:49:02][info] {"discount":"0.00","payment_type":"1","trade_no":"2017100521001004710229475223","subject":"\u989d\u6d4e\u7eb3\u6700\u7f8e\u9ad8\u94c1\u56e2","buyer_email":"876766380@qq.com","gmt_create":"2017-10-05 17:42:49","notify_type":"trade_status_sync","quantity":"1","out_trade_no":"LX-17100517130959606-f","seller_id":"2088421286007493","notify_time":"2017-10-05 17:49:02","body":"2017\u989d\u6d4e\u7eb3\u65d7\u80e1\u6768\u6797\u516d\u65e5\u6e38-\u9886\u8896\u6237\u5916\u72ec\u5bb6\u9996\u521b","trade_status":"TRADE_SUCCESS","is_total_fee_adjust":"N","total_fee":"1550.00","gmt_payment":"2017-10-05 17:49:02","seller_email":"2287684289@qq.com","price":"1550.00","buyer_id":"2088902294697718","notify_id":"330069183c4939df9f77384f906972flha","use_coupon":"N","sign_type":"MD5","sign":"2fcbc4e4dcc08bc9491dba5c4fc70f0f"}
[2017-10-05 17:49:03][info] 数据存储反馈成功！
[2017-10-05 17:49:03][info] success
[2017-10-05 17:49:03][info] 写入结束!!!
