[2017-09-11 08:24:06][info] ----------------------------------------
[2017-09-11 08:24:06][info] {"discount":"0.00","payment_type":"1","trade_no":"2017061021001004730201483575","subject":"\u65b0\u7586\u5168\u666f","buyer_email":"haixiahuang@21cn.com","gmt_create":"2017-06-10 08:23:42","notify_type":"trade_status_sync","quantity":"1","out_trade_no":"LX-17032721033585701-6","seller_id":"2088421286007493","notify_time":"2017-09-11 08:24:06","body":"\u6c5f\u5e03\u62c9\u514b-\u4e94\u5f69\u6ee9-\u5580\u7eb3\u65af-\u79be\u6728-\u8d5b\u91cc\u6728\u6e56-\u85b0\u8863\u8349\u519c\u573a-\u5580\u62c9\u5cfb-\u90a3\u62c9\u63d0-\u5df4\u97f3\u5e03\u9c81\u514b-\u5410\u9c81\u756a13\u65e5\u6e38","trade_status":"TRADE_FINISHED","is_total_fee_adjust":"N","total_fee":"2640.00","gmt_payment":"2017-06-10 08:23:48","seller_email":"2287684289@qq.com","gmt_close":"2017-09-11 08:24:05","price":"2640.00","buyer_id":"2088002003349739","notify_id":"4fac6731a091ea0c0fb7d138bbbc800lmu","use_coupon":"N","sign_type":"MD5","sign":"809bc9e18afc5a3dddfc7600207cb9dc"}
[2017-09-11 08:24:06][info] 数据存储反馈成功！
[2017-09-11 08:24:06][info] success
[2017-09-11 08:24:06][info] 写入结束!!!
[2017-09-11 08:42:51][info] ----------------------------------------
[2017-09-11 08:42:51][info] {"discount":"0.00","payment_type":"1","trade_no":"2017061021001004200259675178","subject":"\u65b0\u7586\u5168\u666f","buyer_email":"13512707890","gmt_create":"2017-06-10 08:42:16","notify_type":"trade_status_sync","quantity":"1","out_trade_no":"LX-17032721274230306-d","seller_id":"2088421286007493","notify_time":"2017-09-11 08:42:51","body":"\u6c5f\u5e03\u62c9\u514b-\u4e94\u5f69\u6ee9-\u5580\u7eb3\u65af-\u79be\u6728-\u8d5b\u91cc\u6728\u6e56-\u85b0\u8863\u8349\u519c\u573a-\u5580\u62c9\u5cfb-\u90a3\u62c9\u63d0-\u5df4\u97f3\u5e03\u9c81\u514b-\u5410\u9c81\u756a13\u65e5\u6e38","trade_status":"TRADE_FINISHED","is_total_fee_adjust":"N","total_fee":"2640.00","gmt_payment":"2017-06-10 08:42:28","seller_email":"2287684289@qq.com","gmt_close":"2017-09-11 08:42:51","price":"2640.00","buyer_id":"2088602127334204","notify_id":"9be9a6c9eb541aa279f9406404dcba4hjm","use_coupon":"N","sign_type":"MD5","sign":"4b5819718954e889b43d0a9cc8194df4"}
[2017-09-11 08:42:51][info] 数据存储反馈成功！
[2017-09-11 08:42:51][info] success
[2017-09-11 08:42:51][info] 写入结束!!!
[2017-09-11 10:10:40][info] ----------------------------------------
[2017-09-11 10:10:40][info] {"discount":"0.00","payment_type":"1","trade_no":"2017091121001004640228507337","subject":"\u6069\u65bd\u79d8\u5883\u4f11\u95f2\u6e38","buyer_email":"987750886@qq.com","gmt_create":"2017-09-11 10:09:58","notify_type":"trade_status_sync","quantity":"1","out_trade_no":"LX-17090809275345806-2","seller_id":"2088421286007493","notify_time":"2017-09-11 10:10:40","body":"\u795e\u79d8\u5317\u7eac30\u5ea6\uff0c\u68ad\u5e03\u57ad\u77f3\u6797-\u9ebb\u67f3\u6eaa-\u795e\u79d8\u9ec4\u91d1\u6d1e-\u576a\u575d\u8425-\u201c\u4e2d\u56fd\u4ed9\u672c\u90a3\u201d\u5c4f\u5c71\u5ce1\u8c37\uff0c\u6069\u65bd\u79d8\u58836\u65e5\u4f11\u95f2\u6e38","trade_status":"TRADE_SUCCESS","is_total_fee_adjust":"N","total_fee":"7890.00","gmt_payment":"2017-09-11 10:10:40","seller_email":"2287684289@qq.com","price":"7890.00","buyer_id":"2088502600376643","notify_id":"d8d6a40c2ea2a7fa2686ba14a15f26dkxu","use_coupon":"N","sign_type":"MD5","sign":"fee15f79b6322d97e331f5065b892e0d"}
[2017-09-11 10:10:41][info] 数据存储反馈成功！
[2017-09-11 10:10:41][info] success
[2017-09-11 10:10:41][info] 写入结束!!!
[2017-09-11 10:56:14][info] ----------------------------------------
[2017-09-11 10:56:14][info] {"discount":"0.00","payment_type":"1","trade_no":"2017091121001004720230830098","subject":"\u8d35\u5dde\u5168\u666f\u6e38","buyer_email":"happygirllili18@sohu.com","gmt_create":"2017-09-11 10:56:05","notify_type":"trade_status_sync","quantity":"1","out_trade_no":"LX-17091012592885101-2","seller_id":"2088421286007493","notify_time":"2017-09-11 10:56:13","body":"\u897f\u6c5f\u5343\u6237\u82d7\u5be8-\u8354\u6ce2-\u9ed4\u4e1c\u5357-\u9547\u8fdc-\u9ec4\u679c\u6811-\u79d8\u5883\u8302\u5170\u6df1\u5ea6\u7eaf\u73a9\u4e5d\u65e5\u6e38","trade_status":"TRADE_SUCCESS","is_total_fee_adjust":"N","total_fee":"22800.00","gmt_payment":"2017-09-11 10:56:13","seller_email":"2287684289@qq.com","price":"22800.00","buyer_id":"2088002102062722","notify_id":"ae6fab75065d5c9ab1cf658136a7b4dlk2","use_coupon":"N","sign_type":"MD5","sign":"7306088d19220d5e424564a76a15332f"}
[2017-09-11 10:56:14][info] 数据存储反馈成功！
[2017-09-11 10:56:14][info] success
[2017-09-11 10:56:14][info] 写入结束!!!
[2017-09-11 11:44:27][info] ----------------------------------------
[2017-09-11 11:44:27][info] {"discount":"0.00","payment_type":"1","trade_no":"2017091121001004990283105322","subject":"\u9955\u992e\u8d4f\u79cb","buyer_email":"13814626400","gmt_create":"2017-09-11 11:44:15","notify_type":"trade_status_sync","quantity":"1","out_trade_no":"LX-17090918145836306-2","seller_id":"2088421286007493","notify_time":"2017-09-11 11:44:26","body":"\u9752\u6d77\u6e56-\u8336\u5361\u76d0\u6e56-\u83ab\u9ad8\u7a9f-\u9e23\u6c99\u5c71-\u6708\u7259\u6cc9-\u5609\u5cea\u5173-\u989d\u6d4e\u7eb3\u80e1\u6768\u6797-\u5353\u5c14\u5c7110\u65e5\u5927\u73af\u7ebf","trade_status":"TRADE_SUCCESS","is_total_fee_adjust":"N","total_fee":"2890.00","gmt_payment":"2017-09-11 11:44:26","seller_email":"2287684289@qq.com","price":"2890.00","buyer_id":"2088002899828990","notify_id":"25e3a711e9c3909687c5b8fe954d6f3nn2","use_coupon":"N","sign_type":"MD5","sign":"ca516e76de5aa689110eddda1b1f4449"}
[2017-09-11 11:44:27][info] 数据存储反馈成功！
[2017-09-11 11:44:27][info] success
[2017-09-11 11:44:27][info] 写入结束!!!
[2017-09-11 11:48:20][info] ----------------------------------------
[2017-09-11 11:48:20][info] {"discount":"0.00","payment_type":"1","trade_no":"2017091121001004980214673901","subject":"\u5317\u7586\u91d1\u79cb\u7ecf\u5178\u73af\u7ebf","buyer_email":"13602844465","gmt_create":"2017-09-11 11:47:54","notify_type":"trade_status_sync","quantity":"1","out_trade_no":"LX-17091111001835306-1","seller_id":"2088421286007493","notify_time":"2017-09-11 11:48:20","body":"\u5580\u7eb3\u65af-\u767d\u54c8\u5df4-\u79be\u6728-\u4e94\u5f69\u6ee9-\u9b54\u9b3c\u57ce-\u53ef\u53ef\u6258\u6d77 9\u65e5\u6df1\u5ea6\u6e38","trade_status":"TRADE_SUCCESS","is_total_fee_adjust":"N","total_fee":"9660.00","gmt_payment":"2017-09-11 11:48:20","seller_email":"2287684289@qq.com","price":"9660.00","buyer_id":"2088122277801989","notify_id":"5434004bbacfe8519a8d11e321289aenka","use_coupon":"N","sign_type":"MD5","sign":"5da03518af6ce3bc39649461d2ac82b9"}
[2017-09-11 11:48:21][info] 数据存储反馈成功！
[2017-09-11 11:48:21][info] success
[2017-09-11 11:48:21][info] 写入结束!!!
[2017-09-11 12:21:29][info] ----------------------------------------
[2017-09-11 12:21:29][info] {"discount":"0.00","payment_type":"1","trade_no":"2017091121001004070289643120","subject":"\u989d\u6d4e\u7eb3\u5168\u666f","buyer_email":"chenpeiyi@e-xon.cn","gmt_create":"2017-09-11 12:21:21","notify_type":"trade_status_sync","quantity":"1","out_trade_no":"LX-17091109591657706-5","seller_id":"2088421286007493","notify_time":"2017-09-11 12:21:29","body":"\u989d\u6d4e\u7eb3\u80e1\u6768\u6797-\u6566\u714c\u5168\u666f-\u5df4\u4e39\u5409\u6797-\u5f20\u6396\u4e39\u971e-\u5609\u5cea\u5173-\u91d1\u5854\u80e1\u6768\u6797-\u52a8\u8f668\u65e5","trade_status":"TRADE_SUCCESS","is_total_fee_adjust":"N","total_fee":"4180.00","gmt_payment":"2017-09-11 12:21:29","seller_email":"2287684289@qq.com","price":"4180.00","buyer_id":"2088002154267074","notify_id":"51020fbca60715be76089d6f99c3012gji","use_coupon":"N","sign_type":"MD5","sign":"39b086caed804cf6c15ac33e489f218c"}
[2017-09-11 12:21:30][info] 数据存储反馈成功！
[2017-09-11 12:21:30][info] success
[2017-09-11 12:21:30][info] 写入结束!!!
[2017-09-11 12:50:49][info] ----------------------------------------
[2017-09-11 12:50:49][info] {"discount":"0.00","payment_type":"1","trade_no":"2017091121001004290217293691","subject":"\u5317\u7586\u91d1\u79cb\u81f3\u5c0a10\u65e5\u6e38","buyer_email":"windinhair@163.com","gmt_create":"2017-09-11 12:49:37","notify_type":"trade_status_sync","quantity":"1","out_trade_no":"LX-17090910445870406-e","seller_id":"2088421286007493","notify_time":"2017-09-11 12:50:49","body":"38\u5c0f\u65f6\u79be\u6728-\u5580\u7eb3\u65af-\u767d\u54c8\u5df4-\u53ef\u53ef\u82cf\u91cc\u6e56-\u53ef\u53ef\u6258\u6d77-\u4e94\u5f69\u6ee9-\u9b54\u9b3c\u57ce10\u65e5\u5927\u73af\u7ebf","trade_status":"TRADE_SUCCESS","is_total_fee_adjust":"N","total_fee":"5430.00","gmt_payment":"2017-09-11 12:50:49","seller_email":"2287684289@qq.com","price":"5430.00","buyer_id":"2088502862944291","notify_id":"3063c61717dfc493746397d18c9da8di8m","use_coupon":"N","sign_type":"MD5","sign":"248e1854af68cc6cd436c0c4c6dc1978"}
[2017-09-11 12:50:49][info] 数据存储反馈成功！
[2017-09-11 12:50:49][info] success
[2017-09-11 12:50:49][info] 写入结束!!!
[2017-09-11 13:02:03][info] ----------------------------------------
[2017-09-11 13:02:03][info] {"discount":"0.00","payment_type":"1","trade_no":"2017091121001004960288143063","subject":"\u5317\u7586\u91d1\u79cb\u81f3\u5c0a10\u65e5\u6e38","buyer_email":"13521958736","gmt_create":"2017-09-11 13:01:55","notify_type":"trade_status_sync","quantity":"1","out_trade_no":"LX-17091021244197601-6","seller_id":"2088421286007493","notify_time":"2017-09-11 13:02:03","body":"38\u5c0f\u65f6\u79be\u6728-\u5580\u7eb3\u65af-\u767d\u54c8\u5df4-\u53ef\u53ef\u82cf\u91cc\u6e56-\u53ef\u53ef\u6258\u6d77-\u4e94\u5f69\u6ee9-\u9b54\u9b3c\u57ce10\u65e5\u5927\u73af\u7ebf","trade_status":"TRADE_SUCCESS","is_total_fee_adjust":"N","total_fee":"5330.00","gmt_payment":"2017-09-11 13:02:03","seller_email":"2287684289@qq.com","price":"5330.00","buyer_id":"2088022677151964","notify_id":"d5d9f02b069a9be1449d73b30198df2neq","use_coupon":"N","sign_type":"MD5","sign":"7c1b13f19d7daa6c380750480cf00719"}
[2017-09-11 13:02:04][info] 数据存储反馈成功！
[2017-09-11 13:02:04][info] success
[2017-09-11 13:02:04][info] 写入结束!!!
[2017-09-11 13:11:41][info] ----------------------------------------
[2017-09-11 13:11:41][info] {"discount":"0.00","payment_type":"1","trade_no":"2017091121001004080252753090","subject":"\u5317\u7586\u91d1\u79cb\u7ecf\u5178\u73af\u7ebf","buyer_email":"18019484293","gmt_create":"2017-09-11 12:49:50","notify_type":"trade_status_sync","quantity":"1","out_trade_no":"LX-17090819160765206-d","seller_id":"2088421286007493","notify_time":"2017-09-11 13:11:41","body":"\u5580\u7eb3\u65af-\u767d\u54c8\u5df4-\u79be\u6728-\u4e94\u5f69\u6ee9-\u9b54\u9b3c\u57ce-\u53ef\u53ef\u6258\u6d77 9\u65e5\u6df1\u5ea6\u6e38","trade_status":"TRADE_SUCCESS","is_total_fee_adjust":"N","total_fee":"2540.00","gmt_payment":"2017-09-11 13:11:40","seller_email":"2287684289@qq.com","price":"2540.00","buyer_id":"2088602207433085","notify_id":"39efdabfff7562e1d0c12fbb36e6fd9gma","use_coupon":"N","sign_type":"MD5","sign":"bbef1d214aab743a52809c5c0809ea0e"}
[2017-09-11 13:11:41][info] 数据存储反馈成功！
[2017-09-11 13:11:41][info] success
[2017-09-11 13:11:41][info] 写入结束!!!
[2017-09-11 15:49:58][info] ----------------------------------------
[2017-09-11 15:49:58][info] {"discount":"0.00","payment_type":"1","trade_no":"2017091121001004010221817360","subject":"\u989d\u6d4e\u7eb3\u4f11\u95f2\u6e38","buyer_email":"13512929528","gmt_create":"2017-09-11 15:49:37","notify_type":"trade_status_sync","quantity":"1","out_trade_no":"LX-17091114351828706-3","seller_id":"2088421286007493","notify_time":"2017-09-11 15:49:58","body":"\u989d\u6d4e\u7eb3\u65d7\u80e1\u6768\u6797-\u5609\u5cea\u5173-\u9ed1\u6c34\u57ce-\u602a\u6811\u6797-\u5df4\u4e39\u5409\u6797\u6c99\u6f20-\u5f20\u6396\u4e39\u971e","trade_status":"TRADE_SUCCESS","is_total_fee_adjust":"N","total_fee":"5160.00","gmt_payment":"2017-09-11 15:49:57","seller_email":"2287684289@qq.com","price":"5160.00","buyer_id":"2088222283863015","notify_id":"02f1913ce204bd4354ea3427ef7213ag2u","use_coupon":"N","sign_type":"MD5","sign":"0f53ec711420db292fbb5662a56b90ee"}
[2017-09-11 15:49:58][info] 数据存储反馈成功！
[2017-09-11 15:49:58][info] success
[2017-09-11 15:49:58][info] 写入结束!!!
[2017-09-11 16:30:56][info] ----------------------------------------
[2017-09-11 16:30:56][info] {"discount":"0.00","payment_type":"1","trade_no":"2017091121001004620266823518","subject":"\u989d\u6d4e\u7eb3\u5168\u666f","buyer_email":"13663712262","gmt_create":"2017-09-11 16:30:47","notify_type":"trade_status_sync","quantity":"1","out_trade_no":"LX-17090909310753206-4","seller_id":"2088421286007493","notify_time":"2017-09-11 16:30:56","body":"\u989d\u6d4e\u7eb3\u80e1\u6768\u6797-\u6566\u714c\u5168\u666f-\u5df4\u4e39\u5409\u6797-\u5f20\u6396\u4e39\u971e-\u5609\u5cea\u5173-\u91d1\u5854\u80e1\u6768\u6797-\u52a8\u8f668\u65e5","trade_status":"TRADE_SUCCESS","is_total_fee_adjust":"N","total_fee":"8200.00","gmt_payment":"2017-09-11 16:30:56","seller_email":"2287684289@qq.com","price":"8200.00","buyer_id":"2088522057570623","notify_id":"157c8ac88e5ce976e1282b88dd9a0d9ksa","use_coupon":"N","sign_type":"MD5","sign":"3bd8b3a27c557b2070a1c480df78dbd0"}
[2017-09-11 16:30:57][info] 数据存储反馈成功！
[2017-09-11 16:30:57][info] success
[2017-09-11 16:30:57][info] 写入结束!!!
[2017-09-11 16:49:08][info] ----------------------------------------
[2017-09-11 16:49:08][info] {"discount":"0.00","payment_type":"1","trade_no":"2017091121001004200231182749","subject":"\u575d\u4e0a\u79cb\u6444","buyer_email":"leeqian123@tom.com","gmt_create":"2017-09-11 16:48:56","notify_type":"trade_status_sync","quantity":"1","out_trade_no":"LX-17091116253852801-2","seller_id":"2088421286007493","notify_time":"2017-09-11 16:49:07","body":"9-10\u6708\u91d1\u79cb\uff0c\u5317\u6c9f\u3001\u6768\u6811\u80cc\u3001\u4e94\u5f69\u5c71\u3001\u86e4\u87c6\u575d\u3001\u91ce\u9e2d\u6e56\u3001\u516c\u4e3b\u6e56\u7b49\u575d\u4e0a\u8349\u539f\u79cb\u8272\u4e00\u7f51\u6253\u5c3d 6\u65e5\u6444\u5f71\u521b\u4f5c\u56e2\uff08\u575d\u4e0a\u62cd\u64444\u5929\uff09","trade_status":"TRADE_SUCCESS","is_total_fee_adjust":"N","total_fee":"5360.00","gmt_payment":"2017-09-11 16:49:07","seller_email":"2287684289@qq.com","price":"5360.00","buyer_id":"2088102865312208","notify_id":"9ff1c20804f1077eed4c6712fa2f159hjm","use_coupon":"N","sign_type":"MD5","sign":"1e3ba6912ad25ecdb2e104ad4ec40347"}
[2017-09-11 16:49:08][info] 数据存储反馈成功！
[2017-09-11 16:49:08][info] success
[2017-09-11 16:49:08][info] 写入结束!!!
[2017-09-11 17:12:01][info] ----------------------------------------
[2017-09-11 17:12:01][info] {"discount":"0.00","payment_type":"1","trade_no":"2017091121001004510250528901","subject":"\u5317\u7586\u5dc5\u5cf0","buyer_email":"ztesttt@gmail.com","gmt_create":"2017-09-11 17:11:50","notify_type":"trade_status_sync","quantity":"1","out_trade_no":"LX-17080900233944006-d","seller_id":"2088421286007493","notify_time":"2017-09-11 17:12:01","body":"\u79be\u672848\u5c0f\u65f6-\u5580\u7eb3\u65af-\u767d\u54c8\u5df4-\u4e94\u5f69\u6ee9-\u53cc\u53676\u65e5\u6e38","trade_status":"TRADE_SUCCESS","is_total_fee_adjust":"N","total_fee":"3480.00","gmt_payment":"2017-09-11 17:12:00","seller_email":"2287684289@qq.com","price":"3480.00","buyer_id":"2088912889824511","notify_id":"289f034ff9bea58736de67dc330ac43jxq","use_coupon":"N","sign_type":"MD5","sign":"f82887b75fddc6ca1e00c3da8bc4b83b"}
[2017-09-11 17:12:01][info] 数据存储反馈成功！
[2017-09-11 17:12:01][info] success
[2017-09-11 17:12:01][info] 写入结束!!!
[2017-09-11 17:39:30][info] ----------------------------------------
[2017-09-11 17:39:30][info] {"discount":"0.00","payment_type":"1","trade_no":"2017091121001004990283901318","subject":"\u575d\u4e0a\u79cb\u6444","buyer_email":"0371zql@sina.com","gmt_create":"2017-09-11 17:38:59","notify_type":"trade_status_sync","quantity":"1","out_trade_no":"LX-17083014105125101-3","seller_id":"2088421286007493","notify_time":"2017-09-11 17:39:29","body":"9-10\u6708\u91d1\u79cb\uff0c\u5317\u6c9f\u3001\u6768\u6811\u80cc\u3001\u4e94\u5f69\u5c71\u3001\u86e4\u87c6\u575d\u3001\u91ce\u9e2d\u6e56\u3001\u516c\u4e3b\u6e56\u7b49\u575d\u4e0a\u8349\u539f\u79cb\u8272\u4e00\u7f51\u6253\u5c3d 6\u65e5\u6444\u5f71\u521b\u4f5c\u56e2\uff08\u575d\u4e0a\u62cd\u64444\u5929\uff09","trade_status":"TRADE_SUCCESS","is_total_fee_adjust":"N","total_fee":"2680.00","gmt_payment":"2017-09-11 17:39:29","seller_email":"2287684289@qq.com","price":"2680.00","buyer_id":"2088012803761990","notify_id":"d1a081b67f0c9735395c526101d0e76nn2","use_coupon":"N","sign_type":"MD5","sign":"d1883bc84312a4f6d56dcc410b74194c"}
[2017-09-11 17:39:30][info] 数据存储反馈成功！
[2017-09-11 17:39:30][info] success
[2017-09-11 17:39:30][info] 写入结束!!!
[2017-09-11 17:48:37][info] ----------------------------------------
[2017-09-11 17:48:37][info] {"discount":"0.00","payment_type":"1","trade_no":"2017091121001004450213172356","subject":"\u989d\u6d4e\u7eb3\u6df1\u5ea6\u6e38","buyer_email":"daisydaisyduan@qq.com","gmt_create":"2017-09-11 17:48:12","notify_type":"trade_status_sync","quantity":"1","out_trade_no":"LX-17091110150071706-a","seller_id":"2088421286007493","notify_time":"2017-09-11 17:48:36","body":"\u4ed9\u7c73\u5f69\u6797-\u7941\u8fde\u5c71-\u9a6c\u8e44\u5bfa-\u5f20\u6396\u4e39\u971e-\u91d1\u5854\u80e1\u6768\u6797-\u989d\u6d4e\u7eb3\u80e1\u6768\u6797-\u5c45\u5ef6\u6d77-\u5609\u5cea\u5173-\u52a8\u8f66\u8fd4\u7a0b7\u65e5\u6e38","trade_status":"TRADE_SUCCESS","is_total_fee_adjust":"N","total_fee":"9180.00","gmt_payment":"2017-09-11 17:48:36","seller_email":"2287684289@qq.com","price":"9180.00","buyer_id":"2088002573741452","notify_id":"d99dbf64cbcfa5d942d0f849f268f6fjh2","use_coupon":"N","sign_type":"MD5","sign":"38471c5d4a2cbbd81a14fbf1ced9882d"}
[2017-09-11 17:48:37][info] 数据存储反馈成功！
[2017-09-11 17:48:37][info] success
[2017-09-11 17:48:37][info] 写入结束!!!
[2017-09-11 17:58:44][info] ----------------------------------------
[2017-09-11 17:58:44][info] {"discount":"0.00","payment_type":"1","trade_no":"2017091121001004680258416057","subject":"\u989d\u6d4e\u7eb3\u6700\u7f8e\u9ad8\u94c1\u56e2","buyer_email":"877490586@qq.com","gmt_create":"2017-09-11 17:58:24","notify_type":"trade_status_sync","quantity":"1","out_trade_no":"LX-17091116473921006-4","seller_id":"2088421286007493","notify_time":"2017-09-11 17:58:44","body":"2017\u989d\u6d4e\u7eb3\u65d7\u80e1\u6768\u6797\u516d\u65e5\u6e38-\u9886\u8896\u6237\u5916\u72ec\u5bb6\u9996\u521b","trade_status":"TRADE_SUCCESS","is_total_fee_adjust":"N","total_fee":"7160.00","gmt_payment":"2017-09-11 17:58:44","seller_email":"2287684289@qq.com","price":"7160.00","buyer_id":"2088302429856689","notify_id":"d2925320b01469733fe3e83f8ce6e4dl8y","use_coupon":"N","sign_type":"MD5","sign":"4fd38f27b0b81632969bff14249c9f1b"}
[2017-09-11 17:58:45][info] 数据存储反馈成功！
[2017-09-11 17:58:45][info] success
[2017-09-11 17:58:45][info] 写入结束!!!
[2017-09-11 20:32:27][info] ----------------------------------------
[2017-09-11 20:32:27][info] {"discount":"0.00","payment_type":"1","trade_no":"2017091121001004520280349142","subject":"\u989d\u6d4e\u7eb3\u6700\u7f8e\u9ad8\u94c1\u56e2","buyer_email":"13594276360","gmt_create":"2017-09-11 20:31:55","notify_type":"trade_status_sync","quantity":"1","out_trade_no":"LX-1709111953194406-f","seller_id":"2088421286007493","notify_time":"2017-09-11 20:32:27","body":"2017\u989d\u6d4e\u7eb3\u65d7\u80e1\u6768\u6797\u516d\u65e5\u6e38-\u9886\u8896\u6237\u5916\u72ec\u5bb6\u9996\u521b","trade_status":"TRADE_SUCCESS","is_total_fee_adjust":"N","total_fee":"3580.00","gmt_payment":"2017-09-11 20:32:27","seller_email":"2287684289@qq.com","price":"3580.00","buyer_id":"2088502837321524","notify_id":"b2b05f785feb1ff669ddb75a756005ek0i","use_coupon":"N","sign_type":"MD5","sign":"17226e1f6b9f4720dac464de1fdcb6b7"}
[2017-09-11 20:32:28][info] 数据存储反馈成功！
[2017-09-11 20:32:28][info] success
[2017-09-11 20:32:28][info] 写入结束!!!
[2017-09-11 21:12:59][info] ----------------------------------------
[2017-09-11 21:12:59][info] {"discount":"0.00","payment_type":"1","trade_no":"2017091121001004160269866742","subject":"\u575d\u4e0a\u79cb\u6444","buyer_email":"13606775568","gmt_create":"2017-09-11 21:12:37","notify_type":"trade_status_sync","quantity":"1","out_trade_no":"LX-17091016125666306-c","seller_id":"2088421286007493","notify_time":"2017-09-11 21:12:59","body":"9-10\u6708\u91d1\u79cb\uff0c\u5317\u6c9f\u3001\u6768\u6811\u80cc\u3001\u4e94\u5f69\u5c71\u3001\u86e4\u87c6\u575d\u3001\u91ce\u9e2d\u6e56\u3001\u516c\u4e3b\u6e56\u7b49\u575d\u4e0a\u8349\u539f\u79cb\u8272\u4e00\u7f51\u6253\u5c3d 6\u65e5\u6444\u5f71\u521b\u4f5c\u56e2\uff08\u575d\u4e0a\u62cd\u64444\u5929\uff09","trade_status":"TRADE_SUCCESS","is_total_fee_adjust":"N","total_fee":"2680.00","gmt_payment":"2017-09-11 21:12:59","seller_email":"2287684289@qq.com","price":"2680.00","buyer_id":"2088122406986161","notify_id":"13eb3c2adabd73518dc6ba4ebc1647ch8i","use_coupon":"N","sign_type":"MD5","sign":"483e696f283b2afa01d57fc7ed829d9f"}
[2017-09-11 21:12:59][info] 数据存储反馈成功！
[2017-09-11 21:12:59][info] success
[2017-09-11 21:12:59][info] 写入结束!!!
[2017-09-11 21:51:57][info] ----------------------------------------
[2017-09-11 21:51:57][info] {"discount":"0.00","payment_type":"1","trade_no":"2017091121001004610226751109","subject":"\u989d\u6d4e\u7eb3\u6df1\u5ea6\u6e38","buyer_email":"zwl13950@163.com","gmt_create":"2017-09-11 21:51:47","notify_type":"trade_status_sync","quantity":"1","out_trade_no":"LX-17091020580969301-d","seller_id":"2088421286007493","notify_time":"2017-09-11 21:51:57","body":"\u4ed9\u7c73\u5f69\u6797-\u7941\u8fde\u5c71-\u9a6c\u8e44\u5bfa-\u5f20\u6396\u4e39\u971e-\u91d1\u5854\u80e1\u6768\u6797-\u989d\u6d4e\u7eb3\u80e1\u6768\u6797-\u5c45\u5ef6\u6d77-\u5609\u5cea\u5173-\u52a8\u8f66\u8fd4\u7a0b7\u65e5\u6e38","trade_status":"TRADE_SUCCESS","is_total_fee_adjust":"N","total_fee":"7580.00","gmt_payment":"2017-09-11 21:51:56","seller_email":"2287684289@qq.com","price":"7580.00","buyer_id":"2088302458275613","notify_id":"f0b0858194d1ead430b1b3b18a8ac85kpi","use_coupon":"N","sign_type":"MD5","sign":"ccd015ff12dfc70c9aaadf3559b1f2a1"}
[2017-09-11 21:51:57][info] 数据存储反馈成功！
[2017-09-11 21:51:57][info] success
[2017-09-11 21:51:57][info] 写入结束!!!
