[2017-08-10 10:44:52][info] ----------------------------------------
[2017-08-10 10:44:52][info] {"discount":"0.00","payment_type":"1","trade_no":"2017050921001004820239336923","subject":"\u7518\u5357\u5168\u666f","buyer_email":"13917467769","gmt_create":"2017-05-09 10:43:48","notify_type":"trade_status_sync","quantity":"1","out_trade_no":"LX-17050820500725901-a","seller_id":"2088421286007493","notify_time":"2017-08-10 10:44:52","body":"2017\u5e74\u72ec\u5bb6  \u516b\u89d2\u57ce-\u624e\u5c15\u90a3-\u82b1\u6e56-\u5e74\u5b9d\u7389\u5219-\u82e5\u5c14\u76d6\u8349\u539f-\u963f\u4e07\u4ed3\u6e7f\u5730-\u90ce\u6728\u5bfa 8\u65e5\u6e38","trade_status":"TRADE_FINISHED","is_total_fee_adjust":"N","total_fee":"5770.00","gmt_payment":"2017-05-09 10:44:50","seller_email":"2287684289@qq.com","gmt_close":"2017-08-10 10:44:52","price":"5770.00","buyer_id":"2088702012742825","notify_id":"1a59731e6e7fe261746e55b4d4ec16fmbu","use_coupon":"N","sign_type":"MD5","sign":"018e3dba759e5c179e845c561f1de8ea"}
[2017-08-10 10:44:52][info] 数据存储反馈成功！
[2017-08-10 10:44:52][info] success
[2017-08-10 10:44:52][info] 写入结束!!!
[2017-08-10 12:57:23][info] ----------------------------------------
[2017-08-10 12:57:23][info] {"discount":"0.00","payment_type":"1","trade_no":"2017081021001004260288155207","subject":"\u7518\u5357\u5168\u666f","buyer_email":"zycissus@163.com","gmt_create":"2017-08-10 12:56:57","notify_type":"trade_status_sync","quantity":"1","out_trade_no":"LX-17080723310498506-7","seller_id":"2088421286007493","notify_time":"2017-08-10 12:57:23","body":"2017\u5e74\u72ec\u5bb6  \u62c9\u535c\u695e\u5bfa-\u624e\u5c15\u90a3-\u82b1\u6e56-\u5e74\u5b9d\u7389\u5219-\u82e5\u5c14\u76d6\u8349\u539f-\u963f\u4e07\u4ed3\u6e7f\u5730-\u5c15\u6d77\u6e56-\u90ce\u6728\u5bfa 8\u65e5\u6e38","trade_status":"TRADE_SUCCESS","is_total_fee_adjust":"N","total_fee":"4920.00","gmt_payment":"2017-08-10 12:57:23","seller_email":"2287684289@qq.com","price":"4920.00","buyer_id":"2088202670723261","notify_id":"bc1d30a263abb438caffd7c1e19c375i0a","use_coupon":"N","sign_type":"MD5","sign":"869ea3a554b45e1ebda1c2b579c41829"}
[2017-08-10 12:57:24][info] 数据存储反馈成功！
[2017-08-10 12:57:24][info] success
[2017-08-10 12:57:24][info] 写入结束!!!
[2017-08-10 13:11:34][info] ----------------------------------------
[2017-08-10 13:11:34][info] {"discount":"0.00","payment_type":"1","trade_no":"2017081021001004890212977911","subject":"\u4e1d\u7ef8\u4e4b\u8def\u7cbe\u534e\u4e03\u65e5\u6e38","buyer_email":"zsh608@sina.com","gmt_create":"2017-08-10 13:11:23","notify_type":"trade_status_sync","quantity":"1","out_trade_no":"LX-17081011055315306-0","seller_id":"2088421286007493","notify_time":"2017-08-10 13:11:34","body":"2017\u5e74\u9752\u6d77\u6e56-\u8336\u5361\u76d0\u6e56-\u6566\u714c-\u5609\u5cea\u5173-\u5f20\u6396\u4e39\u971e\u4e03\u65e5\u6e38","trade_status":"TRADE_SUCCESS","is_total_fee_adjust":"N","total_fee":"1590.00","gmt_payment":"2017-08-10 13:11:34","seller_email":"2287684289@qq.com","price":"1590.00","buyer_id":"2088102969954894","notify_id":"d1110121cde5cf05134b93b23c9a75bmva","use_coupon":"N","sign_type":"MD5","sign":"85e8161947f5df2fde4b10640d85ee7d"}
[2017-08-10 13:11:35][info] 数据存储反馈成功！
[2017-08-10 13:11:35][info] success
[2017-08-10 13:11:35][info] 写入结束!!!
[2017-08-10 14:28:34][info] ----------------------------------------
[2017-08-10 14:28:34][info] {"discount":"0.00","payment_type":"1","trade_no":"2017081021001004550220998778","subject":"\u7518\u5357\u5168\u666f","buyer_email":"yan_love@126.com","gmt_create":"2017-08-10 14:26:43","notify_type":"trade_status_sync","quantity":"1","out_trade_no":"LX-17081012052214001-8","seller_id":"2088421286007493","notify_time":"2017-08-10 14:28:34","body":"2017\u5e74\u72ec\u5bb6  \u62c9\u535c\u695e\u5bfa-\u624e\u5c15\u90a3-\u82b1\u6e56-\u5e74\u5b9d\u7389\u5219-\u82e5\u5c14\u76d6\u8349\u539f-\u963f\u4e07\u4ed3\u6e7f\u5730-\u5c15\u6d77\u6e56-\u90ce\u6728\u5bfa 8\u65e5\u6e38","trade_status":"TRADE_SUCCESS","is_total_fee_adjust":"N","total_fee":"3080.00","gmt_payment":"2017-08-10 14:28:34","seller_email":"2287684289@qq.com","price":"3080.00","buyer_id":"2088002009243552","notify_id":"262d84cfb36ff5e6205ddef26d57dbak8u","use_coupon":"N","sign_type":"MD5","sign":"0e143d727fe06b7cc7243cbbf84358c8"}
[2017-08-10 14:28:34][info] 数据存储反馈成功！
[2017-08-10 14:28:34][info] success
[2017-08-10 14:28:34][info] 写入结束!!!
[2017-08-10 16:10:20][info] ----------------------------------------
[2017-08-10 16:10:20][info] {"discount":"0.00","payment_type":"1","trade_no":"2017081021001004490257139462","subject":"\u989d\u6d4e\u7eb3\u5168\u666f","buyer_email":"2635413751@qq.com","gmt_create":"2017-08-10 16:10:05","notify_type":"trade_status_sync","quantity":"1","out_trade_no":"LX-17081015571630401-5","seller_id":"2088421286007493","notify_time":"2017-08-10 16:10:20","body":"\u989d\u6d4e\u7eb3\u80e1\u6768\u6797-\u6566\u714c\u5168\u666f-\u5df4\u4e39\u5409\u6797-\u5f20\u6396\u4e39\u971e-\u5609\u5cea\u5173-\u91d1\u5854\u80e1\u6768\u6797-\u52a8\u8f668\u65e5","trade_status":"TRADE_SUCCESS","is_total_fee_adjust":"N","total_fee":"4300.00","gmt_payment":"2017-08-10 16:10:19","seller_email":"2287684289@qq.com","price":"4300.00","buyer_id":"2088702897030495","notify_id":"302de04d0715ca90a4f5aefb243520bjs6","use_coupon":"N","sign_type":"MD5","sign":"889a2e8489e6df7c7bec8ee8736083c8"}
[2017-08-10 16:10:20][info] 数据存储反馈成功！
[2017-08-10 16:10:20][info] success
[2017-08-10 16:10:20][info] 写入结束!!!
[2017-08-10 19:03:23][info] ----------------------------------------
[2017-08-10 19:03:23][info] {"discount":"0.00","payment_type":"1","trade_no":"2017081021001004810283532537","subject":"\u4e1d\u7ef8\u4e4b\u8def\u5168\u666f\u6e389\u65e5","buyer_email":"xt.tina@hotmail.com","gmt_create":"2017-08-10 19:02:38","notify_type":"trade_status_sync","quantity":"1","out_trade_no":"LX-17072021394694306-4","seller_id":"2088421286007493","notify_time":"2017-08-10 19:03:23","body":"\u72ec\u5bb6\u6c34\u4e0a\u9b54\u9b3c\u57ce-\u65e0\u4eba\u533a\u539f\u751f\u6001\u96c5\u4e39\u63a2\u79d8-\u9752\u6d77\u6e56-\u8336\u5361\u76d0\u6e56-\u83ab\u9ad8\u7a9f-\u9e23\u6c99\u5c71\u6708\u7259\u6cc9-\u5f20\u6396\u4e39\u971e-\u5353\u5c14\u5c719\u65e5\u6e38","trade_status":"TRADE_SUCCESS","is_total_fee_adjust":"N","total_fee":"3780.00","gmt_payment":"2017-08-10 19:03:23","seller_email":"2287684289@qq.com","price":"3780.00","buyer_id":"2088002045146811","notify_id":"878aca84d16375322d3d33dcca9437fm92","use_coupon":"N","sign_type":"MD5","sign":"31327a5215bd275ca80d2c7bf39d5b90"}
[2017-08-10 19:03:23][info] 数据存储反馈成功！
[2017-08-10 19:03:23][info] success
[2017-08-10 19:03:23][info] 写入结束!!!
