[2017-08-14 08:25:44][info] ----------------------------------------
[2017-08-14 08:25:44][info] {"discount":"0.00","payment_type":"1","trade_no":"2017081421001004820222619168","subject":"\u4e1d\u7ef8\u4e4b\u8def\u7cbe\u534e\u4e03\u65e5\u6e38","buyer_email":"jslyggnly@163.com","gmt_create":"2017-08-14 08:25:20","notify_type":"trade_status_sync","quantity":"1","out_trade_no":"LX-17072810475841006-3","seller_id":"2088421286007493","notify_time":"2017-08-14 08:25:44","body":"2017\u5e74\u9752\u6d77\u6e56-\u8336\u5361\u76d0\u6e56-\u6566\u714c-\u5609\u5cea\u5173-\u5f20\u6396\u4e39\u971e\u4e03\u65e5\u6e38","trade_status":"TRADE_SUCCESS","is_total_fee_adjust":"N","total_fee":"6360.00","gmt_payment":"2017-08-14 08:25:43","seller_email":"2287684289@qq.com","price":"6360.00","buyer_id":"2088802934586827","notify_id":"a751a9b5c86c742b675f63aceaef184mbu","use_coupon":"N","sign_type":"MD5","sign":"b84b8132f05ccc8cc862d7e1ccb02ee4"}
[2017-08-14 08:25:44][info] 数据存储反馈成功！
[2017-08-14 08:25:44][info] success
[2017-08-14 08:25:44][info] 写入结束!!!
[2017-08-14 11:32:26][info] ----------------------------------------
[2017-08-14 11:32:26][info] {"discount":"0.00","payment_type":"1","trade_no":"2017081421001004450260450286","subject":"\u8d35\u5dde\u5168\u666f\u6e38","buyer_email":"rose18cn@163.com","gmt_create":"2017-08-14 11:32:08","notify_type":"trade_status_sync","quantity":"1","out_trade_no":"LX-17063011081461201-1","seller_id":"2088421286007493","notify_time":"2017-08-14 11:32:26","body":"\u897f\u6c5f\u5343\u6237\u82d7\u5be8-\u8354\u6ce2-\u9ed4\u4e1c\u5357-\u9547\u8fdc-\u9ec4\u679c\u6811-\u79d8\u5883\u8302\u5170\u6df1\u5ea6\u7eaf\u73a9\u4e5d\u65e5\u6e38","trade_status":"TRADE_SUCCESS","is_total_fee_adjust":"N","total_fee":"3800.00","gmt_payment":"2017-08-14 11:32:25","seller_email":"2287684289@qq.com","price":"3800.00","buyer_id":"2088302449277459","notify_id":"97c0455f9993c4e36a22f622bc2cf8bjh2","use_coupon":"N","sign_type":"MD5","sign":"1079a5bf11ec31a8c6bf34ae1e0668ca"}
[2017-08-14 11:32:26][info] 数据存储反馈成功！
[2017-08-14 11:32:26][info] success
[2017-08-14 11:32:26][info] 写入结束!!!
[2017-08-14 15:10:14][info] ----------------------------------------
[2017-08-14 15:10:14][info] {"discount":"0.00","payment_type":"1","trade_no":"2017081421001004320215670645","subject":"\u65b0\u7586\u5168\u666f","buyer_email":"oldcat67@sina.com","gmt_create":"2017-08-14 15:08:52","notify_type":"trade_status_sync","quantity":"1","out_trade_no":"LX-17080314522623306-c","seller_id":"2088421286007493","notify_time":"2017-08-14 15:10:14","body":"\u5580\u7eb3\u65af-\u79be\u6728-\u8d5b\u91cc\u6728\u6e56-\u85b0\u8863\u8349\u519c\u573a-\u5580\u62c9\u5cfb-\u90a3\u62c9\u63d0-\u5df4\u97f3\u5e03\u9c81\u514b-\u6c5f\u5e03\u62c9\u514b-\u4e94\u5f69\u6ee9-\u5410\u9c81\u756a13\u65e5\u6e38","trade_status":"TRADE_SUCCESS","is_total_fee_adjust":"N","total_fee":"10660.00","gmt_payment":"2017-08-14 15:10:14","seller_email":"2287684289@qq.com","price":"10660.00","buyer_id":"2088502324342324","notify_id":"c6100d5f50e4da958e549e1a156df68igy","use_coupon":"N","sign_type":"MD5","sign":"e5d2ffe0d1dd40a1bb673422e16391d5"}
[2017-08-14 15:10:15][info] 数据存储反馈成功！
[2017-08-14 15:10:15][info] success
[2017-08-14 15:10:15][info] 写入结束!!!
[2017-08-14 15:48:29][info] ----------------------------------------
[2017-08-14 15:48:29][info] {"discount":"0.00","payment_type":"1","trade_no":"2017081421001004750228757389","subject":"\u4e1d\u8def\u5dc5\u5cf0\u4f53\u9a8c\u4e5d\u65e5\u6e38B\u7ebf","buyer_email":"rahangq@163.com","gmt_create":"2017-08-14 15:48:16","notify_type":"trade_status_sync","quantity":"1","out_trade_no":"LX-17072010374128306-e","seller_id":"2088421286007493","notify_time":"2017-08-14 15:48:28","body":"\u9752\u6d77\u6e56-\u8336\u5361\u76d0\u6e56-\u9e23\u6c99\u5c71\u6708\u7259\u6cc9-\u83ab\u9ad8\u7a9f-\u96c5\u4e39\u9b54\u9b3c\u57ce-\u5609\u5cea\u5173-\u5f20\u6396\u4e39\u971e-\u9a6c\u8e44\u5bfa-\u5353\u5c14\u5c71\u8f7b\u5962\u52a8\u8f669\u65e5\u6e38","trade_status":"TRADE_SUCCESS","is_total_fee_adjust":"N","total_fee":"5170.00","gmt_payment":"2017-08-14 15:48:28","seller_email":"2287684289@qq.com","price":"5170.00","buyer_id":"2088002473355751","notify_id":"79269f83ca8748b44623e6d91dd6156lse","use_coupon":"N","sign_type":"MD5","sign":"6e8808f1cbfe21b2fd218f2aa6393664"}
[2017-08-14 15:48:29][info] 数据存储反馈成功！
[2017-08-14 15:48:29][info] success
[2017-08-14 15:48:29][info] 写入结束!!!
[2017-08-14 16:48:52][info] ----------------------------------------
[2017-08-14 16:48:52][info] {"discount":"0.00","payment_type":"1","trade_no":"2017081421001004670208194701","subject":"\u989d\u6d4e\u7eb3\u5168\u666f","buyer_email":"zengxiangke@hotmail.com","gmt_create":"2017-08-14 16:48:40","notify_type":"trade_status_sync","quantity":"1","out_trade_no":"LX-17081416280045006-0","seller_id":"2088421286007493","notify_time":"2017-08-14 16:48:52","body":"\u989d\u6d4e\u7eb3\u80e1\u6768\u6797-\u6566\u714c\u5168\u666f-\u5df4\u4e39\u5409\u6797-\u5f20\u6396\u4e39\u971e-\u5609\u5cea\u5173-\u91d1\u5854\u80e1\u6768\u6797-\u52a8\u8f668\u65e5","trade_status":"TRADE_SUCCESS","is_total_fee_adjust":"N","total_fee":"10640.00","gmt_payment":"2017-08-14 16:48:51","seller_email":"2287684289@qq.com","price":"10640.00","buyer_id":"2088102057906673","notify_id":"0f6e2cd20a26ab5aa8180865944b73fl66","use_coupon":"N","sign_type":"MD5","sign":"d3dbf7f71ced6cce4362d4c57621df53"}
[2017-08-14 16:48:52][info] 数据存储反馈成功！
[2017-08-14 16:48:52][info] success
[2017-08-14 16:48:52][info] 写入结束!!!
[2017-08-14 17:20:50][info] ----------------------------------------
[2017-08-14 17:20:50][info] {"discount":"0.00","payment_type":"1","trade_no":"2017081421001004490265057595","subject":"\u989d\u6d4e\u7eb3\u5168\u666f","buyer_email":"13688835096","gmt_create":"2017-08-14 17:20:41","notify_type":"trade_status_sync","quantity":"1","out_trade_no":"LX-17081416524851101-4","seller_id":"2088421286007493","notify_time":"2017-08-14 17:20:50","body":"\u989d\u6d4e\u7eb3\u80e1\u6768\u6797-\u6566\u714c\u5168\u666f-\u5df4\u4e39\u5409\u6797-\u5f20\u6396\u4e39\u971e-\u5609\u5cea\u5173-\u91d1\u5854\u80e1\u6768\u6797-\u52a8\u8f668\u65e5","trade_status":"TRADE_SUCCESS","is_total_fee_adjust":"N","total_fee":"5320.00","gmt_payment":"2017-08-14 17:20:49","seller_email":"2287684289@qq.com","price":"5320.00","buyer_id":"2088702177880491","notify_id":"d08376801f59f60b2b5d2dbbfa03d45js6","use_coupon":"N","sign_type":"MD5","sign":"4b4afe8eced9d19d997916fe4dc05e47"}
[2017-08-14 17:20:50][info] 数据存储反馈成功！
[2017-08-14 17:20:50][info] success
[2017-08-14 17:20:50][info] 写入结束!!!
[2017-08-14 17:46:10][info] ----------------------------------------
[2017-08-14 17:46:10][info] {"discount":"0.00","payment_type":"1","trade_no":"2017081421001004870200368529","subject":"\u575d\u4e0a\u79cb\u6444","buyer_email":"yiyicliff@hotmail.com","gmt_create":"2017-08-14 17:45:55","notify_type":"trade_status_sync","quantity":"1","out_trade_no":"LX-17053000133574706-f","seller_id":"2088421286007493","notify_time":"2017-08-14 17:46:10","body":"9-10\u6708\u91d1\u79cb\uff0c\u5317\u6c9f\u3001\u6768\u6811\u80cc\u3001\u4e94\u5f69\u5c71\u3001\u86e4\u87c6\u575d\u3001\u91ce\u9e2d\u6e56\u3001\u516c\u4e3b\u6e56\u7b49\u575d\u4e0a\u8349\u539f\u79cb\u8272\u4e00\u7f51\u6253\u5c3d 6\u65e5\u6444\u5f71\u521b\u4f5c\u56e2\uff08\u575d\u4e0a\u62cd\u64444\u5929\uff09","trade_status":"TRADE_SUCCESS","is_total_fee_adjust":"N","total_fee":"1340.00","gmt_payment":"2017-08-14 17:46:10","seller_email":"2287684289@qq.com","price":"1340.00","buyer_id":"2088002144157873","notify_id":"56e3aa90721ab2ced581468e734737dmpq","use_coupon":"N","sign_type":"MD5","sign":"af0a84ff004158d37faad6fec238c747"}
[2017-08-14 17:46:11][info] 数据存储反馈成功！
[2017-08-14 17:46:11][info] success
[2017-08-14 17:46:11][info] 写入结束!!!
[2017-08-14 18:45:47][info] ----------------------------------------
[2017-08-14 18:45:47][info] {"discount":"0.00","payment_type":"1","trade_no":"2017081421001004810291312388","subject":"\u4e1d\u8def\u5dc5\u5cf0\u4f53\u9a8c\u4e5d\u65e5\u6e38B\u7ebf","buyer_email":"helen_r_liu@hotmail.com","gmt_create":"2017-08-14 18:45:40","notify_type":"trade_status_sync","quantity":"1","out_trade_no":"LX-17062813205036806-5","seller_id":"2088421286007493","notify_time":"2017-08-14 18:45:47","body":"\u9752\u6d77\u6e56-\u8336\u5361\u76d0\u6e56-\u9e23\u6c99\u5c71\u6708\u7259\u6cc9-\u83ab\u9ad8\u7a9f-\u96c5\u4e39\u9b54\u9b3c\u57ce-\u5609\u5cea\u5173-\u5f20\u6396\u4e39\u971e-\u9a6c\u8e44\u5bfa-\u5353\u5c14\u5c71\u8f7b\u5962\u52a8\u8f669\u65e5\u6e38","trade_status":"TRADE_SUCCESS","is_total_fee_adjust":"N","total_fee":"7470.00","gmt_payment":"2017-08-14 18:45:47","seller_email":"2287684289@qq.com","price":"7470.00","buyer_id":"2088002557821815","notify_id":"e7ed0bc8a19bcb08a1918ed2959b8b7m92","use_coupon":"N","sign_type":"MD5","sign":"17c216c4dd457eed7c0edfd42c11f976"}
[2017-08-14 18:45:48][info] 数据存储反馈成功！
[2017-08-14 18:45:48][info] success
[2017-08-14 18:45:48][info] 写入结束!!!
[2017-08-14 20:06:58][info] ----------------------------------------
[2017-08-14 20:06:58][info] {"discount":"0.00","payment_type":"1","trade_no":"2017081421001004550230111364","subject":"\u7518\u5357\u5168\u666f","buyer_email":"258952035@qq.com","gmt_create":"2017-08-14 20:05:58","notify_type":"trade_status_sync","quantity":"1","out_trade_no":"LX-17081419220954306-8","seller_id":"2088421286007493","notify_time":"2017-08-14 20:06:58","body":"2017\u5e74\u72ec\u5bb6  \u62c9\u535c\u695e\u5bfa-\u624e\u5c15\u90a3-\u82b1\u6e56-\u5e74\u5b9d\u7389\u5219-\u82e5\u5c14\u76d6\u8349\u539f-\u963f\u4e07\u4ed3\u6e7f\u5730-\u5c15\u6d77\u6e56-\u90ce\u6728\u5bfa 8\u65e5\u6e38","trade_status":"TRADE_SUCCESS","is_total_fee_adjust":"N","total_fee":"4920.00","gmt_payment":"2017-08-14 20:06:58","seller_email":"2287684289@qq.com","price":"4920.00","buyer_id":"2088002057540553","notify_id":"fc527f27a1e9962e2f0166d114632a7k8u","use_coupon":"N","sign_type":"MD5","sign":"0b59d071dd1662126cc05ba02ac2703c"}
[2017-08-14 20:06:59][info] 数据存储反馈成功！
[2017-08-14 20:06:59][info] success
[2017-08-14 20:06:59][info] 写入结束!!!
[2017-08-14 21:25:30][info] ----------------------------------------
[2017-08-14 21:25:30][info] {"discount":"0.00","payment_type":"1","trade_no":"2017081421001004090278950169","subject":"\u989d\u6d4e\u7eb3\u5168\u666f","buyer_email":"irislinna@hotmail.com","gmt_create":"2017-08-14 21:25:15","notify_type":"trade_status_sync","quantity":"1","out_trade_no":"LX-17081418411574806-7","seller_id":"2088421286007493","notify_time":"2017-08-14 21:25:30","body":"\u989d\u6d4e\u7eb3\u80e1\u6768\u6797-\u6566\u714c\u5168\u666f-\u5df4\u4e39\u5409\u6797-\u5f20\u6396\u4e39\u971e-\u5609\u5cea\u5173-\u91d1\u5854\u80e1\u6768\u6797-\u52a8\u8f668\u65e5","trade_status":"TRADE_SUCCESS","is_total_fee_adjust":"N","total_fee":"7510.00","gmt_payment":"2017-08-14 21:25:30","seller_email":"2287684289@qq.com","price":"7510.00","buyer_id":"2088202400111094","notify_id":"1580f0dbb8d0a8241dfd2d4168bf277gp2","use_coupon":"N","sign_type":"MD5","sign":"70ef07779f41b48e493e27695f121fd1"}
[2017-08-14 21:25:31][info] 数据存储反馈成功！
[2017-08-14 21:25:31][info] success
[2017-08-14 21:25:31][info] 写入结束!!!
[2017-08-14 21:31:18][info] ----------------------------------------
[2017-08-14 21:31:18][info] {"discount":"0.00","payment_type":"1","trade_no":"2017081421001004860220354704","subject":"\u65b0\u7586\u5168\u666f","buyer_email":"15813707791","gmt_create":"2017-08-14 21:30:56","notify_type":"trade_status_sync","quantity":"1","out_trade_no":"LX-17080612112476506-0","seller_id":"2088421286007493","notify_time":"2017-08-14 21:31:18","body":"\u5580\u7eb3\u65af-\u79be\u6728-\u8d5b\u91cc\u6728\u6e56-\u85b0\u8863\u8349\u519c\u573a-\u5580\u62c9\u5cfb-\u90a3\u62c9\u63d0-\u5df4\u97f3\u5e03\u9c81\u514b-\u6c5f\u5e03\u62c9\u514b-\u4e94\u5f69\u6ee9-\u5410\u9c81\u756a13\u65e5\u6e38","trade_status":"TRADE_SUCCESS","is_total_fee_adjust":"N","total_fee":"8060.00","gmt_payment":"2017-08-14 21:31:18","seller_email":"2287684289@qq.com","price":"8060.00","buyer_id":"2088602084477860","notify_id":"f711df9fb0d51e631a3956a7e3a7462mmy","use_coupon":"N","sign_type":"MD5","sign":"d3a76b4ac7f9edd83f44eff928e24266"}
[2017-08-14 21:31:18][info] 数据存储反馈成功！
[2017-08-14 21:31:18][info] success
[2017-08-14 21:31:18][info] 写入结束!!!
[2017-08-14 22:45:27][info] ----------------------------------------
[2017-08-14 22:45:27][info] {"discount":"0.00","payment_type":"1","trade_no":"2017081421001004160332500969","subject":"\u5927\u7f8e\u5ddd\u85cf","buyer_email":"312233310@qq.com","gmt_create":"2017-08-14 22:45:06","notify_type":"trade_status_sync","quantity":"1","out_trade_no":"LX-17080914331378206-5","seller_id":"2088421286007493","notify_time":"2017-08-14 22:45:27","body":"2017\u4ece\u4f60\u7684\u5168\u4e16\u754c\u8def\u8fc7 \u2014 \u5ddd\u85cf\u5357\u7ebf+\u6ec7\u85cf\u7ebf+\u7a3b\u57ce\u4e9a\u4e01+\u6885\u91cc\u96ea\u5c71+\u6765\u53e4\u675111\u65e5\u6e38","trade_status":"TRADE_SUCCESS","is_total_fee_adjust":"N","total_fee":"6200.00","gmt_payment":"2017-08-14 22:45:26","seller_email":"2287684289@qq.com","price":"6200.00","buyer_id":"2088102865430160","notify_id":"c33768cc876e47de6b8a7f49764bac1h8j","use_coupon":"N","sign_type":"MD5","sign":"47be95e227562a90a4e09df1a6dae2fa"}
[2017-08-14 22:45:27][info] 数据存储反馈成功！
[2017-08-14 22:45:27][info] success
[2017-08-14 22:45:27][info] 写入结束!!!
