[2017-07-05 08:02:33][info] ----------------------------------------
[2017-07-05 08:02:33][info] {"discount":"0.00","payment_type":"1","trade_no":"2017070521001004900259304442","subject":"\u4e1d\u8def\u5dc5\u5cf0\u4f53\u9a8c\u4e5d\u65e5\u6e38B\u7ebf","buyer_email":"cjf197412@163.com","gmt_create":"2017-07-05 08:01:37","notify_type":"trade_status_sync","quantity":"1","out_trade_no":"LX-17070421561474206-e","seller_id":"2088421286007493","notify_time":"2017-07-05 08:02:33","body":"\u5170\u5dde-\u9e23\u6c99\u5c71\u6708\u7259\u6cc9-\u83ab\u9ad8\u7a9f-\u96c5\u4e39\u9b54\u9b3c\u57ce-\u6566\u714c\u535a\u7269\u9986-\u5609\u5cea\u5173-\u5f20\u6396\u4e39\u971e-\u9a6c\u8e44\u5bfa-\u5353\u5c14\u5c71-\u8336\u5361\u76d0\u6e56-\u9752\u6d77\u6e569\u65e5\u6e38","trade_status":"TRADE_SUCCESS","is_total_fee_adjust":"N","total_fee":"6120.00","gmt_payment":"2017-07-05 08:02:32","seller_email":"2287684289@qq.com","price":"6120.00","buyer_id":"2088002641105904","notify_id":"9b7d0b996113b06ddccec1cf784636cmy2","use_coupon":"N","sign_type":"MD5","sign":"b4e9aea0b18412226ce36234cab81757"}
[2017-07-05 08:02:33][info] 数据存储反馈成功！
[2017-07-05 08:02:33][info] success
[2017-07-05 08:02:33][info] 写入结束!!!
[2017-07-05 10:04:18][info] ----------------------------------------
[2017-07-05 10:04:18][info] {"discount":"0.00","payment_type":"1","trade_no":"2017070521001004780285118396","subject":"\u7518\u5357\u5168\u666f","buyer_email":"doris.chai@hotmail.com","gmt_create":"2017-07-05 10:04:03","notify_type":"trade_status_sync","quantity":"1","out_trade_no":"LX-17063011395652801-7","seller_id":"2088421286007493","notify_time":"2017-07-05 10:04:18","body":"2017\u5e74\u72ec\u5bb6  \u62c9\u535c\u695e\u5bfa-\u624e\u5c15\u90a3-\u82b1\u6e56-\u5e74\u5b9d\u7389\u5219-\u82e5\u5c14\u76d6\u8349\u539f-\u963f\u4e07\u4ed3\u6e7f\u5730-\u5c15\u6d77\u6e56-\u90ce\u6728\u5bfa 8\u65e5\u6e38","trade_status":"TRADE_SUCCESS","is_total_fee_adjust":"N","total_fee":"1610.00","gmt_payment":"2017-07-05 10:04:17","seller_email":"2287684289@qq.com","price":"1610.00","buyer_id":"2088002141109783","notify_id":"08320620d8721c79372c908ecfad8d5m0q","use_coupon":"N","sign_type":"MD5","sign":"946a84a1215e8873c8f0a4b386bca18d"}
[2017-07-05 10:04:18][info] 数据存储反馈成功！
[2017-07-05 10:04:18][info] success
[2017-07-05 10:04:18][info] 写入结束!!!
[2017-07-05 12:14:11][info] ----------------------------------------
[2017-07-05 12:14:11][info] {"discount":"0.00","payment_type":"1","trade_no":"2017070521001004230294691967","subject":"\u7518\u5357\u5168\u666f","buyer_email":"13661666029","gmt_create":"2017-07-05 12:13:04","notify_type":"trade_status_sync","quantity":"1","out_trade_no":"LX-17070423570018701-0","seller_id":"2088421286007493","notify_time":"2017-07-05 12:14:11","body":"2017\u5e74\u72ec\u5bb6  \u62c9\u535c\u695e\u5bfa-\u624e\u5c15\u90a3-\u82b1\u6e56-\u5e74\u5b9d\u7389\u5219-\u82e5\u5c14\u76d6\u8349\u539f-\u963f\u4e07\u4ed3\u6e7f\u5730-\u5c15\u6d77\u6e56-\u90ce\u6728\u5bfa 8\u65e5\u6e38","trade_status":"TRADE_SUCCESS","is_total_fee_adjust":"N","total_fee":"3280.00","gmt_payment":"2017-07-05 12:14:11","seller_email":"2287684289@qq.com","price":"3280.00","buyer_id":"2088502859693232","notify_id":"70c7c48d819cb5cc57e95edb8acc767hry","use_coupon":"N","sign_type":"MD5","sign":"2424b64158fd7d66aa59a73cae971184"}
[2017-07-05 12:14:12][info] 数据存储反馈成功！
[2017-07-05 12:14:12][info] success
[2017-07-05 12:14:12][info] 写入结束!!!
[2017-07-05 12:26:18][info] ----------------------------------------
[2017-07-05 12:26:18][info] {"discount":"0.00","payment_type":"1","trade_no":"2017070521001004200207226019","subject":"\u4e1d\u7ef8\u4e4b\u8def\u7ecf\u5178\u4e5d\u65e5","buyer_email":"yanzhen_760822@163.com","gmt_create":"2017-07-05 12:25:56","notify_type":"trade_status_sync","quantity":"1","out_trade_no":"LX-17070510234371601-a","seller_id":"2088421286007493","notify_time":"2017-07-05 12:26:18","body":"\u6c99\u5c9b-\u9752\u6d77\u6e56-\u8336\u5361\u76d0\u6e56-\u5353\u5c14\u5c71-\u5f20\u6396\u4e39\u971e-\u5609\u5cea\u5173-\u6566\u714c9\u65e5\u6e38","trade_status":"TRADE_SUCCESS","is_total_fee_adjust":"N","total_fee":"1980.00","gmt_payment":"2017-07-05 12:26:17","seller_email":"2287684289@qq.com","price":"1980.00","buyer_id":"2088602312261201","notify_id":"999de5c201c57e3ed1b78af50b5fb6chjm","use_coupon":"N","sign_type":"MD5","sign":"0dba29071e3f43c93a0bc17e089003d6"}
[2017-07-05 12:26:18][info] 数据存储反馈成功！
[2017-07-05 12:26:18][info] success
[2017-07-05 12:26:18][info] 写入结束!!!
[2017-07-05 12:48:05][info] ----------------------------------------
[2017-07-05 12:48:05][info] {"discount":"0.00","payment_type":"1","trade_no":"2017070521001004340212454450","subject":"\u65b0\u7586\u5168\u666f","buyer_email":"20677009@qq.com","gmt_create":"2017-07-05 12:47:29","notify_type":"trade_status_sync","quantity":"1","out_trade_no":"LX-17070509454436306-2","seller_id":"2088421286007493","notify_time":"2017-07-05 12:48:04","body":"\u6c5f\u5e03\u62c9\u514b-\u4e94\u5f69\u6ee9-\u5580\u7eb3\u65af-\u79be\u6728-\u8d5b\u91cc\u6728\u6e56-\u85b0\u8863\u8349\u519c\u573a-\u5580\u62c9\u5cfb-\u90a3\u62c9\u63d0-\u5df4\u97f3\u5e03\u9c81\u514b-\u5410\u9c81\u756a13\u65e5\u6e38","trade_status":"TRADE_SUCCESS","is_total_fee_adjust":"N","total_fee":"9560.00","gmt_payment":"2017-07-05 12:48:04","seller_email":"2287684289@qq.com","price":"9560.00","buyer_id":"2088202434443345","notify_id":"341ccb88e3b0f76f46b4563cbf50bb2imi","use_coupon":"N","sign_type":"MD5","sign":"0df28476f45f4047fc67b1ac279fdad2"}
[2017-07-05 12:48:05][info] 数据存储反馈成功！
[2017-07-05 12:48:05][info] success
[2017-07-05 12:48:05][info] 写入结束!!!
[2017-07-05 12:53:27][info] ----------------------------------------
[2017-07-05 12:53:27][info] {"discount":"0.00","payment_type":"1","trade_no":"2017070521001004070254389097","subject":"\u4e1d\u8def\u5dc5\u5cf0\u4f53\u9a8c\u5341\u65e5\u6e38","buyer_email":"430061796@qq.com","gmt_create":"2017-07-05 12:53:17","notify_type":"trade_status_sync","quantity":"1","out_trade_no":"LX-17070422475240801-d","seller_id":"2088421286007493","notify_time":"2017-07-05 12:53:27","body":"\u6c99\u5c9b-\u9752\u6d77\u6e56-\u8336\u5361\u76d0\u6e56-\u7941\u8fde-\u5f20\u6396-\u5609\u5cea\u5173-\u6566\u714c\u5341\u65e5\u6e38","trade_status":"TRADE_SUCCESS","is_total_fee_adjust":"N","total_fee":"8560.00","gmt_payment":"2017-07-05 12:53:27","seller_email":"2287684289@qq.com","price":"8560.00","buyer_id":"2088002026247072","notify_id":"51dea0baf804e2f57b16776c0fd32a5gji","use_coupon":"N","sign_type":"MD5","sign":"a614063bba3f458c9e8703ae6c3be4aa"}
[2017-07-05 12:53:28][info] 数据存储反馈成功！
[2017-07-05 12:53:28][info] success
[2017-07-05 12:53:28][info] 写入结束!!!
[2017-07-05 13:37:19][info] ----------------------------------------
[2017-07-05 13:37:19][info] {"discount":"0.00","payment_type":"1","trade_no":"2017070521001004340212578532","subject":"\u65b0\u7586\u5168\u666f","buyer_email":"20677009@qq.com","gmt_create":"2017-07-05 13:37:01","notify_type":"trade_status_sync","quantity":"1","out_trade_no":"LX-17070509534985906-3","seller_id":"2088421286007493","notify_time":"2017-07-05 13:37:19","body":"\u6c5f\u5e03\u62c9\u514b-\u4e94\u5f69\u6ee9-\u5580\u7eb3\u65af-\u79be\u6728-\u8d5b\u91cc\u6728\u6e56-\u85b0\u8863\u8349\u519c\u573a-\u5580\u62c9\u5cfb-\u90a3\u62c9\u63d0-\u5df4\u97f3\u5e03\u9c81\u514b-\u5410\u9c81\u756a13\u65e5\u6e38","trade_status":"TRADE_SUCCESS","is_total_fee_adjust":"N","total_fee":"9560.00","gmt_payment":"2017-07-05 13:37:19","seller_email":"2287684289@qq.com","price":"9560.00","buyer_id":"2088202434443345","notify_id":"0bef0cd10455dd5a2fdf21d51e7fa4aimi","use_coupon":"N","sign_type":"MD5","sign":"eb93ea81cbc43f24705c46211f7192d7"}
[2017-07-05 13:37:20][info] 数据存储反馈成功！
[2017-07-05 13:37:20][info] success
[2017-07-05 13:37:20][info] 写入结束!!!
[2017-07-05 14:00:53][info] ----------------------------------------
[2017-07-05 14:00:53][info] {"discount":"0.00","payment_type":"1","trade_no":"2017040521001004840292339674","subject":"\u96ea\u57df\u6843\u82b1\u6df1\u5ea6\u6e38","buyer_email":"wxiaod55@163.com","gmt_create":"2017-04-05 13:59:17","notify_type":"trade_status_sync","quantity":"1","out_trade_no":"LX-17032911174734901-8","seller_id":"2088421286007493","notify_time":"2017-07-05 14:00:53","body":"2017\u5e74\u6797\u829d\u6843\u82b1\u6c9f-\u6ce2\u5bc6\u560e\u6717-\u5357\u8fe6\u5df4\u74e6\u5cf0-\u7136\u4e4c\u6e56-\u7c73\u5806\u51b0\u5ddd\u516b\u65e5\u6e38","trade_status":"TRADE_FINISHED","is_total_fee_adjust":"N","total_fee":"6840.00","gmt_payment":"2017-04-05 13:59:58","seller_email":"2287684289@qq.com","gmt_close":"2017-07-05 14:00:53","price":"6840.00","buyer_id":"2088002276091847","notify_id":"c18974cc42df152d4074eb462371315mhe","use_coupon":"N","sign_type":"MD5","sign":"dd223381df7916dba080d7e16378a6d8"}
[2017-07-05 14:00:53][info] 数据存储反馈成功！
[2017-07-05 14:00:53][info] success
[2017-07-05 14:00:53][info] 写入结束!!!
[2017-07-05 16:08:25][info] ----------------------------------------
[2017-07-05 16:08:25][info] {"discount":"0.00","payment_type":"1","trade_no":"2017070521001004200207618062","subject":"\u4e1d\u8def\u5dc5\u5cf0\u4f53\u9a8c\u4e5d\u65e5\u6e38B\u7ebf","buyer_email":"384104030@qq.com","gmt_create":"2017-07-05 16:08:14","notify_type":"trade_status_sync","quantity":"1","out_trade_no":"LX-17070515353987201-1","seller_id":"2088421286007493","notify_time":"2017-07-05 16:08:25","body":"\u5170\u5dde-\u9e23\u6c99\u5c71\u6708\u7259\u6cc9-\u83ab\u9ad8\u7a9f-\u96c5\u4e39\u9b54\u9b3c\u57ce-\u6566\u714c\u535a\u7269\u9986-\u5609\u5cea\u5173-\u5f20\u6396\u4e39\u971e-\u9a6c\u8e44\u5bfa-\u5353\u5c14\u5c71-\u8336\u5361\u76d0\u6e56-\u9752\u6d77\u6e569\u65e5\u6e38","trade_status":"TRADE_SUCCESS","is_total_fee_adjust":"N","total_fee":"8840.00","gmt_payment":"2017-07-05 16:08:24","seller_email":"2287684289@qq.com","price":"8840.00","buyer_id":"2088002436975208","notify_id":"7e34495aaf72de4a9a94af14055746dhjm","use_coupon":"N","sign_type":"MD5","sign":"cea7ea5e515fd0c8a7834a253c877f69"}
[2017-07-05 16:08:25][info] 数据存储反馈成功！
[2017-07-05 16:08:25][info] success
[2017-07-05 16:08:25][info] 写入结束!!!
[2017-07-05 17:01:54][info] ----------------------------------------
[2017-07-05 17:01:54][info] {"discount":"0.00","payment_type":"1","trade_no":"2017070521001004230295346443","subject":"\u7518\u5357\u5168\u666f","buyer_email":"18611122039","gmt_create":"2017-07-05 17:00:58","notify_type":"trade_status_sync","quantity":"1","out_trade_no":"LX-17062913302866506-5","seller_id":"2088421286007493","notify_time":"2017-07-05 17:01:54","body":"2017\u5e74\u72ec\u5bb6  \u62c9\u535c\u695e\u5bfa-\u624e\u5c15\u90a3-\u82b1\u6e56-\u5e74\u5b9d\u7389\u5219-\u82e5\u5c14\u76d6\u8349\u539f-\u963f\u4e07\u4ed3\u6e7f\u5730-\u5c15\u6d77\u6e56-\u90ce\u6728\u5bfa 8\u65e5\u6e38","trade_status":"TRADE_SUCCESS","is_total_fee_adjust":"N","total_fee":"2470.00","gmt_payment":"2017-07-05 17:01:54","seller_email":"2287684289@qq.com","price":"2470.00","buyer_id":"2088422601069235","notify_id":"de2f718a2773b149019001244462b05hry","use_coupon":"N","sign_type":"MD5","sign":"6f3c4eb90c021ec866ed6d1c95e623b3"}
[2017-07-05 17:01:54][info] 数据存储反馈成功！
[2017-07-05 17:01:54][info] success
[2017-07-05 17:01:54][info] 写入结束!!!
[2017-07-05 18:29:43][info] ----------------------------------------
[2017-07-05 18:29:43][info] {"discount":"0.00","payment_type":"1","trade_no":"2017070521001004440213257096","subject":"\u65b0\u7586\u5168\u666f","buyer_email":"13629201075","gmt_create":"2017-07-05 18:29:07","notify_type":"trade_status_sync","quantity":"1","out_trade_no":"LX-1707051825418001-9","seller_id":"2088421286007493","notify_time":"2017-07-05 18:29:43","body":"\u6c5f\u5e03\u62c9\u514b-\u4e94\u5f69\u6ee9-\u5580\u7eb3\u65af-\u79be\u6728-\u8d5b\u91cc\u6728\u6e56-\u85b0\u8863\u8349\u519c\u573a-\u5580\u62c9\u5cfb-\u90a3\u62c9\u63d0-\u5df4\u97f3\u5e03\u9c81\u514b-\u5410\u9c81\u756a13\u65e5\u6e38","trade_status":"TRADE_SUCCESS","is_total_fee_adjust":"N","total_fee":"10760.00","gmt_payment":"2017-07-05 18:29:43","seller_email":"2287684289@qq.com","price":"10760.00","buyer_id":"2088122998578441","notify_id":"7ecd2d02a2509ea621b42589023f42bjea","use_coupon":"N","sign_type":"MD5","sign":"5904e27cc40d75cab1e10ceb5841f60c"}
[2017-07-05 18:29:44][info] 数据存储反馈成功！
[2017-07-05 18:29:44][info] success
[2017-07-05 18:29:44][info] 写入结束!!!
[2017-07-05 18:31:06][info] ----------------------------------------
[2017-07-05 18:31:06][info] {"discount":"0.00","payment_type":"1","trade_no":"2017070521001004210294902146","subject":"\u4e1d\u7ef8\u4e4b\u8def\u5168\u666f\u6e389\u65e5","buyer_email":"454294951@qq.com","gmt_create":"2017-07-05 18:30:16","notify_type":"trade_status_sync","quantity":"1","out_trade_no":"LX-17070518183480301-d","seller_id":"2088421286007493","notify_time":"2017-07-05 18:31:06","body":"\u5170\u5dde-\u5854\u5c14\u5bfa-\u9752\u6d77\u6e56-\u8336\u5361\u76d0\u6e56-\u6c34\u4e0a\u9b54\u9b3c\u57ce-\u83ab\u9ad8\u7a9f-\u9e23\u6c99\u5c71\u6708\u7259\u6cc9-\u5f20\u6396\u4e39\u971e-\u5353\u5c14\u5c719\u65e5\u6e38","trade_status":"TRADE_SUCCESS","is_total_fee_adjust":"N","total_fee":"7560.00","gmt_payment":"2017-07-05 18:31:05","seller_email":"2287684289@qq.com","price":"7560.00","buyer_id":"2088612869377210","notify_id":"b94a4fe5569d9688a27032106b81407hme","use_coupon":"N","sign_type":"MD5","sign":"44faae4254f8b5f1ab42a5f59394798e"}
[2017-07-05 18:31:06][info] 数据存储反馈成功！
[2017-07-05 18:31:06][info] success
[2017-07-05 18:31:06][info] 写入结束!!!
[2017-07-05 20:00:53][info] ----------------------------------------
[2017-07-05 20:00:53][info] {"discount":"0.00","payment_type":"1","trade_no":"2017070521001004400239462085","subject":"\u4e1d\u7ef8\u4e4b\u8def\u7cbe\u534e\u4e03\u65e5\u6e38","buyer_email":"yiling515@126.com","gmt_create":"2017-07-05 20:00:28","notify_type":"trade_status_sync","quantity":"1","out_trade_no":"LX-1707051926445901-7","seller_id":"2088421286007493","notify_time":"2017-07-05 20:00:53","body":"2017\u5e74\u9752\u6d77\u6e56-\u8336\u5361\u76d0\u6e56-\u6566\u714c-\u5609\u5cea\u5173-\u5f20\u6396\u4e39\u971e\u4e03\u65e5\u6e38","trade_status":"TRADE_SUCCESS","is_total_fee_adjust":"N","total_fee":"2530.00","gmt_payment":"2017-07-05 20:00:53","seller_email":"2287684289@qq.com","price":"2530.00","buyer_id":"2088402899526409","notify_id":"9547776267db1d741f7dd523fcf1081j36","use_coupon":"N","sign_type":"MD5","sign":"86967a27b272a3e1256b28f079071d89"}
[2017-07-05 20:00:53][info] 数据存储反馈成功！
[2017-07-05 20:00:53][info] success
[2017-07-05 20:00:53][info] 写入结束!!!
[2017-07-05 21:12:24][info] ----------------------------------------
[2017-07-05 21:12:24][info] {"discount":"0.00","payment_type":"1","trade_no":"2017070521001004460212840309","subject":"\u4e1d\u7ef8\u4e4b\u8def\u5168\u666f\u6e389\u65e5","buyer_email":"jingup@126.com","gmt_create":"2017-07-05 19:23:19","notify_type":"trade_status_sync","quantity":"1","out_trade_no":"LX-17070423574556401-1","seller_id":"2088421286007493","notify_time":"2017-07-05 21:12:24","body":"\u5170\u5dde-\u5854\u5c14\u5bfa-\u9752\u6d77\u6e56-\u8336\u5361\u76d0\u6e56-\u6c34\u4e0a\u9b54\u9b3c\u57ce-\u83ab\u9ad8\u7a9f-\u9e23\u6c99\u5c71\u6708\u7259\u6cc9-\u5f20\u6396\u4e39\u971e-\u5353\u5c14\u5c719\u65e5\u6e38","trade_status":"TRADE_SUCCESS","is_total_fee_adjust":"N","total_fee":"18520.00","gmt_payment":"2017-07-05 21:12:24","seller_email":"2287684289@qq.com","price":"18520.00","buyer_id":"2088002031669469","notify_id":"bad29832debae278f11af4eedf98a6bjju","use_coupon":"N","sign_type":"MD5","sign":"fa454f7c99f79318bcf27f6bde273318"}
[2017-07-05 21:12:25][info] 数据存储反馈成功！
[2017-07-05 21:12:25][info] success
[2017-07-05 21:12:25][info] 写入结束!!!
[2017-07-05 21:40:55][info] ----------------------------------------
[2017-07-05 21:40:55][info] {"discount":"0.00","payment_type":"1","trade_no":"2017070521001004440213568211","subject":"\u8d35\u5dde\u5168\u666f\u6e38","buyer_email":"13852041108","gmt_create":"2017-07-05 21:40:41","notify_type":"trade_status_sync","quantity":"1","out_trade_no":"LX-17060909330571206-5","seller_id":"2088421286007493","notify_time":"2017-07-05 21:40:55","body":"\u79d8\u5883\u8302\u5170-\u8354\u6ce2-\u9ed4\u4e1c\u5357-\u9547\u8fdc-\u897f\u6c5f\u82d7\u5be8-\u9ec4\u679c\u6811\u6df1\u5ea6\u7eaf\u73a9\u4e5d\u65e5\u6e38","trade_status":"TRADE_SUCCESS","is_total_fee_adjust":"N","total_fee":"3780.00","gmt_payment":"2017-07-05 21:40:55","seller_email":"2287684289@qq.com","price":"3780.00","buyer_id":"2088702047991445","notify_id":"b6c42ec19ae600bb358a7c8f050c16bjea","use_coupon":"N","sign_type":"MD5","sign":"bfdf2d5ce921259ce1dfde927ac14a1c"}
[2017-07-05 21:40:55][info] 数据存储反馈成功！
[2017-07-05 21:40:55][info] success
[2017-07-05 21:40:55][info] 写入结束!!!
