[2017-07-01 09:06:17][info] ----------------------------------------
[2017-07-01 09:06:17][info] {"discount":"0.00","payment_type":"1","trade_no":"2017070121001004040210491080","subject":"\u4e1d\u8def\u5dc5\u5cf0\u4f53\u9a8c\u5341\u65e5\u6e38","buyer_email":"ldh3@sina.cn","gmt_create":"2017-07-01 09:05:46","notify_type":"trade_status_sync","quantity":"1","out_trade_no":"LX-17062119570715906-5","seller_id":"2088421286007493","notify_time":"2017-07-01 09:06:16","body":"\u6c99\u5c9b-\u9752\u6d77\u6e56-\u8336\u5361\u76d0\u6e56-\u7941\u8fde-\u5f20\u6396-\u5609\u5cea\u5173-\u6566\u714c\u5341\u65e5\u6e38","trade_status":"TRADE_SUCCESS","is_total_fee_adjust":"N","total_fee":"4180.00","gmt_payment":"2017-07-01 09:06:16","seller_email":"2287684289@qq.com","price":"4180.00","buyer_id":"2088602214202045","notify_id":"df78ef00564b14a828d5d48abdaafcfgb6","use_coupon":"N","sign_type":"MD5","sign":"418f8ba8d2e5134476a469d5fc249532"}
[2017-07-01 09:06:17][info] 数据存储反馈成功！
[2017-07-01 09:06:17][info] success
[2017-07-01 09:06:17][info] 写入结束!!!
[2017-07-01 09:47:14][info] ----------------------------------------
[2017-07-01 09:47:14][info] {"discount":"0.00","payment_type":"1","trade_no":"2017070121001004980265766419","subject":"\u5580\u7eb3\u65af\u4e4b\u590f","buyer_email":"18927281106","gmt_create":"2017-07-01 09:46:47","notify_type":"trade_status_sync","quantity":"1","out_trade_no":"LX-17070107164813301-0","seller_id":"2088421286007493","notify_time":"2017-07-01 09:47:14","body":"2017\u5e747\uff5e8\u6708 \u5929\u6c60-\u5410\u9c81\u756a-\u9b54\u9b3c\u57ce-\u79be\u6728-\u5580\u7eb3\u65af-\u767d\u54c8\u5df4-\u4e94\u5f69\u6ee9\u6df1\u5ea6\u4e5d\u65e5\u6e38","trade_status":"TRADE_SUCCESS","is_total_fee_adjust":"N","total_fee":"4580.00","gmt_payment":"2017-07-01 09:47:14","seller_email":"2287684289@qq.com","price":"4580.00","buyer_id":"2088902281919982","notify_id":"f39d044f33b4a8f6df78f95cc5e4c93nka","use_coupon":"N","sign_type":"MD5","sign":"bed4d8cbb6b9dac4a6e1e09627ea1bdf"}
[2017-07-01 09:47:14][info] 数据存储反馈成功！
[2017-07-01 09:47:14][info] success
[2017-07-01 09:47:14][info] 写入结束!!!
[2017-07-01 10:17:24][info] ----------------------------------------
[2017-07-01 10:17:24][info] {"discount":"0.00","payment_type":"1","trade_no":"2017070121001004200299155142","subject":"\u8d35\u5dde\u5168\u666f\u6e38","buyer_email":"13963609169","gmt_create":"2017-07-01 10:17:10","notify_type":"trade_status_sync","quantity":"1","out_trade_no":"LX-17063013160925406-f","seller_id":"2088421286007493","notify_time":"2017-07-01 10:17:24","body":"\u79d8\u5883\u8302\u5170-\u8354\u6ce2-\u9ed4\u4e1c\u5357-\u9547\u8fdc-\u897f\u6c5f\u82d7\u5be8-\u9ec4\u679c\u6811\u6df1\u5ea6\u7eaf\u73a9\u4e5d\u65e5\u6e38","trade_status":"TRADE_SUCCESS","is_total_fee_adjust":"N","total_fee":"1950.00","gmt_payment":"2017-07-01 10:17:24","seller_email":"2287684289@qq.com","price":"1950.00","buyer_id":"2088402808829205","notify_id":"8dea009c61c73c624af34b0225ded87hjm","use_coupon":"N","sign_type":"MD5","sign":"601c5c123c475fe8960bec57185f772c"}
[2017-07-01 10:17:24][info] 数据存储反馈成功！
[2017-07-01 10:17:24][info] success
[2017-07-01 10:17:24][info] 写入结束!!!
[2017-07-01 10:44:39][info] ----------------------------------------
[2017-07-01 10:44:39][info] {"discount":"0.00","payment_type":"1","trade_no":"2017070121001004120221754542","subject":"\u65b0\u7586\u5168\u666f","buyer_email":"lilijabgs@126.com","gmt_create":"2017-07-01 10:42:09","notify_type":"trade_status_sync","quantity":"1","out_trade_no":"LX-17070110323529106-c","seller_id":"2088421286007493","notify_time":"2017-07-01 10:44:39","body":"\u6c5f\u5e03\u62c9\u514b-\u4e94\u5f69\u6ee9-\u5580\u7eb3\u65af-\u79be\u6728-\u8d5b\u91cc\u6728\u6e56-\u85b0\u8863\u8349\u519c\u573a-\u5580\u62c9\u5cfb-\u90a3\u62c9\u63d0-\u5df4\u97f3\u5e03\u9c81\u514b-\u5410\u9c81\u756a13\u65e5\u6e38","trade_status":"TRADE_SUCCESS","is_total_fee_adjust":"N","total_fee":"10760.00","gmt_payment":"2017-07-01 10:44:39","seller_email":"2287684289@qq.com","price":"10760.00","buyer_id":"2088002702625127","notify_id":"d807f5193ce8d7bf53841c79dce7d4cgxe","use_coupon":"N","sign_type":"MD5","sign":"e2bfc4d831e650ed3f56598d8f36fa6e"}
[2017-07-01 10:44:39][info] 数据存储反馈成功！
[2017-07-01 10:44:39][info] success
[2017-07-01 10:44:39][info] 写入结束!!!
[2017-07-01 11:11:30][info] ----------------------------------------
[2017-07-01 11:11:30][info] {"discount":"0.00","payment_type":"1","trade_no":"2017070121001004080223363089","subject":"\u65b0\u7586\u5168\u666f","buyer_email":"18616806856","gmt_create":"2017-07-01 11:11:21","notify_type":"trade_status_sync","quantity":"1","out_trade_no":"LX-17063013245759501-1","seller_id":"2088421286007493","notify_time":"2017-07-01 11:11:30","body":"\u6c5f\u5e03\u62c9\u514b-\u4e94\u5f69\u6ee9-\u5580\u7eb3\u65af-\u79be\u6728-\u8d5b\u91cc\u6728\u6e56-\u85b0\u8863\u8349\u519c\u573a-\u5580\u62c9\u5cfb-\u90a3\u62c9\u63d0-\u5df4\u97f3\u5e03\u9c81\u514b-\u5410\u9c81\u756a13\u65e5\u6e38","trade_status":"TRADE_SUCCESS","is_total_fee_adjust":"N","total_fee":"5380.00","gmt_payment":"2017-07-01 11:11:30","seller_email":"2287684289@qq.com","price":"5380.00","buyer_id":"2088702800793080","notify_id":"4f6b5e4b94f858558bae7b45f0a3f9agma","use_coupon":"N","sign_type":"MD5","sign":"34b10db16fdc90a9ee8749b857a8e168"}
[2017-07-01 11:11:30][info] 数据存储反馈成功！
[2017-07-01 11:11:30][info] success
[2017-07-01 11:11:30][info] 写入结束!!!
[2017-07-01 11:22:06][info] ----------------------------------------
[2017-07-01 11:22:06][info] {"discount":"0.00","payment_type":"1","trade_no":"2017070121001004600240293147","subject":"\u65b0\u7586\u7cbe\u534e","buyer_email":"lvliush@163.com","gmt_create":"2017-07-01 11:21:38","notify_type":"trade_status_sync","quantity":"1","out_trade_no":"LX-17062516491270701-d","seller_id":"2088421286007493","notify_time":"2017-07-01 11:22:06","body":"\u5929\u5c71\u5929\u6c60-\u5580\u7eb3\u65af-\u79be\u6728-\u4e94\u5f69\u6ee9-\u8d5b\u91cc\u6728\u6e56-\u85b0\u8863\u8349\u5e84\u56ed-\u90a3\u62c9\u63d0-\u5df4\u97f3\u5e03\u9c81\u514b-\u5410\u9c81\u756a11\u65e5\u6e38","trade_status":"TRADE_SUCCESS","is_total_fee_adjust":"N","total_fee":"7020.00","gmt_payment":"2017-07-01 11:22:06","seller_email":"2287684289@qq.com","price":"7020.00","buyer_id":"2088002449050600","notify_id":"666762937d6aeb806a22ea55aed9d68kmq","use_coupon":"N","sign_type":"MD5","sign":"076096b139bf256385f6a52a2cdd8e6d"}
[2017-07-01 11:22:07][info] 数据存储反馈成功！
[2017-07-01 11:22:07][info] success
[2017-07-01 11:22:07][info] 写入结束!!!
[2017-07-01 12:41:15][info] ----------------------------------------
[2017-07-01 12:41:15][info] {"discount":"0.00","payment_type":"1","trade_no":"2017070121001004040210927256","subject":"\u4e1d\u7ef8\u4e4b\u8def\u8f7b\u5962\u6e38","buyer_email":"ouyiju@163.com","gmt_create":"2017-07-01 12:40:48","notify_type":"trade_status_sync","quantity":"1","out_trade_no":"LX-17062913113853406-c","seller_id":"2088421286007493","notify_time":"2017-07-01 12:41:15","body":"\u9752\u6d77\u6e56-\u8336\u5361\u76d0\u6e56-\u6c99\u5c9b-\u7941\u8fde\u5c71-\u5f20\u6396-\u5609\u5cea\u5173-\u6566\u714c9\u65e5\u6e38","trade_status":"TRADE_SUCCESS","is_total_fee_adjust":"N","total_fee":"10960.00","gmt_payment":"2017-07-01 12:41:14","seller_email":"2287684289@qq.com","price":"10960.00","buyer_id":"2088102173474047","notify_id":"f7ab667a9003b497c91155ec98d9dc0gb6","use_coupon":"N","sign_type":"MD5","sign":"c2e56c4d71b0d0bd9b0850afa1155a6c"}
[2017-07-01 12:41:15][info] 数据存储反馈成功！
[2017-07-01 12:41:15][info] success
[2017-07-01 12:41:15][info] 写入结束!!!
[2017-07-01 13:59:33][info] ----------------------------------------
[2017-07-01 13:59:33][info] {"discount":"0.00","payment_type":"1","trade_no":"2017070121001004070245228301","subject":"\u8d35\u5dde\u5168\u666f\u6e38","buyer_email":"freda@gxlu.com.cn","gmt_create":"2017-07-01 13:59:26","notify_type":"trade_status_sync","quantity":"1","out_trade_no":"LX-17062821451030601-f","seller_id":"2088421286007493","notify_time":"2017-07-01 13:59:33","body":"\u79d8\u5883\u8302\u5170-\u8354\u6ce2-\u9ed4\u4e1c\u5357-\u9547\u8fdc-\u897f\u6c5f\u82d7\u5be8-\u9ec4\u679c\u6811\u6df1\u5ea6\u7eaf\u73a9\u4e5d\u65e5\u6e38","trade_status":"TRADE_SUCCESS","is_total_fee_adjust":"N","total_fee":"15540.00","gmt_payment":"2017-07-01 13:59:32","seller_email":"2287684289@qq.com","price":"15540.00","buyer_id":"2088002085630075","notify_id":"71cf34b7a0a4474761b7f6b9ab96af4gji","use_coupon":"N","sign_type":"MD5","sign":"a932d0f96b8e08f2397e4e794bcb3ab9"}
[2017-07-01 13:59:33][info] 数据存储反馈成功！
[2017-07-01 13:59:33][info] success
[2017-07-01 13:59:33][info] 写入结束!!!
[2017-07-01 15:44:03][info] ----------------------------------------
[2017-07-01 15:44:03][info] {"discount":"0.00","payment_type":"1","trade_no":"2017040121001004670271117782","subject":"\u6842\u6797\u6625\u6444","buyer_email":"13388222089","gmt_create":"2017-04-01 15:43:30","notify_type":"trade_status_sync","quantity":"1","out_trade_no":"LX-17032009352687201-d","seller_id":"2088421286007493","notify_time":"2017-07-01 15:44:02","body":"3-6\u6708\u6842\u6797\u6625\u6444\uff0c\u9f99\u810a\u68af\u7530-\u53e4\u6865\u7530\u56ed-\u4f1a\u4ed9\u6e7f\u5730-\u9633\u6714\u5c71\u6c34-\u5174\u576a\u4f73\u5883-\u6f13\u6c5f\u6e14\u706b-\u9ec4\u5e03\u5012\u5f71-\u9c7c\u9e70\u6668\u6355\uff0c6\u65e5\u6444\u5f71\u521b\u4f5c\u56e2","trade_status":"TRADE_FINISHED","is_total_fee_adjust":"N","total_fee":"2480.00","gmt_payment":"2017-04-01 15:43:47","seller_email":"2287684289@qq.com","gmt_close":"2017-07-01 15:44:02","price":"2480.00","buyer_id":"2088902062668674","notify_id":"a9596a7231a33a1a092e58d75c1a9f1l66","use_coupon":"N","sign_type":"MD5","sign":"6adee2cd3f9e80481ae49e77c0200c63"}
[2017-07-01 15:44:03][info] 数据存储反馈成功！
[2017-07-01 15:44:03][info] success
[2017-07-01 15:44:03][info] 写入结束!!!
[2017-07-01 16:06:03][info] ----------------------------------------
[2017-07-01 16:06:03][info] {"discount":"0.00","payment_type":"1","trade_no":"2017070121001004930232547046","subject":"\u7518\u5357\u5168\u666f","buyer_email":"13803345556","gmt_create":"2017-07-01 16:05:25","notify_type":"trade_status_sync","quantity":"1","out_trade_no":"LX-17070115251880406-7","seller_id":"2088421286007493","notify_time":"2017-07-01 16:06:03","body":"2017\u5e74\u72ec\u5bb6  \u62c9\u535c\u695e\u5bfa-\u624e\u5c15\u90a3-\u82b1\u6e56-\u5e74\u5b9d\u7389\u5219-\u82e5\u5c14\u76d6\u8349\u539f-\u963f\u4e07\u4ed3\u6e7f\u5730-\u5c15\u6d77\u6e56-\u90ce\u6728\u5bfa 8\u65e5\u6e38","trade_status":"TRADE_SUCCESS","is_total_fee_adjust":"N","total_fee":"3280.00","gmt_payment":"2017-07-01 16:06:03","seller_email":"2287684289@qq.com","price":"3280.00","buyer_id":"2088602332367932","notify_id":"ae180774614261c161be7c8fc53f5fdn6e","use_coupon":"N","sign_type":"MD5","sign":"b258ffbb809daa6ec373f1b5c61e9f0c"}
[2017-07-01 16:06:04][info] 数据存储反馈成功！
[2017-07-01 16:06:04][info] success
[2017-07-01 16:06:04][info] 写入结束!!!
[2017-07-01 20:55:53][info] ----------------------------------------
[2017-07-01 20:55:53][info] {"discount":"0.00","payment_type":"1","trade_no":"2017070121001004390292561913","subject":"\u8349\u539f\u7267\u6b4cB\u7ebf","buyer_email":"danglg@hanslaser.com","gmt_create":"2017-07-01 20:55:43","notify_type":"trade_status_sync","quantity":"1","out_trade_no":"LX-17062922403518806-1","seller_id":"2088421286007493","notify_time":"2017-07-01 20:55:53","body":"\u8d8a\u91ce\u8f66\u7eb5\u6a2a\u6d77\u62c9\u5c14-\u91d1\u5e10\u6c57\u8499\u53e4\u90e8\u843d-\u83ab\u5c14\u9053\u560e-\u592a\u5e73\u6751-\u5ba4\u97e6-\u4e2d\u4fc4\u8fb9\u5883\u7ebf-\u767d\u6866\u6797-\u9ed1\u5c71\u5934\u9a91\u9a6c\u7a7f\u8d8a-186\u5f69\u5e26\u6cb3-\u72fc\u5c9b-\u6ee1\u6d32\u91cc7\u65e5\u6e38","trade_status":"TRADE_SUCCESS","is_total_fee_adjust":"N","total_fee":"4790.00","gmt_payment":"2017-07-01 20:55:53","seller_email":"2287684289@qq.com","price":"4790.00","buyer_id":"2088402943699396","notify_id":"9ac6eeec2e267c607c5d392a5170736j0e","use_coupon":"N","sign_type":"MD5","sign":"e9d3c3905a994086449001c537d8c3a6"}
[2017-07-01 20:55:54][info] 数据存储反馈成功！
[2017-07-01 20:55:54][info] success
[2017-07-01 20:55:54][info] 写入结束!!!
[2017-07-01 21:11:38][info] ----------------------------------------
[2017-07-01 21:11:38][info] {"discount":"0.00","payment_type":"1","trade_no":"2017070121001004110249474871","subject":"\u7518\u5357\u5168\u666f","buyer_email":"wlq6778@sina.com","gmt_create":"2017-07-01 21:06:15","notify_type":"trade_status_sync","quantity":"1","out_trade_no":"LX-17060408530055706-2","seller_id":"2088421286007493","notify_time":"2017-07-01 21:11:38","body":"2017\u5e74\u72ec\u5bb6  \u62c9\u535c\u695e\u5bfa-\u624e\u5c15\u90a3-\u82b1\u6e56-\u5e74\u5b9d\u7389\u5219-\u82e5\u5c14\u76d6\u8349\u539f-\u963f\u4e07\u4ed3\u6e7f\u5730-\u5c15\u6d77\u6e56-\u90ce\u6728\u5bfa 8\u65e5\u6e38","trade_status":"TRADE_SUCCESS","is_total_fee_adjust":"N","total_fee":"9600.00","gmt_payment":"2017-07-01 21:11:37","seller_email":"2287684289@qq.com","price":"9600.00","buyer_id":"2088222927746119","notify_id":"1243dbe9826e9ad5620c41660c2682egum","use_coupon":"N","sign_type":"MD5","sign":"67b3d0ef423ce1fb852c5102de89b019"}
[2017-07-01 21:11:38][info] 数据存储反馈成功！
[2017-07-01 21:11:38][info] success
[2017-07-01 21:11:38][info] 写入结束!!!
