[2017-07-13 09:47:03][info] ----------------------------------------
[2017-07-13 09:47:03][info] {"discount":"0.00","payment_type":"1","trade_no":"2017071321001004460226083211","subject":"\u65b0\u7586\u5168\u666f","buyer_email":"13784055248@163.com","gmt_create":"2017-07-13 09:46:41","notify_type":"trade_status_sync","quantity":"1","out_trade_no":"LX-1707122216554206-a","seller_id":"2088421286007493","notify_time":"2017-07-13 09:47:03","body":"\u5580\u7eb3\u65af-\u79be\u6728-\u8d5b\u91cc\u6728\u6e56-\u85b0\u8863\u8349\u519c\u573a-\u5580\u62c9\u5cfb-\u90a3\u62c9\u63d0-\u5df4\u97f3\u5e03\u9c81\u514b-\u6c5f\u5e03\u62c9\u514b-\u4e94\u5f69\u6ee9-\u5410\u9c81\u756a13\u65e5\u6e38","trade_status":"TRADE_SUCCESS","is_total_fee_adjust":"N","total_fee":"10760.00","gmt_payment":"2017-07-13 09:47:03","seller_email":"2287684289@qq.com","price":"10760.00","buyer_id":"2088002372161462","notify_id":"e3b1c8b2d8d485d2b4ecb8b6b05033fjju","use_coupon":"N","sign_type":"MD5","sign":"e51b8dbb42ed3298c34ee2c2c0fbbf5d"}
[2017-07-13 09:47:04][info] 数据存储反馈成功！
[2017-07-13 09:47:04][info] success
[2017-07-13 09:47:04][info] 写入结束!!!
[2017-07-13 10:40:00][info] ----------------------------------------
[2017-07-13 10:40:00][info] {"discount":"0.00","payment_type":"1","trade_no":"2017071321001004300239828923","subject":"\u884c\u6444\u7518\u5357","buyer_email":"18093249967","gmt_create":"2017-07-13 10:39:42","notify_type":"trade_status_sync","quantity":"1","out_trade_no":"LX-17060514163016206-5","seller_id":"2088421286007493","notify_time":"2017-07-13 10:39:59","body":"2017\u5e74\u5e74\u5b9d\u7389\u5219-\u624e\u5c15\u90a3-\u90ce\u6728\u5bfa-\u5510\u514b-\u62c9\u535c\u695e\u5bfa-\u82e5\u5c14\u76d6\u4e5d\u65e5\u6444\u5f71\u6e38-\u9886\u8896\u6237\u5916\u72ec\u5bb6\u7ebf\u8def","trade_status":"TRADE_SUCCESS","is_total_fee_adjust":"N","total_fee":"4280.00","gmt_payment":"2017-07-13 10:39:59","seller_email":"2287684289@qq.com","price":"4280.00","buyer_id":"2088802995804302","notify_id":"273bd30e0ab39117fb42c59cebc7b22ibe","use_coupon":"N","sign_type":"MD5","sign":"2464e1bc0a9433feb72fad92aaea8ee0"}
[2017-07-13 10:40:00][info] 数据存储反馈成功！
[2017-07-13 10:40:00][info] success
[2017-07-13 10:40:00][info] 写入结束!!!
[2017-07-13 11:12:16][info] ----------------------------------------
[2017-07-13 11:12:16][info] {"discount":"0.00","payment_type":"1","trade_no":"2017071321001004830224743807","subject":"\u8349\u539f\u7267\u6b4cA\u7ebf","buyer_email":"cqz2923@163.com","gmt_create":"2017-07-13 11:12:06","notify_type":"trade_status_sync","quantity":"1","out_trade_no":"LX-17071309132014401-3","seller_id":"2088421286007493","notify_time":"2017-07-13 11:12:16","body":"\u6d77\u62c9\u5c14-\u91d1\u5e10\u6c57\u8499\u53e4\u90e8\u843d-\u5ba4\u97e6-\u767d\u6866\u6797-\u9ed1\u5c71\u5934\u9a91\u9a6c\u7a7f\u8d8a-186\u5f69\u5e26\u6cb3\u6ed1\u8349-\u72fc\u5c9b-\u6ee1\u6d32\u91cc5\u65e5\u6e38","trade_status":"TRADE_SUCCESS","is_total_fee_adjust":"N","total_fee":"4960.00","gmt_payment":"2017-07-13 11:12:16","seller_email":"2287684289@qq.com","price":"4960.00","buyer_id":"2088002672796830","notify_id":"ace0ed77a85b77214379dbab3e001c6mem","use_coupon":"N","sign_type":"MD5","sign":"72540f5dc819e3444170f25a5c8f426f"}
[2017-07-13 11:12:17][info] 数据存储反馈成功！
[2017-07-13 11:12:17][info] success
[2017-07-13 11:12:17][info] 写入结束!!!
[2017-07-13 11:27:43][info] ----------------------------------------
[2017-07-13 11:27:43][info] {"discount":"0.00","payment_type":"1","trade_no":"2017071321001004730263298660","subject":"\u7518\u5357\u5168\u666f","buyer_email":"18997392073","gmt_create":"2017-07-13 11:23:53","notify_type":"trade_status_sync","quantity":"1","out_trade_no":"LX-17071222313050206-8","seller_id":"2088421286007493","notify_time":"2017-07-13 11:27:43","body":"2017\u5e74\u72ec\u5bb6  \u62c9\u535c\u695e\u5bfa-\u624e\u5c15\u90a3-\u82b1\u6e56-\u5e74\u5b9d\u7389\u5219-\u82e5\u5c14\u76d6\u8349\u539f-\u963f\u4e07\u4ed3\u6e7f\u5730-\u5c15\u6d77\u6e56-\u90ce\u6728\u5bfa 8\u65e5\u6e38","trade_status":"TRADE_SUCCESS","is_total_fee_adjust":"N","total_fee":"2680.00","gmt_payment":"2017-07-13 11:27:42","seller_email":"2287684289@qq.com","price":"2680.00","buyer_id":"2088022348107735","notify_id":"70377c7de4bdfb169149bf83199a0d7lmu","use_coupon":"N","sign_type":"MD5","sign":"8747bbff93445d41dc8f62f2963bce22"}
[2017-07-13 11:27:43][info] 数据存储反馈成功！
[2017-07-13 11:27:43][info] success
[2017-07-13 11:27:43][info] 写入结束!!!
[2017-07-13 13:06:53][info] ----------------------------------------
[2017-07-13 13:06:53][info] {"discount":"0.00","payment_type":"1","trade_no":"2017071321001004070270761021","subject":"\u7a7f\u8d8a\u4e1d\u8def\u4e4b\u65c5\u516b\u65e5\u6e38","buyer_email":"15623006386","gmt_create":"2017-07-13 13:04:40","notify_type":"trade_status_sync","quantity":"1","out_trade_no":"LX-17071215195929006-f","seller_id":"2088421286007493","notify_time":"2017-07-13 13:06:53","body":"\u6c34\u4e0a\u9b54\u9b3c\u57ce-\u9752\u6d77\u6e56-\u95e8\u6e90-\u6566\u714c-\u5f20\u6396-\u5609\u5cea\u5173-\u8336\u5361\u76d0\u6e56\u516b\u65e5\u6df1\u5ea6\u6e38","trade_status":"TRADE_SUCCESS","is_total_fee_adjust":"N","total_fee":"3600.00","gmt_payment":"2017-07-13 13:06:53","seller_email":"2287684289@qq.com","price":"3600.00","buyer_id":"2088502479444072","notify_id":"604564a743de58be5ca93e69f35c514gji","use_coupon":"N","sign_type":"MD5","sign":"cb9661880fd7ec07b79ca780ce99c607"}
[2017-07-13 13:06:53][info] 数据存储反馈成功！
[2017-07-13 13:06:53][info] success
[2017-07-13 13:06:53][info] 写入结束!!!
[2017-07-13 14:14:57][info] ----------------------------------------
[2017-07-13 14:14:57][info] {"discount":"0.00","payment_type":"1","trade_no":"2017071321001004290206332692","subject":"\u4e1d\u8def\u5dc5\u5cf0\u4f53\u9a8c\u4e5d\u65e5\u6e38B\u7ebf","buyer_email":"13621895120","gmt_create":"2017-07-13 14:14:46","notify_type":"trade_status_sync","quantity":"1","out_trade_no":"LX-17063019590934206-7","seller_id":"2088421286007493","notify_time":"2017-07-13 14:14:56","body":"\u9752\u6d77\u6e56-\u8336\u5361\u76d0\u6e56-\u9e23\u6c99\u5c71\u6708\u7259\u6cc9-\u83ab\u9ad8\u7a9f-\u96c5\u4e39\u9b54\u9b3c\u57ce-\u5609\u5cea\u5173-\u5f20\u6396\u4e39\u971e-\u9a6c\u8e44\u5bfa-\u5353\u5c14\u5c71\u8f7b\u5962\u52a8\u8f669\u65e5\u6e38","trade_status":"TRADE_SUCCESS","is_total_fee_adjust":"N","total_fee":"17080.00","gmt_payment":"2017-07-13 14:14:56","seller_email":"2287684289@qq.com","price":"17080.00","buyer_id":"2088502700735298","notify_id":"99295e62b2678e1f003e87727a08de0i8m","use_coupon":"N","sign_type":"MD5","sign":"f95f72f2ac1cce87a192bf163910f0be"}
[2017-07-13 14:14:57][info] 数据存储反馈成功！
[2017-07-13 14:14:57][info] success
[2017-07-13 14:14:57][info] 写入结束!!!
[2017-07-13 15:12:52][info] ----------------------------------------
[2017-07-13 15:12:52][info] {"discount":"0.00","payment_type":"1","trade_no":"2017071321001004370298584293","subject":"\u7518\u5357\u5168\u666f","buyer_email":"haitang999@163.com","gmt_create":"2017-07-13 15:12:19","notify_type":"trade_status_sync","quantity":"1","out_trade_no":"LX-17071218480342006-5","seller_id":"2088421286007493","notify_time":"2017-07-13 15:12:52","body":"2017\u5e74\u72ec\u5bb6  \u62c9\u535c\u695e\u5bfa-\u624e\u5c15\u90a3-\u82b1\u6e56-\u5e74\u5b9d\u7389\u5219-\u82e5\u5c14\u76d6\u8349\u539f-\u963f\u4e07\u4ed3\u6e7f\u5730-\u5c15\u6d77\u6e56-\u90ce\u6728\u5bfa 8\u65e5\u6e38","trade_status":"TRADE_SUCCESS","is_total_fee_adjust":"N","total_fee":"6560.00","gmt_payment":"2017-07-13 15:12:52","seller_email":"2287684289@qq.com","price":"6560.00","buyer_id":"2088002079765374","notify_id":"862369f0a4dbcb0fcaf4396e46f6820iuu","use_coupon":"N","sign_type":"MD5","sign":"e9c4545c5fe9d352caa9e98f3dcd5d2f"}
[2017-07-13 15:12:53][info] 数据存储反馈成功！
[2017-07-13 15:12:53][info] success
[2017-07-13 15:12:53][info] 写入结束!!!
[2017-07-13 15:55:18][info] ----------------------------------------
[2017-07-13 15:55:18][info] {"discount":"0.00","payment_type":"1","trade_no":"2017071321001004620248068479","subject":"\u65b0\u7586\u5168\u666f","buyer_email":"48646466@qq.com","gmt_create":"2017-07-13 15:55:03","notify_type":"trade_status_sync","quantity":"1","out_trade_no":"LX-17071313370025406-8","seller_id":"2088421286007493","notify_time":"2017-07-13 15:55:18","body":"\u5580\u7eb3\u65af-\u79be\u6728-\u8d5b\u91cc\u6728\u6e56-\u85b0\u8863\u8349\u519c\u573a-\u5580\u62c9\u5cfb-\u90a3\u62c9\u63d0-\u5df4\u97f3\u5e03\u9c81\u514b-\u6c5f\u5e03\u62c9\u514b-\u4e94\u5f69\u6ee9-\u5410\u9c81\u756a13\u65e5\u6e38","trade_status":"TRADE_SUCCESS","is_total_fee_adjust":"N","total_fee":"2690.00","gmt_payment":"2017-07-13 15:55:18","seller_email":"2287684289@qq.com","price":"2690.00","buyer_id":"2088202450891627","notify_id":"9087b1a4d770f98f01ea432f78cd28fksa","use_coupon":"N","sign_type":"MD5","sign":"521d8f3e327db2923c1884d532c44cd6"}
[2017-07-13 15:55:18][info] 数据存储反馈成功！
[2017-07-13 15:55:18][info] success
[2017-07-13 15:55:18][info] 写入结束!!!
[2017-07-13 16:04:50][info] ----------------------------------------
[2017-07-13 16:04:50][info] {"discount":"0.00","payment_type":"1","trade_no":"2017071321001004140231714186","subject":"\u4e1d\u7ef8\u4e4b\u8def\u7cbe\u534e\u4e03\u65e5\u6e38","buyer_email":"1194853620@qq.com","gmt_create":"2017-07-13 16:04:34","notify_type":"trade_status_sync","quantity":"1","out_trade_no":"LX-17071315171441306-8","seller_id":"2088421286007493","notify_time":"2017-07-13 16:04:50","body":"2017\u5e74\u9752\u6d77\u6e56-\u8336\u5361\u76d0\u6e56-\u6566\u714c-\u5609\u5cea\u5173-\u5f20\u6396\u4e39\u971e\u4e03\u65e5\u6e38","trade_status":"TRADE_SUCCESS","is_total_fee_adjust":"N","total_fee":"1590.00","gmt_payment":"2017-07-13 16:04:50","seller_email":"2287684289@qq.com","price":"1590.00","buyer_id":"2088112601193149","notify_id":"3e524f00b5381a692eb4e6caee85556h2y","use_coupon":"N","sign_type":"MD5","sign":"117cc28d126a2255de1da51d88183ec9"}
[2017-07-13 16:04:51][info] 数据存储反馈成功！
[2017-07-13 16:04:51][info] success
[2017-07-13 16:04:51][info] 写入结束!!!
[2017-07-13 16:35:10][info] ----------------------------------------
[2017-07-13 16:35:10][info] {"discount":"0.00","payment_type":"1","trade_no":"2017071321001004110275214821","subject":"\u5317\u7586\u91d1\u79cb\u6df1\u5ea6","buyer_email":"wumeifeiduo190@sina.com","gmt_create":"2017-07-13 16:34:59","notify_type":"trade_status_sync","quantity":"1","out_trade_no":"LX-17071222220299701-9","seller_id":"2088421286007493","notify_time":"2017-07-13 16:35:09","body":"38\u5c0f\u65f6\u79be\u6728-\u5580\u7eb3\u65af-\u767d\u54c8\u5df4-\u53ef\u53ef\u82cf\u91cc\u6e56-\u53ef\u53ef\u6258\u6d77-\u4e94\u5f69\u6ee9-\u9b54\u9b3c\u57ce10\u65e5\u5927\u73af\u7ebf","trade_status":"TRADE_SUCCESS","is_total_fee_adjust":"N","total_fee":"2360.00","gmt_payment":"2017-07-13 16:35:09","seller_email":"2287684289@qq.com","price":"2360.00","buyer_id":"2088302151726115","notify_id":"88c1408d94d05a02b240362d7b75d1fgum","use_coupon":"N","sign_type":"MD5","sign":"80f80496878f3105b2c80b890853a6d4"}
[2017-07-13 16:35:10][info] 数据存储反馈成功！
[2017-07-13 16:35:10][info] success
[2017-07-13 16:35:10][info] 写入结束!!!
[2017-07-13 19:25:27][info] ----------------------------------------
[2017-07-13 19:25:27][info] {"discount":"0.00","payment_type":"1","trade_no":"2017071321001004670252512270","subject":"\u5927\u7f8e\u5ddd\u85cf","buyer_email":"christnight@qq.com","gmt_create":"2017-07-13 19:25:21","notify_type":"trade_status_sync","quantity":"1","out_trade_no":"LX-17071223024140801-d","seller_id":"2088421286007493","notify_time":"2017-07-13 19:25:27","body":"2017\u4ece\u4f60\u7684\u5168\u4e16\u754c\u8def\u8fc7 \u2014 \u5ddd\u85cf\u5357\u7ebf+\u6ec7\u85cf\u7ebf+\u7a3b\u57ce\u4e9a\u4e01+\u6885\u91cc\u96ea\u5c71+\u6765\u53e4\u675111\u65e5\u6e38","trade_status":"TRADE_SUCCESS","is_total_fee_adjust":"N","total_fee":"6280.00","gmt_payment":"2017-07-13 19:25:26","seller_email":"2287684289@qq.com","price":"6280.00","buyer_id":"2088502695808674","notify_id":"460fdfde8d72dc6b7d4c1216bd9b2d1l66","use_coupon":"N","sign_type":"MD5","sign":"41999e7ea9e1ed64966e26f6758da52c"}
[2017-07-13 19:25:27][info] 数据存储反馈成功！
[2017-07-13 19:25:27][info] success
[2017-07-13 19:25:27][info] 写入结束!!!
[2017-07-13 19:46:44][info] ----------------------------------------
[2017-07-13 19:46:44][info] {"discount":"0.00","payment_type":"1","trade_no":"2017071321001004170219170831","subject":"\u7518\u5357\u5168\u666f","buyer_email":"kathleen0816@sina.com","gmt_create":"2017-07-13 19:46:34","notify_type":"trade_status_sync","quantity":"1","out_trade_no":"LX-17041711091285506-4","seller_id":"2088421286007493","notify_time":"2017-07-13 19:46:44","body":"2017\u5e74\u72ec\u5bb6  \u62c9\u535c\u695e\u5bfa-\u624e\u5c15\u90a3-\u82b1\u6e56-\u5e74\u5b9d\u7389\u5219-\u82e5\u5c14\u76d6\u8349\u539f-\u963f\u4e07\u4ed3\u6e7f\u5730-\u5c15\u6d77\u6e56-\u90ce\u6728\u5bfa 8\u65e5\u6e38","trade_status":"TRADE_SUCCESS","is_total_fee_adjust":"N","total_fee":"6560.00","gmt_payment":"2017-07-13 19:46:43","seller_email":"2287684289@qq.com","price":"6560.00","buyer_id":"2088002476862175","notify_id":"b9c96c3a17a4535c616cb31ed0abf60hba","use_coupon":"N","sign_type":"MD5","sign":"3f22e8af3be0c022a2f781fd06020fc5"}
[2017-07-13 19:46:44][info] 数据存储反馈成功！
[2017-07-13 19:46:44][info] success
[2017-07-13 19:46:44][info] 写入结束!!!
[2017-07-13 20:35:17][info] ----------------------------------------
[2017-07-13 20:35:17][info] {"discount":"0.00","payment_type":"1","trade_no":"2017071321001004880259716487","subject":"\u5580\u7eb3\u65af\u4e4b\u590f","buyer_email":"bauhaus.jing@gmail.com","gmt_create":"2017-07-13 20:34:54","notify_type":"trade_status_sync","quantity":"1","out_trade_no":"LX-17071222375527706-7","seller_id":"2088421286007493","notify_time":"2017-07-13 20:35:17","body":"2017\u5e747\uff5e8\u6708 \u5929\u5c71\u5929\u6c60-\u5410\u9c81\u756a-\u5580\u7eb3\u65af-\u767d\u54c8\u5df4-\u4e94\u5f69\u6ee9-\u9b54\u9b3c\u57ce-\u79be\u6728\u6df1\u5ea6\u4e5d\u65e5\u6e38","trade_status":"TRADE_SUCCESS","is_total_fee_adjust":"N","total_fee":"9360.00","gmt_payment":"2017-07-13 20:35:17","seller_email":"2287684289@qq.com","price":"9360.00","buyer_id":"2088002320118889","notify_id":"043fb98498f5514b0b51361665eb2eamsi","use_coupon":"N","sign_type":"MD5","sign":"d3088dc98d688285162251ecb7ecb554"}
[2017-07-13 20:35:18][info] 数据存储反馈成功！
[2017-07-13 20:35:18][info] success
[2017-07-13 20:35:18][info] 写入结束!!!
[2017-07-13 21:03:44][info] ----------------------------------------
[2017-07-13 21:03:44][info] {"discount":"0.00","payment_type":"1","trade_no":"2017071321001004550261975306","subject":"\u65b0\u7586\u5168\u666f","buyer_email":"18600675708","gmt_create":"2017-07-13 21:03:35","notify_type":"trade_status_sync","quantity":"1","out_trade_no":"LX-1707132047025706-1","seller_id":"2088421286007493","notify_time":"2017-07-13 21:03:43","body":"\u5580\u7eb3\u65af-\u79be\u6728-\u8d5b\u91cc\u6728\u6e56-\u85b0\u8863\u8349\u519c\u573a-\u5580\u62c9\u5cfb-\u90a3\u62c9\u63d0-\u5df4\u97f3\u5e03\u9c81\u514b-\u6c5f\u5e03\u62c9\u514b-\u4e94\u5f69\u6ee9-\u5410\u9c81\u756a13\u65e5\u6e38","trade_status":"TRADE_SUCCESS","is_total_fee_adjust":"N","total_fee":"2090.00","gmt_payment":"2017-07-13 21:03:43","seller_email":"2287684289@qq.com","price":"2090.00","buyer_id":"2088702884816552","notify_id":"ca562095e90a671cf632abf4c01ff18k8u","use_coupon":"N","sign_type":"MD5","sign":"8a46bd73ac143cf12f8489a19b850e5f"}
[2017-07-13 21:03:44][info] 数据存储反馈成功！
[2017-07-13 21:03:44][info] success
[2017-07-13 21:03:44][info] 写入结束!!!
