[2017-07-10 09:43:20][info] ----------------------------------------
[2017-07-10 09:43:20][info] {"discount":"0.00","payment_type":"1","trade_no":"2017071021001004250215029030","subject":"\u4e1d\u7ef8\u4e4b\u8def\u7ecf\u5178\u4e5d\u65e5","buyer_email":"35176565@qq.com","gmt_create":"2017-07-10 09:43:09","notify_type":"trade_status_sync","quantity":"1","out_trade_no":"LX-17061511593043301-0","seller_id":"2088421286007493","notify_time":"2017-07-10 09:43:20","body":"\u6c99\u5c9b-\u9752\u6d77\u6e56-\u8336\u5361\u76d0\u6e56-\u5353\u5c14\u5c71-\u5f20\u6396\u4e39\u971e-\u5609\u5cea\u5173-\u6566\u714c9\u65e5\u6e38","trade_status":"TRADE_SUCCESS","is_total_fee_adjust":"N","total_fee":"13320.00","gmt_payment":"2017-07-10 09:43:19","seller_email":"2287684289@qq.com","price":"13320.00","buyer_id":"2088002050883251","notify_id":"861dee0b86618045e3f0f3f90cfd7b8hxi","use_coupon":"N","sign_type":"MD5","sign":"a842881e71b57d1a81cab74941a27aec"}
[2017-07-10 09:43:20][info] 数据存储反馈成功！
[2017-07-10 09:43:20][info] success
[2017-07-10 09:43:20][info] 写入结束!!!
[2017-07-10 10:57:13][info] ----------------------------------------
[2017-07-10 10:57:13][info] {"discount":"0.00","payment_type":"1","trade_no":"2017071021001004910261717825","subject":"\u4e1d\u8def\u5dc5\u5cf0\u4f53\u9a8c\u4e5d\u65e5\u6e38B\u7ebf","buyer_email":"zhifenlin-88@hotmail.com","gmt_create":"2017-07-10 10:55:33","notify_type":"trade_status_sync","quantity":"1","out_trade_no":"LX-17071010135219006-f","seller_id":"2088421286007493","notify_time":"2017-07-10 10:57:13","body":"\u8f7b\u5962\u52a8\u8f66\u51fa\u6e38-\u9e23\u6c99\u5c71\u6708\u7259\u6cc9-\u83ab\u9ad8\u7a9f-\u96c5\u4e39\u9b54\u9b3c\u57ce-\u5609\u5cea\u5173-\u5f20\u6396\u4e39\u971e-\u9a6c\u8e44\u5bfa-\u5353\u5c14\u5c71-\u8336\u5361\u76d0\u6e56-\u9752\u6d77\u6e569\u65e5\u6e38","trade_status":"TRADE_SUCCESS","is_total_fee_adjust":"N","total_fee":"16320.00","gmt_payment":"2017-07-10 10:57:12","seller_email":"2287684289@qq.com","price":"16320.00","buyer_id":"2088302449916912","notify_id":"7a972ee289da951522916cd5be4c6e4n0u","use_coupon":"N","sign_type":"MD5","sign":"6ccba23c265d8025c964ee743c99328f"}
[2017-07-10 10:57:13][info] 数据存储反馈成功！
[2017-07-10 10:57:13][info] success
[2017-07-10 10:57:13][info] 写入结束!!!
[2017-07-10 11:35:13][info] ----------------------------------------
[2017-07-10 11:35:13][info] {"discount":"0.00","payment_type":"1","trade_no":"2017071021001004680222483777","subject":"\u4e1d\u8def\u5dc5\u5cf0\u4f53\u9a8c\u4e5d\u65e5\u6e38B\u7ebf","buyer_email":"13688867077","gmt_create":"2017-07-10 11:35:02","notify_type":"trade_status_sync","quantity":"1","out_trade_no":"LX-17070510410850306-e","seller_id":"2088421286007493","notify_time":"2017-07-10 11:35:13","body":"\u8f7b\u5962\u52a8\u8f66\u51fa\u6e38-\u9e23\u6c99\u5c71\u6708\u7259\u6cc9-\u83ab\u9ad8\u7a9f-\u96c5\u4e39\u9b54\u9b3c\u57ce-\u5609\u5cea\u5173-\u5f20\u6396\u4e39\u971e-\u9a6c\u8e44\u5bfa-\u5353\u5c14\u5c71-\u8336\u5361\u76d0\u6e56-\u9752\u6d77\u6e569\u65e5\u6e38","trade_status":"TRADE_SUCCESS","is_total_fee_adjust":"N","total_fee":"18360.00","gmt_payment":"2017-07-10 11:35:12","seller_email":"2287684289@qq.com","price":"18360.00","buyer_id":"2088912091083685","notify_id":"c6034b11c4c929098c5298cbadc4729l8y","use_coupon":"N","sign_type":"MD5","sign":"000be14e054a7f6946c1275d658cd7d0"}
[2017-07-10 11:35:13][info] 数据存储反馈成功！
[2017-07-10 11:35:13][info] success
[2017-07-10 11:35:13][info] 写入结束!!!
[2017-07-10 11:40:31][info] ----------------------------------------
[2017-07-10 11:40:31][info] {"discount":"0.00","payment_type":"1","trade_no":"2017071021001004730257922718","subject":"\u7518\u5357\u5168\u666f","buyer_email":"15201287237","gmt_create":"2017-07-10 11:40:20","notify_type":"trade_status_sync","quantity":"1","out_trade_no":"LX-17071011015351906-2","seller_id":"2088421286007493","notify_time":"2017-07-10 11:40:31","body":"2017\u5e74\u72ec\u5bb6  \u62c9\u535c\u695e\u5bfa-\u624e\u5c15\u90a3-\u82b1\u6e56-\u5e74\u5b9d\u7389\u5219-\u82e5\u5c14\u76d6\u8349\u539f-\u963f\u4e07\u4ed3\u6e7f\u5730-\u5c15\u6d77\u6e56-\u90ce\u6728\u5bfa 8\u65e5\u6e38","trade_status":"TRADE_SUCCESS","is_total_fee_adjust":"N","total_fee":"3280.00","gmt_payment":"2017-07-10 11:40:30","seller_email":"2287684289@qq.com","price":"3280.00","buyer_id":"2088702669450731","notify_id":"2e0041584acf06403b8e41959f7f9c5lmu","use_coupon":"N","sign_type":"MD5","sign":"960cd0b0add7de8e7c42e9efe45d8f40"}
[2017-07-10 11:40:31][info] 数据存储反馈成功！
[2017-07-10 11:40:31][info] success
[2017-07-10 11:40:31][info] 写入结束!!!
[2017-07-10 11:59:50][info] ----------------------------------------
[2017-07-10 11:59:50][info] {"discount":"0.00","payment_type":"1","trade_no":"2017071021001004260230341076","subject":"\u7518\u5357\u5168\u666f","buyer_email":"cards.2008@163.com","gmt_create":"2017-07-10 11:59:29","notify_type":"trade_status_sync","quantity":"1","out_trade_no":"LX-17071011082587006-b","seller_id":"2088421286007493","notify_time":"2017-07-10 11:59:50","body":"2017\u5e74\u72ec\u5bb6  \u62c9\u535c\u695e\u5bfa-\u624e\u5c15\u90a3-\u82b1\u6e56-\u5e74\u5b9d\u7389\u5219-\u82e5\u5c14\u76d6\u8349\u539f-\u963f\u4e07\u4ed3\u6e7f\u5730-\u5c15\u6d77\u6e56-\u90ce\u6728\u5bfa 8\u65e5\u6e38","trade_status":"TRADE_SUCCESS","is_total_fee_adjust":"N","total_fee":"3280.00","gmt_payment":"2017-07-10 11:59:50","seller_email":"2287684289@qq.com","price":"3280.00","buyer_id":"2088402446571265","notify_id":"91a39cdfa65759f35c36594a74668efi0a","use_coupon":"N","sign_type":"MD5","sign":"4651ba7adb4d9bf2ff8d6e0c0e0c9938"}
[2017-07-10 11:59:50][info] 数据存储反馈成功！
[2017-07-10 11:59:50][info] success
[2017-07-10 11:59:50][info] 写入结束!!!
[2017-07-10 12:31:34][info] ----------------------------------------
[2017-07-10 12:31:34][info] {"discount":"0.00","payment_type":"1","trade_no":"2017071021001004730258029045","subject":"\u4e1d\u8def\u5dc5\u5cf0\u4f53\u9a8c\u4e5d\u65e5\u6e38B\u7ebf","buyer_email":"caowen67067@sina.com.cn","gmt_create":"2017-07-10 12:30:46","notify_type":"trade_status_sync","quantity":"1","out_trade_no":"LX-17070919464128706-f","seller_id":"2088421286007493","notify_time":"2017-07-10 12:31:33","body":"\u8f7b\u5962\u52a8\u8f66\u51fa\u6e38-\u9e23\u6c99\u5c71\u6708\u7259\u6cc9-\u83ab\u9ad8\u7a9f-\u96c5\u4e39\u9b54\u9b3c\u57ce-\u5609\u5cea\u5173-\u5f20\u6396\u4e39\u971e-\u9a6c\u8e44\u5bfa-\u5353\u5c14\u5c71-\u8336\u5361\u76d0\u6e56-\u9752\u6d77\u6e569\u65e5\u6e38","trade_status":"TRADE_SUCCESS","is_total_fee_adjust":"N","total_fee":"6120.00","gmt_payment":"2017-07-10 12:31:33","seller_email":"2287684289@qq.com","price":"6120.00","buyer_id":"2088302749073739","notify_id":"732ca162bb43abdece442d834b36788lmu","use_coupon":"N","sign_type":"MD5","sign":"be76232e0c66b120d761471377628389"}
[2017-07-10 12:31:34][info] 数据存储反馈成功！
[2017-07-10 12:31:34][info] success
[2017-07-10 12:31:34][info] 写入结束!!!
[2017-07-10 15:16:40][info] ----------------------------------------
[2017-07-10 15:16:40][info] {"discount":"0.00","payment_type":"1","trade_no":"2017071021001004460221236701","subject":"\u4e1d\u8def\u5dc5\u5cf0\u4f53\u9a8c\u5341\u65e5\u6e38","buyer_email":"fsdandan@189.cn","gmt_create":"2017-07-10 15:16:17","notify_type":"trade_status_sync","quantity":"1","out_trade_no":"LX-17070819121870106-b","seller_id":"2088421286007493","notify_time":"2017-07-10 15:16:40","body":"\u6c99\u5c9b-\u9752\u6d77\u6e56-\u8336\u5361\u76d0\u6e56-\u7941\u8fde-\u5f20\u6396-\u5609\u5cea\u5173-\u6566\u714c\u5341\u65e5\u6e38","trade_status":"TRADE_SUCCESS","is_total_fee_adjust":"N","total_fee":"17200.00","gmt_payment":"2017-07-10 15:16:40","seller_email":"2287684289@qq.com","price":"17200.00","buyer_id":"2088002130386463","notify_id":"0b34cdb88c20ef550a6c9bcd9fb7ed2jju","use_coupon":"N","sign_type":"MD5","sign":"2c314847c667d81041adfa65aaca53e3"}
[2017-07-10 15:16:40][info] 数据存储反馈成功！
[2017-07-10 15:16:40][info] success
[2017-07-10 15:16:40][info] 写入结束!!!
[2017-07-10 16:01:11][info] ----------------------------------------
[2017-07-10 16:01:11][info] {"discount":"0.00","payment_type":"1","trade_no":"2017071021001004200216544311","subject":"\u8d35\u5dde\u5168\u666f\u6e38","buyer_email":"13963609169","gmt_create":"2017-07-10 16:01:00","notify_type":"trade_status_sync","quantity":"1","out_trade_no":"LX-17063013160925406-e","seller_id":"2088421286007493","notify_time":"2017-07-10 16:01:11","body":"\u79d8\u5883\u8302\u5170-\u8354\u6ce2-\u9ed4\u4e1c\u5357-\u9547\u8fdc-\u897f\u6c5f\u82d7\u5be8-\u9ec4\u679c\u6811\u6df1\u5ea6\u7eaf\u73a9\u4e5d\u65e5\u6e38","trade_status":"TRADE_SUCCESS","is_total_fee_adjust":"N","total_fee":"1950.00","gmt_payment":"2017-07-10 16:01:11","seller_email":"2287684289@qq.com","price":"1950.00","buyer_id":"2088402808829205","notify_id":"f1ced0ddc15521f5b1115a38cefb67ahjm","use_coupon":"N","sign_type":"MD5","sign":"9aea905a6417b0f615a721a130b6570e"}
[2017-07-10 16:01:12][info] 数据存储反馈成功！
[2017-07-10 16:01:12][info] success
[2017-07-10 16:01:12][info] 写入结束!!!
[2017-07-10 16:34:55][info] ----------------------------------------
[2017-07-10 16:34:55][info] {"discount":"0.00","payment_type":"1","trade_no":"2017071021001004820256598491","subject":"\u4e1d\u8def\u5dc5\u5cf0\u4f53\u9a8c\u4e5d\u65e5\u6e38B\u7ebf","buyer_email":"656034403@qq.com","gmt_create":"2017-07-10 16:34:46","notify_type":"trade_status_sync","quantity":"1","out_trade_no":"LX-17071013455976906-d","seller_id":"2088421286007493","notify_time":"2017-07-10 16:34:55","body":"\u8f7b\u5962\u52a8\u8f66\u51fa\u6e38-\u9e23\u6c99\u5c71\u6708\u7259\u6cc9-\u83ab\u9ad8\u7a9f-\u96c5\u4e39\u9b54\u9b3c\u57ce-\u5609\u5cea\u5173-\u5f20\u6396\u4e39\u971e-\u9a6c\u8e44\u5bfa-\u5353\u5c14\u5c71-\u8336\u5361\u76d0\u6e56-\u9752\u6d77\u6e569\u65e5\u6e38","trade_status":"TRADE_SUCCESS","is_total_fee_adjust":"N","total_fee":"6260.00","gmt_payment":"2017-07-10 16:34:55","seller_email":"2287684289@qq.com","price":"6260.00","buyer_id":"2088002901012821","notify_id":"10e142c367b2c6405eb05a85d5825d0mbu","use_coupon":"N","sign_type":"MD5","sign":"9184a01989a2d8eb1a6fe1fdc030ca4c"}
[2017-07-10 16:34:56][info] 数据存储反馈成功！
[2017-07-10 16:34:56][info] success
[2017-07-10 16:34:56][info] 写入结束!!!
[2017-07-10 16:47:55][info] ----------------------------------------
[2017-07-10 16:47:55][info] {"discount":"0.00","payment_type":"1","trade_no":"2017071021001004030216564067","subject":"\u4e1d\u8def\u5dc5\u5cf0\u4f53\u9a8c\u4e5d\u65e5\u6e38B\u7ebf","buyer_email":"ljh2688@163.com","gmt_create":"2017-07-10 16:47:39","notify_type":"trade_status_sync","quantity":"1","out_trade_no":"LX-17071014010828901-8","seller_id":"2088421286007493","notify_time":"2017-07-10 16:47:55","body":"\u8f7b\u5962\u52a8\u8f66\u51fa\u6e38-\u9e23\u6c99\u5c71\u6708\u7259\u6cc9-\u83ab\u9ad8\u7a9f-\u96c5\u4e39\u9b54\u9b3c\u57ce-\u5609\u5cea\u5173-\u5f20\u6396\u4e39\u971e-\u9a6c\u8e44\u5bfa-\u5353\u5c14\u5c71-\u8336\u5361\u76d0\u6e56-\u9752\u6d77\u6e569\u65e5\u6e38","trade_status":"TRADE_SUCCESS","is_total_fee_adjust":"N","total_fee":"4230.00","gmt_payment":"2017-07-10 16:47:55","seller_email":"2287684289@qq.com","price":"4230.00","buyer_id":"2088002447418039","notify_id":"fb82a5b2c847e71dc0ffba7ece3315eg8e","use_coupon":"N","sign_type":"MD5","sign":"4440c1fc768657a5bc341f0e544de1be"}
[2017-07-10 16:47:55][info] 数据存储反馈成功！
[2017-07-10 16:47:55][info] success
[2017-07-10 16:47:55][info] 写入结束!!!
[2017-07-10 17:38:43][info] ----------------------------------------
[2017-07-10 17:38:43][info] {"discount":"0.00","payment_type":"1","trade_no":"2017071021001004030216652580","subject":"\u4e1d\u8def\u5dc5\u5cf0\u4f53\u9a8c\u4e5d\u65e5\u6e38B\u7ebf","buyer_email":"ljh2688@163.com","gmt_create":"2017-07-10 17:38:30","notify_type":"trade_status_sync","quantity":"1","out_trade_no":"LX-1707101612342106-e","seller_id":"2088421286007493","notify_time":"2017-07-10 17:38:43","body":"\u8f7b\u5962\u52a8\u8f66\u51fa\u6e38-\u9e23\u6c99\u5c71\u6708\u7259\u6cc9-\u83ab\u9ad8\u7a9f-\u96c5\u4e39\u9b54\u9b3c\u57ce-\u5609\u5cea\u5173-\u5f20\u6396\u4e39\u971e-\u9a6c\u8e44\u5bfa-\u5353\u5c14\u5c71-\u8336\u5361\u76d0\u6e56-\u9752\u6d77\u6e569\u65e5\u6e38","trade_status":"TRADE_SUCCESS","is_total_fee_adjust":"N","total_fee":"3130.00","gmt_payment":"2017-07-10 17:38:43","seller_email":"2287684289@qq.com","price":"3130.00","buyer_id":"2088002447418039","notify_id":"376337fa41aad2436c011792f6f2cafg8e","use_coupon":"N","sign_type":"MD5","sign":"5d5bad74aa83aa427be71df331794fde"}
[2017-07-10 17:38:44][info] 数据存储反馈成功！
[2017-07-10 17:38:44][info] success
[2017-07-10 17:38:44][info] 写入结束!!!
[2017-07-10 17:39:01][info] ----------------------------------------
[2017-07-10 17:39:01][info] {"discount":"0.00","payment_type":"1","trade_no":"2017071021001004750267509400","subject":"\u8349\u539f8\u65e5\u73af\u7ebf","buyer_email":"13520347001","gmt_create":"2017-07-10 17:38:33","notify_type":"trade_status_sync","quantity":"1","out_trade_no":"LX-17070714402264206-c","seller_id":"2088421286007493","notify_time":"2017-07-10 17:39:01","body":"\u54c8\u5c14\u6ee8-\u624e\u9f99\u4fdd\u62a4\u533a-\u963f\u8363\u65d7-\u6ee1\u6d32\u91cc-\u5ba4\u97e6-\u963f\u5c14\u5c71-\u957f\u66258\u65e5\u5927\u73af\u7ebf","trade_status":"TRADE_SUCCESS","is_total_fee_adjust":"N","total_fee":"5270.00","gmt_payment":"2017-07-10 17:39:00","seller_email":"2287684289@qq.com","price":"5270.00","buyer_id":"2088222305841759","notify_id":"85450889d14f345e0311fd7e382a108lse","use_coupon":"N","sign_type":"MD5","sign":"0eea1c1f3a92ce9489153fb2a63a676e"}
[2017-07-10 17:39:01][info] 数据存储反馈成功！
[2017-07-10 17:39:01][info] success
[2017-07-10 17:39:01][info] 写入结束!!!
[2017-07-10 18:37:48][info] ----------------------------------------
[2017-07-10 18:37:48][info] {"discount":"0.00","payment_type":"1","trade_no":"2017071021001004550255621825","subject":"\u65b0\u7586\u5168\u666f","buyer_email":"18600675708","gmt_create":"2017-07-10 18:37:38","notify_type":"trade_status_sync","quantity":"1","out_trade_no":"LX-17070809595474806-4","seller_id":"2088421286007493","notify_time":"2017-07-10 18:37:48","body":"\u6c5f\u5e03\u62c9\u514b-\u4e94\u5f69\u6ee9-\u5580\u7eb3\u65af-\u79be\u6728-\u8d5b\u91cc\u6728\u6e56-\u85b0\u8863\u8349\u519c\u573a-\u5580\u62c9\u5cfb-\u90a3\u62c9\u63d0-\u5df4\u97f3\u5e03\u9c81\u514b-\u5410\u9c81\u756a13\u65e5\u6e38","trade_status":"TRADE_SUCCESS","is_total_fee_adjust":"N","total_fee":"7940.00","gmt_payment":"2017-07-10 18:37:48","seller_email":"2287684289@qq.com","price":"7940.00","buyer_id":"2088702884816552","notify_id":"2595fd5a1f03d9f25c86c9d218cd9c6k8u","use_coupon":"N","sign_type":"MD5","sign":"b6326f310555535b40e20c79d552eb82"}
[2017-07-10 18:37:49][info] 数据存储反馈成功！
[2017-07-10 18:37:49][info] success
[2017-07-10 18:37:49][info] 写入结束!!!
[2017-07-10 18:40:50][info] ----------------------------------------
[2017-07-10 18:40:50][info] {"discount":"0.00","payment_type":"1","trade_no":"2017071021001004440222192344","subject":"\u4e1d\u8def\u5dc5\u5cf0\u4f53\u9a8c\u4e5d\u65e5\u6e38B\u7ebf","buyer_email":"18797876529","gmt_create":"2017-07-10 18:40:40","notify_type":"trade_status_sync","quantity":"1","out_trade_no":"LX-17071012534482906-a","seller_id":"2088421286007493","notify_time":"2017-07-10 18:40:50","body":"\u8f7b\u5962\u52a8\u8f66\u51fa\u6e38-\u9e23\u6c99\u5c71\u6708\u7259\u6cc9-\u83ab\u9ad8\u7a9f-\u96c5\u4e39\u9b54\u9b3c\u57ce-\u5609\u5cea\u5173-\u5f20\u6396\u4e39\u971e-\u9a6c\u8e44\u5bfa-\u5353\u5c14\u5c71-\u8336\u5361\u76d0\u6e56-\u9752\u6d77\u6e569\u65e5\u6e38","trade_status":"TRADE_SUCCESS","is_total_fee_adjust":"N","total_fee":"4080.00","gmt_payment":"2017-07-10 18:40:49","seller_email":"2287684289@qq.com","price":"4080.00","buyer_id":"2088512866124441","notify_id":"ec9f2d39bf2d743c6813dc4851f3a5bjea","use_coupon":"N","sign_type":"MD5","sign":"6905259bf65618521b17f1e4b77b4556"}
[2017-07-10 18:40:50][info] 数据存储反馈成功！
[2017-07-10 18:40:50][info] success
[2017-07-10 18:40:50][info] 写入结束!!!
[2017-07-10 20:19:56][info] ----------------------------------------
[2017-07-10 20:19:56][info] {"discount":"0.00","payment_type":"1","trade_no":"2017071021001004090213455271","subject":"\u9752\u6d77\u6e56\u73af\u6e565\u65e5\u6df1\u5ea6\u6e38","buyer_email":"easepost@126.com","gmt_create":"2017-07-10 20:19:21","notify_type":"trade_status_sync","quantity":"1","out_trade_no":"LX-17071019095382606-7","seller_id":"2088421286007493","notify_time":"2017-07-10 20:19:56","body":"\u8336\u5361\u3001\u95e8\u6e90\u3001\u7941\u8fde\u3001\u7cbe\u534e300\u00b0\u9752\u6d77\u6e56\u73af\u6e56","trade_status":"TRADE_SUCCESS","is_total_fee_adjust":"N","total_fee":"3720.00","gmt_payment":"2017-07-10 20:19:55","seller_email":"2287684289@qq.com","price":"3720.00","buyer_id":"2088002417636098","notify_id":"431eb18f49992b8689da1ea613e5a0agp2","use_coupon":"N","sign_type":"MD5","sign":"90fd25aba4d4c8cda78be05af107d5e6"}
[2017-07-10 20:19:56][info] 数据存储反馈成功！
[2017-07-10 20:19:56][info] success
[2017-07-10 20:19:56][info] 写入结束!!!
[2017-07-10 20:46:55][info] ----------------------------------------
[2017-07-10 20:46:55][info] {"discount":"0.00","payment_type":"1","trade_no":"2017071021001004780295264576","subject":"\u4e1d\u8def\u5dc5\u5cf0\u4f53\u9a8c\u4e5d\u65e5\u6e38B\u7ebf","buyer_email":"13905029753","gmt_create":"2017-07-10 20:46:14","notify_type":"trade_status_sync","quantity":"1","out_trade_no":"LX-1707101912228206-5","seller_id":"2088421286007493","notify_time":"2017-07-10 20:46:55","body":"\u9752\u6d77\u6e56-\u8336\u5361\u76d0\u6e56-\u9e23\u6c99\u5c71\u6708\u7259\u6cc9-\u83ab\u9ad8\u7a9f-\u96c5\u4e39\u9b54\u9b3c\u57ce-\u5609\u5cea\u5173-\u5f20\u6396\u4e39\u971e-\u9a6c\u8e44\u5bfa-\u5353\u5c14\u5c71\u8f7b\u5962\u52a8\u8f669\u65e5\u6e38","trade_status":"TRADE_SUCCESS","is_total_fee_adjust":"N","total_fee":"2040.00","gmt_payment":"2017-07-10 20:46:55","seller_email":"2287684289@qq.com","price":"2040.00","buyer_id":"2088512756774781","notify_id":"121ee484d6f8b3d19fe0bf2dd640df8m0q","use_coupon":"N","sign_type":"MD5","sign":"df8c0ab22071fb7421cde1ea0efd2564"}
[2017-07-10 20:46:56][info] 数据存储反馈成功！
[2017-07-10 20:46:56][info] success
[2017-07-10 20:46:56][info] 写入结束!!!
[2017-07-10 21:14:41][info] ----------------------------------------
[2017-07-10 21:14:41][info] {"discount":"0.00","payment_type":"1","trade_no":"2017071021001004200217128024","subject":"\u65b0\u7586\u5168\u666f","buyer_email":"13658004137","gmt_create":"2017-07-10 21:13:18","notify_type":"trade_status_sync","quantity":"1","out_trade_no":"LX-17071016021283906-b","seller_id":"2088421286007493","notify_time":"2017-07-10 21:14:41","body":"\u5580\u7eb3\u65af-\u79be\u6728-\u8d5b\u91cc\u6728\u6e56-\u85b0\u8863\u8349\u519c\u573a-\u5580\u62c9\u5cfb-\u90a3\u62c9\u63d0-\u5df4\u97f3\u5e03\u9c81\u514b-\u6c5f\u5e03\u62c9\u514b-\u4e94\u5f69\u6ee9-\u5410\u9c81\u756a13\u65e5\u6e38","trade_status":"TRADE_SUCCESS","is_total_fee_adjust":"N","total_fee":"5380.00","gmt_payment":"2017-07-10 21:14:40","seller_email":"2287684289@qq.com","price":"5380.00","buyer_id":"2088802900200201","notify_id":"3bd7a28b6c1b975a9b415c91caaaa35hjm","use_coupon":"N","sign_type":"MD5","sign":"c507a99071c41f6f776eac72b4930ef7"}
[2017-07-10 21:14:41][info] 数据存储反馈成功！
[2017-07-10 21:14:41][info] success
[2017-07-10 21:14:41][info] 写入结束!!!
[2017-07-10 23:36:45][info] ----------------------------------------
[2017-07-10 23:36:45][info] {"discount":"0.00","payment_type":"1","trade_no":"2017071021001004710248159661","subject":"\u575d\u4e0a\u4f11\u95f2A\u7ebf","buyer_email":"13556177225","gmt_create":"2017-07-10 23:36:15","notify_type":"trade_status_sync","quantity":"1","out_trade_no":"LX-17062521482181106-3","seller_id":"2088421286007493","notify_time":"2017-07-10 23:36:45","body":"2017\u5168\u5e74\u8ba1\u5212\uff1a\u7b56\u9a6c\u3001\u8d8a\u91ce\u4e4c\u5170\u5e03\u7edf\u575d\u4e0a\u8349\u539f\u3001\u767b\u91d1\u5c71\u5cad\u957f\u57ce\/\u6155\u7530\u5cea\u957f\u57ce 6\u65e5\u4f11\u95f2\u6e38\uff08\u91d1\u724c\u8def\u7ebf\uff09","trade_status":"TRADE_SUCCESS","is_total_fee_adjust":"N","total_fee":"3670.00","gmt_payment":"2017-07-10 23:36:45","seller_email":"2287684289@qq.com","price":"3670.00","buyer_id":"2088702057018710","notify_id":"379356cdb75dcc51bcfedb904f0c3a2lha","use_coupon":"N","sign_type":"MD5","sign":"65305c8d485efbc200f2ded7eefee3d0"}
[2017-07-10 23:36:46][info] 数据存储反馈成功！
[2017-07-10 23:36:46][info] success
[2017-07-10 23:36:46][info] 写入结束!!!
