[2017-08-15 08:17:21][info] ----------------------------------------
[2017-08-15 08:17:21][info] {"discount":"0.00","payment_type":"1","trade_no":"2017081521001004940272078158","subject":"\u4e1d\u7ef8\u4e4b\u8def\u5168\u666f\u6e389\u65e5","buyer_email":"xiaoxiong492@163.com","gmt_create":"2017-08-15 08:17:11","notify_type":"trade_status_sync","quantity":"1","out_trade_no":"LX-17080711441092801-5","seller_id":"2088421286007493","notify_time":"2017-08-15 08:17:20","body":"\u72ec\u5bb6\u6c34\u4e0a\u9b54\u9b3c\u57ce-\u65e0\u4eba\u533a\u539f\u751f\u6001\u96c5\u4e39\u63a2\u79d8-\u9752\u6d77\u6e56-\u8336\u5361\u76d0\u6e56-\u83ab\u9ad8\u7a9f-\u9e23\u6c99\u5c71\u6708\u7259\u6cc9-\u5f20\u6396\u4e39\u971e-\u5353\u5c14\u5c719\u65e5\u6e38","trade_status":"TRADE_SUCCESS","is_total_fee_adjust":"N","total_fee":"5020.00","gmt_payment":"2017-08-15 08:17:20","seller_email":"2287684289@qq.com","price":"5020.00","buyer_id":"2088002048242945","notify_id":"3a24a93e466ac6aec2e7e6a81fb6620n96","use_coupon":"N","sign_type":"MD5","sign":"ed6212dbb09e520628f63fee5b4ba71c"}
[2017-08-15 08:17:21][info] 数据存储反馈成功！
[2017-08-15 08:17:21][info] success
[2017-08-15 08:17:21][info] 写入结束!!!
[2017-08-15 13:17:26][info] ----------------------------------------
[2017-08-15 13:17:26][info] {"discount":"0.00","payment_type":"1","trade_no":"2017081521001004670209767893","subject":"\u7518\u5357\u5168\u666f","buyer_email":"lixinru@bpsb.com.cn","gmt_create":"2017-08-15 13:17:18","notify_type":"trade_status_sync","quantity":"1","out_trade_no":"LX-17081220404567506-5","seller_id":"2088421286007493","notify_time":"2017-08-15 13:17:26","body":"2017\u5e74\u72ec\u5bb6  \u62c9\u535c\u695e\u5bfa-\u624e\u5c15\u90a3-\u82b1\u6e56-\u5e74\u5b9d\u7389\u5219-\u82e5\u5c14\u76d6\u8349\u539f-\u963f\u4e07\u4ed3\u6e7f\u5730-\u5c15\u6d77\u6e56-\u90ce\u6728\u5bfa 8\u65e5\u6e38","trade_status":"TRADE_SUCCESS","is_total_fee_adjust":"N","total_fee":"4270.00","gmt_payment":"2017-08-15 13:17:26","seller_email":"2287684289@qq.com","price":"4270.00","buyer_id":"2088002672755675","notify_id":"e6fea287c4f450403a2acdf38d3b5f3l66","use_coupon":"N","sign_type":"MD5","sign":"6a7b4148c500e652237de2bbbeefbe17"}
[2017-08-15 13:17:26][info] 数据存储反馈成功！
[2017-08-15 13:17:26][info] success
[2017-08-15 13:17:26][info] 写入结束!!!
[2017-08-15 15:24:15][info] ----------------------------------------
[2017-08-15 15:24:15][info] {"discount":"0.00","payment_type":"1","trade_no":"2017081521001004470201348951","subject":"\u4e1d\u8def\u5dc5\u5cf0\u4f53\u9a8c\u4e5d\u65e5\u6e38B\u7ebf","buyer_email":"15109253621","gmt_create":"2017-08-15 15:23:47","notify_type":"trade_status_sync","quantity":"1","out_trade_no":"LX-17071711404182206-f","seller_id":"2088421286007493","notify_time":"2017-08-15 15:24:15","body":"\u9752\u6d77\u6e56-\u8336\u5361\u76d0\u6e56-\u9e23\u6c99\u5c71\u6708\u7259\u6cc9-\u83ab\u9ad8\u7a9f-\u96c5\u4e39\u9b54\u9b3c\u57ce-\u5609\u5cea\u5173-\u5f20\u6396\u4e39\u971e-\u9a6c\u8e44\u5bfa-\u5353\u5c14\u5c71\u8f7b\u5962\u52a8\u8f669\u65e5\u6e38","trade_status":"TRADE_SUCCESS","is_total_fee_adjust":"N","total_fee":"4080.00","gmt_payment":"2017-08-15 15:24:14","seller_email":"2287684289@qq.com","price":"4080.00","buyer_id":"2088812830847470","notify_id":"cc1215dbd9bcd172c627161f38fef16jmm","use_coupon":"N","sign_type":"MD5","sign":"0930fa1cd4396473c08fc33a2e75cf90"}
[2017-08-15 15:24:15][info] 数据存储反馈成功！
[2017-08-15 15:24:15][info] success
[2017-08-15 15:24:15][info] 写入结束!!!
[2017-08-15 16:42:37][info] ----------------------------------------
[2017-08-15 16:42:37][info] {"discount":"0.00","payment_type":"1","trade_no":"2017081521001004310258804854","subject":"\u65b0\u7586\u91d1\u79cb\u5927\u73af\u7ebf","buyer_email":"air8127@126.com","gmt_create":"2017-08-15 16:42:00","notify_type":"trade_status_sync","quantity":"1","out_trade_no":"LX-17081516094336201-7","seller_id":"2088421286007493","notify_time":"2017-08-15 16:42:37","body":"\u5580\u7eb3\u65af-\u79be\u6728-\u767d\u54c8\u5df4-\u8d5b\u91cc\u6728\u6e56-\u5df4\u97f3\u5e03\u9c81\u514b-\u5410\u9c81\u756a-\u5854\u91cc\u6728\u6cb3\u80e1\u6768\u679712\u65e5\u6df1\u5ea6\u6e38","trade_status":"TRADE_SUCCESS","is_total_fee_adjust":"N","total_fee":"43850.00","gmt_payment":"2017-08-15 16:42:37","seller_email":"2287684289@qq.com","price":"43850.00","buyer_id":"2088102855118313","notify_id":"bc3e99ae5ae9d9f61a504952fe46af5ie6","use_coupon":"N","sign_type":"MD5","sign":"12eeb58d201d31739aac05f811f51673"}
[2017-08-15 16:42:38][info] 数据存储反馈成功！
[2017-08-15 16:42:38][info] success
[2017-08-15 16:42:38][info] 写入结束!!!
[2017-08-15 16:47:08][info] ----------------------------------------
[2017-08-15 16:47:08][info] {"discount":"0.00","payment_type":"1","trade_no":"2017081521001004510290811530","subject":"\u5317\u7586\u5dc5\u5cf0","buyer_email":"ztesttt@gmail.com","gmt_create":"2017-08-15 16:46:40","notify_type":"trade_status_sync","quantity":"1","out_trade_no":"LX-17080900233944006-3","seller_id":"2088421286007493","notify_time":"2017-08-15 16:47:07","body":"\u79be\u672848\u5c0f\u65f6-\u5580\u7eb3\u65af-\u767d\u54c8\u5df4-\u4e94\u5f69\u6ee9-\u53cc\u53676\u65e5\u6e38","trade_status":"TRADE_SUCCESS","is_total_fee_adjust":"N","total_fee":"3880.00","gmt_payment":"2017-08-15 16:47:07","seller_email":"2287684289@qq.com","price":"3880.00","buyer_id":"2088912889824511","notify_id":"65613514fc60c8b53fad31d39df1fd8jxq","use_coupon":"N","sign_type":"MD5","sign":"f09d2a5a90dbc43b5c4e513797cb4183"}
[2017-08-15 16:47:08][info] 数据存储反馈成功！
[2017-08-15 16:47:08][info] success
[2017-08-15 16:47:08][info] 写入结束!!!
[2017-08-15 17:14:28][info] ----------------------------------------
[2017-08-15 17:14:28][info] {"discount":"0.00","payment_type":"1","trade_no":"2017081521001004320217534562","subject":"\u7518\u5357\u5168\u666f","buyer_email":"626097302@qq.com","gmt_create":"2017-08-15 17:14:19","notify_type":"trade_status_sync","quantity":"1","out_trade_no":"LX-170725134032601-5","seller_id":"2088421286007493","notify_time":"2017-08-15 17:14:28","body":"2017\u5e74\u72ec\u5bb6  \u62c9\u535c\u695e\u5bfa-\u624e\u5c15\u90a3-\u82b1\u6e56-\u5e74\u5b9d\u7389\u5219-\u82e5\u5c14\u76d6\u8349\u539f-\u963f\u4e07\u4ed3\u6e7f\u5730-\u5c15\u6d77\u6e56-\u90ce\u6728\u5bfa 8\u65e5\u6e38","trade_status":"TRADE_SUCCESS","is_total_fee_adjust":"N","total_fee":"9665.00","gmt_payment":"2017-08-15 17:14:27","seller_email":"2287684289@qq.com","price":"9665.00","buyer_id":"2088102086280324","notify_id":"d89df4adc3d9d789e9c2d2ff2d348e2igy","use_coupon":"N","sign_type":"MD5","sign":"4530177acd43673efb9699db6754fa37"}
[2017-08-15 17:14:28][info] 数据存储反馈成功！
[2017-08-15 17:14:28][info] success
[2017-08-15 17:14:28][info] 写入结束!!!
[2017-08-15 18:03:17][info] ----------------------------------------
[2017-08-15 18:03:17][info] {"discount":"0.00","payment_type":"1","trade_no":"2017081521001004360288929106","subject":"\u5317\u7586\u91d1\u79cb\u81f3\u5c0a10\u65e5\u6e38","buyer_email":"lucky.dog.cat@163.com","gmt_create":"2017-08-15 18:03:08","notify_type":"trade_status_sync","quantity":"1","out_trade_no":"LX-17081010513038101-6","seller_id":"2088421286007493","notify_time":"2017-08-15 18:03:16","body":"38\u5c0f\u65f6\u79be\u6728-\u5580\u7eb3\u65af-\u767d\u54c8\u5df4-\u53ef\u53ef\u82cf\u91cc\u6e56-\u53ef\u53ef\u6258\u6d77-\u4e94\u5f69\u6ee9-\u9b54\u9b3c\u57ce10\u65e5\u5927\u73af\u7ebf","trade_status":"TRADE_SUCCESS","is_total_fee_adjust":"N","total_fee":"5180.00","gmt_payment":"2017-08-15 18:03:16","seller_email":"2287684289@qq.com","price":"5180.00","buyer_id":"2088202217201360","notify_id":"5814b274aa70c60410cad6dfc00dbf0is2","use_coupon":"N","sign_type":"MD5","sign":"715b63abdb17982c3b6a9896925ddb64"}
[2017-08-15 18:03:17][info] 数据存储反馈成功！
[2017-08-15 18:03:17][info] success
[2017-08-15 18:03:17][info] 写入结束!!!
