[2017-06-22 10:31:35][info] ----------------------------------------
[2017-06-22 10:31:35][info] {"discount":"0.00","payment_type":"1","trade_no":"2017062221001004740289464577","subject":"\u65b0\u7586\u5168\u666f","buyer_email":"sunyu0807@126.com","gmt_create":"2017-06-22 10:31:21","notify_type":"trade_status_sync","quantity":"1","out_trade_no":"LX-17060712392569301-5","seller_id":"2088421286007493","notify_time":"2017-06-22 10:31:35","body":"\u6c5f\u5e03\u62c9\u514b-\u4e94\u5f69\u6ee9-\u5580\u7eb3\u65af-\u79be\u6728-\u8d5b\u91cc\u6728\u6e56-\u85b0\u8863\u8349\u519c\u573a-\u5580\u62c9\u5cfb-\u90a3\u62c9\u63d0-\u5df4\u97f3\u5e03\u9c81\u514b-\u5410\u9c81\u756a13\u65e5\u6e38","trade_status":"TRADE_SUCCESS","is_total_fee_adjust":"N","total_fee":"9290.00","gmt_payment":"2017-06-22 10:31:35","seller_email":"2287684289@qq.com","price":"9290.00","buyer_id":"2088002347327745","notify_id":"1e648c63891d8721dc22e9c9e6bcb09lpm","use_coupon":"N","sign_type":"MD5","sign":"1b63dcdf4ed4b0ea8c87e196d89bdf32"}
[2017-06-22 10:31:36][info] 数据存储反馈成功！
[2017-06-22 10:31:36][info] success
[2017-06-22 10:31:36][info] 写入结束!!!
[2017-06-22 10:41:53][info] ----------------------------------------
[2017-06-22 10:41:53][info] {"discount":"0.00","payment_type":"1","trade_no":"2017062221001004730224841215","subject":"\u65b0\u7586\u5168\u666f","buyer_email":"yyl@jssvc.edu.cn","gmt_create":"2017-06-22 10:41:32","notify_type":"trade_status_sync","quantity":"1","out_trade_no":"LX-17061909554839006-1","seller_id":"2088421286007493","notify_time":"2017-06-22 10:41:53","body":"\u6c5f\u5e03\u62c9\u514b-\u4e94\u5f69\u6ee9-\u5580\u7eb3\u65af-\u79be\u6728-\u8d5b\u91cc\u6728\u6e56-\u85b0\u8863\u8349\u519c\u573a-\u5580\u62c9\u5cfb-\u90a3\u62c9\u63d0-\u5df4\u97f3\u5e03\u9c81\u514b-\u5410\u9c81\u756a13\u65e5\u6e38","trade_status":"TRADE_SUCCESS","is_total_fee_adjust":"N","total_fee":"7980.00","gmt_payment":"2017-06-22 10:41:53","seller_email":"2287684289@qq.com","price":"7980.00","buyer_id":"2088102125056730","notify_id":"67328a177a017f1a08cee803a5f6ebblmu","use_coupon":"N","sign_type":"MD5","sign":"5b9d49dd6ec4433508eadbab952ff53d"}
[2017-06-22 10:41:54][info] 数据存储反馈成功！
[2017-06-22 10:41:54][info] success
[2017-06-22 10:41:54][info] 写入结束!!!
[2017-06-22 12:00:25][info] ----------------------------------------
[2017-06-22 12:00:25][info] {"discount":"0.00","payment_type":"1","trade_no":"2017062221001004040294648662","subject":"\u4e1d\u8def\u5dc5\u5cf0\u5341\u65e5\u6e38\u65d7\u8230\u7248","buyer_email":"ldh3@sina.cn","gmt_create":"2017-06-22 11:59:55","notify_type":"trade_status_sync","quantity":"1","out_trade_no":"LX-17062119570715906-d","seller_id":"2088421286007493","notify_time":"2017-06-22 12:00:25","body":"\u6c99\u5c9b-\u9752\u6d77\u6e56-\u8336\u5361\u76d0\u6e56-\u7941\u8fde-\u5f20\u6396-\u5609\u5cea\u5173-\u6566\u714c\u5341\u65e5\u6e38","trade_status":"TRADE_SUCCESS","is_total_fee_adjust":"N","total_fee":"4180.00","gmt_payment":"2017-06-22 12:00:25","seller_email":"2287684289@qq.com","price":"4180.00","buyer_id":"2088602214202045","notify_id":"3fba802c5d9a82b29b381983c019658gb6","use_coupon":"N","sign_type":"MD5","sign":"a3096ccc5bb04a2c5b8b850d496bd8e0"}
[2017-06-22 12:00:26][info] 数据存储反馈成功！
[2017-06-22 12:00:26][info] success
[2017-06-22 12:00:26][info] 写入结束!!!
[2017-06-22 13:36:51][info] ----------------------------------------
[2017-06-22 13:36:51][info] {"discount":"0.00","payment_type":"1","trade_no":"2017032321001004010241810372","subject":"\u65e9\u6625\u65b0\u7586","buyer_email":"13907140575","gmt_create":"2017-03-23 13:36:04","notify_type":"trade_status_sync","quantity":"1","out_trade_no":"LX-17032313191257401-0","seller_id":"2088421286007493","notify_time":"2017-06-22 13:36:51","body":"\u4f0a\u7281\u674f\u82b1\u6c9f-\u7ea2\u5c71\u5927\u5ce1\u8c37-\u8d5b\u91cc\u6728\u6e56-\u5e93\u6728\u5854\u683c\u6c99\u6f208\u65e5\u6df1\u5ea6\u6e38","trade_status":"TRADE_FINISHED","is_total_fee_adjust":"N","total_fee":"3580.00","gmt_payment":"2017-03-23 13:36:26","seller_email":"2287684289@qq.com","gmt_close":"2017-06-22 13:36:51","price":"3580.00","buyer_id":"2088602055484015","notify_id":"8b70148aa4743df8853753174226e61g2u","use_coupon":"N","sign_type":"MD5","sign":"dc3644d9ec6138077f7ecd856a870898"}
[2017-06-22 13:36:51][info] 数据存储反馈成功！
[2017-06-22 13:36:51][info] success
[2017-06-22 13:36:51][info] 写入结束!!!
[2017-06-22 14:28:15][info] ----------------------------------------
[2017-06-22 14:28:15][info] {"discount":"0.00","payment_type":"1","trade_no":"2017062221001004130278710258","subject":"\u65b0\u7586\u5168\u666f","buyer_email":"13808812326","gmt_create":"2017-06-22 14:28:05","notify_type":"trade_status_sync","quantity":"1","out_trade_no":"LX-17051616013259706-e","seller_id":"2088421286007493","notify_time":"2017-06-22 14:28:15","body":"\u6c5f\u5e03\u62c9\u514b-\u4e94\u5f69\u6ee9-\u5580\u7eb3\u65af-\u79be\u6728-\u8d5b\u91cc\u6728\u6e56-\u85b0\u8863\u8349\u519c\u573a-\u5580\u62c9\u5cfb-\u90a3\u62c9\u63d0-\u5df4\u97f3\u5e03\u9c81\u514b-\u5410\u9c81\u756a13\u65e5\u6e38","trade_status":"TRADE_SUCCESS","is_total_fee_adjust":"N","total_fee":"6720.00","gmt_payment":"2017-06-22 14:28:14","seller_email":"2287684289@qq.com","price":"6720.00","buyer_id":"2088802300635139","notify_id":"31f126eeb136e7d441aac62085273b3h06","use_coupon":"N","sign_type":"MD5","sign":"02977620a40d7f2d039d0cbf3f4ed2ba"}
[2017-06-22 14:28:15][info] 数据存储反馈成功！
[2017-06-22 14:28:15][info] success
[2017-06-22 14:28:15][info] 写入结束!!!
[2017-06-22 20:56:43][info] ----------------------------------------
[2017-06-22 20:56:43][info] {"discount":"0.00","payment_type":"1","trade_no":"2017062221001004270287064850","subject":"\u7518\u5357\u5168\u666f","buyer_email":"18170022988","gmt_create":"2017-06-22 20:56:21","notify_type":"trade_status_sync","quantity":"1","out_trade_no":"LX-17060512501834901-8","seller_id":"2088421286007493","notify_time":"2017-06-22 20:56:43","body":"2017\u5e74\u72ec\u5bb6  \u516b\u89d2\u57ce-\u624e\u5c15\u90a3-\u82b1\u6e56-\u5e74\u5b9d\u7389\u5219-\u82e5\u5c14\u76d6\u8349\u539f-\u963f\u4e07\u4ed3\u6e7f\u5730-\u90ce\u6728\u5bfa 8\u65e5\u6e38","trade_status":"TRADE_SUCCESS","is_total_fee_adjust":"N","total_fee":"2880.00","gmt_payment":"2017-06-22 20:56:42","seller_email":"2287684289@qq.com","price":"2880.00","buyer_id":"2088702156799277","notify_id":"135fcb8d0b18cb9e296e8f5bcf8ec38i32","use_coupon":"N","sign_type":"MD5","sign":"20560bd0e464bca5bfc94e4f3461c6d2"}
[2017-06-22 20:56:44][info] 数据存储反馈成功！
[2017-06-22 20:56:44][info] success
[2017-06-22 20:56:44][info] 写入结束!!!
[2017-06-22 21:50:43][info] ----------------------------------------
[2017-06-22 21:50:43][info] {"discount":"0.00","payment_type":"1","trade_no":"2017062221001004370259726971","subject":"\u65b0\u7586\u5168\u666f","buyer_email":"13637223862","gmt_create":"2017-06-22 21:50:27","notify_type":"trade_status_sync","quantity":"1","out_trade_no":"LX-17062212535978006-7","seller_id":"2088421286007493","notify_time":"2017-06-22 21:50:43","body":"\u6c5f\u5e03\u62c9\u514b-\u4e94\u5f69\u6ee9-\u5580\u7eb3\u65af-\u79be\u6728-\u8d5b\u91cc\u6728\u6e56-\u85b0\u8863\u8349\u519c\u573a-\u5580\u62c9\u5cfb-\u90a3\u62c9\u63d0-\u5df4\u97f3\u5e03\u9c81\u514b-\u5410\u9c81\u756a13\u65e5\u6e38","trade_status":"TRADE_SUCCESS","is_total_fee_adjust":"N","total_fee":"10760.00","gmt_payment":"2017-06-22 21:50:43","seller_email":"2287684289@qq.com","price":"10760.00","buyer_id":"2088112899468376","notify_id":"2758d6e172e5dcaffb3a85183578d83iuu","use_coupon":"N","sign_type":"MD5","sign":"dd632684c42f4e7055e61056983cb00f"}
[2017-06-22 21:50:43][info] 数据存储反馈成功！
[2017-06-22 21:50:43][info] success
[2017-06-22 21:50:43][info] 写入结束!!!
