[2017-09-05 09:50:19][info] ----------------------------------------
[2017-09-05 09:50:19][info] {"discount":"0.00","payment_type":"1","trade_no":"2017090521001004480210769924","subject":"\u989d\u6d4e\u7eb3\u5168\u666f","buyer_email":"417227769@qq.com","gmt_create":"2017-09-05 09:50:06","notify_type":"trade_status_sync","quantity":"1","out_trade_no":"LX-17090422085086306-e","seller_id":"2088421286007493","notify_time":"2017-09-05 09:50:19","body":"\u989d\u6d4e\u7eb3\u80e1\u6768\u6797-\u6566\u714c\u5168\u666f-\u5df4\u4e39\u5409\u6797-\u5f20\u6396\u4e39\u971e-\u5609\u5cea\u5173-\u91d1\u5854\u80e1\u6768\u6797-\u52a8\u8f668\u65e5","trade_status":"TRADE_SUCCESS","is_total_fee_adjust":"N","total_fee":"7960.00","gmt_payment":"2017-09-05 09:50:18","seller_email":"2287684289@qq.com","price":"7960.00","buyer_id":"2088802225909481","notify_id":"9fd99be4797559d66c757f819eb6a3djpe","use_coupon":"N","sign_type":"MD5","sign":"c53caf6b6cdc92ec4b9ea99905665cd0"}
[2017-09-05 09:50:19][info] 数据存储反馈成功！
[2017-09-05 09:50:19][info] success
[2017-09-05 09:50:19][info] 写入结束!!!
[2017-09-05 12:39:25][info] ----------------------------------------
[2017-09-05 12:39:25][info] {"discount":"0.00","payment_type":"1","trade_no":"2017090521001004030200811601","subject":"\u989d\u6d4e\u7eb3\u5168\u666f","buyer_email":"460352587@qq.com","gmt_create":"2017-09-05 12:39:17","notify_type":"trade_status_sync","quantity":"1","out_trade_no":"LX-17090510495782906-1","seller_id":"2088421286007493","notify_time":"2017-09-05 12:39:25","body":"\u989d\u6d4e\u7eb3\u80e1\u6768\u6797-\u6566\u714c\u5168\u666f-\u5df4\u4e39\u5409\u6797-\u5f20\u6396\u4e39\u971e-\u5609\u5cea\u5173-\u91d1\u5854\u80e1\u6768\u6797-\u52a8\u8f668\u65e5","trade_status":"TRADE_SUCCESS","is_total_fee_adjust":"N","total_fee":"8160.00","gmt_payment":"2017-09-05 12:39:25","seller_email":"2287684289@qq.com","price":"8160.00","buyer_id":"2088902192874031","notify_id":"bc479b6caead0e1b6da5b2f46d9f04eg8e","use_coupon":"N","sign_type":"MD5","sign":"43269853c241591196c15ec86b3cb6e3"}
[2017-09-05 12:39:26][info] 数据存储反馈成功！
[2017-09-05 12:39:26][info] success
[2017-09-05 12:39:26][info] 写入结束!!!
[2017-09-05 12:48:49][info] ----------------------------------------
[2017-09-05 12:48:49][info] {"discount":"0.00","payment_type":"1","trade_no":"2017090521001004030200826945","subject":"\u989d\u6d4e\u7eb3\u5168\u666f","buyer_email":"460352587@qq.com","gmt_create":"2017-09-05 12:48:43","notify_type":"trade_status_sync","quantity":"1","out_trade_no":"LX-17090512460319006-7","seller_id":"2088421286007493","notify_time":"2017-09-05 12:48:49","body":"\u989d\u6d4e\u7eb3\u80e1\u6768\u6797-\u6566\u714c\u5168\u666f-\u5df4\u4e39\u5409\u6797-\u5f20\u6396\u4e39\u971e-\u5609\u5cea\u5173-\u91d1\u5854\u80e1\u6768\u6797-\u52a8\u8f668\u65e5","trade_status":"TRADE_SUCCESS","is_total_fee_adjust":"N","total_fee":"8160.00","gmt_payment":"2017-09-05 12:48:49","seller_email":"2287684289@qq.com","price":"8160.00","buyer_id":"2088902192874031","notify_id":"6b5307dda325321f9a4a6f275571bf2g8e","use_coupon":"N","sign_type":"MD5","sign":"2f1a9edef8d098aa2c81d7c10f3405fe"}
[2017-09-05 12:48:49][info] 数据存储反馈成功！
[2017-09-05 12:48:49][info] success
[2017-09-05 12:48:49][info] 写入结束!!!
[2017-09-05 13:13:32][info] ----------------------------------------
[2017-09-05 13:13:32][info] {"discount":"0.00","payment_type":"1","trade_no":"2017090521001004010202050126","subject":"\u5317\u7586\u91d1\u79cb\u7ecf\u5178\u73af\u7ebf","buyer_email":"13881793761","gmt_create":"2017-09-05 13:13:07","notify_type":"trade_status_sync","quantity":"1","out_trade_no":"LX-17090510020649001-2","seller_id":"2088421286007493","notify_time":"2017-09-05 13:13:32","body":"\u5580\u7eb3\u65af-\u767d\u54c8\u5df4-\u79be\u6728-\u4e94\u5f69\u6ee9-\u9b54\u9b3c\u57ce-\u53ef\u53ef\u6258\u6d77 9\u65e5\u6df1\u5ea6\u6e38","trade_status":"TRADE_SUCCESS","is_total_fee_adjust":"N","total_fee":"5030.00","gmt_payment":"2017-09-05 13:13:31","seller_email":"2287684289@qq.com","price":"5030.00","buyer_id":"2088502622626010","notify_id":"ef278efe3551e7d2577bd6f3d663c93g2u","use_coupon":"N","sign_type":"MD5","sign":"4aacadf0d00faa3a5c310dbc2793ed74"}
[2017-09-05 13:13:32][info] 数据存储反馈成功！
[2017-09-05 13:13:32][info] success
[2017-09-05 13:13:32][info] 写入结束!!!
[2017-09-05 13:19:33][info] ----------------------------------------
[2017-09-05 13:19:33][info] {"discount":"0.00","payment_type":"1","trade_no":"2017090521001004520260429761","subject":"\u8272\u8fbe\u56db\u65e5","buyer_email":"13960909184","gmt_create":"2017-09-05 13:15:58","notify_type":"trade_status_sync","quantity":"1","out_trade_no":"LX-1709032048431106-d","seller_id":"2088421286007493","notify_time":"2017-09-05 13:19:33","body":"\u8272\u8fbe-\u56db\u59d1\u5a18\u5c71-\u4e39\u5df4\u85cf\u5be8\u56db\u65e5\u6e38","trade_status":"TRADE_SUCCESS","is_total_fee_adjust":"N","total_fee":"2080.00","gmt_payment":"2017-09-05 13:19:33","seller_email":"2287684289@qq.com","price":"2080.00","buyer_id":"2088902356663523","notify_id":"6b47b68719d14e360155a9956487c9bk0i","use_coupon":"N","sign_type":"MD5","sign":"be6d3b0681b06f8850257c2c0c463935"}
[2017-09-05 13:19:33][info] 数据存储反馈成功！
[2017-09-05 13:19:33][info] success
[2017-09-05 13:19:33][info] 写入结束!!!
[2017-09-05 13:20:36][info] ----------------------------------------
[2017-09-05 13:20:36][info] {"discount":"0.00","payment_type":"1","trade_no":"2017090521001004270221861384","subject":"\u989d\u6d4e\u7eb3\u5168\u666f","buyer_email":"volare1978@sina.com.cn","gmt_create":"2017-09-05 13:20:30","notify_type":"trade_status_sync","quantity":"1","out_trade_no":"LX-1709051257576506-0","seller_id":"2088421286007493","notify_time":"2017-09-05 13:20:36","body":"\u989d\u6d4e\u7eb3\u80e1\u6768\u6797-\u6566\u714c\u5168\u666f-\u5df4\u4e39\u5409\u6797-\u5f20\u6396\u4e39\u971e-\u5609\u5cea\u5173-\u91d1\u5854\u80e1\u6768\u6797-\u52a8\u8f668\u65e5","trade_status":"TRADE_SUCCESS","is_total_fee_adjust":"N","total_fee":"5320.00","gmt_payment":"2017-09-05 13:20:36","seller_email":"2287684289@qq.com","price":"5320.00","buyer_id":"2088002344257276","notify_id":"6cd74137613964b61c040d8c8043f86i32","use_coupon":"N","sign_type":"MD5","sign":"9595364baba74c386b2a7eec3d96b298"}
[2017-09-05 13:20:37][info] 数据存储反馈成功！
[2017-09-05 13:20:37][info] success
[2017-09-05 13:20:37][info] 写入结束!!!
[2017-09-05 13:32:49][info] ----------------------------------------
[2017-09-05 13:32:49][info] {"discount":"0.00","payment_type":"1","trade_no":"2017090521001004430299563925","subject":"\u5317\u7586\u91d1\u79cb\u81f3\u5c0a10\u65e5\u6e38","buyer_email":"13650757101","gmt_create":"2017-09-05 13:32:34","notify_type":"trade_status_sync","quantity":"1","out_trade_no":"LX-17082512503376306-8","seller_id":"2088421286007493","notify_time":"2017-09-05 13:32:49","body":"38\u5c0f\u65f6\u79be\u6728-\u5580\u7eb3\u65af-\u767d\u54c8\u5df4-\u53ef\u53ef\u82cf\u91cc\u6e56-\u53ef\u53ef\u6258\u6d77-\u4e94\u5f69\u6ee9-\u9b54\u9b3c\u57ce10\u65e5\u5927\u73af\u7ebf","trade_status":"TRADE_SUCCESS","is_total_fee_adjust":"N","total_fee":"2740.00","gmt_payment":"2017-09-05 13:32:48","seller_email":"2287684289@qq.com","price":"2740.00","buyer_id":"2088412004349438","notify_id":"8f132001c597df7cf2f810606f6066ajbi","use_coupon":"N","sign_type":"MD5","sign":"cc6599104e50fc10e006f0486724d151"}
[2017-09-05 13:32:49][info] 数据存储反馈成功！
[2017-09-05 13:32:49][info] success
[2017-09-05 13:32:49][info] 写入结束!!!
[2017-09-05 13:35:07][info] ----------------------------------------
[2017-09-05 13:35:07][info] {"discount":"0.00","payment_type":"1","trade_no":"2017060421001004980216718256","subject":"\u4e1d\u7ef8\u4e4b\u8def\u5dc5\u5cf0\u4f53\u9a8c\u5341\u65e5\u6e38","buyer_email":"fjcaoke@126.com","gmt_create":"2017-06-04 13:31:07","notify_type":"trade_status_sync","quantity":"1","out_trade_no":"LX-17060323405979706-c","seller_id":"2088421286007493","notify_time":"2017-09-05 13:35:07","body":"\u6c99\u5c9b-\u9752\u6d77\u6e56-\u8336\u5361\u76d0\u6e56-\u7941\u8fde-\u5f20\u6396-\u5609\u5cea\u5173-\u6566\u714c\u5341\u65e5\u6e38","trade_status":"TRADE_FINISHED","is_total_fee_adjust":"N","total_fee":"5670.00","gmt_payment":"2017-06-04 13:34:10","seller_email":"2287684289@qq.com","gmt_close":"2017-09-05 13:35:07","price":"5670.00","buyer_id":"2088002121935982","notify_id":"c3f7d7ca0a25fed8566aaeff906f655nka","use_coupon":"N","sign_type":"MD5","sign":"818f7f5849b367aef86240f340c9de21"}
[2017-09-05 13:35:07][info] 数据存储反馈成功！
[2017-09-05 13:35:07][info] success
[2017-09-05 13:35:07][info] 写入结束!!!
[2017-09-05 13:37:17][info] ----------------------------------------
[2017-09-05 13:37:17][info] {"discount":"0.00","payment_type":"1","trade_no":"2017090521001004270221913427","subject":"\u989d\u6d4e\u7eb3\u5168\u666f","buyer_email":"volare1978@sina.com.cn","gmt_create":"2017-09-05 13:37:10","notify_type":"trade_status_sync","quantity":"1","out_trade_no":"LX-1709051257576506-e","seller_id":"2088421286007493","notify_time":"2017-09-05 13:37:17","body":"\u989d\u6d4e\u7eb3\u80e1\u6768\u6797-\u6566\u714c\u5168\u666f-\u5df4\u4e39\u5409\u6797-\u5f20\u6396\u4e39\u971e-\u5609\u5cea\u5173-\u91d1\u5854\u80e1\u6768\u6797-\u52a8\u8f668\u65e5","trade_status":"TRADE_SUCCESS","is_total_fee_adjust":"N","total_fee":"5320.00","gmt_payment":"2017-09-05 13:37:16","seller_email":"2287684289@qq.com","price":"5320.00","buyer_id":"2088002344257276","notify_id":"61bdee05b74f0ddbd845464e759aa5ai32","use_coupon":"N","sign_type":"MD5","sign":"f4577eccb311e70a376d7aeb5eb0c079"}
[2017-09-05 13:37:17][info] 数据存储反馈成功！
[2017-09-05 13:37:17][info] success
[2017-09-05 13:37:17][info] 写入结束!!!
[2017-09-05 14:00:30][info] ----------------------------------------
[2017-09-05 14:00:30][info] {"discount":"0.00","payment_type":"1","trade_no":"2017090521001004430299615285","subject":"\u989d\u6d4e\u7eb3\u6df1\u5ea6\u6e38","buyer_email":"13909854779","gmt_create":"2017-09-05 14:00:16","notify_type":"trade_status_sync","quantity":"1","out_trade_no":"LX-170829110307401-b","seller_id":"2088421286007493","notify_time":"2017-09-05 14:00:30","body":"\u4ed9\u7c73\u5f69\u6797-\u7941\u8fde\u5c71-\u9a6c\u8e44\u5bfa-\u5f20\u6396\u4e39\u971e-\u91d1\u5854\u80e1\u6768\u6797-\u989d\u6d4e\u7eb3\u80e1\u6768\u6797-\u5c45\u5ef6\u6d77-\u5609\u5cea\u5173-\u52a8\u8f66\u8fd4\u7a0b7\u65e5\u6e38","trade_status":"TRADE_SUCCESS","is_total_fee_adjust":"N","total_fee":"14760.00","gmt_payment":"2017-09-05 14:00:29","seller_email":"2287684289@qq.com","price":"14760.00","buyer_id":"2088422215445432","notify_id":"da1f455b914260ab89da01c43f40ff6jbi","use_coupon":"N","sign_type":"MD5","sign":"f98a7d44ad64a67cc2361b35d2998d09"}
[2017-09-05 14:00:31][info] 数据存储反馈成功！
[2017-09-05 14:00:31][info] success
[2017-09-05 14:00:31][info] 写入结束!!!
[2017-09-05 14:03:26][info] ----------------------------------------
[2017-09-05 14:03:26][info] {"discount":"0.00","payment_type":"1","trade_no":"2017090521001004550274717726","subject":"\u8eba\u7740\u53bb\u8d4f\u79cb","buyer_email":"xiang.jo@gmail.com","gmt_create":"2017-09-05 14:03:08","notify_type":"trade_status_sync","quantity":"1","out_trade_no":"LX-17090311333698806-0","seller_id":"2088421286007493","notify_time":"2017-09-05 14:03:26","body":"2017\u5e74\u989d\u6d4e\u7eb3\u65d7\u80e1\u6768\u67976\u65e5 \u897f\u5b89\u51fa\u53d1 \u53cc\u5367\u706b\u8f66\u56e2","trade_status":"TRADE_SUCCESS","is_total_fee_adjust":"N","total_fee":"6960.00","gmt_payment":"2017-09-05 14:03:26","seller_email":"2287684289@qq.com","price":"6960.00","buyer_id":"2088002490908552","notify_id":"e1808344dd27af80a89ad6d6d77850ek8u","use_coupon":"N","sign_type":"MD5","sign":"b77f9df1189b1af768b849e603c275b6"}
[2017-09-05 14:03:26][info] 数据存储反馈成功！
[2017-09-05 14:03:26][info] success
[2017-09-05 14:03:26][info] 写入结束!!!
[2017-09-05 14:55:48][info] ----------------------------------------
[2017-09-05 14:55:48][info] {"discount":"0.00","payment_type":"1","trade_no":"2017090521001004600261507847","subject":"\u9955\u992e\u8d4f\u79cb","buyer_email":"13701843655","gmt_create":"2017-09-05 14:55:36","notify_type":"trade_status_sync","quantity":"1","out_trade_no":"LX-17090213384223506-c","seller_id":"2088421286007493","notify_time":"2017-09-05 14:55:48","body":"\u9752\u6d77\u6e56-\u8336\u5361\u76d0\u6e56-\u83ab\u9ad8\u7a9f-\u9e23\u6c99\u5c71-\u6708\u7259\u6cc9-\u5609\u5cea\u5173-\u989d\u6d4e\u7eb3\u80e1\u6768\u6797-\u5353\u5c14\u5c7110\u65e5\u5927\u73af\u7ebf","trade_status":"TRADE_SUCCESS","is_total_fee_adjust":"N","total_fee":"11360.00","gmt_payment":"2017-09-05 14:55:47","seller_email":"2287684289@qq.com","price":"11360.00","buyer_id":"2088012146926609","notify_id":"77bd80403b11da5f69966828662b3bakmq","use_coupon":"N","sign_type":"MD5","sign":"aa15dd184678da23bbdb1736f65fb7e5"}
[2017-09-05 14:55:48][info] 数据存储反馈成功！
[2017-09-05 14:55:48][info] success
[2017-09-05 14:55:48][info] 写入结束!!!
[2017-09-05 15:19:37][info] ----------------------------------------
[2017-09-05 15:19:37][info] {"discount":"0.00","payment_type":"1","trade_no":"2017090521001004890266871263","subject":"\u989d\u6d4e\u7eb3\u6700\u7f8e\u9ad8\u94c1\u56e2","buyer_email":"158625742@qq.com","gmt_create":"2017-09-05 15:19:18","notify_type":"trade_status_sync","quantity":"1","out_trade_no":"LX-17090417133697001-3","seller_id":"2088421286007493","notify_time":"2017-09-05 15:19:37","body":"2017\u989d\u6d4e\u7eb3\u65d7\u80e1\u6768\u6797\u516d\u65e5\u6e38-\u9886\u8896\u6237\u5916\u72ec\u5bb6\u9996\u521b","trade_status":"TRADE_SUCCESS","is_total_fee_adjust":"N","total_fee":"3490.00","gmt_payment":"2017-09-05 15:19:37","seller_email":"2287684289@qq.com","price":"3490.00","buyer_id":"2088812539506894","notify_id":"188d50b5dadd469c54f8f11fcb9ba7bmva","use_coupon":"N","sign_type":"MD5","sign":"e4fe1996b079fd05ad3302f86956ac6b"}
[2017-09-05 15:19:37][info] 数据存储反馈成功！
[2017-09-05 15:19:37][info] success
[2017-09-05 15:19:37][info] 写入结束!!!
[2017-09-05 15:29:55][info] ----------------------------------------
[2017-09-05 15:29:55][info] {"discount":"0.00","payment_type":"1","trade_no":"2017090521001004830232371237","subject":"\u989d\u6d4e\u7eb3\u6444\u5f71A","buyer_email":"1317962967@qq.com","gmt_create":"2017-09-05 15:29:43","notify_type":"trade_status_sync","quantity":"1","out_trade_no":"LX-1709041031595001-9","seller_id":"2088421286007493","notify_time":"2017-09-05 15:29:55","body":"\u4ed9\u7c73\u5f69\u6797-\u989d\u6d4e\u7eb3\u80e1\u6768\u6797-\u5f20\u6396\u4e39\u971e-\u91d1\u5854\u80e1\u6768\u6797-\u9ed1\u6c34\u57ce-\u5c45\u5ef6\u6d77-\u5609\u5cea\u5173\u52a8\u8f66\u8fd4\u7a0b7\u65e5\u6e38","trade_status":"TRADE_SUCCESS","is_total_fee_adjust":"N","total_fee":"3880.00","gmt_payment":"2017-09-05 15:29:55","seller_email":"2287684289@qq.com","price":"3880.00","buyer_id":"2088102232945831","notify_id":"dcbdd227817342442388beba9f8c7e6mem","use_coupon":"N","sign_type":"MD5","sign":"38e64b8344c736f61f8ee18d9b12bc4b"}
[2017-09-05 15:29:56][info] 数据存储反馈成功！
[2017-09-05 15:29:56][info] success
[2017-09-05 15:29:56][info] 写入结束!!!
[2017-09-05 15:30:10][info] ----------------------------------------
[2017-09-05 15:30:10][info] {"discount":"0.00","payment_type":"1","trade_no":"2017090521001004830232386878","subject":"\u989d\u6d4e\u7eb3\u6df1\u5ea6\u6e38","buyer_email":"13971019167","gmt_create":"2017-09-05 15:29:17","notify_type":"trade_status_sync","quantity":"1","out_trade_no":"LX-17090212060611506-7","seller_id":"2088421286007493","notify_time":"2017-09-05 15:30:10","body":"\u4ed9\u7c73\u5f69\u6797-\u7941\u8fde\u5c71-\u9a6c\u8e44\u5bfa-\u5f20\u6396\u4e39\u971e-\u91d1\u5854\u80e1\u6768\u6797-\u989d\u6d4e\u7eb3\u80e1\u6768\u6797-\u5c45\u5ef6\u6d77-\u5609\u5cea\u5173-\u52a8\u8f66\u8fd4\u7a0b7\u65e5\u6e38","trade_status":"TRADE_SUCCESS","is_total_fee_adjust":"N","total_fee":"6560.00","gmt_payment":"2017-09-05 15:30:10","seller_email":"2287684289@qq.com","price":"6560.00","buyer_id":"2088702064576830","notify_id":"30ac98922e0af6e7e28e8802e9bfa1dmem","use_coupon":"N","sign_type":"MD5","sign":"c8780905226e9412554be636ac1eab83"}
[2017-09-05 15:30:11][info] 数据存储反馈成功！
[2017-09-05 15:30:11][info] success
[2017-09-05 15:30:11][info] 写入结束!!!
[2017-09-05 16:05:11][info] ----------------------------------------
[2017-09-05 16:05:11][info] {"discount":"0.00","payment_type":"1","trade_no":"2017090521001004450294116045","subject":"\u7518\u5357\u5168\u666f","buyer_email":"13911128283","gmt_create":"2017-09-05 16:04:49","notify_type":"trade_status_sync","quantity":"1","out_trade_no":"LX-1708262127546801-1","seller_id":"2088421286007493","notify_time":"2017-09-05 16:05:11","body":"2017\u5e74\u72ec\u5bb6  \u62c9\u535c\u695e\u5bfa-\u624e\u5c15\u90a3-\u82b1\u6e56-\u5e74\u5b9d\u7389\u5219-\u82e5\u5c14\u76d6\u8349\u539f-\u963f\u4e07\u4ed3\u6e7f\u5730-\u5c15\u6d77\u6e56-\u90ce\u6728\u5bfa 8\u65e5\u6e38","trade_status":"TRADE_SUCCESS","is_total_fee_adjust":"N","total_fee":"1540.00","gmt_payment":"2017-09-05 16:05:11","seller_email":"2287684289@qq.com","price":"1540.00","buyer_id":"2088702806321458","notify_id":"253388e6855001e59534f0e4d32153fjh2","use_coupon":"N","sign_type":"MD5","sign":"763ed4e615dc051064406c1f7403434a"}
[2017-09-05 16:05:12][info] 数据存储反馈成功！
[2017-09-05 16:05:12][info] success
[2017-09-05 16:05:12][info] 写入结束!!!
[2017-09-05 16:19:07][info] ----------------------------------------
[2017-09-05 16:19:07][info] {"discount":"0.00","payment_type":"1","trade_no":"2017090521001004010202404803","subject":"\u989d\u6d4e\u7eb3\u4f11\u95f2\u6e38","buyer_email":"410365560@qq.com","gmt_create":"2017-09-05 16:18:48","notify_type":"trade_status_sync","quantity":"1","out_trade_no":"LX-17090515531853801-4","seller_id":"2088421286007493","notify_time":"2017-09-05 16:19:07","body":"\u989d\u6d4e\u7eb3\u65d7\u80e1\u6768\u6797-\u5609\u5cea\u5173-\u9ed1\u6c34\u57ce-\u602a\u6811\u6797-\u5df4\u4e39\u5409\u6797\u6c99\u6f20-\u5f20\u6396\u4e39\u971e","trade_status":"TRADE_SUCCESS","is_total_fee_adjust":"N","total_fee":"1440.00","gmt_payment":"2017-09-05 16:19:06","seller_email":"2287684289@qq.com","price":"1440.00","buyer_id":"2088102125533013","notify_id":"553395326c95fb0613d90f2cf1c82fdg2u","use_coupon":"N","sign_type":"MD5","sign":"09f22bb1029ebcfe9f1d151b6c6f138e"}
[2017-09-05 16:19:07][info] 数据存储反馈成功！
[2017-09-05 16:19:07][info] success
[2017-09-05 16:19:07][info] 写入结束!!!
[2017-09-05 16:20:56][info] ----------------------------------------
[2017-09-05 16:20:56][info] {"discount":"0.00","payment_type":"1","trade_no":"2017090521001004480211625869","subject":"\u989d\u6d4e\u7eb3\u4f11\u95f2\u6e38","buyer_email":"77107745@qq.com","gmt_create":"2017-09-05 16:20:37","notify_type":"trade_status_sync","quantity":"1","out_trade_no":"LX-17090515463422706-d","seller_id":"2088421286007493","notify_time":"2017-09-05 16:20:56","body":"\u989d\u6d4e\u7eb3\u65d7\u80e1\u6768\u6797-\u5609\u5cea\u5173-\u9ed1\u6c34\u57ce-\u602a\u6811\u6797-\u5df4\u4e39\u5409\u6797\u6c99\u6f20-\u5f20\u6396\u4e39\u971e","trade_status":"TRADE_SUCCESS","is_total_fee_adjust":"N","total_fee":"2180.00","gmt_payment":"2017-09-05 16:20:55","seller_email":"2287684289@qq.com","price":"2180.00","buyer_id":"2088202395926482","notify_id":"d05fe6535021e9456a7324a36221e00jpe","use_coupon":"N","sign_type":"MD5","sign":"677f610e164f371da813420780110187"}
[2017-09-05 16:20:56][info] 数据存储反馈成功！
[2017-09-05 16:20:56][info] success
[2017-09-05 16:20:56][info] 写入结束!!!
[2017-09-05 16:30:05][info] ----------------------------------------
[2017-09-05 16:30:05][info] {"discount":"0.00","payment_type":"1","trade_no":"2017060421001004950253763615","subject":"\u6f2b\u6e38\u897f\u85cf","buyer_email":"13505791967","gmt_create":"2017-06-04 16:29:26","notify_type":"trade_status_sync","quantity":"1","out_trade_no":"LX-17041420161183101-c","seller_id":"2088421286007493","notify_time":"2017-09-05 16:30:05","body":"2017\u5e74  \u5df4\u677e\u9519-\u6797\u829d-\u5357\u8fe6\u5df4\u74e6-\u9c81\u6717-\u7f8a\u6e56-\u65e5\u5580\u5219-\u7eb3\u6728\u9519-\u6df1\u5ea6\u7eaf\u73a99\u65e5","trade_status":"TRADE_FINISHED","is_total_fee_adjust":"N","total_fee":"8200.00","gmt_payment":"2017-06-04 16:29:57","seller_email":"2287684289@qq.com","gmt_close":"2017-09-05 16:30:05","price":"8200.00","buyer_id":"2088102839182954","notify_id":"ddf42d212447ebd2f499657d1663337nby","use_coupon":"N","sign_type":"MD5","sign":"3cf55918407eb8fae22177811bb2419d"}
[2017-09-05 16:30:05][info] 数据存储反馈成功！
[2017-09-05 16:30:05][info] success
[2017-09-05 16:30:05][info] 写入结束!!!
[2017-09-05 16:32:51][info] ----------------------------------------
[2017-09-05 16:32:51][info] {"discount":"0.00","payment_type":"1","trade_no":"2017090521001004240224332751","subject":"\u989d\u6d4e\u7eb3\u6700\u7f8e\u9ad8\u94c1\u56e2","buyer_email":"13791127666","gmt_create":"2017-09-05 16:32:22","notify_type":"trade_status_sync","quantity":"1","out_trade_no":"LX-17090516183258801-d","seller_id":"2088421286007493","notify_time":"2017-09-05 16:32:51","body":"2017\u989d\u6d4e\u7eb3\u65d7\u80e1\u6768\u6797\u516d\u65e5\u6e38-\u9886\u8896\u6237\u5916\u72ec\u5bb6\u9996\u521b","trade_status":"TRADE_SUCCESS","is_total_fee_adjust":"N","total_fee":"3230.50","gmt_payment":"2017-09-05 16:32:50","seller_email":"2287684289@qq.com","price":"3230.50","buyer_id":"2088802179119248","notify_id":"1a57a89eff97da49061c28a9405584ahuq","use_coupon":"N","sign_type":"MD5","sign":"4e67f3c409d54d0e1e7488014ca1eab8"}
[2017-09-05 16:32:51][info] 数据存储反馈成功！
[2017-09-05 16:32:51][info] success
[2017-09-05 16:32:51][info] 写入结束!!!
[2017-09-05 17:31:41][info] ----------------------------------------
[2017-09-05 17:31:41][info] {"discount":"0.00","payment_type":"1","trade_no":"2017090521001004620248145450","subject":"\u989d\u6d4e\u7eb3\u5168\u666f","buyer_email":"sn450021liuaicao@yahoo.cn","gmt_create":"2017-09-05 17:26:53","notify_type":"trade_status_sync","quantity":"1","out_trade_no":"LX-17090516572226001-9","seller_id":"2088421286007493","notify_time":"2017-09-05 17:31:41","body":"\u989d\u6d4e\u7eb3\u80e1\u6768\u6797-\u6566\u714c\u5168\u666f-\u5df4\u4e39\u5409\u6797-\u5f20\u6396\u4e39\u971e-\u5609\u5cea\u5173-\u91d1\u5854\u80e1\u6768\u6797-\u52a8\u8f668\u65e5","trade_status":"TRADE_SUCCESS","is_total_fee_adjust":"N","total_fee":"3980.00","gmt_payment":"2017-09-05 17:31:40","seller_email":"2287684289@qq.com","price":"3980.00","buyer_id":"2088202270438622","notify_id":"c68a0711ada55ee41e2a1966ea2b3f7ksa","use_coupon":"N","sign_type":"MD5","sign":"3edb337459cb0781e65f153436370a6c"}
[2017-09-05 17:31:41][info] 数据存储反馈成功！
[2017-09-05 17:31:41][info] success
[2017-09-05 17:31:41][info] 写入结束!!!
[2017-09-05 17:33:51][info] ----------------------------------------
[2017-09-05 17:33:51][info] {"discount":"0.00","payment_type":"1","trade_no":"2017090521001004490298177444","subject":"\u989d\u6d4e\u7eb3\u6700\u7f8e\u9ad8\u94c1\u56e2","buyer_email":"13305317025","gmt_create":"2017-09-05 17:33:17","notify_type":"trade_status_sync","quantity":"1","out_trade_no":"LX-17090516585541306-a","seller_id":"2088421286007493","notify_time":"2017-09-05 17:33:51","body":"2017\u989d\u6d4e\u7eb3\u65d7\u80e1\u6768\u6797\u516d\u65e5\u6e38-\u9886\u8896\u6237\u5916\u72ec\u5bb6\u9996\u521b","trade_status":"TRADE_SUCCESS","is_total_fee_adjust":"N","total_fee":"10140.00","gmt_payment":"2017-09-05 17:33:50","seller_email":"2287684289@qq.com","price":"10140.00","buyer_id":"2088702707272493","notify_id":"893392eb7eb649c96fb821e10b50517js6","use_coupon":"N","sign_type":"MD5","sign":"a1e362821f1ddd6e50cf3387b762e01e"}
[2017-09-05 17:33:51][info] 数据存储反馈成功！
[2017-09-05 17:33:51][info] success
[2017-09-05 17:33:51][info] 写入结束!!!
[2017-09-05 17:37:59][info] ----------------------------------------
[2017-09-05 17:37:59][info] {"discount":"0.00","payment_type":"1","trade_no":"2017090521001004800280038420","subject":"\u989d\u6d4e\u7eb3\u6700\u7f8e\u9ad8\u94c1\u56e2","buyer_email":"15303515369","gmt_create":"2017-09-05 17:37:39","notify_type":"trade_status_sync","quantity":"1","out_trade_no":"LX-17090515433341106-9","seller_id":"2088421286007493","notify_time":"2017-09-05 17:37:59","body":"2017\u989d\u6d4e\u7eb3\u65d7\u80e1\u6768\u6797\u516d\u65e5\u6e38-\u9886\u8896\u6237\u5916\u72ec\u5bb6\u9996\u521b","trade_status":"TRADE_SUCCESS","is_total_fee_adjust":"N","total_fee":"6160.00","gmt_payment":"2017-09-05 17:37:59","seller_email":"2287684289@qq.com","price":"6160.00","buyer_id":"2088412428942802","notify_id":"fac5898df54ee614b5aa5b9004296aam6a","use_coupon":"N","sign_type":"MD5","sign":"4ffeea1000d12f337edb8eaf770cdf04"}
[2017-09-05 17:38:00][info] 数据存储反馈成功！
[2017-09-05 17:38:00][info] success
[2017-09-05 17:38:00][info] 写入结束!!!
[2017-09-05 18:33:14][info] ----------------------------------------
[2017-09-05 18:33:14][info] {"discount":"0.00","payment_type":"1","trade_no":"2017090521001004970242408104","subject":"\u989d\u6d4e\u7eb3\u6700\u7f8e\u9ad8\u94c1\u56e2","buyer_email":"13857090711","gmt_create":"2017-09-05 18:32:37","notify_type":"trade_status_sync","quantity":"1","out_trade_no":"LX-17082320552320706-3","seller_id":"2088421286007493","notify_time":"2017-09-05 18:33:14","body":"2017\u989d\u6d4e\u7eb3\u65d7\u80e1\u6768\u6797\u516d\u65e5\u6e38-\u9886\u8896\u6237\u5916\u72ec\u5bb6\u9996\u521b","trade_status":"TRADE_SUCCESS","is_total_fee_adjust":"N","total_fee":"5760.00","gmt_payment":"2017-09-05 18:33:14","seller_email":"2287684289@qq.com","price":"5760.00","buyer_id":"2088712628735975","notify_id":"663ba34922d2ad264d0074ed34706c6nhi","use_coupon":"N","sign_type":"MD5","sign":"a750dbe7ed8d70314fb50d60a6435dee"}
[2017-09-05 18:33:14][info] 数据存储反馈成功！
[2017-09-05 18:33:14][info] success
[2017-09-05 18:33:14][info] 写入结束!!!
[2017-09-05 18:46:34][info] ----------------------------------------
[2017-09-05 18:46:34][info] {"discount":"0.00","payment_type":"1","trade_no":"2017090521001004720213263213","subject":"\u989d\u6d4e\u7eb3\u6700\u7f8e\u9ad8\u94c1\u56e2","buyer_email":"kjgy1001@163.com","gmt_create":"2017-09-05 18:46:05","notify_type":"trade_status_sync","quantity":"1","out_trade_no":"LX-170905183607601-a","seller_id":"2088421286007493","notify_time":"2017-09-05 18:46:33","body":"2017\u989d\u6d4e\u7eb3\u65d7\u80e1\u6768\u6797\u516d\u65e5\u6e38-\u9886\u8896\u6237\u5916\u72ec\u5bb6\u9996\u521b","trade_status":"TRADE_SUCCESS","is_total_fee_adjust":"N","total_fee":"3380.00","gmt_payment":"2017-09-05 18:46:33","seller_email":"2287684289@qq.com","price":"3380.00","buyer_id":"2088502693095720","notify_id":"0e474789e663e0a8e246129ecb90e7elk2","use_coupon":"N","sign_type":"MD5","sign":"891ee7dec677303076c2f33d82d55d22"}
[2017-09-05 18:46:34][info] 数据存储反馈成功！
[2017-09-05 18:46:34][info] success
[2017-09-05 18:46:34][info] 写入结束!!!
[2017-09-05 19:59:51][info] ----------------------------------------
[2017-09-05 19:59:51][info] {"discount":"0.00","payment_type":"1","trade_no":"2017090521001004500277055304","subject":"\u989d\u6d4e\u7eb3\u5168\u666f","buyer_email":"539886670@qq.com","gmt_create":"2017-09-05 19:58:45","notify_type":"trade_status_sync","quantity":"1","out_trade_no":"LX-17090519341334306-8","seller_id":"2088421286007493","notify_time":"2017-09-05 19:59:51","body":"\u989d\u6d4e\u7eb3\u80e1\u6768\u6797-\u6566\u714c\u5168\u666f-\u5df4\u4e39\u5409\u6797-\u5f20\u6396\u4e39\u971e-\u5609\u5cea\u5173-\u91d1\u5854\u80e1\u6768\u6797-\u52a8\u8f668\u65e5","trade_status":"TRADE_SUCCESS","is_total_fee_adjust":"N","total_fee":"3880.00","gmt_payment":"2017-09-05 19:59:51","seller_email":"2287684289@qq.com","price":"3880.00","buyer_id":"2088202442219505","notify_id":"055b06968c906562872e5baee520476juy","use_coupon":"N","sign_type":"MD5","sign":"f323e26e47479ce068646c3f51b4c6cc"}
[2017-09-05 19:59:52][info] 数据存储反馈成功！
[2017-09-05 19:59:52][info] success
[2017-09-05 19:59:52][info] 写入结束!!!
[2017-09-05 20:07:33][info] ----------------------------------------
[2017-09-05 20:07:33][info] {"discount":"0.00","payment_type":"1","trade_no":"2017090521001004570254952483","subject":"\u9955\u992e\u8d4f\u79cb","buyer_email":"wangyi19751107@126.com","gmt_create":"2017-09-05 20:06:43","notify_type":"trade_status_sync","quantity":"1","out_trade_no":"LX-1709031932471706-b","seller_id":"2088421286007493","notify_time":"2017-09-05 20:07:33","body":"\u9752\u6d77\u6e56-\u8336\u5361\u76d0\u6e56-\u83ab\u9ad8\u7a9f-\u9e23\u6c99\u5c71-\u6708\u7259\u6cc9-\u5609\u5cea\u5173-\u989d\u6d4e\u7eb3\u80e1\u6768\u6797-\u5353\u5c14\u5c7110\u65e5\u5927\u73af\u7ebf","trade_status":"TRADE_SUCCESS","is_total_fee_adjust":"N","total_fee":"5780.00","gmt_payment":"2017-09-05 20:07:33","seller_email":"2287684289@qq.com","price":"5780.00","buyer_id":"2088402998868578","notify_id":"6c4239655084451c2312b0d1c3c2da2kee","use_coupon":"N","sign_type":"MD5","sign":"198ad2189dd587299d95f287381ca529"}
[2017-09-05 20:07:34][info] 数据存储反馈成功！
[2017-09-05 20:07:34][info] success
[2017-09-05 20:07:34][info] 写入结束!!!
[2017-09-05 20:14:59][info] ----------------------------------------
[2017-09-05 20:14:59][info] {"discount":"0.00","payment_type":"1","trade_no":"2017090521001004900280896225","subject":"\u7518\u5357\u5168\u666f","buyer_email":"18630365240","gmt_create":"2017-09-05 20:14:35","notify_type":"trade_status_sync","quantity":"1","out_trade_no":"LX-17090520024422706-0","seller_id":"2088421286007493","notify_time":"2017-09-05 20:14:59","body":"2017\u5e74\u72ec\u5bb6  \u62c9\u535c\u695e\u5bfa-\u624e\u5c15\u90a3-\u82b1\u6e56-\u5e74\u5b9d\u7389\u5219-\u82e5\u5c14\u76d6\u8349\u539f-\u963f\u4e07\u4ed3\u6e7f\u5730-\u5c15\u6d77\u6e56-\u90ce\u6728\u5bfa 8\u65e5\u6e38","trade_status":"TRADE_SUCCESS","is_total_fee_adjust":"N","total_fee":"3380.00","gmt_payment":"2017-09-05 20:14:58","seller_email":"2287684289@qq.com","price":"3380.00","buyer_id":"2088702841864909","notify_id":"e628e892a71036e39a8a756bb2a1e80my2","use_coupon":"N","sign_type":"MD5","sign":"4c0cd6bbd760e0439534cecf34938812"}
[2017-09-05 20:14:59][info] 数据存储反馈成功！
[2017-09-05 20:14:59][info] success
[2017-09-05 20:14:59][info] 写入结束!!!
[2017-09-05 21:48:47][info] ----------------------------------------
[2017-09-05 21:48:47][info] {"discount":"0.00","payment_type":"1","trade_no":"2017090521001004100238033103","subject":"\u5317\u7586\u91d1\u79cb\u81f3\u5c0a10\u65e5\u6e38","buyer_email":"jjwu0411@163.com","gmt_create":"2017-09-05 21:48:25","notify_type":"trade_status_sync","quantity":"1","out_trade_no":"LX-17090520035837106-4","seller_id":"2088421286007493","notify_time":"2017-09-05 21:48:47","body":"38\u5c0f\u65f6\u79be\u6728-\u5580\u7eb3\u65af-\u767d\u54c8\u5df4-\u53ef\u53ef\u82cf\u91cc\u6e56-\u53ef\u53ef\u6258\u6d77-\u4e94\u5f69\u6ee9-\u9b54\u9b3c\u57ce10\u65e5\u5927\u73af\u7ebf","trade_status":"TRADE_SUCCESS","is_total_fee_adjust":"N","total_fee":"11160.00","gmt_payment":"2017-09-05 21:48:47","seller_email":"2287684289@qq.com","price":"11160.00","buyer_id":"2088022432376104","notify_id":"b032458b52f846fa287c689713a95b9gru","use_coupon":"N","sign_type":"MD5","sign":"df3ef1c31dbeeeccded6fb56d673cc94"}
[2017-09-05 21:48:48][info] 数据存储反馈成功！
[2017-09-05 21:48:48][info] success
[2017-09-05 21:48:48][info] 写入结束!!!
[2017-09-05 21:57:45][info] ----------------------------------------
[2017-09-05 21:57:45][info] {"discount":"0.00","payment_type":"1","trade_no":"2017090521001004240225057408","subject":"\u989d\u6d4e\u7eb3\u5168\u666f","buyer_email":"caizhenyue@163.com","gmt_create":"2017-09-05 21:57:12","notify_type":"trade_status_sync","quantity":"1","out_trade_no":"LX-17090515321873101-4","seller_id":"2088421286007493","notify_time":"2017-09-05 21:57:45","body":"\u989d\u6d4e\u7eb3\u80e1\u6768\u6797-\u6566\u714c\u5168\u666f-\u5df4\u4e39\u5409\u6797-\u5f20\u6396\u4e39\u971e-\u5609\u5cea\u5173-\u91d1\u5854\u80e1\u6768\u6797-\u52a8\u8f668\u65e5","trade_status":"TRADE_SUCCESS","is_total_fee_adjust":"N","total_fee":"2040.00","gmt_payment":"2017-09-05 21:57:44","seller_email":"2287684289@qq.com","price":"2040.00","buyer_id":"2088002311242241","notify_id":"ea969eaf829dfa7ab383fc1a2285257huq","use_coupon":"N","sign_type":"MD5","sign":"443c9833f576fbe231adea0256549d75"}
[2017-09-05 21:57:45][info] 数据存储反馈成功！
[2017-09-05 21:57:45][info] success
[2017-09-05 21:57:45][info] 写入结束!!!
[2017-09-05 22:31:48][info] ----------------------------------------
[2017-09-05 22:31:48][info] {"discount":"0.00","payment_type":"1","trade_no":"2017090521001004100238107157","subject":"\u989d\u6d4e\u7eb3\u5168\u666f","buyer_email":"tianermei@163.com","gmt_create":"2017-09-05 22:30:48","notify_type":"trade_status_sync","quantity":"1","out_trade_no":"LX-17090514513612901-5","seller_id":"2088421286007493","notify_time":"2017-09-05 22:31:48","body":"\u989d\u6d4e\u7eb3\u80e1\u6768\u6797-\u6566\u714c\u5168\u666f-\u5df4\u4e39\u5409\u6797-\u5f20\u6396\u4e39\u971e-\u5609\u5cea\u5173-\u91d1\u5854\u80e1\u6768\u6797-\u52a8\u8f668\u65e5","trade_status":"TRADE_SUCCESS","is_total_fee_adjust":"N","total_fee":"5320.00","gmt_payment":"2017-09-05 22:31:48","seller_email":"2287684289@qq.com","price":"5320.00","buyer_id":"2088002779984103","notify_id":"2b453dacaaecbf5336ce9d919e0540bgru","use_coupon":"N","sign_type":"MD5","sign":"7a355d89675f78e4c9c3d62bc4c2bfe1"}
[2017-09-05 22:31:49][info] 数据存储反馈成功！
[2017-09-05 22:31:49][info] success
[2017-09-05 22:31:49][info] 写入结束!!!
[2017-09-05 22:38:03][info] ----------------------------------------
[2017-09-05 22:38:03][info] {"discount":"0.00","payment_type":"1","trade_no":"2017090521001004590232903952","subject":"\u8eba\u7740\u53bb\u8d4f\u79cb","buyer_email":"yly923@163.com","gmt_create":"2017-09-05 22:36:35","notify_type":"trade_status_sync","quantity":"1","out_trade_no":"LX-17090521163462706-b","seller_id":"2088421286007493","notify_time":"2017-09-05 22:38:03","body":"2017\u5e74\u989d\u6d4e\u7eb3\u65d7\u80e1\u6768\u67976\u65e5 \u897f\u5b89\u51fa\u53d1 \u53cc\u5367\u706b\u8f66\u56e2","trade_status":"TRADE_SUCCESS","is_total_fee_adjust":"N","total_fee":"3580.00","gmt_payment":"2017-09-05 22:38:03","seller_email":"2287684289@qq.com","price":"3580.00","buyer_id":"2088002372239592","notify_id":"2635ecaef55ad2f22565a86207eec9fkjy","use_coupon":"N","sign_type":"MD5","sign":"a81ab7210c5e4f55de636d5833d550fd"}
[2017-09-05 22:38:03][info] 数据存储反馈成功！
[2017-09-05 22:38:03][info] success
[2017-09-05 22:38:03][info] 写入结束!!!
[2017-09-05 22:40:20][info] ----------------------------------------
[2017-09-05 22:40:20][info] {"discount":"0.00","payment_type":"1","trade_no":"2017090521001004830233315623","subject":"\u989d\u6d4e\u7eb3\u6df1\u5ea6\u6e38","buyer_email":"13971019167","gmt_create":"2017-09-05 22:39:38","notify_type":"trade_status_sync","quantity":"1","out_trade_no":"LX-17090216373060906-9","seller_id":"2088421286007493","notify_time":"2017-09-05 22:40:20","body":"\u4ed9\u7c73\u5f69\u6797-\u7941\u8fde\u5c71-\u9a6c\u8e44\u5bfa-\u5f20\u6396\u4e39\u971e-\u91d1\u5854\u80e1\u6768\u6797-\u989d\u6d4e\u7eb3\u80e1\u6768\u6797-\u5c45\u5ef6\u6d77-\u5609\u5cea\u5173-\u52a8\u8f66\u8fd4\u7a0b7\u65e5\u6e38","trade_status":"TRADE_SUCCESS","is_total_fee_adjust":"N","total_fee":"6760.00","gmt_payment":"2017-09-05 22:40:20","seller_email":"2287684289@qq.com","price":"6760.00","buyer_id":"2088702064576830","notify_id":"ec2661350ecd82f8f74b9e582683e65mem","use_coupon":"N","sign_type":"MD5","sign":"6bfaea99ba5c140f9ce99d8d981e010a"}
[2017-09-05 22:40:20][info] 数据存储反馈成功！
[2017-09-05 22:40:20][info] success
[2017-09-05 22:40:20][info] 写入结束!!!
[2017-09-05 22:50:06][info] ----------------------------------------
[2017-09-05 22:50:06][info] {"discount":"0.00","payment_type":"1","trade_no":"2017090521001004400247154717","subject":"\u5317\u7586\u91d1\u79cb\u81f3\u5c0a10\u65e5\u6e38","buyer_email":"13985298885","gmt_create":"2017-09-05 22:49:49","notify_type":"trade_status_sync","quantity":"1","out_trade_no":"LX-17090122431191806-6","seller_id":"2088421286007493","notify_time":"2017-09-05 22:50:06","body":"38\u5c0f\u65f6\u79be\u6728-\u5580\u7eb3\u65af-\u767d\u54c8\u5df4-\u53ef\u53ef\u82cf\u91cc\u6e56-\u53ef\u53ef\u6258\u6d77-\u4e94\u5f69\u6ee9-\u9b54\u9b3c\u57ce10\u65e5\u5927\u73af\u7ebf","trade_status":"TRADE_SUCCESS","is_total_fee_adjust":"N","total_fee":"5230.00","gmt_payment":"2017-09-05 22:50:06","seller_email":"2287684289@qq.com","price":"5230.00","buyer_id":"2088802431536400","notify_id":"5b19790323886a37d25fd4a0837783cj36","use_coupon":"N","sign_type":"MD5","sign":"5470288dca049de24a643f09d3823b8d"}
[2017-09-05 22:50:06][info] 数据存储反馈成功！
[2017-09-05 22:50:06][info] success
[2017-09-05 22:50:06][info] 写入结束!!!
[2017-09-05 23:09:05][info] ----------------------------------------
[2017-09-05 23:09:05][info] {"discount":"0.00","payment_type":"1","trade_no":"2017090521001004300234283751","subject":"\u8eba\u7740\u53bb\u8d4f\u79cb","buyer_email":"13611438983","gmt_create":"2017-09-05 23:05:31","notify_type":"trade_status_sync","quantity":"1","out_trade_no":"LX-17090521552121006-b","seller_id":"2088421286007493","notify_time":"2017-09-05 23:09:05","body":"2017\u5e74\u989d\u6d4e\u7eb3\u65d7\u80e1\u6768\u67976\u65e5 \u897f\u5b89\u51fa\u53d1 \u53cc\u5367\u706b\u8f66\u56e2","trade_status":"TRADE_SUCCESS","is_total_fee_adjust":"N","total_fee":"6560.00","gmt_payment":"2017-09-05 23:09:04","seller_email":"2287684289@qq.com","price":"6560.00","buyer_id":"2088112223636303","notify_id":"f2175573afafcbb82872213997a4deaibe","use_coupon":"N","sign_type":"MD5","sign":"8b5f68b01615ea0c57059a31719de94d"}
[2017-09-05 23:09:05][info] 数据存储反馈成功！
[2017-09-05 23:09:05][info] success
[2017-09-05 23:09:05][info] 写入结束!!!
