[2017-06-18 14:51:22][info] ----------------------------------------
[2017-06-18 14:51:22][info] {"discount":"0.00","payment_type":"1","subject":"\u4e1d\u7ef8\u4e4b\u8def\u5dc5\u5cf0\u4f53\u9a8c\u4e5d\u65e5\u6e38","trade_no":"2017061821001004810283921207","buyer_email":"15102036358","gmt_create":"2017-06-18 14:50:51","notify_type":"trade_status_sync","quantity":"1","out_trade_no":"LX-1706181109472006-4","seller_id":"2088421286007493","notify_time":"2017-06-18 14:51:21","body":"\u6c99\u5c9b-\u9752\u6d77\u6e56-\u8336\u5361\u76d0\u6e56-\u7941\u8fde-\u5f20\u6396-\u5609\u5cea\u5173-\u6566\u714c\u4e5d\u65e5\u6e38","trade_status":"TRADE_SUCCESS","is_total_fee_adjust":"N","total_fee":"6570.00","gmt_payment":"2017-06-18 14:51:21","seller_email":"2287684289@qq.com","price":"6570.00","buyer_id":"2088012583196818","notify_id":"7bf5d9f63d8ebbf8d7fb3b99665d7bfm92","use_coupon":"N","sign_type":"MD5","sign":"ebf2723823d9afb68b16803f1cd3a6f1"}
[2017-06-18 14:51:22][info] 数据存储反馈成功！
[2017-06-18 14:51:22][info] success
[2017-06-18 14:51:22][info] 写入结束!!!
[2017-06-18 18:45:38][info] ----------------------------------------
[2017-06-18 18:45:38][info] {"discount":"0.00","payment_type":"1","subject":"\u4e1d\u7ef8\u4e4b\u8def\u5dc5\u5cf0\u4f53\u9a8c\u4e5d\u65e5\u6e38","trade_no":"2017061821001004270278935620","buyer_email":"zym16880@126.com","gmt_create":"2017-06-18 18:42:34","notify_type":"trade_status_sync","quantity":"1","out_trade_no":"LX-17061811240317006-c","seller_id":"2088421286007493","notify_time":"2017-06-18 18:45:37","body":"\u6c99\u5c9b-\u9752\u6d77\u6e56-\u8336\u5361\u76d0\u6e56-\u7941\u8fde-\u5f20\u6396-\u5609\u5cea\u5173-\u6566\u714c\u4e5d\u65e5\u6e38","trade_status":"TRADE_SUCCESS","is_total_fee_adjust":"N","total_fee":"13140.00","gmt_payment":"2017-06-18 18:45:37","seller_email":"2287684289@qq.com","price":"13140.00","buyer_id":"2088002523944278","notify_id":"52e585d41b2c9e2356bf5959f5eced6i32","use_coupon":"N","sign_type":"MD5","sign":"33eeeb288dd3c5bfb6112ab04a2948fa"}
[2017-06-18 18:45:38][info] 数据存储反馈成功！
[2017-06-18 18:45:38][info] success
[2017-06-18 18:45:38][info] 写入结束!!!
[2017-06-18 20:35:49][info] ----------------------------------------
[2017-06-18 20:35:49][info] {"discount":"0.00","payment_type":"1","subject":"\u4e1d\u7ef8\u4e4b\u8def\u7cbe\u534e\u4e03\u65e5\u6e38","trade_no":"2017061821001004300294819055","buyer_email":"xgxzhou@163.com","gmt_create":"2017-06-18 20:35:39","notify_type":"trade_status_sync","quantity":"1","out_trade_no":"LX-1706181057351401-8","seller_id":"2088421286007493","notify_time":"2017-06-18 20:35:49","body":"2017\u5e74\u9752\u6d77\u6e56-\u8336\u5361\u76d0\u6e56-\u6566\u714c-\u5609\u5cea\u5173-\u5f20\u6396\u4e39\u971e\u4e03\u65e5\u6e38","trade_status":"TRADE_SUCCESS","is_total_fee_adjust":"N","total_fee":"9540.00","gmt_payment":"2017-06-18 20:35:49","seller_email":"2287684289@qq.com","price":"9540.00","buyer_id":"2088102597484301","notify_id":"15e778554618ecec17982ef94a34837ibe","use_coupon":"N","sign_type":"MD5","sign":"b8cceae8665b90815be9cd3148d4b833"}
[2017-06-18 20:35:50][info] 数据存储反馈成功！
[2017-06-18 20:35:50][info] success
[2017-06-18 20:35:50][info] 写入结束!!!
[2017-06-18 21:56:54][info] ----------------------------------------
[2017-06-18 21:56:54][info] {"discount":"0.00","payment_type":"1","subject":"\u4e1d\u7ef8\u4e4b\u8def\u5dc5\u5cf0\u4f53\u9a8c\u4e5d\u65e5\u6e38","trade_no":"2017061821001004270279403076","buyer_email":"15822805026","gmt_create":"2017-06-18 21:56:27","notify_type":"trade_status_sync","quantity":"1","out_trade_no":"LX-17061621471411901-1","seller_id":"2088421286007493","notify_time":"2017-06-18 21:56:54","body":"\u6c99\u5c9b-\u9752\u6d77\u6e56-\u8336\u5361\u76d0\u6e56-\u7941\u8fde-\u5f20\u6396-\u5609\u5cea\u5173-\u6566\u714c\u4e5d\u65e5\u6e38","trade_status":"TRADE_SUCCESS","is_total_fee_adjust":"N","total_fee":"4380.00","gmt_payment":"2017-06-18 21:56:53","seller_email":"2287684289@qq.com","price":"4380.00","buyer_id":"2088702620330276","notify_id":"325b77e881edf3e5108b786cb1b7b94i32","use_coupon":"N","sign_type":"MD5","sign":"5249b3f60c65f7ac9ad0ba442ab4ab2a"}
[2017-06-18 21:56:54][info] 数据存储反馈成功！
[2017-06-18 21:56:54][info] success
[2017-06-18 21:56:54][info] 写入结束!!!
