[2017-08-03 07:28:32][info] ----------------------------------------
[2017-08-03 07:28:32][info] {"discount":"0.00","payment_type":"1","trade_no":"2017080321001004320290770070","subject":"\u5927\u7f8e\u4e5d\u8272","buyer_email":"13321161196","gmt_create":"2017-08-03 07:28:04","notify_type":"trade_status_sync","quantity":"1","out_trade_no":"LX-17073122155684701-3","seller_id":"2088421286007493","notify_time":"2017-08-03 07:28:32","body":"\u4e5d\u5be8\u6c9f+\u9ec4\u9f99+\u8272\u8fbe\u5587\u8363\u4e94\u660e\u4f5b\u5b66\u9662+\u8fbe\u53e4\u51b0\u5ddd\u7ecf\u51788\u65e5","trade_status":"TRADE_SUCCESS","is_total_fee_adjust":"N","total_fee":"7160.00","gmt_payment":"2017-08-03 07:28:31","seller_email":"2287684289@qq.com","price":"7160.00","buyer_id":"2088602326262326","notify_id":"f11fa697a59e410daaf701a7c8519a4igy","use_coupon":"N","sign_type":"MD5","sign":"ece938a5b27cee2fe3789c797ec2e67e"}
[2017-08-03 07:28:32][info] 数据存储反馈成功！
[2017-08-03 07:28:32][info] success
[2017-08-03 07:28:32][info] 写入结束!!!
[2017-08-03 10:06:44][info] ----------------------------------------
[2017-08-03 10:06:44][info] {"discount":"0.00","payment_type":"1","trade_no":"2017080321001004630236769498","subject":"\u5317\u7586\u91d1\u79cb\u81f3\u5c0a10\u65e5\u6e38","buyer_email":"13820465172","gmt_create":"2017-08-03 10:06:22","notify_type":"trade_status_sync","quantity":"1","out_trade_no":"LX-17072919552424306-4","seller_id":"2088421286007493","notify_time":"2017-08-03 10:06:43","body":"38\u5c0f\u65f6\u79be\u6728-\u5580\u7eb3\u65af-\u767d\u54c8\u5df4-\u53ef\u53ef\u82cf\u91cc\u6e56-\u53ef\u53ef\u6258\u6d77-\u4e94\u5f69\u6ee9-\u9b54\u9b3c\u57ce10\u65e5\u5927\u73af\u7ebf","trade_status":"TRADE_SUCCESS","is_total_fee_adjust":"N","total_fee":"9800.00","gmt_payment":"2017-08-03 10:06:42","seller_email":"2287684289@qq.com","price":"9800.00","buyer_id":"2088302257121634","notify_id":"48a9788a9b2ceea078669f526923384kv2","use_coupon":"N","sign_type":"MD5","sign":"58dc0f118f1ef1cc1be8789cb7dfa43c"}
[2017-08-03 10:06:44][info] 数据存储反馈成功！
[2017-08-03 10:06:44][info] success
[2017-08-03 10:06:44][info] 写入结束!!!
[2017-08-03 10:11:14][info] ----------------------------------------
[2017-08-03 10:11:14][info] {"discount":"0.00","payment_type":"1","trade_no":"2017080321001004860297118563","subject":"\u5317\u7586\u5dc5\u5cf0","buyer_email":"caesarhyy@sina.com","gmt_create":"2017-08-03 10:11:08","notify_type":"trade_status_sync","quantity":"1","out_trade_no":"LX-17071920055424901-a","seller_id":"2088421286007493","notify_time":"2017-08-03 10:11:14","body":"\u79be\u672848\u5c0f\u65f6-\u5580\u7eb3\u65af-\u767d\u54c8\u5df4-\u4e94\u5f69\u6ee9-\u53cc\u53676\u65e5\u6e38","trade_status":"TRADE_SUCCESS","is_total_fee_adjust":"N","total_fee":"3400.00","gmt_payment":"2017-08-03 10:11:14","seller_email":"2287684289@qq.com","price":"3400.00","buyer_id":"2088102002012864","notify_id":"81cae05317d3867f44661467341900cmmy","use_coupon":"N","sign_type":"MD5","sign":"e5a09f930b9b979f3fad444cf144889a"}
[2017-08-03 10:11:14][info] 数据存储反馈成功！
[2017-08-03 10:11:14][info] success
[2017-08-03 10:11:14][info] 写入结束!!!
[2017-08-03 10:45:18][info] ----------------------------------------
[2017-08-03 10:45:18][info] {"discount":"0.00","payment_type":"1","trade_no":"2017080321001004350251020132","subject":"\u4e1d\u8def\u5dc5\u5cf0\u4f53\u9a8c\u4e5d\u65e5\u6e38B\u7ebf","buyer_email":"462230618@qq.com","gmt_create":"2017-08-03 10:44:50","notify_type":"trade_status_sync","quantity":"1","out_trade_no":"LX-17062312543015606-0","seller_id":"2088421286007493","notify_time":"2017-08-03 10:45:18","body":"\u9752\u6d77\u6e56-\u8336\u5361\u76d0\u6e56-\u9e23\u6c99\u5c71\u6708\u7259\u6cc9-\u83ab\u9ad8\u7a9f-\u96c5\u4e39\u9b54\u9b3c\u57ce-\u5609\u5cea\u5173-\u5f20\u6396\u4e39\u971e-\u9a6c\u8e44\u5bfa-\u5353\u5c14\u5c71\u8f7b\u5962\u52a8\u8f669\u65e5\u6e38","trade_status":"TRADE_SUCCESS","is_total_fee_adjust":"N","total_fee":"4780.00","gmt_payment":"2017-08-03 10:45:18","seller_email":"2287684289@qq.com","price":"4780.00","buyer_id":"2088002650637357","notify_id":"d34285634bd6388434482e6d9a0a42cipa","use_coupon":"N","sign_type":"MD5","sign":"9f1deb487ed428958bdbafa03ff39493"}
[2017-08-03 10:45:18][info] 数据存储反馈成功！
[2017-08-03 10:45:18][info] success
[2017-08-03 10:45:18][info] 写入结束!!!
[2017-08-03 12:04:41][info] ----------------------------------------
[2017-08-03 12:04:41][info] {"discount":"0.00","payment_type":"1","trade_no":"2017080321001004890298842694","subject":"\u4e1d\u7ef8\u4e4b\u8def\u7cbe\u534e\u4e03\u65e5\u6e38","buyer_email":"zsh608@sina.com","gmt_create":"2017-08-03 12:04:16","notify_type":"trade_status_sync","quantity":"1","out_trade_no":"LX-17080214301964106-d","seller_id":"2088421286007493","notify_time":"2017-08-03 12:04:40","body":"2017\u5e74\u9752\u6d77\u6e56-\u8336\u5361\u76d0\u6e56-\u6566\u714c-\u5609\u5cea\u5173-\u5f20\u6396\u4e39\u971e\u4e03\u65e5\u6e38","trade_status":"TRADE_SUCCESS","is_total_fee_adjust":"N","total_fee":"7950.00","gmt_payment":"2017-08-03 12:04:40","seller_email":"2287684289@qq.com","price":"7950.00","buyer_id":"2088102969954894","notify_id":"422880e4d8ef698a06c4160f4f6ead8mva","use_coupon":"N","sign_type":"MD5","sign":"5a25cf0f19dfd52fcd3370aee8715499"}
[2017-08-03 12:04:41][info] 数据存储反馈成功！
[2017-08-03 12:04:41][info] success
[2017-08-03 12:04:41][info] 写入结束!!!
[2017-08-03 12:18:26][info] ----------------------------------------
[2017-08-03 12:18:26][info] {"discount":"0.00","payment_type":"1","trade_no":"2017080321001004240269097150","subject":"\u65b0\u7586\u91d1\u79cb\u5927\u73af\u7ebf","buyer_email":"648237071@qq.com","gmt_create":"2017-08-03 12:12:12","notify_type":"trade_status_sync","quantity":"1","out_trade_no":"LX-17080110052589306-1","seller_id":"2088421286007493","notify_time":"2017-08-03 12:18:26","body":"\u5580\u7eb3\u65af-\u79be\u6728-\u767d\u54c8\u5df4-\u8d5b\u91cc\u6728\u6e56-\u5df4\u97f3\u5e03\u9c81\u514b-\u5410\u9c81\u756a-\u5854\u91cc\u6728\u6cb3\u80e1\u6768\u679712\u65e5\u6df1\u5ea6\u6e38","trade_status":"TRADE_SUCCESS","is_total_fee_adjust":"N","total_fee":"20800.00","gmt_payment":"2017-08-03 12:18:25","seller_email":"2287684289@qq.com","price":"20800.00","buyer_id":"2088302006631247","notify_id":"51937c87e541963ef50e273642184f5huq","use_coupon":"N","sign_type":"MD5","sign":"f67af87dfb0f6703466a3bf3f778c199"}
[2017-08-03 12:18:26][info] 数据存储反馈成功！
[2017-08-03 12:18:26][info] success
[2017-08-03 12:18:26][info] 写入结束!!!
[2017-08-03 12:46:48][info] ----------------------------------------
[2017-08-03 12:46:48][info] {"discount":"0.00","payment_type":"1","trade_no":"2017080321001004880296921846","subject":"\u4e1d\u8def\u5dc5\u5cf0\u4f53\u9a8c\u4e5d\u65e5\u6e38B\u7ebf","buyer_email":"cyberyren@gmail.com","gmt_create":"2017-08-03 12:41:44","notify_type":"trade_status_sync","quantity":"1","out_trade_no":"LX-17080311155142101-8","seller_id":"2088421286007493","notify_time":"2017-08-03 12:46:47","body":"\u9752\u6d77\u6e56-\u8336\u5361\u76d0\u6e56-\u9e23\u6c99\u5c71\u6708\u7259\u6cc9-\u83ab\u9ad8\u7a9f-\u96c5\u4e39\u9b54\u9b3c\u57ce-\u5609\u5cea\u5173-\u5f20\u6396\u4e39\u971e-\u9a6c\u8e44\u5bfa-\u5353\u5c14\u5c71\u8f7b\u5962\u52a8\u8f669\u65e5\u6e38","trade_status":"TRADE_SUCCESS","is_total_fee_adjust":"N","total_fee":"10340.00","gmt_payment":"2017-08-03 12:46:47","seller_email":"2287684289@qq.com","price":"10340.00","buyer_id":"2088002361516886","notify_id":"1f570f3476a79d31f6c0ebceccf2003msi","use_coupon":"N","sign_type":"MD5","sign":"7d0464226467059892441c181bc1103d"}
[2017-08-03 12:46:48][info] 数据存储反馈成功！
[2017-08-03 12:46:48][info] success
[2017-08-03 12:46:48][info] 写入结束!!!
[2017-08-03 12:50:15][info] ----------------------------------------
[2017-08-03 12:50:15][info] {"discount":"0.00","payment_type":"1","trade_no":"2017080321001004540286925417","subject":"\u4e1d\u8def\u5dc5\u5cf0\u4f53\u9a8c\u4e5d\u65e5\u6e38B\u7ebf","buyer_email":"jennyxue1975@hotmail.com","gmt_create":"2017-08-03 12:50:03","notify_type":"trade_status_sync","quantity":"1","out_trade_no":"LX-17071217142284001-6","seller_id":"2088421286007493","notify_time":"2017-08-03 12:50:14","body":"\u9752\u6d77\u6e56-\u8336\u5361\u76d0\u6e56-\u9e23\u6c99\u5c71\u6708\u7259\u6cc9-\u83ab\u9ad8\u7a9f-\u96c5\u4e39\u9b54\u9b3c\u57ce-\u5609\u5cea\u5173-\u5f20\u6396\u4e39\u971e-\u9a6c\u8e44\u5bfa-\u5353\u5c14\u5c71\u8f7b\u5962\u52a8\u8f669\u65e5\u6e38","trade_status":"TRADE_SUCCESS","is_total_fee_adjust":"N","total_fee":"5090.00","gmt_payment":"2017-08-03 12:50:14","seller_email":"2287684289@qq.com","price":"5090.00","buyer_id":"2088002537583544","notify_id":"a274d814e67cab8522a72c73dd20b69k62","use_coupon":"N","sign_type":"MD5","sign":"1ba467d644a0fb79b1bd25c7142bc4f3"}
[2017-08-03 12:50:15][info] 数据存储反馈成功！
[2017-08-03 12:50:15][info] success
[2017-08-03 12:50:15][info] 写入结束!!!
[2017-08-03 15:12:40][info] ----------------------------------------
[2017-08-03 15:12:40][info] {"discount":"0.00","payment_type":"1","trade_no":"2017080321001004770218666723","subject":"\u5317\u7586\u91d1\u79cb\u6444\u5f71","buyer_email":"136694898@qq.com","gmt_create":"2017-08-03 15:11:54","notify_type":"trade_status_sync","quantity":"1","out_trade_no":"LX-1707291616228801-6","seller_id":"2088421286007493","notify_time":"2017-08-03 15:12:40","body":"\u5580\u7eb3\u65af-\u79be\u6728-\u767d\u54c8\u5df4-\u53ef\u53ef\u6258\u6d77-\u4e94\u5f69\u6ee9-\u53ef\u53ef\u82cf\u91cc\u6e56-\u9b54\u9b3c\u57ce\u79cb\u5b63\u6444\u5f7110\u65e5","trade_status":"TRADE_SUCCESS","is_total_fee_adjust":"N","total_fee":"10200.00","gmt_payment":"2017-08-03 15:12:39","seller_email":"2287684289@qq.com","price":"10200.00","buyer_id":"2088302652449771","notify_id":"0a2d6aa865d0d82af1b4e9dc4aa6c5clxy","use_coupon":"N","sign_type":"MD5","sign":"7073552533d18a40709666f83df71a7c"}
[2017-08-03 15:12:40][info] 数据存储反馈成功！
[2017-08-03 15:12:40][info] success
[2017-08-03 15:12:40][info] 写入结束!!!
[2017-08-03 15:57:10][info] ----------------------------------------
[2017-08-03 15:57:10][info] {"discount":"0.00","payment_type":"1","trade_no":"2017080321001004790202824064","subject":"\u4e1d\u8def\u5dc5\u5cf0\u4f53\u9a8c\u4e5d\u65e5\u6e38B\u7ebf","buyer_email":"onion544@126.com","gmt_create":"2017-08-03 15:56:52","notify_type":"trade_status_sync","quantity":"1","out_trade_no":"LX-17072417205451706-a","seller_id":"2088421286007493","notify_time":"2017-08-03 15:57:10","body":"\u9752\u6d77\u6e56-\u8336\u5361\u76d0\u6e56-\u9e23\u6c99\u5c71\u6708\u7259\u6cc9-\u83ab\u9ad8\u7a9f-\u96c5\u4e39\u9b54\u9b3c\u57ce-\u5609\u5cea\u5173-\u5f20\u6396\u4e39\u971e-\u9a6c\u8e44\u5bfa-\u5353\u5c14\u5c71\u8f7b\u5962\u52a8\u8f669\u65e5\u6e38","trade_status":"TRADE_SUCCESS","is_total_fee_adjust":"N","total_fee":"8160.00","gmt_payment":"2017-08-03 15:57:10","seller_email":"2287684289@qq.com","price":"8160.00","buyer_id":"2088102322793791","notify_id":"65366c7344153c247ac7cad9a000b3am3i","use_coupon":"N","sign_type":"MD5","sign":"6e0cf5678d5050864d5671aa2233d73e"}
[2017-08-03 15:57:11][info] 数据存储反馈成功！
[2017-08-03 15:57:11][info] success
[2017-08-03 15:57:11][info] 写入结束!!!
[2017-08-03 16:06:01][info] ----------------------------------------
[2017-08-03 16:06:01][info] {"discount":"0.00","payment_type":"1","trade_no":"2017080321001004000296517818","subject":"\u4e1d\u8def\u5dc5\u5cf0\u4f53\u9a8c\u4e5d\u65e5\u6e38B\u7ebf","buyer_email":"591331675@qq.com","gmt_create":"2017-08-03 16:05:50","notify_type":"trade_status_sync","quantity":"1","out_trade_no":"LX-17080312221314806-f","seller_id":"2088421286007493","notify_time":"2017-08-03 16:06:01","body":"\u9752\u6d77\u6e56-\u8336\u5361\u76d0\u6e56-\u9e23\u6c99\u5c71\u6708\u7259\u6cc9-\u83ab\u9ad8\u7a9f-\u96c5\u4e39\u9b54\u9b3c\u57ce-\u5609\u5cea\u5173-\u5f20\u6396\u4e39\u971e-\u9a6c\u8e44\u5bfa-\u5353\u5c14\u5c71\u8f7b\u5962\u52a8\u8f669\u65e5\u6e38","trade_status":"TRADE_SUCCESS","is_total_fee_adjust":"N","total_fee":"16600.00","gmt_payment":"2017-08-03 16:06:01","seller_email":"2287684289@qq.com","price":"16600.00","buyer_id":"2088002406858007","notify_id":"b9ad123ad655ffae96598a39e5454a4g02","use_coupon":"N","sign_type":"MD5","sign":"0181a32d34cb6f2c83c0f4b18219d31f"}
[2017-08-03 16:06:01][info] 数据存储反馈成功！
[2017-08-03 16:06:01][info] success
[2017-08-03 16:06:01][info] 写入结束!!!
[2017-08-03 16:23:46][info] ----------------------------------------
[2017-08-03 16:23:46][info] {"discount":"0.00","payment_type":"1","trade_no":"2017080321001004890299409931","subject":"\u5580\u7eb3\u65af\u4e4b\u590f","buyer_email":"luckyzmq@126.com","gmt_create":"2017-08-03 16:23:32","notify_type":"trade_status_sync","quantity":"1","out_trade_no":"LX-17070610380671806-6","seller_id":"2088421286007493","notify_time":"2017-08-03 16:23:46","body":"2017\u5e747\uff5e8\u6708 \u5929\u5c71\u5929\u6c60-\u5410\u9c81\u756a-\u5580\u7eb3\u65af-\u767d\u54c8\u5df4-\u4e94\u5f69\u6ee9-\u9b54\u9b3c\u57ce-\u79be\u6728\u6df1\u5ea6\u4e5d\u65e5\u6e38","trade_status":"TRADE_SUCCESS","is_total_fee_adjust":"N","total_fee":"4680.00","gmt_payment":"2017-08-03 16:23:46","seller_email":"2287684289@qq.com","price":"4680.00","buyer_id":"2088402354958893","notify_id":"045be5ce0d88961d2a16e9d4229afb6mva","use_coupon":"N","sign_type":"MD5","sign":"fc636b758a23226eb0dd2faa88bb1582"}
[2017-08-03 16:23:46][info] 数据存储反馈成功！
[2017-08-03 16:23:46][info] success
[2017-08-03 16:23:46][info] 写入结束!!!
[2017-08-03 16:46:31][info] ----------------------------------------
[2017-08-03 16:46:31][info] {"discount":"0.00","payment_type":"1","trade_no":"2017080321001004370238161666","subject":"\u65b0\u7586\u5168\u666f","buyer_email":"liyunjing1214@sohu.com","gmt_create":"2017-08-03 16:46:19","notify_type":"trade_status_sync","quantity":"1","out_trade_no":"LX-1707151446347906-3","seller_id":"2088421286007493","notify_time":"2017-08-03 16:46:31","body":"\u5580\u7eb3\u65af-\u79be\u6728-\u8d5b\u91cc\u6728\u6e56-\u85b0\u8863\u8349\u519c\u573a-\u5580\u62c9\u5cfb-\u90a3\u62c9\u63d0-\u5df4\u97f3\u5e03\u9c81\u514b-\u6c5f\u5e03\u62c9\u514b-\u4e94\u5f69\u6ee9-\u5410\u9c81\u756a13\u65e5\u6e38","trade_status":"TRADE_SUCCESS","is_total_fee_adjust":"N","total_fee":"8070.00","gmt_payment":"2017-08-03 16:46:31","seller_email":"2287684289@qq.com","price":"8070.00","buyer_id":"2088102119869371","notify_id":"c06ce0b88ca808e1f32016acab106ddiuu","use_coupon":"N","sign_type":"MD5","sign":"658f967e4c92c2445a992e2251fbad5c"}
[2017-08-03 16:46:31][info] 数据存储反馈成功！
[2017-08-03 16:46:31][info] success
[2017-08-03 16:46:31][info] 写入结束!!!
[2017-08-03 16:50:26][info] ----------------------------------------
[2017-08-03 16:50:26][info] {"discount":"0.00","payment_type":"1","trade_no":"2017080321001004630237583656","subject":"\u575d\u4e0a\u4f11\u95f2B\u7ebf","buyer_email":"tangjie1001@tom.com","gmt_create":"2017-08-03 16:50:16","notify_type":"trade_status_sync","quantity":"1","out_trade_no":"LX-17072415373888501-c","seller_id":"2088421286007493","notify_time":"2017-08-03 16:50:26","body":"2017\u72ec\u5bb6\u575d\u4e0a\u73af\u7ebf\uff1a\u7a7f\u8d8a\u8349\u539f\u5929\u8def\uff0c\u6492\u6b22\u4e4c\u5170\u5e03\u7edf\uff0c\u627f\u5fb7\u907f\u6691\u5c71\u5e84\uff0c\u91d1\u5c71\u5cad\u957f\u57ce\/\u6155\u7530\u5cea\u957f\u57ce7\u65e5\uff08\u5168\u666f\u4e4b\u65c5\uff0c\u7f8e\u666f\u4e00\u7f51\u6253\u5c3d\uff09","trade_status":"TRADE_SUCCESS","is_total_fee_adjust":"N","total_fee":"4780.00","gmt_payment":"2017-08-03 16:50:25","seller_email":"2287684289@qq.com","price":"4780.00","buyer_id":"2088102151463630","notify_id":"1b9bde9b9125c610384ebba75c5e2bekv2","use_coupon":"N","sign_type":"MD5","sign":"9afdd8051d99d60f071921d4bf48809f"}
[2017-08-03 16:50:26][info] 数据存储反馈成功！
[2017-08-03 16:50:26][info] success
[2017-08-03 16:50:26][info] 写入结束!!!
[2017-08-03 17:20:31][info] ----------------------------------------
[2017-08-03 17:20:31][info] {"discount":"0.00","payment_type":"1","trade_no":"2017080321001004670286491564","subject":"\u7518\u5357\u5168\u666f","buyer_email":"13001183378","gmt_create":"2017-08-03 17:19:25","notify_type":"trade_status_sync","quantity":"1","out_trade_no":"LX-17071120330323906-f","seller_id":"2088421286007493","notify_time":"2017-08-03 17:20:31","body":"2017\u5e74\u72ec\u5bb6  \u62c9\u535c\u695e\u5bfa-\u624e\u5c15\u90a3-\u82b1\u6e56-\u5e74\u5b9d\u7389\u5219-\u82e5\u5c14\u76d6\u8349\u539f-\u963f\u4e07\u4ed3\u6e7f\u5730-\u5c15\u6d77\u6e56-\u90ce\u6728\u5bfa 8\u65e5\u6e38","trade_status":"TRADE_SUCCESS","is_total_fee_adjust":"N","total_fee":"3280.00","gmt_payment":"2017-08-03 17:20:31","seller_email":"2287684289@qq.com","price":"3280.00","buyer_id":"2088712826840677","notify_id":"e65516321fff9dfe4ca536410e11c3fl66","use_coupon":"N","sign_type":"MD5","sign":"b91373d7fe2db51443f7330c1885249d"}
[2017-08-03 17:20:32][info] 数据存储反馈成功！
[2017-08-03 17:20:32][info] success
[2017-08-03 17:20:32][info] 写入结束!!!
[2017-08-03 18:07:17][info] ----------------------------------------
[2017-08-03 18:07:17][info] {"discount":"0.00","payment_type":"1","trade_no":"2017080321001004500212750437","subject":"\u4e1d\u7ef8\u4e4b\u8def\u7cbe\u534e\u4e03\u65e5\u6e38","buyer_email":"13503509967","gmt_create":"2017-08-03 18:07:10","notify_type":"trade_status_sync","quantity":"1","out_trade_no":"LX-17080212164319306-6","seller_id":"2088421286007493","notify_time":"2017-08-03 18:07:17","body":"2017\u5e74\u9752\u6d77\u6e56-\u8336\u5361\u76d0\u6e56-\u6566\u714c-\u5609\u5cea\u5173-\u5f20\u6396\u4e39\u971e\u4e03\u65e5\u6e38","trade_status":"TRADE_SUCCESS","is_total_fee_adjust":"N","total_fee":"3180.00","gmt_payment":"2017-08-03 18:07:17","seller_email":"2287684289@qq.com","price":"3180.00","buyer_id":"2088722147901500","notify_id":"2837df29f903ff5cc5ca34014363208juy","use_coupon":"N","sign_type":"MD5","sign":"37a44344f5805cd2e4c002cce4d917e9"}
[2017-08-03 18:07:17][info] 数据存储反馈成功！
[2017-08-03 18:07:17][info] success
[2017-08-03 18:07:17][info] 写入结束!!!
[2017-08-03 18:33:29][info] ----------------------------------------
[2017-08-03 18:33:29][info] {"discount":"0.00","payment_type":"1","trade_no":"2017050221001004770252513670","subject":"\u65b0\u7586\u5168\u666f","buyer_email":"czheyuan@163.com","gmt_create":"2017-05-02 18:30:52","notify_type":"trade_status_sync","quantity":"1","out_trade_no":"LX-17041811293330906-8","seller_id":"2088421286007493","notify_time":"2017-08-03 18:33:28","body":"\u6c5f\u5e03\u62c9\u514b-\u4e94\u5f69\u6ee9-\u5580\u7eb3\u65af-\u79be\u6728-\u8d5b\u91cc\u6728\u6e56-\u85b0\u8863\u8349\u5e84\u56ed-\u5580\u62c9\u5cfb-\u90a3\u62c9\u63d0-\u5df4\u97f3\u5e03\u9c81\u514b-\u5410\u9c81\u756a13\u65e5\u6e38","trade_status":"TRADE_FINISHED","is_total_fee_adjust":"N","total_fee":"2590.00","gmt_payment":"2017-05-02 18:32:27","seller_email":"2287684289@qq.com","gmt_close":"2017-08-03 18:33:28","price":"2590.00","buyer_id":"2088002210655775","notify_id":"94431c69f41787d5022660a568dfbe2lxy","use_coupon":"N","sign_type":"MD5","sign":"e9717bdfd35d40e8d5d3bff6b4509160"}
[2017-08-03 18:33:29][info] 数据存储反馈成功！
[2017-08-03 18:33:29][info] success
[2017-08-03 18:33:29][info] 写入结束!!!
[2017-08-03 19:48:29][info] ----------------------------------------
[2017-08-03 19:48:29][info] {"discount":"0.00","payment_type":"1","trade_no":"2017080321001004560211614937","subject":"\u4e1d\u7ef8\u4e4b\u8def\u5168\u666f\u6e389\u65e5","buyer_email":"yudiantian99@163.com","gmt_create":"2017-08-03 19:45:16","notify_type":"trade_status_sync","quantity":"1","out_trade_no":"LX-17073019420836601-c","seller_id":"2088421286007493","notify_time":"2017-08-03 19:48:29","body":"\u72ec\u5bb6\u6c34\u4e0a\u9b54\u9b3c\u57ce-\u65e0\u4eba\u533a\u539f\u751f\u6001\u96c5\u4e39\u63a2\u79d8-\u9752\u6d77\u6e56-\u8336\u5361\u76d0\u6e56-\u83ab\u9ad8\u7a9f-\u9e23\u6c99\u5c71\u6708\u7259\u6cc9-\u5f20\u6396\u4e39\u971e-\u5353\u5c14\u5c719\u65e5\u6e38","trade_status":"TRADE_SUCCESS","is_total_fee_adjust":"N","total_fee":"5670.00","gmt_payment":"2017-08-03 19:48:29","seller_email":"2287684289@qq.com","price":"5670.00","buyer_id":"2088302002348563","notify_id":"e053949c1409e2f7e709ad3c30a37aekbm","use_coupon":"N","sign_type":"MD5","sign":"55e502177b697fd2e8cc9971d08cc4c5"}
[2017-08-03 19:48:30][info] 数据存储反馈成功！
[2017-08-03 19:48:30][info] success
[2017-08-03 19:48:30][info] 写入结束!!!
[2017-08-03 20:26:40][info] ----------------------------------------
[2017-08-03 20:26:40][info] {"discount":"0.00","payment_type":"1","trade_no":"2017080321001004730298853888","subject":"\u989d\u6d4e\u7eb3\u6df1\u5ea6\u6e38","buyer_email":"2436548417@qq.com","gmt_create":"2017-08-03 20:26:31","notify_type":"trade_status_sync","quantity":"1","out_trade_no":"LX-17080317474749306-6","seller_id":"2088421286007493","notify_time":"2017-08-03 20:26:40","body":"\u4ed9\u7c73\u5f69\u6797-\u7941\u8fde\u5c71-\u9a6c\u8e44\u5bfa-\u5f20\u6396\u4e39\u971e-\u91d1\u5854\u80e1\u6768\u6797-\u989d\u6d4e\u7eb3\u80e1\u6768\u6797-\u5c45\u5ef6\u6d77-\u5609\u5cea\u5173-\u52a8\u8f66\u8fd4\u7a0b7\u65e5\u6e38","trade_status":"TRADE_SUCCESS","is_total_fee_adjust":"N","total_fee":"15750.00","gmt_payment":"2017-08-03 20:26:40","seller_email":"2287684289@qq.com","price":"15750.00","buyer_id":"2088022437545732","notify_id":"090e813507e8d9e47a6e5610bb87cb1lmu","use_coupon":"N","sign_type":"MD5","sign":"c907c0b07febe0ad86c2cddab3c4e451"}
[2017-08-03 20:26:41][info] 数据存储反馈成功！
[2017-08-03 20:26:41][info] success
[2017-08-03 20:26:41][info] 写入结束!!!
[2017-08-03 22:21:11][info] ----------------------------------------
[2017-08-03 22:21:11][info] {"discount":"0.00","payment_type":"1","trade_no":"2017080321001004020215240628","subject":"\u65b0\u7586\u5168\u666f","buyer_email":"winder1990@126.com","gmt_create":"2017-08-03 22:20:57","notify_type":"trade_status_sync","quantity":"1","out_trade_no":"LX-1708032154455401-0","seller_id":"2088421286007493","notify_time":"2017-08-03 22:21:11","body":"\u5580\u7eb3\u65af-\u79be\u6728-\u8d5b\u91cc\u6728\u6e56-\u85b0\u8863\u8349\u519c\u573a-\u5580\u62c9\u5cfb-\u90a3\u62c9\u63d0-\u5df4\u97f3\u5e03\u9c81\u514b-\u6c5f\u5e03\u62c9\u514b-\u4e94\u5f69\u6ee9-\u5410\u9c81\u756a13\u65e5\u6e38","trade_status":"TRADE_SUCCESS","is_total_fee_adjust":"N","total_fee":"10760.00","gmt_payment":"2017-08-03 22:21:10","seller_email":"2287684289@qq.com","price":"10760.00","buyer_id":"2088302325689022","notify_id":"43d7cefff6d62744a87bbb000eee517g5m","use_coupon":"N","sign_type":"MD5","sign":"7b0496a4490d3157ee4e5c97b9d73713"}
[2017-08-03 22:21:11][info] 数据存储反馈成功！
[2017-08-03 22:21:11][info] success
[2017-08-03 22:21:11][info] 写入结束!!!
