[2017-09-22 09:45:06][info] ----------------------------------------
[2017-09-22 09:45:06][info] {"discount":"0.00","payment_type":"1","trade_no":"2017092221001004400289798310","subject":"\u989d\u6d4e\u7eb3\u5168\u666f","buyer_email":"yuanyan0718@163.com","gmt_create":"2017-09-22 09:44:58","notify_type":"trade_status_sync","quantity":"1","out_trade_no":"LX-17090110130096801-8","seller_id":"2088421286007493","notify_time":"2017-09-22 09:45:06","body":"\u989d\u6d4e\u7eb3\u80e1\u6768\u6797-\u6566\u714c\u5168\u666f-\u5df4\u4e39\u5409\u6797-\u5f20\u6396\u4e39\u971e-\u5609\u5cea\u5173-\u91d1\u5854\u80e1\u6768\u6797-\u52a8\u8f668\u65e5","trade_status":"TRADE_SUCCESS","is_total_fee_adjust":"N","total_fee":"2140.00","gmt_payment":"2017-09-22 09:45:05","seller_email":"2287684289@qq.com","price":"2140.00","buyer_id":"2088002518939401","notify_id":"64c4cf0dd33d7ce61dc4b8bad2e4d55j36","use_coupon":"N","sign_type":"MD5","sign":"4b1fbaf4295771e1ee01199d5c4f0595"}
[2017-09-22 09:45:06][info] 数据存储反馈成功！
[2017-09-22 09:45:06][info] success
[2017-09-22 09:45:06][info] 写入结束!!!
[2017-09-22 09:48:16][info] ----------------------------------------
[2017-09-22 09:48:16][info] {"discount":"0.00","payment_type":"1","trade_no":"2017092221001004830509027964","subject":"\u989d\u6d4e\u7eb3\u6700\u7f8e\u9ad8\u94c1\u56e2","buyer_email":"jinxing216@163.com","gmt_create":"2017-09-22 09:47:59","notify_type":"trade_status_sync","quantity":"1","out_trade_no":"LX-17092209295773606-f","seller_id":"2088421286007493","notify_time":"2017-09-22 09:48:16","body":"2017\u989d\u6d4e\u7eb3\u65d7\u80e1\u6768\u6797\u516d\u65e5\u6e38-\u9886\u8896\u6237\u5916\u72ec\u5bb6\u9996\u521b","trade_status":"TRADE_SUCCESS","is_total_fee_adjust":"N","total_fee":"8640.00","gmt_payment":"2017-09-22 09:48:15","seller_email":"2287684289@qq.com","price":"8640.00","buyer_id":"2088002140335831","notify_id":"00bce2f5b0d0634f98811c7f10ef573mep","use_coupon":"N","sign_type":"MD5","sign":"a04d5d549f546d7b389a264829867d0a"}
[2017-09-22 09:48:16][info] 数据存储反馈成功！
[2017-09-22 09:48:16][info] success
[2017-09-22 09:48:16][info] 写入结束!!!
[2017-09-22 09:55:39][info] ----------------------------------------
[2017-09-22 09:55:39][info] {"discount":"0.00","payment_type":"1","trade_no":"2017092221001004400289795813","subject":"\u989d\u6d4e\u7eb3\u5168\u666f","buyer_email":"yuanyan0718@163.com","gmt_create":"2017-09-22 09:55:32","notify_type":"trade_status_sync","quantity":"1","out_trade_no":"LX-17081516501776401-f","seller_id":"2088421286007493","notify_time":"2017-09-22 09:55:39","body":"\u989d\u6d4e\u7eb3\u80e1\u6768\u6797-\u6566\u714c\u5168\u666f-\u5df4\u4e39\u5409\u6797-\u5f20\u6396\u4e39\u971e-\u5609\u5cea\u5173-\u91d1\u5854\u80e1\u6768\u6797-\u52a8\u8f668\u65e5","trade_status":"TRADE_SUCCESS","is_total_fee_adjust":"N","total_fee":"4130.50","gmt_payment":"2017-09-22 09:55:39","seller_email":"2287684289@qq.com","price":"4130.50","buyer_id":"2088002518939401","notify_id":"b7dd79e7fb0e85d3717e2993764f1cbj36","use_coupon":"N","sign_type":"MD5","sign":"4ab6b322c0cf69678642a4a21c4ca125"}
[2017-09-22 09:55:40][info] 数据存储反馈成功！
[2017-09-22 09:55:40][info] success
[2017-09-22 09:55:40][info] 写入结束!!!
[2017-09-22 10:17:04][info] ----------------------------------------
[2017-09-22 10:17:04][info] {"discount":"0.00","payment_type":"1","trade_no":"2017092221001004050527409816","subject":"\u989d\u6d4e\u7eb3\u6700\u7f8e\u9ad8\u94c1\u56e2","buyer_email":"heguoguoyouxiang@163.com","gmt_create":"2017-09-22 10:16:50","notify_type":"trade_status_sync","quantity":"1","out_trade_no":"LX-170922100207301-f","seller_id":"2088421286007493","notify_time":"2017-09-22 10:17:04","body":"2017\u989d\u6d4e\u7eb3\u65d7\u80e1\u6768\u6797\u516d\u65e5\u6e38-\u9886\u8896\u6237\u5916\u72ec\u5bb6\u9996\u521b","trade_status":"TRADE_SUCCESS","is_total_fee_adjust":"N","total_fee":"1590.00","gmt_payment":"2017-09-22 10:17:03","seller_email":"2287684289@qq.com","price":"1590.00","buyer_id":"2088802018822052","notify_id":"0add4b1378c92cf9b50de6ac7564c86ge1","use_coupon":"N","sign_type":"MD5","sign":"77a1e8ad9402c761d645c0f06acf4089"}
[2017-09-22 10:17:04][info] 数据存储反馈成功！
[2017-09-22 10:17:04][info] success
[2017-09-22 10:17:04][info] 写入结束!!!
[2017-09-22 10:52:07][info] ----------------------------------------
[2017-09-22 10:52:07][info] {"discount":"0.00","payment_type":"1","trade_no":"2017092221001004150527370435","subject":"\u989d\u6d4e\u7eb3\u5168\u666f","buyer_email":"13817757411","gmt_create":"2017-09-22 10:51:42","notify_type":"trade_status_sync","quantity":"1","out_trade_no":"LX-17092210375286801-b","seller_id":"2088421286007493","notify_time":"2017-09-22 10:52:07","body":"\u989d\u6d4e\u7eb3\u80e1\u6768\u6797-\u6566\u714c\u5168\u666f-\u5df4\u4e39\u5409\u6797-\u5f20\u6396\u4e39\u971e-\u5609\u5cea\u5173-\u91d1\u5854\u80e1\u6768\u6797-\u52a8\u8f668\u65e5","trade_status":"TRADE_SUCCESS","is_total_fee_adjust":"N","total_fee":"2090.00","gmt_payment":"2017-09-22 10:52:07","seller_email":"2287684289@qq.com","price":"2090.00","buyer_id":"2088122033167157","notify_id":"6feb67ce0cb7dafda46f5e33f532217h5t","use_coupon":"N","sign_type":"MD5","sign":"59f706c504b6eefe47487ddfda025430"}
[2017-09-22 10:52:08][info] 数据存储反馈成功！
[2017-09-22 10:52:08][info] success
[2017-09-22 10:52:08][info] 写入结束!!!
[2017-09-22 11:27:08][info] ----------------------------------------
[2017-09-22 11:27:08][info] {"discount":"0.00","payment_type":"1","trade_no":"2017062121001004150264094266","subject":"\u65b0\u7586\u5168\u666f","buyer_email":"happygirl1014@163.com","gmt_create":"2017-06-21 11:26:40","notify_type":"trade_status_sync","quantity":"1","out_trade_no":"LX-17062022301778306-2","seller_id":"2088421286007493","notify_time":"2017-09-22 11:27:08","body":"\u6c5f\u5e03\u62c9\u514b-\u4e94\u5f69\u6ee9-\u5580\u7eb3\u65af-\u79be\u6728-\u8d5b\u91cc\u6728\u6e56-\u85b0\u8863\u8349\u519c\u573a-\u5580\u62c9\u5cfb-\u90a3\u62c9\u63d0-\u5df4\u97f3\u5e03\u9c81\u514b-\u5410\u9c81\u756a13\u65e5\u6e38","trade_status":"TRADE_FINISHED","is_total_fee_adjust":"N","total_fee":"5380.00","gmt_payment":"2017-06-21 11:26:53","seller_email":"2287684289@qq.com","gmt_close":"2017-09-22 11:27:08","price":"5380.00","buyer_id":"2088802813045157","notify_id":"8aab33b1a88546860a5fb4815bf9ca5h5q","use_coupon":"N","sign_type":"MD5","sign":"af9cff76b35b51a43cd9a92b4deb9de8"}
[2017-09-22 11:27:08][info] 数据存储反馈成功！
[2017-09-22 11:27:08][info] success
[2017-09-22 11:27:08][info] 写入结束!!!
[2017-09-22 11:40:06][info] ----------------------------------------
[2017-09-22 11:40:06][info] {"discount":"0.00","payment_type":"1","trade_no":"2017092221001004360263606567","subject":"\u989d\u6d4e\u7eb3\u6df1\u5ea6\u6e38","buyer_email":"13803276788","gmt_create":"2017-09-22 11:39:51","notify_type":"trade_status_sync","quantity":"1","out_trade_no":"LX-17092122291142901-c","seller_id":"2088421286007493","notify_time":"2017-09-22 11:40:06","body":"\u4ed9\u7c73\u5f69\u6797-\u7941\u8fde\u5c71-\u9a6c\u8e44\u5bfa-\u5f20\u6396\u4e39\u971e-\u91d1\u5854\u80e1\u6768\u6797-\u989d\u6d4e\u7eb3\u80e1\u6768\u6797-\u5c45\u5ef6\u6d77-\u5609\u5cea\u5173-\u52a8\u8f66\u8fd4\u7a0b7\u65e5\u6e38","trade_status":"TRADE_SUCCESS","is_total_fee_adjust":"N","total_fee":"3543.00","gmt_payment":"2017-09-22 11:40:06","seller_email":"2287684289@qq.com","price":"3543.00","buyer_id":"2088622536544364","notify_id":"47ac5d859bd5c99ff475efa19af48a5is2","use_coupon":"N","sign_type":"MD5","sign":"f97f63cba2578d7176f651f458c1de91"}
[2017-09-22 11:40:06][info] 数据存储反馈成功！
[2017-09-22 11:40:06][info] success
[2017-09-22 11:40:06][info] 写入结束!!!
[2017-09-22 11:52:11][info] ----------------------------------------
[2017-09-22 11:52:11][info] {"discount":"0.00","payment_type":"1","trade_no":"2017062121001004150264145975","subject":"\u9752\u6d77\u6e56\u73af\u6e565\u65e5\u6df1\u5ea6\u6e38","buyer_email":"shmily2306@sohu.com","gmt_create":"2017-06-21 11:51:14","notify_type":"trade_status_sync","quantity":"1","out_trade_no":"LX-1706131333253706-4","seller_id":"2088421286007493","notify_time":"2017-09-22 11:52:11","body":"\u8336\u5361\u3001\u95e8\u6e90\u3001\u7941\u8fde\u3001\u7cbe\u534e300\u00b0\u9752\u6d77\u6e56\u73af\u6e56","trade_status":"TRADE_FINISHED","is_total_fee_adjust":"N","total_fee":"750.00","gmt_payment":"2017-06-21 11:51:24","seller_email":"2287684289@qq.com","gmt_close":"2017-09-22 11:52:10","price":"750.00","buyer_id":"2088002937437159","notify_id":"5b6f403ed273154e36877425713a4ech5q","use_coupon":"N","sign_type":"MD5","sign":"3ee8bc2513a7180f4c5b3ecbc8e6d643"}
[2017-09-22 11:52:11][info] 数据存储反馈成功！
[2017-09-22 11:52:11][info] success
[2017-09-22 11:52:11][info] 写入结束!!!
[2017-09-22 12:36:57][info] ----------------------------------------
[2017-09-22 12:36:57][info] {"discount":"0.00","payment_type":"1","trade_no":"2017092221001004770231929435","subject":"\u7a3b\u57ce\u91d1\u79cb","buyer_email":"yuzhen@tried.com.cn","gmt_create":"2017-09-22 12:36:27","notify_type":"trade_status_sync","quantity":"1","out_trade_no":"LX-17092020220081006-1","seller_id":"2088421286007493","notify_time":"2017-09-22 12:36:57","body":"\u7a3b\u57ce\u4e9a\u4e01-\u65b0\u90fd\u6865-\u4e39\u5df4-\u56db\u59d1\u5a18\u5c71\u4e5d\u65e5\u6df1\u5ea6\u6e38","trade_status":"TRADE_SUCCESS","is_total_fee_adjust":"N","total_fee":"5730.00","gmt_payment":"2017-09-22 12:36:57","seller_email":"2287684289@qq.com","price":"5730.00","buyer_id":"2088002981586771","notify_id":"df61116e7fe86532b25c475f45ea489lxy","use_coupon":"N","sign_type":"MD5","sign":"f7d3c5f4469ec7578576a3c1ac24c352"}
[2017-09-22 12:36:58][info] 数据存储反馈成功！
[2017-09-22 12:36:58][info] success
[2017-09-22 12:36:58][info] 写入结束!!!
[2017-09-22 14:12:57][info] ----------------------------------------
[2017-09-22 14:12:57][info] {"discount":"0.00","payment_type":"1","trade_no":"2017062121001004460286437807","subject":"\u4e1d\u7ef8\u4e4b\u8def\u7ecf\u5178\u4e5d\u65e5","buyer_email":"cao-lei_0714@hotmail.com","gmt_create":"2017-06-21 14:12:10","notify_type":"trade_status_sync","quantity":"1","out_trade_no":"LX-17062113355852501-e","seller_id":"2088421286007493","notify_time":"2017-09-22 14:12:56","body":"\u6c99\u5c9b-\u9752\u6d77\u6e56-\u8336\u5361\u76d0\u6e56-\u5353\u5c14\u5c71-\u5f20\u6396\u4e39\u971e-\u5609\u5cea\u5173-\u6566\u714c9\u65e5\u6e38","trade_status":"TRADE_FINISHED","is_total_fee_adjust":"N","total_fee":"1890.00","gmt_payment":"2017-06-21 14:12:21","seller_email":"2287684289@qq.com","gmt_close":"2017-09-22 14:12:56","price":"1890.00","buyer_id":"2088102388055460","notify_id":"5c218b89e3ca05d12b51037f15b5ef9jju","use_coupon":"N","sign_type":"MD5","sign":"c2364606ccdaa9974c24bedb0eccf976"}
[2017-09-22 14:12:57][info] 数据存储反馈成功！
[2017-09-22 14:12:57][info] success
[2017-09-22 14:12:57][info] 写入结束!!!
[2017-09-22 15:34:50][info] ----------------------------------------
[2017-09-22 15:34:50][info] {"discount":"0.00","payment_type":"1","trade_no":"2017092221001004970509796861","subject":"\u7a3b\u57ce\u91d1\u79cb","buyer_email":"18539928865","gmt_create":"2017-09-22 15:34:36","notify_type":"trade_status_sync","quantity":"1","out_trade_no":"LX-17080311561613401-2","seller_id":"2088421286007493","notify_time":"2017-09-22 15:34:50","body":"\u7a3b\u57ce\u4e9a\u4e01-\u65b0\u90fd\u6865-\u4e39\u5df4-\u56db\u59d1\u5a18\u5c71\u4e5d\u65e5\u6df1\u5ea6\u6e38","trade_status":"TRADE_SUCCESS","is_total_fee_adjust":"N","total_fee":"1940.00","gmt_payment":"2017-09-22 15:34:50","seller_email":"2287684289@qq.com","price":"1940.00","buyer_id":"2088802685615975","notify_id":"00272eb92897ff2b683bc23195a82b1nhl","use_coupon":"N","sign_type":"MD5","sign":"bd1a4288135c574c1d2078421a3b897b"}
[2017-09-22 15:34:50][info] 数据存储反馈成功！
[2017-09-22 15:34:50][info] success
[2017-09-22 15:34:50][info] 写入结束!!!
[2017-09-22 15:50:20][info] ----------------------------------------
[2017-09-22 15:50:20][info] {"discount":"0.00","payment_type":"1","trade_no":"2017092221001004350250960501","subject":"\u989d\u6d4e\u7eb3\u5168\u666f","buyer_email":"346298307@qq.com","gmt_create":"2017-09-22 15:50:07","notify_type":"trade_status_sync","quantity":"1","out_trade_no":"LX-17090613235667501-c","seller_id":"2088421286007493","notify_time":"2017-09-22 15:50:20","body":"\u989d\u6d4e\u7eb3\u80e1\u6768\u6797-\u6566\u714c\u5168\u666f-\u5df4\u4e39\u5409\u6797-\u5f20\u6396\u4e39\u971e-\u5609\u5cea\u5173-\u91d1\u5854\u80e1\u6768\u6797-\u52a8\u8f668\u65e5","trade_status":"TRADE_SUCCESS","is_total_fee_adjust":"N","total_fee":"2240.00","gmt_payment":"2017-09-22 15:50:20","seller_email":"2287684289@qq.com","price":"2240.00","buyer_id":"2088002453280354","notify_id":"ae49c408021863ea95053a39370e695ipa","use_coupon":"N","sign_type":"MD5","sign":"da12c97845ec57b5e4c058c6f37aaadf"}
[2017-09-22 15:50:21][info] 数据存储反馈成功！
[2017-09-22 15:50:21][info] success
[2017-09-22 15:50:21][info] 写入结束!!!
[2017-09-22 15:50:22][info] ----------------------------------------
[2017-09-22 15:50:22][info] {"discount":"0.00","payment_type":"1","trade_no":"2017092221001004950510078297","subject":"\u85cf\u5730\u5168\u666f","buyer_email":"1037021473@qq.com","gmt_create":"2017-09-22 15:50:08","notify_type":"trade_status_sync","quantity":"1","out_trade_no":"LX-17092214225735001-f","seller_id":"2088421286007493","notify_time":"2017-09-22 15:50:22","body":"2017\u5e74\u62c9\u8428-\u73e0\u5cf0-\u7eb3\u6728\u63aa-\u6797\u829d-\u5df4\u677e\u63aa-\u5ce1\u8c37\u79d8\u5883-\u7f8a\u6e56-\u666e\u59c6\u96cd\u63aa-\u65e5\u5580\u521911\u65e5\u6df1\u5ea6\u6e38","trade_status":"TRADE_SUCCESS","is_total_fee_adjust":"N","total_fee":"13760.00","gmt_payment":"2017-09-22 15:50:21","seller_email":"2287684289@qq.com","price":"13760.00","buyer_id":"2088212284902950","notify_id":"898c612389306f846f405dc9d09f021nc1","use_coupon":"N","sign_type":"MD5","sign":"6f561f3b91e45c57f25e0a02447a921e"}
[2017-09-22 15:50:22][info] 数据存储反馈成功！
[2017-09-22 15:50:22][info] success
[2017-09-22 15:50:22][info] 写入结束!!!
[2017-09-22 16:27:31][info] ----------------------------------------
[2017-09-22 16:27:31][info] {"discount":"0.00","payment_type":"1","trade_no":"2017092221001004370241083513","subject":"\u989d\u6d4e\u7eb3\u5168\u666f","buyer_email":"nhzppo@189.cn","gmt_create":"2017-09-22 16:25:17","notify_type":"trade_status_sync","quantity":"1","out_trade_no":"LX-17092123181189501-e","seller_id":"2088421286007493","notify_time":"2017-09-22 16:27:31","body":"\u989d\u6d4e\u7eb3\u80e1\u6768\u6797-\u6566\u714c\u5168\u666f-\u5df4\u4e39\u5409\u6797-\u5f20\u6396\u4e39\u971e-\u5609\u5cea\u5173-\u91d1\u5854\u80e1\u6768\u6797-\u52a8\u8f668\u65e5","trade_status":"TRADE_SUCCESS","is_total_fee_adjust":"N","total_fee":"4000.00","gmt_payment":"2017-09-22 16:27:30","seller_email":"2287684289@qq.com","price":"4000.00","buyer_id":"2088002056331376","notify_id":"3c71b868962a327a23e23c1a15c2ccfiuu","use_coupon":"N","sign_type":"MD5","sign":"6d8712002ef415f37c3fe8de2b28632b"}
[2017-09-22 16:27:31][info] 数据存储反馈成功！
[2017-09-22 16:27:31][info] success
[2017-09-22 16:27:31][info] 写入结束!!!
[2017-09-22 17:08:51][info] ----------------------------------------
[2017-09-22 17:08:51][info] {"discount":"0.00","payment_type":"1","trade_no":"2017062121001004200281959690","subject":"\u65b0\u7586\u5168\u666f","buyer_email":"15933617068","gmt_create":"2017-06-21 17:06:07","notify_type":"trade_status_sync","quantity":"1","out_trade_no":"LX-17062015481716206-e","seller_id":"2088421286007493","notify_time":"2017-09-22 17:08:51","body":"\u6c5f\u5e03\u62c9\u514b-\u4e94\u5f69\u6ee9-\u5580\u7eb3\u65af-\u79be\u6728-\u8d5b\u91cc\u6728\u6e56-\u85b0\u8863\u8349\u519c\u573a-\u5580\u62c9\u5cfb-\u90a3\u62c9\u63d0-\u5df4\u97f3\u5e03\u9c81\u514b-\u5410\u9c81\u756a13\u65e5\u6e38","trade_status":"TRADE_FINISHED","is_total_fee_adjust":"N","total_fee":"5380.00","gmt_payment":"2017-06-21 17:08:48","seller_email":"2287684289@qq.com","gmt_close":"2017-09-22 17:08:51","price":"5380.00","buyer_id":"2088722345679203","notify_id":"82f8ecd81d508bb062964a691526244hjm","use_coupon":"N","sign_type":"MD5","sign":"123bcca8a2b4458b704dec1f689ac30d"}
[2017-09-22 17:08:51][info] 数据存储反馈成功！
[2017-09-22 17:08:51][info] success
[2017-09-22 17:08:51][info] 写入结束!!!
[2017-09-22 17:21:09][info] ----------------------------------------
[2017-09-22 17:21:09][info] {"discount":"0.00","payment_type":"1","trade_no":"2017092221001004120528288311","subject":"\u575d\u4e0a\u79cb\u6444","buyer_email":"zhencheng200@163.com","gmt_create":"2017-09-22 17:21:00","notify_type":"trade_status_sync","quantity":"1","out_trade_no":"LX-17092215340743706-e","seller_id":"2088421286007493","notify_time":"2017-09-22 17:21:09","body":"9-10\u6708\u91d1\u79cb\uff0c\u5317\u6c9f\u3001\u6768\u6811\u80cc\u3001\u4e94\u5f69\u5c71\u3001\u86e4\u87c6\u575d\u3001\u91ce\u9e2d\u6e56\u3001\u516c\u4e3b\u6e56\u7b49\u575d\u4e0a\u8349\u539f\u79cb\u8272\u4e00\u7f51\u6253\u5c3d 6\u65e5\u6444\u5f71\u521b\u4f5c\u56e2\uff08\u575d\u4e0a\u62cd\u64444\u5929\uff09","trade_status":"TRADE_SUCCESS","is_total_fee_adjust":"N","total_fee":"2680.00","gmt_payment":"2017-09-22 17:21:09","seller_email":"2287684289@qq.com","price":"2680.00","buyer_id":"2088002047247121","notify_id":"bb5de2badf2ca9a348cd33e5eddefb5gxh","use_coupon":"N","sign_type":"MD5","sign":"045076c8a8c8dd20b09c9b46aa8273c6"}
[2017-09-22 17:21:09][info] 数据存储反馈成功！
[2017-09-22 17:21:09][info] success
[2017-09-22 17:21:09][info] 写入结束!!!
[2017-09-22 17:21:24][info] ----------------------------------------
[2017-09-22 17:21:24][info] {"discount":"0.00","payment_type":"1","trade_no":"2017092221001004450238705433","subject":"\u989d\u6d4e\u7eb3\u5168\u666f","buyer_email":"cowpox@163.com","gmt_create":"2017-09-22 17:21:09","notify_type":"trade_status_sync","quantity":"1","out_trade_no":"LX-17091612100673001-9","seller_id":"2088421286007493","notify_time":"2017-09-22 17:21:24","body":"\u989d\u6d4e\u7eb3\u80e1\u6768\u6797-\u6566\u714c\u5168\u666f-\u5df4\u4e39\u5409\u6797-\u5f20\u6396\u4e39\u971e-\u5609\u5cea\u5173-\u91d1\u5854\u80e1\u6768\u6797-\u52a8\u8f668\u65e5","trade_status":"TRADE_SUCCESS","is_total_fee_adjust":"N","total_fee":"8560.00","gmt_payment":"2017-09-22 17:21:23","seller_email":"2287684289@qq.com","price":"8560.00","buyer_id":"2088202307878450","notify_id":"22b969e0cabb877d507b305a57c0020jh2","use_coupon":"N","sign_type":"MD5","sign":"8597465421c42909870906ca2ca7056b"}
[2017-09-22 17:21:24][info] 数据存储反馈成功！
[2017-09-22 17:21:24][info] success
[2017-09-22 17:21:24][info] 写入结束!!!
[2017-09-22 19:23:37][info] ----------------------------------------
[2017-09-22 19:23:37][info] {"discount":"0.00","payment_type":"1","trade_no":"2017092221001004080528735284","subject":"\u7518\u5357\u5168\u666f","buyer_email":"xingxuefeier@163.com","gmt_create":"2017-09-22 19:22:23","notify_type":"trade_status_sync","quantity":"1","out_trade_no":"LX-17082415281497506-1","seller_id":"2088421286007493","notify_time":"2017-09-22 19:23:37","body":"2017\u5e74\u72ec\u5bb6  \u62c9\u535c\u695e\u5bfa-\u624e\u5c15\u90a3-\u82b1\u6e56-\u5e74\u5b9d\u7389\u5219-\u82e5\u5c14\u76d6\u8349\u539f-\u963f\u4e07\u4ed3\u6e7f\u5730-\u5c15\u6d77\u6e56-\u90ce\u6728\u5bfa 8\u65e5\u6e38","trade_status":"TRADE_SUCCESS","is_total_fee_adjust":"N","total_fee":"1690.00","gmt_payment":"2017-09-22 19:23:37","seller_email":"2287684289@qq.com","price":"1690.00","buyer_id":"2088002178105082","notify_id":"ab4cbf5249d2314aa3ea0d966604f57gmd","use_coupon":"N","sign_type":"MD5","sign":"9838aeb63621177d1a1a2e8697faf410"}
[2017-09-22 19:23:37][info] 数据存储反馈成功！
[2017-09-22 19:23:37][info] success
[2017-09-22 19:23:37][info] 写入结束!!!
[2017-09-22 21:47:08][info] ----------------------------------------
[2017-09-22 21:47:08][info] {"discount":"0.00","payment_type":"1","trade_no":"2017062121001004990217335619","subject":"\u4e1d\u7ef8\u4e4b\u8def\u7ecf\u5178\u4e5d\u65e5","buyer_email":"chenfeng922135@hotmail.com","gmt_create":"2017-06-21 21:46:12","notify_type":"trade_status_sync","quantity":"1","out_trade_no":"LX-17061818285557301-3","seller_id":"2088421286007493","notify_time":"2017-09-22 21:47:08","body":"\u6c99\u5c9b-\u9752\u6d77\u6e56-\u8336\u5361\u76d0\u6e56-\u5353\u5c14\u5c71-\u5f20\u6396\u4e39\u971e-\u5609\u5cea\u5173-\u6566\u714c9\u65e5\u6e38","trade_status":"TRADE_FINISHED","is_total_fee_adjust":"N","total_fee":"7760.00","gmt_payment":"2017-06-21 21:46:55","seller_email":"2287684289@qq.com","gmt_close":"2017-09-22 21:47:08","price":"7760.00","buyer_id":"2088102041637996","notify_id":"812cbeaf625ef88176309db3f586025nn2","use_coupon":"N","sign_type":"MD5","sign":"c0496e90460f49622a450b2e91e8adf2"}
[2017-09-22 21:47:08][info] 数据存储反馈成功！
[2017-09-22 21:47:08][info] success
[2017-09-22 21:47:08][info] 写入结束!!!
