[2017-06-10 08:23:49][info] ----------------------------------------
[2017-06-10 08:23:49][info] {"discount":"0.00","payment_type":"1","subject":"\u65b0\u7586\u5168\u666f","trade_no":"2017061021001004730201483575","buyer_email":"haixiahuang@21cn.com","gmt_create":"2017-06-10 08:23:42","notify_type":"trade_status_sync","quantity":"1","out_trade_no":"LX-17032721033585701-6","seller_id":"2088421286007493","notify_time":"2017-06-10 08:23:48","body":"\u6c5f\u5e03\u62c9\u514b-\u4e94\u5f69\u6ee9-\u5580\u7eb3\u65af-\u79be\u6728-\u8d5b\u91cc\u6728\u6e56-\u85b0\u8863\u8349\u519c\u573a-\u5580\u62c9\u5cfb-\u90a3\u62c9\u63d0-\u5df4\u97f3\u5e03\u9c81\u514b-\u5410\u9c81\u756a13\u65e5\u6e38","trade_status":"TRADE_SUCCESS","is_total_fee_adjust":"N","total_fee":"2640.00","gmt_payment":"2017-06-10 08:23:48","seller_email":"2287684289@qq.com","price":"2640.00","buyer_id":"2088002003349739","notify_id":"b1ac5d132bf19b7d0bdfe2e51544d4blmu","use_coupon":"N","sign_type":"MD5","sign":"cd363936f7033f5a5ce2a4b5e4b718ba"}
[2017-06-10 08:23:49][info] 数据存储反馈成功！
[2017-06-10 08:23:49][info] success
[2017-06-10 08:23:49][info] 写入结束!!!
[2017-06-10 08:42:29][info] ----------------------------------------
[2017-06-10 08:42:29][info] {"discount":"0.00","payment_type":"1","subject":"\u65b0\u7586\u5168\u666f","trade_no":"2017061021001004200259675178","buyer_email":"13512707890","gmt_create":"2017-06-10 08:42:16","notify_type":"trade_status_sync","quantity":"1","out_trade_no":"LX-17032721274230306-d","seller_id":"2088421286007493","notify_time":"2017-06-10 08:42:29","body":"\u6c5f\u5e03\u62c9\u514b-\u4e94\u5f69\u6ee9-\u5580\u7eb3\u65af-\u79be\u6728-\u8d5b\u91cc\u6728\u6e56-\u85b0\u8863\u8349\u519c\u573a-\u5580\u62c9\u5cfb-\u90a3\u62c9\u63d0-\u5df4\u97f3\u5e03\u9c81\u514b-\u5410\u9c81\u756a13\u65e5\u6e38","trade_status":"TRADE_SUCCESS","is_total_fee_adjust":"N","total_fee":"2640.00","gmt_payment":"2017-06-10 08:42:28","seller_email":"2287684289@qq.com","price":"2640.00","buyer_id":"2088602127334204","notify_id":"049b6e7b2a0c69345b4eb1b8bf262f8hjm","use_coupon":"N","sign_type":"MD5","sign":"ca60530dbdd25f111c0072d9586910f2"}
[2017-06-10 08:42:29][info] 数据存储反馈成功！
[2017-06-10 08:42:29][info] success
[2017-06-10 08:42:29][info] 写入结束!!!
[2017-06-10 11:19:06][info] ----------------------------------------
[2017-06-10 11:19:06][info] {"discount":"0.00","payment_type":"1","subject":"\u96ea\u57df\u6843\u82b1\u6df1\u5ea6\u6e38","trade_no":"2017031121001004130217063105","buyer_email":"13076876820","gmt_create":"2017-03-11 11:18:40","notify_type":"trade_status_sync","quantity":"1","out_trade_no":"LX-1702171057434006-f","seller_id":"2088421286007493","notify_time":"2017-06-10 11:19:06","body":"2017\u5e74\u6797\u829d\u6843\u82b1\u6c9f-\u6ce2\u5bc6\u560e\u6717-\u5357\u8fe6\u5df4\u74e6\u5cf0-\u7136\u4e4c\u6e56-\u7c73\u5806\u51b0\u5ddd\u516b\u65e5\u6e38","trade_status":"TRADE_FINISHED","is_total_fee_adjust":"N","total_fee":"7160.00","gmt_payment":"2017-03-11 11:18:57","seller_email":"2287684289@qq.com","gmt_close":"2017-06-10 11:19:05","price":"7160.00","buyer_id":"2088702664086135","notify_id":"2b93580dedbaba766180ef92790f855h06","use_coupon":"N","sign_type":"MD5","sign":"20e4d560255ffe07c451c5ace2c535af"}
[2017-06-10 11:19:06][info] 数据存储反馈成功！
[2017-06-10 11:19:06][info] success
[2017-06-10 11:19:06][info] 写入结束!!!
[2017-06-10 14:23:06][info] ----------------------------------------
[2017-06-10 14:23:06][info] {"discount":"0.00","payment_type":"1","subject":"\u96ea\u57df\u6843\u82b1\u6797\u829d\u96c6\u5408","trade_no":"2017031121001004970226714590","buyer_email":"yyfzp99@163.com","gmt_create":"2017-03-11 14:22:33","notify_type":"trade_status_sync","quantity":"1","out_trade_no":"LX-17031113321576601-7","seller_id":"2088421286007493","notify_time":"2017-06-10 14:23:06","body":"2017\u5e74\u6797\u829d\u6843\u82b1\u6c9f-\u6ce2\u5bc6\u560e\u6717-\u5357\u8fe6\u5df4\u74e6\u5cf0-\u7136\u4e4c\u6e56-\u7c73\u5806\u51b0\u5ddd\u4e03\u65e5\u6e38","trade_status":"TRADE_FINISHED","is_total_fee_adjust":"N","total_fee":"3480.00","gmt_payment":"2017-03-11 14:22:52","seller_email":"2287684289@qq.com","gmt_close":"2017-06-10 14:23:05","price":"3480.00","buyer_id":"2088102901453975","notify_id":"f2b670fd7af8e1f63bc51977437460anhi","use_coupon":"N","sign_type":"MD5","sign":"4961e7c56620bc48ec07a2648ba87723"}
[2017-06-10 14:23:06][info] 数据存储反馈成功！
[2017-06-10 14:23:06][info] success
[2017-06-10 14:23:06][info] 写入结束!!!
