[2017-09-04 09:04:27][info] ----------------------------------------
[2017-09-04 09:04:27][info] {"discount":"0.00","payment_type":"1","trade_no":"2017090421001004540247845877","subject":"\u5317\u7586\u91d1\u79cb\u6444\u5f71","buyer_email":"dxy.renee@163.com","gmt_create":"2017-09-04 09:04:17","notify_type":"trade_status_sync","quantity":"1","out_trade_no":"LX-17090221560817406-d","seller_id":"2088421286007493","notify_time":"2017-09-04 09:04:27","body":"\u5580\u7eb3\u65af-\u79be\u6728-\u767d\u54c8\u5df4-\u53ef\u53ef\u6258\u6d77-\u4e94\u5f69\u6ee9-\u53ef\u53ef\u82cf\u91cc\u6e56-\u9b54\u9b3c\u57ce\u79cb\u5b63\u6444\u5f7110\u65e5","trade_status":"TRADE_SUCCESS","is_total_fee_adjust":"N","total_fee":"5880.00","gmt_payment":"2017-09-04 09:04:27","seller_email":"2287684289@qq.com","price":"5880.00","buyer_id":"2088002102071544","notify_id":"a5040ef8cd014d00ccd9e5eb67c2578k62","use_coupon":"N","sign_type":"MD5","sign":"ba8ee9803e7edc75d9b142d7cc4d1636"}
[2017-09-04 09:04:28][info] 数据存储反馈成功！
[2017-09-04 09:04:28][info] success
[2017-09-04 09:04:28][info] 写入结束!!!
[2017-09-04 09:42:58][info] ----------------------------------------
[2017-09-04 09:42:58][info] {"discount":"0.00","payment_type":"1","trade_no":"2017090421001004010299212576","subject":"\u5317\u7586\u91d1\u79cb\u7ecf\u5178\u73af\u7ebf","buyer_email":"do-now@126.com","gmt_create":"2017-09-04 09:42:37","notify_type":"trade_status_sync","quantity":"1","out_trade_no":"LX-17082810512252206-6","seller_id":"2088421286007493","notify_time":"2017-09-04 09:42:58","body":"\u5580\u7eb3\u65af-\u767d\u54c8\u5df4-\u79be\u6728-\u4e94\u5f69\u6ee9-\u9b54\u9b3c\u57ce-\u53ef\u53ef\u6258\u6d77 9\u65e5\u6df1\u5ea6\u6e38","trade_status":"TRADE_SUCCESS","is_total_fee_adjust":"N","total_fee":"5080.00","gmt_payment":"2017-09-04 09:42:58","seller_email":"2287684289@qq.com","price":"5080.00","buyer_id":"2088002414838013","notify_id":"aac46a8af1e5c43461516eeb2d97b89g2u","use_coupon":"N","sign_type":"MD5","sign":"dd15927c281384333dadf358b2ca5375"}
[2017-09-04 09:42:59][info] 数据存储反馈成功！
[2017-09-04 09:42:59][info] success
[2017-09-04 09:42:59][info] 写入结束!!!
[2017-09-04 09:47:52][info] ----------------------------------------
[2017-09-04 09:47:52][info] {"discount":"0.00","payment_type":"1","trade_no":"2017090421001004290295845620","subject":"\u989d\u6d4e\u7eb3\u6444\u5f71B\u7ebf","buyer_email":"1195677646@qq.com","gmt_create":"2017-09-04 09:47:36","notify_type":"trade_status_sync","quantity":"1","out_trade_no":"LX-17090213204082806-3","seller_id":"2088421286007493","notify_time":"2017-09-04 09:47:52","body":"\u989d\u6d4e\u7eb3\u80e1\u6768\u6797-\u5df4\u4e39\u5409\u6797\u8179\u5730-\u91d1\u5854\u80e1\u6768\u6797-\u602a\u6811\u6797-\u516b\u65e5","trade_status":"TRADE_SUCCESS","is_total_fee_adjust":"N","total_fee":"9760.00","gmt_payment":"2017-09-04 09:47:52","seller_email":"2287684289@qq.com","price":"9760.00","buyer_id":"2088202842906298","notify_id":"55fea920134c024e7ec7a9dc442276fi8m","use_coupon":"N","sign_type":"MD5","sign":"8ea1c91355658a373b37d28cab5904e2"}
[2017-09-04 09:47:53][info] 数据存储反馈成功！
[2017-09-04 09:47:53][info] success
[2017-09-04 09:47:53][info] 写入结束!!!
[2017-09-04 10:16:43][info] ----------------------------------------
[2017-09-04 10:16:43][info] {"discount":"0.00","payment_type":"1","trade_no":"2017090421001004750272122813","subject":"\u989d\u6d4e\u7eb3\u5168\u666f","buyer_email":"18080666052","gmt_create":"2017-09-04 10:15:37","notify_type":"trade_status_sync","quantity":"1","out_trade_no":"LX-1709031219144506-2","seller_id":"2088421286007493","notify_time":"2017-09-04 10:16:43","body":"\u989d\u6d4e\u7eb3\u80e1\u6768\u6797-\u6566\u714c\u5168\u666f-\u5df4\u4e39\u5409\u6797-\u5f20\u6396\u4e39\u971e-\u5609\u5cea\u5173-\u91d1\u5854\u80e1\u6768\u6797-\u52a8\u8f668\u65e5","trade_status":"TRADE_SUCCESS","is_total_fee_adjust":"N","total_fee":"7960.00","gmt_payment":"2017-09-04 10:16:42","seller_email":"2287684289@qq.com","price":"7960.00","buyer_id":"2088802670163755","notify_id":"d829ffd63a0fbaacd11256d4720facdlse","use_coupon":"N","sign_type":"MD5","sign":"2a6901e9e061cb1d24085a3884329e68"}
[2017-09-04 10:16:43][info] 数据存储反馈成功！
[2017-09-04 10:16:43][info] success
[2017-09-04 10:16:43][info] 写入结束!!!
[2017-09-04 10:22:32][info] ----------------------------------------
[2017-09-04 10:22:32][info] {"discount":"0.00","payment_type":"1","trade_no":"2017090421001004040217603392","subject":"\u5317\u7586\u91d1\u79cb\u81f3\u5c0a10\u65e5\u6e38","buyer_email":"18602706287","gmt_create":"2017-09-04 10:22:23","notify_type":"trade_status_sync","quantity":"1","out_trade_no":"LX-17090410111178001-2","seller_id":"2088421286007493","notify_time":"2017-09-04 10:22:32","body":"38\u5c0f\u65f6\u79be\u6728-\u5580\u7eb3\u65af-\u767d\u54c8\u5df4-\u53ef\u53ef\u82cf\u91cc\u6e56-\u53ef\u53ef\u6258\u6d77-\u4e94\u5f69\u6ee9-\u9b54\u9b3c\u57ce10\u65e5\u5927\u73af\u7ebf","trade_status":"TRADE_SUCCESS","is_total_fee_adjust":"N","total_fee":"17040.00","gmt_payment":"2017-09-04 10:22:32","seller_email":"2287684289@qq.com","price":"17040.00","buyer_id":"2088202531795040","notify_id":"035f00731b2c7448b5598bde8326a12gb6","use_coupon":"N","sign_type":"MD5","sign":"9866dde4604c7f8e96666f45dbc4ab54"}
[2017-09-04 10:22:32][info] 数据存储反馈成功！
[2017-09-04 10:22:32][info] success
[2017-09-04 10:22:32][info] 写入结束!!!
[2017-09-04 10:23:59][info] ----------------------------------------
[2017-09-04 10:23:59][info] {"discount":"0.00","payment_type":"1","trade_no":"2017090421001004430296819932","subject":"\u989d\u6d4e\u7eb3\u6444\u5f71A","buyer_email":"13916244794","gmt_create":"2017-09-04 10:23:47","notify_type":"trade_status_sync","quantity":"1","out_trade_no":"LX-17081816002357301-7","seller_id":"2088421286007493","notify_time":"2017-09-04 10:23:59","body":"\u4ed9\u7c73\u5f69\u6797-\u989d\u6d4e\u7eb3\u80e1\u6768\u6797-\u5f20\u6396\u4e39\u971e-\u91d1\u5854\u80e1\u6768\u6797-\u9ed1\u6c34\u57ce-\u5c45\u5ef6\u6d77-\u5609\u5cea\u5173\u52a8\u8f66\u8fd4\u7a0b7\u65e5\u6e38","trade_status":"TRADE_SUCCESS","is_total_fee_adjust":"N","total_fee":"7760.00","gmt_payment":"2017-09-04 10:23:58","seller_email":"2287684289@qq.com","price":"7760.00","buyer_id":"2088122515696432","notify_id":"fde0510d97abee9faba5640f603a344jbi","use_coupon":"N","sign_type":"MD5","sign":"af42c54b35d902e5eb7ccae4e798f57a"}
[2017-09-04 10:23:59][info] 数据存储反馈成功！
[2017-09-04 10:23:59][info] success
[2017-09-04 10:23:59][info] 写入结束!!!
[2017-09-04 11:36:59][info] ----------------------------------------
[2017-09-04 11:36:59][info] {"discount":"0.00","payment_type":"1","trade_no":"2017090421001004750272317835","subject":"\u5317\u7586\u91d1\u79cb\u81f3\u5c0a10\u65e5\u6e38","buyer_email":"13801837398","gmt_create":"2017-09-04 11:36:52","notify_type":"trade_status_sync","quantity":"1","out_trade_no":"LX-17082508223238006-a","seller_id":"2088421286007493","notify_time":"2017-09-04 11:36:59","body":"38\u5c0f\u65f6\u79be\u6728-\u5580\u7eb3\u65af-\u767d\u54c8\u5df4-\u53ef\u53ef\u82cf\u91cc\u6e56-\u53ef\u53ef\u6258\u6d77-\u4e94\u5f69\u6ee9-\u9b54\u9b3c\u57ce10\u65e5\u5927\u73af\u7ebf","trade_status":"TRADE_SUCCESS","is_total_fee_adjust":"N","total_fee":"7920.00","gmt_payment":"2017-09-04 11:36:59","seller_email":"2287684289@qq.com","price":"7920.00","buyer_id":"2088102103657755","notify_id":"6d9a8b2c3366f687bb4f76e875abb38lse","use_coupon":"N","sign_type":"MD5","sign":"66786884569b7b71a41dffe40c186e61"}
[2017-09-04 11:37:00][info] 数据存储反馈成功！
[2017-09-04 11:37:00][info] success
[2017-09-04 11:37:00][info] 写入结束!!!
[2017-09-04 11:49:08][info] ----------------------------------------
[2017-09-04 11:49:08][info] {"discount":"0.00","payment_type":"1","trade_no":"2017090421001004310287519657","subject":"\u65b0\u7586\u91d1\u79cb\u5927\u73af\u7ebf","buyer_email":"air8127@126.com","gmt_create":"2017-09-04 11:40:00","notify_type":"trade_status_sync","quantity":"1","out_trade_no":"LX-17081516094336201-5","seller_id":"2088421286007493","notify_time":"2017-09-04 11:49:08","body":"\u5580\u7eb3\u65af-\u79be\u6728-\u767d\u54c8\u5df4-\u8d5b\u91cc\u6728\u6e56-\u5df4\u97f3\u5e03\u9c81\u514b-\u5410\u9c81\u756a-\u5854\u91cc\u6728\u6cb3\u80e1\u6768\u679712\u65e5\u6df1\u5ea6\u6e38","trade_status":"TRADE_SUCCESS","is_total_fee_adjust":"N","total_fee":"38370.00","gmt_payment":"2017-09-04 11:49:08","seller_email":"2287684289@qq.com","price":"38370.00","buyer_id":"2088102855118313","notify_id":"b92137605f953799f9441dbc2feb07aie6","use_coupon":"N","sign_type":"MD5","sign":"98d172a6836558005ccea2e669cd8857"}
[2017-09-04 11:49:09][info] 数据存储反馈成功！
[2017-09-04 11:49:09][info] success
[2017-09-04 11:49:09][info] 写入结束!!!
[2017-09-04 11:54:02][info] ----------------------------------------
[2017-09-04 11:54:02][info] {"discount":"0.00","payment_type":"1","trade_no":"2017060321001004880285691754","subject":"\u65b0\u7586\u5168\u666f","buyer_email":"13883966680","gmt_create":"2017-06-03 11:52:29","notify_type":"trade_status_sync","quantity":"1","out_trade_no":"LX-17060310554316106-1","seller_id":"2088421286007493","notify_time":"2017-09-04 11:54:02","body":"\u6c5f\u5e03\u62c9\u514b-\u4e94\u5f69\u6ee9-\u5580\u7eb3\u65af-\u79be\u6728-\u8d5b\u91cc\u6728\u6e56-\u85b0\u8863\u8349\u519c\u573a-\u5580\u62c9\u5cfb-\u90a3\u62c9\u63d0-\u5df4\u97f3\u5e03\u9c81\u514b-\u5410\u9c81\u756a13\u65e5\u6e38","trade_status":"TRADE_FINISHED","is_total_fee_adjust":"N","total_fee":"10560.00","gmt_payment":"2017-06-03 11:53:03","seller_email":"2287684289@qq.com","gmt_close":"2017-09-04 11:54:01","price":"10560.00","buyer_id":"2088102250688880","notify_id":"224f6ca7d84e5efb657ddb40fb23ba8msi","use_coupon":"N","sign_type":"MD5","sign":"155dc81a4c1e9beed8eea54c54fb464d"}
[2017-09-04 11:54:02][info] 数据存储反馈成功！
[2017-09-04 11:54:02][info] success
[2017-09-04 11:54:02][info] 写入结束!!!
[2017-09-04 12:09:19][info] ----------------------------------------
[2017-09-04 12:09:19][info] {"discount":"0.00","payment_type":"1","trade_no":"2017090421001004810234328697","subject":"\u82b1\u5f00\u97ed\u83dc\u576a","buyer_email":"fjyqz@163.com","gmt_create":"2017-09-04 12:08:50","notify_type":"trade_status_sync","quantity":"1","out_trade_no":"LX-17090310380496506-6","seller_id":"2088421286007493","notify_time":"2017-09-04 12:09:19","body":"\u97ed\u83dc\u576a-\u7ec7\u91d1\u6d1e-\u9ad8\u8361\u5e03\u8863\u53e4\u5be85\u65e5\u6e38","trade_status":"TRADE_SUCCESS","is_total_fee_adjust":"N","total_fee":"4560.00","gmt_payment":"2017-09-04 12:09:18","seller_email":"2287684289@qq.com","price":"4560.00","buyer_id":"2088302535417811","notify_id":"eea1f166dc7982e1e170ed69d6ad544m92","use_coupon":"N","sign_type":"MD5","sign":"8344abd43bd7017dda5c2bf9a36edea4"}
[2017-09-04 12:09:19][info] 数据存储反馈成功！
[2017-09-04 12:09:19][info] success
[2017-09-04 12:09:19][info] 写入结束!!!
[2017-09-04 13:30:28][info] ----------------------------------------
[2017-09-04 13:30:28][info] {"discount":"0.00","payment_type":"1","trade_no":"2017090421001004370292857114","subject":"\u5317\u7586\u91d1\u79cb\u7ecf\u5178\u73af\u7ebf","buyer_email":"scf_zzzy@163.com","gmt_create":"2017-09-04 13:30:07","notify_type":"trade_status_sync","quantity":"1","out_trade_no":"LX-17090413190067801-3","seller_id":"2088421286007493","notify_time":"2017-09-04 13:30:28","body":"\u5580\u7eb3\u65af-\u767d\u54c8\u5df4-\u79be\u6728-\u4e94\u5f69\u6ee9-\u9b54\u9b3c\u57ce-\u53ef\u53ef\u6258\u6d77 9\u65e5\u6df1\u5ea6\u6e38","trade_status":"TRADE_SUCCESS","is_total_fee_adjust":"N","total_fee":"4880.00","gmt_payment":"2017-09-04 13:30:28","seller_email":"2287684289@qq.com","price":"4880.00","buyer_id":"2088802851046372","notify_id":"e56df3d4937d95ae8d2ebb131967d7diuu","use_coupon":"N","sign_type":"MD5","sign":"994dd64bc288dd370f1ff4e9c5706479"}
[2017-09-04 13:30:29][info] 数据存储反馈成功！
[2017-09-04 13:30:29][info] success
[2017-09-04 13:30:29][info] 写入结束!!!
[2017-09-04 13:46:37][info] ----------------------------------------
[2017-09-04 13:46:37][info] {"discount":"0.00","payment_type":"1","trade_no":"2017090421001004300230797165","subject":"\u989d\u6d4e\u7eb3\u4f11\u95f2\u6e38","buyer_email":"810625092@qq.com","gmt_create":"2017-09-04 13:46:13","notify_type":"trade_status_sync","quantity":"1","out_trade_no":"LX-17082316104648101-4","seller_id":"2088421286007493","notify_time":"2017-09-04 13:46:37","body":"\u989d\u6d4e\u7eb3\u65d7\u80e1\u6768\u6797-\u5609\u5cea\u5173-\u9ed1\u6c34\u57ce-\u602a\u6811\u6797-\u5df4\u4e39\u5409\u6797\u6c99\u6f20-\u5f20\u6396\u4e39\u971e","trade_status":"TRADE_SUCCESS","is_total_fee_adjust":"N","total_fee":"8060.00","gmt_payment":"2017-09-04 13:46:36","seller_email":"2287684289@qq.com","price":"8060.00","buyer_id":"2088312122181308","notify_id":"9b129c4642cb19a34f9b26b897165adibe","use_coupon":"N","sign_type":"MD5","sign":"b170a60e196c6ab90ebc3c64a40f9704"}
[2017-09-04 13:46:37][info] 数据存储反馈成功！
[2017-09-04 13:46:37][info] success
[2017-09-04 13:46:37][info] 写入结束!!!
[2017-09-04 14:13:04][info] ----------------------------------------
[2017-09-04 14:13:04][info] {"discount":"0.00","payment_type":"1","trade_no":"2017090421001004550272225989","subject":"\u65b0\u7586\u91d1\u79cb\u5927\u73af\u7ebf","buyer_email":"13335877999","gmt_create":"2017-09-04 14:12:46","notify_type":"trade_status_sync","quantity":"1","out_trade_no":"LX-17081511345166106-d","seller_id":"2088421286007493","notify_time":"2017-09-04 14:13:03","body":"\u5580\u7eb3\u65af-\u79be\u6728-\u767d\u54c8\u5df4-\u8d5b\u91cc\u6728\u6e56-\u5df4\u97f3\u5e03\u9c81\u514b-\u5410\u9c81\u756a-\u5854\u91cc\u6728\u6cb3\u80e1\u6768\u679712\u65e5\u6df1\u5ea6\u6e38","trade_status":"TRADE_SUCCESS","is_total_fee_adjust":"N","total_fee":"5380.00","gmt_payment":"2017-09-04 14:13:03","seller_email":"2287684289@qq.com","price":"5380.00","buyer_id":"2088622630890550","notify_id":"c9af85731433832a04956ab51575b23k8u","use_coupon":"N","sign_type":"MD5","sign":"0de590727305485bec23e9a1ed8ee0ec"}
[2017-09-04 14:13:04][info] 数据存储反馈成功！
[2017-09-04 14:13:04][info] success
[2017-09-04 14:13:04][info] 写入结束!!!
[2017-09-04 15:14:36][info] ----------------------------------------
[2017-09-04 15:14:36][info] {"discount":"0.00","payment_type":"1","trade_no":"2017090421001004170203631589","subject":"\u5317\u7586\u5dc5\u5cf0","buyer_email":"13980748581","gmt_create":"2017-09-04 15:14:27","notify_type":"trade_status_sync","quantity":"1","out_trade_no":"LX-1708132126573301-a","seller_id":"2088421286007493","notify_time":"2017-09-04 15:14:36","body":"\u79be\u672848\u5c0f\u65f6-\u5580\u7eb3\u65af-\u767d\u54c8\u5df4-\u4e94\u5f69\u6ee9-\u53cc\u53676\u65e5\u6e38","trade_status":"TRADE_SUCCESS","is_total_fee_adjust":"N","total_fee":"7360.00","gmt_payment":"2017-09-04 15:14:36","seller_email":"2287684289@qq.com","price":"7360.00","buyer_id":"2088512125933173","notify_id":"62c4af7808d840d9a97ee1efd5515d0hba","use_coupon":"N","sign_type":"MD5","sign":"c7b7035fa950ff7ebb9a4049528796bf"}
[2017-09-04 15:14:37][info] 数据存储反馈成功！
[2017-09-04 15:14:37][info] success
[2017-09-04 15:14:37][info] 写入结束!!!
[2017-09-04 15:16:10][info] ----------------------------------------
[2017-09-04 15:16:10][info] {"discount":"0.00","payment_type":"1","trade_no":"2017090421001004170203680207","subject":"\u5317\u7586\u5dc5\u5cf0","buyer_email":"13980748581","gmt_create":"2017-09-04 15:15:59","notify_type":"trade_status_sync","quantity":"1","out_trade_no":"LX-17080310301173401-9","seller_id":"2088421286007493","notify_time":"2017-09-04 15:16:10","body":"\u79be\u672848\u5c0f\u65f6-\u5580\u7eb3\u65af-\u767d\u54c8\u5df4-\u4e94\u5f69\u6ee9-\u53cc\u53676\u65e5\u6e38","trade_status":"TRADE_SUCCESS","is_total_fee_adjust":"N","total_fee":"3400.00","gmt_payment":"2017-09-04 15:16:10","seller_email":"2287684289@qq.com","price":"3400.00","buyer_id":"2088512125933173","notify_id":"6103caf4697a75970189493f47c4d44hba","use_coupon":"N","sign_type":"MD5","sign":"688c4d1f64b9e2e1038dd63185b590d5"}
[2017-09-04 15:16:10][info] 数据存储反馈成功！
[2017-09-04 15:16:10][info] success
[2017-09-04 15:16:10][info] 写入结束!!!
[2017-09-04 15:17:23][info] ----------------------------------------
[2017-09-04 15:17:23][info] {"discount":"0.00","payment_type":"1","trade_no":"2017090421001004170203680258","subject":"\u5317\u7586\u5dc5\u5cf0","buyer_email":"13980748581","gmt_create":"2017-09-04 15:17:08","notify_type":"trade_status_sync","quantity":"1","out_trade_no":"LX-17080212331238001-a","seller_id":"2088421286007493","notify_time":"2017-09-04 15:17:23","body":"\u79be\u672848\u5c0f\u65f6-\u5580\u7eb3\u65af-\u767d\u54c8\u5df4-\u4e94\u5f69\u6ee9-\u53cc\u53676\u65e5\u6e38","trade_status":"TRADE_SUCCESS","is_total_fee_adjust":"N","total_fee":"3400.00","gmt_payment":"2017-09-04 15:17:23","seller_email":"2287684289@qq.com","price":"3400.00","buyer_id":"2088512125933173","notify_id":"a4838cbc6091fbe4e6894cc3bee70d4hba","use_coupon":"N","sign_type":"MD5","sign":"2635b10ece67a972a1097483d0ae5412"}
[2017-09-04 15:17:23][info] 数据存储反馈成功！
[2017-09-04 15:17:23][info] success
[2017-09-04 15:17:23][info] 写入结束!!!
[2017-09-04 15:23:28][info] ----------------------------------------
[2017-09-04 15:23:28][info] {"discount":"0.00","payment_type":"1","trade_no":"2017090421001004990261032975","subject":"\u9955\u992e\u8d4f\u79cb","buyer_email":"13905186357","gmt_create":"2017-09-04 15:23:17","notify_type":"trade_status_sync","quantity":"1","out_trade_no":"LX-17082510034266301-6","seller_id":"2088421286007493","notify_time":"2017-09-04 15:23:28","body":"\u9752\u6d77\u6e56-\u8336\u5361\u76d0\u6e56-\u83ab\u9ad8\u7a9f-\u9e23\u6c99\u5c71-\u6708\u7259\u6cc9-\u5609\u5cea\u5173-\u989d\u6d4e\u7eb3\u80e1\u6768\u6797-\u5353\u5c14\u5c7110\u65e5\u5927\u73af\u7ebf","trade_status":"TRADE_SUCCESS","is_total_fee_adjust":"N","total_fee":"11580.00","gmt_payment":"2017-09-04 15:23:28","seller_email":"2287684289@qq.com","price":"11580.00","buyer_id":"2088222143897990","notify_id":"4f6cd9dacc337ca507e043ac04a418dnn2","use_coupon":"N","sign_type":"MD5","sign":"8c916fff8012bcae2d7f7a64dc0599eb"}
[2017-09-04 15:23:28][info] 数据存储反馈成功！
[2017-09-04 15:23:28][info] success
[2017-09-04 15:23:28][info] 写入结束!!!
[2017-09-04 16:05:48][info] ----------------------------------------
[2017-09-04 16:05:48][info] {"discount":"0.00","payment_type":"1","trade_no":"2017090421001004020253018001","subject":"\u989d\u6d4e\u7eb3\u5168\u666f","buyer_email":"zhoouhong@163.com","gmt_create":"2017-09-04 16:04:51","notify_type":"trade_status_sync","quantity":"1","out_trade_no":"LX-1709022258019806-3","seller_id":"2088421286007493","notify_time":"2017-09-04 16:05:48","body":"\u989d\u6d4e\u7eb3\u80e1\u6768\u6797-\u6566\u714c\u5168\u666f-\u5df4\u4e39\u5409\u6797-\u5f20\u6396\u4e39\u971e-\u5609\u5cea\u5173-\u91d1\u5854\u80e1\u6768\u6797-\u52a8\u8f668\u65e5","trade_status":"TRADE_SUCCESS","is_total_fee_adjust":"N","total_fee":"8160.00","gmt_payment":"2017-09-04 16:05:48","seller_email":"2287684289@qq.com","price":"8160.00","buyer_id":"2088102785454022","notify_id":"d6f393c48d909f0ebbe094d8adc0ab8g5m","use_coupon":"N","sign_type":"MD5","sign":"3d2b79f2397084b6d1b286f520f66f03"}
[2017-09-04 16:05:49][info] 数据存储反馈成功！
[2017-09-04 16:05:49][info] success
[2017-09-04 16:05:49][info] 写入结束!!!
[2017-09-04 16:31:40][info] ----------------------------------------
[2017-09-04 16:31:40][info] {"discount":"0.00","payment_type":"1","trade_no":"2017090421001004370293221324","subject":"\u9955\u992e\u8d4f\u79cb","buyer_email":"13555666918","gmt_create":"2017-09-04 16:31:32","notify_type":"trade_status_sync","quantity":"1","out_trade_no":"LX-1708311323013801-b","seller_id":"2088421286007493","notify_time":"2017-09-04 16:31:40","body":"\u9752\u6d77\u6e56-\u8336\u5361\u76d0\u6e56-\u83ab\u9ad8\u7a9f-\u9e23\u6c99\u5c71-\u6708\u7259\u6cc9-\u5609\u5cea\u5173-\u989d\u6d4e\u7eb3\u80e1\u6768\u6797-\u5353\u5c14\u5c7110\u65e5\u5927\u73af\u7ebf","trade_status":"TRADE_SUCCESS","is_total_fee_adjust":"N","total_fee":"5680.00","gmt_payment":"2017-09-04 16:31:40","seller_email":"2287684289@qq.com","price":"5680.00","buyer_id":"2088402106460375","notify_id":"6ba9cdd8357f3c251cfc652cbb1bd49iuu","use_coupon":"N","sign_type":"MD5","sign":"8695375d73db34df811fd0ad46b382e6"}
[2017-09-04 16:31:41][info] 数据存储反馈成功！
[2017-09-04 16:31:41][info] success
[2017-09-04 16:31:41][info] 写入结束!!!
[2017-09-04 17:21:15][info] ----------------------------------------
[2017-09-04 17:21:15][info] {"discount":"0.00","payment_type":"1","trade_no":"2017090421001004650260398139","subject":"\u9955\u992e\u8d4f\u79cb","buyer_email":"jiangcaijiao@126.com","gmt_create":"2017-09-04 17:20:41","notify_type":"trade_status_sync","quantity":"1","out_trade_no":"LX-17090416104643806-3","seller_id":"2088421286007493","notify_time":"2017-09-04 17:21:14","body":"\u9752\u6d77\u6e56-\u8336\u5361\u76d0\u6e56-\u83ab\u9ad8\u7a9f-\u9e23\u6c99\u5c71-\u6708\u7259\u6cc9-\u5609\u5cea\u5173-\u989d\u6d4e\u7eb3\u80e1\u6768\u6797-\u5353\u5c14\u5c7110\u65e5\u5927\u73af\u7ebf","trade_status":"TRADE_SUCCESS","is_total_fee_adjust":"N","total_fee":"5780.00","gmt_payment":"2017-09-04 17:21:14","seller_email":"2287684289@qq.com","price":"5780.00","buyer_id":"2088302195189653","notify_id":"0f22c3e8c3d139a9ef94aafe68c6246l0m","use_coupon":"N","sign_type":"MD5","sign":"b6faa9d8ccc7eb712d30daebfbd0b83d"}
[2017-09-04 17:21:15][info] 数据存储反馈成功！
[2017-09-04 17:21:15][info] success
[2017-09-04 17:21:15][info] 写入结束!!!
[2017-09-04 17:32:44][info] ----------------------------------------
[2017-09-04 17:32:44][info] {"discount":"0.00","payment_type":"1","trade_no":"2017090421001004720210780446","subject":"\u989d\u6d4e\u7eb3\u6700\u7f8e\u9ad8\u94c1\u56e2","buyer_email":"kjgy1001@163.com","gmt_create":"2017-09-04 17:32:12","notify_type":"trade_status_sync","quantity":"1","out_trade_no":"LX-17090417251521201-f","seller_id":"2088421286007493","notify_time":"2017-09-04 17:32:44","body":"2017\u989d\u6d4e\u7eb3\u65d7\u80e1\u6768\u6797\u516d\u65e5\u6e38-\u9886\u8896\u6237\u5916\u72ec\u5bb6\u9996\u521b","trade_status":"TRADE_SUCCESS","is_total_fee_adjust":"N","total_fee":"3380.00","gmt_payment":"2017-09-04 17:32:44","seller_email":"2287684289@qq.com","price":"3380.00","buyer_id":"2088502693095720","notify_id":"772d6541ec8551f9666c6bbadd9c1bblk2","use_coupon":"N","sign_type":"MD5","sign":"0a04bc7a0aa3e3edba1bce2ac9d4f10a"}
[2017-09-04 17:32:44][info] 数据存储反馈成功！
[2017-09-04 17:32:44][info] success
[2017-09-04 17:32:44][info] 写入结束!!!
[2017-09-04 17:54:11][info] ----------------------------------------
[2017-09-04 17:54:11][info] {"discount":"0.00","payment_type":"1","trade_no":"2017090421001004720210860192","subject":"\u989d\u6d4e\u7eb3\u6700\u7f8e\u9ad8\u94c1\u56e2","buyer_email":"kjgy1001@163.com","gmt_create":"2017-09-04 17:53:44","notify_type":"trade_status_sync","quantity":"1","out_trade_no":"LX-17090417445763701-0","seller_id":"2088421286007493","notify_time":"2017-09-04 17:54:11","body":"2017\u989d\u6d4e\u7eb3\u65d7\u80e1\u6768\u6797\u516d\u65e5\u6e38-\u9886\u8896\u6237\u5916\u72ec\u5bb6\u9996\u521b","trade_status":"TRADE_SUCCESS","is_total_fee_adjust":"N","total_fee":"3230.50","gmt_payment":"2017-09-04 17:54:10","seller_email":"2287684289@qq.com","price":"3230.50","buyer_id":"2088502693095720","notify_id":"78f0f4cf31ab8ad820fcc414f049677lk2","use_coupon":"N","sign_type":"MD5","sign":"0432c35aa28b28712a6bc0d98c1746ff"}
[2017-09-04 17:54:11][info] 数据存储反馈成功！
[2017-09-04 17:54:11][info] success
[2017-09-04 17:54:11][info] 写入结束!!!
[2017-09-04 18:04:42][info] ----------------------------------------
[2017-09-04 18:04:42][info] {"discount":"0.00","payment_type":"1","trade_no":"2017090421001004720210855023","subject":"\u989d\u6d4e\u7eb3\u6700\u7f8e\u9ad8\u94c1\u56e2","buyer_email":"kjgy1001@163.com","gmt_create":"2017-09-04 18:04:20","notify_type":"trade_status_sync","quantity":"1","out_trade_no":"LX-17090417575254101-1","seller_id":"2088421286007493","notify_time":"2017-09-04 18:04:42","body":"2017\u989d\u6d4e\u7eb3\u65d7\u80e1\u6768\u6797\u516d\u65e5\u6e38-\u9886\u8896\u6237\u5916\u72ec\u5bb6\u9996\u521b","trade_status":"TRADE_SUCCESS","is_total_fee_adjust":"N","total_fee":"3230.50","gmt_payment":"2017-09-04 18:04:41","seller_email":"2287684289@qq.com","price":"3230.50","buyer_id":"2088502693095720","notify_id":"53b51bef161358da3aebe8ea2caf7falk2","use_coupon":"N","sign_type":"MD5","sign":"59526f14ccef073a0a8726ce154755e9"}
[2017-09-04 18:04:42][info] 数据存储反馈成功！
[2017-09-04 18:04:42][info] success
[2017-09-04 18:04:42][info] 写入结束!!!
[2017-09-04 18:21:56][info] ----------------------------------------
[2017-09-04 18:21:56][info] {"discount":"0.00","payment_type":"1","trade_no":"2017090421001004020253303934","subject":"\u989d\u6d4e\u7eb3\u5168\u666f","buyer_email":"13710597743","gmt_create":"2017-09-04 18:20:49","notify_type":"trade_status_sync","quantity":"1","out_trade_no":"LX-17090217501746601-5","seller_id":"2088421286007493","notify_time":"2017-09-04 18:21:56","body":"\u989d\u6d4e\u7eb3\u80e1\u6768\u6797-\u6566\u714c\u5168\u666f-\u5df4\u4e39\u5409\u6797-\u5f20\u6396\u4e39\u971e-\u5609\u5cea\u5173-\u91d1\u5854\u80e1\u6768\u6797-\u52a8\u8f668\u65e5","trade_status":"TRADE_SUCCESS","is_total_fee_adjust":"N","total_fee":"3980.00","gmt_payment":"2017-09-04 18:21:56","seller_email":"2287684289@qq.com","price":"3980.00","buyer_id":"2088812845924023","notify_id":"77732315b5435e2436d25e94e8de807g5m","use_coupon":"N","sign_type":"MD5","sign":"b97f7fbe165660a0a2de95d4ce394dd1"}
[2017-09-04 18:21:57][info] 数据存储反馈成功！
[2017-09-04 18:21:57][info] success
[2017-09-04 18:21:57][info] 写入结束!!!
[2017-09-04 19:13:57][info] ----------------------------------------
[2017-09-04 19:13:57][info] {"discount":"0.00","payment_type":"1","trade_no":"2017090421001004610204844207","subject":"\u5317\u7586\u91d1\u79cb\u7ecf\u5178\u73af\u7ebf","buyer_email":"canadazhucheng@163.com","gmt_create":"2017-09-04 19:13:46","notify_type":"trade_status_sync","quantity":"1","out_trade_no":"LX-17090419062694301-8","seller_id":"2088421286007493","notify_time":"2017-09-04 19:13:57","body":"\u5580\u7eb3\u65af-\u767d\u54c8\u5df4-\u79be\u6728-\u4e94\u5f69\u6ee9-\u9b54\u9b3c\u57ce-\u53ef\u53ef\u6258\u6d77 9\u65e5\u6df1\u5ea6\u6e38","trade_status":"TRADE_SUCCESS","is_total_fee_adjust":"N","total_fee":"9960.00","gmt_payment":"2017-09-04 19:13:56","seller_email":"2287684289@qq.com","price":"9960.00","buyer_id":"2088202420011613","notify_id":"7ac33c2371920d4dcf79729a15afa00kpi","use_coupon":"N","sign_type":"MD5","sign":"e845d1f1801884542fd3e548253bd135"}
[2017-09-04 19:13:57][info] 数据存储反馈成功！
[2017-09-04 19:13:57][info] success
[2017-09-04 19:13:57][info] 写入结束!!!
[2017-09-04 19:18:10][info] ----------------------------------------
[2017-09-04 19:18:10][info] {"discount":"0.00","payment_type":"1","trade_no":"2017090421001004570252512095","subject":"\u575d\u4e0a\u79cb\u6444","buyer_email":"xuyingh@gmail.com","gmt_create":"2017-09-04 19:17:54","notify_type":"trade_status_sync","quantity":"1","out_trade_no":"LX-17082512184369506-1","seller_id":"2088421286007493","notify_time":"2017-09-04 19:18:10","body":"9-10\u6708\u91d1\u79cb\uff0c\u5317\u6c9f\u3001\u6768\u6811\u80cc\u3001\u4e94\u5f69\u5c71\u3001\u86e4\u87c6\u575d\u3001\u91ce\u9e2d\u6e56\u3001\u516c\u4e3b\u6e56\u7b49\u575d\u4e0a\u8349\u539f\u79cb\u8272\u4e00\u7f51\u6253\u5c3d 6\u65e5\u6444\u5f71\u521b\u4f5c\u56e2\uff08\u575d\u4e0a\u62cd\u64444\u5929\uff09","trade_status":"TRADE_SUCCESS","is_total_fee_adjust":"N","total_fee":"2680.00","gmt_payment":"2017-09-04 19:18:10","seller_email":"2287684289@qq.com","price":"2680.00","buyer_id":"2088102777794574","notify_id":"470210fc5464a34d185490e9b5b4ad1kee","use_coupon":"N","sign_type":"MD5","sign":"2fecd83825ad6f3c8b0f02ff8d7a96bf"}
[2017-09-04 19:18:11][info] 数据存储反馈成功！
[2017-09-04 19:18:11][info] success
[2017-09-04 19:18:11][info] 写入结束!!!
[2017-09-04 19:57:43][info] ----------------------------------------
[2017-09-04 19:57:43][info] {"discount":"0.00","payment_type":"1","trade_no":"2017090421001004830230675082","subject":"\u989d\u6d4e\u7eb3\u5168\u666f","buyer_email":"13570416210","gmt_create":"2017-09-04 19:57:12","notify_type":"trade_status_sync","quantity":"1","out_trade_no":"LX-17082619455831406-d","seller_id":"2088421286007493","notify_time":"2017-09-04 19:57:43","body":"\u989d\u6d4e\u7eb3\u80e1\u6768\u6797-\u6566\u714c\u5168\u666f-\u5df4\u4e39\u5409\u6797-\u5f20\u6396\u4e39\u971e-\u5609\u5cea\u5173-\u91d1\u5854\u80e1\u6768\u6797-\u52a8\u8f668\u65e5","trade_status":"TRADE_SUCCESS","is_total_fee_adjust":"N","total_fee":"4080.00","gmt_payment":"2017-09-04 19:57:43","seller_email":"2287684289@qq.com","price":"4080.00","buyer_id":"2088702782918831","notify_id":"a904997421919dc69a67bc35309c72dmem","use_coupon":"N","sign_type":"MD5","sign":"88e131c8a2e5a182f8ba43ce2ed6ba43"}
[2017-09-04 19:57:43][info] 数据存储反馈成功！
[2017-09-04 19:57:43][info] success
[2017-09-04 19:57:43][info] 写入结束!!!
[2017-09-04 20:27:53][info] ----------------------------------------
[2017-09-04 20:27:53][info] {"discount":"0.00","payment_type":"1","trade_no":"2017090421001004790268913596","subject":"\u989d\u6d4e\u7eb3\u6df1\u5ea6\u6e38","buyer_email":"609111458@qq.com","gmt_create":"2017-09-04 20:27:39","notify_type":"trade_status_sync","quantity":"1","out_trade_no":"LX-17090420142825001-c","seller_id":"2088421286007493","notify_time":"2017-09-04 20:27:53","body":"\u4ed9\u7c73\u5f69\u6797-\u7941\u8fde\u5c71-\u9a6c\u8e44\u5bfa-\u5f20\u6396\u4e39\u971e-\u91d1\u5854\u80e1\u6768\u6797-\u989d\u6d4e\u7eb3\u80e1\u6768\u6797-\u5c45\u5ef6\u6d77-\u5609\u5cea\u5173-\u52a8\u8f66\u8fd4\u7a0b7\u65e5\u6e38","trade_status":"TRADE_SUCCESS","is_total_fee_adjust":"N","total_fee":"7360.00","gmt_payment":"2017-09-04 20:27:52","seller_email":"2287684289@qq.com","price":"7360.00","buyer_id":"2088102112616792","notify_id":"a3b2e37469fc0bc52c41a5756e255c9m3i","use_coupon":"N","sign_type":"MD5","sign":"18e0967de4fbcaefb53c0ca86d2d3e23"}
[2017-09-04 20:27:53][info] 数据存储反馈成功！
[2017-09-04 20:27:53][info] success
[2017-09-04 20:27:53][info] 写入结束!!!
[2017-09-04 20:30:23][info] ----------------------------------------
[2017-09-04 20:30:23][info] {"discount":"0.00","payment_type":"1","trade_no":"2017090421001004720211240509","subject":"\u989d\u6d4e\u7eb3\u6700\u7f8e\u9ad8\u94c1\u56e2","buyer_email":"hdh@jnupress.com","gmt_create":"2017-09-04 20:29:40","notify_type":"trade_status_sync","quantity":"1","out_trade_no":"LX-17071720040431106-f","seller_id":"2088421286007493","notify_time":"2017-09-04 20:30:23","body":"2017\u989d\u6d4e\u7eb3\u65d7\u80e1\u6768\u6797\u516d\u65e5\u6e38-\u9886\u8896\u6237\u5916\u72ec\u5bb6\u9996\u521b","trade_status":"TRADE_SUCCESS","is_total_fee_adjust":"N","total_fee":"4900.00","gmt_payment":"2017-09-04 20:30:22","seller_email":"2287684289@qq.com","price":"4900.00","buyer_id":"2088802976929727","notify_id":"c7701a1746d19e94761453d377f643clk2","use_coupon":"N","sign_type":"MD5","sign":"be2bc27096a4dd1bd884804524c63321"}
[2017-09-04 20:30:23][info] 数据存储反馈成功！
[2017-09-04 20:30:23][info] success
[2017-09-04 20:30:23][info] 写入结束!!!
[2017-09-04 21:13:12][info] ----------------------------------------
[2017-09-04 21:13:12][info] {"discount":"0.00","payment_type":"1","trade_no":"2017090421001004120230458877","subject":"\u989d\u6d4e\u7eb3\u6df1\u5ea6\u6e38","buyer_email":"cqxier222@163.com","gmt_create":"2017-09-04 21:13:00","notify_type":"trade_status_sync","quantity":"1","out_trade_no":"LX-17090309340571706-8","seller_id":"2088421286007493","notify_time":"2017-09-04 21:13:12","body":"\u4ed9\u7c73\u5f69\u6797-\u7941\u8fde\u5c71-\u9a6c\u8e44\u5bfa-\u5f20\u6396\u4e39\u971e-\u91d1\u5854\u80e1\u6768\u6797-\u989d\u6d4e\u7eb3\u80e1\u6768\u6797-\u5c45\u5ef6\u6d77-\u5609\u5cea\u5173-\u52a8\u8f66\u8fd4\u7a0b7\u65e5\u6e38","trade_status":"TRADE_SUCCESS","is_total_fee_adjust":"N","total_fee":"3680.00","gmt_payment":"2017-09-04 21:13:11","seller_email":"2287684289@qq.com","price":"3680.00","buyer_id":"2088222554136123","notify_id":"db2224efa08b000453ca35a166d3f58gxe","use_coupon":"N","sign_type":"MD5","sign":"6a200afaf49ae42989ac490a7759186b"}
[2017-09-04 21:13:12][info] 数据存储反馈成功！
[2017-09-04 21:13:12][info] success
[2017-09-04 21:13:12][info] 写入结束!!!
