[2017-07-11 09:39:57][info] ----------------------------------------
[2017-07-11 09:39:57][info] {"discount":"0.00","payment_type":"1","trade_no":"2017071121001004370294181649","subject":"\u7a7f\u8d8a\u4e1d\u8def\u4e4b\u65c5\u516b\u65e5\u6e38","buyer_email":"shiying1979@163.com","gmt_create":"2017-07-11 09:35:56","notify_type":"trade_status_sync","quantity":"1","out_trade_no":"LX-17071021210867701-c","seller_id":"2088421286007493","notify_time":"2017-07-11 09:39:57","body":"\u6c34\u4e0a\u9b54\u9b3c\u57ce-\u9752\u6d77\u6e56-\u95e8\u6e90-\u6566\u714c-\u5f20\u6396-\u5609\u5cea\u5173-\u8336\u5361\u76d0\u6e56\u516b\u65e5\u6df1\u5ea6\u6e38","trade_status":"TRADE_SUCCESS","is_total_fee_adjust":"N","total_fee":"22400.00","gmt_payment":"2017-07-11 09:39:57","seller_email":"2287684289@qq.com","price":"22400.00","buyer_id":"2088002083131372","notify_id":"d9905b2cf129add9a0a6f488d31e766iuu","use_coupon":"N","sign_type":"MD5","sign":"2f5af4d44ffb8df08b5f53db459c7fdd"}
[2017-07-11 09:39:58][info] 数据存储反馈成功！
[2017-07-11 09:39:58][info] success
[2017-07-11 09:39:58][info] 写入结束!!!
[2017-07-11 11:00:40][info] ----------------------------------------
[2017-07-11 11:00:40][info] {"discount":"0.00","payment_type":"1","trade_no":"2017071121001004170214494076","subject":"\u4e1d\u8def\u5dc5\u5cf0\u4f53\u9a8c\u5341\u65e5\u6e38","buyer_email":"13651605719","gmt_create":"2017-07-11 11:00:36","notify_type":"trade_status_sync","quantity":"1","out_trade_no":"LX-17071110271330406-e","seller_id":"2088421286007493","notify_time":"2017-07-11 11:00:40","body":"\u9752\u6d77\u6e56-\u8336\u5361\u76d0\u6e56-\u6c99\u5c9b-\u7941\u8fde-\u5f20\u6396\u4e39\u971e-\u5609\u5cea\u5173-\u6566\u714c\u5341\u65e5\u6e38","trade_status":"TRADE_SUCCESS","is_total_fee_adjust":"N","total_fee":"6420.00","gmt_payment":"2017-07-11 11:00:40","seller_email":"2287684289@qq.com","price":"6420.00","buyer_id":"2088302308468174","notify_id":"f15612c966228bc35193de64e416ff0hba","use_coupon":"N","sign_type":"MD5","sign":"383bb3b753ab02a435373cf5c868d82c"}
[2017-07-11 11:00:40][info] 数据存储反馈成功！
[2017-07-11 11:00:40][info] success
[2017-07-11 11:00:40][info] 写入结束!!!
[2017-07-11 11:01:53][info] ----------------------------------------
[2017-07-11 11:01:53][info] {"discount":"0.00","payment_type":"1","trade_no":"2017071121001004170214480741","subject":"\u4e1d\u8def\u5dc5\u5cf0\u4f53\u9a8c\u5341\u65e5\u6e38","buyer_email":"13651605719","gmt_create":"2017-07-11 11:01:49","notify_type":"trade_status_sync","quantity":"1","out_trade_no":"LX-17071110271330406-7","seller_id":"2088421286007493","notify_time":"2017-07-11 11:01:53","body":"\u9752\u6d77\u6e56-\u8336\u5361\u76d0\u6e56-\u6c99\u5c9b-\u7941\u8fde-\u5f20\u6396\u4e39\u971e-\u5609\u5cea\u5173-\u6566\u714c\u5341\u65e5\u6e38","trade_status":"TRADE_SUCCESS","is_total_fee_adjust":"N","total_fee":"6420.00","gmt_payment":"2017-07-11 11:01:53","seller_email":"2287684289@qq.com","price":"6420.00","buyer_id":"2088302308468174","notify_id":"f4b041ad3f79a041c2ea8420d131583hba","use_coupon":"N","sign_type":"MD5","sign":"6952d3e5862219dc98afcf383c20a9a2"}
[2017-07-11 11:01:54][info] 数据存储反馈成功！
[2017-07-11 11:01:54][info] success
[2017-07-11 11:01:54][info] 写入结束!!!
[2017-07-11 11:37:58][info] ----------------------------------------
[2017-07-11 11:37:58][info] {"discount":"0.00","payment_type":"1","trade_no":"2017071121001004610201942350","subject":"\u4e09\u6c5f\u6e90\u6df1\u5ea6\u5927\u73af\u7ebf","buyer_email":"13902424624","gmt_create":"2017-07-11 11:34:22","notify_type":"trade_status_sync","quantity":"1","out_trade_no":"LX-17071110500987306-6","seller_id":"2088421286007493","notify_time":"2017-07-11 11:37:58","body":"2017\u5e74\u7518\u5357-\u5e74\u5b9d\u7389\u5219-\u8272\u8fbe-\u4e94\u660e\u4f5b\u5b66\u9662-\u5ddd\u85cf\u5317\u7ebf\u3001\u751f\u547d\u51c0\u571f\u4e09\u6c5f\u6e90-\u9102\u9675\u6e56 \u624e\u9675\u6e5612\u65e5\u4eba\u6587\u884c\u6444\u4e4b\u65c5\uff01","trade_status":"TRADE_SUCCESS","is_total_fee_adjust":"N","total_fee":"6800.00","gmt_payment":"2017-07-11 11:37:58","seller_email":"2287684289@qq.com","price":"6800.00","buyer_id":"2088702266274613","notify_id":"63eab2e5c3400d5d35be227b68380a1kpi","use_coupon":"N","sign_type":"MD5","sign":"dd236844f6fa91d5e9f8e95eb538bdc3"}
[2017-07-11 11:37:59][info] 数据存储反馈成功！
[2017-07-11 11:37:59][info] success
[2017-07-11 11:37:59][info] 写入结束!!!
[2017-07-11 11:49:09][info] ----------------------------------------
[2017-07-11 11:49:09][info] {"discount":"0.00","payment_type":"1","trade_no":"2017071121001004310293265552","subject":"\u4e1d\u8def\u5dc5\u5cf0\u4f53\u9a8c\u5341\u65e5\u6e38","buyer_email":"w33059722@126.com","gmt_create":"2017-07-11 11:09:41","notify_type":"trade_status_sync","quantity":"1","out_trade_no":"LX-17071017010820001-0","seller_id":"2088421286007493","notify_time":"2017-07-11 11:49:08","body":"\u9752\u6d77\u6e56-\u8336\u5361\u76d0\u6e56-\u6c99\u5c9b-\u7941\u8fde-\u5f20\u6396\u4e39\u971e-\u5609\u5cea\u5173-\u6566\u714c\u5341\u65e5\u6e38","trade_status":"TRADE_SUCCESS","is_total_fee_adjust":"N","total_fee":"34260.00","gmt_payment":"2017-07-11 11:49:08","seller_email":"2287684289@qq.com","price":"34260.00","buyer_id":"2088802352921314","notify_id":"5572bc2f513dbe163fdfaec18f9a686ie6","use_coupon":"N","sign_type":"MD5","sign":"7b64ff8bee3056b28480f955d289741b"}
[2017-07-11 11:49:09][info] 数据存储反馈成功！
[2017-07-11 11:49:09][info] success
[2017-07-11 11:49:09][info] 写入结束!!!
[2017-07-11 12:28:03][info] ----------------------------------------
[2017-07-11 12:28:03][info] {"discount":"0.00","payment_type":"1","trade_no":"2017071121001004460222741537","subject":"\u7518\u5357\u5168\u666f","buyer_email":"18710990996","gmt_create":"2017-07-11 12:27:36","notify_type":"trade_status_sync","quantity":"1","out_trade_no":"LX-17071023352150006-6","seller_id":"2088421286007493","notify_time":"2017-07-11 12:28:03","body":"2017\u5e74\u72ec\u5bb6  \u62c9\u535c\u695e\u5bfa-\u624e\u5c15\u90a3-\u82b1\u6e56-\u5e74\u5b9d\u7389\u5219-\u82e5\u5c14\u76d6\u8349\u539f-\u963f\u4e07\u4ed3\u6e7f\u5730-\u5c15\u6d77\u6e56-\u90ce\u6728\u5bfa 8\u65e5\u6e38","trade_status":"TRADE_SUCCESS","is_total_fee_adjust":"N","total_fee":"6560.00","gmt_payment":"2017-07-11 12:28:02","seller_email":"2287684289@qq.com","price":"6560.00","buyer_id":"2088902068580468","notify_id":"05fcf97dfa41d477e735bc9d99f584cjju","use_coupon":"N","sign_type":"MD5","sign":"a4313270bc7fa15124ca50d724aa48a4"}
[2017-07-11 12:28:03][info] 数据存储反馈成功！
[2017-07-11 12:28:03][info] success
[2017-07-11 12:28:03][info] 写入结束!!!
[2017-07-11 12:32:16][info] ----------------------------------------
[2017-07-11 12:32:16][info] {"discount":"0.00","payment_type":"1","trade_no":"2017071121001004360223822277","subject":"\u4e1d\u7ef8\u4e4b\u8def\u5168\u666f\u6e389\u65e5","buyer_email":"10214019@bjtu.edu.cn","gmt_create":"2017-07-11 12:32:03","notify_type":"trade_status_sync","quantity":"1","out_trade_no":"LX-17071112164729401-8","seller_id":"2088421286007493","notify_time":"2017-07-11 12:32:16","body":"\u72ec\u5bb6\u6c34\u4e0a\u9b54\u9b3c\u57ce-\u65e0\u4eba\u533a\u539f\u751f\u6001\u96c5\u4e39\u63a2\u79d8-\u9752\u6d77\u6e56-\u8336\u5361\u76d0\u6e56-\u83ab\u9ad8\u7a9f-\u9e23\u6c99\u5c71\u6708\u7259\u6cc9-\u5f20\u6396\u4e39\u971e-\u5353\u5c14\u5c719\u65e5\u6e38","trade_status":"TRADE_SUCCESS","is_total_fee_adjust":"N","total_fee":"5670.00","gmt_payment":"2017-07-11 12:32:15","seller_email":"2287684289@qq.com","price":"5670.00","buyer_id":"2088902430460369","notify_id":"30a528c21f04374a596892cdf811f39is2","use_coupon":"N","sign_type":"MD5","sign":"abfb3280bb1e9e69ce40d62de6c9664e"}
[2017-07-11 12:32:16][info] 数据存储反馈成功！
[2017-07-11 12:32:16][info] success
[2017-07-11 12:32:16][info] 写入结束!!!
[2017-07-11 13:58:00][info] ----------------------------------------
[2017-07-11 13:58:00][info] {"discount":"0.00","payment_type":"1","trade_no":"2017071121001004030218082758","subject":"\u575d\u4e0a\u4f11\u95f2B\u7ebf","buyer_email":"13812198768","gmt_create":"2017-07-11 13:57:29","notify_type":"trade_status_sync","quantity":"1","out_trade_no":"LX-17071109155035901-f","seller_id":"2088421286007493","notify_time":"2017-07-11 13:58:00","body":"2017\u72ec\u5bb6\u575d\u4e0a\u73af\u7ebf\uff1a\u7a7f\u8d8a\u8349\u539f\u5929\u8def\uff0c\u6492\u6b22\u4e4c\u5170\u5e03\u7edf\uff0c\u627f\u5fb7\u907f\u6691\u5c71\u5e84\uff0c\u91d1\u5c71\u5cad\u957f\u57ce\/\u6155\u7530\u5cea\u957f\u57ce7\u65e5\uff08\u5168\u666f\u4e4b\u65c5\uff0c\u7f8e\u666f\u4e00\u7f51\u6253\u5c3d\uff09","trade_status":"TRADE_SUCCESS","is_total_fee_adjust":"N","total_fee":"2980.00","gmt_payment":"2017-07-11 13:58:00","seller_email":"2287684289@qq.com","price":"2980.00","buyer_id":"2088412612688035","notify_id":"ccc779083f641cd7d0f2d50ad548dc7g8e","use_coupon":"N","sign_type":"MD5","sign":"bdb042b8bf9367d3ce8ef9563fe335f7"}
[2017-07-11 13:58:00][info] 数据存储反馈成功！
[2017-07-11 13:58:00][info] success
[2017-07-11 13:58:00][info] 写入结束!!!
[2017-07-11 16:06:14][info] ----------------------------------------
[2017-07-11 16:06:14][info] {"discount":"0.00","payment_type":"1","trade_no":"2017071121001004400249683789","subject":"\u4e1d\u7ef8\u4e4b\u8def\u5168\u666f\u6e389\u65e5","buyer_email":"zxin_zzrong1016@126.com","gmt_create":"2017-07-11 16:06:04","notify_type":"trade_status_sync","quantity":"1","out_trade_no":"LX-17071115500921601-1","seller_id":"2088421286007493","notify_time":"2017-07-11 16:06:14","body":"\u72ec\u5bb6\u6c34\u4e0a\u9b54\u9b3c\u57ce-\u65e0\u4eba\u533a\u539f\u751f\u6001\u96c5\u4e39\u63a2\u79d8-\u9752\u6d77\u6e56-\u8336\u5361\u76d0\u6e56-\u83ab\u9ad8\u7a9f-\u9e23\u6c99\u5c71\u6708\u7259\u6cc9-\u5f20\u6396\u4e39\u971e-\u5353\u5c14\u5c719\u65e5\u6e38","trade_status":"TRADE_SUCCESS","is_total_fee_adjust":"N","total_fee":"7570.00","gmt_payment":"2017-07-11 16:06:14","seller_email":"2287684289@qq.com","price":"7570.00","buyer_id":"2088002985691404","notify_id":"e8ba9a2a5c7a3e5d293f0dd80412cdbj36","use_coupon":"N","sign_type":"MD5","sign":"5b3644cde920dca01a33c7e0a4e0ccfc"}
[2017-07-11 16:06:15][info] 数据存储反馈成功！
[2017-07-11 16:06:15][info] success
[2017-07-11 16:06:15][info] 写入结束!!!
[2017-07-11 16:10:00][info] ----------------------------------------
[2017-07-11 16:10:00][info] {"discount":"0.00","payment_type":"1","trade_no":"2017071121001004460223156037","subject":"\u4e1d\u8def\u5dc5\u5cf0\u4f53\u9a8c\u5341\u65e5\u6e38","buyer_email":"fsdandan@189.cn","gmt_create":"2017-07-11 16:09:54","notify_type":"trade_status_sync","quantity":"1","out_trade_no":"LX-17070819121870106-a","seller_id":"2088421286007493","notify_time":"2017-07-11 16:10:00","body":"\u9752\u6d77\u6e56-\u8336\u5361\u76d0\u6e56-\u6c99\u5c9b-\u7941\u8fde-\u5f20\u6396\u4e39\u971e-\u5609\u5cea\u5173-\u6566\u714c\u5341\u65e5\u6e38","trade_status":"TRADE_SUCCESS","is_total_fee_adjust":"N","total_fee":"1430.00","gmt_payment":"2017-07-11 16:10:00","seller_email":"2287684289@qq.com","price":"1430.00","buyer_id":"2088002130386463","notify_id":"3164d1798ee15062f561ab3588636e4jju","use_coupon":"N","sign_type":"MD5","sign":"521647ae2117bd964425dc014ddc37e8"}
[2017-07-11 16:10:00][info] 数据存储反馈成功！
[2017-07-11 16:10:00][info] success
[2017-07-11 16:10:00][info] 写入结束!!!
[2017-07-11 17:07:27][info] ----------------------------------------
[2017-07-11 17:07:27][info] {"discount":"0.00","payment_type":"1","trade_no":"2017071121001004350210345700","subject":"\u4e1d\u8def\u5dc5\u5cf0\u4f53\u9a8c\u4e5d\u65e5\u6e38B\u7ebf","buyer_email":"13860451773","gmt_create":"2017-07-11 17:07:17","notify_type":"trade_status_sync","quantity":"1","out_trade_no":"LX-17071116541051101-2","seller_id":"2088421286007493","notify_time":"2017-07-11 17:07:27","body":"\u9752\u6d77\u6e56-\u8336\u5361\u76d0\u6e56-\u9e23\u6c99\u5c71\u6708\u7259\u6cc9-\u83ab\u9ad8\u7a9f-\u96c5\u4e39\u9b54\u9b3c\u57ce-\u5609\u5cea\u5173-\u5f20\u6396\u4e39\u971e-\u9a6c\u8e44\u5bfa-\u5353\u5c14\u5c71\u8f7b\u5962\u52a8\u8f669\u65e5\u6e38","trade_status":"TRADE_SUCCESS","is_total_fee_adjust":"N","total_fee":"6120.00","gmt_payment":"2017-07-11 17:07:26","seller_email":"2287684289@qq.com","price":"6120.00","buyer_id":"2088302183044355","notify_id":"206291ae35d7dd93a402d9dc2a10aebipa","use_coupon":"N","sign_type":"MD5","sign":"5e65900e291a2af9692e03c206230f46"}
[2017-07-11 17:07:27][info] 数据存储反馈成功！
[2017-07-11 17:07:27][info] success
[2017-07-11 17:07:27][info] 写入结束!!!
[2017-07-11 19:50:23][info] ----------------------------------------
[2017-07-11 19:50:23][info] {"discount":"0.00","payment_type":"1","trade_no":"2017071121001004500271250080","subject":"\u5ddd\u5317\u7518\u5357","buyer_email":"1252304070@qq.com","gmt_create":"2017-07-11 19:50:15","notify_type":"trade_status_sync","quantity":"1","out_trade_no":"LX-17071119112469801-b","seller_id":"2088421286007493","notify_time":"2017-07-11 19:50:23","body":"2017\u5e74\u4e5d\u5be8\u9ec4\u9f99-\u5e74\u5b9d\u7389\u5219-\u4e5d\u66f2\u9ec4\u6cb3-\u82e5\u5c14\u76d6\u82b1\u6e568\u65e5\u6e38","trade_status":"TRADE_SUCCESS","is_total_fee_adjust":"N","total_fee":"4290.00","gmt_payment":"2017-07-11 19:50:23","seller_email":"2287684289@qq.com","price":"4290.00","buyer_id":"2088802882316501","notify_id":"7122ec8845769941ddb95cdb37f8bbcjuy","use_coupon":"N","sign_type":"MD5","sign":"0260596823b167e1632e33b1a15e9551"}
[2017-07-11 19:50:23][info] 数据存储反馈成功！
[2017-07-11 19:50:23][info] success
[2017-07-11 19:50:23][info] 写入结束!!!
[2017-07-11 20:32:52][info] ----------------------------------------
[2017-07-11 20:32:52][info] {"discount":"0.00","payment_type":"1","trade_no":"2017071121001004950222274241","subject":"\u65b0\u7586\u5168\u666f","buyer_email":"13709621997","gmt_create":"2017-07-11 20:32:14","notify_type":"trade_status_sync","quantity":"1","out_trade_no":"LX-17071118515221206-1","seller_id":"2088421286007493","notify_time":"2017-07-11 20:32:52","body":"\u5580\u7eb3\u65af-\u79be\u6728-\u8d5b\u91cc\u6728\u6e56-\u85b0\u8863\u8349\u519c\u573a-\u5580\u62c9\u5cfb-\u90a3\u62c9\u63d0-\u5df4\u97f3\u5e03\u9c81\u514b-\u6c5f\u5e03\u62c9\u514b-\u4e94\u5f69\u6ee9-\u5410\u9c81\u756a13\u65e5\u6e38","trade_status":"TRADE_SUCCESS","is_total_fee_adjust":"N","total_fee":"10760.00","gmt_payment":"2017-07-11 20:32:51","seller_email":"2287684289@qq.com","price":"10760.00","buyer_id":"2088802251092959","notify_id":"103591c8ee6bd5105c19a1bed5b6e8enby","use_coupon":"N","sign_type":"MD5","sign":"1c4c53686929837d506a3dd27b336ec9"}
[2017-07-11 20:32:52][info] 数据存储反馈成功！
[2017-07-11 20:32:52][info] success
[2017-07-11 20:32:52][info] 写入结束!!!
