[2017-08-18 08:44:21][info] ----------------------------------------
[2017-08-18 08:44:21][info] {"discount":"0.00","payment_type":"1","trade_no":"2017081821001004570218394686","subject":"\u4e1d\u7ef8\u4e4b\u8def\u7cbe\u534e\u4e03\u65e5\u6e38","buyer_email":"1228559009@qq.com","gmt_create":"2017-08-18 08:44:10","notify_type":"trade_status_sync","quantity":"1","out_trade_no":"LX-17073108364094406-6","seller_id":"2088421286007493","notify_time":"2017-08-18 08:44:21","body":"2017\u5e74\u9752\u6d77\u6e56-\u8336\u5361\u76d0\u6e56-\u6566\u714c-\u5609\u5cea\u5173-\u5f20\u6396\u4e39\u971e\u4e03\u65e5\u6e38","trade_status":"TRADE_SUCCESS","is_total_fee_adjust":"N","total_fee":"4120.00","gmt_payment":"2017-08-18 08:44:20","seller_email":"2287684289@qq.com","price":"4120.00","buyer_id":"2088502809838575","notify_id":"fc698dfb2dfd17d97317e47ae5a830dkee","use_coupon":"N","sign_type":"MD5","sign":"a1c84aed7aa281d919f13b7cb5b91052"}
[2017-08-18 08:44:21][info] 数据存储反馈成功！
[2017-08-18 08:44:21][info] success
[2017-08-18 08:44:21][info] 写入结束!!!
[2017-08-18 09:38:00][info] ----------------------------------------
[2017-08-18 09:38:00][info] {"discount":"0.00","payment_type":"1","trade_no":"2017051721001004530234737581","subject":"\u68a6\u4e2d\u5929\u5802","buyer_email":"879779653@qq.com","gmt_create":"2017-05-17 09:36:47","notify_type":"trade_status_sync","quantity":"1","out_trade_no":"LX-17051622074990506-c","seller_id":"2088421286007493","notify_time":"2017-08-18 09:38:00","body":"2017\u5e74\u7a3b\u57ce\u4e9a\u4e01-\u65b0\u90fd\u6865-\u4e39\u5df4-\u4e5d\u65e5\u6df1\u5ea6\u6e38","trade_status":"TRADE_FINISHED","is_total_fee_adjust":"N","total_fee":"3180.00","gmt_payment":"2017-05-17 09:37:23","seller_email":"2287684289@qq.com","gmt_close":"2017-08-18 09:38:00","price":"3180.00","buyer_id":"2088802176998536","notify_id":"d359212950bbd4307f1bb6dd9475de5k3a","use_coupon":"N","sign_type":"MD5","sign":"00968f71d66d0984d6a14c4ecd7bd6df"}
[2017-08-18 09:38:00][info] 数据存储反馈成功！
[2017-08-18 09:38:00][info] success
[2017-08-18 09:38:00][info] 写入结束!!!
[2017-08-18 10:58:53][info] ----------------------------------------
[2017-08-18 10:58:53][info] {"discount":"0.00","payment_type":"1","trade_no":"2017081821001004350500717207","subject":"\u65b0\u7586\u91d1\u79cb\u5927\u73af\u7ebf","buyer_email":"1209098451@qq.com","gmt_create":"2017-08-18 10:58:34","notify_type":"trade_status_sync","quantity":"1","out_trade_no":"LX-17081612000967206-1","seller_id":"2088421286007493","notify_time":"2017-08-18 10:58:53","body":"\u5580\u7eb3\u65af-\u79be\u6728-\u767d\u54c8\u5df4-\u8d5b\u91cc\u6728\u6e56-\u5df4\u97f3\u5e03\u9c81\u514b-\u5410\u9c81\u756a-\u5854\u91cc\u6728\u6cb3\u80e1\u6768\u679712\u65e5\u6df1\u5ea6\u6e38","trade_status":"TRADE_SUCCESS","is_total_fee_adjust":"N","total_fee":"6030.00","gmt_payment":"2017-08-18 10:58:53","seller_email":"2287684289@qq.com","price":"6030.00","buyer_id":"2088602237390352","notify_id":"dee8c4ccdae030e5bba4f2bec6c512dipd","use_coupon":"N","sign_type":"MD5","sign":"1a623272c928d8e7b1651547c6ac064e"}
[2017-08-18 10:58:54][info] 数据存储反馈成功！
[2017-08-18 10:58:54][info] success
[2017-08-18 10:58:54][info] 写入结束!!!
[2017-08-18 12:15:24][info] ----------------------------------------
[2017-08-18 12:15:24][info] {"discount":"0.00","payment_type":"1","trade_no":"2017081821001004780263832595","subject":"\u5317\u7586\u91d1\u79cb\u81f3\u5c0a10\u65e5\u6e38","buyer_email":"18188007377@189.cn","gmt_create":"2017-08-18 12:14:27","notify_type":"trade_status_sync","quantity":"1","out_trade_no":"LX-17081811001354401-5","seller_id":"2088421286007493","notify_time":"2017-08-18 12:15:24","body":"38\u5c0f\u65f6\u79be\u6728-\u5580\u7eb3\u65af-\u767d\u54c8\u5df4-\u53ef\u53ef\u82cf\u91cc\u6e56-\u53ef\u53ef\u6258\u6d77-\u4e94\u5f69\u6ee9-\u9b54\u9b3c\u57ce10\u65e5\u5927\u73af\u7ebf","trade_status":"TRADE_SUCCESS","is_total_fee_adjust":"N","total_fee":"22320.00","gmt_payment":"2017-08-18 12:15:24","seller_email":"2287684289@qq.com","price":"22320.00","buyer_id":"2088402747834780","notify_id":"bdf3e38853dfa2f37bc4af22f6d2611m0q","use_coupon":"N","sign_type":"MD5","sign":"db3ea0310f34f39d9c31039ffd575c6c"}
[2017-08-18 12:15:24][info] 数据存储反馈成功！
[2017-08-18 12:15:24][info] success
[2017-08-18 12:15:24][info] 写入结束!!!
[2017-08-18 15:35:40][info] ----------------------------------------
[2017-08-18 15:35:40][info] {"discount":"0.00","payment_type":"1","trade_no":"2017081821001004890228554431","subject":"\u4e1d\u7ef8\u4e4b\u8def\u7cbe\u534e\u4e03\u65e5\u6e38","buyer_email":"lfl_alva@126.com","gmt_create":"2017-08-18 15:35:33","notify_type":"trade_status_sync","quantity":"1","out_trade_no":"LX-17081110335552601-5","seller_id":"2088421286007493","notify_time":"2017-08-18 15:35:40","body":"2017\u5e74\u9752\u6d77\u6e56-\u8336\u5361\u76d0\u6e56-\u6566\u714c-\u5609\u5cea\u5173-\u5f20\u6396\u4e39\u971e\u4e03\u65e5\u6e38","trade_status":"TRADE_SUCCESS","is_total_fee_adjust":"N","total_fee":"3190.00","gmt_payment":"2017-08-18 15:35:40","seller_email":"2287684289@qq.com","price":"3190.00","buyer_id":"2088002489766893","notify_id":"511a456027eb7782c0852a2f69d9ee9mva","use_coupon":"N","sign_type":"MD5","sign":"f2b39a83f05250a5892b237a787c7d9c"}
[2017-08-18 15:35:40][info] 数据存储反馈成功！
[2017-08-18 15:35:40][info] success
[2017-08-18 15:35:40][info] 写入结束!!!
[2017-08-18 16:34:13][info] ----------------------------------------
[2017-08-18 16:34:13][info] {"discount":"0.00","payment_type":"1","trade_no":"2017081821001004240501442010","subject":"\u8349\u539f\u7267\u6b4cA\u7ebf","buyer_email":"13688877726","gmt_create":"2017-08-18 16:33:52","notify_type":"trade_status_sync","quantity":"1","out_trade_no":"LX-17081708471083801-3","seller_id":"2088421286007493","notify_time":"2017-08-18 16:34:13","body":"\u6d77\u62c9\u5c14-\u91d1\u5e10\u6c57\u8499\u53e4\u90e8\u843d-\u5ba4\u97e6-\u767d\u6866\u6797-\u9ed1\u5c71\u5934\u9a91\u9a6c\u7a7f\u8d8a-186\u5f69\u5e26\u6cb3\u6ed1\u8349-\u72fc\u5c9b-\u6ee1\u6d32\u91cc5\u65e5\u6e38","trade_status":"TRADE_SUCCESS","is_total_fee_adjust":"N","total_fee":"4960.00","gmt_payment":"2017-08-18 16:34:13","seller_email":"2287684289@qq.com","price":"4960.00","buyer_id":"2088602115453247","notify_id":"7fb19930608bf222e13c4d8cb0515a2hut","use_coupon":"N","sign_type":"MD5","sign":"a122fe03d13975e5f96554745e84e636"}
[2017-08-18 16:34:14][info] 数据存储反馈成功！
[2017-08-18 16:34:14][info] success
[2017-08-18 16:34:14][info] 写入结束!!!
[2017-08-18 17:42:15][info] ----------------------------------------
[2017-08-18 17:42:15][info] {"discount":"0.00","payment_type":"1","trade_no":"2017081821001004050507130205","subject":"\u4e1d\u7ef8\u4e4b\u8def\u7cbe\u534e\u4e03\u65e5\u6e38","buyer_email":"13915426624","gmt_create":"2017-08-18 17:41:47","notify_type":"trade_status_sync","quantity":"1","out_trade_no":"LX-1708041808236006-2","seller_id":"2088421286007493","notify_time":"2017-08-18 17:42:15","body":"2017\u5e74\u9752\u6d77\u6e56-\u8336\u5361\u76d0\u6e56-\u6566\u714c-\u5609\u5cea\u5173-\u5f20\u6396\u4e39\u971e\u4e03\u65e5\u6e38","trade_status":"TRADE_SUCCESS","is_total_fee_adjust":"N","total_fee":"3180.00","gmt_payment":"2017-08-18 17:42:14","seller_email":"2287684289@qq.com","price":"3180.00","buyer_id":"2088702879835050","notify_id":"1e9f19ab6b888d044d65431961fe189ge1","use_coupon":"N","sign_type":"MD5","sign":"f7d2b2afb2ca5f14b49755f08e3075d5"}
[2017-08-18 17:42:15][info] 数据存储反馈成功！
[2017-08-18 17:42:15][info] success
[2017-08-18 17:42:15][info] 写入结束!!!
[2017-08-18 18:44:57][info] ----------------------------------------
[2017-08-18 18:44:57][info] {"discount":"0.00","payment_type":"1","trade_no":"2017081821001004670216511684","subject":"\u7518\u5357\u5168\u666f","buyer_email":"lixinru@bpsb.com.cn","gmt_create":"2017-08-18 18:44:45","notify_type":"trade_status_sync","quantity":"1","out_trade_no":"LX-17081220404567506-8","seller_id":"2088421286007493","notify_time":"2017-08-18 18:44:56","body":"2017\u5e74\u72ec\u5bb6  \u62c9\u535c\u695e\u5bfa-\u624e\u5c15\u90a3-\u82b1\u6e56-\u5e74\u5b9d\u7389\u5219-\u82e5\u5c14\u76d6\u8349\u539f-\u963f\u4e07\u4ed3\u6e7f\u5730-\u5c15\u6d77\u6e56-\u90ce\u6728\u5bfa 8\u65e5\u6e38","trade_status":"TRADE_SUCCESS","is_total_fee_adjust":"N","total_fee":"4270.00","gmt_payment":"2017-08-18 18:44:56","seller_email":"2287684289@qq.com","price":"4270.00","buyer_id":"2088002672755675","notify_id":"36b495dc2d2c22eed131dc5ae01ac70l66","use_coupon":"N","sign_type":"MD5","sign":"96d065410cafd5d3981a03af40f1510a"}
[2017-08-18 18:44:57][info] 数据存储反馈成功！
[2017-08-18 18:44:57][info] success
[2017-08-18 18:44:57][info] 写入结束!!!
[2017-08-18 20:01:37][info] ----------------------------------------
[2017-08-18 20:01:37][info] {"discount":"0.00","payment_type":"1","trade_no":"2017081821001004590298343534","subject":"\u5317\u7586\u5dc5\u5cf0","buyer_email":"number1xuzi@yahoo.com.cn","gmt_create":"2017-08-18 20:01:19","notify_type":"trade_status_sync","quantity":"1","out_trade_no":"LX-17081708490524006-2","seller_id":"2088421286007493","notify_time":"2017-08-18 20:01:36","body":"\u79be\u672848\u5c0f\u65f6-\u5580\u7eb3\u65af-\u767d\u54c8\u5df4-\u4e94\u5f69\u6ee9-\u53cc\u53676\u65e5\u6e38","trade_status":"TRADE_SUCCESS","is_total_fee_adjust":"N","total_fee":"8360.00","gmt_payment":"2017-08-18 20:01:36","seller_email":"2287684289@qq.com","price":"8360.00","buyer_id":"2088102703254590","notify_id":"7f25f94d3c4e95f2d3972f10730ea66kjy","use_coupon":"N","sign_type":"MD5","sign":"ac82c674011c581a9f36eba8ee4c9e2d"}
[2017-08-18 20:01:37][info] 数据存储反馈成功！
[2017-08-18 20:01:37][info] success
[2017-08-18 20:01:37][info] 写入结束!!!
[2017-08-18 20:45:51][info] ----------------------------------------
[2017-08-18 20:45:51][info] {"discount":"0.00","payment_type":"1","trade_no":"2017051721001004600259004793","subject":"\u4e1d\u7ef8\u4e4b\u8def\u5dc5\u5cf0\u4f53\u9a8c9\u65e5\u6e38","buyer_email":"18688110133","gmt_create":"2017-05-17 20:39:12","notify_type":"trade_status_sync","quantity":"1","out_trade_no":"LX-17051606132519606-3","seller_id":"2088421286007493","notify_time":"2017-08-18 20:45:51","body":"\u6c99\u5c9b-\u9752\u6d77\u6e56-\u8336\u5361\u76d0\u6e56-\u7941\u8fde-\u5f20\u6396-\u5609\u5cea\u5173-\u6566\u714c9\u65e5\u6e38","trade_status":"TRADE_FINISHED","is_total_fee_adjust":"N","total_fee":"8860.00","gmt_payment":"2017-05-17 20:45:02","seller_email":"2287684289@qq.com","gmt_close":"2017-08-18 20:45:51","price":"8860.00","buyer_id":"2088502833806605","notify_id":"4607c26cf5e8b259c546a9d4884cd4fkmq","use_coupon":"N","sign_type":"MD5","sign":"d5cb45c4af8fdec34d1dbeee9f14c6f7"}
[2017-08-18 20:45:51][info] 数据存储反馈成功！
[2017-08-18 20:45:51][info] success
[2017-08-18 20:45:51][info] 写入结束!!!
