[2017-08-02 09:03:04][info] ----------------------------------------
[2017-08-02 09:03:04][info] {"discount":"0.00","payment_type":"1","trade_no":"2017080221001004400288321663","subject":"\u5317\u7586\u5dc5\u5cf0","buyer_email":"13609060311","gmt_create":"2017-08-02 09:02:40","notify_type":"trade_status_sync","quantity":"1","out_trade_no":"LX-17080114261913206-e","seller_id":"2088421286007493","notify_time":"2017-08-02 09:03:04","body":"\u79be\u672848\u5c0f\u65f6-\u5580\u7eb3\u65af-\u767d\u54c8\u5df4-\u4e94\u5f69\u6ee9-\u53cc\u53676\u65e5\u6e38","trade_status":"TRADE_SUCCESS","is_total_fee_adjust":"N","total_fee":"1850.00","gmt_payment":"2017-08-02 09:03:04","seller_email":"2287684289@qq.com","price":"1850.00","buyer_id":"2088912365864406","notify_id":"4c60fb90720013fec9412efc1c67d38j36","use_coupon":"N","sign_type":"MD5","sign":"aa71459ca9a62ef612627cc12136f29e"}
[2017-08-02 09:03:05][info] 数据存储反馈成功！
[2017-08-02 09:03:05][info] success
[2017-08-02 09:03:05][info] 写入结束!!!
[2017-08-02 09:15:09][info] ----------------------------------------
[2017-08-02 09:15:09][info] {"discount":"0.00","payment_type":"1","trade_no":"2017080221001004480253702267","subject":"\u4e1d\u8def\u5dc5\u5cf0\u4f53\u9a8c\u4e5d\u65e5\u6e38B\u7ebf","buyer_email":"zhou_qian2004@163.com","gmt_create":"2017-08-02 09:14:30","notify_type":"trade_status_sync","quantity":"1","out_trade_no":"LX-17072818212871306-f","seller_id":"2088421286007493","notify_time":"2017-08-02 09:15:09","body":"\u9752\u6d77\u6e56-\u8336\u5361\u76d0\u6e56-\u9e23\u6c99\u5c71\u6708\u7259\u6cc9-\u83ab\u9ad8\u7a9f-\u96c5\u4e39\u9b54\u9b3c\u57ce-\u5609\u5cea\u5173-\u5f20\u6396\u4e39\u971e-\u9a6c\u8e44\u5bfa-\u5353\u5c14\u5c71\u8f7b\u5962\u52a8\u8f669\u65e5\u6e38","trade_status":"TRADE_SUCCESS","is_total_fee_adjust":"N","total_fee":"4618.00","gmt_payment":"2017-08-02 09:15:09","seller_email":"2287684289@qq.com","price":"4618.00","buyer_id":"2088202952715483","notify_id":"282f1a9815adb9f25df8dfbab0b3bf4jpe","use_coupon":"N","sign_type":"MD5","sign":"58dd1b6a29a39225af2a99055dac1fc3"}
[2017-08-02 09:15:10][info] 数据存储反馈成功！
[2017-08-02 09:15:10][info] success
[2017-08-02 09:15:10][info] 写入结束!!!
[2017-08-02 09:26:06][info] ----------------------------------------
[2017-08-02 09:26:06][info] {"discount":"0.00","payment_type":"1","trade_no":"2017080221001004080281324401","subject":"\u4e1d\u8def\u5dc5\u5cf0\u4f53\u9a8c\u5341\u65e5\u6e38","buyer_email":"13453400133","gmt_create":"2017-08-02 09:25:53","notify_type":"trade_status_sync","quantity":"1","out_trade_no":"LX-17071411163450906-2","seller_id":"2088421286007493","notify_time":"2017-08-02 09:26:06","body":"\u9752\u6d77\u6e56-\u8336\u5361\u76d0\u6e56-\u6c99\u5c9b-\u7941\u8fde-\u5f20\u6396\u4e39\u971e-\u5609\u5cea\u5173-\u6566\u714c\u5341\u65e5\u6e38","trade_status":"TRADE_SUCCESS","is_total_fee_adjust":"N","total_fee":"4280.00","gmt_payment":"2017-08-02 09:26:05","seller_email":"2287684289@qq.com","price":"4280.00","buyer_id":"2088522166422080","notify_id":"ebeaf08a8158bc0eb32682b852c9879gma","use_coupon":"N","sign_type":"MD5","sign":"62fab040d9b77685d4f7ca6e618e1e85"}
[2017-08-02 09:26:06][info] 数据存储反馈成功！
[2017-08-02 09:26:06][info] success
[2017-08-02 09:26:06][info] 写入结束!!!
[2017-08-02 10:22:26][info] ----------------------------------------
[2017-08-02 10:22:26][info] {"discount":"0.00","payment_type":"1","trade_no":"2017080221001004170253666593","subject":"\u65b0\u7586\u5168\u666f","buyer_email":"janehfhuang11@hotmail.com","gmt_create":"2017-08-02 10:22:14","notify_type":"trade_status_sync","quantity":"1","out_trade_no":"LX-17061320293174906-8","seller_id":"2088421286007493","notify_time":"2017-08-02 10:22:26","body":"\u5580\u7eb3\u65af-\u79be\u6728-\u8d5b\u91cc\u6728\u6e56-\u85b0\u8863\u8349\u519c\u573a-\u5580\u62c9\u5cfb-\u90a3\u62c9\u63d0-\u5df4\u97f3\u5e03\u9c81\u514b-\u6c5f\u5e03\u62c9\u514b-\u4e94\u5f69\u6ee9-\u5410\u9c81\u756a13\u65e5\u6e38","trade_status":"TRADE_SUCCESS","is_total_fee_adjust":"N","total_fee":"4780.00","gmt_payment":"2017-08-02 10:22:26","seller_email":"2287684289@qq.com","price":"4780.00","buyer_id":"2088002140859177","notify_id":"2cae52563b274e46a549d1b72d5e8d4hba","use_coupon":"N","sign_type":"MD5","sign":"e299e2f747e397e288290ac438533180"}
[2017-08-02 10:22:27][info] 数据存储反馈成功！
[2017-08-02 10:22:27][info] success
[2017-08-02 10:22:27][info] 写入结束!!!
[2017-08-02 10:30:03][info] ----------------------------------------
[2017-08-02 10:30:03][info] {"discount":"0.00","payment_type":"1","trade_no":"2017080221001004500209606910","subject":"\u4e1d\u7ef8\u4e4b\u8def\u7cbe\u534e\u4e03\u65e5\u6e38","buyer_email":"13503509967","gmt_create":"2017-08-02 10:29:45","notify_type":"trade_status_sync","quantity":"1","out_trade_no":"LX-17080209582876706-5","seller_id":"2088421286007493","notify_time":"2017-08-02 10:30:02","body":"2017\u5e74\u9752\u6d77\u6e56-\u8336\u5361\u76d0\u6e56-\u6566\u714c-\u5609\u5cea\u5173-\u5f20\u6396\u4e39\u971e\u4e03\u65e5\u6e38","trade_status":"TRADE_SUCCESS","is_total_fee_adjust":"N","total_fee":"8240.00","gmt_payment":"2017-08-02 10:30:02","seller_email":"2287684289@qq.com","price":"8240.00","buyer_id":"2088722147901500","notify_id":"416146b8fe21785c5b047f72f0d701bjuy","use_coupon":"N","sign_type":"MD5","sign":"b491870660230166340b061d918578d0"}
[2017-08-02 10:30:03][info] 数据存储反馈成功！
[2017-08-02 10:30:03][info] success
[2017-08-02 10:30:03][info] 写入结束!!!
[2017-08-02 10:35:03][info] ----------------------------------------
[2017-08-02 10:35:03][info] {"discount":"0.00","payment_type":"1","trade_no":"2017080221001004300275559862","subject":"\u575d\u4e0a\u4f11\u95f2B\u7ebf","buyer_email":"ly2656671@139.com","gmt_create":"2017-08-02 10:34:44","notify_type":"trade_status_sync","quantity":"1","out_trade_no":"LX-17072011355716001-a","seller_id":"2088421286007493","notify_time":"2017-08-02 10:35:03","body":"2017\u72ec\u5bb6\u575d\u4e0a\u73af\u7ebf\uff1a\u7a7f\u8d8a\u8349\u539f\u5929\u8def\uff0c\u6492\u6b22\u4e4c\u5170\u5e03\u7edf\uff0c\u627f\u5fb7\u907f\u6691\u5c71\u5e84\uff0c\u91d1\u5c71\u5cad\u957f\u57ce\/\u6155\u7530\u5cea\u957f\u57ce7\u65e5\uff08\u5168\u666f\u4e4b\u65c5\uff0c\u7f8e\u666f\u4e00\u7f51\u6253\u5c3d\uff09","trade_status":"TRADE_SUCCESS","is_total_fee_adjust":"N","total_fee":"1590.00","gmt_payment":"2017-08-02 10:35:03","seller_email":"2287684289@qq.com","price":"1590.00","buyer_id":"2088102838901309","notify_id":"eacd7d2223d0ed8ee00f7a812128714ibe","use_coupon":"N","sign_type":"MD5","sign":"57ba0efcfab19c1d685febe2d84d149b"}
[2017-08-02 10:35:04][info] 数据存储反馈成功！
[2017-08-02 10:35:04][info] success
[2017-08-02 10:35:04][info] 写入结束!!!
[2017-08-02 10:45:41][info] ----------------------------------------
[2017-08-02 10:45:41][info] {"discount":"0.00","payment_type":"1","trade_no":"2017080221001004950260771284","subject":"\u65b0\u7586\u91d1\u79cb\u5927\u73af\u7ebf","buyer_email":"laokang2002@qq.com","gmt_create":"2017-08-02 10:45:13","notify_type":"trade_status_sync","quantity":"1","out_trade_no":"LX-17080210163424501-e","seller_id":"2088421286007493","notify_time":"2017-08-02 10:45:41","body":"\u5580\u7eb3\u65af-\u79be\u6728-\u767d\u54c8\u5df4-\u8d5b\u91cc\u6728\u6e56-\u5df4\u97f3\u5e03\u9c81\u514b-\u5410\u9c81\u756a-\u5854\u91cc\u6728\u6cb3\u80e1\u6768\u679712\u65e5\u6df1\u5ea6\u6e38","trade_status":"TRADE_SUCCESS","is_total_fee_adjust":"N","total_fee":"2600.00","gmt_payment":"2017-08-02 10:45:40","seller_email":"2287684289@qq.com","price":"2600.00","buyer_id":"2088002117166950","notify_id":"5cb7dccefa665cca353d6d3f6bae4c3nby","use_coupon":"N","sign_type":"MD5","sign":"2fa91901b04255b198fc78a90ccc3430"}
[2017-08-02 10:45:41][info] 数据存储反馈成功！
[2017-08-02 10:45:41][info] success
[2017-08-02 10:45:41][info] 写入结束!!!
[2017-08-02 10:47:31][info] ----------------------------------------
[2017-08-02 10:47:31][info] {"discount":"0.00","payment_type":"1","trade_no":"2017080221001004950260798818","subject":"\u4e1d\u8def\u5dc5\u5cf0\u4f53\u9a8c\u4e5d\u65e5\u6e38B\u7ebf","buyer_email":"laokang2002@qq.com","gmt_create":"2017-08-02 10:47:17","notify_type":"trade_status_sync","quantity":"1","out_trade_no":"LX-17080210113184601-8","seller_id":"2088421286007493","notify_time":"2017-08-02 10:47:31","body":"\u9752\u6d77\u6e56-\u8336\u5361\u76d0\u6e56-\u9e23\u6c99\u5c71\u6708\u7259\u6cc9-\u83ab\u9ad8\u7a9f-\u96c5\u4e39\u9b54\u9b3c\u57ce-\u5609\u5cea\u5173-\u5f20\u6396\u4e39\u971e-\u9a6c\u8e44\u5bfa-\u5353\u5c14\u5c71\u8f7b\u5962\u52a8\u8f669\u65e5\u6e38","trade_status":"TRADE_SUCCESS","is_total_fee_adjust":"N","total_fee":"1990.00","gmt_payment":"2017-08-02 10:47:30","seller_email":"2287684289@qq.com","price":"1990.00","buyer_id":"2088002117166950","notify_id":"a3cdddde5d0b71613eb82b759cba4b7nby","use_coupon":"N","sign_type":"MD5","sign":"59f24e5126d56f50b987df7d14464ea3"}
[2017-08-02 10:47:31][info] 数据存储反馈成功！
[2017-08-02 10:47:31][info] success
[2017-08-02 10:47:31][info] 写入结束!!!
[2017-08-02 11:12:54][info] ----------------------------------------
[2017-08-02 11:12:54][info] {"discount":"0.00","payment_type":"1","trade_no":"2017080221001004390249566944","subject":"\u4e1d\u7ef8\u4e4b\u8def\u8f7b\u5962\u6e38","buyer_email":"cityceo@gmail.com","gmt_create":"2017-08-02 11:12:46","notify_type":"trade_status_sync","quantity":"1","out_trade_no":"LX-17062110253960201-8","seller_id":"2088421286007493","notify_time":"2017-08-02 11:12:54","body":"\u9752\u6d77\u6e56-\u8336\u5361\u76d0\u6e56-\u6c99\u5c9b-\u7941\u8fde\u5c71-\u5f20\u6396-\u5609\u5cea\u5173-\u6566\u714c9\u65e5\u6e38","trade_status":"TRADE_SUCCESS","is_total_fee_adjust":"N","total_fee":"6082.00","gmt_payment":"2017-08-02 11:12:54","seller_email":"2287684289@qq.com","price":"6082.00","buyer_id":"2088002030784392","notify_id":"45d8930bacd6062541e24fe0c7729d9j0e","use_coupon":"N","sign_type":"MD5","sign":"aebbab08b2afa40ccca66cee79492f67"}
[2017-08-02 11:12:54][info] 数据存储反馈成功！
[2017-08-02 11:12:54][info] success
[2017-08-02 11:12:54][info] 写入结束!!!
[2017-08-02 11:14:14][info] ----------------------------------------
[2017-08-02 11:14:14][info] {"discount":"0.00","payment_type":"1","trade_no":"2017080221001004390249553350","subject":"\u4e1d\u7ef8\u4e4b\u8def\u8f7b\u5962\u6e38","buyer_email":"cityceo@gmail.com","gmt_create":"2017-08-02 11:14:08","notify_type":"trade_status_sync","quantity":"1","out_trade_no":"LX-17062516492245606-b","seller_id":"2088421286007493","notify_time":"2017-08-02 11:14:14","body":"\u9752\u6d77\u6e56-\u8336\u5361\u76d0\u6e56-\u6c99\u5c9b-\u7941\u8fde\u5c71-\u5f20\u6396-\u5609\u5cea\u5173-\u6566\u714c9\u65e5\u6e38","trade_status":"TRADE_SUCCESS","is_total_fee_adjust":"N","total_fee":"4792.00","gmt_payment":"2017-08-02 11:14:14","seller_email":"2287684289@qq.com","price":"4792.00","buyer_id":"2088002030784392","notify_id":"f2c79a4aedc2dff31d70f94c95ee631j0e","use_coupon":"N","sign_type":"MD5","sign":"85fd414fe573fc0075d0589c2da2fbd8"}
[2017-08-02 11:14:14][info] 数据存储反馈成功！
[2017-08-02 11:14:14][info] success
[2017-08-02 11:14:14][info] 写入结束!!!
[2017-08-02 11:59:24][info] ----------------------------------------
[2017-08-02 11:59:24][info] {"discount":"0.00","payment_type":"1","trade_no":"2017080221001004480254102847","subject":"\u5317\u7586\u91d1\u79cb\u81f3\u5c0a10\u65e5\u6e38","buyer_email":"13926192433","gmt_create":"2017-08-02 11:59:00","notify_type":"trade_status_sync","quantity":"1","out_trade_no":"LX-17072522505579706-b","seller_id":"2088421286007493","notify_time":"2017-08-02 11:59:24","body":"38\u5c0f\u65f6\u79be\u6728-\u5580\u7eb3\u65af-\u767d\u54c8\u5df4-\u53ef\u53ef\u82cf\u91cc\u6e56-\u53ef\u53ef\u6258\u6d77-\u4e94\u5f69\u6ee9-\u9b54\u9b3c\u57ce10\u65e5\u5927\u73af\u7ebf","trade_status":"TRADE_SUCCESS","is_total_fee_adjust":"N","total_fee":"4800.00","gmt_payment":"2017-08-02 11:59:24","seller_email":"2287684289@qq.com","price":"4800.00","buyer_id":"2088512086552484","notify_id":"6562eb7002bff8431d81f09f02bd443jpe","use_coupon":"N","sign_type":"MD5","sign":"c312168b037fa0f080425fb63a58e3aa"}
[2017-08-02 11:59:24][info] 数据存储反馈成功！
[2017-08-02 11:59:24][info] success
[2017-08-02 11:59:24][info] 写入结束!!!
[2017-08-02 12:04:04][info] ----------------------------------------
[2017-08-02 12:04:04][info] {"discount":"0.00","payment_type":"1","trade_no":"2017080221001004560208499925","subject":"\u4e1d\u7ef8\u4e4b\u8def\u5168\u666f\u6e389\u65e5","buyer_email":"yudiantian99@163.com","gmt_create":"2017-08-02 12:03:00","notify_type":"trade_status_sync","quantity":"1","out_trade_no":"LX-17073019420836601-7","seller_id":"2088421286007493","notify_time":"2017-08-02 12:04:04","body":"\u72ec\u5bb6\u6c34\u4e0a\u9b54\u9b3c\u57ce-\u65e0\u4eba\u533a\u539f\u751f\u6001\u96c5\u4e39\u63a2\u79d8-\u9752\u6d77\u6e56-\u8336\u5361\u76d0\u6e56-\u83ab\u9ad8\u7a9f-\u9e23\u6c99\u5c71\u6708\u7259\u6cc9-\u5f20\u6396\u4e39\u971e-\u5353\u5c14\u5c719\u65e5\u6e38","trade_status":"TRADE_SUCCESS","is_total_fee_adjust":"N","total_fee":"5670.00","gmt_payment":"2017-08-02 12:04:03","seller_email":"2287684289@qq.com","price":"5670.00","buyer_id":"2088302002348563","notify_id":"98d817d780f519a80977a6660620fb5kbm","use_coupon":"N","sign_type":"MD5","sign":"d0c8cf6682cdcbb2f9b06a8341eea7b7"}
[2017-08-02 12:04:04][info] 数据存储反馈成功！
[2017-08-02 12:04:04][info] success
[2017-08-02 12:04:04][info] 写入结束!!!
[2017-08-02 14:24:04][info] ----------------------------------------
[2017-08-02 14:24:04][info] {"discount":"0.00","payment_type":"1","trade_no":"2017080221001004850279044612","subject":"\u4e1d\u8def\u5dc5\u5cf0\u4f53\u9a8c\u4e5d\u65e5\u6e38B\u7ebf","buyer_email":"18905172233","gmt_create":"2017-08-02 14:23:55","notify_type":"trade_status_sync","quantity":"1","out_trade_no":"LX-17071021492446506-3","seller_id":"2088421286007493","notify_time":"2017-08-02 14:24:04","body":"\u9752\u6d77\u6e56-\u8336\u5361\u76d0\u6e56-\u9e23\u6c99\u5c71\u6708\u7259\u6cc9-\u83ab\u9ad8\u7a9f-\u96c5\u4e39\u9b54\u9b3c\u57ce-\u5609\u5cea\u5173-\u5f20\u6396\u4e39\u971e-\u9a6c\u8e44\u5bfa-\u5353\u5c14\u5c71\u8f7b\u5962\u52a8\u8f669\u65e5\u6e38","trade_status":"TRADE_SUCCESS","is_total_fee_adjust":"N","total_fee":"6260.00","gmt_payment":"2017-08-02 14:24:03","seller_email":"2287684289@qq.com","price":"6260.00","buyer_id":"2088122279133853","notify_id":"340d3cf78b6aa930f9c88595245f7b1mk6","use_coupon":"N","sign_type":"MD5","sign":"26bf9f43c33ec40834064ec678dc17b7"}
[2017-08-02 14:24:04][info] 数据存储反馈成功！
[2017-08-02 14:24:04][info] success
[2017-08-02 14:24:04][info] 写入结束!!!
[2017-08-02 14:47:37][info] ----------------------------------------
[2017-08-02 14:47:37][info] {"discount":"0.00","payment_type":"1","trade_no":"2017080221001004000294147848","subject":"\u68a6\u4e2d\u5929\u5802","buyer_email":"zx7410@outlook.com","gmt_create":"2017-08-02 14:47:32","notify_type":"trade_status_sync","quantity":"1","out_trade_no":"LX-17073122595694606-1","seller_id":"2088421286007493","notify_time":"2017-08-02 14:47:37","body":"2017\u5e74\u7a3b\u57ce\u4e9a\u4e01-\u65b0\u90fd\u6865-\u4e39\u5df4-\u4e5d\u65e5\u6df1\u5ea6\u6e38","trade_status":"TRADE_SUCCESS","is_total_fee_adjust":"N","total_fee":"9540.00","gmt_payment":"2017-08-02 14:47:37","seller_email":"2287684289@qq.com","price":"9540.00","buyer_id":"2088002282555003","notify_id":"09ced4c3bb3d38df550245c5113a29cg02","use_coupon":"N","sign_type":"MD5","sign":"8f8746c9688095420894a396af4189e0"}
[2017-08-02 14:47:38][info] 数据存储反馈成功！
[2017-08-02 14:47:38][info] success
[2017-08-02 14:47:38][info] 写入结束!!!
[2017-08-02 16:29:48][info] ----------------------------------------
[2017-08-02 16:29:48][info] {"discount":"0.00","payment_type":"1","trade_no":"2017080221001004440263319444","subject":"\u5927\u7f8e\u8272\u7a3b","buyer_email":"sha1030@163.com","gmt_create":"2017-08-02 16:29:22","notify_type":"trade_status_sync","quantity":"1","out_trade_no":"LX-17073111554610301-6","seller_id":"2088421286007493","notify_time":"2017-08-02 16:29:48","body":"2017\u7a7f\u8fc7\u4f5b\u56fd\u51c0\u571f\uff0c\u8d70\u8fdb\u6700\u540e\u9999\u683c\u91cc\u62c9\u2014\u2014\u8272\u8fbe+\u7a3b\u57ce\u4e9a\u4e019\u65e5","trade_status":"TRADE_SUCCESS","is_total_fee_adjust":"N","total_fee":"7160.00","gmt_payment":"2017-08-02 16:29:48","seller_email":"2287684289@qq.com","price":"7160.00","buyer_id":"2088702808951440","notify_id":"68cfe79ccab99eba1f97fa985757ad9jea","use_coupon":"N","sign_type":"MD5","sign":"22d5f4a389f5b8258aeb6cc3f9ecaa97"}
[2017-08-02 16:29:48][info] 数据存储反馈成功！
[2017-08-02 16:29:48][info] success
[2017-08-02 16:29:48][info] 写入结束!!!
[2017-08-02 16:58:56][info] ----------------------------------------
[2017-08-02 16:58:56][info] {"discount":"0.00","payment_type":"1","trade_no":"2017080221001004410279828421","subject":"\u5fc3\u82b1\u8def\u653e","buyer_email":"shanru1988@163.com","gmt_create":"2017-08-02 16:58:46","notify_type":"trade_status_sync","quantity":"1","out_trade_no":"LX-17080117261669106-9","seller_id":"2088421286007493","notify_time":"2017-08-02 16:58:56","body":"\u5927\u7406\u53cc\u5eca\u3001\u6c99\u6eaa\u53e4\u9547\u3001\u4e3d\u6c5f\u53e4\u57ce\u3001\u9999\u683c\u91cc\u62c9\u3001\u6cf8\u6cbd\u6e567\u65e5\u6ec7\u897f\u5317\u5168\u666f\u6df1\u5ea6\u6e38","trade_status":"TRADE_SUCCESS","is_total_fee_adjust":"N","total_fee":"6800.00","gmt_payment":"2017-08-02 16:58:56","seller_email":"2287684289@qq.com","price":"6800.00","buyer_id":"2088002299483418","notify_id":"8e90ac4ae7d4f185f4c4424a584c078j5y","use_coupon":"N","sign_type":"MD5","sign":"f40c8ed423e3047a1a4eb948dc392645"}
[2017-08-02 16:58:56][info] 数据存储反馈成功！
[2017-08-02 16:58:56][info] success
[2017-08-02 16:58:56][info] 写入结束!!!
[2017-08-02 17:32:37][info] ----------------------------------------
[2017-08-02 17:32:37][info] {"discount":"0.00","payment_type":"1","trade_no":"2017080221001004460262759732","subject":"\u65b0\u7586\u5168\u666f","buyer_email":"303302506@qq.com","gmt_create":"2017-08-02 17:32:20","notify_type":"trade_status_sync","quantity":"1","out_trade_no":"LX-17070510430319106-5","seller_id":"2088421286007493","notify_time":"2017-08-02 17:32:37","body":"\u5580\u7eb3\u65af-\u79be\u6728-\u8d5b\u91cc\u6728\u6e56-\u85b0\u8863\u8349\u519c\u573a-\u5580\u62c9\u5cfb-\u90a3\u62c9\u63d0-\u5df4\u97f3\u5e03\u9c81\u514b-\u6c5f\u5e03\u62c9\u514b-\u4e94\u5f69\u6ee9-\u5410\u9c81\u756a13\u65e5\u6e38","trade_status":"TRADE_SUCCESS","is_total_fee_adjust":"N","total_fee":"8070.00","gmt_payment":"2017-08-02 17:32:37","seller_email":"2287684289@qq.com","price":"8070.00","buyer_id":"2088002479678461","notify_id":"70cdd50672dea520d34ac933d206ac7jju","use_coupon":"N","sign_type":"MD5","sign":"1fc6eead85d4068fd6bd7c3e673a836b"}
[2017-08-02 17:32:38][info] 数据存储反馈成功！
[2017-08-02 17:32:38][info] success
[2017-08-02 17:32:38][info] 写入结束!!!
[2017-08-02 18:02:44][info] ----------------------------------------
[2017-08-02 18:02:44][info] {"discount":"0.00","payment_type":"1","trade_no":"2017080221001004500210590523","subject":"\u5ddd\u5317\u7518\u5357","buyer_email":"1252304070@qq.com","gmt_create":"2017-08-02 18:02:16","notify_type":"trade_status_sync","quantity":"1","out_trade_no":"LX-17071119112469801-4","seller_id":"2088421286007493","notify_time":"2017-08-02 18:02:44","body":"2017\u5e74\u4e5d\u5be8\u9ec4\u9f99-\u5e74\u5b9d\u7389\u5219-\u4e5d\u66f2\u9ec4\u6cb3-\u82e5\u5c14\u76d6\u82b1\u6e568\u65e5\u6e38","trade_status":"TRADE_SUCCESS","is_total_fee_adjust":"N","total_fee":"4290.00","gmt_payment":"2017-08-02 18:02:44","seller_email":"2287684289@qq.com","price":"4290.00","buyer_id":"2088802882316501","notify_id":"6caa7e480bb10bdc775ab025a0a40a5juy","use_coupon":"N","sign_type":"MD5","sign":"bdc7ef84c6984361e08c891321afc571"}
[2017-08-02 18:02:45][info] 数据存储反馈成功！
[2017-08-02 18:02:45][info] success
[2017-08-02 18:02:45][info] 写入结束!!!
[2017-08-02 18:10:20][info] ----------------------------------------
[2017-08-02 18:10:20][info] {"discount":"0.00","payment_type":"1","trade_no":"2017080221001004360263565984","subject":"\u5317\u7586\u91d1\u79cb\u81f3\u5c0a10\u65e5\u6e38","buyer_email":"lucky.dog.cat@163.com","gmt_create":"2017-08-02 16:50:49","notify_type":"trade_status_sync","quantity":"1","out_trade_no":"LX-17071215525417901-9","seller_id":"2088421286007493","notify_time":"2017-08-02 18:10:20","body":"38\u5c0f\u65f6\u79be\u6728-\u5580\u7eb3\u65af-\u767d\u54c8\u5df4-\u53ef\u53ef\u82cf\u91cc\u6e56-\u53ef\u53ef\u6258\u6d77-\u4e94\u5f69\u6ee9-\u9b54\u9b3c\u57ce10\u65e5\u5927\u73af\u7ebf","trade_status":"TRADE_SUCCESS","is_total_fee_adjust":"N","total_fee":"7470.00","gmt_payment":"2017-08-02 18:10:20","seller_email":"2287684289@qq.com","price":"7470.00","buyer_id":"2088202217201360","notify_id":"0db359c17bad24f0ed478c257e578ccis2","use_coupon":"N","sign_type":"MD5","sign":"6ec403a58366387ed2c2e1ea68996704"}
[2017-08-02 18:10:21][info] 数据存储反馈成功！
[2017-08-02 18:10:21][info] success
[2017-08-02 18:10:21][info] 写入结束!!!
[2017-08-02 19:27:38][info] ----------------------------------------
[2017-08-02 19:27:38][info] {"discount":"0.00","payment_type":"1","trade_no":"2017080221001004380274761649","subject":"\u4e5d\u8272\u7518\u5357","buyer_email":"149390521@qq.com","gmt_create":"2017-08-02 19:27:28","notify_type":"trade_status_sync","quantity":"1","out_trade_no":"LX-17071210023328706-e","seller_id":"2088421286007493","notify_time":"2017-08-02 19:27:38","body":"\u62c9\u535c\u695e\u5bfa-\u6851\u79d1\u8349\u539f-\u624e\u5c15\u90a3-\u4e5d\u66f2\u9ec4\u6cb3\u7b2c\u4e00\u6e7e-\u82b1\u6e56-\u90ce\u6728\u5bfa6\u65e5\u6e38","trade_status":"TRADE_SUCCESS","is_total_fee_adjust":"N","total_fee":"6840.00","gmt_payment":"2017-08-02 19:27:38","seller_email":"2287684289@qq.com","price":"6840.00","buyer_id":"2088302092830388","notify_id":"eefafc19bab9f4d66a41df18d893aafixm","use_coupon":"N","sign_type":"MD5","sign":"4e5fd1af5f7cea7ee17d3c4e1112126b"}
[2017-08-02 19:27:38][info] 数据存储反馈成功！
[2017-08-02 19:27:38][info] success
[2017-08-02 19:27:38][info] 写入结束!!!
