[2017-06-30 09:28:04][info] ----------------------------------------
[2017-06-30 09:28:04][info] {"discount":"0.00","payment_type":"1","trade_no":"2017033121001004340242876069","subject":"\u5fbd\u676d\u53e4\u9053","buyer_email":"chachanuer@163.com","gmt_create":"2017-03-31 09:27:19","notify_type":"trade_status_sync","quantity":"1","out_trade_no":"LX-17033020115847201-0","seller_id":"2088421286007493","notify_time":"2017-06-30 09:28:04","body":"2017\u5168\u5e74\u8ba1\u5212\uff1a\u8f7b\u88c5\u5355\u65e5\u5f92\u6b65\u7a7f\u8d8a\uff0c\u72ec\u5bb6\u7b56\u5212\u2014\u2014\u7528\u201c\u6362\u5ba2\u201d\u884c\u4e3a\u4eb2\u8eab\u4f53\u4f1a\u53e4\u7ecf\u5546\u4e4b\u9053\uff08\u514d\u8d39\u63d0\u4f9b\u767b\u5c71\u6756\uff0c\u7ec4\u7ec7\u6237\u5916\u91ce\u708a\uff09","trade_status":"TRADE_FINISHED","is_total_fee_adjust":"N","total_fee":"380.00","gmt_payment":"2017-03-31 09:27:53","seller_email":"2287684289@qq.com","gmt_close":"2017-06-30 09:28:04","price":"380.00","buyer_id":"2088002282445340","notify_id":"46c452d68e66d2c8a948c1efd0e1cacimi","use_coupon":"N","sign_type":"MD5","sign":"9e9a3d97ac2af7713ec1d3d16c14c419"}
[2017-06-30 09:28:05][info] 数据存储反馈成功！
[2017-06-30 09:28:05][info] success
[2017-06-30 09:28:05][info] 写入结束!!!
[2017-06-30 10:14:32][info] ----------------------------------------
[2017-06-30 10:14:32][info] {"discount":"0.00","payment_type":"1","trade_no":"2017063021001004100218594997","subject":"\u4e1d\u8def\u5dc5\u5cf0\u4f53\u9a8c\u5341\u65e5\u6e38","buyer_email":"75108346@qq.com","gmt_create":"2017-06-30 10:14:02","notify_type":"trade_status_sync","quantity":"1","out_trade_no":"LX-17062520391923106-1","seller_id":"2088421286007493","notify_time":"2017-06-30 10:14:32","body":"\u6c99\u5c9b-\u9752\u6d77\u6e56-\u8336\u5361\u76d0\u6e56-\u7941\u8fde-\u5f20\u6396-\u5609\u5cea\u5173-\u6566\u714c\u5341\u65e5\u6e38","trade_status":"TRADE_SUCCESS","is_total_fee_adjust":"N","total_fee":"18900.00","gmt_payment":"2017-06-30 10:14:32","seller_email":"2287684289@qq.com","price":"18900.00","buyer_id":"2088002011893103","notify_id":"fe66681ad92d9ac6cee7dea6a3e2b0fgru","use_coupon":"N","sign_type":"MD5","sign":"f9c8e9b2f8c99a0807a13521149e7811"}
[2017-06-30 10:14:33][info] 数据存储反馈成功！
[2017-06-30 10:14:33][info] success
[2017-06-30 10:14:33][info] 写入结束!!!
[2017-06-30 10:25:31][info] ----------------------------------------
[2017-06-30 10:25:31][info] {"discount":"0.00","payment_type":"1","trade_no":"2017063021001004600238297345","subject":"\u65b0\u7586\u5168\u666f","buyer_email":"1092812824@qq.com","gmt_create":"2017-06-30 10:24:34","notify_type":"trade_status_sync","quantity":"1","out_trade_no":"LX-17063010143625206-a","seller_id":"2088421286007493","notify_time":"2017-06-30 10:25:31","body":"\u6c5f\u5e03\u62c9\u514b-\u4e94\u5f69\u6ee9-\u5580\u7eb3\u65af-\u79be\u6728-\u8d5b\u91cc\u6728\u6e56-\u85b0\u8863\u8349\u519c\u573a-\u5580\u62c9\u5cfb-\u90a3\u62c9\u63d0-\u5df4\u97f3\u5e03\u9c81\u514b-\u5410\u9c81\u756a13\u65e5\u6e38","trade_status":"TRADE_SUCCESS","is_total_fee_adjust":"N","total_fee":"26900.00","gmt_payment":"2017-06-30 10:25:31","seller_email":"2287684289@qq.com","price":"26900.00","buyer_id":"2088002548921605","notify_id":"49963d0b3d74a24f3503236e596a5cbkmq","use_coupon":"N","sign_type":"MD5","sign":"9b9063175cd5d0cf8449a9310624e192"}
[2017-06-30 10:25:31][info] 数据存储反馈成功！
[2017-06-30 10:25:31][info] success
[2017-06-30 10:25:31][info] 写入结束!!!
[2017-06-30 14:21:24][info] ----------------------------------------
[2017-06-30 14:21:24][info] {"discount":"0.00","payment_type":"1","trade_no":"2017063021001004570227178532","subject":"\u4e1d\u8def\u5dc5\u5cf0\u4f53\u9a8c\u4e5d\u65e5\u6e38B\u7ebf","buyer_email":"yanzi602@126.com","gmt_create":"2017-06-30 14:20:24","notify_type":"trade_status_sync","quantity":"1","out_trade_no":"LX-17063011521793406-2","seller_id":"2088421286007493","notify_time":"2017-06-30 14:21:24","body":"\u5170\u5dde-\u9e23\u6c99\u5c71\u6708\u7259\u6cc9-\u83ab\u9ad8\u7a9f-\u96c5\u4e39\u9b54\u9b3c\u57ce-\u6566\u714c\u535a\u7269\u9986-\u5609\u5cea\u5173-\u5f20\u6396\u4e39\u971e-\u9a6c\u8e44\u5bfa-\u5353\u5c14\u5c71-\u8336\u5361\u76d0\u6e56-\u9752\u6d77\u6e569\u65e5\u6e38","trade_status":"TRADE_SUCCESS","is_total_fee_adjust":"N","total_fee":"14120.00","gmt_payment":"2017-06-30 14:21:23","seller_email":"2287684289@qq.com","price":"14120.00","buyer_id":"2088002371706576","notify_id":"0f3a2c175f46eaf6c12985c4ae5ddcckee","use_coupon":"N","sign_type":"MD5","sign":"559c826b7d5e4efaa7252ba9cf4099f9"}
[2017-06-30 14:21:25][info] 数据存储反馈成功！
[2017-06-30 14:21:25][info] success
[2017-06-30 14:21:25][info] 写入结束!!!
[2017-06-30 14:39:28][info] ----------------------------------------
[2017-06-30 14:39:28][info] {"discount":"0.00","payment_type":"1","trade_no":"2017063021001004080221890025","subject":"\u5580\u7eb3\u65af\u4e4b\u590f","buyer_email":"13609648098","gmt_create":"2017-06-30 14:38:43","notify_type":"trade_status_sync","quantity":"1","out_trade_no":"LX-17063012083375401-2","seller_id":"2088421286007493","notify_time":"2017-06-30 14:39:28","body":"2017\u5e747\uff5e8\u6708 \u5929\u6c60-\u5410\u9c81\u756a-\u9b54\u9b3c\u57ce-\u79be\u6728-\u5580\u7eb3\u65af-\u767d\u54c8\u5df4-\u4e94\u5f69\u6ee9\u6df1\u5ea6\u4e5d\u65e5\u6e38","trade_status":"TRADE_SUCCESS","is_total_fee_adjust":"N","total_fee":"7020.00","gmt_payment":"2017-06-30 14:39:28","seller_email":"2287684289@qq.com","price":"7020.00","buyer_id":"2088522189921085","notify_id":"f524bac7eced89036a7521864a517c2gma","use_coupon":"N","sign_type":"MD5","sign":"11f85e20fe103e360caba2344b50d5a3"}
[2017-06-30 14:39:29][info] 数据存储反馈成功！
[2017-06-30 14:39:29][info] success
[2017-06-30 14:39:29][info] 写入结束!!!
[2017-06-30 14:45:01][info] ----------------------------------------
[2017-06-30 14:45:01][info] {"discount":"0.00","payment_type":"1","trade_no":"2017033121001004680233226420","subject":"\u5fbd\u676d\u53e4\u9053","buyer_email":"15957120327","gmt_create":"2017-03-31 14:43:50","notify_type":"trade_status_sync","quantity":"1","out_trade_no":"LX-17033114395444706-c","seller_id":"2088421286007493","notify_time":"2017-06-30 14:45:01","body":"2017\u5168\u5e74\u8ba1\u5212\uff1a\u8f7b\u88c5\u5355\u65e5\u5f92\u6b65\u7a7f\u8d8a\uff0c\u72ec\u5bb6\u7b56\u5212\u2014\u2014\u7528\u201c\u6362\u5ba2\u201d\u884c\u4e3a\u4eb2\u8eab\u4f53\u4f1a\u53e4\u7ecf\u5546\u4e4b\u9053\uff08\u514d\u8d39\u63d0\u4f9b\u767b\u5c71\u6756\uff0c\u7ec4\u7ec7\u6237\u5916\u91ce\u708a\uff09","trade_status":"TRADE_FINISHED","is_total_fee_adjust":"N","total_fee":"380.00","gmt_payment":"2017-03-31 14:44:01","seller_email":"2287684289@qq.com","gmt_close":"2017-06-30 14:45:01","price":"380.00","buyer_id":"2088012126198680","notify_id":"85ab383d766ffa930bff1ef0bc91900l8y","use_coupon":"N","sign_type":"MD5","sign":"e9d974fa54598960019171389d5f88c0"}
[2017-06-30 14:45:01][info] 数据存储反馈成功！
[2017-06-30 14:45:01][info] success
[2017-06-30 14:45:01][info] 写入结束!!!
[2017-06-30 15:10:50][info] ----------------------------------------
[2017-06-30 15:10:50][info] {"discount":"0.00","payment_type":"1","trade_no":"2017033121001004800273907624","subject":"\u5fbd\u676d\u53e4\u9053","buyer_email":"314291216@qq.com","gmt_create":"2017-03-31 15:09:58","notify_type":"trade_status_sync","quantity":"1","out_trade_no":"LX-17033113541725501-7","seller_id":"2088421286007493","notify_time":"2017-06-30 15:10:50","body":"2017\u5168\u5e74\u8ba1\u5212\uff1a\u8f7b\u88c5\u5355\u65e5\u5f92\u6b65\u7a7f\u8d8a\uff0c\u72ec\u5bb6\u7b56\u5212\u2014\u2014\u7528\u201c\u6362\u5ba2\u201d\u884c\u4e3a\u4eb2\u8eab\u4f53\u4f1a\u53e4\u7ecf\u5546\u4e4b\u9053\uff08\u514d\u8d39\u63d0\u4f9b\u767b\u5c71\u6756\uff0c\u7ec4\u7ec7\u6237\u5916\u91ce\u708a\uff09","trade_status":"TRADE_FINISHED","is_total_fee_adjust":"N","total_fee":"190.00","gmt_payment":"2017-03-31 15:10:07","seller_email":"2287684289@qq.com","gmt_close":"2017-06-30 15:10:50","price":"190.00","buyer_id":"2088202919094806","notify_id":"c728d0c57e25c2c71d08a32be30f562m6a","use_coupon":"N","sign_type":"MD5","sign":"60cd2f9069db9b7fec7c78f3e9fcf1e7"}
[2017-06-30 15:10:50][info] 数据存储反馈成功！
[2017-06-30 15:10:50][info] success
[2017-06-30 15:10:50][info] 写入结束!!!
[2017-06-30 15:23:41][info] ----------------------------------------
[2017-06-30 15:23:41][info] {"discount":"0.00","payment_type":"1","trade_no":"2017063021001004520234510084","subject":"\u4e1d\u8def\u5dc5\u5cf0\u4f53\u9a8c\u4e5d\u65e5\u6e38B\u7ebf","buyer_email":"chaixianghui@163.com","gmt_create":"2017-06-30 15:23:21","notify_type":"trade_status_sync","quantity":"1","out_trade_no":"LX-17060921425868001-1","seller_id":"2088421286007493","notify_time":"2017-06-30 15:23:41","body":"\u5170\u5dde-\u9e23\u6c99\u5c71\u6708\u7259\u6cc9-\u83ab\u9ad8\u7a9f-\u96c5\u4e39\u9b54\u9b3c\u57ce-\u6566\u714c\u535a\u7269\u9986-\u5609\u5cea\u5173-\u5f20\u6396\u4e39\u971e-\u9a6c\u8e44\u5bfa-\u5353\u5c14\u5c71-\u8336\u5361\u76d0\u6e56-\u9752\u6d77\u6e569\u65e5\u6e38","trade_status":"TRADE_SUCCESS","is_total_fee_adjust":"N","total_fee":"7960.00","gmt_payment":"2017-06-30 15:23:41","seller_email":"2287684289@qq.com","price":"7960.00","buyer_id":"2088302148172523","notify_id":"b094e60e9f472c1c4c4bfede96af39ek0i","use_coupon":"N","sign_type":"MD5","sign":"5fad7464f40cd1dba95adcd75fcdfad6"}
[2017-06-30 15:23:42][info] 数据存储反馈成功！
[2017-06-30 15:23:42][info] success
[2017-06-30 15:23:42][info] 写入结束!!!
[2017-06-30 15:46:30][info] ----------------------------------------
[2017-06-30 15:46:30][info] {"discount":"0.00","payment_type":"1","trade_no":"2017063021001004430282871753","subject":"\u4e1d\u7ef8\u4e4b\u8def\u7ecf\u5178\u4e5d\u65e5","buyer_email":"13957071190","gmt_create":"2017-06-30 15:46:13","notify_type":"trade_status_sync","quantity":"1","out_trade_no":"LX-17063015311373201-e","seller_id":"2088421286007493","notify_time":"2017-06-30 15:46:30","body":"\u6c99\u5c9b-\u9752\u6d77\u6e56-\u8336\u5361\u76d0\u6e56-\u5353\u5c14\u5c71-\u5f20\u6396\u4e39\u971e-\u5609\u5cea\u5173-\u6566\u714c9\u65e5\u6e38","trade_status":"TRADE_SUCCESS","is_total_fee_adjust":"N","total_fee":"5760.00","gmt_payment":"2017-06-30 15:46:29","seller_email":"2287684289@qq.com","price":"5760.00","buyer_id":"2088422562409433","notify_id":"e1e71c672bd13649b0dcf023b617cc3jbi","use_coupon":"N","sign_type":"MD5","sign":"ac848298fb9ef881f7cc34673991f8d5"}
[2017-06-30 15:46:30][info] 数据存储反馈成功！
[2017-06-30 15:46:30][info] success
[2017-06-30 15:46:30][info] 写入结束!!!
[2017-06-30 16:30:52][info] ----------------------------------------
[2017-06-30 16:30:52][info] {"discount":"0.00","payment_type":"1","trade_no":"2017063021001004630279106076","subject":"\u8d35\u5dde\u5168\u666f\u6e38","buyer_email":"13861604323","gmt_create":"2017-06-30 16:30:19","notify_type":"trade_status_sync","quantity":"1","out_trade_no":"LX-17062910071222306-4","seller_id":"2088421286007493","notify_time":"2017-06-30 16:30:52","body":"\u79d8\u5883\u8302\u5170-\u8354\u6ce2-\u9ed4\u4e1c\u5357-\u9547\u8fdc-\u897f\u6c5f\u82d7\u5be8-\u9ec4\u679c\u6811\u6df1\u5ea6\u7eaf\u73a9\u4e5d\u65e5\u6e38","trade_status":"TRADE_SUCCESS","is_total_fee_adjust":"N","total_fee":"3880.00","gmt_payment":"2017-06-30 16:30:51","seller_email":"2287684289@qq.com","price":"3880.00","buyer_id":"2088802949076638","notify_id":"1ff4686d3cb0b400a39344db6cc0bcekv2","use_coupon":"N","sign_type":"MD5","sign":"2e6633ea832e1678ab5c68d7137e562b"}
[2017-06-30 16:30:52][info] 数据存储反馈成功！
[2017-06-30 16:30:52][info] success
[2017-06-30 16:30:52][info] 写入结束!!!
[2017-06-30 16:40:44][info] ----------------------------------------
[2017-06-30 16:40:44][info] {"discount":"0.00","payment_type":"1","trade_no":"2017063021001004520234617911","subject":"\u8d35\u5dde\u5168\u666f\u6e38","buyer_email":"13386222288","gmt_create":"2017-06-30 16:40:26","notify_type":"trade_status_sync","quantity":"1","out_trade_no":"LX-17063013114650306-6","seller_id":"2088421286007493","notify_time":"2017-06-30 16:40:43","body":"\u79d8\u5883\u8302\u5170-\u8354\u6ce2-\u9ed4\u4e1c\u5357-\u9547\u8fdc-\u897f\u6c5f\u82d7\u5be8-\u9ec4\u679c\u6811\u6df1\u5ea6\u7eaf\u73a9\u4e5d\u65e5\u6e38","trade_status":"TRADE_SUCCESS","is_total_fee_adjust":"N","total_fee":"3900.00","gmt_payment":"2017-06-30 16:40:43","seller_email":"2287684289@qq.com","price":"3900.00","buyer_id":"2088412837468524","notify_id":"d503ccf5b30263e0a77690f8409e416k0i","use_coupon":"N","sign_type":"MD5","sign":"c938466b65e67606bb3badae94b89a87"}
[2017-06-30 16:40:44][info] 数据存储反馈成功！
[2017-06-30 16:40:44][info] success
[2017-06-30 16:40:44][info] 写入结束!!!
[2017-06-30 16:40:55][info] ----------------------------------------
[2017-06-30 16:40:55][info] {"discount":"0.00","payment_type":"1","trade_no":"2017063021001004670228244116","subject":"\u4e1d\u7ef8\u4e4b\u8def\u7ecf\u5178\u4e5d\u65e5","buyer_email":"353550612@qq.com","gmt_create":"2017-06-30 16:40:15","notify_type":"trade_status_sync","quantity":"1","out_trade_no":"LX-1706301611173101-e","seller_id":"2088421286007493","notify_time":"2017-06-30 16:40:55","body":"\u6c99\u5c9b-\u9752\u6d77\u6e56-\u8336\u5361\u76d0\u6e56-\u5353\u5c14\u5c71-\u5f20\u6396\u4e39\u971e-\u5609\u5cea\u5173-\u6566\u714c9\u65e5\u6e38","trade_status":"TRADE_SUCCESS","is_total_fee_adjust":"N","total_fee":"28440.00","gmt_payment":"2017-06-30 16:40:54","seller_email":"2287684289@qq.com","price":"28440.00","buyer_id":"2088202361995672","notify_id":"dcaa91eaecc96ea05ecbd5dd2c5cd41l66","use_coupon":"N","sign_type":"MD5","sign":"a32acfba787cd006ef638400a7fa2b04"}
[2017-06-30 16:40:55][info] 数据存储反馈成功！
[2017-06-30 16:40:55][info] success
[2017-06-30 16:40:55][info] 写入结束!!!
[2017-06-30 17:14:54][info] ----------------------------------------
[2017-06-30 17:14:54][info] {"discount":"0.00","payment_type":"1","trade_no":"2017063021001004780276341533","subject":"\u4e1d\u8def\u5dc5\u5cf0\u4f53\u9a8c\u5341\u65e5\u6e38","buyer_email":"13621344113","gmt_create":"2017-06-30 17:14:43","notify_type":"trade_status_sync","quantity":"1","out_trade_no":"LX-17062922460677801-9","seller_id":"2088421286007493","notify_time":"2017-06-30 17:14:54","body":"\u6c99\u5c9b-\u9752\u6d77\u6e56-\u8336\u5361\u76d0\u6e56-\u7941\u8fde-\u5f20\u6396-\u5609\u5cea\u5173-\u6566\u714c\u5341\u65e5\u6e38","trade_status":"TRADE_SUCCESS","is_total_fee_adjust":"N","total_fee":"6270.00","gmt_payment":"2017-06-30 17:14:54","seller_email":"2287684289@qq.com","price":"6270.00","buyer_id":"2088022631328780","notify_id":"2c5b82c2af270f86a01f25789757ff5m0q","use_coupon":"N","sign_type":"MD5","sign":"a2f3beaffb74d1d4659c5d0b48886dc6"}
[2017-06-30 17:14:55][info] 数据存储反馈成功！
[2017-06-30 17:14:55][info] success
[2017-06-30 17:14:55][info] 写入结束!!!
[2017-06-30 17:24:27][info] ----------------------------------------
[2017-06-30 17:24:27][info] {"discount":"0.00","payment_type":"1","trade_no":"2017063021001004480295146013","subject":"\u4e1d\u8def\u5dc5\u5cf0\u4f53\u9a8c\u5341\u65e5\u6e38","buyer_email":"13680363601","gmt_create":"2017-06-30 17:23:24","notify_type":"trade_status_sync","quantity":"1","out_trade_no":"LX-17063016573299101-e","seller_id":"2088421286007493","notify_time":"2017-06-30 17:24:27","body":"\u6c99\u5c9b-\u9752\u6d77\u6e56-\u8336\u5361\u76d0\u6e56-\u7941\u8fde-\u5f20\u6396-\u5609\u5cea\u5173-\u6566\u714c\u5341\u65e5\u6e38","trade_status":"TRADE_SUCCESS","is_total_fee_adjust":"N","total_fee":"8360.00","gmt_payment":"2017-06-30 17:24:26","seller_email":"2287684289@qq.com","price":"8360.00","buyer_id":"2088902238208486","notify_id":"b2a17a7f5b2e31a75b3f4c1d1aeff7fjpe","use_coupon":"N","sign_type":"MD5","sign":"5e26220008e3bf28c7fdadc917fb3a78"}
[2017-06-30 17:24:27][info] 数据存储反馈成功！
[2017-06-30 17:24:27][info] success
[2017-06-30 17:24:27][info] 写入结束!!!
[2017-06-30 18:04:43][info] ----------------------------------------
[2017-06-30 18:04:43][info] {"discount":"0.00","payment_type":"1","trade_no":"2017063021001004480295247059","subject":"\u7518\u5357\u5168\u666f","buyer_email":"xacg2010@163.com","gmt_create":"2017-06-30 18:04:18","notify_type":"trade_status_sync","quantity":"1","out_trade_no":"LX-17063017033855401-9","seller_id":"2088421286007493","notify_time":"2017-06-30 18:04:43","body":"2017\u5e74\u72ec\u5bb6  \u62c9\u535c\u695e\u5bfa-\u624e\u5c15\u90a3-\u82b1\u6e56-\u5e74\u5b9d\u7389\u5219-\u82e5\u5c14\u76d6\u8349\u539f-\u963f\u4e07\u4ed3\u6e7f\u5730-\u5c15\u6d77\u6e56-\u90ce\u6728\u5bfa 8\u65e5\u6e38","trade_status":"TRADE_SUCCESS","is_total_fee_adjust":"N","total_fee":"3215.00","gmt_payment":"2017-06-30 18:04:42","seller_email":"2287684289@qq.com","price":"3215.00","buyer_id":"2088202855812483","notify_id":"09f7a797c9a587f8d3b8875d30eeb4djpe","use_coupon":"N","sign_type":"MD5","sign":"2aa2d5dbd29f1f2616b4cd73fbf52204"}
[2017-06-30 18:04:43][info] 数据存储反馈成功！
[2017-06-30 18:04:43][info] success
[2017-06-30 18:04:43][info] 写入结束!!!
[2017-06-30 18:54:22][info] ----------------------------------------
[2017-06-30 18:54:22][info] {"discount":"0.00","payment_type":"1","trade_no":"2017063021001004000234370855","subject":"\u4e1d\u8def\u5dc5\u5cf0\u4f53\u9a8c\u4e5d\u65e5\u6e38B\u7ebf","buyer_email":"15838310906","gmt_create":"2017-06-30 18:50:17","notify_type":"trade_status_sync","quantity":"1","out_trade_no":"LX-17063015122318906-7","seller_id":"2088421286007493","notify_time":"2017-06-30 18:54:22","body":"\u5170\u5dde-\u9e23\u6c99\u5c71\u6708\u7259\u6cc9-\u83ab\u9ad8\u7a9f-\u96c5\u4e39\u9b54\u9b3c\u57ce-\u6566\u714c\u535a\u7269\u9986-\u5609\u5cea\u5173-\u5f20\u6396\u4e39\u971e-\u9a6c\u8e44\u5bfa-\u5353\u5c14\u5c71-\u8336\u5361\u76d0\u6e56-\u9752\u6d77\u6e569\u65e5\u6e38","trade_status":"TRADE_SUCCESS","is_total_fee_adjust":"N","total_fee":"7960.00","gmt_payment":"2017-06-30 18:54:21","seller_email":"2287684289@qq.com","price":"7960.00","buyer_id":"2088302545957002","notify_id":"78818c5c30bc90ed25efb81e1a0df96g02","use_coupon":"N","sign_type":"MD5","sign":"e6f3ba3cb128e1a7fb5bea0f1e78fb6e"}
[2017-06-30 18:54:22][info] 数据存储反馈成功！
[2017-06-30 18:54:22][info] success
[2017-06-30 18:54:22][info] 写入结束!!!
[2017-06-30 18:56:15][info] ----------------------------------------
[2017-06-30 18:56:15][info] {"discount":"0.00","payment_type":"1","trade_no":"2017063021001004320223470901","subject":"\u4e1d\u8def\u5dc5\u5cf0\u4f53\u9a8c\u5341\u65e5\u6e38","buyer_email":"15278406998","gmt_create":"2017-06-30 18:55:47","notify_type":"trade_status_sync","quantity":"1","out_trade_no":"LX-17063018292750706-d","seller_id":"2088421286007493","notify_time":"2017-06-30 18:56:15","body":"\u6c99\u5c9b-\u9752\u6d77\u6e56-\u8336\u5361\u76d0\u6e56-\u7941\u8fde-\u5f20\u6396-\u5609\u5cea\u5173-\u6566\u714c\u5341\u65e5\u6e38","trade_status":"TRADE_SUCCESS","is_total_fee_adjust":"N","total_fee":"6270.00","gmt_payment":"2017-06-30 18:56:14","seller_email":"2287684289@qq.com","price":"6270.00","buyer_id":"2088802323369327","notify_id":"dc957ae1a35fda186486cdbe1a55ccdigy","use_coupon":"N","sign_type":"MD5","sign":"795acd883882e18125b8fd65f79838d9"}
[2017-06-30 18:56:15][info] 数据存储反馈成功！
[2017-06-30 18:56:15][info] success
[2017-06-30 18:56:15][info] 写入结束!!!
[2017-06-30 21:26:03][info] ----------------------------------------
[2017-06-30 21:26:03][info] {"discount":"0.00","payment_type":"1","trade_no":"2017033121001004970257217848","subject":"\u65e9\u6625\u65b0\u7586","buyer_email":"liangtaifu008@yahoo.com.cn","gmt_create":"2017-03-31 21:25:20","notify_type":"trade_status_sync","quantity":"1","out_trade_no":"LX-17033020395335106-2","seller_id":"2088421286007493","notify_time":"2017-06-30 21:26:03","body":"\u4f0a\u7281\u674f\u82b1\u6c9f-\u7ea2\u5c71\u5927\u5ce1\u8c37-\u8d5b\u91cc\u6728\u6e56-\u5e93\u6728\u5854\u683c\u6c99\u6f208\u65e5\u6df1\u5ea6\u6e38","trade_status":"TRADE_FINISHED","is_total_fee_adjust":"N","total_fee":"800.00","gmt_payment":"2017-03-31 21:25:27","seller_email":"2287684289@qq.com","gmt_close":"2017-06-30 21:26:03","price":"800.00","buyer_id":"2088402388910971","notify_id":"ffe4b47ed51d4a02c0807f3a58f5cecnhi","use_coupon":"N","sign_type":"MD5","sign":"e97a2a9f107c1c369632bea163d51131"}
[2017-06-30 21:26:03][info] 数据存储反馈成功！
[2017-06-30 21:26:03][info] success
[2017-06-30 21:26:03][info] 写入结束!!!
[2017-06-30 22:02:27][info] ----------------------------------------
[2017-06-30 22:02:27][info] {"discount":"0.00","payment_type":"1","trade_no":"2017063021001004280226214965","subject":"\u4e1d\u8def\u5dc5\u5cf0\u4f53\u9a8c\u5341\u65e5\u6e38","buyer_email":"18905539900@189.cn","gmt_create":"2017-06-30 22:02:07","notify_type":"trade_status_sync","quantity":"1","out_trade_no":"LX-1706261929014201-2","seller_id":"2088421286007493","notify_time":"2017-06-30 22:02:27","body":"\u6c99\u5c9b-\u9752\u6d77\u6e56-\u8336\u5361\u76d0\u6e56-\u7941\u8fde-\u5f20\u6396-\u5609\u5cea\u5173-\u6566\u714c\u5341\u65e5\u6e38","trade_status":"TRADE_SUCCESS","is_total_fee_adjust":"N","total_fee":"4180.00","gmt_payment":"2017-06-30 22:02:27","seller_email":"2287684289@qq.com","price":"4180.00","buyer_id":"2088012249835280","notify_id":"65c4a133290ee3f693d3d2cd2c03869i5u","use_coupon":"N","sign_type":"MD5","sign":"1dbc3234dbc2869320f98e94c5f44267"}
[2017-06-30 22:02:27][info] 数据存储反馈成功！
[2017-06-30 22:02:27][info] success
[2017-06-30 22:02:27][info] 写入结束!!!
[2017-06-30 22:20:42][info] ----------------------------------------
[2017-06-30 22:20:42][info] {"discount":"0.00","payment_type":"1","trade_no":"2017063021001004990233964057","subject":"\u4e1d\u8def\u5dc5\u5cf0\u4f53\u9a8c\u5341\u65e5\u6e38","buyer_email":"543868359@qq.com","gmt_create":"2017-06-30 22:20:21","notify_type":"trade_status_sync","quantity":"1","out_trade_no":"LX-17063022094250306-a","seller_id":"2088421286007493","notify_time":"2017-06-30 22:20:42","body":"\u6c99\u5c9b-\u9752\u6d77\u6e56-\u8336\u5361\u76d0\u6e56-\u7941\u8fde-\u5f20\u6396-\u5609\u5cea\u5173-\u6566\u714c\u5341\u65e5\u6e38","trade_status":"TRADE_SUCCESS","is_total_fee_adjust":"N","total_fee":"4180.00","gmt_payment":"2017-06-30 22:20:42","seller_email":"2287684289@qq.com","price":"4180.00","buyer_id":"2088202300491993","notify_id":"02f24f0da0239729d8b450e39797266nn2","use_coupon":"N","sign_type":"MD5","sign":"2d73a1ad9b450df3699daa4e6e0ed8ba"}
[2017-06-30 22:20:43][info] 数据存储反馈成功！
[2017-06-30 22:20:43][info] success
[2017-06-30 22:20:43][info] 写入结束!!!
[2017-06-30 23:17:34][info] ----------------------------------------
[2017-06-30 23:17:34][info] {"discount":"0.00","payment_type":"1","trade_no":"2017063021001004810207598074","subject":"\u4e1d\u8def\u5dc5\u5cf0\u4f53\u9a8c\u4e5d\u65e5\u6e38B\u7ebf","buyer_email":"13306010849@189.cn","gmt_create":"2017-06-30 23:17:21","notify_type":"trade_status_sync","quantity":"1","out_trade_no":"LX-17063022004141006-7","seller_id":"2088421286007493","notify_time":"2017-06-30 23:17:33","body":"\u5170\u5dde-\u9e23\u6c99\u5c71\u6708\u7259\u6cc9-\u83ab\u9ad8\u7a9f-\u96c5\u4e39\u9b54\u9b3c\u57ce-\u6566\u714c\u535a\u7269\u9986-\u5609\u5cea\u5173-\u5f20\u6396\u4e39\u971e-\u9a6c\u8e44\u5bfa-\u5353\u5c14\u5c71-\u8336\u5361\u76d0\u6e56-\u9752\u6d77\u6e569\u65e5\u6e38","trade_status":"TRADE_SUCCESS","is_total_fee_adjust":"N","total_fee":"10140.00","gmt_payment":"2017-06-30 23:17:33","seller_email":"2287684289@qq.com","price":"10140.00","buyer_id":"2088112851614816","notify_id":"a8e442b76971a036e2afc4850b327f6m92","use_coupon":"N","sign_type":"MD5","sign":"4e4b291dfb9a26b334cde5941d3bb92f"}
[2017-06-30 23:17:34][info] 数据存储反馈成功！
[2017-06-30 23:17:34][info] success
[2017-06-30 23:17:34][info] 写入结束!!!
