[2017-09-20 10:10:49][info] ----------------------------------------
[2017-09-20 10:10:49][info] {"discount":"0.00","payment_type":"1","trade_no":"2017092021001004580205214140","subject":"\u989d\u6d4e\u7eb3\u5168\u666f","buyer_email":"nic123xw@163.com","gmt_create":"2017-09-20 10:10:41","notify_type":"trade_status_sync","quantity":"1","out_trade_no":"LX-17091022014577206-2","seller_id":"2088421286007493","notify_time":"2017-09-20 10:10:49","body":"\u989d\u6d4e\u7eb3\u80e1\u6768\u6797-\u6566\u714c\u5168\u666f-\u5df4\u4e39\u5409\u6797-\u5f20\u6396\u4e39\u971e-\u5609\u5cea\u5173-\u91d1\u5854\u80e1\u6768\u6797-\u52a8\u8f668\u65e5","trade_status":"TRADE_SUCCESS","is_total_fee_adjust":"N","total_fee":"2040.00","gmt_payment":"2017-09-20 10:10:49","seller_email":"2287684289@qq.com","price":"2040.00","buyer_id":"2088002338698582","notify_id":"7ef5c327614dc985673668eadba7338kh6","use_coupon":"N","sign_type":"MD5","sign":"ba866e0cadf3fe41af7917f11f339293"}
[2017-09-20 10:10:50][info] 数据存储反馈成功！
[2017-09-20 10:10:50][info] success
[2017-09-20 10:10:50][info] 写入结束!!!
[2017-09-20 10:22:31][info] ----------------------------------------
[2017-09-20 10:22:31][info] {"discount":"0.00","payment_type":"1","trade_no":"2017092021001004040522242360","subject":"\u989d\u6d4e\u7eb3\u5168\u666f","buyer_email":"kkchgj@hotmail.com","gmt_create":"2017-09-20 10:22:19","notify_type":"trade_status_sync","quantity":"1","out_trade_no":"LX-17091922273566101-7","seller_id":"2088421286007493","notify_time":"2017-09-20 10:22:31","body":"\u989d\u6d4e\u7eb3\u80e1\u6768\u6797-\u6566\u714c\u5168\u666f-\u5df4\u4e39\u5409\u6797-\u5f20\u6396\u4e39\u971e-\u5609\u5cea\u5173-\u91d1\u5854\u80e1\u6768\u6797-\u52a8\u8f668\u65e5","trade_status":"TRADE_SUCCESS","is_total_fee_adjust":"N","total_fee":"8170.00","gmt_payment":"2017-09-20 10:22:30","seller_email":"2287684289@qq.com","price":"8170.00","buyer_id":"2088302830412041","notify_id":"dccc2fdbbc5af488e84c73cd85fc649gb9","use_coupon":"N","sign_type":"MD5","sign":"73b346b6f1e04514f144a114dd2ccc0d"}
[2017-09-20 10:22:31][info] 数据存储反馈成功！
[2017-09-20 10:22:31][info] success
[2017-09-20 10:22:31][info] 写入结束!!!
[2017-09-20 10:27:23][info] ----------------------------------------
[2017-09-20 10:27:23][info] {"discount":"0.00","payment_type":"1","trade_no":"2017092021001004040522280227","subject":"\u989d\u6d4e\u7eb3\u5168\u666f","buyer_email":"kkchgj@hotmail.com","gmt_create":"2017-09-20 10:27:00","notify_type":"trade_status_sync","quantity":"1","out_trade_no":"LX-17091922273566101-b","seller_id":"2088421286007493","notify_time":"2017-09-20 10:27:22","body":"\u989d\u6d4e\u7eb3\u80e1\u6768\u6797-\u6566\u714c\u5168\u666f-\u5df4\u4e39\u5409\u6797-\u5f20\u6396\u4e39\u971e-\u5609\u5cea\u5173-\u91d1\u5854\u80e1\u6768\u6797-\u52a8\u8f668\u65e5","trade_status":"TRADE_SUCCESS","is_total_fee_adjust":"N","total_fee":"8170.00","gmt_payment":"2017-09-20 10:27:22","seller_email":"2287684289@qq.com","price":"8170.00","buyer_id":"2088302830412041","notify_id":"0acce0c47135c874c1358a3f3908ea8gb9","use_coupon":"N","sign_type":"MD5","sign":"34c2417ebbc57c7dc821cee15c064ddc"}
[2017-09-20 10:27:23][info] 数据存储反馈成功！
[2017-09-20 10:27:23][info] success
[2017-09-20 10:27:23][info] 写入结束!!!
[2017-09-20 10:31:54][info] ----------------------------------------
[2017-09-20 10:31:54][info] {"discount":"0.00","payment_type":"1","trade_no":"2017092021001004340260173030","subject":"\u5927\u6f20\u4f20\u5947","buyer_email":"42272673@qq.com","gmt_create":"2017-09-20 10:31:45","notify_type":"trade_status_sync","quantity":"1","out_trade_no":"LX-17082410034378701-4","seller_id":"2088421286007493","notify_time":"2017-09-20 10:31:54","body":"\u989d\u6d4e\u7eb3\u80e1\u6768\u6797-\u5df4\u4e39\u5409\u6797\u8179\u5730-\u9752\u6d77\u6e56-\u8336\u5361\u76d0\u6e56-\u6c34\u4e0a\u96c5\u4e39-\u6566\u714c12\u65e5\u5927\u73af\u7ebf","trade_status":"TRADE_SUCCESS","is_total_fee_adjust":"N","total_fee":"6380.00","gmt_payment":"2017-09-20 10:31:53","seller_email":"2287684289@qq.com","price":"6380.00","buyer_id":"2088302497856345","notify_id":"cc11df4ab2de336ce18a43759a1bf83imi","use_coupon":"N","sign_type":"MD5","sign":"c752edd4a5c4b3105c88418d6c95b97f"}
[2017-09-20 10:31:54][info] 数据存储反馈成功！
[2017-09-20 10:31:54][info] success
[2017-09-20 10:31:54][info] 写入结束!!!
[2017-09-20 11:09:56][info] ----------------------------------------
[2017-09-20 11:09:56][info] {"discount":"0.00","payment_type":"1","trade_no":"2017092021001004180522525181","subject":"\u8349\u539f8\u65e5\u73af\u7ebf","buyer_email":"liruolansj@126.com","gmt_create":"2017-09-20 11:09:42","notify_type":"trade_status_sync","quantity":"1","out_trade_no":"LX-17092010454748806-8","seller_id":"2088421286007493","notify_time":"2017-09-20 11:09:56","body":"\u54c8\u5c14\u6ee8-\u624e\u9f99\u4fdd\u62a4\u533a-\u963f\u8363\u65d7-\u6ee1\u6d32\u91cc-\u5ba4\u97e6-\u963f\u5c14\u5c71-\u957f\u66258\u65e5\u5927\u73af\u7ebf","trade_status":"TRADE_SUCCESS","is_total_fee_adjust":"N","total_fee":"6560.00","gmt_payment":"2017-09-20 11:09:56","seller_email":"2287684289@qq.com","price":"6560.00","buyer_id":"2088302064895182","notify_id":"0b08e87e47c7e3dc8744bc72f7b2805he5","use_coupon":"N","sign_type":"MD5","sign":"360a00993907e345c3c5a6bb3f29ce8a"}
[2017-09-20 11:09:57][info] 数据存储反馈成功！
[2017-09-20 11:09:57][info] success
[2017-09-20 11:09:57][info] 写入结束!!!
[2017-09-20 11:33:59][info] ----------------------------------------
[2017-09-20 11:33:59][info] {"discount":"0.00","payment_type":"1","trade_no":"2017092021001004670290394871","subject":"\u989d\u6d4e\u7eb3\u5168\u666f","buyer_email":"taojingy@sohu.com","gmt_create":"2017-09-20 11:33:41","notify_type":"trade_status_sync","quantity":"1","out_trade_no":"LX-17092011011871806-d","seller_id":"2088421286007493","notify_time":"2017-09-20 11:33:59","body":"\u989d\u6d4e\u7eb3\u80e1\u6768\u6797-\u6566\u714c\u5168\u666f-\u5df4\u4e39\u5409\u6797-\u5f20\u6396\u4e39\u971e-\u5609\u5cea\u5173-\u91d1\u5854\u80e1\u6768\u6797-\u52a8\u8f668\u65e5","trade_status":"TRADE_SUCCESS","is_total_fee_adjust":"N","total_fee":"8960.00","gmt_payment":"2017-09-20 11:33:59","seller_email":"2287684289@qq.com","price":"8960.00","buyer_id":"2088002103472672","notify_id":"628770cae29f312329abb20c8a7410dl66","use_coupon":"N","sign_type":"MD5","sign":"dc18dbca8c1ad1c3650db89864595ca5"}
[2017-09-20 11:33:59][info] 数据存储反馈成功！
[2017-09-20 11:33:59][info] success
[2017-09-20 11:33:59][info] 写入结束!!!
[2017-09-20 12:32:11][info] ----------------------------------------
[2017-09-20 12:32:11][info] {"discount":"0.00","payment_type":"1","trade_no":"2017061921001004970291035807","subject":"\u4e1d\u7ef8\u4e4b\u8def\u8f7b\u5962\u6e38","buyer_email":"wuyiyantea@sohu.com","gmt_create":"2017-06-19 12:30:55","notify_type":"trade_status_sync","quantity":"1","out_trade_no":"LX-17051815473624501-f","seller_id":"2088421286007493","notify_time":"2017-09-20 12:32:10","body":"\u9752\u6d77\u6e56-\u8336\u5361\u76d0\u6e56-\u6c99\u5c9b-\u7941\u8fde\u5c71-\u5f20\u6396-\u5609\u5cea\u5173-\u6566\u714c9\u65e5\u6e38","trade_status":"TRADE_FINISHED","is_total_fee_adjust":"N","total_fee":"6770.00","gmt_payment":"2017-06-19 12:31:50","seller_email":"2287684289@qq.com","gmt_close":"2017-09-20 12:32:10","price":"6770.00","buyer_id":"2088302472871972","notify_id":"1b5d2b3eb34b46d1810b47befcf9fbanhi","use_coupon":"N","sign_type":"MD5","sign":"197e9f658b8ccbc9ff970bb9594a76b4"}
[2017-09-20 12:32:11][info] 数据存储反馈成功！
[2017-09-20 12:32:11][info] success
[2017-09-20 12:32:11][info] 写入结束!!!
[2017-09-20 13:18:54][info] ----------------------------------------
[2017-09-20 13:18:54][info] {"discount":"0.00","payment_type":"1","trade_no":"2017061921001004250275951358","subject":"\u4e1d\u7ef8\u4e4b\u8def\u7ecf\u5178\u4e5d\u65e5","buyer_email":"35176565@qq.com","gmt_create":"2017-06-19 12:56:11","notify_type":"trade_status_sync","quantity":"1","out_trade_no":"LX-17061511593043301-4","seller_id":"2088421286007493","notify_time":"2017-09-20 13:18:54","body":"\u6c99\u5c9b-\u9752\u6d77\u6e56-\u8336\u5361\u76d0\u6e56-\u5353\u5c14\u5c71-\u5f20\u6396\u4e39\u971e-\u5609\u5cea\u5173-\u6566\u714c9\u65e5\u6e38","trade_status":"TRADE_FINISHED","is_total_fee_adjust":"N","total_fee":"13320.00","gmt_payment":"2017-06-19 13:18:37","seller_email":"2287684289@qq.com","gmt_close":"2017-09-20 13:18:54","price":"13320.00","buyer_id":"2088002050883251","notify_id":"32158554a2569db8056bf61b0f101a6hxi","use_coupon":"N","sign_type":"MD5","sign":"74da2e9452ba4bbdaaab45fa50cf40e7"}
[2017-09-20 13:18:54][info] 数据存储反馈成功！
[2017-09-20 13:18:54][info] success
[2017-09-20 13:18:54][info] 写入结束!!!
[2017-09-20 13:27:55][info] ----------------------------------------
[2017-09-20 13:27:55][info] {"discount":"0.00","payment_type":"1","trade_no":"2017092021001004210240943434","subject":"\u7a3b\u57ce\u91d1\u79cb","buyer_email":"yjm74@sohu.com","gmt_create":"2017-09-20 13:27:35","notify_type":"trade_status_sync","quantity":"1","out_trade_no":"LX-17092013102784701-5","seller_id":"2088421286007493","notify_time":"2017-09-20 13:27:55","body":"\u7a3b\u57ce\u4e9a\u4e01-\u65b0\u90fd\u6865-\u4e39\u5df4-\u56db\u59d1\u5a18\u5c71\u4e5d\u65e5\u6df1\u5ea6\u6e38","trade_status":"TRADE_SUCCESS","is_total_fee_adjust":"N","total_fee":"1940.00","gmt_payment":"2017-09-20 13:27:55","seller_email":"2287684289@qq.com","price":"1940.00","buyer_id":"2088002249655210","notify_id":"f8975db72370cc6b111fc99c5925657hme","use_coupon":"N","sign_type":"MD5","sign":"69502096c181cce5ad179f76a7c580d8"}
[2017-09-20 13:27:56][info] 数据存储反馈成功！
[2017-09-20 13:27:56][info] success
[2017-09-20 13:27:56][info] 写入结束!!!
[2017-09-20 14:39:56][info] ----------------------------------------
[2017-09-20 14:39:56][info] {"discount":"0.00","payment_type":"1","trade_no":"2017061921001004060225395826","subject":"\u65b0\u7586\u5168\u666f","buyer_email":"shkpyd@tom.com","gmt_create":"2017-06-19 14:37:32","notify_type":"trade_status_sync","quantity":"1","out_trade_no":"LX-17030320415942401-8","seller_id":"2088421286007493","notify_time":"2017-09-20 14:39:56","body":"\u6c5f\u5e03\u62c9\u514b-\u4e94\u5f69\u6ee9-\u5580\u7eb3\u65af-\u79be\u6728-\u8d5b\u91cc\u6728\u6e56-\u85b0\u8863\u8349\u519c\u573a-\u5580\u62c9\u5cfb-\u90a3\u62c9\u63d0-\u5df4\u97f3\u5e03\u9c81\u514b-\u5410\u9c81\u756a13\u65e5\u6e38","trade_status":"TRADE_FINISHED","is_total_fee_adjust":"N","total_fee":"7620.00","gmt_payment":"2017-06-19 14:39:48","seller_email":"2287684289@qq.com","gmt_close":"2017-09-20 14:39:56","price":"7620.00","buyer_id":"2088002079112060","notify_id":"aea7ca3bd8d0543b4738eb48bb65dd8ggq","use_coupon":"N","sign_type":"MD5","sign":"f6e05b70e98b67d35948f8192d3bd49c"}
[2017-09-20 14:39:56][info] 数据存储反馈成功！
[2017-09-20 14:39:56][info] success
[2017-09-20 14:39:56][info] 写入结束!!!
[2017-09-20 15:04:03][info] ----------------------------------------
[2017-09-20 15:04:03][info] {"discount":"0.00","payment_type":"1","trade_no":"2017092021001004050523262620","subject":"\u989d\u6d4e\u7eb3\u5168\u666f","buyer_email":"597303618@qq.com","gmt_create":"2017-09-20 15:03:39","notify_type":"trade_status_sync","quantity":"1","out_trade_no":"LX-17091020265997706-0","seller_id":"2088421286007493","notify_time":"2017-09-20 15:04:03","body":"\u989d\u6d4e\u7eb3\u80e1\u6768\u6797-\u6566\u714c\u5168\u666f-\u5df4\u4e39\u5409\u6797-\u5f20\u6396\u4e39\u971e-\u5609\u5cea\u5173-\u91d1\u5854\u80e1\u6768\u6797-\u52a8\u8f668\u65e5","trade_status":"TRADE_SUCCESS","is_total_fee_adjust":"N","total_fee":"4080.00","gmt_payment":"2017-09-20 15:04:02","seller_email":"2287684289@qq.com","price":"4080.00","buyer_id":"2088102800756058","notify_id":"375dc0cf510ff0c20a72a92701ba2f2ge1","use_coupon":"N","sign_type":"MD5","sign":"ebcc7fea306eb82674a3d2392cf91d25"}
[2017-09-20 15:04:03][info] 数据存储反馈成功！
[2017-09-20 15:04:03][info] success
[2017-09-20 15:04:03][info] 写入结束!!!
[2017-09-20 15:08:59][info] ----------------------------------------
[2017-09-20 15:08:59][info] {"discount":"0.00","payment_type":"1","trade_no":"2017061921001004700274702137","subject":"\u65b0\u7586\u7cbe\u534e","buyer_email":"mayflower_tang@hotmail.com","gmt_create":"2017-06-19 15:08:22","notify_type":"trade_status_sync","quantity":"1","out_trade_no":"LX-17061721450815406-5","seller_id":"2088421286007493","notify_time":"2017-09-20 15:08:59","body":"\u5929\u5c71\u5929\u6c60-\u5580\u7eb3\u65af-\u79be\u6728-\u4e94\u5f69\u6ee9-\u8d5b\u91cc\u6728\u6e56-\u85b0\u8863\u8349\u5e84\u56ed-\u90a3\u62c9\u63d0-\u5df4\u97f3\u5e03\u9c81\u514b-\u5410\u9c81\u756a11\u65e5\u6e38","trade_status":"TRADE_FINISHED","is_total_fee_adjust":"N","total_fee":"8110.00","gmt_payment":"2017-06-19 15:08:43","seller_email":"2287684289@qq.com","gmt_close":"2017-09-20 15:08:58","price":"8110.00","buyer_id":"2088002215618704","notify_id":"cbd64022ee97933fc15366fead5f88dlei","use_coupon":"N","sign_type":"MD5","sign":"aa9e67f147fd680c4f66259e94b0f8e3"}
[2017-09-20 15:08:59][info] 数据存储反馈成功！
[2017-09-20 15:08:59][info] success
[2017-09-20 15:08:59][info] 写入结束!!!
[2017-09-20 15:35:17][info] ----------------------------------------
[2017-09-20 15:35:17][info] {"discount":"0.00","payment_type":"1","trade_no":"2017092021001004650202956915","subject":"\u9955\u992e\u8d4f\u79cb","buyer_email":"jiangcaijiao@126.com","gmt_create":"2017-09-20 15:34:47","notify_type":"trade_status_sync","quantity":"1","out_trade_no":"LX-17090416104643806-5","seller_id":"2088421286007493","notify_time":"2017-09-20 15:35:17","body":"\u9752\u6d77\u6e56-\u8336\u5361\u76d0\u6e56-\u83ab\u9ad8\u7a9f-\u9e23\u6c99\u5c71-\u6708\u7259\u6cc9-\u5609\u5cea\u5173-\u989d\u6d4e\u7eb3\u80e1\u6768\u6797-\u5353\u5c14\u5c7110\u65e5\u5927\u73af\u7ebf","trade_status":"TRADE_SUCCESS","is_total_fee_adjust":"N","total_fee":"5780.00","gmt_payment":"2017-09-20 15:35:16","seller_email":"2287684289@qq.com","price":"5780.00","buyer_id":"2088302195189653","notify_id":"428dc7d5717459945a5319d90cf5f95l0m","use_coupon":"N","sign_type":"MD5","sign":"87aee2e680acb88c5773c5ea0863d904"}
[2017-09-20 15:35:17][info] 数据存储反馈成功！
[2017-09-20 15:35:17][info] success
[2017-09-20 15:35:17][info] 写入结束!!!
[2017-09-20 15:42:04][info] ----------------------------------------
[2017-09-20 15:42:04][info] {"discount":"0.00","payment_type":"1","trade_no":"2017092021001004760265830676","subject":"\u7a3b\u57ce\u91d1\u79cb","buyer_email":"13909584020","gmt_create":"2017-09-20 15:41:33","notify_type":"trade_status_sync","quantity":"1","out_trade_no":"LX-17091619281126906-9","seller_id":"2088421286007493","notify_time":"2017-09-20 15:42:04","body":"\u7a3b\u57ce\u4e9a\u4e01-\u65b0\u90fd\u6865-\u4e39\u5df4-\u56db\u59d1\u5a18\u5c71\u4e5d\u65e5\u6df1\u5ea6\u6e38","trade_status":"TRADE_SUCCESS","is_total_fee_adjust":"N","total_fee":"1940.00","gmt_payment":"2017-09-20 15:42:04","seller_email":"2287684289@qq.com","price":"1940.00","buyer_id":"2088022757009765","notify_id":"44497c2a7af1f7821c0cd880638b1c5lv6","use_coupon":"N","sign_type":"MD5","sign":"c553a837a9355be70ee95df7f0372bac"}
[2017-09-20 15:42:04][info] 数据存储反馈成功！
[2017-09-20 15:42:04][info] success
[2017-09-20 15:42:04][info] 写入结束!!!
[2017-09-20 16:12:53][info] ----------------------------------------
[2017-09-20 16:12:53][info] {"discount":"0.00","payment_type":"1","trade_no":"2017092021001004350246177483","subject":"\u989d\u6d4e\u7eb3\u6700\u7f8e\u9ad8\u94c1\u56e2","buyer_email":"13693116378","gmt_create":"2017-09-20 16:12:34","notify_type":"trade_status_sync","quantity":"1","out_trade_no":"LX-17092015484236606-f","seller_id":"2088421286007493","notify_time":"2017-09-20 16:12:53","body":"2017\u989d\u6d4e\u7eb3\u65d7\u80e1\u6768\u6797\u516d\u65e5\u6e38-\u9886\u8896\u6237\u5916\u72ec\u5bb6\u9996\u521b","trade_status":"TRADE_SUCCESS","is_total_fee_adjust":"N","total_fee":"6600.00","gmt_payment":"2017-09-20 16:12:53","seller_email":"2287684289@qq.com","price":"6600.00","buyer_id":"2088722751260354","notify_id":"b484613dee73aa1dedb97528763279fipa","use_coupon":"N","sign_type":"MD5","sign":"6a6f5fcce7d833304927400083f2f726"}
[2017-09-20 16:12:54][info] 数据存储反馈成功！
[2017-09-20 16:12:54][info] success
[2017-09-20 16:12:54][info] 写入结束!!!
[2017-09-20 17:14:10][info] ----------------------------------------
[2017-09-20 17:14:10][info] {"discount":"0.00","payment_type":"1","trade_no":"2017061921001004580218654956","subject":"\u4e1d\u7ef8\u4e4b\u8def\u7ecf\u5178\u4e5d\u65e5","buyer_email":"15895938728","gmt_create":"2017-06-19 17:12:54","notify_type":"trade_status_sync","quantity":"1","out_trade_no":"LX-17051617133274101-e","seller_id":"2088421286007493","notify_time":"2017-09-20 17:14:09","body":"\u6c99\u5c9b-\u9752\u6d77\u6e56-\u8336\u5361\u76d0\u6e56-\u5353\u5c14\u5c71-\u5f20\u6396\u4e39\u971e-\u5609\u5cea\u5173-\u6566\u714c9\u65e5\u6e38","trade_status":"TRADE_FINISHED","is_total_fee_adjust":"N","total_fee":"8550.00","gmt_payment":"2017-06-19 17:13:26","seller_email":"2287684289@qq.com","gmt_close":"2017-09-20 17:14:09","price":"8550.00","buyer_id":"2088502728509589","notify_id":"0f8d145304b5da0b8105d756723f21ckh6","use_coupon":"N","sign_type":"MD5","sign":"44db8ab429026ac979f714a993be2648"}
[2017-09-20 17:14:10][info] 数据存储反馈成功！
[2017-09-20 17:14:10][info] success
[2017-09-20 17:14:10][info] 写入结束!!!
[2017-09-20 17:59:12][info] ----------------------------------------
[2017-09-20 17:59:12][info] {"discount":"0.00","payment_type":"1","trade_no":"2017092021001004470279504790","subject":"\u989d\u6d4e\u7eb3\u6700\u7f8e\u9ad8\u94c1\u56e2","buyer_email":"185759639@qq.com","gmt_create":"2017-09-20 17:59:06","notify_type":"trade_status_sync","quantity":"1","out_trade_no":"LX-17092015304290506-8","seller_id":"2088421286007493","notify_time":"2017-09-20 17:59:12","body":"2017\u989d\u6d4e\u7eb3\u65d7\u80e1\u6768\u6797\u516d\u65e5\u6e38-\u9886\u8896\u6237\u5916\u72ec\u5bb6\u9996\u521b","trade_status":"TRADE_SUCCESS","is_total_fee_adjust":"N","total_fee":"3380.00","gmt_payment":"2017-09-20 17:59:12","seller_email":"2287684289@qq.com","price":"3380.00","buyer_id":"2088102204109472","notify_id":"a7cd8bc1df53d4c5e331fafba020850jmm","use_coupon":"N","sign_type":"MD5","sign":"be0c53df2fee40c02c4151a1cc27e0a5"}
[2017-09-20 17:59:12][info] 数据存储反馈成功！
[2017-09-20 17:59:12][info] success
[2017-09-20 17:59:12][info] 写入结束!!!
[2017-09-20 18:10:18][info] ----------------------------------------
[2017-09-20 18:10:18][info] {"discount":"0.00","payment_type":"1","trade_no":"2017092021001004300273551522","subject":"\u989d\u6d4e\u7eb3\u6700\u7f8e\u9ad8\u94c1\u56e2","buyer_email":"15161563556","gmt_create":"2017-09-20 18:10:00","notify_type":"trade_status_sync","quantity":"1","out_trade_no":"LX-1709171131217606-1","seller_id":"2088421286007493","notify_time":"2017-09-20 18:10:18","body":"2017\u989d\u6d4e\u7eb3\u65d7\u80e1\u6768\u6797\u516d\u65e5\u6e38-\u9886\u8896\u6237\u5916\u72ec\u5bb6\u9996\u521b","trade_status":"TRADE_SUCCESS","is_total_fee_adjust":"N","total_fee":"3180.00","gmt_payment":"2017-09-20 18:10:17","seller_email":"2287684289@qq.com","price":"3180.00","buyer_id":"2088802908372302","notify_id":"fa3fa73faf25b51f3dd9092b284299bibe","use_coupon":"N","sign_type":"MD5","sign":"af7f27058158bc6dc5fb79c3c7e845b5"}
[2017-09-20 18:10:18][info] 数据存储反馈成功！
[2017-09-20 18:10:18][info] success
[2017-09-20 18:10:18][info] 写入结束!!!
[2017-09-20 18:23:51][info] ----------------------------------------
[2017-09-20 18:23:51][info] {"discount":"0.00","payment_type":"1","trade_no":"2017061921001004610259307139","subject":"\u4e1d\u7ef8\u4e4b\u8def\u4f11\u95f28\u65e5\u6e38","buyer_email":"wying8668@126.com","gmt_create":"2017-06-19 18:22:52","notify_type":"trade_status_sync","quantity":"1","out_trade_no":"LX-17061813301092406-1","seller_id":"2088421286007493","notify_time":"2017-09-20 18:23:51","body":"\u6c99\u5c9b-\u9752\u6d77\u6e56-\u8336\u5361\u76d0\u6e56-\u5353\u5c14\u5c71-\u5f20\u6396\u4e39\u971e-\u5609\u5cea\u5173-\u6566\u714c8\u65e5\u6e38","trade_status":"TRADE_FINISHED","is_total_fee_adjust":"N","total_fee":"5070.00","gmt_payment":"2017-06-19 18:23:30","seller_email":"2287684289@qq.com","gmt_close":"2017-09-20 18:23:51","price":"5070.00","buyer_id":"2088812017290613","notify_id":"ba5d2d859d38500856f187840ce3813kpi","use_coupon":"N","sign_type":"MD5","sign":"30d73bd8b05d86e63f0f71455538e8c8"}
[2017-09-20 18:23:52][info] 数据存储反馈成功！
[2017-09-20 18:23:52][info] success
[2017-09-20 18:23:52][info] 写入结束!!!
[2017-09-20 18:25:52][info] ----------------------------------------
[2017-09-20 18:25:52][info] {"discount":"0.00","payment_type":"1","trade_no":"2017061921001004020231982890","subject":"\u65b0\u7586\u7cbe\u534e","buyer_email":"13632354490","gmt_create":"2017-06-19 18:24:27","notify_type":"trade_status_sync","quantity":"1","out_trade_no":"LX-17061918065470906-e","seller_id":"2088421286007493","notify_time":"2017-09-20 18:25:52","body":"\u5929\u5c71\u5929\u6c60-\u5580\u7eb3\u65af-\u79be\u6728-\u4e94\u5f69\u6ee9-\u8d5b\u91cc\u6728\u6e56-\u85b0\u8863\u8349\u5e84\u56ed-\u90a3\u62c9\u63d0-\u5df4\u97f3\u5e03\u9c81\u514b-\u5410\u9c81\u756a11\u65e5\u6e38","trade_status":"TRADE_FINISHED","is_total_fee_adjust":"N","total_fee":"9160.00","gmt_payment":"2017-06-19 18:25:35","seller_email":"2287684289@qq.com","gmt_close":"2017-09-20 18:25:52","price":"9160.00","buyer_id":"2088702423148023","notify_id":"23de9b2e41c9a2f1570ca2c6f930844g5m","use_coupon":"N","sign_type":"MD5","sign":"37747270f08e61f1b4f4fd9df6e865a0"}
[2017-09-20 18:25:52][info] 数据存储反馈成功！
[2017-09-20 18:25:52][info] success
[2017-09-20 18:25:52][info] 写入结束!!!
[2017-09-20 19:11:33][info] ----------------------------------------
[2017-09-20 19:11:33][info] {"discount":"0.00","payment_type":"1","trade_no":"2017092021001004650203458630","subject":"\u8eba\u7740\u53bb\u8d4f\u79cb","buyer_email":"hblian@126.com","gmt_create":"2017-09-20 19:10:48","notify_type":"trade_status_sync","quantity":"1","out_trade_no":"LX-17092018244268406-5","seller_id":"2088421286007493","notify_time":"2017-09-20 19:11:33","body":"2017\u5e74\u989d\u6d4e\u7eb3\u65d7\u80e1\u6768\u67976\u65e5 \u897f\u5b89\u51fa\u53d1 \u53cc\u5367\u706b\u8f66\u56e2","trade_status":"TRADE_SUCCESS","is_total_fee_adjust":"N","total_fee":"6160.00","gmt_payment":"2017-09-20 19:11:33","seller_email":"2287684289@qq.com","price":"6160.00","buyer_id":"2088902349975655","notify_id":"a0766fe13963a69c59f711921b84dd3l0m","use_coupon":"N","sign_type":"MD5","sign":"ff838373097400d01a55d35f254e23eb"}
[2017-09-20 19:11:34][info] 数据存储反馈成功！
[2017-09-20 19:11:34][info] success
[2017-09-20 19:11:34][info] 写入结束!!!
[2017-09-20 20:25:58][info] ----------------------------------------
[2017-09-20 20:25:58][info] {"discount":"0.00","payment_type":"1","trade_no":"2017092021001004710295641977","subject":"\u5317\u7586\u91d1\u79cb\u7ecf\u5178\u73af\u7ebf","buyer_email":"413772963@qq.com","gmt_create":"2017-09-20 20:25:47","notify_type":"trade_status_sync","quantity":"1","out_trade_no":"LX-17092010584912901-f","seller_id":"2088421286007493","notify_time":"2017-09-20 20:25:58","body":"\u5580\u7eb3\u65af-\u767d\u54c8\u5df4-\u79be\u6728-\u4e94\u5f69\u6ee9-\u9b54\u9b3c\u57ce-\u53ef\u53ef\u6258\u6d77 9\u65e5\u6df1\u5ea6\u6e38","trade_status":"TRADE_SUCCESS","is_total_fee_adjust":"N","total_fee":"10160.00","gmt_payment":"2017-09-20 20:25:57","seller_email":"2287684289@qq.com","price":"10160.00","buyer_id":"2088002914575713","notify_id":"497debe0d0c4f160b5261820d1ce12elha","use_coupon":"N","sign_type":"MD5","sign":"b13be73b5e478c250f99a7cec0d06be5"}
[2017-09-20 20:25:59][info] 数据存储反馈成功！
[2017-09-20 20:25:59][info] success
[2017-09-20 20:25:59][info] 写入结束!!!
[2017-09-20 20:42:46][info] ----------------------------------------
[2017-09-20 20:42:46][info] {"discount":"0.00","payment_type":"1","trade_no":"2017092021001004450234484033","subject":"\u989d\u6d4e\u7eb3\u6700\u7f8e\u9ad8\u94c1\u56e2","buyer_email":"15165177708","gmt_create":"2017-09-20 20:42:24","notify_type":"trade_status_sync","quantity":"1","out_trade_no":"LX-17092020292649106-d","seller_id":"2088421286007493","notify_time":"2017-09-20 20:42:46","body":"2017\u989d\u6d4e\u7eb3\u65d7\u80e1\u6768\u6797\u516d\u65e5\u6e38-\u9886\u8896\u6237\u5916\u72ec\u5bb6\u9996\u521b","trade_status":"TRADE_SUCCESS","is_total_fee_adjust":"N","total_fee":"7160.00","gmt_payment":"2017-09-20 20:42:46","seller_email":"2287684289@qq.com","price":"7160.00","buyer_id":"2088602316413455","notify_id":"b4d766342b9f225935af0be29c42754jh2","use_coupon":"N","sign_type":"MD5","sign":"aa1f349bb0a418f4c6f5d4b7e3a1cd27"}
[2017-09-20 20:42:46][info] 数据存储反馈成功！
[2017-09-20 20:42:46][info] success
[2017-09-20 20:42:46][info] 写入结束!!!
