[2017-06-07 11:20:07][info] ----------------------------------------
[2017-06-07 11:20:07][info] {"discount":"0.00","payment_type":"1","subject":"\u96ea\u57df\u6843\u82b1\u6797\u829d\u96c6\u5408","trade_no":"2017030821001004560256567314","buyer_email":"wangyuming@chengda.com","gmt_create":"2017-03-08 11:18:23","notify_type":"trade_status_sync","quantity":"1","out_trade_no":"LX-17030518183259601-9","seller_id":"2088421286007493","notify_time":"2017-06-07 11:20:06","body":"2017\u5e74\u6797\u829d\u6843\u82b1\u6c9f-\u6ce2\u5bc6\u560e\u6717-\u5357\u8fe6\u5df4\u74e6\u5cf0-\u7136\u4e4c\u6e56-\u7c73\u5806\u51b0\u5ddd\u4e03\u65e5\u6e38","trade_status":"TRADE_FINISHED","is_total_fee_adjust":"N","total_fee":"13600.00","gmt_payment":"2017-03-08 11:19:12","seller_email":"2287684289@qq.com","gmt_close":"2017-06-07 11:20:06","price":"13600.00","buyer_id":"2088402104276561","notify_id":"4150e921f795abb9915f56b9374efc5kbm","use_coupon":"N","sign_type":"MD5","sign":"7e73b9c6a140a25d2516e9bf5945c69c"}
[2017-06-07 11:20:07][info] 数据存储反馈成功！
[2017-06-07 11:20:07][info] success
[2017-06-07 11:20:07][info] 写入结束!!!
[2017-06-07 13:25:05][info] ----------------------------------------
[2017-06-07 13:25:05][info] {"discount":"0.00","payment_type":"1","subject":"\u5fc3\u82b1\u8def\u653e","trade_no":"2017060721001004680256661781","buyer_email":"leeny81@163.com","gmt_create":"2017-06-07 13:24:50","notify_type":"trade_status_sync","quantity":"1","out_trade_no":"LX-17060713141719201-e","seller_id":"2088421286007493","notify_time":"2017-06-07 13:25:05","body":"\u5927\u7406\u53cc\u5eca\u3001\u6c99\u6eaa\u53e4\u9547\u3001\u4e3d\u6c5f\u53e4\u57ce\u3001\u9999\u683c\u91cc\u62c9\u3001\u6cf8\u6cbd\u6e567\u65e5\u6ec7\u897f\u5317\u5168\u666f\u6df1\u5ea6\u6e38","trade_status":"TRADE_SUCCESS","is_total_fee_adjust":"N","total_fee":"4930.00","gmt_payment":"2017-06-07 13:25:05","seller_email":"2287684289@qq.com","price":"4930.00","buyer_id":"2088002025916687","notify_id":"a8daa44a3240050d9d50177e9af6558l8y","use_coupon":"N","sign_type":"MD5","sign":"86355d5d2619c7f44904ade0f92c481c"}
[2017-06-07 13:25:05][info] 数据存储反馈成功！
[2017-06-07 13:25:05][info] success
[2017-06-07 13:25:05][info] 写入结束!!!
[2017-06-07 17:19:08][info] ----------------------------------------
[2017-06-07 17:19:08][info] {"discount":"0.00","payment_type":"1","subject":"\u65b0\u7586\u7cbe\u534e","trade_no":"2017060721001004680257139220","buyer_email":"13809667361","gmt_create":"2017-06-07 17:18:27","notify_type":"trade_status_sync","quantity":"1","out_trade_no":"LX-17042322381990106-2","seller_id":"2088421286007493","notify_time":"2017-06-07 17:19:08","body":"\u5929\u5c71\u5929\u6c60-\u5580\u7eb3\u65af-\u79be\u6728-\u4e94\u5f69\u6ee9-\u8d5b\u91cc\u6728\u6e56-\u85b0\u8863\u8349\u5e84\u56ed-\u90a3\u62c9\u63d0-\u5df4\u97f3\u5e03\u9c81\u514b-\u5410\u9c81\u756a11\u65e5\u6e38","trade_status":"TRADE_SUCCESS","is_total_fee_adjust":"N","total_fee":"8760.00","gmt_payment":"2017-06-07 17:19:07","seller_email":"2287684289@qq.com","price":"8760.00","buyer_id":"2088702005381686","notify_id":"54bb111ff2af569fbe887ab07d37ca0l8y","use_coupon":"N","sign_type":"MD5","sign":"f6def280e7abfa9444db2f8d8f0ccabb"}
[2017-06-07 17:19:08][info] 数据存储反馈成功！
[2017-06-07 17:19:08][info] success
[2017-06-07 17:19:08][info] 写入结束!!!
[2017-06-07 17:40:33][info] ----------------------------------------
[2017-06-07 17:40:33][info] {"discount":"0.00","payment_type":"1","subject":"\u7518\u5357\u5168\u666f","trade_no":"2017060721001004300273858202","buyer_email":"18093249967","gmt_create":"2017-06-07 17:40:21","notify_type":"trade_status_sync","quantity":"1","out_trade_no":"LX-17060514163016206-7","seller_id":"2088421286007493","notify_time":"2017-06-07 17:40:33","body":"2017\u5e74\u72ec\u5bb6  \u516b\u89d2\u57ce-\u624e\u5c15\u90a3-\u82b1\u6e56-\u5e74\u5b9d\u7389\u5219-\u82e5\u5c14\u76d6\u8349\u539f-\u963f\u4e07\u4ed3\u6e7f\u5730-\u90ce\u6728\u5bfa 8\u65e5\u6e38","trade_status":"TRADE_SUCCESS","is_total_fee_adjust":"N","total_fee":"2880.00","gmt_payment":"2017-06-07 17:40:33","seller_email":"2287684289@qq.com","price":"2880.00","buyer_id":"2088802995804302","notify_id":"99a687a5e3bf2c9b95c213a4d70e435ibe","use_coupon":"N","sign_type":"MD5","sign":"dd07b1ea8af35c2f5634b6c98c2801fd"}
[2017-06-07 17:40:34][info] 数据存储反馈成功！
[2017-06-07 17:40:34][info] success
[2017-06-07 17:40:34][info] 写入结束!!!
[2017-06-07 18:45:18][info] ----------------------------------------
[2017-06-07 18:45:18][info] {"discount":"0.00","payment_type":"1","subject":"\u4e1d\u7ef8\u4e4b\u8def\u7cbe\u534e\u6e38","trade_no":"2017060721001004810264849688","buyer_email":"512064114@qq.com","gmt_create":"2017-06-07 18:45:07","notify_type":"trade_status_sync","quantity":"1","out_trade_no":"LX-17032713445035306-6","seller_id":"2088421286007493","notify_time":"2017-06-07 18:45:18","body":"2017\u5e74\u9752\u6d77\u6e56-\u8336\u5361\u76d0\u6e56-\u6566\u714c-\u5609\u5cea\u5173-\u5f20\u6396\u4e39\u971e\u4e03\u65e5\u6e38","trade_status":"TRADE_SUCCESS","is_total_fee_adjust":"N","total_fee":"6360.00","gmt_payment":"2017-06-07 18:45:18","seller_email":"2287684289@qq.com","price":"6360.00","buyer_id":"2088402229160813","notify_id":"3ef028fdd687e35b5567017e2ac5e6dm92","use_coupon":"N","sign_type":"MD5","sign":"24cf024b5ecb19fca16b6154aa3832bf"}
[2017-06-07 18:45:19][info] 数据存储反馈成功！
[2017-06-07 18:45:19][info] success
[2017-06-07 18:45:19][info] 写入结束!!!
[2017-06-07 19:23:18][info] ----------------------------------------
[2017-06-07 19:23:18][info] {"discount":"0.00","payment_type":"1","subject":"\u65b0\u7586\u5168\u666f","trade_no":"2017060721001004800286522744","buyer_email":"527147370@qq.com","gmt_create":"2017-06-07 19:23:09","notify_type":"trade_status_sync","quantity":"1","out_trade_no":"LX-17042911431888306-1","seller_id":"2088421286007493","notify_time":"2017-06-07 19:23:18","body":"\u6c5f\u5e03\u62c9\u514b-\u4e94\u5f69\u6ee9-\u5580\u7eb3\u65af-\u79be\u6728-\u8d5b\u91cc\u6728\u6e56-\u85b0\u8863\u8349\u519c\u573a-\u5580\u62c9\u5cfb-\u90a3\u62c9\u63d0-\u5df4\u97f3\u5e03\u9c81\u514b-\u5410\u9c81\u756a13\u65e5\u6e38","trade_status":"TRADE_SUCCESS","is_total_fee_adjust":"N","total_fee":"2590.00","gmt_payment":"2017-06-07 19:23:18","seller_email":"2287684289@qq.com","price":"2590.00","buyer_id":"2088502559684804","notify_id":"dd46e27bfa2db7531d314c295905d1am6a","use_coupon":"N","sign_type":"MD5","sign":"2e8c0c3d2311acf2e766e450f257a76f"}
[2017-06-07 19:23:19][info] 数据存储反馈成功！
[2017-06-07 19:23:19][info] success
[2017-06-07 19:23:19][info] 写入结束!!!
[2017-06-07 20:11:07][info] ----------------------------------------
[2017-06-07 20:11:07][info] {"discount":"0.00","payment_type":"1","subject":"\u65b0\u7586\u5168\u666f","trade_no":"2017060721001004730297402281","buyer_email":"connie@szu.edu.cn","gmt_create":"2017-06-07 20:10:51","notify_type":"trade_status_sync","quantity":"1","out_trade_no":"LX-1706071956178601-b","seller_id":"2088421286007493","notify_time":"2017-06-07 20:11:06","body":"\u6c5f\u5e03\u62c9\u514b-\u4e94\u5f69\u6ee9-\u5580\u7eb3\u65af-\u79be\u6728-\u8d5b\u91cc\u6728\u6e56-\u85b0\u8863\u8349\u519c\u573a-\u5580\u62c9\u5cfb-\u90a3\u62c9\u63d0-\u5df4\u97f3\u5e03\u9c81\u514b-\u5410\u9c81\u756a13\u65e5\u6e38","trade_status":"TRADE_SUCCESS","is_total_fee_adjust":"N","total_fee":"4030.00","gmt_payment":"2017-06-07 20:11:06","seller_email":"2287684289@qq.com","price":"4030.00","buyer_id":"2088002359584732","notify_id":"d4957513848b796c0fd21c2ed5cf31flmu","use_coupon":"N","sign_type":"MD5","sign":"8d69f8b071c272854503326a2774050a"}
[2017-06-07 20:11:07][info] 数据存储反馈成功！
[2017-06-07 20:11:07][info] success
[2017-06-07 20:11:07][info] 写入结束!!!
[2017-06-07 21:27:22][info] ----------------------------------------
[2017-06-07 21:27:22][info] {"discount":"0.00","payment_type":"1","subject":"\u6625\u5230\u5ddd\u85cf","trade_no":"2017030821001004370280036001","buyer_email":"sjun0119@163.com","gmt_create":"2017-03-08 21:14:34","notify_type":"trade_status_sync","quantity":"1","out_trade_no":"LX-17021622504760101-d","seller_id":"2088421286007493","notify_time":"2017-06-07 21:27:22","body":"2017\u5e74\u4e39\u5df4\u68a8\u82b1-\u6797\u829d\u6843\u82b1\u6c9f-\u6ce2\u5bc6\u560e\u6717\u6751\u5ddd\u85cf\u6625\u5b63\u9876\u7ea7\u8d4f\u82b111\u65e5\u6df1\u5ea6\u6e38","trade_status":"TRADE_FINISHED","is_total_fee_adjust":"N","total_fee":"4070.00","gmt_payment":"2017-03-08 21:27:00","seller_email":"2287684289@qq.com","gmt_close":"2017-06-07 21:27:22","price":"4070.00","buyer_id":"2088002199036370","notify_id":"6838e0c48b9346ab926ae99e363df1aiuu","use_coupon":"N","sign_type":"MD5","sign":"182fd83b331f765bc5bc02040f676296"}
[2017-06-07 21:27:22][info] 数据存储反馈成功！
[2017-06-07 21:27:22][info] success
[2017-06-07 21:27:22][info] 写入结束!!!
