[2017-08-29 06:22:15][info] ----------------------------------------
[2017-08-29 06:22:15][info] {"discount":"0.00","payment_type":"1","trade_no":"2017082921001004950214052666","subject":"\u65b0\u7586\u91d1\u79cb\u5927\u73af\u7ebf","buyer_email":"laokang2002@qq.com","gmt_create":"2017-08-29 06:21:48","notify_type":"trade_status_sync","quantity":"1","out_trade_no":"LX-17080210163424501-9","seller_id":"2088421286007493","notify_time":"2017-08-29 06:22:15","body":"\u5580\u7eb3\u65af-\u79be\u6728-\u767d\u54c8\u5df4-\u8d5b\u91cc\u6728\u6e56-\u5df4\u97f3\u5e03\u9c81\u514b-\u5410\u9c81\u756a-\u5854\u91cc\u6728\u6cb3\u80e1\u6768\u679712\u65e5\u6df1\u5ea6\u6e38","trade_status":"TRADE_SUCCESS","is_total_fee_adjust":"N","total_fee":"620.00","gmt_payment":"2017-08-29 06:22:14","seller_email":"2287684289@qq.com","price":"620.00","buyer_id":"2088002117166950","notify_id":"c379c701ac9373dfb8ea1b3107f52a4nby","use_coupon":"N","sign_type":"MD5","sign":"a293e61af7c08da3b77c32e1fc09c7da"}
[2017-08-29 06:22:15][info] 数据存储反馈成功！
[2017-08-29 06:22:15][info] success
[2017-08-29 06:22:15][info] 写入结束!!!
[2017-08-29 11:48:57][info] ----------------------------------------
[2017-08-29 11:48:57][info] {"discount":"0.00","payment_type":"1","trade_no":"2017082921001004320232635851","subject":"\u4e1d\u8def\u5dc5\u5cf0\u4f53\u9a8c\u4e5d\u65e5\u6e38B\u7ebf","buyer_email":"lixin03033@163.com","gmt_create":"2017-08-29 11:47:48","notify_type":"trade_status_sync","quantity":"1","out_trade_no":"LX-17082911155758301-e","seller_id":"2088421286007493","notify_time":"2017-08-29 11:48:57","body":"\u9752\u6d77\u6e56-\u8336\u5361\u76d0\u6e56-\u9e23\u6c99\u5c71\u6708\u7259\u6cc9-\u83ab\u9ad8\u7a9f-\u96c5\u4e39\u9b54\u9b3c\u57ce-\u5609\u5cea\u5173-\u5f20\u6396\u4e39\u971e-\u9a6c\u8e44\u5bfa-\u5353\u5c14\u5c71\u8f7b\u5962\u52a8\u8f669\u65e5\u6e38","trade_status":"TRADE_SUCCESS","is_total_fee_adjust":"N","total_fee":"5180.00","gmt_payment":"2017-08-29 11:48:57","seller_email":"2287684289@qq.com","price":"5180.00","buyer_id":"2088502886598326","notify_id":"e0ac6efd492f3556a6ced64db47c2d4igy","use_coupon":"N","sign_type":"MD5","sign":"192bcc68caa0a12ecc71686a1f2eb896"}
[2017-08-29 11:48:57][info] 数据存储反馈成功！
[2017-08-29 11:48:57][info] success
[2017-08-29 11:48:57][info] 写入结束!!!
[2017-08-29 12:26:52][info] ----------------------------------------
[2017-08-29 12:26:52][info] {"discount":"0.00","payment_type":"1","trade_no":"2017082921001004780285742715","subject":"\u65b0\u7586\u91d1\u79cb\u5927\u73af\u7ebf","buyer_email":"zdh777@163.com","gmt_create":"2017-08-29 12:02:37","notify_type":"trade_status_sync","quantity":"1","out_trade_no":"LX-17082911393433506-5","seller_id":"2088421286007493","notify_time":"2017-08-29 12:26:52","body":"\u5580\u7eb3\u65af-\u79be\u6728-\u767d\u54c8\u5df4-\u8d5b\u91cc\u6728\u6e56-\u5df4\u97f3\u5e03\u9c81\u514b-\u5410\u9c81\u756a-\u5854\u91cc\u6728\u6cb3\u80e1\u6768\u679712\u65e5\u6df1\u5ea6\u6e38","trade_status":"TRADE_SUCCESS","is_total_fee_adjust":"N","total_fee":"11960.00","gmt_payment":"2017-08-29 12:26:52","seller_email":"2287684289@qq.com","price":"11960.00","buyer_id":"2088002279816782","notify_id":"7b2ace62dd6539d5c70c55a1a2db4abm0q","use_coupon":"N","sign_type":"MD5","sign":"45da1b05189fee319d698e244b718727"}
[2017-08-29 12:26:53][info] 数据存储反馈成功！
[2017-08-29 12:26:53][info] success
[2017-08-29 12:26:53][info] 写入结束!!!
[2017-08-29 12:39:49][info] ----------------------------------------
[2017-08-29 12:39:49][info] {"discount":"0.00","payment_type":"1","trade_no":"2017082921001004000214808539","subject":"\u82b1\u5f00\u97ed\u83dc\u576a","buyer_email":"13589181318","gmt_create":"2017-08-29 12:39:28","notify_type":"trade_status_sync","quantity":"1","out_trade_no":"LX-17082900534797706-c","seller_id":"2088421286007493","notify_time":"2017-08-29 12:39:49","body":"\u97ed\u83dc\u576a-\u7ec7\u91d1\u6d1e-\u9ad8\u8361\u5e03\u8863\u53e4\u5be85\u65e5\u6e38","trade_status":"TRADE_SUCCESS","is_total_fee_adjust":"N","total_fee":"2080.00","gmt_payment":"2017-08-29 12:39:48","seller_email":"2287684289@qq.com","price":"2080.00","buyer_id":"2088802263255003","notify_id":"597829781cc1419ae0a17711608b636g02","use_coupon":"N","sign_type":"MD5","sign":"9c4e3f5f0667b4fbea1389785699e6be"}
[2017-08-29 12:39:49][info] 数据存储反馈成功！
[2017-08-29 12:39:49][info] success
[2017-08-29 12:39:49][info] 写入结束!!!
[2017-08-29 12:44:08][info] ----------------------------------------
[2017-08-29 12:44:08][info] {"discount":"0.00","payment_type":"1","trade_no":"2017082921001004400229444325","subject":"\u4e1d\u7ef8\u4e4b\u8def\u5168\u666f\u6e389\u65e5","buyer_email":"13985283007","gmt_create":"2017-08-29 12:43:57","notify_type":"trade_status_sync","quantity":"1","out_trade_no":"LX-17082112153412206-c","seller_id":"2088421286007493","notify_time":"2017-08-29 12:44:08","body":"\u72ec\u5bb6\u6c34\u4e0a\u9b54\u9b3c\u57ce-\u65e0\u4eba\u533a\u539f\u751f\u6001\u96c5\u4e39\u63a2\u79d8-\u9752\u6d77\u6e56-\u8336\u5361\u76d0\u6e56-\u83ab\u9ad8\u7a9f-\u9e23\u6c99\u5c71\u6708\u7259\u6cc9-\u5f20\u6396\u4e39\u971e-\u5353\u5c14\u5c719\u65e5\u6e38","trade_status":"TRADE_SUCCESS","is_total_fee_adjust":"N","total_fee":"1890.00","gmt_payment":"2017-08-29 12:44:07","seller_email":"2287684289@qq.com","price":"1890.00","buyer_id":"2088422228178404","notify_id":"275ca5df087c9fdf57a120f3a8638a6j36","use_coupon":"N","sign_type":"MD5","sign":"1d7b8488da1db91fc12a5684c96e7690"}
[2017-08-29 12:44:08][info] 数据存储反馈成功！
[2017-08-29 12:44:08][info] success
[2017-08-29 12:44:08][info] 写入结束!!!
[2017-08-29 12:44:58][info] ----------------------------------------
[2017-08-29 12:44:58][info] {"discount":"0.00","payment_type":"1","trade_no":"2017082921001004400229466642","subject":"\u4e1d\u7ef8\u4e4b\u8def\u5168\u666f\u6e389\u65e5","buyer_email":"13985283007","gmt_create":"2017-08-29 12:44:49","notify_type":"trade_status_sync","quantity":"1","out_trade_no":"LX-17082110394418206-c","seller_id":"2088421286007493","notify_time":"2017-08-29 12:44:58","body":"\u72ec\u5bb6\u6c34\u4e0a\u9b54\u9b3c\u57ce-\u65e0\u4eba\u533a\u539f\u751f\u6001\u96c5\u4e39\u63a2\u79d8-\u9752\u6d77\u6e56-\u8336\u5361\u76d0\u6e56-\u83ab\u9ad8\u7a9f-\u9e23\u6c99\u5c71\u6708\u7259\u6cc9-\u5f20\u6396\u4e39\u971e-\u5353\u5c14\u5c719\u65e5\u6e38","trade_status":"TRADE_SUCCESS","is_total_fee_adjust":"N","total_fee":"9450.00","gmt_payment":"2017-08-29 12:44:58","seller_email":"2287684289@qq.com","price":"9450.00","buyer_id":"2088422228178404","notify_id":"ee9920be4d3d17c0a588b6c0f3fdeb9j36","use_coupon":"N","sign_type":"MD5","sign":"006907ac4a2a673f03ab72a7c370d4e3"}
[2017-08-29 12:44:59][info] 数据存储反馈成功！
[2017-08-29 12:44:59][info] success
[2017-08-29 12:44:59][info] 写入结束!!!
[2017-08-29 13:56:12][info] ----------------------------------------
[2017-08-29 13:56:12][info] {"discount":"0.00","payment_type":"1","trade_no":"2017082921001004350289873505","subject":"\u5317\u7586\u91d1\u79cb\u7ecf\u5178\u73af\u7ebf","buyer_email":"312040659@qq.com","gmt_create":"2017-08-29 13:55:21","notify_type":"trade_status_sync","quantity":"1","out_trade_no":"LX-17082912113176701-f","seller_id":"2088421286007493","notify_time":"2017-08-29 13:56:12","body":"\u5580\u7eb3\u65af-\u767d\u54c8\u5df4-\u79be\u6728-\u4e94\u5f69\u6ee9-\u9b54\u9b3c\u57ce-\u53ef\u53ef\u6258\u6d77 9\u65e5\u6df1\u5ea6\u6e38","trade_status":"TRADE_SUCCESS","is_total_fee_adjust":"N","total_fee":"5180.00","gmt_payment":"2017-08-29 13:56:11","seller_email":"2287684289@qq.com","price":"5180.00","buyer_id":"2088102228587355","notify_id":"2f18b05dee0f141cc0f93be6f334154ipa","use_coupon":"N","sign_type":"MD5","sign":"fa446c73e9b225c461e260afadd10e24"}
[2017-08-29 13:56:12][info] 数据存储反馈成功！
[2017-08-29 13:56:12][info] success
[2017-08-29 13:56:12][info] 写入结束!!!
[2017-08-29 13:57:49][info] ----------------------------------------
[2017-08-29 13:57:49][info] {"discount":"0.00","payment_type":"1","trade_no":"2017082921001004350289929871","subject":"\u5317\u7586\u91d1\u79cb\u7ecf\u5178\u73af\u7ebf","buyer_email":"312040659@qq.com","gmt_create":"2017-08-29 13:57:37","notify_type":"trade_status_sync","quantity":"1","out_trade_no":"LX-17082211105897301-9","seller_id":"2088421286007493","notify_time":"2017-08-29 13:57:49","body":"\u5580\u7eb3\u65af-\u767d\u54c8\u5df4-\u79be\u6728-\u4e94\u5f69\u6ee9-\u9b54\u9b3c\u57ce-\u53ef\u53ef\u6258\u6d77 9\u65e5\u6df1\u5ea6\u6e38","trade_status":"TRADE_SUCCESS","is_total_fee_adjust":"N","total_fee":"10060.00","gmt_payment":"2017-08-29 13:57:49","seller_email":"2287684289@qq.com","price":"10060.00","buyer_id":"2088102228587355","notify_id":"c255ff65b3766e72ba5a64a2f48f81cipa","use_coupon":"N","sign_type":"MD5","sign":"dfc1d7805466dbbc5e12dc9ca64fffda"}
[2017-08-29 13:57:50][info] 数据存储反馈成功！
[2017-08-29 13:57:50][info] success
[2017-08-29 13:57:50][info] 写入结束!!!
[2017-08-29 21:40:58][info] ----------------------------------------
[2017-08-29 21:40:58][info] {"discount":"0.00","payment_type":"1","trade_no":"2017082921001004290283397139","subject":"\u5317\u7586\u91d1\u79cb\u81f3\u5c0a10\u65e5\u6e38","buyer_email":"13808201382","gmt_create":"2017-08-29 21:38:23","notify_type":"trade_status_sync","quantity":"1","out_trade_no":"LX-17082915074975606-d","seller_id":"2088421286007493","notify_time":"2017-08-29 21:40:58","body":"38\u5c0f\u65f6\u79be\u6728-\u5580\u7eb3\u65af-\u767d\u54c8\u5df4-\u53ef\u53ef\u82cf\u91cc\u6e56-\u53ef\u53ef\u6258\u6d77-\u4e94\u5f69\u6ee9-\u9b54\u9b3c\u57ce10\u65e5\u5927\u73af\u7ebf","trade_status":"TRADE_SUCCESS","is_total_fee_adjust":"N","total_fee":"5330.00","gmt_payment":"2017-08-29 21:40:57","seller_email":"2287684289@qq.com","price":"5330.00","buyer_id":"2088802313252297","notify_id":"b5f097fc3240ee1b8ab1f2659fe9209i8m","use_coupon":"N","sign_type":"MD5","sign":"7442b1326c7aeabcc6280fad60b90fb3"}
[2017-08-29 21:40:58][info] 数据存储反馈成功！
[2017-08-29 21:40:58][info] success
[2017-08-29 21:40:58][info] 写入结束!!!
