[2017-08-08 11:09:10][info] ----------------------------------------
[2017-08-08 11:09:10][info] {"discount":"0.00","payment_type":"1","trade_no":"2017080821001004280296694291","subject":"\u5927\u6f20\u4f20\u5947","buyer_email":"icecream1958@yahoo.cn","gmt_create":"2017-08-08 11:06:28","notify_type":"trade_status_sync","quantity":"1","out_trade_no":"LX-17080810523432901-8","seller_id":"2088421286007493","notify_time":"2017-08-08 11:09:10","body":"\u989d\u6d4e\u7eb3\u80e1\u6768\u6797-\u5df4\u4e39\u5409\u6797\u8179\u5730-\u9752\u6d77\u6e56-\u8336\u5361\u76d0\u6e56-\u6c34\u4e0a\u96c5\u4e39-\u6566\u714c12\u65e5\u5927\u73af\u7ebf","trade_status":"TRADE_SUCCESS","is_total_fee_adjust":"N","total_fee":"6400.00","gmt_payment":"2017-08-08 11:09:10","seller_email":"2287684289@qq.com","price":"6400.00","buyer_id":"2088402405051281","notify_id":"e53e717bc5bd4ec4375bb4b90b4ca45i5u","use_coupon":"N","sign_type":"MD5","sign":"d89756e9f3c68ecd21e7704e23af47bd"}
[2017-08-08 11:09:10][info] 数据存储反馈成功！
[2017-08-08 11:09:10][info] success
[2017-08-08 11:09:10][info] 写入结束!!!
[2017-08-08 12:22:43][info] ----------------------------------------
[2017-08-08 12:22:43][info] {"discount":"0.00","payment_type":"1","trade_no":"2017080721001004880205996553","subject":"\u4e1d\u7ef8\u4e4b\u8def\u5168\u666f\u6e389\u65e5","buyer_email":"zhongpro@sina.com","gmt_create":"2017-08-07 21:27:50","notify_type":"trade_status_sync","quantity":"1","out_trade_no":"LX-17080714141963601-a","seller_id":"2088421286007493","notify_time":"2017-08-08 12:22:43","body":"\u72ec\u5bb6\u6c34\u4e0a\u9b54\u9b3c\u57ce-\u65e0\u4eba\u533a\u539f\u751f\u6001\u96c5\u4e39\u63a2\u79d8-\u9752\u6d77\u6e56-\u8336\u5361\u76d0\u6e56-\u83ab\u9ad8\u7a9f-\u9e23\u6c99\u5c71\u6708\u7259\u6cc9-\u5f20\u6396\u4e39\u971e-\u5353\u5c14\u5c719\u65e5\u6e38","trade_status":"TRADE_SUCCESS","is_total_fee_adjust":"N","total_fee":"3790.00","gmt_payment":"2017-08-08 12:22:43","seller_email":"2287684289@qq.com","price":"3790.00","buyer_id":"2088202554417884","notify_id":"a7f09598ad1752119e446d234cefeb8msi","use_coupon":"N","sign_type":"MD5","sign":"479175b3123b14e4abeb7583c398941e"}
[2017-08-08 12:22:44][info] 数据存储反馈成功！
[2017-08-08 12:22:44][info] success
[2017-08-08 12:22:44][info] 写入结束!!!
[2017-08-08 12:26:58][info] ----------------------------------------
[2017-08-08 12:26:58][info] {"discount":"0.00","payment_type":"1","trade_no":"2017080821001004010271158194","subject":"\u5927\u6f20\u4f20\u5947","buyer_email":"13817374614","gmt_create":"2017-08-08 12:23:24","notify_type":"trade_status_sync","quantity":"1","out_trade_no":"LX-1708081151588906-f","seller_id":"2088421286007493","notify_time":"2017-08-08 12:26:58","body":"\u989d\u6d4e\u7eb3\u80e1\u6768\u6797-\u5df4\u4e39\u5409\u6797\u8179\u5730-\u9752\u6d77\u6e56-\u8336\u5361\u76d0\u6e56-\u6c34\u4e0a\u96c5\u4e39-\u6566\u714c12\u65e5\u5927\u73af\u7ebf","trade_status":"TRADE_SUCCESS","is_total_fee_adjust":"N","total_fee":"12800.00","gmt_payment":"2017-08-08 12:26:57","seller_email":"2287684289@qq.com","price":"12800.00","buyer_id":"2088522750781010","notify_id":"386851c6287883c9559d77b4708a1e2g2u","use_coupon":"N","sign_type":"MD5","sign":"3ddd089ff5b7c37d4d9c966451398fc1"}
[2017-08-08 12:26:58][info] 数据存储反馈成功！
[2017-08-08 12:26:58][info] success
[2017-08-08 12:26:58][info] 写入结束!!!
[2017-08-08 13:58:06][info] ----------------------------------------
[2017-08-08 13:58:06][info] {"discount":"0.00","payment_type":"1","trade_no":"2017080821001004640255303580","subject":"\u989d\u6d4e\u7eb3\u6444\u5f71B\u7ebf","buyer_email":"gjxlh@126.com","gmt_create":"2017-08-08 13:57:36","notify_type":"trade_status_sync","quantity":"1","out_trade_no":"LX-17080813342515501-9","seller_id":"2088421286007493","notify_time":"2017-08-08 13:58:06","body":"\u989d\u6d4e\u7eb3\u80e1\u6768\u6797-\u5df4\u4e39\u5409\u6797\u8179\u5730-\u91d1\u5854\u80e1\u6768\u6797-\u602a\u6811\u6797-\u516b\u65e5","trade_status":"TRADE_SUCCESS","is_total_fee_adjust":"N","total_fee":"4800.00","gmt_payment":"2017-08-08 13:58:06","seller_email":"2287684289@qq.com","price":"4800.00","buyer_id":"2088102088629644","notify_id":"ca3aa246672ca93877fa1d66da44fb3kxu","use_coupon":"N","sign_type":"MD5","sign":"e03aecaa4c803977e0da50add6b5c7cd"}
[2017-08-08 13:58:06][info] 数据存储反馈成功！
[2017-08-08 13:58:06][info] success
[2017-08-08 13:58:06][info] 写入结束!!!
[2017-08-08 16:02:22][info] ----------------------------------------
[2017-08-08 16:02:22][info] {"discount":"0.00","payment_type":"1","trade_no":"2017080821001004480266688345","subject":"\u4e1d\u8def\u5dc5\u5cf0\u4f53\u9a8c\u4e5d\u65e5\u6e38B\u7ebf","buyer_email":"18677797933","gmt_create":"2017-08-08 16:02:05","notify_type":"trade_status_sync","quantity":"1","out_trade_no":"LX-17080814511948806-8","seller_id":"2088421286007493","notify_time":"2017-08-08 16:02:21","body":"\u9752\u6d77\u6e56-\u8336\u5361\u76d0\u6e56-\u9e23\u6c99\u5c71\u6708\u7259\u6cc9-\u83ab\u9ad8\u7a9f-\u96c5\u4e39\u9b54\u9b3c\u57ce-\u5609\u5cea\u5173-\u5f20\u6396\u4e39\u971e-\u9a6c\u8e44\u5bfa-\u5353\u5c14\u5c71\u8f7b\u5962\u52a8\u8f669\u65e5\u6e38","trade_status":"TRADE_SUCCESS","is_total_fee_adjust":"N","total_fee":"6260.00","gmt_payment":"2017-08-08 16:02:21","seller_email":"2287684289@qq.com","price":"6260.00","buyer_id":"2088702471910481","notify_id":"05852421e8ee5a3f78aefb0baf5d208jpe","use_coupon":"N","sign_type":"MD5","sign":"b08bc5f794935e4c5860af1a5aa7c15a"}
[2017-08-08 16:02:22][info] 数据存储反馈成功！
[2017-08-08 16:02:22][info] success
[2017-08-08 16:02:22][info] 写入结束!!!
[2017-08-08 16:29:09][info] ----------------------------------------
[2017-08-08 16:29:09][info] {"discount":"0.00","payment_type":"1","trade_no":"2017080821001004420269414529","subject":"\u65b0\u7586\u5168\u666f","buyer_email":"13691219831","gmt_create":"2017-08-08 16:28:46","notify_type":"trade_status_sync","quantity":"1","out_trade_no":"LX-17080216512421806-a","seller_id":"2088421286007493","notify_time":"2017-08-08 16:29:09","body":"\u5580\u7eb3\u65af-\u79be\u6728-\u8d5b\u91cc\u6728\u6e56-\u85b0\u8863\u8349\u519c\u573a-\u5580\u62c9\u5cfb-\u90a3\u62c9\u63d0-\u5df4\u97f3\u5e03\u9c81\u514b-\u6c5f\u5e03\u62c9\u514b-\u4e94\u5f69\u6ee9-\u5410\u9c81\u756a13\u65e5\u6e38","trade_status":"TRADE_SUCCESS","is_total_fee_adjust":"N","total_fee":"5380.00","gmt_payment":"2017-08-08 16:29:09","seller_email":"2287684289@qq.com","price":"5380.00","buyer_id":"2088722321941425","notify_id":"176e982f78326fa7153453096ccf4e2j8q","use_coupon":"N","sign_type":"MD5","sign":"d80bbe3d937706a8251c1b7d4a22a088"}
[2017-08-08 16:29:10][info] 数据存储反馈成功！
[2017-08-08 16:29:10][info] success
[2017-08-08 16:29:10][info] 写入结束!!!
[2017-08-08 16:32:53][info] ----------------------------------------
[2017-08-08 16:32:53][info] {"discount":"0.00","payment_type":"1","trade_no":"2017080821001004010271632734","subject":"\u4e1d\u8def\u5dc5\u5cf0\u4f53\u9a8c\u4e5d\u65e5\u6e38B\u7ebf","buyer_email":"843414086@qq.com","gmt_create":"2017-08-08 16:32:43","notify_type":"trade_status_sync","quantity":"1","out_trade_no":"LX-17080815314812206-1","seller_id":"2088421286007493","notify_time":"2017-08-08 16:32:53","body":"\u9752\u6d77\u6e56-\u8336\u5361\u76d0\u6e56-\u9e23\u6c99\u5c71\u6708\u7259\u6cc9-\u83ab\u9ad8\u7a9f-\u96c5\u4e39\u9b54\u9b3c\u57ce-\u5609\u5cea\u5173-\u5f20\u6396\u4e39\u971e-\u9a6c\u8e44\u5bfa-\u5353\u5c14\u5c71\u8f7b\u5962\u52a8\u8f669\u65e5\u6e38","trade_status":"TRADE_SUCCESS","is_total_fee_adjust":"N","total_fee":"2040.00","gmt_payment":"2017-08-08 16:32:53","seller_email":"2287684289@qq.com","price":"2040.00","buyer_id":"2088002377883011","notify_id":"f0c8e8332ff738d02fabde996f94a24g2u","use_coupon":"N","sign_type":"MD5","sign":"8cb247eb914ecdaa63912ab75018e37e"}
[2017-08-08 16:32:54][info] 数据存储反馈成功！
[2017-08-08 16:32:54][info] success
[2017-08-08 16:32:54][info] 写入结束!!!
[2017-08-08 18:15:34][info] ----------------------------------------
[2017-08-08 18:15:34][info] {"discount":"0.00","payment_type":"1","trade_no":"2017080821001004210256956644","subject":"\u5317\u7586\u91d1\u79cb\u6444\u5f71","buyer_email":"clamptsubasa@126.com","gmt_create":"2017-08-08 18:15:27","notify_type":"trade_status_sync","quantity":"1","out_trade_no":"LX-17073010114672506-e","seller_id":"2088421286007493","notify_time":"2017-08-08 18:15:34","body":"\u5580\u7eb3\u65af-\u79be\u6728-\u767d\u54c8\u5df4-\u53ef\u53ef\u6258\u6d77-\u4e94\u5f69\u6ee9-\u53ef\u53ef\u82cf\u91cc\u6e56-\u9b54\u9b3c\u57ce\u79cb\u5b63\u6444\u5f7110\u65e5","trade_status":"TRADE_SUCCESS","is_total_fee_adjust":"N","total_fee":"5380.00","gmt_payment":"2017-08-08 18:15:33","seller_email":"2287684289@qq.com","price":"5380.00","buyer_id":"2088102000467217","notify_id":"dafc350009fc8323fb252ce70fa3c84hme","use_coupon":"N","sign_type":"MD5","sign":"8d115bf1dcae353f0d4c64b52e807eed"}
[2017-08-08 18:15:34][info] 数据存储反馈成功！
[2017-08-08 18:15:34][info] success
[2017-08-08 18:15:34][info] 写入结束!!!
[2017-08-08 18:37:06][info] ----------------------------------------
[2017-08-08 18:37:06][info] {"discount":"0.00","payment_type":"1","trade_no":"2017080821001004430255169648","subject":"\u5ddd\u5317\u7518\u5357","buyer_email":"13945694253","gmt_create":"2017-08-08 18:36:51","notify_type":"trade_status_sync","quantity":"1","out_trade_no":"LX-17080321474245006-a","seller_id":"2088421286007493","notify_time":"2017-08-08 18:37:06","body":"2017\u5e74\u4e5d\u5be8\u9ec4\u9f99-\u5e74\u5b9d\u7389\u5219-\u4e5d\u66f2\u9ec4\u6cb3-\u82e5\u5c14\u76d6\u82b1\u6e568\u65e5\u6e38","trade_status":"TRADE_SUCCESS","is_total_fee_adjust":"N","total_fee":"3300.00","gmt_payment":"2017-08-08 18:37:06","seller_email":"2287684289@qq.com","price":"3300.00","buyer_id":"2088422540697438","notify_id":"7c28403da93fc240bd1099d4eec96a0jbi","use_coupon":"N","sign_type":"MD5","sign":"fd93581cff9a7bf9b63b5a403ba30485"}
[2017-08-08 18:37:07][info] 数据存储反馈成功！
[2017-08-08 18:37:07][info] success
[2017-08-08 18:37:07][info] 写入结束!!!
[2017-08-08 20:31:00][info] ----------------------------------------
[2017-08-08 20:31:00][info] {"discount":"0.00","payment_type":"1","trade_no":"2017080821001004030270798081","subject":"\u989d\u6d4e\u7eb3\u6df1\u5ea6\u6e38","buyer_email":"18205735502","gmt_create":"2017-08-08 20:30:32","notify_type":"trade_status_sync","quantity":"1","out_trade_no":"LX-17073015121267901-e","seller_id":"2088421286007493","notify_time":"2017-08-08 20:31:00","body":"\u4ed9\u7c73\u5f69\u6797-\u7941\u8fde\u5c71-\u9a6c\u8e44\u5bfa-\u5f20\u6396\u4e39\u971e-\u91d1\u5854\u80e1\u6768\u6797-\u989d\u6d4e\u7eb3\u80e1\u6768\u6797-\u5c45\u5ef6\u6d77-\u5609\u5cea\u5173-\u52a8\u8f66\u8fd4\u7a0b7\u65e5\u6e38","trade_status":"TRADE_SUCCESS","is_total_fee_adjust":"N","total_fee":"1750.00","gmt_payment":"2017-08-08 20:31:00","seller_email":"2287684289@qq.com","price":"1750.00","buyer_id":"2088802098874031","notify_id":"f553a7a4bb9cab102d08b3358cb28dfg8e","use_coupon":"N","sign_type":"MD5","sign":"8964084f02ba9990641915fb8fb1e770"}
[2017-08-08 20:31:01][info] 数据存储反馈成功！
[2017-08-08 20:31:01][info] success
[2017-08-08 20:31:01][info] 写入结束!!!
[2017-08-08 21:31:21][info] ----------------------------------------
[2017-08-08 21:31:21][info] {"discount":"0.00","payment_type":"1","trade_no":"2017080821001004910217007508","subject":"\u4e1d\u7ef8\u4e4b\u8def\u5168\u666f\u6e389\u65e5","buyer_email":"swiftsweet@126.com","gmt_create":"2017-08-08 21:31:15","notify_type":"trade_status_sync","quantity":"1","out_trade_no":"LX-17080821121150806-9","seller_id":"2088421286007493","notify_time":"2017-08-08 21:31:21","body":"\u72ec\u5bb6\u6c34\u4e0a\u9b54\u9b3c\u57ce-\u65e0\u4eba\u533a\u539f\u751f\u6001\u96c5\u4e39\u63a2\u79d8-\u9752\u6d77\u6e56-\u8336\u5361\u76d0\u6e56-\u83ab\u9ad8\u7a9f-\u9e23\u6c99\u5c71\u6708\u7259\u6cc9-\u5f20\u6396\u4e39\u971e-\u5353\u5c14\u5c719\u65e5\u6e38","trade_status":"TRADE_SUCCESS","is_total_fee_adjust":"N","total_fee":"7560.00","gmt_payment":"2017-08-08 21:31:20","seller_email":"2287684289@qq.com","price":"7560.00","buyer_id":"2088202879098913","notify_id":"50338b6f4093fab649e7d03aacc6e90n0u","use_coupon":"N","sign_type":"MD5","sign":"592f1b9694f88e674533e8c99f8983d0"}
[2017-08-08 21:31:21][info] 数据存储反馈成功！
[2017-08-08 21:31:21][info] success
[2017-08-08 21:31:21][info] 写入结束!!!
