[2017-07-31 11:12:40][info] ----------------------------------------
[2017-07-31 11:12:40][info] {"discount":"0.00","payment_type":"1","trade_no":"2017073121001004970267053619","subject":"\u7518\u5357\u5168\u666f","buyer_email":"215056067@qq.com","gmt_create":"2017-07-31 11:12:32","notify_type":"trade_status_sync","quantity":"1","out_trade_no":"LX-17073108524511901-d","seller_id":"2088421286007493","notify_time":"2017-07-31 11:12:40","body":"2017\u5e74\u72ec\u5bb6  \u62c9\u535c\u695e\u5bfa-\u624e\u5c15\u90a3-\u82b1\u6e56-\u5e74\u5b9d\u7389\u5219-\u82e5\u5c14\u76d6\u8349\u539f-\u963f\u4e07\u4ed3\u6e7f\u5730-\u5c15\u6d77\u6e56-\u90ce\u6728\u5bfa 8\u65e5\u6e38","trade_status":"TRADE_SUCCESS","is_total_fee_adjust":"N","total_fee":"4920.00","gmt_payment":"2017-07-31 11:12:40","seller_email":"2287684289@qq.com","price":"4920.00","buyer_id":"2088402935525977","notify_id":"f7b2bbd1cfc735aced95db85bccac92nhi","use_coupon":"N","sign_type":"MD5","sign":"025abcf356eae6b2333f0b4cdfb61828"}
[2017-07-31 11:12:41][info] 数据存储反馈成功！
[2017-07-31 11:12:41][info] success
[2017-07-31 11:12:41][info] 写入结束!!!
[2017-07-31 11:31:32][info] ----------------------------------------
[2017-07-31 11:31:32][info] {"discount":"0.00","payment_type":"1","trade_no":"2017073121001004560204199531","subject":"\u65b0\u7586\u5168\u666f","buyer_email":"13848270661@163.com","gmt_create":"2017-07-31 11:30:21","notify_type":"trade_status_sync","quantity":"1","out_trade_no":"LX-17062012144632401-5","seller_id":"2088421286007493","notify_time":"2017-07-31 11:31:32","body":"\u5580\u7eb3\u65af-\u79be\u6728-\u8d5b\u91cc\u6728\u6e56-\u85b0\u8863\u8349\u519c\u573a-\u5580\u62c9\u5cfb-\u90a3\u62c9\u63d0-\u5df4\u97f3\u5e03\u9c81\u514b-\u6c5f\u5e03\u62c9\u514b-\u4e94\u5f69\u6ee9-\u5410\u9c81\u756a13\u65e5\u6e38","trade_status":"TRADE_SUCCESS","is_total_fee_adjust":"N","total_fee":"18840.00","gmt_payment":"2017-07-31 11:31:32","seller_email":"2287684289@qq.com","price":"18840.00","buyer_id":"2088912709862569","notify_id":"7806fea70e731f83534468791c524aekbm","use_coupon":"N","sign_type":"MD5","sign":"240a31ad5527c2fa13338d287ce76392"}
[2017-07-31 11:31:32][info] 数据存储反馈成功！
[2017-07-31 11:31:32][info] success
[2017-07-31 11:31:32][info] 写入结束!!!
[2017-07-31 12:27:40][info] ----------------------------------------
[2017-07-31 12:27:40][info] {"discount":"0.00","payment_type":"1","trade_no":"2017073121001004570282862986","subject":"\u4e1d\u7ef8\u4e4b\u8def\u7cbe\u534e\u4e03\u65e5\u6e38","buyer_email":"1228559009@qq.com","gmt_create":"2017-07-31 12:26:59","notify_type":"trade_status_sync","quantity":"1","out_trade_no":"LX-17073108364094406-9","seller_id":"2088421286007493","notify_time":"2017-07-31 12:27:40","body":"2017\u5e74\u9752\u6d77\u6e56-\u8336\u5361\u76d0\u6e56-\u6566\u714c-\u5609\u5cea\u5173-\u5f20\u6396\u4e39\u971e\u4e03\u65e5\u6e38","trade_status":"TRADE_SUCCESS","is_total_fee_adjust":"N","total_fee":"4120.00","gmt_payment":"2017-07-31 12:27:40","seller_email":"2287684289@qq.com","price":"4120.00","buyer_id":"2088502809838575","notify_id":"523e3b38b5b9f9ab401f01862c7f020kee","use_coupon":"N","sign_type":"MD5","sign":"80d1cff548b3de440b921242c9daf5fa"}
[2017-07-31 12:27:40][info] 数据存储反馈成功！
[2017-07-31 12:27:40][info] success
[2017-07-31 12:27:40][info] 写入结束!!!
[2017-07-31 13:05:08][info] ----------------------------------------
[2017-07-31 13:05:08][info] {"discount":"0.00","payment_type":"1","trade_no":"2017073121001004200253472930","subject":"\u4e1d\u8def\u5dc5\u5cf0\u4f53\u9a8c\u4e5d\u65e5\u6e38B\u7ebf","buyer_email":"wanghui84116@sohu.com","gmt_create":"2017-07-31 13:04:53","notify_type":"trade_status_sync","quantity":"1","out_trade_no":"LX-17070511212831806-8","seller_id":"2088421286007493","notify_time":"2017-07-31 13:05:08","body":"\u9752\u6d77\u6e56-\u8336\u5361\u76d0\u6e56-\u9e23\u6c99\u5c71\u6708\u7259\u6cc9-\u83ab\u9ad8\u7a9f-\u96c5\u4e39\u9b54\u9b3c\u57ce-\u5609\u5cea\u5173-\u5f20\u6396\u4e39\u971e-\u9a6c\u8e44\u5bfa-\u5353\u5c14\u5c71\u8f7b\u5962\u52a8\u8f669\u65e5\u6e38","trade_status":"TRADE_SUCCESS","is_total_fee_adjust":"N","total_fee":"3130.00","gmt_payment":"2017-07-31 13:05:08","seller_email":"2287684289@qq.com","price":"3130.00","buyer_id":"2088002318383200","notify_id":"7386292f7de70f8ebab4bc7ecc549e3hjm","use_coupon":"N","sign_type":"MD5","sign":"b50ee11de22879c0cb803a67ce16218d"}
[2017-07-31 13:05:09][info] 数据存储反馈成功！
[2017-07-31 13:05:09][info] success
[2017-07-31 13:05:09][info] 写入结束!!!
[2017-07-31 15:17:50][info] ----------------------------------------
[2017-07-31 15:17:50][info] {"discount":"0.00","payment_type":"1","trade_no":"2017073121001004770212124110","subject":"\u575d\u4e0a\u590f\u5b63\u6444\u5f71","buyer_email":"136694898@qq.com","gmt_create":"2017-07-31 15:17:33","notify_type":"trade_status_sync","quantity":"1","out_trade_no":"LX-17073109422317901-6","seller_id":"2088421286007493","notify_time":"2017-07-31 15:17:50","body":"6-8\u6708\u751f\u5982\u590f\u82b1\uff0c\u575d\u4e0a\u8349\u539f6\u65e5\u5168\u666f\u6444\u5f71\u521b\u4f5c\u56e2\uff08\u575d\u4e0a\u62cd\u6444\u56db\u5929\uff09","trade_status":"TRADE_SUCCESS","is_total_fee_adjust":"N","total_fee":"5360.00","gmt_payment":"2017-07-31 15:17:49","seller_email":"2287684289@qq.com","price":"5360.00","buyer_id":"2088302652449771","notify_id":"0f25cf5b8ae5a36af0885591c2060d0lxy","use_coupon":"N","sign_type":"MD5","sign":"1e2e44079228cb6d69ddd60768a1a383"}
[2017-07-31 15:17:50][info] 数据存储反馈成功！
[2017-07-31 15:17:50][info] success
[2017-07-31 15:17:50][info] 写入结束!!!
[2017-07-31 15:33:51][info] ----------------------------------------
[2017-07-31 15:33:51][info] {"discount":"0.00","payment_type":"1","trade_no":"2017042921001004800217151222","subject":"\u65b0\u7586\u5168\u666f","buyer_email":"527147370@qq.com","gmt_create":"2017-04-29 15:33:05","notify_type":"trade_status_sync","quantity":"1","out_trade_no":"LX-17042911431888306-7","seller_id":"2088421286007493","notify_time":"2017-07-31 15:33:51","body":"\u6c5f\u5e03\u62c9\u514b-\u4e94\u5f69\u6ee9-\u5580\u7eb3\u65af-\u79be\u6728-\u8d5b\u91cc\u6728\u6e56-\u85b0\u8863\u8349\u5e84\u56ed-\u5580\u62c9\u5cfb-\u90a3\u62c9\u63d0-\u5df4\u97f3\u5e03\u9c81\u514b-\u5410\u9c81\u756a13\u65e5\u6e38","trade_status":"TRADE_FINISHED","is_total_fee_adjust":"N","total_fee":"2590.00","gmt_payment":"2017-04-29 15:33:21","seller_email":"2287684289@qq.com","gmt_close":"2017-07-31 15:33:51","price":"2590.00","buyer_id":"2088502559684804","notify_id":"f84b34ce99474e4dfdbe72d1c02ce4em6a","use_coupon":"N","sign_type":"MD5","sign":"fb609fdf164ad7e449383f64d7753d3b"}
[2017-07-31 15:33:51][info] 数据存储反馈成功！
[2017-07-31 15:33:51][info] success
[2017-07-31 15:33:51][info] 写入结束!!!
[2017-07-31 15:48:41][info] ----------------------------------------
[2017-07-31 15:48:41][info] {"discount":"0.00","payment_type":"1","trade_no":"2017073121001004080277928419","subject":"\u5927\u7f8e\u5ddd\u85cf","buyer_email":"jinlilian@163.com","gmt_create":"2017-07-31 15:48:33","notify_type":"trade_status_sync","quantity":"1","out_trade_no":"LX-17072908201247806-d","seller_id":"2088421286007493","notify_time":"2017-07-31 15:48:41","body":"2017\u4ece\u4f60\u7684\u5168\u4e16\u754c\u8def\u8fc7 \u2014 \u5ddd\u85cf\u5357\u7ebf+\u6ec7\u85cf\u7ebf+\u7a3b\u57ce\u4e9a\u4e01+\u6885\u91cc\u96ea\u5c71+\u6765\u53e4\u675111\u65e5\u6e38","trade_status":"TRADE_SUCCESS","is_total_fee_adjust":"N","total_fee":"3140.00","gmt_payment":"2017-07-31 15:48:41","seller_email":"2287684289@qq.com","price":"3140.00","buyer_id":"2088302234298083","notify_id":"9fcce3eeff4151277c4a44918f412afgma","use_coupon":"N","sign_type":"MD5","sign":"06ef02d375063567ad1fa1b20c99f874"}
[2017-07-31 15:48:42][info] 数据存储反馈成功！
[2017-07-31 15:48:42][info] success
[2017-07-31 15:48:42][info] 写入结束!!!
[2017-07-31 16:21:13][info] ----------------------------------------
[2017-07-31 16:21:13][info] {"discount":"0.00","payment_type":"1","trade_no":"2017073121001004760251960240","subject":"\u7518\u5357\u5168\u666f","buyer_email":"13601056105","gmt_create":"2017-07-31 16:14:59","notify_type":"trade_status_sync","quantity":"1","out_trade_no":"LX-17073016314591406-0","seller_id":"2088421286007493","notify_time":"2017-07-31 16:21:13","body":"2017\u5e74\u72ec\u5bb6  \u62c9\u535c\u695e\u5bfa-\u624e\u5c15\u90a3-\u82b1\u6e56-\u5e74\u5b9d\u7389\u5219-\u82e5\u5c14\u76d6\u8349\u539f-\u963f\u4e07\u4ed3\u6e7f\u5730-\u5c15\u6d77\u6e56-\u90ce\u6728\u5bfa 8\u65e5\u6e38","trade_status":"TRADE_SUCCESS","is_total_fee_adjust":"N","total_fee":"960.00","gmt_payment":"2017-07-31 16:21:13","seller_email":"2287684289@qq.com","price":"960.00","buyer_id":"2088902658777764","notify_id":"eb59565ed9630e5e3b10c660ae5dfcdlv6","use_coupon":"N","sign_type":"MD5","sign":"87c51fa6badf273c8b71a19324f97f1e"}
[2017-07-31 16:21:14][info] 数据存储反馈成功！
[2017-07-31 16:21:14][info] success
[2017-07-31 16:21:14][info] 写入结束!!!
[2017-07-31 16:44:01][info] ----------------------------------------
[2017-07-31 16:44:01][info] {"discount":"0.00","payment_type":"1","trade_no":"2017073121001004920249425058","subject":"\u68a6\u4e2d\u5929\u5802","buyer_email":"437895568@qq.com","gmt_create":"2017-07-31 16:42:24","notify_type":"trade_status_sync","quantity":"1","out_trade_no":"LX-1707311409211406-4","seller_id":"2088421286007493","notify_time":"2017-07-31 16:44:01","body":"2017\u5e74\u7a3b\u57ce\u4e9a\u4e01-\u65b0\u90fd\u6865-\u4e39\u5df4-\u4e5d\u65e5\u6df1\u5ea6\u6e38","trade_status":"TRADE_SUCCESS","is_total_fee_adjust":"N","total_fee":"6360.00","gmt_payment":"2017-07-31 16:44:01","seller_email":"2287684289@qq.com","price":"6360.00","buyer_id":"2088702035716920","notify_id":"cd5e932b70aa0ca8dcc1ebaf319706cn3m","use_coupon":"N","sign_type":"MD5","sign":"9cbb95bc3ab4998ef5d8ff97d1565ae6"}
[2017-07-31 16:44:02][info] 数据存储反馈成功！
[2017-07-31 16:44:02][info] success
[2017-07-31 16:44:02][info] 写入结束!!!
[2017-07-31 17:04:15][info] ----------------------------------------
[2017-07-31 17:04:15][info] {"discount":"0.00","payment_type":"1","trade_no":"2017073121001004300272140489","subject":"\u4e1d\u7ef8\u4e4b\u8def\u7cbe\u534e\u4e03\u65e5\u6e38","buyer_email":"willa@yhhztoys.com","gmt_create":"2017-07-31 17:03:51","notify_type":"trade_status_sync","quantity":"1","out_trade_no":"LX-17073116283459906-d","seller_id":"2088421286007493","notify_time":"2017-07-31 17:04:15","body":"2017\u5e74\u9752\u6d77\u6e56-\u8336\u5361\u76d0\u6e56-\u6566\u714c-\u5609\u5cea\u5173-\u5f20\u6396\u4e39\u971e\u4e03\u65e5\u6e38","trade_status":"TRADE_SUCCESS","is_total_fee_adjust":"N","total_fee":"18360.00","gmt_payment":"2017-07-31 17:04:14","seller_email":"2287684289@qq.com","price":"18360.00","buyer_id":"2088002884110307","notify_id":"f1d33b146aac27307351f6eecbe180fibe","use_coupon":"Y","sign_type":"MD5","sign":"70f9a3cf5edd4648ef76b9ae0fcb00ec"}
[2017-07-31 17:04:15][info] 数据存储反馈成功！
[2017-07-31 17:04:15][info] success
[2017-07-31 17:04:15][info] 写入结束!!!
[2017-07-31 17:25:48][info] ----------------------------------------
[2017-07-31 17:25:48][info] {"discount":"0.00","payment_type":"1","trade_no":"2017073121001004040264972203","subject":"\u4e1d\u8def\u5dc5\u5cf0\u4f53\u9a8c\u4e5d\u65e5\u6e38B\u7ebf","buyer_email":"catey7@hotmail.com","gmt_create":"2017-07-31 17:25:34","notify_type":"trade_status_sync","quantity":"1","out_trade_no":"LX-1707052034403501-6","seller_id":"2088421286007493","notify_time":"2017-07-31 17:25:48","body":"\u9752\u6d77\u6e56-\u8336\u5361\u76d0\u6e56-\u9e23\u6c99\u5c71\u6708\u7259\u6cc9-\u83ab\u9ad8\u7a9f-\u96c5\u4e39\u9b54\u9b3c\u57ce-\u5609\u5cea\u5173-\u5f20\u6396\u4e39\u971e-\u9a6c\u8e44\u5bfa-\u5353\u5c14\u5c71\u8f7b\u5962\u52a8\u8f669\u65e5\u6e38","trade_status":"TRADE_SUCCESS","is_total_fee_adjust":"N","total_fee":"8170.00","gmt_payment":"2017-07-31 17:25:47","seller_email":"2287684289@qq.com","price":"8170.00","buyer_id":"2088002344608049","notify_id":"94a6072bba3924366b666c14e4fcec4gb6","use_coupon":"N","sign_type":"MD5","sign":"10ce343b89e645e4b8f1867211a105f5"}
[2017-07-31 17:25:48][info] 数据存储反馈成功！
[2017-07-31 17:25:48][info] success
[2017-07-31 17:25:48][info] 写入结束!!!
[2017-07-31 18:53:03][info] ----------------------------------------
[2017-07-31 18:53:03][info] {"discount":"0.00","payment_type":"1","trade_no":"2017073121001004720238268263","subject":"\u4e5d\u8272\u7518\u5357","buyer_email":"hdh@jnupress.com","gmt_create":"2017-07-31 18:52:15","notify_type":"trade_status_sync","quantity":"1","out_trade_no":"LX-17071720040431106-4","seller_id":"2088421286007493","notify_time":"2017-07-31 18:53:02","body":"\u62c9\u535c\u695e\u5bfa-\u6851\u79d1\u8349\u539f-\u624e\u5c15\u90a3-\u4e5d\u66f2\u9ec4\u6cb3\u7b2c\u4e00\u6e7e-\u82b1\u6e56-\u90ce\u6728\u5bfa6\u65e5\u6e38","trade_status":"TRADE_SUCCESS","is_total_fee_adjust":"N","total_fee":"9120.00","gmt_payment":"2017-07-31 18:53:02","seller_email":"2287684289@qq.com","price":"9120.00","buyer_id":"2088802976929727","notify_id":"0bdc5f214c062c69fc95aaf5e78a19blk2","use_coupon":"N","sign_type":"MD5","sign":"22bc7c2d339d9426eb0ddc20b92319bf"}
[2017-07-31 18:53:03][info] 数据存储反馈成功！
[2017-07-31 18:53:03][info] success
[2017-07-31 18:53:03][info] 写入结束!!!
[2017-07-31 20:42:16][info] ----------------------------------------
[2017-07-31 20:42:16][info] {"discount":"0.00","payment_type":"1","trade_no":"2017073121001004720238468646","subject":"\u65b0\u7586\u91d1\u79cb\u5927\u73af\u7ebf","buyer_email":"ran1011@sina.com","gmt_create":"2017-07-31 20:42:09","notify_type":"trade_status_sync","quantity":"1","out_trade_no":"LX-17073120315054401-a","seller_id":"2088421286007493","notify_time":"2017-07-31 20:42:16","body":"\u5580\u7eb3\u65af-\u79be\u6728-\u767d\u54c8\u5df4-\u8d5b\u91cc\u6728\u6e56-\u5df4\u97f3\u5e03\u9c81\u514b-\u5410\u9c81\u756a-\u5854\u91cc\u6728\u6cb3\u80e1\u6768\u679712\u65e5\u6df1\u5ea6\u6e38","trade_status":"TRADE_SUCCESS","is_total_fee_adjust":"N","total_fee":"5690.00","gmt_payment":"2017-07-31 20:42:16","seller_email":"2287684289@qq.com","price":"5690.00","buyer_id":"2088002137569720","notify_id":"134324ca925fa101e706c044c6c5c8alk2","use_coupon":"N","sign_type":"MD5","sign":"f185c718e5d1625116898e2a9516bc44"}
[2017-07-31 20:42:17][info] 数据存储反馈成功！
[2017-07-31 20:42:17][info] success
[2017-07-31 20:42:17][info] 写入结束!!!
[2017-07-31 21:23:02][info] ----------------------------------------
[2017-07-31 21:23:02][info] {"discount":"0.00","payment_type":"1","trade_no":"2017073121001004510261674387","subject":"\u4e1d\u7ef8\u4e4b\u8def\u5168\u666f\u6e389\u65e5","buyer_email":"18927541840","gmt_create":"2017-07-31 21:22:37","notify_type":"trade_status_sync","quantity":"1","out_trade_no":"LX-17073018093297306-5","seller_id":"2088421286007493","notify_time":"2017-07-31 21:23:02","body":"\u72ec\u5bb6\u6c34\u4e0a\u9b54\u9b3c\u57ce-\u65e0\u4eba\u533a\u539f\u751f\u6001\u96c5\u4e39\u63a2\u79d8-\u9752\u6d77\u6e56-\u8336\u5361\u76d0\u6e56-\u83ab\u9ad8\u7a9f-\u9e23\u6c99\u5c71\u6708\u7259\u6cc9-\u5f20\u6396\u4e39\u971e-\u5353\u5c14\u5c719\u65e5\u6e38","trade_status":"TRADE_SUCCESS","is_total_fee_adjust":"N","total_fee":"3780.00","gmt_payment":"2017-07-31 21:23:02","seller_email":"2287684289@qq.com","price":"3780.00","buyer_id":"2088802013726513","notify_id":"422d7b6930f5205b869ad64db5e00dbjxq","use_coupon":"N","sign_type":"MD5","sign":"75220b475427e35b38e5cf00176a6c89"}
[2017-07-31 21:23:03][info] 数据存储反馈成功！
[2017-07-31 21:23:03][info] success
[2017-07-31 21:23:03][info] 写入结束!!!
[2017-07-31 21:39:43][info] ----------------------------------------
[2017-07-31 21:39:43][info] {"discount":"0.00","payment_type":"1","trade_no":"2017073121001004230241681954","subject":"\u8d35\u5dde\u5168\u666f\u6e38","buyer_email":"zsbll.love@163.com","gmt_create":"2017-07-31 21:38:45","notify_type":"trade_status_sync","quantity":"1","out_trade_no":"LX-17073120563247001-0","seller_id":"2088421286007493","notify_time":"2017-07-31 21:39:43","body":"\u897f\u6c5f\u5343\u6237\u82d7\u5be8-\u8354\u6ce2-\u9ed4\u4e1c\u5357-\u9547\u8fdc-\u9ec4\u679c\u6811-\u79d8\u5883\u8302\u5170\u6df1\u5ea6\u7eaf\u73a9\u4e5d\u65e5\u6e38","trade_status":"TRADE_SUCCESS","is_total_fee_adjust":"N","total_fee":"27860.00","gmt_payment":"2017-07-31 21:39:43","seller_email":"2287684289@qq.com","price":"27860.00","buyer_id":"2088202593693230","notify_id":"915d35d8a6c346b7d905cefbf943c6bhry","use_coupon":"N","sign_type":"MD5","sign":"d7f011d012b12d1f8acfa5a2a86efd00"}
[2017-07-31 21:39:44][info] 数据存储反馈成功！
[2017-07-31 21:39:44][info] success
[2017-07-31 21:39:44][info] 写入结束!!!
[2017-07-31 21:44:15][info] ----------------------------------------
[2017-07-31 21:44:15][info] {"discount":"0.00","payment_type":"1","trade_no":"2017073121001004570283981935","subject":"\u5fc3\u82b1\u8def\u653e","buyer_email":"daphnefly@qq.com","gmt_create":"2017-07-31 21:43:59","notify_type":"trade_status_sync","quantity":"1","out_trade_no":"LX-17070914112986401-f","seller_id":"2088421286007493","notify_time":"2017-07-31 21:44:15","body":"\u5927\u7406\u53cc\u5eca\u3001\u6c99\u6eaa\u53e4\u9547\u3001\u4e3d\u6c5f\u53e4\u57ce\u3001\u9999\u683c\u91cc\u62c9\u3001\u6cf8\u6cbd\u6e567\u65e5\u6ec7\u897f\u5317\u5168\u666f\u6df1\u5ea6\u6e38","trade_status":"TRADE_SUCCESS","is_total_fee_adjust":"N","total_fee":"13920.00","gmt_payment":"2017-07-31 21:44:14","seller_email":"2287684289@qq.com","price":"13920.00","buyer_id":"2088002753871573","notify_id":"0041e54f3eae75b891e3574dd36c8f7kee","use_coupon":"N","sign_type":"MD5","sign":"a5c641e43dbcd86508efa631185e6f59"}
[2017-07-31 21:44:15][info] 数据存储反馈成功！
[2017-07-31 21:44:15][info] success
[2017-07-31 21:44:15][info] 写入结束!!!
[2017-07-31 21:54:08][info] ----------------------------------------
[2017-07-31 21:54:08][info] {"discount":"0.00","payment_type":"1","trade_no":"2017073121001004530272461842","subject":"\u4e1d\u7ef8\u4e4b\u8def\u5168\u666f\u6e389\u65e5","buyer_email":"13691115759","gmt_create":"2017-07-31 21:53:41","notify_type":"trade_status_sync","quantity":"1","out_trade_no":"LX-17071720392979406-2","seller_id":"2088421286007493","notify_time":"2017-07-31 21:54:08","body":"\u72ec\u5bb6\u6c34\u4e0a\u9b54\u9b3c\u57ce-\u65e0\u4eba\u533a\u539f\u751f\u6001\u96c5\u4e39\u63a2\u79d8-\u9752\u6d77\u6e56-\u8336\u5361\u76d0\u6e56-\u83ab\u9ad8\u7a9f-\u9e23\u6c99\u5c71\u6708\u7259\u6cc9-\u5f20\u6396\u4e39\u971e-\u5353\u5c14\u5c719\u65e5\u6e38","trade_status":"TRADE_SUCCESS","is_total_fee_adjust":"N","total_fee":"4770.00","gmt_payment":"2017-07-31 21:54:08","seller_email":"2287684289@qq.com","price":"4770.00","buyer_id":"2088802519024535","notify_id":"0671ff005d7e61d92ee72e7e951e6e5k3a","use_coupon":"N","sign_type":"MD5","sign":"f2b730348520cb02887bc98e61fe3115"}
[2017-07-31 21:54:08][info] 数据存储反馈成功！
[2017-07-31 21:54:08][info] success
[2017-07-31 21:54:08][info] 写入结束!!!
[2017-07-31 22:24:05][info] ----------------------------------------
[2017-07-31 22:24:05][info] {"discount":"0.00","payment_type":"1","trade_no":"2017073121001004100278430869","subject":"\u65b0\u7586\u62fe\u5149\u5168\u666f\u5199\u771f\u65c5\u884c","buyer_email":"13922125609","gmt_create":"2017-07-31 22:22:19","notify_type":"trade_status_sync","quantity":"1","out_trade_no":"LX-17052414252320806-9","seller_id":"2088421286007493","notify_time":"2017-07-31 22:24:05","body":"\u4e4c\u9c81\u6728\u9f50-\u4e94\u5f69\u6ee9-\u5e03\u5c14\u6d25-\u5580\u7eb3\u65af-\u79be\u6728-\u9b54\u9b3c\u57ce-\u8d5b\u91cc\u6728\u6e56-\u89e3\u5fe7\u516c\u4e3b\u85b0\u8863\u8349\u519c\u573a-\u5580\u62c9\u5cfb-\u5df4\u97f3\u5e03\u9c81\u514b-\u535a\u65af\u817e\u6e56-\u5e93\u6728\u5854\u683c\u6c99\u6f2014\u65e5\u6e38","trade_status":"TRADE_SUCCESS","is_total_fee_adjust":"N","total_fee":"5530.00","gmt_payment":"2017-07-31 22:24:05","seller_email":"2287684289@qq.com","price":"5530.00","buyer_id":"2088722137876108","notify_id":"2f80f9101b045f0db3582eeae61211dgru","use_coupon":"N","sign_type":"MD5","sign":"a7d9b11e12ea81d0b547e4286ed16124"}
[2017-07-31 22:24:06][info] 数据存储反馈成功！
[2017-07-31 22:24:06][info] success
[2017-07-31 22:24:06][info] 写入结束!!!
