[2017-06-20 12:37:05][info] ----------------------------------------
[2017-06-20 12:37:05][info] {"discount":"0.00","payment_type":"1","trade_no":"2017062021001004150262187240","subject":"\u9752\u6d77\u6e56\u73af\u6e565\u65e5\u6df1\u5ea6\u6e38","buyer_email":"shmily2306@sohu.com","gmt_create":"2017-06-20 12:36:55","notify_type":"trade_status_sync","quantity":"1","out_trade_no":"LX-1706131333253706-8","seller_id":"2088421286007493","notify_time":"2017-06-20 12:37:05","body":"\u8336\u5361\u3001\u95e8\u6e90\u3001\u7941\u8fde\u3001\u7cbe\u534e300\u00b0\u9752\u6d77\u6e56\u73af\u6e56","trade_status":"TRADE_SUCCESS","is_total_fee_adjust":"N","total_fee":"3760.00","gmt_payment":"2017-06-20 12:37:04","seller_email":"2287684289@qq.com","price":"3760.00","buyer_id":"2088002937437159","notify_id":"eaf112aa7c2a0a38508c6be67bd24aah5q","use_coupon":"N","sign_type":"MD5","sign":"3493ead3493caef9bc01412c1747f854"}
[2017-06-20 12:37:05][info] 数据存储反馈成功！
[2017-06-20 12:37:05][info] success
[2017-06-20 12:37:05][info] 写入结束!!!
[2017-06-20 12:51:19][info] ----------------------------------------
[2017-06-20 12:51:19][info] {"discount":"0.00","payment_type":"1","trade_no":"2017062021001004050277664132","subject":"\u65b0\u7586\u5168\u666f","buyer_email":"15508659075","gmt_create":"2017-06-20 12:50:57","notify_type":"trade_status_sync","quantity":"1","out_trade_no":"LX-17062012254153906-b","seller_id":"2088421286007493","notify_time":"2017-06-20 12:51:19","body":"\u6c5f\u5e03\u62c9\u514b-\u4e94\u5f69\u6ee9-\u5580\u7eb3\u65af-\u79be\u6728-\u8d5b\u91cc\u6728\u6e56-\u85b0\u8863\u8349\u519c\u573a-\u5580\u62c9\u5cfb-\u90a3\u62c9\u63d0-\u5df4\u97f3\u5e03\u9c81\u514b-\u5410\u9c81\u756a13\u65e5\u6e38","trade_status":"TRADE_SUCCESS","is_total_fee_adjust":"N","total_fee":"10760.00","gmt_payment":"2017-06-20 12:51:19","seller_email":"2287684289@qq.com","price":"10760.00","buyer_id":"2088612344961055","notify_id":"5d1c9805b733586cfb5663d43bdc6edgdy","use_coupon":"N","sign_type":"MD5","sign":"1ec05706cdaa132053ed35b17fbed039"}
[2017-06-20 12:51:20][info] 数据存储反馈成功！
[2017-06-20 12:51:20][info] success
[2017-06-20 12:51:20][info] 写入结束!!!
[2017-06-20 13:22:53][info] ----------------------------------------
[2017-06-20 13:22:53][info] {"discount":"0.00","payment_type":"1","trade_no":"2017062021001004940254730937","subject":"\u4e1d\u7ef8\u4e4b\u8def\u7ecf\u5178\u4e5d\u65e5","buyer_email":"flyy1976fyc@yahoo.com.cn","gmt_create":"2017-06-20 13:16:37","notify_type":"trade_status_sync","quantity":"1","out_trade_no":"LX-1706141319089501-f","seller_id":"2088421286007493","notify_time":"2017-06-20 13:22:53","body":"\u6c99\u5c9b-\u9752\u6d77\u6e56-\u8336\u5361\u76d0\u6e56-\u5353\u5c14\u5c71-\u5f20\u6396\u4e39\u971e-\u5609\u5cea\u5173-\u6566\u714c9\u65e5\u6e38","trade_status":"TRADE_SUCCESS","is_total_fee_adjust":"N","total_fee":"6990.00","gmt_payment":"2017-06-20 13:22:52","seller_email":"2287684289@qq.com","price":"6990.00","buyer_id":"2088002200623948","notify_id":"acde9f29aff11de8d837c5a9eef3d0an96","use_coupon":"N","sign_type":"MD5","sign":"ec2209a0f8436c7694beb910e8396b75"}
[2017-06-20 13:22:53][info] 数据存储反馈成功！
[2017-06-20 13:22:53][info] success
[2017-06-20 13:22:53][info] 写入结束!!!
[2017-06-20 15:01:22][info] ----------------------------------------
[2017-06-20 15:01:22][info] {"discount":"0.00","payment_type":"1","trade_no":"2017062021001004440284854163","subject":"\u4e1d\u7ef8\u4e4b\u8def\u7ecf\u5178\u4e5d\u65e5","buyer_email":"13051110551","gmt_create":"2017-06-20 14:59:11","notify_type":"trade_status_sync","quantity":"1","out_trade_no":"LX-17061814525486001-8","seller_id":"2088421286007493","notify_time":"2017-06-20 15:01:22","body":"\u6c99\u5c9b-\u9752\u6d77\u6e56-\u8336\u5361\u76d0\u6e56-\u5353\u5c14\u5c71-\u5f20\u6396\u4e39\u971e-\u5609\u5cea\u5173-\u6566\u714c9\u65e5\u6e38","trade_status":"TRADE_SUCCESS","is_total_fee_adjust":"N","total_fee":"3780.00","gmt_payment":"2017-06-20 15:01:21","seller_email":"2287684289@qq.com","price":"3780.00","buyer_id":"2088702155085441","notify_id":"0546c59273d9ec6258332e521746312jea","use_coupon":"N","sign_type":"MD5","sign":"9ba1a0cc1473b95fd4a72d9bf5578a7b"}
[2017-06-20 15:01:22][info] 数据存储反馈成功！
[2017-06-20 15:01:22][info] success
[2017-06-20 15:01:22][info] 写入结束!!!
[2017-06-20 15:23:33][info] ----------------------------------------
[2017-06-20 15:23:33][info] {"discount":"0.00","payment_type":"1","trade_no":"2017062021001004760281756850","subject":"\u4e1d\u7ef8\u4e4b\u8def\u5dc5\u5cf0\u4f53\u9a8c\u4e5d\u65e5\u6e38","buyer_email":"wangyingfenggu@163.com","gmt_create":"2017-06-20 15:22:50","notify_type":"trade_status_sync","quantity":"1","out_trade_no":"LX-17061314322494401-9","seller_id":"2088421286007493","notify_time":"2017-06-20 15:23:33","body":"\u6c99\u5c9b-\u9752\u6d77\u6e56-\u8336\u5361\u76d0\u6e56-\u7941\u8fde-\u5f20\u6396-\u5609\u5cea\u5173-\u6566\u714c\u4e5d\u65e5\u6e38","trade_status":"TRADE_SUCCESS","is_total_fee_adjust":"N","total_fee":"13230.00","gmt_payment":"2017-06-20 15:23:33","seller_email":"2287684289@qq.com","price":"13230.00","buyer_id":"2088002493324760","notify_id":"342e5f20809499f9cc2e60096d5c3aclv6","use_coupon":"N","sign_type":"MD5","sign":"ab309a0222a618210cddfa8c069184d4"}
[2017-06-20 15:23:34][info] 数据存储反馈成功！
[2017-06-20 15:23:34][info] success
[2017-06-20 15:23:34][info] 写入结束!!!
[2017-06-20 17:28:16][info] ----------------------------------------
[2017-06-20 17:28:16][info] {"discount":"0.00","payment_type":"1","trade_no":"2017062021001004630261080640","subject":"\u4e1d\u7ef8\u4e4b\u8def\u7cbe\u534e\u4e03\u65e5\u6e38","buyer_email":"13911316202","gmt_create":"2017-06-20 17:27:46","notify_type":"trade_status_sync","quantity":"1","out_trade_no":"LX-17062017043895006-3","seller_id":"2088421286007493","notify_time":"2017-06-20 17:28:15","body":"2017\u5e74\u9752\u6d77\u6e56-\u8336\u5361\u76d0\u6e56-\u6566\u714c-\u5609\u5cea\u5173-\u5f20\u6396\u4e39\u971e\u4e03\u65e5\u6e38","trade_status":"TRADE_SUCCESS","is_total_fee_adjust":"N","total_fee":"6360.00","gmt_payment":"2017-06-20 17:28:15","seller_email":"2287684289@qq.com","price":"6360.00","buyer_id":"2088312867526635","notify_id":"c84c76608d778dc109b5e4f25987489kv2","use_coupon":"N","sign_type":"MD5","sign":"02b0547e60ed7d06a58da7fe73686022"}
[2017-06-20 17:28:16][info] 数据存储反馈成功！
[2017-06-20 17:28:16][info] success
[2017-06-20 17:28:16][info] 写入结束!!!
[2017-06-20 17:49:23][info] ----------------------------------------
[2017-06-20 17:49:23][info] {"discount":"0.00","payment_type":"1","trade_no":"2017062021001004120202592420","subject":"\u7518\u5357\u5168\u666f","buyer_email":"lily_haolu@126.com","gmt_create":"2017-06-20 17:48:58","notify_type":"trade_status_sync","quantity":"1","out_trade_no":"LX-17062016041764906-9","seller_id":"2088421286007493","notify_time":"2017-06-20 17:49:23","body":"2017\u5e74\u72ec\u5bb6  \u516b\u89d2\u57ce-\u624e\u5c15\u90a3-\u82b1\u6e56-\u5e74\u5b9d\u7389\u5219-\u82e5\u5c14\u76d6\u8349\u539f-\u963f\u4e07\u4ed3\u6e7f\u5730-\u90ce\u6728\u5bfa 8\u65e5\u6e38","trade_status":"TRADE_SUCCESS","is_total_fee_adjust":"N","total_fee":"6560.00","gmt_payment":"2017-06-20 17:49:22","seller_email":"2287684289@qq.com","price":"6560.00","buyer_id":"2088002009031128","notify_id":"aaf850295b42fdc635e2caa4a00183fgxe","use_coupon":"N","sign_type":"MD5","sign":"192b66406635d542333c5a2dd29857e0"}
[2017-06-20 17:49:23][info] 数据存储反馈成功！
[2017-06-20 17:49:23][info] success
[2017-06-20 17:49:23][info] 写入结束!!!
