[2017-07-21 08:18:18][info] ----------------------------------------
[2017-07-21 08:18:18][info] {"discount":"0.00","payment_type":"1","trade_no":"2017072021001004810243586703","subject":"\u5fc3\u82b1\u8def\u653e","buyer_email":"sunny2005521@sina.com","gmt_create":"2017-07-20 19:35:16","notify_type":"trade_status_sync","quantity":"1","out_trade_no":"LX-17072019031560606-5","seller_id":"2088421286007493","notify_time":"2017-07-21 08:18:18","body":"\u5927\u7406\u53cc\u5eca\u3001\u6c99\u6eaa\u53e4\u9547\u3001\u4e3d\u6c5f\u53e4\u57ce\u3001\u9999\u683c\u91cc\u62c9\u3001\u6cf8\u6cbd\u6e567\u65e5\u6ec7\u897f\u5317\u5168\u666f\u6df1\u5ea6\u6e38","trade_status":"TRADE_SUCCESS","is_total_fee_adjust":"N","total_fee":"6960.00","gmt_payment":"2017-07-21 08:18:18","seller_email":"2287684289@qq.com","price":"6960.00","buyer_id":"2088002142990814","notify_id":"5aeb4dffe92d372be83a05545f8affbm92","use_coupon":"N","sign_type":"MD5","sign":"04b5f77378ad19abdb4f4b94626f594a"}
[2017-07-21 08:18:19][info] 数据存储反馈成功！
[2017-07-21 08:18:19][info] success
[2017-07-21 08:18:19][info] 写入结束!!!
[2017-07-21 10:15:57][info] ----------------------------------------
[2017-07-21 10:15:57][info] {"discount":"0.00","payment_type":"1","trade_no":"2017041921001004080205950199","subject":"\u6a59\u52a8\u817e\u683c\u91cc","buyer_email":"20070630159popoyu@163.com","gmt_create":"2017-04-19 10:14:57","notify_type":"trade_status_sync","quantity":"1","out_trade_no":"LX-17041816175221001-e","seller_id":"2088421286007493","notify_time":"2017-07-21 10:15:57","body":"\u817e\u683c\u91cc\u6c99\u6f20\u4e94\u6e56\u7a7f\u8d8a4\u65e5\u6e38","trade_status":"TRADE_FINISHED","is_total_fee_adjust":"N","total_fee":"2599.00","gmt_payment":"2017-04-19 10:15:17","seller_email":"2287684289@qq.com","gmt_close":"2017-07-21 10:15:57","price":"2599.00","buyer_id":"2088202550584083","notify_id":"5719cdc97601554e7fccfcff2f03e5agma","use_coupon":"N","sign_type":"MD5","sign":"8e369fe490a4832db760fc5acd80e2ec"}
[2017-07-21 10:15:57][info] 数据存储反馈成功！
[2017-07-21 10:15:57][info] success
[2017-07-21 10:15:57][info] 写入结束!!!
[2017-07-21 10:16:57][info] ----------------------------------------
[2017-07-21 10:16:57][info] {"discount":"0.00","payment_type":"1","trade_no":"2017041921001004080205987103","subject":"\u6a59\u52a8\u817e\u683c\u91cc","buyer_email":"20070630159popoyu@163.com","gmt_create":"2017-04-19 10:15:54","notify_type":"trade_status_sync","quantity":"1","out_trade_no":"LX-17041818181046301-e","seller_id":"2088421286007493","notify_time":"2017-07-21 10:16:57","body":"\u817e\u683c\u91cc\u6c99\u6f20\u4e94\u6e56\u7a7f\u8d8a4\u65e5\u6e38","trade_status":"TRADE_FINISHED","is_total_fee_adjust":"N","total_fee":"2599.00","gmt_payment":"2017-04-19 10:16:02","seller_email":"2287684289@qq.com","gmt_close":"2017-07-21 10:16:57","price":"2599.00","buyer_id":"2088202550584083","notify_id":"7fe01ffc9741225b5df7c8ddadf4572gma","use_coupon":"N","sign_type":"MD5","sign":"6bd46141ac3e43c41be2c181778e7901"}
[2017-07-21 10:16:58][info] 数据存储反馈成功！
[2017-07-21 10:16:58][info] success
[2017-07-21 10:16:58][info] 写入结束!!!
[2017-07-21 11:11:51][info] ----------------------------------------
[2017-07-21 11:11:51][info] {"discount":"0.00","payment_type":"1","trade_no":"2017072121001004990270803922","subject":"\u7518\u5357\u5168\u666f","buyer_email":"kzh72@126.com","gmt_create":"2017-07-21 11:11:24","notify_type":"trade_status_sync","quantity":"1","out_trade_no":"LX-17072110374991606-d","seller_id":"2088421286007493","notify_time":"2017-07-21 11:11:51","body":"2017\u5e74\u72ec\u5bb6  \u62c9\u535c\u695e\u5bfa-\u624e\u5c15\u90a3-\u82b1\u6e56-\u5e74\u5b9d\u7389\u5219-\u82e5\u5c14\u76d6\u8349\u539f-\u963f\u4e07\u4ed3\u6e7f\u5730-\u5c15\u6d77\u6e56-\u90ce\u6728\u5bfa 8\u65e5\u6e38","trade_status":"TRADE_SUCCESS","is_total_fee_adjust":"N","total_fee":"3200.00","gmt_payment":"2017-07-21 11:11:51","seller_email":"2287684289@qq.com","price":"3200.00","buyer_id":"2088302358516995","notify_id":"b805a34e1a5332938c84e98aa01551ann2","use_coupon":"N","sign_type":"MD5","sign":"420d1bdbf51de465af63fad7fa22147f"}
[2017-07-21 11:11:51][info] 数据存储反馈成功！
[2017-07-21 11:11:51][info] success
[2017-07-21 11:11:51][info] 写入结束!!!
[2017-07-21 13:05:08][info] ----------------------------------------
[2017-07-21 13:05:08][info] {"discount":"0.00","payment_type":"1","trade_no":"2017041921001004560221464105","subject":"\u6842\u6797\u6625\u6444","buyer_email":"1391916948@qq.com","gmt_create":"2017-04-19 13:03:52","notify_type":"trade_status_sync","quantity":"1","out_trade_no":"LX-17041911194696601-7","seller_id":"2088421286007493","notify_time":"2017-07-21 13:05:07","body":"3-6\u6708\u6842\u6797\u6625\u6444\uff0c\u9f99\u810a\u68af\u7530-\u53e4\u6865\u7530\u56ed-\u4f1a\u4ed9\u6e7f\u5730-\u9633\u6714\u5c71\u6c34-\u5174\u576a\u4f73\u5883-\u6f13\u6c5f\u6e14\u706b-\u9ec4\u5e03\u5012\u5f71-\u9c7c\u9e70\u6668\u6355\uff0c6\u65e5\u6444\u5f71\u521b\u4f5c\u56e2","trade_status":"TRADE_FINISHED","is_total_fee_adjust":"N","total_fee":"2480.00","gmt_payment":"2017-04-19 13:04:12","seller_email":"2287684289@qq.com","gmt_close":"2017-07-21 13:05:07","price":"2480.00","buyer_id":"2088212897871568","notify_id":"a57d3cbb56e184e875399657dbaaf39kbm","use_coupon":"N","sign_type":"MD5","sign":"7d725c76ee4b4850960dd070d0aa773d"}
[2017-07-21 13:05:08][info] 数据存储反馈成功！
[2017-07-21 13:05:08][info] success
[2017-07-21 13:05:08][info] 写入结束!!!
[2017-07-21 14:06:47][info] ----------------------------------------
[2017-07-21 14:06:47][info] {"discount":"0.00","payment_type":"1","trade_no":"2017072121001004030235959230","subject":"\u4e1d\u8def\u5dc5\u5cf0\u4f53\u9a8c\u4e5d\u65e5\u6e38B\u7ebf","buyer_email":"13506891166","gmt_create":"2017-07-21 14:06:40","notify_type":"trade_status_sync","quantity":"1","out_trade_no":"LX-17071213083099606-d","seller_id":"2088421286007493","notify_time":"2017-07-21 14:06:47","body":"\u9752\u6d77\u6e56-\u8336\u5361\u76d0\u6e56-\u9e23\u6c99\u5c71\u6708\u7259\u6cc9-\u83ab\u9ad8\u7a9f-\u96c5\u4e39\u9b54\u9b3c\u57ce-\u5609\u5cea\u5173-\u5f20\u6396\u4e39\u971e-\u9a6c\u8e44\u5bfa-\u5353\u5c14\u5c71\u8f7b\u5962\u52a8\u8f669\u65e5\u6e38","trade_status":"TRADE_SUCCESS","is_total_fee_adjust":"N","total_fee":"6260.00","gmt_payment":"2017-07-21 14:06:47","seller_email":"2287684289@qq.com","price":"6260.00","buyer_id":"2088122828665037","notify_id":"ac0106977341b01d3b8c00afbab4898g8e","use_coupon":"N","sign_type":"MD5","sign":"7469869f2711203b7b65804aacdac86b"}
[2017-07-21 14:06:48][info] 数据存储反馈成功！
[2017-07-21 14:06:48][info] success
[2017-07-21 14:06:48][info] 写入结束!!!
[2017-07-21 14:09:47][info] ----------------------------------------
[2017-07-21 14:09:47][info] {"discount":"0.00","payment_type":"1","trade_no":"2017072121001004050234196210","subject":"\u4e1d\u8def\u5dc5\u5cf0\u4f53\u9a8c\u4e5d\u65e5\u6e38B\u7ebf","buyer_email":"360609110@qq.com","gmt_create":"2017-07-21 14:08:05","notify_type":"trade_status_sync","quantity":"1","out_trade_no":"LX-17072113504669406-2","seller_id":"2088421286007493","notify_time":"2017-07-21 14:09:47","body":"\u9752\u6d77\u6e56-\u8336\u5361\u76d0\u6e56-\u9e23\u6c99\u5c71\u6708\u7259\u6cc9-\u83ab\u9ad8\u7a9f-\u96c5\u4e39\u9b54\u9b3c\u57ce-\u5609\u5cea\u5173-\u5f20\u6396\u4e39\u971e-\u9a6c\u8e44\u5bfa-\u5353\u5c14\u5c71\u8f7b\u5962\u52a8\u8f669\u65e5\u6e38","trade_status":"TRADE_SUCCESS","is_total_fee_adjust":"N","total_fee":"10340.00","gmt_payment":"2017-07-21 14:09:46","seller_email":"2287684289@qq.com","price":"10340.00","buyer_id":"2088002156588052","notify_id":"3a7f20afb53063b38903a6317f1d001gdy","use_coupon":"N","sign_type":"MD5","sign":"95a8c149690dea1fc126b95ef28181eb"}
[2017-07-21 14:09:47][info] 数据存储反馈成功！
[2017-07-21 14:09:47][info] success
[2017-07-21 14:09:47][info] 写入结束!!!
[2017-07-21 14:12:49][info] ----------------------------------------
[2017-07-21 14:12:49][info] {"discount":"0.00","payment_type":"1","trade_no":"2017072121001004660237044349","subject":"\u4e1d\u7ef8\u4e4b\u8def\u5168\u666f\u6e389\u65e5","buyer_email":"282992008@qq.com","gmt_create":"2017-07-21 14:12:34","notify_type":"trade_status_sync","quantity":"1","out_trade_no":"LX-17071409013329806-d","seller_id":"2088421286007493","notify_time":"2017-07-21 14:12:49","body":"\u72ec\u5bb6\u6c34\u4e0a\u9b54\u9b3c\u57ce-\u65e0\u4eba\u533a\u539f\u751f\u6001\u96c5\u4e39\u63a2\u79d8-\u9752\u6d77\u6e56-\u8336\u5361\u76d0\u6e56-\u83ab\u9ad8\u7a9f-\u9e23\u6c99\u5c71\u6708\u7259\u6cc9-\u5f20\u6396\u4e39\u971e-\u5353\u5c14\u5c719\u65e5\u6e38","trade_status":"TRADE_SUCCESS","is_total_fee_adjust":"N","total_fee":"3780.00","gmt_payment":"2017-07-21 14:12:48","seller_email":"2287684289@qq.com","price":"3780.00","buyer_id":"2088802346497663","notify_id":"e717e0e2423e509668a30f57acdabe8l3e","use_coupon":"N","sign_type":"MD5","sign":"ce1b8dc4dc9a0f248fe732f92e800192"}
[2017-07-21 14:12:49][info] 数据存储反馈成功！
[2017-07-21 14:12:49][info] success
[2017-07-21 14:12:49][info] 写入结束!!!
[2017-07-21 14:33:31][info] ----------------------------------------
[2017-07-21 14:33:31][info] {"discount":"0.00","payment_type":"1","trade_no":"2017072121001004880273005648","subject":"\u4e1d\u8def\u5dc5\u5cf0\u4f53\u9a8c\u4e5d\u65e5\u6e38B\u7ebf","buyer_email":"409823461@qq.com","gmt_create":"2017-07-21 14:33:23","notify_type":"trade_status_sync","quantity":"1","out_trade_no":"LX-17072113204096706-0","seller_id":"2088421286007493","notify_time":"2017-07-21 14:33:30","body":"\u9752\u6d77\u6e56-\u8336\u5361\u76d0\u6e56-\u9e23\u6c99\u5c71\u6708\u7259\u6cc9-\u83ab\u9ad8\u7a9f-\u96c5\u4e39\u9b54\u9b3c\u57ce-\u5609\u5cea\u5173-\u5f20\u6396\u4e39\u971e-\u9a6c\u8e44\u5bfa-\u5353\u5c14\u5c71\u8f7b\u5962\u52a8\u8f669\u65e5\u6e38","trade_status":"TRADE_SUCCESS","is_total_fee_adjust":"N","total_fee":"2040.00","gmt_payment":"2017-07-21 14:33:30","seller_email":"2287684289@qq.com","price":"2040.00","buyer_id":"2088002909455884","notify_id":"af2d776266f852115a1f22bef92d06bmsi","use_coupon":"N","sign_type":"MD5","sign":"f90522b333f6b49a687fb2822f956e1d"}
[2017-07-21 14:33:31][info] 数据存储反馈成功！
[2017-07-21 14:33:31][info] success
[2017-07-21 14:33:31][info] 写入结束!!!
[2017-07-21 14:55:34][info] ----------------------------------------
[2017-07-21 14:55:34][info] {"discount":"0.00","payment_type":"1","trade_no":"2017072121001004660237126629","subject":"\u8d35\u5dde\u5168\u666f\u6e38","buyer_email":"13349864989","gmt_create":"2017-07-21 14:55:09","notify_type":"trade_status_sync","quantity":"1","out_trade_no":"LX-17071915324168106-4","seller_id":"2088421286007493","notify_time":"2017-07-21 14:55:34","body":"\u897f\u6c5f\u5343\u6237\u82d7\u5be8-\u8354\u6ce2-\u9ed4\u4e1c\u5357-\u9547\u8fdc-\u9ec4\u679c\u6811-\u79d8\u5883\u8302\u5170\u6df1\u5ea6\u7eaf\u73a9\u4e5d\u65e5\u6e38","trade_status":"TRADE_SUCCESS","is_total_fee_adjust":"N","total_fee":"3980.00","gmt_payment":"2017-07-21 14:55:33","seller_email":"2287684289@qq.com","price":"3980.00","buyer_id":"2088712927778662","notify_id":"c1f0b941ca247940125fa924f34869bl3e","use_coupon":"N","sign_type":"MD5","sign":"a1d8fbae58f3da2b4c10d70010f937a7"}
[2017-07-21 14:55:34][info] 数据存储反馈成功！
[2017-07-21 14:55:34][info] success
[2017-07-21 14:55:34][info] 写入结束!!!
[2017-07-21 15:39:33][info] ----------------------------------------
[2017-07-21 15:39:33][info] {"discount":"0.00","payment_type":"1","trade_no":"2017072121001004070287419867","subject":"\u9189\u7f8e\u666e\u8005\u9ed1","buyer_email":"happyahyan@163.com","gmt_create":"2017-07-21 15:39:10","notify_type":"trade_status_sync","quantity":"1","out_trade_no":"LX-17061613200493206-1","seller_id":"2088421286007493","notify_time":"2017-07-21 15:39:33","body":"\u300a\u4e09\u751f\u4e09\u4e16\u300b\u666e\u8005\u9ed1\u2014\u4e16\u5916\u6843\u6e90\u575d\u7f8e\u2014\u9a6c\u5cad\u6cb3\u5927\u5ce1\u8c37\u2014\u9189\u7f8e\u4e07\u5cf0\u6797\u2014\u4e07\u5cf0\u6e56\u2014\u629a\u4ed9\u6e568\u65e5\u6df1\u5ea6\u6e38","trade_status":"TRADE_SUCCESS","is_total_fee_adjust":"N","total_fee":"4430.00","gmt_payment":"2017-07-21 15:39:33","seller_email":"2287684289@qq.com","price":"4430.00","buyer_id":"2088002173433076","notify_id":"fde5be77cbbd6853d3ce91ead3e9f87gji","use_coupon":"N","sign_type":"MD5","sign":"b10479816a0e0d92ec3262e0163dfd86"}
[2017-07-21 15:39:34][info] 数据存储反馈成功！
[2017-07-21 15:39:34][info] success
[2017-07-21 15:39:34][info] 写入结束!!!
[2017-07-21 16:12:06][info] ----------------------------------------
[2017-07-21 16:12:06][info] {"discount":"0.00","payment_type":"1","trade_no":"2017041921001004560221775874","subject":"\u6842\u6797\u6625\u6444","buyer_email":"1391916948@qq.com","gmt_create":"2017-04-19 16:10:59","notify_type":"trade_status_sync","quantity":"1","out_trade_no":"LX-17041911194696601-b","seller_id":"2088421286007493","notify_time":"2017-07-21 16:12:06","body":"3-6\u6708\u6842\u6797\u6625\u6444\uff0c\u9f99\u810a\u68af\u7530-\u53e4\u6865\u7530\u56ed-\u4f1a\u4ed9\u6e7f\u5730-\u9633\u6714\u5c71\u6c34-\u5174\u576a\u4f73\u5883-\u6f13\u6c5f\u6e14\u706b-\u9ec4\u5e03\u5012\u5f71-\u9c7c\u9e70\u6668\u6355\uff0c6\u65e5\u6444\u5f71\u521b\u4f5c\u56e2","trade_status":"TRADE_FINISHED","is_total_fee_adjust":"N","total_fee":"2480.00","gmt_payment":"2017-04-19 16:11:13","seller_email":"2287684289@qq.com","gmt_close":"2017-07-21 16:12:06","price":"2480.00","buyer_id":"2088212897871568","notify_id":"5d0a458b8a0e0c009a89c152348a559kbm","use_coupon":"N","sign_type":"MD5","sign":"30bcace019652d6bb5c1c029266f7c62"}
[2017-07-21 16:12:06][info] 数据存储反馈成功！
[2017-07-21 16:12:06][info] success
[2017-07-21 16:12:06][info] 写入结束!!!
[2017-07-21 16:22:56][info] ----------------------------------------
[2017-07-21 16:22:56][info] {"discount":"0.00","payment_type":"1","trade_no":"2017072121001004860273714986","subject":"\u7518\u5357\u5168\u666f","buyer_email":"18905103237","gmt_create":"2017-07-21 16:22:31","notify_type":"trade_status_sync","quantity":"1","out_trade_no":"LX-17070317072655506-1","seller_id":"2088421286007493","notify_time":"2017-07-21 16:22:56","body":"2017\u5e74\u72ec\u5bb6  \u62c9\u535c\u695e\u5bfa-\u624e\u5c15\u90a3-\u82b1\u6e56-\u5e74\u5b9d\u7389\u5219-\u82e5\u5c14\u76d6\u8349\u539f-\u963f\u4e07\u4ed3\u6e7f\u5730-\u5c15\u6d77\u6e56-\u90ce\u6728\u5bfa 8\u65e5\u6e38","trade_status":"TRADE_SUCCESS","is_total_fee_adjust":"N","total_fee":"3280.00","gmt_payment":"2017-07-21 16:22:56","seller_email":"2287684289@qq.com","price":"3280.00","buyer_id":"2088412911088862","notify_id":"beacd4fbde0e7ef41c4dafc3c68a2femmy","use_coupon":"N","sign_type":"MD5","sign":"e70630146a92e16afab709db56de1016"}
[2017-07-21 16:22:56][info] 数据存储反馈成功！
[2017-07-21 16:22:56][info] success
[2017-07-21 16:22:56][info] 写入结束!!!
[2017-07-21 18:03:31][info] ----------------------------------------
[2017-07-21 18:03:31][info] {"discount":"0.00","payment_type":"1","trade_no":"2017072121001004980203951301","subject":"\u7518\u5357\u5168\u666f","buyer_email":"13986105059","gmt_create":"2017-07-21 18:02:26","notify_type":"trade_status_sync","quantity":"1","out_trade_no":"LX-17072117485186601-2","seller_id":"2088421286007493","notify_time":"2017-07-21 18:03:30","body":"2017\u5e74\u72ec\u5bb6  \u62c9\u535c\u695e\u5bfa-\u624e\u5c15\u90a3-\u82b1\u6e56-\u5e74\u5b9d\u7389\u5219-\u82e5\u5c14\u76d6\u8349\u539f-\u963f\u4e07\u4ed3\u6e7f\u5730-\u5c15\u6d77\u6e56-\u90ce\u6728\u5bfa 8\u65e5\u6e38","trade_status":"TRADE_SUCCESS","is_total_fee_adjust":"N","total_fee":"16400.00","gmt_payment":"2017-07-21 18:03:30","seller_email":"2287684289@qq.com","price":"16400.00","buyer_id":"2088802182792984","notify_id":"71562beefb3056128f1bbb098e8c8afnka","use_coupon":"N","sign_type":"MD5","sign":"217732d3cb1be2ca257b218cd74cdb47"}
[2017-07-21 18:03:31][info] 数据存储反馈成功！
[2017-07-21 18:03:31][info] success
[2017-07-21 18:03:31][info] 写入结束!!!
[2017-07-21 18:43:16][info] ----------------------------------------
[2017-07-21 18:43:16][info] {"discount":"0.00","payment_type":"1","trade_no":"2017072121001004110292716800","subject":"\u7518\u5357\u5168\u666f","buyer_email":"13957878415","gmt_create":"2017-07-21 18:43:10","notify_type":"trade_status_sync","quantity":"1","out_trade_no":"LX-17072117561685106-7","seller_id":"2088421286007493","notify_time":"2017-07-21 18:43:16","body":"2017\u5e74\u72ec\u5bb6  \u62c9\u535c\u695e\u5bfa-\u624e\u5c15\u90a3-\u82b1\u6e56-\u5e74\u5b9d\u7389\u5219-\u82e5\u5c14\u76d6\u8349\u539f-\u963f\u4e07\u4ed3\u6e7f\u5730-\u5c15\u6d77\u6e56-\u90ce\u6728\u5bfa 8\u65e5\u6e38","trade_status":"TRADE_SUCCESS","is_total_fee_adjust":"N","total_fee":"3280.00","gmt_payment":"2017-07-21 18:43:15","seller_email":"2287684289@qq.com","price":"3280.00","buyer_id":"2088912201141115","notify_id":"e0529dd0f55911db22a5b0b02aa05c6gum","use_coupon":"N","sign_type":"MD5","sign":"c95648fd685e7bab74c74fb8dc77a468"}
[2017-07-21 18:43:16][info] 数据存储反馈成功！
[2017-07-21 18:43:16][info] success
[2017-07-21 18:43:16][info] 写入结束!!!
[2017-07-21 19:00:12][info] ----------------------------------------
[2017-07-21 19:00:12][info] {"discount":"0.00","payment_type":"1","trade_no":"2017072121001004900288969157","subject":"\u9752\u6d77\u6e56\u73af\u6e565\u65e5\u6df1\u5ea6\u6e38","buyer_email":"13851888814","gmt_create":"2017-07-21 19:00:05","notify_type":"trade_status_sync","quantity":"1","out_trade_no":"LX-17072117162774906-7","seller_id":"2088421286007493","notify_time":"2017-07-21 19:00:12","body":"\u8336\u5361\u3001\u95e8\u6e90\u3001\u7941\u8fde\u3001\u7cbe\u534e300\u00b0\u9752\u6d77\u6e56\u73af\u6e56","trade_status":"TRADE_SUCCESS","is_total_fee_adjust":"N","total_fee":"4960.00","gmt_payment":"2017-07-21 19:00:11","seller_email":"2287684289@qq.com","price":"4960.00","buyer_id":"2088202325092904","notify_id":"272450f20d4a4059fa01658a1182080my2","use_coupon":"N","sign_type":"MD5","sign":"7aa93c321decc1d60051b044db4f878b"}
[2017-07-21 19:00:12][info] 数据存储反馈成功！
[2017-07-21 19:00:12][info] success
[2017-07-21 19:00:12][info] 写入结束!!!
[2017-07-21 19:42:36][info] ----------------------------------------
[2017-07-21 19:42:36][info] {"discount":"0.00","payment_type":"1","trade_no":"2017072121001004330210037314","subject":"\u5317\u7586\u5dc5\u5cf0","buyer_email":"nchen@gist.edu.cn","gmt_create":"2017-07-21 19:40:55","notify_type":"trade_status_sync","quantity":"1","out_trade_no":"LX-17072119120260806-2","seller_id":"2088421286007493","notify_time":"2017-07-21 19:42:36","body":"\u79be\u672848\u5c0f\u65f6-\u5580\u7eb3\u65af-\u767d\u54c8\u5df4-\u4e94\u5f69\u6ee9-\u53cc\u53676\u65e5\u6e38","trade_status":"TRADE_SUCCESS","is_total_fee_adjust":"N","total_fee":"6800.00","gmt_payment":"2017-07-21 19:42:35","seller_email":"2287684289@qq.com","price":"6800.00","buyer_id":"2088102405423335","notify_id":"f49ba04501e02417e6bd0c13a6ec7d9ijq","use_coupon":"N","sign_type":"MD5","sign":"57d0bf110ea0f0b2498c4ac415f1e3b8"}
[2017-07-21 19:42:36][info] 数据存储反馈成功！
[2017-07-21 19:42:36][info] success
[2017-07-21 19:42:36][info] 写入结束!!!
[2017-07-21 21:09:03][info] ----------------------------------------
[2017-07-21 21:09:03][info] {"discount":"0.00","payment_type":"1","trade_no":"2017072121001004330210198935","subject":"\u575d\u4e0a\u4f11\u95f2B\u7ebf","buyer_email":"whitecell_ben@hotmail.com","gmt_create":"2017-07-21 21:08:36","notify_type":"trade_status_sync","quantity":"1","out_trade_no":"LX-17072110083587401-f","seller_id":"2088421286007493","notify_time":"2017-07-21 21:09:02","body":"2017\u72ec\u5bb6\u575d\u4e0a\u73af\u7ebf\uff1a\u7a7f\u8d8a\u8349\u539f\u5929\u8def\uff0c\u6492\u6b22\u4e4c\u5170\u5e03\u7edf\uff0c\u627f\u5fb7\u907f\u6691\u5c71\u5e84\uff0c\u91d1\u5c71\u5cad\u957f\u57ce\/\u6155\u7530\u5cea\u957f\u57ce7\u65e5\uff08\u5168\u666f\u4e4b\u65c5\uff0c\u7f8e\u666f\u4e00\u7f51\u6253\u5c3d\uff09","trade_status":"TRADE_SUCCESS","is_total_fee_adjust":"N","total_fee":"6370.00","gmt_payment":"2017-07-21 21:09:02","seller_email":"2287684289@qq.com","price":"6370.00","buyer_id":"2088002048776330","notify_id":"ea30985bee6535fc3c4f0693272f72fijq","use_coupon":"N","sign_type":"MD5","sign":"272977c711b0bf896b0bec26b1ac3769"}
[2017-07-21 21:09:03][info] 数据存储反馈成功！
[2017-07-21 21:09:03][info] success
[2017-07-21 21:09:03][info] 写入结束!!!
[2017-07-21 22:14:44][info] ----------------------------------------
[2017-07-21 22:14:44][info] {"discount":"0.00","payment_type":"1","trade_no":"2017072121001004800271899536","subject":"\u9189\u7f8e\u666e\u8005\u9ed1","buyer_email":"13361018082","gmt_create":"2017-07-21 22:14:26","notify_type":"trade_status_sync","quantity":"1","out_trade_no":"LX-17072014312891406-2","seller_id":"2088421286007493","notify_time":"2017-07-21 22:14:44","body":"\u300a\u4e09\u751f\u4e09\u4e16\u300b\u666e\u8005\u9ed1\u2014\u4e16\u5916\u6843\u6e90\u575d\u7f8e\u2014\u9a6c\u5cad\u6cb3\u5927\u5ce1\u8c37\u2014\u9189\u7f8e\u4e07\u5cf0\u6797\u2014\u4e07\u5cf0\u6e56\u2014\u629a\u4ed9\u6e568\u65e5\u6df1\u5ea6\u6e38","trade_status":"TRADE_SUCCESS","is_total_fee_adjust":"N","total_fee":"3480.00","gmt_payment":"2017-07-21 22:14:43","seller_email":"2287684289@qq.com","price":"3480.00","buyer_id":"2088702330232802","notify_id":"cf013baa1997f405d4a6bd75e67ef63m6a","use_coupon":"N","sign_type":"MD5","sign":"615abef7c52152c30f05213bb8babfcb"}
[2017-07-21 22:14:44][info] 数据存储反馈成功！
[2017-07-21 22:14:44][info] success
[2017-07-21 22:14:44][info] 写入结束!!!
[2017-07-21 22:15:21][info] ----------------------------------------
[2017-07-21 22:15:21][info] {"discount":"0.00","payment_type":"1","trade_no":"2017072121001004160271737821","subject":"\u65b0\u7586\u5168\u666f","buyer_email":"3045237@qq.com","gmt_create":"2017-07-21 22:15:11","notify_type":"trade_status_sync","quantity":"1","out_trade_no":"LX-17072015011845306-4","seller_id":"2088421286007493","notify_time":"2017-07-21 22:15:21","body":"\u5580\u7eb3\u65af-\u79be\u6728-\u8d5b\u91cc\u6728\u6e56-\u85b0\u8863\u8349\u519c\u573a-\u5580\u62c9\u5cfb-\u90a3\u62c9\u63d0-\u5df4\u97f3\u5e03\u9c81\u514b-\u6c5f\u5e03\u62c9\u514b-\u4e94\u5f69\u6ee9-\u5410\u9c81\u756a13\u65e5\u6e38","trade_status":"TRADE_SUCCESS","is_total_fee_adjust":"N","total_fee":"5380.00","gmt_payment":"2017-07-21 22:15:20","seller_email":"2287684289@qq.com","price":"5380.00","buyer_id":"2088002180523160","notify_id":"2ca1eb0945e3ed0243fa3adb4c8d4f9h8i","use_coupon":"N","sign_type":"MD5","sign":"a6a9fbad169077be89c026d5885a2d9e"}
[2017-07-21 22:15:21][info] 数据存储反馈成功！
[2017-07-21 22:15:21][info] success
[2017-07-21 22:15:21][info] 写入结束!!!
[2017-07-21 22:22:55][info] ----------------------------------------
[2017-07-21 22:22:55][info] {"discount":"0.00","payment_type":"1","trade_no":"2017072121001004010238400417","subject":"\u5317\u7586\u5dc5\u5cf0","buyer_email":"15827082493","gmt_create":"2017-07-21 22:06:43","notify_type":"trade_status_sync","quantity":"1","out_trade_no":"LX-1707211817589706-5","seller_id":"2088421286007493","notify_time":"2017-07-21 22:22:54","body":"\u79be\u672848\u5c0f\u65f6-\u5580\u7eb3\u65af-\u767d\u54c8\u5df4-\u4e94\u5f69\u6ee9-\u53cc\u53676\u65e5\u6e38","trade_status":"TRADE_SUCCESS","is_total_fee_adjust":"N","total_fee":"7400.00","gmt_payment":"2017-07-21 22:22:54","seller_email":"2287684289@qq.com","price":"7400.00","buyer_id":"2088702860953017","notify_id":"7bcf8d4da1cec715d301137cd042acbg2u","use_coupon":"N","sign_type":"MD5","sign":"6f1ece7e5f5dfa1d770ac7f71f53dae4"}
[2017-07-21 22:22:55][info] 数据存储反馈成功！
[2017-07-21 22:22:55][info] success
[2017-07-21 22:22:55][info] 写入结束!!!
