[2017-06-27 08:05:46][info] ----------------------------------------
[2017-06-27 08:05:46][info] {"discount":"0.00","payment_type":"1","trade_no":"2017062721001004390283462282","subject":"\u4e1d\u7ef8\u4e4b\u8def\u8f7b\u5962\u6e38","buyer_email":"cityceo@gmail.com","gmt_create":"2017-06-27 08:05:35","notify_type":"trade_status_sync","quantity":"1","out_trade_no":"LX-17062110253960201-2","seller_id":"2088421286007493","notify_time":"2017-06-27 08:05:46","body":"\u9752\u6d77\u6e56-\u8336\u5361\u76d0\u6e56-\u6c99\u5c9b-\u7941\u8fde\u5c71-\u5f20\u6396-\u5609\u5cea\u5173-\u6566\u714c9\u65e5\u6e38","trade_status":"TRADE_SUCCESS","is_total_fee_adjust":"N","total_fee":"6690.00","gmt_payment":"2017-06-27 08:05:46","seller_email":"2287684289@qq.com","price":"6690.00","buyer_id":"2088002030784392","notify_id":"88210e5a6b153d908cee3afc406f673j0e","use_coupon":"N","sign_type":"MD5","sign":"31214713cca596238e23cc967318e43b"}
[2017-06-27 08:05:46][info] 数据存储反馈成功！
[2017-06-27 08:05:46][info] success
[2017-06-27 08:05:46][info] 写入结束!!!
[2017-06-27 08:10:22][info] ----------------------------------------
[2017-06-27 08:10:22][info] {"discount":"0.00","payment_type":"1","trade_no":"2017062721001004390283499594","subject":"\u4e1d\u7ef8\u4e4b\u8def\u8f7b\u5962\u6e38","buyer_email":"cityceo@gmail.com","gmt_create":"2017-06-27 08:10:14","notify_type":"trade_status_sync","quantity":"1","out_trade_no":"LX-17062516492245606-d","seller_id":"2088421286007493","notify_time":"2017-06-27 08:10:22","body":"\u9752\u6d77\u6e56-\u8336\u5361\u76d0\u6e56-\u6c99\u5c9b-\u7941\u8fde\u5c71-\u5f20\u6396-\u5609\u5cea\u5173-\u6566\u714c9\u65e5\u6e38","trade_status":"TRADE_SUCCESS","is_total_fee_adjust":"N","total_fee":"5400.00","gmt_payment":"2017-06-27 08:10:22","seller_email":"2287684289@qq.com","price":"5400.00","buyer_id":"2088002030784392","notify_id":"8e316f08c7e5b92280dbc5926e1b08fj0e","use_coupon":"N","sign_type":"MD5","sign":"c1a594c8634798d3d6048be399cf9a86"}
[2017-06-27 08:10:22][info] 数据存储反馈成功！
[2017-06-27 08:10:22][info] success
[2017-06-27 08:10:22][info] 写入结束!!!
[2017-06-27 09:21:57][info] ----------------------------------------
[2017-06-27 09:21:57][info] {"discount":"0.00","payment_type":"1","trade_no":"2017032821001004640223599333","subject":"\u65e9\u6625\u65b0\u7586","buyer_email":"philips_dealer@sina.com","gmt_create":"2017-03-28 09:21:06","notify_type":"trade_status_sync","quantity":"1","out_trade_no":"LX-17032720204997406-3","seller_id":"2088421286007493","notify_time":"2017-06-27 09:21:57","body":"\u4f0a\u7281\u674f\u82b1\u6c9f-\u7ea2\u5c71\u5927\u5ce1\u8c37-\u8d5b\u91cc\u6728\u6e56-\u5e93\u6728\u5854\u683c\u6c99\u6f208\u65e5\u6df1\u5ea6\u6e38","trade_status":"TRADE_FINISHED","is_total_fee_adjust":"N","total_fee":"7160.00","gmt_payment":"2017-03-28 09:21:21","seller_email":"2287684289@qq.com","gmt_close":"2017-06-27 09:21:57","price":"7160.00","buyer_id":"2088002014850640","notify_id":"233b859b38b335740d4d7a038f5772ckxu","use_coupon":"N","sign_type":"MD5","sign":"cf99d4edbada345e2782534a4f8cfa44"}
[2017-06-27 09:21:57][info] 数据存储反馈成功！
[2017-06-27 09:21:57][info] success
[2017-06-27 09:21:57][info] 写入结束!!!
[2017-06-27 09:48:22][info] ----------------------------------------
[2017-06-27 09:48:22][info] {"discount":"0.00","payment_type":"1","trade_no":"2017062721001004370267272608","subject":"\u65b0\u7586\u5168\u666f","buyer_email":"13637223862","gmt_create":"2017-06-27 09:47:14","notify_type":"trade_status_sync","quantity":"1","out_trade_no":"LX-17062212535978006-8","seller_id":"2088421286007493","notify_time":"2017-06-27 09:48:22","body":"\u6c5f\u5e03\u62c9\u514b-\u4e94\u5f69\u6ee9-\u5580\u7eb3\u65af-\u79be\u6728-\u8d5b\u91cc\u6728\u6e56-\u85b0\u8863\u8349\u519c\u573a-\u5580\u62c9\u5cfb-\u90a3\u62c9\u63d0-\u5df4\u97f3\u5e03\u9c81\u514b-\u5410\u9c81\u756a13\u65e5\u6e38","trade_status":"TRADE_SUCCESS","is_total_fee_adjust":"N","total_fee":"10760.00","gmt_payment":"2017-06-27 09:48:22","seller_email":"2287684289@qq.com","price":"10760.00","buyer_id":"2088112899468376","notify_id":"30128c24babf41d2bc1a41eec86e92diuu","use_coupon":"N","sign_type":"MD5","sign":"4b4c6dc1177fba431b86d2466c55b6db"}
[2017-06-27 09:48:23][info] 数据存储反馈成功！
[2017-06-27 09:48:23][info] success
[2017-06-27 09:48:23][info] 写入结束!!!
[2017-06-27 11:10:54][info] ----------------------------------------
[2017-06-27 11:10:54][info] {"discount":"0.00","payment_type":"1","trade_no":"2017062721001004610273747628","subject":"\u7518\u5357\u5168\u666f","buyer_email":"gaoying19@163.com","gmt_create":"2017-06-27 11:10:22","notify_type":"trade_status_sync","quantity":"1","out_trade_no":"LX-17061620220296106-9","seller_id":"2088421286007493","notify_time":"2017-06-27 11:10:53","body":"2017\u5e74\u72ec\u5bb6  \u516b\u89d2\u57ce-\u624e\u5c15\u90a3-\u82b1\u6e56-\u5e74\u5b9d\u7389\u5219-\u82e5\u5c14\u76d6\u8349\u539f-\u963f\u4e07\u4ed3\u6e7f\u5730-\u90ce\u6728\u5bfa 8\u65e5\u6e38","trade_status":"TRADE_SUCCESS","is_total_fee_adjust":"N","total_fee":"1640.00","gmt_payment":"2017-06-27 11:10:53","seller_email":"2287684289@qq.com","price":"1640.00","buyer_id":"2088202780225615","notify_id":"0813b405bd7942a08341d2c6d3d573fkpi","use_coupon":"N","sign_type":"MD5","sign":"62da300dbc864230e882745f769eea08"}
[2017-06-27 11:10:54][info] 数据存储反馈成功！
[2017-06-27 11:10:54][info] success
[2017-06-27 11:10:54][info] 写入结束!!!
[2017-06-27 12:58:40][info] ----------------------------------------
[2017-06-27 12:58:40][info] {"discount":"0.00","payment_type":"1","trade_no":"2017032821001004790281421328","subject":"\u5fbd\u676d\u53e4\u9053","buyer_email":"ylj19621106@163.com","gmt_create":"2017-03-28 12:56:47","notify_type":"trade_status_sync","quantity":"1","out_trade_no":"LX-17032319414314806-f","seller_id":"2088421286007493","notify_time":"2017-06-27 12:58:40","body":"2017\u5168\u5e74\u8ba1\u5212\uff1a\u8f7b\u88c5\u5355\u65e5\u5f92\u6b65\u7a7f\u8d8a\uff0c\u72ec\u5bb6\u7b56\u5212\u2014\u2014\u7528\u201c\u6362\u5ba2\u201d\u884c\u4e3a\u4eb2\u8eab\u4f53\u4f1a\u53e4\u7ecf\u5546\u4e4b\u9053\uff08\u514d\u8d39\u63d0\u4f9b\u767b\u5c71\u6756\uff0c\u7ec4\u7ec7\u6237\u5916\u91ce\u708a\uff09","trade_status":"TRADE_FINISHED","is_total_fee_adjust":"N","total_fee":"665.00","gmt_payment":"2017-03-28 12:57:48","seller_email":"2287684289@qq.com","gmt_close":"2017-06-27 12:58:40","price":"665.00","buyer_id":"2088102653417793","notify_id":"094bea573f942bfb5f0e5ad1c4b85fem3i","use_coupon":"N","sign_type":"MD5","sign":"1605e1679e8fc1c55adcb289002e9a4a"}
[2017-06-27 12:58:41][info] 数据存储反馈成功！
[2017-06-27 12:58:41][info] success
[2017-06-27 12:58:41][info] 写入结束!!!
[2017-06-27 13:18:38][info] ----------------------------------------
[2017-06-27 13:18:38][info] {"discount":"0.00","payment_type":"1","trade_no":"2017032821001004790281437556","subject":"\u5fbd\u676d\u53e4\u9053","buyer_email":"ylj19621106@163.com","gmt_create":"2017-03-28 13:16:36","notify_type":"trade_status_sync","quantity":"1","out_trade_no":"LX-17032319414314806-7","seller_id":"2088421286007493","notify_time":"2017-06-27 13:18:38","body":"2017\u5168\u5e74\u8ba1\u5212\uff1a\u8f7b\u88c5\u5355\u65e5\u5f92\u6b65\u7a7f\u8d8a\uff0c\u72ec\u5bb6\u7b56\u5212\u2014\u2014\u7528\u201c\u6362\u5ba2\u201d\u884c\u4e3a\u4eb2\u8eab\u4f53\u4f1a\u53e4\u7ecf\u5546\u4e4b\u9053\uff08\u514d\u8d39\u63d0\u4f9b\u767b\u5c71\u6756\uff0c\u7ec4\u7ec7\u6237\u5916\u91ce\u708a\uff09","trade_status":"TRADE_FINISHED","is_total_fee_adjust":"N","total_fee":"665.00","gmt_payment":"2017-03-28 13:17:15","seller_email":"2287684289@qq.com","gmt_close":"2017-06-27 13:18:38","price":"665.00","buyer_id":"2088102653417793","notify_id":"c5de6907fc4a17851eb68d0a33549a2m3i","use_coupon":"N","sign_type":"MD5","sign":"e4a9cc92cba9e21e3ba022c631e2457d"}
[2017-06-27 13:18:38][info] 数据存储反馈成功！
[2017-06-27 13:18:38][info] success
[2017-06-27 13:18:38][info] 写入结束!!!
[2017-06-27 17:25:55][info] ----------------------------------------
[2017-06-27 17:25:55][info] {"discount":"0.00","payment_type":"1","trade_no":"2017062721001004800222777461","subject":"\u4e1d\u7ef8\u4e4b\u8def\u7ecf\u5178\u4e5d\u65e5","buyer_email":"shenyana8@126.com","gmt_create":"2017-06-27 17:25:50","notify_type":"trade_status_sync","quantity":"1","out_trade_no":"LX-17062716500046806-b","seller_id":"2088421286007493","notify_time":"2017-06-27 17:25:55","body":"\u6c99\u5c9b-\u9752\u6d77\u6e56-\u8336\u5361\u76d0\u6e56-\u5353\u5c14\u5c71-\u5f20\u6396\u4e39\u971e-\u5609\u5cea\u5173-\u6566\u714c9\u65e5\u6e38","trade_status":"TRADE_SUCCESS","is_total_fee_adjust":"N","total_fee":"1890.00","gmt_payment":"2017-06-27 17:25:55","seller_email":"2287684289@qq.com","price":"1890.00","buyer_id":"2088002313854800","notify_id":"d7b1cbef624ab3b3ec98c51a7964cd5m6a","use_coupon":"N","sign_type":"MD5","sign":"6e1885b36ae792ea7039ce5a98a2f46e"}
[2017-06-27 17:25:56][info] 数据存储反馈成功！
[2017-06-27 17:25:56][info] success
[2017-06-27 17:25:56][info] 写入结束!!!
[2017-06-27 19:59:31][info] ----------------------------------------
[2017-06-27 19:59:31][info] {"discount":"0.00","payment_type":"1","trade_no":"2017062721001004780271002413","subject":"\u5580\u7eb3\u65af\u4e4b\u590f","buyer_email":"6245792@qq.com","gmt_create":"2017-06-27 19:52:01","notify_type":"trade_status_sync","quantity":"1","out_trade_no":"LX-17062718225529706-3","seller_id":"2088421286007493","notify_time":"2017-06-27 19:59:31","body":"2017\u5e747\uff5e8\u6708 \u5929\u6c60-\u5410\u9c81\u756a-\u9b54\u9b3c\u57ce-\u79be\u6728-\u5580\u7eb3\u65af-\u767d\u54c8\u5df4-\u4e94\u5f69\u6ee9\u6df1\u5ea6\u4e5d\u65e5\u6e38","trade_status":"TRADE_SUCCESS","is_total_fee_adjust":"N","total_fee":"9160.00","gmt_payment":"2017-06-27 19:59:31","seller_email":"2287684289@qq.com","price":"9160.00","buyer_id":"2088202329796783","notify_id":"b49ec5cd71d6a81e284e41dc8c2beeem0q","use_coupon":"N","sign_type":"MD5","sign":"007d82df0479b31a4c133006a1eee0f3"}
[2017-06-27 19:59:32][info] 数据存储反馈成功！
[2017-06-27 19:59:32][info] success
[2017-06-27 19:59:32][info] 写入结束!!!
