[2017-09-21 04:04:05][info] ----------------------------------------
[2017-09-21 04:04:05][info] {"discount":"0.00","payment_type":"1","trade_no":"2017092121001004080524475794","subject":"\u5317\u7586\u91d1\u79cb\u7ecf\u5178\u73af\u7ebf","buyer_email":"18019484293","gmt_create":"2017-09-21 04:03:31","notify_type":"trade_status_sync","quantity":"1","out_trade_no":"LX-17090819160765206-1","seller_id":"2088421286007493","notify_time":"2017-09-21 04:04:05","body":"\u5580\u7eb3\u65af-\u767d\u54c8\u5df4-\u79be\u6728-\u4e94\u5f69\u6ee9-\u9b54\u9b3c\u57ce-\u53ef\u53ef\u6258\u6d77 9\u65e5\u6df1\u5ea6\u6e38","trade_status":"TRADE_SUCCESS","is_total_fee_adjust":"N","total_fee":"2540.00","gmt_payment":"2017-09-21 04:04:04","seller_email":"2287684289@qq.com","price":"2540.00","buyer_id":"2088602207433085","notify_id":"cb8dc143eba9b75f1befe47b92a307bgmd","use_coupon":"N","sign_type":"MD5","sign":"f3d21dd208064ac900432beec347506d"}
[2017-09-21 04:04:05][info] 数据存储反馈成功！
[2017-09-21 04:04:05][info] success
[2017-09-21 04:04:05][info] 写入结束!!!
[2017-09-21 12:00:20][info] ----------------------------------------
[2017-09-21 12:00:20][info] {"discount":"0.00","payment_type":"1","trade_no":"2017092121001004800508650773","subject":"\u5317\u7586\u91d1\u79cb\u6444\u5f71","buyer_email":"jenefi@163.com","gmt_create":"2017-09-21 12:00:05","notify_type":"trade_status_sync","quantity":"1","out_trade_no":"LX-17092019145242706-b","seller_id":"2088421286007493","notify_time":"2017-09-21 12:00:19","body":"\u5580\u7eb3\u65af-\u79be\u6728-\u767d\u54c8\u5df4-\u53ef\u53ef\u6258\u6d77-\u4e94\u5f69\u6ee9-\u53ef\u53ef\u82cf\u91cc\u6e56-\u9b54\u9b3c\u57ce\u79cb\u5b63\u6444\u5f7110\u65e5","trade_status":"TRADE_SUCCESS","is_total_fee_adjust":"N","total_fee":"11760.00","gmt_payment":"2017-09-21 12:00:19","seller_email":"2287684289@qq.com","price":"11760.00","buyer_id":"2088002333059807","notify_id":"7f00f88f08fa0698023c3d99aea8a49m6d","use_coupon":"N","sign_type":"MD5","sign":"015de50a4e6b800d07c122443816153d"}
[2017-09-21 12:00:20][info] 数据存储反馈成功！
[2017-09-21 12:00:20][info] success
[2017-09-21 12:00:20][info] 写入结束!!!
[2017-09-21 12:31:17][info] ----------------------------------------
[2017-09-21 12:31:17][info] {"discount":"0.00","payment_type":"1","trade_no":"2017092121001004290240237899","subject":"\u5317\u7586\u91d1\u79cb\u81f3\u5c0a10\u65e5\u6e38","buyer_email":"windinhair@163.com","gmt_create":"2017-09-21 12:30:36","notify_type":"trade_status_sync","quantity":"1","out_trade_no":"LX-17090910445870406-2","seller_id":"2088421286007493","notify_time":"2017-09-21 12:31:17","body":"38\u5c0f\u65f6\u79be\u6728-\u5580\u7eb3\u65af-\u767d\u54c8\u5df4-\u53ef\u53ef\u82cf\u91cc\u6e56-\u53ef\u53ef\u6258\u6d77-\u4e94\u5f69\u6ee9-\u9b54\u9b3c\u57ce10\u65e5\u5927\u73af\u7ebf","trade_status":"TRADE_SUCCESS","is_total_fee_adjust":"N","total_fee":"5430.00","gmt_payment":"2017-09-21 12:31:17","seller_email":"2287684289@qq.com","price":"5430.00","buyer_id":"2088502862944291","notify_id":"94f66c9d391182dd375a1302fb4d2dci8m","use_coupon":"N","sign_type":"MD5","sign":"908e7b1cc71dad4e057050e7d4ee61ad"}
[2017-09-21 12:31:18][info] 数据存储反馈成功！
[2017-09-21 12:31:18][info] success
[2017-09-21 12:31:18][info] 写入结束!!!
[2017-09-21 12:35:42][info] ----------------------------------------
[2017-09-21 12:35:42][info] {"discount":"0.00","payment_type":"1","trade_no":"2017092121001004520202504906","subject":"\u8272\u8fbe\u56db\u65e5","buyer_email":"13960909184","gmt_create":"2017-09-21 12:33:48","notify_type":"trade_status_sync","quantity":"1","out_trade_no":"LX-1709032048431106-6","seller_id":"2088421286007493","notify_time":"2017-09-21 12:35:42","body":"\u8272\u8fbe-\u56db\u59d1\u5a18\u5c71-\u4e39\u5df4\u85cf\u5be8\u56db\u65e5\u6e38","trade_status":"TRADE_SUCCESS","is_total_fee_adjust":"N","total_fee":"2080.00","gmt_payment":"2017-09-21 12:35:41","seller_email":"2287684289@qq.com","price":"2080.00","buyer_id":"2088902356663523","notify_id":"d7b4efed3f5efb55a97a5129e2995d6k0i","use_coupon":"N","sign_type":"MD5","sign":"710327793f6a557811f7db49e449879c"}
[2017-09-21 12:35:42][info] 数据存储反馈成功！
[2017-09-21 12:35:42][info] success
[2017-09-21 12:35:42][info] 写入结束!!!
[2017-09-21 12:38:08][info] ----------------------------------------
[2017-09-21 12:38:08][info] {"discount":"0.00","payment_type":"1","trade_no":"2017062021001004150262187240","subject":"\u9752\u6d77\u6e56\u73af\u6e565\u65e5\u6df1\u5ea6\u6e38","buyer_email":"shmily2306@sohu.com","gmt_create":"2017-06-20 12:36:55","notify_type":"trade_status_sync","quantity":"1","out_trade_no":"LX-1706131333253706-8","seller_id":"2088421286007493","notify_time":"2017-09-21 12:38:08","body":"\u8336\u5361\u3001\u95e8\u6e90\u3001\u7941\u8fde\u3001\u7cbe\u534e300\u00b0\u9752\u6d77\u6e56\u73af\u6e56","trade_status":"TRADE_FINISHED","is_total_fee_adjust":"N","total_fee":"3760.00","gmt_payment":"2017-06-20 12:37:04","seller_email":"2287684289@qq.com","gmt_close":"2017-09-21 12:38:08","price":"3760.00","buyer_id":"2088002937437159","notify_id":"71f596f83b018ad5760f01fec0f3c82h5q","use_coupon":"N","sign_type":"MD5","sign":"ce73c30a60f489fcabfb34ee28274473"}
[2017-09-21 12:38:08][info] 数据存储反馈成功！
[2017-09-21 12:38:08][info] success
[2017-09-21 12:38:08][info] 写入结束!!!
[2017-09-21 12:51:55][info] ----------------------------------------
[2017-09-21 12:51:55][info] {"discount":"0.00","payment_type":"1","trade_no":"2017062021001004050277664132","subject":"\u65b0\u7586\u5168\u666f","buyer_email":"15508659075","gmt_create":"2017-06-20 12:50:57","notify_type":"trade_status_sync","quantity":"1","out_trade_no":"LX-17062012254153906-b","seller_id":"2088421286007493","notify_time":"2017-09-21 12:51:55","body":"\u6c5f\u5e03\u62c9\u514b-\u4e94\u5f69\u6ee9-\u5580\u7eb3\u65af-\u79be\u6728-\u8d5b\u91cc\u6728\u6e56-\u85b0\u8863\u8349\u519c\u573a-\u5580\u62c9\u5cfb-\u90a3\u62c9\u63d0-\u5df4\u97f3\u5e03\u9c81\u514b-\u5410\u9c81\u756a13\u65e5\u6e38","trade_status":"TRADE_FINISHED","is_total_fee_adjust":"N","total_fee":"10760.00","gmt_payment":"2017-06-20 12:51:19","seller_email":"2287684289@qq.com","gmt_close":"2017-09-21 12:51:55","price":"10760.00","buyer_id":"2088612344961055","notify_id":"fa9f14008cd83caf65a69085175dbd7gdy","use_coupon":"N","sign_type":"MD5","sign":"c9522353d9c9fddb2303dac00db5868d"}
[2017-09-21 12:51:55][info] 数据存储反馈成功！
[2017-09-21 12:51:55][info] success
[2017-09-21 12:51:55][info] 写入结束!!!
[2017-09-21 13:23:00][info] ----------------------------------------
[2017-09-21 13:23:00][info] {"discount":"0.00","payment_type":"1","trade_no":"2017062021001004940254730937","subject":"\u4e1d\u7ef8\u4e4b\u8def\u7ecf\u5178\u4e5d\u65e5","buyer_email":"flyy1976fyc@yahoo.com.cn","gmt_create":"2017-06-20 13:16:37","notify_type":"trade_status_sync","quantity":"1","out_trade_no":"LX-1706141319089501-f","seller_id":"2088421286007493","notify_time":"2017-09-21 13:23:00","body":"\u6c99\u5c9b-\u9752\u6d77\u6e56-\u8336\u5361\u76d0\u6e56-\u5353\u5c14\u5c71-\u5f20\u6396\u4e39\u971e-\u5609\u5cea\u5173-\u6566\u714c9\u65e5\u6e38","trade_status":"TRADE_FINISHED","is_total_fee_adjust":"N","total_fee":"6990.00","gmt_payment":"2017-06-20 13:22:52","seller_email":"2287684289@qq.com","gmt_close":"2017-09-21 13:23:00","price":"6990.00","buyer_id":"2088002200623948","notify_id":"94759b0d67fb91a9d64378157a48a74n96","use_coupon":"N","sign_type":"MD5","sign":"b85466f278f3b5e51ee76ee120330a57"}
[2017-09-21 13:23:00][info] 数据存储反馈成功！
[2017-09-21 13:23:00][info] success
[2017-09-21 13:23:00][info] 写入结束!!!
[2017-09-21 14:01:39][info] ----------------------------------------
[2017-09-21 14:01:39][info] {"discount":"0.00","payment_type":"1","trade_no":"2017092121001004530283996408","subject":"\u7eaf\u575d\u4e0a\u4f11\u95f2","buyer_email":"xxweieml@hotmail.com","gmt_create":"2017-09-21 14:01:28","notify_type":"trade_status_sync","quantity":"1","out_trade_no":"LX-1709211255417001-1","seller_id":"2088421286007493","notify_time":"2017-09-21 14:01:39","body":"\u201c\u72ec\u5bb6\u5b9a\u5236\u00b7\u6728\u5170\u56f4\u573a\u00b7\u7b56\u9a6c\u626c\u97ad\u201d\u4e94\u65e5\u4f11\u95f2\u7eaf\u73a9+\u6444\u5f71\u8d8a\u91ce\u4e4b\u65c5\uff01","trade_status":"TRADE_SUCCESS","is_total_fee_adjust":"N","total_fee":"4600.00","gmt_payment":"2017-09-21 14:01:38","seller_email":"2287684289@qq.com","price":"4600.00","buyer_id":"2088002472858532","notify_id":"e2ad8c38164fa14d8a72822017a6a18k3a","use_coupon":"N","sign_type":"MD5","sign":"2453de7ec831b54338cfb3b72b0f1260"}
[2017-09-21 14:01:39][info] 数据存储反馈成功！
[2017-09-21 14:01:39][info] success
[2017-09-21 14:01:39][info] 写入结束!!!
[2017-09-21 14:29:37][info] ----------------------------------------
[2017-09-21 14:29:37][info] {"discount":"0.00","payment_type":"1","trade_no":"2017092121001004790212508420","subject":"\u65b0\u7586\u91d1\u79cb\u5927\u73af\u7ebf","buyer_email":"debgd@126.com","gmt_create":"2017-09-21 14:28:48","notify_type":"trade_status_sync","quantity":"1","out_trade_no":"LX-17081216290057101-6","seller_id":"2088421286007493","notify_time":"2017-09-21 14:29:37","body":"\u5580\u7eb3\u65af-\u79be\u6728-\u767d\u54c8\u5df4-\u8d5b\u91cc\u6728\u6e56-\u5df4\u97f3\u5e03\u9c81\u514b-\u5410\u9c81\u756a-\u5854\u91cc\u6728\u6cb3\u80e1\u6768\u679712\u65e5\u6df1\u5ea6\u6e38","trade_status":"TRADE_SUCCESS","is_total_fee_adjust":"N","total_fee":"5340.00","gmt_payment":"2017-09-21 14:29:37","seller_email":"2287684289@qq.com","price":"5340.00","buyer_id":"2088102588633792","notify_id":"1fa94776273c02336bf78d9a444ecc4m3i","use_coupon":"N","sign_type":"MD5","sign":"bb44bdc1efc3a572a69f6372e0975606"}
[2017-09-21 14:29:38][info] 数据存储反馈成功！
[2017-09-21 14:29:38][info] success
[2017-09-21 14:29:38][info] 写入结束!!!
[2017-09-21 14:43:21][info] ----------------------------------------
[2017-09-21 14:43:21][info] {"discount":"0.00","payment_type":"1","trade_no":"2017092121001004230244653733","subject":"\u4e91\u5357\u79d8\u5883","buyer_email":"13601748091","gmt_create":"2017-09-21 14:42:37","notify_type":"trade_status_sync","quantity":"1","out_trade_no":"LX-17090409573385201-1","seller_id":"2088421286007493","notify_time":"2017-09-21 14:43:21","body":"\u63a2\u79d8\u6012\u6c5f-\u72ec\u9f99\u6c5f\u5927\u5ce1\u8c37-\u4e16\u5916\u6843\u6e90\u4e19\u4e2d\u6d1b-\u5bfb\u627e\u4e0e\u4e16\u9694\u7edd\u7684\u7eb9\u9762\u59739\u65e5\u6df1\u5ea6\u6e38","trade_status":"TRADE_SUCCESS","is_total_fee_adjust":"N","total_fee":"11050.00","gmt_payment":"2017-09-21 14:43:21","seller_email":"2287684289@qq.com","price":"11050.00","buyer_id":"2088222281300239","notify_id":"bba69a3b3fa5c5faa55ca9a1dfb1a0bhry","use_coupon":"N","sign_type":"MD5","sign":"e311e1bda8d5e230ffb5d4163b85b008"}
[2017-09-21 14:43:22][info] 数据存储反馈成功！
[2017-09-21 14:43:22][info] success
[2017-09-21 14:43:22][info] 写入结束!!!
[2017-09-21 15:01:54][info] ----------------------------------------
[2017-09-21 15:01:54][info] {"discount":"0.00","payment_type":"1","trade_no":"2017062021001004440284854163","subject":"\u4e1d\u7ef8\u4e4b\u8def\u7ecf\u5178\u4e5d\u65e5","buyer_email":"13051110551","gmt_create":"2017-06-20 14:59:11","notify_type":"trade_status_sync","quantity":"1","out_trade_no":"LX-17061814525486001-8","seller_id":"2088421286007493","notify_time":"2017-09-21 15:01:53","body":"\u6c99\u5c9b-\u9752\u6d77\u6e56-\u8336\u5361\u76d0\u6e56-\u5353\u5c14\u5c71-\u5f20\u6396\u4e39\u971e-\u5609\u5cea\u5173-\u6566\u714c9\u65e5\u6e38","trade_status":"TRADE_FINISHED","is_total_fee_adjust":"N","total_fee":"3780.00","gmt_payment":"2017-06-20 15:01:21","seller_email":"2287684289@qq.com","gmt_close":"2017-09-21 15:01:53","price":"3780.00","buyer_id":"2088702155085441","notify_id":"a38a73a355e4b1f53ceae1132e7955ejea","use_coupon":"N","sign_type":"MD5","sign":"e28ae2ecb62e2453ad3dbe85bd9e67b6"}
[2017-09-21 15:01:54][info] 数据存储反馈成功！
[2017-09-21 15:01:54][info] success
[2017-09-21 15:01:54][info] 写入结束!!!
[2017-09-21 15:24:01][info] ----------------------------------------
[2017-09-21 15:24:01][info] {"discount":"0.00","payment_type":"1","trade_no":"2017062021001004760281756850","subject":"\u4e1d\u7ef8\u4e4b\u8def\u5dc5\u5cf0\u4f53\u9a8c\u4e5d\u65e5\u6e38","buyer_email":"wangyingfenggu@163.com","gmt_create":"2017-06-20 15:22:50","notify_type":"trade_status_sync","quantity":"1","out_trade_no":"LX-17061314322494401-9","seller_id":"2088421286007493","notify_time":"2017-09-21 15:24:01","body":"\u6c99\u5c9b-\u9752\u6d77\u6e56-\u8336\u5361\u76d0\u6e56-\u7941\u8fde-\u5f20\u6396-\u5609\u5cea\u5173-\u6566\u714c\u4e5d\u65e5\u6e38","trade_status":"TRADE_FINISHED","is_total_fee_adjust":"N","total_fee":"13230.00","gmt_payment":"2017-06-20 15:23:33","seller_email":"2287684289@qq.com","gmt_close":"2017-09-21 15:24:01","price":"13230.00","buyer_id":"2088002493324760","notify_id":"4af2f3e2ca6e6ec737a6306b0018257lv6","use_coupon":"N","sign_type":"MD5","sign":"f600d3e28ffab092371a74054291dbbf"}
[2017-09-21 15:24:01][info] 数据存储反馈成功！
[2017-09-21 15:24:01][info] success
[2017-09-21 15:24:01][info] 写入结束!!!
[2017-09-21 16:02:01][info] ----------------------------------------
[2017-09-21 16:02:01][info] {"discount":"0.00","payment_type":"1","trade_no":"2017092121001004420255785929","subject":"\u8eba\u7740\u53bb\u8d4f\u79cb","buyer_email":"13301761379","gmt_create":"2017-09-21 15:58:16","notify_type":"trade_status_sync","quantity":"1","out_trade_no":"LX-17092022083962401-6","seller_id":"2088421286007493","notify_time":"2017-09-21 16:02:01","body":"2017\u5e74\u989d\u6d4e\u7eb3\u65d7\u80e1\u6768\u67976\u65e5 \u897f\u5b89\u51fa\u53d1 \u53cc\u5367\u706b\u8f66\u56e2","trade_status":"TRADE_SUCCESS","is_total_fee_adjust":"N","total_fee":"9617.00","gmt_payment":"2017-09-21 16:02:00","seller_email":"2287684289@qq.com","price":"9617.00","buyer_id":"2088602285016428","notify_id":"56f66f72afb1fa3f06aabd2cbbeabfej8q","use_coupon":"N","sign_type":"MD5","sign":"67bf04c7b890709d592d2efcaad71967"}
[2017-09-21 16:02:01][info] 数据存储反馈成功！
[2017-09-21 16:02:01][info] success
[2017-09-21 16:02:01][info] 写入结束!!!
[2017-09-21 17:28:56][info] ----------------------------------------
[2017-09-21 17:28:56][info] {"discount":"0.00","payment_type":"1","trade_no":"2017062021001004630261080640","subject":"\u4e1d\u7ef8\u4e4b\u8def\u7cbe\u534e\u4e03\u65e5\u6e38","buyer_email":"13911316202","gmt_create":"2017-06-20 17:27:46","notify_type":"trade_status_sync","quantity":"1","out_trade_no":"LX-17062017043895006-3","seller_id":"2088421286007493","notify_time":"2017-09-21 17:28:56","body":"2017\u5e74\u9752\u6d77\u6e56-\u8336\u5361\u76d0\u6e56-\u6566\u714c-\u5609\u5cea\u5173-\u5f20\u6396\u4e39\u971e\u4e03\u65e5\u6e38","trade_status":"TRADE_FINISHED","is_total_fee_adjust":"N","total_fee":"6360.00","gmt_payment":"2017-06-20 17:28:15","seller_email":"2287684289@qq.com","gmt_close":"2017-09-21 17:28:55","price":"6360.00","buyer_id":"2088312867526635","notify_id":"3cc6ac87675402bdc5f984abaedf344kv2","use_coupon":"N","sign_type":"MD5","sign":"188728cbbe938f8cb8ae1c0aad6da23b"}
[2017-09-21 17:28:56][info] 数据存储反馈成功！
[2017-09-21 17:28:56][info] success
[2017-09-21 17:28:56][info] 写入结束!!!
[2017-09-21 17:42:56][info] ----------------------------------------
[2017-09-21 17:42:56][info] {"discount":"0.00","payment_type":"1","trade_no":"2017092121001004620290166371","subject":"\u5317\u7586\u5dc5\u5cf0","buyer_email":"anhunxia@163.com","gmt_create":"2017-09-21 17:42:51","notify_type":"trade_status_sync","quantity":"1","out_trade_no":"LX-17072615043812406-d","seller_id":"2088421286007493","notify_time":"2017-09-21 17:42:56","body":"\u79be\u672848\u5c0f\u65f6-\u5580\u7eb3\u65af-\u767d\u54c8\u5df4-\u4e94\u5f69\u6ee9-\u53cc\u53676\u65e5\u6e38","trade_status":"TRADE_SUCCESS","is_total_fee_adjust":"N","total_fee":"4690.00","gmt_payment":"2017-09-21 17:42:55","seller_email":"2287684289@qq.com","price":"4690.00","buyer_id":"2088002353962622","notify_id":"9ff4df326f5892ce952dd1de44ee69bksa","use_coupon":"N","sign_type":"MD5","sign":"77dfeda7f6e3dd935366fd604f051cf8"}
[2017-09-21 17:42:56][info] 数据存储反馈成功！
[2017-09-21 17:42:56][info] success
[2017-09-21 17:42:56][info] 写入结束!!!
[2017-09-21 17:50:01][info] ----------------------------------------
[2017-09-21 17:50:01][info] {"discount":"0.00","payment_type":"1","trade_no":"2017062021001004120202592420","subject":"\u7518\u5357\u5168\u666f","buyer_email":"lily_haolu@126.com","gmt_create":"2017-06-20 17:48:58","notify_type":"trade_status_sync","quantity":"1","out_trade_no":"LX-17062016041764906-9","seller_id":"2088421286007493","notify_time":"2017-09-21 17:50:01","body":"2017\u5e74\u72ec\u5bb6  \u516b\u89d2\u57ce-\u624e\u5c15\u90a3-\u82b1\u6e56-\u5e74\u5b9d\u7389\u5219-\u82e5\u5c14\u76d6\u8349\u539f-\u963f\u4e07\u4ed3\u6e7f\u5730-\u90ce\u6728\u5bfa 8\u65e5\u6e38","trade_status":"TRADE_FINISHED","is_total_fee_adjust":"N","total_fee":"6560.00","gmt_payment":"2017-06-20 17:49:22","seller_email":"2287684289@qq.com","gmt_close":"2017-09-21 17:50:01","price":"6560.00","buyer_id":"2088002009031128","notify_id":"e863ec34c278335cd8bda69b3dde4c3gxe","use_coupon":"N","sign_type":"MD5","sign":"fa9624901461f854488c510ec799be31"}
[2017-09-21 17:50:01][info] 数据存储反馈成功！
[2017-09-21 17:50:01][info] success
[2017-09-21 17:50:01][info] 写入结束!!!
[2017-09-21 18:06:40][info] ----------------------------------------
[2017-09-21 18:06:40][info] {"discount":"0.00","payment_type":"1","trade_no":"2017092121001004630243722586","subject":"\u989d\u6d4e\u7eb3\u5168\u666f","buyer_email":"13509323710","gmt_create":"2017-09-21 18:06:27","notify_type":"trade_status_sync","quantity":"1","out_trade_no":"LX-17092117123436201-d","seller_id":"2088421286007493","notify_time":"2017-09-21 18:06:40","body":"\u989d\u6d4e\u7eb3\u80e1\u6768\u6797-\u6566\u714c\u5168\u666f-\u5df4\u4e39\u5409\u6797-\u5f20\u6396\u4e39\u971e-\u5609\u5cea\u5173-\u91d1\u5854\u80e1\u6768\u6797-\u52a8\u8f668\u65e5","trade_status":"TRADE_SUCCESS","is_total_fee_adjust":"N","total_fee":"4480.00","gmt_payment":"2017-09-21 18:06:40","seller_email":"2287684289@qq.com","price":"4480.00","buyer_id":"2088602193780637","notify_id":"6548b22358eed7f8a71640bf2b0d5a1kv2","use_coupon":"N","sign_type":"MD5","sign":"88209b61c2b1f26cfd9a421ccec8d17c"}
[2017-09-21 18:06:41][info] 数据存储反馈成功！
[2017-09-21 18:06:41][info] success
[2017-09-21 18:06:41][info] 写入结束!!!
[2017-09-21 18:08:04][info] ----------------------------------------
[2017-09-21 18:08:04][info] {"discount":"0.00","payment_type":"1","trade_no":"2017092121001004240266530141","subject":"\u989d\u6d4e\u7eb3\u6df1\u5ea6\u6e38","buyer_email":"429119365@qq.com","gmt_create":"2017-09-21 18:06:54","notify_type":"trade_status_sync","quantity":"1","out_trade_no":"LX-17092117154861701-2","seller_id":"2088421286007493","notify_time":"2017-09-21 18:08:04","body":"\u4ed9\u7c73\u5f69\u6797-\u7941\u8fde\u5c71-\u9a6c\u8e44\u5bfa-\u5f20\u6396\u4e39\u971e-\u91d1\u5854\u80e1\u6768\u6797-\u989d\u6d4e\u7eb3\u80e1\u6768\u6797-\u5c45\u5ef6\u6d77-\u5609\u5cea\u5173-\u52a8\u8f66\u8fd4\u7a0b7\u65e5\u6e38","trade_status":"TRADE_SUCCESS","is_total_fee_adjust":"N","total_fee":"3300.00","gmt_payment":"2017-09-21 18:08:04","seller_email":"2287684289@qq.com","price":"3300.00","buyer_id":"2088202375437245","notify_id":"c645695f4bb76c6dbfabc8ac931339fhuq","use_coupon":"N","sign_type":"MD5","sign":"4d165a80ee7a771c34af5e711c3d2925"}
[2017-09-21 18:08:04][info] 数据存储反馈成功！
[2017-09-21 18:08:04][info] success
[2017-09-21 18:08:04][info] 写入结束!!!
[2017-09-21 18:21:28][info] ----------------------------------------
[2017-09-21 18:21:28][info] {"discount":"0.00","payment_type":"1","trade_no":"2017092121001004110530466065","subject":"\u5317\u7586\u5dc5\u5cf0","buyer_email":"13822248323","gmt_create":"2017-09-21 18:21:20","notify_type":"trade_status_sync","quantity":"1","out_trade_no":"LX-17072614574615706-a","seller_id":"2088421286007493","notify_time":"2017-09-21 18:21:28","body":"\u79be\u672848\u5c0f\u65f6-\u5580\u7eb3\u65af-\u767d\u54c8\u5df4-\u4e94\u5f69\u6ee9-\u53cc\u53676\u65e5\u6e38","trade_status":"TRADE_SUCCESS","is_total_fee_adjust":"N","total_fee":"4690.00","gmt_payment":"2017-09-21 18:21:28","seller_email":"2287684289@qq.com","price":"4690.00","buyer_id":"2088812685419114","notify_id":"7587022e7bb3178bcaf3696421c586agup","use_coupon":"N","sign_type":"MD5","sign":"6378edc0271a51a54bf04f7d6bdac92f"}
[2017-09-21 18:21:29][info] 数据存储反馈成功！
[2017-09-21 18:21:29][info] success
[2017-09-21 18:21:29][info] 写入结束!!!
[2017-09-21 20:02:13][info] ----------------------------------------
[2017-09-21 20:02:13][info] {"discount":"0.00","payment_type":"1","trade_no":"2017092121001004190526014349","subject":"\u5317\u7586\u5dc5\u5cf0","buyer_email":"petalin@21cn.com","gmt_create":"2017-09-21 20:02:01","notify_type":"trade_status_sync","quantity":"1","out_trade_no":"LX-1707261432282706-b","seller_id":"2088421286007493","notify_time":"2017-09-21 20:02:13","body":"\u79be\u672848\u5c0f\u65f6-\u5580\u7eb3\u65af-\u767d\u54c8\u5df4-\u4e94\u5f69\u6ee9-\u53cc\u53676\u65e5\u6e38","trade_status":"TRADE_SUCCESS","is_total_fee_adjust":"N","total_fee":"2840.00","gmt_payment":"2017-09-21 20:02:12","seller_email":"2287684289@qq.com","price":"2840.00","buyer_id":"2088002195318195","notify_id":"6f191bf5767714ed7cb43f88fe2f8d0hgx","use_coupon":"N","sign_type":"MD5","sign":"1e7841d9250e04ecab0f9464687567b4"}
[2017-09-21 20:02:13][info] 数据存储反馈成功！
[2017-09-21 20:02:13][info] success
[2017-09-21 20:02:13][info] 写入结束!!!
