[2017-10-02 09:06:55][info] ----------------------------------------
[2017-10-02 09:06:55][info] {"discount":"0.00","payment_type":"1","trade_no":"2017070121001004040210491080","subject":"\u4e1d\u8def\u5dc5\u5cf0\u4f53\u9a8c\u5341\u65e5\u6e38","buyer_email":"ldh3@sina.cn","gmt_create":"2017-07-01 09:05:46","notify_type":"trade_status_sync","quantity":"1","out_trade_no":"LX-17062119570715906-5","seller_id":"2088421286007493","notify_time":"2017-10-02 09:06:54","body":"\u6c99\u5c9b-\u9752\u6d77\u6e56-\u8336\u5361\u76d0\u6e56-\u7941\u8fde-\u5f20\u6396-\u5609\u5cea\u5173-\u6566\u714c\u5341\u65e5\u6e38","trade_status":"TRADE_FINISHED","is_total_fee_adjust":"N","total_fee":"4180.00","gmt_payment":"2017-07-01 09:06:16","seller_email":"2287684289@qq.com","gmt_close":"2017-10-02 09:06:54","price":"4180.00","buyer_id":"2088602214202045","notify_id":"2139c30a139ef2a73cc9a7922aeb9f3gb6","use_coupon":"N","sign_type":"MD5","sign":"4bbdfa84b83b542bd31717da34a39939"}
[2017-10-02 09:06:55][info] 数据存储反馈成功！
[2017-10-02 09:06:55][info] success
[2017-10-02 09:06:55][info] 写入结束!!!
[2017-10-02 09:48:07][info] ----------------------------------------
[2017-10-02 09:48:07][info] {"discount":"0.00","payment_type":"1","trade_no":"2017070121001004980265766419","subject":"\u5580\u7eb3\u65af\u4e4b\u590f","buyer_email":"18927281106","gmt_create":"2017-07-01 09:46:47","notify_type":"trade_status_sync","quantity":"1","out_trade_no":"LX-17070107164813301-0","seller_id":"2088421286007493","notify_time":"2017-10-02 09:48:06","body":"2017\u5e747\uff5e8\u6708 \u5929\u6c60-\u5410\u9c81\u756a-\u9b54\u9b3c\u57ce-\u79be\u6728-\u5580\u7eb3\u65af-\u767d\u54c8\u5df4-\u4e94\u5f69\u6ee9\u6df1\u5ea6\u4e5d\u65e5\u6e38","trade_status":"TRADE_FINISHED","is_total_fee_adjust":"N","total_fee":"4580.00","gmt_payment":"2017-07-01 09:47:14","seller_email":"2287684289@qq.com","gmt_close":"2017-10-02 09:48:06","price":"4580.00","buyer_id":"2088902281919982","notify_id":"dfc3c84e55f8921af07491e359434dcnka","use_coupon":"N","sign_type":"MD5","sign":"56eab13459e5e46a41660a64e60a8159"}
[2017-10-02 09:48:07][info] 数据存储反馈成功！
[2017-10-02 09:48:07][info] success
[2017-10-02 09:48:07][info] 写入结束!!!
[2017-10-02 10:05:38][info] ----------------------------------------
[2017-10-02 10:05:38][info] {"discount":"0.00","payment_type":"1","trade_no":"2017100221001004020202673336","subject":"\u989d\u6d4e\u7eb3\u5168\u666f","buyer_email":"13710597743","gmt_create":"2017-10-02 10:04:47","notify_type":"trade_status_sync","quantity":"1","out_trade_no":"LX-17090217501746601-4","seller_id":"2088421286007493","notify_time":"2017-10-02 10:05:38","body":"\u989d\u6d4e\u7eb3\u80e1\u6768\u6797-\u6566\u714c\u5168\u666f-\u5df4\u4e39\u5409\u6797-\u5f20\u6396\u4e39\u971e-\u5609\u5cea\u5173-\u91d1\u5854\u80e1\u6768\u6797-\u52a8\u8f668\u65e5","trade_status":"TRADE_SUCCESS","is_total_fee_adjust":"N","total_fee":"3880.00","gmt_payment":"2017-10-02 10:05:38","seller_email":"2287684289@qq.com","price":"3880.00","buyer_id":"2088812845924023","notify_id":"965b6056d248e506b568a5179229133g5m","use_coupon":"N","sign_type":"MD5","sign":"c86b21e9cc8febeeaf8b8b4f372f9bf3"}
[2017-10-02 10:05:39][info] 数据存储反馈成功！
[2017-10-02 10:05:39][info] success
[2017-10-02 10:05:39][info] 写入结束!!!
[2017-10-02 10:11:58][info] ----------------------------------------
[2017-10-02 10:11:58][info] {"discount":"0.00","payment_type":"1","trade_no":"2017100221001004250526875294","subject":"\u989d\u6d4e\u7eb3\u5168\u666f","buyer_email":"13612477360","gmt_create":"2017-10-02 10:11:37","notify_type":"trade_status_sync","quantity":"1","out_trade_no":"LX-17083011323265806-6","seller_id":"2088421286007493","notify_time":"2017-10-02 10:11:58","body":"\u989d\u6d4e\u7eb3\u80e1\u6768\u6797-\u6566\u714c\u5168\u666f-\u5df4\u4e39\u5409\u6797-\u5f20\u6396\u4e39\u971e-\u5609\u5cea\u5173-\u91d1\u5854\u80e1\u6768\u6797-\u52a8\u8f668\u65e5","trade_status":"TRADE_SUCCESS","is_total_fee_adjust":"N","total_fee":"3980.00","gmt_payment":"2017-10-02 10:11:58","seller_email":"2287684289@qq.com","price":"3980.00","buyer_id":"2088702256608255","notify_id":"7903f9be5546112de945712b36456c3hxl","use_coupon":"N","sign_type":"MD5","sign":"acaf5629345bd9cd0265743a361b6886"}
[2017-10-02 10:11:59][info] 数据存储反馈成功！
[2017-10-02 10:11:59][info] success
[2017-10-02 10:11:59][info] 写入结束!!!
[2017-10-02 10:17:50][info] ----------------------------------------
[2017-10-02 10:17:50][info] {"discount":"0.00","payment_type":"1","trade_no":"2017070121001004200299155142","subject":"\u8d35\u5dde\u5168\u666f\u6e38","buyer_email":"13963609169","gmt_create":"2017-07-01 10:17:10","notify_type":"trade_status_sync","quantity":"1","out_trade_no":"LX-17063013160925406-f","seller_id":"2088421286007493","notify_time":"2017-10-02 10:17:50","body":"\u79d8\u5883\u8302\u5170-\u8354\u6ce2-\u9ed4\u4e1c\u5357-\u9547\u8fdc-\u897f\u6c5f\u82d7\u5be8-\u9ec4\u679c\u6811\u6df1\u5ea6\u7eaf\u73a9\u4e5d\u65e5\u6e38","trade_status":"TRADE_FINISHED","is_total_fee_adjust":"N","total_fee":"1950.00","gmt_payment":"2017-07-01 10:17:24","seller_email":"2287684289@qq.com","gmt_close":"2017-10-02 10:17:50","price":"1950.00","buyer_id":"2088402808829205","notify_id":"782d210905c9cf0dc9fad50efd1272chjm","use_coupon":"N","sign_type":"MD5","sign":"394940773f47d0e0c180da6de1e73174"}
[2017-10-02 10:17:50][info] 数据存储反馈成功！
[2017-10-02 10:17:50][info] success
[2017-10-02 10:17:50][info] 写入结束!!!
[2017-10-02 10:37:54][info] ----------------------------------------
[2017-10-02 10:37:54][info] {"discount":"0.00","payment_type":"1","trade_no":"2017100221001004300526822993","subject":"\u9955\u992e\u8d4f\u79cb","buyer_email":"tejia0424@aliyun.com","gmt_create":"2017-10-02 10:36:11","notify_type":"trade_status_sync","quantity":"1","out_trade_no":"LX-17091610402476401-e","seller_id":"2088421286007493","notify_time":"2017-10-02 10:37:54","body":"\u9752\u6d77\u6e56-\u8336\u5361\u76d0\u6e56-\u83ab\u9ad8\u7a9f-\u9e23\u6c99\u5c71-\u6708\u7259\u6cc9-\u5609\u5cea\u5173-\u989d\u6d4e\u7eb3\u80e1\u6768\u6797-\u5353\u5c14\u5c7110\u65e5\u5927\u73af\u7ebf","trade_status":"TRADE_SUCCESS","is_total_fee_adjust":"N","total_fee":"5790.00","gmt_payment":"2017-10-02 10:37:54","seller_email":"2287684289@qq.com","price":"5790.00","buyer_id":"2088002640856300","notify_id":"7b5374483e1dc940373cca8337537d8ibh","use_coupon":"N","sign_type":"MD5","sign":"0e736f1b13141389b8925a10fc4509c9"}
[2017-10-02 10:37:55][info] 数据存储反馈成功！
[2017-10-02 10:37:55][info] success
[2017-10-02 10:37:55][info] 写入结束!!!
[2017-10-02 10:45:03][info] ----------------------------------------
[2017-10-02 10:45:03][info] {"discount":"0.00","payment_type":"1","trade_no":"2017070121001004120221754542","subject":"\u65b0\u7586\u5168\u666f","buyer_email":"lilijabgs@126.com","gmt_create":"2017-07-01 10:42:09","notify_type":"trade_status_sync","quantity":"1","out_trade_no":"LX-17070110323529106-c","seller_id":"2088421286007493","notify_time":"2017-10-02 10:45:03","body":"\u6c5f\u5e03\u62c9\u514b-\u4e94\u5f69\u6ee9-\u5580\u7eb3\u65af-\u79be\u6728-\u8d5b\u91cc\u6728\u6e56-\u85b0\u8863\u8349\u519c\u573a-\u5580\u62c9\u5cfb-\u90a3\u62c9\u63d0-\u5df4\u97f3\u5e03\u9c81\u514b-\u5410\u9c81\u756a13\u65e5\u6e38","trade_status":"TRADE_FINISHED","is_total_fee_adjust":"N","total_fee":"10760.00","gmt_payment":"2017-07-01 10:44:39","seller_email":"2287684289@qq.com","gmt_close":"2017-10-02 10:45:03","price":"10760.00","buyer_id":"2088002702625127","notify_id":"494faf0ea8076cebadda1aee75827aegxe","use_coupon":"N","sign_type":"MD5","sign":"8977777dd58e033715f036a6f1daf0d2"}
[2017-10-02 10:45:03][info] 数据存储反馈成功！
[2017-10-02 10:45:03][info] success
[2017-10-02 10:45:03][info] 写入结束!!!
[2017-10-02 11:12:00][info] ----------------------------------------
[2017-10-02 11:12:00][info] {"discount":"0.00","payment_type":"1","trade_no":"2017070121001004080223363089","subject":"\u65b0\u7586\u5168\u666f","buyer_email":"18616806856","gmt_create":"2017-07-01 11:11:21","notify_type":"trade_status_sync","quantity":"1","out_trade_no":"LX-17063013245759501-1","seller_id":"2088421286007493","notify_time":"2017-10-02 11:12:00","body":"\u6c5f\u5e03\u62c9\u514b-\u4e94\u5f69\u6ee9-\u5580\u7eb3\u65af-\u79be\u6728-\u8d5b\u91cc\u6728\u6e56-\u85b0\u8863\u8349\u519c\u573a-\u5580\u62c9\u5cfb-\u90a3\u62c9\u63d0-\u5df4\u97f3\u5e03\u9c81\u514b-\u5410\u9c81\u756a13\u65e5\u6e38","trade_status":"TRADE_FINISHED","is_total_fee_adjust":"N","total_fee":"5380.00","gmt_payment":"2017-07-01 11:11:30","seller_email":"2287684289@qq.com","gmt_close":"2017-10-02 11:12:00","price":"5380.00","buyer_id":"2088702800793080","notify_id":"bbdcd0217222480ec753a49ff895191gma","use_coupon":"N","sign_type":"MD5","sign":"f32a361b6da34c1cd8efa5b6d62a9cec"}
[2017-10-02 11:12:01][info] 数据存储反馈成功！
[2017-10-02 11:12:01][info] success
[2017-10-02 11:12:01][info] 写入结束!!!
[2017-10-02 11:22:51][info] ----------------------------------------
[2017-10-02 11:22:51][info] {"discount":"0.00","payment_type":"1","trade_no":"2017070121001004600240293147","subject":"\u65b0\u7586\u7cbe\u534e","buyer_email":"lvliush@163.com","gmt_create":"2017-07-01 11:21:38","notify_type":"trade_status_sync","quantity":"1","out_trade_no":"LX-17062516491270701-d","seller_id":"2088421286007493","notify_time":"2017-10-02 11:22:51","body":"\u5929\u5c71\u5929\u6c60-\u5580\u7eb3\u65af-\u79be\u6728-\u4e94\u5f69\u6ee9-\u8d5b\u91cc\u6728\u6e56-\u85b0\u8863\u8349\u5e84\u56ed-\u90a3\u62c9\u63d0-\u5df4\u97f3\u5e03\u9c81\u514b-\u5410\u9c81\u756a11\u65e5\u6e38","trade_status":"TRADE_FINISHED","is_total_fee_adjust":"N","total_fee":"7020.00","gmt_payment":"2017-07-01 11:22:06","seller_email":"2287684289@qq.com","gmt_close":"2017-10-02 11:22:51","price":"7020.00","buyer_id":"2088002449050600","notify_id":"c72d747db8d74c6d753846a31f8c907kmq","use_coupon":"N","sign_type":"MD5","sign":"d9dcb53b68fc8c316d53084a6b6c26f0"}
[2017-10-02 11:22:51][info] 数据存储反馈成功！
[2017-10-02 11:22:51][info] success
[2017-10-02 11:22:51][info] 写入结束!!!
[2017-10-02 11:42:48][info] ----------------------------------------
[2017-10-02 11:42:48][info] {"discount":"0.00","payment_type":"1","trade_no":"2017100221001004470529493266","subject":"\u989d\u6d4e\u7eb3\u6700\u7f8e\u9ad8\u94c1\u56e2","buyer_email":"15291089718","gmt_create":"2017-10-02 11:42:39","notify_type":"trade_status_sync","quantity":"1","out_trade_no":"LX-17100211295443806-6","seller_id":"2088421286007493","notify_time":"2017-10-02 11:42:48","body":"2017\u989d\u6d4e\u7eb3\u65d7\u80e1\u6768\u6797\u516d\u65e5\u6e38-\u9886\u8896\u6237\u5916\u72ec\u5bb6\u9996\u521b","trade_status":"TRADE_SUCCESS","is_total_fee_adjust":"N","total_fee":"6200.00","gmt_payment":"2017-10-02 11:42:48","seller_email":"2287684289@qq.com","price":"6200.00","buyer_id":"2088312420949473","notify_id":"22e10ce2841e9fbbe8ca1fa4688d8c8jmp","use_coupon":"N","sign_type":"MD5","sign":"67e004edd1ac26e0a04c8fc8e409ebce"}
[2017-10-02 11:42:48][info] 数据存储反馈成功！
[2017-10-02 11:42:48][info] success
[2017-10-02 11:42:48][info] 写入结束!!!
[2017-10-02 12:41:56][info] ----------------------------------------
[2017-10-02 12:41:56][info] {"discount":"0.00","payment_type":"1","trade_no":"2017070121001004040210927256","subject":"\u4e1d\u7ef8\u4e4b\u8def\u8f7b\u5962\u6e38","buyer_email":"ouyiju@163.com","gmt_create":"2017-07-01 12:40:48","notify_type":"trade_status_sync","quantity":"1","out_trade_no":"LX-17062913113853406-c","seller_id":"2088421286007493","notify_time":"2017-10-02 12:41:56","body":"\u9752\u6d77\u6e56-\u8336\u5361\u76d0\u6e56-\u6c99\u5c9b-\u7941\u8fde\u5c71-\u5f20\u6396-\u5609\u5cea\u5173-\u6566\u714c9\u65e5\u6e38","trade_status":"TRADE_FINISHED","is_total_fee_adjust":"N","total_fee":"10960.00","gmt_payment":"2017-07-01 12:41:14","seller_email":"2287684289@qq.com","gmt_close":"2017-10-02 12:41:56","price":"10960.00","buyer_id":"2088102173474047","notify_id":"c2abb8eb1abd5d5241168aa0fe91441gb6","use_coupon":"N","sign_type":"MD5","sign":"83257603f481bb2b83a366e5eabdf624"}
[2017-10-02 12:41:56][info] 数据存储反馈成功！
[2017-10-02 12:41:56][info] success
[2017-10-02 12:41:56][info] 写入结束!!!
[2017-10-02 13:13:02][info] ----------------------------------------
[2017-10-02 13:13:02][info] {"discount":"0.00","payment_type":"1","trade_no":"2017100221001004240527127453","subject":"\u989d\u6d4e\u7eb3\u6df1\u5ea6\u6e38","buyer_email":"hblujin@163.com","gmt_create":"2017-10-02 13:12:55","notify_type":"trade_status_sync","quantity":"1","out_trade_no":"LX-17091920420950706-9","seller_id":"2088421286007493","notify_time":"2017-10-02 13:13:02","body":"\u4ed9\u7c73\u5f69\u6797-\u7941\u8fde\u5c71-\u9a6c\u8e44\u5bfa-\u5f20\u6396\u4e39\u971e-\u91d1\u5854\u80e1\u6768\u6797-\u989d\u6d4e\u7eb3\u80e1\u6768\u6797-\u5c45\u5ef6\u6d77-\u5609\u5cea\u5173-\u52a8\u8f66\u8fd4\u7a0b7\u65e5\u6e38","trade_status":"TRADE_SUCCESS","is_total_fee_adjust":"N","total_fee":"3680.00","gmt_payment":"2017-10-02 13:13:02","seller_email":"2287684289@qq.com","price":"3680.00","buyer_id":"2088402640744247","notify_id":"d8a69070e969235962b87411977cd4fhut","use_coupon":"N","sign_type":"MD5","sign":"ae246b10381cc18ff0b15f6e25c63e13"}
[2017-10-02 13:13:03][info] 数据存储反馈成功！
[2017-10-02 13:13:03][info] success
[2017-10-02 13:13:03][info] 写入结束!!!
[2017-10-02 13:59:58][info] ----------------------------------------
[2017-10-02 13:59:58][info] {"discount":"0.00","payment_type":"1","trade_no":"2017070121001004070245228301","subject":"\u8d35\u5dde\u5168\u666f\u6e38","buyer_email":"freda@gxlu.com.cn","gmt_create":"2017-07-01 13:59:26","notify_type":"trade_status_sync","quantity":"1","out_trade_no":"LX-17062821451030601-f","seller_id":"2088421286007493","notify_time":"2017-10-02 13:59:58","body":"\u79d8\u5883\u8302\u5170-\u8354\u6ce2-\u9ed4\u4e1c\u5357-\u9547\u8fdc-\u897f\u6c5f\u82d7\u5be8-\u9ec4\u679c\u6811\u6df1\u5ea6\u7eaf\u73a9\u4e5d\u65e5\u6e38","trade_status":"TRADE_FINISHED","is_total_fee_adjust":"N","total_fee":"15540.00","gmt_payment":"2017-07-01 13:59:32","seller_email":"2287684289@qq.com","gmt_close":"2017-10-02 13:59:58","price":"15540.00","buyer_id":"2088002085630075","notify_id":"6dbb06deb43aae8915e4319ea0409ebgji","use_coupon":"N","sign_type":"MD5","sign":"75e6214a18fb66b8219edf6e179776d8"}
[2017-10-02 13:59:58][info] 数据存储反馈成功！
[2017-10-02 13:59:58][info] success
[2017-10-02 13:59:58][info] 写入结束!!!
[2017-10-02 14:16:56][info] ----------------------------------------
[2017-10-02 14:16:56][info] {"discount":"0.00","payment_type":"1","trade_no":"2017100221001004240527268256","subject":"\u9955\u992e\u8d4f\u79cb","buyer_email":"13248252026","gmt_create":"2017-10-02 14:16:42","notify_type":"trade_status_sync","quantity":"1","out_trade_no":"LX-17090917325837306-8","seller_id":"2088421286007493","notify_time":"2017-10-02 14:16:56","body":"\u9752\u6d77\u6e56-\u8336\u5361\u76d0\u6e56-\u83ab\u9ad8\u7a9f-\u9e23\u6c99\u5c71-\u6708\u7259\u6cc9-\u5609\u5cea\u5173-\u989d\u6d4e\u7eb3\u80e1\u6768\u6797-\u5353\u5c14\u5c7110\u65e5\u5927\u73af\u7ebf","trade_status":"TRADE_SUCCESS","is_total_fee_adjust":"N","total_fee":"2586.00","gmt_payment":"2017-10-02 14:16:56","seller_email":"2287684289@qq.com","price":"2586.00","buyer_id":"2088602082265241","notify_id":"2123dcc3341e854f6305dc6803ea1f1hut","use_coupon":"N","sign_type":"MD5","sign":"4bbe4fc7323ddf5ef7e6b6a4eca5c98c"}
[2017-10-02 14:16:56][info] 数据存储反馈成功！
[2017-10-02 14:16:56][info] success
[2017-10-02 14:16:56][info] 写入结束!!!
[2017-10-02 14:21:17][info] ----------------------------------------
[2017-10-02 14:21:17][info] {"discount":"0.00","payment_type":"1","trade_no":"2017100221001004350527272836","subject":"\u989d\u6d4e\u7eb3\u6444\u5f71B\u7ebf","buyer_email":"hot999@sina.com","gmt_create":"2017-10-02 14:20:44","notify_type":"trade_status_sync","quantity":"1","out_trade_no":"LX-17100214122384501-5","seller_id":"2088421286007493","notify_time":"2017-10-02 14:21:17","body":"\u989d\u6d4e\u7eb3\u80e1\u6768\u6797-\u5df4\u4e39\u5409\u6797\u8179\u5730-\u91d1\u5854\u80e1\u6768\u6797-\u602a\u6811\u6797-\u516b\u65e5","trade_status":"TRADE_SUCCESS","is_total_fee_adjust":"N","total_fee":"4980.00","gmt_payment":"2017-10-02 14:21:17","seller_email":"2287684289@qq.com","price":"4980.00","buyer_id":"2088002320370353","notify_id":"f30a630a412c8ef3622c21ffe08c3aaipd","use_coupon":"N","sign_type":"MD5","sign":"cd59cac2d2c490c688505bf519b0b1b3"}
[2017-10-02 14:21:17][info] 数据存储反馈成功！
[2017-10-02 14:21:17][info] success
[2017-10-02 14:21:17][info] 写入结束!!!
[2017-10-02 14:41:22][info] ----------------------------------------
[2017-10-02 14:41:22][info] {"discount":"0.00","payment_type":"1","trade_no":"2017100221001004990213038566","subject":"\u9955\u992e\u8d4f\u79cb","buyer_email":"13814626400","gmt_create":"2017-10-02 14:41:09","notify_type":"trade_status_sync","quantity":"1","out_trade_no":"LX-17090918145836306-7","seller_id":"2088421286007493","notify_time":"2017-10-02 14:41:22","body":"\u9752\u6d77\u6e56-\u8336\u5361\u76d0\u6e56-\u83ab\u9ad8\u7a9f-\u9e23\u6c99\u5c71-\u6708\u7259\u6cc9-\u5609\u5cea\u5173-\u989d\u6d4e\u7eb3\u80e1\u6768\u6797-\u5353\u5c14\u5c7110\u65e5\u5927\u73af\u7ebf","trade_status":"TRADE_SUCCESS","is_total_fee_adjust":"N","total_fee":"2890.00","gmt_payment":"2017-10-02 14:41:22","seller_email":"2287684289@qq.com","price":"2890.00","buyer_id":"2088002899828990","notify_id":"0d4b3097965a5fed63b3a55ec61e124nn2","use_coupon":"N","sign_type":"MD5","sign":"da84be465b773df7ff8a91c9ce7ee890"}
[2017-10-02 14:41:23][info] 数据存储反馈成功！
[2017-10-02 14:41:23][info] success
[2017-10-02 14:41:23][info] 写入结束!!!
[2017-10-02 15:41:16][info] ----------------------------------------
[2017-10-02 15:41:16][info] {"discount":"0.00","payment_type":"1","trade_no":"2017100221001004960218253934","subject":"\u989d\u6d4e\u7eb3\u5168\u666f","buyer_email":"18963973811","gmt_create":"2017-10-02 15:40:05","notify_type":"trade_status_sync","quantity":"1","out_trade_no":"LX-170830094010201-3","seller_id":"2088421286007493","notify_time":"2017-10-02 15:41:16","body":"\u989d\u6d4e\u7eb3\u80e1\u6768\u6797-\u6566\u714c\u5168\u666f-\u5df4\u4e39\u5409\u6797-\u5f20\u6396\u4e39\u971e-\u5609\u5cea\u5173-\u91d1\u5854\u80e1\u6768\u6797-\u52a8\u8f668\u65e5","trade_status":"TRADE_SUCCESS","is_total_fee_adjust":"N","total_fee":"4080.00","gmt_payment":"2017-10-02 15:41:16","seller_email":"2287684289@qq.com","price":"4080.00","buyer_id":"2088802134569961","notify_id":"bde4e52b01d5494af3cf4185562fb4aneq","use_coupon":"N","sign_type":"MD5","sign":"e097b1d093cc01ffc5dd7d36b2aa3e1a"}
[2017-10-02 15:41:16][info] 数据存储反馈成功！
[2017-10-02 15:41:16][info] success
[2017-10-02 15:41:16][info] 写入结束!!!
[2017-10-02 16:07:02][info] ----------------------------------------
[2017-10-02 16:07:02][info] {"discount":"0.00","payment_type":"1","trade_no":"2017070121001004930232547046","subject":"\u7518\u5357\u5168\u666f","buyer_email":"13803345556","gmt_create":"2017-07-01 16:05:25","notify_type":"trade_status_sync","quantity":"1","out_trade_no":"LX-17070115251880406-7","seller_id":"2088421286007493","notify_time":"2017-10-02 16:07:02","body":"2017\u5e74\u72ec\u5bb6  \u62c9\u535c\u695e\u5bfa-\u624e\u5c15\u90a3-\u82b1\u6e56-\u5e74\u5b9d\u7389\u5219-\u82e5\u5c14\u76d6\u8349\u539f-\u963f\u4e07\u4ed3\u6e7f\u5730-\u5c15\u6d77\u6e56-\u90ce\u6728\u5bfa 8\u65e5\u6e38","trade_status":"TRADE_FINISHED","is_total_fee_adjust":"N","total_fee":"3280.00","gmt_payment":"2017-07-01 16:06:03","seller_email":"2287684289@qq.com","gmt_close":"2017-10-02 16:07:02","price":"3280.00","buyer_id":"2088602332367932","notify_id":"b00109f5d7aefabe88016c8c8eb10bbn6e","use_coupon":"N","sign_type":"MD5","sign":"ebda5ca85c2a682f49de7aedf730085c"}
[2017-10-02 16:07:02][info] 数据存储反馈成功！
[2017-10-02 16:07:02][info] success
[2017-10-02 16:07:02][info] 写入结束!!!
[2017-10-02 17:22:51][info] ----------------------------------------
[2017-10-02 17:22:51][info] {"discount":"0.00","payment_type":"1","trade_no":"2017100221001004730235351004","subject":"\u989d\u6d4e\u7eb3\u4f11\u95f2\u6e38","buyer_email":"shundelong@hotmail.com","gmt_create":"2017-10-02 17:22:34","notify_type":"trade_status_sync","quantity":"1","out_trade_no":"LX-17081020124895706-0","seller_id":"2088421286007493","notify_time":"2017-10-02 17:22:51","body":"\u989d\u6d4e\u7eb3\u65d7\u80e1\u6768\u6797-\u5609\u5cea\u5173-\u9ed1\u6c34\u57ce-\u602a\u6811\u6797-\u5df4\u4e39\u5409\u6797\u6c99\u6f20-\u5f20\u6396\u4e39\u971e","trade_status":"TRADE_SUCCESS","is_total_fee_adjust":"N","total_fee":"1300.00","gmt_payment":"2017-10-02 17:22:50","seller_email":"2287684289@qq.com","price":"1300.00","buyer_id":"2088102974315738","notify_id":"2e31a74f9167d8e03bcb970f0e7c60elmu","use_coupon":"N","sign_type":"MD5","sign":"7b6718ceefd37dd4171af2df1db60451"}
[2017-10-02 17:22:51][info] 数据存储反馈成功！
[2017-10-02 17:22:51][info] success
[2017-10-02 17:22:51][info] 写入结束!!!
[2017-10-02 17:44:54][info] ----------------------------------------
[2017-10-02 17:44:54][info] {"discount":"0.00","payment_type":"1","trade_no":"2017100221001004930210567778","subject":"\u989d\u6d4e\u7eb3\u6444\u5f71B\u7ebf","buyer_email":"13032859627","gmt_create":"2017-10-02 17:44:21","notify_type":"trade_status_sync","quantity":"1","out_trade_no":"LX-17083115571855001-9","seller_id":"2088421286007493","notify_time":"2017-10-02 17:44:54","body":"\u989d\u6d4e\u7eb3\u80e1\u6768\u6797-\u5df4\u4e39\u5409\u6797\u8179\u5730-\u91d1\u5854\u80e1\u6768\u6797-\u602a\u6811\u6797-\u516b\u65e5","trade_status":"TRADE_SUCCESS","is_total_fee_adjust":"N","total_fee":"4880.00","gmt_payment":"2017-10-02 17:44:53","seller_email":"2287684289@qq.com","price":"4880.00","buyer_id":"2088502586081933","notify_id":"667c2c99a41613ee4f7dd0edd8d15c2n6e","use_coupon":"N","sign_type":"MD5","sign":"c15195fa0f66b20017d16fb04f0b0eb0"}
[2017-10-02 17:44:54][info] 数据存储反馈成功！
[2017-10-02 17:44:54][info] success
[2017-10-02 17:44:54][info] 写入结束!!!
[2017-10-02 20:56:13][info] ----------------------------------------
[2017-10-02 20:56:13][info] {"discount":"0.00","payment_type":"1","trade_no":"2017070121001004390292561913","subject":"\u8349\u539f\u7267\u6b4cB\u7ebf","buyer_email":"danglg@hanslaser.com","gmt_create":"2017-07-01 20:55:43","notify_type":"trade_status_sync","quantity":"1","out_trade_no":"LX-17062922403518806-1","seller_id":"2088421286007493","notify_time":"2017-10-02 20:56:13","body":"\u8d8a\u91ce\u8f66\u7eb5\u6a2a\u6d77\u62c9\u5c14-\u91d1\u5e10\u6c57\u8499\u53e4\u90e8\u843d-\u83ab\u5c14\u9053\u560e-\u592a\u5e73\u6751-\u5ba4\u97e6-\u4e2d\u4fc4\u8fb9\u5883\u7ebf-\u767d\u6866\u6797-\u9ed1\u5c71\u5934\u9a91\u9a6c\u7a7f\u8d8a-186\u5f69\u5e26\u6cb3-\u72fc\u5c9b-\u6ee1\u6d32\u91cc7\u65e5\u6e38","trade_status":"TRADE_FINISHED","is_total_fee_adjust":"N","total_fee":"4790.00","gmt_payment":"2017-07-01 20:55:53","seller_email":"2287684289@qq.com","gmt_close":"2017-10-02 20:56:12","price":"4790.00","buyer_id":"2088402943699396","notify_id":"490b3b57a732b15373e6bb7412996b9j0e","use_coupon":"N","sign_type":"MD5","sign":"c6fc8ff86b5c4e7786d857491b5fcd8f"}
[2017-10-02 20:56:13][info] 数据存储反馈成功！
[2017-10-02 20:56:13][info] success
[2017-10-02 20:56:13][info] 写入结束!!!
[2017-10-02 21:12:03][info] ----------------------------------------
[2017-10-02 21:12:03][info] {"discount":"0.00","payment_type":"1","trade_no":"2017070121001004110249474871","subject":"\u7518\u5357\u5168\u666f","buyer_email":"wlq6778@sina.com","gmt_create":"2017-07-01 21:06:15","notify_type":"trade_status_sync","quantity":"1","out_trade_no":"LX-17060408530055706-2","seller_id":"2088421286007493","notify_time":"2017-10-02 21:12:03","body":"2017\u5e74\u72ec\u5bb6  \u62c9\u535c\u695e\u5bfa-\u624e\u5c15\u90a3-\u82b1\u6e56-\u5e74\u5b9d\u7389\u5219-\u82e5\u5c14\u76d6\u8349\u539f-\u963f\u4e07\u4ed3\u6e7f\u5730-\u5c15\u6d77\u6e56-\u90ce\u6728\u5bfa 8\u65e5\u6e38","trade_status":"TRADE_FINISHED","is_total_fee_adjust":"N","total_fee":"9600.00","gmt_payment":"2017-07-01 21:11:37","seller_email":"2287684289@qq.com","gmt_close":"2017-10-02 21:12:03","price":"9600.00","buyer_id":"2088222927746119","notify_id":"d407bc4b96694b3e4c93bafe05d4276gum","use_coupon":"N","sign_type":"MD5","sign":"65b39852cd857e28c421e6a41aa00673"}
[2017-10-02 21:12:03][info] 数据存储反馈成功！
[2017-10-02 21:12:03][info] success
[2017-10-02 21:12:03][info] 写入结束!!!
