[2017-08-13 12:43:53][info] ----------------------------------------
[2017-08-13 12:43:53][info] {"discount":"0.00","payment_type":"1","trade_no":"2017081321001004260293989834","subject":"\u7518\u5357\u5168\u666f","buyer_email":"zycissus@163.com","gmt_create":"2017-08-13 12:43:32","notify_type":"trade_status_sync","quantity":"1","out_trade_no":"LX-17080723310498506-0","seller_id":"2088421286007493","notify_time":"2017-08-13 12:43:53","body":"2017\u5e74\u72ec\u5bb6  \u62c9\u535c\u695e\u5bfa-\u624e\u5c15\u90a3-\u82b1\u6e56-\u5e74\u5b9d\u7389\u5219-\u82e5\u5c14\u76d6\u8349\u539f-\u963f\u4e07\u4ed3\u6e7f\u5730-\u5c15\u6d77\u6e56-\u90ce\u6728\u5bfa 8\u65e5\u6e38","trade_status":"TRADE_SUCCESS","is_total_fee_adjust":"N","total_fee":"4920.00","gmt_payment":"2017-08-13 12:43:52","seller_email":"2287684289@qq.com","price":"4920.00","buyer_id":"2088202670723261","notify_id":"ea299f081a820195691531937ad73bbi0a","use_coupon":"N","sign_type":"MD5","sign":"dacf81dcf7bb088bfd5f7a2e652dd72d"}
[2017-08-13 12:43:53][info] 数据存储反馈成功！
[2017-08-13 12:43:53][info] success
[2017-08-13 12:43:53][info] 写入结束!!!
[2017-08-13 13:19:03][info] ----------------------------------------
[2017-08-13 13:19:03][info] {"discount":"0.00","payment_type":"1","trade_no":"2017051221001004330282153126","subject":"\u7518\u5357\u5168\u666f","buyer_email":"13805185588","gmt_create":"2017-05-12 13:17:11","notify_type":"trade_status_sync","quantity":"1","out_trade_no":"LX-17051211462396206-6","seller_id":"2088421286007493","notify_time":"2017-08-13 13:19:03","body":"2017\u5e74\u72ec\u5bb6  \u516b\u89d2\u57ce-\u624e\u5c15\u90a3-\u82b1\u6e56-\u5e74\u5b9d\u7389\u5219-\u82e5\u5c14\u76d6\u8349\u539f-\u963f\u4e07\u4ed3\u6e7f\u5730-\u90ce\u6728\u5bfa 8\u65e5\u6e38","trade_status":"TRADE_FINISHED","is_total_fee_adjust":"N","total_fee":"8640.00","gmt_payment":"2017-05-12 13:18:47","seller_email":"2287684289@qq.com","gmt_close":"2017-08-13 13:19:03","price":"8640.00","buyer_id":"2088602099512330","notify_id":"4f10ce4d60645dacc35ffb03e482c55ijq","use_coupon":"N","sign_type":"MD5","sign":"2ca807531522eb807901c23fa75f15a6"}
[2017-08-13 13:19:03][info] 数据存储反馈成功！
[2017-08-13 13:19:03][info] success
[2017-08-13 13:19:03][info] 写入结束!!!
[2017-08-13 14:24:07][info] ----------------------------------------
[2017-08-13 14:24:07][info] {"discount":"0.00","payment_type":"1","trade_no":"2017051221001004170218738597","subject":"\u4e1d\u7ef8\u4e4b\u8def\u7ecf\u5178\u6e38\u516b\u65e5","buyer_email":"13821278091","gmt_create":"2017-05-12 14:23:35","notify_type":"trade_status_sync","quantity":"1","out_trade_no":"LX-17051214064970206-b","seller_id":"2088421286007493","notify_time":"2017-08-13 14:24:07","body":"\u6c99\u5c9b-\u9752\u6d77\u6e56-\u8336\u5361\u76d0\u6e56-\u5353\u5c14\u5c71-\u5f20\u6396\u4e39\u971e-\u5609\u5cea\u5173-\u6566\u714c8\u65e5\u6e38","trade_status":"TRADE_FINISHED","is_total_fee_adjust":"N","total_fee":"9940.00","gmt_payment":"2017-05-12 14:23:55","seller_email":"2287684289@qq.com","gmt_close":"2017-08-13 14:24:07","price":"9940.00","buyer_id":"2088512704429174","notify_id":"b8aade9caebd3e8023e0944b8cf117ehba","use_coupon":"N","sign_type":"MD5","sign":"c3f0d797f97c6d78aacc854db9ea257a"}
[2017-08-13 14:24:07][info] 数据存储反馈成功！
[2017-08-13 14:24:07][info] success
[2017-08-13 14:24:07][info] 写入结束!!!
[2017-08-13 14:59:44][info] ----------------------------------------
[2017-08-13 14:59:44][info] {"discount":"0.00","payment_type":"1","trade_no":"2017081321001004570209521397","subject":"\u5317\u7586\u91d1\u79cb\u81f3\u5c0a10\u65e5\u6e38","buyer_email":"1026737526@qq.com","gmt_create":"2017-08-13 14:59:34","notify_type":"trade_status_sync","quantity":"1","out_trade_no":"LX-17081312005191206-f","seller_id":"2088421286007493","notify_time":"2017-08-13 14:59:44","body":"38\u5c0f\u65f6\u79be\u6728-\u5580\u7eb3\u65af-\u767d\u54c8\u5df4-\u53ef\u53ef\u82cf\u91cc\u6e56-\u53ef\u53ef\u6258\u6d77-\u4e94\u5f69\u6ee9-\u9b54\u9b3c\u57ce10\u65e5\u5927\u73af\u7ebf","trade_status":"TRADE_SUCCESS","is_total_fee_adjust":"N","total_fee":"4780.00","gmt_payment":"2017-08-13 14:59:44","seller_email":"2287684289@qq.com","price":"4780.00","buyer_id":"2088602250250574","notify_id":"5d80796e2a922dae198ae889a5c5734kee","use_coupon":"N","sign_type":"MD5","sign":"20fec11c53a9cfc173fff9c1031d4721"}
[2017-08-13 14:59:44][info] 数据存储反馈成功！
[2017-08-13 14:59:44][info] success
[2017-08-13 14:59:44][info] 写入结束!!!
[2017-08-13 17:15:02][info] ----------------------------------------
[2017-08-13 17:15:02][info] {"discount":"0.00","payment_type":"1","trade_no":"2017081321001004330253434432","subject":"\u5317\u7586\u91d1\u79cb\u7ecf\u5178\u73af\u7ebf","buyer_email":"532496166@qq.com","gmt_create":"2017-08-13 17:14:53","notify_type":"trade_status_sync","quantity":"1","out_trade_no":"LX-17081316305763506-4","seller_id":"2088421286007493","notify_time":"2017-08-13 17:15:02","body":"\u5580\u7eb3\u65af-\u767d\u54c8\u5df4-\u79be\u6728-\u4e94\u5f69\u6ee9-\u9b54\u9b3c\u57ce-\u53ef\u53ef\u6258\u6d77 9\u65e5\u6df1\u5ea6\u6e38","trade_status":"TRADE_SUCCESS","is_total_fee_adjust":"N","total_fee":"4280.00","gmt_payment":"2017-08-13 17:15:02","seller_email":"2287684289@qq.com","price":"4280.00","buyer_id":"2088402139190337","notify_id":"69b7a93659616d453a088ea1c50f430ijq","use_coupon":"N","sign_type":"MD5","sign":"4ab2a5cb9246e41f040bed2d809501d5"}
[2017-08-13 17:15:02][info] 数据存储反馈成功！
[2017-08-13 17:15:02][info] success
[2017-08-13 17:15:02][info] 写入结束!!!
[2017-08-13 18:55:56][info] ----------------------------------------
[2017-08-13 18:55:56][info] {"discount":"0.00","payment_type":"1","trade_no":"2017051221001004230297028823","subject":"\u7518\u5357\u5168\u666f","buyer_email":"lee_0601@sohu.com","gmt_create":"2017-05-12 18:55:11","notify_type":"trade_status_sync","quantity":"1","out_trade_no":"LX-17051212234880106-0","seller_id":"2088421286007493","notify_time":"2017-08-13 18:55:55","body":"2017\u5e74\u72ec\u5bb6  \u516b\u89d2\u57ce-\u624e\u5c15\u90a3-\u82b1\u6e56-\u5e74\u5b9d\u7389\u5219-\u82e5\u5c14\u76d6\u8349\u539f-\u963f\u4e07\u4ed3\u6e7f\u5730-\u90ce\u6728\u5bfa 8\u65e5\u6e38","trade_status":"TRADE_FINISHED","is_total_fee_adjust":"N","total_fee":"5760.00","gmt_payment":"2017-05-12 18:55:49","seller_email":"2287684289@qq.com","gmt_close":"2017-08-13 18:55:55","price":"5760.00","buyer_id":"2088002064194235","notify_id":"cc458dfcd8d2ce6f3fb1d88dff86affhry","use_coupon":"N","sign_type":"MD5","sign":"07ead357c1a69e0972c990f4f45a742e"}
[2017-08-13 18:55:56][info] 数据存储反馈成功！
[2017-08-13 18:55:56][info] success
[2017-08-13 18:55:56][info] 写入结束!!!
[2017-08-13 20:44:22][info] ----------------------------------------
[2017-08-13 20:44:22][info] {"discount":"0.00","payment_type":"1","trade_no":"2017081321001004540207623028","subject":"\u7518\u5357\u5168\u666f","buyer_email":"roesmond@hotmail.com","gmt_create":"2017-08-13 20:44:14","notify_type":"trade_status_sync","quantity":"1","out_trade_no":"LX-17081215342797906-f","seller_id":"2088421286007493","notify_time":"2017-08-13 20:44:22","body":"2017\u5e74\u72ec\u5bb6  \u62c9\u535c\u695e\u5bfa-\u624e\u5c15\u90a3-\u82b1\u6e56-\u5e74\u5b9d\u7389\u5219-\u82e5\u5c14\u76d6\u8349\u539f-\u963f\u4e07\u4ed3\u6e7f\u5730-\u5c15\u6d77\u6e56-\u90ce\u6728\u5bfa 8\u65e5\u6e38","trade_status":"TRADE_SUCCESS","is_total_fee_adjust":"N","total_fee":"6760.00","gmt_payment":"2017-08-13 20:44:21","seller_email":"2287684289@qq.com","price":"6760.00","buyer_id":"2088202421820544","notify_id":"1d03f1504a5e624adc8793d9dbf3bbek62","use_coupon":"N","sign_type":"MD5","sign":"0c899526c72bb78b813ec192bfac01f3"}
[2017-08-13 20:44:22][info] 数据存储反馈成功！
[2017-08-13 20:44:22][info] success
[2017-08-13 20:44:22][info] 写入结束!!!
