[2017-09-08 05:52:30][info] ----------------------------------------
[2017-09-08 05:52:30][info] {"discount":"0.00","payment_type":"1","trade_no":"2017090821001004400251821138","subject":"\u5317\u7586\u91d1\u79cb\u81f3\u5c0a10\u65e5\u6e38","buyer_email":"13985298885","gmt_create":"2017-09-08 05:52:23","notify_type":"trade_status_sync","quantity":"1","out_trade_no":"LX-17090122431191806-0","seller_id":"2088421286007493","notify_time":"2017-09-08 05:52:30","body":"38\u5c0f\u65f6\u79be\u6728-\u5580\u7eb3\u65af-\u767d\u54c8\u5df4-\u53ef\u53ef\u82cf\u91cc\u6e56-\u53ef\u53ef\u6258\u6d77-\u4e94\u5f69\u6ee9-\u9b54\u9b3c\u57ce10\u65e5\u5927\u73af\u7ebf","trade_status":"TRADE_SUCCESS","is_total_fee_adjust":"N","total_fee":"5230.00","gmt_payment":"2017-09-08 05:52:29","seller_email":"2287684289@qq.com","price":"5230.00","buyer_id":"2088802431536400","notify_id":"0025b1eef9c352ec951040f7a5d5e94j36","use_coupon":"N","sign_type":"MD5","sign":"f5a4188831f851ee33ccb7550f58184b"}
[2017-09-08 05:52:30][info] 数据存储反馈成功！
[2017-09-08 05:52:30][info] success
[2017-09-08 05:52:30][info] 写入结束!!!
[2017-09-08 09:54:44][info] ----------------------------------------
[2017-09-08 09:54:44][info] {"discount":"0.00","payment_type":"1","trade_no":"2017090821001004860271538266","subject":"\u989d\u6d4e\u7eb3\u6444\u5f71A","buyer_email":"julyrhea@126.com","gmt_create":"2017-09-08 09:53:13","notify_type":"trade_status_sync","quantity":"1","out_trade_no":"LX-17090809421745301-a","seller_id":"2088421286007493","notify_time":"2017-09-08 09:54:44","body":"\u4ed9\u7c73\u5f69\u6797-\u989d\u6d4e\u7eb3\u80e1\u6768\u6797-\u5f20\u6396\u4e39\u971e-\u91d1\u5854\u80e1\u6768\u6797-\u9ed1\u6c34\u57ce-\u5c45\u5ef6\u6d77-\u5609\u5cea\u5173\u52a8\u8f66\u8fd4\u7a0b7\u65e5\u6e38","trade_status":"TRADE_SUCCESS","is_total_fee_adjust":"N","total_fee":"1990.00","gmt_payment":"2017-09-08 09:54:44","seller_email":"2287684289@qq.com","price":"1990.00","buyer_id":"2088002042633864","notify_id":"0542ec0c8e5030e503dc03ea51de287mmy","use_coupon":"N","sign_type":"MD5","sign":"cac37947d12b2f5ddb4733a2e644e7ff"}
[2017-09-08 09:54:44][info] 数据存储反馈成功！
[2017-09-08 09:54:44][info] success
[2017-09-08 09:54:44][info] 写入结束!!!
[2017-09-08 09:59:19][info] ----------------------------------------
[2017-09-08 09:59:19][info] {"discount":"0.00","payment_type":"1","trade_no":"2017090821001004530247868798","subject":"\u5317\u7586\u91d1\u79cb\u81f3\u5c0a10\u65e5\u6e38","buyer_email":"13987302966","gmt_create":"2017-09-08 09:57:56","notify_type":"trade_status_sync","quantity":"1","out_trade_no":"LX-17090809064954706-5","seller_id":"2088421286007493","notify_time":"2017-09-08 09:59:18","body":"38\u5c0f\u65f6\u79be\u6728-\u5580\u7eb3\u65af-\u767d\u54c8\u5df4-\u53ef\u53ef\u82cf\u91cc\u6e56-\u53ef\u53ef\u6258\u6d77-\u4e94\u5f69\u6ee9-\u9b54\u9b3c\u57ce10\u65e5\u5927\u73af\u7ebf","trade_status":"TRADE_SUCCESS","is_total_fee_adjust":"N","total_fee":"5580.00","gmt_payment":"2017-09-08 09:59:18","seller_email":"2287684289@qq.com","price":"5580.00","buyer_id":"2088102598856538","notify_id":"10386edf3f8421d59128c8105b557b2k3a","use_coupon":"N","sign_type":"MD5","sign":"4b547ed9ce36133666678301f6a00cb0"}
[2017-09-08 09:59:19][info] 数据存储反馈成功！
[2017-09-08 09:59:19][info] success
[2017-09-08 09:59:19][info] 写入结束!!!
[2017-09-08 10:08:17][info] ----------------------------------------
[2017-09-08 10:08:17][info] {"discount":"0.00","payment_type":"1","trade_no":"2017090821001004610212580040","subject":"\u8d35\u5dde\u5168\u666f\u6e38","buyer_email":"13502736813","gmt_create":"2017-09-08 10:08:00","notify_type":"trade_status_sync","quantity":"1","out_trade_no":"LX-17081813063661706-7","seller_id":"2088421286007493","notify_time":"2017-09-08 10:08:16","body":"\u897f\u6c5f\u5343\u6237\u82d7\u5be8-\u8354\u6ce2-\u9ed4\u4e1c\u5357-\u9547\u8fdc-\u9ec4\u679c\u6811-\u79d8\u5883\u8302\u5170\u6df1\u5ea6\u7eaf\u73a9\u4e5d\u65e5\u6e38","trade_status":"TRADE_SUCCESS","is_total_fee_adjust":"N","total_fee":"7560.00","gmt_payment":"2017-09-08 10:08:16","seller_email":"2287684289@qq.com","price":"7560.00","buyer_id":"2088702535039619","notify_id":"ff94ca26cc7f47e8fbc33889b5d135bkpi","use_coupon":"N","sign_type":"MD5","sign":"bb2228b339d26cfde1602424f75c205f"}
[2017-09-08 10:08:17][info] 数据存储反馈成功！
[2017-09-08 10:08:17][info] success
[2017-09-08 10:08:17][info] 写入结束!!!
[2017-09-08 10:45:20][info] ----------------------------------------
[2017-09-08 10:45:20][info] {"discount":"0.00","payment_type":"1","trade_no":"2017090821001004440226670003","subject":"\u5317\u7586\u91d1\u79cb\u7ecf\u5178\u73af\u7ebf","buyer_email":"13503301666","gmt_create":"2017-09-08 10:44:58","notify_type":"trade_status_sync","quantity":"1","out_trade_no":"LX-17090810111483506-9","seller_id":"2088421286007493","notify_time":"2017-09-08 10:45:20","body":"\u5580\u7eb3\u65af-\u767d\u54c8\u5df4-\u79be\u6728-\u4e94\u5f69\u6ee9-\u9b54\u9b3c\u57ce-\u53ef\u53ef\u6258\u6d77 9\u65e5\u6df1\u5ea6\u6e38","trade_status":"TRADE_SUCCESS","is_total_fee_adjust":"N","total_fee":"15340.00","gmt_payment":"2017-09-08 10:45:19","seller_email":"2287684289@qq.com","price":"15340.00","buyer_id":"2088902111801441","notify_id":"995a2428dd842ffc3860e7554b71154jea","use_coupon":"N","sign_type":"MD5","sign":"1300654f6859ed446b4fad13c5512b83"}
[2017-09-08 10:45:20][info] 数据存储反馈成功！
[2017-09-08 10:45:20][info] success
[2017-09-08 10:45:20][info] 写入结束!!!
[2017-09-08 11:51:35][info] ----------------------------------------
[2017-09-08 11:51:35][info] {"discount":"0.00","payment_type":"1","trade_no":"2017090821001004360226382242","subject":"\u5317\u7586\u5dc5\u5cf0","buyer_email":"vera1225@126.com","gmt_create":"2017-09-08 11:51:17","notify_type":"trade_status_sync","quantity":"1","out_trade_no":"LX-17081713112830706-7","seller_id":"2088421286007493","notify_time":"2017-09-08 11:51:35","body":"\u79be\u672848\u5c0f\u65f6-\u5580\u7eb3\u65af-\u767d\u54c8\u5df4-\u4e94\u5f69\u6ee9-\u53cc\u53676\u65e5\u6e38","trade_status":"TRADE_SUCCESS","is_total_fee_adjust":"N","total_fee":"3880.00","gmt_payment":"2017-09-08 11:51:35","seller_email":"2287684289@qq.com","price":"3880.00","buyer_id":"2088002362300361","notify_id":"763d74134431c6a34b33bb345cd42bfis2","use_coupon":"N","sign_type":"MD5","sign":"b6cc8bc04461e003c91ded7fd5570169"}
[2017-09-08 11:51:36][info] 数据存储反馈成功！
[2017-09-08 11:51:36][info] success
[2017-09-08 11:51:36][info] 写入结束!!!
[2017-09-08 13:26:00][info] ----------------------------------------
[2017-09-08 13:26:00][info] {"discount":"0.00","payment_type":"1","trade_no":"2017060721001004680256661781","subject":"\u5fc3\u82b1\u8def\u653e","buyer_email":"leeny81@163.com","gmt_create":"2017-06-07 13:24:50","notify_type":"trade_status_sync","quantity":"1","out_trade_no":"LX-17060713141719201-e","seller_id":"2088421286007493","notify_time":"2017-09-08 13:26:00","body":"\u5927\u7406\u53cc\u5eca\u3001\u6c99\u6eaa\u53e4\u9547\u3001\u4e3d\u6c5f\u53e4\u57ce\u3001\u9999\u683c\u91cc\u62c9\u3001\u6cf8\u6cbd\u6e567\u65e5\u6ec7\u897f\u5317\u5168\u666f\u6df1\u5ea6\u6e38","trade_status":"TRADE_FINISHED","is_total_fee_adjust":"N","total_fee":"4930.00","gmt_payment":"2017-06-07 13:25:05","seller_email":"2287684289@qq.com","gmt_close":"2017-09-08 13:26:00","price":"4930.00","buyer_id":"2088002025916687","notify_id":"4a225cbfda5b5d44590088e8ada0202l8y","use_coupon":"N","sign_type":"MD5","sign":"f4e0e4de57ff778633b4abd69e15a8e2"}
[2017-09-08 13:26:00][info] 数据存储反馈成功！
[2017-09-08 13:26:00][info] success
[2017-09-08 13:26:00][info] 写入结束!!!
[2017-09-08 14:47:36][info] ----------------------------------------
[2017-09-08 14:47:36][info] {"discount":"0.00","payment_type":"1","trade_no":"2017090821001004750281705540","subject":"\u989d\u6d4e\u7eb3\u6444\u5f71A","buyer_email":"shf0701@sina.com","gmt_create":"2017-09-08 14:47:23","notify_type":"trade_status_sync","quantity":"1","out_trade_no":"LX-17090806593415006-c","seller_id":"2088421286007493","notify_time":"2017-09-08 14:47:36","body":"\u4ed9\u7c73\u5f69\u6797-\u989d\u6d4e\u7eb3\u80e1\u6768\u6797-\u5f20\u6396\u4e39\u971e-\u91d1\u5854\u80e1\u6768\u6797-\u9ed1\u6c34\u57ce-\u5c45\u5ef6\u6d77-\u5609\u5cea\u5173\u52a8\u8f66\u8fd4\u7a0b7\u65e5\u6e38","trade_status":"TRADE_SUCCESS","is_total_fee_adjust":"N","total_fee":"3823.00","gmt_payment":"2017-09-08 14:47:36","seller_email":"2287684289@qq.com","price":"3823.00","buyer_id":"2088002670697751","notify_id":"037762539d22522db18b2d9c9175acalse","use_coupon":"N","sign_type":"MD5","sign":"b021d73f3ff19dd8994e32a2f41d5a58"}
[2017-09-08 14:47:36][info] 数据存储反馈成功！
[2017-09-08 14:47:36][info] success
[2017-09-08 14:47:36][info] 写入结束!!!
[2017-09-08 15:07:42][info] ----------------------------------------
[2017-09-08 15:07:42][info] {"discount":"0.00","payment_type":"1","trade_no":"2017090821001004630208488416","subject":"\u989d\u6d4e\u7eb3\u6700\u7f8e\u9ad8\u94c1\u56e2","buyer_email":"1477426634@qq.com","gmt_create":"2017-09-08 15:01:34","notify_type":"trade_status_sync","quantity":"1","out_trade_no":"LX-17090611100544806-a","seller_id":"2088421286007493","notify_time":"2017-09-08 15:07:42","body":"2017\u989d\u6d4e\u7eb3\u65d7\u80e1\u6768\u6797\u516d\u65e5\u6e38-\u9886\u8896\u6237\u5916\u72ec\u5bb6\u9996\u521b","trade_status":"TRADE_SUCCESS","is_total_fee_adjust":"N","total_fee":"10740.00","gmt_payment":"2017-09-08 15:07:42","seller_email":"2287684289@qq.com","price":"10740.00","buyer_id":"2088512883924633","notify_id":"47792cfc9c55093aa371b415072d0edkv2","use_coupon":"N","sign_type":"MD5","sign":"02f275da0bd25258829da49a52f6e9f0"}
[2017-09-08 15:07:42][info] 数据存储反馈成功！
[2017-09-08 15:07:42][info] success
[2017-09-08 15:07:42][info] 写入结束!!!
[2017-09-08 15:09:08][info] ----------------------------------------
[2017-09-08 15:09:08][info] {"discount":"0.00","payment_type":"1","trade_no":"2017090821001004920237371858","subject":"\u989d\u6d4e\u7eb3\u5168\u666f","buyer_email":"lxai666@163.com","gmt_create":"2017-09-08 15:08:16","notify_type":"trade_status_sync","quantity":"1","out_trade_no":"LX-17090814380989306-0","seller_id":"2088421286007493","notify_time":"2017-09-08 15:09:07","body":"\u989d\u6d4e\u7eb3\u80e1\u6768\u6797-\u6566\u714c\u5168\u666f-\u5df4\u4e39\u5409\u6797-\u5f20\u6396\u4e39\u971e-\u5609\u5cea\u5173-\u91d1\u5854\u80e1\u6768\u6797-\u52a8\u8f668\u65e5","trade_status":"TRADE_SUCCESS","is_total_fee_adjust":"N","total_fee":"4122.00","gmt_payment":"2017-09-08 15:09:07","seller_email":"2287684289@qq.com","price":"4122.00","buyer_id":"2088002551947920","notify_id":"6c414bb69218ab4f0cd2d06c15cfd33n3m","use_coupon":"N","sign_type":"MD5","sign":"8a1ed0a8bb59ce47412ba1e7a8203b18"}
[2017-09-08 15:09:08][info] 数据存储反馈成功！
[2017-09-08 15:09:08][info] success
[2017-09-08 15:09:08][info] 写入结束!!!
[2017-09-08 15:33:01][info] ----------------------------------------
[2017-09-08 15:33:01][info] {"discount":"0.00","payment_type":"1","trade_no":"2017090821001004910280960123","subject":"\u4e91\u5357\u79d8\u5883","buyer_email":"624361160@qq.com","gmt_create":"2017-09-08 15:32:27","notify_type":"trade_status_sync","quantity":"1","out_trade_no":"LX-17090709404516506-7","seller_id":"2088421286007493","notify_time":"2017-09-08 15:33:01","body":"\u63a2\u79d8\u6012\u6c5f-\u72ec\u9f99\u6c5f\u5927\u5ce1\u8c37-\u4e16\u5916\u6843\u6e90\u4e19\u4e2d\u6d1b-\u5bfb\u627e\u4e0e\u4e16\u9694\u7edd\u7684\u7eb9\u9762\u59739\u65e5\u6df1\u5ea6\u6e38","trade_status":"TRADE_SUCCESS","is_total_fee_adjust":"N","total_fee":"1940.00","gmt_payment":"2017-09-08 15:33:00","seller_email":"2287684289@qq.com","price":"1940.00","buyer_id":"2088702887182913","notify_id":"5e528e42d2f12ea9bccf23af51889b9n0u","use_coupon":"N","sign_type":"MD5","sign":"0395d8afa455792b40090d9d9d884b07"}
[2017-09-08 15:33:01][info] 数据存储反馈成功！
[2017-09-08 15:33:01][info] success
[2017-09-08 15:33:01][info] 写入结束!!!
[2017-09-08 16:43:20][info] ----------------------------------------
[2017-09-08 16:43:20][info] {"discount":"0.00","payment_type":"1","trade_no":"2017090821001004110298894910","subject":"\u5317\u7586\u91d1\u79cb\u81f3\u5c0a10\u65e5\u6e38","buyer_email":"wumeifeiduo190@sina.com","gmt_create":"2017-09-08 16:43:09","notify_type":"trade_status_sync","quantity":"1","out_trade_no":"LX-17071222220299701-3","seller_id":"2088421286007493","notify_time":"2017-09-08 16:43:20","body":"38\u5c0f\u65f6\u79be\u6728-\u5580\u7eb3\u65af-\u767d\u54c8\u5df4-\u53ef\u53ef\u82cf\u91cc\u6e56-\u53ef\u53ef\u6258\u6d77-\u4e94\u5f69\u6ee9-\u9b54\u9b3c\u57ce10\u65e5\u5927\u73af\u7ebf","trade_status":"TRADE_SUCCESS","is_total_fee_adjust":"N","total_fee":"2360.00","gmt_payment":"2017-09-08 16:43:19","seller_email":"2287684289@qq.com","price":"2360.00","buyer_id":"2088302151726115","notify_id":"9e416fca33ad4abb3ad791a28392b2fgum","use_coupon":"N","sign_type":"MD5","sign":"9c922eb777bf7fe60cbd6b7882e53921"}
[2017-09-08 16:43:20][info] 数据存储反馈成功！
[2017-09-08 16:43:20][info] success
[2017-09-08 16:43:20][info] 写入结束!!!
[2017-09-08 17:15:32][info] ----------------------------------------
[2017-09-08 17:15:32][info] {"discount":"0.00","payment_type":"1","trade_no":"2017090821001004110298946831","subject":"\u5317\u7586\u91d1\u79cb\u81f3\u5c0a10\u65e5\u6e38","buyer_email":"wumeifeiduo190@sina.com","gmt_create":"2017-09-08 17:15:24","notify_type":"trade_status_sync","quantity":"1","out_trade_no":"LX-17071216333716201-1","seller_id":"2088421286007493","notify_time":"2017-09-08 17:15:32","body":"38\u5c0f\u65f6\u79be\u6728-\u5580\u7eb3\u65af-\u767d\u54c8\u5df4-\u53ef\u53ef\u82cf\u91cc\u6e56-\u53ef\u53ef\u6258\u6d77-\u4e94\u5f69\u6ee9-\u9b54\u9b3c\u57ce10\u65e5\u5927\u73af\u7ebf","trade_status":"TRADE_SUCCESS","is_total_fee_adjust":"N","total_fee":"6790.00","gmt_payment":"2017-09-08 17:15:31","seller_email":"2287684289@qq.com","price":"6790.00","buyer_id":"2088302151726115","notify_id":"2f0d024878e7146c6dba1545257cb4dgum","use_coupon":"N","sign_type":"MD5","sign":"f1396136b46675f2f1bf00fc8ffaa657"}
[2017-09-08 17:15:32][info] 数据存储反馈成功！
[2017-09-08 17:15:32][info] success
[2017-09-08 17:15:32][info] 写入结束!!!
[2017-09-08 17:20:00][info] ----------------------------------------
[2017-09-08 17:20:00][info] {"discount":"0.00","payment_type":"1","trade_no":"2017060721001004680257139220","subject":"\u65b0\u7586\u7cbe\u534e","buyer_email":"13809667361","gmt_create":"2017-06-07 17:18:27","notify_type":"trade_status_sync","quantity":"1","out_trade_no":"LX-17042322381990106-2","seller_id":"2088421286007493","notify_time":"2017-09-08 17:19:59","body":"\u5929\u5c71\u5929\u6c60-\u5580\u7eb3\u65af-\u79be\u6728-\u4e94\u5f69\u6ee9-\u8d5b\u91cc\u6728\u6e56-\u85b0\u8863\u8349\u5e84\u56ed-\u90a3\u62c9\u63d0-\u5df4\u97f3\u5e03\u9c81\u514b-\u5410\u9c81\u756a11\u65e5\u6e38","trade_status":"TRADE_FINISHED","is_total_fee_adjust":"N","total_fee":"8760.00","gmt_payment":"2017-06-07 17:19:07","seller_email":"2287684289@qq.com","gmt_close":"2017-09-08 17:19:59","price":"8760.00","buyer_id":"2088702005381686","notify_id":"b930d5350f0e0fb461c1364192d56efl8y","use_coupon":"N","sign_type":"MD5","sign":"6dabdcde8f7dbaff607ecacfb9e07d16"}
[2017-09-08 17:20:00][info] 数据存储反馈成功！
[2017-09-08 17:20:00][info] success
[2017-09-08 17:20:00][info] 写入结束!!!
[2017-09-08 17:41:03][info] ----------------------------------------
[2017-09-08 17:41:03][info] {"discount":"0.00","payment_type":"1","trade_no":"2017060721001004300273858202","subject":"\u7518\u5357\u5168\u666f","buyer_email":"18093249967","gmt_create":"2017-06-07 17:40:21","notify_type":"trade_status_sync","quantity":"1","out_trade_no":"LX-17060514163016206-7","seller_id":"2088421286007493","notify_time":"2017-09-08 17:41:02","body":"2017\u5e74\u72ec\u5bb6  \u516b\u89d2\u57ce-\u624e\u5c15\u90a3-\u82b1\u6e56-\u5e74\u5b9d\u7389\u5219-\u82e5\u5c14\u76d6\u8349\u539f-\u963f\u4e07\u4ed3\u6e7f\u5730-\u90ce\u6728\u5bfa 8\u65e5\u6e38","trade_status":"TRADE_FINISHED","is_total_fee_adjust":"N","total_fee":"2880.00","gmt_payment":"2017-06-07 17:40:33","seller_email":"2287684289@qq.com","gmt_close":"2017-09-08 17:41:02","price":"2880.00","buyer_id":"2088802995804302","notify_id":"16d1a43c1e48ad22a489c8bc25ffddcibe","use_coupon":"N","sign_type":"MD5","sign":"92b154d34b9514d41c2deda89d49329e"}
[2017-09-08 17:41:03][info] 数据存储反馈成功！
[2017-09-08 17:41:03][info] success
[2017-09-08 17:41:03][info] 写入结束!!!
[2017-09-08 17:51:59][info] ----------------------------------------
[2017-09-08 17:51:59][info] {"discount":"0.00","payment_type":"1","trade_no":"2017090821001004540257956550","subject":"\u5317\u7586\u91d1\u79cb\u7ecf\u5178\u73af\u7ebf","buyer_email":"gushenbisheng@163.com","gmt_create":"2017-09-08 17:51:48","notify_type":"trade_status_sync","quantity":"1","out_trade_no":"LX-17090815500024001-a","seller_id":"2088421286007493","notify_time":"2017-09-08 17:51:59","body":"\u5580\u7eb3\u65af-\u767d\u54c8\u5df4-\u79be\u6728-\u4e94\u5f69\u6ee9-\u9b54\u9b3c\u57ce-\u53ef\u53ef\u6258\u6d77 9\u65e5\u6df1\u5ea6\u6e38","trade_status":"TRADE_SUCCESS","is_total_fee_adjust":"N","total_fee":"6320.00","gmt_payment":"2017-09-08 17:51:59","seller_email":"2287684289@qq.com","price":"6320.00","buyer_id":"2088002666940540","notify_id":"23202fee53b77975e93fce68c460da8k62","use_coupon":"N","sign_type":"MD5","sign":"d100ac180aff643353f9c77af4297749"}
[2017-09-08 17:52:00][info] 数据存储反馈成功！
[2017-09-08 17:52:00][info] success
[2017-09-08 17:52:00][info] 写入结束!!!
[2017-09-08 18:45:52][info] ----------------------------------------
[2017-09-08 18:45:52][info] {"discount":"0.00","payment_type":"1","trade_no":"2017060721001004810264849688","subject":"\u4e1d\u7ef8\u4e4b\u8def\u7cbe\u534e\u6e38","buyer_email":"512064114@qq.com","gmt_create":"2017-06-07 18:45:07","notify_type":"trade_status_sync","quantity":"1","out_trade_no":"LX-17032713445035306-6","seller_id":"2088421286007493","notify_time":"2017-09-08 18:45:52","body":"2017\u5e74\u9752\u6d77\u6e56-\u8336\u5361\u76d0\u6e56-\u6566\u714c-\u5609\u5cea\u5173-\u5f20\u6396\u4e39\u971e\u4e03\u65e5\u6e38","trade_status":"TRADE_FINISHED","is_total_fee_adjust":"N","total_fee":"6360.00","gmt_payment":"2017-06-07 18:45:18","seller_email":"2287684289@qq.com","gmt_close":"2017-09-08 18:45:52","price":"6360.00","buyer_id":"2088402229160813","notify_id":"ce0b2c86e8aa5c955882339487c35e1m92","use_coupon":"N","sign_type":"MD5","sign":"dd57f3ab5b4c203ec1547dcb06dd9b8e"}
[2017-09-08 18:45:52][info] 数据存储反馈成功！
[2017-09-08 18:45:52][info] success
[2017-09-08 18:45:52][info] 写入结束!!!
[2017-09-08 19:23:50][info] ----------------------------------------
[2017-09-08 19:23:50][info] {"discount":"0.00","payment_type":"1","trade_no":"2017060721001004800286522744","subject":"\u65b0\u7586\u5168\u666f","buyer_email":"527147370@qq.com","gmt_create":"2017-06-07 19:23:09","notify_type":"trade_status_sync","quantity":"1","out_trade_no":"LX-17042911431888306-1","seller_id":"2088421286007493","notify_time":"2017-09-08 19:23:50","body":"\u6c5f\u5e03\u62c9\u514b-\u4e94\u5f69\u6ee9-\u5580\u7eb3\u65af-\u79be\u6728-\u8d5b\u91cc\u6728\u6e56-\u85b0\u8863\u8349\u519c\u573a-\u5580\u62c9\u5cfb-\u90a3\u62c9\u63d0-\u5df4\u97f3\u5e03\u9c81\u514b-\u5410\u9c81\u756a13\u65e5\u6e38","trade_status":"TRADE_FINISHED","is_total_fee_adjust":"N","total_fee":"2590.00","gmt_payment":"2017-06-07 19:23:18","seller_email":"2287684289@qq.com","gmt_close":"2017-09-08 19:23:50","price":"2590.00","buyer_id":"2088502559684804","notify_id":"2b2c34ce2dba955cd0c2ea238136022m6a","use_coupon":"N","sign_type":"MD5","sign":"8c7da7dc598b8327aa3ba11be3d1a6c7"}
[2017-09-08 19:23:50][info] 数据存储反馈成功！
[2017-09-08 19:23:50][info] success
[2017-09-08 19:23:50][info] 写入结束!!!
[2017-09-08 20:12:05][info] ----------------------------------------
[2017-09-08 20:12:05][info] {"discount":"0.00","payment_type":"1","trade_no":"2017060721001004730297402281","subject":"\u65b0\u7586\u5168\u666f","buyer_email":"connie@szu.edu.cn","gmt_create":"2017-06-07 20:10:51","notify_type":"trade_status_sync","quantity":"1","out_trade_no":"LX-1706071956178601-b","seller_id":"2088421286007493","notify_time":"2017-09-08 20:12:05","body":"\u6c5f\u5e03\u62c9\u514b-\u4e94\u5f69\u6ee9-\u5580\u7eb3\u65af-\u79be\u6728-\u8d5b\u91cc\u6728\u6e56-\u85b0\u8863\u8349\u519c\u573a-\u5580\u62c9\u5cfb-\u90a3\u62c9\u63d0-\u5df4\u97f3\u5e03\u9c81\u514b-\u5410\u9c81\u756a13\u65e5\u6e38","trade_status":"TRADE_FINISHED","is_total_fee_adjust":"N","total_fee":"4030.00","gmt_payment":"2017-06-07 20:11:06","seller_email":"2287684289@qq.com","gmt_close":"2017-09-08 20:12:05","price":"4030.00","buyer_id":"2088002359584732","notify_id":"8bb6618af3a5a00056e5ea1b844cdf1lmu","use_coupon":"N","sign_type":"MD5","sign":"2e0e51abbb3a5696f7b22d9a176da2c4"}
[2017-09-08 20:12:05][info] 数据存储反馈成功！
[2017-09-08 20:12:05][info] success
[2017-09-08 20:12:05][info] 写入结束!!!
[2017-09-08 20:33:47][info] ----------------------------------------
[2017-09-08 20:33:47][info] {"discount":"0.00","payment_type":"1","trade_no":"2017090821001004610214041289","subject":"\u5927\u7f8e\u8272\u7a3b","buyer_email":"15306188710","gmt_create":"2017-09-08 20:33:21","notify_type":"trade_status_sync","quantity":"1","out_trade_no":"LX-1709052019063006-6","seller_id":"2088421286007493","notify_time":"2017-09-08 20:33:47","body":"\u8272\u8fbe-\u7a3b\u57ce\u4e9a\u4e01-\u65b0\u90fd\u68659\u65e5\u5927\u73af\u7ebf","trade_status":"TRADE_SUCCESS","is_total_fee_adjust":"N","total_fee":"4280.00","gmt_payment":"2017-09-08 20:33:47","seller_email":"2287684289@qq.com","price":"4280.00","buyer_id":"2088302733486619","notify_id":"d3d7e83f4fd99ab2f4936995a4d4b40kpi","use_coupon":"N","sign_type":"MD5","sign":"5d400f73ffc3bb5d5a6109cbd9b2a907"}
[2017-09-08 20:33:47][info] 数据存储反馈成功！
[2017-09-08 20:33:47][info] success
[2017-09-08 20:33:47][info] 写入结束!!!
[2017-09-08 20:44:08][info] ----------------------------------------
[2017-09-08 20:44:08][info] {"discount":"0.00","payment_type":"1","trade_no":"2017090821001004730273964368","subject":"\u9955\u992e\u8d4f\u79cb","buyer_email":"1392316223@qq.com","gmt_create":"2017-09-08 20:43:00","notify_type":"trade_status_sync","quantity":"1","out_trade_no":"LX-17072213503774806-3","seller_id":"2088421286007493","notify_time":"2017-09-08 20:44:08","body":"\u9752\u6d77\u6e56-\u8336\u5361\u76d0\u6e56-\u83ab\u9ad8\u7a9f-\u9e23\u6c99\u5c71-\u6708\u7259\u6cc9-\u5609\u5cea\u5173-\u989d\u6d4e\u7eb3\u80e1\u6768\u6797-\u5353\u5c14\u5c7110\u65e5\u5927\u73af\u7ebf","trade_status":"TRADE_SUCCESS","is_total_fee_adjust":"N","total_fee":"2890.00","gmt_payment":"2017-09-08 20:44:08","seller_email":"2287684289@qq.com","price":"2890.00","buyer_id":"2088102024075731","notify_id":"b931912b438c82070351ae1fbb872delmu","use_coupon":"N","sign_type":"MD5","sign":"08499d8005d190c9778b36a6aec1ca3f"}
[2017-09-08 20:44:09][info] 数据存储反馈成功！
[2017-09-08 20:44:09][info] success
[2017-09-08 20:44:09][info] 写入结束!!!
[2017-09-08 20:51:05][info] ----------------------------------------
[2017-09-08 20:51:05][info] {"discount":"0.00","payment_type":"1","trade_no":"2017090821001004250222668209","subject":"\u9955\u992e\u8d4f\u79cb","buyer_email":"liyiman_2007@yeah.net","gmt_create":"2017-09-08 20:50:47","notify_type":"trade_status_sync","quantity":"1","out_trade_no":"LX-17090820284382406-a","seller_id":"2088421286007493","notify_time":"2017-09-08 20:51:05","body":"\u9752\u6d77\u6e56-\u8336\u5361\u76d0\u6e56-\u83ab\u9ad8\u7a9f-\u9e23\u6c99\u5c71-\u6708\u7259\u6cc9-\u5609\u5cea\u5173-\u989d\u6d4e\u7eb3\u80e1\u6768\u6797-\u5353\u5c14\u5c7110\u65e5\u5927\u73af\u7ebf","trade_status":"TRADE_SUCCESS","is_total_fee_adjust":"N","total_fee":"2890.00","gmt_payment":"2017-09-08 20:51:04","seller_email":"2287684289@qq.com","price":"2890.00","buyer_id":"2088002574679259","notify_id":"5b5f32c7fba348d6319f549336cf63ehxi","use_coupon":"N","sign_type":"MD5","sign":"92cc976661f7a56ccc5cb30d2655d60a"}
[2017-09-08 20:51:05][info] 数据存储反馈成功！
[2017-09-08 20:51:05][info] success
[2017-09-08 20:51:05][info] 写入结束!!!
[2017-09-08 22:01:20][info] ----------------------------------------
[2017-09-08 22:01:20][info] {"discount":"0.00","payment_type":"1","trade_no":"2017090821001004870253635644","subject":"\u9955\u992e\u8d4f\u79cb","buyer_email":"xiaolong51@126.com","gmt_create":"2017-09-08 22:01:08","notify_type":"trade_status_sync","quantity":"1","out_trade_no":"LX-17090821233922001-c","seller_id":"2088421286007493","notify_time":"2017-09-08 22:01:20","body":"\u9752\u6d77\u6e56-\u8336\u5361\u76d0\u6e56-\u83ab\u9ad8\u7a9f-\u9e23\u6c99\u5c71-\u6708\u7259\u6cc9-\u5609\u5cea\u5173-\u989d\u6d4e\u7eb3\u80e1\u6768\u6797-\u5353\u5c14\u5c7110\u65e5\u5927\u73af\u7ebf","trade_status":"TRADE_SUCCESS","is_total_fee_adjust":"N","total_fee":"11580.00","gmt_payment":"2017-09-08 22:01:20","seller_email":"2287684289@qq.com","price":"11580.00","buyer_id":"2088002303153878","notify_id":"d4ccf542ca792477f08dc70ca579250mpq","use_coupon":"N","sign_type":"MD5","sign":"fcdaa51bd198bcb7ca920625cb72e9bf"}
[2017-09-08 22:01:20][info] 数据存储反馈成功！
[2017-09-08 22:01:20][info] success
[2017-09-08 22:01:20][info] 写入结束!!!
