[2017-08-06 12:48:30][info] ----------------------------------------
[2017-08-06 12:48:30][info] {"discount":"0.00","payment_type":"1","trade_no":"2017080621001004860203652683","subject":"\u65b0\u7586\u5168\u666f","buyer_email":"15813707791","gmt_create":"2017-08-06 12:48:07","notify_type":"trade_status_sync","quantity":"1","out_trade_no":"LX-17080612112476506-7","seller_id":"2088421286007493","notify_time":"2017-08-06 12:48:30","body":"\u5580\u7eb3\u65af-\u79be\u6728-\u8d5b\u91cc\u6728\u6e56-\u85b0\u8863\u8349\u519c\u573a-\u5580\u62c9\u5cfb-\u90a3\u62c9\u63d0-\u5df4\u97f3\u5e03\u9c81\u514b-\u6c5f\u5e03\u62c9\u514b-\u4e94\u5f69\u6ee9-\u5410\u9c81\u756a13\u65e5\u6e38","trade_status":"TRADE_SUCCESS","is_total_fee_adjust":"N","total_fee":"8060.00","gmt_payment":"2017-08-06 12:48:29","seller_email":"2287684289@qq.com","price":"8060.00","buyer_id":"2088602084477860","notify_id":"44ce9d3e1b90623dac5d0d531b62307mmy","use_coupon":"N","sign_type":"MD5","sign":"91d7265217bac1124ff0e20fb23dc5e2"}
[2017-08-06 12:48:30][info] 数据存储反馈成功！
[2017-08-06 12:48:30][info] success
[2017-08-06 12:48:30][info] 写入结束!!!
[2017-08-06 13:05:42][info] ----------------------------------------
[2017-08-06 13:05:42][info] {"discount":"0.00","payment_type":"1","trade_no":"2017080621001004700260189231","subject":"\u4e1d\u8def\u5dc5\u5cf0\u4f53\u9a8c\u4e5d\u65e5\u6e38B\u7ebf","buyer_email":"ningjiuchen@hotmail.com","gmt_create":"2017-08-06 13:05:18","notify_type":"trade_status_sync","quantity":"1","out_trade_no":"LX-17080517051042701-3","seller_id":"2088421286007493","notify_time":"2017-08-06 13:05:41","body":"\u9752\u6d77\u6e56-\u8336\u5361\u76d0\u6e56-\u9e23\u6c99\u5c71\u6708\u7259\u6cc9-\u83ab\u9ad8\u7a9f-\u96c5\u4e39\u9b54\u9b3c\u57ce-\u5609\u5cea\u5173-\u5f20\u6396\u4e39\u971e-\u9a6c\u8e44\u5bfa-\u5353\u5c14\u5c71\u8f7b\u5962\u52a8\u8f669\u65e5\u6e38","trade_status":"TRADE_SUCCESS","is_total_fee_adjust":"N","total_fee":"8030.00","gmt_payment":"2017-08-06 13:05:41","seller_email":"2287684289@qq.com","price":"8030.00","buyer_id":"2088202437602701","notify_id":"a4c76cab546ab7ad2567fe930efbe25lei","use_coupon":"N","sign_type":"MD5","sign":"88b3e1a2298050896adf59f6d220b764"}
[2017-08-06 13:05:42][info] 数据存储反馈成功！
[2017-08-06 13:05:42][info] success
[2017-08-06 13:05:42][info] 写入结束!!!
[2017-08-06 14:07:55][info] ----------------------------------------
[2017-08-06 14:07:55][info] {"discount":"0.00","payment_type":"1","trade_no":"2017080621001004200266025030","subject":"\u5317\u7586\u91d1\u79cb\u81f3\u5c0a10\u65e5\u6e38","buyer_email":"18940901267","gmt_create":"2017-08-06 14:07:31","notify_type":"trade_status_sync","quantity":"1","out_trade_no":"LX-17080613283491806-c","seller_id":"2088421286007493","notify_time":"2017-08-06 14:07:55","body":"38\u5c0f\u65f6\u79be\u6728-\u5580\u7eb3\u65af-\u767d\u54c8\u5df4-\u53ef\u53ef\u82cf\u91cc\u6e56-\u53ef\u53ef\u6258\u6d77-\u4e94\u5f69\u6ee9-\u9b54\u9b3c\u57ce10\u65e5\u5927\u73af\u7ebf","trade_status":"TRADE_SUCCESS","is_total_fee_adjust":"N","total_fee":"18720.00","gmt_payment":"2017-08-06 14:07:55","seller_email":"2287684289@qq.com","price":"18720.00","buyer_id":"2088502817437209","notify_id":"f89d7f9d1f9e976b9587c571e11a89chjm","use_coupon":"N","sign_type":"MD5","sign":"64d0c2c4daf452c7d1104f0c8894684c"}
[2017-08-06 14:07:56][info] 数据存储反馈成功！
[2017-08-06 14:07:56][info] success
[2017-08-06 14:07:56][info] 写入结束!!!
[2017-08-06 18:19:35][info] ----------------------------------------
[2017-08-06 18:19:35][info] {"discount":"0.00","payment_type":"1","trade_no":"2017080621001004140276220888","subject":"\u9955\u992e\u8d4f\u79cb","buyer_email":"802829@qq.com","gmt_create":"2017-08-06 18:19:08","notify_type":"trade_status_sync","quantity":"1","out_trade_no":"LX-17080617451995101-7","seller_id":"2088421286007493","notify_time":"2017-08-06 18:19:35","body":"\u9752\u6d77\u6e56-\u8336\u5361\u76d0\u6e56-\u6c34\u4e0a\u96c5\u4e39-\u83ab\u9ad8\u7a9f-\u9e23\u6c99\u5c71-\u6708\u7259\u6cc9-\u5609\u5cea\u5173-\u989d\u6d4e\u7eb3\u80e1\u6768\u6797-\u5353\u5c14\u5c7110\u65e5\u5927\u73af\u7ebf","trade_status":"TRADE_SUCCESS","is_total_fee_adjust":"N","total_fee":"16800.00","gmt_payment":"2017-08-06 18:19:34","seller_email":"2287684289@qq.com","price":"16800.00","buyer_id":"2088102011387148","notify_id":"4e088be02c66e434932df9df894b808h2y","use_coupon":"N","sign_type":"MD5","sign":"0ae567051c13baed7485f14168a88fee"}
[2017-08-06 18:19:35][info] 数据存储反馈成功！
[2017-08-06 18:19:35][info] success
[2017-08-06 18:19:35][info] 写入结束!!!
[2017-08-06 19:10:09][info] ----------------------------------------
[2017-08-06 19:10:09][info] {"discount":"0.00","payment_type":"1","trade_no":"2017050521001004720284327577","subject":"\u8d35\u5dde\u5168\u666f\u6e38","buyer_email":"zdw67@sohu.com","gmt_create":"2017-05-05 19:08:37","notify_type":"trade_status_sync","quantity":"1","out_trade_no":"LX-17042517561997006-1","seller_id":"2088421286007493","notify_time":"2017-08-06 19:10:09","body":"\u79d8\u5883\u8302\u5170-\u8354\u6ce2-\u9ed4\u4e1c\u5357-\u9547\u8fdc-\u897f\u6c5f\u82d7\u5be8-\u9ec4\u679c\u6811\u6df1\u5ea6\u7eaf\u73a9\u4e5d\u65e5\u6e38","trade_status":"TRADE_FINISHED","is_total_fee_adjust":"N","total_fee":"8360.00","gmt_payment":"2017-05-05 19:09:24","seller_email":"2287684289@qq.com","gmt_close":"2017-08-06 19:10:09","price":"8360.00","buyer_id":"2088202555325726","notify_id":"c8adb3b5e1d061217aea892374980c3lk2","use_coupon":"N","sign_type":"MD5","sign":"92a65709d8b7b121c55eaf3c59285e16"}
[2017-08-06 19:10:09][info] 数据存储反馈成功！
[2017-08-06 19:10:09][info] success
[2017-08-06 19:10:09][info] 写入结束!!!
[2017-08-06 20:50:57][info] ----------------------------------------
[2017-08-06 20:50:57][info] {"discount":"0.00","payment_type":"1","trade_no":"2017050521001004470299160988","subject":"\u85cf\u5730\u5168\u666f","buyer_email":"13752304123","gmt_create":"2017-05-05 20:50:01","notify_type":"trade_status_sync","quantity":"1","out_trade_no":"LX-1704261042273201-3","seller_id":"2088421286007493","notify_time":"2017-08-06 20:50:57","body":"2017\u5e74\u62c9\u8428-\u6797\u829d-\u5df4\u677e\u63aa-\u5ce1\u8c37\u79d8\u5883-\u7f8a\u6e56-\u666e\u59c6\u96cd\u63aa-\u65e5\u5580\u5219-\u73e0\u5cf0-\u7eb3\u6728\u63aa11\u65e5\u6df1\u5ea6\u6e38","trade_status":"TRADE_FINISHED","is_total_fee_adjust":"N","total_fee":"2600.00","gmt_payment":"2017-05-05 20:50:52","seller_email":"2287684289@qq.com","gmt_close":"2017-08-06 20:50:57","price":"2600.00","buyer_id":"2088502816889470","notify_id":"8c29aa5c076fd52772e650961b9b1e6jmm","use_coupon":"N","sign_type":"MD5","sign":"94cb363ef351f48b242f615d15f6d2c0"}
[2017-08-06 20:50:57][info] 数据存储反馈成功！
[2017-08-06 20:50:57][info] success
[2017-08-06 20:50:57][info] 写入结束!!!
[2017-08-06 21:07:36][info] ----------------------------------------
[2017-08-06 21:07:36][info] {"discount":"0.00","payment_type":"1","trade_no":"2017080621001004070223620407","subject":"\u4e1d\u8def\u5dc5\u5cf0\u4f53\u9a8c\u4e5d\u65e5\u6e38B\u7ebf","buyer_email":"13207100856","gmt_create":"2017-08-06 21:07:26","notify_type":"trade_status_sync","quantity":"1","out_trade_no":"LX-17071422510041706-f","seller_id":"2088421286007493","notify_time":"2017-08-06 21:07:36","body":"\u9752\u6d77\u6e56-\u8336\u5361\u76d0\u6e56-\u9e23\u6c99\u5c71\u6708\u7259\u6cc9-\u83ab\u9ad8\u7a9f-\u96c5\u4e39\u9b54\u9b3c\u57ce-\u5609\u5cea\u5173-\u5f20\u6396\u4e39\u971e-\u9a6c\u8e44\u5bfa-\u5353\u5c14\u5c71\u8f7b\u5962\u52a8\u8f669\u65e5\u6e38","trade_status":"TRADE_SUCCESS","is_total_fee_adjust":"N","total_fee":"4080.00","gmt_payment":"2017-08-06 21:07:36","seller_email":"2287684289@qq.com","price":"4080.00","buyer_id":"2088802350583077","notify_id":"b828a13e4ab5f0d288f9a19d907bb2dgji","use_coupon":"N","sign_type":"MD5","sign":"9112dcc1717507f430d7df6be127d926"}
[2017-08-06 21:07:36][info] 数据存储反馈成功！
[2017-08-06 21:07:36][info] success
[2017-08-06 21:07:36][info] 写入结束!!!
