[2017-08-22 09:42:06][info] ----------------------------------------
[2017-08-22 09:42:06][info] {"discount":"0.00","payment_type":"1","trade_no":"2017082221001004800245929712","subject":"\u7518\u5357\u5168\u666f","buyer_email":"13161476633","gmt_create":"2017-08-22 09:40:54","notify_type":"trade_status_sync","quantity":"1","out_trade_no":"LX-17082118422372406-0","seller_id":"2088421286007493","notify_time":"2017-08-22 09:42:06","body":"2017\u5e74\u72ec\u5bb6  \u62c9\u535c\u695e\u5bfa-\u624e\u5c15\u90a3-\u82b1\u6e56-\u5e74\u5b9d\u7389\u5219-\u82e5\u5c14\u76d6\u8349\u539f-\u963f\u4e07\u4ed3\u6e7f\u5730-\u5c15\u6d77\u6e56-\u90ce\u6728\u5bfa 8\u65e5\u6e38","trade_status":"TRADE_SUCCESS","is_total_fee_adjust":"N","total_fee":"3380.00","gmt_payment":"2017-08-22 09:42:05","seller_email":"2287684289@qq.com","price":"3380.00","buyer_id":"2088512569597803","notify_id":"72e5141ae37ea9e58910698a81f31fcm6a","use_coupon":"N","sign_type":"MD5","sign":"30eaece661a452ce20adaf7326d9f000"}
[2017-08-22 09:42:06][info] 数据存储反馈成功！
[2017-08-22 09:42:06][info] success
[2017-08-22 09:42:06][info] 写入结束!!!
[2017-08-22 11:30:14][info] ----------------------------------------
[2017-08-22 11:30:14][info] {"discount":"0.00","payment_type":"1","trade_no":"2017082221001004060514929849","subject":"\u9955\u992e\u8d4f\u79cb","buyer_email":"13510097168","gmt_create":"2017-08-22 11:30:04","notify_type":"trade_status_sync","quantity":"1","out_trade_no":"LX-17082210490876001-2","seller_id":"2088421286007493","notify_time":"2017-08-22 11:30:14","body":"\u9752\u6d77\u6e56-\u8336\u5361\u76d0\u6e56-\u6c34\u4e0a\u96c5\u4e39-\u83ab\u9ad8\u7a9f-\u9e23\u6c99\u5c71-\u6708\u7259\u6cc9-\u5609\u5cea\u5173-\u989d\u6d4e\u7eb3\u80e1\u6768\u6797-\u5353\u5c14\u5c7110\u65e5\u5927\u73af\u7ebf","trade_status":"TRADE_SUCCESS","is_total_fee_adjust":"N","total_fee":"23140.00","gmt_payment":"2017-08-22 11:30:14","seller_email":"2287684289@qq.com","price":"23140.00","buyer_id":"2088902415624065","notify_id":"148e4a00702f0c46b3cc8361226cb5fggt","use_coupon":"N","sign_type":"MD5","sign":"051a8e52482b78cc6ef7affaf4a33014"}
[2017-08-22 11:30:14][info] 数据存储反馈成功！
[2017-08-22 11:30:14][info] success
[2017-08-22 11:30:14][info] 写入结束!!!
[2017-08-22 12:17:35][info] ----------------------------------------
[2017-08-22 12:17:35][info] {"discount":"0.00","payment_type":"1","trade_no":"2017082221001004190514398630","subject":"\u989d\u6d4e\u7eb3\u6700\u7f8e\u9ad8\u94c1\u56e2","buyer_email":"18980800007","gmt_create":"2017-08-22 12:08:34","notify_type":"trade_status_sync","quantity":"1","out_trade_no":"LX-17082112263458206-c","seller_id":"2088421286007493","notify_time":"2017-08-22 12:17:35","body":"2017\u989d\u6d4e\u7eb3\u65d7\u80e1\u6768\u6797\u516d\u65e5\u6e38-\u9886\u8896\u6237\u5916\u72ec\u5bb6\u9996\u521b","trade_status":"TRADE_SUCCESS","is_total_fee_adjust":"N","total_fee":"13920.00","gmt_payment":"2017-08-22 12:17:35","seller_email":"2287684289@qq.com","price":"13920.00","buyer_id":"2088302826438198","notify_id":"f8db18a6e844aa8238593981b347b89hgx","use_coupon":"N","sign_type":"MD5","sign":"47ea0fbcb3f5b0ba3717ceb63f3f3668"}
[2017-08-22 12:17:36][info] 数据存储反馈成功！
[2017-08-22 12:17:36][info] success
[2017-08-22 12:17:36][info] 写入结束!!!
[2017-08-22 13:09:45][info] ----------------------------------------
[2017-08-22 13:09:45][info] {"discount":"0.00","payment_type":"1","trade_no":"2017082221001004720282092494","subject":"\u989d\u6d4e\u7eb3\u6444\u5f71B\u7ebf","buyer_email":"13921045039","gmt_create":"2017-08-22 13:09:10","notify_type":"trade_status_sync","quantity":"1","out_trade_no":"LX-17082212123698106-7","seller_id":"2088421286007493","notify_time":"2017-08-22 13:09:44","body":"\u989d\u6d4e\u7eb3\u80e1\u6768\u6797-\u5df4\u4e39\u5409\u6797\u8179\u5730-\u91d1\u5854\u80e1\u6768\u6797-\u602a\u6811\u6797-\u516b\u65e5","trade_status":"TRADE_SUCCESS","is_total_fee_adjust":"N","total_fee":"17080.00","gmt_payment":"2017-08-22 13:09:44","seller_email":"2287684289@qq.com","price":"17080.00","buyer_id":"2088602137776720","notify_id":"887fb6e40446757eae99d3eadb09003lk2","use_coupon":"N","sign_type":"MD5","sign":"8753bc06d74b234c0956445e9a2d5637"}
[2017-08-22 13:09:45][info] 数据存储反馈成功！
[2017-08-22 13:09:45][info] success
[2017-08-22 13:09:45][info] 写入结束!!!
[2017-08-22 13:22:50][info] ----------------------------------------
[2017-08-22 13:22:50][info] {"discount":"0.00","payment_type":"1","trade_no":"2017082221001004430509385629","subject":"\u5317\u7586\u91d1\u79cb\u81f3\u5c0a10\u65e5\u6e38","buyer_email":"13650757101","gmt_create":"2017-08-22 13:22:37","notify_type":"trade_status_sync","quantity":"1","out_trade_no":"LX-17082122572269406-8","seller_id":"2088421286007493","notify_time":"2017-08-22 13:22:50","body":"38\u5c0f\u65f6\u79be\u6728-\u5580\u7eb3\u65af-\u767d\u54c8\u5df4-\u53ef\u53ef\u82cf\u91cc\u6e56-\u53ef\u53ef\u6258\u6d77-\u4e94\u5f69\u6ee9-\u9b54\u9b3c\u57ce10\u65e5\u5927\u73af\u7ebf","trade_status":"TRADE_SUCCESS","is_total_fee_adjust":"N","total_fee":"5480.00","gmt_payment":"2017-08-22 13:22:49","seller_email":"2287684289@qq.com","price":"5480.00","buyer_id":"2088412004349438","notify_id":"54f5dc3a97820d137327e5d383df76ejbl","use_coupon":"N","sign_type":"MD5","sign":"3124f076205a2c81849123dea2aa9bf8"}
[2017-08-22 13:22:50][info] 数据存储反馈成功！
[2017-08-22 13:22:50][info] success
[2017-08-22 13:22:50][info] 写入结束!!!
[2017-08-22 13:49:44][info] ----------------------------------------
[2017-08-22 13:49:44][info] {"discount":"0.00","payment_type":"1","trade_no":"2017082221001004960237864227","subject":"\u989d\u6d4e\u7eb3\u5168\u666f","buyer_email":"18963973811","gmt_create":"2017-08-22 13:46:32","notify_type":"trade_status_sync","quantity":"1","out_trade_no":"LX-17082213314027001-0","seller_id":"2088421286007493","notify_time":"2017-08-22 13:49:44","body":"\u989d\u6d4e\u7eb3\u80e1\u6768\u6797-\u6566\u714c\u5168\u666f-\u5df4\u4e39\u5409\u6797-\u5f20\u6396\u4e39\u971e-\u5609\u5cea\u5173-\u91d1\u5854\u80e1\u6768\u6797-\u52a8\u8f668\u65e5","trade_status":"TRADE_SUCCESS","is_total_fee_adjust":"N","total_fee":"4080.00","gmt_payment":"2017-08-22 13:49:43","seller_email":"2287684289@qq.com","price":"4080.00","buyer_id":"2088802134569961","notify_id":"7856edd888de5d2b383e92b0c97396dneq","use_coupon":"N","sign_type":"MD5","sign":"08bcde93a862134a7f39dc59771c2785"}
[2017-08-22 13:49:44][info] 数据存储反馈成功！
[2017-08-22 13:49:44][info] success
[2017-08-22 13:49:44][info] 写入结束!!!
[2017-08-22 14:52:52][info] ----------------------------------------
[2017-08-22 14:52:52][info] {"discount":"0.00","payment_type":"1","trade_no":"2017082221001004670500529377","subject":"\u989d\u6d4e\u7eb3\u6df1\u5ea6\u6e38","buyer_email":"506106802@qq.com","gmt_create":"2017-08-22 14:52:42","notify_type":"trade_status_sync","quantity":"1","out_trade_no":"LX-17082214101181606-d","seller_id":"2088421286007493","notify_time":"2017-08-22 14:52:51","body":"\u4ed9\u7c73\u5f69\u6797-\u7941\u8fde\u5c71-\u9a6c\u8e44\u5bfa-\u5f20\u6396\u4e39\u971e-\u91d1\u5854\u80e1\u6768\u6797-\u989d\u6d4e\u7eb3\u80e1\u6768\u6797-\u5c45\u5ef6\u6d77-\u5609\u5cea\u5173-\u52a8\u8f66\u8fd4\u7a0b7\u65e5\u6e38","trade_status":"TRADE_SUCCESS","is_total_fee_adjust":"N","total_fee":"5070.00","gmt_payment":"2017-08-22 14:52:51","seller_email":"2287684289@qq.com","price":"5070.00","buyer_id":"2088202611237673","notify_id":"2dbd8fae1988168e1cfd425ca7cc785l69","use_coupon":"N","sign_type":"MD5","sign":"379821fce48cf45cbc12541c91b437da"}
[2017-08-22 14:52:52][info] 数据存储反馈成功！
[2017-08-22 14:52:52][info] success
[2017-08-22 14:52:52][info] 写入结束!!!
[2017-08-22 14:56:56][info] ----------------------------------------
[2017-08-22 14:56:56][info] {"discount":"0.00","payment_type":"1","trade_no":"2017052121001004890262093054","subject":"\u8d35\u5dde\u5168\u666f\u6e38","buyer_email":"fanyanggz@hotmail.com","gmt_create":"2017-05-21 14:55:10","notify_type":"trade_status_sync","quantity":"1","out_trade_no":"LX-17051016020275806-d","seller_id":"2088421286007493","notify_time":"2017-08-22 14:56:56","body":"\u79d8\u5883\u8302\u5170-\u8354\u6ce2-\u9ed4\u4e1c\u5357-\u9547\u8fdc-\u897f\u6c5f\u82d7\u5be8-\u9ec4\u679c\u6811\u6df1\u5ea6\u7eaf\u73a9\u4e5d\u65e5\u6e38","trade_status":"TRADE_FINISHED","is_total_fee_adjust":"N","total_fee":"8560.00","gmt_payment":"2017-05-21 14:55:56","seller_email":"2287684289@qq.com","gmt_close":"2017-08-22 14:56:56","price":"8560.00","buyer_id":"2088002339054899","notify_id":"897bb2e3c5d21747a9cbfe880c33450mva","use_coupon":"N","sign_type":"MD5","sign":"8d605520a04e1529d7d941c30a9d2ef1"}
[2017-08-22 14:56:56][info] 数据存储反馈成功！
[2017-08-22 14:56:56][info] success
[2017-08-22 14:56:56][info] 写入结束!!!
[2017-08-22 15:27:01][info] ----------------------------------------
[2017-08-22 15:27:01][info] {"discount":"0.00","payment_type":"1","trade_no":"2017082221001004050515009911","subject":"\u5317\u7586\u91d1\u79cb\u81f3\u5c0a10\u65e5\u6e38","buyer_email":"jing86910@163.com","gmt_create":"2017-08-22 15:26:50","notify_type":"trade_status_sync","quantity":"1","out_trade_no":"LX-17082215170690001-e","seller_id":"2088421286007493","notify_time":"2017-08-22 15:27:01","body":"38\u5c0f\u65f6\u79be\u6728-\u5580\u7eb3\u65af-\u767d\u54c8\u5df4-\u53ef\u53ef\u82cf\u91cc\u6e56-\u53ef\u53ef\u6258\u6d77-\u4e94\u5f69\u6ee9-\u9b54\u9b3c\u57ce10\u65e5\u5927\u73af\u7ebf","trade_status":"TRADE_SUCCESS","is_total_fee_adjust":"N","total_fee":"2640.00","gmt_payment":"2017-08-22 15:27:01","seller_email":"2287684289@qq.com","price":"2640.00","buyer_id":"2088002277772055","notify_id":"bbd7f38edb2a9ab1e888334f297d916ge1","use_coupon":"N","sign_type":"MD5","sign":"8e7465e62fdc1260dd165ff072064b40"}
[2017-08-22 15:27:01][info] 数据存储反馈成功！
[2017-08-22 15:27:01][info] success
[2017-08-22 15:27:01][info] 写入结束!!!
[2017-08-22 20:05:55][info] ----------------------------------------
[2017-08-22 20:05:55][info] {"discount":"0.00","payment_type":"1","trade_no":"2017082221001004300510022226","subject":"\u5317\u7586\u91d1\u79cb\u7ecf\u5178\u73af\u7ebf","buyer_email":"13991129619","gmt_create":"2017-08-22 20:05:45","notify_type":"trade_status_sync","quantity":"1","out_trade_no":"LX-17081809370389806-b","seller_id":"2088421286007493","notify_time":"2017-08-22 20:05:55","body":"\u5580\u7eb3\u65af-\u767d\u54c8\u5df4-\u79be\u6728-\u4e94\u5f69\u6ee9-\u9b54\u9b3c\u57ce-\u53ef\u53ef\u6258\u6d77 9\u65e5\u6df1\u5ea6\u6e38","trade_status":"TRADE_SUCCESS","is_total_fee_adjust":"N","total_fee":"7320.00","gmt_payment":"2017-08-22 20:05:55","seller_email":"2287684289@qq.com","price":"7320.00","buyer_id":"2088112024007302","notify_id":"2374697a235eae5ac1e447a09b131fcibh","use_coupon":"N","sign_type":"MD5","sign":"e882026c0ae3f1351573c47b306438bc"}
[2017-08-22 20:05:56][info] 数据存储反馈成功！
[2017-08-22 20:05:56][info] success
[2017-08-22 20:05:56][info] 写入结束!!!
[2017-08-22 21:07:15][info] ----------------------------------------
[2017-08-22 21:07:15][info] {"discount":"0.00","payment_type":"1","trade_no":"2017082221001004750245538835","subject":"\u989d\u6d4e\u7eb3\u6444\u5f71B\u7ebf","buyer_email":"13660405399","gmt_create":"2017-08-22 21:06:47","notify_type":"trade_status_sync","quantity":"1","out_trade_no":"LX-1708112216223301-5","seller_id":"2088421286007493","notify_time":"2017-08-22 21:07:15","body":"\u989d\u6d4e\u7eb3\u80e1\u6768\u6797-\u5df4\u4e39\u5409\u6797\u8179\u5730-\u91d1\u5854\u80e1\u6768\u6797-\u602a\u6811\u6797-\u516b\u65e5","trade_status":"TRADE_SUCCESS","is_total_fee_adjust":"N","total_fee":"4980.00","gmt_payment":"2017-08-22 21:07:14","seller_email":"2287684289@qq.com","price":"4980.00","buyer_id":"2088502851444755","notify_id":"945d8d9d897b790d6f03fb4e991c3a3lse","use_coupon":"N","sign_type":"MD5","sign":"8054d854d627740445950112e4c45c22"}
[2017-08-22 21:07:15][info] 数据存储反馈成功！
[2017-08-22 21:07:15][info] success
[2017-08-22 21:07:15][info] 写入结束!!!
[2017-08-22 22:50:20][info] ----------------------------------------
[2017-08-22 22:50:20][info] {"discount":"0.00","payment_type":"1","trade_no":"2017082221001004080515918140","subject":"\u7518\u5357\u5168\u666f","buyer_email":"xingxuefeier@163.com","gmt_create":"2017-08-22 22:49:09","notify_type":"trade_status_sync","quantity":"1","out_trade_no":"LX-17081613525917506-4","seller_id":"2088421286007493","notify_time":"2017-08-22 22:50:20","body":"2017\u5e74\u72ec\u5bb6  \u62c9\u535c\u695e\u5bfa-\u624e\u5c15\u90a3-\u82b1\u6e56-\u5e74\u5b9d\u7389\u5219-\u82e5\u5c14\u76d6\u8349\u539f-\u963f\u4e07\u4ed3\u6e7f\u5730-\u5c15\u6d77\u6e56-\u90ce\u6728\u5bfa 8\u65e5\u6e38","trade_status":"TRADE_SUCCESS","is_total_fee_adjust":"N","total_fee":"1690.00","gmt_payment":"2017-08-22 22:50:19","seller_email":"2287684289@qq.com","price":"1690.00","buyer_id":"2088002178105082","notify_id":"90dcf573709caff2e0e0a436134654agmd","use_coupon":"N","sign_type":"MD5","sign":"86112f64bbd360e2f1b3e3639bdb9450"}
[2017-08-22 22:50:20][info] 数据存储反馈成功！
[2017-08-22 22:50:20][info] success
[2017-08-22 22:50:20][info] 写入结束!!!
