[2017-10-22 08:18:51][info] ----------------------------------------
[2017-10-22 08:18:51][info] {"discount":"0.00","payment_type":"1","trade_no":"2017072021001004810243586703","subject":"\u5fc3\u82b1\u8def\u653e","buyer_email":"sunny2005521@sina.com","gmt_create":"2017-07-20 19:35:16","notify_type":"trade_status_sync","quantity":"1","out_trade_no":"LX-17072019031560606-5","seller_id":"2088421286007493","notify_time":"2017-10-22 08:18:51","body":"\u5927\u7406\u53cc\u5eca\u3001\u6c99\u6eaa\u53e4\u9547\u3001\u4e3d\u6c5f\u53e4\u57ce\u3001\u9999\u683c\u91cc\u62c9\u3001\u6cf8\u6cbd\u6e567\u65e5\u6ec7\u897f\u5317\u5168\u666f\u6df1\u5ea6\u6e38","trade_status":"TRADE_FINISHED","is_total_fee_adjust":"N","total_fee":"6960.00","gmt_payment":"2017-07-21 08:18:18","seller_email":"2287684289@qq.com","gmt_close":"2017-10-22 08:18:51","price":"6960.00","buyer_id":"2088002142990814","notify_id":"5e354bcf3b84b6ac423a8f1edb42009m92","use_coupon":"N","sign_type":"MD5","sign":"afa89000b6602b7dc2ec23d353a4263c"}
[2017-10-22 08:18:51][info] 数据存储反馈成功！
[2017-10-22 08:18:51][info] success
[2017-10-22 08:18:51][info] 写入结束!!!
[2017-10-22 11:12:07][info] ----------------------------------------
[2017-10-22 11:12:07][info] {"discount":"0.00","payment_type":"1","trade_no":"2017072121001004990270803922","subject":"\u7518\u5357\u5168\u666f","buyer_email":"kzh72@126.com","gmt_create":"2017-07-21 11:11:24","notify_type":"trade_status_sync","quantity":"1","out_trade_no":"LX-17072110374991606-d","seller_id":"2088421286007493","notify_time":"2017-10-22 11:12:07","body":"2017\u5e74\u72ec\u5bb6  \u62c9\u535c\u695e\u5bfa-\u624e\u5c15\u90a3-\u82b1\u6e56-\u5e74\u5b9d\u7389\u5219-\u82e5\u5c14\u76d6\u8349\u539f-\u963f\u4e07\u4ed3\u6e7f\u5730-\u5c15\u6d77\u6e56-\u90ce\u6728\u5bfa 8\u65e5\u6e38","trade_status":"TRADE_FINISHED","is_total_fee_adjust":"N","total_fee":"3200.00","gmt_payment":"2017-07-21 11:11:51","seller_email":"2287684289@qq.com","gmt_close":"2017-10-22 11:12:07","price":"3200.00","buyer_id":"2088302358516995","notify_id":"df34af81370a77c6b37ee9dd908a4a8nn2","use_coupon":"N","sign_type":"MD5","sign":"7cd24e3edab72eb98970a4dd9a8a00fb"}
[2017-10-22 11:12:07][info] 数据存储反馈成功！
[2017-10-22 11:12:07][info] success
[2017-10-22 11:12:07][info] 写入结束!!!
[2017-10-22 14:06:54][info] ----------------------------------------
[2017-10-22 14:06:54][info] {"discount":"0.00","payment_type":"1","trade_no":"2017072121001004030235959230","subject":"\u4e1d\u8def\u5dc5\u5cf0\u4f53\u9a8c\u4e5d\u65e5\u6e38B\u7ebf","buyer_email":"13506891166","gmt_create":"2017-07-21 14:06:40","notify_type":"trade_status_sync","quantity":"1","out_trade_no":"LX-17071213083099606-d","seller_id":"2088421286007493","notify_time":"2017-10-22 14:06:54","body":"\u9752\u6d77\u6e56-\u8336\u5361\u76d0\u6e56-\u9e23\u6c99\u5c71\u6708\u7259\u6cc9-\u83ab\u9ad8\u7a9f-\u96c5\u4e39\u9b54\u9b3c\u57ce-\u5609\u5cea\u5173-\u5f20\u6396\u4e39\u971e-\u9a6c\u8e44\u5bfa-\u5353\u5c14\u5c71\u8f7b\u5962\u52a8\u8f669\u65e5\u6e38","trade_status":"TRADE_FINISHED","is_total_fee_adjust":"N","total_fee":"6260.00","gmt_payment":"2017-07-21 14:06:47","seller_email":"2287684289@qq.com","gmt_close":"2017-10-22 14:06:54","price":"6260.00","buyer_id":"2088122828665037","notify_id":"bf1bc1e0ed419085cb1237351d1fcceg8e","use_coupon":"N","sign_type":"MD5","sign":"0c8eebee3697a5a5e9b74bf9279fc5ad"}
[2017-10-22 14:06:54][info] 数据存储反馈成功！
[2017-10-22 14:06:54][info] success
[2017-10-22 14:06:54][info] 写入结束!!!
[2017-10-22 14:09:56][info] ----------------------------------------
[2017-10-22 14:09:56][info] {"discount":"0.00","payment_type":"1","trade_no":"2017072121001004050234196210","subject":"\u4e1d\u8def\u5dc5\u5cf0\u4f53\u9a8c\u4e5d\u65e5\u6e38B\u7ebf","buyer_email":"360609110@qq.com","gmt_create":"2017-07-21 14:08:05","notify_type":"trade_status_sync","quantity":"1","out_trade_no":"LX-17072113504669406-2","seller_id":"2088421286007493","notify_time":"2017-10-22 14:09:56","body":"\u9752\u6d77\u6e56-\u8336\u5361\u76d0\u6e56-\u9e23\u6c99\u5c71\u6708\u7259\u6cc9-\u83ab\u9ad8\u7a9f-\u96c5\u4e39\u9b54\u9b3c\u57ce-\u5609\u5cea\u5173-\u5f20\u6396\u4e39\u971e-\u9a6c\u8e44\u5bfa-\u5353\u5c14\u5c71\u8f7b\u5962\u52a8\u8f669\u65e5\u6e38","trade_status":"TRADE_FINISHED","is_total_fee_adjust":"N","total_fee":"10340.00","gmt_payment":"2017-07-21 14:09:46","seller_email":"2287684289@qq.com","gmt_close":"2017-10-22 14:09:56","price":"10340.00","buyer_id":"2088002156588052","notify_id":"566e43568e9f2207d4b7f1aaba5af9egdy","use_coupon":"N","sign_type":"MD5","sign":"39831382753b196fe0b4d3bf33437a2a"}
[2017-10-22 14:09:56][info] 数据存储反馈成功！
[2017-10-22 14:09:56][info] success
[2017-10-22 14:09:56][info] 写入结束!!!
[2017-10-22 14:12:56][info] ----------------------------------------
[2017-10-22 14:12:56][info] {"discount":"0.00","payment_type":"1","trade_no":"2017072121001004660237044349","subject":"\u4e1d\u7ef8\u4e4b\u8def\u5168\u666f\u6e389\u65e5","buyer_email":"282992008@qq.com","gmt_create":"2017-07-21 14:12:34","notify_type":"trade_status_sync","quantity":"1","out_trade_no":"LX-17071409013329806-d","seller_id":"2088421286007493","notify_time":"2017-10-22 14:12:56","body":"\u72ec\u5bb6\u6c34\u4e0a\u9b54\u9b3c\u57ce-\u65e0\u4eba\u533a\u539f\u751f\u6001\u96c5\u4e39\u63a2\u79d8-\u9752\u6d77\u6e56-\u8336\u5361\u76d0\u6e56-\u83ab\u9ad8\u7a9f-\u9e23\u6c99\u5c71\u6708\u7259\u6cc9-\u5f20\u6396\u4e39\u971e-\u5353\u5c14\u5c719\u65e5\u6e38","trade_status":"TRADE_FINISHED","is_total_fee_adjust":"N","total_fee":"3780.00","gmt_payment":"2017-07-21 14:12:48","seller_email":"2287684289@qq.com","gmt_close":"2017-10-22 14:12:56","price":"3780.00","buyer_id":"2088802346497663","notify_id":"a0fc50eb550ed23e5477ce3101c6497l3e","use_coupon":"N","sign_type":"MD5","sign":"df73642a4ab6e675a7409f06fdbdb1eb"}
[2017-10-22 14:12:56][info] 数据存储反馈成功！
[2017-10-22 14:12:56][info] success
[2017-10-22 14:12:56][info] 写入结束!!!
[2017-10-22 14:33:57][info] ----------------------------------------
[2017-10-22 14:33:57][info] {"discount":"0.00","payment_type":"1","trade_no":"2017072121001004880273005648","subject":"\u4e1d\u8def\u5dc5\u5cf0\u4f53\u9a8c\u4e5d\u65e5\u6e38B\u7ebf","buyer_email":"409823461@qq.com","gmt_create":"2017-07-21 14:33:23","notify_type":"trade_status_sync","quantity":"1","out_trade_no":"LX-17072113204096706-0","seller_id":"2088421286007493","notify_time":"2017-10-22 14:33:57","body":"\u9752\u6d77\u6e56-\u8336\u5361\u76d0\u6e56-\u9e23\u6c99\u5c71\u6708\u7259\u6cc9-\u83ab\u9ad8\u7a9f-\u96c5\u4e39\u9b54\u9b3c\u57ce-\u5609\u5cea\u5173-\u5f20\u6396\u4e39\u971e-\u9a6c\u8e44\u5bfa-\u5353\u5c14\u5c71\u8f7b\u5962\u52a8\u8f669\u65e5\u6e38","trade_status":"TRADE_FINISHED","is_total_fee_adjust":"N","total_fee":"2040.00","gmt_payment":"2017-07-21 14:33:30","seller_email":"2287684289@qq.com","gmt_close":"2017-10-22 14:33:57","price":"2040.00","buyer_id":"2088002909455884","notify_id":"289760ce5ca11bcb658e0264c64203fmsi","use_coupon":"N","sign_type":"MD5","sign":"633339a52ebc99b4949361c24489c970"}
[2017-10-22 14:33:57][info] 数据存储反馈成功！
[2017-10-22 14:33:57][info] success
[2017-10-22 14:33:57][info] 写入结束!!!
[2017-10-22 14:55:57][info] ----------------------------------------
[2017-10-22 14:55:57][info] {"discount":"0.00","payment_type":"1","trade_no":"2017072121001004660237126629","subject":"\u8d35\u5dde\u5168\u666f\u6e38","buyer_email":"13349864989","gmt_create":"2017-07-21 14:55:09","notify_type":"trade_status_sync","quantity":"1","out_trade_no":"LX-17071915324168106-4","seller_id":"2088421286007493","notify_time":"2017-10-22 14:55:57","body":"\u897f\u6c5f\u5343\u6237\u82d7\u5be8-\u8354\u6ce2-\u9ed4\u4e1c\u5357-\u9547\u8fdc-\u9ec4\u679c\u6811-\u79d8\u5883\u8302\u5170\u6df1\u5ea6\u7eaf\u73a9\u4e5d\u65e5\u6e38","trade_status":"TRADE_FINISHED","is_total_fee_adjust":"N","total_fee":"3980.00","gmt_payment":"2017-07-21 14:55:33","seller_email":"2287684289@qq.com","gmt_close":"2017-10-22 14:55:57","price":"3980.00","buyer_id":"2088712927778662","notify_id":"432d5b9ed07f4cb390e3b8f44d7043bl3e","use_coupon":"N","sign_type":"MD5","sign":"6b3f064365f9cf34a1d18fb1f54fd4d6"}
[2017-10-22 14:55:57][info] 数据存储反馈成功！
[2017-10-22 14:55:57][info] success
[2017-10-22 14:55:57][info] 写入结束!!!
[2017-10-22 15:39:58][info] ----------------------------------------
[2017-10-22 15:39:58][info] {"discount":"0.00","payment_type":"1","trade_no":"2017072121001004070287419867","subject":"\u9189\u7f8e\u666e\u8005\u9ed1","buyer_email":"happyahyan@163.com","gmt_create":"2017-07-21 15:39:10","notify_type":"trade_status_sync","quantity":"1","out_trade_no":"LX-17061613200493206-1","seller_id":"2088421286007493","notify_time":"2017-10-22 15:39:58","body":"\u300a\u4e09\u751f\u4e09\u4e16\u300b\u666e\u8005\u9ed1\u2014\u4e16\u5916\u6843\u6e90\u575d\u7f8e\u2014\u9a6c\u5cad\u6cb3\u5927\u5ce1\u8c37\u2014\u9189\u7f8e\u4e07\u5cf0\u6797\u2014\u4e07\u5cf0\u6e56\u2014\u629a\u4ed9\u6e568\u65e5\u6df1\u5ea6\u6e38","trade_status":"TRADE_FINISHED","is_total_fee_adjust":"N","total_fee":"4430.00","gmt_payment":"2017-07-21 15:39:33","seller_email":"2287684289@qq.com","gmt_close":"2017-10-22 15:39:58","price":"4430.00","buyer_id":"2088002173433076","notify_id":"4b3fbc55068cb7a79789cfc55c2f06egji","use_coupon":"N","sign_type":"MD5","sign":"2f975de888da8cd0c97039ff4edd51fc"}
[2017-10-22 15:39:58][info] 数据存储反馈成功！
[2017-10-22 15:39:58][info] success
[2017-10-22 15:39:58][info] 写入结束!!!
[2017-10-22 16:23:56][info] ----------------------------------------
[2017-10-22 16:23:56][info] {"discount":"0.00","payment_type":"1","trade_no":"2017072121001004860273714986","subject":"\u7518\u5357\u5168\u666f","buyer_email":"18905103237","gmt_create":"2017-07-21 16:22:31","notify_type":"trade_status_sync","quantity":"1","out_trade_no":"LX-17070317072655506-1","seller_id":"2088421286007493","notify_time":"2017-10-22 16:23:56","body":"2017\u5e74\u72ec\u5bb6  \u62c9\u535c\u695e\u5bfa-\u624e\u5c15\u90a3-\u82b1\u6e56-\u5e74\u5b9d\u7389\u5219-\u82e5\u5c14\u76d6\u8349\u539f-\u963f\u4e07\u4ed3\u6e7f\u5730-\u5c15\u6d77\u6e56-\u90ce\u6728\u5bfa 8\u65e5\u6e38","trade_status":"TRADE_FINISHED","is_total_fee_adjust":"N","total_fee":"3280.00","gmt_payment":"2017-07-21 16:22:56","seller_email":"2287684289@qq.com","gmt_close":"2017-10-22 16:23:56","price":"3280.00","buyer_id":"2088412911088862","notify_id":"cf703b16c0de674f287ce672d5a9d25mmy","use_coupon":"N","sign_type":"MD5","sign":"5f05c314ce70654c2addb8108841a816"}
[2017-10-22 16:23:56][info] 数据存储反馈成功！
[2017-10-22 16:23:56][info] success
[2017-10-22 16:23:56][info] 写入结束!!!
[2017-10-22 18:04:10][info] ----------------------------------------
[2017-10-22 18:04:10][info] {"discount":"0.00","payment_type":"1","trade_no":"2017072121001004980203951301","subject":"\u7518\u5357\u5168\u666f","buyer_email":"13986105059","gmt_create":"2017-07-21 18:02:26","notify_type":"trade_status_sync","quantity":"1","out_trade_no":"LX-17072117485186601-2","seller_id":"2088421286007493","notify_time":"2017-10-22 18:04:10","body":"2017\u5e74\u72ec\u5bb6  \u62c9\u535c\u695e\u5bfa-\u624e\u5c15\u90a3-\u82b1\u6e56-\u5e74\u5b9d\u7389\u5219-\u82e5\u5c14\u76d6\u8349\u539f-\u963f\u4e07\u4ed3\u6e7f\u5730-\u5c15\u6d77\u6e56-\u90ce\u6728\u5bfa 8\u65e5\u6e38","trade_status":"TRADE_FINISHED","is_total_fee_adjust":"N","total_fee":"16400.00","gmt_payment":"2017-07-21 18:03:30","seller_email":"2287684289@qq.com","gmt_close":"2017-10-22 18:04:10","price":"16400.00","buyer_id":"2088802182792984","notify_id":"bdcbc3468633ca2549a088c36861a26nka","use_coupon":"N","sign_type":"MD5","sign":"a4b0fc1b9f28125a39422f50d04130d7"}
[2017-10-22 18:04:10][info] 数据存储反馈成功！
[2017-10-22 18:04:10][info] success
[2017-10-22 18:04:10][info] 写入结束!!!
[2017-10-22 18:44:04][info] ----------------------------------------
[2017-10-22 18:44:04][info] {"discount":"0.00","payment_type":"1","trade_no":"2017072121001004110292716800","subject":"\u7518\u5357\u5168\u666f","buyer_email":"13957878415","gmt_create":"2017-07-21 18:43:10","notify_type":"trade_status_sync","quantity":"1","out_trade_no":"LX-17072117561685106-7","seller_id":"2088421286007493","notify_time":"2017-10-22 18:44:04","body":"2017\u5e74\u72ec\u5bb6  \u62c9\u535c\u695e\u5bfa-\u624e\u5c15\u90a3-\u82b1\u6e56-\u5e74\u5b9d\u7389\u5219-\u82e5\u5c14\u76d6\u8349\u539f-\u963f\u4e07\u4ed3\u6e7f\u5730-\u5c15\u6d77\u6e56-\u90ce\u6728\u5bfa 8\u65e5\u6e38","trade_status":"TRADE_FINISHED","is_total_fee_adjust":"N","total_fee":"3280.00","gmt_payment":"2017-07-21 18:43:15","seller_email":"2287684289@qq.com","gmt_close":"2017-10-22 18:44:04","price":"3280.00","buyer_id":"2088912201141115","notify_id":"de1f3048e37e1228c3e3497373ec94bgum","use_coupon":"N","sign_type":"MD5","sign":"2684ef1b434b076ba33d54502323ba2e"}
[2017-10-22 18:44:04][info] 数据存储反馈成功！
[2017-10-22 18:44:04][info] success
[2017-10-22 18:44:04][info] 写入结束!!!
[2017-10-22 19:01:02][info] ----------------------------------------
[2017-10-22 19:01:02][info] {"discount":"0.00","payment_type":"1","trade_no":"2017072121001004900288969157","subject":"\u9752\u6d77\u6e56\u73af\u6e565\u65e5\u6df1\u5ea6\u6e38","buyer_email":"13851888814","gmt_create":"2017-07-21 19:00:05","notify_type":"trade_status_sync","quantity":"1","out_trade_no":"LX-17072117162774906-7","seller_id":"2088421286007493","notify_time":"2017-10-22 19:01:02","body":"\u8336\u5361\u3001\u95e8\u6e90\u3001\u7941\u8fde\u3001\u7cbe\u534e300\u00b0\u9752\u6d77\u6e56\u73af\u6e56","trade_status":"TRADE_FINISHED","is_total_fee_adjust":"N","total_fee":"4960.00","gmt_payment":"2017-07-21 19:00:11","seller_email":"2287684289@qq.com","gmt_close":"2017-10-22 19:01:02","price":"4960.00","buyer_id":"2088202325092904","notify_id":"b4412f0aa21425b125bc22b21aaf6f7my2","use_coupon":"N","sign_type":"MD5","sign":"a3de0cf96352dc9bd54f907595619545"}
[2017-10-22 19:01:02][info] 数据存储反馈成功！
[2017-10-22 19:01:02][info] success
[2017-10-22 19:01:02][info] 写入结束!!!
[2017-10-22 19:43:03][info] ----------------------------------------
[2017-10-22 19:43:03][info] {"discount":"0.00","payment_type":"1","trade_no":"2017072121001004330210037314","subject":"\u5317\u7586\u5dc5\u5cf0","buyer_email":"nchen@gist.edu.cn","gmt_create":"2017-07-21 19:40:55","notify_type":"trade_status_sync","quantity":"1","out_trade_no":"LX-17072119120260806-2","seller_id":"2088421286007493","notify_time":"2017-10-22 19:43:03","body":"\u79be\u672848\u5c0f\u65f6-\u5580\u7eb3\u65af-\u767d\u54c8\u5df4-\u4e94\u5f69\u6ee9-\u53cc\u53676\u65e5\u6e38","trade_status":"TRADE_FINISHED","is_total_fee_adjust":"N","total_fee":"6800.00","gmt_payment":"2017-07-21 19:42:35","seller_email":"2287684289@qq.com","gmt_close":"2017-10-22 19:43:03","price":"6800.00","buyer_id":"2088102405423335","notify_id":"cd1a410281e85b9893a7b328dc4e0d2ijq","use_coupon":"N","sign_type":"MD5","sign":"dcb0096bfeeb16e043d17eafdea97847"}
[2017-10-22 19:43:04][info] 数据存储反馈成功！
[2017-10-22 19:43:04][info] success
[2017-10-22 19:43:04][info] 写入结束!!!
[2017-10-22 21:10:04][info] ----------------------------------------
[2017-10-22 21:10:04][info] {"discount":"0.00","payment_type":"1","trade_no":"2017072121001004330210198935","subject":"\u575d\u4e0a\u4f11\u95f2B\u7ebf","buyer_email":"whitecell_ben@hotmail.com","gmt_create":"2017-07-21 21:08:36","notify_type":"trade_status_sync","quantity":"1","out_trade_no":"LX-17072110083587401-f","seller_id":"2088421286007493","notify_time":"2017-10-22 21:10:04","body":"2017\u72ec\u5bb6\u575d\u4e0a\u73af\u7ebf\uff1a\u7a7f\u8d8a\u8349\u539f\u5929\u8def\uff0c\u6492\u6b22\u4e4c\u5170\u5e03\u7edf\uff0c\u627f\u5fb7\u907f\u6691\u5c71\u5e84\uff0c\u91d1\u5c71\u5cad\u957f\u57ce\/\u6155\u7530\u5cea\u957f\u57ce7\u65e5\uff08\u5168\u666f\u4e4b\u65c5\uff0c\u7f8e\u666f\u4e00\u7f51\u6253\u5c3d\uff09","trade_status":"TRADE_FINISHED","is_total_fee_adjust":"N","total_fee":"6370.00","gmt_payment":"2017-07-21 21:09:02","seller_email":"2287684289@qq.com","gmt_close":"2017-10-22 21:10:04","price":"6370.00","buyer_id":"2088002048776330","notify_id":"bcf7808eac04f294a29d0d753e48df6ijq","use_coupon":"N","sign_type":"MD5","sign":"2ed0d3fa22decdd1bf7ae16be9127e22"}
[2017-10-22 21:10:04][info] 数据存储反馈成功！
[2017-10-22 21:10:04][info] success
[2017-10-22 21:10:04][info] 写入结束!!!
[2017-10-22 22:14:51][info] ----------------------------------------
[2017-10-22 22:14:51][info] {"discount":"0.00","payment_type":"1","trade_no":"2017072121001004800271899536","subject":"\u9189\u7f8e\u666e\u8005\u9ed1","buyer_email":"13361018082","gmt_create":"2017-07-21 22:14:26","notify_type":"trade_status_sync","quantity":"1","out_trade_no":"LX-17072014312891406-2","seller_id":"2088421286007493","notify_time":"2017-10-22 22:14:51","body":"\u300a\u4e09\u751f\u4e09\u4e16\u300b\u666e\u8005\u9ed1\u2014\u4e16\u5916\u6843\u6e90\u575d\u7f8e\u2014\u9a6c\u5cad\u6cb3\u5927\u5ce1\u8c37\u2014\u9189\u7f8e\u4e07\u5cf0\u6797\u2014\u4e07\u5cf0\u6e56\u2014\u629a\u4ed9\u6e568\u65e5\u6df1\u5ea6\u6e38","trade_status":"TRADE_FINISHED","is_total_fee_adjust":"N","total_fee":"3480.00","gmt_payment":"2017-07-21 22:14:43","seller_email":"2287684289@qq.com","gmt_close":"2017-10-22 22:14:51","price":"3480.00","buyer_id":"2088702330232802","notify_id":"3feaf9c5d5485e22dd40f8fb5822238m6a","use_coupon":"N","sign_type":"MD5","sign":"959d2864da2d1d1ea48e6b0a5c895b87"}
[2017-10-22 22:14:51][info] 数据存储反馈成功！
[2017-10-22 22:14:51][info] success
[2017-10-22 22:14:51][info] 写入结束!!!
[2017-10-22 22:16:07][info] ----------------------------------------
[2017-10-22 22:16:07][info] {"discount":"0.00","payment_type":"1","trade_no":"2017072121001004160271737821","subject":"\u65b0\u7586\u5168\u666f","buyer_email":"3045237@qq.com","gmt_create":"2017-07-21 22:15:11","notify_type":"trade_status_sync","quantity":"1","out_trade_no":"LX-17072015011845306-4","seller_id":"2088421286007493","notify_time":"2017-10-22 22:16:07","body":"\u5580\u7eb3\u65af-\u79be\u6728-\u8d5b\u91cc\u6728\u6e56-\u85b0\u8863\u8349\u519c\u573a-\u5580\u62c9\u5cfb-\u90a3\u62c9\u63d0-\u5df4\u97f3\u5e03\u9c81\u514b-\u6c5f\u5e03\u62c9\u514b-\u4e94\u5f69\u6ee9-\u5410\u9c81\u756a13\u65e5\u6e38","trade_status":"TRADE_FINISHED","is_total_fee_adjust":"N","total_fee":"5380.00","gmt_payment":"2017-07-21 22:15:20","seller_email":"2287684289@qq.com","gmt_close":"2017-10-22 22:16:07","price":"5380.00","buyer_id":"2088002180523160","notify_id":"6d0a6565fe5e20b20289ea3bbc0da98h8i","use_coupon":"N","sign_type":"MD5","sign":"077dc8c1ed796b3c638c5f94d2a09055"}
[2017-10-22 22:16:07][info] 数据存储反馈成功！
[2017-10-22 22:16:07][info] success
[2017-10-22 22:16:07][info] 写入结束!!!
[2017-10-22 22:23:52][info] ----------------------------------------
[2017-10-22 22:23:52][info] {"discount":"0.00","payment_type":"1","trade_no":"2017072121001004010238400417","subject":"\u5317\u7586\u5dc5\u5cf0","buyer_email":"15827082493","gmt_create":"2017-07-21 22:06:43","notify_type":"trade_status_sync","quantity":"1","out_trade_no":"LX-1707211817589706-5","seller_id":"2088421286007493","notify_time":"2017-10-22 22:23:52","body":"\u79be\u672848\u5c0f\u65f6-\u5580\u7eb3\u65af-\u767d\u54c8\u5df4-\u4e94\u5f69\u6ee9-\u53cc\u53676\u65e5\u6e38","trade_status":"TRADE_FINISHED","is_total_fee_adjust":"N","total_fee":"7400.00","gmt_payment":"2017-07-21 22:22:54","seller_email":"2287684289@qq.com","gmt_close":"2017-10-22 22:23:52","price":"7400.00","buyer_id":"2088702860953017","notify_id":"ba64d1eff3782c61ff0a6d75f812836g2u","use_coupon":"N","sign_type":"MD5","sign":"effd79a01c2f127edc83eda39bfa4acc"}
[2017-10-22 22:23:52][info] 数据存储反馈成功！
[2017-10-22 22:23:52][info] success
[2017-10-22 22:23:52][info] 写入结束!!!
