[2017-08-05 05:56:41][info] ----------------------------------------
[2017-08-05 05:56:41][info] {"discount":"0.00","payment_type":"1","trade_no":"2017080521001004860200992542","subject":"\u5317\u7586\u91d1\u79cb\u81f3\u5c0a10\u65e5\u6e38","buyer_email":"yuan04801@sina.com","gmt_create":"2017-08-05 05:56:35","notify_type":"trade_status_sync","quantity":"1","out_trade_no":"LX-17080421084760301-9","seller_id":"2088421286007493","notify_time":"2017-08-05 05:56:41","body":"38\u5c0f\u65f6\u79be\u6728-\u5580\u7eb3\u65af-\u767d\u54c8\u5df4-\u53ef\u53ef\u82cf\u91cc\u6e56-\u53ef\u53ef\u6258\u6d77-\u4e94\u5f69\u6ee9-\u9b54\u9b3c\u57ce10\u65e5\u5927\u73af\u7ebf","trade_status":"TRADE_SUCCESS","is_total_fee_adjust":"N","total_fee":"2440.00","gmt_payment":"2017-08-05 05:56:40","seller_email":"2287684289@qq.com","price":"2440.00","buyer_id":"2088002055372868","notify_id":"35ac8bd4a24e6c5786bfc81cc84d783mmy","use_coupon":"N","sign_type":"MD5","sign":"cedbb12c31c8fa9dbc0a75ef64545829"}
[2017-08-05 05:56:41][info] 数据存储反馈成功！
[2017-08-05 05:56:41][info] success
[2017-08-05 05:56:41][info] 写入结束!!!
[2017-08-05 06:38:49][info] ----------------------------------------
[2017-08-05 06:38:49][info] {"discount":"0.00","payment_type":"1","trade_no":"2017080521001004040274304963","subject":"\u4e1d\u7ef8\u4e4b\u8def\u8f7b\u5962\u6e38","buyer_email":"ouyiju@163.com","gmt_create":"2017-08-05 06:38:39","notify_type":"trade_status_sync","quantity":"1","out_trade_no":"LX-17062913113853406-e","seller_id":"2088421286007493","notify_time":"2017-08-05 06:38:49","body":"\u9752\u6d77\u6e56-\u8336\u5361\u76d0\u6e56-\u6c99\u5c9b-\u7941\u8fde\u5c71-\u5f20\u6396-\u5609\u5cea\u5173-\u6566\u714c9\u65e5\u6e38","trade_status":"TRADE_SUCCESS","is_total_fee_adjust":"N","total_fee":"10960.00","gmt_payment":"2017-08-05 06:38:49","seller_email":"2287684289@qq.com","price":"10960.00","buyer_id":"2088102173474047","notify_id":"ca6c26a56845ff7a0f1b2a7e4537b40gb6","use_coupon":"N","sign_type":"MD5","sign":"43ed3db3f50ed854a31d2c1da89ccd4f"}
[2017-08-05 06:38:50][info] 数据存储反馈成功！
[2017-08-05 06:38:50][info] success
[2017-08-05 06:38:50][info] 写入结束!!!
[2017-08-05 09:20:03][info] ----------------------------------------
[2017-08-05 09:20:03][info] {"discount":"0.00","payment_type":"1","trade_no":"2017080521001004650201051167","subject":"\u9189\u7f8e\u666e\u8005\u9ed1","buyer_email":"13572209458","gmt_create":"2017-08-05 09:19:50","notify_type":"trade_status_sync","quantity":"1","out_trade_no":"LX-17080419314427506-3","seller_id":"2088421286007493","notify_time":"2017-08-05 09:20:03","body":"\u300a\u4e09\u751f\u4e09\u4e16\u300b\u666e\u8005\u9ed1\u2014\u4e16\u5916\u6843\u6e90\u575d\u7f8e\u2014\u9a6c\u5cad\u6cb3\u5927\u5ce1\u8c37\u2014\u9189\u7f8e\u4e07\u5cf0\u6797\u2014\u4e07\u5cf0\u6e56\u2014\u629a\u4ed9\u6e568\u65e5\u6df1\u5ea6\u6e38","trade_status":"TRADE_SUCCESS","is_total_fee_adjust":"N","total_fee":"6960.00","gmt_payment":"2017-08-05 09:20:02","seller_email":"2287684289@qq.com","price":"6960.00","buyer_id":"2088602043300651","notify_id":"89bd25c8599c0f73bc8a83fb4877a71l0m","use_coupon":"N","sign_type":"MD5","sign":"4cdbb3d6b68eb4c5bc2ecb8915b18a8d"}
[2017-08-05 09:20:03][info] 数据存储反馈成功！
[2017-08-05 09:20:03][info] success
[2017-08-05 09:20:03][info] 写入结束!!!
[2017-08-05 09:45:44][info] ----------------------------------------
[2017-08-05 09:45:44][info] {"discount":"0.00","payment_type":"1","trade_no":"2017080521001004800206106963","subject":"\u4e1d\u7ef8\u4e4b\u8def\u7cbe\u534e\u4e03\u65e5\u6e38","buyer_email":"dinglimin@sohu.com","gmt_create":"2017-08-05 09:45:33","notify_type":"trade_status_sync","quantity":"1","out_trade_no":"LX-17080313181886806-9","seller_id":"2088421286007493","notify_time":"2017-08-05 09:45:44","body":"2017\u5e74\u9752\u6d77\u6e56-\u8336\u5361\u76d0\u6e56-\u6566\u714c-\u5609\u5cea\u5173-\u5f20\u6396\u4e39\u971e\u4e03\u65e5\u6e38","trade_status":"TRADE_SUCCESS","is_total_fee_adjust":"N","total_fee":"3180.00","gmt_payment":"2017-08-05 09:45:43","seller_email":"2287684289@qq.com","price":"3180.00","buyer_id":"2088002397030806","notify_id":"e175de21006ee02a3e66ac257192172m6a","use_coupon":"N","sign_type":"MD5","sign":"f49a5cda0643917a5875551047c0022d"}
[2017-08-05 09:45:44][info] 数据存储反馈成功！
[2017-08-05 09:45:44][info] success
[2017-08-05 09:45:44][info] 写入结束!!!
[2017-08-05 10:00:39][info] ----------------------------------------
[2017-08-05 10:00:39][info] {"discount":"0.00","payment_type":"1","trade_no":"2017080521001004400294653263","subject":"\u575d\u4e0a\u4f11\u95f2B\u7ebf","buyer_email":"15839573526","gmt_create":"2017-08-05 09:59:40","notify_type":"trade_status_sync","quantity":"1","out_trade_no":"LX-17080509451589001-9","seller_id":"2088421286007493","notify_time":"2017-08-05 10:00:39","body":"2017\u72ec\u5bb6\u575d\u4e0a\u73af\u7ebf\uff1a\u7a7f\u8d8a\u8349\u539f\u5929\u8def\uff0c\u6492\u6b22\u4e4c\u5170\u5e03\u7edf\uff0c\u627f\u5fb7\u907f\u6691\u5c71\u5e84\uff0c\u91d1\u5c71\u5cad\u957f\u57ce\/\u6155\u7530\u5cea\u957f\u57ce7\u65e5\uff08\u5168\u666f\u4e4b\u65c5\uff0c\u7f8e\u666f\u4e00\u7f51\u6253\u5c3d\uff09","trade_status":"TRADE_SUCCESS","is_total_fee_adjust":"N","total_fee":"14400.00","gmt_payment":"2017-08-05 10:00:38","seller_email":"2287684289@qq.com","price":"14400.00","buyer_id":"2088612230407401","notify_id":"00a129e379f86ea611c0092703ff0ffj36","use_coupon":"N","sign_type":"MD5","sign":"7da6704b72d0287a3f9add358d809d0a"}
[2017-08-05 10:00:39][info] 数据存储反馈成功！
[2017-08-05 10:00:39][info] success
[2017-08-05 10:00:39][info] 写入结束!!!
[2017-08-05 10:18:21][info] ----------------------------------------
[2017-08-05 10:18:21][info] {"discount":"0.00","payment_type":"1","trade_no":"2017080521001004100288262463","subject":"\u4e1d\u7ef8\u4e4b\u8def\u5168\u666f\u6e389\u65e5","buyer_email":"13185753585","gmt_create":"2017-08-05 10:10:58","notify_type":"trade_status_sync","quantity":"1","out_trade_no":"LX-1707312059021206-3","seller_id":"2088421286007493","notify_time":"2017-08-05 10:18:21","body":"\u72ec\u5bb6\u6c34\u4e0a\u9b54\u9b3c\u57ce-\u65e0\u4eba\u533a\u539f\u751f\u6001\u96c5\u4e39\u63a2\u79d8-\u9752\u6d77\u6e56-\u8336\u5361\u76d0\u6e56-\u83ab\u9ad8\u7a9f-\u9e23\u6c99\u5c71\u6708\u7259\u6cc9-\u5f20\u6396\u4e39\u971e-\u5353\u5c14\u5c719\u65e5\u6e38","trade_status":"TRADE_SUCCESS","is_total_fee_adjust":"N","total_fee":"2780.00","gmt_payment":"2017-08-05 10:18:20","seller_email":"2287684289@qq.com","price":"2780.00","buyer_id":"2088902008458109","notify_id":"86f534c4947ad103e4ba1112e3f76e2gru","use_coupon":"N","sign_type":"MD5","sign":"1d32407e2e681265089d9a83f4c0a661"}
[2017-08-05 10:18:21][info] 数据存储反馈成功！
[2017-08-05 10:18:21][info] success
[2017-08-05 10:18:21][info] 写入结束!!!
[2017-08-05 11:02:34][info] ----------------------------------------
[2017-08-05 11:02:34][info] {"discount":"0.00","payment_type":"1","trade_no":"2017080521001004910209816610","subject":"\u989d\u6d4e\u7eb3\u6444\u5f71B\u7ebf","buyer_email":"fuli508@163.com","gmt_create":"2017-08-05 11:00:35","notify_type":"trade_status_sync","quantity":"1","out_trade_no":"LX-17080510423233701-1","seller_id":"2088421286007493","notify_time":"2017-08-05 11:02:34","body":"\u989d\u6d4e\u7eb3\u80e1\u6768\u6797-\u5df4\u4e39\u5409\u6797\u8179\u5730-\u91d1\u5854\u80e1\u6768\u6797-\u602a\u6811\u6797-\u516b\u65e5","trade_status":"TRADE_SUCCESS","is_total_fee_adjust":"N","total_fee":"4980.00","gmt_payment":"2017-08-05 11:02:33","seller_email":"2287684289@qq.com","price":"4980.00","buyer_id":"2088002338372916","notify_id":"11208e165d51faf55696762a002cd41n0u","use_coupon":"N","sign_type":"MD5","sign":"af84ff18cee28d893d1c0df90ffca2d6"}
[2017-08-05 11:02:35][info] 数据存储反馈成功！
[2017-08-05 11:02:35][info] success
[2017-08-05 11:02:35][info] 写入结束!!!
[2017-08-05 12:08:00][info] ----------------------------------------
[2017-08-05 12:08:00][info] {"discount":"0.00","payment_type":"1","trade_no":"2017080521001004990299194686","subject":"\u65b0\u7586\u91d1\u79cb\u5927\u73af\u7ebf","buyer_email":"13679873109","gmt_create":"2017-08-05 12:07:35","notify_type":"trade_status_sync","quantity":"1","out_trade_no":"LX-17080511381257401-9","seller_id":"2088421286007493","notify_time":"2017-08-05 12:08:00","body":"\u5580\u7eb3\u65af-\u79be\u6728-\u767d\u54c8\u5df4-\u8d5b\u91cc\u6728\u6e56-\u5df4\u97f3\u5e03\u9c81\u514b-\u5410\u9c81\u756a-\u5854\u91cc\u6728\u6cb3\u80e1\u6768\u679712\u65e5\u6df1\u5ea6\u6e38","trade_status":"TRADE_SUCCESS","is_total_fee_adjust":"N","total_fee":"5210.00","gmt_payment":"2017-08-05 12:07:59","seller_email":"2287684289@qq.com","price":"5210.00","buyer_id":"2088912866473990","notify_id":"2e48116832a688df6dcbce8a2d98ba0nn2","use_coupon":"N","sign_type":"MD5","sign":"d1d54e94a66ebb034a9686342380c3e5"}
[2017-08-05 12:08:00][info] 数据存储反馈成功！
[2017-08-05 12:08:00][info] success
[2017-08-05 12:08:00][info] 写入结束!!!
[2017-08-05 13:24:13][info] ----------------------------------------
[2017-08-05 13:24:13][info] {"discount":"0.00","payment_type":"1","trade_no":"2017080521001004310239310532","subject":"\u7518\u5357\u5168\u666f","buyer_email":"lh-yao@163.com","gmt_create":"2017-08-05 13:23:49","notify_type":"trade_status_sync","quantity":"1","out_trade_no":"LX-17080513202061006-2","seller_id":"2088421286007493","notify_time":"2017-08-05 13:24:13","body":"2017\u5e74\u72ec\u5bb6  \u62c9\u535c\u695e\u5bfa-\u624e\u5c15\u90a3-\u82b1\u6e56-\u5e74\u5b9d\u7389\u5219-\u82e5\u5c14\u76d6\u8349\u539f-\u963f\u4e07\u4ed3\u6e7f\u5730-\u5c15\u6d77\u6e56-\u90ce\u6728\u5bfa 8\u65e5\u6e38","trade_status":"TRADE_SUCCESS","is_total_fee_adjust":"N","total_fee":"6560.00","gmt_payment":"2017-08-05 13:24:12","seller_email":"2287684289@qq.com","price":"6560.00","buyer_id":"2088102927721311","notify_id":"a95b99a5f60086a254a02f8e42b3312ie6","use_coupon":"N","sign_type":"MD5","sign":"bc0ea56a0bc27f95606fd5ebcb69d9b4"}
[2017-08-05 13:24:13][info] 数据存储反馈成功！
[2017-08-05 13:24:13][info] success
[2017-08-05 13:24:13][info] 写入结束!!!
[2017-08-05 14:09:05][info] ----------------------------------------
[2017-08-05 14:09:05][info] {"discount":"0.00","payment_type":"1","trade_no":"2017080521001004250263947687","subject":"\u4e1d\u7ef8\u4e4b\u8def\u7cbe\u534e\u4e03\u65e5\u6e38","buyer_email":"byrenzhang@163.com","gmt_create":"2017-08-05 14:08:37","notify_type":"trade_status_sync","quantity":"1","out_trade_no":"LX-17072621505283001-d","seller_id":"2088421286007493","notify_time":"2017-08-05 14:09:05","body":"2017\u5e74\u9752\u6d77\u6e56-\u8336\u5361\u76d0\u6e56-\u6566\u714c-\u5609\u5cea\u5173-\u5f20\u6396\u4e39\u971e\u4e03\u65e5\u6e38","trade_status":"TRADE_SUCCESS","is_total_fee_adjust":"N","total_fee":"4120.00","gmt_payment":"2017-08-05 14:09:05","seller_email":"2287684289@qq.com","price":"4120.00","buyer_id":"2088202322805251","notify_id":"45610bd0a5fae2a73f5cd11a0697b19hxi","use_coupon":"N","sign_type":"MD5","sign":"97ca02dbb3a8b6b9131572c1209d4dc4"}
[2017-08-05 14:09:06][info] 数据存储反馈成功！
[2017-08-05 14:09:06][info] success
[2017-08-05 14:09:06][info] 写入结束!!!
[2017-08-05 14:12:59][info] ----------------------------------------
[2017-08-05 14:12:59][info] {"discount":"0.00","payment_type":"1","trade_no":"2017080521001004570293599826","subject":"\u65b0\u7586\u91d1\u79cb\u5927\u73af\u7ebf","buyer_email":"ziwulanyan@163.com","gmt_create":"2017-08-05 14:12:22","notify_type":"trade_status_sync","quantity":"1","out_trade_no":"LX-17080417233431006-5","seller_id":"2088421286007493","notify_time":"2017-08-05 14:12:59","body":"\u5580\u7eb3\u65af-\u79be\u6728-\u767d\u54c8\u5df4-\u8d5b\u91cc\u6728\u6e56-\u5df4\u97f3\u5e03\u9c81\u514b-\u5410\u9c81\u756a-\u5854\u91cc\u6728\u6cb3\u80e1\u6768\u679712\u65e5\u6df1\u5ea6\u6e38","trade_status":"TRADE_SUCCESS","is_total_fee_adjust":"N","total_fee":"16140.00","gmt_payment":"2017-08-05 14:12:58","seller_email":"2287684289@qq.com","price":"16140.00","buyer_id":"2088102121833579","notify_id":"bea09c9606763dfd6fd39691dcd99f4kee","use_coupon":"N","sign_type":"MD5","sign":"45794626923ca299dd65115a6ec90f50"}
[2017-08-05 14:12:59][info] 数据存储反馈成功！
[2017-08-05 14:12:59][info] success
[2017-08-05 14:12:59][info] 写入结束!!!
[2017-08-05 14:15:33][info] ----------------------------------------
[2017-08-05 14:15:33][info] {"discount":"0.00","payment_type":"1","trade_no":"2017080521001004870282386304","subject":"\u7518\u5357\u5168\u666f","buyer_email":"13731158769","gmt_create":"2017-08-05 14:15:26","notify_type":"trade_status_sync","quantity":"1","out_trade_no":"LX-1708050944288606-1","seller_id":"2088421286007493","notify_time":"2017-08-05 14:15:32","body":"2017\u5e74\u72ec\u5bb6  \u62c9\u535c\u695e\u5bfa-\u624e\u5c15\u90a3-\u82b1\u6e56-\u5e74\u5b9d\u7389\u5219-\u82e5\u5c14\u76d6\u8349\u539f-\u963f\u4e07\u4ed3\u6e7f\u5730-\u5c15\u6d77\u6e56-\u90ce\u6728\u5bfa 8\u65e5\u6e38","trade_status":"TRADE_SUCCESS","is_total_fee_adjust":"N","total_fee":"6400.00","gmt_payment":"2017-08-05 14:15:32","seller_email":"2287684289@qq.com","price":"6400.00","buyer_id":"2088902809955874","notify_id":"28fced04692c179a1bfa0fcfb5f4705mpq","use_coupon":"N","sign_type":"MD5","sign":"4adc77cce8d0eaf401e5804b548af33f"}
[2017-08-05 14:15:33][info] 数据存储反馈成功！
[2017-08-05 14:15:33][info] success
[2017-08-05 14:15:33][info] 写入结束!!!
[2017-08-05 14:49:04][info] ----------------------------------------
[2017-08-05 14:49:04][info] {"discount":"0.00","payment_type":"1","trade_no":"2017080521001004630241460556","subject":"\u989d\u6d4e\u7eb3\u5168\u666f","buyer_email":"18961702111","gmt_create":"2017-08-05 14:48:38","notify_type":"trade_status_sync","quantity":"1","out_trade_no":"LX-1708031654215806-c","seller_id":"2088421286007493","notify_time":"2017-08-05 14:49:04","body":"\u989d\u6d4e\u7eb3\u80e1\u6768\u6797-\u6566\u714c\u5168\u666f-\u5df4\u4e39\u5409\u6797-\u5f20\u6396\u4e39\u971e-\u5609\u5cea\u5173-\u91d1\u5854\u80e1\u6768\u6797-\u52a8\u8f668\u65e5","trade_status":"TRADE_SUCCESS","is_total_fee_adjust":"N","total_fee":"10450.00","gmt_payment":"2017-08-05 14:49:03","seller_email":"2287684289@qq.com","price":"10450.00","buyer_id":"2088202685682630","notify_id":"4ce75906c7f248edc3cd93751c7b152kv2","use_coupon":"N","sign_type":"MD5","sign":"3cdd47ae04e083f747fe123df22b89f9"}
[2017-08-05 14:49:05][info] 数据存储反馈成功！
[2017-08-05 14:49:05][info] success
[2017-08-05 14:49:05][info] 写入结束!!!
[2017-08-05 14:57:04][info] ----------------------------------------
[2017-08-05 14:57:04][info] {"discount":"0.00","payment_type":"1","trade_no":"2017050421001004770256495959","subject":"\u897f\u85cf\u5f80\u897f","buyer_email":"13911992688","gmt_create":"2017-05-04 14:55:54","notify_type":"trade_status_sync","quantity":"1","out_trade_no":"LX-17050414050993806-d","seller_id":"2088421286007493","notify_time":"2017-08-05 14:57:04","body":"2017\u5e74\u963f\u91cc\u5357\u7ebf\u671d\u5723\u8f6c\u5c71 \u5fc3\u7075\u796d\u62dc12\u65e5","trade_status":"TRADE_FINISHED","is_total_fee_adjust":"N","total_fee":"6380.00","gmt_payment":"2017-05-04 14:56:39","seller_email":"2287684289@qq.com","gmt_close":"2017-08-05 14:57:03","price":"6380.00","buyer_id":"2088212264634772","notify_id":"4c009899f68db9475922ff431362370lxy","use_coupon":"N","sign_type":"MD5","sign":"5ee6d8af456e09971c433be26a8dc5fa"}
[2017-08-05 14:57:04][info] 数据存储反馈成功！
[2017-08-05 14:57:04][info] success
[2017-08-05 14:57:04][info] 写入结束!!!
[2017-08-05 15:45:47][info] ----------------------------------------
[2017-08-05 15:45:47][info] {"discount":"0.00","payment_type":"1","trade_no":"2017080521001004370242484136","subject":"\u4e1d\u8def\u5dc5\u5cf0\u4f53\u9a8c\u4e5d\u65e5\u6e38B\u7ebf","buyer_email":"18223162772","gmt_create":"2017-08-05 15:43:53","notify_type":"trade_status_sync","quantity":"1","out_trade_no":"LX-17080512091846306-2","seller_id":"2088421286007493","notify_time":"2017-08-05 15:45:47","body":"\u9752\u6d77\u6e56-\u8336\u5361\u76d0\u6e56-\u9e23\u6c99\u5c71\u6708\u7259\u6cc9-\u83ab\u9ad8\u7a9f-\u96c5\u4e39\u9b54\u9b3c\u57ce-\u5609\u5cea\u5173-\u5f20\u6396\u4e39\u971e-\u9a6c\u8e44\u5bfa-\u5353\u5c14\u5c71\u8f7b\u5962\u52a8\u8f669\u65e5\u6e38","trade_status":"TRADE_SUCCESS","is_total_fee_adjust":"N","total_fee":"12240.00","gmt_payment":"2017-08-05 15:45:47","seller_email":"2287684289@qq.com","price":"12240.00","buyer_id":"2088512157640371","notify_id":"0475626740ba5b38602251bf9e7ad7eiuu","use_coupon":"N","sign_type":"MD5","sign":"6f61858defca7008505623683689c8ce"}
[2017-08-05 15:45:47][info] 数据存储反馈成功！
[2017-08-05 15:45:47][info] success
[2017-08-05 15:45:47][info] 写入结束!!!
[2017-08-05 18:31:53][info] ----------------------------------------
[2017-08-05 18:31:53][info] {"discount":"0.00","payment_type":"1","trade_no":"2017050421001004240205760661","subject":"\u4e1d\u7ef8\u4e4b\u8def\u7ecf\u5178\u6e38","buyer_email":"15397100185","gmt_create":"2017-05-04 18:31:05","notify_type":"trade_status_sync","quantity":"1","out_trade_no":"LX-17011818190210027-2","seller_id":"2088421286007493","notify_time":"2017-08-05 18:31:53","body":"\u9752\u6d77\u6e56-\u7941\u8fde\u5c71-\u6566\u714c-\u5f20\u6396-\u8336\u5361\u76d0\u6e56\u4e5d\u65e5\u6df1\u5ea6\u6e38","trade_status":"TRADE_FINISHED","is_total_fee_adjust":"N","total_fee":"790.00","gmt_payment":"2017-05-04 18:31:21","seller_email":"2287684289@qq.com","gmt_close":"2017-08-05 18:31:53","price":"790.00","buyer_id":"2088502698917241","notify_id":"01043c62af50d9299019699bfc0de8bhuq","use_coupon":"N","sign_type":"MD5","sign":"05958fab907a127e42c5053793b02dc8"}
[2017-08-05 18:31:53][info] 数据存储反馈成功！
[2017-08-05 18:31:53][info] success
[2017-08-05 18:31:53][info] 写入结束!!!
[2017-08-05 20:59:04][info] ----------------------------------------
[2017-08-05 20:59:04][info] {"discount":"0.00","payment_type":"1","trade_no":"2017080521001004080289099746","subject":"\u5580\u7eb3\u65af\u4e4b\u590f","buyer_email":"pxf78@sina.com","gmt_create":"2017-08-05 20:58:58","notify_type":"trade_status_sync","quantity":"1","out_trade_no":"LX-17071812480466106-2","seller_id":"2088421286007493","notify_time":"2017-08-05 20:59:04","body":"2017\u5e747\uff5e8\u6708 \u5929\u5c71\u5929\u6c60-\u5410\u9c81\u756a-\u5580\u7eb3\u65af-\u767d\u54c8\u5df4-\u4e94\u5f69\u6ee9-\u9b54\u9b3c\u57ce-\u79be\u6728\u6df1\u5ea6\u4e5d\u65e5\u6e38","trade_status":"TRADE_SUCCESS","is_total_fee_adjust":"N","total_fee":"4680.00","gmt_payment":"2017-08-05 20:59:04","seller_email":"2287684289@qq.com","price":"4680.00","buyer_id":"2088302465516084","notify_id":"f43a9c48b0a6692e4d6f560a7337ad1gma","use_coupon":"N","sign_type":"MD5","sign":"71f80243e744c04e6aadd351400fa19a"}
[2017-08-05 20:59:05][info] 数据存储反馈成功！
[2017-08-05 20:59:05][info] success
[2017-08-05 20:59:05][info] 写入结束!!!
[2017-08-05 23:04:11][info] ----------------------------------------
[2017-08-05 23:04:11][info] {"discount":"0.00","payment_type":"1","trade_no":"2017080521001004680274803913","subject":"\u4e1d\u8def\u5dc5\u5cf0\u4f53\u9a8c\u4e5d\u65e5\u6e38B\u7ebf","buyer_email":"17707288878","gmt_create":"2017-08-05 23:03:51","notify_type":"trade_status_sync","quantity":"1","out_trade_no":"LX-17080509593532506-3","seller_id":"2088421286007493","notify_time":"2017-08-05 23:04:11","body":"\u9752\u6d77\u6e56-\u8336\u5361\u76d0\u6e56-\u9e23\u6c99\u5c71\u6708\u7259\u6cc9-\u83ab\u9ad8\u7a9f-\u96c5\u4e39\u9b54\u9b3c\u57ce-\u5609\u5cea\u5173-\u5f20\u6396\u4e39\u971e-\u9a6c\u8e44\u5bfa-\u5353\u5c14\u5c71\u8f7b\u5962\u52a8\u8f669\u65e5\u6e38","trade_status":"TRADE_SUCCESS","is_total_fee_adjust":"N","total_fee":"8160.00","gmt_payment":"2017-08-05 23:04:10","seller_email":"2287684289@qq.com","price":"8160.00","buyer_id":"2088622676973680","notify_id":"fb5d544aabf230b7381a01952b8d5f5l8y","use_coupon":"N","sign_type":"MD5","sign":"af1ae9baef0383c56cbe33f0f90843bd"}
[2017-08-05 23:04:11][info] 数据存储反馈成功！
[2017-08-05 23:04:11][info] success
[2017-08-05 23:04:11][info] 写入结束!!!
[2017-08-05 23:49:24][info] ----------------------------------------
[2017-08-05 23:49:24][info] {"discount":"0.00","payment_type":"1","trade_no":"2017080521001004730203236164","subject":"\u4e1d\u8def\u5dc5\u5cf0\u4f53\u9a8c\u5341\u65e5\u6e38","buyer_email":"13522948230","gmt_create":"2017-08-05 23:49:08","notify_type":"trade_status_sync","quantity":"1","out_trade_no":"LX-17071209242328006-0","seller_id":"2088421286007493","notify_time":"2017-08-05 23:49:24","body":"\u9752\u6d77\u6e56-\u8336\u5361\u76d0\u6e56-\u6c99\u5c9b-\u7941\u8fde-\u5f20\u6396\u4e39\u971e-\u5609\u5cea\u5173-\u6566\u714c\u5341\u65e5\u6e38","trade_status":"TRADE_SUCCESS","is_total_fee_adjust":"N","total_fee":"5370.00","gmt_payment":"2017-08-05 23:49:24","seller_email":"2287684289@qq.com","price":"5370.00","buyer_id":"2088702944280730","notify_id":"f8ce4ff0e0f0ede421003e90ef1aec9lmu","use_coupon":"N","sign_type":"MD5","sign":"5d23329dcff6a7b71632b043d9c71594"}
[2017-08-05 23:49:24][info] 数据存储反馈成功！
[2017-08-05 23:49:24][info] success
[2017-08-05 23:49:24][info] 写入结束!!!
