[2017-10-12 09:40:09][info] ----------------------------------------
[2017-10-12 09:40:09][info] {"discount":"0.00","payment_type":"1","trade_no":"2017071121001004370294181649","subject":"\u7a7f\u8d8a\u4e1d\u8def\u4e4b\u65c5\u516b\u65e5\u6e38","buyer_email":"shiying1979@163.com","gmt_create":"2017-07-11 09:35:56","notify_type":"trade_status_sync","quantity":"1","out_trade_no":"LX-17071021210867701-c","seller_id":"2088421286007493","notify_time":"2017-10-12 09:40:08","body":"\u6c34\u4e0a\u9b54\u9b3c\u57ce-\u9752\u6d77\u6e56-\u95e8\u6e90-\u6566\u714c-\u5f20\u6396-\u5609\u5cea\u5173-\u8336\u5361\u76d0\u6e56\u516b\u65e5\u6df1\u5ea6\u6e38","trade_status":"TRADE_FINISHED","is_total_fee_adjust":"N","total_fee":"22400.00","gmt_payment":"2017-07-11 09:39:57","seller_email":"2287684289@qq.com","gmt_close":"2017-10-12 09:40:08","price":"22400.00","buyer_id":"2088002083131372","notify_id":"ed61f455cb05d25d9fa3ae81a496800iuu","use_coupon":"N","sign_type":"MD5","sign":"1cc9792f0d640c66572164f83539f330"}
[2017-10-12 09:40:09][info] 数据存储反馈成功！
[2017-10-12 09:40:09][info] success
[2017-10-12 09:40:09][info] 写入结束!!!
[2017-10-12 11:01:10][info] ----------------------------------------
[2017-10-12 11:01:10][info] {"discount":"0.00","payment_type":"1","trade_no":"2017071121001004170214494076","subject":"\u4e1d\u8def\u5dc5\u5cf0\u4f53\u9a8c\u5341\u65e5\u6e38","buyer_email":"13651605719","gmt_create":"2017-07-11 11:00:36","notify_type":"trade_status_sync","quantity":"1","out_trade_no":"LX-17071110271330406-e","seller_id":"2088421286007493","notify_time":"2017-10-12 11:01:10","body":"\u9752\u6d77\u6e56-\u8336\u5361\u76d0\u6e56-\u6c99\u5c9b-\u7941\u8fde-\u5f20\u6396\u4e39\u971e-\u5609\u5cea\u5173-\u6566\u714c\u5341\u65e5\u6e38","trade_status":"TRADE_FINISHED","is_total_fee_adjust":"N","total_fee":"6420.00","gmt_payment":"2017-07-11 11:00:40","seller_email":"2287684289@qq.com","gmt_close":"2017-10-12 11:01:10","price":"6420.00","buyer_id":"2088302308468174","notify_id":"67f5c90ff78b5cc3ad25c7c8e14f706hba","use_coupon":"N","sign_type":"MD5","sign":"082df8bbf165a891698e7ddbf02eb47e"}
[2017-10-12 11:01:10][info] 数据存储反馈成功！
[2017-10-12 11:01:10][info] success
[2017-10-12 11:01:10][info] 写入结束!!!
[2017-10-12 11:02:11][info] ----------------------------------------
[2017-10-12 11:02:11][info] {"discount":"0.00","payment_type":"1","trade_no":"2017071121001004170214480741","subject":"\u4e1d\u8def\u5dc5\u5cf0\u4f53\u9a8c\u5341\u65e5\u6e38","buyer_email":"13651605719","gmt_create":"2017-07-11 11:01:49","notify_type":"trade_status_sync","quantity":"1","out_trade_no":"LX-17071110271330406-7","seller_id":"2088421286007493","notify_time":"2017-10-12 11:02:10","body":"\u9752\u6d77\u6e56-\u8336\u5361\u76d0\u6e56-\u6c99\u5c9b-\u7941\u8fde-\u5f20\u6396\u4e39\u971e-\u5609\u5cea\u5173-\u6566\u714c\u5341\u65e5\u6e38","trade_status":"TRADE_FINISHED","is_total_fee_adjust":"N","total_fee":"6420.00","gmt_payment":"2017-07-11 11:01:53","seller_email":"2287684289@qq.com","gmt_close":"2017-10-12 11:02:10","price":"6420.00","buyer_id":"2088302308468174","notify_id":"cf7ce980edb31ea99d7496b272d65e4hba","use_coupon":"N","sign_type":"MD5","sign":"cf335a6086533bfa32fef27a19ae7279"}
[2017-10-12 11:02:11][info] 数据存储反馈成功！
[2017-10-12 11:02:11][info] success
[2017-10-12 11:02:11][info] 写入结束!!!
[2017-10-12 11:38:54][info] ----------------------------------------
[2017-10-12 11:38:54][info] {"discount":"0.00","payment_type":"1","trade_no":"2017071121001004610201942350","subject":"\u4e09\u6c5f\u6e90\u6df1\u5ea6\u5927\u73af\u7ebf","buyer_email":"13902424624","gmt_create":"2017-07-11 11:34:22","notify_type":"trade_status_sync","quantity":"1","out_trade_no":"LX-17071110500987306-6","seller_id":"2088421286007493","notify_time":"2017-10-12 11:38:54","body":"2017\u5e74\u7518\u5357-\u5e74\u5b9d\u7389\u5219-\u8272\u8fbe-\u4e94\u660e\u4f5b\u5b66\u9662-\u5ddd\u85cf\u5317\u7ebf\u3001\u751f\u547d\u51c0\u571f\u4e09\u6c5f\u6e90-\u9102\u9675\u6e56 \u624e\u9675\u6e5612\u65e5\u4eba\u6587\u884c\u6444\u4e4b\u65c5\uff01","trade_status":"TRADE_FINISHED","is_total_fee_adjust":"N","total_fee":"6800.00","gmt_payment":"2017-07-11 11:37:58","seller_email":"2287684289@qq.com","gmt_close":"2017-10-12 11:38:53","price":"6800.00","buyer_id":"2088702266274613","notify_id":"af4cfaed31aecb957d4e212d547e249kpi","use_coupon":"N","sign_type":"MD5","sign":"1626977c88f98677fa85767526f02b46"}
[2017-10-12 11:38:54][info] 数据存储反馈成功！
[2017-10-12 11:38:54][info] success
[2017-10-12 11:38:54][info] 写入结束!!!
[2017-10-12 11:50:09][info] ----------------------------------------
[2017-10-12 11:50:09][info] {"discount":"0.00","payment_type":"1","trade_no":"2017071121001004310293265552","subject":"\u4e1d\u8def\u5dc5\u5cf0\u4f53\u9a8c\u5341\u65e5\u6e38","buyer_email":"w33059722@126.com","gmt_create":"2017-07-11 11:09:41","notify_type":"trade_status_sync","quantity":"1","out_trade_no":"LX-17071017010820001-0","seller_id":"2088421286007493","notify_time":"2017-10-12 11:50:09","body":"\u9752\u6d77\u6e56-\u8336\u5361\u76d0\u6e56-\u6c99\u5c9b-\u7941\u8fde-\u5f20\u6396\u4e39\u971e-\u5609\u5cea\u5173-\u6566\u714c\u5341\u65e5\u6e38","trade_status":"TRADE_FINISHED","is_total_fee_adjust":"N","total_fee":"34260.00","gmt_payment":"2017-07-11 11:49:08","seller_email":"2287684289@qq.com","gmt_close":"2017-10-12 11:50:09","price":"34260.00","buyer_id":"2088802352921314","notify_id":"880d73d5c96648570073f6109088f7cie6","use_coupon":"N","sign_type":"MD5","sign":"01fc4201385ad1b5d71cd636e3e131a6"}
[2017-10-12 11:50:09][info] 数据存储反馈成功！
[2017-10-12 11:50:09][info] success
[2017-10-12 11:50:09][info] 写入结束!!!
[2017-10-12 12:29:00][info] ----------------------------------------
[2017-10-12 12:29:00][info] {"discount":"0.00","payment_type":"1","trade_no":"2017071121001004460222741537","subject":"\u7518\u5357\u5168\u666f","buyer_email":"18710990996","gmt_create":"2017-07-11 12:27:36","notify_type":"trade_status_sync","quantity":"1","out_trade_no":"LX-17071023352150006-6","seller_id":"2088421286007493","notify_time":"2017-10-12 12:28:59","body":"2017\u5e74\u72ec\u5bb6  \u62c9\u535c\u695e\u5bfa-\u624e\u5c15\u90a3-\u82b1\u6e56-\u5e74\u5b9d\u7389\u5219-\u82e5\u5c14\u76d6\u8349\u539f-\u963f\u4e07\u4ed3\u6e7f\u5730-\u5c15\u6d77\u6e56-\u90ce\u6728\u5bfa 8\u65e5\u6e38","trade_status":"TRADE_FINISHED","is_total_fee_adjust":"N","total_fee":"6560.00","gmt_payment":"2017-07-11 12:28:02","seller_email":"2287684289@qq.com","gmt_close":"2017-10-12 12:28:59","price":"6560.00","buyer_id":"2088902068580468","notify_id":"ecd1573996264faa07df30e567a02acjju","use_coupon":"N","sign_type":"MD5","sign":"32d4aec3dc26f72bd12345b5a3e917bb"}
[2017-10-12 12:29:00][info] 数据存储反馈成功！
[2017-10-12 12:29:00][info] success
[2017-10-12 12:29:00][info] 写入结束!!!
[2017-10-12 12:33:11][info] ----------------------------------------
[2017-10-12 12:33:11][info] {"discount":"0.00","payment_type":"1","trade_no":"2017071121001004360223822277","subject":"\u4e1d\u7ef8\u4e4b\u8def\u5168\u666f\u6e389\u65e5","buyer_email":"10214019@bjtu.edu.cn","gmt_create":"2017-07-11 12:32:03","notify_type":"trade_status_sync","quantity":"1","out_trade_no":"LX-17071112164729401-8","seller_id":"2088421286007493","notify_time":"2017-10-12 12:33:11","body":"\u72ec\u5bb6\u6c34\u4e0a\u9b54\u9b3c\u57ce-\u65e0\u4eba\u533a\u539f\u751f\u6001\u96c5\u4e39\u63a2\u79d8-\u9752\u6d77\u6e56-\u8336\u5361\u76d0\u6e56-\u83ab\u9ad8\u7a9f-\u9e23\u6c99\u5c71\u6708\u7259\u6cc9-\u5f20\u6396\u4e39\u971e-\u5353\u5c14\u5c719\u65e5\u6e38","trade_status":"TRADE_FINISHED","is_total_fee_adjust":"N","total_fee":"5670.00","gmt_payment":"2017-07-11 12:32:15","seller_email":"2287684289@qq.com","gmt_close":"2017-10-12 12:33:11","price":"5670.00","buyer_id":"2088902430460369","notify_id":"7b8e352a9ec279f420e9dd3982333b2is2","use_coupon":"N","sign_type":"MD5","sign":"6ccc70053f567a98319d66dcc3209cf8"}
[2017-10-12 12:33:11][info] 数据存储反馈成功！
[2017-10-12 12:33:11][info] success
[2017-10-12 12:33:11][info] 写入结束!!!
[2017-10-12 13:58:54][info] ----------------------------------------
[2017-10-12 13:58:54][info] {"discount":"0.00","payment_type":"1","trade_no":"2017071121001004030218082758","subject":"\u575d\u4e0a\u4f11\u95f2B\u7ebf","buyer_email":"13812198768","gmt_create":"2017-07-11 13:57:29","notify_type":"trade_status_sync","quantity":"1","out_trade_no":"LX-17071109155035901-f","seller_id":"2088421286007493","notify_time":"2017-10-12 13:58:54","body":"2017\u72ec\u5bb6\u575d\u4e0a\u73af\u7ebf\uff1a\u7a7f\u8d8a\u8349\u539f\u5929\u8def\uff0c\u6492\u6b22\u4e4c\u5170\u5e03\u7edf\uff0c\u627f\u5fb7\u907f\u6691\u5c71\u5e84\uff0c\u91d1\u5c71\u5cad\u957f\u57ce\/\u6155\u7530\u5cea\u957f\u57ce7\u65e5\uff08\u5168\u666f\u4e4b\u65c5\uff0c\u7f8e\u666f\u4e00\u7f51\u6253\u5c3d\uff09","trade_status":"TRADE_FINISHED","is_total_fee_adjust":"N","total_fee":"2980.00","gmt_payment":"2017-07-11 13:58:00","seller_email":"2287684289@qq.com","gmt_close":"2017-10-12 13:58:54","price":"2980.00","buyer_id":"2088412612688035","notify_id":"0828871fa6d823aa48efe45086b437ag8e","use_coupon":"N","sign_type":"MD5","sign":"802071bafbed5e9ec037f3276dba52ba"}
[2017-10-12 13:58:54][info] 数据存储反馈成功！
[2017-10-12 13:58:54][info] success
[2017-10-12 13:58:54][info] 写入结束!!!
[2017-10-12 16:06:50][info] ----------------------------------------
[2017-10-12 16:06:50][info] {"discount":"0.00","payment_type":"1","trade_no":"2017071121001004400249683789","subject":"\u4e1d\u7ef8\u4e4b\u8def\u5168\u666f\u6e389\u65e5","buyer_email":"zxin_zzrong1016@126.com","gmt_create":"2017-07-11 16:06:04","notify_type":"trade_status_sync","quantity":"1","out_trade_no":"LX-17071115500921601-1","seller_id":"2088421286007493","notify_time":"2017-10-12 16:06:50","body":"\u72ec\u5bb6\u6c34\u4e0a\u9b54\u9b3c\u57ce-\u65e0\u4eba\u533a\u539f\u751f\u6001\u96c5\u4e39\u63a2\u79d8-\u9752\u6d77\u6e56-\u8336\u5361\u76d0\u6e56-\u83ab\u9ad8\u7a9f-\u9e23\u6c99\u5c71\u6708\u7259\u6cc9-\u5f20\u6396\u4e39\u971e-\u5353\u5c14\u5c719\u65e5\u6e38","trade_status":"TRADE_FINISHED","is_total_fee_adjust":"N","total_fee":"7570.00","gmt_payment":"2017-07-11 16:06:14","seller_email":"2287684289@qq.com","gmt_close":"2017-10-12 16:06:50","price":"7570.00","buyer_id":"2088002985691404","notify_id":"d6cd84889da12cb0ce93bdb7e496982j36","use_coupon":"N","sign_type":"MD5","sign":"82e68d3c4c3d9f343ff83ebe0133fa5a"}
[2017-10-12 16:06:51][info] 数据存储反馈成功！
[2017-10-12 16:06:51][info] success
[2017-10-12 16:06:51][info] 写入结束!!!
[2017-10-12 16:10:57][info] ----------------------------------------
[2017-10-12 16:10:57][info] {"discount":"0.00","payment_type":"1","trade_no":"2017071121001004460223156037","subject":"\u4e1d\u8def\u5dc5\u5cf0\u4f53\u9a8c\u5341\u65e5\u6e38","buyer_email":"fsdandan@189.cn","gmt_create":"2017-07-11 16:09:54","notify_type":"trade_status_sync","quantity":"1","out_trade_no":"LX-17070819121870106-a","seller_id":"2088421286007493","notify_time":"2017-10-12 16:10:56","body":"\u9752\u6d77\u6e56-\u8336\u5361\u76d0\u6e56-\u6c99\u5c9b-\u7941\u8fde-\u5f20\u6396\u4e39\u971e-\u5609\u5cea\u5173-\u6566\u714c\u5341\u65e5\u6e38","trade_status":"TRADE_FINISHED","is_total_fee_adjust":"N","total_fee":"1430.00","gmt_payment":"2017-07-11 16:10:00","seller_email":"2287684289@qq.com","gmt_close":"2017-10-12 16:10:56","price":"1430.00","buyer_id":"2088002130386463","notify_id":"65d1c144c5019ecf1756f8b734c736djju","use_coupon":"N","sign_type":"MD5","sign":"05c09c1a4723dc01ef7ed90ca141b66f"}
[2017-10-12 16:10:57][info] 数据存储反馈成功！
[2017-10-12 16:10:57][info] success
[2017-10-12 16:10:57][info] 写入结束!!!
[2017-10-12 17:08:08][info] ----------------------------------------
[2017-10-12 17:08:08][info] {"discount":"0.00","payment_type":"1","trade_no":"2017071121001004350210345700","subject":"\u4e1d\u8def\u5dc5\u5cf0\u4f53\u9a8c\u4e5d\u65e5\u6e38B\u7ebf","buyer_email":"13860451773","gmt_create":"2017-07-11 17:07:17","notify_type":"trade_status_sync","quantity":"1","out_trade_no":"LX-17071116541051101-2","seller_id":"2088421286007493","notify_time":"2017-10-12 17:08:08","body":"\u9752\u6d77\u6e56-\u8336\u5361\u76d0\u6e56-\u9e23\u6c99\u5c71\u6708\u7259\u6cc9-\u83ab\u9ad8\u7a9f-\u96c5\u4e39\u9b54\u9b3c\u57ce-\u5609\u5cea\u5173-\u5f20\u6396\u4e39\u971e-\u9a6c\u8e44\u5bfa-\u5353\u5c14\u5c71\u8f7b\u5962\u52a8\u8f669\u65e5\u6e38","trade_status":"TRADE_FINISHED","is_total_fee_adjust":"N","total_fee":"6120.00","gmt_payment":"2017-07-11 17:07:26","seller_email":"2287684289@qq.com","gmt_close":"2017-10-12 17:08:07","price":"6120.00","buyer_id":"2088302183044355","notify_id":"5ba898090dc340997d7749a8b99ea7bipa","use_coupon":"N","sign_type":"MD5","sign":"3650dadc14592f31d1a2de331656a767"}
[2017-10-12 17:08:08][info] 数据存储反馈成功！
[2017-10-12 17:08:08][info] success
[2017-10-12 17:08:08][info] 写入结束!!!
[2017-10-12 19:51:04][info] ----------------------------------------
[2017-10-12 19:51:04][info] {"discount":"0.00","payment_type":"1","trade_no":"2017071121001004500271250080","subject":"\u5ddd\u5317\u7518\u5357","buyer_email":"1252304070@qq.com","gmt_create":"2017-07-11 19:50:15","notify_type":"trade_status_sync","quantity":"1","out_trade_no":"LX-17071119112469801-b","seller_id":"2088421286007493","notify_time":"2017-10-12 19:51:04","body":"2017\u5e74\u4e5d\u5be8\u9ec4\u9f99-\u5e74\u5b9d\u7389\u5219-\u4e5d\u66f2\u9ec4\u6cb3-\u82e5\u5c14\u76d6\u82b1\u6e568\u65e5\u6e38","trade_status":"TRADE_FINISHED","is_total_fee_adjust":"N","total_fee":"4290.00","gmt_payment":"2017-07-11 19:50:23","seller_email":"2287684289@qq.com","gmt_close":"2017-10-12 19:51:03","price":"4290.00","buyer_id":"2088802882316501","notify_id":"7eaa554d8dea4352cc289aaafe313ddjuy","use_coupon":"N","sign_type":"MD5","sign":"94368f6ef24489f349d47ce7e74e0dc6"}
[2017-10-12 19:51:04][info] 数据存储反馈成功！
[2017-10-12 19:51:04][info] success
[2017-10-12 19:51:04][info] 写入结束!!!
[2017-10-12 20:33:07][info] ----------------------------------------
[2017-10-12 20:33:07][info] {"discount":"0.00","payment_type":"1","trade_no":"2017071121001004950222274241","subject":"\u65b0\u7586\u5168\u666f","buyer_email":"13709621997","gmt_create":"2017-07-11 20:32:14","notify_type":"trade_status_sync","quantity":"1","out_trade_no":"LX-17071118515221206-1","seller_id":"2088421286007493","notify_time":"2017-10-12 20:33:07","body":"\u5580\u7eb3\u65af-\u79be\u6728-\u8d5b\u91cc\u6728\u6e56-\u85b0\u8863\u8349\u519c\u573a-\u5580\u62c9\u5cfb-\u90a3\u62c9\u63d0-\u5df4\u97f3\u5e03\u9c81\u514b-\u6c5f\u5e03\u62c9\u514b-\u4e94\u5f69\u6ee9-\u5410\u9c81\u756a13\u65e5\u6e38","trade_status":"TRADE_FINISHED","is_total_fee_adjust":"N","total_fee":"10760.00","gmt_payment":"2017-07-11 20:32:51","seller_email":"2287684289@qq.com","gmt_close":"2017-10-12 20:33:06","price":"10760.00","buyer_id":"2088802251092959","notify_id":"671ceab309a8ab1034e50f5588f7426nby","use_coupon":"N","sign_type":"MD5","sign":"8448a31dfdf4c8330510d7fcdd19122f"}
[2017-10-12 20:33:07][info] 数据存储反馈成功！
[2017-10-12 20:33:07][info] success
[2017-10-12 20:33:07][info] 写入结束!!!
