[2017-09-29 07:32:02][info] ----------------------------------------
[2017-09-29 07:32:02][info] {"discount":"0.00","payment_type":"1","trade_no":"2017062821001004720280740528","subject":"\u7518\u5357\u5168\u666f","buyer_email":"495946901@qq.com","gmt_create":"2017-06-28 07:31:30","notify_type":"trade_status_sync","quantity":"1","out_trade_no":"LX-17060121093888806-f","seller_id":"2088421286007493","notify_time":"2017-09-29 07:32:02","body":"2017\u5e74\u72ec\u5bb6  \u516b\u89d2\u57ce-\u624e\u5c15\u90a3-\u82b1\u6e56-\u5e74\u5b9d\u7389\u5219-\u82e5\u5c14\u76d6\u8349\u539f-\u963f\u4e07\u4ed3\u6e7f\u5730-\u90ce\u6728\u5bfa 8\u65e5\u6e38","trade_status":"TRADE_FINISHED","is_total_fee_adjust":"N","total_fee":"2880.00","gmt_payment":"2017-06-28 07:31:45","seller_email":"2287684289@qq.com","gmt_close":"2017-09-29 07:32:01","price":"2880.00","buyer_id":"2088202734376725","notify_id":"05df2b95613bba2f9bb6b8ea2e2f006lk2","use_coupon":"N","sign_type":"MD5","sign":"5275a5b0083b14bb295c970b2fec8a4a"}
[2017-09-29 07:32:02][info] 数据存储反馈成功！
[2017-09-29 07:32:02][info] success
[2017-09-29 07:32:02][info] 写入结束!!!
[2017-09-29 08:56:05][info] ----------------------------------------
[2017-09-29 08:56:05][info] {"discount":"0.00","payment_type":"1","trade_no":"2017062821001004760295313994","subject":"\u4e1d\u8def\u5dc5\u5cf0\u4f53\u9a8c\u5341\u65e5\u6e38","buyer_email":"wangyingfenggu@163.com","gmt_create":"2017-06-28 08:54:51","notify_type":"trade_status_sync","quantity":"1","out_trade_no":"LX-17062719593931501-4","seller_id":"2088421286007493","notify_time":"2017-09-29 08:56:05","body":"\u6c99\u5c9b-\u9752\u6d77\u6e56-\u8336\u5361\u76d0\u6e56-\u7941\u8fde-\u5f20\u6396-\u5609\u5cea\u5173-\u6566\u714c\u5341\u65e5\u6e38","trade_status":"TRADE_FINISHED","is_total_fee_adjust":"N","total_fee":"8360.00","gmt_payment":"2017-06-28 08:55:24","seller_email":"2287684289@qq.com","gmt_close":"2017-09-29 08:56:05","price":"8360.00","buyer_id":"2088002493324760","notify_id":"aeaa012e53362d54316b05c60586b2elv6","use_coupon":"N","sign_type":"MD5","sign":"c6ec16c31b3b31e89847a74b3bced5f8"}
[2017-09-29 08:56:05][info] 数据存储反馈成功！
[2017-09-29 08:56:05][info] success
[2017-09-29 08:56:05][info] 写入结束!!!
[2017-09-29 08:57:07][info] ----------------------------------------
[2017-09-29 08:57:07][info] {"discount":"0.00","payment_type":"1","trade_no":"2017062821001004760295324208","subject":"\u4e1d\u8def\u5dc5\u5cf0\u4f53\u9a8c\u5341\u65e5\u6e38","buyer_email":"wangyingfenggu@163.com","gmt_create":"2017-06-28 08:56:50","notify_type":"trade_status_sync","quantity":"1","out_trade_no":"LX-17062721391260801-7","seller_id":"2088421286007493","notify_time":"2017-09-29 08:57:07","body":"\u6c99\u5c9b-\u9752\u6d77\u6e56-\u8336\u5361\u76d0\u6e56-\u7941\u8fde-\u5f20\u6396-\u5609\u5cea\u5173-\u6566\u714c\u5341\u65e5\u6e38","trade_status":"TRADE_FINISHED","is_total_fee_adjust":"N","total_fee":"4180.00","gmt_payment":"2017-06-28 08:56:59","seller_email":"2287684289@qq.com","gmt_close":"2017-09-29 08:57:07","price":"4180.00","buyer_id":"2088002493324760","notify_id":"070210bdb6e0ef9b3e03e122cb56174lv6","use_coupon":"N","sign_type":"MD5","sign":"4be7a9e9537b815113449518637b8397"}
[2017-09-29 08:57:07][info] 数据存储反馈成功！
[2017-09-29 08:57:07][info] success
[2017-09-29 08:57:07][info] 写入结束!!!
[2017-09-29 09:32:08][info] ----------------------------------------
[2017-09-29 09:32:08][info] {"discount":"0.00","payment_type":"1","trade_no":"2017062821001004990228624409","subject":"\u4e1d\u8def\u5dc5\u5cf0\u4f53\u9a8c\u5341\u65e5\u6e38","buyer_email":"25071227@qq.com","gmt_create":"2017-06-28 09:30:20","notify_type":"trade_status_sync","quantity":"1","out_trade_no":"LX-17062008544365306-2","seller_id":"2088421286007493","notify_time":"2017-09-29 09:32:08","body":"\u6c99\u5c9b-\u9752\u6d77\u6e56-\u8336\u5361\u76d0\u6e56-\u7941\u8fde-\u5f20\u6396-\u5609\u5cea\u5173-\u6566\u714c\u5341\u65e5\u6e38","trade_status":"TRADE_FINISHED","is_total_fee_adjust":"N","total_fee":"6360.00","gmt_payment":"2017-06-28 09:31:11","seller_email":"2287684289@qq.com","gmt_close":"2017-09-29 09:32:08","price":"6360.00","buyer_id":"2088002446622990","notify_id":"2f0ff84a7f759b925772fe1aa273779nn2","use_coupon":"N","sign_type":"MD5","sign":"a5d25e22dc36f6b24b745cae4ed82ba3"}
[2017-09-29 09:32:08][info] 数据存储反馈成功！
[2017-09-29 09:32:08][info] success
[2017-09-29 09:32:08][info] 写入结束!!!
[2017-09-29 09:34:08][info] ----------------------------------------
[2017-09-29 09:34:08][info] {"discount":"0.00","payment_type":"1","trade_no":"2017062821001004990228580617","subject":"\u4e1d\u8def\u5dc5\u5cf0\u4f53\u9a8c\u5341\u65e5\u6e38","buyer_email":"25071227@qq.com","gmt_create":"2017-06-28 09:33:38","notify_type":"trade_status_sync","quantity":"1","out_trade_no":"LX-17061914574015806-2","seller_id":"2088421286007493","notify_time":"2017-09-29 09:34:08","body":"\u6c99\u5c9b-\u9752\u6d77\u6e56-\u8336\u5361\u76d0\u6e56-\u7941\u8fde-\u5f20\u6396-\u5609\u5cea\u5173-\u6566\u714c\u5341\u65e5\u6e38","trade_status":"TRADE_FINISHED","is_total_fee_adjust":"N","total_fee":"9165.00","gmt_payment":"2017-06-28 09:33:46","seller_email":"2287684289@qq.com","gmt_close":"2017-09-29 09:34:08","price":"9165.00","buyer_id":"2088002446622990","notify_id":"95183bf6797f6e07e1bb4463dedd560nn2","use_coupon":"N","sign_type":"MD5","sign":"d4596385a0bf1fee5c18841b211ffde6"}
[2017-09-29 09:34:09][info] 数据存储反馈成功！
[2017-09-29 09:34:09][info] success
[2017-09-29 09:34:09][info] 写入结束!!!
[2017-09-29 10:07:51][info] ----------------------------------------
[2017-09-29 10:07:51][info] {"discount":"0.00","payment_type":"1","trade_no":"2017062821001004200293416031","subject":"\u4e1d\u7ef8\u4e4b\u8def\u7ecf\u5178\u4e5d\u65e5","buyer_email":"yanzhen_760822@163.com","gmt_create":"2017-06-28 10:05:37","notify_type":"trade_status_sync","quantity":"1","out_trade_no":"LX-17062412594068506-3","seller_id":"2088421286007493","notify_time":"2017-09-29 10:07:51","body":"\u6c99\u5c9b-\u9752\u6d77\u6e56-\u8336\u5361\u76d0\u6e56-\u5353\u5c14\u5c71-\u5f20\u6396\u4e39\u971e-\u5609\u5cea\u5173-\u6566\u714c9\u65e5\u6e38","trade_status":"TRADE_FINISHED","is_total_fee_adjust":"N","total_fee":"9540.00","gmt_payment":"2017-06-28 10:07:45","seller_email":"2287684289@qq.com","gmt_close":"2017-09-29 10:07:51","price":"9540.00","buyer_id":"2088602312261201","notify_id":"f74a67cbbc4322bad488a45f6dc18d2hjm","use_coupon":"N","sign_type":"MD5","sign":"008f4362fbc136fd44a4fe757ad973cf"}
[2017-09-29 10:07:51][info] 数据存储反馈成功！
[2017-09-29 10:07:51][info] success
[2017-09-29 10:07:51][info] 写入结束!!!
[2017-09-29 11:02:46][info] ----------------------------------------
[2017-09-29 11:02:46][info] {"discount":"0.00","payment_type":"1","trade_no":"2017092921001004430520230273","subject":"\u989d\u6d4e\u7eb3\u6df1\u5ea6\u6e38","buyer_email":"13909854779","gmt_create":"2017-09-29 11:02:36","notify_type":"trade_status_sync","quantity":"1","out_trade_no":"LX-170829110307401-3","seller_id":"2088421286007493","notify_time":"2017-09-29 11:02:46","body":"\u4ed9\u7c73\u5f69\u6797-\u7941\u8fde\u5c71-\u9a6c\u8e44\u5bfa-\u5f20\u6396\u4e39\u971e-\u91d1\u5854\u80e1\u6768\u6797-\u989d\u6d4e\u7eb3\u80e1\u6768\u6797-\u5c45\u5ef6\u6d77-\u5609\u5cea\u5173-\u52a8\u8f66\u8fd4\u7a0b7\u65e5\u6e38","trade_status":"TRADE_SUCCESS","is_total_fee_adjust":"N","total_fee":"15660.00","gmt_payment":"2017-09-29 11:02:46","seller_email":"2287684289@qq.com","price":"15660.00","buyer_id":"2088422215445432","notify_id":"a870b1cf1ecec11aa0f9e9776075330jbl","use_coupon":"N","sign_type":"MD5","sign":"a3261f72f9e35e129d5d9b2ec6130852"}
[2017-09-29 11:02:46][info] 数据存储反馈成功！
[2017-09-29 11:02:46][info] success
[2017-09-29 11:02:46][info] 写入结束!!!
[2017-09-29 13:49:41][info] ----------------------------------------
[2017-09-29 13:49:41][info] {"discount":"0.00","payment_type":"1","trade_no":"2017092921001004600222371110","subject":"\u8d35\u5dde\u5168\u666f\u6e38","buyer_email":"shidan0030_cn@sina.com","gmt_create":"2017-09-29 13:49:16","notify_type":"trade_status_sync","quantity":"1","out_trade_no":"LX-17092913430620401-6","seller_id":"2088421286007493","notify_time":"2017-09-29 13:49:41","body":"\u897f\u6c5f\u5343\u6237\u82d7\u5be8-\u8354\u6ce2-\u9ed4\u4e1c\u5357-\u9547\u8fdc-\u9ec4\u679c\u6811-\u79d8\u5883\u8302\u5170\u6df1\u5ea6\u7eaf\u73a9\u4e5d\u65e5\u6e38","trade_status":"TRADE_SUCCESS","is_total_fee_adjust":"N","total_fee":"3980.00","gmt_payment":"2017-09-29 13:49:40","seller_email":"2287684289@qq.com","price":"3980.00","buyer_id":"2088002023836600","notify_id":"3f03010feeea92916f0b9311beec10ekmq","use_coupon":"N","sign_type":"MD5","sign":"90863d9169a36a28d785424c989e62a8"}
[2017-09-29 13:49:41][info] 数据存储反馈成功！
[2017-09-29 13:49:41][info] success
[2017-09-29 13:49:41][info] 写入结束!!!
[2017-09-29 14:24:02][info] ----------------------------------------
[2017-09-29 14:24:02][info] {"discount":"0.00","payment_type":"1","trade_no":"2017062821001004920286482792","subject":"\u4e1d\u7ef8\u4e4b\u8def\u7ecf\u5178\u4e5d\u65e5","buyer_email":"13528783031","gmt_create":"2017-06-28 14:23:40","notify_type":"trade_status_sync","quantity":"1","out_trade_no":"LX-17060613412854506-8","seller_id":"2088421286007493","notify_time":"2017-09-29 14:24:02","body":"\u6c99\u5c9b-\u9752\u6d77\u6e56-\u8336\u5361\u76d0\u6e56-\u5353\u5c14\u5c71-\u5f20\u6396\u4e39\u971e-\u5609\u5cea\u5173-\u6566\u714c9\u65e5\u6e38","trade_status":"TRADE_FINISHED","is_total_fee_adjust":"N","total_fee":"3400.00","gmt_payment":"2017-06-28 14:23:50","seller_email":"2287684289@qq.com","gmt_close":"2017-09-29 14:24:01","price":"3400.00","buyer_id":"2088002594927925","notify_id":"7b1675d0faff1ddc9cd47f350ffe550n3m","use_coupon":"N","sign_type":"MD5","sign":"a286d953d8bc9d2e428f6ecd7c5bc48c"}
[2017-09-29 14:24:02][info] 数据存储反馈成功！
[2017-09-29 14:24:02][info] success
[2017-09-29 14:24:02][info] 写入结束!!!
[2017-09-29 14:26:49][info] ----------------------------------------
[2017-09-29 14:26:49][info] {"discount":"0.00","payment_type":"1","trade_no":"2017092921001004200523351964","subject":"\u5357\u7586\u5370\u8c61","buyer_email":"lucial@vip.sina.com","gmt_create":"2017-09-29 14:26:34","notify_type":"trade_status_sync","quantity":"1","out_trade_no":"LX-17091910432620601-b","seller_id":"2088421286007493","notify_time":"2017-09-29 14:26:48","body":"\u8f6e\u53f0\u5854\u91cc\u6728\u80e1\u6768\u6797-\u514b\u5b5c\u5c14\u5343\u4f5b\u6d1e-\u5929\u5c71\u5927\u5ce1\u8c37-\u5580\u4ec0-\u548c\u7530-\u6155\u58eb\u5854\u683c-\u5854\u514b\u62c9\u739b\u5e72\u6c99\u6f2012\u65e5\u4eba\u6587\u98ce\u5149\u6df1\u5ea6\u6e38","trade_status":"TRADE_SUCCESS","is_total_fee_adjust":"N","total_fee":"4980.00","gmt_payment":"2017-09-29 14:26:48","seller_email":"2287684289@qq.com","price":"4980.00","buyer_id":"2088202390325204","notify_id":"cc270aa9df93f753b4965d728dbd146hjp","use_coupon":"N","sign_type":"MD5","sign":"81f8f7dfd3e82a80a18bddee08948e48"}
[2017-09-29 14:26:49][info] 数据存储反馈成功！
[2017-09-29 14:26:49][info] success
[2017-09-29 14:26:49][info] 写入结束!!!
[2017-09-29 14:26:53][info] ----------------------------------------
[2017-09-29 14:26:53][info] {"discount":"0.00","payment_type":"1","trade_no":"2017092921001004090247893016","subject":"\u989d\u6d4e\u7eb3\u6700\u7f8e\u9ad8\u94c1\u56e2","buyer_email":"18905454576@189.cn","gmt_create":"2017-09-29 14:26:44","notify_type":"trade_status_sync","quantity":"1","out_trade_no":"LX-17092416135328406-8","seller_id":"2088421286007493","notify_time":"2017-09-29 14:26:53","body":"2017\u989d\u6d4e\u7eb3\u65d7\u80e1\u6768\u6797\u516d\u65e5\u6e38-\u9886\u8896\u6237\u5916\u72ec\u5bb6\u9996\u521b","trade_status":"TRADE_SUCCESS","is_total_fee_adjust":"N","total_fee":"3215.50","gmt_payment":"2017-09-29 14:26:53","seller_email":"2287684289@qq.com","price":"3215.50","buyer_id":"2088002073882095","notify_id":"7bae49c8e0da2ced1e350961b1b1abegp2","use_coupon":"N","sign_type":"MD5","sign":"fbcac8be7b809d7671d9fa415f46f454"}
[2017-09-29 14:26:54][info] 数据存储反馈成功！
[2017-09-29 14:26:54][info] success
[2017-09-29 14:26:54][info] 写入结束!!!
[2017-09-29 14:38:58][info] ----------------------------------------
[2017-09-29 14:38:58][info] {"discount":"0.00","payment_type":"1","trade_no":"2017062821001004470200663426","subject":"\u65b0\u7586\u5168\u666f","buyer_email":"13802958855","gmt_create":"2017-06-28 14:00:37","notify_type":"trade_status_sync","quantity":"1","out_trade_no":"LX-17061217383252201-2","seller_id":"2088421286007493","notify_time":"2017-09-29 14:38:58","body":"\u6c5f\u5e03\u62c9\u514b-\u4e94\u5f69\u6ee9-\u5580\u7eb3\u65af-\u79be\u6728-\u8d5b\u91cc\u6728\u6e56-\u85b0\u8863\u8349\u519c\u573a-\u5580\u62c9\u5cfb-\u90a3\u62c9\u63d0-\u5df4\u97f3\u5e03\u9c81\u514b-\u5410\u9c81\u756a13\u65e5\u6e38","trade_status":"TRADE_FINISHED","is_total_fee_adjust":"N","total_fee":"7950.00","gmt_payment":"2017-06-28 14:37:56","seller_email":"2287684289@qq.com","gmt_close":"2017-09-29 14:38:57","price":"7950.00","buyer_id":"2088902309394474","notify_id":"54400136d6597e095240725dc7744b5jmm","use_coupon":"N","sign_type":"MD5","sign":"9d07461728aa5d384a6f25a336b06d01"}
[2017-09-29 14:38:58][info] 数据存储反馈成功！
[2017-09-29 14:38:58][info] success
[2017-09-29 14:38:58][info] 写入结束!!!
[2017-09-29 15:00:18][info] ----------------------------------------
[2017-09-29 15:00:18][info] {"discount":"0.00","payment_type":"1","trade_no":"2017092921001004030243033419","subject":"\u989d\u6d4e\u7eb3\u6df1\u5ea6\u6e38","buyer_email":"18205735502","gmt_create":"2017-09-29 14:59:59","notify_type":"trade_status_sync","quantity":"1","out_trade_no":"LX-17082111163560901-9","seller_id":"2088421286007493","notify_time":"2017-09-29 15:00:18","body":"\u4ed9\u7c73\u5f69\u6797-\u7941\u8fde\u5c71-\u9a6c\u8e44\u5bfa-\u5f20\u6396\u4e39\u971e-\u91d1\u5854\u80e1\u6768\u6797-\u989d\u6d4e\u7eb3\u80e1\u6768\u6797-\u5c45\u5ef6\u6d77-\u5609\u5cea\u5173-\u52a8\u8f66\u8fd4\u7a0b7\u65e5\u6e38","trade_status":"TRADE_SUCCESS","is_total_fee_adjust":"N","total_fee":"1790.00","gmt_payment":"2017-09-29 15:00:18","seller_email":"2287684289@qq.com","price":"1790.00","buyer_id":"2088802098874031","notify_id":"af86b5adc00847f56bb877a42f48855g8e","use_coupon":"N","sign_type":"MD5","sign":"f19ceb554d05cd513ca9ded4b0088fa3"}
[2017-09-29 15:00:19][info] 数据存储反馈成功！
[2017-09-29 15:00:19][info] success
[2017-09-29 15:00:19][info] 写入结束!!!
[2017-09-29 15:03:10][info] ----------------------------------------
[2017-09-29 15:03:10][info] {"discount":"0.00","payment_type":"1","trade_no":"2017092921001004030243032172","subject":"\u989d\u6d4e\u7eb3\u6df1\u5ea6\u6e38","buyer_email":"18205735502","gmt_create":"2017-09-29 15:02:55","notify_type":"trade_status_sync","quantity":"1","out_trade_no":"LX-17073015121267901-2","seller_id":"2088421286007493","notify_time":"2017-09-29 15:03:10","body":"\u4ed9\u7c73\u5f69\u6797-\u7941\u8fde\u5c71-\u9a6c\u8e44\u5bfa-\u5f20\u6396\u4e39\u971e-\u91d1\u5854\u80e1\u6768\u6797-\u989d\u6d4e\u7eb3\u80e1\u6768\u6797-\u5c45\u5ef6\u6d77-\u5609\u5cea\u5173-\u52a8\u8f66\u8fd4\u7a0b7\u65e5\u6e38","trade_status":"TRADE_SUCCESS","is_total_fee_adjust":"N","total_fee":"1750.00","gmt_payment":"2017-09-29 15:03:10","seller_email":"2287684289@qq.com","price":"1750.00","buyer_id":"2088802098874031","notify_id":"d1f74dae392b4c4e84feda5ef29078dg8e","use_coupon":"N","sign_type":"MD5","sign":"54ddb73db8115243adb7e6c249cdd082"}
[2017-09-29 15:03:11][info] 数据存储反馈成功！
[2017-09-29 15:03:11][info] success
[2017-09-29 15:03:11][info] 写入结束!!!
[2017-09-29 16:28:06][info] ----------------------------------------
[2017-09-29 16:28:06][info] {"discount":"0.00","payment_type":"1","trade_no":"2017092921001004910216052460","subject":"\u989d\u6d4e\u7eb3\u6444\u5f71B\u7ebf","buyer_email":"fuli508@163.com","gmt_create":"2017-09-29 16:27:56","notify_type":"trade_status_sync","quantity":"1","out_trade_no":"LX-17080510423233701-2","seller_id":"2088421286007493","notify_time":"2017-09-29 16:28:05","body":"\u989d\u6d4e\u7eb3\u80e1\u6768\u6797-\u5df4\u4e39\u5409\u6797\u8179\u5730-\u91d1\u5854\u80e1\u6768\u6797-\u602a\u6811\u6797-\u516b\u65e5","trade_status":"TRADE_SUCCESS","is_total_fee_adjust":"N","total_fee":"4620.00","gmt_payment":"2017-09-29 16:28:05","seller_email":"2287684289@qq.com","price":"4620.00","buyer_id":"2088002338372916","notify_id":"7a220ef8938c6daa1155568518b06d4n0u","use_coupon":"N","sign_type":"MD5","sign":"63b5b5383ea9ccb7a4175967e862e399"}
[2017-09-29 16:28:06][info] 数据存储反馈成功！
[2017-09-29 16:28:06][info] success
[2017-09-29 16:28:06][info] 写入结束!!!
[2017-09-29 16:53:56][info] ----------------------------------------
[2017-09-29 16:53:56][info] {"discount":"0.00","payment_type":"1","trade_no":"2017062821001004460299077041","subject":"\u4e1d\u7ef8\u4e4b\u8def\u7ecf\u5178\u4e5d\u65e5","buyer_email":"cao-lei_0714@hotmail.com","gmt_create":"2017-06-28 16:52:51","notify_type":"trade_status_sync","quantity":"1","out_trade_no":"LX-17062113355852501-4","seller_id":"2088421286007493","notify_time":"2017-09-29 16:53:56","body":"\u6c99\u5c9b-\u9752\u6d77\u6e56-\u8336\u5361\u76d0\u6e56-\u5353\u5c14\u5c71-\u5f20\u6396\u4e39\u971e-\u5609\u5cea\u5173-\u6566\u714c9\u65e5\u6e38","trade_status":"TRADE_FINISHED","is_total_fee_adjust":"N","total_fee":"1890.00","gmt_payment":"2017-06-28 16:53:07","seller_email":"2287684289@qq.com","gmt_close":"2017-09-29 16:53:56","price":"1890.00","buyer_id":"2088102388055460","notify_id":"034ccc7f03ce72262c294b1f185beccjju","use_coupon":"N","sign_type":"MD5","sign":"fe69b459631df317fb01ca463df19440"}
[2017-09-29 16:53:56][info] 数据存储反馈成功！
[2017-09-29 16:53:56][info] success
[2017-09-29 16:53:56][info] 写入结束!!!
[2017-09-29 17:06:49][info] ----------------------------------------
[2017-09-29 17:06:49][info] {"discount":"0.00","payment_type":"1","trade_no":"2017092921001004050250006762","subject":"\u989d\u6d4e\u7eb3\u4f11\u95f2\u6e38","buyer_email":"askazhuhaichen@126.com","gmt_create":"2017-09-29 17:06:22","notify_type":"trade_status_sync","quantity":"1","out_trade_no":"LX-17081616263220801-f","seller_id":"2088421286007493","notify_time":"2017-09-29 17:06:49","body":"\u989d\u6d4e\u7eb3\u65d7\u80e1\u6768\u6797-\u5609\u5cea\u5173-\u9ed1\u6c34\u57ce-\u602a\u6811\u6797-\u5df4\u4e39\u5409\u6797\u6c99\u6f20-\u5f20\u6396\u4e39\u971e","trade_status":"TRADE_SUCCESS","is_total_fee_adjust":"N","total_fee":"2680.00","gmt_payment":"2017-09-29 17:06:48","seller_email":"2287684289@qq.com","price":"2680.00","buyer_id":"2088202899669056","notify_id":"0221786498d3451c698b6c6bad1786bgdy","use_coupon":"N","sign_type":"MD5","sign":"3cb64b95b98bcef6aa1715574626c108"}
[2017-09-29 17:06:49][info] 数据存储反馈成功！
[2017-09-29 17:06:49][info] success
[2017-09-29 17:06:49][info] 写入结束!!!
[2017-09-29 18:49:13][info] ----------------------------------------
[2017-09-29 18:49:13][info] {"discount":"0.00","payment_type":"1","trade_no":"2017092921001004320522512560","subject":"\u5357\u7586\u5370\u8c61","buyer_email":"lovepopcorn@qq.com","gmt_create":"2017-09-29 18:49:03","notify_type":"trade_status_sync","quantity":"1","out_trade_no":"LX-17092818543529501-8","seller_id":"2088421286007493","notify_time":"2017-09-29 18:49:12","body":"\u8f6e\u53f0\u5854\u91cc\u6728\u80e1\u6768\u6797-\u514b\u5b5c\u5c14\u5343\u4f5b\u6d1e-\u5929\u5c71\u5927\u5ce1\u8c37-\u5580\u4ec0-\u548c\u7530-\u6155\u58eb\u5854\u683c-\u5854\u514b\u62c9\u739b\u5e72\u6c99\u6f2012\u65e5\u4eba\u6587\u98ce\u5149\u6df1\u5ea6\u6e38","trade_status":"TRADE_SUCCESS","is_total_fee_adjust":"N","total_fee":"2490.00","gmt_payment":"2017-09-29 18:49:12","seller_email":"2287684289@qq.com","price":"2490.00","buyer_id":"2088312398619325","notify_id":"e07e3dc035e00a42d4d91f8ceb804eeih1","use_coupon":"N","sign_type":"MD5","sign":"ac8660aab9391fca0faef80779ddfda0"}
[2017-09-29 18:49:13][info] 数据存储反馈成功！
[2017-09-29 18:49:13][info] success
[2017-09-29 18:49:13][info] 写入结束!!!
[2017-09-29 19:18:32][info] ----------------------------------------
[2017-09-29 19:18:32][info] {"discount":"0.00","payment_type":"1","trade_no":"2017092921001004100279846331","subject":"\u989d\u6d4e\u7eb3\u6df1\u5ea6\u6e38","buyer_email":"13116155835","gmt_create":"2017-09-29 19:18:21","notify_type":"trade_status_sync","quantity":"1","out_trade_no":"LX-17091215275039406-7","seller_id":"2088421286007493","notify_time":"2017-09-29 19:18:32","body":"\u4ed9\u7c73\u5f69\u6797-\u7941\u8fde\u5c71-\u9a6c\u8e44\u5bfa-\u5f20\u6396\u4e39\u971e-\u91d1\u5854\u80e1\u6768\u6797-\u989d\u6d4e\u7eb3\u80e1\u6768\u6797-\u5c45\u5ef6\u6d77-\u5609\u5cea\u5173-\u52a8\u8f66\u8fd4\u7a0b7\u65e5\u6e38","trade_status":"TRADE_SUCCESS","is_total_fee_adjust":"N","total_fee":"3780.00","gmt_payment":"2017-09-29 19:18:31","seller_email":"2287684289@qq.com","price":"3780.00","buyer_id":"2088302427533106","notify_id":"7285f20a1a8c1bba149febab721c3a2gru","use_coupon":"N","sign_type":"MD5","sign":"4bbc5d7ea61ade5468e2799bd2301dcf"}
[2017-09-29 19:18:32][info] 数据存储反馈成功！
[2017-09-29 19:18:32][info] success
[2017-09-29 19:18:32][info] 写入结束!!!
[2017-09-29 20:27:59][info] ----------------------------------------
[2017-09-29 20:27:59][info] {"discount":"0.00","payment_type":"1","trade_no":"2017062821001004460299478281","subject":"\u65b0\u7586\u5168\u666f","buyer_email":"18922395730","gmt_create":"2017-06-28 20:27:24","notify_type":"trade_status_sync","quantity":"1","out_trade_no":"LX-17062314082763506-b","seller_id":"2088421286007493","notify_time":"2017-09-29 20:27:59","body":"\u6c5f\u5e03\u62c9\u514b-\u4e94\u5f69\u6ee9-\u5580\u7eb3\u65af-\u79be\u6728-\u8d5b\u91cc\u6728\u6e56-\u85b0\u8863\u8349\u519c\u573a-\u5580\u62c9\u5cfb-\u90a3\u62c9\u63d0-\u5df4\u97f3\u5e03\u9c81\u514b-\u5410\u9c81\u756a13\u65e5\u6e38","trade_status":"TRADE_FINISHED","is_total_fee_adjust":"N","total_fee":"6720.00","gmt_payment":"2017-06-28 20:27:54","seller_email":"2287684289@qq.com","gmt_close":"2017-09-29 20:27:59","price":"6720.00","buyer_id":"2088502693994465","notify_id":"74e539519b557f2d02a3a7f8e94d938jju","use_coupon":"N","sign_type":"MD5","sign":"6c997e21eedac6d8d56d668c5efbccae"}
[2017-09-29 20:27:59][info] 数据存储反馈成功！
[2017-09-29 20:27:59][info] success
[2017-09-29 20:27:59][info] 写入结束!!!
[2017-09-29 20:32:28][info] ----------------------------------------
[2017-09-29 20:32:28][info] {"discount":"0.00","payment_type":"1","trade_no":"2017092921001004590512591919","subject":"\u8eba\u7740\u53bb\u8d4f\u79cb","buyer_email":"yly923@163.com","gmt_create":"2017-09-29 20:32:00","notify_type":"trade_status_sync","quantity":"1","out_trade_no":"LX-17090521163462706-9","seller_id":"2088421286007493","notify_time":"2017-09-29 20:32:28","body":"2017\u5e74\u989d\u6d4e\u7eb3\u65d7\u80e1\u6768\u67976\u65e5 \u897f\u5b89\u51fa\u53d1 \u53cc\u5367\u706b\u8f66\u56e2","trade_status":"TRADE_SUCCESS","is_total_fee_adjust":"N","total_fee":"3580.00","gmt_payment":"2017-09-29 20:32:27","seller_email":"2287684289@qq.com","price":"3580.00","buyer_id":"2088002372239592","notify_id":"3d4a8bfd16a4519b43a2bb4ea834a80kk1","use_coupon":"N","sign_type":"MD5","sign":"2dea7b153294cf008f1d5d5eafe65a9d"}
[2017-09-29 20:32:28][info] 数据存储反馈成功！
[2017-09-29 20:32:28][info] success
[2017-09-29 20:32:28][info] 写入结束!!!
[2017-09-29 21:49:13][info] ----------------------------------------
[2017-09-29 21:49:13][info] {"discount":"0.00","payment_type":"1","trade_no":"2017092921001004530202244812","subject":"\u989d\u6d4e\u7eb3\u5168\u666f","buyer_email":"13500206023@139.com","gmt_create":"2017-09-29 21:48:50","notify_type":"trade_status_sync","quantity":"1","out_trade_no":"LX-17091021152055006-5","seller_id":"2088421286007493","notify_time":"2017-09-29 21:49:13","body":"\u989d\u6d4e\u7eb3\u80e1\u6768\u6797-\u6566\u714c\u5168\u666f-\u5df4\u4e39\u5409\u6797-\u5f20\u6396\u4e39\u971e-\u5609\u5cea\u5173-\u91d1\u5854\u80e1\u6768\u6797-\u52a8\u8f668\u65e5","trade_status":"TRADE_SUCCESS","is_total_fee_adjust":"N","total_fee":"2040.00","gmt_payment":"2017-09-29 21:49:13","seller_email":"2287684289@qq.com","price":"2040.00","buyer_id":"2088102983825530","notify_id":"01c7c003c8c0c52010223237c2739f1k3a","use_coupon":"N","sign_type":"MD5","sign":"5fd31f2bd89416ef4e7fb24810ad9309"}
[2017-09-29 21:49:14][info] 数据存储反馈成功！
[2017-09-29 21:49:14][info] success
[2017-09-29 21:49:14][info] 写入结束!!!
[2017-09-29 21:57:14][info] ----------------------------------------
[2017-09-29 21:57:14][info] {"discount":"0.00","payment_type":"1","trade_no":"2017092921001004530202243828","subject":"\u989d\u6d4e\u7eb3\u5168\u666f","buyer_email":"13500206023@139.com","gmt_create":"2017-09-29 21:57:04","notify_type":"trade_status_sync","quantity":"1","out_trade_no":"LX-17091021560752806-f","seller_id":"2088421286007493","notify_time":"2017-09-29 21:57:14","body":"\u989d\u6d4e\u7eb3\u80e1\u6768\u6797-\u6566\u714c\u5168\u666f-\u5df4\u4e39\u5409\u6797-\u5f20\u6396\u4e39\u971e-\u5609\u5cea\u5173-\u91d1\u5854\u80e1\u6768\u6797-\u52a8\u8f668\u65e5","trade_status":"TRADE_SUCCESS","is_total_fee_adjust":"N","total_fee":"2040.00","gmt_payment":"2017-09-29 21:57:14","seller_email":"2287684289@qq.com","price":"2040.00","buyer_id":"2088102983825530","notify_id":"5bb57bc09a9056480685354cb218214k3a","use_coupon":"N","sign_type":"MD5","sign":"e22cee104d7cc83c686d79d3d6fb4aa1"}
[2017-09-29 21:57:15][info] 数据存储反馈成功！
[2017-09-29 21:57:15][info] success
[2017-09-29 21:57:15][info] 写入结束!!!
[2017-09-29 22:00:20][info] ----------------------------------------
[2017-09-29 22:00:20][info] {"discount":"0.00","payment_type":"1","trade_no":"2017092921001004530202244090","subject":"\u989d\u6d4e\u7eb3\u5168\u666f","buyer_email":"13500206023@139.com","gmt_create":"2017-09-29 22:00:10","notify_type":"trade_status_sync","quantity":"1","out_trade_no":"LX-17091021383179906-1","seller_id":"2088421286007493","notify_time":"2017-09-29 22:00:20","body":"\u989d\u6d4e\u7eb3\u80e1\u6768\u6797-\u6566\u714c\u5168\u666f-\u5df4\u4e39\u5409\u6797-\u5f20\u6396\u4e39\u971e-\u5609\u5cea\u5173-\u91d1\u5854\u80e1\u6768\u6797-\u52a8\u8f668\u65e5","trade_status":"TRADE_SUCCESS","is_total_fee_adjust":"N","total_fee":"2040.00","gmt_payment":"2017-09-29 22:00:19","seller_email":"2287684289@qq.com","price":"2040.00","buyer_id":"2088102983825530","notify_id":"aad8a896238782a0b9d7d322f1b3ae2k3a","use_coupon":"N","sign_type":"MD5","sign":"fa397cf79bff66aeaabc0af22ade4e4e"}
[2017-09-29 22:00:20][info] 数据存储反馈成功！
[2017-09-29 22:00:20][info] success
[2017-09-29 22:00:20][info] 写入结束!!!
[2017-09-29 22:21:52][info] ----------------------------------------
[2017-09-29 22:21:52][info] {"discount":"0.00","payment_type":"1","trade_no":"2017092921001004370522044402","subject":"\u9955\u992e\u8d4f\u79cb","buyer_email":"13555666918","gmt_create":"2017-09-29 22:21:35","notify_type":"trade_status_sync","quantity":"1","out_trade_no":"LX-1708301310596201-6","seller_id":"2088421286007493","notify_time":"2017-09-29 22:21:52","body":"\u9752\u6d77\u6e56-\u8336\u5361\u76d0\u6e56-\u83ab\u9ad8\u7a9f-\u9e23\u6c99\u5c71-\u6708\u7259\u6cc9-\u5609\u5cea\u5173-\u989d\u6d4e\u7eb3\u80e1\u6768\u6797-\u5353\u5c14\u5c7110\u65e5\u5927\u73af\u7ebf","trade_status":"TRADE_SUCCESS","is_total_fee_adjust":"N","total_fee":"5690.00","gmt_payment":"2017-09-29 22:21:52","seller_email":"2287684289@qq.com","price":"5690.00","buyer_id":"2088402106460375","notify_id":"4daddf4ec18e44aa4d8ce48cb9b71e5iux","use_coupon":"N","sign_type":"MD5","sign":"4c24a7842e5890a437be8446ec63b432"}
[2017-09-29 22:21:52][info] 数据存储反馈成功！
[2017-09-29 22:21:52][info] success
[2017-09-29 22:21:52][info] 写入结束!!!
