[2017-09-25 07:01:03][info] ----------------------------------------
[2017-09-25 07:01:03][info] {"discount":"0.00","payment_type":"1","trade_no":"2017062421001004110231498651","subject":"\u7518\u5357\u5168\u666f","buyer_email":"wlq6778@sina.com","gmt_create":"2017-06-24 06:57:53","notify_type":"trade_status_sync","quantity":"1","out_trade_no":"LX-17060408530055706-b","seller_id":"2088421286007493","notify_time":"2017-09-25 07:01:03","body":"2017\u5e74\u72ec\u5bb6  \u516b\u89d2\u57ce-\u624e\u5c15\u90a3-\u82b1\u6e56-\u5e74\u5b9d\u7389\u5219-\u82e5\u5c14\u76d6\u8349\u539f-\u963f\u4e07\u4ed3\u6e7f\u5730-\u90ce\u6728\u5bfa 8\u65e5\u6e38","trade_status":"TRADE_FINISHED","is_total_fee_adjust":"N","total_fee":"9600.00","gmt_payment":"2017-06-24 07:00:05","seller_email":"2287684289@qq.com","gmt_close":"2017-09-25 07:01:03","price":"9600.00","buyer_id":"2088222927746119","notify_id":"59bc958185f0a2f9c7a1669d2919ca1gum","use_coupon":"N","sign_type":"MD5","sign":"134c2c9c5035b53a1e12634f8c213c0e"}
[2017-09-25 07:01:03][info] 数据存储反馈成功！
[2017-09-25 07:01:03][info] success
[2017-09-25 07:01:03][info] 写入结束!!!
[2017-09-25 08:02:51][info] ----------------------------------------
[2017-09-25 08:02:51][info] {"discount":"0.00","payment_type":"1","trade_no":"2017092521001004120534300002","subject":"\u989d\u6d4e\u7eb3\u6df1\u5ea6\u6e38","buyer_email":"cqxier222@163.com","gmt_create":"2017-09-25 08:01:51","notify_type":"trade_status_sync","quantity":"1","out_trade_no":"LX-17090309340571706-f","seller_id":"2088421286007493","notify_time":"2017-09-25 08:02:51","body":"\u4ed9\u7c73\u5f69\u6797-\u7941\u8fde\u5c71-\u9a6c\u8e44\u5bfa-\u5f20\u6396\u4e39\u971e-\u91d1\u5854\u80e1\u6768\u6797-\u989d\u6d4e\u7eb3\u80e1\u6768\u6797-\u5c45\u5ef6\u6d77-\u5609\u5cea\u5173-\u52a8\u8f66\u8fd4\u7a0b7\u65e5\u6e38","trade_status":"TRADE_SUCCESS","is_total_fee_adjust":"N","total_fee":"3986.00","gmt_payment":"2017-09-25 08:02:51","seller_email":"2287684289@qq.com","price":"3986.00","buyer_id":"2088222554136123","notify_id":"a7ee559e02e88747ddd411bc5174e35gxh","use_coupon":"N","sign_type":"MD5","sign":"f1639f784d54dc25eb3022262ca78d79"}
[2017-09-25 08:02:52][info] 数据存储反馈成功！
[2017-09-25 08:02:52][info] success
[2017-09-25 08:02:52][info] 写入结束!!!
[2017-09-25 09:33:32][info] ----------------------------------------
[2017-09-25 09:33:32][info] {"discount":"0.00","payment_type":"1","trade_no":"2017092521001004240275010262","subject":"\u989d\u6d4e\u7eb3\u5168\u666f","buyer_email":"sabrina.xnll@163.com","gmt_create":"2017-09-25 09:33:18","notify_type":"trade_status_sync","quantity":"1","out_trade_no":"LX-17090613102642101-3","seller_id":"2088421286007493","notify_time":"2017-09-25 09:33:32","body":"\u989d\u6d4e\u7eb3\u80e1\u6768\u6797-\u6566\u714c\u5168\u666f-\u5df4\u4e39\u5409\u6797-\u5f20\u6396\u4e39\u971e-\u5609\u5cea\u5173-\u91d1\u5854\u80e1\u6768\u6797-\u52a8\u8f668\u65e5","trade_status":"TRADE_SUCCESS","is_total_fee_adjust":"N","total_fee":"2240.00","gmt_payment":"2017-09-25 09:33:31","seller_email":"2287684289@qq.com","price":"2240.00","buyer_id":"2088102078941244","notify_id":"abe84b85da8224059c6c7564a5e667ehuq","use_coupon":"N","sign_type":"MD5","sign":"270f196b84dc8c599eba462d73e43a7a"}
[2017-09-25 09:33:32][info] 数据存储反馈成功！
[2017-09-25 09:33:32][info] success
[2017-09-25 09:33:32][info] 写入结束!!!
[2017-09-25 09:43:04][info] ----------------------------------------
[2017-09-25 09:43:04][info] {"discount":"0.00","payment_type":"1","trade_no":"2017092521001004350257282486","subject":"\u575d\u4e0a\u79cb\u6444","buyer_email":"13502396520","gmt_create":"2017-09-25 09:42:46","notify_type":"trade_status_sync","quantity":"1","out_trade_no":"LX-17080913340831206-5","seller_id":"2088421286007493","notify_time":"2017-09-25 09:43:04","body":"9-10\u6708\u91d1\u79cb\uff0c\u5317\u6c9f\u3001\u6768\u6811\u80cc\u3001\u4e94\u5f69\u5c71\u3001\u86e4\u87c6\u575d\u3001\u91ce\u9e2d\u6e56\u3001\u516c\u4e3b\u6e56\u7b49\u575d\u4e0a\u8349\u539f\u79cb\u8272\u4e00\u7f51\u6253\u5c3d 6\u65e5\u6444\u5f71\u521b\u4f5c\u56e2\uff08\u575d\u4e0a\u62cd\u64444\u5929\uff09","trade_status":"TRADE_SUCCESS","is_total_fee_adjust":"N","total_fee":"2680.00","gmt_payment":"2017-09-25 09:43:04","seller_email":"2287684289@qq.com","price":"2680.00","buyer_id":"2088202971841356","notify_id":"2b92b9346015cc7ed9de4c6521df747ipa","use_coupon":"N","sign_type":"MD5","sign":"9e764f657c1c107e05ad10417129b7c1"}
[2017-09-25 09:43:05][info] 数据存储反馈成功！
[2017-09-25 09:43:05][info] success
[2017-09-25 09:43:05][info] 写入结束!!!
[2017-09-25 10:08:43][info] ----------------------------------------
[2017-09-25 10:08:43][info] {"discount":"0.00","payment_type":"1","trade_no":"2017092521001004570205944491","subject":"\u989d\u6d4e\u7eb3\u6700\u7f8e\u9ad8\u94c1\u56e2","buyer_email":"xqqianmo@qq.com","gmt_create":"2017-09-25 10:07:59","notify_type":"trade_status_sync","quantity":"1","out_trade_no":"LX-17092509502511401-f","seller_id":"2088421286007493","notify_time":"2017-09-25 10:08:43","body":"2017\u989d\u6d4e\u7eb3\u65d7\u80e1\u6768\u6797\u516d\u65e5\u6e38-\u9886\u8896\u6237\u5916\u72ec\u5bb6\u9996\u521b","trade_status":"TRADE_SUCCESS","is_total_fee_adjust":"N","total_fee":"10740.00","gmt_payment":"2017-09-25 10:08:43","seller_email":"2287684289@qq.com","price":"10740.00","buyer_id":"2088502948736570","notify_id":"c60c56037afda79d0644e8eb54fa4c1kee","use_coupon":"N","sign_type":"MD5","sign":"4cf24d5d34b1392aeafb8a3b0f9e6c1d"}
[2017-09-25 10:08:43][info] 数据存储反馈成功！
[2017-09-25 10:08:43][info] success
[2017-09-25 10:08:43][info] 写入结束!!!
[2017-09-25 10:24:22][info] ----------------------------------------
[2017-09-25 10:24:22][info] {"discount":"0.00","payment_type":"1","trade_no":"2017092521001004290249582031","subject":"\u5927\u7f8e\u8272\u7a3b","buyer_email":"13925153028","gmt_create":"2017-09-25 10:23:59","notify_type":"trade_status_sync","quantity":"1","out_trade_no":"LX-17092500261355606-e","seller_id":"2088421286007493","notify_time":"2017-09-25 10:24:22","body":"\u8272\u8fbe-\u7a3b\u57ce\u4e9a\u4e01-\u65b0\u90fd\u68659\u65e5\u5927\u73af\u7ebf","trade_status":"TRADE_SUCCESS","is_total_fee_adjust":"N","total_fee":"14320.00","gmt_payment":"2017-09-25 10:24:21","seller_email":"2287684289@qq.com","price":"14320.00","buyer_id":"2088202760179297","notify_id":"bf0f5b951cc2eecac77382ea24aa922i8m","use_coupon":"N","sign_type":"MD5","sign":"4d48de5fecc10deef859273331f8f5e5"}
[2017-09-25 10:24:22][info] 数据存储反馈成功！
[2017-09-25 10:24:22][info] success
[2017-09-25 10:24:22][info] 写入结束!!!
[2017-09-25 10:25:18][info] ----------------------------------------
[2017-09-25 10:25:18][info] {"discount":"0.00","payment_type":"1","trade_no":"2017092521001004280293522698","subject":"\u7a3b\u57ce\u91d1\u79cb","buyer_email":"alphacjmay@sina.com","gmt_create":"2017-09-25 10:25:07","notify_type":"trade_status_sync","quantity":"1","out_trade_no":"LX-1708101247393901-2","seller_id":"2088421286007493","notify_time":"2017-09-25 10:25:18","body":"\u7a3b\u57ce\u4e9a\u4e01-\u65b0\u90fd\u6865-\u4e39\u5df4-\u56db\u59d1\u5a18\u5c71\u4e5d\u65e5\u6df1\u5ea6\u6e38","trade_status":"TRADE_SUCCESS","is_total_fee_adjust":"N","total_fee":"1940.00","gmt_payment":"2017-09-25 10:25:18","seller_email":"2287684289@qq.com","price":"1940.00","buyer_id":"2088002008450283","notify_id":"c6b2ff6ee56336f2cb4cb9ea41cf5d0i5u","use_coupon":"N","sign_type":"MD5","sign":"a44abc5da0846c378af1d8b53364bcf6"}
[2017-09-25 10:25:18][info] 数据存储反馈成功！
[2017-09-25 10:25:18][info] success
[2017-09-25 10:25:18][info] 写入结束!!!
[2017-09-25 10:43:32][info] ----------------------------------------
[2017-09-25 10:43:32][info] {"discount":"0.00","payment_type":"1","trade_no":"2017092521001004660274839673","subject":"\u989d\u6d4e\u7eb3\u6df1\u5ea6\u6e38","buyer_email":"523842021@qq.com","gmt_create":"2017-09-25 10:43:22","notify_type":"trade_status_sync","quantity":"1","out_trade_no":"LX-17090212160197506-d","seller_id":"2088421286007493","notify_time":"2017-09-25 10:43:32","body":"\u4ed9\u7c73\u5f69\u6797-\u7941\u8fde\u5c71-\u9a6c\u8e44\u5bfa-\u5f20\u6396\u4e39\u971e-\u91d1\u5854\u80e1\u6768\u6797-\u989d\u6d4e\u7eb3\u80e1\u6768\u6797-\u5c45\u5ef6\u6d77-\u5609\u5cea\u5173-\u52a8\u8f66\u8fd4\u7a0b7\u65e5\u6e38","trade_status":"TRADE_SUCCESS","is_total_fee_adjust":"N","total_fee":"3696.00","gmt_payment":"2017-09-25 10:43:32","seller_email":"2287684289@qq.com","price":"3696.00","buyer_id":"2088102109886665","notify_id":"d4322f1a87e29d6baa3e30020cec289l3e","use_coupon":"N","sign_type":"MD5","sign":"95a66ce675322c671217d449ff190b1e"}
[2017-09-25 10:43:32][info] 数据存储反馈成功！
[2017-09-25 10:43:32][info] success
[2017-09-25 10:43:32][info] 写入结束!!!
[2017-09-25 11:18:06][info] ----------------------------------------
[2017-09-25 11:18:06][info] {"discount":"0.00","payment_type":"1","trade_no":"2017092521001004950516633096","subject":"\u989d\u6d4e\u7eb3\u4f11\u95f2\u6e38","buyer_email":"13599166164","gmt_create":"2017-09-25 11:17:58","notify_type":"trade_status_sync","quantity":"1","out_trade_no":"LX-17092509381913301-b","seller_id":"2088421286007493","notify_time":"2017-09-25 11:18:06","body":"\u989d\u6d4e\u7eb3\u65d7\u80e1\u6768\u6797-\u5609\u5cea\u5173-\u9ed1\u6c34\u57ce-\u602a\u6811\u6797-\u5df4\u4e39\u5409\u6797\u6c99\u6f20-\u5f20\u6396\u4e39\u971e","trade_status":"TRADE_SUCCESS","is_total_fee_adjust":"N","total_fee":"3720.00","gmt_payment":"2017-09-25 11:18:05","seller_email":"2287684289@qq.com","price":"3720.00","buyer_id":"2088702802853955","notify_id":"ade2937cafea7ac859a227e21bae80cnc1","use_coupon":"N","sign_type":"MD5","sign":"5fa07c9f023fd83e1bfc25e1ae4d62f1"}
[2017-09-25 11:18:06][info] 数据存储反馈成功！
[2017-09-25 11:18:06][info] success
[2017-09-25 11:18:06][info] 写入结束!!!
[2017-09-25 11:46:19][info] ----------------------------------------
[2017-09-25 11:46:19][info] {"discount":"0.00","payment_type":"1","trade_no":"2017092521001004090534927172","subject":"\u989d\u6d4e\u7eb3\u6700\u7f8e\u9ad8\u94c1\u56e2","buyer_email":"18905454576@189.cn","gmt_create":"2017-09-25 11:46:09","notify_type":"trade_status_sync","quantity":"1","out_trade_no":"LX-17092416135328406-e","seller_id":"2088421286007493","notify_time":"2017-09-25 11:46:19","body":"2017\u989d\u6d4e\u7eb3\u65d7\u80e1\u6768\u6797\u516d\u65e5\u6e38-\u9886\u8896\u6237\u5916\u72ec\u5bb6\u9996\u521b","trade_status":"TRADE_SUCCESS","is_total_fee_adjust":"N","total_fee":"3580.00","gmt_payment":"2017-09-25 11:46:19","seller_email":"2287684289@qq.com","price":"3580.00","buyer_id":"2088002073882095","notify_id":"9e68595093105d62f67ca5a749d525cgp5","use_coupon":"N","sign_type":"MD5","sign":"41cc7e010130c01fd8d07c4817ae11e5"}
[2017-09-25 11:46:20][info] 数据存储反馈成功！
[2017-09-25 11:46:20][info] success
[2017-09-25 11:46:20][info] 写入结束!!!
[2017-09-25 11:49:27][info] ----------------------------------------
[2017-09-25 11:49:27][info] {"discount":"0.00","payment_type":"1","trade_no":"2017092521001004380282512333","subject":"\u7518\u5357\u5168\u666f","buyer_email":"18192006078","gmt_create":"2017-09-25 11:49:14","notify_type":"trade_status_sync","quantity":"1","out_trade_no":"LX-1709251122512406-6","seller_id":"2088421286007493","notify_time":"2017-09-25 11:49:27","body":"2017\u5e74\u72ec\u5bb6  \u62c9\u535c\u695e\u5bfa-\u624e\u5c15\u90a3-\u82b1\u6e56-\u5e74\u5b9d\u7389\u5219-\u82e5\u5c14\u76d6\u8349\u539f-\u963f\u4e07\u4ed3\u6e7f\u5730-\u5c15\u6d77\u6e56-\u90ce\u6728\u5bfa 8\u65e5\u6e38","trade_status":"TRADE_SUCCESS","is_total_fee_adjust":"N","total_fee":"6760.00","gmt_payment":"2017-09-25 11:49:27","seller_email":"2287684289@qq.com","price":"6760.00","buyer_id":"2088112743738387","notify_id":"8aad85302454f9c4a9b291127e20aa1ixm","use_coupon":"N","sign_type":"MD5","sign":"f7b729f00566e58400fa57c4513484b3"}
[2017-09-25 11:49:28][info] 数据存储反馈成功！
[2017-09-25 11:49:28][info] success
[2017-09-25 11:49:28][info] 写入结束!!!
[2017-09-25 14:37:20][info] ----------------------------------------
[2017-09-25 14:37:20][info] {"discount":"0.00","payment_type":"1","trade_no":"2017092521001004400297704616","subject":"\u5317\u7586\u5dc5\u5cf0","buyer_email":"13609060311","gmt_create":"2017-09-25 14:36:45","notify_type":"trade_status_sync","quantity":"1","out_trade_no":"LX-17080114261913206-d","seller_id":"2088421286007493","notify_time":"2017-09-25 14:37:20","body":"\u79be\u672848\u5c0f\u65f6-\u5580\u7eb3\u65af-\u767d\u54c8\u5df4-\u4e94\u5f69\u6ee9-\u53cc\u53676\u65e5\u6e38","trade_status":"TRADE_SUCCESS","is_total_fee_adjust":"N","total_fee":"1850.00","gmt_payment":"2017-09-25 14:37:20","seller_email":"2287684289@qq.com","price":"1850.00","buyer_id":"2088912365864406","notify_id":"7604466ad5d6f78e7b6bbfdff600adfj36","use_coupon":"N","sign_type":"MD5","sign":"d13f89a560ac35b2d59edab6f5021135"}
[2017-09-25 14:37:20][info] 数据存储反馈成功！
[2017-09-25 14:37:20][info] success
[2017-09-25 14:37:20][info] 写入结束!!!
[2017-09-25 14:48:01][info] ----------------------------------------
[2017-09-25 14:48:01][info] {"discount":"0.00","payment_type":"1","trade_no":"2017062421001004700283972417","subject":"\u4e1d\u7ef8\u4e4b\u8def\u7ecf\u5178\u4e5d\u65e5","buyer_email":"704369975@qq.com","gmt_create":"2017-06-24 14:46:59","notify_type":"trade_status_sync","quantity":"1","out_trade_no":"LX-17062414351577006-a","seller_id":"2088421286007493","notify_time":"2017-09-25 14:48:01","body":"\u6c99\u5c9b-\u9752\u6d77\u6e56-\u8336\u5361\u76d0\u6e56-\u5353\u5c14\u5c71-\u5f20\u6396\u4e39\u971e-\u5609\u5cea\u5173-\u6566\u714c9\u65e5\u6e38","trade_status":"TRADE_FINISHED","is_total_fee_adjust":"N","total_fee":"1890.00","gmt_payment":"2017-06-24 14:47:16","seller_email":"2287684289@qq.com","gmt_close":"2017-09-25 14:48:01","price":"1890.00","buyer_id":"2088402100992700","notify_id":"9a652859f0a18c990cc82a97f4ff19elei","use_coupon":"N","sign_type":"MD5","sign":"c3b9c510107cb47d99eba0bfc715674f"}
[2017-09-25 14:48:01][info] 数据存储反馈成功！
[2017-09-25 14:48:01][info] success
[2017-09-25 14:48:01][info] 写入结束!!!
[2017-09-25 14:58:27][info] ----------------------------------------
[2017-09-25 14:58:27][info] {"discount":"0.00","payment_type":"1","trade_no":"2017092521001004860517033599","subject":"\u989d\u6d4e\u7eb3\u6444\u5f71A","buyer_email":"julyrhea@126.com","gmt_create":"2017-09-25 14:58:13","notify_type":"trade_status_sync","quantity":"1","out_trade_no":"LX-17090809421745301-f","seller_id":"2088421286007493","notify_time":"2017-09-25 14:58:26","body":"\u4ed9\u7c73\u5f69\u6797-\u989d\u6d4e\u7eb3\u80e1\u6768\u6797-\u5f20\u6396\u4e39\u971e-\u91d1\u5854\u80e1\u6768\u6797-\u9ed1\u6c34\u57ce-\u5c45\u5ef6\u6d77-\u5609\u5cea\u5173\u52a8\u8f66\u8fd4\u7a0b7\u65e5\u6e38","trade_status":"TRADE_SUCCESS","is_total_fee_adjust":"N","total_fee":"1833.00","gmt_payment":"2017-09-25 14:58:26","seller_email":"2287684289@qq.com","price":"1833.00","buyer_id":"2088002042633864","notify_id":"d41843ff7892b9751876f460796a309mn1","use_coupon":"N","sign_type":"MD5","sign":"b06f9f6a13d9d772eba3252c06493dc2"}
[2017-09-25 14:58:27][info] 数据存储反馈成功！
[2017-09-25 14:58:27][info] success
[2017-09-25 14:58:27][info] 写入结束!!!
[2017-09-25 15:09:37][info] ----------------------------------------
[2017-09-25 15:09:37][info] {"discount":"0.00","payment_type":"1","trade_no":"2017092521001004140535225539","subject":"\u989d\u6d4e\u7eb3\u6700\u7f8e\u9ad8\u94c1\u56e2","buyer_email":"xyf_7791094@163.com","gmt_create":"2017-09-25 15:04:42","notify_type":"trade_status_sync","quantity":"1","out_trade_no":"LX-17092514432666001-b","seller_id":"2088421286007493","notify_time":"2017-09-25 15:09:37","body":"2017\u989d\u6d4e\u7eb3\u65d7\u80e1\u6768\u6797\u516d\u65e5\u6e38-\u9886\u8896\u6237\u5916\u72ec\u5bb6\u9996\u521b","trade_status":"TRADE_SUCCESS","is_total_fee_adjust":"N","total_fee":"6861.00","gmt_payment":"2017-09-25 15:09:37","seller_email":"2287684289@qq.com","price":"6861.00","buyer_id":"2088002652860140","notify_id":"44361904b113f5c1b96d0790bf9508fh31","use_coupon":"N","sign_type":"MD5","sign":"7d3cd38951cf0ee02cdfbc8913ad73e1"}
[2017-09-25 15:09:38][info] 数据存储反馈成功！
[2017-09-25 15:09:38][info] success
[2017-09-25 15:09:38][info] 写入结束!!!
[2017-09-25 15:14:02][info] ----------------------------------------
[2017-09-25 15:14:02][info] {"discount":"0.00","payment_type":"1","trade_no":"2017092521001004150535264888","subject":"\u989d\u6d4e\u7eb3\u6df1\u5ea6\u6e38","buyer_email":"13538780328","gmt_create":"2017-09-25 15:11:35","notify_type":"trade_status_sync","quantity":"1","out_trade_no":"LX-17092514511327201-1","seller_id":"2088421286007493","notify_time":"2017-09-25 15:14:02","body":"\u4ed9\u7c73\u5f69\u6797-\u7941\u8fde\u5c71-\u9a6c\u8e44\u5bfa-\u5f20\u6396\u4e39\u971e-\u91d1\u5854\u80e1\u6768\u6797-\u989d\u6d4e\u7eb3\u80e1\u6768\u6797-\u5c45\u5ef6\u6d77-\u5609\u5cea\u5173-\u52a8\u8f66\u8fd4\u7a0b7\u65e5\u6e38","trade_status":"TRADE_SUCCESS","is_total_fee_adjust":"N","total_fee":"6600.00","gmt_payment":"2017-09-25 15:14:02","seller_email":"2287684289@qq.com","price":"6600.00","buyer_id":"2088702233436150","notify_id":"ff626c244b01d3bb92010ba483739a8h5t","use_coupon":"N","sign_type":"MD5","sign":"be2314bce9bce5684211849ffd9bfa4a"}
[2017-09-25 15:14:02][info] 数据存储反馈成功！
[2017-09-25 15:14:02][info] success
[2017-09-25 15:14:02][info] 写入结束!!!
[2017-09-25 15:24:46][info] ----------------------------------------
[2017-09-25 15:24:46][info] {"discount":"0.00","payment_type":"1","trade_no":"2017092521001004570206741521","subject":"\u9955\u992e\u8d4f\u79cb","buyer_email":"wangyi19751107@126.com","gmt_create":"2017-09-25 15:24:33","notify_type":"trade_status_sync","quantity":"1","out_trade_no":"LX-1709031932471706-e","seller_id":"2088421286007493","notify_time":"2017-09-25 15:24:46","body":"\u9752\u6d77\u6e56-\u8336\u5361\u76d0\u6e56-\u83ab\u9ad8\u7a9f-\u9e23\u6c99\u5c71-\u6708\u7259\u6cc9-\u5609\u5cea\u5173-\u989d\u6d4e\u7eb3\u80e1\u6768\u6797-\u5353\u5c14\u5c7110\u65e5\u5927\u73af\u7ebf","trade_status":"TRADE_SUCCESS","is_total_fee_adjust":"N","total_fee":"5780.00","gmt_payment":"2017-09-25 15:24:46","seller_email":"2287684289@qq.com","price":"5780.00","buyer_id":"2088402998868578","notify_id":"e8010a0f57f89ddad7102781f086eabkee","use_coupon":"N","sign_type":"MD5","sign":"c32d266b7453602d923894b602474071"}
[2017-09-25 15:24:47][info] 数据存储反馈成功！
[2017-09-25 15:24:47][info] success
[2017-09-25 15:24:47][info] 写入结束!!!
[2017-09-25 16:50:06][info] ----------------------------------------
[2017-09-25 16:50:06][info] {"discount":"0.00","payment_type":"1","trade_no":"2017092521001004650215123649","subject":"\u989d\u6d4e\u7eb3\u6444\u5f71A","buyer_email":"carrie_cheng_2006@aliyun.com","gmt_create":"2017-09-25 16:49:02","notify_type":"trade_status_sync","quantity":"1","out_trade_no":"LX-17091915443821906-6","seller_id":"2088421286007493","notify_time":"2017-09-25 16:50:06","body":"\u4ed9\u7c73\u5f69\u6797-\u989d\u6d4e\u7eb3\u80e1\u6768\u6797-\u5f20\u6396\u4e39\u971e-\u91d1\u5854\u80e1\u6768\u6797-\u9ed1\u6c34\u57ce-\u5c45\u5ef6\u6d77-\u5609\u5cea\u5173\u52a8\u8f66\u8fd4\u7a0b7\u65e5\u6e38","trade_status":"TRADE_SUCCESS","is_total_fee_adjust":"N","total_fee":"3880.00","gmt_payment":"2017-09-25 16:50:06","seller_email":"2287684289@qq.com","price":"3880.00","buyer_id":"2088702573198655","notify_id":"ac7b3d2b2fdea65d85031018c30ab20l0m","use_coupon":"N","sign_type":"MD5","sign":"dc5b526ccfbeac9f5f4864751374a647"}
[2017-09-25 16:50:07][info] 数据存储反馈成功！
[2017-09-25 16:50:07][info] success
[2017-09-25 16:50:07][info] 写入结束!!!
[2017-09-25 19:30:25][info] ----------------------------------------
[2017-09-25 19:30:25][info] {"discount":"0.00","payment_type":"1","trade_no":"2017092521001004770240078155","subject":"\u7a3b\u57ce\u91d1\u79cb","buyer_email":"yuzhen@tried.com.cn","gmt_create":"2017-09-25 19:30:09","notify_type":"trade_status_sync","quantity":"1","out_trade_no":"LX-17092020220081006-3","seller_id":"2088421286007493","notify_time":"2017-09-25 19:30:25","body":"\u7a3b\u57ce\u4e9a\u4e01-\u65b0\u90fd\u6865-\u4e39\u5df4-\u56db\u59d1\u5a18\u5c71\u4e5d\u65e5\u6df1\u5ea6\u6e38","trade_status":"TRADE_SUCCESS","is_total_fee_adjust":"N","total_fee":"5730.00","gmt_payment":"2017-09-25 19:30:25","seller_email":"2287684289@qq.com","price":"5730.00","buyer_id":"2088002981586771","notify_id":"815fadff67514632e387811e30bb2bflxy","use_coupon":"N","sign_type":"MD5","sign":"45bbbd20a5d118417fa4f49290353f4c"}
[2017-09-25 19:30:26][info] 数据存储反馈成功！
[2017-09-25 19:30:26][info] success
[2017-09-25 19:30:26][info] 写入结束!!!
[2017-09-25 21:06:12][info] ----------------------------------------
[2017-09-25 21:06:12][info] {"discount":"0.00","payment_type":"1","trade_no":"2017092521001004790223044512","subject":"\u575d\u4e0a\u79cb\u6444","buyer_email":"13711557760@139.com","gmt_create":"2017-09-25 21:05:52","notify_type":"trade_status_sync","quantity":"1","out_trade_no":"LX-17091315341840006-e","seller_id":"2088421286007493","notify_time":"2017-09-25 21:06:12","body":"9-10\u6708\u91d1\u79cb\uff0c\u5317\u6c9f\u3001\u6768\u6811\u80cc\u3001\u4e94\u5f69\u5c71\u3001\u86e4\u87c6\u575d\u3001\u91ce\u9e2d\u6e56\u3001\u516c\u4e3b\u6e56\u7b49\u575d\u4e0a\u8349\u539f\u79cb\u8272\u4e00\u7f51\u6253\u5c3d 6\u65e5\u6444\u5f71\u521b\u4f5c\u56e2\uff08\u575d\u4e0a\u62cd\u64444\u5929\uff09","trade_status":"TRADE_SUCCESS","is_total_fee_adjust":"N","total_fee":"2680.00","gmt_payment":"2017-09-25 21:06:11","seller_email":"2287684289@qq.com","price":"2680.00","buyer_id":"2088702007129794","notify_id":"296967e9d1a9c86f71f41d66a9af26cm3i","use_coupon":"N","sign_type":"MD5","sign":"f50c1d1490c30ea768b6255edc7b7a78"}
[2017-09-25 21:06:12][info] 数据存储反馈成功！
[2017-09-25 21:06:12][info] success
[2017-09-25 21:06:12][info] 写入结束!!!
[2017-09-25 23:49:30][info] ----------------------------------------
[2017-09-25 23:49:30][info] {"discount":"0.00","payment_type":"1","trade_no":"2017092521001004990518195665","subject":"\u8eba\u7740\u53bb\u8d4f\u79cb","buyer_email":"55278819@qq.com","gmt_create":"2017-09-25 23:49:20","notify_type":"trade_status_sync","quantity":"1","out_trade_no":"LX-17092514431725906-f","seller_id":"2088421286007493","notify_time":"2017-09-25 23:49:29","body":"2017\u5e74\u989d\u6d4e\u7eb3\u65d7\u80e1\u6768\u67976\u65e5 \u897f\u5b89\u51fa\u53d1 \u53cc\u5367\u706b\u8f66\u56e2","trade_status":"TRADE_SUCCESS","is_total_fee_adjust":"N","total_fee":"3418.50","gmt_payment":"2017-09-25 23:49:29","seller_email":"2287684289@qq.com","price":"3418.50","buyer_id":"2088002461057991","notify_id":"2ae4b75e407bcd5a41e633e7d7b6ccann5","use_coupon":"N","sign_type":"MD5","sign":"d8734804c7b64d89390abf4f9ad3512b"}
[2017-09-25 23:49:30][info] 数据存储反馈成功！
[2017-09-25 23:49:30][info] success
[2017-09-25 23:49:30][info] 写入结束!!!
