[2017-06-12 10:58:11][info] ----------------------------------------
[2017-06-12 10:58:11][info] {"discount":"0.00","payment_type":"1","subject":"\u6842\u6797\u6625\u6444","trade_no":"2017031321001004680204160327","buyer_email":"grayphantom@sina.com","gmt_create":"2017-03-13 10:57:24","notify_type":"trade_status_sync","quantity":"1","out_trade_no":"LX-17031310491138501-3","seller_id":"2088421286007493","notify_time":"2017-06-12 10:58:11","body":"3-6\u6708\u6842\u6797\u6625\u6444\uff0c\u9f99\u810a\u68af\u7530-\u53e4\u6865\u7530\u56ed-\u4f1a\u4ed9\u6e7f\u5730-\u9633\u6714\u5c71\u6c34-\u5174\u576a\u4f73\u5883-\u6f13\u6c5f\u6e14\u706b-\u9ec4\u5e03\u5012\u5f71-\u9c7c\u9e70\u6668\u6355\uff0c6\u65e5\u6444\u5f71\u521b\u4f5c\u56e2","trade_status":"TRADE_FINISHED","is_total_fee_adjust":"N","total_fee":"4960.00","gmt_payment":"2017-03-13 10:57:35","seller_email":"2287684289@qq.com","gmt_close":"2017-06-12 10:58:10","price":"4960.00","buyer_id":"2088002885343685","notify_id":"32a7c291c82d3ea0614a710ba6318d3l8y","use_coupon":"N","sign_type":"MD5","sign":"dfe86556851626c72d7a5aebeb2e85c0"}
[2017-06-12 10:58:11][info] 数据存储反馈成功！
[2017-06-12 10:58:11][info] success
[2017-06-12 10:58:11][info] 写入结束!!!
[2017-06-12 11:26:55][info] ----------------------------------------
[2017-06-12 11:26:55][info] {"discount":"0.00","payment_type":"1","subject":"\u65b0\u7586\u5168\u666f","trade_no":"2017061221001004450243305498","buyer_email":"qyujlomo@sohu.com","gmt_create":"2017-06-12 11:26:47","notify_type":"trade_status_sync","quantity":"1","out_trade_no":"LX-17061211084428401-a","seller_id":"2088421286007493","notify_time":"2017-06-12 11:26:54","body":"\u6c5f\u5e03\u62c9\u514b-\u4e94\u5f69\u6ee9-\u5580\u7eb3\u65af-\u79be\u6728-\u8d5b\u91cc\u6728\u6e56-\u85b0\u8863\u8349\u519c\u573a-\u5580\u62c9\u5cfb-\u90a3\u62c9\u63d0-\u5df4\u97f3\u5e03\u9c81\u514b-\u5410\u9c81\u756a13\u65e5\u6e38","trade_status":"TRADE_SUCCESS","is_total_fee_adjust":"N","total_fee":"5380.00","gmt_payment":"2017-06-12 11:26:53","seller_email":"2287684289@qq.com","price":"5380.00","buyer_id":"2088002312866459","notify_id":"c0982afcd605bece5ed6b35117566b2jh2","use_coupon":"N","sign_type":"MD5","sign":"0441e8741a66c2b7e28334f6f4caf747"}
[2017-06-12 11:26:55][info] 数据存储反馈成功！
[2017-06-12 11:26:55][info] success
[2017-06-12 11:26:55][info] 写入结束!!!
[2017-06-12 14:37:36][info] ----------------------------------------
[2017-06-12 14:37:36][info] {"discount":"0.00","payment_type":"1","subject":"\u8d35\u5dde\u5168\u666f\u6e38","trade_no":"2017061221001004440269009892","buyer_email":"13852041108","gmt_create":"2017-06-12 14:37:25","notify_type":"trade_status_sync","quantity":"1","out_trade_no":"LX-17060909330571206-8","seller_id":"2088421286007493","notify_time":"2017-06-12 14:37:36","body":"\u79d8\u5883\u8302\u5170-\u8354\u6ce2-\u9ed4\u4e1c\u5357-\u9547\u8fdc-\u897f\u6c5f\u82d7\u5be8-\u9ec4\u679c\u6811\u6df1\u5ea6\u7eaf\u73a9\u4e5d\u65e5\u6e38","trade_status":"TRADE_SUCCESS","is_total_fee_adjust":"N","total_fee":"3980.00","gmt_payment":"2017-06-12 14:37:36","seller_email":"2287684289@qq.com","price":"3980.00","buyer_id":"2088702047991445","notify_id":"c7980a16749d1bf567738559616bd59jea","use_coupon":"N","sign_type":"MD5","sign":"aa67ee7a56fad6bea74ff07cf74dbb8b"}
[2017-06-12 14:37:37][info] 数据存储反馈成功！
[2017-06-12 14:37:37][info] success
[2017-06-12 14:37:37][info] 写入结束!!!
[2017-06-12 19:26:06][info] ----------------------------------------
[2017-06-12 19:26:06][info] {"discount":"0.00","payment_type":"1","subject":"\u96ea\u57df\u6843\u82b1\u6df1\u5ea6\u6e38","trade_no":"2017031321001004120248018380","buyer_email":"szsunny168@sohu.com","gmt_create":"2017-03-13 19:25:39","notify_type":"trade_status_sync","quantity":"1","out_trade_no":"LX-17022013170826901-7","seller_id":"2088421286007493","notify_time":"2017-06-12 19:26:06","body":"2017\u5e74\u6797\u829d\u6843\u82b1\u6c9f-\u6ce2\u5bc6\u560e\u6717-\u5357\u8fe6\u5df4\u74e6\u5cf0-\u7136\u4e4c\u6e56-\u7c73\u5806\u51b0\u5ddd\u516b\u65e5\u6e38","trade_status":"TRADE_FINISHED","is_total_fee_adjust":"N","total_fee":"3500.00","gmt_payment":"2017-03-13 19:25:58","seller_email":"2287684289@qq.com","gmt_close":"2017-06-12 19:26:06","price":"3500.00","buyer_id":"2088902674640123","notify_id":"f745be4d793513928ce5b45563f2940gxe","use_coupon":"N","sign_type":"MD5","sign":"ddc521cc692fe5b42195d703e7c5f524"}
[2017-06-12 19:26:07][info] 数据存储反馈成功！
[2017-06-12 19:26:07][info] success
[2017-06-12 19:26:07][info] 写入结束!!!
