[2017-10-18 08:44:11][info] ----------------------------------------
[2017-10-18 08:44:11][info] {"discount":"0.00","payment_type":"1","trade_no":"2017101821001004370268931845","subject":"\u6885\u91cc\u96e8\u5d29","buyer_email":"sjun0119@163.com","gmt_create":"2017-10-18 08:41:46","notify_type":"trade_status_sync","quantity":"1","out_trade_no":"LX-17101216221120201-b","seller_id":"2088421286007493","notify_time":"2017-10-18 08:44:11","body":"2017\u5168\u5e74 \u4e3d\u6c5f\u53e4\u57ce-\u864e\u8df3\u5ce1\u5f92\u6b65-\u6885\u91cc\u96ea\u5c71\u65e5\u7167\u91d1\u5c71-\u96e8\u5d29\u5723\u5730\u5f92\u6b658\u65e5\u6e38","trade_status":"TRADE_SUCCESS","is_total_fee_adjust":"N","total_fee":"8630.00","gmt_payment":"2017-10-18 08:44:11","seller_email":"2287684289@qq.com","price":"8630.00","buyer_id":"2088002199036370","notify_id":"287d70fcb2c1d0fa3ac31c165ecf555iuu","use_coupon":"N","sign_type":"MD5","sign":"a1e24d7d3edce7a43466cd7382abe5a3"}
[2017-10-18 08:44:12][info] 数据存储反馈成功！
[2017-10-18 08:44:12][info] success
[2017-10-18 08:44:12][info] 写入结束!!!
[2017-10-18 08:57:41][info] ----------------------------------------
[2017-10-18 08:57:41][info] {"discount":"0.00","payment_type":"1","trade_no":"2017101821001004400217807158","subject":"\u5ddd\u897f\u91d1\u79cb\u884c\u6444","buyer_email":"18580536316","gmt_create":"2017-10-18 08:57:14","notify_type":"trade_status_sync","quantity":"1","out_trade_no":"LX-17092320362444801-3","seller_id":"2088421286007493","notify_time":"2017-10-18 08:57:40","body":"\u56db\u59d1\u5a18-\u4e39\u5df4-\u8272\u8fbe-\u6d77\u87ba\u6c9f\u516b\u65e5\u884c\u6444\u4e4b\u65c5","trade_status":"TRADE_SUCCESS","is_total_fee_adjust":"N","total_fee":"3115.00","gmt_payment":"2017-10-18 08:57:40","seller_email":"2287684289@qq.com","price":"3115.00","buyer_id":"2088802217010409","notify_id":"354ad4deaaebb4ed29e7ef34dd5ec51j36","use_coupon":"N","sign_type":"MD5","sign":"145a554b7ee89a8bfa9f3feaf2ded4fd"}
[2017-10-18 08:57:41][info] 数据存储反馈成功！
[2017-10-18 08:57:41][info] success
[2017-10-18 08:57:41][info] 写入结束!!!
[2017-10-18 09:42:07][info] ----------------------------------------
[2017-10-18 09:42:07][info] {"discount":"0.00","payment_type":"1","trade_no":"2017071721001004570257796825","subject":"\u8d35\u5dde\u5168\u666f\u6e38","buyer_email":"13906633939","gmt_create":"2017-07-17 09:41:16","notify_type":"trade_status_sync","quantity":"1","out_trade_no":"LX-170717091203101-7","seller_id":"2088421286007493","notify_time":"2017-10-18 09:42:07","body":"\u897f\u6c5f\u5343\u6237\u82d7\u5be8-\u8354\u6ce2-\u9ed4\u4e1c\u5357-\u9547\u8fdc-\u9ec4\u679c\u6811-\u79d8\u5883\u8302\u5170\u6df1\u5ea6\u7eaf\u73a9\u4e5d\u65e5\u6e38","trade_status":"TRADE_FINISHED","is_total_fee_adjust":"N","total_fee":"5970.00","gmt_payment":"2017-07-17 09:41:31","seller_email":"2287684289@qq.com","gmt_close":"2017-10-18 09:42:07","price":"5970.00","buyer_id":"2088602991297579","notify_id":"0f0ec2c372228d7eb93d06392f25a15kee","use_coupon":"N","sign_type":"MD5","sign":"a172f3625a72683856ade1caffe01d98"}
[2017-10-18 09:42:07][info] 数据存储反馈成功！
[2017-10-18 09:42:07][info] success
[2017-10-18 09:42:07][info] 写入结束!!!
[2017-10-18 10:44:06][info] ----------------------------------------
[2017-10-18 10:44:06][info] {"discount":"0.00","payment_type":"1","trade_no":"2017071721001004960268387410","subject":"\u4e1d\u8def\u5dc5\u5cf0\u4f53\u9a8c\u5341\u65e5\u6e38","buyer_email":"greawall@163.com","gmt_create":"2017-07-17 10:43:36","notify_type":"trade_status_sync","quantity":"1","out_trade_no":"LX-17071710310581601-9","seller_id":"2088421286007493","notify_time":"2017-10-18 10:44:06","body":"\u9752\u6d77\u6e56-\u8336\u5361\u76d0\u6e56-\u6c99\u5c9b-\u7941\u8fde-\u5f20\u6396\u4e39\u971e-\u5609\u5cea\u5173-\u6566\u714c\u5341\u65e5\u6e38","trade_status":"TRADE_FINISHED","is_total_fee_adjust":"N","total_fee":"4280.00","gmt_payment":"2017-07-17 10:44:02","seller_email":"2287684289@qq.com","gmt_close":"2017-10-18 10:44:06","price":"4280.00","buyer_id":"2088002610255960","notify_id":"b3dc003b31d44e1e49da2ccc419e910neq","use_coupon":"N","sign_type":"MD5","sign":"e2a37bac7a2c9eb464827a7e0bf2d262"}
[2017-10-18 10:44:07][info] 数据存储反馈成功！
[2017-10-18 10:44:07][info] success
[2017-10-18 10:44:07][info] 写入结束!!!
[2017-10-18 10:49:24][info] ----------------------------------------
[2017-10-18 10:49:24][info] {"discount":"0.00","payment_type":"1","trade_no":"2017101821001004590203638294","subject":"\u7a3b\u57ce\u91d1\u79cb","buyer_email":"13809467205","gmt_create":"2017-10-18 10:49:16","notify_type":"trade_status_sync","quantity":"1","out_trade_no":"LX-17101709272380706-e","seller_id":"2088421286007493","notify_time":"2017-10-18 10:49:24","body":"\u7a3b\u57ce\u4e9a\u4e01-\u65b0\u90fd\u6865-\u4e39\u5df4-\u56db\u59d1\u5a18\u5c71\u4e5d\u65e5\u6df1\u5ea6\u6e38","trade_status":"TRADE_SUCCESS","is_total_fee_adjust":"N","total_fee":"3480.00","gmt_payment":"2017-10-18 10:49:24","seller_email":"2287684289@qq.com","price":"3480.00","buyer_id":"2088902925123591","notify_id":"97c95205cdd4c66ccd4fa3df994468bkjy","use_coupon":"N","sign_type":"MD5","sign":"41f01866649a72105cf2aead8fce3c4e"}
[2017-10-18 10:49:25][info] 数据存储反馈成功！
[2017-10-18 10:49:25][info] success
[2017-10-18 10:49:25][info] 写入结束!!!
[2017-10-18 11:45:16][info] ----------------------------------------
[2017-10-18 11:45:16][info] {"discount":"0.00","payment_type":"1","trade_no":"2017101821001004510203731851","subject":"\u79e6\u5df4\u79cb\u8272","buyer_email":"390825187@qq.com","gmt_create":"2017-10-18 11:44:41","notify_type":"trade_status_sync","quantity":"1","out_trade_no":"LX-1708250944138801-9","seller_id":"2088421286007493","notify_time":"2017-10-18 11:45:15","body":"\u9ec4\u67cf\u586c-\u5149\u96fe\u5c71-\u79e6\u5cad\u91d1\u4e1d\u7334-\u5927\u7bad\u6c9f-\u5927\u5c0f\u5170\u6c9f-\u5341\u516b\u6708\u6f6d\u79cb\u8272\u6444\u5f717\u65e5","trade_status":"TRADE_SUCCESS","is_total_fee_adjust":"N","total_fee":"2080.00","gmt_payment":"2017-10-18 11:45:15","seller_email":"2287684289@qq.com","price":"2080.00","buyer_id":"2088912262377519","notify_id":"0faf978ca91d71479a3fd09838c8383jxq","use_coupon":"N","sign_type":"MD5","sign":"26597403d803998b3165dcd1715f071a"}
[2017-10-18 11:45:16][info] 数据存储反馈成功！
[2017-10-18 11:45:16][info] success
[2017-10-18 11:45:16][info] 写入结束!!!
[2017-10-18 11:52:06][info] ----------------------------------------
[2017-10-18 11:52:06][info] {"discount":"0.00","payment_type":"1","trade_no":"2017071721001004940209896010","subject":"\u7518\u5357\u5168\u666f","buyer_email":"13600471463","gmt_create":"2017-07-17 11:49:20","notify_type":"trade_status_sync","quantity":"1","out_trade_no":"LX-17061911504132106-7","seller_id":"2088421286007493","notify_time":"2017-10-18 11:52:05","body":"2017\u5e74\u72ec\u5bb6  \u62c9\u535c\u695e\u5bfa-\u624e\u5c15\u90a3-\u82b1\u6e56-\u5e74\u5b9d\u7389\u5219-\u82e5\u5c14\u76d6\u8349\u539f-\u963f\u4e07\u4ed3\u6e7f\u5730-\u5c15\u6d77\u6e56-\u90ce\u6728\u5bfa 8\u65e5\u6e38","trade_status":"TRADE_FINISHED","is_total_fee_adjust":"N","total_fee":"6360.00","gmt_payment":"2017-07-17 11:51:55","seller_email":"2287684289@qq.com","gmt_close":"2017-10-18 11:52:05","price":"6360.00","buyer_id":"2088502807856942","notify_id":"29b41da891b0572ca80ade6c9566429n96","use_coupon":"N","sign_type":"MD5","sign":"12ee339f590a0f5f64a751302275ac86"}
[2017-10-18 11:52:06][info] 数据存储反馈成功！
[2017-10-18 11:52:06][info] success
[2017-10-18 11:52:06][info] 写入结束!!!
[2017-10-18 14:25:09][info] ----------------------------------------
[2017-10-18 14:25:09][info] {"discount":"0.00","payment_type":"1","trade_no":"2017071721001004780206995391","subject":"\u7518\u5357\u5168\u666f","buyer_email":"doris.chai@hotmail.com","gmt_create":"2017-07-17 14:24:16","notify_type":"trade_status_sync","quantity":"1","out_trade_no":"LX-17063011395652801-9","seller_id":"2088421286007493","notify_time":"2017-10-18 14:25:09","body":"2017\u5e74\u72ec\u5bb6  \u62c9\u535c\u695e\u5bfa-\u624e\u5c15\u90a3-\u82b1\u6e56-\u5e74\u5b9d\u7389\u5219-\u82e5\u5c14\u76d6\u8349\u539f-\u963f\u4e07\u4ed3\u6e7f\u5730-\u5c15\u6d77\u6e56-\u90ce\u6728\u5bfa 8\u65e5\u6e38","trade_status":"TRADE_FINISHED","is_total_fee_adjust":"N","total_fee":"1610.00","gmt_payment":"2017-07-17 14:24:43","seller_email":"2287684289@qq.com","gmt_close":"2017-10-18 14:25:09","price":"1610.00","buyer_id":"2088002141109783","notify_id":"d013e347943496df26afe22bd91843bm0q","use_coupon":"N","sign_type":"MD5","sign":"c9f798bef2f70ae4175f575d098c3853"}
[2017-10-18 14:25:09][info] 数据存储反馈成功！
[2017-10-18 14:25:09][info] success
[2017-10-18 14:25:09][info] 写入结束!!!
[2017-10-18 15:27:06][info] ----------------------------------------
[2017-10-18 15:27:06][info] {"discount":"0.00","payment_type":"1","trade_no":"2017071721001004150211600949","subject":"\u7518\u5357\u5168\u666f","buyer_email":"136330198@qq.com","gmt_create":"2017-07-17 15:23:02","notify_type":"trade_status_sync","quantity":"1","out_trade_no":"LX-17062215135522401-e","seller_id":"2088421286007493","notify_time":"2017-10-18 15:27:06","body":"2017\u5e74\u72ec\u5bb6  \u62c9\u535c\u695e\u5bfa-\u624e\u5c15\u90a3-\u82b1\u6e56-\u5e74\u5b9d\u7389\u5219-\u82e5\u5c14\u76d6\u8349\u539f-\u963f\u4e07\u4ed3\u6e7f\u5730-\u5c15\u6d77\u6e56-\u90ce\u6728\u5bfa 8\u65e5\u6e38","trade_status":"TRADE_FINISHED","is_total_fee_adjust":"N","total_fee":"3280.00","gmt_payment":"2017-07-17 15:26:22","seller_email":"2287684289@qq.com","gmt_close":"2017-10-18 15:27:06","price":"3280.00","buyer_id":"2088702964061155","notify_id":"f67910338af369078c2b61469ca4fa0h5q","use_coupon":"N","sign_type":"MD5","sign":"53b955ac179aa30e4673aee37076e100"}
[2017-10-18 15:27:07][info] 数据存储反馈成功！
[2017-10-18 15:27:07][info] success
[2017-10-18 15:27:07][info] 写入结束!!!
[2017-10-18 15:43:56][info] ----------------------------------------
[2017-10-18 15:43:56][info] {"discount":"0.00","payment_type":"1","trade_no":"2017071721001004260243240779","subject":"\u4e1d\u8def\u5dc5\u5cf0\u4f53\u9a8c\u5341\u65e5\u6e38","buyer_email":"13924191234","gmt_create":"2017-07-17 15:42:03","notify_type":"trade_status_sync","quantity":"1","out_trade_no":"LX-1706161330283806-6","seller_id":"2088421286007493","notify_time":"2017-10-18 15:43:56","body":"\u9752\u6d77\u6e56-\u8336\u5361\u76d0\u6e56-\u6c99\u5c9b-\u7941\u8fde-\u5f20\u6396\u4e39\u971e-\u5609\u5cea\u5173-\u6566\u714c\u5341\u65e5\u6e38","trade_status":"TRADE_FINISHED","is_total_fee_adjust":"N","total_fee":"10450.00","gmt_payment":"2017-07-17 15:43:08","seller_email":"2287684289@qq.com","gmt_close":"2017-10-18 15:43:56","price":"10450.00","buyer_id":"2088422306097269","notify_id":"0ac716fcfbda2964ce250a5e9feafc4i0a","use_coupon":"N","sign_type":"MD5","sign":"ea15202c01e77aa4a9828e3975c8659a"}
[2017-10-18 15:43:56][info] 数据存储反馈成功！
[2017-10-18 15:43:56][info] success
[2017-10-18 15:43:56][info] 写入结束!!!
[2017-10-18 15:51:03][info] ----------------------------------------
[2017-10-18 15:51:03][info] {"discount":"0.00","payment_type":"1","trade_no":"2017101821001004820245548911","subject":"\u9189\u7f8e\u666e\u8005\u9ed1","buyer_email":"liu-yuezhuo@163.com","gmt_create":"2017-10-18 15:50:47","notify_type":"trade_status_sync","quantity":"1","out_trade_no":"LX-17101623124178701-9","seller_id":"2088421286007493","notify_time":"2017-10-18 15:51:03","body":"\u300a\u4e09\u751f\u4e09\u4e16\u300b\u666e\u8005\u9ed1-\u4e16\u5916\u6843\u6e90\u575d\u7f8e-\u9a6c\u5cad\u6cb3\u5927\u5ce1\u8c37-\u9189\u7f8e\u4e07\u5cf0\u6797-\u4e07\u5cf0\u6e56-\u629a\u4ed9\u6e568\u65e5\u6df1\u5ea6\u6e38","trade_status":"TRADE_SUCCESS","is_total_fee_adjust":"N","total_fee":"3280.00","gmt_payment":"2017-10-18 15:51:03","seller_email":"2287684289@qq.com","price":"3280.00","buyer_id":"2088102221439824","notify_id":"c5945a66dcb230d3103d3d2c9fb0f3fmbu","use_coupon":"N","sign_type":"MD5","sign":"7c3694e1ebd8bc91ab3bc4331197a5d2"}
[2017-10-18 15:51:03][info] 数据存储反馈成功！
[2017-10-18 15:51:03][info] success
[2017-10-18 15:51:03][info] 写入结束!!!
[2017-10-18 18:05:05][info] ----------------------------------------
[2017-10-18 18:05:05][info] {"discount":"0.00","payment_type":"1","trade_no":"2017101821001004320225269599","subject":"\u6ec7\u897f\u91d1\u79cb","buyer_email":"lixin03033@163.com","gmt_create":"2017-10-18 18:04:33","notify_type":"trade_status_sync","quantity":"1","out_trade_no":"LX-17101810261325401-c","seller_id":"2088421286007493","notify_time":"2017-10-18 18:05:05","body":"\u817e\u51b2\u94f6\u674f-\u548c\u987a\u53e4\u9547-\u745e\u4e3d-\u5927\u7406\u6d31\u6d77-\u559c\u6d32\u53e4\u9547-\u70ed\u6d77\u706b\u5c71-\u8292\u5e028\u65e5\u6df1\u5ea6\u6e38","trade_status":"TRADE_SUCCESS","is_total_fee_adjust":"N","total_fee":"1640.00","gmt_payment":"2017-10-18 18:05:04","seller_email":"2287684289@qq.com","price":"1640.00","buyer_id":"2088502886598326","notify_id":"4fce304df6d6a14c6f81a1b2ac88a8cigy","use_coupon":"N","sign_type":"MD5","sign":"051451674d01b9d0ca127573e79d72a2"}
[2017-10-18 18:05:05][info] 数据存储反馈成功！
[2017-10-18 18:05:05][info] success
[2017-10-18 18:05:05][info] 写入结束!!!
[2017-10-18 19:18:59][info] ----------------------------------------
[2017-10-18 19:18:59][info] {"discount":"0.00","payment_type":"1","trade_no":"2017071721001004470240172529","subject":"\u4e1d\u8def\u5dc5\u5cf0\u4f53\u9a8c\u4e5d\u65e5\u6e38B\u7ebf","buyer_email":"15109253621","gmt_create":"2017-07-17 19:18:29","notify_type":"trade_status_sync","quantity":"1","out_trade_no":"LX-17071711404182206-e","seller_id":"2088421286007493","notify_time":"2017-10-18 19:18:59","body":"\u9752\u6d77\u6e56-\u8336\u5361\u76d0\u6e56-\u9e23\u6c99\u5c71\u6708\u7259\u6cc9-\u83ab\u9ad8\u7a9f-\u96c5\u4e39\u9b54\u9b3c\u57ce-\u5609\u5cea\u5173-\u5f20\u6396\u4e39\u971e-\u9a6c\u8e44\u5bfa-\u5353\u5c14\u5c71\u8f7b\u5962\u52a8\u8f669\u65e5\u6e38","trade_status":"TRADE_FINISHED","is_total_fee_adjust":"N","total_fee":"4080.00","gmt_payment":"2017-07-17 19:18:40","seller_email":"2287684289@qq.com","gmt_close":"2017-10-18 19:18:59","price":"4080.00","buyer_id":"2088812830847470","notify_id":"c4b61b6bd0bb896e64167c1ae5aa64ejmm","use_coupon":"N","sign_type":"MD5","sign":"0aaa8a541e7e6298b7662d1c2b6f2dc9"}
[2017-10-18 19:18:59][info] 数据存储反馈成功！
[2017-10-18 19:18:59][info] success
[2017-10-18 19:18:59][info] 写入结束!!!
[2017-10-18 19:20:57][info] ----------------------------------------
[2017-10-18 19:20:57][info] {"discount":"0.00","payment_type":"1","trade_no":"2017071721001004270233685873","subject":"\u7518\u5357\u5168\u666f","buyer_email":"joan_5945@126.com","gmt_create":"2017-07-17 19:19:59","notify_type":"trade_status_sync","quantity":"1","out_trade_no":"LX-17071718482518106-5","seller_id":"2088421286007493","notify_time":"2017-10-18 19:20:57","body":"2017\u5e74\u72ec\u5bb6  \u62c9\u535c\u695e\u5bfa-\u624e\u5c15\u90a3-\u82b1\u6e56-\u5e74\u5b9d\u7389\u5219-\u82e5\u5c14\u76d6\u8349\u539f-\u963f\u4e07\u4ed3\u6e7f\u5730-\u5c15\u6d77\u6e56-\u90ce\u6728\u5bfa 8\u65e5\u6e38","trade_status":"TRADE_FINISHED","is_total_fee_adjust":"N","total_fee":"3280.00","gmt_payment":"2017-07-17 19:20:10","seller_email":"2287684289@qq.com","gmt_close":"2017-10-18 19:20:57","price":"3280.00","buyer_id":"2088002472605277","notify_id":"422a383e67406e7c1a0d346246bb5b3i32","use_coupon":"N","sign_type":"MD5","sign":"7b825d2442071aaf86d950f64719b348"}
[2017-10-18 19:20:57][info] 数据存储反馈成功！
[2017-10-18 19:20:57][info] success
[2017-10-18 19:20:57][info] 写入结束!!!
[2017-10-18 20:05:51][info] ----------------------------------------
[2017-10-18 20:05:51][info] {"discount":"0.00","payment_type":"1","trade_no":"2017071721001004610214356181","subject":"\u4e1d\u8def\u5dc5\u5cf0\u4f53\u9a8c\u4e5d\u65e5\u6e38B\u7ebf","buyer_email":"wying8668@126.com","gmt_create":"2017-07-17 20:04:49","notify_type":"trade_status_sync","quantity":"1","out_trade_no":"LX-17061813301092406-e","seller_id":"2088421286007493","notify_time":"2017-10-18 20:05:51","body":"\u9752\u6d77\u6e56-\u8336\u5361\u76d0\u6e56-\u9e23\u6c99\u5c71\u6708\u7259\u6cc9-\u83ab\u9ad8\u7a9f-\u96c5\u4e39\u9b54\u9b3c\u57ce-\u5609\u5cea\u5173-\u5f20\u6396\u4e39\u971e-\u9a6c\u8e44\u5bfa-\u5353\u5c14\u5c71\u8f7b\u5962\u52a8\u8f669\u65e5\u6e38","trade_status":"TRADE_FINISHED","is_total_fee_adjust":"N","total_fee":"2295.00","gmt_payment":"2017-07-17 20:05:05","seller_email":"2287684289@qq.com","gmt_close":"2017-10-18 20:05:51","price":"2295.00","buyer_id":"2088812017290613","notify_id":"71ccc06f7ead7659a2ba82c75cc694fkpi","use_coupon":"N","sign_type":"MD5","sign":"8a40144eb0c2a6856ad708fa46e49317"}
[2017-10-18 20:05:51][info] 数据存储反馈成功！
[2017-10-18 20:05:51][info] success
[2017-10-18 20:05:51][info] 写入结束!!!
[2017-10-18 20:55:10][info] ----------------------------------------
[2017-10-18 20:55:10][info] {"discount":"0.00","payment_type":"1","trade_no":"2017071721001004350221216491","subject":"\u5fc3\u82b1\u8def\u653e","buyer_email":"fang595@126.com","gmt_create":"2017-07-17 20:54:46","notify_type":"trade_status_sync","quantity":"1","out_trade_no":"LX-17071720242429106-b","seller_id":"2088421286007493","notify_time":"2017-10-18 20:55:10","body":"\u5927\u7406\u53cc\u5eca\u3001\u6c99\u6eaa\u53e4\u9547\u3001\u4e3d\u6c5f\u53e4\u57ce\u3001\u9999\u683c\u91cc\u62c9\u3001\u6cf8\u6cbd\u6e567\u65e5\u6ec7\u897f\u5317\u5168\u666f\u6df1\u5ea6\u6e38","trade_status":"TRADE_FINISHED","is_total_fee_adjust":"N","total_fee":"4380.00","gmt_payment":"2017-07-17 20:54:55","seller_email":"2287684289@qq.com","gmt_close":"2017-10-18 20:55:10","price":"4380.00","buyer_id":"2088102568759357","notify_id":"3daed36f54c8d8d72c89ec310da9126ipa","use_coupon":"N","sign_type":"MD5","sign":"e00e764d66a49362a363fee87b9a209e"}
[2017-10-18 20:55:10][info] 数据存储反馈成功！
[2017-10-18 20:55:10][info] success
[2017-10-18 20:55:10][info] 写入结束!!!
[2017-10-18 21:15:04][info] ----------------------------------------
[2017-10-18 21:15:04][info] {"discount":"0.00","payment_type":"1","trade_no":"2017071721001004530247586774","subject":"\u4e1d\u7ef8\u4e4b\u8def\u5168\u666f\u6e389\u65e5","buyer_email":"13691115759","gmt_create":"2017-07-17 21:14:14","notify_type":"trade_status_sync","quantity":"1","out_trade_no":"LX-17071720392979406-d","seller_id":"2088421286007493","notify_time":"2017-10-18 21:15:04","body":"\u72ec\u5bb6\u6c34\u4e0a\u9b54\u9b3c\u57ce-\u65e0\u4eba\u533a\u539f\u751f\u6001\u96c5\u4e39\u63a2\u79d8-\u9752\u6d77\u6e56-\u8336\u5361\u76d0\u6e56-\u83ab\u9ad8\u7a9f-\u9e23\u6c99\u5c71\u6708\u7259\u6cc9-\u5f20\u6396\u4e39\u971e-\u5353\u5c14\u5c719\u65e5\u6e38","trade_status":"TRADE_FINISHED","is_total_fee_adjust":"N","total_fee":"4770.00","gmt_payment":"2017-07-17 21:14:41","seller_email":"2287684289@qq.com","gmt_close":"2017-10-18 21:15:04","price":"4770.00","buyer_id":"2088802519024535","notify_id":"1c3affc563f04c3eeebdba5023be11fk3a","use_coupon":"N","sign_type":"MD5","sign":"502c13bc50c0ca7d8b98cce77626a310"}
[2017-10-18 21:15:04][info] 数据存储反馈成功！
[2017-10-18 21:15:04][info] success
[2017-10-18 21:15:04][info] 写入结束!!!
[2017-10-18 23:49:53][info] ----------------------------------------
[2017-10-18 23:49:53][info] {"discount":"0.00","payment_type":"1","trade_no":"2017071721001004230217123675","subject":"\u7518\u5357\u5168\u666f","buyer_email":"13661666029","gmt_create":"2017-07-17 23:48:25","notify_type":"trade_status_sync","quantity":"1","out_trade_no":"LX-17070423570018701-9","seller_id":"2088421286007493","notify_time":"2017-10-18 23:49:53","body":"2017\u5e74\u72ec\u5bb6  \u62c9\u535c\u695e\u5bfa-\u624e\u5c15\u90a3-\u82b1\u6e56-\u5e74\u5b9d\u7389\u5219-\u82e5\u5c14\u76d6\u8349\u539f-\u963f\u4e07\u4ed3\u6e7f\u5730-\u5c15\u6d77\u6e56-\u90ce\u6728\u5bfa 8\u65e5\u6e38","trade_status":"TRADE_FINISHED","is_total_fee_adjust":"N","total_fee":"3280.00","gmt_payment":"2017-07-17 23:49:09","seller_email":"2287684289@qq.com","gmt_close":"2017-10-18 23:49:52","price":"3280.00","buyer_id":"2088502859693232","notify_id":"e598b32d4853a6b6a33a7ba403a3d41hry","use_coupon":"N","sign_type":"MD5","sign":"ba74eb01fa6c8a6a1769deac37e2eae9"}
[2017-10-18 23:49:53][info] 数据存储反馈成功！
[2017-10-18 23:49:53][info] success
[2017-10-18 23:49:53][info] 写入结束!!!
