[2017-07-14 10:47:44][info] ----------------------------------------
[2017-07-14 10:47:44][info] {"discount":"0.00","payment_type":"1","trade_no":"2017071421001004510230563224","subject":"\u65b0\u7586\u5168\u666f","buyer_email":"15298468387","gmt_create":"2017-07-14 10:47:28","notify_type":"trade_status_sync","quantity":"1","out_trade_no":"LX-17071410235179006-1","seller_id":"2088421286007493","notify_time":"2017-07-14 10:47:44","body":"\u5580\u7eb3\u65af-\u79be\u6728-\u8d5b\u91cc\u6728\u6e56-\u85b0\u8863\u8349\u519c\u573a-\u5580\u62c9\u5cfb-\u90a3\u62c9\u63d0-\u5df4\u97f3\u5e03\u9c81\u514b-\u6c5f\u5e03\u62c9\u514b-\u4e94\u5f69\u6ee9-\u5410\u9c81\u756a13\u65e5\u6e38","trade_status":"TRADE_SUCCESS","is_total_fee_adjust":"N","total_fee":"2650.00","gmt_payment":"2017-07-14 10:47:43","seller_email":"2287684289@qq.com","price":"2650.00","buyer_id":"2088902934794519","notify_id":"e7ad78edc38eab81d317bc86f1a9edejxq","use_coupon":"N","sign_type":"MD5","sign":"c7db28403f589aa4875d295366da6c6e"}
[2017-07-14 10:47:44][info] 数据存储反馈成功！
[2017-07-14 10:47:44][info] success
[2017-07-14 10:47:44][info] 写入结束!!!
[2017-07-14 10:55:23][info] ----------------------------------------
[2017-07-14 10:55:23][info] {"discount":"0.00","payment_type":"1","trade_no":"2017071421001004590231727320","subject":"\u7518\u5357\u5168\u666f","buyer_email":"826953622@qq.com","gmt_create":"2017-07-14 10:55:05","notify_type":"trade_status_sync","quantity":"1","out_trade_no":"LX-17070723405038001-0","seller_id":"2088421286007493","notify_time":"2017-07-14 10:55:23","body":"2017\u5e74\u72ec\u5bb6  \u62c9\u535c\u695e\u5bfa-\u624e\u5c15\u90a3-\u82b1\u6e56-\u5e74\u5b9d\u7389\u5219-\u82e5\u5c14\u76d6\u8349\u539f-\u963f\u4e07\u4ed3\u6e7f\u5730-\u5c15\u6d77\u6e56-\u90ce\u6728\u5bfa 8\u65e5\u6e38","trade_status":"TRADE_SUCCESS","is_total_fee_adjust":"N","total_fee":"8640.00","gmt_payment":"2017-07-14 10:55:23","seller_email":"2287684289@qq.com","price":"8640.00","buyer_id":"2088212756905597","notify_id":"313228dce01ae29bbe23ce0c01be0dakjy","use_coupon":"N","sign_type":"MD5","sign":"651728b961bedb887adcfe2ca4a2df6e"}
[2017-07-14 10:55:24][info] 数据存储反馈成功！
[2017-07-14 10:55:24][info] success
[2017-07-14 10:55:24][info] 写入结束!!!
[2017-07-14 11:17:37][info] ----------------------------------------
[2017-07-14 11:17:37][info] {"discount":"0.00","payment_type":"1","trade_no":"2017071421001004970237056387","subject":"\u4e1d\u7ef8\u4e4b\u8def\u8f7b\u5962\u6e38","buyer_email":"wingen.sn@163.com","gmt_create":"2017-07-14 11:14:52","notify_type":"trade_status_sync","quantity":"1","out_trade_no":"LX-17071410463066306-0","seller_id":"2088421286007493","notify_time":"2017-07-14 11:17:37","body":"\u9752\u6d77\u6e56-\u8336\u5361\u76d0\u6e56-\u6c99\u5c9b-\u7941\u8fde\u5c71-\u5f20\u6396-\u5609\u5cea\u5173-\u6566\u714c9\u65e5\u6e38","trade_status":"TRADE_SUCCESS","is_total_fee_adjust":"N","total_fee":"10152.00","gmt_payment":"2017-07-14 11:17:37","seller_email":"2287684289@qq.com","price":"10152.00","buyer_id":"2088102036762979","notify_id":"31abfb860c99c0963305fbe3eadfdafnhi","use_coupon":"N","sign_type":"MD5","sign":"de3d8cece9704b311baa80216210e68d"}
[2017-07-14 11:17:37][info] 数据存储反馈成功！
[2017-07-14 11:17:37][info] success
[2017-07-14 11:17:37][info] 写入结束!!!
[2017-07-14 12:32:49][info] ----------------------------------------
[2017-07-14 12:32:49][info] {"discount":"0.00","payment_type":"1","trade_no":"2017071421001004080247567380","subject":"\u4e1d\u8def\u5dc5\u5cf0\u4f53\u9a8c\u5341\u65e5\u6e38","buyer_email":"13453400133","gmt_create":"2017-07-14 12:32:28","notify_type":"trade_status_sync","quantity":"1","out_trade_no":"LX-17071411163450906-4","seller_id":"2088421286007493","notify_time":"2017-07-14 12:32:49","body":"\u9752\u6d77\u6e56-\u8336\u5361\u76d0\u6e56-\u6c99\u5c9b-\u7941\u8fde-\u5f20\u6396\u4e39\u971e-\u5609\u5cea\u5173-\u6566\u714c\u5341\u65e5\u6e38","trade_status":"TRADE_SUCCESS","is_total_fee_adjust":"N","total_fee":"4280.00","gmt_payment":"2017-07-14 12:32:49","seller_email":"2287684289@qq.com","price":"4280.00","buyer_id":"2088522166422080","notify_id":"d82ddda99ba6a5dcc0b91caf525f1d7gma","use_coupon":"N","sign_type":"MD5","sign":"a6cbb8a078afd9eab10c0805b68f06db"}
[2017-07-14 12:32:50][info] 数据存储反馈成功！
[2017-07-14 12:32:50][info] success
[2017-07-14 12:32:50][info] 写入结束!!!
[2017-07-14 13:16:33][info] ----------------------------------------
[2017-07-14 13:16:33][info] {"discount":"0.00","payment_type":"1","trade_no":"2017071421001004760225411676","subject":"\u9752\u6d77\u6e56\u73af\u6e565\u65e5\u6df1\u5ea6\u6e38","buyer_email":"15870799765","gmt_create":"2017-07-14 13:16:07","notify_type":"trade_status_sync","quantity":"1","out_trade_no":"LX-17071412580551006-8","seller_id":"2088421286007493","notify_time":"2017-07-14 13:16:33","body":"\u8336\u5361\u3001\u95e8\u6e90\u3001\u7941\u8fde\u3001\u7cbe\u534e300\u00b0\u9752\u6d77\u6e56\u73af\u6e56","trade_status":"TRADE_SUCCESS","is_total_fee_adjust":"N","total_fee":"6450.00","gmt_payment":"2017-07-14 13:16:33","seller_email":"2287684289@qq.com","price":"6450.00","buyer_id":"2088702186689764","notify_id":"af363012c070bcbe5bc432eba92f24alv6","use_coupon":"N","sign_type":"MD5","sign":"494392c29b71777f0368f8730cf76acf"}
[2017-07-14 13:16:34][info] 数据存储反馈成功！
[2017-07-14 13:16:34][info] success
[2017-07-14 13:16:34][info] 写入结束!!!
[2017-07-14 13:46:08][info] ----------------------------------------
[2017-07-14 13:46:08][info] {"discount":"0.00","payment_type":"1","trade_no":"2017071421001004660228448944","subject":"\u4e1d\u7ef8\u4e4b\u8def\u5168\u666f\u6e389\u65e5","buyer_email":"282992008@qq.com","gmt_create":"2017-07-14 13:45:51","notify_type":"trade_status_sync","quantity":"1","out_trade_no":"LX-17071409013329806-3","seller_id":"2088421286007493","notify_time":"2017-07-14 13:46:08","body":"\u72ec\u5bb6\u6c34\u4e0a\u9b54\u9b3c\u57ce-\u65e0\u4eba\u533a\u539f\u751f\u6001\u96c5\u4e39\u63a2\u79d8-\u9752\u6d77\u6e56-\u8336\u5361\u76d0\u6e56-\u83ab\u9ad8\u7a9f-\u9e23\u6c99\u5c71\u6708\u7259\u6cc9-\u5f20\u6396\u4e39\u971e-\u5353\u5c14\u5c719\u65e5\u6e38","trade_status":"TRADE_SUCCESS","is_total_fee_adjust":"N","total_fee":"3780.00","gmt_payment":"2017-07-14 13:46:08","seller_email":"2287684289@qq.com","price":"3780.00","buyer_id":"2088802346497663","notify_id":"0c4631eb7d74cf531daf93c44e1a650l3e","use_coupon":"N","sign_type":"MD5","sign":"7d156edc77de7f8972950e1734dc7f75"}
[2017-07-14 13:46:09][info] 数据存储反馈成功！
[2017-07-14 13:46:09][info] success
[2017-07-14 13:46:09][info] 写入结束!!!
[2017-07-14 13:58:56][info] ----------------------------------------
[2017-07-14 13:58:56][info] {"discount":"0.00","payment_type":"1","trade_no":"2017071421001004990258861511","subject":"\u4e1d\u8def\u5dc5\u5cf0\u4f53\u9a8c\u5341\u65e5\u6e38","buyer_email":"daadaa@21cn.com","gmt_create":"2017-07-14 13:56:04","notify_type":"trade_status_sync","quantity":"1","out_trade_no":"LX-17071317140875406-b","seller_id":"2088421286007493","notify_time":"2017-07-14 13:58:55","body":"\u9752\u6d77\u6e56-\u8336\u5361\u76d0\u6e56-\u6c99\u5c9b-\u7941\u8fde-\u5f20\u6396\u4e39\u971e-\u5609\u5cea\u5173-\u6566\u714c\u5341\u65e5\u6e38","trade_status":"TRADE_SUCCESS","is_total_fee_adjust":"N","total_fee":"22090.00","gmt_payment":"2017-07-14 13:58:55","seller_email":"2287684289@qq.com","price":"22090.00","buyer_id":"2088002061913992","notify_id":"686738475946fb6021a4800ffdd1c21nn2","use_coupon":"N","sign_type":"MD5","sign":"b2546d6919f206e4dda8816214e912dc"}
[2017-07-14 13:58:56][info] 数据存储反馈成功！
[2017-07-14 13:58:56][info] success
[2017-07-14 13:58:56][info] 写入结束!!!
[2017-07-14 14:14:03][info] ----------------------------------------
[2017-07-14 14:14:03][info] {"discount":"0.00","payment_type":"1","trade_no":"2017071421001004800256823310","subject":"\u7518\u5357\u5168\u666f","buyer_email":"liuguohua1978@126.com","gmt_create":"2017-07-14 14:13:51","notify_type":"trade_status_sync","quantity":"1","out_trade_no":"LX-17071414040529501-c","seller_id":"2088421286007493","notify_time":"2017-07-14 14:14:03","body":"2017\u5e74\u72ec\u5bb6  \u62c9\u535c\u695e\u5bfa-\u624e\u5c15\u90a3-\u82b1\u6e56-\u5e74\u5b9d\u7389\u5219-\u82e5\u5c14\u76d6\u8349\u539f-\u963f\u4e07\u4ed3\u6e7f\u5730-\u5c15\u6d77\u6e56-\u90ce\u6728\u5bfa 8\u65e5\u6e38","trade_status":"TRADE_SUCCESS","is_total_fee_adjust":"N","total_fee":"6560.00","gmt_payment":"2017-07-14 14:14:03","seller_email":"2287684289@qq.com","price":"6560.00","buyer_id":"2088002255738806","notify_id":"f09fd86b1df07950fee389392ed8d9dm6a","use_coupon":"N","sign_type":"MD5","sign":"176abac8ea56748cccd0bd724d338283"}
[2017-07-14 14:14:03][info] 数据存储反馈成功！
[2017-07-14 14:14:03][info] success
[2017-07-14 14:14:03][info] 写入结束!!!
[2017-07-14 15:58:15][info] ----------------------------------------
[2017-07-14 15:58:15][info] {"discount":"0.00","payment_type":"1","trade_no":"2017071421001004390215955915","subject":"\u8349\u539f\u7267\u6b4cB\u7ebf","buyer_email":"danglg@hanslaser.com","gmt_create":"2017-07-14 15:58:07","notify_type":"trade_status_sync","quantity":"1","out_trade_no":"LX-17062922403518806-d","seller_id":"2088421286007493","notify_time":"2017-07-14 15:58:15","body":"\u8d8a\u91ce\u8f66\u7eb5\u6a2a\u6d77\u62c9\u5c14-\u91d1\u5e10\u6c57\u8499\u53e4\u90e8\u843d-\u83ab\u5c14\u9053\u560e-\u592a\u5e73\u6751-\u5ba4\u97e6-\u4e2d\u4fc4\u8fb9\u5883\u7ebf-\u767d\u6866\u6797-\u9ed1\u5c71\u5934\u9a91\u9a6c\u7a7f\u8d8a-186\u5f69\u5e26\u6cb3-\u72fc\u5c9b-\u6ee1\u6d32\u91cc7\u65e5\u6e38","trade_status":"TRADE_SUCCESS","is_total_fee_adjust":"N","total_fee":"4790.00","gmt_payment":"2017-07-14 15:58:15","seller_email":"2287684289@qq.com","price":"4790.00","buyer_id":"2088402943699396","notify_id":"5291b70f82671d6fa8b7c99282ebf48j0e","use_coupon":"N","sign_type":"MD5","sign":"95d9d723b66537aa00dd11a990cb05ae"}
[2017-07-14 15:58:16][info] 数据存储反馈成功！
[2017-07-14 15:58:16][info] success
[2017-07-14 15:58:16][info] 写入结束!!!
[2017-07-14 21:31:28][info] ----------------------------------------
[2017-07-14 21:31:28][info] {"discount":"0.00","payment_type":"1","trade_no":"2017071421001004190291609855","subject":"\u575d\u4e0a\u4eb2\u5b50\u65c5\u62cd\u4e13\u7ebf","buyer_email":"luluhuhu.lar@163.com","gmt_create":"2017-07-14 21:31:13","notify_type":"trade_status_sync","quantity":"1","out_trade_no":"LX-17071220245175806-1","seller_id":"2088421286007493","notify_time":"2017-07-14 21:31:28","body":"\u5b9d\u8d1d\u6210\u957f\u8bb0\uff1a\u5927\u624b\u7275\u5c0f\u624b\uff0c\u52c7\u95ef\u5927\u8349\u539f\uff0c\u7267\u7f8a\u3001\u9a91\u9a6c\u3001\u8d8a\u91ce6\u65e5\uff087\u5927\u4eb2\u5b50\u4e92\u52a8\u9879\u76ee\uff0c\u914d\u5907\u6444\u5f71\u5e08\uff09","trade_status":"TRADE_SUCCESS","is_total_fee_adjust":"N","total_fee":"7350.00","gmt_payment":"2017-07-14 21:31:27","seller_email":"2287684289@qq.com","price":"7350.00","buyer_id":"2088102575296193","notify_id":"d549a02dbd5803b76d9e670a141a0bbhgu","use_coupon":"N","sign_type":"MD5","sign":"9f8c2669151a564c5048f1a7ab8f9a00"}
[2017-07-14 21:31:28][info] 数据存储反馈成功！
[2017-07-14 21:31:28][info] success
[2017-07-14 21:31:28][info] 写入结束!!!
[2017-07-14 21:52:12][info] ----------------------------------------
[2017-07-14 21:52:12][info] {"discount":"0.00","payment_type":"1","trade_no":"2017071421001004360230228218","subject":"\u4e1d\u8def\u5dc5\u5cf0\u4f53\u9a8c\u4e5d\u65e5\u6e38B\u7ebf","buyer_email":"18688658363","gmt_create":"2017-07-14 21:48:45","notify_type":"trade_status_sync","quantity":"1","out_trade_no":"LX-17071415470316606-5","seller_id":"2088421286007493","notify_time":"2017-07-14 21:52:12","body":"\u9752\u6d77\u6e56-\u8336\u5361\u76d0\u6e56-\u9e23\u6c99\u5c71\u6708\u7259\u6cc9-\u83ab\u9ad8\u7a9f-\u96c5\u4e39\u9b54\u9b3c\u57ce-\u5609\u5cea\u5173-\u5f20\u6396\u4e39\u971e-\u9a6c\u8e44\u5bfa-\u5353\u5c14\u5c71\u8f7b\u5962\u52a8\u8f669\u65e5\u6e38","trade_status":"TRADE_SUCCESS","is_total_fee_adjust":"N","total_fee":"3130.00","gmt_payment":"2017-07-14 21:52:12","seller_email":"2287684289@qq.com","price":"3130.00","buyer_id":"2088522239793367","notify_id":"b8b8b681ee48e5d1c8b2411d411bc90is2","use_coupon":"N","sign_type":"MD5","sign":"ad51a952d42e56f4e4c901e7a2ce9ade"}
[2017-07-14 21:52:13][info] 数据存储反馈成功！
[2017-07-14 21:52:13][info] success
[2017-07-14 21:52:13][info] 写入结束!!!
[2017-07-14 22:01:42][info] ----------------------------------------
[2017-07-14 22:01:42][info] {"discount":"0.00","payment_type":"1","trade_no":"2017071421001004730266273596","subject":"\u7518\u5357\u5168\u666f","buyer_email":"oupeiyu@mail.xjtu.edu.cn","gmt_create":"2017-07-14 22:01:31","notify_type":"trade_status_sync","quantity":"1","out_trade_no":"LX-17070523075188201-3","seller_id":"2088421286007493","notify_time":"2017-07-14 22:01:42","body":"2017\u5e74\u72ec\u5bb6  \u62c9\u535c\u695e\u5bfa-\u624e\u5c15\u90a3-\u82b1\u6e56-\u5e74\u5b9d\u7389\u5219-\u82e5\u5c14\u76d6\u8349\u539f-\u963f\u4e07\u4ed3\u6e7f\u5730-\u5c15\u6d77\u6e56-\u90ce\u6728\u5bfa 8\u65e5\u6e38","trade_status":"TRADE_SUCCESS","is_total_fee_adjust":"N","total_fee":"4320.00","gmt_payment":"2017-07-14 22:01:42","seller_email":"2287684289@qq.com","price":"4320.00","buyer_id":"2088102116686731","notify_id":"2f68fe83365f22edbb38416f1bb59eflmu","use_coupon":"N","sign_type":"MD5","sign":"565a1ab75129415c756883f03e9ecc1e"}
[2017-07-14 22:01:43][info] 数据存储反馈成功！
[2017-07-14 22:01:43][info] success
[2017-07-14 22:01:43][info] 写入结束!!!
[2017-07-14 22:57:20][info] ----------------------------------------
[2017-07-14 22:57:20][info] {"discount":"0.00","payment_type":"1","trade_no":"2017071421001004000260783338","subject":"\u8d35\u5dde\u5168\u666f\u6e38","buyer_email":"zdmp@sohu.com","gmt_create":"2017-07-14 22:56:51","notify_type":"trade_status_sync","quantity":"1","out_trade_no":"LX-17071121351372201-b","seller_id":"2088421286007493","notify_time":"2017-07-14 22:57:20","body":"\u897f\u6c5f\u5343\u6237\u82d7\u5be8-\u8354\u6ce2-\u9ed4\u4e1c\u5357-\u9547\u8fdc-\u9ec4\u679c\u6811-\u79d8\u5883\u8302\u5170\u6df1\u5ea6\u7eaf\u73a9\u4e5d\u65e5\u6e38","trade_status":"TRADE_SUCCESS","is_total_fee_adjust":"N","total_fee":"10440.00","gmt_payment":"2017-07-14 22:57:20","seller_email":"2287684289@qq.com","price":"10440.00","buyer_id":"2088002997969001","notify_id":"ad81c20899e70b9025e9fab949c46a8g02","use_coupon":"N","sign_type":"MD5","sign":"4a235241e4e350c20eebc0d67391e598"}
[2017-07-14 22:57:21][info] 数据存储反馈成功！
[2017-07-14 22:57:21][info] success
[2017-07-14 22:57:21][info] 写入结束!!!
[2017-07-14 23:23:54][info] ----------------------------------------
[2017-07-14 23:23:54][info] {"discount":"0.00","payment_type":"1","trade_no":"2017071421001004610209146620","subject":"\u4e09\u6c5f\u6e90\u6df1\u5ea6\u5927\u73af\u7ebf","buyer_email":"13902424624","gmt_create":"2017-07-14 23:23:33","notify_type":"trade_status_sync","quantity":"1","out_trade_no":"LX-17071110500987306-c","seller_id":"2088421286007493","notify_time":"2017-07-14 23:23:54","body":"2017\u5e74\u7518\u5357-\u5e74\u5b9d\u7389\u5219-\u8272\u8fbe-\u4e94\u660e\u4f5b\u5b66\u9662-\u5ddd\u85cf\u5317\u7ebf\u3001\u751f\u547d\u51c0\u571f\u4e09\u6c5f\u6e90-\u9102\u9675\u6e56 \u624e\u9675\u6e5612\u65e5\u4eba\u6587\u884c\u6444\u4e4b\u65c5\uff01","trade_status":"TRADE_SUCCESS","is_total_fee_adjust":"N","total_fee":"6800.00","gmt_payment":"2017-07-14 23:23:54","seller_email":"2287684289@qq.com","price":"6800.00","buyer_id":"2088702266274613","notify_id":"f463f504bd7899a0d94447186a72c13kpi","use_coupon":"N","sign_type":"MD5","sign":"f792c31546326b96ba52eef5728a6934"}
[2017-07-14 23:23:55][info] 数据存储反馈成功！
[2017-07-14 23:23:55][info] success
[2017-07-14 23:23:55][info] 写入结束!!!
