[2017-09-07 07:09:55][info] ----------------------------------------
[2017-09-07 07:09:55][info] {"discount":"0.00","payment_type":"1","trade_no":"2017090721001004380234754555","subject":"\u897f\u85cf\u5f80\u897f","buyer_email":"13325876175","gmt_create":"2017-09-07 07:09:38","notify_type":"trade_status_sync","quantity":"1","out_trade_no":"LX-17082416565673801-9","seller_id":"2088421286007493","notify_time":"2017-09-07 07:09:55","body":"2017\u5e74\u963f\u91cc\u5357\u7ebf\u671d\u5723\u8f6c\u5c71 \u5fc3\u7075\u796d\u62dc12\u65e5","trade_status":"TRADE_SUCCESS","is_total_fee_adjust":"N","total_fee":"6980.00","gmt_payment":"2017-09-07 07:09:55","seller_email":"2287684289@qq.com","price":"6980.00","buyer_id":"2088512372559380","notify_id":"51b9633e8126096d7713c29189f8aafixm","use_coupon":"N","sign_type":"MD5","sign":"d39e8ba2634605c918d203396923bf66"}
[2017-09-07 07:09:56][info] 数据存储反馈成功！
[2017-09-07 07:09:56][info] success
[2017-09-07 07:09:56][info] 写入结束!!!
[2017-09-07 09:59:18][info] ----------------------------------------
[2017-09-07 09:59:18][info] {"discount":"0.00","payment_type":"1","trade_no":"2017090721001004650266157864","subject":"\u5f92\u6b65\u817e\u683c\u91cc","buyer_email":"lovewenjing138@sina.com","gmt_create":"2017-09-07 09:55:38","notify_type":"trade_status_sync","quantity":"1","out_trade_no":"LX-17090709375623006-e","seller_id":"2088421286007493","notify_time":"2017-09-07 09:59:18","body":"\u817e\u683c\u91cc\u6c99\u6f20\u4e94\u6e56\u8f7b\u88c5\u5f92\u6b65\u7a7f\u8d8a-\u5929\u5e55\u9732\u84254\u65e5\u4f53\u9a8c\u6e38","trade_status":"TRADE_SUCCESS","is_total_fee_adjust":"N","total_fee":"2599.00","gmt_payment":"2017-09-07 09:59:18","seller_email":"2287684289@qq.com","price":"2599.00","buyer_id":"2088302291505650","notify_id":"c80cf66dd2243faab4f8533ef6f6086l0m","use_coupon":"N","sign_type":"MD5","sign":"b8104a2457f077fbe4e98602fc9d077b"}
[2017-09-07 09:59:18][info] 数据存储反馈成功！
[2017-09-07 09:59:18][info] success
[2017-09-07 09:59:18][info] 写入结束!!!
[2017-09-07 10:04:45][info] ----------------------------------------
[2017-09-07 10:04:45][info] {"discount":"0.00","payment_type":"1","trade_no":"2017090721001004990267131525","subject":"\u65b0\u7586\u91d1\u79cb\u5927\u73af\u7ebf","buyer_email":"13679873109","gmt_create":"2017-09-07 10:04:32","notify_type":"trade_status_sync","quantity":"1","out_trade_no":"LX-17080511381257401-0","seller_id":"2088421286007493","notify_time":"2017-09-07 10:04:45","body":"\u5580\u7eb3\u65af-\u79be\u6728-\u767d\u54c8\u5df4-\u8d5b\u91cc\u6728\u6e56-\u5df4\u97f3\u5e03\u9c81\u514b-\u5410\u9c81\u756a-\u5854\u91cc\u6728\u6cb3\u80e1\u6768\u679712\u65e5\u6df1\u5ea6\u6e38","trade_status":"TRADE_SUCCESS","is_total_fee_adjust":"N","total_fee":"5210.00","gmt_payment":"2017-09-07 10:04:44","seller_email":"2287684289@qq.com","price":"5210.00","buyer_id":"2088912866473990","notify_id":"e0b78776afc7db995869d5d37895fa7nn2","use_coupon":"N","sign_type":"MD5","sign":"f0d1bae21603f9f9418bf697a81a0057"}
[2017-09-07 10:04:45][info] 数据存储反馈成功！
[2017-09-07 10:04:45][info] success
[2017-09-07 10:04:45][info] 写入结束!!!
[2017-09-07 10:12:55][info] ----------------------------------------
[2017-09-07 10:12:55][info] {"discount":"0.00","payment_type":"1","trade_no":"2017090721001004940223848994","subject":"\u5317\u7586\u91d1\u79cb\u81f3\u5c0a10\u65e5\u6e38","buyer_email":"287709349@qq.com","gmt_create":"2017-09-07 10:12:48","notify_type":"trade_status_sync","quantity":"1","out_trade_no":"LX-1709070932409601-b","seller_id":"2088421286007493","notify_time":"2017-09-07 10:12:55","body":"38\u5c0f\u65f6\u79be\u6728-\u5580\u7eb3\u65af-\u767d\u54c8\u5df4-\u53ef\u53ef\u82cf\u91cc\u6e56-\u53ef\u53ef\u6258\u6d77-\u4e94\u5f69\u6ee9-\u9b54\u9b3c\u57ce10\u65e5\u5927\u73af\u7ebf","trade_status":"TRADE_SUCCESS","is_total_fee_adjust":"N","total_fee":"2790.00","gmt_payment":"2017-09-07 10:12:54","seller_email":"2287684289@qq.com","price":"2790.00","buyer_id":"2088102569412941","notify_id":"53752cad7d98e0dde22f136a5af06c4n96","use_coupon":"N","sign_type":"MD5","sign":"7cca9ae84f064a9284ca54c3df9f1dca"}
[2017-09-07 10:12:55][info] 数据存储反馈成功！
[2017-09-07 10:12:55][info] success
[2017-09-07 10:12:55][info] 写入结束!!!
[2017-09-07 10:50:29][info] ----------------------------------------
[2017-09-07 10:50:29][info] {"discount":"0.00","payment_type":"1","trade_no":"2017090721001004880268675919","subject":"\u5f92\u6b65\u817e\u683c\u91cc","buyer_email":"18817325233","gmt_create":"2017-09-07 10:50:02","notify_type":"trade_status_sync","quantity":"1","out_trade_no":"LX-1709071000182506-9","seller_id":"2088421286007493","notify_time":"2017-09-07 10:50:29","body":"\u817e\u683c\u91cc\u6c99\u6f20\u4e94\u6e56\u8f7b\u88c5\u5f92\u6b65\u7a7f\u8d8a-\u5929\u5e55\u9732\u84254\u65e5\u4f53\u9a8c\u6e38","trade_status":"TRADE_SUCCESS","is_total_fee_adjust":"N","total_fee":"2599.00","gmt_payment":"2017-09-07 10:50:28","seller_email":"2287684289@qq.com","price":"2599.00","buyer_id":"2088702771045887","notify_id":"6ab185654ddee57de5c49a09987446bmsi","use_coupon":"N","sign_type":"MD5","sign":"4dc5a3b92aed212e44a5453e8feed451"}
[2017-09-07 10:50:29][info] 数据存储反馈成功！
[2017-09-07 10:50:29][info] success
[2017-09-07 10:50:29][info] 写入结束!!!
[2017-09-07 10:50:53][info] ----------------------------------------
[2017-09-07 10:50:53][info] {"discount":"0.00","payment_type":"1","trade_no":"2017090721001004140223343264","subject":"\u9955\u992e\u8d4f\u79cb","buyer_email":"802829@qq.com","gmt_create":"2017-09-07 10:50:42","notify_type":"trade_status_sync","quantity":"1","out_trade_no":"LX-17080617451995101-4","seller_id":"2088421286007493","notify_time":"2017-09-07 10:50:53","body":"\u9752\u6d77\u6e56-\u8336\u5361\u76d0\u6e56-\u83ab\u9ad8\u7a9f-\u9e23\u6c99\u5c71-\u6708\u7259\u6cc9-\u5609\u5cea\u5173-\u989d\u6d4e\u7eb3\u80e1\u6768\u6797-\u5353\u5c14\u5c7110\u65e5\u5927\u73af\u7ebf","trade_status":"TRADE_SUCCESS","is_total_fee_adjust":"N","total_fee":"16800.00","gmt_payment":"2017-09-07 10:50:53","seller_email":"2287684289@qq.com","price":"16800.00","buyer_id":"2088102011387148","notify_id":"79558e4632e40166ef1b4a632b265b9h2y","use_coupon":"N","sign_type":"MD5","sign":"f96b4f7f7fd579cad6bdb5e7bc1cfa51"}
[2017-09-07 10:50:54][info] 数据存储反馈成功！
[2017-09-07 10:50:54][info] success
[2017-09-07 10:50:54][info] 写入结束!!!
[2017-09-07 11:06:41][info] ----------------------------------------
[2017-09-07 11:06:41][info] {"discount":"0.00","payment_type":"1","trade_no":"2017090721001004140223362956","subject":"\u9955\u992e\u8d4f\u79cb","buyer_email":"802829@qq.com","gmt_create":"2017-09-07 11:06:18","notify_type":"trade_status_sync","quantity":"1","out_trade_no":"LX-17090710472064901-f","seller_id":"2088421286007493","notify_time":"2017-09-07 11:06:41","body":"\u9752\u6d77\u6e56-\u8336\u5361\u76d0\u6e56-\u83ab\u9ad8\u7a9f-\u9e23\u6c99\u5c71-\u6708\u7259\u6cc9-\u5609\u5cea\u5173-\u989d\u6d4e\u7eb3\u80e1\u6768\u6797-\u5353\u5c14\u5c7110\u65e5\u5927\u73af\u7ebf","trade_status":"TRADE_SUCCESS","is_total_fee_adjust":"N","total_fee":"7680.00","gmt_payment":"2017-09-07 11:06:40","seller_email":"2287684289@qq.com","price":"7680.00","buyer_id":"2088102011387148","notify_id":"dcd9738ec74d59892867a59c7bc3114h2y","use_coupon":"N","sign_type":"MD5","sign":"4cba81e76a628ed26beea75fa55e0c6f"}
[2017-09-07 11:06:41][info] 数据存储反馈成功！
[2017-09-07 11:06:41][info] success
[2017-09-07 11:06:41][info] 写入结束!!!
[2017-09-07 15:03:59][info] ----------------------------------------
[2017-09-07 15:03:59][info] {"discount":"0.00","payment_type":"1","trade_no":"2017090721001004930265426926","subject":"\u989d\u6d4e\u7eb3\u6700\u7f8e\u9ad8\u94c1\u56e2","buyer_email":"17687731979","gmt_create":"2017-09-07 14:57:52","notify_type":"trade_status_sync","quantity":"1","out_trade_no":"LX-17090611510729006-4","seller_id":"2088421286007493","notify_time":"2017-09-07 15:03:59","body":"2017\u989d\u6d4e\u7eb3\u65d7\u80e1\u6768\u6797\u516d\u65e5\u6e38-\u9886\u8896\u6237\u5916\u72ec\u5bb6\u9996\u521b","trade_status":"TRADE_SUCCESS","is_total_fee_adjust":"N","total_fee":"400.00","gmt_payment":"2017-09-07 15:03:58","seller_email":"2287684289@qq.com","price":"400.00","buyer_id":"2088902183398931","notify_id":"8c38ff94693a2fdffab17e64aa29286n6e","use_coupon":"N","sign_type":"MD5","sign":"dafb850f7dceff2e19ab44a33121e7db"}
[2017-09-07 15:03:59][info] 数据存储反馈成功！
[2017-09-07 15:03:59][info] success
[2017-09-07 15:03:59][info] 写入结束!!!
[2017-09-07 15:06:49][info] ----------------------------------------
[2017-09-07 15:06:49][info] {"discount":"0.00","payment_type":"1","trade_no":"2017090721001004930265421302","subject":"\u989d\u6d4e\u7eb3\u6700\u7f8e\u9ad8\u94c1\u56e2","buyer_email":"17687731979","gmt_create":"2017-09-07 14:58:29","notify_type":"trade_status_sync","quantity":"1","out_trade_no":"LX-17090612393915806-4","seller_id":"2088421286007493","notify_time":"2017-09-07 15:06:49","body":"2017\u989d\u6d4e\u7eb3\u65d7\u80e1\u6768\u6797\u516d\u65e5\u6e38-\u9886\u8896\u6237\u5916\u72ec\u5bb6\u9996\u521b","trade_status":"TRADE_SUCCESS","is_total_fee_adjust":"N","total_fee":"6360.00","gmt_payment":"2017-09-07 15:06:48","seller_email":"2287684289@qq.com","price":"6360.00","buyer_id":"2088902183398931","notify_id":"198ca94ce9129d203bbe024a6a9858en6e","use_coupon":"N","sign_type":"MD5","sign":"85c0bfbb7d4547b2f631329bb5c7b8ef"}
[2017-09-07 15:06:49][info] 数据存储反馈成功！
[2017-09-07 15:06:49][info] success
[2017-09-07 15:06:49][info] 写入结束!!!
[2017-09-07 15:07:01][info] ----------------------------------------
[2017-09-07 15:07:01][info] {"discount":"0.00","payment_type":"1","trade_no":"2017090721001004460224054992","subject":"\u989d\u6d4e\u7eb3\u6444\u5f71A","buyer_email":"1349994005@qq.com","gmt_create":"2017-09-07 15:06:52","notify_type":"trade_status_sync","quantity":"1","out_trade_no":"LX-17090710205585701-f","seller_id":"2088421286007493","notify_time":"2017-09-07 15:07:01","body":"\u4ed9\u7c73\u5f69\u6797-\u989d\u6d4e\u7eb3\u80e1\u6768\u6797-\u5f20\u6396\u4e39\u971e-\u91d1\u5854\u80e1\u6768\u6797-\u9ed1\u6c34\u57ce-\u5c45\u5ef6\u6d77-\u5609\u5cea\u5173\u52a8\u8f66\u8fd4\u7a0b7\u65e5\u6e38","trade_status":"TRADE_SUCCESS","is_total_fee_adjust":"N","total_fee":"4009.00","gmt_payment":"2017-09-07 15:07:00","seller_email":"2287684289@qq.com","price":"4009.00","buyer_id":"2088902974259465","notify_id":"a7d97e9211ef815ff6d0b82f0504b92jju","use_coupon":"N","sign_type":"MD5","sign":"8d8d9a85821660ead18d7914e4c4f333"}
[2017-09-07 15:07:01][info] 数据存储反馈成功！
[2017-09-07 15:07:01][info] success
[2017-09-07 15:07:01][info] 写入结束!!!
[2017-09-07 15:43:53][info] ----------------------------------------
[2017-09-07 15:43:53][info] {"discount":"0.00","payment_type":"1","trade_no":"2017090721001004240228660531","subject":"\u65b0\u7586\u91d1\u79cb\u5927\u73af\u7ebf","buyer_email":"648237071@qq.com","gmt_create":"2017-09-07 15:43:36","notify_type":"trade_status_sync","quantity":"1","out_trade_no":"LX-17080110052589306-2","seller_id":"2088421286007493","notify_time":"2017-09-07 15:43:53","body":"\u5580\u7eb3\u65af-\u79be\u6728-\u767d\u54c8\u5df4-\u8d5b\u91cc\u6728\u6e56-\u5df4\u97f3\u5e03\u9c81\u514b-\u5410\u9c81\u756a-\u5854\u91cc\u6728\u6cb3\u80e1\u6768\u679712\u65e5\u6df1\u5ea6\u6e38","trade_status":"TRADE_SUCCESS","is_total_fee_adjust":"N","total_fee":"22000.00","gmt_payment":"2017-09-07 15:43:53","seller_email":"2287684289@qq.com","price":"22000.00","buyer_id":"2088302006631247","notify_id":"0756e01ae8cdfb084355f7891b71d36huq","use_coupon":"N","sign_type":"MD5","sign":"83d27baaacda6a71e23ff1f7d88a23ea"}
[2017-09-07 15:43:53][info] 数据存储反馈成功！
[2017-09-07 15:43:53][info] success
[2017-09-07 15:43:53][info] 写入结束!!!
[2017-09-07 15:45:58][info] ----------------------------------------
[2017-09-07 15:45:58][info] {"discount":"0.00","payment_type":"1","trade_no":"2017060621001004680254980583","subject":"\u65b0\u7586\u7cbe\u534e","buyer_email":"13809667361","gmt_create":"2017-06-06 15:44:16","notify_type":"trade_status_sync","quantity":"1","out_trade_no":"LX-17042813390647406-b","seller_id":"2088421286007493","notify_time":"2017-09-07 15:45:58","body":"\u5929\u5c71\u5929\u6c60-\u5580\u7eb3\u65af-\u79be\u6728-\u4e94\u5f69\u6ee9-\u8d5b\u91cc\u6728\u6e56-\u85b0\u8863\u8349\u5e84\u56ed-\u90a3\u62c9\u63d0-\u5df4\u97f3\u5e03\u9c81\u514b-\u5410\u9c81\u756a11\u65e5\u6e38","trade_status":"TRADE_FINISHED","is_total_fee_adjust":"N","total_fee":"2200.00","gmt_payment":"2017-06-06 15:45:03","seller_email":"2287684289@qq.com","gmt_close":"2017-09-07 15:45:58","price":"2200.00","buyer_id":"2088702005381686","notify_id":"c6b6cacb808045cc4c57f5a817081a6l8y","use_coupon":"N","sign_type":"MD5","sign":"14228a15d24526cc95f524998a73f25c"}
[2017-09-07 15:45:58][info] 数据存储反馈成功！
[2017-09-07 15:45:58][info] success
[2017-09-07 15:45:58][info] 写入结束!!!
[2017-09-07 16:41:32][info] ----------------------------------------
[2017-09-07 16:41:32][info] {"discount":"0.00","payment_type":"1","trade_no":"2017090721001004170210583865","subject":"\u989d\u6d4e\u7eb3\u6700\u7f8e\u9ad8\u94c1\u56e2","buyer_email":"18950073078","gmt_create":"2017-09-07 16:41:22","notify_type":"trade_status_sync","quantity":"1","out_trade_no":"LX-17090715550922106-0","seller_id":"2088421286007493","notify_time":"2017-09-07 16:41:32","body":"2017\u989d\u6d4e\u7eb3\u65d7\u80e1\u6768\u6797\u516d\u65e5\u6e38-\u9886\u8896\u6237\u5916\u72ec\u5bb6\u9996\u521b","trade_status":"TRADE_SUCCESS","is_total_fee_adjust":"N","total_fee":"3180.00","gmt_payment":"2017-09-07 16:41:31","seller_email":"2287684289@qq.com","price":"3180.00","buyer_id":"2088912932527176","notify_id":"f21ad999df3a03f2b2cff39472e8737hba","use_coupon":"N","sign_type":"MD5","sign":"3a2827a215023f1846e4f3b1577cc60c"}
[2017-09-07 16:41:32][info] 数据存储反馈成功！
[2017-09-07 16:41:32][info] success
[2017-09-07 16:41:32][info] 写入结束!!!
[2017-09-07 16:53:04][info] ----------------------------------------
[2017-09-07 16:53:04][info] {"discount":"0.00","payment_type":"1","trade_no":"2017060621001004920244928170","subject":"\u4e1d\u7ef8\u4e4b\u8def\u7ecf\u5178\u4e5d\u65e5","buyer_email":"13528783031","gmt_create":"2017-06-06 16:52:24","notify_type":"trade_status_sync","quantity":"1","out_trade_no":"LX-17060613412854506-f","seller_id":"2088421286007493","notify_time":"2017-09-07 16:53:04","body":"\u6c99\u5c9b-\u9752\u6d77\u6e56-\u8336\u5361\u76d0\u6e56-\u5353\u5c14\u5c71-\u5f20\u6396\u4e39\u971e-\u5609\u5cea\u5173-\u6566\u714c9\u65e5\u6e38","trade_status":"TRADE_FINISHED","is_total_fee_adjust":"N","total_fee":"3980.00","gmt_payment":"2017-06-06 16:52:33","seller_email":"2287684289@qq.com","gmt_close":"2017-09-07 16:53:04","price":"3980.00","buyer_id":"2088002594927925","notify_id":"634474ea0850518c1ba7882d23028bdn3m","use_coupon":"N","sign_type":"MD5","sign":"b91cc7de67bba0e2c92fa8d2b79bdc5d"}
[2017-09-07 16:53:04][info] 数据存储反馈成功！
[2017-09-07 16:53:04][info] success
[2017-09-07 16:53:04][info] 写入结束!!!
[2017-09-07 17:27:01][info] ----------------------------------------
[2017-09-07 17:27:01][info] {"discount":"0.00","payment_type":"1","trade_no":"2017090721001004060273962772","subject":"\u8d35\u5dde\u5168\u666f\u6e38","buyer_email":"wuhuan@smmail.cn","gmt_create":"2017-09-07 17:26:50","notify_type":"trade_status_sync","quantity":"1","out_trade_no":"LX-17071412571840206-5","seller_id":"2088421286007493","notify_time":"2017-09-07 17:27:01","body":"\u897f\u6c5f\u5343\u6237\u82d7\u5be8-\u8354\u6ce2-\u9ed4\u4e1c\u5357-\u9547\u8fdc-\u9ec4\u679c\u6811-\u79d8\u5883\u8302\u5170\u6df1\u5ea6\u7eaf\u73a9\u4e5d\u65e5\u6e38","trade_status":"TRADE_SUCCESS","is_total_fee_adjust":"N","total_fee":"7600.00","gmt_payment":"2017-09-07 17:27:00","seller_email":"2287684289@qq.com","price":"7600.00","buyer_id":"2088002452408069","notify_id":"3af39895f026d7b8802c844dccb3d69ggq","use_coupon":"N","sign_type":"MD5","sign":"9e0576a34f29d8e54b55cf7a1435e8c5"}
[2017-09-07 17:27:01][info] 数据存储反馈成功！
[2017-09-07 17:27:01][info] success
[2017-09-07 17:27:01][info] 写入结束!!!
[2017-09-07 18:14:11][info] ----------------------------------------
[2017-09-07 18:14:11][info] {"discount":"0.00","payment_type":"1","trade_no":"2017090521001004280241381423","subject":"\u575d\u4e0a\u79cb\u6444","buyer_email":"18154081993","gmt_create":"2017-09-05 10:24:05","notify_type":"trade_status_sync","quantity":"1","out_trade_no":"LX-17090510044592006-a","seller_id":"2088421286007493","notify_time":"2017-09-07 18:14:11","body":"9-10\u6708\u91d1\u79cb\uff0c\u5317\u6c9f\u3001\u6768\u6811\u80cc\u3001\u4e94\u5f69\u5c71\u3001\u86e4\u87c6\u575d\u3001\u91ce\u9e2d\u6e56\u3001\u516c\u4e3b\u6e56\u7b49\u575d\u4e0a\u8349\u539f\u79cb\u8272\u4e00\u7f51\u6253\u5c3d 6\u65e5\u6444\u5f71\u521b\u4f5c\u56e2\uff08\u575d\u4e0a\u62cd\u64444\u5929\uff09","trade_status":"TRADE_SUCCESS","is_total_fee_adjust":"N","total_fee":"2680.00","gmt_payment":"2017-09-07 18:14:10","seller_email":"2287684289@qq.com","price":"2680.00","buyer_id":"2088622963410287","notify_id":"2193630cb193a8b3866295bdfb6c05ai5u","use_coupon":"N","sign_type":"MD5","sign":"4b89cd96ed42d4cb77171dd097dad0eb"}
[2017-09-07 18:14:11][info] 数据存储反馈成功！
[2017-09-07 18:14:11][info] success
[2017-09-07 18:14:11][info] 写入结束!!!
[2017-09-07 18:30:16][info] ----------------------------------------
[2017-09-07 18:30:16][info] {"discount":"0.00","payment_type":"1","trade_no":"2017090721001004350211398402","subject":"\u5317\u7586\u91d1\u79cb\u81f3\u5c0a10\u65e5\u6e38","buyer_email":"lihengchen42@hotmail.com","gmt_create":"2017-09-07 18:29:49","notify_type":"trade_status_sync","quantity":"1","out_trade_no":"LX-17062321122439906-b","seller_id":"2088421286007493","notify_time":"2017-09-07 18:30:16","body":"38\u5c0f\u65f6\u79be\u6728-\u5580\u7eb3\u65af-\u767d\u54c8\u5df4-\u53ef\u53ef\u82cf\u91cc\u6e56-\u53ef\u53ef\u6258\u6d77-\u4e94\u5f69\u6ee9-\u9b54\u9b3c\u57ce10\u65e5\u5927\u73af\u7ebf","trade_status":"TRADE_SUCCESS","is_total_fee_adjust":"N","total_fee":"2250.00","gmt_payment":"2017-09-07 18:30:15","seller_email":"2287684289@qq.com","price":"2250.00","buyer_id":"2088902757704359","notify_id":"cda61b3b56508791fe76cbd4c735e19ipa","use_coupon":"N","sign_type":"MD5","sign":"314b27f3d96e5cca7620d6a1bbecb0cc"}
[2017-09-07 18:30:16][info] 数据存储反馈成功！
[2017-09-07 18:30:16][info] success
[2017-09-07 18:30:16][info] 写入结束!!!
[2017-09-07 18:32:24][info] ----------------------------------------
[2017-09-07 18:32:24][info] {"discount":"0.00","payment_type":"1","trade_no":"2017090721001004350211380277","subject":"\u5317\u7586\u91d1\u79cb\u81f3\u5c0a10\u65e5\u6e38","buyer_email":"lihengchen42@hotmail.com","gmt_create":"2017-09-07 18:32:08","notify_type":"trade_status_sync","quantity":"1","out_trade_no":"LX-17052920584427006-6","seller_id":"2088421286007493","notify_time":"2017-09-07 18:32:24","body":"38\u5c0f\u65f6\u79be\u6728-\u5580\u7eb3\u65af-\u767d\u54c8\u5df4-\u53ef\u53ef\u82cf\u91cc\u6e56-\u53ef\u53ef\u6258\u6d77-\u4e94\u5f69\u6ee9-\u9b54\u9b3c\u57ce10\u65e5\u5927\u73af\u7ebf","trade_status":"TRADE_SUCCESS","is_total_fee_adjust":"N","total_fee":"6750.00","gmt_payment":"2017-09-07 18:32:23","seller_email":"2287684289@qq.com","price":"6750.00","buyer_id":"2088902757704359","notify_id":"ba34be30712d78730673f0225bdc862ipa","use_coupon":"N","sign_type":"MD5","sign":"cff73edd4926f1ee83eeaf5e29a41911"}
[2017-09-07 18:32:24][info] 数据存储反馈成功！
[2017-09-07 18:32:24][info] success
[2017-09-07 18:32:24][info] 写入结束!!!
[2017-09-07 19:16:39][info] ----------------------------------------
[2017-09-07 19:16:39][info] {"discount":"0.00","payment_type":"1","trade_no":"2017090721001004120236998302","subject":"\u989d\u6d4e\u7eb3\u5168\u666f","buyer_email":"13001663623@wo.com.cn","gmt_create":"2017-09-07 19:16:14","notify_type":"trade_status_sync","quantity":"1","out_trade_no":"LX-17090718575849706-f","seller_id":"2088421286007493","notify_time":"2017-09-07 19:16:39","body":"\u989d\u6d4e\u7eb3\u80e1\u6768\u6797-\u6566\u714c\u5168\u666f-\u5df4\u4e39\u5409\u6797-\u5f20\u6396\u4e39\u971e-\u5609\u5cea\u5173-\u91d1\u5854\u80e1\u6768\u6797-\u52a8\u8f668\u65e5","trade_status":"TRADE_SUCCESS","is_total_fee_adjust":"N","total_fee":"8960.00","gmt_payment":"2017-09-07 19:16:39","seller_email":"2287684289@qq.com","price":"8960.00","buyer_id":"2088002008460129","notify_id":"dee01c440045686398a603e8cd9dfc3gxe","use_coupon":"N","sign_type":"MD5","sign":"a85f5f7f8ab2b24e2d4a7917171a0f23"}
[2017-09-07 19:16:40][info] 数据存储反馈成功！
[2017-09-07 19:16:40][info] success
[2017-09-07 19:16:40][info] 写入结束!!!
[2017-09-07 19:31:45][info] ----------------------------------------
[2017-09-07 19:31:45][info] {"discount":"0.00","payment_type":"1","trade_no":"2017090721001004050213184350","subject":"\u5317\u7586\u91d1\u79cb\u81f3\u5c0a10\u65e5\u6e38","buyer_email":"jing86910@163.com","gmt_create":"2017-09-07 19:31:31","notify_type":"trade_status_sync","quantity":"1","out_trade_no":"LX-17080421122850306-6","seller_id":"2088421286007493","notify_time":"2017-09-07 19:31:45","body":"38\u5c0f\u65f6\u79be\u6728-\u5580\u7eb3\u65af-\u767d\u54c8\u5df4-\u53ef\u53ef\u82cf\u91cc\u6e56-\u53ef\u53ef\u6258\u6d77-\u4e94\u5f69\u6ee9-\u9b54\u9b3c\u57ce10\u65e5\u5927\u73af\u7ebf","trade_status":"TRADE_SUCCESS","is_total_fee_adjust":"N","total_fee":"1850.00","gmt_payment":"2017-09-07 19:31:45","seller_email":"2287684289@qq.com","price":"1850.00","buyer_id":"2088002277772055","notify_id":"9f0a84f358ca1f6593aeeda543d864dgdy","use_coupon":"N","sign_type":"MD5","sign":"00179ea95f5a6e869de42ad200427140"}
[2017-09-07 19:31:45][info] 数据存储反馈成功！
[2017-09-07 19:31:45][info] success
[2017-09-07 19:31:45][info] 写入结束!!!
[2017-09-07 19:37:37][info] ----------------------------------------
[2017-09-07 19:37:37][info] {"discount":"0.00","payment_type":"1","trade_no":"2017090721001004050213208648","subject":"\u5317\u7586\u91d1\u79cb\u81f3\u5c0a10\u65e5\u6e38","buyer_email":"jing86910@163.com","gmt_create":"2017-09-07 19:37:30","notify_type":"trade_status_sync","quantity":"1","out_trade_no":"LX-17082215170690001-5","seller_id":"2088421286007493","notify_time":"2017-09-07 19:37:37","body":"38\u5c0f\u65f6\u79be\u6728-\u5580\u7eb3\u65af-\u767d\u54c8\u5df4-\u53ef\u53ef\u82cf\u91cc\u6e56-\u53ef\u53ef\u6258\u6d77-\u4e94\u5f69\u6ee9-\u9b54\u9b3c\u57ce10\u65e5\u5927\u73af\u7ebf","trade_status":"TRADE_SUCCESS","is_total_fee_adjust":"N","total_fee":"2640.00","gmt_payment":"2017-09-07 19:37:36","seller_email":"2287684289@qq.com","price":"2640.00","buyer_id":"2088002277772055","notify_id":"d0e1f4dbca7b4ac4ac042294cd2fbcbgdy","use_coupon":"N","sign_type":"MD5","sign":"607fb3f2e8250bee341f8aaae86ac01f"}
[2017-09-07 19:37:37][info] 数据存储反馈成功！
[2017-09-07 19:37:37][info] success
[2017-09-07 19:37:37][info] 写入结束!!!
[2017-09-07 20:07:16][info] ----------------------------------------
[2017-09-07 20:07:16][info] {"discount":"0.00","payment_type":"1","trade_no":"2017090721001004590237028851","subject":"\u989d\u6d4e\u7eb3\u4f11\u95f2\u6e38","buyer_email":"13257232025@163.com","gmt_create":"2017-09-07 20:07:09","notify_type":"trade_status_sync","quantity":"1","out_trade_no":"LX-17090719390074706-7","seller_id":"2088421286007493","notify_time":"2017-09-07 20:07:16","body":"\u989d\u6d4e\u7eb3\u65d7\u80e1\u6768\u6797-\u5609\u5cea\u5173-\u9ed1\u6c34\u57ce-\u602a\u6811\u6797-\u5df4\u4e39\u5409\u6797\u6c99\u6f20-\u5f20\u6396\u4e39\u971e","trade_status":"TRADE_SUCCESS","is_total_fee_adjust":"N","total_fee":"5160.00","gmt_payment":"2017-09-07 20:07:16","seller_email":"2287684289@qq.com","price":"5160.00","buyer_id":"2088002002258591","notify_id":"3d7ab9af0207c2fb7dd85d8bef1e8f7kjy","use_coupon":"N","sign_type":"MD5","sign":"0c0b9ef9fed29db1a4c21481d9f22469"}
[2017-09-07 20:07:16][info] 数据存储反馈成功！
[2017-09-07 20:07:16][info] success
[2017-09-07 20:07:16][info] 写入结束!!!
[2017-09-07 21:35:38][info] ----------------------------------------
[2017-09-07 21:35:38][info] {"discount":"0.00","payment_type":"1","trade_no":"2017090721001004900286403000","subject":"\u65b0\u7586\u91d1\u79cb\u5927\u73af\u7ebf","buyer_email":"13022072395","gmt_create":"2017-09-07 21:35:23","notify_type":"trade_status_sync","quantity":"1","out_trade_no":"LX-17082820521517701-8","seller_id":"2088421286007493","notify_time":"2017-09-07 21:35:38","body":"\u5580\u7eb3\u65af-\u79be\u6728-\u767d\u54c8\u5df4-\u8d5b\u91cc\u6728\u6e56-\u5df4\u97f3\u5e03\u9c81\u514b-\u5410\u9c81\u756a-\u5854\u91cc\u6728\u6cb3\u80e1\u6768\u679712\u65e5\u6df1\u5ea6\u6e38","trade_status":"TRADE_SUCCESS","is_total_fee_adjust":"N","total_fee":"5680.00","gmt_payment":"2017-09-07 21:35:37","seller_email":"2287684289@qq.com","price":"5680.00","buyer_id":"2088012523589908","notify_id":"e679c3e387e889c69c8e67cf9ccbcd1my2","use_coupon":"N","sign_type":"MD5","sign":"c9254d48df20179495aadd621eaf3d6c"}
[2017-09-07 21:35:38][info] 数据存储反馈成功！
[2017-09-07 21:35:38][info] success
[2017-09-07 21:35:38][info] 写入结束!!!
[2017-09-07 23:18:56][info] ----------------------------------------
[2017-09-07 23:18:56][info] {"discount":"0.00","payment_type":"1","trade_no":"2017060621001004680255868281","subject":"\u9189\u7f8e\u4e5d\u5be8\u73af\u7ebf","buyer_email":"huangjinhong113@hotmail.com","gmt_create":"2017-06-06 23:18:28","notify_type":"trade_status_sync","quantity":"1","out_trade_no":"LX-17060521361583801-d","seller_id":"2088421286007493","notify_time":"2017-09-07 23:18:56","body":"2017\u5e74\u4e5d\u5be8\u9ec4\u9f99-\u5e74\u5b9d\u7389\u5219-\u4e5d\u66f2\u9ec4\u6cb3-\u82e5\u5c14\u76d6\u82b1\u6e568\u65e5\u6e38","trade_status":"TRADE_FINISHED","is_total_fee_adjust":"N","total_fee":"8740.00","gmt_payment":"2017-06-06 23:18:36","seller_email":"2287684289@qq.com","gmt_close":"2017-09-07 23:18:56","price":"8740.00","buyer_id":"2088002653421689","notify_id":"89f058ca9fab25bdbfb56a77d346425l8y","use_coupon":"N","sign_type":"MD5","sign":"bb9ad07843ca67e823bf6a49c61c3e54"}
[2017-09-07 23:18:57][info] 数据存储反馈成功！
[2017-09-07 23:18:57][info] success
[2017-09-07 23:18:57][info] 写入结束!!!
