[2017-07-24 09:26:46][info] ----------------------------------------
[2017-07-24 09:26:46][info] {"discount":"0.00","payment_type":"1","trade_no":"2017072421001004200240576476","subject":"\u7518\u5357\u5168\u666f","buyer_email":"18910270612","gmt_create":"2017-07-24 09:26:36","notify_type":"trade_status_sync","quantity":"1","out_trade_no":"LX-17072321585726006-c","seller_id":"2088421286007493","notify_time":"2017-07-24 09:26:45","body":"2017\u5e74\u72ec\u5bb6  \u62c9\u535c\u695e\u5bfa-\u624e\u5c15\u90a3-\u82b1\u6e56-\u5e74\u5b9d\u7389\u5219-\u82e5\u5c14\u76d6\u8349\u539f-\u963f\u4e07\u4ed3\u6e7f\u5730-\u5c15\u6d77\u6e56-\u90ce\u6728\u5bfa 8\u65e5\u6e38","trade_status":"TRADE_SUCCESS","is_total_fee_adjust":"N","total_fee":"1640.00","gmt_payment":"2017-07-24 09:26:45","seller_email":"2287684289@qq.com","price":"1640.00","buyer_id":"2088502788342205","notify_id":"fd8f94c1f5ce61763a52d4d3ac040f1hjm","use_coupon":"N","sign_type":"MD5","sign":"d75f9b27e06f2d8cebbabf3f733efda0"}
[2017-07-24 09:26:46][info] 数据存储反馈成功！
[2017-07-24 09:26:46][info] success
[2017-07-24 09:26:46][info] 写入结束!!!
[2017-07-24 10:03:12][info] ----------------------------------------
[2017-07-24 10:03:12][info] {"discount":"0.00","payment_type":"1","trade_no":"2017072421001004060295250270","subject":"\u65b0\u7586\u5168\u666f","buyer_email":"fangwei2000@21cn.com","gmt_create":"2017-07-24 10:03:06","notify_type":"trade_status_sync","quantity":"1","out_trade_no":"LX-17070709313364801-d","seller_id":"2088421286007493","notify_time":"2017-07-24 10:03:12","body":"\u5580\u7eb3\u65af-\u79be\u6728-\u8d5b\u91cc\u6728\u6e56-\u85b0\u8863\u8349\u519c\u573a-\u5580\u62c9\u5cfb-\u90a3\u62c9\u63d0-\u5df4\u97f3\u5e03\u9c81\u514b-\u6c5f\u5e03\u62c9\u514b-\u4e94\u5f69\u6ee9-\u5410\u9c81\u756a13\u65e5\u6e38","trade_status":"TRADE_SUCCESS","is_total_fee_adjust":"N","total_fee":"6640.00","gmt_payment":"2017-07-24 10:03:11","seller_email":"2287684289@qq.com","price":"6640.00","buyer_id":"2088002044036063","notify_id":"659b42f56746d37e8739df6757bac6cggq","use_coupon":"N","sign_type":"MD5","sign":"cf3ead3646ac1755d7589106db3ca22c"}
[2017-07-24 10:03:12][info] 数据存储反馈成功！
[2017-07-24 10:03:12][info] success
[2017-07-24 10:03:12][info] 写入结束!!!
[2017-07-24 10:13:03][info] ----------------------------------------
[2017-07-24 10:13:03][info] {"discount":"0.00","payment_type":"1","trade_no":"2017072421001004570270131290","subject":"\u8d35\u5dde\u5168\u666f\u6e38","buyer_email":"13906633939","gmt_create":"2017-07-24 10:10:57","notify_type":"trade_status_sync","quantity":"1","out_trade_no":"LX-1707232034404201-e","seller_id":"2088421286007493","notify_time":"2017-07-24 10:13:03","body":"\u897f\u6c5f\u5343\u6237\u82d7\u5be8-\u8354\u6ce2-\u9ed4\u4e1c\u5357-\u9547\u8fdc-\u9ec4\u679c\u6811-\u79d8\u5883\u8302\u5170\u6df1\u5ea6\u7eaf\u73a9\u4e5d\u65e5\u6e38","trade_status":"TRADE_SUCCESS","is_total_fee_adjust":"N","total_fee":"3980.00","gmt_payment":"2017-07-24 10:13:02","seller_email":"2287684289@qq.com","price":"3980.00","buyer_id":"2088602991297579","notify_id":"a4ce5d626f1ec3ed5ce81d05d30cf7dkee","use_coupon":"N","sign_type":"MD5","sign":"151941193909ba68f8cba4b9af252f5a"}
[2017-07-24 10:13:03][info] 数据存储反馈成功！
[2017-07-24 10:13:03][info] success
[2017-07-24 10:13:03][info] 写入结束!!!
[2017-07-24 10:37:04][info] ----------------------------------------
[2017-07-24 10:37:04][info] {"discount":"0.00","payment_type":"1","trade_no":"2017072421001004570270178721","subject":"\u8d35\u5dde\u5168\u666f\u6e38","buyer_email":"13906633939","gmt_create":"2017-07-24 10:36:06","notify_type":"trade_status_sync","quantity":"1","out_trade_no":"LX-170717091203101-3","seller_id":"2088421286007493","notify_time":"2017-07-24 10:37:04","body":"\u897f\u6c5f\u5343\u6237\u82d7\u5be8-\u8354\u6ce2-\u9ed4\u4e1c\u5357-\u9547\u8fdc-\u9ec4\u679c\u6811-\u79d8\u5883\u8302\u5170\u6df1\u5ea6\u7eaf\u73a9\u4e5d\u65e5\u6e38","trade_status":"TRADE_SUCCESS","is_total_fee_adjust":"N","total_fee":"5970.00","gmt_payment":"2017-07-24 10:37:04","seller_email":"2287684289@qq.com","price":"5970.00","buyer_id":"2088602991297579","notify_id":"b8e8e61bab03ce4c5724f58f488bad2kee","use_coupon":"N","sign_type":"MD5","sign":"c546f3dea2a8b289d648b5cc50bc5c3e"}
[2017-07-24 10:37:04][info] 数据存储反馈成功！
[2017-07-24 10:37:04][info] success
[2017-07-24 10:37:04][info] 写入结束!!!
[2017-07-24 11:00:38][info] ----------------------------------------
[2017-07-24 11:00:38][info] {"discount":"0.00","payment_type":"1","trade_no":"2017072421001004680246237506","subject":"\u4e1d\u8def\u5dc5\u5cf0\u4f53\u9a8c\u4e5d\u65e5\u6e38B\u7ebf","buyer_email":"13688867077","gmt_create":"2017-07-24 10:52:25","notify_type":"trade_status_sync","quantity":"1","out_trade_no":"LX-17070510410850306-8","seller_id":"2088421286007493","notify_time":"2017-07-24 11:00:38","body":"\u9752\u6d77\u6e56-\u8336\u5361\u76d0\u6e56-\u9e23\u6c99\u5c71\u6708\u7259\u6cc9-\u83ab\u9ad8\u7a9f-\u96c5\u4e39\u9b54\u9b3c\u57ce-\u5609\u5cea\u5173-\u5f20\u6396\u4e39\u971e-\u9a6c\u8e44\u5bfa-\u5353\u5c14\u5c71\u8f7b\u5962\u52a8\u8f669\u65e5\u6e38","trade_status":"TRADE_SUCCESS","is_total_fee_adjust":"N","total_fee":"9480.00","gmt_payment":"2017-07-24 11:00:37","seller_email":"2287684289@qq.com","price":"9480.00","buyer_id":"2088912091083685","notify_id":"418b604db6f5b4e72ccb3588e227dacl8y","use_coupon":"N","sign_type":"MD5","sign":"4a8b96dae4a98f828895c6fc52114a23"}
[2017-07-24 11:00:38][info] 数据存储反馈成功！
[2017-07-24 11:00:38][info] success
[2017-07-24 11:00:38][info] 写入结束!!!
[2017-07-24 14:18:07][info] ----------------------------------------
[2017-07-24 14:18:07][info] {"discount":"0.00","payment_type":"1","trade_no":"2017072421001004250240198667","subject":"\u4e09\u6c5f\u6e90\u6df1\u5ea6\u5927\u73af\u7ebf","buyer_email":"13928079988","gmt_create":"2017-07-24 14:17:55","notify_type":"trade_status_sync","quantity":"1","out_trade_no":"LX-1707241026223606-b","seller_id":"2088421286007493","notify_time":"2017-07-24 14:18:07","body":"2017\u5e74\u7518\u5357-\u5e74\u5b9d\u7389\u5219-\u8272\u8fbe-\u4e94\u660e\u4f5b\u5b66\u9662-\u5ddd\u85cf\u5317\u7ebf\u3001\u751f\u547d\u51c0\u571f\u4e09\u6c5f\u6e90-\u9102\u9675\u6e56 \u624e\u9675\u6e5612\u65e5\u4eba\u6587\u884c\u6444\u4e4b\u65c5\uff01","trade_status":"TRADE_SUCCESS","is_total_fee_adjust":"N","total_fee":"4400.00","gmt_payment":"2017-07-24 14:18:07","seller_email":"2287684289@qq.com","price":"4400.00","buyer_id":"2088122572356254","notify_id":"32a06c5d05cbdd7c241868a81732d1bhxi","use_coupon":"N","sign_type":"MD5","sign":"dabc38fa113178a80526c50989e70ae0"}
[2017-07-24 14:18:08][info] 数据存储反馈成功！
[2017-07-24 14:18:08][info] success
[2017-07-24 14:18:08][info] 写入结束!!!
[2017-07-24 15:12:43][info] ----------------------------------------
[2017-07-24 15:12:43][info] {"discount":"0.00","payment_type":"1","trade_no":"2017072421001004330214707574","subject":"\u4e1d\u8def\u5dc5\u5cf0\u4f53\u9a8c\u4e5d\u65e5\u6e38B\u7ebf","buyer_email":"18682365092","gmt_create":"2017-07-24 15:12:34","notify_type":"trade_status_sync","quantity":"1","out_trade_no":"LX-17072413442944101-c","seller_id":"2088421286007493","notify_time":"2017-07-24 15:12:43","body":"\u9752\u6d77\u6e56-\u8336\u5361\u76d0\u6e56-\u9e23\u6c99\u5c71\u6708\u7259\u6cc9-\u83ab\u9ad8\u7a9f-\u96c5\u4e39\u9b54\u9b3c\u57ce-\u5609\u5cea\u5173-\u5f20\u6396\u4e39\u971e-\u9a6c\u8e44\u5bfa-\u5353\u5c14\u5c71\u8f7b\u5962\u52a8\u8f669\u65e5\u6e38","trade_status":"TRADE_SUCCESS","is_total_fee_adjust":"N","total_fee":"6270.00","gmt_payment":"2017-07-24 15:12:43","seller_email":"2287684289@qq.com","price":"6270.00","buyer_id":"2088502826979334","notify_id":"aaf7197c9d64e71dfd9dc2e79b0d694ijq","use_coupon":"N","sign_type":"MD5","sign":"5a121fedc99b6be831a26d6b2d889107"}
[2017-07-24 15:12:44][info] 数据存储反馈成功！
[2017-07-24 15:12:44][info] success
[2017-07-24 15:12:44][info] 写入结束!!!
[2017-07-24 15:53:39][info] ----------------------------------------
[2017-07-24 15:53:39][info] {"discount":"0.00","payment_type":"1","trade_no":"2017072421001004630218619837","subject":"\u575d\u4e0a\u4f11\u95f2B\u7ebf","buyer_email":"tangjie1001@tom.com","gmt_create":"2017-07-24 15:53:30","notify_type":"trade_status_sync","quantity":"1","out_trade_no":"LX-17072415373888501-3","seller_id":"2088421286007493","notify_time":"2017-07-24 15:53:38","body":"2017\u72ec\u5bb6\u575d\u4e0a\u73af\u7ebf\uff1a\u7a7f\u8d8a\u8349\u539f\u5929\u8def\uff0c\u6492\u6b22\u4e4c\u5170\u5e03\u7edf\uff0c\u627f\u5fb7\u907f\u6691\u5c71\u5e84\uff0c\u91d1\u5c71\u5cad\u957f\u57ce\/\u6155\u7530\u5cea\u957f\u57ce7\u65e5\uff08\u5168\u666f\u4e4b\u65c5\uff0c\u7f8e\u666f\u4e00\u7f51\u6253\u5c3d\uff09","trade_status":"TRADE_SUCCESS","is_total_fee_adjust":"N","total_fee":"4780.00","gmt_payment":"2017-07-24 15:53:38","seller_email":"2287684289@qq.com","price":"4780.00","buyer_id":"2088102151463630","notify_id":"b6e3b9071c0220a97f91d7cc68cedc9kv2","use_coupon":"N","sign_type":"MD5","sign":"cbb393922718c0363d08e8d023d629da"}
[2017-07-24 15:53:39][info] 数据存储反馈成功！
[2017-07-24 15:53:39][info] success
[2017-07-24 15:53:39][info] 写入结束!!!
[2017-07-24 18:52:05][info] ----------------------------------------
[2017-07-24 18:52:05][info] {"discount":"0.00","payment_type":"1","trade_no":"2017072421001004400272819477","subject":"\u4e1d\u7ef8\u4e4b\u8def\u7cbe\u534e\u4e03\u65e5\u6e38","buyer_email":"yiling515@126.com","gmt_create":"2017-07-24 18:34:04","notify_type":"trade_status_sync","quantity":"1","out_trade_no":"LX-1707051926445901-f","seller_id":"2088421286007493","notify_time":"2017-07-24 18:52:05","body":"2017\u5e74\u9752\u6d77\u6e56-\u8336\u5361\u76d0\u6e56-\u6566\u714c-\u5609\u5cea\u5173-\u5f20\u6396\u4e39\u971e\u4e03\u65e5\u6e38","trade_status":"TRADE_SUCCESS","is_total_fee_adjust":"N","total_fee":"2530.00","gmt_payment":"2017-07-24 18:52:04","seller_email":"2287684289@qq.com","price":"2530.00","buyer_id":"2088402899526409","notify_id":"371e8eeb98ebb476ae740e0ab0fc4a2j36","use_coupon":"N","sign_type":"MD5","sign":"859c51a4dd85fe0b1c0db98a04c16a69"}
[2017-07-24 18:52:05][info] 数据存储反馈成功！
[2017-07-24 18:52:05][info] success
[2017-07-24 18:52:05][info] 写入结束!!!
[2017-07-24 21:20:07][info] ----------------------------------------
[2017-07-24 21:20:07][info] {"discount":"0.00","payment_type":"1","trade_no":"2017042221001004730217014009","subject":"\u65b0\u7586\u5168\u666f","buyer_email":"haixiahuang@21cn.com","gmt_create":"2017-04-22 21:19:30","notify_type":"trade_status_sync","quantity":"1","out_trade_no":"LX-17032721033585701-0","seller_id":"2088421286007493","notify_time":"2017-07-24 21:20:07","body":"\u6c5f\u5e03\u62c9\u514b-\u4e94\u5f69\u6ee9-\u5580\u7eb3\u65af-\u79be\u6728-\u8d5b\u91cc\u6728\u6e56-\u85b0\u8863\u8349\u5e84\u56ed-\u5580\u62c9\u5cfb-\u90a3\u62c9\u63d0-\u5df4\u97f3\u5e03\u9c81\u514b-\u5410\u9c81\u756a13\u65e5\u6e38","trade_status":"TRADE_FINISHED","is_total_fee_adjust":"N","total_fee":"2640.00","gmt_payment":"2017-04-22 21:19:50","seller_email":"2287684289@qq.com","gmt_close":"2017-07-24 21:20:07","price":"2640.00","buyer_id":"2088002003349739","notify_id":"e0a0a644b07196c374ddbd882275d9dlmu","use_coupon":"N","sign_type":"MD5","sign":"1dab690a5ac239ece764bf926e5b1af4"}
[2017-07-24 21:20:07][info] 数据存储反馈成功！
[2017-07-24 21:20:07][info] success
[2017-07-24 21:20:07][info] 写入结束!!!
[2017-07-24 21:42:47][info] ----------------------------------------
[2017-07-24 21:42:47][info] {"discount":"0.00","payment_type":"1","trade_no":"2017072421001004880278892884","subject":"\u9752\u6d77\u6e56\u73af\u6e565\u65e5\u6df1\u5ea6\u6e38","buyer_email":"13952205789","gmt_create":"2017-07-24 21:40:34","notify_type":"trade_status_sync","quantity":"1","out_trade_no":"LX-17070717142997701-0","seller_id":"2088421286007493","notify_time":"2017-07-24 21:42:47","body":"\u8336\u5361\u3001\u95e8\u6e90\u3001\u7941\u8fde\u3001\u7cbe\u534e300\u00b0\u9752\u6d77\u6e56\u73af\u6e56","trade_status":"TRADE_SUCCESS","is_total_fee_adjust":"N","total_fee":"9690.00","gmt_payment":"2017-07-24 21:42:46","seller_email":"2287684289@qq.com","price":"9690.00","buyer_id":"2088702854072881","notify_id":"b6a2227d5f30878027c19abc9a3d225msi","use_coupon":"N","sign_type":"MD5","sign":"e796e0a8a7a53a7e4c1a08a53b067c30"}
[2017-07-24 21:42:47][info] 数据存储反馈成功！
[2017-07-24 21:42:47][info] success
[2017-07-24 21:42:47][info] 写入结束!!!
[2017-07-24 22:11:51][info] ----------------------------------------
[2017-07-24 22:11:51][info] {"discount":"0.00","payment_type":"1","trade_no":"2017042221001004200275521899","subject":"\u65b0\u7586\u5168\u666f","buyer_email":"13512707890","gmt_create":"2017-04-22 22:11:00","notify_type":"trade_status_sync","quantity":"1","out_trade_no":"LX-17032721274230306-a","seller_id":"2088421286007493","notify_time":"2017-07-24 22:11:51","body":"\u6c5f\u5e03\u62c9\u514b-\u4e94\u5f69\u6ee9-\u5580\u7eb3\u65af-\u79be\u6728-\u8d5b\u91cc\u6728\u6e56-\u85b0\u8863\u8349\u5e84\u56ed-\u5580\u62c9\u5cfb-\u90a3\u62c9\u63d0-\u5df4\u97f3\u5e03\u9c81\u514b-\u5410\u9c81\u756a13\u65e5\u6e38","trade_status":"TRADE_FINISHED","is_total_fee_adjust":"N","total_fee":"2640.00","gmt_payment":"2017-04-22 22:11:38","seller_email":"2287684289@qq.com","gmt_close":"2017-07-24 22:11:51","price":"2640.00","buyer_id":"2088602127334204","notify_id":"d622feb7b4d46363dd1ab912026bfcehjm","use_coupon":"N","sign_type":"MD5","sign":"5d2202b31f8a021b0d6132e06f6f74d0"}
[2017-07-24 22:11:51][info] 数据存储反馈成功！
[2017-07-24 22:11:51][info] success
[2017-07-24 22:11:51][info] 写入结束!!!
