[2017-08-04 09:54:38][info] ----------------------------------------
[2017-08-04 09:54:38][info] {"discount":"0.00","payment_type":"1","trade_no":"2017080421001004640246881013","subject":"\u5317\u7586\u91d1\u79cb\u81f3\u5c0a10\u65e5\u6e38","buyer_email":"13507735351","gmt_create":"2017-08-04 09:54:12","notify_type":"trade_status_sync","quantity":"1","out_trade_no":"LX-17072519434336201-e","seller_id":"2088421286007493","notify_time":"2017-08-04 09:54:38","body":"38\u5c0f\u65f6\u79be\u6728-\u5580\u7eb3\u65af-\u767d\u54c8\u5df4-\u53ef\u53ef\u82cf\u91cc\u6e56-\u53ef\u53ef\u6258\u6d77-\u4e94\u5f69\u6ee9-\u9b54\u9b3c\u57ce10\u65e5\u5927\u73af\u7ebf","trade_status":"TRADE_SUCCESS","is_total_fee_adjust":"N","total_fee":"9600.00","gmt_payment":"2017-08-04 09:54:38","seller_email":"2287684289@qq.com","price":"9600.00","buyer_id":"2088702561556641","notify_id":"3b9905de9a9a74657ee0a6fc2613513kxu","use_coupon":"N","sign_type":"MD5","sign":"0c087ebadfb06fa05f7a0839c5772071"}
[2017-08-04 09:54:39][info] 数据存储反馈成功！
[2017-08-04 09:54:39][info] success
[2017-08-04 09:54:39][info] 写入结束!!!
[2017-08-04 13:01:36][info] ----------------------------------------
[2017-08-04 13:01:36][info] {"discount":"0.00","payment_type":"1","trade_no":"2017080421001004830265822820","subject":"\u5317\u7586\u91d1\u79cb\u7ecf\u5178\u73af\u7ebf","buyer_email":"13691248088","gmt_create":"2017-08-04 13:01:19","notify_type":"trade_status_sync","quantity":"1","out_trade_no":"LX-17080213170923206-4","seller_id":"2088421286007493","notify_time":"2017-08-04 13:01:35","body":"\u5580\u7eb3\u65af-\u767d\u54c8\u5df4-\u79be\u6728-\u4e94\u5f69\u6ee9-\u9b54\u9b3c\u57ce-\u53ef\u53ef\u6258\u6d77 9\u65e5\u6df1\u5ea6\u6e38","trade_status":"TRADE_SUCCESS","is_total_fee_adjust":"N","total_fee":"4780.00","gmt_payment":"2017-08-04 13:01:35","seller_email":"2287684289@qq.com","price":"4780.00","buyer_id":"2088402563662833","notify_id":"946a43cca4a21c922c049d5a90b16e7mem","use_coupon":"N","sign_type":"MD5","sign":"34b871e569c802654aa878619906a287"}
[2017-08-04 13:01:36][warn] 数据存储反馈为空！
[2017-08-04 14:40:29][info] ----------------------------------------
[2017-08-04 14:40:29][info] {"discount":"0.00","payment_type":"1","trade_no":"2017080421001004780236448800","subject":"\u5317\u7586\u91d1\u79cb\u6444\u5f71","buyer_email":"13309214636","gmt_create":"2017-08-04 14:17:22","notify_type":"trade_status_sync","quantity":"1","out_trade_no":"LX-1708041204589701-3","seller_id":"2088421286007493","notify_time":"2017-08-04 14:40:28","body":"\u5580\u7eb3\u65af-\u79be\u6728-\u767d\u54c8\u5df4-\u53ef\u53ef\u6258\u6d77-\u4e94\u5f69\u6ee9-\u53ef\u53ef\u82cf\u91cc\u6e56-\u9b54\u9b3c\u57ce\u79cb\u5b63\u6444\u5f7110\u65e5","trade_status":"TRADE_SUCCESS","is_total_fee_adjust":"N","total_fee":"2500.00","gmt_payment":"2017-08-04 14:40:28","seller_email":"2287684289@qq.com","price":"2500.00","buyer_id":"2088012155206781","notify_id":"6c75ae3a2ac3af9b0cc92334ab1a7f9m0q","use_coupon":"N","sign_type":"MD5","sign":"cefc93337385033381d382d9d8f68d9f"}
[2017-08-04 14:40:29][info] 数据存储反馈成功！
[2017-08-04 14:40:29][info] success
[2017-08-04 14:40:29][info] 写入结束!!!
[2017-08-04 15:56:25][info] ----------------------------------------
[2017-08-04 15:56:25][info] {"discount":"0.00","payment_type":"1","trade_no":"2017080421001004730200376858","subject":"\u8d35\u5dde\u5168\u666f\u6e38","buyer_email":"13940239435","gmt_create":"2017-08-04 15:56:15","notify_type":"trade_status_sync","quantity":"1","out_trade_no":"LX-17072020483470406-3","seller_id":"2088421286007493","notify_time":"2017-08-04 15:56:24","body":"\u897f\u6c5f\u5343\u6237\u82d7\u5be8-\u8354\u6ce2-\u9ed4\u4e1c\u5357-\u9547\u8fdc-\u9ec4\u679c\u6811-\u79d8\u5883\u8302\u5170\u6df1\u5ea6\u7eaf\u73a9\u4e5d\u65e5\u6e38","trade_status":"TRADE_SUCCESS","is_total_fee_adjust":"N","total_fee":"5130.00","gmt_payment":"2017-08-04 15:56:24","seller_email":"2287684289@qq.com","price":"5130.00","buyer_id":"2088012669063739","notify_id":"f4a9e49b5c76a81aa4a9ead3292610clmu","use_coupon":"N","sign_type":"MD5","sign":"9a5eec3f383388c010bee18c1f72b1db"}
[2017-08-04 15:56:25][info] 数据存储反馈成功！
[2017-08-04 15:56:25][info] success
[2017-08-04 15:56:25][info] 写入结束!!!
[2017-08-04 18:10:25][info] ----------------------------------------
[2017-08-04 18:10:25][info] {"discount":"0.00","payment_type":"1","trade_no":"2017080421001004870280843014","subject":"\u8d35\u5dde\u5168\u666f\u6e38","buyer_email":"15835044888","gmt_create":"2017-08-04 18:10:01","notify_type":"trade_status_sync","quantity":"1","out_trade_no":"LX-170804113016706-9","seller_id":"2088421286007493","notify_time":"2017-08-04 18:10:25","body":"\u897f\u6c5f\u5343\u6237\u82d7\u5be8-\u8354\u6ce2-\u9ed4\u4e1c\u5357-\u9547\u8fdc-\u9ec4\u679c\u6811-\u79d8\u5883\u8302\u5170\u6df1\u5ea6\u7eaf\u73a9\u4e5d\u65e5\u6e38","trade_status":"TRADE_SUCCESS","is_total_fee_adjust":"N","total_fee":"15600.00","gmt_payment":"2017-08-04 18:10:25","seller_email":"2287684289@qq.com","price":"15600.00","buyer_id":"2088012269990873","notify_id":"455de571178184380d3768f16eadaeempq","use_coupon":"N","sign_type":"MD5","sign":"82d73eb81421730878c2c5897d4f0b39"}
[2017-08-04 18:10:25][info] 数据存储反馈成功！
[2017-08-04 18:10:25][info] success
[2017-08-04 18:10:25][info] 写入结束!!!
[2017-08-04 18:40:16][info] ----------------------------------------
[2017-08-04 18:40:16][info] {"discount":"0.00","payment_type":"1","trade_no":"2017080421001004050260783809","subject":"\u4e1d\u7ef8\u4e4b\u8def\u7cbe\u534e\u4e03\u65e5\u6e38","buyer_email":"13915426624","gmt_create":"2017-08-04 18:40:04","notify_type":"trade_status_sync","quantity":"1","out_trade_no":"LX-1708041808236006-e","seller_id":"2088421286007493","notify_time":"2017-08-04 18:40:16","body":"2017\u5e74\u9752\u6d77\u6e56-\u8336\u5361\u76d0\u6e56-\u6566\u714c-\u5609\u5cea\u5173-\u5f20\u6396\u4e39\u971e\u4e03\u65e5\u6e38","trade_status":"TRADE_SUCCESS","is_total_fee_adjust":"N","total_fee":"3180.00","gmt_payment":"2017-08-04 18:40:15","seller_email":"2287684289@qq.com","price":"3180.00","buyer_id":"2088702879835050","notify_id":"7f9db1d25c7fc451a0e2fb055b26a87gdy","use_coupon":"N","sign_type":"MD5","sign":"52f88513ef642134acb4c2aeda38be91"}
[2017-08-04 18:40:16][info] 数据存储反馈成功！
[2017-08-04 18:40:16][info] success
[2017-08-04 18:40:16][info] 写入结束!!!
[2017-08-04 19:51:37][info] ----------------------------------------
[2017-08-04 19:51:37][info] {"discount":"0.00","payment_type":"1","trade_no":"2017080421001004900215596555","subject":"\u7518\u5357\u5168\u666f","buyer_email":"13603536653","gmt_create":"2017-08-04 19:51:23","notify_type":"trade_status_sync","quantity":"1","out_trade_no":"LX-17073009530515606-f","seller_id":"2088421286007493","notify_time":"2017-08-04 19:51:37","body":"2017\u5e74\u72ec\u5bb6  \u62c9\u535c\u695e\u5bfa-\u624e\u5c15\u90a3-\u82b1\u6e56-\u5e74\u5b9d\u7389\u5219-\u82e5\u5c14\u76d6\u8349\u539f-\u963f\u4e07\u4ed3\u6e7f\u5730-\u5c15\u6d77\u6e56-\u90ce\u6728\u5bfa 8\u65e5\u6e38","trade_status":"TRADE_SUCCESS","is_total_fee_adjust":"N","total_fee":"3280.00","gmt_payment":"2017-08-04 19:51:36","seller_email":"2287684289@qq.com","price":"3280.00","buyer_id":"2088312650879904","notify_id":"e556476172e8f5847c6295645788a5bmy2","use_coupon":"N","sign_type":"MD5","sign":"ea8343780d0c5085f1c0bd1295efb9f9"}
[2017-08-04 19:51:37][info] 数据存储反馈成功！
[2017-08-04 19:51:37][info] success
[2017-08-04 19:51:37][info] 写入结束!!!
[2017-08-04 20:15:50][info] ----------------------------------------
[2017-08-04 20:15:50][info] {"discount":"0.00","payment_type":"1","trade_no":"2017080421001004960203111395","subject":"\u5fc3\u82b1\u8def\u653e","buyer_email":"cheer_anne@163.com","gmt_create":"2017-08-04 20:15:27","notify_type":"trade_status_sync","quantity":"1","out_trade_no":"LX-17080413364378806-c","seller_id":"2088421286007493","notify_time":"2017-08-04 20:15:50","body":"\u5927\u7406\u53cc\u5eca\u3001\u6c99\u6eaa\u53e4\u9547\u3001\u4e3d\u6c5f\u53e4\u57ce\u3001\u9999\u683c\u91cc\u62c9\u3001\u6cf8\u6cbd\u6e567\u65e5\u6ec7\u897f\u5317\u5168\u666f\u6df1\u5ea6\u6e38","trade_status":"TRADE_SUCCESS","is_total_fee_adjust":"N","total_fee":"10440.00","gmt_payment":"2017-08-04 20:15:49","seller_email":"2287684289@qq.com","price":"10440.00","buyer_id":"2088002001971961","notify_id":"9a4629b914cb35187b007c80bb07768neq","use_coupon":"N","sign_type":"MD5","sign":"2000f1981f86ab79a3c2e7fb0c97b847"}
[2017-08-04 20:15:50][info] 数据存储反馈成功！
[2017-08-04 20:15:50][info] success
[2017-08-04 20:15:50][info] 写入结束!!!
[2017-08-04 21:31:53][info] ----------------------------------------
[2017-08-04 21:31:53][info] {"discount":"0.00","payment_type":"1","trade_no":"2017080421001004050261162330","subject":"\u5317\u7586\u91d1\u79cb\u81f3\u5c0a10\u65e5\u6e38","buyer_email":"jing86910@163.com","gmt_create":"2017-08-04 21:31:38","notify_type":"trade_status_sync","quantity":"1","out_trade_no":"LX-17080421122850306-a","seller_id":"2088421286007493","notify_time":"2017-08-04 21:31:53","body":"38\u5c0f\u65f6\u79be\u6728-\u5580\u7eb3\u65af-\u767d\u54c8\u5df4-\u53ef\u53ef\u82cf\u91cc\u6e56-\u53ef\u53ef\u6258\u6d77-\u4e94\u5f69\u6ee9-\u9b54\u9b3c\u57ce10\u65e5\u5927\u73af\u7ebf","trade_status":"TRADE_SUCCESS","is_total_fee_adjust":"N","total_fee":"2350.00","gmt_payment":"2017-08-04 21:31:53","seller_email":"2287684289@qq.com","price":"2350.00","buyer_id":"2088002277772055","notify_id":"8cff22ce1d12d18b3b308a35992eb2fgdy","use_coupon":"N","sign_type":"MD5","sign":"f2d0c5bf1bbe482aeef59e5cbd72b44e"}
[2017-08-04 21:31:54][info] 数据存储反馈成功！
[2017-08-04 21:31:54][info] success
[2017-08-04 21:31:54][info] 写入结束!!!
[2017-08-04 21:41:56][info] ----------------------------------------
[2017-08-04 21:41:56][info] {"discount":"0.00","payment_type":"1","trade_no":"2017080421001004630240300417","subject":"\u7518\u5357\u5168\u666f","buyer_email":"yrx0107@qq.com","gmt_create":"2017-08-04 21:41:29","notify_type":"trade_status_sync","quantity":"1","out_trade_no":"LX-17080413323280906-1","seller_id":"2088421286007493","notify_time":"2017-08-04 21:41:55","body":"2017\u5e74\u72ec\u5bb6  \u62c9\u535c\u695e\u5bfa-\u624e\u5c15\u90a3-\u82b1\u6e56-\u5e74\u5b9d\u7389\u5219-\u82e5\u5c14\u76d6\u8349\u539f-\u963f\u4e07\u4ed3\u6e7f\u5730-\u5c15\u6d77\u6e56-\u90ce\u6728\u5bfa 8\u65e5\u6e38","trade_status":"TRADE_SUCCESS","is_total_fee_adjust":"N","total_fee":"6560.00","gmt_payment":"2017-08-04 21:41:55","seller_email":"2287684289@qq.com","price":"6560.00","buyer_id":"2088502948919634","notify_id":"697f6b5299d581d2db16fb9f884b449kv2","use_coupon":"N","sign_type":"MD5","sign":"55dbceaf5b04cd9f1f0d1af03fa97910"}
[2017-08-04 21:41:56][info] 数据存储反馈成功！
[2017-08-04 21:41:56][info] success
[2017-08-04 21:41:56][info] 写入结束!!!
