[2017-10-21 10:38:59][info] ----------------------------------------
[2017-10-21 10:38:59][info] {"discount":"0.00","payment_type":"1","trade_no":"2017102121001004930249703128","subject":"\u7a3b\u57ce\u91d1\u79cb","buyer_email":"18039462810","gmt_create":"2017-10-21 10:38:24","notify_type":"trade_status_sync","quantity":"1","out_trade_no":"LX-17101916323436506-3","seller_id":"2088421286007493","notify_time":"2017-10-21 10:38:58","body":"\u7a3b\u57ce\u4e9a\u4e01-\u65b0\u90fd\u6865-\u4e39\u5df4-\u56db\u59d1\u5a18\u5c71\u4e5d\u65e5\u6df1\u5ea6\u6e38","trade_status":"TRADE_SUCCESS","is_total_fee_adjust":"N","total_fee":"6960.00","gmt_payment":"2017-10-21 10:38:58","seller_email":"2287684289@qq.com","price":"6960.00","buyer_id":"2088122718199936","notify_id":"efb3bfe57f5176d4239815903c170e9n6e","use_coupon":"N","sign_type":"MD5","sign":"4c2ba4c2c4f1e2dd0f3a4d7945030234"}
[2017-10-21 10:38:59][info] 数据存储反馈成功！
[2017-10-21 10:38:59][info] success
[2017-10-21 10:38:59][info] 写入结束!!!
[2017-10-21 12:33:04][info] ----------------------------------------
[2017-10-21 12:33:04][info] {"discount":"0.00","payment_type":"1","trade_no":"2017072021001004290218452219","subject":"\u5580\u7eb3\u65af\u4e4b\u590f","buyer_email":"zxcdxx@sina.com","gmt_create":"2017-07-20 12:27:54","notify_type":"trade_status_sync","quantity":"1","out_trade_no":"LX-17071521150876001-e","seller_id":"2088421286007493","notify_time":"2017-10-21 12:33:04","body":"2017\u5e747\uff5e8\u6708 \u5929\u5c71\u5929\u6c60-\u5410\u9c81\u756a-\u5580\u7eb3\u65af-\u767d\u54c8\u5df4-\u4e94\u5f69\u6ee9-\u9b54\u9b3c\u57ce-\u79be\u6728\u6df1\u5ea6\u4e5d\u65e5\u6e38","trade_status":"TRADE_FINISHED","is_total_fee_adjust":"N","total_fee":"9200.00","gmt_payment":"2017-07-20 12:32:46","seller_email":"2287684289@qq.com","gmt_close":"2017-10-21 12:33:04","price":"9200.00","buyer_id":"2088102844454297","notify_id":"4494b50382b9ccc08b61bf86eda61a8i8m","use_coupon":"N","sign_type":"MD5","sign":"63e909856f10fa302c2f1a7d107c7df9"}
[2017-10-21 12:33:04][info] 数据存储反馈成功！
[2017-10-21 12:33:04][info] success
[2017-10-21 12:33:04][info] 写入结束!!!
[2017-10-21 12:41:53][info] ----------------------------------------
[2017-10-21 12:41:53][info] {"discount":"0.00","payment_type":"1","trade_no":"2017072021001004010235689223","subject":"\u4e1d\u8def\u5dc5\u5cf0\u4f53\u9a8c\u4e5d\u65e5\u6e38B\u7ebf","buyer_email":"13984134725","gmt_create":"2017-07-20 12:40:29","notify_type":"trade_status_sync","quantity":"1","out_trade_no":"LX-17072012173971901-3","seller_id":"2088421286007493","notify_time":"2017-10-21 12:41:53","body":"\u9752\u6d77\u6e56-\u8336\u5361\u76d0\u6e56-\u9e23\u6c99\u5c71\u6708\u7259\u6cc9-\u83ab\u9ad8\u7a9f-\u96c5\u4e39\u9b54\u9b3c\u57ce-\u5609\u5cea\u5173-\u5f20\u6396\u4e39\u971e-\u9a6c\u8e44\u5bfa-\u5353\u5c14\u5c71\u8f7b\u5962\u52a8\u8f669\u65e5\u6e38","trade_status":"TRADE_FINISHED","is_total_fee_adjust":"N","total_fee":"8300.00","gmt_payment":"2017-07-20 12:41:37","seller_email":"2287684289@qq.com","gmt_close":"2017-10-21 12:41:53","price":"8300.00","buyer_id":"2088702847893015","notify_id":"5a7174201cf4cf76fe15f6b4f24155cg2u","use_coupon":"N","sign_type":"MD5","sign":"03308f1ebddf81d467277542b8e9e6b5"}
[2017-10-21 12:41:53][info] 数据存储反馈成功！
[2017-10-21 12:41:53][info] success
[2017-10-21 12:41:53][info] 写入结束!!!
[2017-10-21 14:22:05][info] ----------------------------------------
[2017-10-21 14:22:05][info] {"discount":"0.00","payment_type":"1","trade_no":"2017072021001004560285341792","subject":"\u4e1d\u8def\u5dc5\u5cf0\u4f53\u9a8c\u4e5d\u65e5\u6e38B\u7ebf","buyer_email":"3155167@qq.com","gmt_create":"2017-07-20 14:15:38","notify_type":"trade_status_sync","quantity":"1","out_trade_no":"LX-17072014072480101-8","seller_id":"2088421286007493","notify_time":"2017-10-21 14:22:04","body":"\u9752\u6d77\u6e56-\u8336\u5361\u76d0\u6e56-\u9e23\u6c99\u5c71\u6708\u7259\u6cc9-\u83ab\u9ad8\u7a9f-\u96c5\u4e39\u9b54\u9b3c\u57ce-\u5609\u5cea\u5173-\u5f20\u6396\u4e39\u971e-\u9a6c\u8e44\u5bfa-\u5353\u5c14\u5c71\u8f7b\u5962\u52a8\u8f669\u65e5\u6e38","trade_status":"TRADE_FINISHED","is_total_fee_adjust":"N","total_fee":"20360.00","gmt_payment":"2017-07-20 14:21:16","seller_email":"2287684289@qq.com","gmt_close":"2017-10-21 14:22:04","price":"20360.00","buyer_id":"2088002090149566","notify_id":"7e01b477f04eb4cdfb4863f5d9652bckbm","use_coupon":"N","sign_type":"MD5","sign":"cf5be054b3dbfb62422fa75b36079149"}
[2017-10-21 14:22:05][info] 数据存储反馈成功！
[2017-10-21 14:22:05][info] success
[2017-10-21 14:22:05][info] 写入结束!!!
[2017-10-21 15:09:06][info] ----------------------------------------
[2017-10-21 15:09:06][info] {"discount":"0.00","payment_type":"1","trade_no":"2017072021001004750281355756","subject":"\u8349\u539f8\u65e5\u73af\u7ebf","buyer_email":"13520347001","gmt_create":"2017-07-20 15:08:42","notify_type":"trade_status_sync","quantity":"1","out_trade_no":"LX-17070714402264206-b","seller_id":"2088421286007493","notify_time":"2017-10-21 15:09:06","body":"\u54c8\u5c14\u6ee8-\u624e\u9f99\u4fdd\u62a4\u533a-\u963f\u8363\u65d7-\u6ee1\u6d32\u91cc-\u5ba4\u97e6-\u963f\u5c14\u5c71-\u957f\u66258\u65e5\u5927\u73af\u7ebf","trade_status":"TRADE_FINISHED","is_total_fee_adjust":"N","total_fee":"5270.00","gmt_payment":"2017-07-20 15:08:53","seller_email":"2287684289@qq.com","gmt_close":"2017-10-21 15:09:05","price":"5270.00","buyer_id":"2088222305841759","notify_id":"995e0682c79e9e37354de4b1aa84103lse","use_coupon":"N","sign_type":"MD5","sign":"e25c0614971bde7a2df50c8d37237b54"}
[2017-10-21 15:09:06][info] 数据存储反馈成功！
[2017-10-21 15:09:06][info] success
[2017-10-21 15:09:06][info] 写入结束!!!
[2017-10-21 15:21:57][info] ----------------------------------------
[2017-10-21 15:21:57][info] {"discount":"0.00","payment_type":"1","trade_no":"2017072021001004060288265436","subject":"\u8d35\u5dde\u5168\u666f\u6e38","buyer_email":"18663985751","gmt_create":"2017-07-20 15:21:31","notify_type":"trade_status_sync","quantity":"1","out_trade_no":"LX-17072014513934001-1","seller_id":"2088421286007493","notify_time":"2017-10-21 15:21:57","body":"\u897f\u6c5f\u5343\u6237\u82d7\u5be8-\u8354\u6ce2-\u9ed4\u4e1c\u5357-\u9547\u8fdc-\u9ec4\u679c\u6811-\u79d8\u5883\u8302\u5170\u6df1\u5ea6\u7eaf\u73a9\u4e5d\u65e5\u6e38","trade_status":"TRADE_FINISHED","is_total_fee_adjust":"N","total_fee":"1990.00","gmt_payment":"2017-07-20 15:21:39","seller_email":"2287684289@qq.com","gmt_close":"2017-10-21 15:21:57","price":"1990.00","buyer_id":"2088622786151064","notify_id":"24415c5db14b0e10a44337e98ca65ebggq","use_coupon":"N","sign_type":"MD5","sign":"5b754335fa3bf2fd3a82f793071c05b5"}
[2017-10-21 15:21:57][info] 数据存储反馈成功！
[2017-10-21 15:21:57][info] success
[2017-10-21 15:21:57][info] 写入结束!!!
[2017-10-21 19:26:51][info] ----------------------------------------
[2017-10-21 19:26:51][info] {"discount":"0.00","payment_type":"1","trade_no":"2017072021001004810243530698","subject":"\u4e1d\u7ef8\u4e4b\u8def\u7cbe\u534e\u4e03\u65e5\u6e38","buyer_email":"18616838652","gmt_create":"2017-07-20 19:25:44","notify_type":"trade_status_sync","quantity":"1","out_trade_no":"LX-17071908063967306-7","seller_id":"2088421286007493","notify_time":"2017-10-21 19:26:51","body":"2017\u5e74\u9752\u6d77\u6e56-\u8336\u5361\u76d0\u6e56-\u6566\u714c-\u5609\u5cea\u5173-\u5f20\u6396\u4e39\u971e\u4e03\u65e5\u6e38","trade_status":"TRADE_FINISHED","is_total_fee_adjust":"N","total_fee":"6360.00","gmt_payment":"2017-07-20 19:25:51","seller_email":"2287684289@qq.com","gmt_close":"2017-10-21 19:26:51","price":"6360.00","buyer_id":"2088902345569818","notify_id":"fe692a1276ba86b38c2f8d7db4197d3m92","use_coupon":"N","sign_type":"MD5","sign":"9c35c838c221a567d842061cdddf786b"}
[2017-10-21 19:26:51][info] 数据存储反馈成功！
[2017-10-21 19:26:51][info] success
[2017-10-21 19:26:51][info] 写入结束!!!
[2017-10-21 19:58:00][info] ----------------------------------------
[2017-10-21 19:58:00][info] {"discount":"0.00","payment_type":"1","trade_no":"2017072021001004090231225671","subject":"\u9752\u6d77\u6e56\u73af\u6e565\u65e5\u6df1\u5ea6\u6e38","buyer_email":"easepost@126.com","gmt_create":"2017-07-20 19:56:44","notify_type":"trade_status_sync","quantity":"1","out_trade_no":"LX-17071019095382606-4","seller_id":"2088421286007493","notify_time":"2017-10-21 19:58:00","body":"\u8336\u5361\u3001\u95e8\u6e90\u3001\u7941\u8fde\u3001\u7cbe\u534e300\u00b0\u9752\u6d77\u6e56\u73af\u6e56","trade_status":"TRADE_FINISHED","is_total_fee_adjust":"N","total_fee":"3720.00","gmt_payment":"2017-07-20 19:57:00","seller_email":"2287684289@qq.com","gmt_close":"2017-10-21 19:58:00","price":"3720.00","buyer_id":"2088002417636098","notify_id":"31e24dd0619e68fb7b16b69493f161dgp2","use_coupon":"N","sign_type":"MD5","sign":"c3484da84a06e7740c9d9ef702ea6c29"}
[2017-10-21 19:58:00][info] 数据存储反馈成功！
[2017-10-21 19:58:00][info] success
[2017-10-21 19:58:00][info] 写入结束!!!
[2017-10-21 20:03:11][info] ----------------------------------------
[2017-10-21 20:03:11][info] {"discount":"0.00","payment_type":"1","trade_no":"2017072021001004790277600988","subject":"\u4e1d\u7ef8\u4e4b\u8def\u7cbe\u534e\u4e03\u65e5\u6e38","buyer_email":"gezi10002@gmail.com","gmt_create":"2017-07-20 20:02:29","notify_type":"trade_status_sync","quantity":"1","out_trade_no":"LX-17071922421658706-e","seller_id":"2088421286007493","notify_time":"2017-10-21 20:03:11","body":"2017\u5e74\u9752\u6d77\u6e56-\u8336\u5361\u76d0\u6e56-\u6566\u714c-\u5609\u5cea\u5173-\u5f20\u6396\u4e39\u971e\u4e03\u65e5\u6e38","trade_status":"TRADE_FINISHED","is_total_fee_adjust":"N","total_fee":"4120.00","gmt_payment":"2017-07-20 20:02:59","seller_email":"2287684289@qq.com","gmt_close":"2017-10-21 20:03:11","price":"4120.00","buyer_id":"2088002583477794","notify_id":"0401e73116b8b44b9d27db7c77dc9aem3i","use_coupon":"N","sign_type":"MD5","sign":"5091ff5dd2e51c09b4fea86eddd9939a"}
[2017-10-21 20:03:11][info] 数据存储反馈成功！
[2017-10-21 20:03:11][info] success
[2017-10-21 20:03:11][info] 写入结束!!!
[2017-10-21 22:15:50][info] ----------------------------------------
[2017-10-21 22:15:50][info] {"discount":"0.00","payment_type":"1","trade_no":"2017072021001004800270004163","subject":"\u65b0\u7586\u5168\u666f","buyer_email":"827281377@qq.com","gmt_create":"2017-07-20 22:13:57","notify_type":"trade_status_sync","quantity":"1","out_trade_no":"LX-17072014571166601-1","seller_id":"2088421286007493","notify_time":"2017-10-21 22:15:50","body":"\u5580\u7eb3\u65af-\u79be\u6728-\u8d5b\u91cc\u6728\u6e56-\u85b0\u8863\u8349\u519c\u573a-\u5580\u62c9\u5cfb-\u90a3\u62c9\u63d0-\u5df4\u97f3\u5e03\u9c81\u514b-\u6c5f\u5e03\u62c9\u514b-\u4e94\u5f69\u6ee9-\u5410\u9c81\u756a13\u65e5\u6e38","trade_status":"TRADE_FINISHED","is_total_fee_adjust":"N","total_fee":"5380.00","gmt_payment":"2017-07-20 22:14:58","seller_email":"2287684289@qq.com","gmt_close":"2017-10-21 22:15:50","price":"5380.00","buyer_id":"2088302059491801","notify_id":"1c58ba3c0712eb041173c0f959405bcm6a","use_coupon":"N","sign_type":"MD5","sign":"24e4debb9b8f65cf7387f5735d8f1281"}
[2017-10-21 22:15:50][info] 数据存储反馈成功！
[2017-10-21 22:15:50][info] success
[2017-10-21 22:15:50][info] 写入结束!!!
[2017-10-21 22:22:51][info] ----------------------------------------
[2017-10-21 22:22:51][info] {"discount":"0.00","payment_type":"1","trade_no":"2017072021001004810243879016","subject":"\u4e1d\u7ef8\u4e4b\u8def\u5168\u666f\u6e389\u65e5","buyer_email":"xt.tina@hotmail.com","gmt_create":"2017-07-20 22:18:17","notify_type":"trade_status_sync","quantity":"1","out_trade_no":"LX-17072021394694306-2","seller_id":"2088421286007493","notify_time":"2017-10-21 22:22:51","body":"\u72ec\u5bb6\u6c34\u4e0a\u9b54\u9b3c\u57ce-\u65e0\u4eba\u533a\u539f\u751f\u6001\u96c5\u4e39\u63a2\u79d8-\u9752\u6d77\u6e56-\u8336\u5361\u76d0\u6e56-\u83ab\u9ad8\u7a9f-\u9e23\u6c99\u5c71\u6708\u7259\u6cc9-\u5f20\u6396\u4e39\u971e-\u5353\u5c14\u5c719\u65e5\u6e38","trade_status":"TRADE_FINISHED","is_total_fee_adjust":"N","total_fee":"3780.00","gmt_payment":"2017-07-20 22:22:01","seller_email":"2287684289@qq.com","gmt_close":"2017-10-21 22:22:51","price":"3780.00","buyer_id":"2088002045146811","notify_id":"f379bed95e624f6537d3ccbfea8865cm92","use_coupon":"N","sign_type":"MD5","sign":"f0cfb28668b02b87fbe75919775be1ae"}
[2017-10-21 22:22:51][info] 数据存储反馈成功！
[2017-10-21 22:22:51][info] success
[2017-10-21 22:22:51][info] 写入结束!!!
[2017-10-21 22:41:03][info] ----------------------------------------
[2017-10-21 22:41:03][info] {"discount":"0.00","payment_type":"1","trade_no":"2017072021001004940217440137","subject":"\u575d\u4e0a\u4f11\u95f2C\u7ebf","buyer_email":"13829765845@126.com","gmt_create":"2017-07-20 22:39:48","notify_type":"trade_status_sync","quantity":"1","out_trade_no":"LX-17071323492079706-3","seller_id":"2088421286007493","notify_time":"2017-10-21 22:41:03","body":"\u7eaf\u575d\u4e0a\u7cbe\u534e\u4e4b\u65c5\uff0c\u55e8\u7ffb\u8349\u539f3\u65e5\u2014\u2014\u6709\u9650\u7684\u5047\u671f\uff0c\u65e0\u9650\u7684\u5feb\u4e50\uff01","trade_status":"TRADE_FINISHED","is_total_fee_adjust":"N","total_fee":"4584.00","gmt_payment":"2017-07-20 22:40:21","seller_email":"2287684289@qq.com","gmt_close":"2017-10-21 22:41:03","price":"4584.00","buyer_id":"2088402922565946","notify_id":"9db4d275b149edbd5f8d58a103ffd18n96","use_coupon":"N","sign_type":"MD5","sign":"5a5ad8093e9bc9ca53d5c499d3eb0fce"}
[2017-10-21 22:41:03][info] 数据存储反馈成功！
[2017-10-21 22:41:03][info] success
[2017-10-21 22:41:03][info] 写入结束!!!
[2017-10-21 23:08:50][info] ----------------------------------------
[2017-10-21 23:08:50][info] {"discount":"0.00","payment_type":"1","trade_no":"2017072021001004400266339041","subject":"\u65b0\u7586\u5168\u666f","buyer_email":"cnnntb@126.com","gmt_create":"2017-07-20 23:07:38","notify_type":"trade_status_sync","quantity":"1","out_trade_no":"LX-1706131254596206-9","seller_id":"2088421286007493","notify_time":"2017-10-21 23:08:50","body":"\u5580\u7eb3\u65af-\u79be\u6728-\u8d5b\u91cc\u6728\u6e56-\u85b0\u8863\u8349\u519c\u573a-\u5580\u62c9\u5cfb-\u90a3\u62c9\u63d0-\u5df4\u97f3\u5e03\u9c81\u514b-\u6c5f\u5e03\u62c9\u514b-\u4e94\u5f69\u6ee9-\u5410\u9c81\u756a13\u65e5\u6e38","trade_status":"TRADE_FINISHED","is_total_fee_adjust":"N","total_fee":"5530.00","gmt_payment":"2017-07-20 23:07:56","seller_email":"2287684289@qq.com","gmt_close":"2017-10-21 23:08:50","price":"5530.00","buyer_id":"2088102414568405","notify_id":"6f901361e9138483c0a7186d5f124ddj36","use_coupon":"N","sign_type":"MD5","sign":"3ba02a24b153c5a181f8f6391da3367e"}
[2017-10-21 23:08:50][info] 数据存储反馈成功！
[2017-10-21 23:08:50][info] success
[2017-10-21 23:08:50][info] 写入结束!!!
