[2017-07-23 10:36:51][info] ----------------------------------------
[2017-07-23 10:36:51][info] {"discount":"0.00","payment_type":"1","trade_no":"2017042121001004600213262267","subject":"\u7518\u5357\u5168\u666f","buyer_email":"18971501812@189.cn","gmt_create":"2017-04-21 10:35:23","notify_type":"trade_status_sync","quantity":"1","out_trade_no":"LX-17022212063199801-6","seller_id":"2088421286007493","notify_time":"2017-07-23 10:36:50","body":"2017\u5e74\u72ec\u5bb6  \u516b\u89d2\u57ce-\u624e\u5c15\u90a3-\u82b1\u6e56-\u5e74\u5b9d\u7389\u5219-\u82e5\u5c14\u76d6\u8349\u539f-\u963f\u4e07\u4ed3\u6e7f\u5730-\u90ce\u6728\u5bfa 8\u65e5\u6e38","trade_status":"TRADE_FINISHED","is_total_fee_adjust":"N","total_fee":"2700.00","gmt_payment":"2017-04-21 10:36:03","seller_email":"2287684289@qq.com","gmt_close":"2017-07-23 10:36:50","price":"2700.00","buyer_id":"2088502965863604","notify_id":"bc252bd660e43f0c69b723c4eeeaf69kmq","use_coupon":"N","sign_type":"MD5","sign":"266f32714efabfe4321e24af53ad6804"}
[2017-07-23 10:36:51][info] 数据存储反馈成功！
[2017-07-23 10:36:51][info] success
[2017-07-23 10:36:51][info] 写入结束!!!
[2017-07-23 11:12:54][info] ----------------------------------------
[2017-07-23 11:12:54][info] {"discount":"0.00","payment_type":"1","trade_no":"2017042121001004420272152087","subject":"\u8d35\u5dde\u5168\u666f\u6e38","buyer_email":"viollion123@163.com","gmt_create":"2017-04-21 11:10:51","notify_type":"trade_status_sync","quantity":"1","out_trade_no":"LX-17041815343176401-5","seller_id":"2088421286007493","notify_time":"2017-07-23 11:12:54","body":"\u79d8\u5883\u8302\u5170-\u8354\u6ce2-\u9ed4\u4e1c\u5357-\u9547\u8fdc-\u897f\u6c5f\u82d7\u5be8-\u9ec4\u679c\u6811\u6df1\u5ea6\u7eaf\u73a9\u4e5d\u65e5\u6e38","trade_status":"TRADE_FINISHED","is_total_fee_adjust":"N","total_fee":"4200.00","gmt_payment":"2017-04-21 11:12:14","seller_email":"2287684289@qq.com","gmt_close":"2017-07-23 11:12:54","price":"4200.00","buyer_id":"2088302333330426","notify_id":"5745e0aea04264c6141e9eec2e82e98j8q","use_coupon":"N","sign_type":"MD5","sign":"1761d1d2d0162d877bb288e314ed1091"}
[2017-07-23 11:12:54][info] 数据存储反馈成功！
[2017-07-23 11:12:54][info] success
[2017-07-23 11:12:54][info] 写入结束!!!
[2017-07-23 11:14:54][info] ----------------------------------------
[2017-07-23 11:14:54][info] {"discount":"0.00","payment_type":"1","trade_no":"2017042121001004420272158102","subject":"\u8d35\u5dde\u5168\u666f\u6e38","buyer_email":"viollion123@163.com","gmt_create":"2017-04-21 11:14:31","notify_type":"trade_status_sync","quantity":"1","out_trade_no":"LX-17041412283743101-d","seller_id":"2088421286007493","notify_time":"2017-07-23 11:14:53","body":"\u79d8\u5883\u8302\u5170-\u8354\u6ce2-\u9ed4\u4e1c\u5357-\u9547\u8fdc-\u897f\u6c5f\u82d7\u5be8-\u9ec4\u679c\u6811\u6df1\u5ea6\u7eaf\u73a9\u4e5d\u65e5\u6e38","trade_status":"TRADE_FINISHED","is_total_fee_adjust":"N","total_fee":"4200.00","gmt_payment":"2017-04-21 11:14:47","seller_email":"2287684289@qq.com","gmt_close":"2017-07-23 11:14:53","price":"4200.00","buyer_id":"2088302333330426","notify_id":"dfac29a77954e00fb70e4d6663baf95j8q","use_coupon":"N","sign_type":"MD5","sign":"1c7fee6b813c462bb3c66f3ecd94b940"}
[2017-07-23 11:14:54][info] 数据存储反馈成功！
[2017-07-23 11:14:54][info] success
[2017-07-23 11:14:54][info] 写入结束!!!
[2017-07-23 11:27:30][info] ----------------------------------------
[2017-07-23 11:27:30][info] {"discount":"0.00","payment_type":"1","trade_no":"2017072321001004650276576999","subject":"\u7518\u5357\u5168\u666f","buyer_email":"13922872738","gmt_create":"2017-07-23 11:14:42","notify_type":"trade_status_sync","quantity":"1","out_trade_no":"LX-17071213572596701-2","seller_id":"2088421286007493","notify_time":"2017-07-23 11:27:30","body":"2017\u5e74\u72ec\u5bb6  \u62c9\u535c\u695e\u5bfa-\u624e\u5c15\u90a3-\u82b1\u6e56-\u5e74\u5b9d\u7389\u5219-\u82e5\u5c14\u76d6\u8349\u539f-\u963f\u4e07\u4ed3\u6e7f\u5730-\u5c15\u6d77\u6e56-\u90ce\u6728\u5bfa 8\u65e5\u6e38","trade_status":"TRADE_SUCCESS","is_total_fee_adjust":"N","total_fee":"6560.00","gmt_payment":"2017-07-23 11:27:29","seller_email":"2287684289@qq.com","price":"6560.00","buyer_id":"2088522322626655","notify_id":"6f6cd73afd0e2fa1c51739144937881l0m","use_coupon":"N","sign_type":"MD5","sign":"88e113f53014ec277c8641c1ad46d817"}
[2017-07-23 11:27:30][info] 数据存储反馈成功！
[2017-07-23 11:27:30][info] success
[2017-07-23 11:27:30][info] 写入结束!!!
[2017-07-23 13:50:57][info] ----------------------------------------
[2017-07-23 13:50:57][info] {"discount":"0.00","payment_type":"1","trade_no":"2017072321001004910285136867","subject":"\u4e1d\u7ef8\u4e4b\u8def\u5168\u666f\u6e389\u65e5","buyer_email":"15906533118","gmt_create":"2017-07-23 13:50:46","notify_type":"trade_status_sync","quantity":"1","out_trade_no":"LX-17072313373883801-1","seller_id":"2088421286007493","notify_time":"2017-07-23 13:50:57","body":"\u72ec\u5bb6\u6c34\u4e0a\u9b54\u9b3c\u57ce-\u65e0\u4eba\u533a\u539f\u751f\u6001\u96c5\u4e39\u63a2\u79d8-\u9752\u6d77\u6e56-\u8336\u5361\u76d0\u6e56-\u83ab\u9ad8\u7a9f-\u9e23\u6c99\u5c71\u6708\u7259\u6cc9-\u5f20\u6396\u4e39\u971e-\u5353\u5c14\u5c719\u65e5\u6e38","trade_status":"TRADE_SUCCESS","is_total_fee_adjust":"N","total_fee":"3780.00","gmt_payment":"2017-07-23 13:50:56","seller_email":"2287684289@qq.com","price":"3780.00","buyer_id":"2088702492650913","notify_id":"be31e84c4cd0ac6339a0a5daa6d83e6n0u","use_coupon":"N","sign_type":"MD5","sign":"8502353a21037d8655d7c469c8ff530f"}
[2017-07-23 13:50:57][info] 数据存储反馈成功！
[2017-07-23 13:50:57][info] success
[2017-07-23 13:50:57][info] 写入结束!!!
[2017-07-23 15:30:52][info] ----------------------------------------
[2017-07-23 15:30:52][info] {"discount":"0.00","payment_type":"1","trade_no":"2017072321001004980207109749","subject":"\u7518\u5357\u5168\u666f","buyer_email":"13805163280","gmt_create":"2017-07-23 15:30:12","notify_type":"trade_status_sync","quantity":"1","out_trade_no":"LX-1707222143095506-d","seller_id":"2088421286007493","notify_time":"2017-07-23 15:30:52","body":"2017\u5e74\u72ec\u5bb6  \u62c9\u535c\u695e\u5bfa-\u624e\u5c15\u90a3-\u82b1\u6e56-\u5e74\u5b9d\u7389\u5219-\u82e5\u5c14\u76d6\u8349\u539f-\u963f\u4e07\u4ed3\u6e7f\u5730-\u5c15\u6d77\u6e56-\u90ce\u6728\u5bfa 8\u65e5\u6e38","trade_status":"TRADE_SUCCESS","is_total_fee_adjust":"N","total_fee":"8640.00","gmt_payment":"2017-07-23 15:30:52","seller_email":"2287684289@qq.com","price":"8640.00","buyer_id":"2088002947016982","notify_id":"893c041b5847d871a5dab1c0386225enka","use_coupon":"N","sign_type":"MD5","sign":"e2ffa371c05e0f7ce2af6c85eefb2560"}
[2017-07-23 15:30:52][info] 数据存储反馈成功！
[2017-07-23 15:30:52][info] success
[2017-07-23 15:30:52][info] 写入结束!!!
[2017-07-23 15:31:45][info] ----------------------------------------
[2017-07-23 15:31:45][info] {"discount":"0.00","payment_type":"1","trade_no":"2017072321001004670265968172","subject":"\u7518\u5357\u5168\u666f","buyer_email":"13001183378","gmt_create":"2017-07-23 15:31:36","notify_type":"trade_status_sync","quantity":"1","out_trade_no":"LX-17071120330323906-3","seller_id":"2088421286007493","notify_time":"2017-07-23 15:31:45","body":"2017\u5e74\u72ec\u5bb6  \u62c9\u535c\u695e\u5bfa-\u624e\u5c15\u90a3-\u82b1\u6e56-\u5e74\u5b9d\u7389\u5219-\u82e5\u5c14\u76d6\u8349\u539f-\u963f\u4e07\u4ed3\u6e7f\u5730-\u5c15\u6d77\u6e56-\u90ce\u6728\u5bfa 8\u65e5\u6e38","trade_status":"TRADE_SUCCESS","is_total_fee_adjust":"N","total_fee":"3280.00","gmt_payment":"2017-07-23 15:31:45","seller_email":"2287684289@qq.com","price":"3280.00","buyer_id":"2088712826840677","notify_id":"b607335e15912ee18788a7efa931971l66","use_coupon":"N","sign_type":"MD5","sign":"99923097d652c75ca3fe691e1635ac44"}
[2017-07-23 15:31:45][info] 数据存储反馈成功！
[2017-07-23 15:31:45][info] success
[2017-07-23 15:31:45][info] 写入结束!!!
[2017-07-23 16:21:51][info] ----------------------------------------
[2017-07-23 16:21:51][info] {"discount":"0.00","payment_type":"1","trade_no":"2017072321001004360245189103","subject":"\u7518\u5357\u5168\u666f","buyer_email":"13701446358","gmt_create":"2017-07-23 16:18:25","notify_type":"trade_status_sync","quantity":"1","out_trade_no":"LX-17072315453794106-d","seller_id":"2088421286007493","notify_time":"2017-07-23 16:21:51","body":"2017\u5e74\u72ec\u5bb6  \u62c9\u535c\u695e\u5bfa-\u624e\u5c15\u90a3-\u82b1\u6e56-\u5e74\u5b9d\u7389\u5219-\u82e5\u5c14\u76d6\u8349\u539f-\u963f\u4e07\u4ed3\u6e7f\u5730-\u5c15\u6d77\u6e56-\u90ce\u6728\u5bfa 8\u65e5\u6e38","trade_status":"TRADE_SUCCESS","is_total_fee_adjust":"N","total_fee":"13120.00","gmt_payment":"2017-07-23 16:21:50","seller_email":"2287684289@qq.com","price":"13120.00","buyer_id":"2088312694560365","notify_id":"d09f97a85f2d73a1f6c0c9c9e9bcdebis2","use_coupon":"N","sign_type":"MD5","sign":"1420cd0e9885e8e30c31a8e90aa2b9e0"}
[2017-07-23 16:21:51][info] 数据存储反馈成功！
[2017-07-23 16:21:51][info] success
[2017-07-23 16:21:51][info] 写入结束!!!
[2017-07-23 23:48:11][info] ----------------------------------------
[2017-07-23 23:48:11][info] {"discount":"0.00","payment_type":"1","trade_no":"2017072321001004390232495526","subject":"\u7518\u5357\u5168\u666f","buyer_email":"wangbm2007@gmail.com","gmt_create":"2017-07-23 23:45:30","notify_type":"trade_status_sync","quantity":"1","out_trade_no":"LX-17061515523157201-6","seller_id":"2088421286007493","notify_time":"2017-07-23 23:48:11","body":"2017\u5e74\u72ec\u5bb6  \u62c9\u535c\u695e\u5bfa-\u624e\u5c15\u90a3-\u82b1\u6e56-\u5e74\u5b9d\u7389\u5219-\u82e5\u5c14\u76d6\u8349\u539f-\u963f\u4e07\u4ed3\u6e7f\u5730-\u5c15\u6d77\u6e56-\u90ce\u6728\u5bfa 8\u65e5\u6e38","trade_status":"TRADE_SUCCESS","is_total_fee_adjust":"N","total_fee":"4320.00","gmt_payment":"2017-07-23 23:48:11","seller_email":"2287684289@qq.com","price":"4320.00","buyer_id":"2088402170366391","notify_id":"d253c6a814a27151574e3b58eb9879cj0e","use_coupon":"N","sign_type":"MD5","sign":"3f17245b96d0ac6110eb63360b6e1220"}
[2017-07-23 23:48:11][info] 数据存储反馈成功！
[2017-07-23 23:48:11][info] success
[2017-07-23 23:48:11][info] 写入结束!!!
