[2017-03-30 09:30:56][info] ----------------------------------------
[2017-03-30 09:30:56][info] {"discount":"0.00","payment_type":"1","subject":"\u5fbd\u676d\u53e4\u9053","trade_no":"2017033021001004230225303491","buyer_email":"15967155524","gmt_create":"2017-03-30 09:30:49","notify_type":"trade_status_sync","quantity":"1","out_trade_no":"LX-17033009135413701-8","seller_id":"2088421286007493","notify_time":"2017-03-30 09:30:56","body":"2017\u5168\u5e74\u8ba1\u5212\uff1a\u8f7b\u88c5\u5355\u65e5\u5f92\u6b65\u7a7f\u8d8a\uff0c\u72ec\u5bb6\u7b56\u5212\u2014\u2014\u7528\u201c\u6362\u5ba2\u201d\u884c\u4e3a\u4eb2\u8eab\u4f53\u4f1a\u53e4\u7ecf\u5546\u4e4b\u9053\uff08\u514d\u8d39\u63d0\u4f9b\u767b\u5c71\u6756\uff0c\u7ec4\u7ec7\u6237\u5916\u91ce\u708a\uff09","trade_status":"TRADE_SUCCESS","is_total_fee_adjust":"N","total_fee":"380.00","gmt_payment":"2017-03-30 09:30:56","seller_email":"2287684289@qq.com","price":"380.00","buyer_id":"2088902291051236","notify_id":"a6192a06d2da98aa22ec2da4f0e9332hry","use_coupon":"N","sign_type":"MD5","sign":"670ff7fddb6fde25ffc73b596fd66db3"}
[2017-03-30 09:30:57][info] 数据存储反馈成功！
[2017-03-30 09:30:57][info] success
[2017-03-30 09:30:57][info] 写入结束!!!
[2017-03-30 11:09:07][info] ----------------------------------------
[2017-03-30 11:09:07][info] {"discount":"0.00","payment_type":"1","subject":"\u8d35\u5dde\u5168\u666f\u6e38","trade_no":"2017033021001004180277882285","buyer_email":"hhjx0911@sina.com","gmt_create":"2017-03-30 11:08:47","notify_type":"trade_status_sync","quantity":"1","out_trade_no":"LX-17032911023874106-d","seller_id":"2088421286007493","notify_time":"2017-03-30 11:09:07","body":"\u79d8\u5883\u8302\u5170-\u8354\u6ce2-\u9ed4\u4e1c\u5357-\u9547\u8fdc-\u897f\u6c5f\u82d7\u5be8-\u9ec4\u679c\u6811\u6df1\u5ea6\u7eaf\u73a9\u4e5d\u65e5\u6e38","trade_status":"TRADE_SUCCESS","is_total_fee_adjust":"N","total_fee":"8160.00","gmt_payment":"2017-03-30 11:09:07","seller_email":"2287684289@qq.com","price":"8160.00","buyer_id":"2088002626867182","notify_id":"f75f8ec406e8b296729799d99b4dac6he2","use_coupon":"N","sign_type":"MD5","sign":"4833ce1060a46ff56782ab5c37cae89d"}
[2017-03-30 11:09:08][info] 数据存储反馈成功！
[2017-03-30 11:09:08][info] success
[2017-03-30 11:09:08][info] 写入结束!!!
[2017-03-30 11:27:17][info] ----------------------------------------
[2017-03-30 11:27:17][info] {"discount":"0.00","payment_type":"1","subject":"\u5fbd\u676d\u53e4\u9053","trade_no":"2017033021001004230225499661","buyer_email":"15967155524","gmt_create":"2017-03-30 11:27:11","notify_type":"trade_status_sync","quantity":"1","out_trade_no":"LX-17033011250740401-d","seller_id":"2088421286007493","notify_time":"2017-03-30 11:27:17","body":"2017\u5168\u5e74\u8ba1\u5212\uff1a\u8f7b\u88c5\u5355\u65e5\u5f92\u6b65\u7a7f\u8d8a\uff0c\u72ec\u5bb6\u7b56\u5212\u2014\u2014\u7528\u201c\u6362\u5ba2\u201d\u884c\u4e3a\u4eb2\u8eab\u4f53\u4f1a\u53e4\u7ecf\u5546\u4e4b\u9053\uff08\u514d\u8d39\u63d0\u4f9b\u767b\u5c71\u6756\uff0c\u7ec4\u7ec7\u6237\u5916\u91ce\u708a\uff09","trade_status":"TRADE_SUCCESS","is_total_fee_adjust":"N","total_fee":"190.00","gmt_payment":"2017-03-30 11:27:16","seller_email":"2287684289@qq.com","price":"190.00","buyer_id":"2088902291051236","notify_id":"09b15503f8f3003eb31bad6980f0787hry","use_coupon":"N","sign_type":"MD5","sign":"901c320d42cbaec85b8de8fbfd0b27ab"}
[2017-03-30 11:27:17][info] 数据存储反馈成功！
[2017-03-30 11:27:17][info] success
[2017-03-30 11:27:17][info] 写入结束!!!
[2017-03-30 19:03:31][info] ----------------------------------------
[2017-03-30 19:03:31][info] {"discount":"0.00","payment_type":"1","subject":"\u96ea\u57df\u6843\u82b1\u6df1\u5ea6\u6e38","trade_no":"2017033021001004010253056329","buyer_email":"prettyxiaozuo@sina.com","gmt_create":"2017-03-30 19:03:14","notify_type":"trade_status_sync","quantity":"1","out_trade_no":"LX-17031717101251001-7","seller_id":"2088421286007493","notify_time":"2017-03-30 19:03:31","body":"2017\u5e74\u6797\u829d\u6843\u82b1\u6c9f-\u6ce2\u5bc6\u560e\u6717-\u5357\u8fe6\u5df4\u74e6\u5cf0-\u7136\u4e4c\u6e56-\u7c73\u5806\u51b0\u5ddd\u516b\u65e5\u6e38","trade_status":"TRADE_SUCCESS","is_total_fee_adjust":"N","total_fee":"3590.00","gmt_payment":"2017-03-30 19:03:31","seller_email":"2287684289@qq.com","price":"3590.00","buyer_id":"2088302253873010","notify_id":"6e5ec9cb2cea41d6c6e18a2cf21792ag2u","use_coupon":"N","sign_type":"MD5","sign":"ca31998f939615c7558ca1901935618f"}
[2017-03-30 19:03:31][info] 数据存储反馈成功！
[2017-03-30 19:03:31][info] success
[2017-03-30 19:03:31][info] 写入结束!!!
[2017-03-30 20:58:24][info] ----------------------------------------
[2017-03-30 20:58:24][info] {"discount":"0.00","payment_type":"1","subject":"\u65e9\u6625\u65b0\u7586","trade_no":"2017033021001004970255684034","buyer_email":"liangtaifu008@yahoo.com.cn","gmt_create":"2017-03-30 20:57:43","notify_type":"trade_status_sync","quantity":"1","out_trade_no":"LX-17033020395335106-6","seller_id":"2088421286007493","notify_time":"2017-03-30 20:58:24","body":"\u4f0a\u7281\u674f\u82b1\u6c9f-\u7ea2\u5c71\u5927\u5ce1\u8c37-\u8d5b\u91cc\u6728\u6e56-\u5e93\u6728\u5854\u683c\u6c99\u6f208\u65e5\u6df1\u5ea6\u6e38","trade_status":"TRADE_SUCCESS","is_total_fee_adjust":"N","total_fee":"3580.00","gmt_payment":"2017-03-30 20:58:24","seller_email":"2287684289@qq.com","price":"3580.00","buyer_id":"2088402388910971","notify_id":"a30ad448f7395ed0fb64ce40048228anhi","use_coupon":"N","sign_type":"MD5","sign":"4618d54bbf2f861da1a5d6bf6abe3ccd"}
[2017-03-30 20:58:25][info] 数据存储反馈成功！
[2017-03-30 20:58:25][info] success
[2017-03-30 20:58:25][info] 写入结束!!!
