[2017-07-27 00:37:55][info] ----------------------------------------
[2017-07-27 00:37:55][info] {"discount":"0.00","payment_type":"1","trade_no":"2017072721001004150228288794","subject":"\u9189\u7f8e\u666e\u8005\u9ed1","buyer_email":"18017250875","gmt_create":"2017-07-27 00:37:40","notify_type":"trade_status_sync","quantity":"1","out_trade_no":"LX-17072612351861506-3","seller_id":"2088421286007493","notify_time":"2017-07-27 00:37:55","body":"\u300a\u4e09\u751f\u4e09\u4e16\u300b\u666e\u8005\u9ed1\u2014\u4e16\u5916\u6843\u6e90\u575d\u7f8e\u2014\u9a6c\u5cad\u6cb3\u5927\u5ce1\u8c37\u2014\u9189\u7f8e\u4e07\u5cf0\u6797\u2014\u4e07\u5cf0\u6e56\u2014\u629a\u4ed9\u6e568\u65e5\u6df1\u5ea6\u6e38","trade_status":"TRADE_SUCCESS","is_total_fee_adjust":"N","total_fee":"2690.00","gmt_payment":"2017-07-27 00:37:55","seller_email":"2287684289@qq.com","price":"2690.00","buyer_id":"2088202865457151","notify_id":"6a760f9b288a39d1225082c9d1f0436h5q","use_coupon":"N","sign_type":"MD5","sign":"b53890712da7162d5943b6a42c7fd044"}
[2017-07-27 00:37:55][info] 数据存储反馈成功！
[2017-07-27 00:37:55][info] success
[2017-07-27 00:37:55][info] 写入结束!!!
[2017-07-27 09:08:17][info] ----------------------------------------
[2017-07-27 09:08:17][info] {"discount":"0.00","payment_type":"1","trade_no":"2017072721001004580288125728","subject":"\u7518\u5357\u5168\u666f","buyer_email":"zhaohuili1969@yahoo.com","gmt_create":"2017-07-27 09:08:04","notify_type":"trade_status_sync","quantity":"1","out_trade_no":"LX-17072622342190901-f","seller_id":"2088421286007493","notify_time":"2017-07-27 09:08:17","body":"2017\u5e74\u72ec\u5bb6  \u62c9\u535c\u695e\u5bfa-\u624e\u5c15\u90a3-\u82b1\u6e56-\u5e74\u5b9d\u7389\u5219-\u82e5\u5c14\u76d6\u8349\u539f-\u963f\u4e07\u4ed3\u6e7f\u5730-\u5c15\u6d77\u6e56-\u90ce\u6728\u5bfa 8\u65e5\u6e38","trade_status":"TRADE_SUCCESS","is_total_fee_adjust":"N","total_fee":"1640.00","gmt_payment":"2017-07-27 09:08:17","seller_email":"2287684289@qq.com","price":"1640.00","buyer_id":"2088302178984585","notify_id":"2ab59f93bfb08d5dd11d14e6c13620ckh6","use_coupon":"N","sign_type":"MD5","sign":"8c3b27627d07cc6499f34a01dae87398"}
[2017-07-27 09:08:17][info] 数据存储反馈成功！
[2017-07-27 09:08:17][info] success
[2017-07-27 09:08:17][info] 写入结束!!!
[2017-07-27 11:39:06][info] ----------------------------------------
[2017-07-27 11:39:06][info] {"discount":"0.00","payment_type":"1","trade_no":"2017072721001004400277392809","subject":"\u4e1d\u7ef8\u4e4b\u8def\u7cbe\u534e\u4e03\u65e5\u6e38","buyer_email":"yiling515@126.com","gmt_create":"2017-07-27 11:38:46","notify_type":"trade_status_sync","quantity":"1","out_trade_no":"LX-1707051926445901-2","seller_id":"2088421286007493","notify_time":"2017-07-27 11:39:06","body":"2017\u5e74\u9752\u6d77\u6e56-\u8336\u5361\u76d0\u6e56-\u6566\u714c-\u5609\u5cea\u5173-\u5f20\u6396\u4e39\u971e\u4e03\u65e5\u6e38","trade_status":"TRADE_SUCCESS","is_total_fee_adjust":"N","total_fee":"880.00","gmt_payment":"2017-07-27 11:39:05","seller_email":"2287684289@qq.com","price":"880.00","buyer_id":"2088402899526409","notify_id":"d8c039cf95cad8f9d1955a290c571f1j36","use_coupon":"N","sign_type":"MD5","sign":"c62a661b159a3e1877dfa08be0b2a0de"}
[2017-07-27 11:39:06][info] 数据存储反馈成功！
[2017-07-27 11:39:06][info] success
[2017-07-27 11:39:06][info] 写入结束!!!
[2017-07-27 12:29:23][info] ----------------------------------------
[2017-07-27 12:29:23][info] {"discount":"0.00","payment_type":"1","trade_no":"2017072721001004390238393706","subject":"\u7518\u5357\u5168\u666f","buyer_email":"wow5804551@sina.com","gmt_create":"2017-07-27 12:29:11","notify_type":"trade_status_sync","quantity":"1","out_trade_no":"LX-17072519020024801-4","seller_id":"2088421286007493","notify_time":"2017-07-27 12:29:22","body":"2017\u5e74\u72ec\u5bb6  \u62c9\u535c\u695e\u5bfa-\u624e\u5c15\u90a3-\u82b1\u6e56-\u5e74\u5b9d\u7389\u5219-\u82e5\u5c14\u76d6\u8349\u539f-\u963f\u4e07\u4ed3\u6e7f\u5730-\u5c15\u6d77\u6e56-\u90ce\u6728\u5bfa 8\u65e5\u6e38","trade_status":"TRADE_SUCCESS","is_total_fee_adjust":"N","total_fee":"16000.00","gmt_payment":"2017-07-27 12:29:22","seller_email":"2287684289@qq.com","price":"16000.00","buyer_id":"2088002522821394","notify_id":"a1f8cbd15ccdc4b9e3e20a449275638j0e","use_coupon":"N","sign_type":"MD5","sign":"2563940dff637c95c51f9ec8e14719b4"}
[2017-07-27 12:29:23][info] 数据存储反馈成功！
[2017-07-27 12:29:23][info] success
[2017-07-27 12:29:23][info] 写入结束!!!
[2017-07-27 12:30:44][info] ----------------------------------------
[2017-07-27 12:30:44][info] {"discount":"0.00","payment_type":"1","trade_no":"2017072721001004390238421804","subject":"\u7518\u5357\u5168\u666f","buyer_email":"wow5804551@sina.com","gmt_create":"2017-07-27 12:30:34","notify_type":"trade_status_sync","quantity":"1","out_trade_no":"LX-17072522163085301-5","seller_id":"2088421286007493","notify_time":"2017-07-27 12:30:44","body":"2017\u5e74\u72ec\u5bb6  \u62c9\u535c\u695e\u5bfa-\u624e\u5c15\u90a3-\u82b1\u6e56-\u5e74\u5b9d\u7389\u5219-\u82e5\u5c14\u76d6\u8349\u539f-\u963f\u4e07\u4ed3\u6e7f\u5730-\u5c15\u6d77\u6e56-\u90ce\u6728\u5bfa 8\u65e5\u6e38","trade_status":"TRADE_SUCCESS","is_total_fee_adjust":"N","total_fee":"12640.00","gmt_payment":"2017-07-27 12:30:43","seller_email":"2287684289@qq.com","price":"12640.00","buyer_id":"2088002522821394","notify_id":"f5060d60ec189a099bd06f6e500c3bcj0e","use_coupon":"N","sign_type":"MD5","sign":"826fe0bea88d5502768d823c5ea21893"}
[2017-07-27 12:30:44][info] 数据存储反馈成功！
[2017-07-27 12:30:44][info] success
[2017-07-27 12:30:44][info] 写入结束!!!
[2017-07-27 12:36:50][info] ----------------------------------------
[2017-07-27 12:36:50][info] {"discount":"0.00","payment_type":"1","trade_no":"2017072721001004490229673166","subject":"\u4e1d\u7ef8\u4e4b\u8def\u7cbe\u534e\u4e03\u65e5\u6e38","buyer_email":"ellisonyeyu@yahoo.com.cn","gmt_create":"2017-07-27 12:36:43","notify_type":"trade_status_sync","quantity":"1","out_trade_no":"LX-17072711310576401-e","seller_id":"2088421286007493","notify_time":"2017-07-27 12:36:50","body":"2017\u5e74\u9752\u6d77\u6e56-\u8336\u5361\u76d0\u6e56-\u6566\u714c-\u5609\u5cea\u5173-\u5f20\u6396\u4e39\u971e\u4e03\u65e5\u6e38","trade_status":"TRADE_SUCCESS","is_total_fee_adjust":"N","total_fee":"5060.00","gmt_payment":"2017-07-27 12:36:49","seller_email":"2287684289@qq.com","price":"5060.00","buyer_id":"2088002894766495","notify_id":"9c361c742ae481ab1aa3e7564648faajs6","use_coupon":"N","sign_type":"MD5","sign":"5ee759305e5babaf311361cc69fedd88"}
[2017-07-27 12:36:50][info] 数据存储反馈成功！
[2017-07-27 12:36:50][info] success
[2017-07-27 12:36:50][info] 写入结束!!!
[2017-07-27 12:52:07][info] ----------------------------------------
[2017-07-27 12:52:07][info] {"discount":"0.00","payment_type":"1","trade_no":"2017072721001004170242833283","subject":"\u4e1d\u7ef8\u4e4b\u8def\u7cbe\u534e\u4e03\u65e5\u6e38","buyer_email":"13556648002","gmt_create":"2017-07-27 12:52:01","notify_type":"trade_status_sync","quantity":"1","out_trade_no":"LX-17070520452938506-f","seller_id":"2088421286007493","notify_time":"2017-07-27 12:52:07","body":"2017\u5e74\u9752\u6d77\u6e56-\u8336\u5361\u76d0\u6e56-\u6566\u714c-\u5609\u5cea\u5173-\u5f20\u6396\u4e39\u971e\u4e03\u65e5\u6e38","trade_status":"TRADE_SUCCESS","is_total_fee_adjust":"N","total_fee":"880.00","gmt_payment":"2017-07-27 12:52:07","seller_email":"2287684289@qq.com","price":"880.00","buyer_id":"2088112540307173","notify_id":"2c8da17d4da4208396258875f479ddfhba","use_coupon":"N","sign_type":"MD5","sign":"dee0f9f2f5904ef08592e4f299227e0d"}
[2017-07-27 12:52:08][info] 数据存储反馈成功！
[2017-07-27 12:52:08][info] success
[2017-07-27 12:52:08][info] 写入结束!!!
[2017-07-27 13:23:23][info] ----------------------------------------
[2017-07-27 13:23:23][info] {"discount":"0.00","payment_type":"1","trade_no":"2017072721001004060201285208","subject":"\u4e1d\u7ef8\u4e4b\u8def\u5168\u666f\u6e389\u65e5","buyer_email":"624169252@qq.com","gmt_create":"2017-07-27 13:23:12","notify_type":"trade_status_sync","quantity":"1","out_trade_no":"LX-17072711404638401-2","seller_id":"2088421286007493","notify_time":"2017-07-27 13:23:23","body":"\u72ec\u5bb6\u6c34\u4e0a\u9b54\u9b3c\u57ce-\u65e0\u4eba\u533a\u539f\u751f\u6001\u96c5\u4e39\u63a2\u79d8-\u9752\u6d77\u6e56-\u8336\u5361\u76d0\u6e56-\u83ab\u9ad8\u7a9f-\u9e23\u6c99\u5c71\u6708\u7259\u6cc9-\u5f20\u6396\u4e39\u971e-\u5353\u5c14\u5c719\u65e5\u6e38","trade_status":"TRADE_SUCCESS","is_total_fee_adjust":"N","total_fee":"3780.00","gmt_payment":"2017-07-27 13:23:22","seller_email":"2287684289@qq.com","price":"3780.00","buyer_id":"2088602112696061","notify_id":"42a34d69dbf9a9c521132e69822a0a3ggq","use_coupon":"N","sign_type":"MD5","sign":"75ff97cb8611a9f0e495cd8bd196134e"}
[2017-07-27 13:23:23][info] 数据存储反馈成功！
[2017-07-27 13:23:23][info] success
[2017-07-27 13:23:23][info] 写入结束!!!
[2017-07-27 14:45:58][info] ----------------------------------------
[2017-07-27 14:45:58][info] {"discount":"0.00","payment_type":"1","trade_no":"2017072721001004920241530388","subject":"\u4e03\u5f69\u4e91\u5357-\u6012\u6c5f","buyer_email":"13312112090","gmt_create":"2017-07-27 14:45:50","notify_type":"trade_status_sync","quantity":"1","out_trade_no":"LX-1707271426153406-a","seller_id":"2088421286007493","notify_time":"2017-07-27 14:45:58","body":"\u6606\u660e-\u798f\u8d21-\u4e19\u4e2d\u6d1b-\u96fe\u91cc\u6751-\u79cb\u90a3\u6876-\u72ec\u9f99\u6c5f-\u94a6\u90ce\u5f53 -\u516d\u5e93-\u5927\u74069\u65e5\u6e38","trade_status":"TRADE_SUCCESS","is_total_fee_adjust":"N","total_fee":"3580.00","gmt_payment":"2017-07-27 14:45:57","seller_email":"2287684289@qq.com","price":"3580.00","buyer_id":"2088722094441922","notify_id":"b895cd52fcc596a0df3bac895bc41fcn3m","use_coupon":"N","sign_type":"MD5","sign":"81846b18dfccaf496ddc0fa117ab5472"}
[2017-07-27 14:45:58][info] 数据存储反馈成功！
[2017-07-27 14:45:58][info] success
[2017-07-27 14:45:58][info] 写入结束!!!
[2017-07-27 16:25:22][info] ----------------------------------------
[2017-07-27 16:25:22][info] {"discount":"0.00","payment_type":"1","trade_no":"2017072721001004820287320961","subject":"\u4e1d\u8def\u5dc5\u5cf0\u4f53\u9a8c\u4e5d\u65e5\u6e38B\u7ebf","buyer_email":"656034403@qq.com","gmt_create":"2017-07-27 16:25:14","notify_type":"trade_status_sync","quantity":"1","out_trade_no":"LX-17071013455976906-7","seller_id":"2088421286007493","notify_time":"2017-07-27 16:25:22","body":"\u9752\u6d77\u6e56-\u8336\u5361\u76d0\u6e56-\u9e23\u6c99\u5c71\u6708\u7259\u6cc9-\u83ab\u9ad8\u7a9f-\u96c5\u4e39\u9b54\u9b3c\u57ce-\u5609\u5cea\u5173-\u5f20\u6396\u4e39\u971e-\u9a6c\u8e44\u5bfa-\u5353\u5c14\u5c71\u8f7b\u5962\u52a8\u8f669\u65e5\u6e38","trade_status":"TRADE_SUCCESS","is_total_fee_adjust":"N","total_fee":"6100.00","gmt_payment":"2017-07-27 16:25:22","seller_email":"2287684289@qq.com","price":"6100.00","buyer_id":"2088002901012821","notify_id":"0119c58dce77acb58a012146b2145b1mbu","use_coupon":"N","sign_type":"MD5","sign":"a414e45e2d0375b2d2ed4aed35c0810a"}
[2017-07-27 16:25:23][info] 数据存储反馈成功！
[2017-07-27 16:25:23][info] success
[2017-07-27 16:25:23][info] 写入结束!!!
[2017-07-27 17:31:13][info] ----------------------------------------
[2017-07-27 17:31:13][info] {"discount":"0.00","payment_type":"1","trade_no":"2017072721001004080270975056","subject":"\u7518\u5357\u5168\u666f","buyer_email":"13381265772@189.cn","gmt_create":"2017-07-27 17:30:54","notify_type":"trade_status_sync","quantity":"1","out_trade_no":"LX-17072706312375306-7","seller_id":"2088421286007493","notify_time":"2017-07-27 17:31:13","body":"2017\u5e74\u72ec\u5bb6  \u62c9\u535c\u695e\u5bfa-\u624e\u5c15\u90a3-\u82b1\u6e56-\u5e74\u5b9d\u7389\u5219-\u82e5\u5c14\u76d6\u8349\u539f-\u963f\u4e07\u4ed3\u6e7f\u5730-\u5c15\u6d77\u6e56-\u90ce\u6728\u5bfa 8\u65e5\u6e38","trade_status":"TRADE_SUCCESS","is_total_fee_adjust":"N","total_fee":"3280.00","gmt_payment":"2017-07-27 17:31:12","seller_email":"2287684289@qq.com","price":"3280.00","buyer_id":"2088002365844080","notify_id":"125fec22b7a9110b444b0099d71f91cgma","use_coupon":"N","sign_type":"MD5","sign":"c9f5e69d42942c21538851df5bcac7fd"}
[2017-07-27 17:31:13][info] 数据存储反馈成功！
[2017-07-27 17:31:13][info] success
[2017-07-27 17:31:13][info] 写入结束!!!
[2017-07-27 18:13:20][info] ----------------------------------------
[2017-07-27 18:13:20][info] {"discount":"0.00","payment_type":"1","trade_no":"2017072721001004070299605499","subject":"\u9189\u7f8e\u666e\u8005\u9ed1","buyer_email":"happyahyan@163.com","gmt_create":"2017-07-27 18:13:03","notify_type":"trade_status_sync","quantity":"1","out_trade_no":"LX-17061613200493206-4","seller_id":"2088421286007493","notify_time":"2017-07-27 18:13:20","body":"\u300a\u4e09\u751f\u4e09\u4e16\u300b\u666e\u8005\u9ed1\u2014\u4e16\u5916\u6843\u6e90\u575d\u7f8e\u2014\u9a6c\u5cad\u6cb3\u5927\u5ce1\u8c37\u2014\u9189\u7f8e\u4e07\u5cf0\u6797\u2014\u4e07\u5cf0\u6e56\u2014\u629a\u4ed9\u6e568\u65e5\u6df1\u5ea6\u6e38","trade_status":"TRADE_SUCCESS","is_total_fee_adjust":"N","total_fee":"4430.00","gmt_payment":"2017-07-27 18:13:19","seller_email":"2287684289@qq.com","price":"4430.00","buyer_id":"2088002173433076","notify_id":"a861058db5592595a7f327ade11aa59gji","use_coupon":"N","sign_type":"MD5","sign":"0b09734558e58a33a16809ab1a5828a2"}
[2017-07-27 18:13:20][info] 数据存储反馈成功！
[2017-07-27 18:13:20][info] success
[2017-07-27 18:13:20][info] 写入结束!!!
[2017-07-27 19:25:42][info] ----------------------------------------
[2017-07-27 19:25:42][info] {"discount":"0.00","payment_type":"1","trade_no":"2017072721001004890285674376","subject":"\u65b0\u7586\u5168\u666f","buyer_email":"liuyan_741@hotmail.com","gmt_create":"2017-07-27 19:24:40","notify_type":"trade_status_sync","quantity":"1","out_trade_no":"LX-17062511563395706-1","seller_id":"2088421286007493","notify_time":"2017-07-27 19:25:42","body":"\u5580\u7eb3\u65af-\u79be\u6728-\u8d5b\u91cc\u6728\u6e56-\u85b0\u8863\u8349\u519c\u573a-\u5580\u62c9\u5cfb-\u90a3\u62c9\u63d0-\u5df4\u97f3\u5e03\u9c81\u514b-\u6c5f\u5e03\u62c9\u514b-\u4e94\u5f69\u6ee9-\u5410\u9c81\u756a13\u65e5\u6e38","trade_status":"TRADE_SUCCESS","is_total_fee_adjust":"N","total_fee":"7950.00","gmt_payment":"2017-07-27 19:25:42","seller_email":"2287684289@qq.com","price":"7950.00","buyer_id":"2088002400319894","notify_id":"cbf06f3503ec04dce8a11817414aba8mva","use_coupon":"N","sign_type":"MD5","sign":"c9333724ecec110be0cf463836333aef"}
[2017-07-27 19:25:43][info] 数据存储反馈成功！
[2017-07-27 19:25:43][info] success
[2017-07-27 19:25:43][info] 写入结束!!!
[2017-07-27 19:38:47][info] ----------------------------------------
[2017-07-27 19:38:47][info] {"discount":"0.00","payment_type":"1","trade_no":"2017072721001004560298061636","subject":"\u4e09\u6c5f\u6e90\u6df1\u5ea6\u5927\u73af\u7ebf","buyer_email":"13506267801@139.com","gmt_create":"2017-07-27 19:38:19","notify_type":"trade_status_sync","quantity":"1","out_trade_no":"LX-1705231330165506-6","seller_id":"2088421286007493","notify_time":"2017-07-27 19:38:47","body":"2017\u5e74\u7518\u5357-\u5e74\u5b9d\u7389\u5219-\u8272\u8fbe-\u4e94\u660e\u4f5b\u5b66\u9662-\u5ddd\u85cf\u5317\u7ebf\u3001\u751f\u547d\u51c0\u571f\u4e09\u6c5f\u6e90-\u9102\u9675\u6e56 \u624e\u9675\u6e5612\u65e5\u4eba\u6587\u884c\u6444\u4e4b\u65c5\uff01","trade_status":"TRADE_SUCCESS","is_total_fee_adjust":"N","total_fee":"3400.00","gmt_payment":"2017-07-27 19:38:46","seller_email":"2287684289@qq.com","price":"3400.00","buyer_id":"2088612348946560","notify_id":"ce414a9b61a033d76fdcbb34e90f924kbm","use_coupon":"N","sign_type":"MD5","sign":"98cafce6f8f6a84b9606d1d19f5d8e47"}
[2017-07-27 19:38:47][info] 数据存储反馈成功！
[2017-07-27 19:38:47][info] success
[2017-07-27 19:38:47][info] 写入结束!!!
[2017-07-27 19:43:07][info] ----------------------------------------
[2017-07-27 19:43:07][info] {"discount":"0.00","payment_type":"1","trade_no":"2017072721001004560298063881","subject":"\u4e09\u6c5f\u6e90\u6df1\u5ea6\u5927\u73af\u7ebf","buyer_email":"13506267801@139.com","gmt_create":"2017-07-27 19:42:54","notify_type":"trade_status_sync","quantity":"1","out_trade_no":"LX-17052312284455806-3","seller_id":"2088421286007493","notify_time":"2017-07-27 19:43:07","body":"2017\u5e74\u7518\u5357-\u5e74\u5b9d\u7389\u5219-\u8272\u8fbe-\u4e94\u660e\u4f5b\u5b66\u9662-\u5ddd\u85cf\u5317\u7ebf\u3001\u751f\u547d\u51c0\u571f\u4e09\u6c5f\u6e90-\u9102\u9675\u6e56 \u624e\u9675\u6e5612\u65e5\u4eba\u6587\u884c\u6444\u4e4b\u65c5\uff01","trade_status":"TRADE_SUCCESS","is_total_fee_adjust":"N","total_fee":"6800.00","gmt_payment":"2017-07-27 19:43:06","seller_email":"2287684289@qq.com","price":"6800.00","buyer_id":"2088612348946560","notify_id":"9b337896669dc4ee943883520b67ae3kbm","use_coupon":"N","sign_type":"MD5","sign":"38bad3f7c5aaf30ff5a52ff4fa60ef61"}
[2017-07-27 19:43:07][info] 数据存储反馈成功！
[2017-07-27 19:43:07][info] success
[2017-07-27 19:43:07][info] 写入结束!!!
[2017-07-27 20:08:35][info] ----------------------------------------
[2017-07-27 20:08:35][info] {"discount":"0.00","payment_type":"1","trade_no":"2017072721001004640232847836","subject":"\u4e09\u6c5f\u6e90\u6df1\u5ea6\u5927\u73af\u7ebf","buyer_email":"teacher_200510@126.com","gmt_create":"2017-07-27 20:08:27","notify_type":"trade_status_sync","quantity":"1","out_trade_no":"LX-17070618162816706-e","seller_id":"2088421286007493","notify_time":"2017-07-27 20:08:34","body":"2017\u5e74\u7518\u5357-\u5e74\u5b9d\u7389\u5219-\u8272\u8fbe-\u4e94\u660e\u4f5b\u5b66\u9662-\u5ddd\u85cf\u5317\u7ebf\u3001\u751f\u547d\u51c0\u571f\u4e09\u6c5f\u6e90-\u9102\u9675\u6e56 \u624e\u9675\u6e5612\u65e5\u4eba\u6587\u884c\u6444\u4e4b\u65c5\uff01","trade_status":"TRADE_SUCCESS","is_total_fee_adjust":"N","total_fee":"3400.00","gmt_payment":"2017-07-27 20:08:34","seller_email":"2287684289@qq.com","price":"3400.00","buyer_id":"2088002344251647","notify_id":"6fec564c38066d52adc4760f31ee0a9kxu","use_coupon":"N","sign_type":"MD5","sign":"cc405c05b155dfbe06f276a3759c1279"}
[2017-07-27 20:08:35][info] 数据存储反馈成功！
[2017-07-27 20:08:35][info] success
[2017-07-27 20:08:35][info] 写入结束!!!
[2017-07-27 21:01:42][info] ----------------------------------------
[2017-07-27 21:01:42][info] {"discount":"0.00","payment_type":"1","trade_no":"2017072721001004730285309121","subject":"\u4e1d\u8def\u5dc5\u5cf0\u4f53\u9a8c\u4e5d\u65e5\u6e38B\u7ebf","buyer_email":"caowen67067@sina.com.cn","gmt_create":"2017-07-27 21:01:33","notify_type":"trade_status_sync","quantity":"1","out_trade_no":"LX-17070919464128706-8","seller_id":"2088421286007493","notify_time":"2017-07-27 21:01:42","body":"\u9752\u6d77\u6e56-\u8336\u5361\u76d0\u6e56-\u9e23\u6c99\u5c71\u6708\u7259\u6cc9-\u83ab\u9ad8\u7a9f-\u96c5\u4e39\u9b54\u9b3c\u57ce-\u5609\u5cea\u5173-\u5f20\u6396\u4e39\u971e-\u9a6c\u8e44\u5bfa-\u5353\u5c14\u5c71\u8f7b\u5962\u52a8\u8f669\u65e5\u6e38","trade_status":"TRADE_SUCCESS","is_total_fee_adjust":"N","total_fee":"6120.00","gmt_payment":"2017-07-27 21:01:42","seller_email":"2287684289@qq.com","price":"6120.00","buyer_id":"2088302749073739","notify_id":"3a670b4f9fc9e0f0801608b906f55bflmu","use_coupon":"N","sign_type":"MD5","sign":"696012c331ef6cdee888951e95e383e4"}
[2017-07-27 21:01:43][info] 数据存储反馈成功！
[2017-07-27 21:01:43][info] success
[2017-07-27 21:01:43][info] 写入结束!!!
[2017-07-27 22:15:28][info] ----------------------------------------
[2017-07-27 22:15:28][info] {"discount":"0.00","payment_type":"1","trade_no":"2017072721001004670273726199","subject":"\u4e1d\u7ef8\u4e4b\u8def\u7ecf\u5178\u4e5d\u65e5","buyer_email":"353550612@qq.com","gmt_create":"2017-07-27 22:14:55","notify_type":"trade_status_sync","quantity":"1","out_trade_no":"LX-1706301611173101-0","seller_id":"2088421286007493","notify_time":"2017-07-27 22:15:28","body":"\u6c99\u5c9b-\u9752\u6d77\u6e56-\u8336\u5361\u76d0\u6e56-\u5353\u5c14\u5c71-\u5f20\u6396\u4e39\u971e-\u5609\u5cea\u5173-\u6566\u714c9\u65e5\u6e38","trade_status":"TRADE_SUCCESS","is_total_fee_adjust":"N","total_fee":"22860.00","gmt_payment":"2017-07-27 22:15:27","seller_email":"2287684289@qq.com","price":"22860.00","buyer_id":"2088202361995672","notify_id":"ef4c762887e468cb1d045e67c87f6f9l66","use_coupon":"N","sign_type":"MD5","sign":"30d258b52def3068c7e013a9302565f7"}
[2017-07-27 22:15:28][info] 数据存储反馈成功！
[2017-07-27 22:15:28][info] success
[2017-07-27 22:15:28][info] 写入结束!!!
[2017-07-27 22:24:11][info] ----------------------------------------
[2017-07-27 22:24:11][info] {"discount":"0.00","payment_type":"1","trade_no":"2017072721001004380263599184","subject":"\u6d6a\u6f2b\u5e7f\u897f\uff0c\u6f2b\u6b65\u5317\u6d77\u94f6\u6ee9","buyer_email":"18086039313","gmt_create":"2017-07-27 22:23:55","notify_type":"trade_status_sync","quantity":"1","out_trade_no":"LX-17072721102927906-0","seller_id":"2088421286007493","notify_time":"2017-07-27 22:24:11","body":"2017\u5168\u5e74\u8ba1\u5212\uff1a\u5e7f\u897f\u5357\u5b81-\u5fb7\u5929\u5927\u7011\u5e03-\u660e\u4ed5\u7530\u56ed-\u5317\u6d77\u94f6\u6ee9-\u6da0\u6d32\u5c9b\uff0c\u6d6a\u6f2b\u9633\u5149\u6d77\u6ee9\u534a\u81ea\u52a96\u65e5\u65c5\u884c","trade_status":"TRADE_SUCCESS","is_total_fee_adjust":"N","total_fee":"10320.00","gmt_payment":"2017-07-27 22:24:11","seller_email":"2287684289@qq.com","price":"10320.00","buyer_id":"2088422301332383","notify_id":"f3e82f76a10c5b1863f8c9971897658ixm","use_coupon":"N","sign_type":"MD5","sign":"6050785613d94f63708a7ed86da2cf36"}
[2017-07-27 22:24:12][info] 数据存储反馈成功！
[2017-07-27 22:24:12][info] success
[2017-07-27 22:24:12][info] 写入结束!!!
[2017-07-27 23:59:12][info] ----------------------------------------
[2017-07-27 23:59:12][info] {"discount":"0.00","payment_type":"1","trade_no":"2017072721001004630224756933","subject":"\u65b0\u7586\u5168\u666f","buyer_email":"wangyang98@hotmail.com","gmt_create":"2017-07-27 23:58:52","notify_type":"trade_status_sync","quantity":"1","out_trade_no":"LX-17072621020372801-3","seller_id":"2088421286007493","notify_time":"2017-07-27 23:59:12","body":"\u5580\u7eb3\u65af-\u79be\u6728-\u8d5b\u91cc\u6728\u6e56-\u85b0\u8863\u8349\u519c\u573a-\u5580\u62c9\u5cfb-\u90a3\u62c9\u63d0-\u5df4\u97f3\u5e03\u9c81\u514b-\u6c5f\u5e03\u62c9\u514b-\u4e94\u5f69\u6ee9-\u5410\u9c81\u756a13\u65e5\u6e38","trade_status":"TRADE_SUCCESS","is_total_fee_adjust":"N","total_fee":"2675.00","gmt_payment":"2017-07-27 23:59:12","seller_email":"2287684289@qq.com","price":"2675.00","buyer_id":"2088002624382632","notify_id":"81e9bc89538a102cb1cca8f758e4843kv2","use_coupon":"N","sign_type":"MD5","sign":"69cfe6e22d978252b7257acf1db78b50"}
[2017-07-27 23:59:13][info] 数据存储反馈成功！
[2017-07-27 23:59:13][info] success
[2017-07-27 23:59:13][info] 写入结束!!!
