[2017-09-23 09:00:05][info] ----------------------------------------
[2017-09-23 09:00:05][info] {"discount":"0.00","payment_type":"1","trade_no":"2017092321001004170529443794","subject":"\u989d\u6d4e\u7eb3\u6700\u7f8e\u9ad8\u94c1\u56e2","buyer_email":"18950073078","gmt_create":"2017-09-23 08:59:52","notify_type":"trade_status_sync","quantity":"1","out_trade_no":"LX-17092211005776606-b","seller_id":"2088421286007493","notify_time":"2017-09-23 09:00:05","body":"2017\u989d\u6d4e\u7eb3\u65d7\u80e1\u6768\u6797\u516d\u65e5\u6e38-\u9886\u8896\u6237\u5916\u72ec\u5bb6\u9996\u521b","trade_status":"TRADE_SUCCESS","is_total_fee_adjust":"N","total_fee":"3180.00","gmt_payment":"2017-09-23 09:00:05","seller_email":"2287684289@qq.com","price":"3180.00","buyer_id":"2088912932527176","notify_id":"ed34c11632e5f1b009a2e526aaa4f46hbd","use_coupon":"N","sign_type":"MD5","sign":"30c7182e7f194ae3d47d551687b3623c"}
[2017-09-23 09:00:05][info] 数据存储反馈成功！
[2017-09-23 09:00:05][info] success
[2017-09-23 09:00:05][info] 写入结束!!!
[2017-09-23 09:35:45][info] ----------------------------------------
[2017-09-23 09:35:45][info] {"discount":"0.00","payment_type":"1","trade_no":"2017092321001004640256263404","subject":"\u989d\u6d4e\u7eb3\u5168\u666f","buyer_email":"850950841@qq.com","gmt_create":"2017-09-23 09:35:36","notify_type":"trade_status_sync","quantity":"1","out_trade_no":"LX-17092219081763806-f","seller_id":"2088421286007493","notify_time":"2017-09-23 09:35:45","body":"\u989d\u6d4e\u7eb3\u80e1\u6768\u6797-\u6566\u714c\u5168\u666f-\u5df4\u4e39\u5409\u6797-\u5f20\u6396\u4e39\u971e-\u5609\u5cea\u5173-\u91d1\u5854\u80e1\u6768\u6797-\u52a8\u8f668\u65e5","trade_status":"TRADE_SUCCESS","is_total_fee_adjust":"N","total_fee":"2040.00","gmt_payment":"2017-09-23 09:35:44","seller_email":"2287684289@qq.com","price":"2040.00","buyer_id":"2088102336743645","notify_id":"88bc329ed0c9e6bdadd67e41e6d3680kxu","use_coupon":"N","sign_type":"MD5","sign":"7b1a43b0764d2bade5ee304ccb923b76"}
[2017-09-23 09:35:45][info] 数据存储反馈成功！
[2017-09-23 09:35:45][info] success
[2017-09-23 09:35:45][info] 写入结束!!!
[2017-09-23 10:20:51][info] ----------------------------------------
[2017-09-23 10:20:51][info] {"discount":"0.00","payment_type":"1","trade_no":"2017092321001004870511334147","subject":"\u575d\u4e0a\u79cb\u6444","buyer_email":"yiyicliff@hotmail.com","gmt_create":"2017-09-23 10:18:39","notify_type":"trade_status_sync","quantity":"1","out_trade_no":"LX-17053000133574706-e","seller_id":"2088421286007493","notify_time":"2017-09-23 10:20:51","body":"9-10\u6708\u91d1\u79cb\uff0c\u5317\u6c9f\u3001\u6768\u6811\u80cc\u3001\u4e94\u5f69\u5c71\u3001\u86e4\u87c6\u575d\u3001\u91ce\u9e2d\u6e56\u3001\u516c\u4e3b\u6e56\u7b49\u575d\u4e0a\u8349\u539f\u79cb\u8272\u4e00\u7f51\u6253\u5c3d 6\u65e5\u6444\u5f71\u521b\u4f5c\u56e2\uff08\u575d\u4e0a\u62cd\u64444\u5929\uff09","trade_status":"TRADE_SUCCESS","is_total_fee_adjust":"N","total_fee":"1340.00","gmt_payment":"2017-09-23 10:20:51","seller_email":"2287684289@qq.com","price":"1340.00","buyer_id":"2088002144157873","notify_id":"55746b6fd5a774ded85d516d86c25f6mpt","use_coupon":"N","sign_type":"MD5","sign":"a02a75c1e48a055fe0b0aaa733be0220"}
[2017-09-23 10:20:51][info] 数据存储反馈成功！
[2017-09-23 10:20:51][info] success
[2017-09-23 10:20:51][info] 写入结束!!!
[2017-09-23 10:32:05][info] ----------------------------------------
[2017-09-23 10:32:05][info] {"discount":"0.00","payment_type":"1","trade_no":"2017062221001004740289464577","subject":"\u65b0\u7586\u5168\u666f","buyer_email":"sunyu0807@126.com","gmt_create":"2017-06-22 10:31:21","notify_type":"trade_status_sync","quantity":"1","out_trade_no":"LX-17060712392569301-5","seller_id":"2088421286007493","notify_time":"2017-09-23 10:32:04","body":"\u6c5f\u5e03\u62c9\u514b-\u4e94\u5f69\u6ee9-\u5580\u7eb3\u65af-\u79be\u6728-\u8d5b\u91cc\u6728\u6e56-\u85b0\u8863\u8349\u519c\u573a-\u5580\u62c9\u5cfb-\u90a3\u62c9\u63d0-\u5df4\u97f3\u5e03\u9c81\u514b-\u5410\u9c81\u756a13\u65e5\u6e38","trade_status":"TRADE_FINISHED","is_total_fee_adjust":"N","total_fee":"9290.00","gmt_payment":"2017-06-22 10:31:35","seller_email":"2287684289@qq.com","gmt_close":"2017-09-23 10:32:04","price":"9290.00","buyer_id":"2088002347327745","notify_id":"cb04bc25a0ea5286621eb8ebff72ce9lpm","use_coupon":"N","sign_type":"MD5","sign":"6120ed4281524a87dfbaf4e931d8b9dc"}
[2017-09-23 10:32:05][info] 数据存储反馈成功！
[2017-09-23 10:32:05][info] success
[2017-09-23 10:32:05][info] 写入结束!!!
[2017-09-23 10:42:03][info] ----------------------------------------
[2017-09-23 10:42:03][info] {"discount":"0.00","payment_type":"1","trade_no":"2017062221001004730224841215","subject":"\u65b0\u7586\u5168\u666f","buyer_email":"yyl@jssvc.edu.cn","gmt_create":"2017-06-22 10:41:32","notify_type":"trade_status_sync","quantity":"1","out_trade_no":"LX-17061909554839006-1","seller_id":"2088421286007493","notify_time":"2017-09-23 10:42:03","body":"\u6c5f\u5e03\u62c9\u514b-\u4e94\u5f69\u6ee9-\u5580\u7eb3\u65af-\u79be\u6728-\u8d5b\u91cc\u6728\u6e56-\u85b0\u8863\u8349\u519c\u573a-\u5580\u62c9\u5cfb-\u90a3\u62c9\u63d0-\u5df4\u97f3\u5e03\u9c81\u514b-\u5410\u9c81\u756a13\u65e5\u6e38","trade_status":"TRADE_FINISHED","is_total_fee_adjust":"N","total_fee":"7980.00","gmt_payment":"2017-06-22 10:41:53","seller_email":"2287684289@qq.com","gmt_close":"2017-09-23 10:42:03","price":"7980.00","buyer_id":"2088102125056730","notify_id":"78e2b5d9768b5e58cef8ccc3b924654lmu","use_coupon":"N","sign_type":"MD5","sign":"789e67346d82323238cce9780f26cd16"}
[2017-09-23 10:42:03][info] 数据存储反馈成功！
[2017-09-23 10:42:03][info] success
[2017-09-23 10:42:03][info] 写入结束!!!
[2017-09-23 10:44:29][info] ----------------------------------------
[2017-09-23 10:44:29][info] {"discount":"0.00","payment_type":"1","trade_no":"2017092321001004150529679657","subject":"\u989d\u6d4e\u7eb3\u5168\u666f","buyer_email":"18621062990","gmt_create":"2017-09-23 10:44:14","notify_type":"trade_status_sync","quantity":"1","out_trade_no":"LX-17092309482759006-e","seller_id":"2088421286007493","notify_time":"2017-09-23 10:44:29","body":"\u989d\u6d4e\u7eb3\u80e1\u6768\u6797-\u6566\u714c\u5168\u666f-\u5df4\u4e39\u5409\u6797-\u5f20\u6396\u4e39\u971e-\u5609\u5cea\u5173-\u91d1\u5854\u80e1\u6768\u6797-\u52a8\u8f668\u65e5","trade_status":"TRADE_SUCCESS","is_total_fee_adjust":"N","total_fee":"6120.00","gmt_payment":"2017-09-23 10:44:28","seller_email":"2287684289@qq.com","price":"6120.00","buyer_id":"2088502794428155","notify_id":"cfc594d18a70fc04e2d2d2382450003h5t","use_coupon":"N","sign_type":"MD5","sign":"da487841b21922ce6631d8517b84e0f2"}
[2017-09-23 10:44:29][info] 数据存储反馈成功！
[2017-09-23 10:44:29][info] success
[2017-09-23 10:44:29][info] 写入结束!!!
[2017-09-23 11:38:31][info] ----------------------------------------
[2017-09-23 11:38:31][info] {"discount":"0.00","payment_type":"1","trade_no":"2017092321001004680288612653","subject":"\u989d\u6d4e\u7eb3\u4f11\u95f2\u6e38","buyer_email":"18038186486","gmt_create":"2017-09-23 11:38:24","notify_type":"trade_status_sync","quantity":"1","out_trade_no":"LX-1709221449067501-6","seller_id":"2088421286007493","notify_time":"2017-09-23 11:38:31","body":"\u989d\u6d4e\u7eb3\u65d7\u80e1\u6768\u6797-\u5609\u5cea\u5173-\u9ed1\u6c34\u57ce-\u602a\u6811\u6797-\u5df4\u4e39\u5409\u6797\u6c99\u6f20-\u5f20\u6396\u4e39\u971e","trade_status":"TRADE_SUCCESS","is_total_fee_adjust":"N","total_fee":"2990.00","gmt_payment":"2017-09-23 11:38:31","seller_email":"2287684289@qq.com","price":"2990.00","buyer_id":"2088502801590684","notify_id":"17501d4f0d28cd4f5a792d72a7cd2bcl8y","use_coupon":"N","sign_type":"MD5","sign":"8025a6bcb71fea718bf3d951b692ab35"}
[2017-09-23 11:38:31][info] 数据存储反馈成功！
[2017-09-23 11:38:31][info] success
[2017-09-23 11:38:31][info] 写入结束!!!
[2017-09-23 12:00:56][info] ----------------------------------------
[2017-09-23 12:00:56][info] {"discount":"0.00","payment_type":"1","trade_no":"2017062221001004040294648662","subject":"\u4e1d\u8def\u5dc5\u5cf0\u5341\u65e5\u6e38\u65d7\u8230\u7248","buyer_email":"ldh3@sina.cn","gmt_create":"2017-06-22 11:59:55","notify_type":"trade_status_sync","quantity":"1","out_trade_no":"LX-17062119570715906-d","seller_id":"2088421286007493","notify_time":"2017-09-23 12:00:56","body":"\u6c99\u5c9b-\u9752\u6d77\u6e56-\u8336\u5361\u76d0\u6e56-\u7941\u8fde-\u5f20\u6396-\u5609\u5cea\u5173-\u6566\u714c\u5341\u65e5\u6e38","trade_status":"TRADE_FINISHED","is_total_fee_adjust":"N","total_fee":"4180.00","gmt_payment":"2017-06-22 12:00:25","seller_email":"2287684289@qq.com","gmt_close":"2017-09-23 12:00:56","price":"4180.00","buyer_id":"2088602214202045","notify_id":"849e613ed1bca00bc6523f6204e0b4bgb6","use_coupon":"N","sign_type":"MD5","sign":"ba01cbf6136669eea5d5db53f6881d3a"}
[2017-09-23 12:00:56][info] 数据存储反馈成功！
[2017-09-23 12:00:56][info] success
[2017-09-23 12:00:56][info] 写入结束!!!
[2017-09-23 12:10:53][info] ----------------------------------------
[2017-09-23 12:10:53][info] {"discount":"0.00","payment_type":"1","trade_no":"2017092121001004420256000803","subject":"\u5317\u7586\u5dc5\u5cf0","buyer_email":"18022889388","gmt_create":"2017-09-21 17:26:06","notify_type":"trade_status_sync","quantity":"1","out_trade_no":"LX-1707261556214006-b","seller_id":"2088421286007493","notify_time":"2017-09-23 12:10:53","body":"\u79be\u672848\u5c0f\u65f6-\u5580\u7eb3\u65af-\u767d\u54c8\u5df4-\u4e94\u5f69\u6ee9-\u53cc\u53676\u65e5\u6e38","trade_status":"TRADE_SUCCESS","is_total_fee_adjust":"N","total_fee":"3700.00","gmt_payment":"2017-09-23 12:10:53","seller_email":"2287684289@qq.com","price":"3700.00","buyer_id":"2088522420392425","notify_id":"7f67b796d3a34b7e8beb393d8fad396j8q","use_coupon":"N","sign_type":"MD5","sign":"d13a8034e3c085907d91f79d34318f04"}
[2017-09-23 12:10:54][info] 数据存储反馈成功！
[2017-09-23 12:10:54][info] success
[2017-09-23 12:10:54][info] 写入结束!!!
[2017-09-23 14:19:41][info] ----------------------------------------
[2017-09-23 14:19:41][info] {"discount":"0.00","payment_type":"1","trade_no":"2017092321001004750221637038","subject":"\u989d\u6d4e\u7eb3\u6444\u5f71A","buyer_email":"1802585870@qq.com","gmt_create":"2017-09-23 14:19:23","notify_type":"trade_status_sync","quantity":"1","out_trade_no":"LX-17092123193268306-e","seller_id":"2088421286007493","notify_time":"2017-09-23 14:19:41","body":"\u4ed9\u7c73\u5f69\u6797-\u989d\u6d4e\u7eb3\u80e1\u6768\u6797-\u5f20\u6396\u4e39\u971e-\u91d1\u5854\u80e1\u6768\u6797-\u9ed1\u6c34\u57ce-\u5c45\u5ef6\u6d77-\u5609\u5cea\u5173\u52a8\u8f66\u8fd4\u7a0b7\u65e5\u6e38","trade_status":"TRADE_SUCCESS","is_total_fee_adjust":"N","total_fee":"3900.00","gmt_payment":"2017-09-23 14:19:41","seller_email":"2287684289@qq.com","price":"3900.00","buyer_id":"2088612269819758","notify_id":"9128c98bbebeb6efaa5e67547c0de37lse","use_coupon":"N","sign_type":"MD5","sign":"762ef00e46680b146d5f894db6f7b829"}
[2017-09-23 14:19:42][info] 数据存储反馈成功！
[2017-09-23 14:19:42][info] success
[2017-09-23 14:19:42][info] 写入结束!!!
[2017-09-23 14:29:05][info] ----------------------------------------
[2017-09-23 14:29:05][info] {"discount":"0.00","payment_type":"1","trade_no":"2017062221001004130278710258","subject":"\u65b0\u7586\u5168\u666f","buyer_email":"13808812326","gmt_create":"2017-06-22 14:28:05","notify_type":"trade_status_sync","quantity":"1","out_trade_no":"LX-17051616013259706-e","seller_id":"2088421286007493","notify_time":"2017-09-23 14:29:05","body":"\u6c5f\u5e03\u62c9\u514b-\u4e94\u5f69\u6ee9-\u5580\u7eb3\u65af-\u79be\u6728-\u8d5b\u91cc\u6728\u6e56-\u85b0\u8863\u8349\u519c\u573a-\u5580\u62c9\u5cfb-\u90a3\u62c9\u63d0-\u5df4\u97f3\u5e03\u9c81\u514b-\u5410\u9c81\u756a13\u65e5\u6e38","trade_status":"TRADE_FINISHED","is_total_fee_adjust":"N","total_fee":"6720.00","gmt_payment":"2017-06-22 14:28:14","seller_email":"2287684289@qq.com","gmt_close":"2017-09-23 14:29:05","price":"6720.00","buyer_id":"2088802300635139","notify_id":"f82952944c5221b33b06fd065f8ff6fh06","use_coupon":"N","sign_type":"MD5","sign":"5e5f61bf3644025dab10525959dc8a70"}
[2017-09-23 14:29:05][info] 数据存储反馈成功！
[2017-09-23 14:29:05][info] success
[2017-09-23 14:29:05][info] 写入结束!!!
[2017-09-23 14:39:42][info] ----------------------------------------
[2017-09-23 14:39:42][info] {"discount":"0.00","payment_type":"1","trade_no":"2017092321001004040530109735","subject":"\u989d\u6d4e\u7eb3\u5168\u666f","buyer_email":"13006505639","gmt_create":"2017-09-23 14:39:20","notify_type":"trade_status_sync","quantity":"1","out_trade_no":"LX-17091415404117406-a","seller_id":"2088421286007493","notify_time":"2017-09-23 14:39:42","body":"\u989d\u6d4e\u7eb3\u80e1\u6768\u6797-\u6566\u714c\u5168\u666f-\u5df4\u4e39\u5409\u6797-\u5f20\u6396\u4e39\u971e-\u5609\u5cea\u5173-\u91d1\u5854\u80e1\u6768\u6797-\u52a8\u8f668\u65e5","trade_status":"TRADE_SUCCESS","is_total_fee_adjust":"N","total_fee":"4596.00","gmt_payment":"2017-09-23 14:39:42","seller_email":"2287684289@qq.com","price":"4596.00","buyer_id":"2088802348079043","notify_id":"4cb678449a2b2a5695d30027d2399c2gb9","use_coupon":"N","sign_type":"MD5","sign":"e542422aee94d7ec1d79d920d9150b2d"}
[2017-09-23 14:39:42][info] 数据存储反馈成功！
[2017-09-23 14:39:42][info] success
[2017-09-23 14:39:42][info] 写入结束!!!
[2017-09-23 16:56:02][info] ----------------------------------------
[2017-09-23 16:56:02][info] {"discount":"0.00","payment_type":"1","trade_no":"2017092321001004270269576110","subject":"\u5927\u7f8e\u8272\u7a3b","buyer_email":"scy1041@live.cn","gmt_create":"2017-09-23 16:54:54","notify_type":"trade_status_sync","quantity":"1","out_trade_no":"LX-17092316174667806-d","seller_id":"2088421286007493","notify_time":"2017-09-23 16:56:02","body":"\u8272\u8fbe-\u7a3b\u57ce\u4e9a\u4e01-\u65b0\u90fd\u68659\u65e5\u5927\u73af\u7ebf","trade_status":"TRADE_SUCCESS","is_total_fee_adjust":"N","total_fee":"7160.00","gmt_payment":"2017-09-23 16:56:01","seller_email":"2287684289@qq.com","price":"7160.00","buyer_id":"2088102398291272","notify_id":"cd5d3844ef90579afb7abea8bf2bec5i32","use_coupon":"N","sign_type":"MD5","sign":"9350928c4d58a5baef20ebdb70eddbda"}
[2017-09-23 16:56:02][info] 数据存储反馈成功！
[2017-09-23 16:56:02][info] success
[2017-09-23 16:56:02][info] 写入结束!!!
[2017-09-23 19:21:19][info] ----------------------------------------
[2017-09-23 19:21:19][info] {"discount":"0.00","payment_type":"1","trade_no":"2017092321001004550226513738","subject":"\u989d\u6d4e\u7eb3\u6444\u5f71B\u7ebf","buyer_email":"13600164808","gmt_create":"2017-09-23 19:21:09","notify_type":"trade_status_sync","quantity":"1","out_trade_no":"LX-17092220555415406-0","seller_id":"2088421286007493","notify_time":"2017-09-23 19:21:19","body":"\u989d\u6d4e\u7eb3\u80e1\u6768\u6797-\u5df4\u4e39\u5409\u6797\u8179\u5730-\u91d1\u5854\u80e1\u6768\u6797-\u602a\u6811\u6797-\u516b\u65e5","trade_status":"TRADE_SUCCESS","is_total_fee_adjust":"N","total_fee":"4890.00","gmt_payment":"2017-09-23 19:21:19","seller_email":"2287684289@qq.com","price":"4890.00","buyer_id":"2088122051367555","notify_id":"aa7e9adf7a68a38ce73b1a7021b2b86k8u","use_coupon":"N","sign_type":"MD5","sign":"05481b90ccce3c25821dd5452cc0c7ae"}
[2017-09-23 19:21:19][info] 数据存储反馈成功！
[2017-09-23 19:21:19][info] success
[2017-09-23 19:21:19][info] 写入结束!!!
[2017-09-23 19:42:41][info] ----------------------------------------
[2017-09-23 19:42:41][info] {"discount":"0.00","payment_type":"1","trade_no":"2017092321001004080531178560","subject":"\u8eba\u7740\u53bb\u8d4f\u79cb","buyer_email":"15810673090","gmt_create":"2017-09-23 19:42:27","notify_type":"trade_status_sync","quantity":"1","out_trade_no":"LX-17092223391079906-3","seller_id":"2088421286007493","notify_time":"2017-09-23 19:42:41","body":"2017\u5e74\u989d\u6d4e\u7eb3\u65d7\u80e1\u6768\u67976\u65e5 \u897f\u5b89\u51fa\u53d1 \u53cc\u5367\u706b\u8f66\u56e2","trade_status":"TRADE_SUCCESS","is_total_fee_adjust":"N","total_fee":"3680.00","gmt_payment":"2017-09-23 19:42:41","seller_email":"2287684289@qq.com","price":"3680.00","buyer_id":"2088702331631080","notify_id":"857e9edad228c279d0516b0f74f5231gmd","use_coupon":"N","sign_type":"MD5","sign":"923e34009004370109bdf8fa4e3c6c66"}
[2017-09-23 19:42:41][info] 数据存储反馈成功！
[2017-09-23 19:42:41][info] success
[2017-09-23 19:42:41][info] 写入结束!!!
[2017-09-23 20:56:59][info] ----------------------------------------
[2017-09-23 20:56:59][info] {"discount":"0.00","payment_type":"1","trade_no":"2017062221001004270287064850","subject":"\u7518\u5357\u5168\u666f","buyer_email":"18170022988","gmt_create":"2017-06-22 20:56:21","notify_type":"trade_status_sync","quantity":"1","out_trade_no":"LX-17060512501834901-8","seller_id":"2088421286007493","notify_time":"2017-09-23 20:56:59","body":"2017\u5e74\u72ec\u5bb6  \u516b\u89d2\u57ce-\u624e\u5c15\u90a3-\u82b1\u6e56-\u5e74\u5b9d\u7389\u5219-\u82e5\u5c14\u76d6\u8349\u539f-\u963f\u4e07\u4ed3\u6e7f\u5730-\u90ce\u6728\u5bfa 8\u65e5\u6e38","trade_status":"TRADE_FINISHED","is_total_fee_adjust":"N","total_fee":"2880.00","gmt_payment":"2017-06-22 20:56:42","seller_email":"2287684289@qq.com","gmt_close":"2017-09-23 20:56:59","price":"2880.00","buyer_id":"2088702156799277","notify_id":"9c34eb27aece1d7adbc834d124c8804i32","use_coupon":"N","sign_type":"MD5","sign":"a8c801eb3eedf1f40bcd1a8aa9b34bfe"}
[2017-09-23 20:56:59][info] 数据存储反馈成功！
[2017-09-23 20:56:59][info] success
[2017-09-23 20:56:59][info] 写入结束!!!
[2017-09-23 21:51:09][info] ----------------------------------------
[2017-09-23 21:51:09][info] {"discount":"0.00","payment_type":"1","trade_no":"2017062221001004370259726971","subject":"\u65b0\u7586\u5168\u666f","buyer_email":"13637223862","gmt_create":"2017-06-22 21:50:27","notify_type":"trade_status_sync","quantity":"1","out_trade_no":"LX-17062212535978006-7","seller_id":"2088421286007493","notify_time":"2017-09-23 21:51:08","body":"\u6c5f\u5e03\u62c9\u514b-\u4e94\u5f69\u6ee9-\u5580\u7eb3\u65af-\u79be\u6728-\u8d5b\u91cc\u6728\u6e56-\u85b0\u8863\u8349\u519c\u573a-\u5580\u62c9\u5cfb-\u90a3\u62c9\u63d0-\u5df4\u97f3\u5e03\u9c81\u514b-\u5410\u9c81\u756a13\u65e5\u6e38","trade_status":"TRADE_FINISHED","is_total_fee_adjust":"N","total_fee":"10760.00","gmt_payment":"2017-06-22 21:50:43","seller_email":"2287684289@qq.com","gmt_close":"2017-09-23 21:51:08","price":"10760.00","buyer_id":"2088112899468376","notify_id":"e3a97c1221d6c5d667f639f2e18824aiuu","use_coupon":"N","sign_type":"MD5","sign":"85dec74e1dc84cb239a3eda76b18ecf6"}
[2017-09-23 21:51:09][info] 数据存储反馈成功！
[2017-09-23 21:51:09][info] success
[2017-09-23 21:51:09][info] 写入结束!!!
