[2017-07-26 08:10:49][info] ----------------------------------------
[2017-07-26 08:10:49][info] {"discount":"0.00","payment_type":"1","trade_no":"2017072621001004680249793369","subject":"\u65b0\u7586\u7cbe\u534e","buyer_email":"15327274631","gmt_create":"2017-07-26 08:10:19","notify_type":"trade_status_sync","quantity":"1","out_trade_no":"LX-17062622390721906-0","seller_id":"2088421286007493","notify_time":"2017-07-26 08:10:48","body":"\u5929\u5c71\u5929\u6c60-\u5580\u7eb3\u65af-\u79be\u6728-\u4e94\u5f69\u6ee9-\u8d5b\u91cc\u6728\u6e56-\u85b0\u8863\u8349\u5e84\u56ed-\u90a3\u62c9\u63d0-\u5df4\u97f3\u5e03\u9c81\u514b-\u5410\u9c81\u756a11\u65e5\u6e38","trade_status":"TRADE_SUCCESS","is_total_fee_adjust":"N","total_fee":"5890.00","gmt_payment":"2017-07-26 08:10:48","seller_email":"2287684289@qq.com","price":"5890.00","buyer_id":"2088802222949680","notify_id":"0545b0c83d8a2fbfcb3c81233403d4al8y","use_coupon":"N","sign_type":"MD5","sign":"cbad9835a73ca04a199df26e0c32c8a7"}
[2017-07-26 08:10:49][info] 数据存储反馈成功！
[2017-07-26 08:10:49][info] success
[2017-07-26 08:10:49][info] 写入结束!!!
[2017-07-26 09:59:08][info] ----------------------------------------
[2017-07-26 09:59:08][info] {"discount":"0.00","payment_type":"1","trade_no":"2017072621001004540271294270","subject":"\u7518\u5357\u5168\u666f","buyer_email":"guhong1970@126.com","gmt_create":"2017-07-26 09:58:54","notify_type":"trade_status_sync","quantity":"1","out_trade_no":"LX-17072609451152006-e","seller_id":"2088421286007493","notify_time":"2017-07-26 09:59:08","body":"2017\u5e74\u72ec\u5bb6  \u62c9\u535c\u695e\u5bfa-\u624e\u5c15\u90a3-\u82b1\u6e56-\u5e74\u5b9d\u7389\u5219-\u82e5\u5c14\u76d6\u8349\u539f-\u963f\u4e07\u4ed3\u6e7f\u5730-\u5c15\u6d77\u6e56-\u90ce\u6728\u5bfa 8\u65e5\u6e38","trade_status":"TRADE_SUCCESS","is_total_fee_adjust":"N","total_fee":"4920.00","gmt_payment":"2017-07-26 09:59:08","seller_email":"2287684289@qq.com","price":"4920.00","buyer_id":"2088002369332545","notify_id":"e2e92686bd92b37aa1dcee7b1841680k62","use_coupon":"N","sign_type":"MD5","sign":"f3a4b4312277cac68bd8147908d4d86a"}
[2017-07-26 09:59:08][info] 数据存储反馈成功！
[2017-07-26 09:59:08][info] success
[2017-07-26 09:59:08][info] 写入结束!!!
[2017-07-26 10:05:23][info] ----------------------------------------
[2017-07-26 10:05:23][info] {"discount":"0.00","payment_type":"1","trade_no":"2017072621001004960284095080","subject":"\u9189\u7f8e\u666e\u8005\u9ed1","buyer_email":"1004364290@qq.com","gmt_create":"2017-07-26 10:05:13","notify_type":"trade_status_sync","quantity":"1","out_trade_no":"LX-17072609233964701-8","seller_id":"2088421286007493","notify_time":"2017-07-26 10:05:23","body":"\u300a\u4e09\u751f\u4e09\u4e16\u300b\u666e\u8005\u9ed1\u2014\u4e16\u5916\u6843\u6e90\u575d\u7f8e\u2014\u9a6c\u5cad\u6cb3\u5927\u5ce1\u8c37\u2014\u9189\u7f8e\u4e07\u5cf0\u6797\u2014\u4e07\u5cf0\u6e56\u2014\u629a\u4ed9\u6e568\u65e5\u6df1\u5ea6\u6e38","trade_status":"TRADE_SUCCESS","is_total_fee_adjust":"N","total_fee":"6760.00","gmt_payment":"2017-07-26 10:05:23","seller_email":"2287684289@qq.com","price":"6760.00","buyer_id":"2088502441097965","notify_id":"56cefdb1a4ba87d85de4449e05768a7neq","use_coupon":"N","sign_type":"MD5","sign":"be0d6caf384fda995f9d950c99866747"}
[2017-07-26 10:05:23][info] 数据存储反馈成功！
[2017-07-26 10:05:23][info] success
[2017-07-26 10:05:23][info] 写入结束!!!
[2017-07-26 10:23:53][info] ----------------------------------------
[2017-07-26 10:23:53][info] {"discount":"0.00","payment_type":"1","trade_no":"2017072621001004350235510567","subject":"\u5317\u7586\u91d1\u79cb\u81f3\u5c0a10\u65e5\u6e38","buyer_email":"18218350778","gmt_create":"2017-07-26 01:28:18","notify_type":"trade_status_sync","quantity":"1","out_trade_no":"LX-17072011140982501-a","seller_id":"2088421286007493","notify_time":"2017-07-26 10:23:53","body":"38\u5c0f\u65f6\u79be\u6728-\u5580\u7eb3\u65af-\u767d\u54c8\u5df4-\u53ef\u53ef\u82cf\u91cc\u6e56-\u53ef\u53ef\u6258\u6d77-\u4e94\u5f69\u6ee9-\u9b54\u9b3c\u57ce10\u65e5\u5927\u73af\u7ebf","trade_status":"TRADE_SUCCESS","is_total_fee_adjust":"N","total_fee":"9600.00","gmt_payment":"2017-07-26 10:23:53","seller_email":"2287684289@qq.com","price":"9600.00","buyer_id":"2088702495239351","notify_id":"dcad69646b17c6652f681babaa2b958ipa","use_coupon":"N","sign_type":"MD5","sign":"43fe3254f98d8e447ac59a970ac39259"}
[2017-07-26 10:23:53][info] 数据存储反馈成功！
[2017-07-26 10:23:53][info] success
[2017-07-26 10:23:53][info] 写入结束!!!
[2017-07-26 10:34:45][info] ----------------------------------------
[2017-07-26 10:34:45][info] {"discount":"0.00","payment_type":"1","trade_no":"2017072621001004080268396183","subject":"\u7518\u5357\u5168\u666f","buyer_email":"jennyzeng.good@163.com","gmt_create":"2017-07-26 10:34:06","notify_type":"trade_status_sync","quantity":"1","out_trade_no":"LX-17072312080885106-7","seller_id":"2088421286007493","notify_time":"2017-07-26 10:34:45","body":"2017\u5e74\u72ec\u5bb6  \u62c9\u535c\u695e\u5bfa-\u624e\u5c15\u90a3-\u82b1\u6e56-\u5e74\u5b9d\u7389\u5219-\u82e5\u5c14\u76d6\u8349\u539f-\u963f\u4e07\u4ed3\u6e7f\u5730-\u5c15\u6d77\u6e56-\u90ce\u6728\u5bfa 8\u65e5\u6e38","trade_status":"TRADE_SUCCESS","is_total_fee_adjust":"N","total_fee":"9840.00","gmt_payment":"2017-07-26 10:34:45","seller_email":"2287684289@qq.com","price":"9840.00","buyer_id":"2088202418603082","notify_id":"428427a833dee99c1c5fb461fa5c329gma","use_coupon":"N","sign_type":"MD5","sign":"8cedb4eca52047915c1f199e60b223e2"}
[2017-07-26 10:34:45][info] 数据存储反馈成功！
[2017-07-26 10:34:45][info] success
[2017-07-26 10:34:45][info] 写入结束!!!
[2017-07-26 10:38:01][info] ----------------------------------------
[2017-07-26 10:38:01][info] {"discount":"0.00","payment_type":"1","trade_no":"2017072621001004490227646529","subject":"\u8d35\u5dde\u5168\u666f\u6e38","buyer_email":"xinyu_200@163.com","gmt_create":"2017-07-26 10:37:52","notify_type":"trade_status_sync","quantity":"1","out_trade_no":"LX-17072516325640601-7","seller_id":"2088421286007493","notify_time":"2017-07-26 10:38:01","body":"\u897f\u6c5f\u5343\u6237\u82d7\u5be8-\u8354\u6ce2-\u9ed4\u4e1c\u5357-\u9547\u8fdc-\u9ec4\u679c\u6811-\u79d8\u5883\u8302\u5170\u6df1\u5ea6\u7eaf\u73a9\u4e5d\u65e5\u6e38","trade_status":"TRADE_SUCCESS","is_total_fee_adjust":"N","total_fee":"3900.00","gmt_payment":"2017-07-26 10:38:01","seller_email":"2287684289@qq.com","price":"3900.00","buyer_id":"2088002091391494","notify_id":"396751d0d8ca0aeea09a020bd9a7981js6","use_coupon":"N","sign_type":"MD5","sign":"d816c09d3ae0b54d2e618a53247c0431"}
[2017-07-26 10:38:01][info] 数据存储反馈成功！
[2017-07-26 10:38:01][info] success
[2017-07-26 10:38:01][info] 写入结束!!!
[2017-07-26 10:43:51][info] ----------------------------------------
[2017-07-26 10:43:51][info] {"discount":"0.00","payment_type":"1","trade_no":"2017072621001004490227603446","subject":"\u8d35\u5dde\u5168\u666f\u6e38","buyer_email":"xinyu_200@163.com","gmt_create":"2017-07-26 10:39:24","notify_type":"trade_status_sync","quantity":"1","out_trade_no":"LX-1707231530014201-8","seller_id":"2088421286007493","notify_time":"2017-07-26 10:43:51","body":"\u897f\u6c5f\u5343\u6237\u82d7\u5be8-\u8354\u6ce2-\u9ed4\u4e1c\u5357-\u9547\u8fdc-\u9ec4\u679c\u6811-\u79d8\u5883\u8302\u5170\u6df1\u5ea6\u7eaf\u73a9\u4e5d\u65e5\u6e38","trade_status":"TRADE_SUCCESS","is_total_fee_adjust":"N","total_fee":"18600.00","gmt_payment":"2017-07-26 10:43:51","seller_email":"2287684289@qq.com","price":"18600.00","buyer_id":"2088002091391494","notify_id":"4b980a1f5fc5560a5a84ece078ee314js6","use_coupon":"N","sign_type":"MD5","sign":"17b8bd862e3360723965f26e391be28c"}
[2017-07-26 10:43:52][info] 数据存储反馈成功！
[2017-07-26 10:43:52][info] success
[2017-07-26 10:43:52][info] 写入结束!!!
[2017-07-26 11:51:17][info] ----------------------------------------
[2017-07-26 11:51:17][info] {"discount":"0.00","payment_type":"1","trade_no":"2017072621001004390236604625","subject":"\u7518\u5357\u5168\u666f","buyer_email":"wow5804551@sina.com","gmt_create":"2017-07-26 11:51:02","notify_type":"trade_status_sync","quantity":"1","out_trade_no":"LX-17072512523392801-2","seller_id":"2088421286007493","notify_time":"2017-07-26 11:51:17","body":"2017\u5e74\u72ec\u5bb6  \u62c9\u535c\u695e\u5bfa-\u624e\u5c15\u90a3-\u82b1\u6e56-\u5e74\u5b9d\u7389\u5219-\u82e5\u5c14\u76d6\u8349\u539f-\u963f\u4e07\u4ed3\u6e7f\u5730-\u5c15\u6d77\u6e56-\u90ce\u6728\u5bfa 8\u65e5\u6e38","trade_status":"TRADE_SUCCESS","is_total_fee_adjust":"N","total_fee":"8480.00","gmt_payment":"2017-07-26 11:51:16","seller_email":"2287684289@qq.com","price":"8480.00","buyer_id":"2088002522821394","notify_id":"71c2a196b1322d2dbce786419990455j0e","use_coupon":"N","sign_type":"MD5","sign":"f3276dadde57719d448ae5a80c4b17b8"}
[2017-07-26 11:51:17][info] 数据存储反馈成功！
[2017-07-26 11:51:17][info] success
[2017-07-26 11:51:17][info] 写入结束!!!
[2017-07-26 12:10:02][info] ----------------------------------------
[2017-07-26 12:10:02][info] {"discount":"0.00","payment_type":"1","trade_no":"2017072621001004730282635234","subject":"\u8d35\u5dde\u5168\u666f\u6e38","buyer_email":"13940239435","gmt_create":"2017-07-26 12:09:48","notify_type":"trade_status_sync","quantity":"1","out_trade_no":"LX-17072020483470406-1","seller_id":"2088421286007493","notify_time":"2017-07-26 12:10:02","body":"\u897f\u6c5f\u5343\u6237\u82d7\u5be8-\u8354\u6ce2-\u9ed4\u4e1c\u5357-\u9547\u8fdc-\u9ec4\u679c\u6811-\u79d8\u5883\u8302\u5170\u6df1\u5ea6\u7eaf\u73a9\u4e5d\u65e5\u6e38","trade_status":"TRADE_SUCCESS","is_total_fee_adjust":"N","total_fee":"5130.00","gmt_payment":"2017-07-26 12:10:02","seller_email":"2287684289@qq.com","price":"5130.00","buyer_id":"2088012669063739","notify_id":"9a84b738c94be6ef1b2efe97f7cb044lmu","use_coupon":"N","sign_type":"MD5","sign":"a3e7c2d6646135e749fa41602105942c"}
[2017-07-26 12:10:03][info] 数据存储反馈成功！
[2017-07-26 12:10:03][info] success
[2017-07-26 12:10:03][info] 写入结束!!!
[2017-07-26 12:11:43][info] ----------------------------------------
[2017-07-26 12:11:43][info] {"discount":"0.00","payment_type":"1","trade_no":"2017072621001004930277094999","subject":"\u68a6\u4e2d\u5929\u5802","buyer_email":"13999308831","gmt_create":"2017-07-26 12:11:29","notify_type":"trade_status_sync","quantity":"1","out_trade_no":"LX-17071518382823806-9","seller_id":"2088421286007493","notify_time":"2017-07-26 12:11:43","body":"2017\u5e74\u7a3b\u57ce\u4e9a\u4e01-\u65b0\u90fd\u6865-\u4e39\u5df4-\u4e5d\u65e5\u6df1\u5ea6\u6e38","trade_status":"TRADE_SUCCESS","is_total_fee_adjust":"N","total_fee":"4770.00","gmt_payment":"2017-07-26 12:11:42","seller_email":"2287684289@qq.com","price":"4770.00","buyer_id":"2088502876625937","notify_id":"dfe576f52c5ef8eda5e623f75f956dbn6e","use_coupon":"N","sign_type":"MD5","sign":"f9b1bfb24af2362a794b319eef5f8fba"}
[2017-07-26 12:11:43][info] 数据存储反馈成功！
[2017-07-26 12:11:43][info] success
[2017-07-26 12:11:43][info] 写入结束!!!
[2017-07-26 12:49:03][info] ----------------------------------------
[2017-07-26 12:49:03][info] {"discount":"0.00","payment_type":"1","trade_no":"2017072621001004390236701151","subject":"\u7518\u5357\u5168\u666f","buyer_email":"wow5804551@sina.com","gmt_create":"2017-07-26 12:48:27","notify_type":"trade_status_sync","quantity":"1","out_trade_no":"LX-17072516284588001-f","seller_id":"2088421286007493","notify_time":"2017-07-26 12:49:02","body":"2017\u5e74\u72ec\u5bb6  \u62c9\u535c\u695e\u5bfa-\u624e\u5c15\u90a3-\u82b1\u6e56-\u5e74\u5b9d\u7389\u5219-\u82e5\u5c14\u76d6\u8349\u539f-\u963f\u4e07\u4ed3\u6e7f\u5730-\u5c15\u6d77\u6e56-\u90ce\u6728\u5bfa 8\u65e5\u6e38","trade_status":"TRADE_SUCCESS","is_total_fee_adjust":"N","total_fee":"12800.00","gmt_payment":"2017-07-26 12:49:02","seller_email":"2287684289@qq.com","price":"12800.00","buyer_id":"2088002522821394","notify_id":"90d778d28d7e55d5672edb3f464d02ej0e","use_coupon":"N","sign_type":"MD5","sign":"b784f7618be888904581a85bb8aa35f7"}
[2017-07-26 12:49:03][info] 数据存储反馈成功！
[2017-07-26 12:49:03][info] success
[2017-07-26 12:49:03][info] 写入结束!!!
[2017-07-26 13:31:18][info] ----------------------------------------
[2017-07-26 13:31:18][info] {"discount":"0.00","payment_type":"1","trade_no":"2017072621001004200244615093","subject":"\u65b0\u7586\u5168\u666f","buyer_email":"13658004137","gmt_create":"2017-07-26 13:30:29","notify_type":"trade_status_sync","quantity":"1","out_trade_no":"LX-17071016021283906-7","seller_id":"2088421286007493","notify_time":"2017-07-26 13:31:18","body":"\u5580\u7eb3\u65af-\u79be\u6728-\u8d5b\u91cc\u6728\u6e56-\u85b0\u8863\u8349\u519c\u573a-\u5580\u62c9\u5cfb-\u90a3\u62c9\u63d0-\u5df4\u97f3\u5e03\u9c81\u514b-\u6c5f\u5e03\u62c9\u514b-\u4e94\u5f69\u6ee9-\u5410\u9c81\u756a13\u65e5\u6e38","trade_status":"TRADE_SUCCESS","is_total_fee_adjust":"N","total_fee":"1500.00","gmt_payment":"2017-07-26 13:31:18","seller_email":"2287684289@qq.com","price":"1500.00","buyer_id":"2088802900200201","notify_id":"90516ae2f828ff654469d3f65d0c8a3hjm","use_coupon":"N","sign_type":"MD5","sign":"0a5d253dc2eab29bd06b3df8148e6d6f"}
[2017-07-26 13:31:19][info] 数据存储反馈成功！
[2017-07-26 13:31:19][info] success
[2017-07-26 13:31:19][info] 写入结束!!!
[2017-07-26 13:53:55][info] ----------------------------------------
[2017-07-26 13:53:55][info] {"discount":"0.00","payment_type":"1","trade_no":"2017072621001004710271697998","subject":"\u7518\u5357\u5168\u666f","buyer_email":"13997844816","gmt_create":"2017-07-26 13:52:12","notify_type":"trade_status_sync","quantity":"1","out_trade_no":"LX-17072613285212401-3","seller_id":"2088421286007493","notify_time":"2017-07-26 13:53:55","body":"2017\u5e74\u72ec\u5bb6  \u62c9\u535c\u695e\u5bfa-\u624e\u5c15\u90a3-\u82b1\u6e56-\u5e74\u5b9d\u7389\u5219-\u82e5\u5c14\u76d6\u8349\u539f-\u963f\u4e07\u4ed3\u6e7f\u5730-\u5c15\u6d77\u6e56-\u90ce\u6728\u5bfa 8\u65e5\u6e38","trade_status":"TRADE_SUCCESS","is_total_fee_adjust":"N","total_fee":"5360.00","gmt_payment":"2017-07-26 13:53:55","seller_email":"2287684289@qq.com","price":"5360.00","buyer_id":"2088012276563714","notify_id":"765cf2783abb02eaf1c070eb0643baclha","use_coupon":"N","sign_type":"MD5","sign":"894c5daac5cab0b170a669f5f8fc3260"}
[2017-07-26 13:53:56][info] 数据存储反馈成功！
[2017-07-26 13:53:56][info] success
[2017-07-26 13:53:56][info] 写入结束!!!
[2017-07-26 14:39:31][info] ----------------------------------------
[2017-07-26 14:39:31][info] {"discount":"0.00","payment_type":"1","trade_no":"2017072621001004320274856450","subject":"\u7518\u5357\u5168\u666f","buyer_email":"626097302@qq.com","gmt_create":"2017-07-26 14:37:41","notify_type":"trade_status_sync","quantity":"1","out_trade_no":"LX-170725134032601-3","seller_id":"2088421286007493","notify_time":"2017-07-26 14:39:31","body":"2017\u5e74\u72ec\u5bb6  \u62c9\u535c\u695e\u5bfa-\u624e\u5c15\u90a3-\u82b1\u6e56-\u5e74\u5b9d\u7389\u5219-\u82e5\u5c14\u76d6\u8349\u539f-\u963f\u4e07\u4ed3\u6e7f\u5730-\u5c15\u6d77\u6e56-\u90ce\u6728\u5bfa 8\u65e5\u6e38","trade_status":"TRADE_SUCCESS","is_total_fee_adjust":"N","total_fee":"15775.00","gmt_payment":"2017-07-26 14:39:31","seller_email":"2287684289@qq.com","price":"15775.00","buyer_id":"2088102086280324","notify_id":"414daa8ffee2ea089c365ed6401dba6igy","use_coupon":"N","sign_type":"MD5","sign":"218bdaf76e0bfd8e84830612d8b7c68b"}
[2017-07-26 14:39:32][info] 数据存储反馈成功！
[2017-07-26 14:39:32][info] success
[2017-07-26 14:39:32][info] 写入结束!!!
[2017-07-26 14:46:43][info] ----------------------------------------
[2017-07-26 14:46:43][info] {"discount":"0.00","payment_type":"1","trade_no":"2017072621001004500297037604","subject":"\u7518\u5357\u5168\u666f","buyer_email":"xiyangjingyu@163.com","gmt_create":"2017-07-26 14:46:34","notify_type":"trade_status_sync","quantity":"1","out_trade_no":"LX-1707261126502801-f","seller_id":"2088421286007493","notify_time":"2017-07-26 14:46:43","body":"2017\u5e74\u72ec\u5bb6  \u62c9\u535c\u695e\u5bfa-\u624e\u5c15\u90a3-\u82b1\u6e56-\u5e74\u5b9d\u7389\u5219-\u82e5\u5c14\u76d6\u8349\u539f-\u963f\u4e07\u4ed3\u6e7f\u5730-\u5c15\u6d77\u6e56-\u90ce\u6728\u5bfa 8\u65e5\u6e38","trade_status":"TRADE_SUCCESS","is_total_fee_adjust":"N","total_fee":"1640.00","gmt_payment":"2017-07-26 14:46:42","seller_email":"2287684289@qq.com","price":"1640.00","buyer_id":"2088002667148505","notify_id":"9dd852535be84547d422f334001a4ccjuy","use_coupon":"N","sign_type":"MD5","sign":"538ca068e5e5196825961593851e8c38"}
[2017-07-26 14:46:43][info] 数据存储反馈成功！
[2017-07-26 14:46:43][info] success
[2017-07-26 14:46:43][info] 写入结束!!!
[2017-07-26 15:11:36][info] ----------------------------------------
[2017-07-26 15:11:36][info] {"discount":"0.00","payment_type":"1","trade_no":"2017072621001004870262898978","subject":"\u5317\u7586\u91d1\u79cb\u7ecf\u5178\u73af\u7ebf","buyer_email":"592992419@qq.com","gmt_create":"2017-07-26 15:09:39","notify_type":"trade_status_sync","quantity":"1","out_trade_no":"LX-17072614494249201-9","seller_id":"2088421286007493","notify_time":"2017-07-26 15:11:36","body":"\u5580\u7eb3\u65af-\u767d\u54c8\u5df4-\u79be\u6728-\u4e94\u5f69\u6ee9-\u9b54\u9b3c\u57ce-\u53ef\u53ef\u6258\u6d77 9\u65e5\u6df1\u5ea6\u6e38","trade_status":"TRADE_SUCCESS","is_total_fee_adjust":"N","total_fee":"18420.00","gmt_payment":"2017-07-26 15:11:36","seller_email":"2287684289@qq.com","price":"18420.00","buyer_id":"2088702378136870","notify_id":"8c249aae19bce7f287e13750b28333cmpq","use_coupon":"N","sign_type":"MD5","sign":"46dd92f7b5bf770ba917f3cac9000ea7"}
[2017-07-26 15:11:36][info] 数据存储反馈成功！
[2017-07-26 15:11:36][info] success
[2017-07-26 15:11:36][info] 写入结束!!!
[2017-07-26 15:28:09][info] ----------------------------------------
[2017-07-26 15:28:09][info] {"discount":"0.00","payment_type":"1","trade_no":"2017072621001004220265082651","subject":"\u8d35\u5dde\u5168\u666f\u6e38","buyer_email":"632203952@qq.com","gmt_create":"2017-07-26 15:27:53","notify_type":"trade_status_sync","quantity":"1","out_trade_no":"LX-17071922071939506-7","seller_id":"2088421286007493","notify_time":"2017-07-26 15:28:09","body":"\u897f\u6c5f\u5343\u6237\u82d7\u5be8-\u8354\u6ce2-\u9ed4\u4e1c\u5357-\u9547\u8fdc-\u9ec4\u679c\u6811-\u79d8\u5883\u8302\u5170\u6df1\u5ea6\u7eaf\u73a9\u4e5d\u65e5\u6e38","trade_status":"TRADE_SUCCESS","is_total_fee_adjust":"N","total_fee":"3780.00","gmt_payment":"2017-07-26 15:28:08","seller_email":"2287684289@qq.com","price":"3780.00","buyer_id":"2088802771151222","notify_id":"f1159eb8626d98fab4e89173f764c90hp6","use_coupon":"N","sign_type":"MD5","sign":"606c0230c945c82d8f0ba7cf105903c6"}
[2017-07-26 15:28:09][info] 数据存储反馈成功！
[2017-07-26 15:28:09][info] success
[2017-07-26 15:28:09][info] 写入结束!!!
[2017-07-26 15:37:39][info] ----------------------------------------
[2017-07-26 15:37:39][info] {"discount":"0.00","payment_type":"1","trade_no":"2017072621001004110203100537","subject":"\u5317\u7586\u5dc5\u5cf0","buyer_email":"13822248323","gmt_create":"2017-07-26 15:37:27","notify_type":"trade_status_sync","quantity":"1","out_trade_no":"LX-17072614574615706-7","seller_id":"2088421286007493","notify_time":"2017-07-26 15:37:39","body":"\u79be\u672848\u5c0f\u65f6-\u5580\u7eb3\u65af-\u767d\u54c8\u5df4-\u4e94\u5f69\u6ee9-\u53cc\u53676\u65e5\u6e38","trade_status":"TRADE_SUCCESS","is_total_fee_adjust":"N","total_fee":"4690.00","gmt_payment":"2017-07-26 15:37:38","seller_email":"2287684289@qq.com","price":"4690.00","buyer_id":"2088812685419114","notify_id":"ec9012aedf7fa82da9423927a1c941dgum","use_coupon":"N","sign_type":"MD5","sign":"35e745e2ba5ff57a4b65d983b3622d17"}
[2017-07-26 15:37:39][info] 数据存储反馈成功！
[2017-07-26 15:37:39][info] success
[2017-07-26 15:37:39][info] 写入结束!!!
[2017-07-26 16:03:49][info] ----------------------------------------
[2017-07-26 16:03:49][info] {"discount":"0.00","payment_type":"1","trade_no":"2017072621001004950248216003","subject":"\u4e1d\u7ef8\u4e4b\u8def\u5168\u666f\u6e389\u65e5","buyer_email":"yurenxiao168@126.com","gmt_create":"2017-07-26 16:03:40","notify_type":"trade_status_sync","quantity":"1","out_trade_no":"LX-17072615480315701-6","seller_id":"2088421286007493","notify_time":"2017-07-26 16:03:49","body":"\u72ec\u5bb6\u6c34\u4e0a\u9b54\u9b3c\u57ce-\u65e0\u4eba\u533a\u539f\u751f\u6001\u96c5\u4e39\u63a2\u79d8-\u9752\u6d77\u6e56-\u8336\u5361\u76d0\u6e56-\u83ab\u9ad8\u7a9f-\u9e23\u6c99\u5c71\u6708\u7259\u6cc9-\u5f20\u6396\u4e39\u971e-\u5353\u5c14\u5c719\u65e5\u6e38","trade_status":"TRADE_SUCCESS","is_total_fee_adjust":"N","total_fee":"3780.00","gmt_payment":"2017-07-26 16:03:48","seller_email":"2287684289@qq.com","price":"3780.00","buyer_id":"2088102648421950","notify_id":"e9ed77cd1e72059627e02425cceb6f2nby","use_coupon":"N","sign_type":"MD5","sign":"9c0ba81c0abdfba94847abfccc959898"}
[2017-07-26 16:03:49][info] 数据存储反馈成功！
[2017-07-26 16:03:49][info] success
[2017-07-26 16:03:49][info] 写入结束!!!
[2017-07-26 16:31:16][info] ----------------------------------------
[2017-07-26 16:31:16][info] {"discount":"0.00","payment_type":"1","trade_no":"2017072621001004620267165160","subject":"\u5317\u7586\u5dc5\u5cf0","buyer_email":"anhunxia@163.com","gmt_create":"2017-07-26 16:31:08","notify_type":"trade_status_sync","quantity":"1","out_trade_no":"LX-17072615043812406-3","seller_id":"2088421286007493","notify_time":"2017-07-26 16:31:16","body":"\u79be\u672848\u5c0f\u65f6-\u5580\u7eb3\u65af-\u767d\u54c8\u5df4-\u4e94\u5f69\u6ee9-\u53cc\u53676\u65e5\u6e38","trade_status":"TRADE_SUCCESS","is_total_fee_adjust":"N","total_fee":"4690.00","gmt_payment":"2017-07-26 16:31:15","seller_email":"2287684289@qq.com","price":"4690.00","buyer_id":"2088002353962622","notify_id":"67655d67a87fd907de6b72c1a99c75fksa","use_coupon":"N","sign_type":"MD5","sign":"5fdd38447851a924cf0ed88a6631d935"}
[2017-07-26 16:31:16][info] 数据存储反馈成功！
[2017-07-26 16:31:16][info] success
[2017-07-26 16:31:16][info] 写入结束!!!
[2017-07-26 17:07:18][info] ----------------------------------------
[2017-07-26 17:07:18][info] {"discount":"0.00","payment_type":"1","trade_no":"2017072621001004160280484708","subject":"\u8d35\u5dde\u5168\u666f\u6e38","buyer_email":"a_niu117@qq.com","gmt_create":"2017-07-26 17:07:09","notify_type":"trade_status_sync","quantity":"1","out_trade_no":"LX-17072518555046406-a","seller_id":"2088421286007493","notify_time":"2017-07-26 17:07:18","body":"\u897f\u6c5f\u5343\u6237\u82d7\u5be8-\u8354\u6ce2-\u9ed4\u4e1c\u5357-\u9547\u8fdc-\u9ec4\u679c\u6811-\u79d8\u5883\u8302\u5170\u6df1\u5ea6\u7eaf\u73a9\u4e5d\u65e5\u6e38","trade_status":"TRADE_SUCCESS","is_total_fee_adjust":"N","total_fee":"1990.00","gmt_payment":"2017-07-26 17:07:17","seller_email":"2287684289@qq.com","price":"1990.00","buyer_id":"2088202861557163","notify_id":"92c2655361a668224628ad446e91391h8i","use_coupon":"N","sign_type":"MD5","sign":"4b2d72806efaaa01d61f6da62b3a48b9"}
[2017-07-26 17:07:18][info] 数据存储反馈成功！
[2017-07-26 17:07:18][info] success
[2017-07-26 17:07:18][info] 写入结束!!!
[2017-07-26 17:30:03][info] ----------------------------------------
[2017-07-26 17:30:03][info] {"discount":"0.00","payment_type":"1","trade_no":"2017072621001004420244282139","subject":"\u5317\u7586\u5dc5\u5cf0","buyer_email":"18022889388","gmt_create":"2017-07-26 17:29:36","notify_type":"trade_status_sync","quantity":"1","out_trade_no":"LX-1707261556214006-6","seller_id":"2088421286007493","notify_time":"2017-07-26 17:30:03","body":"\u79be\u672848\u5c0f\u65f6-\u5580\u7eb3\u65af-\u767d\u54c8\u5df4-\u4e94\u5f69\u6ee9-\u53cc\u53676\u65e5\u6e38","trade_status":"TRADE_SUCCESS","is_total_fee_adjust":"N","total_fee":"3700.00","gmt_payment":"2017-07-26 17:30:03","seller_email":"2287684289@qq.com","price":"3700.00","buyer_id":"2088522420392425","notify_id":"fe1d7e479e9b1b17b94e9abe921bc08j8q","use_coupon":"N","sign_type":"MD5","sign":"09008402c8375fc533e4e075762d08a3"}
[2017-07-26 17:30:03][info] 数据存储反馈成功！
[2017-07-26 17:30:03][info] success
[2017-07-26 17:30:03][info] 写入结束!!!
[2017-07-26 18:16:07][info] ----------------------------------------
[2017-07-26 18:16:07][info] {"discount":"0.00","payment_type":"1","trade_no":"2017072621001004310220501906","subject":"\u5317\u7586\u5dc5\u5cf0","buyer_email":"13112291320","gmt_create":"2017-07-26 18:15:41","notify_type":"trade_status_sync","quantity":"1","out_trade_no":"LX-17072617562595406-a","seller_id":"2088421286007493","notify_time":"2017-07-26 18:16:07","body":"\u79be\u672848\u5c0f\u65f6-\u5580\u7eb3\u65af-\u767d\u54c8\u5df4-\u4e94\u5f69\u6ee9-\u53cc\u53676\u65e5\u6e38","trade_status":"TRADE_SUCCESS","is_total_fee_adjust":"N","total_fee":"4690.00","gmt_payment":"2017-07-26 18:16:06","seller_email":"2287684289@qq.com","price":"4690.00","buyer_id":"2088222535798317","notify_id":"5be67a87f9fcdf58944bc404e20cd87ie6","use_coupon":"N","sign_type":"MD5","sign":"c672207bb657650e52dc7ac86758c4ce"}
[2017-07-26 18:16:07][info] 数据存储反馈成功！
[2017-07-26 18:16:07][info] success
[2017-07-26 18:16:07][info] 写入结束!!!
[2017-07-26 21:53:01][info] ----------------------------------------
[2017-07-26 21:53:01][info] {"discount":"0.00","payment_type":"1","trade_no":"2017042421001004940244836847","subject":"\u5fbd\u676d\u53e4\u90531\u65e5\u5f92\u6b65","buyer_email":"416183136@qq.com","gmt_create":"2017-04-24 21:51:31","notify_type":"trade_status_sync","quantity":"1","out_trade_no":"LX-17042207094132006-6","seller_id":"2088421286007493","notify_time":"2017-07-26 21:53:01","body":"2017\u5168\u5e74\u8ba1\u5212\uff1a\u8f7b\u88c5\u5355\u65e5\u5f92\u6b65\u7a7f\u8d8a\uff0c\u72ec\u5bb6\u7b56\u5212\u2014\u2014\u7528\u201c\u6362\u5ba2\u201d\u884c\u4e3a\u4eb2\u8eab\u4f53\u4f1a\u53e4\u7ecf\u5546\u4e4b\u9053\uff08\u514d\u8d39\u63d0\u4f9b\u767b\u5c71\u6756\uff0c\u7ec4\u7ec7\u6237\u5916\u91ce\u708a\uff09","trade_status":"TRADE_FINISHED","is_total_fee_adjust":"N","total_fee":"190.00","gmt_payment":"2017-04-24 21:52:14","seller_email":"2287684289@qq.com","gmt_close":"2017-07-26 21:53:00","price":"190.00","buyer_id":"2088102427545949","notify_id":"fc15f0f618e4ddcde608d5f7fd9aefcn96","use_coupon":"N","sign_type":"MD5","sign":"ef8f5f3de85de575e3182261fc1d392f"}
[2017-07-26 21:53:01][info] 数据存储反馈成功！
[2017-07-26 21:53:01][info] success
[2017-07-26 21:53:01][info] 写入结束!!!
