[2017-06-08 08:58:24][info] ----------------------------------------
[2017-06-08 08:58:24][info] {"discount":"0.00","payment_type":"1","subject":"\u7518\u5357\u5168\u666f","trade_no":"2017060821001004860293642773","buyer_email":"13313213232","gmt_create":"2017-06-08 08:58:09","notify_type":"trade_status_sync","quantity":"1","out_trade_no":"LX-17060719242973306-8","seller_id":"2088421286007493","notify_time":"2017-06-08 08:58:23","body":"2017\u5e74\u72ec\u5bb6  \u516b\u89d2\u57ce-\u624e\u5c15\u90a3-\u82b1\u6e56-\u5e74\u5b9d\u7389\u5219-\u82e5\u5c14\u76d6\u8349\u539f-\u963f\u4e07\u4ed3\u6e7f\u5730-\u90ce\u6728\u5bfa 8\u65e5\u6e38","trade_status":"TRADE_SUCCESS","is_total_fee_adjust":"N","total_fee":"6800.00","gmt_payment":"2017-06-08 08:58:23","seller_email":"2287684289@qq.com","price":"6800.00","buyer_id":"2088402745831866","notify_id":"f6cf9b51b7997f635497c05590768dammy","use_coupon":"N","sign_type":"MD5","sign":"738ea82419e2c39b318f6f76ebe91b3e"}
[2017-06-08 08:58:24][info] 数据存储反馈成功！
[2017-06-08 08:58:24][info] success
[2017-06-08 08:58:24][info] 写入结束!!!
[2017-06-08 10:49:28][info] ----------------------------------------
[2017-06-08 10:49:28][info] {"discount":"0.00","payment_type":"1","subject":"\u65b0\u7586\u5168\u666f","trade_no":"2017060821001004040267523461","buyer_email":"18907325198","gmt_create":"2017-06-08 10:49:14","notify_type":"trade_status_sync","quantity":"1","out_trade_no":"LX-17042719191142006-3","seller_id":"2088421286007493","notify_time":"2017-06-08 10:49:28","body":"\u6c5f\u5e03\u62c9\u514b-\u4e94\u5f69\u6ee9-\u5580\u7eb3\u65af-\u79be\u6728-\u8d5b\u91cc\u6728\u6e56-\u85b0\u8863\u8349\u519c\u573a-\u5580\u62c9\u5cfb-\u90a3\u62c9\u63d0-\u5df4\u97f3\u5e03\u9c81\u514b-\u5410\u9c81\u756a13\u65e5\u6e38","trade_status":"TRADE_SUCCESS","is_total_fee_adjust":"N","total_fee":"2590.00","gmt_payment":"2017-06-08 10:49:28","seller_email":"2287684289@qq.com","price":"2590.00","buyer_id":"2088412919265041","notify_id":"f29da998ca571ee197a9966218d06abgb6","use_coupon":"N","sign_type":"MD5","sign":"a29f5627f42d893313430d5c98a92997"}
[2017-06-08 10:49:29][info] 数据存储反馈成功！
[2017-06-08 10:49:29][info] success
[2017-06-08 10:49:29][info] 写入结束!!!
[2017-06-08 10:51:44][info] ----------------------------------------
[2017-06-08 10:51:44][info] {"discount":"0.00","payment_type":"1","subject":"\u65b0\u7586\u5168\u666f","trade_no":"2017060821001004040267523594","buyer_email":"18907325198","gmt_create":"2017-06-08 10:51:19","notify_type":"trade_status_sync","quantity":"1","out_trade_no":"LX-17042613031817306-5","seller_id":"2088421286007493","notify_time":"2017-06-08 10:51:44","body":"\u6c5f\u5e03\u62c9\u514b-\u4e94\u5f69\u6ee9-\u5580\u7eb3\u65af-\u79be\u6728-\u8d5b\u91cc\u6728\u6e56-\u85b0\u8863\u8349\u519c\u573a-\u5580\u62c9\u5cfb-\u90a3\u62c9\u63d0-\u5df4\u97f3\u5e03\u9c81\u514b-\u5410\u9c81\u756a13\u65e5\u6e38","trade_status":"TRADE_SUCCESS","is_total_fee_adjust":"N","total_fee":"7770.00","gmt_payment":"2017-06-08 10:51:44","seller_email":"2287684289@qq.com","price":"7770.00","buyer_id":"2088412919265041","notify_id":"656619018d3a0dfdc877e77ba479c78gb6","use_coupon":"N","sign_type":"MD5","sign":"46056bef7d19ee8aa3b884281c6775a3"}
[2017-06-08 10:51:45][info] 数据存储反馈成功！
[2017-06-08 10:51:45][info] success
[2017-06-08 10:51:45][info] 写入结束!!!
[2017-06-08 11:42:46][info] ----------------------------------------
[2017-06-08 11:42:46][info] {"discount":"0.00","payment_type":"1","subject":"\u65b0\u7586\u62fe\u5149\u5168\u666f\u5199\u771f\u65c5\u884c","trade_no":"2017060821001004350248348213","buyer_email":"13639283190","gmt_create":"2017-06-08 11:42:30","notify_type":"trade_status_sync","quantity":"1","out_trade_no":"LX-17060811033019306-d","seller_id":"2088421286007493","notify_time":"2017-06-08 11:42:46","body":"\u4e4c\u9c81\u6728\u9f50-\u4e94\u5f69\u6ee9-\u5e03\u5c14\u6d25-\u5580\u7eb3\u65af-\u79be\u6728-\u9b54\u9b3c\u57ce-\u8d5b\u91cc\u6728\u6e56-\u89e3\u5fe7\u516c\u4e3b\u85b0\u8863\u8349\u519c\u573a-\u5580\u62c9\u5cfb-\u5df4\u97f3\u5e03\u9c81\u514b-\u535a\u65af\u817e\u6e56-\u5e93\u6728\u5854\u683c\u6c99\u6f2014\u65e5\u6e38","trade_status":"TRADE_SUCCESS","is_total_fee_adjust":"N","total_fee":"5880.00","gmt_payment":"2017-06-08 11:42:46","seller_email":"2287684289@qq.com","price":"5880.00","buyer_id":"2088702290817354","notify_id":"f9c218f23501676302e083a24380e67ipa","use_coupon":"N","sign_type":"MD5","sign":"0464d2eb9313c55fbd294bccc3fc7593"}
[2017-06-08 11:42:46][info] 数据存储反馈成功！
[2017-06-08 11:42:46][info] success
[2017-06-08 11:42:46][info] 写入结束!!!
[2017-06-08 14:08:11][info] ----------------------------------------
[2017-06-08 14:08:11][info] {"discount":"0.00","payment_type":"1","subject":"\u6625\u5230\u5ddd\u85cf","trade_no":"2017030921001004340210710471","buyer_email":"13711340186","gmt_create":"2017-03-09 14:07:05","notify_type":"trade_status_sync","quantity":"1","out_trade_no":"LX-17022214375936001-9","seller_id":"2088421286007493","notify_time":"2017-06-08 14:08:11","body":"2017\u5e74\u4e39\u5df4\u68a8\u82b1-\u6797\u829d\u6843\u82b1\u6c9f-\u6ce2\u5bc6\u560e\u6717\u6751\u5ddd\u85cf\u6625\u5b63\u9876\u7ea7\u8d4f\u82b111\u65e5\u6df1\u5ea6\u6e38","trade_status":"TRADE_FINISHED","is_total_fee_adjust":"N","total_fee":"2990.00","gmt_payment":"2017-03-09 14:07:25","seller_email":"2287684289@qq.com","gmt_close":"2017-06-08 14:08:11","price":"2990.00","buyer_id":"2088602323641340","notify_id":"6fa33b491699a289a5a3524352e6530imi","use_coupon":"N","sign_type":"MD5","sign":"2abc04325eca977d91ecdb9d059f5c19"}
[2017-06-08 14:08:11][info] 数据存储反馈成功！
[2017-06-08 14:08:11][info] success
[2017-06-08 14:08:11][info] 写入结束!!!
[2017-06-08 14:13:09][info] ----------------------------------------
[2017-06-08 14:13:09][info] {"discount":"0.00","payment_type":"1","subject":"\u6625\u5230\u5ddd\u85cf","trade_no":"2017030921001004520241938047","buyer_email":"carv@163.com","gmt_create":"2017-03-09 14:12:20","notify_type":"trade_status_sync","quantity":"1","out_trade_no":"LX-17030221331912606-4","seller_id":"2088421286007493","notify_time":"2017-06-08 14:13:09","body":"2017\u5e74\u4e39\u5df4\u68a8\u82b1-\u6797\u829d\u6843\u82b1\u6c9f-\u6ce2\u5bc6\u560e\u6717\u6751\u5ddd\u85cf\u6625\u5b63\u9876\u7ea7\u8d4f\u82b111\u65e5\u6df1\u5ea6\u6e38","trade_status":"TRADE_FINISHED","is_total_fee_adjust":"N","total_fee":"2990.00","gmt_payment":"2017-03-09 14:12:31","seller_email":"2287684289@qq.com","gmt_close":"2017-06-08 14:13:09","price":"2990.00","buyer_id":"2088002463895522","notify_id":"87d7f78db9a80c2c6f3fc772c52bc25k0i","use_coupon":"N","sign_type":"MD5","sign":"5e966c06c799abba5ffecdd38b90a08a"}
[2017-06-08 14:13:09][info] 数据存储反馈成功！
[2017-06-08 14:13:09][info] success
[2017-06-08 14:13:09][info] 写入结束!!!
[2017-06-08 16:46:26][info] ----------------------------------------
[2017-06-08 16:46:26][info] {"discount":"0.00","payment_type":"1","subject":"\u884c\u6444\u7518\u5357","trade_no":"2017060821001004310232468249","buyer_email":"13808874238","gmt_create":"2017-06-08 16:46:11","notify_type":"trade_status_sync","quantity":"1","out_trade_no":"LX-1706081519399201-e","seller_id":"2088421286007493","notify_time":"2017-06-08 16:46:26","body":"2017\u5e74\u5e74\u5b9d\u7389\u5219-\u624e\u5c15\u90a3-\u90ce\u6728\u5bfa-\u5510\u514b-\u62c9\u535c\u695e\u5bfa-\u82e5\u5c14\u76d6\u4e5d\u65e5\u6444\u5f71\u6e38-\u9886\u8896\u6237\u5916\u72ec\u5bb6\u7ebf\u8def","trade_status":"TRADE_SUCCESS","is_total_fee_adjust":"N","total_fee":"3580.00","gmt_payment":"2017-06-08 16:46:26","seller_email":"2287684289@qq.com","price":"3580.00","buyer_id":"2088422632457315","notify_id":"7a1828a60227e05afe084b3218c76beie6","use_coupon":"N","sign_type":"MD5","sign":"273fc28016cb6ec310de37b59e30a8a2"}
[2017-06-08 16:46:27][info] 数据存储反馈成功！
[2017-06-08 16:46:27][info] success
[2017-06-08 16:46:27][info] 写入结束!!!
[2017-06-08 18:21:04][info] ----------------------------------------
[2017-06-08 18:21:04][info] {"discount":"0.00","payment_type":"1","subject":"\u884c\u6444\u7518\u5357","trade_no":"2017060821001004930290527850","buyer_email":"1109757778@qq.com","gmt_create":"2017-06-08 18:13:31","notify_type":"trade_status_sync","quantity":"1","out_trade_no":"LX-17060619115934201-7","seller_id":"2088421286007493","notify_time":"2017-06-08 18:21:03","body":"2017\u5e74\u5e74\u5b9d\u7389\u5219-\u624e\u5c15\u90a3-\u90ce\u6728\u5bfa-\u5510\u514b-\u62c9\u535c\u695e\u5bfa-\u82e5\u5c14\u76d6\u4e5d\u65e5\u6444\u5f71\u6e38-\u9886\u8896\u6237\u5916\u72ec\u5bb6\u7ebf\u8def","trade_status":"TRADE_SUCCESS","is_total_fee_adjust":"N","total_fee":"3480.00","gmt_payment":"2017-06-08 18:21:03","seller_email":"2287684289@qq.com","price":"3480.00","buyer_id":"2088702049746935","notify_id":"06e72ec49f6e84cda8c3461bfc21301n6e","use_coupon":"N","sign_type":"MD5","sign":"cb8e52bcf5fea96a09707e4165dc4b15"}
[2017-06-08 18:21:04][info] 数据存储反馈成功！
[2017-06-08 18:21:04][info] success
[2017-06-08 18:21:04][info] 写入结束!!!
