[2017-07-08 09:17:28][info] ----------------------------------------
[2017-07-08 09:17:28][info] {"discount":"0.00","payment_type":"1","trade_no":"2017070821001004510219742241","subject":"\u65b0\u7586\u5168\u666f","buyer_email":"15298468387","gmt_create":"2017-07-08 09:17:18","notify_type":"trade_status_sync","quantity":"1","out_trade_no":"LX-17070807211461406-5","seller_id":"2088421286007493","notify_time":"2017-07-08 09:17:28","body":"\u6c5f\u5e03\u62c9\u514b-\u4e94\u5f69\u6ee9-\u5580\u7eb3\u65af-\u79be\u6728-\u8d5b\u91cc\u6728\u6e56-\u85b0\u8863\u8349\u519c\u573a-\u5580\u62c9\u5cfb-\u90a3\u62c9\u63d0-\u5df4\u97f3\u5e03\u9c81\u514b-\u5410\u9c81\u756a13\u65e5\u6e38","trade_status":"TRADE_SUCCESS","is_total_fee_adjust":"N","total_fee":"2650.00","gmt_payment":"2017-07-08 09:17:27","seller_email":"2287684289@qq.com","price":"2650.00","buyer_id":"2088902934794519","notify_id":"7bad2dfbe4bf437cff8bd95b44e1d6djxq","use_coupon":"N","sign_type":"MD5","sign":"b821e41037bcaabf8f2af4987a8ab82f"}
[2017-07-08 09:17:28][info] 数据存储反馈成功！
[2017-07-08 09:17:28][info] success
[2017-07-08 09:17:28][info] 写入结束!!!
[2017-07-08 10:06:43][info] ----------------------------------------
[2017-07-08 10:06:43][info] {"discount":"0.00","payment_type":"1","trade_no":"2017070821001004000248593286","subject":"\u4e1d\u7ef8\u4e4b\u8def\u5168\u666f\u6e389\u65e5","buyer_email":"linglingonlylove@163.com","gmt_create":"2017-07-08 10:06:31","notify_type":"trade_status_sync","quantity":"1","out_trade_no":"LX-17070723042993801-a","seller_id":"2088421286007493","notify_time":"2017-07-08 10:06:43","body":"\u5170\u5dde-\u5854\u5c14\u5bfa-\u9752\u6d77\u6e56-\u8336\u5361\u76d0\u6e56-\u6c34\u4e0a\u9b54\u9b3c\u57ce-\u83ab\u9ad8\u7a9f-\u9e23\u6c99\u5c71\u6708\u7259\u6cc9-\u5f20\u6396\u4e39\u971e-\u5353\u5c14\u5c719\u65e5\u6e38","trade_status":"TRADE_SUCCESS","is_total_fee_adjust":"N","total_fee":"4770.00","gmt_payment":"2017-07-08 10:06:43","seller_email":"2287684289@qq.com","price":"4770.00","buyer_id":"2088002104921005","notify_id":"89f6416e907952eabe9d606b128a4a0g02","use_coupon":"N","sign_type":"MD5","sign":"3f720147bd19da4bf9bd52ac8c281b52"}
[2017-07-08 10:06:43][info] 数据存储反馈成功！
[2017-07-08 10:06:43][info] success
[2017-07-08 10:06:43][info] 写入结束!!!
[2017-07-08 10:22:07][info] ----------------------------------------
[2017-07-08 10:22:07][info] {"discount":"0.00","payment_type":"1","trade_no":"2017070821001004940291819561","subject":"\u4e1d\u8def\u5dc5\u5cf0\u4f53\u9a8c\u5341\u65e5\u6e38","buyer_email":"flyy1976fyc@yahoo.com.cn","gmt_create":"2017-07-08 10:21:56","notify_type":"trade_status_sync","quantity":"1","out_trade_no":"LX-1706141319089501-6","seller_id":"2088421286007493","notify_time":"2017-07-08 10:22:07","body":"\u6c99\u5c9b-\u9752\u6d77\u6e56-\u8336\u5361\u76d0\u6e56-\u7941\u8fde-\u5f20\u6396-\u5609\u5cea\u5173-\u6566\u714c\u5341\u65e5\u6e38","trade_status":"TRADE_SUCCESS","is_total_fee_adjust":"N","total_fee":"570.00","gmt_payment":"2017-07-08 10:22:06","seller_email":"2287684289@qq.com","price":"570.00","buyer_id":"2088002200623948","notify_id":"c4bbf99d2860863b6cd9b8682856f00n96","use_coupon":"N","sign_type":"MD5","sign":"805799b5e40fc1ca0750f38e335181fe"}
[2017-07-08 10:22:07][info] 数据存储反馈成功！
[2017-07-08 10:22:07][info] success
[2017-07-08 10:22:07][info] 写入结束!!!
[2017-07-08 12:05:39][info] ----------------------------------------
[2017-07-08 12:05:39][info] {"discount":"0.00","payment_type":"1","trade_no":"2017070821001004650253826056","subject":"\u7518\u5357\u5168\u666f","buyer_email":"lou2502@163.com","gmt_create":"2017-07-08 12:04:56","notify_type":"trade_status_sync","quantity":"1","out_trade_no":"LX-17070811381679206-6","seller_id":"2088421286007493","notify_time":"2017-07-08 12:05:39","body":"2017\u5e74\u72ec\u5bb6  \u62c9\u535c\u695e\u5bfa-\u624e\u5c15\u90a3-\u82b1\u6e56-\u5e74\u5b9d\u7389\u5219-\u82e5\u5c14\u76d6\u8349\u539f-\u963f\u4e07\u4ed3\u6e7f\u5730-\u5c15\u6d77\u6e56-\u90ce\u6728\u5bfa 8\u65e5\u6e38","trade_status":"TRADE_SUCCESS","is_total_fee_adjust":"N","total_fee":"6560.00","gmt_payment":"2017-07-08 12:05:39","seller_email":"2287684289@qq.com","price":"6560.00","buyer_id":"2088102430160652","notify_id":"7cc078345de94a876e0f442c0c5ca6cl0m","use_coupon":"N","sign_type":"MD5","sign":"87e4681bf2caed432c4b92b9c04b93d6"}
[2017-07-08 12:05:40][info] 数据存储反馈成功！
[2017-07-08 12:05:40][info] success
[2017-07-08 12:05:40][info] 写入结束!!!
[2017-07-08 14:04:49][info] ----------------------------------------
[2017-07-08 14:04:49][info] {"discount":"0.00","payment_type":"1","trade_no":"2017070821001004020266756534","subject":"\u4e1d\u8def\u5dc5\u5cf0\u4f53\u9a8c\u4e5d\u65e5\u6e38B\u7ebf","buyer_email":"marimo-217@163.com","gmt_create":"2017-07-08 14:04:39","notify_type":"trade_status_sync","quantity":"1","out_trade_no":"LX-17070811192371506-7","seller_id":"2088421286007493","notify_time":"2017-07-08 14:04:49","body":"\u6566\u714c-\u9e23\u6c99\u5c71\u6708\u7259\u6cc9-\u83ab\u9ad8\u7a9f-\u96c5\u4e39\u9b54\u9b3c\u57ce-\u5609\u5cea\u5173-\u5f20\u6396\u4e39\u971e-\u9a6c\u8e44\u5bfa-\u5353\u5c14\u5c71-\u8336\u5361\u76d0\u6e56-\u9752\u6d77\u6e569\u65e5\u6e38","trade_status":"TRADE_SUCCESS","is_total_fee_adjust":"N","total_fee":"4080.00","gmt_payment":"2017-07-08 14:04:49","seller_email":"2287684289@qq.com","price":"4080.00","buyer_id":"2088002737689026","notify_id":"551b781896bfb3f098be9c88d74b26dg5m","use_coupon":"N","sign_type":"MD5","sign":"c6eff5d5a1ed6ce59644ccd9d8211bcb"}
[2017-07-08 14:04:50][info] 数据存储反馈成功！
[2017-07-08 14:04:50][info] success
[2017-07-08 14:04:50][info] 写入结束!!!
[2017-07-08 15:20:06][info] ----------------------------------------
[2017-07-08 15:20:06][info] {"discount":"0.00","payment_type":"1","trade_no":"2017070821001004420212346709","subject":"\u4e1d\u7ef8\u4e4b\u8def\u7ecf\u5178\u4e5d\u65e5","buyer_email":"13607132101","gmt_create":"2017-07-08 15:19:53","notify_type":"trade_status_sync","quantity":"1","out_trade_no":"LX-17062517194046801-a","seller_id":"2088421286007493","notify_time":"2017-07-08 15:20:05","body":"\u6c99\u5c9b-\u9752\u6d77\u6e56-\u8336\u5361\u76d0\u6e56-\u5353\u5c14\u5c71-\u5f20\u6396\u4e39\u971e-\u5609\u5cea\u5173-\u6566\u714c9\u65e5\u6e38","trade_status":"TRADE_SUCCESS","is_total_fee_adjust":"N","total_fee":"8790.00","gmt_payment":"2017-07-08 15:20:05","seller_email":"2287684289@qq.com","price":"8790.00","buyer_id":"2088702723723421","notify_id":"217bc21777a125ec5b573f1d9eb920aj8q","use_coupon":"N","sign_type":"MD5","sign":"60a6221f63ae4002ee6ce3930b5a238f"}
[2017-07-08 15:20:06][info] 数据存储反馈成功！
[2017-07-08 15:20:06][info] success
[2017-07-08 15:20:06][info] 写入结束!!!
[2017-07-08 15:44:09][info] ----------------------------------------
[2017-07-08 15:44:09][info] {"discount":"0.00","payment_type":"1","trade_no":"2017070821001004500265456323","subject":"\u7518\u5357\u5168\u666f","buyer_email":"13797027356","gmt_create":"2017-07-08 15:43:42","notify_type":"trade_status_sync","quantity":"1","out_trade_no":"LX-17070312412951101-f","seller_id":"2088421286007493","notify_time":"2017-07-08 15:44:09","body":"2017\u5e74\u72ec\u5bb6  \u62c9\u535c\u695e\u5bfa-\u624e\u5c15\u90a3-\u82b1\u6e56-\u5e74\u5b9d\u7389\u5219-\u82e5\u5c14\u76d6\u8349\u539f-\u963f\u4e07\u4ed3\u6e7f\u5730-\u5c15\u6d77\u6e56-\u90ce\u6728\u5bfa 8\u65e5\u6e38","trade_status":"TRADE_SUCCESS","is_total_fee_adjust":"N","total_fee":"9840.00","gmt_payment":"2017-07-08 15:44:08","seller_email":"2287684289@qq.com","price":"9840.00","buyer_id":"2088022763040501","notify_id":"257c154bff267fa16afe99a5965be44juy","use_coupon":"N","sign_type":"MD5","sign":"54a20c88b997ac8f885a772fe0572768"}
[2017-07-08 15:44:09][info] 数据存储反馈成功！
[2017-07-08 15:44:09][info] success
[2017-07-08 15:44:09][info] 写入结束!!!
[2017-07-08 17:37:46][info] ----------------------------------------
[2017-07-08 17:37:46][info] {"discount":"0.00","payment_type":"1","trade_no":"2017070821001004240222927231","subject":"\u4e1d\u8def\u5dc5\u5cf0\u4f53\u9a8c\u5341\u65e5\u6e38","buyer_email":"xiaohong2000@126.com","gmt_create":"2017-07-08 17:36:59","notify_type":"trade_status_sync","quantity":"1","out_trade_no":"LX-17051221372112406-9","seller_id":"2088421286007493","notify_time":"2017-07-08 17:37:45","body":"\u6c99\u5c9b-\u9752\u6d77\u6e56-\u8336\u5361\u76d0\u6e56-\u7941\u8fde-\u5f20\u6396-\u5609\u5cea\u5173-\u6566\u714c\u5341\u65e5\u6e38","trade_status":"TRADE_SUCCESS","is_total_fee_adjust":"N","total_fee":"15536.00","gmt_payment":"2017-07-08 17:37:45","seller_email":"2287684289@qq.com","price":"15536.00","buyer_id":"2088002900274244","notify_id":"6426f74ca6be82421d7bfa3dd37defahuq","use_coupon":"N","sign_type":"MD5","sign":"8eb5ba8dd5c6bdb1ea9a63b682aab709"}
[2017-07-08 17:37:46][info] 数据存储反馈成功！
[2017-07-08 17:37:46][info] success
[2017-07-08 17:37:46][info] 写入结束!!!
[2017-07-08 20:02:57][info] ----------------------------------------
[2017-07-08 20:02:57][info] {"discount":"0.00","payment_type":"1","trade_no":"2017040821001004640242302703","subject":"\u65e9\u6625\u65b0\u7586","buyer_email":"philips_dealer@sina.com","gmt_create":"2017-04-08 20:02:14","notify_type":"trade_status_sync","quantity":"1","out_trade_no":"LX-17032720204997406-9","seller_id":"2088421286007493","notify_time":"2017-07-08 20:02:56","body":"\u4f0a\u7281\u674f\u82b1\u6c9f-\u7ea2\u5c71\u5927\u5ce1\u8c37-\u8d5b\u91cc\u6728\u6e56-\u5e93\u6728\u5854\u683c\u6c99\u6f208\u65e5\u6df1\u5ea6\u6e38","trade_status":"TRADE_FINISHED","is_total_fee_adjust":"N","total_fee":"7160.00","gmt_payment":"2017-04-08 20:02:42","seller_email":"2287684289@qq.com","gmt_close":"2017-07-08 20:02:56","price":"7160.00","buyer_id":"2088002014850640","notify_id":"9dc0e95f86bd4b124d9122e823a6782kxu","use_coupon":"N","sign_type":"MD5","sign":"4208882343b69a67a16ae2de7c3362b9"}
[2017-07-08 20:02:57][info] 数据存储反馈成功！
[2017-07-08 20:02:57][info] success
[2017-07-08 20:02:57][info] 写入结束!!!
[2017-07-08 21:53:01][info] ----------------------------------------
[2017-07-08 21:53:01][info] {"discount":"0.00","payment_type":"1","trade_no":"2017070821001004470222827221","subject":"\u4e1d\u7ef8\u4e4b\u8def\u5168\u666f\u6e389\u65e5","buyer_email":"543845890@qq.com","gmt_create":"2017-07-08 21:52:08","notify_type":"trade_status_sync","quantity":"1","out_trade_no":"LX-17070722271236506-5","seller_id":"2088421286007493","notify_time":"2017-07-08 21:53:01","body":"\u72ec\u5bb6\u6c34\u4e0a\u9b54\u9b3c\u57ce-\u65e0\u4eba\u533a\u539f\u751f\u6001\u96c5\u4e39\u63a2\u79d8-\u9752\u6d77\u6e56-\u8336\u5361\u76d0\u6e56-\u83ab\u9ad8\u7a9f-\u9e23\u6c99\u5c71\u6708\u7259\u6cc9-\u5f20\u6396\u4e39\u971e-\u5353\u5c14\u5c719\u65e5\u6e38","trade_status":"TRADE_SUCCESS","is_total_fee_adjust":"N","total_fee":"11340.00","gmt_payment":"2017-07-08 21:53:01","seller_email":"2287684289@qq.com","price":"11340.00","buyer_id":"2088602204392471","notify_id":"fc7fea713e4e16a2387e39c06a82f07jmm","use_coupon":"N","sign_type":"MD5","sign":"1451f4b6c344521fea4209d754ede9ac"}
[2017-07-08 21:53:02][info] 数据存储反馈成功！
[2017-07-08 21:53:02][info] success
[2017-07-08 21:53:02][info] 写入结束!!!
