[2017-07-22 06:36:58][info] ----------------------------------------
[2017-07-22 06:36:58][info] {"discount":"0.00","payment_type":"1","trade_no":"2017072221001004090233378083","subject":"\u4e1d\u7ef8\u4e4b\u8def\u5168\u666f\u6e389\u65e5","buyer_email":"llysina@163.com","gmt_create":"2017-07-22 06:35:35","notify_type":"trade_status_sync","quantity":"1","out_trade_no":"LX-17072114395229306-0","seller_id":"2088421286007493","notify_time":"2017-07-22 06:36:58","body":"\u72ec\u5bb6\u6c34\u4e0a\u9b54\u9b3c\u57ce-\u65e0\u4eba\u533a\u539f\u751f\u6001\u96c5\u4e39\u63a2\u79d8-\u9752\u6d77\u6e56-\u8336\u5361\u76d0\u6e56-\u83ab\u9ad8\u7a9f-\u9e23\u6c99\u5c71\u6708\u7259\u6cc9-\u5f20\u6396\u4e39\u971e-\u5353\u5c14\u5c719\u65e5\u6e38","trade_status":"TRADE_SUCCESS","is_total_fee_adjust":"N","total_fee":"13320.00","gmt_payment":"2017-07-22 06:36:58","seller_email":"2287684289@qq.com","price":"13320.00","buyer_id":"2088102310397097","notify_id":"ab7c937000c9614cac3b1389776059bgp2","use_coupon":"N","sign_type":"MD5","sign":"cb7587cfb467b179e68025d6ca1b396d"}
[2017-07-22 06:36:58][info] 数据存储反馈成功！
[2017-07-22 06:36:58][info] success
[2017-07-22 06:36:58][info] 写入结束!!!
[2017-07-22 10:42:52][info] ----------------------------------------
[2017-07-22 10:42:52][info] {"discount":"0.00","payment_type":"1","trade_no":"2017072221001004620259615971","subject":"\u7518\u5357\u5168\u666f","buyer_email":"13509689641","gmt_create":"2017-07-22 10:42:42","notify_type":"trade_status_sync","quantity":"1","out_trade_no":"LX-17072122355449606-8","seller_id":"2088421286007493","notify_time":"2017-07-22 10:42:52","body":"2017\u5e74\u72ec\u5bb6  \u62c9\u535c\u695e\u5bfa-\u624e\u5c15\u90a3-\u82b1\u6e56-\u5e74\u5b9d\u7389\u5219-\u82e5\u5c14\u76d6\u8349\u539f-\u963f\u4e07\u4ed3\u6e7f\u5730-\u5c15\u6d77\u6e56-\u90ce\u6728\u5bfa 8\u65e5\u6e38","trade_status":"TRADE_SUCCESS","is_total_fee_adjust":"N","total_fee":"4920.00","gmt_payment":"2017-07-22 10:42:51","seller_email":"2287684289@qq.com","price":"4920.00","buyer_id":"2088622800661629","notify_id":"4e9a1533cac508db0367137ba3b65b5ksa","use_coupon":"N","sign_type":"MD5","sign":"35aa7f6f530b0df3bcd2eac43e3b463f"}
[2017-07-22 10:42:52][info] 数据存储反馈成功！
[2017-07-22 10:42:52][info] success
[2017-07-22 10:42:52][info] 写入结束!!!
[2017-07-22 11:18:18][info] ----------------------------------------
[2017-07-22 11:18:18][info] {"discount":"0.00","payment_type":"1","trade_no":"2017072221001004410256235911","subject":"\u9189\u7f8e\u666e\u8005\u9ed1","buyer_email":"shanru1988@163.com","gmt_create":"2017-07-22 11:18:07","notify_type":"trade_status_sync","quantity":"1","out_trade_no":"LX-17072020283979406-d","seller_id":"2088421286007493","notify_time":"2017-07-22 11:18:18","body":"\u300a\u4e09\u751f\u4e09\u4e16\u300b\u666e\u8005\u9ed1\u2014\u4e16\u5916\u6843\u6e90\u575d\u7f8e\u2014\u9a6c\u5cad\u6cb3\u5927\u5ce1\u8c37\u2014\u9189\u7f8e\u4e07\u5cf0\u6797\u2014\u4e07\u5cf0\u6e56\u2014\u629a\u4ed9\u6e568\u65e5\u6df1\u5ea6\u6e38","trade_status":"TRADE_SUCCESS","is_total_fee_adjust":"N","total_fee":"6960.00","gmt_payment":"2017-07-22 11:18:17","seller_email":"2287684289@qq.com","price":"6960.00","buyer_id":"2088002299483418","notify_id":"ef024e313c164978c75efa999dcc93fj5y","use_coupon":"N","sign_type":"MD5","sign":"7ceb64d6bc63e7a2702d5473d2660e6d"}
[2017-07-22 11:18:18][info] 数据存储反馈成功！
[2017-07-22 11:18:18][info] success
[2017-07-22 11:18:18][info] 写入结束!!!
[2017-07-22 14:11:03][info] ----------------------------------------
[2017-07-22 14:11:03][info] {"discount":"0.00","payment_type":"1","trade_no":"2017072221001004760235881261","subject":"\u7518\u5357\u5168\u666f","buyer_email":"linxin58199@sina.com","gmt_create":"2017-07-22 14:10:50","notify_type":"trade_status_sync","quantity":"1","out_trade_no":"LX-17072213272076501-d","seller_id":"2088421286007493","notify_time":"2017-07-22 14:11:03","body":"2017\u5e74\u72ec\u5bb6  \u62c9\u535c\u695e\u5bfa-\u624e\u5c15\u90a3-\u82b1\u6e56-\u5e74\u5b9d\u7389\u5219-\u82e5\u5c14\u76d6\u8349\u539f-\u963f\u4e07\u4ed3\u6e7f\u5730-\u5c15\u6d77\u6e56-\u90ce\u6728\u5bfa 8\u65e5\u6e38","trade_status":"TRADE_SUCCESS","is_total_fee_adjust":"N","total_fee":"4320.00","gmt_payment":"2017-07-22 14:11:03","seller_email":"2287684289@qq.com","price":"4320.00","buyer_id":"2088302148053769","notify_id":"8bced14f5ca26abf375c65f88e18be3lv6","use_coupon":"N","sign_type":"MD5","sign":"a605cbf7f64558c3925cedc2a49a9348"}
[2017-07-22 14:11:03][info] 数据存储反馈成功！
[2017-07-22 14:11:03][info] success
[2017-07-22 14:11:03][info] 写入结束!!!
[2017-07-22 14:11:27][info] ----------------------------------------
[2017-07-22 14:11:27][info] {"discount":"0.00","payment_type":"1","trade_no":"2017072221001004470249732589","subject":"\u9189\u7f8e\u666e\u8005\u9ed1","buyer_email":"13939031508","gmt_create":"2017-07-22 14:11:15","notify_type":"trade_status_sync","quantity":"1","out_trade_no":"LX-17070912300487601-0","seller_id":"2088421286007493","notify_time":"2017-07-22 14:11:27","body":"\u300a\u4e09\u751f\u4e09\u4e16\u300b\u666e\u8005\u9ed1\u2014\u4e16\u5916\u6843\u6e90\u575d\u7f8e\u2014\u9a6c\u5cad\u6cb3\u5927\u5ce1\u8c37\u2014\u9189\u7f8e\u4e07\u5cf0\u6797\u2014\u4e07\u5cf0\u6e56\u2014\u629a\u4ed9\u6e568\u65e5\u6df1\u5ea6\u6e38","trade_status":"TRADE_SUCCESS","is_total_fee_adjust":"N","total_fee":"3480.00","gmt_payment":"2017-07-22 14:11:27","seller_email":"2287684289@qq.com","price":"3480.00","buyer_id":"2088702034874478","notify_id":"2394574188d2a4a06c42e143ce15e98jmm","use_coupon":"N","sign_type":"MD5","sign":"50fb4a0ae61e31cb24a5066be4895ff0"}
[2017-07-22 14:11:28][info] 数据存储反馈成功！
[2017-07-22 14:11:28][info] success
[2017-07-22 14:11:28][info] 写入结束!!!
[2017-07-22 14:51:44][info] ----------------------------------------
[2017-07-22 14:51:44][info] {"discount":"0.00","payment_type":"1","trade_no":"2017072221001004950241015034","subject":"\u4e1d\u7ef8\u4e4b\u8def\u5168\u666f\u6e389\u65e5","buyer_email":"13554498093","gmt_create":"2017-07-22 14:51:32","notify_type":"trade_status_sync","quantity":"1","out_trade_no":"LX-17072213181130701-1","seller_id":"2088421286007493","notify_time":"2017-07-22 14:51:44","body":"\u72ec\u5bb6\u6c34\u4e0a\u9b54\u9b3c\u57ce-\u65e0\u4eba\u533a\u539f\u751f\u6001\u96c5\u4e39\u63a2\u79d8-\u9752\u6d77\u6e56-\u8336\u5361\u76d0\u6e56-\u83ab\u9ad8\u7a9f-\u9e23\u6c99\u5c71\u6708\u7259\u6cc9-\u5f20\u6396\u4e39\u971e-\u5353\u5c14\u5c719\u65e5\u6e38","trade_status":"TRADE_SUCCESS","is_total_fee_adjust":"N","total_fee":"7580.00","gmt_payment":"2017-07-22 14:51:44","seller_email":"2287684289@qq.com","price":"7580.00","buyer_id":"2088902322766951","notify_id":"00dd3e0b82c674078d8ac149f86b8dbnby","use_coupon":"N","sign_type":"MD5","sign":"e4f6d2ba4cf51c9b7b6dd9916d5fd8bd"}
[2017-07-22 14:51:44][info] 数据存储反馈成功！
[2017-07-22 14:51:44][info] success
[2017-07-22 14:51:44][info] 写入结束!!!
[2017-07-22 15:21:58][info] ----------------------------------------
[2017-07-22 15:21:58][info] {"discount":"0.00","payment_type":"1","trade_no":"2017072221001004140247207912","subject":"\u65b0\u7586\u62fe\u5149\u5168\u666f\u5199\u771f\u65c5\u884c","buyer_email":"15023367161","gmt_create":"2017-07-22 15:21:15","notify_type":"trade_status_sync","quantity":"1","out_trade_no":"LX-17071709450330106-1","seller_id":"2088421286007493","notify_time":"2017-07-22 15:21:58","body":"\u4e4c\u9c81\u6728\u9f50-\u4e94\u5f69\u6ee9-\u5e03\u5c14\u6d25-\u5580\u7eb3\u65af-\u79be\u6728-\u9b54\u9b3c\u57ce-\u8d5b\u91cc\u6728\u6e56-\u89e3\u5fe7\u516c\u4e3b\u85b0\u8863\u8349\u519c\u573a-\u5580\u62c9\u5cfb-\u5df4\u97f3\u5e03\u9c81\u514b-\u535a\u65af\u817e\u6e56-\u5e93\u6728\u5854\u683c\u6c99\u6f2014\u65e5\u6e38","trade_status":"TRADE_SUCCESS","is_total_fee_adjust":"N","total_fee":"8820.00","gmt_payment":"2017-07-22 15:21:58","seller_email":"2287684289@qq.com","price":"8820.00","buyer_id":"2088012869592143","notify_id":"68b19f170ee6051a30af2b30160d353h2y","use_coupon":"N","sign_type":"MD5","sign":"3ad250472e22596c9191e0b7e2778429"}
[2017-07-22 15:21:59][info] 数据存储反馈成功！
[2017-07-22 15:21:59][info] success
[2017-07-22 15:21:59][info] 写入结束!!!
[2017-07-22 15:56:01][info] ----------------------------------------
[2017-07-22 15:56:01][info] {"discount":"0.00","payment_type":"1","trade_no":"2017072221001004420237130505","subject":"\u7518\u5357\u5168\u666f","buyer_email":"13813556000","gmt_create":"2017-07-22 15:55:50","notify_type":"trade_status_sync","quantity":"1","out_trade_no":"LX-1707221455471706-e","seller_id":"2088421286007493","notify_time":"2017-07-22 15:56:00","body":"2017\u5e74\u72ec\u5bb6  \u62c9\u535c\u695e\u5bfa-\u624e\u5c15\u90a3-\u82b1\u6e56-\u5e74\u5b9d\u7389\u5219-\u82e5\u5c14\u76d6\u8349\u539f-\u963f\u4e07\u4ed3\u6e7f\u5730-\u5c15\u6d77\u6e56-\u90ce\u6728\u5bfa 8\u65e5\u6e38","trade_status":"TRADE_SUCCESS","is_total_fee_adjust":"N","total_fee":"3280.00","gmt_payment":"2017-07-22 15:56:00","seller_email":"2287684289@qq.com","price":"3280.00","buyer_id":"2088702331952424","notify_id":"37632a4d47c12bac89c633ac2ddc429j8q","use_coupon":"N","sign_type":"MD5","sign":"d074f9e775f5ce4b1744cad9a1f0dd05"}
[2017-07-22 15:56:01][info] 数据存储反馈成功！
[2017-07-22 15:56:01][info] success
[2017-07-22 15:56:01][info] 写入结束!!!
[2017-07-22 17:39:31][info] ----------------------------------------
[2017-07-22 17:39:31][info] {"discount":"0.00","payment_type":"1","trade_no":"2017072221001004370215016804","subject":"\u7518\u5357\u5168\u666f","buyer_email":"1219568538@qq.com","gmt_create":"2017-07-22 17:39:20","notify_type":"trade_status_sync","quantity":"1","out_trade_no":"LX-17072016063392106-1","seller_id":"2088421286007493","notify_time":"2017-07-22 17:39:31","body":"2017\u5e74\u72ec\u5bb6  \u62c9\u535c\u695e\u5bfa-\u624e\u5c15\u90a3-\u82b1\u6e56-\u5e74\u5b9d\u7389\u5219-\u82e5\u5c14\u76d6\u8349\u539f-\u963f\u4e07\u4ed3\u6e7f\u5730-\u5c15\u6d77\u6e56-\u90ce\u6728\u5bfa 8\u65e5\u6e38","trade_status":"TRADE_SUCCESS","is_total_fee_adjust":"N","total_fee":"2680.00","gmt_payment":"2017-07-22 17:39:30","seller_email":"2287684289@qq.com","price":"2680.00","buyer_id":"2088702182431374","notify_id":"40b57809d66d65004d609cc5eeeffdaiuu","use_coupon":"N","sign_type":"MD5","sign":"130a12cc85acb3225f17e1d4b6f0da05"}
[2017-07-22 17:39:31][info] 数据存储反馈成功！
[2017-07-22 17:39:31][info] success
[2017-07-22 17:39:31][info] 写入结束!!!
[2017-07-22 19:04:44][info] ----------------------------------------
[2017-07-22 19:04:44][info] {"discount":"0.00","payment_type":"1","trade_no":"2017072221001004770296694329","subject":"\u7518\u5357\u5168\u666f","buyer_email":"271641879@qq.com","gmt_create":"2017-07-22 19:04:35","notify_type":"trade_status_sync","quantity":"1","out_trade_no":"LX-17072218324736306-8","seller_id":"2088421286007493","notify_time":"2017-07-22 19:04:44","body":"2017\u5e74\u72ec\u5bb6  \u62c9\u535c\u695e\u5bfa-\u624e\u5c15\u90a3-\u82b1\u6e56-\u5e74\u5b9d\u7389\u5219-\u82e5\u5c14\u76d6\u8349\u539f-\u963f\u4e07\u4ed3\u6e7f\u5730-\u5c15\u6d77\u6e56-\u90ce\u6728\u5bfa 8\u65e5\u6e38","trade_status":"TRADE_SUCCESS","is_total_fee_adjust":"N","total_fee":"3280.00","gmt_payment":"2017-07-22 19:04:43","seller_email":"2287684289@qq.com","price":"3280.00","buyer_id":"2088602150502775","notify_id":"ca66ebebfa6f91eb216147692fe6d07lxy","use_coupon":"N","sign_type":"MD5","sign":"cf1a1f3b3b3e89ae091f507682b0c1f2"}
[2017-07-22 19:04:44][info] 数据存储反馈成功！
[2017-07-22 19:04:44][info] success
[2017-07-22 19:04:44][info] 写入结束!!!
[2017-07-22 20:29:30][info] ----------------------------------------
[2017-07-22 20:29:30][info] {"discount":"0.00","payment_type":"1","trade_no":"2017072221001004130233413036","subject":"\u5fc3\u82b1\u8def\u653e","buyer_email":"294021273@qq.com","gmt_create":"2017-07-22 20:29:17","notify_type":"trade_status_sync","quantity":"1","out_trade_no":"LX-17072023075625401-d","seller_id":"2088421286007493","notify_time":"2017-07-22 20:29:30","body":"\u5927\u7406\u53cc\u5eca\u3001\u6c99\u6eaa\u53e4\u9547\u3001\u4e3d\u6c5f\u53e4\u57ce\u3001\u9999\u683c\u91cc\u62c9\u3001\u6cf8\u6cbd\u6e567\u65e5\u6ec7\u897f\u5317\u5168\u666f\u6df1\u5ea6\u6e38","trade_status":"TRADE_SUCCESS","is_total_fee_adjust":"N","total_fee":"3480.00","gmt_payment":"2017-07-22 20:29:29","seller_email":"2287684289@qq.com","price":"3480.00","buyer_id":"2088402282071138","notify_id":"270e41319f7b49356ab8d213e39b93bh06","use_coupon":"N","sign_type":"MD5","sign":"19d3488e17afda88ebbe7f7b5242f5b2"}
[2017-07-22 20:29:30][info] 数据存储反馈成功！
[2017-07-22 20:29:30][info] success
[2017-07-22 20:29:30][info] 写入结束!!!
[2017-07-22 21:26:43][info] ----------------------------------------
[2017-07-22 21:26:43][info] {"discount":"0.00","payment_type":"1","trade_no":"2017072221001004690290073282","subject":"\u65b0\u7586\u7cbe\u534e","buyer_email":"corelo_services@yahoo.com","gmt_create":"2017-07-22 21:23:23","notify_type":"trade_status_sync","quantity":"1","out_trade_no":"LX-17072022203931301-6","seller_id":"2088421286007493","notify_time":"2017-07-22 21:26:43","body":"\u5929\u5c71\u5929\u6c60-\u5580\u7eb3\u65af-\u79be\u6728-\u4e94\u5f69\u6ee9-\u8d5b\u91cc\u6728\u6e56-\u85b0\u8863\u8349\u5e84\u56ed-\u90a3\u62c9\u63d0-\u5df4\u97f3\u5e03\u9c81\u514b-\u5410\u9c81\u756a11\u65e5\u6e38","trade_status":"TRADE_SUCCESS","is_total_fee_adjust":"N","total_fee":"4680.00","gmt_payment":"2017-07-22 21:26:43","seller_email":"2287684289@qq.com","price":"4680.00","buyer_id":"2088902638138691","notify_id":"849d0cd8d23ea1a99e9fac0d651e57albq","use_coupon":"N","sign_type":"MD5","sign":"2353c956c0d98e79f06e55886df87e36"}
[2017-07-22 21:26:44][info] 数据存储反馈成功！
[2017-07-22 21:26:44][info] success
[2017-07-22 21:26:44][info] 写入结束!!!
