[2017-08-07 00:25:07][info] ----------------------------------------
[2017-08-07 00:25:07][info] {"discount":"0.00","payment_type":"1","trade_no":"2017080721001004630244459299","subject":"\u65b0\u7586\u5168\u666f","buyer_email":"wangyang98@hotmail.com","gmt_create":"2017-08-07 00:24:56","notify_type":"trade_status_sync","quantity":"1","out_trade_no":"LX-17072621020372801-7","seller_id":"2088421286007493","notify_time":"2017-08-07 00:25:07","body":"\u5580\u7eb3\u65af-\u79be\u6728-\u8d5b\u91cc\u6728\u6e56-\u85b0\u8863\u8349\u519c\u573a-\u5580\u62c9\u5cfb-\u90a3\u62c9\u63d0-\u5df4\u97f3\u5e03\u9c81\u514b-\u6c5f\u5e03\u62c9\u514b-\u4e94\u5f69\u6ee9-\u5410\u9c81\u756a13\u65e5\u6e38","trade_status":"TRADE_SUCCESS","is_total_fee_adjust":"N","total_fee":"2675.00","gmt_payment":"2017-08-07 00:25:07","seller_email":"2287684289@qq.com","price":"2675.00","buyer_id":"2088002624382632","notify_id":"6098504eed2552acca464f3bf67ec6bkv2","use_coupon":"N","sign_type":"MD5","sign":"4b6109ab93344f307ef4f5172ad2b952"}
[2017-08-07 00:25:07][info] 数据存储反馈成功！
[2017-08-07 00:25:07][info] success
[2017-08-07 00:25:07][info] 写入结束!!!
[2017-08-07 00:28:36][info] ----------------------------------------
[2017-08-07 00:28:36][info] {"discount":"0.00","payment_type":"1","trade_no":"2017080721001004630244474769","subject":"\u65b0\u7586\u5168\u666f","buyer_email":"wangyang98@hotmail.com","gmt_create":"2017-08-07 00:25:49","notify_type":"trade_status_sync","quantity":"1","out_trade_no":"LX-17051809353826506-e","seller_id":"2088421286007493","notify_time":"2017-08-07 00:28:35","body":"\u5580\u7eb3\u65af-\u79be\u6728-\u8d5b\u91cc\u6728\u6e56-\u85b0\u8863\u8349\u519c\u573a-\u5580\u62c9\u5cfb-\u90a3\u62c9\u63d0-\u5df4\u97f3\u5e03\u9c81\u514b-\u6c5f\u5e03\u62c9\u514b-\u4e94\u5f69\u6ee9-\u5410\u9c81\u756a13\u65e5\u6e38","trade_status":"TRADE_SUCCESS","is_total_fee_adjust":"N","total_fee":"12000.00","gmt_payment":"2017-08-07 00:28:35","seller_email":"2287684289@qq.com","price":"12000.00","buyer_id":"2088002624382632","notify_id":"6e4b327a9a425f83ce56ec09ced13a4kv2","use_coupon":"N","sign_type":"MD5","sign":"e8905342da4af774769045ac9dc32535"}
[2017-08-07 00:28:36][info] 数据存储反馈成功！
[2017-08-07 00:28:36][info] success
[2017-08-07 00:28:36][info] 写入结束!!!
[2017-08-07 10:24:12][info] ----------------------------------------
[2017-08-07 10:24:12][info] {"discount":"0.00","payment_type":"1","trade_no":"2017080721001004990202924379","subject":"\u7518\u5357\u5168\u666f","buyer_email":"78172782@qq.com","gmt_create":"2017-08-07 10:24:05","notify_type":"trade_status_sync","quantity":"1","out_trade_no":"LX-17072312092917901-1","seller_id":"2088421286007493","notify_time":"2017-08-07 10:24:11","body":"2017\u5e74\u72ec\u5bb6  \u62c9\u535c\u695e\u5bfa-\u624e\u5c15\u90a3-\u82b1\u6e56-\u5e74\u5b9d\u7389\u5219-\u82e5\u5c14\u76d6\u8349\u539f-\u963f\u4e07\u4ed3\u6e7f\u5730-\u5c15\u6d77\u6e56-\u90ce\u6728\u5bfa 8\u65e5\u6e38","trade_status":"TRADE_SUCCESS","is_total_fee_adjust":"N","total_fee":"6390.00","gmt_payment":"2017-08-07 10:24:11","seller_email":"2287684289@qq.com","price":"6390.00","buyer_id":"2088212506837992","notify_id":"b05ce1cb6b11ca70fd9d56848fde787nn2","use_coupon":"N","sign_type":"MD5","sign":"b620fff1eb28f56d9e69d52c691ddd76"}
[2017-08-07 10:24:12][info] 数据存储反馈成功！
[2017-08-07 10:24:12][info] success
[2017-08-07 10:24:12][info] 写入结束!!!
[2017-08-07 11:19:40][info] ----------------------------------------
[2017-08-07 11:19:40][info] {"discount":"0.00","payment_type":"1","trade_no":"2017080721001004520204162600","subject":"\u4e1d\u8def\u5dc5\u5cf0\u4f53\u9a8c\u4e5d\u65e5\u6e38B\u7ebf","buyer_email":"smilingfeng@189.cn","gmt_create":"2017-08-07 11:19:25","notify_type":"trade_status_sync","quantity":"1","out_trade_no":"LX-17071317012744001-c","seller_id":"2088421286007493","notify_time":"2017-08-07 11:19:40","body":"\u9752\u6d77\u6e56-\u8336\u5361\u76d0\u6e56-\u9e23\u6c99\u5c71\u6708\u7259\u6cc9-\u83ab\u9ad8\u7a9f-\u96c5\u4e39\u9b54\u9b3c\u57ce-\u5609\u5cea\u5173-\u5f20\u6396\u4e39\u971e-\u9a6c\u8e44\u5bfa-\u5353\u5c14\u5c71\u8f7b\u5962\u52a8\u8f669\u65e5\u6e38","trade_status":"TRADE_SUCCESS","is_total_fee_adjust":"N","total_fee":"4090.00","gmt_payment":"2017-08-07 11:19:39","seller_email":"2287684289@qq.com","price":"4090.00","buyer_id":"2088502864719527","notify_id":"6f8ecb4af0b96b8475a5602bbea2b11k0i","use_coupon":"N","sign_type":"MD5","sign":"a900b4b684b99a943f3a349f1cff5423"}
[2017-08-07 11:19:40][info] 数据存储反馈成功！
[2017-08-07 11:19:40][info] success
[2017-08-07 11:19:40][info] 写入结束!!!
[2017-08-07 12:54:10][info] ----------------------------------------
[2017-08-07 12:54:10][info] {"discount":"0.00","payment_type":"1","trade_no":"2017080721001004110237638748","subject":"\u65b0\u7586\u5168\u666f","buyer_email":"13621693445","gmt_create":"2017-08-07 12:53:20","notify_type":"trade_status_sync","quantity":"1","out_trade_no":"LX-170806205701906-1","seller_id":"2088421286007493","notify_time":"2017-08-07 12:54:10","body":"\u5580\u7eb3\u65af-\u79be\u6728-\u8d5b\u91cc\u6728\u6e56-\u85b0\u8863\u8349\u519c\u573a-\u5580\u62c9\u5cfb-\u90a3\u62c9\u63d0-\u5df4\u97f3\u5e03\u9c81\u514b-\u6c5f\u5e03\u62c9\u514b-\u4e94\u5f69\u6ee9-\u5410\u9c81\u756a13\u65e5\u6e38","trade_status":"TRADE_SUCCESS","is_total_fee_adjust":"N","total_fee":"16140.00","gmt_payment":"2017-08-07 12:54:10","seller_email":"2287684289@qq.com","price":"16140.00","buyer_id":"2088312576492119","notify_id":"f0db5098a2285f221309a1a75b02623gum","use_coupon":"N","sign_type":"MD5","sign":"7c3869fb82cdf4b96d38e9e9fc814ebe"}
[2017-08-07 12:54:10][info] 数据存储反馈成功！
[2017-08-07 12:54:10][info] success
[2017-08-07 12:54:10][info] 写入结束!!!
[2017-08-07 14:08:11][info] ----------------------------------------
[2017-08-07 14:08:11][info] {"discount":"0.00","payment_type":"1","trade_no":"2017080721001004770226535211","subject":"\u7518\u5357\u5168\u666f","buyer_email":"13806680683","gmt_create":"2017-08-07 14:07:55","notify_type":"trade_status_sync","quantity":"1","out_trade_no":"LX-17072817191138706-2","seller_id":"2088421286007493","notify_time":"2017-08-07 14:08:11","body":"2017\u5e74\u72ec\u5bb6  \u62c9\u535c\u695e\u5bfa-\u624e\u5c15\u90a3-\u82b1\u6e56-\u5e74\u5b9d\u7389\u5219-\u82e5\u5c14\u76d6\u8349\u539f-\u963f\u4e07\u4ed3\u6e7f\u5730-\u5c15\u6d77\u6e56-\u90ce\u6728\u5bfa 8\u65e5\u6e38","trade_status":"TRADE_SUCCESS","is_total_fee_adjust":"N","total_fee":"11615.00","gmt_payment":"2017-08-07 14:08:11","seller_email":"2287684289@qq.com","price":"11615.00","buyer_id":"2088112724689776","notify_id":"f81d05266f462a4224d1695183ecab0lxy","use_coupon":"N","sign_type":"MD5","sign":"fb7e1dfca148cd50ea0d1cd33fb423c8"}
[2017-08-07 14:08:11][info] 数据存储反馈成功！
[2017-08-07 14:08:11][info] success
[2017-08-07 14:08:11][info] 写入结束!!!
[2017-08-07 14:12:56][info] ----------------------------------------
[2017-08-07 14:12:56][info] {"discount":"0.00","payment_type":"1","trade_no":"2017080721001004680278111576","subject":"\u7518\u5357\u5168\u666f","buyer_email":"13564272330","gmt_create":"2017-08-07 14:12:28","notify_type":"trade_status_sync","quantity":"1","out_trade_no":"LX-1708071323014906-d","seller_id":"2088421286007493","notify_time":"2017-08-07 14:12:56","body":"2017\u5e74\u72ec\u5bb6  \u62c9\u535c\u695e\u5bfa-\u624e\u5c15\u90a3-\u82b1\u6e56-\u5e74\u5b9d\u7389\u5219-\u82e5\u5c14\u76d6\u8349\u539f-\u963f\u4e07\u4ed3\u6e7f\u5730-\u5c15\u6d77\u6e56-\u90ce\u6728\u5bfa 8\u65e5\u6e38","trade_status":"TRADE_SUCCESS","is_total_fee_adjust":"N","total_fee":"6560.00","gmt_payment":"2017-08-07 14:12:55","seller_email":"2287684289@qq.com","price":"6560.00","buyer_id":"2088512803544684","notify_id":"b0902b0f2c6c645ebeb222fb4918e20l8y","use_coupon":"N","sign_type":"MD5","sign":"0d3b3f5abdefd8c9e9a320e9df96c230"}
[2017-08-07 14:12:56][info] 数据存储反馈成功！
[2017-08-07 14:12:56][info] success
[2017-08-07 14:12:56][info] 写入结束!!!
[2017-08-07 14:13:53][info] ----------------------------------------
[2017-08-07 14:13:53][info] {"discount":"0.00","payment_type":"1","trade_no":"2017080721001004250268233103","subject":"\u4e1d\u8def\u5dc5\u5cf0\u4f53\u9a8c\u4e5d\u65e5\u6e38B\u7ebf","buyer_email":"13504489748","gmt_create":"2017-08-07 14:13:41","notify_type":"trade_status_sync","quantity":"1","out_trade_no":"LX-17071912500392801-d","seller_id":"2088421286007493","notify_time":"2017-08-07 14:13:52","body":"\u9752\u6d77\u6e56-\u8336\u5361\u76d0\u6e56-\u9e23\u6c99\u5c71\u6708\u7259\u6cc9-\u83ab\u9ad8\u7a9f-\u96c5\u4e39\u9b54\u9b3c\u57ce-\u5609\u5cea\u5173-\u5f20\u6396\u4e39\u971e-\u9a6c\u8e44\u5bfa-\u5353\u5c14\u5c71\u8f7b\u5962\u52a8\u8f669\u65e5\u6e38","trade_status":"TRADE_SUCCESS","is_total_fee_adjust":"N","total_fee":"6045.00","gmt_payment":"2017-08-07 14:13:52","seller_email":"2287684289@qq.com","price":"6045.00","buyer_id":"2088802209710252","notify_id":"bcd27e105676e12c443bd715411a72chxi","use_coupon":"N","sign_type":"MD5","sign":"2d113a97c378083d617e4c18381925d6"}
[2017-08-07 14:13:53][info] 数据存储反馈成功！
[2017-08-07 14:13:53][info] success
[2017-08-07 14:13:53][info] 写入结束!!!
[2017-08-07 20:24:59][info] ----------------------------------------
[2017-08-07 20:24:59][info] {"discount":"0.00","payment_type":"1","trade_no":"2017080721001004670294927061","subject":"\u4e1d\u7ef8\u4e4b\u8def\u5168\u666f\u6e389\u65e5","buyer_email":"chenaiping198@126.com","gmt_create":"2017-08-07 20:24:49","notify_type":"trade_status_sync","quantity":"1","out_trade_no":"LX-17070720372050606-f","seller_id":"2088421286007493","notify_time":"2017-08-07 20:24:59","body":"\u72ec\u5bb6\u6c34\u4e0a\u9b54\u9b3c\u57ce-\u65e0\u4eba\u533a\u539f\u751f\u6001\u96c5\u4e39\u63a2\u79d8-\u9752\u6d77\u6e56-\u8336\u5361\u76d0\u6e56-\u83ab\u9ad8\u7a9f-\u9e23\u6c99\u5c71\u6708\u7259\u6cc9-\u5f20\u6396\u4e39\u971e-\u5353\u5c14\u5c719\u65e5\u6e38","trade_status":"TRADE_SUCCESS","is_total_fee_adjust":"N","total_fee":"4690.00","gmt_payment":"2017-08-07 20:24:59","seller_email":"2287684289@qq.com","price":"4690.00","buyer_id":"2088002840376675","notify_id":"73297a7b16b6f69be86406d0cc4bf3el66","use_coupon":"N","sign_type":"MD5","sign":"c79d665030f79f949ef60ad33c9591c1"}
[2017-08-07 20:25:00][info] 数据存储反馈成功！
[2017-08-07 20:25:00][info] success
[2017-08-07 20:25:00][info] 写入结束!!!
[2017-08-07 21:43:25][info] ----------------------------------------
[2017-08-07 21:43:25][info] {"discount":"0.00","payment_type":"1","trade_no":"2017080721001004690220275830","subject":"\u4e1d\u7ef8\u4e4b\u8def\u5168\u666f\u6e389\u65e5","buyer_email":"13521753490","gmt_create":"2017-08-07 21:43:14","notify_type":"trade_status_sync","quantity":"1","out_trade_no":"LX-1708051709018006-f","seller_id":"2088421286007493","notify_time":"2017-08-07 21:43:24","body":"\u72ec\u5bb6\u6c34\u4e0a\u9b54\u9b3c\u57ce-\u65e0\u4eba\u533a\u539f\u751f\u6001\u96c5\u4e39\u63a2\u79d8-\u9752\u6d77\u6e56-\u8336\u5361\u76d0\u6e56-\u83ab\u9ad8\u7a9f-\u9e23\u6c99\u5c71\u6708\u7259\u6cc9-\u5f20\u6396\u4e39\u971e-\u5353\u5c14\u5c719\u65e5\u6e38","trade_status":"TRADE_SUCCESS","is_total_fee_adjust":"N","total_fee":"1890.00","gmt_payment":"2017-08-07 21:43:24","seller_email":"2287684289@qq.com","price":"1890.00","buyer_id":"2088022679834690","notify_id":"bcba73622bcf3f03ff1ae77527df1e8lbq","use_coupon":"N","sign_type":"MD5","sign":"0e73d9eb5819c8a1b58e683c0413d0e2"}
[2017-08-07 21:43:25][info] 数据存储反馈成功！
[2017-08-07 21:43:25][info] success
[2017-08-07 21:43:25][info] 写入结束!!!
[2017-08-07 22:09:45][info] ----------------------------------------
[2017-08-07 22:09:45][info] {"discount":"0.00","payment_type":"1","trade_no":"2017080721001004650206553155","subject":"\u4e1d\u7ef8\u4e4b\u8def\u7cbe\u534e\u4e03\u65e5\u6e38","buyer_email":"1220762298@qq.com","gmt_create":"2017-08-07 22:09:36","notify_type":"trade_status_sync","quantity":"1","out_trade_no":"LX-1708072136144806-4","seller_id":"2088421286007493","notify_time":"2017-08-07 22:09:45","body":"2017\u5e74\u9752\u6d77\u6e56-\u8336\u5361\u76d0\u6e56-\u6566\u714c-\u5609\u5cea\u5173-\u5f20\u6396\u4e39\u971e\u4e03\u65e5\u6e38","trade_status":"TRADE_SUCCESS","is_total_fee_adjust":"N","total_fee":"1590.00","gmt_payment":"2017-08-07 22:09:45","seller_email":"2287684289@qq.com","price":"1590.00","buyer_id":"2088302763427653","notify_id":"70fe88d103d20e1f4c4553308fa8b44l0m","use_coupon":"N","sign_type":"MD5","sign":"0474eb365c2e4185b62a68f1524b3cc4"}
[2017-08-07 22:09:46][info] 数据存储反馈成功！
[2017-08-07 22:09:46][info] success
[2017-08-07 22:09:46][info] 写入结束!!!
