[2017-07-12 09:56:35][info] ----------------------------------------
[2017-07-12 09:56:35][info] {"discount":"0.00","payment_type":"1","trade_no":"2017071221001004990254704633","subject":"\u4e1d\u7ef8\u4e4b\u8def\u8f7b\u5962\u6e38","buyer_email":"150141511@qq.com","gmt_create":"2017-07-12 09:56:28","notify_type":"trade_status_sync","quantity":"1","out_trade_no":"LX-17071209264682906-9","seller_id":"2088421286007493","notify_time":"2017-07-12 09:56:35","body":"\u9752\u6d77\u6e56-\u8336\u5361\u76d0\u6e56-\u6c99\u5c9b-\u7941\u8fde\u5c71-\u5f20\u6396-\u5609\u5cea\u5173-\u6566\u714c9\u65e5\u6e38","trade_status":"TRADE_SUCCESS","is_total_fee_adjust":"N","total_fee":"9510.00","gmt_payment":"2017-07-12 09:56:34","seller_email":"2287684289@qq.com","price":"9510.00","buyer_id":"2088002190843997","notify_id":"d2891ce34a63405ee6f1be5e1dc49b3nn2","use_coupon":"N","sign_type":"MD5","sign":"b71da671ed750b31ce9a2cf3087605af"}
[2017-07-12 09:56:35][info] 数据存储反馈成功！
[2017-07-12 09:56:35][info] success
[2017-07-12 09:56:35][info] 写入结束!!!
[2017-07-12 10:26:06][info] ----------------------------------------
[2017-07-12 10:26:06][info] {"discount":"0.00","payment_type":"1","trade_no":"2017071221001004040230823639","subject":"\u4e1d\u8def\u5dc5\u5cf0\u4f53\u9a8c\u4e5d\u65e5\u6e38B\u7ebf","buyer_email":"catey7@hotmail.com","gmt_create":"2017-07-12 10:25:52","notify_type":"trade_status_sync","quantity":"1","out_trade_no":"LX-1707052034403501-1","seller_id":"2088421286007493","notify_time":"2017-07-12 10:26:06","body":"\u9752\u6d77\u6e56-\u8336\u5361\u76d0\u6e56-\u9e23\u6c99\u5c71\u6708\u7259\u6cc9-\u83ab\u9ad8\u7a9f-\u96c5\u4e39\u9b54\u9b3c\u57ce-\u5609\u5cea\u5173-\u5f20\u6396\u4e39\u971e-\u9a6c\u8e44\u5bfa-\u5353\u5c14\u5c71\u8f7b\u5962\u52a8\u8f669\u65e5\u6e38","trade_status":"TRADE_SUCCESS","is_total_fee_adjust":"N","total_fee":"8170.00","gmt_payment":"2017-07-12 10:26:06","seller_email":"2287684289@qq.com","price":"8170.00","buyer_id":"2088002344608049","notify_id":"0bb7a8a469d20e697381b482e220d21gb6","use_coupon":"N","sign_type":"MD5","sign":"9eaae709b02b3dcf3f25a72effe9b75f"}
[2017-07-12 10:26:07][info] 数据存储反馈成功！
[2017-07-12 10:26:07][info] success
[2017-07-12 10:26:07][info] 写入结束!!!
[2017-07-12 11:16:07][info] ----------------------------------------
[2017-07-12 11:16:07][info] {"discount":"0.00","payment_type":"1","trade_no":"2017071221001004990254898740","subject":"\u4e1d\u7ef8\u4e4b\u8def\u8f7b\u5962\u6e38","buyer_email":"150141511@qq.com","gmt_create":"2017-07-12 11:16:02","notify_type":"trade_status_sync","quantity":"1","out_trade_no":"LX-17071209264682906-0","seller_id":"2088421286007493","notify_time":"2017-07-12 11:16:07","body":"\u9752\u6d77\u6e56-\u8336\u5361\u76d0\u6e56-\u6c99\u5c9b-\u7941\u8fde\u5c71-\u5f20\u6396-\u5609\u5cea\u5173-\u6566\u714c9\u65e5\u6e38","trade_status":"TRADE_SUCCESS","is_total_fee_adjust":"N","total_fee":"9510.00","gmt_payment":"2017-07-12 11:16:06","seller_email":"2287684289@qq.com","price":"9510.00","buyer_id":"2088002190843997","notify_id":"4ebb2a4faf46ee3ef9d4b8f6ee07d50nn2","use_coupon":"N","sign_type":"MD5","sign":"eb98ff699c5b75bec9e02dca1bc47981"}
[2017-07-12 11:16:07][info] 数据存储反馈成功！
[2017-07-12 11:16:07][info] success
[2017-07-12 11:16:07][info] 写入结束!!!
[2017-07-12 11:30:57][info] ----------------------------------------
[2017-07-12 11:30:57][info] {"discount":"0.00","payment_type":"1","trade_no":"2017071221001004070268450822","subject":"\u65b0\u7586\u5168\u666f","buyer_email":"13222911585","gmt_create":"2017-07-12 11:30:49","notify_type":"trade_status_sync","quantity":"1","out_trade_no":"LX-17061612472290406-d","seller_id":"2088421286007493","notify_time":"2017-07-12 11:30:57","body":"\u5580\u7eb3\u65af-\u79be\u6728-\u8d5b\u91cc\u6728\u6e56-\u85b0\u8863\u8349\u519c\u573a-\u5580\u62c9\u5cfb-\u90a3\u62c9\u63d0-\u5df4\u97f3\u5e03\u9c81\u514b-\u6c5f\u5e03\u62c9\u514b-\u4e94\u5f69\u6ee9-\u5410\u9c81\u756a13\u65e5\u6e38","trade_status":"TRADE_SUCCESS","is_total_fee_adjust":"N","total_fee":"5380.00","gmt_payment":"2017-07-12 11:30:57","seller_email":"2287684289@qq.com","price":"5380.00","buyer_id":"2088102677539075","notify_id":"bcba892f8853d36fc387f3b94c2ce44gji","use_coupon":"N","sign_type":"MD5","sign":"37979dd665fd51b0a02907e45813128b"}
[2017-07-12 11:30:58][info] 数据存储反馈成功！
[2017-07-12 11:30:58][info] success
[2017-07-12 11:30:58][info] 写入结束!!!
[2017-07-12 12:47:04][info] ----------------------------------------
[2017-07-12 12:47:04][info] {"discount":"0.00","payment_type":"1","trade_no":"2017071221001004730261700564","subject":"\u4e1d\u8def\u5dc5\u5cf0\u4f53\u9a8c\u5341\u65e5\u6e38","buyer_email":"13522948230","gmt_create":"2017-07-12 12:46:54","notify_type":"trade_status_sync","quantity":"1","out_trade_no":"LX-17071209242328006-3","seller_id":"2088421286007493","notify_time":"2017-07-12 12:47:04","body":"\u9752\u6d77\u6e56-\u8336\u5361\u76d0\u6e56-\u6c99\u5c9b-\u7941\u8fde-\u5f20\u6396\u4e39\u971e-\u5609\u5cea\u5173-\u6566\u714c\u5341\u65e5\u6e38","trade_status":"TRADE_SUCCESS","is_total_fee_adjust":"N","total_fee":"5370.00","gmt_payment":"2017-07-12 12:47:04","seller_email":"2287684289@qq.com","price":"5370.00","buyer_id":"2088702944280730","notify_id":"08b0572a98df065c9fa94ea26287b98lmu","use_coupon":"N","sign_type":"MD5","sign":"78b621931f583349d8cdc00d462d099a"}
[2017-07-12 12:47:04][info] 数据存储反馈成功！
[2017-07-12 12:47:04][info] success
[2017-07-12 12:47:04][info] 写入结束!!!
[2017-07-12 14:04:42][info] ----------------------------------------
[2017-07-12 14:04:42][info] {"discount":"0.00","payment_type":"1","trade_no":"2017071221001004850240698207","subject":"\u65b0\u7586\u5168\u666f","buyer_email":"13826173189","gmt_create":"2017-07-12 14:04:18","notify_type":"trade_status_sync","quantity":"1","out_trade_no":"LX-1707030909074501-c","seller_id":"2088421286007493","notify_time":"2017-07-12 14:04:42","body":"\u5580\u7eb3\u65af-\u79be\u6728-\u8d5b\u91cc\u6728\u6e56-\u85b0\u8863\u8349\u519c\u573a-\u5580\u62c9\u5cfb-\u90a3\u62c9\u63d0-\u5df4\u97f3\u5e03\u9c81\u514b-\u6c5f\u5e03\u62c9\u514b-\u4e94\u5f69\u6ee9-\u5410\u9c81\u756a13\u65e5\u6e38","trade_status":"TRADE_SUCCESS","is_total_fee_adjust":"N","total_fee":"21290.00","gmt_payment":"2017-07-12 14:04:42","seller_email":"2287684289@qq.com","price":"21290.00","buyer_id":"2088502737741859","notify_id":"a59a04472fbf4da72c9106b38140ea3mk6","use_coupon":"N","sign_type":"MD5","sign":"0ad8c5608cdea83361e21e5090f490c7"}
[2017-07-12 14:04:43][info] 数据存储反馈成功！
[2017-07-12 14:04:43][info] success
[2017-07-12 14:04:43][info] 写入结束!!!
[2017-07-12 14:55:38][info] ----------------------------------------
[2017-07-12 14:55:38][info] {"discount":"0.00","payment_type":"1","trade_no":"2017071221001004650261131617","subject":"\u7518\u5357\u5168\u666f","buyer_email":"13611585454","gmt_create":"2017-07-12 13:40:01","notify_type":"trade_status_sync","quantity":"1","out_trade_no":"LX-17071121341435006-a","seller_id":"2088421286007493","notify_time":"2017-07-12 14:55:38","body":"2017\u5e74\u72ec\u5bb6  \u62c9\u535c\u695e\u5bfa-\u624e\u5c15\u90a3-\u82b1\u6e56-\u5e74\u5b9d\u7389\u5219-\u82e5\u5c14\u76d6\u8349\u539f-\u963f\u4e07\u4ed3\u6e7f\u5730-\u5c15\u6d77\u6e56-\u90ce\u6728\u5bfa 8\u65e5\u6e38","trade_status":"TRADE_SUCCESS","is_total_fee_adjust":"N","total_fee":"13600.00","gmt_payment":"2017-07-12 14:55:37","seller_email":"2287684289@qq.com","price":"13600.00","buyer_id":"2088802571923650","notify_id":"aa5a5c75ddc22a3995d71f028fa6a05l0m","use_coupon":"N","sign_type":"MD5","sign":"77727e6553750e6ec4d8be6391a33f74"}
[2017-07-12 14:55:38][info] 数据存储反馈成功！
[2017-07-12 14:55:38][info] success
[2017-07-12 14:55:38][info] 写入结束!!!
[2017-07-12 15:13:58][info] ----------------------------------------
[2017-07-12 15:13:58][info] {"discount":"0.00","payment_type":"1","trade_no":"2017041221001004100291746904","subject":"\u7518\u5357\u5168\u666f","buyer_email":"13657277333","gmt_create":"2017-04-12 15:12:35","notify_type":"trade_status_sync","quantity":"1","out_trade_no":"LX-17031609504912306-b","seller_id":"2088421286007493","notify_time":"2017-07-12 15:13:58","body":"2017\u5e74\u72ec\u5bb6  \u516b\u89d2\u57ce-\u624e\u5c15\u90a3-\u82b1\u6e56-\u5e74\u5b9d\u7389\u5219-\u82e5\u5c14\u76d6\u8349\u539f-\u963f\u4e07\u4ed3\u6e7f\u5730-\u90ce\u6728\u5bfa 8\u65e5\u6e38","trade_status":"TRADE_FINISHED","is_total_fee_adjust":"N","total_fee":"2800.00","gmt_payment":"2017-04-12 15:13:10","seller_email":"2287684289@qq.com","gmt_close":"2017-07-12 15:13:58","price":"2800.00","buyer_id":"2088702082644100","notify_id":"ffe48def73d09529c3ef9170f47ce16gru","use_coupon":"N","sign_type":"MD5","sign":"6f6779da2a425c296215b11a68a71f51"}
[2017-07-12 15:13:59][info] 数据存储反馈成功！
[2017-07-12 15:13:59][info] success
[2017-07-12 15:13:59][info] 写入结束!!!
[2017-07-12 15:45:00][info] ----------------------------------------
[2017-07-12 15:45:00][info] {"discount":"0.00","payment_type":"1","trade_no":"2017071221001004270224102185","subject":"\u7518\u5357\u5168\u666f","buyer_email":"13910602115","gmt_create":"2017-07-12 15:43:20","notify_type":"trade_status_sync","quantity":"1","out_trade_no":"LX-17071211082377806-2","seller_id":"2088421286007493","notify_time":"2017-07-12 15:45:00","body":"2017\u5e74\u72ec\u5bb6  \u62c9\u535c\u695e\u5bfa-\u624e\u5c15\u90a3-\u82b1\u6e56-\u5e74\u5b9d\u7389\u5219-\u82e5\u5c14\u76d6\u8349\u539f-\u963f\u4e07\u4ed3\u6e7f\u5730-\u5c15\u6d77\u6e56-\u90ce\u6728\u5bfa 8\u65e5\u6e38","trade_status":"TRADE_SUCCESS","is_total_fee_adjust":"N","total_fee":"6560.00","gmt_payment":"2017-07-12 15:45:00","seller_email":"2287684289@qq.com","price":"6560.00","buyer_id":"2088122291741274","notify_id":"8f0dda24a6c5f74dcc4dff4771db39fi32","use_coupon":"N","sign_type":"MD5","sign":"f9b8b2200cc279897b89d920ab90b533"}
[2017-07-12 15:45:00][info] 数据存储反馈成功！
[2017-07-12 15:45:00][info] success
[2017-07-12 15:45:00][info] 写入结束!!!
[2017-07-12 16:14:14][info] ----------------------------------------
[2017-07-12 16:14:14][info] {"discount":"0.00","payment_type":"1","trade_no":"2017071221001004440225641477","subject":"\u8d35\u5dde\u5168\u666f\u6e38","buyer_email":"13823099636","gmt_create":"2017-07-12 16:14:03","notify_type":"trade_status_sync","quantity":"1","out_trade_no":"LX-17071210505827506-8","seller_id":"2088421286007493","notify_time":"2017-07-12 16:14:14","body":"\u897f\u6c5f\u5343\u6237\u82d7\u5be8-\u8354\u6ce2-\u9ed4\u4e1c\u5357-\u9547\u8fdc-\u9ec4\u679c\u6811-\u79d8\u5883\u8302\u5170\u6df1\u5ea6\u7eaf\u73a9\u4e5d\u65e5\u6e38","trade_status":"TRADE_SUCCESS","is_total_fee_adjust":"N","total_fee":"5030.00","gmt_payment":"2017-07-12 16:14:14","seller_email":"2287684289@qq.com","price":"5030.00","buyer_id":"2088122529184440","notify_id":"39d81987a4484eab8e950273d113d24jea","use_coupon":"N","sign_type":"MD5","sign":"9123937346cb18cc64648d17645804d8"}
[2017-07-12 16:14:15][info] 数据存储反馈成功！
[2017-07-12 16:14:15][info] success
[2017-07-12 16:14:15][info] 写入结束!!!
[2017-07-12 16:32:19][info] ----------------------------------------
[2017-07-12 16:32:19][info] {"discount":"0.00","payment_type":"1","trade_no":"2017071221001004060272410163","subject":"\u65b0\u7586\u5168\u666f","buyer_email":"fangwei2000@21cn.com","gmt_create":"2017-07-12 16:32:13","notify_type":"trade_status_sync","quantity":"1","out_trade_no":"LX-17070709313364801-5","seller_id":"2088421286007493","notify_time":"2017-07-12 16:32:19","body":"\u5580\u7eb3\u65af-\u79be\u6728-\u8d5b\u91cc\u6728\u6e56-\u85b0\u8863\u8349\u519c\u573a-\u5580\u62c9\u5cfb-\u90a3\u62c9\u63d0-\u5df4\u97f3\u5e03\u9c81\u514b-\u6c5f\u5e03\u62c9\u514b-\u4e94\u5f69\u6ee9-\u5410\u9c81\u756a13\u65e5\u6e38","trade_status":"TRADE_SUCCESS","is_total_fee_adjust":"N","total_fee":"6640.00","gmt_payment":"2017-07-12 16:32:19","seller_email":"2287684289@qq.com","price":"6640.00","buyer_id":"2088002044036063","notify_id":"8fea0ba3744c20e712cdd2f1cfc631dggq","use_coupon":"N","sign_type":"MD5","sign":"60c719d8e04193168a4498b35d0c4320"}
[2017-07-12 16:32:19][info] 数据存储反馈成功！
[2017-07-12 16:32:19][info] success
[2017-07-12 16:32:19][info] 写入结束!!!
[2017-07-12 16:51:08][info] ----------------------------------------
[2017-07-12 16:51:08][info] {"discount":"0.00","payment_type":"1","trade_no":"2017071221001004110273137601","subject":"\u5317\u7586\u91d1\u79cb\u6df1\u5ea6","buyer_email":"wumeifeiduo190@sina.com","gmt_create":"2017-07-12 16:50:53","notify_type":"trade_status_sync","quantity":"1","out_trade_no":"LX-17071216333716201-7","seller_id":"2088421286007493","notify_time":"2017-07-12 16:51:08","body":"38\u5c0f\u65f6\u79be\u6728-\u5580\u7eb3\u65af-\u767d\u54c8\u5df4-\u53ef\u53ef\u82cf\u91cc\u6e56-\u53ef\u53ef\u6258\u6d77-\u4e94\u5f69\u6ee9-\u9b54\u9b3c\u57ce10\u65e5\u5927\u73af\u7ebf","trade_status":"TRADE_SUCCESS","is_total_fee_adjust":"N","total_fee":"7330.00","gmt_payment":"2017-07-12 16:51:08","seller_email":"2287684289@qq.com","price":"7330.00","buyer_id":"2088302151726115","notify_id":"c3d3882d319d4118e86c6ebab6f4811gum","use_coupon":"N","sign_type":"MD5","sign":"00e0bcbb64b60820568856f0b53991e6"}
[2017-07-12 16:51:08][info] 数据存储反馈成功！
[2017-07-12 16:51:08][info] success
[2017-07-12 16:51:08][info] 写入结束!!!
[2017-07-12 19:03:00][info] ----------------------------------------
[2017-07-12 19:03:00][info] {"discount":"0.00","payment_type":"1","trade_no":"2017071221001004200220584840","subject":"\u7518\u5357\u5168\u666f","buyer_email":"13501226537","gmt_create":"2017-07-12 19:02:49","notify_type":"trade_status_sync","quantity":"1","out_trade_no":"LX-17071218483630601-b","seller_id":"2088421286007493","notify_time":"2017-07-12 19:03:00","body":"2017\u5e74\u72ec\u5bb6  \u62c9\u535c\u695e\u5bfa-\u624e\u5c15\u90a3-\u82b1\u6e56-\u5e74\u5b9d\u7389\u5219-\u82e5\u5c14\u76d6\u8349\u539f-\u963f\u4e07\u4ed3\u6e7f\u5730-\u5c15\u6d77\u6e56-\u90ce\u6728\u5bfa 8\u65e5\u6e38","trade_status":"TRADE_SUCCESS","is_total_fee_adjust":"N","total_fee":"3280.00","gmt_payment":"2017-07-12 19:03:00","seller_email":"2287684289@qq.com","price":"3280.00","buyer_id":"2088012352089206","notify_id":"c30a2b4d30e1d752f2b023c545b24e1hjm","use_coupon":"N","sign_type":"MD5","sign":"516d6c8006fa8cab2bce8bd15de506a9"}
[2017-07-12 19:03:01][info] 数据存储反馈成功！
[2017-07-12 19:03:01][info] success
[2017-07-12 19:03:01][info] 写入结束!!!
[2017-07-12 20:34:10][info] ----------------------------------------
[2017-07-12 20:34:10][info] {"discount":"0.00","payment_type":"1","trade_no":"2017041221001004300277545776","subject":"\u65b0\u7586\u5168\u666f","buyer_email":"haojenny@sohu.com","gmt_create":"2017-04-12 20:33:12","notify_type":"trade_status_sync","quantity":"1","out_trade_no":"LX-17041218490387201-1","seller_id":"2088421286007493","notify_time":"2017-07-12 20:34:10","body":"\u6c5f\u5e03\u62c9\u514b-\u4e94\u5f69\u6ee9-\u5580\u7eb3\u65af-\u79be\u6728-\u8d5b\u91cc\u6728\u6e56-\u85b0\u8863\u8349\u5e84\u56ed-\u5580\u62c9\u5cfb-\u90a3\u62c9\u63d0-\u5df4\u97f3\u5e03\u9c81\u514b-\u5410\u9c81\u756a13\u65e5\u6e38","trade_status":"TRADE_FINISHED","is_total_fee_adjust":"N","total_fee":"16140.00","gmt_payment":"2017-04-12 20:33:37","seller_email":"2287684289@qq.com","gmt_close":"2017-07-12 20:34:09","price":"16140.00","buyer_id":"2088002059176305","notify_id":"9523b48d95d1329c27d1561e3b082f8ibe","use_coupon":"N","sign_type":"MD5","sign":"a4463f0ddfa8972f22e7e46cd2de0b03"}
[2017-07-12 20:34:10][info] 数据存储反馈成功！
[2017-07-12 20:34:10][info] success
[2017-07-12 20:34:10][info] 写入结束!!!
[2017-07-12 21:36:41][info] ----------------------------------------
[2017-07-12 21:36:41][info] {"discount":"0.00","payment_type":"1","trade_no":"2017071221001004360226673272","subject":"\u65b0\u7586\u5168\u666f","buyer_email":"13803276788","gmt_create":"2017-07-12 21:35:59","notify_type":"trade_status_sync","quantity":"1","out_trade_no":"LX-17071220540578501-6","seller_id":"2088421286007493","notify_time":"2017-07-12 21:36:41","body":"\u5580\u7eb3\u65af-\u79be\u6728-\u8d5b\u91cc\u6728\u6e56-\u85b0\u8863\u8349\u519c\u573a-\u5580\u62c9\u5cfb-\u90a3\u62c9\u63d0-\u5df4\u97f3\u5e03\u9c81\u514b-\u6c5f\u5e03\u62c9\u514b-\u4e94\u5f69\u6ee9-\u5410\u9c81\u756a13\u65e5\u6e38","trade_status":"TRADE_SUCCESS","is_total_fee_adjust":"N","total_fee":"10600.00","gmt_payment":"2017-07-12 21:36:41","seller_email":"2287684289@qq.com","price":"10600.00","buyer_id":"2088622536544364","notify_id":"b805c8a9082731c1172af373039b3a4is2","use_coupon":"N","sign_type":"MD5","sign":"24c6075c0a93e2b2ad48dfe54969251a"}
[2017-07-12 21:36:42][info] 数据存储反馈成功！
[2017-07-12 21:36:42][info] success
[2017-07-12 21:36:42][info] 写入结束!!!
