[2017-08-12 07:12:15][info] ----------------------------------------
[2017-08-12 07:12:15][info] {"discount":"0.00","payment_type":"1","trade_no":"2017081221001004790219674088","subject":"\u8d35\u5dde\u5168\u666f\u6e38","buyer_email":"15810314700","gmt_create":"2017-08-12 07:09:55","notify_type":"trade_status_sync","quantity":"1","out_trade_no":"LX-17080617085536201-7","seller_id":"2088421286007493","notify_time":"2017-08-12 07:12:15","body":"\u897f\u6c5f\u5343\u6237\u82d7\u5be8-\u8354\u6ce2-\u9ed4\u4e1c\u5357-\u9547\u8fdc-\u9ec4\u679c\u6811-\u79d8\u5883\u8302\u5170\u6df1\u5ea6\u7eaf\u73a9\u4e5d\u65e5\u6e38","trade_status":"TRADE_SUCCESS","is_total_fee_adjust":"N","total_fee":"3980.00","gmt_payment":"2017-08-12 07:12:15","seller_email":"2287684289@qq.com","price":"3980.00","buyer_id":"2088902942240794","notify_id":"b6ce1d192828560fc5e48f882e2eb3cm3i","use_coupon":"N","sign_type":"MD5","sign":"f500780c5097464339abf5defbb859aa"}
[2017-08-12 07:12:15][info] 数据存储反馈成功！
[2017-08-12 07:12:15][info] success
[2017-08-12 07:12:15][info] 写入结束!!!
[2017-08-12 10:39:14][info] ----------------------------------------
[2017-08-12 10:39:14][info] {"discount":"0.00","payment_type":"1","trade_no":"2017081221001004520213905316","subject":"\u7518\u5357\u5168\u666f","buyer_email":"124708842@qq.com","gmt_create":"2017-08-12 10:38:38","notify_type":"trade_status_sync","quantity":"1","out_trade_no":"LX-17072911525872506-a","seller_id":"2088421286007493","notify_time":"2017-08-12 10:39:14","body":"2017\u5e74\u72ec\u5bb6  \u62c9\u535c\u695e\u5bfa-\u624e\u5c15\u90a3-\u82b1\u6e56-\u5e74\u5b9d\u7389\u5219-\u82e5\u5c14\u76d6\u8349\u539f-\u963f\u4e07\u4ed3\u6e7f\u5730-\u5c15\u6d77\u6e56-\u90ce\u6728\u5bfa 8\u65e5\u6e38","trade_status":"TRADE_SUCCESS","is_total_fee_adjust":"N","total_fee":"3280.00","gmt_payment":"2017-08-12 10:39:13","seller_email":"2287684289@qq.com","price":"3280.00","buyer_id":"2088102193545529","notify_id":"a0e990d2b2b52ae4675ddbc8ce657d5k0i","use_coupon":"N","sign_type":"MD5","sign":"4e8a3a9380a602bf1c9960552b936d8a"}
[2017-08-12 10:39:14][info] 数据存储反馈成功！
[2017-08-12 10:39:14][info] success
[2017-08-12 10:39:14][info] 写入结束!!!
[2017-08-12 10:42:24][info] ----------------------------------------
[2017-08-12 10:42:24][info] {"discount":"0.00","payment_type":"1","trade_no":"2017081221001004520213906599","subject":"\u7518\u5357\u5168\u666f","buyer_email":"124708842@qq.com","gmt_create":"2017-08-12 10:41:51","notify_type":"trade_status_sync","quantity":"1","out_trade_no":"LX-17071415371263306-7","seller_id":"2088421286007493","notify_time":"2017-08-12 10:42:24","body":"2017\u5e74\u72ec\u5bb6  \u62c9\u535c\u695e\u5bfa-\u624e\u5c15\u90a3-\u82b1\u6e56-\u5e74\u5b9d\u7389\u5219-\u82e5\u5c14\u76d6\u8349\u539f-\u963f\u4e07\u4ed3\u6e7f\u5730-\u5c15\u6d77\u6e56-\u90ce\u6728\u5bfa 8\u65e5\u6e38","trade_status":"TRADE_SUCCESS","is_total_fee_adjust":"N","total_fee":"4320.00","gmt_payment":"2017-08-12 10:42:24","seller_email":"2287684289@qq.com","price":"4320.00","buyer_id":"2088102193545529","notify_id":"2a35751ac8786bc1c2a2c8a72af5f8ek0i","use_coupon":"N","sign_type":"MD5","sign":"a76ec5c615ad012edff1e2222f47c45e"}
[2017-08-12 10:42:25][info] 数据存储反馈成功！
[2017-08-12 10:42:25][info] success
[2017-08-12 10:42:25][info] 写入结束!!!
[2017-08-12 11:29:31][info] ----------------------------------------
[2017-08-12 11:29:31][info] {"discount":"0.00","payment_type":"1","trade_no":"2017081221001004330250803669","subject":"\u4e1d\u7ef8\u4e4b\u8def\u5168\u666f\u6e389\u65e5","buyer_email":"13901599266","gmt_create":"2017-08-12 11:29:04","notify_type":"trade_status_sync","quantity":"1","out_trade_no":"LX-17080810532177606-9","seller_id":"2088421286007493","notify_time":"2017-08-12 11:29:31","body":"\u72ec\u5bb6\u6c34\u4e0a\u9b54\u9b3c\u57ce-\u65e0\u4eba\u533a\u539f\u751f\u6001\u96c5\u4e39\u63a2\u79d8-\u9752\u6d77\u6e56-\u8336\u5361\u76d0\u6e56-\u83ab\u9ad8\u7a9f-\u9e23\u6c99\u5c71\u6708\u7259\u6cc9-\u5f20\u6396\u4e39\u971e-\u5353\u5c14\u5c719\u65e5\u6e38","trade_status":"TRADE_SUCCESS","is_total_fee_adjust":"N","total_fee":"7560.00","gmt_payment":"2017-08-12 11:29:31","seller_email":"2287684289@qq.com","price":"7560.00","buyer_id":"2088802050824333","notify_id":"12a75a9fb1af255d524a65d7a55f911ijq","use_coupon":"N","sign_type":"MD5","sign":"bea401e6ac54bb07882e1e2c64ab6164"}
[2017-08-12 11:29:31][info] 数据存储反馈成功！
[2017-08-12 11:29:31][info] success
[2017-08-12 11:29:31][info] 写入结束!!!
[2017-08-12 12:33:39][info] ----------------------------------------
[2017-08-12 12:33:39][info] {"discount":"0.00","payment_type":"1","trade_no":"2017081221001004380293839636","subject":"\u4e1d\u7ef8\u4e4b\u8def\u5168\u666f\u6e389\u65e5","buyer_email":"13718889566","gmt_create":"2017-08-12 12:32:56","notify_type":"trade_status_sync","quantity":"1","out_trade_no":"LX-17080722235896306-4","seller_id":"2088421286007493","notify_time":"2017-08-12 12:33:39","body":"\u72ec\u5bb6\u6c34\u4e0a\u9b54\u9b3c\u57ce-\u65e0\u4eba\u533a\u539f\u751f\u6001\u96c5\u4e39\u63a2\u79d8-\u9752\u6d77\u6e56-\u8336\u5361\u76d0\u6e56-\u83ab\u9ad8\u7a9f-\u9e23\u6c99\u5c71\u6708\u7259\u6cc9-\u5f20\u6396\u4e39\u971e-\u5353\u5c14\u5c719\u65e5\u6e38","trade_status":"TRADE_SUCCESS","is_total_fee_adjust":"N","total_fee":"3780.00","gmt_payment":"2017-08-12 12:33:38","seller_email":"2287684289@qq.com","price":"3780.00","buyer_id":"2088902089077383","notify_id":"deaaec3f9d594d7e6ac0c460bdcfe4fixm","use_coupon":"N","sign_type":"MD5","sign":"04dfc4e99d493c956b47e872ddfe47dd"}
[2017-08-12 12:33:39][info] 数据存储反馈成功！
[2017-08-12 12:33:39][info] success
[2017-08-12 12:33:39][info] 写入结束!!!
[2017-08-12 13:16:21][info] ----------------------------------------
[2017-08-12 13:16:21][info] {"discount":"0.00","payment_type":"1","trade_no":"2017081221001004580219955386","subject":"\u7518\u5357\u5168\u666f","buyer_email":"zhaohuili1969@yahoo.com","gmt_create":"2017-08-12 13:16:10","notify_type":"trade_status_sync","quantity":"1","out_trade_no":"LX-17072622342190901-e","seller_id":"2088421286007493","notify_time":"2017-08-12 13:16:21","body":"2017\u5e74\u72ec\u5bb6  \u62c9\u535c\u695e\u5bfa-\u624e\u5c15\u90a3-\u82b1\u6e56-\u5e74\u5b9d\u7389\u5219-\u82e5\u5c14\u76d6\u8349\u539f-\u963f\u4e07\u4ed3\u6e7f\u5730-\u5c15\u6d77\u6e56-\u90ce\u6728\u5bfa 8\u65e5\u6e38","trade_status":"TRADE_SUCCESS","is_total_fee_adjust":"N","total_fee":"1640.00","gmt_payment":"2017-08-12 13:16:21","seller_email":"2287684289@qq.com","price":"1640.00","buyer_id":"2088302178984585","notify_id":"14df7b10390ab9d7097ed808275aa4dkh6","use_coupon":"N","sign_type":"MD5","sign":"481b309112d92ab11962615aea538dbe"}
[2017-08-12 13:16:22][info] 数据存储反馈成功！
[2017-08-12 13:16:22][info] success
[2017-08-12 13:16:22][info] 写入结束!!!
[2017-08-12 14:26:26][info] ----------------------------------------
[2017-08-12 14:26:26][info] {"discount":"0.00","payment_type":"1","trade_no":"2017081221001004450256930019","subject":"\u85cf\u5730\u5168\u666f","buyer_email":"18917566335","gmt_create":"2017-08-12 14:25:53","notify_type":"trade_status_sync","quantity":"1","out_trade_no":"LX-17081214024413106-c","seller_id":"2088421286007493","notify_time":"2017-08-12 14:26:26","body":"2017\u5e74\u62c9\u8428-\u73e0\u5cf0-\u7eb3\u6728\u63aa-\u6797\u829d-\u5df4\u677e\u63aa-\u5ce1\u8c37\u79d8\u5883-\u7f8a\u6e56-\u666e\u59c6\u96cd\u63aa-\u65e5\u5580\u521911\u65e5\u6df1\u5ea6\u6e38","trade_status":"TRADE_SUCCESS","is_total_fee_adjust":"N","total_fee":"13440.00","gmt_payment":"2017-08-12 14:26:25","seller_email":"2287684289@qq.com","price":"13440.00","buyer_id":"2088902865252456","notify_id":"a90aff1a876e91ce71a3d1984dc6cc1jh2","use_coupon":"N","sign_type":"MD5","sign":"464403f53598baf8f1e157152d254542"}
[2017-08-12 14:26:27][info] 数据存储反馈成功！
[2017-08-12 14:26:27][info] success
[2017-08-12 14:26:27][info] 写入结束!!!
[2017-08-12 16:50:42][info] ----------------------------------------
[2017-08-12 16:50:42][info] {"discount":"0.00","payment_type":"1","trade_no":"2017081221001004410202021494","subject":"\u65b0\u7586\u5168\u666f","buyer_email":"13096912305","gmt_create":"2017-08-12 16:49:51","notify_type":"trade_status_sync","quantity":"1","out_trade_no":"LX-17080816374681706-e","seller_id":"2088421286007493","notify_time":"2017-08-12 16:50:42","body":"\u5580\u7eb3\u65af-\u79be\u6728-\u8d5b\u91cc\u6728\u6e56-\u85b0\u8863\u8349\u519c\u573a-\u5580\u62c9\u5cfb-\u90a3\u62c9\u63d0-\u5df4\u97f3\u5e03\u9c81\u514b-\u6c5f\u5e03\u62c9\u514b-\u4e94\u5f69\u6ee9-\u5410\u9c81\u756a13\u65e5\u6e38","trade_status":"TRADE_SUCCESS","is_total_fee_adjust":"N","total_fee":"2590.00","gmt_payment":"2017-08-12 16:50:41","seller_email":"2287684289@qq.com","price":"2590.00","buyer_id":"2088502803376419","notify_id":"0aee08a07faec54c7b6c91ebe4ffeb4j5y","use_coupon":"N","sign_type":"MD5","sign":"280ee8d2381b5d3f937efdf2c07c2988"}
[2017-08-12 16:50:42][info] 数据存储反馈成功！
[2017-08-12 16:50:42][info] success
[2017-08-12 16:50:42][info] 写入结束!!!
[2017-08-12 17:55:11][info] ----------------------------------------
[2017-08-12 17:55:11][info] {"discount":"0.00","payment_type":"1","trade_no":"2017081221001004550225905537","subject":"\u65b0\u7586\u5168\u666f","buyer_email":"xxm6228@126.com","gmt_create":"2017-08-12 17:55:01","notify_type":"trade_status_sync","quantity":"1","out_trade_no":"LX-17081119375971306-d","seller_id":"2088421286007493","notify_time":"2017-08-12 17:55:11","body":"\u5580\u7eb3\u65af-\u79be\u6728-\u8d5b\u91cc\u6728\u6e56-\u85b0\u8863\u8349\u519c\u573a-\u5580\u62c9\u5cfb-\u90a3\u62c9\u63d0-\u5df4\u97f3\u5e03\u9c81\u514b-\u6c5f\u5e03\u62c9\u514b-\u4e94\u5f69\u6ee9-\u5410\u9c81\u756a13\u65e5\u6e38","trade_status":"TRADE_SUCCESS","is_total_fee_adjust":"N","total_fee":"2690.00","gmt_payment":"2017-08-12 17:55:10","seller_email":"2287684289@qq.com","price":"2690.00","buyer_id":"2088802500089552","notify_id":"834e577ec302d6f9a3765a48c5cde3ek8u","use_coupon":"N","sign_type":"MD5","sign":"e532dc24a7779d4fb5965175175576cb"}
[2017-08-12 17:55:11][info] 数据存储反馈成功！
[2017-08-12 17:55:11][info] success
[2017-08-12 17:55:11][info] 写入结束!!!
