[2017-07-06 00:33:08][info] ----------------------------------------
[2017-07-06 00:33:08][info] {"discount":"0.00","payment_type":"1","trade_no":"2017070621001004170205240862","subject":"\u4e1d\u7ef8\u4e4b\u8def\u7cbe\u534e\u4e03\u65e5\u6e38","buyer_email":"13556648002","gmt_create":"2017-07-06 00:32:50","notify_type":"trade_status_sync","quantity":"1","out_trade_no":"LX-17070520452938506-1","seller_id":"2088421286007493","notify_time":"2017-07-06 00:33:08","body":"2017\u5e74\u9752\u6d77\u6e56-\u8336\u5361\u76d0\u6e56-\u6566\u714c-\u5609\u5cea\u5173-\u5f20\u6396\u4e39\u971e\u4e03\u65e5\u6e38","trade_status":"TRADE_SUCCESS","is_total_fee_adjust":"N","total_fee":"2530.00","gmt_payment":"2017-07-06 00:33:08","seller_email":"2287684289@qq.com","price":"2530.00","buyer_id":"2088112540307173","notify_id":"b6ea1e711fc045cf0bb5c25a339a726hba","use_coupon":"N","sign_type":"MD5","sign":"9adce36fd5ad5353b5fe0069e05cbd2d"}
[2017-07-06 00:33:09][info] 数据存储反馈成功！
[2017-07-06 00:33:09][info] success
[2017-07-06 00:33:09][info] 写入结束!!!
[2017-07-06 09:04:33][info] ----------------------------------------
[2017-07-06 09:04:33][info] {"discount":"0.00","payment_type":"1","trade_no":"2017070621001004340213911712","subject":"\u7518\u5357\u5168\u666f","buyer_email":"13503208630","gmt_create":"2017-07-06 09:04:13","notify_type":"trade_status_sync","quantity":"1","out_trade_no":"LX-17070115251880406-4","seller_id":"2088421286007493","notify_time":"2017-07-06 09:04:33","body":"2017\u5e74\u72ec\u5bb6  \u62c9\u535c\u695e\u5bfa-\u624e\u5c15\u90a3-\u82b1\u6e56-\u5e74\u5b9d\u7389\u5219-\u82e5\u5c14\u76d6\u8349\u539f-\u963f\u4e07\u4ed3\u6e7f\u5730-\u5c15\u6d77\u6e56-\u90ce\u6728\u5bfa 8\u65e5\u6e38","trade_status":"TRADE_SUCCESS","is_total_fee_adjust":"N","total_fee":"3280.00","gmt_payment":"2017-07-06 09:04:32","seller_email":"2287684289@qq.com","price":"3280.00","buyer_id":"2088522010626343","notify_id":"d4355197795798bca1241bfe21e7576imi","use_coupon":"N","sign_type":"MD5","sign":"350043c2e0fd894aaadce09e6b86e010"}
[2017-07-06 09:04:33][info] 数据存储反馈成功！
[2017-07-06 09:04:33][info] success
[2017-07-06 09:04:33][info] 写入结束!!!
[2017-07-06 10:58:37][info] ----------------------------------------
[2017-07-06 10:58:37][info] {"discount":"0.00","payment_type":"1","trade_no":"2017070621001004980276324746","subject":"\u4e1d\u8def\u5dc5\u5cf0\u4f53\u9a8c\u5341\u65e5\u6e38","buyer_email":"13352000758","gmt_create":"2017-07-06 10:58:00","notify_type":"trade_status_sync","quantity":"1","out_trade_no":"LX-17070610000610001-3","seller_id":"2088421286007493","notify_time":"2017-07-06 10:58:37","body":"\u6c99\u5c9b-\u9752\u6d77\u6e56-\u8336\u5361\u76d0\u6e56-\u7941\u8fde-\u5f20\u6396-\u5609\u5cea\u5173-\u6566\u714c\u5341\u65e5\u6e38","trade_status":"TRADE_SUCCESS","is_total_fee_adjust":"N","total_fee":"10580.00","gmt_payment":"2017-07-06 10:58:36","seller_email":"2287684289@qq.com","price":"10580.00","buyer_id":"2088302047431987","notify_id":"56d79534fb584fae5dbc0fdd465178anka","use_coupon":"N","sign_type":"MD5","sign":"2d1a04a25ec74ae9f47b59f9d5d7ec8b"}
[2017-07-06 10:58:37][info] 数据存储反馈成功！
[2017-07-06 10:58:37][info] success
[2017-07-06 10:58:37][info] 写入结束!!!
[2017-07-06 11:43:20][info] ----------------------------------------
[2017-07-06 11:43:20][info] {"discount":"0.00","payment_type":"1","trade_no":"2017070621001004370285341664","subject":"\u65b0\u7586\u5168\u666f","buyer_email":"sjun0119@163.com","gmt_create":"2017-07-06 11:42:22","notify_type":"trade_status_sync","quantity":"1","out_trade_no":"LX-17070610180489201-b","seller_id":"2088421286007493","notify_time":"2017-07-06 11:43:20","body":"\u6c5f\u5e03\u62c9\u514b-\u4e94\u5f69\u6ee9-\u5580\u7eb3\u65af-\u79be\u6728-\u8d5b\u91cc\u6728\u6e56-\u85b0\u8863\u8349\u519c\u573a-\u5580\u62c9\u5cfb-\u90a3\u62c9\u63d0-\u5df4\u97f3\u5e03\u9c81\u514b-\u5410\u9c81\u756a13\u65e5\u6e38","trade_status":"TRADE_SUCCESS","is_total_fee_adjust":"N","total_fee":"15990.00","gmt_payment":"2017-07-06 11:43:20","seller_email":"2287684289@qq.com","price":"15990.00","buyer_id":"2088002199036370","notify_id":"8f2d2e2f5425c1cb47671a55c71d642iuu","use_coupon":"N","sign_type":"MD5","sign":"4606d3f01d6428ca11b282c75f81d644"}
[2017-07-06 11:43:21][info] 数据存储反馈成功！
[2017-07-06 11:43:21][info] success
[2017-07-06 11:43:21][info] 写入结束!!!
[2017-07-06 14:28:04][info] ----------------------------------------
[2017-07-06 14:28:04][info] {"discount":"0.00","payment_type":"1","trade_no":"2017070621001004780287547629","subject":"\u4e1d\u8def\u5dc5\u5cf0\u4f53\u9a8c\u5341\u65e5\u6e38","buyer_email":"13621344113","gmt_create":"2017-07-06 14:27:55","notify_type":"trade_status_sync","quantity":"1","out_trade_no":"LX-17062922460677801-0","seller_id":"2088421286007493","notify_time":"2017-07-06 14:28:03","body":"\u6c99\u5c9b-\u9752\u6d77\u6e56-\u8336\u5361\u76d0\u6e56-\u7941\u8fde-\u5f20\u6396-\u5609\u5cea\u5173-\u6566\u714c\u5341\u65e5\u6e38","trade_status":"TRADE_SUCCESS","is_total_fee_adjust":"N","total_fee":"6270.00","gmt_payment":"2017-07-06 14:28:03","seller_email":"2287684289@qq.com","price":"6270.00","buyer_id":"2088022631328780","notify_id":"4b61b9116130496039ea0481de146c3m0q","use_coupon":"N","sign_type":"MD5","sign":"cbea5805fca2b43fe029ded8a6073ee9"}
[2017-07-06 14:28:04][info] 数据存储反馈成功！
[2017-07-06 14:28:04][info] success
[2017-07-06 14:28:04][info] 写入结束!!!
[2017-07-06 14:28:46][info] ----------------------------------------
[2017-07-06 14:28:46][info] {"discount":"0.00","payment_type":"1","trade_no":"2017070621001004150292054660","subject":"\u7518\u5357\u5168\u666f","buyer_email":"136330198@qq.com","gmt_create":"2017-07-06 14:28:38","notify_type":"trade_status_sync","quantity":"1","out_trade_no":"LX-17062215135522401-d","seller_id":"2088421286007493","notify_time":"2017-07-06 14:28:46","body":"2017\u5e74\u72ec\u5bb6  \u62c9\u535c\u695e\u5bfa-\u624e\u5c15\u90a3-\u82b1\u6e56-\u5e74\u5b9d\u7389\u5219-\u82e5\u5c14\u76d6\u8349\u539f-\u963f\u4e07\u4ed3\u6e7f\u5730-\u5c15\u6d77\u6e56-\u90ce\u6728\u5bfa 8\u65e5\u6e38","trade_status":"TRADE_SUCCESS","is_total_fee_adjust":"N","total_fee":"3280.00","gmt_payment":"2017-07-06 14:28:46","seller_email":"2287684289@qq.com","price":"3280.00","buyer_id":"2088702964061155","notify_id":"cbfba4a41ce85ca9ba9b421d4826997h5q","use_coupon":"N","sign_type":"MD5","sign":"d35763c820b9dfb025c1549672fdf8f0"}
[2017-07-06 14:28:46][info] 数据存储反馈成功！
[2017-07-06 14:28:46][info] success
[2017-07-06 14:28:46][info] 写入结束!!!
[2017-07-06 18:57:59][info] ----------------------------------------
[2017-07-06 18:57:59][info] {"discount":"0.00","payment_type":"1","trade_no":"2017070621001004640299434561","subject":"\u4e09\u6c5f\u6e90\u6df1\u5ea6\u5927\u73af\u7ebf","buyer_email":"teacher_200510@126.com","gmt_create":"2017-07-06 18:57:43","notify_type":"trade_status_sync","quantity":"1","out_trade_no":"LX-17070618162816706-a","seller_id":"2088421286007493","notify_time":"2017-07-06 18:57:59","body":"2017\u5e74\u7518\u5357-\u5e74\u5b9d\u7389\u5219-\u8272\u8fbe-\u4e94\u660e\u4f5b\u5b66\u9662-\u5ddd\u85cf\u5317\u7ebf\u3001\u751f\u547d\u51c0\u571f\u4e09\u6c5f\u6e90-\u9102\u9675\u6e56 \u624e\u9675\u6e5612\u65e5\u4eba\u6587\u884c\u6444\u4e4b\u65c5\uff01","trade_status":"TRADE_SUCCESS","is_total_fee_adjust":"N","total_fee":"3400.00","gmt_payment":"2017-07-06 18:57:59","seller_email":"2287684289@qq.com","price":"3400.00","buyer_id":"2088002344251647","notify_id":"57157afbd39bdf023ffa320e0844fa2kxu","use_coupon":"N","sign_type":"MD5","sign":"ade9611381f0d0e70f0401c8b1540fb3"}
[2017-07-06 18:58:00][info] 数据存储反馈成功！
[2017-07-06 18:58:00][info] success
[2017-07-06 18:58:00][info] 写入结束!!!
[2017-07-06 21:43:21][info] ----------------------------------------
[2017-07-06 21:43:21][info] {"discount":"0.00","payment_type":"1","trade_no":"2017070621001004500262460661","subject":"\u4e1d\u7ef8\u4e4b\u8def\u7ecf\u5178\u4e5d\u65e5","buyer_email":"13820588985","gmt_create":"2017-07-06 21:43:02","notify_type":"trade_status_sync","quantity":"1","out_trade_no":"LX-17062412264232006-3","seller_id":"2088421286007493","notify_time":"2017-07-06 21:43:20","body":"\u6c99\u5c9b-\u9752\u6d77\u6e56-\u8336\u5361\u76d0\u6e56-\u5353\u5c14\u5c71-\u5f20\u6396\u4e39\u971e-\u5609\u5cea\u5173-\u6566\u714c9\u65e5\u6e38","trade_status":"TRADE_SUCCESS","is_total_fee_adjust":"N","total_fee":"1800.00","gmt_payment":"2017-07-06 21:43:20","seller_email":"2287684289@qq.com","price":"1800.00","buyer_id":"2088402148237500","notify_id":"a4d2ec254600797f8a2f0e74ebb853cjuy","use_coupon":"N","sign_type":"MD5","sign":"a2654ad7dca3216745c833513d71b519"}
[2017-07-06 21:43:21][info] 数据存储反馈成功！
[2017-07-06 21:43:21][info] success
[2017-07-06 21:43:21][info] 写入结束!!!
[2017-07-06 21:56:40][info] ----------------------------------------
[2017-07-06 21:56:40][info] {"discount":"0.00","payment_type":"1","trade_no":"2017070621001004270213503971","subject":"\u8d35\u5dde\u5168\u666f\u6e38","buyer_email":"flysnow621@yahoo.cn","gmt_create":"2017-07-06 21:56:30","notify_type":"trade_status_sync","quantity":"1","out_trade_no":"LX-17070519052894606-3","seller_id":"2088421286007493","notify_time":"2017-07-06 21:56:40","body":"\u79d8\u5883\u8302\u5170-\u8354\u6ce2-\u9ed4\u4e1c\u5357-\u9547\u8fdc-\u897f\u6c5f\u82d7\u5be8-\u9ec4\u679c\u6811\u6df1\u5ea6\u7eaf\u73a9\u4e5d\u65e5\u6e38","trade_status":"TRADE_SUCCESS","is_total_fee_adjust":"N","total_fee":"3050.00","gmt_payment":"2017-07-06 21:56:40","seller_email":"2287684289@qq.com","price":"3050.00","buyer_id":"2088002589453273","notify_id":"ca99caf3e316bc4bf2a2fc861503fe4i32","use_coupon":"N","sign_type":"MD5","sign":"ab67f4dd744beec8d827cbe4ba003615"}
[2017-07-06 21:56:41][info] 数据存储反馈成功！
[2017-07-06 21:56:41][info] success
[2017-07-06 21:56:41][info] 写入结束!!!
