[2017-06-01 10:49:41][info] ----------------------------------------
[2017-06-01 10:49:41][info] {"discount":"0.00","payment_type":"1","subject":"\u7518\u5357\u5168\u666f","trade_no":"2017060121001004620268272291","buyer_email":"zjgpanyu@hotmail.com","gmt_create":"2017-06-01 10:48:17","notify_type":"trade_status_sync","quantity":"1","out_trade_no":"LX-17053122512365606-6","seller_id":"2088421286007493","notify_time":"2017-06-01 10:49:41","body":"2017\u5e74\u72ec\u5bb6  \u516b\u89d2\u57ce-\u624e\u5c15\u90a3-\u82b1\u6e56-\u5e74\u5b9d\u7389\u5219-\u82e5\u5c14\u76d6\u8349\u539f-\u963f\u4e07\u4ed3\u6e7f\u5730-\u90ce\u6728\u5bfa 8\u65e5\u6e38","trade_status":"TRADE_SUCCESS","is_total_fee_adjust":"N","total_fee":"4920.00","gmt_payment":"2017-06-01 10:49:41","seller_email":"2287684289@qq.com","price":"4920.00","buyer_id":"2088002174875622","notify_id":"6d294340aec170ceed460355c769e08ksa","use_coupon":"N","sign_type":"MD5","sign":"86ff772bbe2f2fae2e437484ac324ce1"}
[2017-06-01 10:49:43][info] 数据存储反馈成功！
[2017-06-01 10:49:43][info] success
[2017-06-01 10:49:43][info] 写入结束!!!
[2017-06-01 17:54:41][info] ----------------------------------------
[2017-06-01 17:54:41][info] {"discount":"0.00","payment_type":"1","subject":"\u7518\u5357\u5168\u666f","trade_no":"2017060121001004580284337362","buyer_email":"jie760808@163.com","gmt_create":"2017-06-01 17:54:31","notify_type":"trade_status_sync","quantity":"1","out_trade_no":"LX-17052409193692706-1","seller_id":"2088421286007493","notify_time":"2017-06-01 17:54:41","body":"2017\u5e74\u72ec\u5bb6  \u516b\u89d2\u57ce-\u624e\u5c15\u90a3-\u82b1\u6e56-\u5e74\u5b9d\u7389\u5219-\u82e5\u5c14\u76d6\u8349\u539f-\u963f\u4e07\u4ed3\u6e7f\u5730-\u90ce\u6728\u5bfa 8\u65e5\u6e38","trade_status":"TRADE_SUCCESS","is_total_fee_adjust":"N","total_fee":"11520.00","gmt_payment":"2017-06-01 17:54:40","seller_email":"2287684289@qq.com","price":"11520.00","buyer_id":"2088002112625584","notify_id":"cf81c184423cfae79f815843b361a70kh6","use_coupon":"N","sign_type":"MD5","sign":"952485dfe1933cd62353d5ee9434dc52"}
[2017-06-01 17:54:42][info] 数据存储反馈成功！
[2017-06-01 17:54:42][info] success
[2017-06-01 17:54:42][info] 写入结束!!!
[2017-06-01 20:59:13][info] ----------------------------------------
[2017-06-01 20:59:13][info] {"discount":"0.00","payment_type":"1","subject":"\u5fc3\u82b1\u8def\u653e","trade_no":"2017060121001004230232287036","buyer_email":"s900589@126.com","gmt_create":"2017-06-01 20:58:41","notify_type":"trade_status_sync","quantity":"1","out_trade_no":"LX-17060116481743401-a","seller_id":"2088421286007493","notify_time":"2017-06-01 20:59:13","body":"\u5927\u7406\u53cc\u5eca\u3001\u6c99\u6eaa\u53e4\u9547\u3001\u4e3d\u6c5f\u53e4\u57ce\u3001\u9999\u683c\u91cc\u62c9\u3001\u6cf8\u6cbd\u6e567\u65e5\u6ec7\u897f\u5317\u5168\u666f\u6df1\u5ea6\u6e38","trade_status":"TRADE_SUCCESS","is_total_fee_adjust":"N","total_fee":"3280.00","gmt_payment":"2017-06-01 20:59:13","seller_email":"2287684289@qq.com","price":"3280.00","buyer_id":"2088002140720231","notify_id":"e4d11046aa40d2b70a95b8302f521cdhry","use_coupon":"N","sign_type":"MD5","sign":"e45dbba1a1d810d0d10315291a1c5ddc"}
[2017-06-01 20:59:14][info] 数据存储反馈成功！
[2017-06-01 20:59:14][info] success
[2017-06-01 20:59:14][info] 写入结束!!!
[2017-06-01 21:17:29][info] ----------------------------------------
[2017-06-01 21:17:29][info] {"discount":"0.00","payment_type":"1","subject":"\u7518\u5357\u5168\u666f","trade_no":"2017060121001004720231822835","buyer_email":"495946901@qq.com","gmt_create":"2017-06-01 21:17:10","notify_type":"trade_status_sync","quantity":"1","out_trade_no":"LX-17060121093888806-e","seller_id":"2088421286007493","notify_time":"2017-06-01 21:17:29","body":"2017\u5e74\u72ec\u5bb6  \u516b\u89d2\u57ce-\u624e\u5c15\u90a3-\u82b1\u6e56-\u5e74\u5b9d\u7389\u5219-\u82e5\u5c14\u76d6\u8349\u539f-\u963f\u4e07\u4ed3\u6e7f\u5730-\u90ce\u6728\u5bfa 8\u65e5\u6e38","trade_status":"TRADE_SUCCESS","is_total_fee_adjust":"N","total_fee":"2880.00","gmt_payment":"2017-06-01 21:17:28","seller_email":"2287684289@qq.com","price":"2880.00","buyer_id":"2088202734376725","notify_id":"9e4abbdf9affb293157bf3d114ac3f5lk2","use_coupon":"N","sign_type":"MD5","sign":"d192de2ba35480dc43854dbe6e1ca46d"}
[2017-06-01 21:17:29][info] 数据存储反馈成功！
[2017-06-01 21:17:29][info] success
[2017-06-01 21:17:29][info] 写入结束!!!
[2017-06-01 21:56:00][info] ----------------------------------------
[2017-06-01 21:56:00][info] {"discount":"0.00","payment_type":"1","subject":"\u96ea\u57df\u6843\u82b1\u6df1\u5ea6\u6e38","trade_no":"2017030221001004130204510267","buyer_email":"13076876820","gmt_create":"2017-03-02 21:54:12","notify_type":"trade_status_sync","quantity":"1","out_trade_no":"LX-1702171057434006-3","seller_id":"2088421286007493","notify_time":"2017-06-01 21:56:00","body":"2017\u5e74\u6797\u829d\u6843\u82b1\u6c9f-\u6ce2\u5bc6\u560e\u6717-\u5357\u8fe6\u5df4\u74e6\u5cf0-\u7136\u4e4c\u6e56-\u7c73\u5806\u51b0\u5ddd\u516b\u65e5\u6e38","trade_status":"TRADE_FINISHED","is_total_fee_adjust":"N","total_fee":"7160.00","gmt_payment":"2017-03-02 21:55:12","seller_email":"2287684289@qq.com","gmt_close":"2017-06-01 21:56:00","price":"7160.00","buyer_id":"2088702664086135","notify_id":"db907a35d8e8c92a8b7a5b2d8d21214h06","use_coupon":"N","sign_type":"MD5","sign":"d1e2c03a3d9c2be763816d6be1e389b5"}
[2017-06-01 21:56:00][info] 数据存储反馈成功！
[2017-06-01 21:56:00][info] success
[2017-06-01 21:56:00][info] 写入结束!!!
