[2017-09-30 10:29:25][info] ----------------------------------------
[2017-09-30 10:29:25][info] {"discount":"0.00","payment_type":"1","trade_no":"2017093021001004640272950337","subject":"\u989d\u6d4e\u7eb3\u6444\u5f71B\u7ebf","buyer_email":"gjxlh@126.com","gmt_create":"2017-09-30 10:28:04","notify_type":"trade_status_sync","quantity":"1","out_trade_no":"LX-17080813342515501-7","seller_id":"2088421286007493","notify_time":"2017-09-30 10:29:25","body":"\u989d\u6d4e\u7eb3\u80e1\u6768\u6797-\u5df4\u4e39\u5409\u6797\u8179\u5730-\u91d1\u5854\u80e1\u6768\u6797-\u602a\u6811\u6797-\u516b\u65e5","trade_status":"TRADE_SUCCESS","is_total_fee_adjust":"N","total_fee":"4800.00","gmt_payment":"2017-09-30 10:29:24","seller_email":"2287684289@qq.com","price":"4800.00","buyer_id":"2088102088629644","notify_id":"035e5feacd0abe2049af8a2d200b60ckxu","use_coupon":"N","sign_type":"MD5","sign":"370f1d9d5f13b43f5c490e6ab2784485"}
[2017-09-30 10:29:25][info] 数据存储反馈成功！
[2017-09-30 10:29:25][info] success
[2017-09-30 10:29:25][info] 写入结束!!!
[2017-09-30 10:42:57][info] ----------------------------------------
[2017-09-30 10:42:57][info] {"discount":"0.00","payment_type":"1","trade_no":"2017062921001004470202270681","subject":"\u65b0\u7586\u62fe\u5149\u5168\u666f\u5199\u771f\u65c5\u884c","buyer_email":"katechoy@sohu.com","gmt_create":"2017-06-29 10:41:57","notify_type":"trade_status_sync","quantity":"1","out_trade_no":"LX-17062910230910201-4","seller_id":"2088421286007493","notify_time":"2017-09-30 10:42:56","body":"\u4e4c\u9c81\u6728\u9f50-\u4e94\u5f69\u6ee9-\u5e03\u5c14\u6d25-\u5580\u7eb3\u65af-\u79be\u6728-\u9b54\u9b3c\u57ce-\u8d5b\u91cc\u6728\u6e56-\u89e3\u5fe7\u516c\u4e3b\u85b0\u8863\u8349\u519c\u573a-\u5580\u62c9\u5cfb-\u5df4\u97f3\u5e03\u9c81\u514b-\u535a\u65af\u817e\u6e56-\u5e93\u6728\u5854\u683c\u6c99\u6f2014\u65e5\u6e38","trade_status":"TRADE_FINISHED","is_total_fee_adjust":"N","total_fee":"2940.00","gmt_payment":"2017-06-29 10:42:18","seller_email":"2287684289@qq.com","gmt_close":"2017-09-30 10:42:56","price":"2940.00","buyer_id":"2088002986058479","notify_id":"c1766f22e26f6c023e1f46c6cd50af6jmm","use_coupon":"N","sign_type":"MD5","sign":"88017f98d01c73019e2d9e9591e8b237"}
[2017-09-30 10:42:57][info] 数据存储反馈成功！
[2017-09-30 10:42:57][info] success
[2017-09-30 10:42:57][info] 写入结束!!!
[2017-09-30 10:43:34][info] ----------------------------------------
[2017-09-30 10:43:34][info] {"discount":"0.00","payment_type":"1","trade_no":"2017093021001004040263272082","subject":"\u5927\u6f20\u4f20\u5947","buyer_email":"13798295038","gmt_create":"2017-09-30 10:42:25","notify_type":"trade_status_sync","quantity":"1","out_trade_no":"LX-17092918373370701-1","seller_id":"2088421286007493","notify_time":"2017-09-30 10:43:34","body":"\u989d\u6d4e\u7eb3\u80e1\u6768\u6797-\u5df4\u4e39\u5409\u6797\u8179\u5730-\u9752\u6d77\u6e56-\u8336\u5361\u76d0\u6e56-\u6c34\u4e0a\u96c5\u4e39-\u6566\u714c12\u65e5\u5927\u73af\u7ebf","trade_status":"TRADE_SUCCESS","is_total_fee_adjust":"N","total_fee":"6600.00","gmt_payment":"2017-09-30 10:43:34","seller_email":"2287684289@qq.com","price":"6600.00","buyer_id":"2088702683979049","notify_id":"63d18dbd4769ee478a3f917c29c231egb6","use_coupon":"N","sign_type":"MD5","sign":"9b29121c3682bb64f75638dc344759ba"}
[2017-09-30 10:43:35][info] 数据存储反馈成功！
[2017-09-30 10:43:35][info] success
[2017-09-30 10:43:35][info] 写入结束!!!
[2017-09-30 10:50:06][info] ----------------------------------------
[2017-09-30 10:50:06][info] {"discount":"0.00","payment_type":"1","trade_no":"2017062921001004550231597977","subject":"\u65b0\u7586\u5168\u666f","buyer_email":"591708851@qq.com","gmt_create":"2017-06-29 10:48:43","notify_type":"trade_status_sync","quantity":"1","out_trade_no":"LX-17062821073473306-e","seller_id":"2088421286007493","notify_time":"2017-09-30 10:50:05","body":"\u6c5f\u5e03\u62c9\u514b-\u4e94\u5f69\u6ee9-\u5580\u7eb3\u65af-\u79be\u6728-\u8d5b\u91cc\u6728\u6e56-\u85b0\u8863\u8349\u519c\u573a-\u5580\u62c9\u5cfb-\u90a3\u62c9\u63d0-\u5df4\u97f3\u5e03\u9c81\u514b-\u5410\u9c81\u756a13\u65e5\u6e38","trade_status":"TRADE_FINISHED","is_total_fee_adjust":"N","total_fee":"5380.00","gmt_payment":"2017-06-29 10:49:41","seller_email":"2287684289@qq.com","gmt_close":"2017-09-30 10:50:05","price":"5380.00","buyer_id":"2088202561654557","notify_id":"b092ecf35623138e55b6190e6c61035k8u","use_coupon":"N","sign_type":"MD5","sign":"616464562fe3757888c9f65e55697992"}
[2017-09-30 10:50:06][info] 数据存储反馈成功！
[2017-09-30 10:50:06][info] success
[2017-09-30 10:50:06][info] 写入结束!!!
[2017-09-30 10:50:43][info] ----------------------------------------
[2017-09-30 10:50:43][info] {"discount":"0.00","payment_type":"1","trade_no":"2017093021001004470524164217","subject":"\u989d\u6d4e\u7eb3\u6444\u5f71A","buyer_email":"tangguxiali@sina.com","gmt_create":"2017-09-30 10:47:46","notify_type":"trade_status_sync","quantity":"1","out_trade_no":"LX-17092923105334106-2","seller_id":"2088421286007493","notify_time":"2017-09-30 10:50:43","body":"\u4ed9\u7c73\u5f69\u6797-\u989d\u6d4e\u7eb3\u80e1\u6768\u6797-\u5f20\u6396\u4e39\u971e-\u91d1\u5854\u80e1\u6768\u6797-\u9ed1\u6c34\u57ce-\u5c45\u5ef6\u6d77-\u5609\u5cea\u5173\u52a8\u8f66\u8fd4\u7a0b7\u65e5\u6e38","trade_status":"TRADE_SUCCESS","is_total_fee_adjust":"N","total_fee":"7760.00","gmt_payment":"2017-09-30 10:50:43","seller_email":"2287684289@qq.com","price":"7760.00","buyer_id":"2088102132158474","notify_id":"e1d048b0678ec75ddf30b4061279bfcjmp","use_coupon":"N","sign_type":"MD5","sign":"b7c7671a8e7d647b0e87fe3e7024e506"}
[2017-09-30 10:50:44][info] 数据存储反馈成功！
[2017-09-30 10:50:44][info] success
[2017-09-30 10:50:44][info] 写入结束!!!
[2017-09-30 11:26:05][info] ----------------------------------------
[2017-09-30 11:26:05][info] {"discount":"0.00","payment_type":"1","trade_no":"2017062921001004130290787455","subject":"\u7518\u5357\u5168\u666f","buyer_email":"karen0073@163.com","gmt_create":"2017-06-29 11:25:44","notify_type":"trade_status_sync","quantity":"1","out_trade_no":"LX-17060215224654406-a","seller_id":"2088421286007493","notify_time":"2017-09-30 11:26:05","body":"2017\u5e74\u72ec\u5bb6  \u516b\u89d2\u57ce-\u624e\u5c15\u90a3-\u82b1\u6e56-\u5e74\u5b9d\u7389\u5219-\u82e5\u5c14\u76d6\u8349\u539f-\u963f\u4e07\u4ed3\u6e7f\u5730-\u90ce\u6728\u5bfa 8\u65e5\u6e38","trade_status":"TRADE_FINISHED","is_total_fee_adjust":"N","total_fee":"3680.00","gmt_payment":"2017-06-29 11:26:03","seller_email":"2287684289@qq.com","gmt_close":"2017-09-30 11:26:05","price":"3680.00","buyer_id":"2088002592116130","notify_id":"770015c8fdc02dd3d80560eef39884dh06","use_coupon":"N","sign_type":"MD5","sign":"9e8ab70cb7c7c8a042b5b77d45b42474"}
[2017-09-30 11:26:05][info] 数据存储反馈成功！
[2017-09-30 11:26:05][info] success
[2017-09-30 11:26:05][info] 写入结束!!!
[2017-09-30 11:44:01][info] ----------------------------------------
[2017-09-30 11:44:01][info] {"discount":"0.00","payment_type":"1","trade_no":"2017093021001004300522434227","subject":"\u8eba\u7740\u53bb\u8d4f\u79cb","buyer_email":"13611438983","gmt_create":"2017-09-30 11:42:45","notify_type":"trade_status_sync","quantity":"1","out_trade_no":"LX-17090521552121006-f","seller_id":"2088421286007493","notify_time":"2017-09-30 11:44:01","body":"2017\u5e74\u989d\u6d4e\u7eb3\u65d7\u80e1\u6768\u67976\u65e5 \u897f\u5b89\u51fa\u53d1 \u53cc\u5367\u706b\u8f66\u56e2","trade_status":"TRADE_SUCCESS","is_total_fee_adjust":"N","total_fee":"6560.00","gmt_payment":"2017-09-30 11:44:00","seller_email":"2287684289@qq.com","price":"6560.00","buyer_id":"2088112223636303","notify_id":"842dcf133fe5101f3c65b1bf093243cibh","use_coupon":"N","sign_type":"MD5","sign":"fe1b7e7c7e9dd4b99e12f4504bc9316c"}
[2017-09-30 11:44:01][info] 数据存储反馈成功！
[2017-09-30 11:44:01][info] success
[2017-09-30 11:44:01][info] 写入结束!!!
[2017-09-30 13:17:36][info] ----------------------------------------
[2017-09-30 13:17:36][info] {"discount":"0.00","payment_type":"1","trade_no":"2017093021001004010246005914","subject":"\u7eaf\u575d\u4e0a\u4f11\u95f2","buyer_email":"13861828680","gmt_create":"2017-09-30 13:17:22","notify_type":"trade_status_sync","quantity":"1","out_trade_no":"LX-17093012461374101-0","seller_id":"2088421286007493","notify_time":"2017-09-30 13:17:36","body":"\u201c\u72ec\u5bb6\u5b9a\u5236\u00b7\u6728\u5170\u56f4\u573a\u00b7\u7b56\u9a6c\u626c\u97ad\u201d\u4e94\u65e5\u4f11\u95f2\u7eaf\u73a9+\u6444\u5f71\u8d8a\u91ce\u4e4b\u65c5\uff01","trade_status":"TRADE_SUCCESS","is_total_fee_adjust":"N","total_fee":"9570.00","gmt_payment":"2017-09-30 13:17:36","seller_email":"2287684289@qq.com","price":"9570.00","buyer_id":"2088712628206015","notify_id":"bda8ce693052ed6798eb9a759c120a8g2u","use_coupon":"N","sign_type":"MD5","sign":"fa604a30634f2dfe9347afe93f597336"}
[2017-09-30 13:17:36][info] 数据存储反馈成功！
[2017-09-30 13:17:36][info] success
[2017-09-30 13:17:36][info] 写入结束!!!
[2017-09-30 13:45:02][info] ----------------------------------------
[2017-09-30 13:45:02][info] {"discount":"0.00","payment_type":"1","trade_no":"2017062921001004320220557037","subject":"\u7518\u5357\u5168\u666f","buyer_email":"13810395676","gmt_create":"2017-06-29 13:44:09","notify_type":"trade_status_sync","quantity":"1","out_trade_no":"LX-17062913302866506-f","seller_id":"2088421286007493","notify_time":"2017-09-30 13:45:02","body":"2017\u5e74\u72ec\u5bb6  \u516b\u89d2\u57ce-\u624e\u5c15\u90a3-\u82b1\u6e56-\u5e74\u5b9d\u7389\u5219-\u82e5\u5c14\u76d6\u8349\u539f-\u963f\u4e07\u4ed3\u6e7f\u5730-\u90ce\u6728\u5bfa 8\u65e5\u6e38","trade_status":"TRADE_FINISHED","is_total_fee_adjust":"N","total_fee":"1640.00","gmt_payment":"2017-06-29 13:44:18","seller_email":"2287684289@qq.com","gmt_close":"2017-09-30 13:45:02","price":"1640.00","buyer_id":"2088502239184321","notify_id":"9efe225dcd6712b9bcf05133242ef16igy","use_coupon":"N","sign_type":"MD5","sign":"c8e64e250fbc83471969dd5795e2d65e"}
[2017-09-30 13:45:02][info] 数据存储反馈成功！
[2017-09-30 13:45:02][info] success
[2017-09-30 13:45:02][info] 写入结束!!!
[2017-09-30 14:08:55][info] ----------------------------------------
[2017-09-30 14:08:55][info] {"discount":"0.00","payment_type":"1","trade_no":"2017093021001004740295533546","subject":"\u989d\u6d4e\u7eb3\u5168\u666f","buyer_email":"13738026633","gmt_create":"2017-09-30 14:08:47","notify_type":"trade_status_sync","quantity":"1","out_trade_no":"LX-17093011344235501-4","seller_id":"2088421286007493","notify_time":"2017-09-30 14:08:55","body":"\u989d\u6d4e\u7eb3\u80e1\u6768\u6797-\u6566\u714c\u5168\u666f-\u5df4\u4e39\u5409\u6797-\u5f20\u6396\u4e39\u971e-\u5609\u5cea\u5173-\u91d1\u5854\u80e1\u6768\u6797-\u52a8\u8f668\u65e5","trade_status":"TRADE_SUCCESS","is_total_fee_adjust":"N","total_fee":"4180.00","gmt_payment":"2017-09-30 14:08:54","seller_email":"2287684289@qq.com","price":"4180.00","buyer_id":"2088802323410742","notify_id":"8f6e4295664b9b4b75b48089b52e07alpm","use_coupon":"N","sign_type":"MD5","sign":"c5ae3447bbe98f47d80bd550381d8f54"}
[2017-09-30 14:08:55][info] 数据存储反馈成功！
[2017-09-30 14:08:55][info] success
[2017-09-30 14:08:55][info] 写入结束!!!
[2017-09-30 14:22:39][info] ----------------------------------------
[2017-09-30 14:22:39][info] {"discount":"0.00","payment_type":"1","trade_no":"2017093021001004240522663981","subject":"\u989d\u6d4e\u7eb3\u5168\u666f","buyer_email":"caizhenyue@163.com","gmt_create":"2017-09-30 14:22:21","notify_type":"trade_status_sync","quantity":"1","out_trade_no":"LX-17090515321873101-7","seller_id":"2088421286007493","notify_time":"2017-09-30 14:22:39","body":"\u989d\u6d4e\u7eb3\u80e1\u6768\u6797-\u6566\u714c\u5168\u666f-\u5df4\u4e39\u5409\u6797-\u5f20\u6396\u4e39\u971e-\u5609\u5cea\u5173-\u91d1\u5854\u80e1\u6768\u6797-\u52a8\u8f668\u65e5","trade_status":"TRADE_SUCCESS","is_total_fee_adjust":"N","total_fee":"2532.50","gmt_payment":"2017-09-30 14:22:39","seller_email":"2287684289@qq.com","price":"2532.50","buyer_id":"2088002311242241","notify_id":"1738f7617d4113a5c4bb9d6cf1191bchut","use_coupon":"N","sign_type":"MD5","sign":"6537316b07b556e0c5db5a324c7eae84"}
[2017-09-30 14:22:40][info] 数据存储反馈成功！
[2017-09-30 14:22:40][info] success
[2017-09-30 14:22:40][info] 写入结束!!!
[2017-09-30 14:59:06][info] ----------------------------------------
[2017-09-30 14:59:06][info] {"discount":"0.00","payment_type":"1","trade_no":"2017062921001004760297929001","subject":"\u4e1d\u8def\u5dc5\u5cf0\u4f53\u9a8c\u5341\u65e5\u6e38","buyer_email":"wangyingfenggu@163.com","gmt_create":"2017-06-29 14:58:40","notify_type":"trade_status_sync","quantity":"1","out_trade_no":"LX-17062912373340206-0","seller_id":"2088421286007493","notify_time":"2017-09-30 14:59:06","body":"\u6c99\u5c9b-\u9752\u6d77\u6e56-\u8336\u5361\u76d0\u6e56-\u7941\u8fde-\u5f20\u6396-\u5609\u5cea\u5173-\u6566\u714c\u5341\u65e5\u6e38","trade_status":"TRADE_FINISHED","is_total_fee_adjust":"N","total_fee":"4180.00","gmt_payment":"2017-06-29 14:58:49","seller_email":"2287684289@qq.com","gmt_close":"2017-09-30 14:59:06","price":"4180.00","buyer_id":"2088002493324760","notify_id":"bf745f2f7137f69ecab2d5965493c64lv6","use_coupon":"N","sign_type":"MD5","sign":"9cc35718955bc41a5adc1bde8e3067b0"}
[2017-09-30 14:59:06][info] 数据存储反馈成功！
[2017-09-30 14:59:06][info] success
[2017-09-30 14:59:06][info] 写入结束!!!
[2017-09-30 15:15:54][info] ----------------------------------------
[2017-09-30 15:15:54][info] {"discount":"0.00","payment_type":"1","trade_no":"2017093021001004780266056337","subject":"\u989d\u6d4e\u7eb3\u6700\u7f8e\u9ad8\u94c1\u56e2","buyer_email":"13853110960","gmt_create":"2017-09-30 15:15:37","notify_type":"trade_status_sync","quantity":"1","out_trade_no":"LX-17092921482842801-d","seller_id":"2088421286007493","notify_time":"2017-09-30 15:15:54","body":"2017\u989d\u6d4e\u7eb3\u65d7\u80e1\u6768\u6797\u516d\u65e5\u6e38-\u9886\u8896\u6237\u5916\u72ec\u5bb6\u9996\u521b","trade_status":"TRADE_SUCCESS","is_total_fee_adjust":"N","total_fee":"7911.00","gmt_payment":"2017-09-30 15:15:53","seller_email":"2287684289@qq.com","price":"7911.00","buyer_id":"2088802522768781","notify_id":"caeb554157977249e1c626c8c93d016m0q","use_coupon":"N","sign_type":"MD5","sign":"69ec06bf3366e8e5beb162bca8a59d08"}
[2017-09-30 15:15:54][info] 数据存储反馈成功！
[2017-09-30 15:15:54][info] success
[2017-09-30 15:15:54][info] 写入结束!!!
[2017-09-30 15:31:01][info] ----------------------------------------
[2017-09-30 15:31:01][info] {"discount":"0.00","payment_type":"1","trade_no":"2017062921001004300214475365","subject":"\u65b0\u7586\u5168\u666f","buyer_email":"haojenny@sohu.com","gmt_create":"2017-06-29 15:29:35","notify_type":"trade_status_sync","quantity":"1","out_trade_no":"LX-17062915243348801-2","seller_id":"2088421286007493","notify_time":"2017-09-30 15:31:00","body":"\u6c5f\u5e03\u62c9\u514b-\u4e94\u5f69\u6ee9-\u5580\u7eb3\u65af-\u79be\u6728-\u8d5b\u91cc\u6728\u6e56-\u85b0\u8863\u8349\u519c\u573a-\u5580\u62c9\u5cfb-\u90a3\u62c9\u63d0-\u5df4\u97f3\u5e03\u9c81\u514b-\u5410\u9c81\u756a13\u65e5\u6e38","trade_status":"TRADE_FINISHED","is_total_fee_adjust":"N","total_fee":"10760.00","gmt_payment":"2017-06-29 15:30:04","seller_email":"2287684289@qq.com","gmt_close":"2017-09-30 15:31:00","price":"10760.00","buyer_id":"2088002059176305","notify_id":"3751f06aef8036b4aed5ea2284b87b7ibe","use_coupon":"N","sign_type":"MD5","sign":"0737c8968f04285ce39d1d4558788c2f"}
[2017-09-30 15:31:01][info] 数据存储反馈成功！
[2017-09-30 15:31:01][info] success
[2017-09-30 15:31:01][info] 写入结束!!!
[2017-09-30 15:42:52][info] ----------------------------------------
[2017-09-30 15:42:52][info] {"discount":"0.00","payment_type":"1","trade_no":"2017062921001004810204855897","subject":"\u4e1d\u8def\u5dc5\u5cf0\u4f53\u9a8c\u5341\u65e5\u6e38","buyer_email":"helen_r_liu@hotmail.com","gmt_create":"2017-06-29 15:42:13","notify_type":"trade_status_sync","quantity":"1","out_trade_no":"LX-17062813205036806-e","seller_id":"2088421286007493","notify_time":"2017-09-30 15:42:51","body":"\u6c99\u5c9b-\u9752\u6d77\u6e56-\u8336\u5361\u76d0\u6e56-\u7941\u8fde-\u5f20\u6396-\u5609\u5cea\u5173-\u6566\u714c\u5341\u65e5\u6e38","trade_status":"TRADE_FINISHED","is_total_fee_adjust":"N","total_fee":"5270.00","gmt_payment":"2017-06-29 15:42:19","seller_email":"2287684289@qq.com","gmt_close":"2017-09-30 15:42:51","price":"5270.00","buyer_id":"2088002557821815","notify_id":"5ed6c133979dc4c1eb45f597cb39ab9m92","use_coupon":"N","sign_type":"MD5","sign":"3bb14570dafa76d94bad8423969474a6"}
[2017-09-30 15:42:52][info] 数据存储反馈成功！
[2017-09-30 15:42:52][info] success
[2017-09-30 15:42:52][info] 写入结束!!!
[2017-09-30 15:43:59][info] ----------------------------------------
[2017-09-30 15:43:59][info] {"discount":"0.00","payment_type":"1","trade_no":"2017062921001004500248393386","subject":"\u4e1d\u7ef8\u4e4b\u8def\u7ecf\u5178\u4e5d\u65e5","buyer_email":"13820588985","gmt_create":"2017-06-29 15:43:00","notify_type":"trade_status_sync","quantity":"1","out_trade_no":"LX-17062412264232006-0","seller_id":"2088421286007493","notify_time":"2017-09-30 15:43:59","body":"\u6c99\u5c9b-\u9752\u6d77\u6e56-\u8336\u5361\u76d0\u6e56-\u5353\u5c14\u5c71-\u5f20\u6396\u4e39\u971e-\u5609\u5cea\u5173-\u6566\u714c9\u65e5\u6e38","trade_status":"TRADE_FINISHED","is_total_fee_adjust":"N","total_fee":"9540.00","gmt_payment":"2017-06-29 15:43:30","seller_email":"2287684289@qq.com","gmt_close":"2017-09-30 15:43:59","price":"9540.00","buyer_id":"2088402148237500","notify_id":"8f9ded6978283e8bd9776e11374538ejuy","use_coupon":"N","sign_type":"MD5","sign":"d461a552c75185e7fd925b016b295f55"}
[2017-09-30 15:44:00][info] 数据存储反馈成功！
[2017-09-30 15:44:00][info] success
[2017-09-30 15:44:00][info] 写入结束!!!
[2017-09-30 16:00:58][info] ----------------------------------------
[2017-09-30 16:00:58][info] {"discount":"0.00","payment_type":"1","trade_no":"2017062921001004680299835338","subject":"\u4e1d\u8def\u5dc5\u5cf0\u4f53\u9a8c\u5341\u65e5\u6e38","buyer_email":"ipq321@163.com","gmt_create":"2017-06-29 15:59:05","notify_type":"trade_status_sync","quantity":"1","out_trade_no":"LX-1706202159003206-8","seller_id":"2088421286007493","notify_time":"2017-09-30 16:00:57","body":"\u6c99\u5c9b-\u9752\u6d77\u6e56-\u8336\u5361\u76d0\u6e56-\u7941\u8fde-\u5f20\u6396-\u5609\u5cea\u5173-\u6566\u714c\u5341\u65e5\u6e38","trade_status":"TRADE_FINISHED","is_total_fee_adjust":"N","total_fee":"8360.00","gmt_payment":"2017-06-29 16:00:34","seller_email":"2287684289@qq.com","gmt_close":"2017-09-30 16:00:57","price":"8360.00","buyer_id":"2088302762603681","notify_id":"d8c25dd898f6e2d1b8233ffdb5fdbc0l8y","use_coupon":"N","sign_type":"MD5","sign":"32883f6f4a14fb7a64c680ce2453583c"}
[2017-09-30 16:00:58][info] 数据存储反馈成功！
[2017-09-30 16:00:58][info] success
[2017-09-30 16:00:58][info] 写入结束!!!
[2017-09-30 16:26:31][info] ----------------------------------------
[2017-09-30 16:26:31][info] {"discount":"0.00","payment_type":"1","trade_no":"2017093021001004000275617210","subject":"\u989d\u6d4e\u7eb3\u5168\u666f","buyer_email":"18874240109","gmt_create":"2017-09-30 16:24:55","notify_type":"trade_status_sync","quantity":"1","out_trade_no":"LX-17093015581481606-4","seller_id":"2088421286007493","notify_time":"2017-09-30 16:26:31","body":"\u989d\u6d4e\u7eb3\u80e1\u6768\u6797-\u6566\u714c\u5168\u666f-\u5df4\u4e39\u5409\u6797-\u5f20\u6396\u4e39\u971e-\u5609\u5cea\u5173-\u91d1\u5854\u80e1\u6768\u6797-\u52a8\u8f668\u65e5","trade_status":"TRADE_SUCCESS","is_total_fee_adjust":"N","total_fee":"8000.00","gmt_payment":"2017-09-30 16:26:30","seller_email":"2287684289@qq.com","price":"8000.00","buyer_id":"2088702130421002","notify_id":"e4e5b1786de1e028616121be306a9feg02","use_coupon":"N","sign_type":"MD5","sign":"e0c26d69311d94bbf440efcd970f72ad"}
[2017-09-30 16:26:31][info] 数据存储反馈成功！
[2017-09-30 16:26:31][info] success
[2017-09-30 16:26:31][info] 写入结束!!!
[2017-09-30 17:25:38][info] ----------------------------------------
[2017-09-30 17:25:38][info] {"discount":"0.00","payment_type":"1","trade_no":"2017093021001004280523199933","subject":"\u989d\u6d4e\u7eb3\u6700\u7f8e\u9ad8\u94c1\u56e2","buyer_email":"legendfall8@126.com","gmt_create":"2017-09-30 17:25:09","notify_type":"trade_status_sync","quantity":"1","out_trade_no":"LX-17093017133227706-8","seller_id":"2088421286007493","notify_time":"2017-09-30 17:25:38","body":"2017\u989d\u6d4e\u7eb3\u65d7\u80e1\u6768\u6797\u516d\u65e5\u6e38-\u9886\u8896\u6237\u5916\u72ec\u5bb6\u9996\u521b","trade_status":"TRADE_SUCCESS","is_total_fee_adjust":"N","total_fee":"4580.00","gmt_payment":"2017-09-30 17:25:38","seller_email":"2287684289@qq.com","price":"4580.00","buyer_id":"2088612998777282","notify_id":"7efcfc71a5e6d914f8a92a8aab224e3i5x","use_coupon":"N","sign_type":"MD5","sign":"373b1f888955414bf563cec44e766a75"}
[2017-09-30 17:25:39][info] 数据存储反馈成功！
[2017-09-30 17:25:39][info] success
[2017-09-30 17:25:39][info] 写入结束!!!
[2017-09-30 17:43:53][info] ----------------------------------------
[2017-09-30 17:43:53][info] {"discount":"0.00","payment_type":"1","trade_no":"2017062921001004830299357196","subject":"\u4e1d\u8def\u5dc5\u5cf0\u4f53\u9a8c\u5341\u65e5\u6e38","buyer_email":"18657203092","gmt_create":"2017-06-29 17:42:42","notify_type":"trade_status_sync","quantity":"1","out_trade_no":"LX-17062917052538906-e","seller_id":"2088421286007493","notify_time":"2017-09-30 17:43:53","body":"\u6c99\u5c9b-\u9752\u6d77\u6e56-\u8336\u5361\u76d0\u6e56-\u7941\u8fde-\u5f20\u6396-\u5609\u5cea\u5173-\u6566\u714c\u5341\u65e5\u6e38","trade_status":"TRADE_FINISHED","is_total_fee_adjust":"N","total_fee":"8560.00","gmt_payment":"2017-06-29 17:43:23","seller_email":"2287684289@qq.com","gmt_close":"2017-09-30 17:43:53","price":"8560.00","buyer_id":"2088512765233839","notify_id":"a1d464ac94b7ab0f9508c50267ac7f8mem","use_coupon":"N","sign_type":"MD5","sign":"ba021d2ab9bc960bf71f42d870edadc4"}
[2017-09-30 17:43:53][info] 数据存储反馈成功！
[2017-09-30 17:43:53][info] success
[2017-09-30 17:43:53][info] 写入结束!!!
[2017-09-30 21:49:50][info] ----------------------------------------
[2017-09-30 21:49:50][info] {"discount":"0.00","payment_type":"1","trade_no":"2017093021001004200526657874","subject":"\u989d\u6d4e\u7eb3\u5168\u666f","buyer_email":"lala3211@163.com","gmt_create":"2017-09-30 21:49:39","notify_type":"trade_status_sync","quantity":"1","out_trade_no":"LX-17091713501945406-c","seller_id":"2088421286007493","notify_time":"2017-09-30 21:49:50","body":"\u989d\u6d4e\u7eb3\u80e1\u6768\u6797-\u6566\u714c\u5168\u666f-\u5df4\u4e39\u5409\u6797-\u5f20\u6396\u4e39\u971e-\u5609\u5cea\u5173-\u91d1\u5854\u80e1\u6768\u6797-\u52a8\u8f668\u65e5","trade_status":"TRADE_SUCCESS","is_total_fee_adjust":"N","total_fee":"6120.00","gmt_payment":"2017-09-30 21:49:49","seller_email":"2287684289@qq.com","price":"6120.00","buyer_id":"2088002025933202","notify_id":"18f3ad69675151a1bf8651e1a00b4efhjp","use_coupon":"N","sign_type":"MD5","sign":"77aa911d9d90d3b5fe73b8321d029422"}
[2017-09-30 21:49:50][info] 数据存储反馈成功！
[2017-09-30 21:49:50][info] success
[2017-09-30 21:49:50][info] 写入结束!!!
[2017-09-30 21:53:50][info] ----------------------------------------
[2017-09-30 21:53:50][info] {"discount":"0.00","payment_type":"1","trade_no":"2017062921001004200296650019","subject":"\u4e1d\u7ef8\u4e4b\u8def\u7ecf\u5178\u4e5d\u65e5","buyer_email":"15822191627","gmt_create":"2017-06-29 21:51:35","notify_type":"trade_status_sync","quantity":"1","out_trade_no":"LX-17062414181322006-9","seller_id":"2088421286007493","notify_time":"2017-09-30 21:53:50","body":"\u6c99\u5c9b-\u9752\u6d77\u6e56-\u8336\u5361\u76d0\u6e56-\u5353\u5c14\u5c71-\u5f20\u6396\u4e39\u971e-\u5609\u5cea\u5173-\u6566\u714c9\u65e5\u6e38","trade_status":"TRADE_FINISHED","is_total_fee_adjust":"N","total_fee":"11340.00","gmt_payment":"2017-06-29 21:52:53","seller_email":"2287684289@qq.com","gmt_close":"2017-09-30 21:53:50","price":"11340.00","buyer_id":"2088702456260206","notify_id":"cf1ee1c6e8943de9e475060b77075e2hjm","use_coupon":"N","sign_type":"MD5","sign":"442c4fc5b7a95e475b95ecf0b325ee76"}
[2017-09-30 21:53:50][info] 数据存储反馈成功！
[2017-09-30 21:53:50][info] success
[2017-09-30 21:53:50][info] 写入结束!!!
[2017-09-30 22:05:59][info] ----------------------------------------
[2017-09-30 22:05:59][info] {"discount":"0.00","payment_type":"1","trade_no":"2017062921001004880234113896","subject":"\u7518\u5357\u5168\u666f","buyer_email":"13951955232","gmt_create":"2017-06-29 22:05:48","notify_type":"trade_status_sync","quantity":"1","out_trade_no":"LX-17062717112355306-9","seller_id":"2088421286007493","notify_time":"2017-09-30 22:05:59","body":"2017\u5e74\u72ec\u5bb6  \u62c9\u535c\u695e\u5bfa-\u624e\u5c15\u90a3-\u82b1\u6e56-\u5e74\u5b9d\u7389\u5219-\u82e5\u5c14\u76d6\u8349\u539f-\u963f\u4e07\u4ed3\u6e7f\u5730-\u5c15\u6d77\u6e56-\u90ce\u6728\u5bfa 8\u65e5\u6e38","trade_status":"TRADE_FINISHED","is_total_fee_adjust":"N","total_fee":"9480.00","gmt_payment":"2017-06-29 22:05:55","seller_email":"2287684289@qq.com","gmt_close":"2017-09-30 22:05:59","price":"9480.00","buyer_id":"2088122676300887","notify_id":"0113fe0d2bf51593e7ef1200b6316aamsi","use_coupon":"N","sign_type":"MD5","sign":"ba05d7b33a3f9566a644d895c7bc540a"}
[2017-09-30 22:05:59][info] 数据存储反馈成功！
[2017-09-30 22:05:59][info] success
[2017-09-30 22:05:59][info] 写入结束!!!
