[2017-07-25 08:43:29][info] ----------------------------------------
[2017-07-25 08:43:29][info] {"discount":"0.00","payment_type":"1","trade_no":"2017072321001004940222039565","subject":"\u4e1d\u8def\u5dc5\u5cf0\u4f53\u9a8c\u4e5d\u65e5\u6e38B\u7ebf","buyer_email":"330856016@qq.com","gmt_create":"2017-07-23 11:06:20","notify_type":"trade_status_sync","quantity":"1","out_trade_no":"LX-17070421162720206-8","seller_id":"2088421286007493","notify_time":"2017-07-25 08:43:29","body":"\u9752\u6d77\u6e56-\u8336\u5361\u76d0\u6e56-\u9e23\u6c99\u5c71\u6708\u7259\u6cc9-\u83ab\u9ad8\u7a9f-\u96c5\u4e39\u9b54\u9b3c\u57ce-\u5609\u5cea\u5173-\u5f20\u6396\u4e39\u971e-\u9a6c\u8e44\u5bfa-\u5353\u5c14\u5c71\u8f7b\u5962\u52a8\u8f669\u65e5\u6e38","trade_status":"TRADE_SUCCESS","is_total_fee_adjust":"N","total_fee":"10075.00","gmt_payment":"2017-07-25 08:43:28","seller_email":"2287684289@qq.com","price":"10075.00","buyer_id":"2088022266063948","notify_id":"bfd1e1d15780858a5da46f1ce4d8d6bn96","use_coupon":"N","sign_type":"MD5","sign":"28b6ddd895c58fb5cb9392cf2fdb3d4e"}
[2017-07-25 08:43:29][info] 数据存储反馈成功！
[2017-07-25 08:43:29][info] success
[2017-07-25 08:43:29][info] 写入结束!!!
[2017-07-25 09:23:49][info] ----------------------------------------
[2017-07-25 09:23:49][info] {"discount":"0.00","payment_type":"1","trade_no":"2017072521001004960282247480","subject":"\u5580\u7eb3\u65af\u4e4b\u590f","buyer_email":"greawall@163.com","gmt_create":"2017-07-25 09:23:32","notify_type":"trade_status_sync","quantity":"1","out_trade_no":"LX-17072509035481906-0","seller_id":"2088421286007493","notify_time":"2017-07-25 09:23:49","body":"2017\u5e747\uff5e8\u6708 \u5929\u5c71\u5929\u6c60-\u5410\u9c81\u756a-\u5580\u7eb3\u65af-\u767d\u54c8\u5df4-\u4e94\u5f69\u6ee9-\u9b54\u9b3c\u57ce-\u79be\u6728\u6df1\u5ea6\u4e5d\u65e5\u6e38","trade_status":"TRADE_SUCCESS","is_total_fee_adjust":"N","total_fee":"2290.00","gmt_payment":"2017-07-25 09:23:49","seller_email":"2287684289@qq.com","price":"2290.00","buyer_id":"2088002610255960","notify_id":"5997f8e7051a061389b7f37b2577e53neq","use_coupon":"N","sign_type":"MD5","sign":"0baf3bd05da7933e623bfcbdf64a332b"}
[2017-07-25 09:23:49][info] 数据存储反馈成功！
[2017-07-25 09:23:49][info] success
[2017-07-25 09:23:49][info] 写入结束!!!
[2017-07-25 09:54:41][info] ----------------------------------------
[2017-07-25 09:54:41][info] {"discount":"0.00","payment_type":"1","trade_no":"2017072521001004930274992688","subject":"\u9189\u7f8e\u666e\u8005\u9ed1","buyer_email":"green9202@126.com","gmt_create":"2017-07-25 09:54:32","notify_type":"trade_status_sync","quantity":"1","out_trade_no":"LX-17072418225455001-e","seller_id":"2088421286007493","notify_time":"2017-07-25 09:54:41","body":"\u300a\u4e09\u751f\u4e09\u4e16\u300b\u666e\u8005\u9ed1\u2014\u4e16\u5916\u6843\u6e90\u575d\u7f8e\u2014\u9a6c\u5cad\u6cb3\u5927\u5ce1\u8c37\u2014\u9189\u7f8e\u4e07\u5cf0\u6797\u2014\u4e07\u5cf0\u6e56\u2014\u629a\u4ed9\u6e568\u65e5\u6df1\u5ea6\u6e38","trade_status":"TRADE_SUCCESS","is_total_fee_adjust":"N","total_fee":"6980.00","gmt_payment":"2017-07-25 09:54:40","seller_email":"2287684289@qq.com","price":"6980.00","buyer_id":"2088002054120938","notify_id":"e56a13de1b4d8301210530923474ff7n6e","use_coupon":"N","sign_type":"MD5","sign":"02673977120f9b900cc58b0a87be1c3c"}
[2017-07-25 09:54:41][info] 数据存储反馈成功！
[2017-07-25 09:54:41][info] success
[2017-07-25 09:54:41][info] 写入结束!!!
[2017-07-25 10:04:37][info] ----------------------------------------
[2017-07-25 10:04:37][info] {"discount":"0.00","payment_type":"1","trade_no":"2017072521001004240251871224","subject":"\u4e1d\u8def\u5dc5\u5cf0\u4f53\u9a8c\u4e5d\u65e5\u6e38B\u7ebf","buyer_email":"eastgreatshi@163.com","gmt_create":"2017-07-25 10:04:18","notify_type":"trade_status_sync","quantity":"1","out_trade_no":"LX-17072420203861106-f","seller_id":"2088421286007493","notify_time":"2017-07-25 10:04:37","body":"\u9752\u6d77\u6e56-\u8336\u5361\u76d0\u6e56-\u9e23\u6c99\u5c71\u6708\u7259\u6cc9-\u83ab\u9ad8\u7a9f-\u96c5\u4e39\u9b54\u9b3c\u57ce-\u5609\u5cea\u5173-\u5f20\u6396\u4e39\u971e-\u9a6c\u8e44\u5bfa-\u5353\u5c14\u5c71\u8f7b\u5962\u52a8\u8f669\u65e5\u6e38","trade_status":"TRADE_SUCCESS","is_total_fee_adjust":"N","total_fee":"10180.00","gmt_payment":"2017-07-25 10:04:36","seller_email":"2287684289@qq.com","price":"10180.00","buyer_id":"2088302467339249","notify_id":"f5e5b2302878e114fe4121c6b320700huq","use_coupon":"N","sign_type":"MD5","sign":"a7b3524ddfb8c41cccb7e62b8cf9ca84"}
[2017-07-25 10:04:37][info] 数据存储反馈成功！
[2017-07-25 10:04:37][info] success
[2017-07-25 10:04:37][info] 写入结束!!!
[2017-07-25 10:51:15][info] ----------------------------------------
[2017-07-25 10:51:15][info] {"discount":"0.00","payment_type":"1","trade_no":"2017072521001004540269632414","subject":"\u65b0\u7586\u62fe\u5149\u5168\u666f\u5199\u771f\u65c5\u884c","buyer_email":"13927588298","gmt_create":"2017-07-25 10:50:36","notify_type":"trade_status_sync","quantity":"1","out_trade_no":"LX-17072420471038601-7","seller_id":"2088421286007493","notify_time":"2017-07-25 10:51:14","body":"\u4e4c\u9c81\u6728\u9f50-\u4e94\u5f69\u6ee9-\u5e03\u5c14\u6d25-\u5580\u7eb3\u65af-\u79be\u6728-\u9b54\u9b3c\u57ce-\u8d5b\u91cc\u6728\u6e56-\u89e3\u5fe7\u516c\u4e3b\u85b0\u8863\u8349\u519c\u573a-\u5580\u62c9\u5cfb-\u5df4\u97f3\u5e03\u9c81\u514b-\u535a\u65af\u817e\u6e56-\u5e93\u6728\u5854\u683c\u6c99\u6f2014\u65e5\u6e38","trade_status":"TRADE_SUCCESS","is_total_fee_adjust":"N","total_fee":"4840.00","gmt_payment":"2017-07-25 10:51:14","seller_email":"2287684289@qq.com","price":"4840.00","buyer_id":"2088702825478542","notify_id":"d6e8e94a9ffac63ae501a9c1c5544c8k62","use_coupon":"N","sign_type":"MD5","sign":"a1ce57fd0e7f6d285495d8f7bb98e543"}
[2017-07-25 10:51:15][info] 数据存储反馈成功！
[2017-07-25 10:51:15][info] success
[2017-07-25 10:51:15][info] 写入结束!!!
[2017-07-25 12:35:19][info] ----------------------------------------
[2017-07-25 12:35:19][info] {"discount":"0.00","payment_type":"1","trade_no":"2017072521001004710269752463","subject":"\u7518\u5357\u5168\u666f","buyer_email":"021sgc@163.com","gmt_create":"2017-07-25 12:33:10","notify_type":"trade_status_sync","quantity":"1","out_trade_no":"LX-170714214827206-2","seller_id":"2088421286007493","notify_time":"2017-07-25 12:35:19","body":"2017\u5e74\u72ec\u5bb6  \u62c9\u535c\u695e\u5bfa-\u624e\u5c15\u90a3-\u82b1\u6e56-\u5e74\u5b9d\u7389\u5219-\u82e5\u5c14\u76d6\u8349\u539f-\u963f\u4e07\u4ed3\u6e7f\u5730-\u5c15\u6d77\u6e56-\u90ce\u6728\u5bfa 8\u65e5\u6e38","trade_status":"TRADE_SUCCESS","is_total_fee_adjust":"N","total_fee":"3280.00","gmt_payment":"2017-07-25 12:35:19","seller_email":"2287684289@qq.com","price":"3280.00","buyer_id":"2088102240884715","notify_id":"f9833eac7fa94916b67fb77362a0415lha","use_coupon":"N","sign_type":"MD5","sign":"3684afcc2791a3bc86d5af8e66f0d5d2"}
[2017-07-25 12:35:20][info] 数据存储反馈成功！
[2017-07-25 12:35:20][info] success
[2017-07-25 12:35:20][info] 写入结束!!!
[2017-07-25 15:06:08][info] ----------------------------------------
[2017-07-25 15:06:08][info] {"discount":"0.00","payment_type":"1","trade_no":"2017072521001004170239492328","subject":"\u4e1d\u7ef8\u4e4b\u8def\u7cbe\u534e\u4e03\u65e5\u6e38","buyer_email":"13556648002","gmt_create":"2017-07-25 15:05:57","notify_type":"trade_status_sync","quantity":"1","out_trade_no":"LX-17070520452938506-7","seller_id":"2088421286007493","notify_time":"2017-07-25 15:06:08","body":"2017\u5e74\u9752\u6d77\u6e56-\u8336\u5361\u76d0\u6e56-\u6566\u714c-\u5609\u5cea\u5173-\u5f20\u6396\u4e39\u971e\u4e03\u65e5\u6e38","trade_status":"TRADE_SUCCESS","is_total_fee_adjust":"N","total_fee":"2530.00","gmt_payment":"2017-07-25 15:06:07","seller_email":"2287684289@qq.com","price":"2530.00","buyer_id":"2088112540307173","notify_id":"69edacde55c7b36d8b22d04e454550dhba","use_coupon":"N","sign_type":"MD5","sign":"63aba6946c69fa2cf3e6c9bd7e353281"}
[2017-07-25 15:06:08][info] 数据存储反馈成功！
[2017-07-25 15:06:08][info] success
[2017-07-25 15:06:08][info] 写入结束!!!
[2017-07-25 15:37:35][info] ----------------------------------------
[2017-07-25 15:37:35][info] {"discount":"0.00","payment_type":"1","trade_no":"2017072521001004320272966543","subject":"\u8349\u539f\u7267\u6b4cA\u7ebf","buyer_email":"13957052051","gmt_create":"2017-07-25 15:37:23","notify_type":"trade_status_sync","quantity":"1","out_trade_no":"LX-1707031521231301-0","seller_id":"2088421286007493","notify_time":"2017-07-25 15:37:34","body":"\u6d77\u62c9\u5c14-\u91d1\u5e10\u6c57\u8499\u53e4\u90e8\u843d-\u5ba4\u97e6-\u767d\u6866\u6797-\u9ed1\u5c71\u5934\u9a91\u9a6c\u7a7f\u8d8a-186\u5f69\u5e26\u6cb3\u6ed1\u8349-\u72fc\u5c9b-\u6ee1\u6d32\u91cc5\u65e5\u6e38","trade_status":"TRADE_SUCCESS","is_total_fee_adjust":"N","total_fee":"1890.00","gmt_payment":"2017-07-25 15:37:34","seller_email":"2287684289@qq.com","price":"1890.00","buyer_id":"2088302229255329","notify_id":"bdb19a15ef85a3d43f78e535da2ad7eigy","use_coupon":"N","sign_type":"MD5","sign":"3c78278cf100100c9b431226396a3e9e"}
[2017-07-25 15:37:35][info] 数据存储反馈成功！
[2017-07-25 15:37:35][info] success
[2017-07-25 15:37:35][info] 写入结束!!!
[2017-07-25 15:51:19][info] ----------------------------------------
[2017-07-25 15:51:19][info] {"discount":"0.00","payment_type":"1","trade_no":"2017072521001004280270299548","subject":"\u4e1d\u8def\u5dc5\u5cf0\u4f53\u9a8c\u4e5d\u65e5\u6e38B\u7ebf","buyer_email":"13912135039@163.com","gmt_create":"2017-07-25 15:50:35","notify_type":"trade_status_sync","quantity":"1","out_trade_no":"LX-17071510213141301-7","seller_id":"2088421286007493","notify_time":"2017-07-25 15:51:19","body":"\u9752\u6d77\u6e56-\u8336\u5361\u76d0\u6e56-\u9e23\u6c99\u5c71\u6708\u7259\u6cc9-\u83ab\u9ad8\u7a9f-\u96c5\u4e39\u9b54\u9b3c\u57ce-\u5609\u5cea\u5173-\u5f20\u6396\u4e39\u971e-\u9a6c\u8e44\u5bfa-\u5353\u5c14\u5c71\u8f7b\u5962\u52a8\u8f669\u65e5\u6e38","trade_status":"TRADE_SUCCESS","is_total_fee_adjust":"N","total_fee":"3130.00","gmt_payment":"2017-07-25 15:51:19","seller_email":"2287684289@qq.com","price":"3130.00","buyer_id":"2088002017955285","notify_id":"974fa72d8fd456950465679de17b771i5u","use_coupon":"N","sign_type":"MD5","sign":"7a0ce35ba99de92e6ceff7dd3c060e42"}
[2017-07-25 15:51:19][info] 数据存储反馈成功！
[2017-07-25 15:51:19][info] success
[2017-07-25 15:51:19][info] 写入结束!!!
[2017-07-25 16:26:31][info] ----------------------------------------
[2017-07-25 16:26:31][info] {"discount":"0.00","payment_type":"1","trade_no":"2017072521001004800279370945","subject":"\u7518\u5357\u5168\u666f","buyer_email":"13957141579","gmt_create":"2017-07-25 16:26:21","notify_type":"trade_status_sync","quantity":"1","out_trade_no":"LX-17072515451152501-3","seller_id":"2088421286007493","notify_time":"2017-07-25 16:26:31","body":"2017\u5e74\u72ec\u5bb6  \u62c9\u535c\u695e\u5bfa-\u624e\u5c15\u90a3-\u82b1\u6e56-\u5e74\u5b9d\u7389\u5219-\u82e5\u5c14\u76d6\u8349\u539f-\u963f\u4e07\u4ed3\u6e7f\u5730-\u5c15\u6d77\u6e56-\u90ce\u6728\u5bfa 8\u65e5\u6e38","trade_status":"TRADE_SUCCESS","is_total_fee_adjust":"N","total_fee":"6580.00","gmt_payment":"2017-07-25 16:26:30","seller_email":"2287684289@qq.com","price":"6580.00","buyer_id":"2088712462951803","notify_id":"b2ddb10dd802b5c71a4c3fc8fb38778m6a","use_coupon":"N","sign_type":"MD5","sign":"bbfb767eeffe6e61f3385c295621742a"}
[2017-07-25 16:26:31][info] 数据存储反馈成功！
[2017-07-25 16:26:31][info] success
[2017-07-25 16:26:31][info] 写入结束!!!
[2017-07-25 20:30:21][info] ----------------------------------------
[2017-07-25 20:30:21][info] {"discount":"0.00","payment_type":"1","trade_no":"2017072521001004360249152295","subject":"\u5317\u7586\u91d1\u79cb\u81f3\u5c0a10\u65e5\u6e38","buyer_email":"13808875946","gmt_create":"2017-07-25 20:30:13","notify_type":"trade_status_sync","quantity":"1","out_trade_no":"LX-17072012093098806-c","seller_id":"2088421286007493","notify_time":"2017-07-25 20:30:21","body":"38\u5c0f\u65f6\u79be\u6728-\u5580\u7eb3\u65af-\u767d\u54c8\u5df4-\u53ef\u53ef\u82cf\u91cc\u6e56-\u53ef\u53ef\u6258\u6d77-\u4e94\u5f69\u6ee9-\u9b54\u9b3c\u57ce10\u65e5\u5927\u73af\u7ebf","trade_status":"TRADE_SUCCESS","is_total_fee_adjust":"N","total_fee":"9600.00","gmt_payment":"2017-07-25 20:30:21","seller_email":"2287684289@qq.com","price":"9600.00","buyer_id":"2088702186512361","notify_id":"deef41835a66f375dd003d8dfbb0256is2","use_coupon":"N","sign_type":"MD5","sign":"e2cf1ad0f0716307033f1ffc8d42aa35"}
[2017-07-25 20:30:21][info] 数据存储反馈成功！
[2017-07-25 20:30:21][info] success
[2017-07-25 20:30:21][info] 写入结束!!!
[2017-07-25 21:27:07][info] ----------------------------------------
[2017-07-25 21:27:07][info] {"discount":"0.00","payment_type":"1","trade_no":"2017072521001004490227061780","subject":"\u7518\u5357\u5168\u666f","buyer_email":"15951922111@139.com","gmt_create":"2017-07-25 21:26:47","notify_type":"trade_status_sync","quantity":"1","out_trade_no":"LX-17070321090491606-4","seller_id":"2088421286007493","notify_time":"2017-07-25 21:27:07","body":"2017\u5e74\u72ec\u5bb6  \u62c9\u535c\u695e\u5bfa-\u624e\u5c15\u90a3-\u82b1\u6e56-\u5e74\u5b9d\u7389\u5219-\u82e5\u5c14\u76d6\u8349\u539f-\u963f\u4e07\u4ed3\u6e7f\u5730-\u5c15\u6d77\u6e56-\u90ce\u6728\u5bfa 8\u65e5\u6e38","trade_status":"TRADE_SUCCESS","is_total_fee_adjust":"N","total_fee":"8100.00","gmt_payment":"2017-07-25 21:27:07","seller_email":"2287684289@qq.com","price":"8100.00","buyer_id":"2088812499474497","notify_id":"9b04d974150a2103783fc4951d09c90js6","use_coupon":"N","sign_type":"MD5","sign":"70faf4a809bc0416af17186346414f8d"}
[2017-07-25 21:27:07][info] 数据存储反馈成功！
[2017-07-25 21:27:07][info] success
[2017-07-25 21:27:07][info] 写入结束!!!
[2017-07-25 23:34:51][info] ----------------------------------------
[2017-07-25 23:34:51][info] {"discount":"0.00","payment_type":"1","trade_no":"2017072521001004730282018972","subject":"\u4e1d\u8def\u5dc5\u5cf0\u4f53\u9a8c\u4e5d\u65e5\u6e38B\u7ebf","buyer_email":"13928241030","gmt_create":"2017-07-25 23:34:26","notify_type":"trade_status_sync","quantity":"1","out_trade_no":"LX-1707101612342106-3","seller_id":"2088421286007493","notify_time":"2017-07-25 23:34:50","body":"\u9752\u6d77\u6e56-\u8336\u5361\u76d0\u6e56-\u9e23\u6c99\u5c71\u6708\u7259\u6cc9-\u83ab\u9ad8\u7a9f-\u96c5\u4e39\u9b54\u9b3c\u57ce-\u5609\u5cea\u5173-\u5f20\u6396\u4e39\u971e-\u9a6c\u8e44\u5bfa-\u5353\u5c14\u5c71\u8f7b\u5962\u52a8\u8f669\u65e5\u6e38","trade_status":"TRADE_SUCCESS","is_total_fee_adjust":"N","total_fee":"3050.00","gmt_payment":"2017-07-25 23:34:50","seller_email":"2287684289@qq.com","price":"3050.00","buyer_id":"2088512582116739","notify_id":"31565f82e373c185f3853abd4d0404dlmu","use_coupon":"N","sign_type":"MD5","sign":"9030f69eb6568913577d822271c57f00"}
[2017-07-25 23:34:51][info] 数据存储反馈成功！
[2017-07-25 23:34:51][info] success
[2017-07-25 23:34:51][info] 写入结束!!!
