[2017-09-03 09:16:04][info] ----------------------------------------
[2017-09-03 09:16:04][info] {"discount":"0.00","payment_type":"1","trade_no":"2017090321001004710249541750","subject":"\u5317\u7586\u91d1\u79cb\u81f3\u5c0a10\u65e5\u6e38","buyer_email":"13922197855","gmt_create":"2017-09-03 09:15:55","notify_type":"trade_status_sync","quantity":"1","out_trade_no":"LX-17090214113817606-9","seller_id":"2088421286007493","notify_time":"2017-09-03 09:16:04","body":"38\u5c0f\u65f6\u79be\u6728-\u5580\u7eb3\u65af-\u767d\u54c8\u5df4-\u53ef\u53ef\u82cf\u91cc\u6e56-\u53ef\u53ef\u6258\u6d77-\u4e94\u5f69\u6ee9-\u9b54\u9b3c\u57ce10\u65e5\u5927\u73af\u7ebf","trade_status":"TRADE_SUCCESS","is_total_fee_adjust":"N","total_fee":"5480.00","gmt_payment":"2017-09-03 09:16:03","seller_email":"2287684289@qq.com","price":"5480.00","buyer_id":"2088802330890715","notify_id":"f099490b0cbebf3b33599a3ba2a217blha","use_coupon":"N","sign_type":"MD5","sign":"d1fb7d36c1ef6c5da1451f89a8900f4f"}
[2017-09-03 09:16:04][info] 数据存储反馈成功！
[2017-09-03 09:16:04][info] success
[2017-09-03 09:16:04][info] 写入结束!!!
[2017-09-03 09:38:14][info] ----------------------------------------
[2017-09-03 09:38:14][info] {"discount":"0.00","payment_type":"1","trade_no":"2017090321001004020249672813","subject":"\u5317\u7586\u91d1\u79cb\u81f3\u5c0a10\u65e5\u6e38","buyer_email":"13646215320","gmt_create":"2017-09-03 09:33:30","notify_type":"trade_status_sync","quantity":"1","out_trade_no":"LX-17072616062873106-e","seller_id":"2088421286007493","notify_time":"2017-09-03 09:38:14","body":"38\u5c0f\u65f6\u79be\u6728-\u5580\u7eb3\u65af-\u767d\u54c8\u5df4-\u53ef\u53ef\u82cf\u91cc\u6e56-\u53ef\u53ef\u6258\u6d77-\u4e94\u5f69\u6ee9-\u9b54\u9b3c\u57ce10\u65e5\u5927\u73af\u7ebf","trade_status":"TRADE_SUCCESS","is_total_fee_adjust":"N","total_fee":"13800.00","gmt_payment":"2017-09-03 09:38:13","seller_email":"2287684289@qq.com","price":"13800.00","buyer_id":"2088702639776025","notify_id":"d686c0b4985664209a5f3a368ca1cf0g5m","use_coupon":"N","sign_type":"MD5","sign":"59325f9d20c08878f8367c9d95574d5c"}
[2017-09-03 09:38:14][info] 数据存储反馈成功！
[2017-09-03 09:38:14][info] success
[2017-09-03 09:38:14][info] 写入结束!!!
[2017-09-03 10:03:00][info] ----------------------------------------
[2017-09-03 10:03:00][info] {"discount":"0.00","payment_type":"1","trade_no":"2017060221001004110283922678","subject":"\u5fc3\u82b1\u8def\u653e","buyer_email":"hwxyt@sogou.com","gmt_create":"2017-06-02 10:02:12","notify_type":"trade_status_sync","quantity":"1","out_trade_no":"LX-17053122183910306-f","seller_id":"2088421286007493","notify_time":"2017-09-03 10:03:00","body":"\u5927\u7406\u53cc\u5eca\u3001\u6c99\u6eaa\u53e4\u9547\u3001\u4e3d\u6c5f\u53e4\u57ce\u3001\u9999\u683c\u91cc\u62c9\u3001\u6cf8\u6cbd\u6e567\u65e5\u6ec7\u897f\u5317\u5168\u666f\u6df1\u5ea6\u6e38","trade_status":"TRADE_FINISHED","is_total_fee_adjust":"N","total_fee":"3280.00","gmt_payment":"2017-06-02 10:02:25","seller_email":"2287684289@qq.com","gmt_close":"2017-09-03 10:03:00","price":"3280.00","buyer_id":"2088002053608118","notify_id":"5a36ebda52895777c677bd2e7b0425egum","use_coupon":"N","sign_type":"MD5","sign":"be9f89379e86b5e05ed477562c1968fd"}
[2017-09-03 10:03:00][info] 数据存储反馈成功！
[2017-09-03 10:03:00][info] success
[2017-09-03 10:03:00][info] 写入结束!!!
[2017-09-03 10:48:52][info] ----------------------------------------
[2017-09-03 10:48:52][info] {"discount":"0.00","payment_type":"1","trade_no":"2017090321001004370289846933","subject":"\u5317\u7586\u91d1\u79cb\u7ecf\u5178\u73af\u7ebf","buyer_email":"scf_zzzy@163.com","gmt_create":"2017-09-03 10:47:59","notify_type":"trade_status_sync","quantity":"1","out_trade_no":"LX-17090310303056401-1","seller_id":"2088421286007493","notify_time":"2017-09-03 10:48:51","body":"\u5580\u7eb3\u65af-\u767d\u54c8\u5df4-\u79be\u6728-\u4e94\u5f69\u6ee9-\u9b54\u9b3c\u57ce-\u53ef\u53ef\u6258\u6d77 9\u65e5\u6df1\u5ea6\u6e38","trade_status":"TRADE_SUCCESS","is_total_fee_adjust":"N","total_fee":"4880.00","gmt_payment":"2017-09-03 10:48:51","seller_email":"2287684289@qq.com","price":"4880.00","buyer_id":"2088802851046372","notify_id":"c5e268bc027577252dbf2d6490028e4iuu","use_coupon":"N","sign_type":"MD5","sign":"fb6a1ab8b34b3963895c5df3d4d26f91"}
[2017-09-03 10:48:52][info] 数据存储反馈成功！
[2017-09-03 10:48:52][info] success
[2017-09-03 10:48:52][info] 写入结束!!!
[2017-09-03 11:00:38][info] ----------------------------------------
[2017-09-03 11:00:38][info] {"discount":"0.00","payment_type":"1","trade_no":"2017090321001004040215299898","subject":"\u989d\u6d4e\u7eb3\u5168\u666f","buyer_email":"13809468989","gmt_create":"2017-09-03 11:00:15","notify_type":"trade_status_sync","quantity":"1","out_trade_no":"LX-17090310485821301-a","seller_id":"2088421286007493","notify_time":"2017-09-03 11:00:38","body":"\u989d\u6d4e\u7eb3\u80e1\u6768\u6797-\u6566\u714c\u5168\u666f-\u5df4\u4e39\u5409\u6797-\u5f20\u6396\u4e39\u971e-\u5609\u5cea\u5173-\u91d1\u5854\u80e1\u6768\u6797-\u52a8\u8f668\u65e5","trade_status":"TRADE_SUCCESS","is_total_fee_adjust":"N","total_fee":"4180.00","gmt_payment":"2017-09-03 11:00:38","seller_email":"2287684289@qq.com","price":"4180.00","buyer_id":"2088702033508044","notify_id":"1460039c222943dd572c49d0923dd6bgb6","use_coupon":"N","sign_type":"MD5","sign":"a5ccd9e2bfa9f38dc2dabb0a4c38664c"}
[2017-09-03 11:00:38][info] 数据存储反馈成功！
[2017-09-03 11:00:38][info] success
[2017-09-03 11:00:38][info] 写入结束!!!
[2017-09-03 11:05:12][info] ----------------------------------------
[2017-09-03 11:05:12][info] {"discount":"0.00","payment_type":"1","trade_no":"2017090321001004310285068661","subject":"\u5317\u7586\u91d1\u79cb\u7ecf\u5178\u73af\u7ebf","buyer_email":"13857489808","gmt_create":"2017-09-03 11:04:03","notify_type":"trade_status_sync","quantity":"1","out_trade_no":"LX-17090218124812306-8","seller_id":"2088421286007493","notify_time":"2017-09-03 11:05:12","body":"\u5580\u7eb3\u65af-\u767d\u54c8\u5df4-\u79be\u6728-\u4e94\u5f69\u6ee9-\u9b54\u9b3c\u57ce-\u53ef\u53ef\u6258\u6d77 9\u65e5\u6df1\u5ea6\u6e38","trade_status":"TRADE_SUCCESS","is_total_fee_adjust":"N","total_fee":"4880.00","gmt_payment":"2017-09-03 11:05:12","seller_email":"2287684289@qq.com","price":"4880.00","buyer_id":"2088602326506310","notify_id":"4a0b35ede27c448f2957b469616a7c1ie6","use_coupon":"N","sign_type":"MD5","sign":"21ce73f3849eb5aaeb6a4fe2eee80546"}
[2017-09-03 11:05:12][info] 数据存储反馈成功！
[2017-09-03 11:05:12][info] success
[2017-09-03 11:05:12][info] 写入结束!!!
[2017-09-03 11:06:42][info] ----------------------------------------
[2017-09-03 11:06:42][info] {"discount":"0.00","payment_type":"1","trade_no":"2017090321001004660219304055","subject":"\u989d\u6d4e\u7eb3\u6df1\u5ea6\u6e38","buyer_email":"523842021@qq.com","gmt_create":"2017-09-03 11:06:15","notify_type":"trade_status_sync","quantity":"1","out_trade_no":"LX-17090212160197506-4","seller_id":"2088421286007493","notify_time":"2017-09-03 11:06:42","body":"\u4ed9\u7c73\u5f69\u6797-\u7941\u8fde\u5c71-\u9a6c\u8e44\u5bfa-\u5f20\u6396\u4e39\u971e-\u91d1\u5854\u80e1\u6768\u6797-\u989d\u6d4e\u7eb3\u80e1\u6768\u6797-\u5c45\u5ef6\u6d77-\u5609\u5cea\u5173-\u52a8\u8f66\u8fd4\u7a0b7\u65e5\u6e38","trade_status":"TRADE_SUCCESS","is_total_fee_adjust":"N","total_fee":"3580.00","gmt_payment":"2017-09-03 11:06:41","seller_email":"2287684289@qq.com","price":"3580.00","buyer_id":"2088102109886665","notify_id":"868cf251fea845ad2c07c54e26d07edl3e","use_coupon":"N","sign_type":"MD5","sign":"6a7e0e3ecc1b3966a70344dea70d46e7"}
[2017-09-03 11:06:42][info] 数据存储反馈成功！
[2017-09-03 11:06:42][info] success
[2017-09-03 11:06:42][info] 写入结束!!!
[2017-09-03 11:10:59][info] ----------------------------------------
[2017-09-03 11:10:59][info] {"discount":"0.00","payment_type":"1","trade_no":"2017090321001004270216717576","subject":"\u7518\u5357\u5168\u666f","buyer_email":"13901376764","gmt_create":"2017-09-03 11:10:21","notify_type":"trade_status_sync","quantity":"1","out_trade_no":"LX-17090216343058606-e","seller_id":"2088421286007493","notify_time":"2017-09-03 11:10:59","body":"2017\u5e74\u72ec\u5bb6  \u62c9\u535c\u695e\u5bfa-\u624e\u5c15\u90a3-\u82b1\u6e56-\u5e74\u5b9d\u7389\u5219-\u82e5\u5c14\u76d6\u8349\u539f-\u963f\u4e07\u4ed3\u6e7f\u5730-\u5c15\u6d77\u6e56-\u90ce\u6728\u5bfa 8\u65e5\u6e38","trade_status":"TRADE_SUCCESS","is_total_fee_adjust":"N","total_fee":"6160.00","gmt_payment":"2017-09-03 11:10:58","seller_email":"2287684289@qq.com","price":"6160.00","buyer_id":"2088702419684274","notify_id":"ef8381f3964df850ff98c89fa3e9109i32","use_coupon":"N","sign_type":"MD5","sign":"4012c359bea3a1319b853c1dc88e3059"}
[2017-09-03 11:10:59][info] 数据存储反馈成功！
[2017-09-03 11:10:59][info] success
[2017-09-03 11:10:59][info] 写入结束!!!
[2017-09-03 12:22:23][info] ----------------------------------------
[2017-09-03 12:22:23][info] {"discount":"0.00","payment_type":"1","trade_no":"2017060221001004580285692914","subject":"\u7518\u5357\u5168\u666f","buyer_email":"13518823311","gmt_create":"2017-06-02 12:21:17","notify_type":"trade_status_sync","quantity":"1","out_trade_no":"LX-17060210164884106-e","seller_id":"2088421286007493","notify_time":"2017-09-03 12:22:23","body":"2017\u5e74\u72ec\u5bb6  \u516b\u89d2\u57ce-\u624e\u5c15\u90a3-\u82b1\u6e56-\u5e74\u5b9d\u7389\u5219-\u82e5\u5c14\u76d6\u8349\u539f-\u963f\u4e07\u4ed3\u6e7f\u5730-\u90ce\u6728\u5bfa 8\u65e5\u6e38","trade_status":"TRADE_FINISHED","is_total_fee_adjust":"N","total_fee":"2880.00","gmt_payment":"2017-06-02 12:21:31","seller_email":"2287684289@qq.com","gmt_close":"2017-09-03 12:22:23","price":"2880.00","buyer_id":"2088012919198583","notify_id":"8b03dc751adf11cef009c09330afbd4kh6","use_coupon":"N","sign_type":"MD5","sign":"97aade982b93bb4c5c5fc2cab0aec57d"}
[2017-09-03 12:22:23][info] 数据存储反馈成功！
[2017-09-03 12:22:23][info] success
[2017-09-03 12:22:23][info] 写入结束!!!
[2017-09-03 13:00:51][info] ----------------------------------------
[2017-09-03 13:00:51][info] {"discount":"0.00","payment_type":"1","trade_no":"2017090321001004090201182664","subject":"\u989d\u6d4e\u7eb3\u6700\u7f8e\u9ad8\u94c1\u56e2","buyer_email":"15875339054","gmt_create":"2017-09-03 13:00:43","notify_type":"trade_status_sync","quantity":"1","out_trade_no":"LX-17090312330989206-e","seller_id":"2088421286007493","notify_time":"2017-09-03 13:00:51","body":"2017\u989d\u6d4e\u7eb3\u65d7\u80e1\u6768\u6797\u516d\u65e5\u6e38-\u9886\u8896\u6237\u5916\u72ec\u5bb6\u9996\u521b","trade_status":"TRADE_SUCCESS","is_total_fee_adjust":"N","total_fee":"3480.00","gmt_payment":"2017-09-03 13:00:50","seller_email":"2287684289@qq.com","price":"3480.00","buyer_id":"2088212563913091","notify_id":"e9e0bee6d073d48ad7e96b96a67f62fgp2","use_coupon":"N","sign_type":"MD5","sign":"ed887c8723ac965ef5ccaaf70982a105"}
[2017-09-03 13:00:52][info] 数据存储反馈成功！
[2017-09-03 13:00:52][info] success
[2017-09-03 13:00:52][info] 写入结束!!!
[2017-09-03 13:29:32][info] ----------------------------------------
[2017-09-03 13:29:32][info] {"discount":"0.00","payment_type":"1","trade_no":"2017090321001004210296609056","subject":"\u5317\u7586\u5dc5\u5cf0","buyer_email":"wang216lei@hotmail.com","gmt_create":"2017-09-03 13:28:29","notify_type":"trade_status_sync","quantity":"1","out_trade_no":"LX-17090301545792206-1","seller_id":"2088421286007493","notify_time":"2017-09-03 13:29:32","body":"\u79be\u672848\u5c0f\u65f6-\u5580\u7eb3\u65af-\u767d\u54c8\u5df4-\u4e94\u5f69\u6ee9-\u53cc\u53676\u65e5\u6e38","trade_status":"TRADE_SUCCESS","is_total_fee_adjust":"N","total_fee":"7960.00","gmt_payment":"2017-09-03 13:29:31","seller_email":"2287684289@qq.com","price":"7960.00","buyer_id":"2088002155598216","notify_id":"e4135ac0b74036b7888620770e06e72hme","use_coupon":"N","sign_type":"MD5","sign":"0c9c2d46683fb4fb62fdd15bf12b37da"}
[2017-09-03 13:29:32][info] 数据存储反馈成功！
[2017-09-03 13:29:32][info] success
[2017-09-03 13:29:32][info] 写入结束!!!
[2017-09-03 13:31:31][info] ----------------------------------------
[2017-09-03 13:31:31][info] {"discount":"0.00","payment_type":"1","trade_no":"2017090321001004460214769822","subject":"\u5317\u7586\u91d1\u79cb\u81f3\u5c0a10\u65e5\u6e38","buyer_email":"limingg_xx@163.com","gmt_create":"2017-09-03 13:31:19","notify_type":"trade_status_sync","quantity":"1","out_trade_no":"LX-17090313120494401-8","seller_id":"2088421286007493","notify_time":"2017-09-03 13:31:31","body":"38\u5c0f\u65f6\u79be\u6728-\u5580\u7eb3\u65af-\u767d\u54c8\u5df4-\u53ef\u53ef\u82cf\u91cc\u6e56-\u53ef\u53ef\u6258\u6d77-\u4e94\u5f69\u6ee9-\u9b54\u9b3c\u57ce10\u65e5\u5927\u73af\u7ebf","trade_status":"TRADE_SUCCESS","is_total_fee_adjust":"N","total_fee":"5580.00","gmt_payment":"2017-09-03 13:31:30","seller_email":"2287684289@qq.com","price":"5580.00","buyer_id":"2088002001964468","notify_id":"1c10f3dc189cd094c0470a7c784c5e1jju","use_coupon":"N","sign_type":"MD5","sign":"e0e920e6de3a029b3f45e28e7a408343"}
[2017-09-03 13:31:31][info] 数据存储反馈成功！
[2017-09-03 13:31:31][info] success
[2017-09-03 13:31:31][info] 写入结束!!!
[2017-09-03 14:27:36][info] ----------------------------------------
[2017-09-03 14:27:36][info] {"discount":"0.00","payment_type":"1","trade_no":"2017090321001004570249394309","subject":"\u989d\u6d4e\u7eb3\u6700\u7f8e\u9ad8\u94c1\u56e2","buyer_email":"xuyingh@gmail.com","gmt_create":"2017-09-03 14:27:13","notify_type":"trade_status_sync","quantity":"1","out_trade_no":"LX-17090313315240906-7","seller_id":"2088421286007493","notify_time":"2017-09-03 14:27:35","body":"2017\u989d\u6d4e\u7eb3\u65d7\u80e1\u6768\u6797\u516d\u65e5\u6e38-\u9886\u8896\u6237\u5916\u72ec\u5bb6\u9996\u521b","trade_status":"TRADE_SUCCESS","is_total_fee_adjust":"N","total_fee":"11940.00","gmt_payment":"2017-09-03 14:27:35","seller_email":"2287684289@qq.com","price":"11940.00","buyer_id":"2088102777794574","notify_id":"e71d6585c4a21b1cfa1a326d863deaakee","use_coupon":"N","sign_type":"MD5","sign":"434bd719fc09fd7217aec77e91c28781"}
[2017-09-03 14:27:36][info] 数据存储反馈成功！
[2017-09-03 14:27:36][info] success
[2017-09-03 14:27:36][info] 写入结束!!!
[2017-09-03 15:51:25][info] ----------------------------------------
[2017-09-03 15:51:25][info] {"discount":"0.00","payment_type":"1","trade_no":"2017090321001004810232445849","subject":"\u5317\u7586\u91d1\u79cb\u81f3\u5c0a10\u65e5\u6e38","buyer_email":"83562456@qq.com","gmt_create":"2017-09-03 15:51:17","notify_type":"trade_status_sync","quantity":"1","out_trade_no":"LX-17082120525121101-d","seller_id":"2088421286007493","notify_time":"2017-09-03 15:51:25","body":"38\u5c0f\u65f6\u79be\u6728-\u5580\u7eb3\u65af-\u767d\u54c8\u5df4-\u53ef\u53ef\u82cf\u91cc\u6e56-\u53ef\u53ef\u6258\u6d77-\u4e94\u5f69\u6ee9-\u9b54\u9b3c\u57ce10\u65e5\u5927\u73af\u7ebf","trade_status":"TRADE_SUCCESS","is_total_fee_adjust":"N","total_fee":"2550.00","gmt_payment":"2017-09-03 15:51:24","seller_email":"2287684289@qq.com","price":"2550.00","buyer_id":"2088002492463817","notify_id":"b00c29b17a3c2a1dd6a5135f5c7368em92","use_coupon":"N","sign_type":"MD5","sign":"bf0d1ca2b45129e77cfa3bdabd342f5e"}
[2017-09-03 15:51:25][info] 数据存储反馈成功！
[2017-09-03 15:51:25][info] success
[2017-09-03 15:51:25][info] 写入结束!!!
[2017-09-03 16:14:24][info] ----------------------------------------
[2017-09-03 16:14:24][info] {"discount":"0.00","payment_type":"1","trade_no":"2017090321001004990258857409","subject":"\u575d\u4e0a\u79cb\u6444","buyer_email":"0371zql@sina.com","gmt_create":"2017-09-03 16:14:05","notify_type":"trade_status_sync","quantity":"1","out_trade_no":"LX-17083014105125101-9","seller_id":"2088421286007493","notify_time":"2017-09-03 16:14:24","body":"9-10\u6708\u91d1\u79cb\uff0c\u5317\u6c9f\u3001\u6768\u6811\u80cc\u3001\u4e94\u5f69\u5c71\u3001\u86e4\u87c6\u575d\u3001\u91ce\u9e2d\u6e56\u3001\u516c\u4e3b\u6e56\u7b49\u575d\u4e0a\u8349\u539f\u79cb\u8272\u4e00\u7f51\u6253\u5c3d 6\u65e5\u6444\u5f71\u521b\u4f5c\u56e2\uff08\u575d\u4e0a\u62cd\u64444\u5929\uff09","trade_status":"TRADE_SUCCESS","is_total_fee_adjust":"N","total_fee":"2680.00","gmt_payment":"2017-09-03 16:14:24","seller_email":"2287684289@qq.com","price":"2680.00","buyer_id":"2088012803761990","notify_id":"7f1e9b6228a62830d5f023afb3aa829nn2","use_coupon":"N","sign_type":"MD5","sign":"575175f800296af051ddfa9f683934cb"}
[2017-09-03 16:14:25][info] 数据存储反馈成功！
[2017-09-03 16:14:25][info] success
[2017-09-03 16:14:25][info] 写入结束!!!
[2017-09-03 18:40:16][info] ----------------------------------------
[2017-09-03 18:40:16][info] {"discount":"0.00","payment_type":"1","trade_no":"2017090321001004190272349978","subject":"\u989d\u6d4e\u7eb3\u6700\u7f8e\u9ad8\u94c1\u56e2","buyer_email":"18980800007","gmt_create":"2017-09-03 18:39:50","notify_type":"trade_status_sync","quantity":"1","out_trade_no":"LX-17090317294551006-7","seller_id":"2088421286007493","notify_time":"2017-09-03 18:40:16","body":"2017\u989d\u6d4e\u7eb3\u65d7\u80e1\u6768\u6797\u516d\u65e5\u6e38-\u9886\u8896\u6237\u5916\u72ec\u5bb6\u9996\u521b","trade_status":"TRADE_SUCCESS","is_total_fee_adjust":"N","total_fee":"3380.00","gmt_payment":"2017-09-03 18:40:15","seller_email":"2287684289@qq.com","price":"3380.00","buyer_id":"2088302826438198","notify_id":"1bafda301f5b166936055b02c422e93hgu","use_coupon":"N","sign_type":"MD5","sign":"f23cf3d0712874234a153c16b6e5028b"}
[2017-09-03 18:40:16][info] 数据存储反馈成功！
[2017-09-03 18:40:16][info] success
[2017-09-03 18:40:16][info] 写入结束!!!
[2017-09-03 19:04:11][info] ----------------------------------------
[2017-09-03 19:04:11][info] {"discount":"0.00","payment_type":"1","trade_no":"2017060221001004130241305403","subject":"\u7518\u5357\u5168\u666f","buyer_email":"karen0073@163.com","gmt_create":"2017-06-02 19:02:55","notify_type":"trade_status_sync","quantity":"1","out_trade_no":"LX-17060215224654406-4","seller_id":"2088421286007493","notify_time":"2017-09-03 19:04:11","body":"2017\u5e74\u72ec\u5bb6  \u516b\u89d2\u57ce-\u624e\u5c15\u90a3-\u82b1\u6e56-\u5e74\u5b9d\u7389\u5219-\u82e5\u5c14\u76d6\u8349\u539f-\u963f\u4e07\u4ed3\u6e7f\u5730-\u90ce\u6728\u5bfa 8\u65e5\u6e38","trade_status":"TRADE_FINISHED","is_total_fee_adjust":"N","total_fee":"2880.00","gmt_payment":"2017-06-02 19:03:11","seller_email":"2287684289@qq.com","gmt_close":"2017-09-03 19:04:11","price":"2880.00","buyer_id":"2088002592116130","notify_id":"d449500db0bdf3a3ef61d456391a0dbh06","use_coupon":"N","sign_type":"MD5","sign":"c2168043914cf84a2565700f54e08e9b"}
[2017-09-03 19:04:11][info] 数据存储反馈成功！
[2017-09-03 19:04:11][info] success
[2017-09-03 19:04:11][info] 写入结束!!!
