[2017-06-21 09:39:04][info] ----------------------------------------
[2017-06-21 09:39:04][info] {"discount":"0.00","payment_type":"1","trade_no":"2017032221001004740230008215","subject":"\u96ea\u57df\u6843\u82b1\u6df1\u5ea6\u6e38","buyer_email":"18702308039","gmt_create":"2017-03-22 09:38:05","notify_type":"trade_status_sync","quantity":"1","out_trade_no":"LX-17032121530475806-e","seller_id":"2088421286007493","notify_time":"2017-06-21 09:39:04","body":"2017\u5e74\u6797\u829d\u6843\u82b1\u6c9f-\u6ce2\u5bc6\u560e\u6717-\u5357\u8fe6\u5df4\u74e6\u5cf0-\u7136\u4e4c\u6e56-\u7c73\u5806\u51b0\u5ddd\u516b\u65e5\u6e38","trade_status":"TRADE_FINISHED","is_total_fee_adjust":"N","total_fee":"1790.00","gmt_payment":"2017-03-22 09:38:11","seller_email":"2287684289@qq.com","gmt_close":"2017-06-21 09:39:04","price":"1790.00","buyer_id":"2088702770200746","notify_id":"868e7f11a7ee4f7167ccbf7a0b7b707lpm","use_coupon":"N","sign_type":"MD5","sign":"f6788f35f451976df59c17b451cbf7fd"}
[2017-06-21 09:39:04][info] 数据存储反馈成功！
[2017-06-21 09:39:04][info] success
[2017-06-21 09:39:04][info] 写入结束!!!
[2017-06-21 11:26:54][info] ----------------------------------------
[2017-06-21 11:26:54][info] {"discount":"0.00","payment_type":"1","trade_no":"2017062121001004150264094266","subject":"\u65b0\u7586\u5168\u666f","buyer_email":"happygirl1014@163.com","gmt_create":"2017-06-21 11:26:40","notify_type":"trade_status_sync","quantity":"1","out_trade_no":"LX-17062022301778306-2","seller_id":"2088421286007493","notify_time":"2017-06-21 11:26:54","body":"\u6c5f\u5e03\u62c9\u514b-\u4e94\u5f69\u6ee9-\u5580\u7eb3\u65af-\u79be\u6728-\u8d5b\u91cc\u6728\u6e56-\u85b0\u8863\u8349\u519c\u573a-\u5580\u62c9\u5cfb-\u90a3\u62c9\u63d0-\u5df4\u97f3\u5e03\u9c81\u514b-\u5410\u9c81\u756a13\u65e5\u6e38","trade_status":"TRADE_SUCCESS","is_total_fee_adjust":"N","total_fee":"5380.00","gmt_payment":"2017-06-21 11:26:53","seller_email":"2287684289@qq.com","price":"5380.00","buyer_id":"2088802813045157","notify_id":"d1221e728c687325201827e4a4138d3h5q","use_coupon":"N","sign_type":"MD5","sign":"538d549144363c3439e444b6d4ac7ceb"}
[2017-06-21 11:26:54][info] 数据存储反馈成功！
[2017-06-21 11:26:54][info] success
[2017-06-21 11:26:54][info] 写入结束!!!
[2017-06-21 11:38:52][info] ----------------------------------------
[2017-06-21 11:38:52][info] {"discount":"0.00","payment_type":"1","trade_no":"2017032221001004360231872722","subject":"\u65e9\u6625\u65b0\u7586","buyer_email":"zgt365@163.com","gmt_create":"2017-03-22 11:36:04","notify_type":"trade_status_sync","quantity":"1","out_trade_no":"LX-17032123153290006-6","seller_id":"2088421286007493","notify_time":"2017-06-21 11:38:52","body":"\u4f0a\u7281\u674f\u82b1\u6c9f-\u7ea2\u5c71\u5927\u5ce1\u8c37-\u8d5b\u91cc\u6728\u6e56-\u5e93\u6728\u5854\u683c\u6c99\u6f208\u65e5\u6df1\u5ea6\u6e38","trade_status":"TRADE_FINISHED","is_total_fee_adjust":"N","total_fee":"3580.00","gmt_payment":"2017-03-22 11:37:29","seller_email":"2287684289@qq.com","gmt_close":"2017-06-21 11:38:51","price":"3580.00","buyer_id":"2088002045576360","notify_id":"37a6a99f81e301418165f7e3ede232ais2","use_coupon":"N","sign_type":"MD5","sign":"718f15d61f2e6c6f55e87e32cdef356b"}
[2017-06-21 11:38:52][info] 数据存储反馈成功！
[2017-06-21 11:38:52][info] success
[2017-06-21 11:38:52][info] 写入结束!!!
[2017-06-21 11:51:24][info] ----------------------------------------
[2017-06-21 11:51:24][info] {"discount":"0.00","payment_type":"1","trade_no":"2017062121001004150264145975","subject":"\u9752\u6d77\u6e56\u73af\u6e565\u65e5\u6df1\u5ea6\u6e38","buyer_email":"shmily2306@sohu.com","gmt_create":"2017-06-21 11:51:14","notify_type":"trade_status_sync","quantity":"1","out_trade_no":"LX-1706131333253706-4","seller_id":"2088421286007493","notify_time":"2017-06-21 11:51:24","body":"\u8336\u5361\u3001\u95e8\u6e90\u3001\u7941\u8fde\u3001\u7cbe\u534e300\u00b0\u9752\u6d77\u6e56\u73af\u6e56","trade_status":"TRADE_SUCCESS","is_total_fee_adjust":"N","total_fee":"750.00","gmt_payment":"2017-06-21 11:51:24","seller_email":"2287684289@qq.com","price":"750.00","buyer_id":"2088002937437159","notify_id":"8eeb528afdd51e075b59ded8bfb9eaeh5q","use_coupon":"N","sign_type":"MD5","sign":"c950bf5b377ee75785d98c4bfc397655"}
[2017-06-21 11:51:24][info] 数据存储反馈成功！
[2017-06-21 11:51:24][info] success
[2017-06-21 11:51:24][info] 写入结束!!!
[2017-06-21 14:12:22][info] ----------------------------------------
[2017-06-21 14:12:22][info] {"discount":"0.00","payment_type":"1","trade_no":"2017062121001004460286437807","subject":"\u4e1d\u7ef8\u4e4b\u8def\u7ecf\u5178\u4e5d\u65e5","buyer_email":"cao-lei_0714@hotmail.com","gmt_create":"2017-06-21 14:12:10","notify_type":"trade_status_sync","quantity":"1","out_trade_no":"LX-17062113355852501-e","seller_id":"2088421286007493","notify_time":"2017-06-21 14:12:21","body":"\u6c99\u5c9b-\u9752\u6d77\u6e56-\u8336\u5361\u76d0\u6e56-\u5353\u5c14\u5c71-\u5f20\u6396\u4e39\u971e-\u5609\u5cea\u5173-\u6566\u714c9\u65e5\u6e38","trade_status":"TRADE_SUCCESS","is_total_fee_adjust":"N","total_fee":"1890.00","gmt_payment":"2017-06-21 14:12:21","seller_email":"2287684289@qq.com","price":"1890.00","buyer_id":"2088102388055460","notify_id":"8586a409e973f80ef186136d2d2a167jju","use_coupon":"N","sign_type":"MD5","sign":"0caf97cbba93ee92a43bbf9bd4553bb3"}
[2017-06-21 14:12:22][info] 数据存储反馈成功！
[2017-06-21 14:12:22][info] success
[2017-06-21 14:12:22][info] 写入结束!!!
[2017-06-21 17:08:49][info] ----------------------------------------
[2017-06-21 17:08:49][info] {"discount":"0.00","payment_type":"1","trade_no":"2017062121001004200281959690","subject":"\u65b0\u7586\u5168\u666f","buyer_email":"15933617068","gmt_create":"2017-06-21 17:06:07","notify_type":"trade_status_sync","quantity":"1","out_trade_no":"LX-17062015481716206-e","seller_id":"2088421286007493","notify_time":"2017-06-21 17:08:48","body":"\u6c5f\u5e03\u62c9\u514b-\u4e94\u5f69\u6ee9-\u5580\u7eb3\u65af-\u79be\u6728-\u8d5b\u91cc\u6728\u6e56-\u85b0\u8863\u8349\u519c\u573a-\u5580\u62c9\u5cfb-\u90a3\u62c9\u63d0-\u5df4\u97f3\u5e03\u9c81\u514b-\u5410\u9c81\u756a13\u65e5\u6e38","trade_status":"TRADE_SUCCESS","is_total_fee_adjust":"N","total_fee":"5380.00","gmt_payment":"2017-06-21 17:08:48","seller_email":"2287684289@qq.com","price":"5380.00","buyer_id":"2088722345679203","notify_id":"965534bd4572529147c96bea393bd58hjm","use_coupon":"N","sign_type":"MD5","sign":"f23a704ecb9c17151698ae5943fbad74"}
[2017-06-21 17:08:49][info] 数据存储反馈成功！
[2017-06-21 17:08:49][info] success
[2017-06-21 17:08:49][info] 写入结束!!!
[2017-06-21 21:46:56][info] ----------------------------------------
[2017-06-21 21:46:56][info] {"discount":"0.00","payment_type":"1","trade_no":"2017062121001004990217335619","subject":"\u4e1d\u7ef8\u4e4b\u8def\u7ecf\u5178\u4e5d\u65e5","buyer_email":"chenfeng922135@hotmail.com","gmt_create":"2017-06-21 21:46:12","notify_type":"trade_status_sync","quantity":"1","out_trade_no":"LX-17061818285557301-3","seller_id":"2088421286007493","notify_time":"2017-06-21 21:46:56","body":"\u6c99\u5c9b-\u9752\u6d77\u6e56-\u8336\u5361\u76d0\u6e56-\u5353\u5c14\u5c71-\u5f20\u6396\u4e39\u971e-\u5609\u5cea\u5173-\u6566\u714c9\u65e5\u6e38","trade_status":"TRADE_SUCCESS","is_total_fee_adjust":"N","total_fee":"7760.00","gmt_payment":"2017-06-21 21:46:55","seller_email":"2287684289@qq.com","price":"7760.00","buyer_id":"2088102041637996","notify_id":"71dffab3f911748da025182032d7e8enn2","use_coupon":"N","sign_type":"MD5","sign":"4d83682e0749e099b37ffdddd2ff194b"}
[2017-06-21 21:46:56][info] 数据存储反馈成功！
[2017-06-21 21:46:56][info] success
[2017-06-21 21:46:56][info] 写入结束!!!
