[2017-09-12 09:35:14][info] ----------------------------------------
[2017-09-12 09:35:14][info] {"discount":"0.00","payment_type":"1","trade_no":"2017091221001004750295282028","subject":"\u575d\u4e0a\u79cb\u6444","buyer_email":"450121a007t.cdb@sina.cn","gmt_create":"2017-09-12 09:35:00","notify_type":"trade_status_sync","quantity":"1","out_trade_no":"LX-17090722245737906-5","seller_id":"2088421286007493","notify_time":"2017-09-12 09:35:14","body":"9-10\u6708\u91d1\u79cb\uff0c\u5317\u6c9f\u3001\u6768\u6811\u80cc\u3001\u4e94\u5f69\u5c71\u3001\u86e4\u87c6\u575d\u3001\u91ce\u9e2d\u6e56\u3001\u516c\u4e3b\u6e56\u7b49\u575d\u4e0a\u8349\u539f\u79cb\u8272\u4e00\u7f51\u6253\u5c3d 6\u65e5\u6444\u5f71\u521b\u4f5c\u56e2\uff08\u575d\u4e0a\u62cd\u64444\u5929\uff09","trade_status":"TRADE_SUCCESS","is_total_fee_adjust":"N","total_fee":"2680.00","gmt_payment":"2017-09-12 09:35:14","seller_email":"2287684289@qq.com","price":"2680.00","buyer_id":"2088402152872753","notify_id":"927aabde88ea8570c752a286493819clse","use_coupon":"N","sign_type":"MD5","sign":"6b1addc5d1b1dcff3164c1772f3c9db8"}
[2017-09-12 09:35:15][info] 数据存储反馈成功！
[2017-09-12 09:35:15][info] success
[2017-09-12 09:35:15][info] 写入结束!!!
[2017-09-12 09:42:56][info] ----------------------------------------
[2017-09-12 09:42:56][info] {"discount":"0.00","payment_type":"1","trade_no":"2017091221001004000252276719","subject":"\u65b0\u7586\u91d1\u79cb\u5927\u73af\u7ebf","buyer_email":"13888072459","gmt_create":"2017-09-12 09:40:47","notify_type":"trade_status_sync","quantity":"1","out_trade_no":"LX-17080321172111101-4","seller_id":"2088421286007493","notify_time":"2017-09-12 09:42:56","body":"\u5580\u7eb3\u65af-\u79be\u6728-\u767d\u54c8\u5df4-\u8d5b\u91cc\u6728\u6e56-\u5df4\u97f3\u5e03\u9c81\u514b-\u5410\u9c81\u756a-\u5854\u91cc\u6728\u6cb3\u80e1\u6768\u679712\u65e5\u6df1\u5ea6\u6e38","trade_status":"TRADE_SUCCESS","is_total_fee_adjust":"N","total_fee":"5120.00","gmt_payment":"2017-09-12 09:42:56","seller_email":"2287684289@qq.com","price":"5120.00","buyer_id":"2088522278131009","notify_id":"c1844bbbb3452f6a39345a716b2e9f0g02","use_coupon":"N","sign_type":"MD5","sign":"38951fee344ae41db83000c91bb0eabb"}
[2017-09-12 09:42:57][info] 数据存储反馈成功！
[2017-09-12 09:42:57][info] success
[2017-09-12 09:42:57][info] 写入结束!!!
[2017-09-12 09:47:03][info] ----------------------------------------
[2017-09-12 09:47:03][info] {"discount":"0.00","payment_type":"1","trade_no":"2017091221001004310211190453","subject":"\u5317\u7586\u91d1\u79cb\u7ecf\u5178\u73af\u7ebf","buyer_email":"13857489808","gmt_create":"2017-09-12 09:43:28","notify_type":"trade_status_sync","quantity":"1","out_trade_no":"LX-17090218124812306-2","seller_id":"2088421286007493","notify_time":"2017-09-12 09:47:03","body":"\u5580\u7eb3\u65af-\u767d\u54c8\u5df4-\u79be\u6728-\u4e94\u5f69\u6ee9-\u9b54\u9b3c\u57ce-\u53ef\u53ef\u6258\u6d77 9\u65e5\u6df1\u5ea6\u6e38","trade_status":"TRADE_SUCCESS","is_total_fee_adjust":"N","total_fee":"4880.00","gmt_payment":"2017-09-12 09:47:03","seller_email":"2287684289@qq.com","price":"4880.00","buyer_id":"2088602326506310","notify_id":"b2a51566baf807085d511b0db986315ie6","use_coupon":"N","sign_type":"MD5","sign":"8ea1c6d12a2c9766ee8ef6b736219507"}
[2017-09-12 09:47:04][info] 数据存储反馈成功！
[2017-09-12 09:47:04][info] success
[2017-09-12 09:47:04][info] 写入结束!!!
[2017-09-12 10:26:10][info] ----------------------------------------
[2017-09-12 10:26:10][info] {"discount":"0.00","payment_type":"1","trade_no":"2017091221001004900201600070","subject":"\u989d\u6d4e\u7eb3\u6df1\u5ea6\u6e38","buyer_email":"gh3@my.gov.cn","gmt_create":"2017-09-12 10:22:08","notify_type":"trade_status_sync","quantity":"1","out_trade_no":"LX-17091209411384601-c","seller_id":"2088421286007493","notify_time":"2017-09-12 10:26:10","body":"\u4ed9\u7c73\u5f69\u6797-\u7941\u8fde\u5c71-\u9a6c\u8e44\u5bfa-\u5f20\u6396\u4e39\u971e-\u91d1\u5854\u80e1\u6768\u6797-\u989d\u6d4e\u7eb3\u80e1\u6768\u6797-\u5c45\u5ef6\u6d77-\u5609\u5cea\u5173-\u52a8\u8f66\u8fd4\u7a0b7\u65e5\u6e38","trade_status":"TRADE_SUCCESS","is_total_fee_adjust":"N","total_fee":"5434.50","gmt_payment":"2017-09-12 10:26:10","seller_email":"2287684289@qq.com","price":"5434.50","buyer_id":"2088002045682904","notify_id":"c31a94e68bcce5a6baf4f717fa83d12my2","use_coupon":"N","sign_type":"MD5","sign":"190291ce9260eefcbce3e746deeed51d"}
[2017-09-12 10:26:11][info] 数据存储反馈成功！
[2017-09-12 10:26:11][info] success
[2017-09-12 10:26:11][info] 写入结束!!!
[2017-09-12 10:36:42][info] ----------------------------------------
[2017-09-12 10:36:42][info] {"discount":"0.00","payment_type":"1","trade_no":"2017091221001004200232638929","subject":"\u5317\u7586\u91d1\u79cb\u7ecf\u5178\u73af\u7ebf","buyer_email":"18518113372","gmt_create":"2017-09-12 10:36:31","notify_type":"trade_status_sync","quantity":"1","out_trade_no":"LX-17091210260375306-1","seller_id":"2088421286007493","notify_time":"2017-09-12 10:36:42","body":"\u5580\u7eb3\u65af-\u767d\u54c8\u5df4-\u79be\u6728-\u4e94\u5f69\u6ee9-\u9b54\u9b3c\u57ce-\u53ef\u53ef\u6258\u6d77 9\u65e5\u6df1\u5ea6\u6e38","trade_status":"TRADE_SUCCESS","is_total_fee_adjust":"N","total_fee":"10060.00","gmt_payment":"2017-09-12 10:36:42","seller_email":"2287684289@qq.com","price":"10060.00","buyer_id":"2088802295850209","notify_id":"65bd5a64dc935cc119632d7e96d3998hjm","use_coupon":"N","sign_type":"MD5","sign":"3acb58f9feee58f9c5f8f48f7433f801"}
[2017-09-12 10:36:43][info] 数据存储反馈成功！
[2017-09-12 10:36:43][info] success
[2017-09-12 10:36:43][info] 写入结束!!!
[2017-09-12 11:32:08][info] ----------------------------------------
[2017-09-12 11:32:08][info] {"discount":"0.00","payment_type":"1","trade_no":"2017091221001004060290434510","subject":"\u989d\u6d4e\u7eb3\u6700\u7f8e\u9ad8\u94c1\u56e2","buyer_email":"13802989597","gmt_create":"2017-09-12 11:31:47","notify_type":"trade_status_sync","quantity":"1","out_trade_no":"LX-17091210524172206-c","seller_id":"2088421286007493","notify_time":"2017-09-12 11:32:08","body":"2017\u989d\u6d4e\u7eb3\u65d7\u80e1\u6768\u6797\u516d\u65e5\u6e38-\u9886\u8896\u6237\u5916\u72ec\u5bb6\u9996\u521b","trade_status":"TRADE_SUCCESS","is_total_fee_adjust":"N","total_fee":"6960.00","gmt_payment":"2017-09-12 11:32:08","seller_email":"2287684289@qq.com","price":"6960.00","buyer_id":"2088502858261063","notify_id":"6b15a713fc3911d424f5657f5011907ggq","use_coupon":"N","sign_type":"MD5","sign":"f6c0bc01abefe4ae5281caa7dd0eb431"}
[2017-09-12 11:32:08][info] 数据存储反馈成功！
[2017-09-12 11:32:08][info] success
[2017-09-12 11:32:08][info] 写入结束!!!
[2017-09-12 11:51:05][info] ----------------------------------------
[2017-09-12 11:51:05][info] {"discount":"0.00","payment_type":"1","trade_no":"2017091221001004220257091236","subject":"\u5317\u7586\u91d1\u79cb\u7ecf\u5178\u73af\u7ebf","buyer_email":"15989126367","gmt_create":"2017-09-12 11:50:43","notify_type":"trade_status_sync","quantity":"1","out_trade_no":"LX-17083022300958706-4","seller_id":"2088421286007493","notify_time":"2017-09-12 11:51:04","body":"\u5580\u7eb3\u65af-\u767d\u54c8\u5df4-\u79be\u6728-\u4e94\u5f69\u6ee9-\u9b54\u9b3c\u57ce-\u53ef\u53ef\u6258\u6d77 9\u65e5\u6df1\u5ea6\u6e38","trade_status":"TRADE_SUCCESS","is_total_fee_adjust":"N","total_fee":"4980.00","gmt_payment":"2017-09-12 11:51:04","seller_email":"2287684289@qq.com","price":"4980.00","buyer_id":"2088022303037226","notify_id":"c3e51f32bc39b01aac7cadbe35f3f4ahp6","use_coupon":"N","sign_type":"MD5","sign":"177e209158e63e3576c83335d3d01316"}
[2017-09-12 11:51:05][info] 数据存储反馈成功！
[2017-09-12 11:51:05][info] success
[2017-09-12 11:51:05][info] 写入结束!!!
[2017-09-12 15:46:26][info] ----------------------------------------
[2017-09-12 15:46:26][info] {"discount":"0.00","payment_type":"1","trade_no":"2017091221001004020276566012","subject":"\u989d\u6d4e\u7eb3\u5168\u666f","buyer_email":"3102510280@qq.com","gmt_create":"2017-09-12 15:43:38","notify_type":"trade_status_sync","quantity":"1","out_trade_no":"LX-17091209192421806-e","seller_id":"2088421286007493","notify_time":"2017-09-12 15:46:26","body":"\u989d\u6d4e\u7eb3\u80e1\u6768\u6797-\u6566\u714c\u5168\u666f-\u5df4\u4e39\u5409\u6797-\u5f20\u6396\u4e39\u971e-\u5609\u5cea\u5173-\u91d1\u5854\u80e1\u6768\u6797-\u52a8\u8f668\u65e5","trade_status":"TRADE_SUCCESS","is_total_fee_adjust":"N","total_fee":"4180.00","gmt_payment":"2017-09-12 15:46:25","seller_email":"2287684289@qq.com","price":"4180.00","buyer_id":"2088122903150025","notify_id":"2d7ebea5307ae8e14be95346177192fg5m","use_coupon":"N","sign_type":"MD5","sign":"f815315d0d623ccb1bef39d6d7f50b24"}
[2017-09-12 15:46:26][info] 数据存储反馈成功！
[2017-09-12 15:46:26][info] success
[2017-09-12 15:46:26][info] 写入结束!!!
[2017-09-12 16:23:13][info] ----------------------------------------
[2017-09-12 16:23:13][info] {"discount":"0.00","payment_type":"1","trade_no":"2017091221001004100258801396","subject":"\u989d\u6d4e\u7eb3\u6df1\u5ea6\u6e38","buyer_email":"13116155835","gmt_create":"2017-09-12 16:22:55","notify_type":"trade_status_sync","quantity":"1","out_trade_no":"LX-17091215275039406-3","seller_id":"2088421286007493","notify_time":"2017-09-12 16:23:13","body":"\u4ed9\u7c73\u5f69\u6797-\u7941\u8fde\u5c71-\u9a6c\u8e44\u5bfa-\u5f20\u6396\u4e39\u971e-\u91d1\u5854\u80e1\u6768\u6797-\u989d\u6d4e\u7eb3\u80e1\u6768\u6797-\u5c45\u5ef6\u6d77-\u5609\u5cea\u5173-\u52a8\u8f66\u8fd4\u7a0b7\u65e5\u6e38","trade_status":"TRADE_SUCCESS","is_total_fee_adjust":"N","total_fee":"3780.00","gmt_payment":"2017-09-12 16:23:13","seller_email":"2287684289@qq.com","price":"3780.00","buyer_id":"2088302427533106","notify_id":"9bcec0341c356ba286d6f7d36bb75bcgru","use_coupon":"N","sign_type":"MD5","sign":"5573e141a49dcbe7d3b38bfbbe2ff36d"}
[2017-09-12 16:23:13][info] 数据存储反馈成功！
[2017-09-12 16:23:13][info] success
[2017-09-12 16:23:13][info] 写入结束!!!
[2017-09-12 16:46:08][info] ----------------------------------------
[2017-09-12 16:46:08][info] {"discount":"0.00","payment_type":"1","trade_no":"2017091221001004560295905018","subject":"\u989d\u6d4e\u7eb3\u5168\u666f","buyer_email":"asd4889@sina.com","gmt_create":"2017-09-12 16:46:01","notify_type":"trade_status_sync","quantity":"1","out_trade_no":"LX-17091216132297606-2","seller_id":"2088421286007493","notify_time":"2017-09-12 16:46:08","body":"\u989d\u6d4e\u7eb3\u80e1\u6768\u6797-\u6566\u714c\u5168\u666f-\u5df4\u4e39\u5409\u6797-\u5f20\u6396\u4e39\u971e-\u5609\u5cea\u5173-\u91d1\u5854\u80e1\u6768\u6797-\u52a8\u8f668\u65e5","trade_status":"TRADE_SUCCESS","is_total_fee_adjust":"N","total_fee":"4000.00","gmt_payment":"2017-09-12 16:46:08","seller_email":"2287684289@qq.com","price":"4000.00","buyer_id":"2088102064467565","notify_id":"ba760270ce4cd5a4208153ede073459kbm","use_coupon":"N","sign_type":"MD5","sign":"fec2bc023b17c87af9f07b25c6fc6d15"}
[2017-09-12 16:46:08][info] 数据存储反馈成功！
[2017-09-12 16:46:08][info] success
[2017-09-12 16:46:08][info] 写入结束!!!
[2017-09-12 17:26:30][info] ----------------------------------------
[2017-09-12 17:26:30][info] {"discount":"0.00","payment_type":"1","trade_no":"2017091221001004860287876305","subject":"\u989d\u6d4e\u7eb3\u5168\u666f","buyer_email":"15805201856","gmt_create":"2017-09-12 17:26:03","notify_type":"trade_status_sync","quantity":"1","out_trade_no":"LX-17091215355021806-f","seller_id":"2088421286007493","notify_time":"2017-09-12 17:26:30","body":"\u989d\u6d4e\u7eb3\u80e1\u6768\u6797-\u6566\u714c\u5168\u666f-\u5df4\u4e39\u5409\u6797-\u5f20\u6396\u4e39\u971e-\u5609\u5cea\u5173-\u91d1\u5854\u80e1\u6768\u6797-\u52a8\u8f668\u65e5","trade_status":"TRADE_SUCCESS","is_total_fee_adjust":"N","total_fee":"8960.00","gmt_payment":"2017-09-12 17:26:29","seller_email":"2287684289@qq.com","price":"8960.00","buyer_id":"2088602247197866","notify_id":"b197dde94aa4a8e005b811fbaa8cbb8mmy","use_coupon":"N","sign_type":"MD5","sign":"a4f5049964dca2ddcaf8f3250c0794b6"}
[2017-09-12 17:26:30][info] 数据存储反馈成功！
[2017-09-12 17:26:30][info] success
[2017-09-12 17:26:30][info] 写入结束!!!
[2017-09-12 18:03:46][info] ----------------------------------------
[2017-09-12 18:03:46][info] {"discount":"0.00","payment_type":"1","trade_no":"2017091221001004470258566759","subject":"\u9955\u992e\u8d4f\u79cb","buyer_email":"13698677068","gmt_create":"2017-09-12 18:03:13","notify_type":"trade_status_sync","quantity":"1","out_trade_no":"LX-17091209560086806-4","seller_id":"2088421286007493","notify_time":"2017-09-12 18:03:45","body":"\u9752\u6d77\u6e56-\u8336\u5361\u76d0\u6e56-\u83ab\u9ad8\u7a9f-\u9e23\u6c99\u5c71-\u6708\u7259\u6cc9-\u5609\u5cea\u5173-\u989d\u6d4e\u7eb3\u80e1\u6768\u6797-\u5353\u5c14\u5c7110\u65e5\u5927\u73af\u7ebf","trade_status":"TRADE_SUCCESS","is_total_fee_adjust":"N","total_fee":"11400.00","gmt_payment":"2017-09-12 18:03:45","seller_email":"2287684289@qq.com","price":"11400.00","buyer_id":"2088802769681472","notify_id":"a8470a9f3845d7a278c59c42c641aa5jmm","use_coupon":"N","sign_type":"MD5","sign":"fb708e3c944c81e6e0bd164153285468"}
[2017-09-12 18:03:46][info] 数据存储反馈成功！
[2017-09-12 18:03:46][info] success
[2017-09-12 18:03:46][info] 写入结束!!!
[2017-09-12 21:45:03][info] ----------------------------------------
[2017-09-12 21:45:03][info] {"discount":"0.00","payment_type":"1","trade_no":"2017091221001004480234155350","subject":"\u989d\u6d4e\u7eb3\u5168\u666f","buyer_email":"13774384070","gmt_create":"2017-09-12 21:27:12","notify_type":"trade_status_sync","quantity":"1","out_trade_no":"LX-17091220185585801-0","seller_id":"2088421286007493","notify_time":"2017-09-12 21:45:03","body":"\u989d\u6d4e\u7eb3\u80e1\u6768\u6797-\u6566\u714c\u5168\u666f-\u5df4\u4e39\u5409\u6797-\u5f20\u6396\u4e39\u971e-\u5609\u5cea\u5173-\u91d1\u5854\u80e1\u6768\u6797-\u52a8\u8f668\u65e5","trade_status":"TRADE_SUCCESS","is_total_fee_adjust":"N","total_fee":"4080.00","gmt_payment":"2017-09-12 21:45:02","seller_email":"2287684289@qq.com","price":"4080.00","buyer_id":"2088002615163480","notify_id":"3eb62019d73f804535cc512e0f3bd09jpe","use_coupon":"N","sign_type":"MD5","sign":"952dd9b891522a4d232fd544b8d865a9"}
[2017-09-12 21:45:03][info] 数据存储反馈成功！
[2017-09-12 21:45:03][info] success
[2017-09-12 21:45:03][info] 写入结束!!!
[2017-09-12 23:46:51][info] ----------------------------------------
[2017-09-12 23:46:51][info] {"discount":"0.00","payment_type":"1","trade_no":"2017061121001004410271476027","subject":"\u65b0\u7586\u5168\u666f","buyer_email":"13922288632","gmt_create":"2017-06-11 23:43:58","notify_type":"trade_status_sync","quantity":"1","out_trade_no":"LX-17050506201611406-4","seller_id":"2088421286007493","notify_time":"2017-09-12 23:46:51","body":"\u6c5f\u5e03\u62c9\u514b-\u4e94\u5f69\u6ee9-\u5580\u7eb3\u65af-\u79be\u6728-\u8d5b\u91cc\u6728\u6e56-\u85b0\u8863\u8349\u519c\u573a-\u5580\u62c9\u5cfb-\u90a3\u62c9\u63d0-\u5df4\u97f3\u5e03\u9c81\u514b-\u5410\u9c81\u756a13\u65e5\u6e38","trade_status":"TRADE_FINISHED","is_total_fee_adjust":"N","total_fee":"10560.00","gmt_payment":"2017-06-11 23:46:08","seller_email":"2287684289@qq.com","gmt_close":"2017-09-12 23:46:50","price":"10560.00","buyer_id":"2088802215334415","notify_id":"a79482c86470676db14124ec74236d9j5y","use_coupon":"N","sign_type":"MD5","sign":"347fa805be99799da817a7e7b672f7cb"}
[2017-09-12 23:46:51][info] 数据存储反馈成功！
[2017-09-12 23:46:51][info] success
[2017-09-12 23:46:51][info] 写入结束!!!
