[2017-09-02 09:32:42][info] ----------------------------------------
[2017-09-02 09:32:42][info] {"discount":"0.00","payment_type":"1","trade_no":"2017090221001004390299188172","subject":"\u5317\u7586\u91d1\u79cb\u81f3\u5c0a10\u65e5\u6e38","buyer_email":"13603513399","gmt_create":"2017-09-02 09:30:56","notify_type":"trade_status_sync","quantity":"1","out_trade_no":"LX-17090207341752706-e","seller_id":"2088421286007493","notify_time":"2017-09-02 09:32:41","body":"38\u5c0f\u65f6\u79be\u6728-\u5580\u7eb3\u65af-\u767d\u54c8\u5df4-\u53ef\u53ef\u82cf\u91cc\u6e56-\u53ef\u53ef\u6258\u6d77-\u4e94\u5f69\u6ee9-\u9b54\u9b3c\u57ce10\u65e5\u5927\u73af\u7ebf","trade_status":"TRADE_SUCCESS","is_total_fee_adjust":"N","total_fee":"5580.00","gmt_payment":"2017-09-02 09:32:41","seller_email":"2287684289@qq.com","price":"5580.00","buyer_id":"2088902249535395","notify_id":"5ff3880cc6de9a76742d775e3cf3058j0e","use_coupon":"N","sign_type":"MD5","sign":"a9a6cc966de38551d717f66130926de0"}
[2017-09-02 09:32:42][info] 数据存储反馈成功！
[2017-09-02 09:32:42][info] success
[2017-09-02 09:32:42][info] 写入结束!!!
[2017-09-02 10:47:12][info] ----------------------------------------
[2017-09-02 10:47:12][info] {"discount":"0.00","payment_type":"1","trade_no":"2017090221001004860257792345","subject":"\u4e1d\u7ef8\u4e4b\u8def\u7cbe\u534e\u4e03\u65e5\u6e38","buyer_email":"lsts986@sina.com","gmt_create":"2017-09-02 10:44:59","notify_type":"trade_status_sync","quantity":"1","out_trade_no":"LX-17090209430385301-9","seller_id":"2088421286007493","notify_time":"2017-09-02 10:47:11","body":"2017\u5e74\u9752\u6d77\u6e56-\u8336\u5361\u76d0\u6e56-\u6566\u714c-\u5609\u5cea\u5173-\u5f20\u6396\u4e39\u971e\u4e03\u65e5\u6e38","trade_status":"TRADE_SUCCESS","is_total_fee_adjust":"N","total_fee":"3180.00","gmt_payment":"2017-09-02 10:47:11","seller_email":"2287684289@qq.com","price":"3180.00","buyer_id":"2088102265862862","notify_id":"fc1c8e9d023af42d167a1c45398ac34mmy","use_coupon":"N","sign_type":"MD5","sign":"30c1dcb6359e0789065d65beaab63aa2"}
[2017-09-02 10:47:12][info] 数据存储反馈成功！
[2017-09-02 10:47:12][info] success
[2017-09-02 10:47:12][info] 写入结束!!!
[2017-09-02 10:49:54][info] ----------------------------------------
[2017-09-02 10:49:54][info] {"discount":"0.00","payment_type":"1","trade_no":"2017060121001004620268272291","subject":"\u7518\u5357\u5168\u666f","buyer_email":"zjgpanyu@hotmail.com","gmt_create":"2017-06-01 10:48:17","notify_type":"trade_status_sync","quantity":"1","out_trade_no":"LX-17053122512365606-6","seller_id":"2088421286007493","notify_time":"2017-09-02 10:49:54","body":"2017\u5e74\u72ec\u5bb6  \u516b\u89d2\u57ce-\u624e\u5c15\u90a3-\u82b1\u6e56-\u5e74\u5b9d\u7389\u5219-\u82e5\u5c14\u76d6\u8349\u539f-\u963f\u4e07\u4ed3\u6e7f\u5730-\u90ce\u6728\u5bfa 8\u65e5\u6e38","trade_status":"TRADE_FINISHED","is_total_fee_adjust":"N","total_fee":"4920.00","gmt_payment":"2017-06-01 10:49:41","seller_email":"2287684289@qq.com","gmt_close":"2017-09-02 10:49:54","price":"4920.00","buyer_id":"2088002174875622","notify_id":"3ae32d71b8d0850f01059907b1cf699ksa","use_coupon":"N","sign_type":"MD5","sign":"239d968cbd057743bc2de39f9b00ecc2"}
[2017-09-02 10:49:54][info] 数据存储反馈成功！
[2017-09-02 10:49:54][info] success
[2017-09-02 10:49:54][info] 写入结束!!!
[2017-09-02 11:02:09][info] ----------------------------------------
[2017-09-02 11:02:09][info] {"discount":"0.00","payment_type":"1","trade_no":"2017090221001004610298809791","subject":"\u989d\u6d4e\u7eb3\u6700\u7f8e\u9ad8\u94c1\u56e2","buyer_email":"skxmzyh@aliyun.com","gmt_create":"2017-09-02 11:01:52","notify_type":"trade_status_sync","quantity":"1","out_trade_no":"LX-17090209143696606-0","seller_id":"2088421286007493","notify_time":"2017-09-02 11:02:09","body":"2017\u989d\u6d4e\u7eb3\u65d7\u80e1\u6768\u6797\u516d\u65e5\u6e38-\u9886\u8896\u6237\u5916\u72ec\u5bb6\u9996\u521b","trade_status":"TRADE_SUCCESS","is_total_fee_adjust":"N","total_fee":"6960.00","gmt_payment":"2017-09-02 11:02:09","seller_email":"2287684289@qq.com","price":"6960.00","buyer_id":"2088002884503615","notify_id":"19017fbd7daa3367e78d9ed84da76c9kpi","use_coupon":"N","sign_type":"MD5","sign":"4080be8f650f53507d4f00e63e5d2bb2"}
[2017-09-02 11:02:10][info] 数据存储反馈成功！
[2017-09-02 11:02:10][info] success
[2017-09-02 11:02:10][info] 写入结束!!!
[2017-09-02 13:41:37][info] ----------------------------------------
[2017-09-02 13:41:37][info] {"discount":"0.00","payment_type":"1","trade_no":"2017090221001004130297483197","subject":"\u575d\u4e0a\u79cb\u6444","buyer_email":"megumi_jjcc@hotmail.com","gmt_create":"2017-09-02 13:40:41","notify_type":"trade_status_sync","quantity":"1","out_trade_no":"LX-17090211494679306-1","seller_id":"2088421286007493","notify_time":"2017-09-02 13:41:37","body":"9-10\u6708\u91d1\u79cb\uff0c\u5317\u6c9f\u3001\u6768\u6811\u80cc\u3001\u4e94\u5f69\u5c71\u3001\u86e4\u87c6\u575d\u3001\u91ce\u9e2d\u6e56\u3001\u516c\u4e3b\u6e56\u7b49\u575d\u4e0a\u8349\u539f\u79cb\u8272\u4e00\u7f51\u6253\u5c3d 6\u65e5\u6444\u5f71\u521b\u4f5c\u56e2\uff08\u575d\u4e0a\u62cd\u64444\u5929\uff09","trade_status":"TRADE_SUCCESS","is_total_fee_adjust":"N","total_fee":"5360.00","gmt_payment":"2017-09-02 13:41:37","seller_email":"2287684289@qq.com","price":"5360.00","buyer_id":"2088002195562134","notify_id":"5ae92799b91f2074d03dbebc2480d68h06","use_coupon":"N","sign_type":"MD5","sign":"2ef1172efb37f7d343daf12e2818042c"}
[2017-09-02 13:41:38][info] 数据存储反馈成功！
[2017-09-02 13:41:38][info] success
[2017-09-02 13:41:38][info] 写入结束!!!
[2017-09-02 14:39:53][info] ----------------------------------------
[2017-09-02 14:39:53][info] {"discount":"0.00","payment_type":"1","trade_no":"2017090221001004930253814558","subject":"\u989d\u6d4e\u7eb3\u6444\u5f71B\u7ebf","buyer_email":"13032859627","gmt_create":"2017-09-02 14:39:06","notify_type":"trade_status_sync","quantity":"1","out_trade_no":"LX-17083115571855001-7","seller_id":"2088421286007493","notify_time":"2017-09-02 14:39:53","body":"\u989d\u6d4e\u7eb3\u80e1\u6768\u6797-\u5df4\u4e39\u5409\u6797\u8179\u5730-\u91d1\u5854\u80e1\u6768\u6797-\u602a\u6811\u6797-\u516b\u65e5","trade_status":"TRADE_SUCCESS","is_total_fee_adjust":"N","total_fee":"4880.00","gmt_payment":"2017-09-02 14:39:52","seller_email":"2287684289@qq.com","price":"4880.00","buyer_id":"2088502586081933","notify_id":"145cc003484c191146fb2b9f4561fbdn6e","use_coupon":"N","sign_type":"MD5","sign":"900e128910095860290aeff68eada002"}
[2017-09-02 14:39:53][info] 数据存储反馈成功！
[2017-09-02 14:39:53][info] success
[2017-09-02 14:39:53][info] 写入结束!!!
[2017-09-02 15:08:50][info] ----------------------------------------
[2017-09-02 15:08:50][info] {"discount":"0.00","payment_type":"1","trade_no":"2017090221001004630294640131","subject":"\u5317\u7586\u91d1\u79cb\u7ecf\u5178\u73af\u7ebf","buyer_email":"yanzi5101@126.com","gmt_create":"2017-09-02 15:08:45","notify_type":"trade_status_sync","quantity":"1","out_trade_no":"LX-17090211525088506-5","seller_id":"2088421286007493","notify_time":"2017-09-02 15:08:50","body":"\u5580\u7eb3\u65af-\u767d\u54c8\u5df4-\u79be\u6728-\u4e94\u5f69\u6ee9-\u9b54\u9b3c\u57ce-\u53ef\u53ef\u6258\u6d77 9\u65e5\u6df1\u5ea6\u6e38","trade_status":"TRADE_SUCCESS","is_total_fee_adjust":"N","total_fee":"5030.00","gmt_payment":"2017-09-02 15:08:50","seller_email":"2287684289@qq.com","price":"5030.00","buyer_id":"2088302452071633","notify_id":"26c1a1f71f87347de89589734be6b16kv2","use_coupon":"N","sign_type":"MD5","sign":"ac64f9bb2e7911abf2af3510b337a282"}
[2017-09-02 15:08:51][info] 数据存储反馈成功！
[2017-09-02 15:08:51][info] success
[2017-09-02 15:08:51][info] 写入结束!!!
[2017-09-02 15:12:14][info] ----------------------------------------
[2017-09-02 15:12:14][info] {"discount":"0.00","payment_type":"1","trade_no":"2017090221001004630294654863","subject":"\u5317\u7586\u91d1\u79cb\u7ecf\u5178\u73af\u7ebf","buyer_email":"yanzi5101@126.com","gmt_create":"2017-09-02 15:11:56","notify_type":"trade_status_sync","quantity":"1","out_trade_no":"LX-17090211525088506-6","seller_id":"2088421286007493","notify_time":"2017-09-02 15:12:14","body":"\u5580\u7eb3\u65af-\u767d\u54c8\u5df4-\u79be\u6728-\u4e94\u5f69\u6ee9-\u9b54\u9b3c\u57ce-\u53ef\u53ef\u6258\u6d77 9\u65e5\u6df1\u5ea6\u6e38","trade_status":"TRADE_SUCCESS","is_total_fee_adjust":"N","total_fee":"5030.00","gmt_payment":"2017-09-02 15:12:13","seller_email":"2287684289@qq.com","price":"5030.00","buyer_id":"2088302452071633","notify_id":"ea875afb5c834f0229cd1314a0767a0kv2","use_coupon":"N","sign_type":"MD5","sign":"68196a92d489671187c72cd03db4128b"}
[2017-09-02 15:12:14][info] 数据存储反馈成功！
[2017-09-02 15:12:14][info] success
[2017-09-02 15:12:14][info] 写入结束!!!
[2017-09-02 15:39:44][info] ----------------------------------------
[2017-09-02 15:39:44][info] {"discount":"0.00","payment_type":"1","trade_no":"2017090221001004630294678322","subject":"\u989d\u6d4e\u7eb3\u6df1\u5ea6\u6e38","buyer_email":"380548433@qq.com","gmt_create":"2017-09-02 15:39:16","notify_type":"trade_status_sync","quantity":"1","out_trade_no":"LX-17090208450494701-e","seller_id":"2088421286007493","notify_time":"2017-09-02 15:39:44","body":"\u4ed9\u7c73\u5f69\u6797-\u7941\u8fde\u5c71-\u9a6c\u8e44\u5bfa-\u5f20\u6396\u4e39\u971e-\u91d1\u5854\u80e1\u6768\u6797-\u989d\u6d4e\u7eb3\u80e1\u6768\u6797-\u5c45\u5ef6\u6d77-\u5609\u5cea\u5173-\u52a8\u8f66\u8fd4\u7a0b7\u65e5\u6e38","trade_status":"TRADE_SUCCESS","is_total_fee_adjust":"N","total_fee":"3680.00","gmt_payment":"2017-09-02 15:39:44","seller_email":"2287684289@qq.com","price":"3680.00","buyer_id":"2088102476898638","notify_id":"89f822e73fbb303cae158f78b33d51dkv2","use_coupon":"N","sign_type":"MD5","sign":"386f25791e3c20d14f59a6198abea2c7"}
[2017-09-02 15:39:44][info] 数据存储反馈成功！
[2017-09-02 15:39:44][info] success
[2017-09-02 15:39:44][info] 写入结束!!!
[2017-09-02 17:55:15][info] ----------------------------------------
[2017-09-02 17:55:15][info] {"discount":"0.00","payment_type":"1","trade_no":"2017060121001004580284337362","subject":"\u7518\u5357\u5168\u666f","buyer_email":"jie760808@163.com","gmt_create":"2017-06-01 17:54:31","notify_type":"trade_status_sync","quantity":"1","out_trade_no":"LX-17052409193692706-1","seller_id":"2088421286007493","notify_time":"2017-09-02 17:55:15","body":"2017\u5e74\u72ec\u5bb6  \u516b\u89d2\u57ce-\u624e\u5c15\u90a3-\u82b1\u6e56-\u5e74\u5b9d\u7389\u5219-\u82e5\u5c14\u76d6\u8349\u539f-\u963f\u4e07\u4ed3\u6e7f\u5730-\u90ce\u6728\u5bfa 8\u65e5\u6e38","trade_status":"TRADE_FINISHED","is_total_fee_adjust":"N","total_fee":"11520.00","gmt_payment":"2017-06-01 17:54:40","seller_email":"2287684289@qq.com","gmt_close":"2017-09-02 17:55:15","price":"11520.00","buyer_id":"2088002112625584","notify_id":"5936b9348c2cfef693818c0aaebf3fckh6","use_coupon":"N","sign_type":"MD5","sign":"75f3b2afd45b8577f0e53564a0816e14"}
[2017-09-02 17:55:16][info] 数据存储反馈成功！
[2017-09-02 17:55:16][info] success
[2017-09-02 17:55:16][info] 写入结束!!!
[2017-09-02 20:28:03][info] ----------------------------------------
[2017-09-02 20:28:03][info] {"discount":"0.00","payment_type":"1","trade_no":"2017090221001004210295233707","subject":"\u575d\u4e0a\u79cb\u6444","buyer_email":"13991235538","gmt_create":"2017-09-02 20:27:25","notify_type":"trade_status_sync","quantity":"1","out_trade_no":"LX-17090212113635706-1","seller_id":"2088421286007493","notify_time":"2017-09-02 20:28:03","body":"9-10\u6708\u91d1\u79cb\uff0c\u5317\u6c9f\u3001\u6768\u6811\u80cc\u3001\u4e94\u5f69\u5c71\u3001\u86e4\u87c6\u575d\u3001\u91ce\u9e2d\u6e56\u3001\u516c\u4e3b\u6e56\u7b49\u575d\u4e0a\u8349\u539f\u79cb\u8272\u4e00\u7f51\u6253\u5c3d 6\u65e5\u6444\u5f71\u521b\u4f5c\u56e2\uff08\u575d\u4e0a\u62cd\u64444\u5929\uff09","trade_status":"TRADE_SUCCESS","is_total_fee_adjust":"N","total_fee":"1340.00","gmt_payment":"2017-09-02 20:28:02","seller_email":"2287684289@qq.com","price":"1340.00","buyer_id":"2088522650672214","notify_id":"9adf74465788c8d5d3bf6c8f4883f76hme","use_coupon":"N","sign_type":"MD5","sign":"1c3f4135c09f25d3b574735c92f06c90"}
[2017-09-02 20:28:03][info] 数据存储反馈成功！
[2017-09-02 20:28:03][info] success
[2017-09-02 20:28:03][info] 写入结束!!!
[2017-09-02 20:59:55][info] ----------------------------------------
[2017-09-02 20:59:55][info] {"discount":"0.00","payment_type":"1","trade_no":"2017060121001004230232287036","subject":"\u5fc3\u82b1\u8def\u653e","buyer_email":"s900589@126.com","gmt_create":"2017-06-01 20:58:41","notify_type":"trade_status_sync","quantity":"1","out_trade_no":"LX-17060116481743401-a","seller_id":"2088421286007493","notify_time":"2017-09-02 20:59:55","body":"\u5927\u7406\u53cc\u5eca\u3001\u6c99\u6eaa\u53e4\u9547\u3001\u4e3d\u6c5f\u53e4\u57ce\u3001\u9999\u683c\u91cc\u62c9\u3001\u6cf8\u6cbd\u6e567\u65e5\u6ec7\u897f\u5317\u5168\u666f\u6df1\u5ea6\u6e38","trade_status":"TRADE_FINISHED","is_total_fee_adjust":"N","total_fee":"3280.00","gmt_payment":"2017-06-01 20:59:13","seller_email":"2287684289@qq.com","gmt_close":"2017-09-02 20:59:55","price":"3280.00","buyer_id":"2088002140720231","notify_id":"c456ef45c5aad6553584b0e198c1e4dhry","use_coupon":"N","sign_type":"MD5","sign":"bcbf6a26dfc8286cd924fda019bce590"}
[2017-09-02 20:59:55][info] 数据存储反馈成功！
[2017-09-02 20:59:55][info] success
[2017-09-02 20:59:55][info] 写入结束!!!
[2017-09-02 21:18:02][info] ----------------------------------------
[2017-09-02 21:18:02][info] {"discount":"0.00","payment_type":"1","trade_no":"2017060121001004720231822835","subject":"\u7518\u5357\u5168\u666f","buyer_email":"495946901@qq.com","gmt_create":"2017-06-01 21:17:10","notify_type":"trade_status_sync","quantity":"1","out_trade_no":"LX-17060121093888806-e","seller_id":"2088421286007493","notify_time":"2017-09-02 21:18:02","body":"2017\u5e74\u72ec\u5bb6  \u516b\u89d2\u57ce-\u624e\u5c15\u90a3-\u82b1\u6e56-\u5e74\u5b9d\u7389\u5219-\u82e5\u5c14\u76d6\u8349\u539f-\u963f\u4e07\u4ed3\u6e7f\u5730-\u90ce\u6728\u5bfa 8\u65e5\u6e38","trade_status":"TRADE_FINISHED","is_total_fee_adjust":"N","total_fee":"2880.00","gmt_payment":"2017-06-01 21:17:28","seller_email":"2287684289@qq.com","gmt_close":"2017-09-02 21:18:02","price":"2880.00","buyer_id":"2088202734376725","notify_id":"e7af7a21314f4253a3d4dc1036e641blk2","use_coupon":"N","sign_type":"MD5","sign":"8cd3ec6df1f2e0f1a416233d86f76518"}
[2017-09-02 21:18:02][info] 数据存储反馈成功！
[2017-09-02 21:18:02][info] success
[2017-09-02 21:18:02][info] 写入结束!!!
