[2017-09-28 08:06:07][info] ----------------------------------------
[2017-09-28 08:06:07][info] {"discount":"0.00","payment_type":"1","trade_no":"2017062721001004390283462282","subject":"\u4e1d\u7ef8\u4e4b\u8def\u8f7b\u5962\u6e38","buyer_email":"cityceo@gmail.com","gmt_create":"2017-06-27 08:05:35","notify_type":"trade_status_sync","quantity":"1","out_trade_no":"LX-17062110253960201-2","seller_id":"2088421286007493","notify_time":"2017-09-28 08:06:07","body":"\u9752\u6d77\u6e56-\u8336\u5361\u76d0\u6e56-\u6c99\u5c9b-\u7941\u8fde\u5c71-\u5f20\u6396-\u5609\u5cea\u5173-\u6566\u714c9\u65e5\u6e38","trade_status":"TRADE_FINISHED","is_total_fee_adjust":"N","total_fee":"6690.00","gmt_payment":"2017-06-27 08:05:46","seller_email":"2287684289@qq.com","gmt_close":"2017-09-28 08:06:07","price":"6690.00","buyer_id":"2088002030784392","notify_id":"2690b03c6caec3a535cb0e5a387087aj0e","use_coupon":"N","sign_type":"MD5","sign":"4b3a401ee187e6e9537cfb264b26d4f0"}
[2017-09-28 08:06:08][info] 数据存储反馈成功！
[2017-09-28 08:06:08][info] success
[2017-09-28 08:06:08][info] 写入结束!!!
[2017-09-28 08:11:07][info] ----------------------------------------
[2017-09-28 08:11:07][info] {"discount":"0.00","payment_type":"1","trade_no":"2017062721001004390283499594","subject":"\u4e1d\u7ef8\u4e4b\u8def\u8f7b\u5962\u6e38","buyer_email":"cityceo@gmail.com","gmt_create":"2017-06-27 08:10:14","notify_type":"trade_status_sync","quantity":"1","out_trade_no":"LX-17062516492245606-d","seller_id":"2088421286007493","notify_time":"2017-09-28 08:11:07","body":"\u9752\u6d77\u6e56-\u8336\u5361\u76d0\u6e56-\u6c99\u5c9b-\u7941\u8fde\u5c71-\u5f20\u6396-\u5609\u5cea\u5173-\u6566\u714c9\u65e5\u6e38","trade_status":"TRADE_FINISHED","is_total_fee_adjust":"N","total_fee":"5400.00","gmt_payment":"2017-06-27 08:10:22","seller_email":"2287684289@qq.com","gmt_close":"2017-09-28 08:11:07","price":"5400.00","buyer_id":"2088002030784392","notify_id":"91514f9e570b575337041911080bbefj0e","use_coupon":"N","sign_type":"MD5","sign":"22e999525b2452e422f2fed42f6fd38b"}
[2017-09-28 08:11:07][info] 数据存储反馈成功！
[2017-09-28 08:11:07][info] success
[2017-09-28 08:11:07][info] 写入结束!!!
[2017-09-28 09:42:26][info] ----------------------------------------
[2017-09-28 09:42:26][info] {"discount":"0.00","payment_type":"1","trade_no":"2017092821001004880202964411","subject":"\u5f92\u6b65\u817e\u683c\u91cc","buyer_email":"shinertech@163.com","gmt_create":"2017-09-28 09:42:11","notify_type":"trade_status_sync","quantity":"1","out_trade_no":"LX-1709081400296606-b","seller_id":"2088421286007493","notify_time":"2017-09-28 09:42:26","body":"\u817e\u683c\u91cc\u6c99\u6f20\u4e94\u6e56\u8f7b\u88c5\u5f92\u6b65\u7a7f\u8d8a-\u5929\u5e55\u9732\u84254\u65e5\u4f53\u9a8c\u6e38","trade_status":"TRADE_SUCCESS","is_total_fee_adjust":"N","total_fee":"2519.00","gmt_payment":"2017-09-28 09:42:26","seller_email":"2287684289@qq.com","price":"2519.00","buyer_id":"2088002295493880","notify_id":"233f1eebcc930a9aa469d1ce3474ccfmsi","use_coupon":"N","sign_type":"MD5","sign":"c2e3b1b07db55ee33718cdc7518f94bd"}
[2017-09-28 09:42:26][info] 数据存储反馈成功！
[2017-09-28 09:42:26][info] success
[2017-09-28 09:42:26][info] 写入结束!!!
[2017-09-28 09:49:06][info] ----------------------------------------
[2017-09-28 09:49:06][info] {"discount":"0.00","payment_type":"1","trade_no":"2017062721001004370267272608","subject":"\u65b0\u7586\u5168\u666f","buyer_email":"13637223862","gmt_create":"2017-06-27 09:47:14","notify_type":"trade_status_sync","quantity":"1","out_trade_no":"LX-17062212535978006-8","seller_id":"2088421286007493","notify_time":"2017-09-28 09:49:06","body":"\u6c5f\u5e03\u62c9\u514b-\u4e94\u5f69\u6ee9-\u5580\u7eb3\u65af-\u79be\u6728-\u8d5b\u91cc\u6728\u6e56-\u85b0\u8863\u8349\u519c\u573a-\u5580\u62c9\u5cfb-\u90a3\u62c9\u63d0-\u5df4\u97f3\u5e03\u9c81\u514b-\u5410\u9c81\u756a13\u65e5\u6e38","trade_status":"TRADE_FINISHED","is_total_fee_adjust":"N","total_fee":"10760.00","gmt_payment":"2017-06-27 09:48:22","seller_email":"2287684289@qq.com","gmt_close":"2017-09-28 09:49:05","price":"10760.00","buyer_id":"2088112899468376","notify_id":"89012ce7a7488ff1dcc69ed06902b02iuu","use_coupon":"N","sign_type":"MD5","sign":"e64fb3aa9d3c5d2255ec557caf884aed"}
[2017-09-28 09:49:06][info] 数据存储反馈成功！
[2017-09-28 09:49:06][info] success
[2017-09-28 09:49:06][info] 写入结束!!!
[2017-09-28 10:06:21][info] ----------------------------------------
[2017-09-28 10:06:21][info] {"discount":"0.00","payment_type":"1","trade_no":"2017092821001004020293417792","subject":"\u989d\u6d4e\u7eb3\u6700\u7f8e\u9ad8\u94c1\u56e2","buyer_email":"919262340@qq.com","gmt_create":"2017-09-28 10:06:05","notify_type":"trade_status_sync","quantity":"1","out_trade_no":"LX-1709280948376001-6","seller_id":"2088421286007493","notify_time":"2017-09-28 10:06:21","body":"2017\u989d\u6d4e\u7eb3\u65d7\u80e1\u6768\u6797\u516d\u65e5\u6e38-\u9886\u8896\u6237\u5916\u72ec\u5bb6\u9996\u521b","trade_status":"TRADE_SUCCESS","is_total_fee_adjust":"N","total_fee":"5800.00","gmt_payment":"2017-09-28 10:06:20","seller_email":"2287684289@qq.com","price":"5800.00","buyer_id":"2088702119116020","notify_id":"a9a7b7b31763c4f3ea464534c72f5dag5m","use_coupon":"N","sign_type":"MD5","sign":"5814c607fa7365c1e56bc27e14717495"}
[2017-09-28 10:06:21][info] 数据存储反馈成功！
[2017-09-28 10:06:21][info] success
[2017-09-28 10:06:21][info] 写入结束!!!
[2017-09-28 10:28:49][info] ----------------------------------------
[2017-09-28 10:28:49][info] {"discount":"0.00","payment_type":"1","trade_no":"2017092821001004650221340836","subject":"\u989d\u6d4e\u7eb3\u6df1\u5ea6\u6e38","buyer_email":"531718548@qq.com","gmt_create":"2017-09-28 10:28:43","notify_type":"trade_status_sync","quantity":"1","out_trade_no":"LX-17090413125614706-0","seller_id":"2088421286007493","notify_time":"2017-09-28 10:28:49","body":"\u4ed9\u7c73\u5f69\u6797-\u7941\u8fde\u5c71-\u9a6c\u8e44\u5bfa-\u5f20\u6396\u4e39\u971e-\u91d1\u5854\u80e1\u6768\u6797-\u989d\u6d4e\u7eb3\u80e1\u6768\u6797-\u5c45\u5ef6\u6d77-\u5609\u5cea\u5173-\u52a8\u8f66\u8fd4\u7a0b7\u65e5\u6e38","trade_status":"TRADE_SUCCESS","is_total_fee_adjust":"N","total_fee":"3530.00","gmt_payment":"2017-09-28 10:28:49","seller_email":"2287684289@qq.com","price":"3530.00","buyer_id":"2088302350325652","notify_id":"3dddc16adfb8e6d511672565cd0564fl0m","use_coupon":"N","sign_type":"MD5","sign":"c2f441441ad1a92caff98d46ba47c869"}
[2017-09-28 10:28:50][info] 数据存储反馈成功！
[2017-09-28 10:28:50][info] success
[2017-09-28 10:28:50][info] 写入结束!!!
[2017-09-28 11:03:27][info] ----------------------------------------
[2017-09-28 11:03:27][info] {"discount":"0.00","payment_type":"1","trade_no":"2017092821001004080272467418","subject":"\u7518\u5357\u5168\u666f","buyer_email":"xingxuefeier@163.com","gmt_create":"2017-09-28 11:02:50","notify_type":"trade_status_sync","quantity":"1","out_trade_no":"LX-17081613525917506-a","seller_id":"2088421286007493","notify_time":"2017-09-28 11:03:27","body":"2017\u5e74\u72ec\u5bb6  \u62c9\u535c\u695e\u5bfa-\u624e\u5c15\u90a3-\u82b1\u6e56-\u5e74\u5b9d\u7389\u5219-\u82e5\u5c14\u76d6\u8349\u539f-\u963f\u4e07\u4ed3\u6e7f\u5730-\u5c15\u6d77\u6e56-\u90ce\u6728\u5bfa 8\u65e5\u6e38","trade_status":"TRADE_SUCCESS","is_total_fee_adjust":"N","total_fee":"1690.00","gmt_payment":"2017-09-28 11:03:26","seller_email":"2287684289@qq.com","price":"1690.00","buyer_id":"2088002178105082","notify_id":"a8bcd7dd0e82dfde4232c2944bc58aegma","use_coupon":"N","sign_type":"MD5","sign":"b95deb7a789cc0e44a86d67bf0b2bea7"}
[2017-09-28 11:03:27][info] 数据存储反馈成功！
[2017-09-28 11:03:27][info] success
[2017-09-28 11:03:27][info] 写入结束!!!
[2017-09-28 11:06:14][info] ----------------------------------------
[2017-09-28 11:06:14][info] {"discount":"0.00","payment_type":"1","trade_no":"2017092821001004080272460441","subject":"\u7518\u5357\u5168\u666f","buyer_email":"xingxuefeier@163.com","gmt_create":"2017-09-28 11:05:12","notify_type":"trade_status_sync","quantity":"1","out_trade_no":"LX-17082415281497506-b","seller_id":"2088421286007493","notify_time":"2017-09-28 11:06:14","body":"2017\u5e74\u72ec\u5bb6  \u62c9\u535c\u695e\u5bfa-\u624e\u5c15\u90a3-\u82b1\u6e56-\u5e74\u5b9d\u7389\u5219-\u82e5\u5c14\u76d6\u8349\u539f-\u963f\u4e07\u4ed3\u6e7f\u5730-\u5c15\u6d77\u6e56-\u90ce\u6728\u5bfa 8\u65e5\u6e38","trade_status":"TRADE_SUCCESS","is_total_fee_adjust":"N","total_fee":"1690.00","gmt_payment":"2017-09-28 11:06:14","seller_email":"2287684289@qq.com","price":"1690.00","buyer_id":"2088002178105082","notify_id":"873235a1ff53e20723137b68573763egma","use_coupon":"N","sign_type":"MD5","sign":"0c081153fa6f4ebcf73c38191314c05b"}
[2017-09-28 11:06:15][info] 数据存储反馈成功！
[2017-09-28 11:06:15][info] success
[2017-09-28 11:06:15][info] 写入结束!!!
[2017-09-28 11:11:52][info] ----------------------------------------
[2017-09-28 11:11:52][info] {"discount":"0.00","payment_type":"1","trade_no":"2017062721001004610273747628","subject":"\u7518\u5357\u5168\u666f","buyer_email":"gaoying19@163.com","gmt_create":"2017-06-27 11:10:22","notify_type":"trade_status_sync","quantity":"1","out_trade_no":"LX-17061620220296106-9","seller_id":"2088421286007493","notify_time":"2017-09-28 11:11:52","body":"2017\u5e74\u72ec\u5bb6  \u516b\u89d2\u57ce-\u624e\u5c15\u90a3-\u82b1\u6e56-\u5e74\u5b9d\u7389\u5219-\u82e5\u5c14\u76d6\u8349\u539f-\u963f\u4e07\u4ed3\u6e7f\u5730-\u90ce\u6728\u5bfa 8\u65e5\u6e38","trade_status":"TRADE_FINISHED","is_total_fee_adjust":"N","total_fee":"1640.00","gmt_payment":"2017-06-27 11:10:53","seller_email":"2287684289@qq.com","gmt_close":"2017-09-28 11:11:52","price":"1640.00","buyer_id":"2088202780225615","notify_id":"fc456d6dc7c71b58ca28e7631cb267akpi","use_coupon":"N","sign_type":"MD5","sign":"5b4e6b16de1c7f0890aef1d56157d6a0"}
[2017-09-28 11:11:52][info] 数据存储反馈成功！
[2017-09-28 11:11:52][info] success
[2017-09-28 11:11:52][info] 写入结束!!!
[2017-09-28 11:14:01][info] ----------------------------------------
[2017-09-28 11:14:01][info] {"discount":"0.00","payment_type":"1","trade_no":"2017092821001004520217195413","subject":"\u989d\u6d4e\u7eb3\u5168\u666f","buyer_email":"13908050386","gmt_create":"2017-09-28 11:13:42","notify_type":"trade_status_sync","quantity":"1","out_trade_no":"LX-17090523073658006-e","seller_id":"2088421286007493","notify_time":"2017-09-28 11:14:00","body":"\u989d\u6d4e\u7eb3\u80e1\u6768\u6797-\u6566\u714c\u5168\u666f-\u5df4\u4e39\u5409\u6797-\u5f20\u6396\u4e39\u971e-\u5609\u5cea\u5173-\u91d1\u5854\u80e1\u6768\u6797-\u52a8\u8f668\u65e5","trade_status":"TRADE_SUCCESS","is_total_fee_adjust":"N","total_fee":"4180.00","gmt_payment":"2017-09-28 11:14:00","seller_email":"2287684289@qq.com","price":"4180.00","buyer_id":"2088302970230521","notify_id":"7b22e820ed3d55676c2f4ff9e118304k0i","use_coupon":"N","sign_type":"MD5","sign":"d44ac055e90ffd864112ff7ce9f5b724"}
[2017-09-28 11:14:01][info] 数据存储反馈成功！
[2017-09-28 11:14:01][info] success
[2017-09-28 11:14:01][info] 写入结束!!!
[2017-09-28 11:26:16][info] ----------------------------------------
[2017-09-28 11:26:16][info] {"discount":"0.00","payment_type":"1","trade_no":"2017092821001004700280865956","subject":"\u989d\u6d4e\u7eb3\u6df1\u5ea6\u6e38","buyer_email":"lili_cbrc@126.com","gmt_create":"2017-09-28 11:26:01","notify_type":"trade_status_sync","quantity":"1","out_trade_no":"LX-17092721043633301-e","seller_id":"2088421286007493","notify_time":"2017-09-28 11:26:15","body":"\u4ed9\u7c73\u5f69\u6797-\u7941\u8fde\u5c71-\u9a6c\u8e44\u5bfa-\u5f20\u6396\u4e39\u971e-\u91d1\u5854\u80e1\u6768\u6797-\u989d\u6d4e\u7eb3\u80e1\u6768\u6797-\u5c45\u5ef6\u6d77-\u5609\u5cea\u5173-\u52a8\u8f66\u8fd4\u7a0b7\u65e5\u6e38","trade_status":"TRADE_SUCCESS","is_total_fee_adjust":"N","total_fee":"6860.00","gmt_payment":"2017-09-28 11:26:15","seller_email":"2287684289@qq.com","price":"6860.00","buyer_id":"2088002713407701","notify_id":"8bcd858be51a921dd6534d380925f28lei","use_coupon":"N","sign_type":"MD5","sign":"291e3ab42cc5a619983a5708fad957b0"}
[2017-09-28 11:26:16][info] 数据存储反馈成功！
[2017-09-28 11:26:16][info] success
[2017-09-28 11:26:16][info] 写入结束!!!
[2017-09-28 12:10:24][info] ----------------------------------------
[2017-09-28 12:10:24][info] {"discount":"0.00","payment_type":"1","trade_no":"2017092821001004140257434771","subject":"\u989d\u6d4e\u7eb3\u6700\u7f8e\u9ad8\u94c1\u56e2","buyer_email":"13916677567","gmt_create":"2017-09-28 12:10:16","notify_type":"trade_status_sync","quantity":"1","out_trade_no":"LX-17092811215541006-2","seller_id":"2088421286007493","notify_time":"2017-09-28 12:10:24","body":"2017\u989d\u6d4e\u7eb3\u65d7\u80e1\u6768\u6797\u516d\u65e5\u6e38-\u9886\u8896\u6237\u5916\u72ec\u5bb6\u9996\u521b","trade_status":"TRADE_SUCCESS","is_total_fee_adjust":"N","total_fee":"1785.00","gmt_payment":"2017-09-28 12:10:24","seller_email":"2287684289@qq.com","price":"1785.00","buyer_id":"2088202778873143","notify_id":"77b84c8cf40a3c471667ca3d9220813h2y","use_coupon":"N","sign_type":"MD5","sign":"0a88fd5dad05cb1978ab02c04d173b92"}
[2017-09-28 12:10:24][info] 数据存储反馈成功！
[2017-09-28 12:10:24][info] success
[2017-09-28 12:10:24][info] 写入结束!!!
[2017-09-28 13:55:53][info] ----------------------------------------
[2017-09-28 13:55:53][info] {"discount":"0.00","payment_type":"1","trade_no":"2017092821001004840210345122","subject":"\u989d\u6d4e\u7eb3\u5168\u666f","buyer_email":"13450346225","gmt_create":"2017-09-28 13:55:26","notify_type":"trade_status_sync","quantity":"1","out_trade_no":"LX-1709102314385706-9","seller_id":"2088421286007493","notify_time":"2017-09-28 13:55:53","body":"\u989d\u6d4e\u7eb3\u80e1\u6768\u6797-\u6566\u714c\u5168\u666f-\u5df4\u4e39\u5409\u6797-\u5f20\u6396\u4e39\u971e-\u5609\u5cea\u5173-\u91d1\u5854\u80e1\u6768\u6797-\u52a8\u8f668\u65e5","trade_status":"TRADE_SUCCESS","is_total_fee_adjust":"N","total_fee":"2040.00","gmt_payment":"2017-09-28 13:55:52","seller_email":"2287684289@qq.com","price":"2040.00","buyer_id":"2088822230707847","notify_id":"cbd902a352b027ec563aa71d6adcfb2mhe","use_coupon":"N","sign_type":"MD5","sign":"7302b3355d80180751d0ac4a1f150f45"}
[2017-09-28 13:55:53][info] 数据存储反馈成功！
[2017-09-28 13:55:53][info] success
[2017-09-28 13:55:53][info] 写入结束!!!
[2017-09-28 13:58:30][info] ----------------------------------------
[2017-09-28 13:58:30][info] {"discount":"0.00","payment_type":"1","trade_no":"2017092821001004180278689572","subject":"\u989d\u6d4e\u7eb3\u4f11\u95f2\u6e38","buyer_email":"15123191010","gmt_create":"2017-09-28 13:58:15","notify_type":"trade_status_sync","quantity":"1","out_trade_no":"LX-17092813255755006-f","seller_id":"2088421286007493","notify_time":"2017-09-28 13:58:30","body":"\u989d\u6d4e\u7eb3\u65d7\u80e1\u6768\u6797-\u5609\u5cea\u5173-\u9ed1\u6c34\u57ce-\u602a\u6811\u6797-\u5df4\u4e39\u5409\u6797\u6c99\u6f20-\u5f20\u6396\u4e39\u971e","trade_status":"TRADE_SUCCESS","is_total_fee_adjust":"N","total_fee":"5560.00","gmt_payment":"2017-09-28 13:58:29","seller_email":"2287684289@qq.com","price":"5560.00","buyer_id":"2088602336625188","notify_id":"eea2da914c475e8ed04b789ca91b739he2","use_coupon":"N","sign_type":"MD5","sign":"4c65f3151874f22935497ba9f64cb90b"}
[2017-09-28 13:58:30][info] 数据存储反馈成功！
[2017-09-28 13:58:30][info] success
[2017-09-28 13:58:30][info] 写入结束!!!
[2017-09-28 15:47:45][info] ----------------------------------------
[2017-09-28 15:47:45][info] {"discount":"0.00","payment_type":"1","trade_no":"2017092821001004070212032352","subject":"\u989d\u6d4e\u7eb3\u6700\u7f8e\u9ad8\u94c1\u56e2","buyer_email":"250stars@sina.com","gmt_create":"2017-09-28 15:42:20","notify_type":"trade_status_sync","quantity":"1","out_trade_no":"LX-1709111953194406-b","seller_id":"2088421286007493","notify_time":"2017-09-28 15:47:45","body":"2017\u989d\u6d4e\u7eb3\u65d7\u80e1\u6768\u6797\u516d\u65e5\u6e38-\u9886\u8896\u6237\u5916\u72ec\u5bb6\u9996\u521b","trade_status":"TRADE_SUCCESS","is_total_fee_adjust":"N","total_fee":"3580.00","gmt_payment":"2017-09-28 15:47:44","seller_email":"2287684289@qq.com","price":"3580.00","buyer_id":"2088302179177070","notify_id":"6fc70d8db5fe9d72422b8fab429a756gji","use_coupon":"N","sign_type":"MD5","sign":"4b8af01ad72faea082c96f771f452edb"}
[2017-09-28 15:47:45][info] 数据存储反馈成功！
[2017-09-28 15:47:45][info] success
[2017-09-28 15:47:45][info] 写入结束!!!
[2017-09-28 16:54:04][info] ----------------------------------------
[2017-09-28 16:54:04][info] {"discount":"0.00","payment_type":"1","trade_no":"2017092821001004500509904908","subject":"\u989d\u6d4e\u7eb3\u6df1\u5ea6\u6e38","buyer_email":"13651750323","gmt_create":"2017-09-28 16:53:33","notify_type":"trade_status_sync","quantity":"1","out_trade_no":"LX-17081316444034601-0","seller_id":"2088421286007493","notify_time":"2017-09-28 16:54:04","body":"\u4ed9\u7c73\u5f69\u6797-\u7941\u8fde\u5c71-\u9a6c\u8e44\u5bfa-\u5f20\u6396\u4e39\u971e-\u91d1\u5854\u80e1\u6768\u6797-\u989d\u6d4e\u7eb3\u80e1\u6768\u6797-\u5c45\u5ef6\u6d77-\u5609\u5cea\u5173-\u52a8\u8f66\u8fd4\u7a0b7\u65e5\u6e38","trade_status":"TRADE_SUCCESS","is_total_fee_adjust":"N","total_fee":"3280.00","gmt_payment":"2017-09-28 16:54:04","seller_email":"2287684289@qq.com","price":"3280.00","buyer_id":"2088002906736508","notify_id":"c50952223717480f50ed32f30ac4c32jv1","use_coupon":"N","sign_type":"MD5","sign":"a4c226608c36b627b61cd104d0a57011"}
[2017-09-28 16:54:04][info] 数据存储反馈成功！
[2017-09-28 16:54:04][info] success
[2017-09-28 16:54:04][info] 写入结束!!!
[2017-09-28 17:22:14][info] ----------------------------------------
[2017-09-28 17:22:14][info] {"discount":"0.00","payment_type":"1","trade_no":"2017092821001004150231705811","subject":"\u989d\u6d4e\u7eb3\u6700\u7f8e\u9ad8\u94c1\u56e2","buyer_email":"aobo0610@126.com","gmt_create":"2017-09-28 17:22:06","notify_type":"trade_status_sync","quantity":"1","out_trade_no":"LX-17092815005147106-a","seller_id":"2088421286007493","notify_time":"2017-09-28 17:22:14","body":"2017\u989d\u6d4e\u7eb3\u65d7\u80e1\u6768\u6797\u516d\u65e5\u6e38-\u9886\u8896\u6237\u5916\u72ec\u5bb6\u9996\u521b","trade_status":"TRADE_SUCCESS","is_total_fee_adjust":"N","total_fee":"5800.00","gmt_payment":"2017-09-28 17:22:14","seller_email":"2287684289@qq.com","price":"5800.00","buyer_id":"2088602045592153","notify_id":"c22e3f43816a3f1ee56ba0cf6a18c2bh5q","use_coupon":"N","sign_type":"MD5","sign":"401e9321024f065b92cccb47c55ca31d"}
[2017-09-28 17:22:14][info] 数据存储反馈成功！
[2017-09-28 17:22:14][info] success
[2017-09-28 17:22:14][info] 写入结束!!!
[2017-09-28 17:26:51][info] ----------------------------------------
[2017-09-28 17:26:51][info] {"discount":"0.00","payment_type":"1","trade_no":"2017062721001004800222777461","subject":"\u4e1d\u7ef8\u4e4b\u8def\u7ecf\u5178\u4e5d\u65e5","buyer_email":"shenyana8@126.com","gmt_create":"2017-06-27 17:25:50","notify_type":"trade_status_sync","quantity":"1","out_trade_no":"LX-17062716500046806-b","seller_id":"2088421286007493","notify_time":"2017-09-28 17:26:50","body":"\u6c99\u5c9b-\u9752\u6d77\u6e56-\u8336\u5361\u76d0\u6e56-\u5353\u5c14\u5c71-\u5f20\u6396\u4e39\u971e-\u5609\u5cea\u5173-\u6566\u714c9\u65e5\u6e38","trade_status":"TRADE_FINISHED","is_total_fee_adjust":"N","total_fee":"1890.00","gmt_payment":"2017-06-27 17:25:55","seller_email":"2287684289@qq.com","gmt_close":"2017-09-28 17:26:50","price":"1890.00","buyer_id":"2088002313854800","notify_id":"2a0314ef7c216707e8cac9b946ce7b2m6a","use_coupon":"N","sign_type":"MD5","sign":"8f8899c1c4b500abe4b4901bd942a22d"}
[2017-09-28 17:26:51][info] 数据存储反馈成功！
[2017-09-28 17:26:51][info] success
[2017-09-28 17:26:51][info] 写入结束!!!
[2017-09-28 17:49:28][info] ----------------------------------------
[2017-09-28 17:49:28][info] {"discount":"0.00","payment_type":"1","trade_no":"2017092821001004150231746510","subject":"\u989d\u6d4e\u7eb3\u6444\u5f71B\u7ebf","buyer_email":"18907735598","gmt_create":"2017-09-28 17:49:23","notify_type":"trade_status_sync","quantity":"1","out_trade_no":"LX-17092813270261606-e","seller_id":"2088421286007493","notify_time":"2017-09-28 17:49:28","body":"\u989d\u6d4e\u7eb3\u80e1\u6768\u6797-\u5df4\u4e39\u5409\u6797\u8179\u5730-\u91d1\u5854\u80e1\u6768\u6797-\u602a\u6811\u6797-\u516b\u65e5","trade_status":"TRADE_SUCCESS","is_total_fee_adjust":"N","total_fee":"2490.00","gmt_payment":"2017-09-28 17:49:28","seller_email":"2287684289@qq.com","price":"2490.00","buyer_id":"2088802954079150","notify_id":"7065f764f3540f448dbd91b337086f7h5q","use_coupon":"N","sign_type":"MD5","sign":"ce09b1b96b3f3b8e5c890be24b193f40"}
[2017-09-28 17:49:29][info] 数据存储反馈成功！
[2017-09-28 17:49:29][info] success
[2017-09-28 17:49:29][info] 写入结束!!!
[2017-09-28 17:53:19][info] ----------------------------------------
[2017-09-28 17:53:19][info] {"discount":"0.00","payment_type":"1","trade_no":"2017092821001004790229689683","subject":"\u989d\u6d4e\u7eb3\u6700\u7f8e\u9ad8\u94c1\u56e2","buyer_email":"13637878372","gmt_create":"2017-09-28 17:52:50","notify_type":"trade_status_sync","quantity":"1","out_trade_no":"LX-17092813312773301-4","seller_id":"2088421286007493","notify_time":"2017-09-28 17:53:18","body":"2017\u989d\u6d4e\u7eb3\u65d7\u80e1\u6768\u6797\u516d\u65e5\u6e38-\u9886\u8896\u6237\u5916\u72ec\u5bb6\u9996\u521b","trade_status":"TRADE_SUCCESS","is_total_fee_adjust":"N","total_fee":"3685.00","gmt_payment":"2017-09-28 17:53:18","seller_email":"2287684289@qq.com","price":"3685.00","buyer_id":"2088702063318796","notify_id":"09c58aeb061a4489d9769af4cd35386m3i","use_coupon":"N","sign_type":"MD5","sign":"d08bd30d67ec0f39d7d175d2831f8770"}
[2017-09-28 17:53:19][info] 数据存储反馈成功！
[2017-09-28 17:53:19][info] success
[2017-09-28 17:53:19][info] 写入结束!!!
[2017-09-28 19:10:11][info] ----------------------------------------
[2017-09-28 19:10:11][info] {"discount":"0.00","payment_type":"1","trade_no":"2017092821001004210518875338","subject":"\u575d\u4e0a\u79cb\u6444","buyer_email":"13991235538","gmt_create":"2017-09-28 19:09:44","notify_type":"trade_status_sync","quantity":"1","out_trade_no":"LX-17090212113635706-2","seller_id":"2088421286007493","notify_time":"2017-09-28 19:10:11","body":"9-10\u6708\u91d1\u79cb\uff0c\u5317\u6c9f\u3001\u6768\u6811\u80cc\u3001\u4e94\u5f69\u5c71\u3001\u86e4\u87c6\u575d\u3001\u91ce\u9e2d\u6e56\u3001\u516c\u4e3b\u6e56\u7b49\u575d\u4e0a\u8349\u539f\u79cb\u8272\u4e00\u7f51\u6253\u5c3d 6\u65e5\u6444\u5f71\u521b\u4f5c\u56e2\uff08\u575d\u4e0a\u62cd\u64444\u5929\uff09","trade_status":"TRADE_SUCCESS","is_total_fee_adjust":"N","total_fee":"1340.00","gmt_payment":"2017-09-28 19:10:11","seller_email":"2287684289@qq.com","price":"1340.00","buyer_id":"2088522650672214","notify_id":"4ce43b90202bebf7530d23d48a19f70hmh","use_coupon":"N","sign_type":"MD5","sign":"c47fb8112bf44cdaf0718b7f8afc1001"}
[2017-09-28 19:10:12][info] 数据存储反馈成功！
[2017-09-28 19:10:12][info] success
[2017-09-28 19:10:12][info] 写入结束!!!
[2017-09-28 19:23:30][info] ----------------------------------------
[2017-09-28 19:23:30][info] {"discount":"0.00","payment_type":"1","trade_no":"2017092821001004850289998206","subject":"\u989d\u6d4e\u7eb3\u4f11\u95f2\u6e38","buyer_email":"18037880063","gmt_create":"2017-09-28 19:22:37","notify_type":"trade_status_sync","quantity":"1","out_trade_no":"LX-1709252241276501-8","seller_id":"2088421286007493","notify_time":"2017-09-28 19:23:30","body":"\u989d\u6d4e\u7eb3\u65d7\u80e1\u6768\u6797-\u5609\u5cea\u5173-\u9ed1\u6c34\u57ce-\u602a\u6811\u6797-\u5df4\u4e39\u5409\u6797\u6c99\u6f20-\u5f20\u6396\u4e39\u971e","trade_status":"TRADE_SUCCESS","is_total_fee_adjust":"N","total_fee":"3720.00","gmt_payment":"2017-09-28 19:23:30","seller_email":"2287684289@qq.com","price":"3720.00","buyer_id":"2088412116634855","notify_id":"0c809adee67c46691930a1ef862e1dfmk6","use_coupon":"N","sign_type":"MD5","sign":"731eceb7998da7bd9773613744d88258"}
[2017-09-28 19:23:31][info] 数据存储反馈成功！
[2017-09-28 19:23:31][info] success
[2017-09-28 19:23:31][info] 写入结束!!!
[2017-09-28 20:00:15][info] ----------------------------------------
[2017-09-28 20:00:15][info] {"discount":"0.00","payment_type":"1","trade_no":"2017062721001004780271002413","subject":"\u5580\u7eb3\u65af\u4e4b\u590f","buyer_email":"6245792@qq.com","gmt_create":"2017-06-27 19:52:01","notify_type":"trade_status_sync","quantity":"1","out_trade_no":"LX-17062718225529706-3","seller_id":"2088421286007493","notify_time":"2017-09-28 20:00:15","body":"2017\u5e747\uff5e8\u6708 \u5929\u6c60-\u5410\u9c81\u756a-\u9b54\u9b3c\u57ce-\u79be\u6728-\u5580\u7eb3\u65af-\u767d\u54c8\u5df4-\u4e94\u5f69\u6ee9\u6df1\u5ea6\u4e5d\u65e5\u6e38","trade_status":"TRADE_FINISHED","is_total_fee_adjust":"N","total_fee":"9160.00","gmt_payment":"2017-06-27 19:59:31","seller_email":"2287684289@qq.com","gmt_close":"2017-09-28 20:00:15","price":"9160.00","buyer_id":"2088202329796783","notify_id":"4a9d55b010b9fb2a848318f3010a2aam0q","use_coupon":"N","sign_type":"MD5","sign":"069eaf9cbad356eac29130aa090aea35"}
[2017-09-28 20:00:15][info] 数据存储反馈成功！
[2017-09-28 20:00:15][info] success
[2017-09-28 20:00:15][info] 写入结束!!!
[2017-09-28 20:11:35][info] ----------------------------------------
[2017-09-28 20:11:35][info] {"discount":"0.00","payment_type":"1","trade_no":"2017092821001004520218495483","subject":"\u989d\u6d4e\u7eb3\u5168\u666f","buyer_email":"13935557@qq.com","gmt_create":"2017-09-28 20:11:19","notify_type":"trade_status_sync","quantity":"1","out_trade_no":"LX-17091022043992006-8","seller_id":"2088421286007493","notify_time":"2017-09-28 20:11:35","body":"\u989d\u6d4e\u7eb3\u80e1\u6768\u6797-\u6566\u714c\u5168\u666f-\u5df4\u4e39\u5409\u6797-\u5f20\u6396\u4e39\u971e-\u5609\u5cea\u5173-\u91d1\u5854\u80e1\u6768\u6797-\u52a8\u8f668\u65e5","trade_status":"TRADE_SUCCESS","is_total_fee_adjust":"N","total_fee":"2040.00","gmt_payment":"2017-09-28 20:11:34","seller_email":"2287684289@qq.com","price":"2040.00","buyer_id":"2088102100073523","notify_id":"71ab70e729b15eef8b8e37b2374da0bk0i","use_coupon":"N","sign_type":"MD5","sign":"08d0a06d899746b7084e6fbdef6c5d4c"}
[2017-09-28 20:11:35][info] 数据存储反馈成功！
[2017-09-28 20:11:35][info] success
[2017-09-28 20:11:35][info] 写入结束!!!
[2017-09-28 21:31:48][info] ----------------------------------------
[2017-09-28 21:31:48][info] {"discount":"0.00","payment_type":"1","trade_no":"2017092821001004660281446728","subject":"\u575d\u4e0a\u79cb\u6444","buyer_email":"maomingltg@163.com","gmt_create":"2017-09-28 02:39:59","notify_type":"trade_status_sync","quantity":"1","out_trade_no":"LX-17090922423970701-1","seller_id":"2088421286007493","notify_time":"2017-09-28 21:31:48","body":"9-10\u6708\u91d1\u79cb\uff0c\u5317\u6c9f\u3001\u6768\u6811\u80cc\u3001\u4e94\u5f69\u5c71\u3001\u86e4\u87c6\u575d\u3001\u91ce\u9e2d\u6e56\u3001\u516c\u4e3b\u6e56\u7b49\u575d\u4e0a\u8349\u539f\u79cb\u8272\u4e00\u7f51\u6253\u5c3d 6\u65e5\u6444\u5f71\u521b\u4f5c\u56e2\uff08\u575d\u4e0a\u62cd\u64444\u5929\uff09","trade_status":"TRADE_SUCCESS","is_total_fee_adjust":"N","total_fee":"5380.00","gmt_payment":"2017-09-28 21:31:47","seller_email":"2287684289@qq.com","price":"5380.00","buyer_id":"2088002366624663","notify_id":"189b55637db999cea2f6bb237ed91d8l3e","use_coupon":"N","sign_type":"MD5","sign":"7f49bce11e6f4d6b7afdb67ed56ebac7"}
[2017-09-28 21:31:48][info] 数据存储反馈成功！
[2017-09-28 21:31:48][info] success
[2017-09-28 21:31:48][info] 写入结束!!!
