[2017-08-01 09:09:06][info] ----------------------------------------
[2017-08-01 09:09:06][info] {"discount":"0.00","payment_type":"1","trade_no":"2017073121001004020207990710","subject":"\u65b0\u7586\u5168\u666f","buyer_email":"9685860@qq.com","gmt_create":"2017-07-31 15:50:32","notify_type":"trade_status_sync","quantity":"1","out_trade_no":"LX-17073110391625401-4","seller_id":"2088421286007493","notify_time":"2017-08-01 09:09:05","body":"\u5580\u7eb3\u65af-\u79be\u6728-\u8d5b\u91cc\u6728\u6e56-\u85b0\u8863\u8349\u519c\u573a-\u5580\u62c9\u5cfb-\u90a3\u62c9\u63d0-\u5df4\u97f3\u5e03\u9c81\u514b-\u6c5f\u5e03\u62c9\u514b-\u4e94\u5f69\u6ee9-\u5410\u9c81\u756a13\u65e5\u6e38","trade_status":"TRADE_SUCCESS","is_total_fee_adjust":"N","total_fee":"10760.00","gmt_payment":"2017-08-01 09:09:05","seller_email":"2287684289@qq.com","price":"10760.00","buyer_id":"2088302201604020","notify_id":"fd1ba97da9a31f4c882a8ab510fd345g5m","use_coupon":"N","sign_type":"MD5","sign":"f7b154f416ce799dc9f2d3015a48e1c3"}
[2017-08-01 09:09:06][info] 数据存储反馈成功！
[2017-08-01 09:09:06][info] success
[2017-08-01 09:09:06][info] 写入结束!!!
[2017-08-01 09:19:22][info] ----------------------------------------
[2017-08-01 09:19:22][info] {"discount":"0.00","payment_type":"1","trade_no":"2017080121001004990290315113","subject":"\u7518\u5357\u5168\u666f","buyer_email":"78172782@qq.com","gmt_create":"2017-08-01 09:18:56","notify_type":"trade_status_sync","quantity":"1","out_trade_no":"LX-17072312092917901-3","seller_id":"2088421286007493","notify_time":"2017-08-01 09:19:22","body":"2017\u5e74\u72ec\u5bb6  \u62c9\u535c\u695e\u5bfa-\u624e\u5c15\u90a3-\u82b1\u6e56-\u5e74\u5b9d\u7389\u5219-\u82e5\u5c14\u76d6\u8349\u539f-\u963f\u4e07\u4ed3\u6e7f\u5730-\u5c15\u6d77\u6e56-\u90ce\u6728\u5bfa 8\u65e5\u6e38","trade_status":"TRADE_SUCCESS","is_total_fee_adjust":"N","total_fee":"5960.00","gmt_payment":"2017-08-01 09:19:22","seller_email":"2287684289@qq.com","price":"5960.00","buyer_id":"2088212506837992","notify_id":"c24be0c5c1f51c14a8c4027599e6a8cnn2","use_coupon":"N","sign_type":"MD5","sign":"7f15cf1ad34fc3144034d65ef1567c28"}
[2017-08-01 09:19:22][info] 数据存储反馈成功！
[2017-08-01 09:19:22][info] success
[2017-08-01 09:19:22][info] 写入结束!!!
[2017-08-01 10:25:06][info] ----------------------------------------
[2017-08-01 10:25:06][info] {"discount":"0.00","payment_type":"1","trade_no":"2017080121001004440260373842","subject":"\u8d35\u5dde\u5168\u666f\u6e38","buyer_email":"13823099636","gmt_create":"2017-08-01 10:24:57","notify_type":"trade_status_sync","quantity":"1","out_trade_no":"LX-17071210505827506-4","seller_id":"2088421286007493","notify_time":"2017-08-01 10:25:06","body":"\u897f\u6c5f\u5343\u6237\u82d7\u5be8-\u8354\u6ce2-\u9ed4\u4e1c\u5357-\u9547\u8fdc-\u9ec4\u679c\u6811-\u79d8\u5883\u8302\u5170\u6df1\u5ea6\u7eaf\u73a9\u4e5d\u65e5\u6e38","trade_status":"TRADE_SUCCESS","is_total_fee_adjust":"N","total_fee":"5030.00","gmt_payment":"2017-08-01 10:25:06","seller_email":"2287684289@qq.com","price":"5030.00","buyer_id":"2088122529184440","notify_id":"d0125e223e0004e189da426b504f00bjea","use_coupon":"N","sign_type":"MD5","sign":"c898d6c62a70e1207bb10ab4fcd1afea"}
[2017-08-01 10:25:06][info] 数据存储反馈成功！
[2017-08-01 10:25:06][info] success
[2017-08-01 10:25:06][info] 写入结束!!!
[2017-08-01 10:39:41][info] ----------------------------------------
[2017-08-01 10:39:41][info] {"ORDER_NO":"LX-17052516283315201-0","PAY_STATUS":"1","BANK_TYPE":"0","PAY_LOG_ID":"1708010042851015","ORDER_AMT":"1"}
[2017-08-01 10:41:01][info] ----------------------------------------
[2017-08-01 10:41:01][info] {"ORDER_NO":"LX-17052516283315201-0","PAY_STATUS":"1","BANK_TYPE":"0","PAY_LOG_ID":"1708010042851015","ORDER_AMT":"1"}
[2017-08-01 10:43:08][info] ----------------------------------------
[2017-08-01 10:43:08][info] {"ORDER_NO":"LX-17052516283315201-0","PAY_STATUS":"1","BANK_TYPE":"0","PAY_LOG_ID":"1708010042851015","ORDER_AMT":"1"}
[2017-08-01 10:43:54][info] ----------------------------------------
[2017-08-01 10:43:54][info] {"ORDER_NO":"LX-17052516283315201-0","PAY_STATUS":"1","BANK_TYPE":"0","PAY_LOG_ID":"1708010042851015","ORDER_AMT":"1"}
[2017-08-01 10:44:51][info] ----------------------------------------
[2017-08-01 10:44:51][info] {"ORDER_NO":"LX-17052516283315201-0","PAY_STATUS":"1","BANK_TYPE":"0","PAY_LOG_ID":"1708010042851015","ORDER_AMT":"1"}
[2017-08-01 10:44:52][info] ----------------------------------------
[2017-08-01 10:44:52][info] {"ORDER_NO":"LX-17052516283315201-0","PAY_STATUS":"1","BANK_TYPE":"0","PAY_LOG_ID":"1708010042851015","ORDER_AMT":"1"}
[2017-08-01 10:45:17][info] ----------------------------------------
[2017-08-01 10:45:17][info] {"ORDER_NO":"LX-17052516283315201-0","PAY_STATUS":"1","BANK_TYPE":"0","PAY_LOG_ID":"1708010042851015","ORDER_AMT":"1"}
[2017-08-01 10:45:19][info] ----------------------------------------
[2017-08-01 10:45:19][info] {"ORDER_NO":"LX-17052516283315201-0","PAY_STATUS":"1","BANK_TYPE":"0","PAY_LOG_ID":"1708010042851015","ORDER_AMT":"1"}
[2017-08-01 10:45:20][info] ----------------------------------------
[2017-08-01 10:45:20][info] {"ORDER_NO":"LX-17052516283315201-0","PAY_STATUS":"1","BANK_TYPE":"0","PAY_LOG_ID":"1708010042851015","ORDER_AMT":"1"}
[2017-08-01 10:45:21][info] ----------------------------------------
[2017-08-01 10:45:21][info] {"ORDER_NO":"LX-17052516283315201-0","PAY_STATUS":"1","BANK_TYPE":"0","PAY_LOG_ID":"1708010042851015","ORDER_AMT":"1"}
[2017-08-01 10:45:21][info] ----------------------------------------
[2017-08-01 10:45:21][info] {"discount":"0.00","payment_type":"1","trade_no":"2017080121001004110217045234","subject":"\u7518\u5357\u5168\u666f","buyer_email":"xiuxiucn@qq.com","gmt_create":"2017-08-01 10:44:30","notify_type":"trade_status_sync","quantity":"1","out_trade_no":"LX-17073117540811706-e","seller_id":"2088421286007493","notify_time":"2017-08-01 10:45:21","body":"2017\u5e74\u72ec\u5bb6  \u62c9\u535c\u695e\u5bfa-\u624e\u5c15\u90a3-\u82b1\u6e56-\u5e74\u5b9d\u7389\u5219-\u82e5\u5c14\u76d6\u8349\u539f-\u963f\u4e07\u4ed3\u6e7f\u5730-\u5c15\u6d77\u6e56-\u90ce\u6728\u5bfa 8\u65e5\u6e38","trade_status":"TRADE_SUCCESS","is_total_fee_adjust":"N","total_fee":"3280.00","gmt_payment":"2017-08-01 10:45:20","seller_email":"2287684289@qq.com","price":"3280.00","buyer_id":"2088302184949110","notify_id":"c570758ed2071ad4d5cab74b0600acbgum","use_coupon":"N","sign_type":"MD5","sign":"4a92fbe4e4b9d09a8b0b44ef621a83e4"}
[2017-08-01 10:45:21][info] 数据存储反馈成功！
[2017-08-01 10:45:21][info] success
[2017-08-01 10:45:21][info] 写入结束!!!
[2017-08-01 10:45:21][info] ----------------------------------------
[2017-08-01 10:45:21][info] {"ORDER_NO":"LX-17052516283315201-0","PAY_STATUS":"1","BANK_TYPE":"0","PAY_LOG_ID":"1708010042851015","ORDER_AMT":"1"}
[2017-08-01 10:45:21][info] ----------------------------------------
[2017-08-01 10:45:21][info] {"ORDER_NO":"LX-17052516283315201-0","PAY_STATUS":"1","BANK_TYPE":"0","PAY_LOG_ID":"1708010042851015","ORDER_AMT":"1"}
[2017-08-01 10:45:22][info] ----------------------------------------
[2017-08-01 10:45:22][info] {"ORDER_NO":"LX-17052516283315201-0","PAY_STATUS":"1","BANK_TYPE":"0","PAY_LOG_ID":"1708010042851015","ORDER_AMT":"1"}
[2017-08-01 10:45:45][info] ----------------------------------------
[2017-08-01 10:45:45][info] {"ORDER_NO":"LX-17052516283315201-0","PAY_STATUS":"1","BANK_TYPE":"0","PAY_LOG_ID":"1708010042851015","ORDER_AMT":"1"}
[2017-08-01 10:45:45][warn] 数据存储反馈为空！
[2017-08-01 12:03:23][info] ----------------------------------------
[2017-08-01 12:03:23][info] {"discount":"0.00","payment_type":"1","trade_no":"2017080121001004520291907101","subject":"\u5317\u7586\u5dc5\u5cf0","buyer_email":"13533339675","gmt_create":"2017-08-01 12:02:58","notify_type":"trade_status_sync","quantity":"1","out_trade_no":"LX-17080111033688306-9","seller_id":"2088421286007493","notify_time":"2017-08-01 12:03:23","body":"\u79be\u672848\u5c0f\u65f6-\u5580\u7eb3\u65af-\u767d\u54c8\u5df4-\u4e94\u5f69\u6ee9-\u53cc\u53676\u65e5\u6e38","trade_status":"TRADE_SUCCESS","is_total_fee_adjust":"N","total_fee":"7400.00","gmt_payment":"2017-08-01 12:03:23","seller_email":"2287684289@qq.com","price":"7400.00","buyer_id":"2088502659441529","notify_id":"94efec2b604fec57da6fc92967f60dek0i","use_coupon":"N","sign_type":"MD5","sign":"eabd30b1250c143209392b9a2a372143"}
[2017-08-01 12:03:23][info] 数据存储反馈成功！
[2017-08-01 12:03:23][info] success
[2017-08-01 12:03:23][info] 写入结束!!!
[2017-08-01 14:33:04][info] ----------------------------------------
[2017-08-01 14:33:04][info] {"discount":"0.00","payment_type":"1","trade_no":"2017073121001004880290570270","subject":"\u65b0\u7586\u7cbe\u534e","buyer_email":"18059000926","gmt_create":"2017-07-31 13:16:23","notify_type":"trade_status_sync","quantity":"1","out_trade_no":"LX-17073019003280106-a","seller_id":"2088421286007493","notify_time":"2017-08-01 14:33:04","body":"\u5929\u5c71\u5929\u6c60-\u5580\u7eb3\u65af-\u79be\u6728-\u4e94\u5f69\u6ee9-\u8d5b\u91cc\u6728\u6e56-\u85b0\u8863\u8349\u5e84\u56ed-\u90a3\u62c9\u63d0-\u5df4\u97f3\u5e03\u9c81\u514b-\u5410\u9c81\u756a11\u65e5\u6e38","trade_status":"TRADE_SUCCESS","is_total_fee_adjust":"N","total_fee":"14320.00","gmt_payment":"2017-08-01 14:33:03","seller_email":"2287684289@qq.com","price":"14320.00","buyer_id":"2088702304765884","notify_id":"32e6f55465018c6ffc1b00698ea16c2msi","use_coupon":"N","sign_type":"MD5","sign":"d5e49e4a64e3d42f08edc3f5e49c2d87"}
[2017-08-01 14:33:04][info] 数据存储反馈成功！
[2017-08-01 14:33:04][info] success
[2017-08-01 14:33:04][info] 写入结束!!!
[2017-08-01 15:50:16][info] ----------------------------------------
[2017-08-01 15:50:16][info] {"discount":"0.00","payment_type":"1","trade_no":"2017080121001004790298508584","subject":"\u4e1d\u7ef8\u4e4b\u8def\u7cbe\u534e\u4e03\u65e5\u6e38","buyer_email":"gezi10002@gmail.com","gmt_create":"2017-08-01 15:49:58","notify_type":"trade_status_sync","quantity":"1","out_trade_no":"LX-17071922421658706-4","seller_id":"2088421286007493","notify_time":"2017-08-01 15:50:16","body":"2017\u5e74\u9752\u6d77\u6e56-\u8336\u5361\u76d0\u6e56-\u6566\u714c-\u5609\u5cea\u5173-\u5f20\u6396\u4e39\u971e\u4e03\u65e5\u6e38","trade_status":"TRADE_SUCCESS","is_total_fee_adjust":"N","total_fee":"4120.00","gmt_payment":"2017-08-01 15:50:16","seller_email":"2287684289@qq.com","price":"4120.00","buyer_id":"2088002583477794","notify_id":"86d220bdc9ec19d9a9b6ccf6fe02e40m3i","use_coupon":"N","sign_type":"MD5","sign":"7b3957186e9355b47b8d65980b00ea6d"}
[2017-08-01 15:50:17][info] 数据存储反馈成功！
[2017-08-01 15:50:17][info] success
[2017-08-01 15:50:17][info] 写入结束!!!
[2017-08-01 16:08:31][info] ----------------------------------------
[2017-08-01 16:08:31][info] {"discount":"0.00","payment_type":"1","trade_no":"2017080121001004480252478313","subject":"\u68a6\u4e2d\u5929\u5802","buyer_email":"fanhuan1010@126.com","gmt_create":"2017-08-01 16:08:04","notify_type":"trade_status_sync","quantity":"1","out_trade_no":"LX-17080112141388701-3","seller_id":"2088421286007493","notify_time":"2017-08-01 16:08:31","body":"2017\u5e74\u7a3b\u57ce\u4e9a\u4e01-\u65b0\u90fd\u6865-\u4e39\u5df4-\u4e5d\u65e5\u6df1\u5ea6\u6e38","trade_status":"TRADE_SUCCESS","is_total_fee_adjust":"N","total_fee":"3180.00","gmt_payment":"2017-08-01 16:08:31","seller_email":"2287684289@qq.com","price":"3180.00","buyer_id":"2088002361989480","notify_id":"a0f92a176809b7073d891898bbf05d5jpe","use_coupon":"N","sign_type":"MD5","sign":"5cbdf5bb3b9623147ef5076131c86204"}
[2017-08-01 16:08:31][info] 数据存储反馈成功！
[2017-08-01 16:08:31][info] success
[2017-08-01 16:08:31][info] 写入结束!!!
[2017-08-01 16:08:38][info] ----------------------------------------
[2017-08-01 16:08:38][info] {"discount":"0.00","payment_type":"1","trade_no":"2017080121001004660256822850","subject":"\u4e1d\u7ef8\u4e4b\u8def\u5168\u666f\u6e389\u65e5","buyer_email":"xuy987.hi@163.com","gmt_create":"2017-08-01 16:08:22","notify_type":"trade_status_sync","quantity":"1","out_trade_no":"LX-17080115344194606-d","seller_id":"2088421286007493","notify_time":"2017-08-01 16:08:38","body":"\u72ec\u5bb6\u6c34\u4e0a\u9b54\u9b3c\u57ce-\u65e0\u4eba\u533a\u539f\u751f\u6001\u96c5\u4e39\u63a2\u79d8-\u9752\u6d77\u6e56-\u8336\u5361\u76d0\u6e56-\u83ab\u9ad8\u7a9f-\u9e23\u6c99\u5c71\u6708\u7259\u6cc9-\u5f20\u6396\u4e39\u971e-\u5353\u5c14\u5c719\u65e5\u6e38","trade_status":"TRADE_SUCCESS","is_total_fee_adjust":"N","total_fee":"2880.00","gmt_payment":"2017-08-01 16:08:38","seller_email":"2287684289@qq.com","price":"2880.00","buyer_id":"2088602258039663","notify_id":"ba59a0c36364361972b57cd6511abe6l3e","use_coupon":"N","sign_type":"MD5","sign":"0d36e14bae908780be73aef079846f5f"}
[2017-08-01 16:08:39][info] 数据存储反馈成功！
[2017-08-01 16:08:39][info] success
[2017-08-01 16:08:39][info] 写入结束!!!
[2017-08-01 17:03:22][info] ----------------------------------------
[2017-08-01 17:03:22][info] {"discount":"0.00","payment_type":"1","trade_no":"2017080121001004710283019584","subject":"\u5580\u7eb3\u65af\u4e4b\u590f","buyer_email":"chtx1568@163.com","gmt_create":"2017-08-01 17:03:09","notify_type":"trade_status_sync","quantity":"1","out_trade_no":"LX-17080116331782601-9","seller_id":"2088421286007493","notify_time":"2017-08-01 17:03:22","body":"2017\u5e747\uff5e8\u6708 \u5929\u5c71\u5929\u6c60-\u5410\u9c81\u756a-\u5580\u7eb3\u65af-\u767d\u54c8\u5df4-\u4e94\u5f69\u6ee9-\u9b54\u9b3c\u57ce-\u79be\u6728\u6df1\u5ea6\u4e5d\u65e5\u6e38","trade_status":"TRADE_SUCCESS","is_total_fee_adjust":"N","total_fee":"5980.00","gmt_payment":"2017-08-01 17:03:21","seller_email":"2287684289@qq.com","price":"5980.00","buyer_id":"2088202253251716","notify_id":"dfccdf8efd1ff2670bd6ccf430ba0c3lha","use_coupon":"N","sign_type":"MD5","sign":"f89c60d8d6ad408fda125a6b3e6885f3"}
[2017-08-01 17:03:22][info] 数据存储反馈成功！
[2017-08-01 17:03:22][info] success
[2017-08-01 17:03:22][info] 写入结束!!!
[2017-08-01 19:14:43][info] ----------------------------------------
[2017-08-01 19:14:43][info] {"discount":"0.00","payment_type":"1","trade_no":"2017080121001004160292954014","subject":"\u8d35\u5dde\u5168\u666f\u6e38","buyer_email":"a_niu117@qq.com","gmt_create":"2017-08-01 19:14:35","notify_type":"trade_status_sync","quantity":"1","out_trade_no":"LX-17072518555046406-8","seller_id":"2088421286007493","notify_time":"2017-08-01 19:14:43","body":"\u897f\u6c5f\u5343\u6237\u82d7\u5be8-\u8354\u6ce2-\u9ed4\u4e1c\u5357-\u9547\u8fdc-\u9ec4\u679c\u6811-\u79d8\u5883\u8302\u5170\u6df1\u5ea6\u7eaf\u73a9\u4e5d\u65e5\u6e38","trade_status":"TRADE_SUCCESS","is_total_fee_adjust":"N","total_fee":"1990.00","gmt_payment":"2017-08-01 19:14:42","seller_email":"2287684289@qq.com","price":"1990.00","buyer_id":"2088202861557163","notify_id":"4257fadaef58db35e9091a50319dff3h8i","use_coupon":"N","sign_type":"MD5","sign":"166769398983bf0cbdc0129896d7734f"}
[2017-08-01 19:14:43][info] 数据存储反馈成功！
[2017-08-01 19:14:43][info] success
[2017-08-01 19:14:43][info] 写入结束!!!
[2017-08-01 20:50:24][info] ----------------------------------------
[2017-08-01 20:50:24][info] {"discount":"0.00","payment_type":"1","trade_no":"2017080121001004620278865834","subject":"\u989d\u6d4e\u7eb3\u6df1\u5ea6\u6e38","buyer_email":"yanzhongwu@21cn.com","gmt_create":"2017-08-01 20:49:50","notify_type":"trade_status_sync","quantity":"1","out_trade_no":"LX-1708012036315201-d","seller_id":"2088421286007493","notify_time":"2017-08-01 20:50:23","body":"\u4ed9\u7c73\u5f69\u6797-\u7941\u8fde\u5c71-\u9a6c\u8e44\u5bfa-\u5f20\u6396\u4e39\u971e-\u91d1\u5854\u80e1\u6768\u6797-\u989d\u6d4e\u7eb3\u80e1\u6768\u6797-\u5c45\u5ef6\u6d77-\u5609\u5cea\u5173-\u52a8\u8f66\u8fd4\u7a0b7\u65e5\u6e38","trade_status":"TRADE_SUCCESS","is_total_fee_adjust":"N","total_fee":"15120.00","gmt_payment":"2017-08-01 20:50:23","seller_email":"2287684289@qq.com","price":"15120.00","buyer_id":"2088002026550620","notify_id":"ed670235eeabdfc643b83adf626e7f4ksa","use_coupon":"N","sign_type":"MD5","sign":"2f4d0c79ce6f8b8ecdb35159c961a7b0"}
[2017-08-01 20:50:24][info] 数据存储反馈成功！
[2017-08-01 20:50:24][info] success
[2017-08-01 20:50:24][info] 写入结束!!!
[2017-08-01 23:37:27][info] ----------------------------------------
[2017-08-01 23:37:27][info] {"discount":"0.00","payment_type":"1","trade_no":"2017080121001004750203714194","subject":"\u4e1d\u8def\u5dc5\u5cf0\u4f53\u9a8c\u4e5d\u65e5\u6e38B\u7ebf","buyer_email":"tch1112@163.com","gmt_create":"2017-08-01 23:37:05","notify_type":"trade_status_sync","quantity":"1","out_trade_no":"LX-1708012012522301-e","seller_id":"2088421286007493","notify_time":"2017-08-01 23:37:27","body":"\u9752\u6d77\u6e56-\u8336\u5361\u76d0\u6e56-\u9e23\u6c99\u5c71\u6708\u7259\u6cc9-\u83ab\u9ad8\u7a9f-\u96c5\u4e39\u9b54\u9b3c\u57ce-\u5609\u5cea\u5173-\u5f20\u6396\u4e39\u971e-\u9a6c\u8e44\u5bfa-\u5353\u5c14\u5c71\u8f7b\u5962\u52a8\u8f669\u65e5\u6e38","trade_status":"TRADE_SUCCESS","is_total_fee_adjust":"N","total_fee":"4080.00","gmt_payment":"2017-08-01 23:37:27","seller_email":"2287684289@qq.com","price":"4080.00","buyer_id":"2088202541338758","notify_id":"40e04406445cb7b0edc1b5b9cc3317else","use_coupon":"N","sign_type":"MD5","sign":"8bd2affb62f23b08cf396ea5b4277985"}
[2017-08-01 23:37:28][info] 数据存储反馈成功！
[2017-08-01 23:37:28][info] success
[2017-08-01 23:37:28][info] 写入结束!!!
[2017-08-01 23:47:52][info] ----------------------------------------
[2017-08-01 23:47:52][info] {"discount":"0.00","payment_type":"1","trade_no":"2017080121001004020211097261","subject":"\u4e1d\u8def\u5dc5\u5cf0\u4f53\u9a8c\u4e5d\u65e5\u6e38B\u7ebf","buyer_email":"15920367613","gmt_create":"2017-08-01 23:47:46","notify_type":"trade_status_sync","quantity":"1","out_trade_no":"LX-17071509215679106-4","seller_id":"2088421286007493","notify_time":"2017-08-01 23:47:52","body":"\u9752\u6d77\u6e56-\u8336\u5361\u76d0\u6e56-\u9e23\u6c99\u5c71\u6708\u7259\u6cc9-\u83ab\u9ad8\u7a9f-\u96c5\u4e39\u9b54\u9b3c\u57ce-\u5609\u5cea\u5173-\u5f20\u6396\u4e39\u971e-\u9a6c\u8e44\u5bfa-\u5353\u5c14\u5c71\u8f7b\u5962\u52a8\u8f669\u65e5\u6e38","trade_status":"TRADE_SUCCESS","is_total_fee_adjust":"N","total_fee":"4080.00","gmt_payment":"2017-08-01 23:47:52","seller_email":"2287684289@qq.com","price":"4080.00","buyer_id":"2088402613954020","notify_id":"f1b4702a06bd26b0d967c4a27190078g5m","use_coupon":"N","sign_type":"MD5","sign":"8bc6eadab308383ad5cf65babd1b74a0"}
[2017-08-01 23:47:53][info] 数据存储反馈成功！
[2017-08-01 23:47:53][info] success
[2017-08-01 23:47:53][info] 写入结束!!!
