[2017-08-20 05:53:08][info] ----------------------------------------
[2017-08-20 05:53:08][info] {"discount":"0.00","payment_type":"1","trade_no":"2017082021001004020519140059","subject":"\u7518\u5357\u5168\u666f","buyer_email":"13604914938","gmt_create":"2017-08-20 05:52:25","notify_type":"trade_status_sync","quantity":"1","out_trade_no":"LX-17081016250860306-2","seller_id":"2088421286007493","notify_time":"2017-08-20 05:53:08","body":"2017\u5e74\u72ec\u5bb6  \u62c9\u535c\u695e\u5bfa-\u624e\u5c15\u90a3-\u82b1\u6e56-\u5e74\u5b9d\u7389\u5219-\u82e5\u5c14\u76d6\u8349\u539f-\u963f\u4e07\u4ed3\u6e7f\u5730-\u5c15\u6d77\u6e56-\u90ce\u6728\u5bfa 8\u65e5\u6e38","trade_status":"TRADE_SUCCESS","is_total_fee_adjust":"N","total_fee":"3280.00","gmt_payment":"2017-08-20 05:53:08","seller_email":"2287684289@qq.com","price":"3280.00","buyer_id":"2088002601472024","notify_id":"6665af7d20447db378b46cb5631cb9eg5p","use_coupon":"N","sign_type":"MD5","sign":"15feea1acfbcfa0a28bed38917cfee05"}
[2017-08-20 05:53:09][info] 数据存储反馈成功！
[2017-08-20 05:53:09][info] success
[2017-08-20 05:53:09][info] 写入结束!!!
[2017-08-20 05:55:02][info] ----------------------------------------
[2017-08-20 05:55:02][info] {"discount":"0.00","payment_type":"1","trade_no":"2017082021001004020519144767","subject":"\u7518\u5357\u5168\u666f","buyer_email":"13604914938","gmt_create":"2017-08-20 05:54:49","notify_type":"trade_status_sync","quantity":"1","out_trade_no":"LX-17080116135483806-b","seller_id":"2088421286007493","notify_time":"2017-08-20 05:55:02","body":"2017\u5e74\u72ec\u5bb6  \u62c9\u535c\u695e\u5bfa-\u624e\u5c15\u90a3-\u82b1\u6e56-\u5e74\u5b9d\u7389\u5219-\u82e5\u5c14\u76d6\u8349\u539f-\u963f\u4e07\u4ed3\u6e7f\u5730-\u5c15\u6d77\u6e56-\u90ce\u6728\u5bfa 8\u65e5\u6e38","trade_status":"TRADE_SUCCESS","is_total_fee_adjust":"N","total_fee":"1640.00","gmt_payment":"2017-08-20 05:55:02","seller_email":"2287684289@qq.com","price":"1640.00","buyer_id":"2088002601472024","notify_id":"08f115af6cd6c7ee0ff55d73d202dafg5p","use_coupon":"N","sign_type":"MD5","sign":"4d41964fafc2498f7ff278df46ed374a"}
[2017-08-20 05:55:03][info] 数据存储反馈成功！
[2017-08-20 05:55:03][info] success
[2017-08-20 05:55:03][info] 写入结束!!!
[2017-08-20 09:25:56][info] ----------------------------------------
[2017-08-20 09:25:56][info] {"discount":"0.00","payment_type":"1","trade_no":"2017051921001004280248258317","subject":"\u4e1d\u7ef8\u4e4b\u8def\u5dc5\u5cf0\u4f53\u9a8c9\u65e5\u6e38","buyer_email":"18951051189@189.cn","gmt_create":"2017-05-19 09:25:09","notify_type":"trade_status_sync","quantity":"1","out_trade_no":"LX-17051821401748706-5","seller_id":"2088421286007493","notify_time":"2017-08-20 09:25:56","body":"\u6c99\u5c9b-\u9752\u6d77\u6e56-\u8336\u5361\u76d0\u6e56-\u7941\u8fde-\u5f20\u6396-\u5609\u5cea\u5173-\u6566\u714c9\u65e5\u6e38","trade_status":"TRADE_FINISHED","is_total_fee_adjust":"N","total_fee":"4480.00","gmt_payment":"2017-05-19 09:25:29","seller_email":"2287684289@qq.com","gmt_close":"2017-08-20 09:25:56","price":"4480.00","buyer_id":"2088602056720280","notify_id":"4c517e955dcedf6efd81423b1108e43i5u","use_coupon":"N","sign_type":"MD5","sign":"14a6b946e78bad3c87b9ef3d32e808c0"}
[2017-08-20 09:25:56][info] 数据存储反馈成功！
[2017-08-20 09:25:56][info] success
[2017-08-20 09:25:56][info] 写入结束!!!
[2017-08-20 10:03:29][info] ----------------------------------------
[2017-08-20 10:03:29][info] {"discount":"0.00","payment_type":"1","trade_no":"2017082021001004190510060517","subject":"\u65b0\u7586\u91d1\u79cb\u5927\u73af\u7ebf","buyer_email":"nwwwws@126.com","gmt_create":"2017-08-20 10:03:07","notify_type":"trade_status_sync","quantity":"1","out_trade_no":"LX-17082009331230906-a","seller_id":"2088421286007493","notify_time":"2017-08-20 10:03:29","body":"\u5580\u7eb3\u65af-\u79be\u6728-\u767d\u54c8\u5df4-\u8d5b\u91cc\u6728\u6e56-\u5df4\u97f3\u5e03\u9c81\u514b-\u5410\u9c81\u756a-\u5854\u91cc\u6728\u6cb3\u80e1\u6768\u679712\u65e5\u6df1\u5ea6\u6e38","trade_status":"TRADE_SUCCESS","is_total_fee_adjust":"N","total_fee":"2890.00","gmt_payment":"2017-08-20 10:03:29","seller_email":"2287684289@qq.com","price":"2890.00","buyer_id":"2088002107735195","notify_id":"c19f829091a1b805dad366c0cef92e8hgx","use_coupon":"N","sign_type":"MD5","sign":"82ed7ca2df684c05cea8b08334639618"}
[2017-08-20 10:03:30][info] 数据存储反馈成功！
[2017-08-20 10:03:30][info] success
[2017-08-20 10:03:30][info] 写入结束!!!
[2017-08-20 11:58:31][info] ----------------------------------------
[2017-08-20 11:58:31][info] {"discount":"0.00","payment_type":"1","trade_no":"2017082021001004690244772125","subject":"\u4e1d\u8def\u5dc5\u5cf0\u4f53\u9a8c\u4e5d\u65e5\u6e38B\u7ebf","buyer_email":"574114465@qq.com","gmt_create":"2017-08-20 11:58:12","notify_type":"trade_status_sync","quantity":"1","out_trade_no":"LX-17082010302140006-1","seller_id":"2088421286007493","notify_time":"2017-08-20 11:58:31","body":"\u9752\u6d77\u6e56-\u8336\u5361\u76d0\u6e56-\u9e23\u6c99\u5c71\u6708\u7259\u6cc9-\u83ab\u9ad8\u7a9f-\u96c5\u4e39\u9b54\u9b3c\u57ce-\u5609\u5cea\u5173-\u5f20\u6396\u4e39\u971e-\u9a6c\u8e44\u5bfa-\u5353\u5c14\u5c71\u8f7b\u5962\u52a8\u8f669\u65e5\u6e38","trade_status":"TRADE_SUCCESS","is_total_fee_adjust":"N","total_fee":"3980.00","gmt_payment":"2017-08-20 11:58:31","seller_email":"2287684289@qq.com","price":"3980.00","buyer_id":"2088002501027694","notify_id":"e57443f55ca454c655bb8f28c2737f1lbq","use_coupon":"N","sign_type":"MD5","sign":"802e24f6c3dc9f2356ea7dcd4c7b6c05"}
[2017-08-20 11:58:31][info] 数据存储反馈成功！
[2017-08-20 11:58:31][info] success
[2017-08-20 11:58:31][info] 写入结束!!!
[2017-08-20 12:24:25][info] ----------------------------------------
[2017-08-20 12:24:25][info] {"discount":"0.00","payment_type":"1","trade_no":"2017082021001004100510949869","subject":"\u4e1d\u7ef8\u4e4b\u8def\u5168\u666f\u6e389\u65e5","buyer_email":"13185753585","gmt_create":"2017-08-20 12:23:11","notify_type":"trade_status_sync","quantity":"1","out_trade_no":"LX-1707312059021206-b","seller_id":"2088421286007493","notify_time":"2017-08-20 12:24:25","body":"\u72ec\u5bb6\u6c34\u4e0a\u9b54\u9b3c\u57ce-\u65e0\u4eba\u533a\u539f\u751f\u6001\u96c5\u4e39\u63a2\u79d8-\u9752\u6d77\u6e56-\u8336\u5361\u76d0\u6e56-\u83ab\u9ad8\u7a9f-\u9e23\u6c99\u5c71\u6708\u7259\u6cc9-\u5f20\u6396\u4e39\u971e-\u5353\u5c14\u5c719\u65e5\u6e38","trade_status":"TRADE_SUCCESS","is_total_fee_adjust":"N","total_fee":"2780.00","gmt_payment":"2017-08-20 12:24:25","seller_email":"2287684289@qq.com","price":"2780.00","buyer_id":"2088902008458109","notify_id":"5f1b34d8cdb07b47c706e9a90823b00grx","use_coupon":"N","sign_type":"MD5","sign":"c38848b039621db976151137e9e8ab83"}
[2017-08-20 12:24:25][info] 数据存储反馈成功！
[2017-08-20 12:24:25][info] success
[2017-08-20 12:24:25][info] 写入结束!!!
[2017-08-20 12:45:20][info] ----------------------------------------
[2017-08-20 12:45:20][info] {"discount":"0.00","payment_type":"1","trade_no":"2017082021001004800242030080","subject":"\u4e1d\u7ef8\u4e4b\u8def\u7cbe\u534e\u4e03\u65e5\u6e38","buyer_email":"dinglimin@sohu.com","gmt_create":"2017-08-20 12:45:12","notify_type":"trade_status_sync","quantity":"1","out_trade_no":"LX-17080313181886806-5","seller_id":"2088421286007493","notify_time":"2017-08-20 12:45:20","body":"2017\u5e74\u9752\u6d77\u6e56-\u8336\u5361\u76d0\u6e56-\u6566\u714c-\u5609\u5cea\u5173-\u5f20\u6396\u4e39\u971e\u4e03\u65e5\u6e38","trade_status":"TRADE_SUCCESS","is_total_fee_adjust":"N","total_fee":"3180.00","gmt_payment":"2017-08-20 12:45:19","seller_email":"2287684289@qq.com","price":"3180.00","buyer_id":"2088002397030806","notify_id":"e4e32151c1d9f13536000f9859d800em6a","use_coupon":"N","sign_type":"MD5","sign":"c21427c467fdf055a45982d2151688ae"}
[2017-08-20 12:45:20][info] 数据存储反馈成功！
[2017-08-20 12:45:20][info] success
[2017-08-20 12:45:20][info] 写入结束!!!
[2017-08-20 15:14:11][info] ----------------------------------------
[2017-08-20 15:14:11][info] {"discount":"0.00","payment_type":"1","trade_no":"2017082021001004080510893588","subject":"\u7518\u5357\u5168\u666f","buyer_email":"13936526372","gmt_create":"2017-08-20 15:12:19","notify_type":"trade_status_sync","quantity":"1","out_trade_no":"LX-17082010562871006-7","seller_id":"2088421286007493","notify_time":"2017-08-20 15:14:11","body":"2017\u5e74\u72ec\u5bb6  \u62c9\u535c\u695e\u5bfa-\u624e\u5c15\u90a3-\u82b1\u6e56-\u5e74\u5b9d\u7389\u5219-\u82e5\u5c14\u76d6\u8349\u539f-\u963f\u4e07\u4ed3\u6e7f\u5730-\u5c15\u6d77\u6e56-\u90ce\u6728\u5bfa 8\u65e5\u6e38","trade_status":"TRADE_SUCCESS","is_total_fee_adjust":"N","total_fee":"3280.00","gmt_payment":"2017-08-20 15:14:11","seller_email":"2287684289@qq.com","price":"3280.00","buyer_id":"2088802460860082","notify_id":"3dd2dc407ef2ad6f4177c38e06f4f07gmd","use_coupon":"N","sign_type":"MD5","sign":"75390c3eb37d251e0c2b1c159b57fc45"}
[2017-08-20 15:14:12][info] 数据存储反馈成功！
[2017-08-20 15:14:12][info] success
[2017-08-20 15:14:12][info] 写入结束!!!
