[2017-10-06 08:02:59][info] ----------------------------------------
[2017-10-06 08:02:59][info] {"discount":"0.00","payment_type":"1","trade_no":"2017070521001004900259304442","subject":"\u4e1d\u8def\u5dc5\u5cf0\u4f53\u9a8c\u4e5d\u65e5\u6e38B\u7ebf","buyer_email":"cjf197412@163.com","gmt_create":"2017-07-05 08:01:37","notify_type":"trade_status_sync","quantity":"1","out_trade_no":"LX-17070421561474206-e","seller_id":"2088421286007493","notify_time":"2017-10-06 08:02:59","body":"\u5170\u5dde-\u9e23\u6c99\u5c71\u6708\u7259\u6cc9-\u83ab\u9ad8\u7a9f-\u96c5\u4e39\u9b54\u9b3c\u57ce-\u6566\u714c\u535a\u7269\u9986-\u5609\u5cea\u5173-\u5f20\u6396\u4e39\u971e-\u9a6c\u8e44\u5bfa-\u5353\u5c14\u5c71-\u8336\u5361\u76d0\u6e56-\u9752\u6d77\u6e569\u65e5\u6e38","trade_status":"TRADE_FINISHED","is_total_fee_adjust":"N","total_fee":"6120.00","gmt_payment":"2017-07-05 08:02:32","seller_email":"2287684289@qq.com","gmt_close":"2017-10-06 08:02:59","price":"6120.00","buyer_id":"2088002641105904","notify_id":"4254b45058f3fbad362bafa9fee53e7my2","use_coupon":"N","sign_type":"MD5","sign":"04587a971bb4eea7af9406308c48a702"}
[2017-10-06 08:02:59][info] 数据存储反馈成功！
[2017-10-06 08:02:59][info] success
[2017-10-06 08:02:59][info] 写入结束!!!
[2017-10-06 10:05:17][info] ----------------------------------------
[2017-10-06 10:05:17][info] {"discount":"0.00","payment_type":"1","trade_no":"2017070521001004780285118396","subject":"\u7518\u5357\u5168\u666f","buyer_email":"doris.chai@hotmail.com","gmt_create":"2017-07-05 10:04:03","notify_type":"trade_status_sync","quantity":"1","out_trade_no":"LX-17063011395652801-7","seller_id":"2088421286007493","notify_time":"2017-10-06 10:05:17","body":"2017\u5e74\u72ec\u5bb6  \u62c9\u535c\u695e\u5bfa-\u624e\u5c15\u90a3-\u82b1\u6e56-\u5e74\u5b9d\u7389\u5219-\u82e5\u5c14\u76d6\u8349\u539f-\u963f\u4e07\u4ed3\u6e7f\u5730-\u5c15\u6d77\u6e56-\u90ce\u6728\u5bfa 8\u65e5\u6e38","trade_status":"TRADE_FINISHED","is_total_fee_adjust":"N","total_fee":"1610.00","gmt_payment":"2017-07-05 10:04:17","seller_email":"2287684289@qq.com","gmt_close":"2017-10-06 10:05:17","price":"1610.00","buyer_id":"2088002141109783","notify_id":"e3e89747166d4972fc19fb3b10c3bafm0q","use_coupon":"N","sign_type":"MD5","sign":"46f807ed90114633d6fd51a69a743590"}
[2017-10-06 10:05:17][info] 数据存储反馈成功！
[2017-10-06 10:05:17][info] success
[2017-10-06 10:05:17][info] 写入结束!!!
[2017-10-06 12:08:59][info] ----------------------------------------
[2017-10-06 12:08:59][info] {"discount":"0.00","payment_type":"1","trade_no":"2017100621001004830289138576","subject":"\u989d\u6d4e\u7eb3\u6df1\u5ea6\u6e38","buyer_email":"13971019167","gmt_create":"2017-10-06 12:08:25","notify_type":"trade_status_sync","quantity":"1","out_trade_no":"LX-17090212060611506-0","seller_id":"2088421286007493","notify_time":"2017-10-06 12:08:59","body":"\u4ed9\u7c73\u5f69\u6797-\u7941\u8fde\u5c71-\u9a6c\u8e44\u5bfa-\u5f20\u6396\u4e39\u971e-\u91d1\u5854\u80e1\u6768\u6797-\u989d\u6d4e\u7eb3\u80e1\u6768\u6797-\u5c45\u5ef6\u6d77-\u5609\u5cea\u5173-\u52a8\u8f66\u8fd4\u7a0b7\u65e5\u6e38","trade_status":"TRADE_SUCCESS","is_total_fee_adjust":"N","total_fee":"5932.00","gmt_payment":"2017-10-06 12:08:58","seller_email":"2287684289@qq.com","price":"5932.00","buyer_id":"2088702064576830","notify_id":"863c7351533c41c96915f39b086e333mem","use_coupon":"N","sign_type":"MD5","sign":"8c38b3cfe03c288e6673f1ae4545fb38"}
[2017-10-06 12:08:59][info] 数据存储反馈成功！
[2017-10-06 12:08:59][info] success
[2017-10-06 12:08:59][info] 写入结束!!!
[2017-10-06 12:14:55][info] ----------------------------------------
[2017-10-06 12:14:55][info] {"discount":"0.00","payment_type":"1","trade_no":"2017070521001004230294691967","subject":"\u7518\u5357\u5168\u666f","buyer_email":"13661666029","gmt_create":"2017-07-05 12:13:04","notify_type":"trade_status_sync","quantity":"1","out_trade_no":"LX-17070423570018701-0","seller_id":"2088421286007493","notify_time":"2017-10-06 12:14:55","body":"2017\u5e74\u72ec\u5bb6  \u62c9\u535c\u695e\u5bfa-\u624e\u5c15\u90a3-\u82b1\u6e56-\u5e74\u5b9d\u7389\u5219-\u82e5\u5c14\u76d6\u8349\u539f-\u963f\u4e07\u4ed3\u6e7f\u5730-\u5c15\u6d77\u6e56-\u90ce\u6728\u5bfa 8\u65e5\u6e38","trade_status":"TRADE_FINISHED","is_total_fee_adjust":"N","total_fee":"3280.00","gmt_payment":"2017-07-05 12:14:11","seller_email":"2287684289@qq.com","gmt_close":"2017-10-06 12:14:55","price":"3280.00","buyer_id":"2088502859693232","notify_id":"620c1fa1fec240b2014c48a4110e0cfhry","use_coupon":"N","sign_type":"MD5","sign":"15c7d7deab6bb8d05b49eff1e9f764d0"}
[2017-10-06 12:14:55][info] 数据存储反馈成功！
[2017-10-06 12:14:55][info] success
[2017-10-06 12:14:55][info] 写入结束!!!
[2017-10-06 12:26:51][info] ----------------------------------------
[2017-10-06 12:26:51][info] {"discount":"0.00","payment_type":"1","trade_no":"2017070521001004200207226019","subject":"\u4e1d\u7ef8\u4e4b\u8def\u7ecf\u5178\u4e5d\u65e5","buyer_email":"yanzhen_760822@163.com","gmt_create":"2017-07-05 12:25:56","notify_type":"trade_status_sync","quantity":"1","out_trade_no":"LX-17070510234371601-a","seller_id":"2088421286007493","notify_time":"2017-10-06 12:26:51","body":"\u6c99\u5c9b-\u9752\u6d77\u6e56-\u8336\u5361\u76d0\u6e56-\u5353\u5c14\u5c71-\u5f20\u6396\u4e39\u971e-\u5609\u5cea\u5173-\u6566\u714c9\u65e5\u6e38","trade_status":"TRADE_FINISHED","is_total_fee_adjust":"N","total_fee":"1980.00","gmt_payment":"2017-07-05 12:26:17","seller_email":"2287684289@qq.com","gmt_close":"2017-10-06 12:26:51","price":"1980.00","buyer_id":"2088602312261201","notify_id":"90f3bda3d704f23b21370d50f247895hjm","use_coupon":"N","sign_type":"MD5","sign":"8a925ae8d68884bc4b4918cb6309dde6"}
[2017-10-06 12:26:51][info] 数据存储反馈成功！
[2017-10-06 12:26:51][info] success
[2017-10-06 12:26:51][info] 写入结束!!!
[2017-10-06 12:48:08][info] ----------------------------------------
[2017-10-06 12:48:08][info] {"discount":"0.00","payment_type":"1","trade_no":"2017070521001004340212454450","subject":"\u65b0\u7586\u5168\u666f","buyer_email":"20677009@qq.com","gmt_create":"2017-07-05 12:47:29","notify_type":"trade_status_sync","quantity":"1","out_trade_no":"LX-17070509454436306-2","seller_id":"2088421286007493","notify_time":"2017-10-06 12:48:08","body":"\u6c5f\u5e03\u62c9\u514b-\u4e94\u5f69\u6ee9-\u5580\u7eb3\u65af-\u79be\u6728-\u8d5b\u91cc\u6728\u6e56-\u85b0\u8863\u8349\u519c\u573a-\u5580\u62c9\u5cfb-\u90a3\u62c9\u63d0-\u5df4\u97f3\u5e03\u9c81\u514b-\u5410\u9c81\u756a13\u65e5\u6e38","trade_status":"TRADE_FINISHED","is_total_fee_adjust":"N","total_fee":"9560.00","gmt_payment":"2017-07-05 12:48:04","seller_email":"2287684289@qq.com","gmt_close":"2017-10-06 12:48:08","price":"9560.00","buyer_id":"2088202434443345","notify_id":"e2e3d31aa3355035fa21a11eeac0effimi","use_coupon":"N","sign_type":"MD5","sign":"4179583c301a7d8ee8a423b1da954833"}
[2017-10-06 12:48:09][info] 数据存储反馈成功！
[2017-10-06 12:48:09][info] success
[2017-10-06 12:48:09][info] 写入结束!!!
[2017-10-06 12:53:59][info] ----------------------------------------
[2017-10-06 12:53:59][info] {"discount":"0.00","payment_type":"1","trade_no":"2017070521001004070254389097","subject":"\u4e1d\u8def\u5dc5\u5cf0\u4f53\u9a8c\u5341\u65e5\u6e38","buyer_email":"430061796@qq.com","gmt_create":"2017-07-05 12:53:17","notify_type":"trade_status_sync","quantity":"1","out_trade_no":"LX-17070422475240801-d","seller_id":"2088421286007493","notify_time":"2017-10-06 12:53:59","body":"\u6c99\u5c9b-\u9752\u6d77\u6e56-\u8336\u5361\u76d0\u6e56-\u7941\u8fde-\u5f20\u6396-\u5609\u5cea\u5173-\u6566\u714c\u5341\u65e5\u6e38","trade_status":"TRADE_FINISHED","is_total_fee_adjust":"N","total_fee":"8560.00","gmt_payment":"2017-07-05 12:53:27","seller_email":"2287684289@qq.com","gmt_close":"2017-10-06 12:53:58","price":"8560.00","buyer_id":"2088002026247072","notify_id":"0d994467af0ea0a170c46b8453e934fgji","use_coupon":"N","sign_type":"MD5","sign":"5e8bd6446bf72c40e13cea01361ee831"}
[2017-10-06 12:53:59][info] 数据存储反馈成功！
[2017-10-06 12:53:59][info] success
[2017-10-06 12:53:59][info] 写入结束!!!
[2017-10-06 13:38:05][info] ----------------------------------------
[2017-10-06 13:38:05][info] {"discount":"0.00","payment_type":"1","trade_no":"2017070521001004340212578532","subject":"\u65b0\u7586\u5168\u666f","buyer_email":"20677009@qq.com","gmt_create":"2017-07-05 13:37:01","notify_type":"trade_status_sync","quantity":"1","out_trade_no":"LX-17070509534985906-3","seller_id":"2088421286007493","notify_time":"2017-10-06 13:38:05","body":"\u6c5f\u5e03\u62c9\u514b-\u4e94\u5f69\u6ee9-\u5580\u7eb3\u65af-\u79be\u6728-\u8d5b\u91cc\u6728\u6e56-\u85b0\u8863\u8349\u519c\u573a-\u5580\u62c9\u5cfb-\u90a3\u62c9\u63d0-\u5df4\u97f3\u5e03\u9c81\u514b-\u5410\u9c81\u756a13\u65e5\u6e38","trade_status":"TRADE_FINISHED","is_total_fee_adjust":"N","total_fee":"9560.00","gmt_payment":"2017-07-05 13:37:19","seller_email":"2287684289@qq.com","gmt_close":"2017-10-06 13:38:05","price":"9560.00","buyer_id":"2088202434443345","notify_id":"c6b18962eedf2050bf0bfa7bf735874imi","use_coupon":"N","sign_type":"MD5","sign":"ce39e9aeb1c65791928edbd745076ca3"}
[2017-10-06 13:38:05][info] 数据存储反馈成功！
[2017-10-06 13:38:05][info] success
[2017-10-06 13:38:05][info] 写入结束!!!
[2017-10-06 16:08:51][info] ----------------------------------------
[2017-10-06 16:08:51][info] {"discount":"0.00","payment_type":"1","trade_no":"2017070521001004200207618062","subject":"\u4e1d\u8def\u5dc5\u5cf0\u4f53\u9a8c\u4e5d\u65e5\u6e38B\u7ebf","buyer_email":"384104030@qq.com","gmt_create":"2017-07-05 16:08:14","notify_type":"trade_status_sync","quantity":"1","out_trade_no":"LX-17070515353987201-1","seller_id":"2088421286007493","notify_time":"2017-10-06 16:08:51","body":"\u5170\u5dde-\u9e23\u6c99\u5c71\u6708\u7259\u6cc9-\u83ab\u9ad8\u7a9f-\u96c5\u4e39\u9b54\u9b3c\u57ce-\u6566\u714c\u535a\u7269\u9986-\u5609\u5cea\u5173-\u5f20\u6396\u4e39\u971e-\u9a6c\u8e44\u5bfa-\u5353\u5c14\u5c71-\u8336\u5361\u76d0\u6e56-\u9752\u6d77\u6e569\u65e5\u6e38","trade_status":"TRADE_FINISHED","is_total_fee_adjust":"N","total_fee":"8840.00","gmt_payment":"2017-07-05 16:08:24","seller_email":"2287684289@qq.com","gmt_close":"2017-10-06 16:08:50","price":"8840.00","buyer_id":"2088002436975208","notify_id":"ed18a009f8fcf7e9f5f1608ed5d0ae0hjm","use_coupon":"N","sign_type":"MD5","sign":"dd4b292cfe5e875647be692f6983b665"}
[2017-10-06 16:08:51][info] 数据存储反馈成功！
[2017-10-06 16:08:51][info] success
[2017-10-06 16:08:51][info] 写入结束!!!
[2017-10-06 16:30:01][info] ----------------------------------------
[2017-10-06 16:30:01][info] {"discount":"0.00","payment_type":"1","trade_no":"2017100621001004820228358786","subject":"\u989d\u6d4e\u7eb3\u6700\u7f8e\u9ad8\u94c1\u56e2","buyer_email":"zuimongren@sohu.com","gmt_create":"2017-10-06 16:28:06","notify_type":"trade_status_sync","quantity":"1","out_trade_no":"LX-17100615160065406-2","seller_id":"2088421286007493","notify_time":"2017-10-06 16:30:01","body":"2017\u989d\u6d4e\u7eb3\u65d7\u80e1\u6768\u6797\u516d\u65e5\u6e38-\u9886\u8896\u6237\u5916\u72ec\u5bb6\u9996\u521b","trade_status":"TRADE_SUCCESS","is_total_fee_adjust":"N","total_fee":"9190.00","gmt_payment":"2017-10-06 16:30:01","seller_email":"2287684289@qq.com","price":"9190.00","buyer_id":"2088002258714827","notify_id":"588966615b181d2100314c090edff22mbu","use_coupon":"N","sign_type":"MD5","sign":"b69f0232af731e3eef4da587db51458b"}
[2017-10-06 16:30:02][info] 数据存储反馈成功！
[2017-10-06 16:30:02][info] success
[2017-10-06 16:30:02][info] 写入结束!!!
[2017-10-06 17:02:53][info] ----------------------------------------
[2017-10-06 17:02:53][info] {"discount":"0.00","payment_type":"1","trade_no":"2017070521001004230295346443","subject":"\u7518\u5357\u5168\u666f","buyer_email":"18611122039","gmt_create":"2017-07-05 17:00:58","notify_type":"trade_status_sync","quantity":"1","out_trade_no":"LX-17062913302866506-5","seller_id":"2088421286007493","notify_time":"2017-10-06 17:02:53","body":"2017\u5e74\u72ec\u5bb6  \u62c9\u535c\u695e\u5bfa-\u624e\u5c15\u90a3-\u82b1\u6e56-\u5e74\u5b9d\u7389\u5219-\u82e5\u5c14\u76d6\u8349\u539f-\u963f\u4e07\u4ed3\u6e7f\u5730-\u5c15\u6d77\u6e56-\u90ce\u6728\u5bfa 8\u65e5\u6e38","trade_status":"TRADE_FINISHED","is_total_fee_adjust":"N","total_fee":"2470.00","gmt_payment":"2017-07-05 17:01:54","seller_email":"2287684289@qq.com","gmt_close":"2017-10-06 17:02:53","price":"2470.00","buyer_id":"2088422601069235","notify_id":"7f8b14c0adc41e06c98796b1dc5f90ahry","use_coupon":"N","sign_type":"MD5","sign":"0ef071cd42313584b6f3992d05f0b5be"}
[2017-10-06 17:02:53][info] 数据存储反馈成功！
[2017-10-06 17:02:53][info] success
[2017-10-06 17:02:53][info] 写入结束!!!
[2017-10-06 18:29:55][info] ----------------------------------------
[2017-10-06 18:29:55][info] {"discount":"0.00","payment_type":"1","trade_no":"2017070521001004440213257096","subject":"\u65b0\u7586\u5168\u666f","buyer_email":"13629201075","gmt_create":"2017-07-05 18:29:07","notify_type":"trade_status_sync","quantity":"1","out_trade_no":"LX-1707051825418001-9","seller_id":"2088421286007493","notify_time":"2017-10-06 18:29:55","body":"\u6c5f\u5e03\u62c9\u514b-\u4e94\u5f69\u6ee9-\u5580\u7eb3\u65af-\u79be\u6728-\u8d5b\u91cc\u6728\u6e56-\u85b0\u8863\u8349\u519c\u573a-\u5580\u62c9\u5cfb-\u90a3\u62c9\u63d0-\u5df4\u97f3\u5e03\u9c81\u514b-\u5410\u9c81\u756a13\u65e5\u6e38","trade_status":"TRADE_FINISHED","is_total_fee_adjust":"N","total_fee":"10760.00","gmt_payment":"2017-07-05 18:29:43","seller_email":"2287684289@qq.com","gmt_close":"2017-10-06 18:29:55","price":"10760.00","buyer_id":"2088122998578441","notify_id":"038ab1a03b88f42fe2ebfc34f688230jea","use_coupon":"N","sign_type":"MD5","sign":"3d6ccb23af3e0e6c0134fbba2d416b84"}
[2017-10-06 18:29:55][info] 数据存储反馈成功！
[2017-10-06 18:29:55][info] success
[2017-10-06 18:29:55][info] 写入结束!!!
[2017-10-06 18:31:52][info] ----------------------------------------
[2017-10-06 18:31:52][info] {"discount":"0.00","payment_type":"1","trade_no":"2017070521001004210294902146","subject":"\u4e1d\u7ef8\u4e4b\u8def\u5168\u666f\u6e389\u65e5","buyer_email":"454294951@qq.com","gmt_create":"2017-07-05 18:30:16","notify_type":"trade_status_sync","quantity":"1","out_trade_no":"LX-17070518183480301-d","seller_id":"2088421286007493","notify_time":"2017-10-06 18:31:52","body":"\u5170\u5dde-\u5854\u5c14\u5bfa-\u9752\u6d77\u6e56-\u8336\u5361\u76d0\u6e56-\u6c34\u4e0a\u9b54\u9b3c\u57ce-\u83ab\u9ad8\u7a9f-\u9e23\u6c99\u5c71\u6708\u7259\u6cc9-\u5f20\u6396\u4e39\u971e-\u5353\u5c14\u5c719\u65e5\u6e38","trade_status":"TRADE_FINISHED","is_total_fee_adjust":"N","total_fee":"7560.00","gmt_payment":"2017-07-05 18:31:05","seller_email":"2287684289@qq.com","gmt_close":"2017-10-06 18:31:52","price":"7560.00","buyer_id":"2088612869377210","notify_id":"b98857b304e634c3477197728c0afdchme","use_coupon":"N","sign_type":"MD5","sign":"a97a6effac2fb91b9d8c7cb90a9ae784"}
[2017-10-06 18:31:52][info] 数据存储反馈成功！
[2017-10-06 18:31:52][info] success
[2017-10-06 18:31:52][info] 写入结束!!!
[2017-10-06 20:01:50][info] ----------------------------------------
[2017-10-06 20:01:50][info] {"discount":"0.00","payment_type":"1","trade_no":"2017070521001004400239462085","subject":"\u4e1d\u7ef8\u4e4b\u8def\u7cbe\u534e\u4e03\u65e5\u6e38","buyer_email":"yiling515@126.com","gmt_create":"2017-07-05 20:00:28","notify_type":"trade_status_sync","quantity":"1","out_trade_no":"LX-1707051926445901-7","seller_id":"2088421286007493","notify_time":"2017-10-06 20:01:50","body":"2017\u5e74\u9752\u6d77\u6e56-\u8336\u5361\u76d0\u6e56-\u6566\u714c-\u5609\u5cea\u5173-\u5f20\u6396\u4e39\u971e\u4e03\u65e5\u6e38","trade_status":"TRADE_FINISHED","is_total_fee_adjust":"N","total_fee":"2530.00","gmt_payment":"2017-07-05 20:00:53","seller_email":"2287684289@qq.com","gmt_close":"2017-10-06 20:01:50","price":"2530.00","buyer_id":"2088402899526409","notify_id":"191af19ce1852f8fbbbb9e46dbb6c3aj36","use_coupon":"N","sign_type":"MD5","sign":"be765e5070c084e02d1f9375b52edc7d"}
[2017-10-06 20:01:50][info] 数据存储反馈成功！
[2017-10-06 20:01:50][info] success
[2017-10-06 20:01:50][info] 写入结束!!!
[2017-10-06 21:12:56][info] ----------------------------------------
[2017-10-06 21:12:56][info] {"discount":"0.00","payment_type":"1","trade_no":"2017070521001004460212840309","subject":"\u4e1d\u7ef8\u4e4b\u8def\u5168\u666f\u6e389\u65e5","buyer_email":"jingup@126.com","gmt_create":"2017-07-05 19:23:19","notify_type":"trade_status_sync","quantity":"1","out_trade_no":"LX-17070423574556401-1","seller_id":"2088421286007493","notify_time":"2017-10-06 21:12:56","body":"\u5170\u5dde-\u5854\u5c14\u5bfa-\u9752\u6d77\u6e56-\u8336\u5361\u76d0\u6e56-\u6c34\u4e0a\u9b54\u9b3c\u57ce-\u83ab\u9ad8\u7a9f-\u9e23\u6c99\u5c71\u6708\u7259\u6cc9-\u5f20\u6396\u4e39\u971e-\u5353\u5c14\u5c719\u65e5\u6e38","trade_status":"TRADE_FINISHED","is_total_fee_adjust":"N","total_fee":"18520.00","gmt_payment":"2017-07-05 21:12:24","seller_email":"2287684289@qq.com","gmt_close":"2017-10-06 21:12:55","price":"18520.00","buyer_id":"2088002031669469","notify_id":"68a153e8de055c5cfbdaa1ae59419aajju","use_coupon":"N","sign_type":"MD5","sign":"b174c96bdd74f4157f47b624bf482eab"}
[2017-10-06 21:12:56][info] 数据存储反馈成功！
[2017-10-06 21:12:56][info] success
[2017-10-06 21:12:56][info] 写入结束!!!
[2017-10-06 21:41:55][info] ----------------------------------------
[2017-10-06 21:41:55][info] {"discount":"0.00","payment_type":"1","trade_no":"2017070521001004440213568211","subject":"\u8d35\u5dde\u5168\u666f\u6e38","buyer_email":"13852041108","gmt_create":"2017-07-05 21:40:41","notify_type":"trade_status_sync","quantity":"1","out_trade_no":"LX-17060909330571206-5","seller_id":"2088421286007493","notify_time":"2017-10-06 21:41:55","body":"\u79d8\u5883\u8302\u5170-\u8354\u6ce2-\u9ed4\u4e1c\u5357-\u9547\u8fdc-\u897f\u6c5f\u82d7\u5be8-\u9ec4\u679c\u6811\u6df1\u5ea6\u7eaf\u73a9\u4e5d\u65e5\u6e38","trade_status":"TRADE_FINISHED","is_total_fee_adjust":"N","total_fee":"3780.00","gmt_payment":"2017-07-05 21:40:55","seller_email":"2287684289@qq.com","gmt_close":"2017-10-06 21:41:54","price":"3780.00","buyer_id":"2088702047991445","notify_id":"10d6ee16aa8cc9e9cd7baa6ff66ff33jea","use_coupon":"N","sign_type":"MD5","sign":"56bd0d86e84809c5781cdafbdcc5a6a3"}
[2017-10-06 21:41:55][info] 数据存储反馈成功！
[2017-10-06 21:41:55][info] success
[2017-10-06 21:41:55][info] 写入结束!!!
