[2017-09-17 07:52:12][info] ----------------------------------------
[2017-09-17 07:52:12][info] {"discount":"0.00","payment_type":"1","trade_no":"2017091721001004630232984269","subject":"\u5317\u7586\u91d1\u79cb\u6444\u5f71","buyer_email":"13708488780","gmt_create":"2017-09-17 07:52:02","notify_type":"trade_status_sync","quantity":"1","out_trade_no":"LX-17091522424329406-a","seller_id":"2088421286007493","notify_time":"2017-09-17 07:52:12","body":"\u5580\u7eb3\u65af-\u79be\u6728-\u767d\u54c8\u5df4-\u53ef\u53ef\u6258\u6d77-\u4e94\u5f69\u6ee9-\u53ef\u53ef\u82cf\u91cc\u6e56-\u9b54\u9b3c\u57ce\u79cb\u5b63\u6444\u5f7110\u65e5","trade_status":"TRADE_SUCCESS","is_total_fee_adjust":"N","total_fee":"5800.00","gmt_payment":"2017-09-17 07:52:11","seller_email":"2287684289@qq.com","price":"5800.00","buyer_id":"2088202301171632","notify_id":"f27dc310651d13d71ebf1d060af1c89kv2","use_coupon":"N","sign_type":"MD5","sign":"6fd6e552f2472d8e199382400f5bd973"}
[2017-09-17 07:52:12][info] 数据存储反馈成功！
[2017-09-17 07:52:12][info] success
[2017-09-17 07:52:12][info] 写入结束!!!
[2017-09-17 09:48:57][info] ----------------------------------------
[2017-09-17 09:48:57][info] {"discount":"0.00","payment_type":"1","trade_no":"2017061621001004080294541899","subject":"\u7518\u5357\u5168\u666f","buyer_email":"515410105@qq.com","gmt_create":"2017-06-16 09:48:14","notify_type":"trade_status_sync","quantity":"1","out_trade_no":"LX-1706132133248706-f","seller_id":"2088421286007493","notify_time":"2017-09-17 09:48:57","body":"2017\u5e74\u72ec\u5bb6  \u516b\u89d2\u57ce-\u624e\u5c15\u90a3-\u82b1\u6e56-\u5e74\u5b9d\u7389\u5219-\u82e5\u5c14\u76d6\u8349\u539f-\u963f\u4e07\u4ed3\u6e7f\u5730-\u90ce\u6728\u5bfa 8\u65e5\u6e38","trade_status":"TRADE_FINISHED","is_total_fee_adjust":"N","total_fee":"6560.00","gmt_payment":"2017-06-16 09:48:38","seller_email":"2287684289@qq.com","gmt_close":"2017-09-17 09:48:57","price":"6560.00","buyer_id":"2088002426016085","notify_id":"75fc9e946b6a92a6f551b2080ff7b30gma","use_coupon":"N","sign_type":"MD5","sign":"67209ecc32d660598d3d3b4d5cf32448"}
[2017-09-17 09:48:57][info] 数据存储反馈成功！
[2017-09-17 09:48:57][info] success
[2017-09-17 09:48:57][info] 写入结束!!!
[2017-09-17 10:10:49][info] ----------------------------------------
[2017-09-17 10:10:49][info] {"discount":"0.00","payment_type":"1","trade_no":"2017091721001004850282462874","subject":"\u989d\u6d4e\u7eb3\u6700\u7f8e\u9ad8\u94c1\u56e2","buyer_email":"15802011101","gmt_create":"2017-09-17 10:10:37","notify_type":"trade_status_sync","quantity":"1","out_trade_no":"LX-17091623464294701-6","seller_id":"2088421286007493","notify_time":"2017-09-17 10:10:49","body":"2017\u989d\u6d4e\u7eb3\u65d7\u80e1\u6768\u6797\u516d\u65e5\u6e38-\u9886\u8896\u6237\u5916\u72ec\u5bb6\u9996\u521b","trade_status":"TRADE_SUCCESS","is_total_fee_adjust":"N","total_fee":"3580.00","gmt_payment":"2017-09-17 10:10:48","seller_email":"2287684289@qq.com","price":"3580.00","buyer_id":"2088702674505855","notify_id":"a72a0c80042792fea00a07ef87715a6mk6","use_coupon":"N","sign_type":"MD5","sign":"8c8c9d20b35a02a1151a8c7219317bc3"}
[2017-09-17 10:10:49][info] 数据存储反馈成功！
[2017-09-17 10:10:49][info] success
[2017-09-17 10:10:49][info] 写入结束!!!
[2017-09-17 12:57:07][info] ----------------------------------------
[2017-09-17 12:57:07][info] {"discount":"0.00","payment_type":"1","trade_no":"2017061621001004180200770205","subject":"\u65b0\u7586\u5168\u666f","buyer_email":"18650051299","gmt_create":"2017-06-16 12:56:28","notify_type":"trade_status_sync","quantity":"1","out_trade_no":"LX-17061321074920006-e","seller_id":"2088421286007493","notify_time":"2017-09-17 12:57:07","body":"\u6c5f\u5e03\u62c9\u514b-\u4e94\u5f69\u6ee9-\u5580\u7eb3\u65af-\u79be\u6728-\u8d5b\u91cc\u6728\u6e56-\u85b0\u8863\u8349\u519c\u573a-\u5580\u62c9\u5cfb-\u90a3\u62c9\u63d0-\u5df4\u97f3\u5e03\u9c81\u514b-\u5410\u9c81\u756a13\u65e5\u6e38","trade_status":"TRADE_FINISHED","is_total_fee_adjust":"N","total_fee":"5280.00","gmt_payment":"2017-06-16 12:56:55","seller_email":"2287684289@qq.com","gmt_close":"2017-09-17 12:57:07","price":"5280.00","buyer_id":"2088902294632188","notify_id":"6eaa7a7caa14aec903807fe189522bche2","use_coupon":"N","sign_type":"MD5","sign":"16520dd54980a204a61a16345f6d1c54"}
[2017-09-17 12:57:07][info] 数据存储反馈成功！
[2017-09-17 12:57:07][info] success
[2017-09-17 12:57:07][info] 写入结束!!!
[2017-09-17 13:22:26][info] ----------------------------------------
[2017-09-17 13:22:26][info] {"discount":"0.00","payment_type":"1","trade_no":"2017091721001004720245179798","subject":"\u989d\u6d4e\u7eb3\u6444\u5f71B\u7ebf","buyer_email":"13921045039","gmt_create":"2017-09-17 13:21:49","notify_type":"trade_status_sync","quantity":"1","out_trade_no":"LX-17082212123698106-a","seller_id":"2088421286007493","notify_time":"2017-09-17 13:22:26","body":"\u989d\u6d4e\u7eb3\u80e1\u6768\u6797-\u5df4\u4e39\u5409\u6797\u8179\u5730-\u91d1\u5854\u80e1\u6768\u6797-\u602a\u6811\u6797-\u516b\u65e5","trade_status":"TRADE_SUCCESS","is_total_fee_adjust":"N","total_fee":"420.00","gmt_payment":"2017-09-17 13:22:26","seller_email":"2287684289@qq.com","price":"420.00","buyer_id":"2088602137776720","notify_id":"5dc0b256e098737f54a9071c7f1b9c3lk2","use_coupon":"N","sign_type":"MD5","sign":"1c10c9f80db29f6569c7168813f97d4a"}
[2017-09-17 13:22:26][info] 数据存储反馈成功！
[2017-09-17 13:22:26][info] success
[2017-09-17 13:22:26][info] 写入结束!!!
[2017-09-17 15:39:00][info] ----------------------------------------
[2017-09-17 15:39:00][info] {"discount":"0.00","payment_type":"1","trade_no":"2017091721001004200245011866","subject":"\u989d\u6d4e\u7eb3\u5168\u666f","buyer_email":"lala3211@163.com","gmt_create":"2017-09-17 15:38:49","notify_type":"trade_status_sync","quantity":"1","out_trade_no":"LX-17091713501945406-3","seller_id":"2088421286007493","notify_time":"2017-09-17 15:39:00","body":"\u989d\u6d4e\u7eb3\u80e1\u6768\u6797-\u6566\u714c\u5168\u666f-\u5df4\u4e39\u5409\u6797-\u5f20\u6396\u4e39\u971e-\u5609\u5cea\u5173-\u91d1\u5854\u80e1\u6768\u6797-\u52a8\u8f668\u65e5","trade_status":"TRADE_SUCCESS","is_total_fee_adjust":"N","total_fee":"6120.00","gmt_payment":"2017-09-17 15:38:59","seller_email":"2287684289@qq.com","price":"6120.00","buyer_id":"2088002025933202","notify_id":"24e2c807cea4b3725ec7b982948c8b9hjm","use_coupon":"N","sign_type":"MD5","sign":"7f14aac95d76ed2370d047b69b9e2b9b"}
[2017-09-17 15:39:00][info] 数据存储反馈成功！
[2017-09-17 15:39:00][info] success
[2017-09-17 15:39:00][info] 写入结束!!!
[2017-09-17 16:04:55][info] ----------------------------------------
[2017-09-17 16:04:55][info] {"discount":"0.00","payment_type":"1","trade_no":"2017091721001004690209224686","subject":"\u575d\u4e0a\u79cb\u6444","buyer_email":"13893211588","gmt_create":"2017-09-17 16:04:21","notify_type":"trade_status_sync","quantity":"1","out_trade_no":"LX-17091622285025506-1","seller_id":"2088421286007493","notify_time":"2017-09-17 16:04:55","body":"9-10\u6708\u91d1\u79cb\uff0c\u5317\u6c9f\u3001\u6768\u6811\u80cc\u3001\u4e94\u5f69\u5c71\u3001\u86e4\u87c6\u575d\u3001\u91ce\u9e2d\u6e56\u3001\u516c\u4e3b\u6e56\u7b49\u575d\u4e0a\u8349\u539f\u79cb\u8272\u4e00\u7f51\u6253\u5c3d 6\u65e5\u6444\u5f71\u521b\u4f5c\u56e2\uff08\u575d\u4e0a\u62cd\u64444\u5929\uff09","trade_status":"TRADE_SUCCESS","is_total_fee_adjust":"N","total_fee":"1340.00","gmt_payment":"2017-09-17 16:04:55","seller_email":"2287684289@qq.com","price":"1340.00","buyer_id":"2088812990685693","notify_id":"f1dbc9d720abc02546600e83333992elbq","use_coupon":"N","sign_type":"MD5","sign":"c12a3a02e94466a3f0b8acd73b747ad5"}
[2017-09-17 16:04:55][info] 数据存储反馈成功！
[2017-09-17 16:04:55][info] success
[2017-09-17 16:04:55][info] 写入结束!!!
[2017-09-17 21:48:54][info] ----------------------------------------
[2017-09-17 21:48:54][info] {"discount":"0.00","payment_type":"1","trade_no":"2017091721001004520294485194","subject":"\u575d\u4e0a\u79cb\u6444","buyer_email":"xiaoting.ding@163.com","gmt_create":"2017-09-17 21:48:38","notify_type":"trade_status_sync","quantity":"1","out_trade_no":"LX-17091515131093306-0","seller_id":"2088421286007493","notify_time":"2017-09-17 21:48:54","body":"9-10\u6708\u91d1\u79cb\uff0c\u5317\u6c9f\u3001\u6768\u6811\u80cc\u3001\u4e94\u5f69\u5c71\u3001\u86e4\u87c6\u575d\u3001\u91ce\u9e2d\u6e56\u3001\u516c\u4e3b\u6e56\u7b49\u575d\u4e0a\u8349\u539f\u79cb\u8272\u4e00\u7f51\u6253\u5c3d 6\u65e5\u6444\u5f71\u521b\u4f5c\u56e2\uff08\u575d\u4e0a\u62cd\u64444\u5929\uff09","trade_status":"TRADE_SUCCESS","is_total_fee_adjust":"N","total_fee":"5360.00","gmt_payment":"2017-09-17 21:48:53","seller_email":"2287684289@qq.com","price":"5360.00","buyer_id":"2088302141803521","notify_id":"27141bc10d0c05860373980bbcf27f7k0i","use_coupon":"N","sign_type":"MD5","sign":"4514fafc7b2cb5ae8754e45ba6eba4cf"}
[2017-09-17 21:48:54][info] 数据存储反馈成功！
[2017-09-17 21:48:54][info] success
[2017-09-17 21:48:54][info] 写入结束!!!
