[2017-08-17 10:29:32][info] ----------------------------------------
[2017-08-17 10:29:32][info] {"discount":"0.00","payment_type":"1","trade_no":"2017081721001004280213913374","subject":"\u4e1d\u8def\u5dc5\u5cf0\u4f53\u9a8c\u4e5d\u65e5\u6e38B\u7ebf","buyer_email":"13912135039@163.com","gmt_create":"2017-08-17 10:29:21","notify_type":"trade_status_sync","quantity":"1","out_trade_no":"LX-17071510213141301-6","seller_id":"2088421286007493","notify_time":"2017-08-17 10:29:31","body":"\u9752\u6d77\u6e56-\u8336\u5361\u76d0\u6e56-\u9e23\u6c99\u5c71\u6708\u7259\u6cc9-\u83ab\u9ad8\u7a9f-\u96c5\u4e39\u9b54\u9b3c\u57ce-\u5609\u5cea\u5173-\u5f20\u6396\u4e39\u971e-\u9a6c\u8e44\u5bfa-\u5353\u5c14\u5c71\u8f7b\u5962\u52a8\u8f669\u65e5\u6e38","trade_status":"TRADE_SUCCESS","is_total_fee_adjust":"N","total_fee":"4430.00","gmt_payment":"2017-08-17 10:29:31","seller_email":"2287684289@qq.com","price":"4430.00","buyer_id":"2088002017955285","notify_id":"22579933abf024a087bdcdf15d4f207i5u","use_coupon":"N","sign_type":"MD5","sign":"625683871fdee166163639529a5cf338"}
[2017-08-17 10:29:32][info] 数据存储反馈成功！
[2017-08-17 10:29:32][info] success
[2017-08-17 10:29:32][info] 写入结束!!!
[2017-08-17 11:04:06][info] ----------------------------------------
[2017-08-17 11:04:06][info] {"discount":"0.00","payment_type":"1","trade_no":"2017051621001004570243726581","subject":"\u68a6\u4e2d\u5929\u5802","buyer_email":"yolaxv@gmail.com","gmt_create":"2017-05-16 11:03:23","notify_type":"trade_status_sync","quantity":"1","out_trade_no":"LX-17051610033738606-2","seller_id":"2088421286007493","notify_time":"2017-08-17 11:04:06","body":"2017\u5e74\u7a3b\u57ce\u4e9a\u4e01-\u65b0\u90fd\u6865-\u4e39\u5df4-\u4e5d\u65e5\u6df1\u5ea6\u6e38","trade_status":"TRADE_FINISHED","is_total_fee_adjust":"N","total_fee":"3380.00","gmt_payment":"2017-05-16 11:03:51","seller_email":"2287684289@qq.com","gmt_close":"2017-08-17 11:04:06","price":"3380.00","buyer_id":"2088002381616579","notify_id":"d4b8588bdf60840598bab7d1d4f086ckee","use_coupon":"N","sign_type":"MD5","sign":"2ffaf8925b0c44bd8373d930b2c3566e"}
[2017-08-17 11:04:06][info] 数据存储反馈成功！
[2017-08-17 11:04:06][info] success
[2017-08-17 11:04:06][info] 写入结束!!!
[2017-08-17 14:12:15][info] ----------------------------------------
[2017-08-17 14:12:15][info] {"discount":"0.00","payment_type":"1","trade_no":"2017081721001004360292534302","subject":"\u5317\u7586\u91d1\u79cb\u81f3\u5c0a10\u65e5\u6e38","buyer_email":"lucky.dog.cat@163.com","gmt_create":"2017-08-17 14:11:58","notify_type":"trade_status_sync","quantity":"1","out_trade_no":"LX-17071215525417901-2","seller_id":"2088421286007493","notify_time":"2017-08-17 14:12:15","body":"38\u5c0f\u65f6\u79be\u6728-\u5580\u7eb3\u65af-\u767d\u54c8\u5df4-\u53ef\u53ef\u82cf\u91cc\u6e56-\u53ef\u53ef\u6258\u6d77-\u4e94\u5f69\u6ee9-\u9b54\u9b3c\u57ce10\u65e5\u5927\u73af\u7ebf","trade_status":"TRADE_SUCCESS","is_total_fee_adjust":"N","total_fee":"6930.00","gmt_payment":"2017-08-17 14:12:15","seller_email":"2287684289@qq.com","price":"6930.00","buyer_id":"2088202217201360","notify_id":"38296095a742d50443c4bd9fd2d7e3ais2","use_coupon":"N","sign_type":"MD5","sign":"0d1782244c7fd722621c538bca025229"}
[2017-08-17 14:12:15][info] 数据存储反馈成功！
[2017-08-17 14:12:15][info] success
[2017-08-17 14:12:15][info] 写入结束!!!
[2017-08-17 21:44:06][info] ----------------------------------------
[2017-08-17 21:44:06][info] {"discount":"0.00","payment_type":"1","trade_no":"2017081721001004480500106138","subject":"\u5317\u7586\u91d1\u79cb\u81f3\u5c0a10\u65e5\u6e38","buyer_email":"13926192433","gmt_create":"2017-08-17 21:43:41","notify_type":"trade_status_sync","quantity":"1","out_trade_no":"LX-17081721342123901-f","seller_id":"2088421286007493","notify_time":"2017-08-17 21:44:06","body":"38\u5c0f\u65f6\u79be\u6728-\u5580\u7eb3\u65af-\u767d\u54c8\u5df4-\u53ef\u53ef\u82cf\u91cc\u6e56-\u53ef\u53ef\u6258\u6d77-\u4e94\u5f69\u6ee9-\u9b54\u9b3c\u57ce10\u65e5\u5927\u73af\u7ebf","trade_status":"TRADE_SUCCESS","is_total_fee_adjust":"N","total_fee":"5480.00","gmt_payment":"2017-08-17 21:44:06","seller_email":"2287684289@qq.com","price":"5480.00","buyer_id":"2088512086552484","notify_id":"d47a4280d86819c1e8b25f4428dfe36jph","use_coupon":"N","sign_type":"MD5","sign":"7a471f8a5176fe5a939b3c7ff2733249"}
[2017-08-17 21:44:06][info] 数据存储反馈成功！
[2017-08-17 21:44:06][info] success
[2017-08-17 21:44:06][info] 写入结束!!!
