[2017-10-14 09:47:56][info] ----------------------------------------
[2017-10-14 09:47:56][info] {"discount":"0.00","payment_type":"1","trade_no":"2017071321001004460226083211","subject":"\u65b0\u7586\u5168\u666f","buyer_email":"13784055248@163.com","gmt_create":"2017-07-13 09:46:41","notify_type":"trade_status_sync","quantity":"1","out_trade_no":"LX-1707122216554206-a","seller_id":"2088421286007493","notify_time":"2017-10-14 09:47:56","body":"\u5580\u7eb3\u65af-\u79be\u6728-\u8d5b\u91cc\u6728\u6e56-\u85b0\u8863\u8349\u519c\u573a-\u5580\u62c9\u5cfb-\u90a3\u62c9\u63d0-\u5df4\u97f3\u5e03\u9c81\u514b-\u6c5f\u5e03\u62c9\u514b-\u4e94\u5f69\u6ee9-\u5410\u9c81\u756a13\u65e5\u6e38","trade_status":"TRADE_FINISHED","is_total_fee_adjust":"N","total_fee":"10760.00","gmt_payment":"2017-07-13 09:47:03","seller_email":"2287684289@qq.com","gmt_close":"2017-10-14 09:47:56","price":"10760.00","buyer_id":"2088002372161462","notify_id":"9a725c70843b95c4d1b8460dd4ccc92jju","use_coupon":"N","sign_type":"MD5","sign":"43b171ccbb029bd94532881053118460"}
[2017-10-14 09:47:56][info] 数据存储反馈成功！
[2017-10-14 09:47:56][info] success
[2017-10-14 09:47:56][info] 写入结束!!!
[2017-10-14 10:40:01][info] ----------------------------------------
[2017-10-14 10:40:01][info] {"discount":"0.00","payment_type":"1","trade_no":"2017071321001004300239828923","subject":"\u884c\u6444\u7518\u5357","buyer_email":"18093249967","gmt_create":"2017-07-13 10:39:42","notify_type":"trade_status_sync","quantity":"1","out_trade_no":"LX-17060514163016206-5","seller_id":"2088421286007493","notify_time":"2017-10-14 10:40:01","body":"2017\u5e74\u5e74\u5b9d\u7389\u5219-\u624e\u5c15\u90a3-\u90ce\u6728\u5bfa-\u5510\u514b-\u62c9\u535c\u695e\u5bfa-\u82e5\u5c14\u76d6\u4e5d\u65e5\u6444\u5f71\u6e38-\u9886\u8896\u6237\u5916\u72ec\u5bb6\u7ebf\u8def","trade_status":"TRADE_FINISHED","is_total_fee_adjust":"N","total_fee":"4280.00","gmt_payment":"2017-07-13 10:39:59","seller_email":"2287684289@qq.com","gmt_close":"2017-10-14 10:40:01","price":"4280.00","buyer_id":"2088802995804302","notify_id":"5bda4f23eb737bb1c10dc06ef2d9554ibe","use_coupon":"N","sign_type":"MD5","sign":"9bc2284176637c42a741e873b513164f"}
[2017-10-14 10:40:01][info] 数据存储反馈成功！
[2017-10-14 10:40:01][info] success
[2017-10-14 10:40:01][info] 写入结束!!!
[2017-10-14 11:12:53][info] ----------------------------------------
[2017-10-14 11:12:53][info] {"discount":"0.00","payment_type":"1","trade_no":"2017071321001004830224743807","subject":"\u8349\u539f\u7267\u6b4cA\u7ebf","buyer_email":"cqz2923@163.com","gmt_create":"2017-07-13 11:12:06","notify_type":"trade_status_sync","quantity":"1","out_trade_no":"LX-17071309132014401-3","seller_id":"2088421286007493","notify_time":"2017-10-14 11:12:53","body":"\u6d77\u62c9\u5c14-\u91d1\u5e10\u6c57\u8499\u53e4\u90e8\u843d-\u5ba4\u97e6-\u767d\u6866\u6797-\u9ed1\u5c71\u5934\u9a91\u9a6c\u7a7f\u8d8a-186\u5f69\u5e26\u6cb3\u6ed1\u8349-\u72fc\u5c9b-\u6ee1\u6d32\u91cc5\u65e5\u6e38","trade_status":"TRADE_FINISHED","is_total_fee_adjust":"N","total_fee":"4960.00","gmt_payment":"2017-07-13 11:12:16","seller_email":"2287684289@qq.com","gmt_close":"2017-10-14 11:12:53","price":"4960.00","buyer_id":"2088002672796830","notify_id":"cc5a9a8dc0cea84b55619f02ce2398emem","use_coupon":"N","sign_type":"MD5","sign":"f1a6268ec229a620783a4eb23cbce50b"}
[2017-10-14 11:12:53][info] 数据存储反馈成功！
[2017-10-14 11:12:53][info] success
[2017-10-14 11:12:53][info] 写入结束!!!
[2017-10-14 11:28:08][info] ----------------------------------------
[2017-10-14 11:28:08][info] {"discount":"0.00","payment_type":"1","trade_no":"2017071321001004730263298660","subject":"\u7518\u5357\u5168\u666f","buyer_email":"18997392073","gmt_create":"2017-07-13 11:23:53","notify_type":"trade_status_sync","quantity":"1","out_trade_no":"LX-17071222313050206-8","seller_id":"2088421286007493","notify_time":"2017-10-14 11:28:07","body":"2017\u5e74\u72ec\u5bb6  \u62c9\u535c\u695e\u5bfa-\u624e\u5c15\u90a3-\u82b1\u6e56-\u5e74\u5b9d\u7389\u5219-\u82e5\u5c14\u76d6\u8349\u539f-\u963f\u4e07\u4ed3\u6e7f\u5730-\u5c15\u6d77\u6e56-\u90ce\u6728\u5bfa 8\u65e5\u6e38","trade_status":"TRADE_FINISHED","is_total_fee_adjust":"N","total_fee":"2680.00","gmt_payment":"2017-07-13 11:27:42","seller_email":"2287684289@qq.com","gmt_close":"2017-10-14 11:28:07","price":"2680.00","buyer_id":"2088022348107735","notify_id":"77405165854665d98cc9614541939b1lmu","use_coupon":"N","sign_type":"MD5","sign":"bec00bfd1f29d72f649a6542089e2810"}
[2017-10-14 11:28:08][info] 数据存储反馈成功！
[2017-10-14 11:28:08][info] success
[2017-10-14 11:28:08][info] 写入结束!!!
[2017-10-14 13:07:00][info] ----------------------------------------
[2017-10-14 13:07:00][info] {"discount":"0.00","payment_type":"1","trade_no":"2017071321001004070270761021","subject":"\u7a7f\u8d8a\u4e1d\u8def\u4e4b\u65c5\u516b\u65e5\u6e38","buyer_email":"15623006386","gmt_create":"2017-07-13 13:04:40","notify_type":"trade_status_sync","quantity":"1","out_trade_no":"LX-17071215195929006-f","seller_id":"2088421286007493","notify_time":"2017-10-14 13:07:00","body":"\u6c34\u4e0a\u9b54\u9b3c\u57ce-\u9752\u6d77\u6e56-\u95e8\u6e90-\u6566\u714c-\u5f20\u6396-\u5609\u5cea\u5173-\u8336\u5361\u76d0\u6e56\u516b\u65e5\u6df1\u5ea6\u6e38","trade_status":"TRADE_FINISHED","is_total_fee_adjust":"N","total_fee":"3600.00","gmt_payment":"2017-07-13 13:06:53","seller_email":"2287684289@qq.com","gmt_close":"2017-10-14 13:07:00","price":"3600.00","buyer_id":"2088502479444072","notify_id":"fbdaf05af5039f19aae710e8362bc56gji","use_coupon":"N","sign_type":"MD5","sign":"0ffd412e131f277d31ebbcc666703894"}
[2017-10-14 13:07:00][info] 数据存储反馈成功！
[2017-10-14 13:07:00][info] success
[2017-10-14 13:07:00][info] 写入结束!!!
[2017-10-14 14:15:01][info] ----------------------------------------
[2017-10-14 14:15:01][info] {"discount":"0.00","payment_type":"1","trade_no":"2017071321001004290206332692","subject":"\u4e1d\u8def\u5dc5\u5cf0\u4f53\u9a8c\u4e5d\u65e5\u6e38B\u7ebf","buyer_email":"13621895120","gmt_create":"2017-07-13 14:14:46","notify_type":"trade_status_sync","quantity":"1","out_trade_no":"LX-17063019590934206-7","seller_id":"2088421286007493","notify_time":"2017-10-14 14:15:01","body":"\u9752\u6d77\u6e56-\u8336\u5361\u76d0\u6e56-\u9e23\u6c99\u5c71\u6708\u7259\u6cc9-\u83ab\u9ad8\u7a9f-\u96c5\u4e39\u9b54\u9b3c\u57ce-\u5609\u5cea\u5173-\u5f20\u6396\u4e39\u971e-\u9a6c\u8e44\u5bfa-\u5353\u5c14\u5c71\u8f7b\u5962\u52a8\u8f669\u65e5\u6e38","trade_status":"TRADE_FINISHED","is_total_fee_adjust":"N","total_fee":"17080.00","gmt_payment":"2017-07-13 14:14:56","seller_email":"2287684289@qq.com","gmt_close":"2017-10-14 14:15:00","price":"17080.00","buyer_id":"2088502700735298","notify_id":"6f70b74c431107eb6585901b3a923bei8m","use_coupon":"N","sign_type":"MD5","sign":"df531f0555a107776efb03edca86268d"}
[2017-10-14 14:15:01][info] 数据存储反馈成功！
[2017-10-14 14:15:01][info] success
[2017-10-14 14:15:01][info] 写入结束!!!
[2017-10-14 15:13:08][info] ----------------------------------------
[2017-10-14 15:13:08][info] {"discount":"0.00","payment_type":"1","trade_no":"2017071321001004370298584293","subject":"\u7518\u5357\u5168\u666f","buyer_email":"haitang999@163.com","gmt_create":"2017-07-13 15:12:19","notify_type":"trade_status_sync","quantity":"1","out_trade_no":"LX-17071218480342006-5","seller_id":"2088421286007493","notify_time":"2017-10-14 15:13:08","body":"2017\u5e74\u72ec\u5bb6  \u62c9\u535c\u695e\u5bfa-\u624e\u5c15\u90a3-\u82b1\u6e56-\u5e74\u5b9d\u7389\u5219-\u82e5\u5c14\u76d6\u8349\u539f-\u963f\u4e07\u4ed3\u6e7f\u5730-\u5c15\u6d77\u6e56-\u90ce\u6728\u5bfa 8\u65e5\u6e38","trade_status":"TRADE_FINISHED","is_total_fee_adjust":"N","total_fee":"6560.00","gmt_payment":"2017-07-13 15:12:52","seller_email":"2287684289@qq.com","gmt_close":"2017-10-14 15:13:08","price":"6560.00","buyer_id":"2088002079765374","notify_id":"ada60b65cd82e75d73f9486cee996adiuu","use_coupon":"N","sign_type":"MD5","sign":"1feeba50a50d11e205bbead51e6cb3fe"}
[2017-10-14 15:13:08][info] 数据存储反馈成功！
[2017-10-14 15:13:08][info] success
[2017-10-14 15:13:08][info] 写入结束!!!
[2017-10-14 15:55:53][info] ----------------------------------------
[2017-10-14 15:55:53][info] {"discount":"0.00","payment_type":"1","trade_no":"2017071321001004620248068479","subject":"\u65b0\u7586\u5168\u666f","buyer_email":"48646466@qq.com","gmt_create":"2017-07-13 15:55:03","notify_type":"trade_status_sync","quantity":"1","out_trade_no":"LX-17071313370025406-8","seller_id":"2088421286007493","notify_time":"2017-10-14 15:55:52","body":"\u5580\u7eb3\u65af-\u79be\u6728-\u8d5b\u91cc\u6728\u6e56-\u85b0\u8863\u8349\u519c\u573a-\u5580\u62c9\u5cfb-\u90a3\u62c9\u63d0-\u5df4\u97f3\u5e03\u9c81\u514b-\u6c5f\u5e03\u62c9\u514b-\u4e94\u5f69\u6ee9-\u5410\u9c81\u756a13\u65e5\u6e38","trade_status":"TRADE_FINISHED","is_total_fee_adjust":"N","total_fee":"2690.00","gmt_payment":"2017-07-13 15:55:18","seller_email":"2287684289@qq.com","gmt_close":"2017-10-14 15:55:52","price":"2690.00","buyer_id":"2088202450891627","notify_id":"c4123a38553cf96ceea3a464c874f3dksa","use_coupon":"N","sign_type":"MD5","sign":"5cc6c111fe271e6806572b0b368d5c7b"}
[2017-10-14 15:55:53][info] 数据存储反馈成功！
[2017-10-14 15:55:53][info] success
[2017-10-14 15:55:53][info] 写入结束!!!
[2017-10-14 16:05:08][info] ----------------------------------------
[2017-10-14 16:05:08][info] {"discount":"0.00","payment_type":"1","trade_no":"2017071321001004140231714186","subject":"\u4e1d\u7ef8\u4e4b\u8def\u7cbe\u534e\u4e03\u65e5\u6e38","buyer_email":"1194853620@qq.com","gmt_create":"2017-07-13 16:04:34","notify_type":"trade_status_sync","quantity":"1","out_trade_no":"LX-17071315171441306-8","seller_id":"2088421286007493","notify_time":"2017-10-14 16:05:08","body":"2017\u5e74\u9752\u6d77\u6e56-\u8336\u5361\u76d0\u6e56-\u6566\u714c-\u5609\u5cea\u5173-\u5f20\u6396\u4e39\u971e\u4e03\u65e5\u6e38","trade_status":"TRADE_FINISHED","is_total_fee_adjust":"N","total_fee":"1590.00","gmt_payment":"2017-07-13 16:04:50","seller_email":"2287684289@qq.com","gmt_close":"2017-10-14 16:05:08","price":"1590.00","buyer_id":"2088112601193149","notify_id":"446e3e5ab8b988f2f89d64fb9488e2eh2y","use_coupon":"N","sign_type":"MD5","sign":"40f69abdc9b2d8659532809511cdb867"}
[2017-10-14 16:05:08][info] 数据存储反馈成功！
[2017-10-14 16:05:08][info] success
[2017-10-14 16:05:08][info] 写入结束!!!
[2017-10-14 16:36:03][info] ----------------------------------------
[2017-10-14 16:36:03][info] {"discount":"0.00","payment_type":"1","trade_no":"2017071321001004110275214821","subject":"\u5317\u7586\u91d1\u79cb\u6df1\u5ea6","buyer_email":"wumeifeiduo190@sina.com","gmt_create":"2017-07-13 16:34:59","notify_type":"trade_status_sync","quantity":"1","out_trade_no":"LX-17071222220299701-9","seller_id":"2088421286007493","notify_time":"2017-10-14 16:36:03","body":"38\u5c0f\u65f6\u79be\u6728-\u5580\u7eb3\u65af-\u767d\u54c8\u5df4-\u53ef\u53ef\u82cf\u91cc\u6e56-\u53ef\u53ef\u6258\u6d77-\u4e94\u5f69\u6ee9-\u9b54\u9b3c\u57ce10\u65e5\u5927\u73af\u7ebf","trade_status":"TRADE_FINISHED","is_total_fee_adjust":"N","total_fee":"2360.00","gmt_payment":"2017-07-13 16:35:09","seller_email":"2287684289@qq.com","gmt_close":"2017-10-14 16:36:03","price":"2360.00","buyer_id":"2088302151726115","notify_id":"517d511e2bdf7b91fee7359d6201495gum","use_coupon":"N","sign_type":"MD5","sign":"e8bfc91a889a7874b4370463faecb399"}
[2017-10-14 16:36:03][info] 数据存储反馈成功！
[2017-10-14 16:36:03][info] success
[2017-10-14 16:36:03][info] 写入结束!!!
[2017-10-14 19:26:02][info] ----------------------------------------
[2017-10-14 19:26:02][info] {"discount":"0.00","payment_type":"1","trade_no":"2017071321001004670252512270","subject":"\u5927\u7f8e\u5ddd\u85cf","buyer_email":"christnight@qq.com","gmt_create":"2017-07-13 19:25:21","notify_type":"trade_status_sync","quantity":"1","out_trade_no":"LX-17071223024140801-d","seller_id":"2088421286007493","notify_time":"2017-10-14 19:26:02","body":"2017\u4ece\u4f60\u7684\u5168\u4e16\u754c\u8def\u8fc7 \u2014 \u5ddd\u85cf\u5357\u7ebf+\u6ec7\u85cf\u7ebf+\u7a3b\u57ce\u4e9a\u4e01+\u6885\u91cc\u96ea\u5c71+\u6765\u53e4\u675111\u65e5\u6e38","trade_status":"TRADE_FINISHED","is_total_fee_adjust":"N","total_fee":"6280.00","gmt_payment":"2017-07-13 19:25:26","seller_email":"2287684289@qq.com","gmt_close":"2017-10-14 19:26:02","price":"6280.00","buyer_id":"2088502695808674","notify_id":"bd03d5c3e61a4739618471e9b30b24cl66","use_coupon":"N","sign_type":"MD5","sign":"9465c1ca35aefa6632b126cffff6999d"}
[2017-10-14 19:26:02][info] 数据存储反馈成功！
[2017-10-14 19:26:02][info] success
[2017-10-14 19:26:02][info] 写入结束!!!
[2017-10-14 19:47:11][info] ----------------------------------------
[2017-10-14 19:47:11][info] {"discount":"0.00","payment_type":"1","trade_no":"2017071321001004170219170831","subject":"\u7518\u5357\u5168\u666f","buyer_email":"kathleen0816@sina.com","gmt_create":"2017-07-13 19:46:34","notify_type":"trade_status_sync","quantity":"1","out_trade_no":"LX-17041711091285506-4","seller_id":"2088421286007493","notify_time":"2017-10-14 19:47:11","body":"2017\u5e74\u72ec\u5bb6  \u62c9\u535c\u695e\u5bfa-\u624e\u5c15\u90a3-\u82b1\u6e56-\u5e74\u5b9d\u7389\u5219-\u82e5\u5c14\u76d6\u8349\u539f-\u963f\u4e07\u4ed3\u6e7f\u5730-\u5c15\u6d77\u6e56-\u90ce\u6728\u5bfa 8\u65e5\u6e38","trade_status":"TRADE_FINISHED","is_total_fee_adjust":"N","total_fee":"6560.00","gmt_payment":"2017-07-13 19:46:43","seller_email":"2287684289@qq.com","gmt_close":"2017-10-14 19:47:11","price":"6560.00","buyer_id":"2088002476862175","notify_id":"b3119c99384a1d755070f331d67d2eahba","use_coupon":"N","sign_type":"MD5","sign":"3493c432816dac4fe7be7ea9bdc1f4e0"}
[2017-10-14 19:47:11][info] 数据存储反馈成功！
[2017-10-14 19:47:11][info] success
[2017-10-14 19:47:11][info] 写入结束!!!
[2017-10-14 20:35:58][info] ----------------------------------------
[2017-10-14 20:35:58][info] {"discount":"0.00","payment_type":"1","trade_no":"2017071321001004880259716487","subject":"\u5580\u7eb3\u65af\u4e4b\u590f","buyer_email":"bauhaus.jing@gmail.com","gmt_create":"2017-07-13 20:34:54","notify_type":"trade_status_sync","quantity":"1","out_trade_no":"LX-17071222375527706-7","seller_id":"2088421286007493","notify_time":"2017-10-14 20:35:58","body":"2017\u5e747\uff5e8\u6708 \u5929\u5c71\u5929\u6c60-\u5410\u9c81\u756a-\u5580\u7eb3\u65af-\u767d\u54c8\u5df4-\u4e94\u5f69\u6ee9-\u9b54\u9b3c\u57ce-\u79be\u6728\u6df1\u5ea6\u4e5d\u65e5\u6e38","trade_status":"TRADE_FINISHED","is_total_fee_adjust":"N","total_fee":"9360.00","gmt_payment":"2017-07-13 20:35:17","seller_email":"2287684289@qq.com","gmt_close":"2017-10-14 20:35:58","price":"9360.00","buyer_id":"2088002320118889","notify_id":"d929974d540953c548771e1cc9e9cf4msi","use_coupon":"N","sign_type":"MD5","sign":"7f1e32c10a822d66d74d8094da5a94fd"}
[2017-10-14 20:35:58][info] 数据存储反馈成功！
[2017-10-14 20:35:58][info] success
[2017-10-14 20:35:58][info] 写入结束!!!
[2017-10-14 21:04:06][info] ----------------------------------------
[2017-10-14 21:04:06][info] {"discount":"0.00","payment_type":"1","trade_no":"2017071321001004550261975306","subject":"\u65b0\u7586\u5168\u666f","buyer_email":"18600675708","gmt_create":"2017-07-13 21:03:35","notify_type":"trade_status_sync","quantity":"1","out_trade_no":"LX-1707132047025706-1","seller_id":"2088421286007493","notify_time":"2017-10-14 21:04:06","body":"\u5580\u7eb3\u65af-\u79be\u6728-\u8d5b\u91cc\u6728\u6e56-\u85b0\u8863\u8349\u519c\u573a-\u5580\u62c9\u5cfb-\u90a3\u62c9\u63d0-\u5df4\u97f3\u5e03\u9c81\u514b-\u6c5f\u5e03\u62c9\u514b-\u4e94\u5f69\u6ee9-\u5410\u9c81\u756a13\u65e5\u6e38","trade_status":"TRADE_FINISHED","is_total_fee_adjust":"N","total_fee":"2090.00","gmt_payment":"2017-07-13 21:03:43","seller_email":"2287684289@qq.com","gmt_close":"2017-10-14 21:04:06","price":"2090.00","buyer_id":"2088702884816552","notify_id":"94b3f17f994943b98ae6bec08bfaeb3k8u","use_coupon":"N","sign_type":"MD5","sign":"072fe95c1341a41e482b8552fd6f0046"}
[2017-10-14 21:04:06][info] 数据存储反馈成功！
[2017-10-14 21:04:06][info] success
[2017-10-14 21:04:06][info] 写入结束!!!
