[2017-07-16 10:18:59][info] ----------------------------------------
[2017-07-16 10:18:59][info] {"discount":"0.00","payment_type":"1","trade_no":"2017071321001004270226410632","subject":"\u4e1d\u8def\u5dc5\u5cf0\u4f53\u9a8c\u4e5d\u65e5\u6e38B\u7ebf","buyer_email":"zym16880@126.com","gmt_create":"2017-07-13 19:31:20","notify_type":"trade_status_sync","quantity":"1","out_trade_no":"LX-17061811240317006-3","seller_id":"2088421286007493","notify_time":"2017-07-16 10:18:59","body":"\u9752\u6d77\u6e56-\u8336\u5361\u76d0\u6e56-\u9e23\u6c99\u5c71\u6708\u7259\u6cc9-\u83ab\u9ad8\u7a9f-\u96c5\u4e39\u9b54\u9b3c\u57ce-\u5609\u5cea\u5173-\u5f20\u6396\u4e39\u971e-\u9a6c\u8e44\u5bfa-\u5353\u5c14\u5c71\u8f7b\u5962\u52a8\u8f669\u65e5\u6e38","trade_status":"TRADE_SUCCESS","is_total_fee_adjust":"N","total_fee":"10740.00","gmt_payment":"2017-07-16 10:18:58","seller_email":"2287684289@qq.com","price":"10740.00","buyer_id":"2088002523944278","notify_id":"b29eb3e69c68ee6f867b7eac767b02bi32","use_coupon":"N","sign_type":"MD5","sign":"0095123d853b0a7f541868756ba52cf3"}
[2017-07-16 10:18:59][info] 数据存储反馈成功！
[2017-07-16 10:18:59][info] success
[2017-07-16 10:18:59][info] 写入结束!!!
[2017-07-16 10:24:56][info] ----------------------------------------
[2017-07-16 10:24:56][info] {"discount":"0.00","payment_type":"1","trade_no":"2017071621001004230214056570","subject":"\u8d35\u5dde\u5168\u666f\u6e38","buyer_email":"w4g27@sohu.com","gmt_create":"2017-07-16 10:24:28","notify_type":"trade_status_sync","quantity":"1","out_trade_no":"LX-17071010370128906-e","seller_id":"2088421286007493","notify_time":"2017-07-16 10:24:56","body":"\u897f\u6c5f\u5343\u6237\u82d7\u5be8-\u8354\u6ce2-\u9ed4\u4e1c\u5357-\u9547\u8fdc-\u9ec4\u679c\u6811-\u79d8\u5883\u8302\u5170\u6df1\u5ea6\u7eaf\u73a9\u4e5d\u65e5\u6e38","trade_status":"TRADE_SUCCESS","is_total_fee_adjust":"N","total_fee":"6280.00","gmt_payment":"2017-07-16 10:24:56","seller_email":"2287684289@qq.com","price":"6280.00","buyer_id":"2088102451027235","notify_id":"33787645f33e26423f9fe5b1a217560hry","use_coupon":"N","sign_type":"MD5","sign":"9759c63942f1e7bc7059127979b85100"}
[2017-07-16 10:24:56][info] 数据存储反馈成功！
[2017-07-16 10:24:56][info] success
[2017-07-16 10:24:56][info] 写入结束!!!
[2017-07-16 13:50:25][info] ----------------------------------------
[2017-07-16 13:50:25][info] {"discount":"0.00","payment_type":"1","trade_no":"2017071621001004940208161157","subject":"\u4e1d\u8def\u5dc5\u5cf0\u4f53\u9a8c\u4e5d\u65e5\u6e38B\u7ebf","buyer_email":"654177457@qq.com","gmt_create":"2017-07-16 13:50:12","notify_type":"trade_status_sync","quantity":"1","out_trade_no":"LX-17071613102128001-9","seller_id":"2088421286007493","notify_time":"2017-07-16 13:50:25","body":"\u9752\u6d77\u6e56-\u8336\u5361\u76d0\u6e56-\u9e23\u6c99\u5c71\u6708\u7259\u6cc9-\u83ab\u9ad8\u7a9f-\u96c5\u4e39\u9b54\u9b3c\u57ce-\u5609\u5cea\u5173-\u5f20\u6396\u4e39\u971e-\u9a6c\u8e44\u5bfa-\u5353\u5c14\u5c71\u8f7b\u5962\u52a8\u8f669\u65e5\u6e38","trade_status":"TRADE_SUCCESS","is_total_fee_adjust":"N","total_fee":"5170.00","gmt_payment":"2017-07-16 13:50:25","seller_email":"2287684289@qq.com","price":"5170.00","buyer_id":"2088002372825944","notify_id":"e6342f6be0c18c76c4b0e24d9bd552dn96","use_coupon":"N","sign_type":"MD5","sign":"c670569b3bccd6b56fc62ba1c53ca460"}
[2017-07-16 13:50:25][info] 数据存储反馈成功！
[2017-07-16 13:50:25][info] success
[2017-07-16 13:50:25][info] 写入结束!!!
[2017-07-16 14:14:51][info] ----------------------------------------
[2017-07-16 14:14:51][info] {"discount":"0.00","payment_type":"1","trade_no":"2017071621001004330200665763","subject":"\u5580\u7eb3\u65af\u4e4b\u590f","buyer_email":"moonsea0310@163.com","gmt_create":"2017-07-16 14:11:09","notify_type":"trade_status_sync","quantity":"1","out_trade_no":"LX-17071613292513806-9","seller_id":"2088421286007493","notify_time":"2017-07-16 14:14:50","body":"2017\u5e747\uff5e8\u6708 \u5929\u5c71\u5929\u6c60-\u5410\u9c81\u756a-\u5580\u7eb3\u65af-\u767d\u54c8\u5df4-\u4e94\u5f69\u6ee9-\u9b54\u9b3c\u57ce-\u79be\u6728\u6df1\u5ea6\u4e5d\u65e5\u6e38","trade_status":"TRADE_SUCCESS","is_total_fee_adjust":"N","total_fee":"4580.00","gmt_payment":"2017-07-16 14:14:50","seller_email":"2287684289@qq.com","price":"4580.00","buyer_id":"2088002249507333","notify_id":"491bee6532019893885310f085da47aijq","use_coupon":"N","sign_type":"MD5","sign":"8efaf4e850bba8551f2ca12d7d201ab8"}
[2017-07-16 14:14:51][info] 数据存储反馈成功！
[2017-07-16 14:14:51][info] success
[2017-07-16 14:14:51][info] 写入结束!!!
[2017-07-16 16:30:49][info] ----------------------------------------
[2017-07-16 16:30:49][info] {"discount":"0.00","payment_type":"1","trade_no":"2017071621001004710258077729","subject":"\u7518\u5357\u5168\u666f","buyer_email":"021sgc@163.com","gmt_create":"2017-07-16 16:30:34","notify_type":"trade_status_sync","quantity":"1","out_trade_no":"LX-170714214827206-4","seller_id":"2088421286007493","notify_time":"2017-07-16 16:30:49","body":"2017\u5e74\u72ec\u5bb6  \u62c9\u535c\u695e\u5bfa-\u624e\u5c15\u90a3-\u82b1\u6e56-\u5e74\u5b9d\u7389\u5219-\u82e5\u5c14\u76d6\u8349\u539f-\u963f\u4e07\u4ed3\u6e7f\u5730-\u5c15\u6d77\u6e56-\u90ce\u6728\u5bfa 8\u65e5\u6e38","trade_status":"TRADE_SUCCESS","is_total_fee_adjust":"N","total_fee":"3280.00","gmt_payment":"2017-07-16 16:30:48","seller_email":"2287684289@qq.com","price":"3280.00","buyer_id":"2088102240884715","notify_id":"c5d8171add447d80f5ea42245ee40eblha","use_coupon":"N","sign_type":"MD5","sign":"13771cf9294d1e72d1244ab16d01dcb4"}
[2017-07-16 16:30:49][info] 数据存储反馈成功！
[2017-07-16 16:30:49][info] success
[2017-07-16 16:30:49][info] 写入结束!!!
[2017-07-16 18:19:38][info] ----------------------------------------
[2017-07-16 18:19:38][info] {"discount":"0.00","payment_type":"1","trade_no":"2017071621001004000263753679","subject":"\u8349\u539f\u7267\u6b4cB\u7ebf","buyer_email":"wangiceberg@yahoo.com.cn","gmt_create":"2017-07-16 18:19:28","notify_type":"trade_status_sync","quantity":"1","out_trade_no":"LX-17071615144931701-b","seller_id":"2088421286007493","notify_time":"2017-07-16 18:19:38","body":"\u8d8a\u91ce\u8f66\u7eb5\u6a2a\u6d77\u62c9\u5c14-\u91d1\u5e10\u6c57\u8499\u53e4\u90e8\u843d-\u83ab\u5c14\u9053\u560e-\u592a\u5e73\u6751-\u5ba4\u97e6-\u4e2d\u4fc4\u8fb9\u5883\u7ebf-\u767d\u6866\u6797-\u9ed1\u5c71\u5934\u9a91\u9a6c\u7a7f\u8d8a-186\u5f69\u5e26\u6cb3-\u72fc\u5c9b-\u6ee1\u6d32\u91cc7\u65e5\u6e38","trade_status":"TRADE_SUCCESS","is_total_fee_adjust":"N","total_fee":"5550.00","gmt_payment":"2017-07-16 18:19:38","seller_email":"2287684289@qq.com","price":"5550.00","buyer_id":"2088102627602006","notify_id":"3ed20c95d93a1129adda6b01ba34f82g02","use_coupon":"N","sign_type":"MD5","sign":"2d98a51e060220c214561cb8e51d5d43"}
[2017-07-16 18:19:38][info] 数据存储反馈成功！
[2017-07-16 18:19:38][info] success
[2017-07-16 18:19:38][info] 写入结束!!!
[2017-07-16 18:23:21][info] ----------------------------------------
[2017-07-16 18:23:21][info] {"discount":"0.00","payment_type":"1","trade_no":"2017071621001004560278702491","subject":"\u65b0\u7586\u5168\u666f","buyer_email":"13848270661@163.com","gmt_create":"2017-07-16 18:21:32","notify_type":"trade_status_sync","quantity":"1","out_trade_no":"LX-17062012144632401-2","seller_id":"2088421286007493","notify_time":"2017-07-16 18:23:21","body":"\u5580\u7eb3\u65af-\u79be\u6728-\u8d5b\u91cc\u6728\u6e56-\u85b0\u8863\u8349\u519c\u573a-\u5580\u62c9\u5cfb-\u90a3\u62c9\u63d0-\u5df4\u97f3\u5e03\u9c81\u514b-\u6c5f\u5e03\u62c9\u514b-\u4e94\u5f69\u6ee9-\u5410\u9c81\u756a13\u65e5\u6e38","trade_status":"TRADE_SUCCESS","is_total_fee_adjust":"N","total_fee":"24220.00","gmt_payment":"2017-07-16 18:23:21","seller_email":"2287684289@qq.com","price":"24220.00","buyer_id":"2088912709862569","notify_id":"74ed6bca80d80bb347474b61c025f7bkbm","use_coupon":"N","sign_type":"MD5","sign":"1cfb59e5944a12fcdddaa2f3811b71c8"}
[2017-07-16 18:23:21][info] 数据存储反馈成功！
[2017-07-16 18:23:21][info] success
[2017-07-16 18:23:21][info] 写入结束!!!
[2017-07-16 19:25:44][info] ----------------------------------------
[2017-07-16 19:25:44][info] {"discount":"0.00","payment_type":"1","trade_no":"2017071621001004190294856564","subject":"\u575d\u4e0a\u4eb2\u5b50\u65c5\u62cd\u4e13\u7ebf","buyer_email":"luluhuhu.lar@163.com","gmt_create":"2017-07-16 19:25:34","notify_type":"trade_status_sync","quantity":"1","out_trade_no":"LX-17071220245175806-3","seller_id":"2088421286007493","notify_time":"2017-07-16 19:25:44","body":"\u5b9d\u8d1d\u6210\u957f\u8bb0\uff1a\u5927\u624b\u7275\u5c0f\u624b\uff0c\u52c7\u95ef\u5927\u8349\u539f\uff0c\u7267\u7f8a\u3001\u9a91\u9a6c\u3001\u8d8a\u91ce6\u65e5\uff087\u5927\u4eb2\u5b50\u4e92\u52a8\u9879\u76ee\uff0c\u914d\u5907\u6444\u5f71\u5e08\uff09","trade_status":"TRADE_SUCCESS","is_total_fee_adjust":"N","total_fee":"750.00","gmt_payment":"2017-07-16 19:25:44","seller_email":"2287684289@qq.com","price":"750.00","buyer_id":"2088102575296193","notify_id":"3a22a027269421fe0b94ca47deef87dhgu","use_coupon":"N","sign_type":"MD5","sign":"1a5411be7c7ff0cf6b9bfe1631ba459f"}
[2017-07-16 19:25:45][info] 数据存储反馈成功！
[2017-07-16 19:25:45][info] success
[2017-07-16 19:25:45][info] 写入结束!!!
[2017-07-16 19:47:29][info] ----------------------------------------
[2017-07-16 19:47:29][info] {"discount":"0.00","payment_type":"1","trade_no":"2017071621001004480224491382","subject":"\u7518\u5357\u5168\u666f","buyer_email":"xacg2010@163.com","gmt_create":"2017-07-16 19:47:18","notify_type":"trade_status_sync","quantity":"1","out_trade_no":"LX-17063017033855401-e","seller_id":"2088421286007493","notify_time":"2017-07-16 19:47:29","body":"2017\u5e74\u72ec\u5bb6  \u62c9\u535c\u695e\u5bfa-\u624e\u5c15\u90a3-\u82b1\u6e56-\u5e74\u5b9d\u7389\u5219-\u82e5\u5c14\u76d6\u8349\u539f-\u963f\u4e07\u4ed3\u6e7f\u5730-\u5c15\u6d77\u6e56-\u90ce\u6728\u5bfa 8\u65e5\u6e38","trade_status":"TRADE_SUCCESS","is_total_fee_adjust":"N","total_fee":"3215.00","gmt_payment":"2017-07-16 19:47:29","seller_email":"2287684289@qq.com","price":"3215.00","buyer_id":"2088202855812483","notify_id":"38dcd382981e2000ae6053350ec4294jpe","use_coupon":"N","sign_type":"MD5","sign":"40ab4b6099ad0accf38c32e0b1514c27"}
[2017-07-16 19:47:29][info] 数据存储反馈成功！
[2017-07-16 19:47:29][info] success
[2017-07-16 19:47:29][info] 写入结束!!!
