[2017-03-31 09:27:54][info] ----------------------------------------
[2017-03-31 09:27:54][info] {"discount":"0.00","payment_type":"1","subject":"\u5fbd\u676d\u53e4\u9053","trade_no":"2017033121001004340242876069","buyer_email":"chachanuer@163.com","gmt_create":"2017-03-31 09:27:19","notify_type":"trade_status_sync","quantity":"1","out_trade_no":"LX-17033020115847201-0","seller_id":"2088421286007493","notify_time":"2017-03-31 09:27:54","body":"2017\u5168\u5e74\u8ba1\u5212\uff1a\u8f7b\u88c5\u5355\u65e5\u5f92\u6b65\u7a7f\u8d8a\uff0c\u72ec\u5bb6\u7b56\u5212\u2014\u2014\u7528\u201c\u6362\u5ba2\u201d\u884c\u4e3a\u4eb2\u8eab\u4f53\u4f1a\u53e4\u7ecf\u5546\u4e4b\u9053\uff08\u514d\u8d39\u63d0\u4f9b\u767b\u5c71\u6756\uff0c\u7ec4\u7ec7\u6237\u5916\u91ce\u708a\uff09","trade_status":"TRADE_SUCCESS","is_total_fee_adjust":"N","total_fee":"380.00","gmt_payment":"2017-03-31 09:27:53","seller_email":"2287684289@qq.com","price":"380.00","buyer_id":"2088002282445340","notify_id":"74adcb3e40ad96bb4d1889f85d3cb65imi","use_coupon":"N","sign_type":"MD5","sign":"d0426ab12465adfd0a99839545924a50"}
[2017-03-31 09:27:55][info] 数据存储反馈成功！
[2017-03-31 09:27:55][info] success
[2017-03-31 09:27:55][info] 写入结束!!!
[2017-03-31 14:44:02][info] ----------------------------------------
[2017-03-31 14:44:02][info] {"discount":"0.00","payment_type":"1","subject":"\u5fbd\u676d\u53e4\u9053","trade_no":"2017033121001004680233226420","buyer_email":"15957120327","gmt_create":"2017-03-31 14:43:50","notify_type":"trade_status_sync","quantity":"1","out_trade_no":"LX-17033114395444706-c","seller_id":"2088421286007493","notify_time":"2017-03-31 14:44:02","body":"2017\u5168\u5e74\u8ba1\u5212\uff1a\u8f7b\u88c5\u5355\u65e5\u5f92\u6b65\u7a7f\u8d8a\uff0c\u72ec\u5bb6\u7b56\u5212\u2014\u2014\u7528\u201c\u6362\u5ba2\u201d\u884c\u4e3a\u4eb2\u8eab\u4f53\u4f1a\u53e4\u7ecf\u5546\u4e4b\u9053\uff08\u514d\u8d39\u63d0\u4f9b\u767b\u5c71\u6756\uff0c\u7ec4\u7ec7\u6237\u5916\u91ce\u708a\uff09","trade_status":"TRADE_SUCCESS","is_total_fee_adjust":"N","total_fee":"380.00","gmt_payment":"2017-03-31 14:44:01","seller_email":"2287684289@qq.com","price":"380.00","buyer_id":"2088012126198680","notify_id":"80ee2f5b52ce83dc0a0be69501370bal8y","use_coupon":"N","sign_type":"MD5","sign":"aed395acdbe3b38a41a4fae26446d617"}
[2017-03-31 14:44:02][info] 数据存储反馈成功！
[2017-03-31 14:44:02][info] success
[2017-03-31 14:44:02][info] 写入结束!!!
[2017-03-31 15:10:08][info] ----------------------------------------
[2017-03-31 15:10:08][info] {"discount":"0.00","payment_type":"1","subject":"\u5fbd\u676d\u53e4\u9053","trade_no":"2017033121001004800273907624","buyer_email":"314291216@qq.com","gmt_create":"2017-03-31 15:09:58","notify_type":"trade_status_sync","quantity":"1","out_trade_no":"LX-17033113541725501-7","seller_id":"2088421286007493","notify_time":"2017-03-31 15:10:08","body":"2017\u5168\u5e74\u8ba1\u5212\uff1a\u8f7b\u88c5\u5355\u65e5\u5f92\u6b65\u7a7f\u8d8a\uff0c\u72ec\u5bb6\u7b56\u5212\u2014\u2014\u7528\u201c\u6362\u5ba2\u201d\u884c\u4e3a\u4eb2\u8eab\u4f53\u4f1a\u53e4\u7ecf\u5546\u4e4b\u9053\uff08\u514d\u8d39\u63d0\u4f9b\u767b\u5c71\u6756\uff0c\u7ec4\u7ec7\u6237\u5916\u91ce\u708a\uff09","trade_status":"TRADE_SUCCESS","is_total_fee_adjust":"N","total_fee":"190.00","gmt_payment":"2017-03-31 15:10:07","seller_email":"2287684289@qq.com","price":"190.00","buyer_id":"2088202919094806","notify_id":"4bce8c6162813e767ef502430bbee3bm6a","use_coupon":"N","sign_type":"MD5","sign":"163eb365dbeadc8f492c2afa6f9fa661"}
[2017-03-31 15:10:08][info] 数据存储反馈成功！
[2017-03-31 15:10:08][info] success
[2017-03-31 15:10:08][info] 写入结束!!!
[2017-03-31 21:25:27][info] ----------------------------------------
[2017-03-31 21:25:27][info] {"discount":"0.00","payment_type":"1","subject":"\u65e9\u6625\u65b0\u7586","trade_no":"2017033121001004970257217848","buyer_email":"liangtaifu008@yahoo.com.cn","gmt_create":"2017-03-31 21:25:20","notify_type":"trade_status_sync","quantity":"1","out_trade_no":"LX-17033020395335106-2","seller_id":"2088421286007493","notify_time":"2017-03-31 21:25:27","body":"\u4f0a\u7281\u674f\u82b1\u6c9f-\u7ea2\u5c71\u5927\u5ce1\u8c37-\u8d5b\u91cc\u6728\u6e56-\u5e93\u6728\u5854\u683c\u6c99\u6f208\u65e5\u6df1\u5ea6\u6e38","trade_status":"TRADE_SUCCESS","is_total_fee_adjust":"N","total_fee":"800.00","gmt_payment":"2017-03-31 21:25:27","seller_email":"2287684289@qq.com","price":"800.00","buyer_id":"2088402388910971","notify_id":"f5ac8a7b6b76baa4f115843fea34da9nhi","use_coupon":"N","sign_type":"MD5","sign":"63394f450d55b75e9346097fd2c31763"}
[2017-03-31 21:25:28][info] 数据存储反馈成功！
[2017-03-31 21:25:28][info] success
[2017-03-31 21:25:28][info] 写入结束!!!
