[2017-06-29 09:31:54][info] ----------------------------------------
[2017-06-29 09:31:54][info] {"discount":"0.00","payment_type":"1","trade_no":"2017033021001004230225303491","subject":"\u5fbd\u676d\u53e4\u9053","buyer_email":"15967155524","gmt_create":"2017-03-30 09:30:49","notify_type":"trade_status_sync","quantity":"1","out_trade_no":"LX-17033009135413701-8","seller_id":"2088421286007493","notify_time":"2017-06-29 09:31:54","body":"2017\u5168\u5e74\u8ba1\u5212\uff1a\u8f7b\u88c5\u5355\u65e5\u5f92\u6b65\u7a7f\u8d8a\uff0c\u72ec\u5bb6\u7b56\u5212\u2014\u2014\u7528\u201c\u6362\u5ba2\u201d\u884c\u4e3a\u4eb2\u8eab\u4f53\u4f1a\u53e4\u7ecf\u5546\u4e4b\u9053\uff08\u514d\u8d39\u63d0\u4f9b\u767b\u5c71\u6756\uff0c\u7ec4\u7ec7\u6237\u5916\u91ce\u708a\uff09","trade_status":"TRADE_FINISHED","is_total_fee_adjust":"N","total_fee":"380.00","gmt_payment":"2017-03-30 09:30:56","seller_email":"2287684289@qq.com","gmt_close":"2017-06-29 09:31:54","price":"380.00","buyer_id":"2088902291051236","notify_id":"98e265ea9378e593daf97c608cdcea0hry","use_coupon":"N","sign_type":"MD5","sign":"d8a8d6593f2fd3c246bec13a790a3505"}
[2017-06-29 09:31:54][info] 数据存储反馈成功！
[2017-06-29 09:31:54][info] success
[2017-06-29 09:31:54][info] 写入结束!!!
[2017-06-29 10:42:18][info] ----------------------------------------
[2017-06-29 10:42:18][info] {"discount":"0.00","payment_type":"1","trade_no":"2017062921001004470202270681","subject":"\u65b0\u7586\u62fe\u5149\u5168\u666f\u5199\u771f\u65c5\u884c","buyer_email":"katechoy@sohu.com","gmt_create":"2017-06-29 10:41:57","notify_type":"trade_status_sync","quantity":"1","out_trade_no":"LX-17062910230910201-4","seller_id":"2088421286007493","notify_time":"2017-06-29 10:42:18","body":"\u4e4c\u9c81\u6728\u9f50-\u4e94\u5f69\u6ee9-\u5e03\u5c14\u6d25-\u5580\u7eb3\u65af-\u79be\u6728-\u9b54\u9b3c\u57ce-\u8d5b\u91cc\u6728\u6e56-\u89e3\u5fe7\u516c\u4e3b\u85b0\u8863\u8349\u519c\u573a-\u5580\u62c9\u5cfb-\u5df4\u97f3\u5e03\u9c81\u514b-\u535a\u65af\u817e\u6e56-\u5e93\u6728\u5854\u683c\u6c99\u6f2014\u65e5\u6e38","trade_status":"TRADE_SUCCESS","is_total_fee_adjust":"N","total_fee":"2940.00","gmt_payment":"2017-06-29 10:42:18","seller_email":"2287684289@qq.com","price":"2940.00","buyer_id":"2088002986058479","notify_id":"e0476844256ccb11f125b64e1fd17c6jmm","use_coupon":"N","sign_type":"MD5","sign":"254b9992c4f396d49d737fdce81c2b20"}
[2017-06-29 10:42:19][info] 数据存储反馈成功！
[2017-06-29 10:42:19][info] success
[2017-06-29 10:42:19][info] 写入结束!!!
[2017-06-29 10:49:41][info] ----------------------------------------
[2017-06-29 10:49:41][info] {"discount":"0.00","payment_type":"1","trade_no":"2017062921001004550231597977","subject":"\u65b0\u7586\u5168\u666f","buyer_email":"591708851@qq.com","gmt_create":"2017-06-29 10:48:43","notify_type":"trade_status_sync","quantity":"1","out_trade_no":"LX-17062821073473306-e","seller_id":"2088421286007493","notify_time":"2017-06-29 10:49:41","body":"\u6c5f\u5e03\u62c9\u514b-\u4e94\u5f69\u6ee9-\u5580\u7eb3\u65af-\u79be\u6728-\u8d5b\u91cc\u6728\u6e56-\u85b0\u8863\u8349\u519c\u573a-\u5580\u62c9\u5cfb-\u90a3\u62c9\u63d0-\u5df4\u97f3\u5e03\u9c81\u514b-\u5410\u9c81\u756a13\u65e5\u6e38","trade_status":"TRADE_SUCCESS","is_total_fee_adjust":"N","total_fee":"5380.00","gmt_payment":"2017-06-29 10:49:41","seller_email":"2287684289@qq.com","price":"5380.00","buyer_id":"2088202561654557","notify_id":"35242185f0dd9c1dab46764c8cb382ek8u","use_coupon":"N","sign_type":"MD5","sign":"1f56e6e09de0283ff07578b9bf46f6e4"}
[2017-06-29 10:49:41][info] 数据存储反馈成功！
[2017-06-29 10:49:41][info] success
[2017-06-29 10:49:41][info] 写入结束!!!
[2017-06-29 11:10:05][info] ----------------------------------------
[2017-06-29 11:10:05][info] {"discount":"0.00","payment_type":"1","trade_no":"2017033021001004180277882285","subject":"\u8d35\u5dde\u5168\u666f\u6e38","buyer_email":"hhjx0911@sina.com","gmt_create":"2017-03-30 11:08:47","notify_type":"trade_status_sync","quantity":"1","out_trade_no":"LX-17032911023874106-d","seller_id":"2088421286007493","notify_time":"2017-06-29 11:10:05","body":"\u79d8\u5883\u8302\u5170-\u8354\u6ce2-\u9ed4\u4e1c\u5357-\u9547\u8fdc-\u897f\u6c5f\u82d7\u5be8-\u9ec4\u679c\u6811\u6df1\u5ea6\u7eaf\u73a9\u4e5d\u65e5\u6e38","trade_status":"TRADE_FINISHED","is_total_fee_adjust":"N","total_fee":"8160.00","gmt_payment":"2017-03-30 11:09:07","seller_email":"2287684289@qq.com","gmt_close":"2017-06-29 11:10:05","price":"8160.00","buyer_id":"2088002626867182","notify_id":"10224f77af9be7179287b9c30782d89he2","use_coupon":"N","sign_type":"MD5","sign":"a93f87e2ad8357609f3b327a9bb93c0d"}
[2017-06-29 11:10:06][info] 数据存储反馈成功！
[2017-06-29 11:10:06][info] success
[2017-06-29 11:10:06][info] 写入结束!!!
[2017-06-29 11:26:03][info] ----------------------------------------
[2017-06-29 11:26:03][info] {"discount":"0.00","payment_type":"1","trade_no":"2017062921001004130290787455","subject":"\u7518\u5357\u5168\u666f","buyer_email":"karen0073@163.com","gmt_create":"2017-06-29 11:25:44","notify_type":"trade_status_sync","quantity":"1","out_trade_no":"LX-17060215224654406-a","seller_id":"2088421286007493","notify_time":"2017-06-29 11:26:03","body":"2017\u5e74\u72ec\u5bb6  \u516b\u89d2\u57ce-\u624e\u5c15\u90a3-\u82b1\u6e56-\u5e74\u5b9d\u7389\u5219-\u82e5\u5c14\u76d6\u8349\u539f-\u963f\u4e07\u4ed3\u6e7f\u5730-\u90ce\u6728\u5bfa 8\u65e5\u6e38","trade_status":"TRADE_SUCCESS","is_total_fee_adjust":"N","total_fee":"3680.00","gmt_payment":"2017-06-29 11:26:03","seller_email":"2287684289@qq.com","price":"3680.00","buyer_id":"2088002592116130","notify_id":"987f6133accf756862226cb14d35a11h06","use_coupon":"N","sign_type":"MD5","sign":"37db14241405996ea00197c2ecfe4528"}
[2017-06-29 11:26:04][info] 数据存储反馈成功！
[2017-06-29 11:26:04][info] success
[2017-06-29 11:26:04][info] 写入结束!!!
[2017-06-29 11:27:55][info] ----------------------------------------
[2017-06-29 11:27:55][info] {"discount":"0.00","payment_type":"1","trade_no":"2017033021001004230225499661","subject":"\u5fbd\u676d\u53e4\u9053","buyer_email":"15967155524","gmt_create":"2017-03-30 11:27:11","notify_type":"trade_status_sync","quantity":"1","out_trade_no":"LX-17033011250740401-d","seller_id":"2088421286007493","notify_time":"2017-06-29 11:27:55","body":"2017\u5168\u5e74\u8ba1\u5212\uff1a\u8f7b\u88c5\u5355\u65e5\u5f92\u6b65\u7a7f\u8d8a\uff0c\u72ec\u5bb6\u7b56\u5212\u2014\u2014\u7528\u201c\u6362\u5ba2\u201d\u884c\u4e3a\u4eb2\u8eab\u4f53\u4f1a\u53e4\u7ecf\u5546\u4e4b\u9053\uff08\u514d\u8d39\u63d0\u4f9b\u767b\u5c71\u6756\uff0c\u7ec4\u7ec7\u6237\u5916\u91ce\u708a\uff09","trade_status":"TRADE_FINISHED","is_total_fee_adjust":"N","total_fee":"190.00","gmt_payment":"2017-03-30 11:27:16","seller_email":"2287684289@qq.com","gmt_close":"2017-06-29 11:27:55","price":"190.00","buyer_id":"2088902291051236","notify_id":"092777091aa86e69a5db76157a55e81hry","use_coupon":"N","sign_type":"MD5","sign":"0dcac1f24905a81d128cd62cae339cb0"}
[2017-06-29 11:27:56][info] 数据存储反馈成功！
[2017-06-29 11:27:56][info] success
[2017-06-29 11:27:56][info] 写入结束!!!
[2017-06-29 13:44:18][info] ----------------------------------------
[2017-06-29 13:44:18][info] {"discount":"0.00","payment_type":"1","trade_no":"2017062921001004320220557037","subject":"\u7518\u5357\u5168\u666f","buyer_email":"13810395676","gmt_create":"2017-06-29 13:44:09","notify_type":"trade_status_sync","quantity":"1","out_trade_no":"LX-17062913302866506-f","seller_id":"2088421286007493","notify_time":"2017-06-29 13:44:18","body":"2017\u5e74\u72ec\u5bb6  \u516b\u89d2\u57ce-\u624e\u5c15\u90a3-\u82b1\u6e56-\u5e74\u5b9d\u7389\u5219-\u82e5\u5c14\u76d6\u8349\u539f-\u963f\u4e07\u4ed3\u6e7f\u5730-\u90ce\u6728\u5bfa 8\u65e5\u6e38","trade_status":"TRADE_SUCCESS","is_total_fee_adjust":"N","total_fee":"1640.00","gmt_payment":"2017-06-29 13:44:18","seller_email":"2287684289@qq.com","price":"1640.00","buyer_id":"2088502239184321","notify_id":"284fc9e91c3442a8a859b8ef0b41fbbigy","use_coupon":"N","sign_type":"MD5","sign":"e90dd19870d6d81236e25fbf81de24fd"}
[2017-06-29 13:44:19][info] 数据存储反馈成功！
[2017-06-29 13:44:19][info] success
[2017-06-29 13:44:19][info] 写入结束!!!
[2017-06-29 14:58:50][info] ----------------------------------------
[2017-06-29 14:58:50][info] {"discount":"0.00","payment_type":"1","trade_no":"2017062921001004760297929001","subject":"\u4e1d\u8def\u5dc5\u5cf0\u4f53\u9a8c\u5341\u65e5\u6e38","buyer_email":"wangyingfenggu@163.com","gmt_create":"2017-06-29 14:58:40","notify_type":"trade_status_sync","quantity":"1","out_trade_no":"LX-17062912373340206-0","seller_id":"2088421286007493","notify_time":"2017-06-29 14:58:49","body":"\u6c99\u5c9b-\u9752\u6d77\u6e56-\u8336\u5361\u76d0\u6e56-\u7941\u8fde-\u5f20\u6396-\u5609\u5cea\u5173-\u6566\u714c\u5341\u65e5\u6e38","trade_status":"TRADE_SUCCESS","is_total_fee_adjust":"N","total_fee":"4180.00","gmt_payment":"2017-06-29 14:58:49","seller_email":"2287684289@qq.com","price":"4180.00","buyer_id":"2088002493324760","notify_id":"9ba179aa351fa664221d98f3b32efd7lv6","use_coupon":"N","sign_type":"MD5","sign":"664062589aca092f65884006c4029ae3"}
[2017-06-29 14:58:50][info] 数据存储反馈成功！
[2017-06-29 14:58:50][info] success
[2017-06-29 14:58:50][info] 写入结束!!!
[2017-06-29 15:30:04][info] ----------------------------------------
[2017-06-29 15:30:04][info] {"discount":"0.00","payment_type":"1","trade_no":"2017062921001004300214475365","subject":"\u65b0\u7586\u5168\u666f","buyer_email":"haojenny@sohu.com","gmt_create":"2017-06-29 15:29:35","notify_type":"trade_status_sync","quantity":"1","out_trade_no":"LX-17062915243348801-2","seller_id":"2088421286007493","notify_time":"2017-06-29 15:30:04","body":"\u6c5f\u5e03\u62c9\u514b-\u4e94\u5f69\u6ee9-\u5580\u7eb3\u65af-\u79be\u6728-\u8d5b\u91cc\u6728\u6e56-\u85b0\u8863\u8349\u519c\u573a-\u5580\u62c9\u5cfb-\u90a3\u62c9\u63d0-\u5df4\u97f3\u5e03\u9c81\u514b-\u5410\u9c81\u756a13\u65e5\u6e38","trade_status":"TRADE_SUCCESS","is_total_fee_adjust":"N","total_fee":"10760.00","gmt_payment":"2017-06-29 15:30:04","seller_email":"2287684289@qq.com","price":"10760.00","buyer_id":"2088002059176305","notify_id":"85ddc2df8a97f574084e074a248778fibe","use_coupon":"N","sign_type":"MD5","sign":"f11c8ea5bfe7b1723f08f9c40346988e"}
[2017-06-29 15:30:04][info] 数据存储反馈成功！
[2017-06-29 15:30:04][info] success
[2017-06-29 15:30:04][info] 写入结束!!!
[2017-06-29 15:42:19][info] ----------------------------------------
[2017-06-29 15:42:19][info] {"discount":"0.00","payment_type":"1","trade_no":"2017062921001004810204855897","subject":"\u4e1d\u8def\u5dc5\u5cf0\u4f53\u9a8c\u5341\u65e5\u6e38","buyer_email":"helen_r_liu@hotmail.com","gmt_create":"2017-06-29 15:42:13","notify_type":"trade_status_sync","quantity":"1","out_trade_no":"LX-17062813205036806-e","seller_id":"2088421286007493","notify_time":"2017-06-29 15:42:19","body":"\u6c99\u5c9b-\u9752\u6d77\u6e56-\u8336\u5361\u76d0\u6e56-\u7941\u8fde-\u5f20\u6396-\u5609\u5cea\u5173-\u6566\u714c\u5341\u65e5\u6e38","trade_status":"TRADE_SUCCESS","is_total_fee_adjust":"N","total_fee":"5270.00","gmt_payment":"2017-06-29 15:42:19","seller_email":"2287684289@qq.com","price":"5270.00","buyer_id":"2088002557821815","notify_id":"8d81f9aceb6650d1b3ad118645417b1m92","use_coupon":"N","sign_type":"MD5","sign":"13eb0e14f7bec5a05bd6ccfdb6c4f3bf"}
[2017-06-29 15:42:19][info] 数据存储反馈成功！
[2017-06-29 15:42:19][info] success
[2017-06-29 15:42:19][info] 写入结束!!!
[2017-06-29 15:43:30][info] ----------------------------------------
[2017-06-29 15:43:30][info] {"discount":"0.00","payment_type":"1","trade_no":"2017062921001004500248393386","subject":"\u4e1d\u7ef8\u4e4b\u8def\u7ecf\u5178\u4e5d\u65e5","buyer_email":"13820588985","gmt_create":"2017-06-29 15:43:00","notify_type":"trade_status_sync","quantity":"1","out_trade_no":"LX-17062412264232006-0","seller_id":"2088421286007493","notify_time":"2017-06-29 15:43:30","body":"\u6c99\u5c9b-\u9752\u6d77\u6e56-\u8336\u5361\u76d0\u6e56-\u5353\u5c14\u5c71-\u5f20\u6396\u4e39\u971e-\u5609\u5cea\u5173-\u6566\u714c9\u65e5\u6e38","trade_status":"TRADE_SUCCESS","is_total_fee_adjust":"N","total_fee":"9540.00","gmt_payment":"2017-06-29 15:43:30","seller_email":"2287684289@qq.com","price":"9540.00","buyer_id":"2088402148237500","notify_id":"e5a7700152ec4bf0a83eb7c184eb2c0juy","use_coupon":"N","sign_type":"MD5","sign":"204b0f41e231a488a75c9236ad0b5098"}
[2017-06-29 15:43:31][info] 数据存储反馈成功！
[2017-06-29 15:43:31][info] success
[2017-06-29 15:43:31][info] 写入结束!!!
[2017-06-29 16:00:34][info] ----------------------------------------
[2017-06-29 16:00:34][info] {"discount":"0.00","payment_type":"1","trade_no":"2017062921001004680299835338","subject":"\u4e1d\u8def\u5dc5\u5cf0\u4f53\u9a8c\u5341\u65e5\u6e38","buyer_email":"ipq321@163.com","gmt_create":"2017-06-29 15:59:05","notify_type":"trade_status_sync","quantity":"1","out_trade_no":"LX-1706202159003206-8","seller_id":"2088421286007493","notify_time":"2017-06-29 16:00:34","body":"\u6c99\u5c9b-\u9752\u6d77\u6e56-\u8336\u5361\u76d0\u6e56-\u7941\u8fde-\u5f20\u6396-\u5609\u5cea\u5173-\u6566\u714c\u5341\u65e5\u6e38","trade_status":"TRADE_SUCCESS","is_total_fee_adjust":"N","total_fee":"8360.00","gmt_payment":"2017-06-29 16:00:34","seller_email":"2287684289@qq.com","price":"8360.00","buyer_id":"2088302762603681","notify_id":"e76014a4e923ee7077629b57675b338l8y","use_coupon":"N","sign_type":"MD5","sign":"478b4d43d46ad6128bbddf0a90ea1104"}
[2017-06-29 16:00:34][info] 数据存储反馈成功！
[2017-06-29 16:00:34][info] success
[2017-06-29 16:00:34][info] 写入结束!!!
[2017-06-29 17:43:23][info] ----------------------------------------
[2017-06-29 17:43:23][info] {"discount":"0.00","payment_type":"1","trade_no":"2017062921001004830299357196","subject":"\u4e1d\u8def\u5dc5\u5cf0\u4f53\u9a8c\u5341\u65e5\u6e38","buyer_email":"18657203092","gmt_create":"2017-06-29 17:42:42","notify_type":"trade_status_sync","quantity":"1","out_trade_no":"LX-17062917052538906-e","seller_id":"2088421286007493","notify_time":"2017-06-29 17:43:23","body":"\u6c99\u5c9b-\u9752\u6d77\u6e56-\u8336\u5361\u76d0\u6e56-\u7941\u8fde-\u5f20\u6396-\u5609\u5cea\u5173-\u6566\u714c\u5341\u65e5\u6e38","trade_status":"TRADE_SUCCESS","is_total_fee_adjust":"N","total_fee":"8560.00","gmt_payment":"2017-06-29 17:43:23","seller_email":"2287684289@qq.com","price":"8560.00","buyer_id":"2088512765233839","notify_id":"773c0c6331ec67111e75604ebeeab66mem","use_coupon":"N","sign_type":"MD5","sign":"b57590bd30fefdb926970af0447246a6"}
[2017-06-29 17:43:24][info] 数据存储反馈成功！
[2017-06-29 17:43:24][info] success
[2017-06-29 17:43:24][info] 写入结束!!!
[2017-06-29 19:03:53][info] ----------------------------------------
[2017-06-29 19:03:53][info] {"discount":"0.00","payment_type":"1","trade_no":"2017033021001004010253056329","subject":"\u96ea\u57df\u6843\u82b1\u6df1\u5ea6\u6e38","buyer_email":"prettyxiaozuo@sina.com","gmt_create":"2017-03-30 19:03:14","notify_type":"trade_status_sync","quantity":"1","out_trade_no":"LX-17031717101251001-7","seller_id":"2088421286007493","notify_time":"2017-06-29 19:03:52","body":"2017\u5e74\u6797\u829d\u6843\u82b1\u6c9f-\u6ce2\u5bc6\u560e\u6717-\u5357\u8fe6\u5df4\u74e6\u5cf0-\u7136\u4e4c\u6e56-\u7c73\u5806\u51b0\u5ddd\u516b\u65e5\u6e38","trade_status":"TRADE_FINISHED","is_total_fee_adjust":"N","total_fee":"3590.00","gmt_payment":"2017-03-30 19:03:31","seller_email":"2287684289@qq.com","gmt_close":"2017-06-29 19:03:52","price":"3590.00","buyer_id":"2088302253873010","notify_id":"1eb724350b59abb0ef17a24a6a0b83ag2u","use_coupon":"N","sign_type":"MD5","sign":"8518a703e036ea5fc238149cf70b712d"}
[2017-06-29 19:03:53][info] 数据存储反馈成功！
[2017-06-29 19:03:53][info] success
[2017-06-29 19:03:53][info] 写入结束!!!
[2017-06-29 20:59:04][info] ----------------------------------------
[2017-06-29 20:59:04][info] {"discount":"0.00","payment_type":"1","trade_no":"2017033021001004970255684034","subject":"\u65e9\u6625\u65b0\u7586","buyer_email":"liangtaifu008@yahoo.com.cn","gmt_create":"2017-03-30 20:57:43","notify_type":"trade_status_sync","quantity":"1","out_trade_no":"LX-17033020395335106-6","seller_id":"2088421286007493","notify_time":"2017-06-29 20:59:04","body":"\u4f0a\u7281\u674f\u82b1\u6c9f-\u7ea2\u5c71\u5927\u5ce1\u8c37-\u8d5b\u91cc\u6728\u6e56-\u5e93\u6728\u5854\u683c\u6c99\u6f208\u65e5\u6df1\u5ea6\u6e38","trade_status":"TRADE_FINISHED","is_total_fee_adjust":"N","total_fee":"3580.00","gmt_payment":"2017-03-30 20:58:24","seller_email":"2287684289@qq.com","gmt_close":"2017-06-29 20:59:04","price":"3580.00","buyer_id":"2088402388910971","notify_id":"7f17e50af04d34123967c94fb50bcf5nhi","use_coupon":"N","sign_type":"MD5","sign":"6e4f4fa33f939c938e86497f4e8c13af"}
[2017-06-29 20:59:04][info] 数据存储反馈成功！
[2017-06-29 20:59:04][info] success
[2017-06-29 20:59:04][info] 写入结束!!!
[2017-06-29 21:52:53][info] ----------------------------------------
[2017-06-29 21:52:53][info] {"discount":"0.00","payment_type":"1","trade_no":"2017062921001004200296650019","subject":"\u4e1d\u7ef8\u4e4b\u8def\u7ecf\u5178\u4e5d\u65e5","buyer_email":"15822191627","gmt_create":"2017-06-29 21:51:35","notify_type":"trade_status_sync","quantity":"1","out_trade_no":"LX-17062414181322006-9","seller_id":"2088421286007493","notify_time":"2017-06-29 21:52:53","body":"\u6c99\u5c9b-\u9752\u6d77\u6e56-\u8336\u5361\u76d0\u6e56-\u5353\u5c14\u5c71-\u5f20\u6396\u4e39\u971e-\u5609\u5cea\u5173-\u6566\u714c9\u65e5\u6e38","trade_status":"TRADE_SUCCESS","is_total_fee_adjust":"N","total_fee":"11340.00","gmt_payment":"2017-06-29 21:52:53","seller_email":"2287684289@qq.com","price":"11340.00","buyer_id":"2088702456260206","notify_id":"f88365a00e38f12f82fbd4b63dad332hjm","use_coupon":"N","sign_type":"MD5","sign":"93961f2b6a2e968bb9a1b79929e3ce32"}
[2017-06-29 21:52:54][info] 数据存储反馈成功！
[2017-06-29 21:52:54][info] success
[2017-06-29 21:52:54][info] 写入结束!!!
[2017-06-29 22:05:56][info] ----------------------------------------
[2017-06-29 22:05:56][info] {"discount":"0.00","payment_type":"1","trade_no":"2017062921001004880234113896","subject":"\u7518\u5357\u5168\u666f","buyer_email":"13951955232","gmt_create":"2017-06-29 22:05:48","notify_type":"trade_status_sync","quantity":"1","out_trade_no":"LX-17062717112355306-9","seller_id":"2088421286007493","notify_time":"2017-06-29 22:05:56","body":"2017\u5e74\u72ec\u5bb6  \u62c9\u535c\u695e\u5bfa-\u624e\u5c15\u90a3-\u82b1\u6e56-\u5e74\u5b9d\u7389\u5219-\u82e5\u5c14\u76d6\u8349\u539f-\u963f\u4e07\u4ed3\u6e7f\u5730-\u5c15\u6d77\u6e56-\u90ce\u6728\u5bfa 8\u65e5\u6e38","trade_status":"TRADE_SUCCESS","is_total_fee_adjust":"N","total_fee":"9480.00","gmt_payment":"2017-06-29 22:05:55","seller_email":"2287684289@qq.com","price":"9480.00","buyer_id":"2088122676300887","notify_id":"4640c59c6373b3983f06522647d4299msi","use_coupon":"N","sign_type":"MD5","sign":"56cf217975bf5aa84a46f27ca907d82c"}
[2017-06-29 22:05:56][info] 数据存储反馈成功！
[2017-06-29 22:05:56][info] success
[2017-06-29 22:05:56][info] 写入结束!!!
