[2017-09-13 10:40:58][info] ----------------------------------------
[2017-09-13 10:40:58][info] {"discount":"0.00","payment_type":"1","trade_no":"2017091321001004680262251550","subject":"\u989d\u6d4e\u7eb3\u6700\u7f8e\u9ad8\u94c1\u56e2","buyer_email":"13430469700","gmt_create":"2017-09-13 10:40:40","notify_type":"trade_status_sync","quantity":"1","out_trade_no":"LX-17091121412845801-f","seller_id":"2088421286007493","notify_time":"2017-09-13 10:40:58","body":"2017\u989d\u6d4e\u7eb3\u65d7\u80e1\u6768\u6797\u516d\u65e5\u6e38-\u9886\u8896\u6237\u5916\u72ec\u5bb6\u9996\u521b","trade_status":"TRADE_SUCCESS","is_total_fee_adjust":"N","total_fee":"5080.00","gmt_payment":"2017-09-13 10:40:58","seller_email":"2287684289@qq.com","price":"5080.00","buyer_id":"2088912981651684","notify_id":"2ee0287568a27479500080d7106967el8y","use_coupon":"N","sign_type":"MD5","sign":"5c92e832562d843181e00e8b760a6ae2"}
[2017-09-13 10:40:58][info] 数据存储反馈成功！
[2017-09-13 10:40:58][info] success
[2017-09-13 10:40:58][info] 写入结束!!!
[2017-09-13 11:27:55][info] ----------------------------------------
[2017-09-13 11:27:55][info] {"discount":"0.00","payment_type":"1","trade_no":"2017061221001004450243305498","subject":"\u65b0\u7586\u5168\u666f","buyer_email":"qyujlomo@sohu.com","gmt_create":"2017-06-12 11:26:47","notify_type":"trade_status_sync","quantity":"1","out_trade_no":"LX-17061211084428401-a","seller_id":"2088421286007493","notify_time":"2017-09-13 11:27:55","body":"\u6c5f\u5e03\u62c9\u514b-\u4e94\u5f69\u6ee9-\u5580\u7eb3\u65af-\u79be\u6728-\u8d5b\u91cc\u6728\u6e56-\u85b0\u8863\u8349\u519c\u573a-\u5580\u62c9\u5cfb-\u90a3\u62c9\u63d0-\u5df4\u97f3\u5e03\u9c81\u514b-\u5410\u9c81\u756a13\u65e5\u6e38","trade_status":"TRADE_FINISHED","is_total_fee_adjust":"N","total_fee":"5380.00","gmt_payment":"2017-06-12 11:26:53","seller_email":"2287684289@qq.com","gmt_close":"2017-09-13 11:27:55","price":"5380.00","buyer_id":"2088002312866459","notify_id":"5f2be20e2a8792d21798f99f9e9e185jh2","use_coupon":"N","sign_type":"MD5","sign":"a437dd6d9442c97c8589173354012b67"}
[2017-09-13 11:27:55][info] 数据存储反馈成功！
[2017-09-13 11:27:55][info] success
[2017-09-13 11:27:55][info] 写入结束!!!
[2017-09-13 11:38:54][info] ----------------------------------------
[2017-09-13 11:38:54][info] {"discount":"0.00","payment_type":"1","trade_no":"2017091321001004340244067522","subject":"\u65b0\u7586\u91d1\u79cb\u5927\u73af\u7ebf","buyer_email":"18910856319","gmt_create":"2017-09-13 11:38:39","notify_type":"trade_status_sync","quantity":"1","out_trade_no":"LX-17082119403550701-3","seller_id":"2088421286007493","notify_time":"2017-09-13 11:38:54","body":"\u5580\u7eb3\u65af-\u79be\u6728-\u767d\u54c8\u5df4-\u8d5b\u91cc\u6728\u6e56-\u5df4\u97f3\u5e03\u9c81\u514b-\u5410\u9c81\u756a-\u5854\u91cc\u6728\u6cb3\u80e1\u6768\u679712\u65e5\u6df1\u5ea6\u6e38","trade_status":"TRADE_SUCCESS","is_total_fee_adjust":"N","total_fee":"2840.00","gmt_payment":"2017-09-13 11:38:54","seller_email":"2287684289@qq.com","price":"2840.00","buyer_id":"2088022768614345","notify_id":"16ae621b08b76beda595b131e1abfddimi","use_coupon":"N","sign_type":"MD5","sign":"a19ba12966a417c3ab73068e9c21c4ca"}
[2017-09-13 11:38:54][info] 数据存储反馈成功！
[2017-09-13 11:38:54][info] success
[2017-09-13 11:38:54][info] 写入结束!!!
[2017-09-13 11:41:43][info] ----------------------------------------
[2017-09-13 11:41:43][info] {"discount":"0.00","payment_type":"1","trade_no":"2017091321001004000254822189","subject":"\u7a3b\u57ce\u91d1\u79cb","buyer_email":"13605385318","gmt_create":"2017-09-13 11:41:24","notify_type":"trade_status_sync","quantity":"1","out_trade_no":"LX-17090809503212201-8","seller_id":"2088421286007493","notify_time":"2017-09-13 11:41:43","body":"\u7a3b\u57ce\u4e9a\u4e01-\u65b0\u90fd\u6865-\u4e39\u5df4-\u4e5d\u65e5\u6df1\u5ea6\u6e38","trade_status":"TRADE_SUCCESS","is_total_fee_adjust":"N","total_fee":"7600.00","gmt_payment":"2017-09-13 11:41:43","seller_email":"2287684289@qq.com","price":"7600.00","buyer_id":"2088522521350007","notify_id":"deeeebe9c7eb5e920021ee382540c69g02","use_coupon":"N","sign_type":"MD5","sign":"da5834cc3b28e12f8ebe24ea7b43e9e1"}
[2017-09-13 11:41:44][info] 数据存储反馈成功！
[2017-09-13 11:41:44][info] success
[2017-09-13 11:41:44][info] 写入结束!!!
[2017-09-13 12:45:32][info] ----------------------------------------
[2017-09-13 12:45:32][info] {"discount":"0.00","payment_type":"1","trade_no":"2017091321001004250239299487","subject":"\u9955\u992e\u8d4f\u79cb","buyer_email":"beryl_nn@sina.com","gmt_create":"2017-09-13 12:45:22","notify_type":"trade_status_sync","quantity":"1","out_trade_no":"LX-17091312343075401-c","seller_id":"2088421286007493","notify_time":"2017-09-13 12:45:32","body":"\u9752\u6d77\u6e56-\u8336\u5361\u76d0\u6e56-\u83ab\u9ad8\u7a9f-\u9e23\u6c99\u5c71-\u6708\u7259\u6cc9-\u5609\u5cea\u5173-\u989d\u6d4e\u7eb3\u80e1\u6768\u6797-\u5353\u5c14\u5c7110\u65e5\u5927\u73af\u7ebf","trade_status":"TRADE_SUCCESS","is_total_fee_adjust":"N","total_fee":"5780.00","gmt_payment":"2017-09-13 12:45:32","seller_email":"2287684289@qq.com","price":"5780.00","buyer_id":"2088002214336256","notify_id":"678a014895fb4a84c7556f8d05281bdhxi","use_coupon":"N","sign_type":"MD5","sign":"e5d21b426bde912e28646a09943c6004"}
[2017-09-13 12:45:32][info] 数据存储反馈成功！
[2017-09-13 12:45:32][info] success
[2017-09-13 12:45:32][info] 写入结束!!!
[2017-09-13 13:46:07][info] ----------------------------------------
[2017-09-13 13:46:07][info] {"discount":"0.00","payment_type":"1","trade_no":"2017091321001004490221614190","subject":"\u5317\u7586\u91d1\u79cb\u7ecf\u5178\u73af\u7ebf","buyer_email":"13066586420","gmt_create":"2017-09-13 13:45:46","notify_type":"trade_status_sync","quantity":"1","out_trade_no":"LX-17082710270916206-a","seller_id":"2088421286007493","notify_time":"2017-09-13 13:46:07","body":"\u5580\u7eb3\u65af-\u767d\u54c8\u5df4-\u79be\u6728-\u4e94\u5f69\u6ee9-\u9b54\u9b3c\u57ce-\u53ef\u53ef\u6258\u6d77 9\u65e5\u6df1\u5ea6\u6e38","trade_status":"TRADE_SUCCESS","is_total_fee_adjust":"N","total_fee":"4880.00","gmt_payment":"2017-09-13 13:46:06","seller_email":"2287684289@qq.com","price":"4880.00","buyer_id":"2088902329705494","notify_id":"b5ca6e5288bef5b2aa5a3e3e267c967js6","use_coupon":"N","sign_type":"MD5","sign":"9fe4fb1309238a778cd0144a23f370ff"}
[2017-09-13 13:46:07][info] 数据存储反馈成功！
[2017-09-13 13:46:07][info] success
[2017-09-13 13:46:07][info] 写入结束!!!
[2017-09-13 14:22:18][info] ----------------------------------------
[2017-09-13 14:22:18][info] {"discount":"0.00","payment_type":"1","trade_no":"2017091321001004770211197909","subject":"\u989d\u6d4e\u7eb3\u4f11\u95f2\u6e38","buyer_email":"yebing936@qq.com","gmt_create":"2017-09-13 14:22:01","notify_type":"trade_status_sync","quantity":"1","out_trade_no":"LX-17091215035685401-f","seller_id":"2088421286007493","notify_time":"2017-09-13 14:22:18","body":"\u989d\u6d4e\u7eb3\u65d7\u80e1\u6768\u6797-\u5609\u5cea\u5173-\u9ed1\u6c34\u57ce-\u602a\u6811\u6797-\u5df4\u4e39\u5409\u6797\u6c99\u6f20-\u5f20\u6396\u4e39\u971e","trade_status":"TRADE_SUCCESS","is_total_fee_adjust":"N","total_fee":"5170.00","gmt_payment":"2017-09-13 14:22:17","seller_email":"2287684289@qq.com","price":"5170.00","buyer_id":"2088202411178778","notify_id":"61760b2105ee677d7832276063e3b23lxy","use_coupon":"N","sign_type":"MD5","sign":"4920356b0ae71d5326544a06fc461b0b"}
[2017-09-13 14:22:18][info] 数据存储反馈成功！
[2017-09-13 14:22:18][info] success
[2017-09-13 14:22:18][info] 写入结束!!!
[2017-09-13 14:37:56][info] ----------------------------------------
[2017-09-13 14:37:56][info] {"discount":"0.00","payment_type":"1","trade_no":"2017061221001004440269009892","subject":"\u8d35\u5dde\u5168\u666f\u6e38","buyer_email":"13852041108","gmt_create":"2017-06-12 14:37:25","notify_type":"trade_status_sync","quantity":"1","out_trade_no":"LX-17060909330571206-8","seller_id":"2088421286007493","notify_time":"2017-09-13 14:37:56","body":"\u79d8\u5883\u8302\u5170-\u8354\u6ce2-\u9ed4\u4e1c\u5357-\u9547\u8fdc-\u897f\u6c5f\u82d7\u5be8-\u9ec4\u679c\u6811\u6df1\u5ea6\u7eaf\u73a9\u4e5d\u65e5\u6e38","trade_status":"TRADE_FINISHED","is_total_fee_adjust":"N","total_fee":"3980.00","gmt_payment":"2017-06-12 14:37:36","seller_email":"2287684289@qq.com","gmt_close":"2017-09-13 14:37:56","price":"3980.00","buyer_id":"2088702047991445","notify_id":"8cfa50da07e2195c9deec0dc958bc1fjea","use_coupon":"N","sign_type":"MD5","sign":"133c14bd2d9cca69ea8f60b908c6860f"}
[2017-09-13 14:37:57][info] 数据存储反馈成功！
[2017-09-13 14:37:57][info] success
[2017-09-13 14:37:57][info] 写入结束!!!
[2017-09-13 14:52:12][info] ----------------------------------------
[2017-09-13 14:52:12][info] {"discount":"0.00","payment_type":"1","trade_no":"2017091321001004980219696142","subject":"\u65b0\u7586\u91d1\u79cb\u5927\u73af\u7ebf","buyer_email":"gongmanbi88@sina.com","gmt_create":"2017-09-13 14:52:02","notify_type":"trade_status_sync","quantity":"1","out_trade_no":"LX-1708051844474706-5","seller_id":"2088421286007493","notify_time":"2017-09-13 14:52:11","body":"\u5580\u7eb3\u65af-\u79be\u6728-\u767d\u54c8\u5df4-\u8d5b\u91cc\u6728\u6e56-\u5df4\u97f3\u5e03\u9c81\u514b-\u5410\u9c81\u756a-\u5854\u91cc\u6728\u6cb3\u80e1\u6768\u679712\u65e5\u6df1\u5ea6\u6e38","trade_status":"TRADE_SUCCESS","is_total_fee_adjust":"N","total_fee":"5580.00","gmt_payment":"2017-09-13 14:52:11","seller_email":"2287684289@qq.com","price":"5580.00","buyer_id":"2088002868830982","notify_id":"b313dc002a310b3041f78dcb73e9d93nka","use_coupon":"N","sign_type":"MD5","sign":"af1fd0b9d31452058dfe2311ca5ac19f"}
[2017-09-13 14:52:12][info] 数据存储反馈成功！
[2017-09-13 14:52:12][info] success
[2017-09-13 14:52:12][info] 写入结束!!!
[2017-09-13 15:06:31][info] ----------------------------------------
[2017-09-13 15:06:31][info] {"discount":"0.00","payment_type":"1","trade_no":"2017091321001004830256369773","subject":"\u85cf\u5730\u5168\u666f","buyer_email":"lq061031@163.com","gmt_create":"2017-09-13 15:06:25","notify_type":"trade_status_sync","quantity":"1","out_trade_no":"LX-17090111091949906-c","seller_id":"2088421286007493","notify_time":"2017-09-13 15:06:31","body":"2017\u5e74\u62c9\u8428-\u73e0\u5cf0-\u7eb3\u6728\u63aa-\u6797\u829d-\u5df4\u677e\u63aa-\u5ce1\u8c37\u79d8\u5883-\u7f8a\u6e56-\u666e\u59c6\u96cd\u63aa-\u65e5\u5580\u521911\u65e5\u6df1\u5ea6\u6e38","trade_status":"TRADE_SUCCESS","is_total_fee_adjust":"N","total_fee":"6800.00","gmt_payment":"2017-09-13 15:06:31","seller_email":"2287684289@qq.com","price":"6800.00","buyer_id":"2088512561640835","notify_id":"434479d2a84ab851b16db536d341a70mem","use_coupon":"N","sign_type":"MD5","sign":"29463eb24d7697136bd94bda17df837c"}
[2017-09-13 15:06:31][info] 数据存储反馈成功！
[2017-09-13 15:06:31][info] success
[2017-09-13 15:06:31][info] 写入结束!!!
[2017-09-13 17:07:46][info] ----------------------------------------
[2017-09-13 17:07:46][info] {"discount":"0.00","payment_type":"1","trade_no":"2017091321001004010226524853","subject":"\u989d\u6d4e\u7eb3\u5168\u666f","buyer_email":"13816870918","gmt_create":"2017-09-13 17:07:31","notify_type":"trade_status_sync","quantity":"1","out_trade_no":"LX-17091316394977006-8","seller_id":"2088421286007493","notify_time":"2017-09-13 17:07:46","body":"\u989d\u6d4e\u7eb3\u80e1\u6768\u6797-\u6566\u714c\u5168\u666f-\u5df4\u4e39\u5409\u6797-\u5f20\u6396\u4e39\u971e-\u5609\u5cea\u5173-\u91d1\u5854\u80e1\u6768\u6797-\u52a8\u8f668\u65e5","trade_status":"TRADE_SUCCESS","is_total_fee_adjust":"N","total_fee":"8000.00","gmt_payment":"2017-09-13 17:07:46","seller_email":"2287684289@qq.com","price":"8000.00","buyer_id":"2088222848283012","notify_id":"3acf96cce12e69af5b00b693b225e90g2u","use_coupon":"N","sign_type":"MD5","sign":"a303e836ff7d6efe227e237f82a4cc3b"}
[2017-09-13 17:07:46][info] 数据存储反馈成功！
[2017-09-13 17:07:46][info] success
[2017-09-13 17:07:46][info] 写入结束!!!
[2017-09-13 18:43:35][info] ----------------------------------------
[2017-09-13 18:43:35][info] {"discount":"0.00","payment_type":"1","trade_no":"2017091321001004720236529039","subject":"\u8eba\u7740\u53bb\u8d4f\u79cb","buyer_email":"15902964785","gmt_create":"2017-09-13 18:43:23","notify_type":"trade_status_sync","quantity":"1","out_trade_no":"LX-17091312235374701-0","seller_id":"2088421286007493","notify_time":"2017-09-13 18:43:35","body":"2017\u5e74\u989d\u6d4e\u7eb3\u65d7\u80e1\u6768\u67976\u65e5 \u897f\u5b89\u51fa\u53d1 \u53cc\u5367\u706b\u8f66\u56e2","trade_status":"TRADE_SUCCESS","is_total_fee_adjust":"N","total_fee":"7380.00","gmt_payment":"2017-09-13 18:43:35","seller_email":"2287684289@qq.com","price":"7380.00","buyer_id":"2088202429695722","notify_id":"c8a394bc59ab11c4f3fbfff215dd278lk2","use_coupon":"N","sign_type":"MD5","sign":"46a293f7c61ea7f990f4116dd88ab05a"}
[2017-09-13 18:43:36][info] 数据存储反馈成功！
[2017-09-13 18:43:36][info] success
[2017-09-13 18:43:36][info] 写入结束!!!
