[2017-10-10 07:22:08][info] ----------------------------------------
[2017-10-10 07:22:08][info] {"discount":"0.00","payment_type":"1","trade_no":"2017070921001004770276281336","subject":"\u7518\u5357\u5168\u666f","buyer_email":"550814279@qq.com","gmt_create":"2017-07-09 07:21:09","notify_type":"trade_status_sync","quantity":"1","out_trade_no":"LX-17070807422986006-6","seller_id":"2088421286007493","notify_time":"2017-10-10 07:22:08","body":"2017\u5e74\u72ec\u5bb6  \u62c9\u535c\u695e\u5bfa-\u624e\u5c15\u90a3-\u82b1\u6e56-\u5e74\u5b9d\u7389\u5219-\u82e5\u5c14\u76d6\u8349\u539f-\u963f\u4e07\u4ed3\u6e7f\u5730-\u5c15\u6d77\u6e56-\u90ce\u6728\u5bfa 8\u65e5\u6e38","trade_status":"TRADE_FINISHED","is_total_fee_adjust":"N","total_fee":"3230.00","gmt_payment":"2017-07-09 07:21:48","seller_email":"2287684289@qq.com","gmt_close":"2017-10-10 07:22:07","price":"3230.00","buyer_id":"2088902269352770","notify_id":"7c30d6e10e178cecf475b67970a3298lxy","use_coupon":"N","sign_type":"MD5","sign":"638a05fffeeefec71c1e8f189884e29a"}
[2017-10-10 07:22:08][info] 数据存储反馈成功！
[2017-10-10 07:22:08][info] success
[2017-10-10 07:22:08][info] 写入结束!!!
[2017-10-10 08:40:02][info] ----------------------------------------
[2017-10-10 08:40:02][info] {"discount":"0.00","payment_type":"1","trade_no":"2017070921001004510221414843","subject":"\u7518\u5357\u5168\u666f","buyer_email":"13815174978","gmt_create":"2017-07-09 08:39:29","notify_type":"trade_status_sync","quantity":"1","out_trade_no":"LX-17070422143039906-a","seller_id":"2088421286007493","notify_time":"2017-10-10 08:40:02","body":"2017\u5e74\u72ec\u5bb6  \u62c9\u535c\u695e\u5bfa-\u624e\u5c15\u90a3-\u82b1\u6e56-\u5e74\u5b9d\u7389\u5219-\u82e5\u5c14\u76d6\u8349\u539f-\u963f\u4e07\u4ed3\u6e7f\u5730-\u5c15\u6d77\u6e56-\u90ce\u6728\u5bfa 8\u65e5\u6e38","trade_status":"TRADE_FINISHED","is_total_fee_adjust":"N","total_fee":"3230.00","gmt_payment":"2017-07-09 08:39:41","seller_email":"2287684289@qq.com","gmt_close":"2017-10-10 08:40:01","price":"3230.00","buyer_id":"2088012737960519","notify_id":"5f1c4f8314b1be62bc1efb404f6e033jxq","use_coupon":"N","sign_type":"MD5","sign":"90e39fbb41d4b1c13a1737a5f0322924"}
[2017-10-10 08:40:02][info] 数据存储反馈成功！
[2017-10-10 08:40:02][info] success
[2017-10-10 08:40:02][info] 写入结束!!!
[2017-10-10 08:43:02][info] ----------------------------------------
[2017-10-10 08:43:02][info] {"discount":"0.00","payment_type":"1","trade_no":"2017070921001004510221401789","subject":"\u7518\u5357\u5168\u666f","buyer_email":"13815174978","gmt_create":"2017-07-09 08:42:16","notify_type":"trade_status_sync","quantity":"1","out_trade_no":"LX-17062317053353406-5","seller_id":"2088421286007493","notify_time":"2017-10-10 08:43:02","body":"2017\u5e74\u72ec\u5bb6  \u62c9\u535c\u695e\u5bfa-\u624e\u5c15\u90a3-\u82b1\u6e56-\u5e74\u5b9d\u7389\u5219-\u82e5\u5c14\u76d6\u8349\u539f-\u963f\u4e07\u4ed3\u6e7f\u5730-\u5c15\u6d77\u6e56-\u90ce\u6728\u5bfa 8\u65e5\u6e38","trade_status":"TRADE_FINISHED","is_total_fee_adjust":"N","total_fee":"3180.00","gmt_payment":"2017-07-09 08:42:53","seller_email":"2287684289@qq.com","gmt_close":"2017-10-10 08:43:02","price":"3180.00","buyer_id":"2088012737960519","notify_id":"e396053a6b79b3e9fa5ffe7d254e198jxq","use_coupon":"N","sign_type":"MD5","sign":"a8e38e5934f2e250e828f500377b79d2"}
[2017-10-10 08:43:02][info] 数据存储反馈成功！
[2017-10-10 08:43:02][info] success
[2017-10-10 08:43:02][info] 写入结束!!!
[2017-10-10 09:45:58][info] ----------------------------------------
[2017-10-10 09:45:58][info] {"discount":"0.00","payment_type":"1","trade_no":"2017070921001004470223224365","subject":"\u65b0\u7586\u5168\u666f","buyer_email":"13802958855","gmt_create":"2017-07-09 09:41:04","notify_type":"trade_status_sync","quantity":"1","out_trade_no":"LX-17061217383252201-1","seller_id":"2088421286007493","notify_time":"2017-10-10 09:45:58","body":"\u6c5f\u5e03\u62c9\u514b-\u4e94\u5f69\u6ee9-\u5580\u7eb3\u65af-\u79be\u6728-\u8d5b\u91cc\u6728\u6e56-\u85b0\u8863\u8349\u519c\u573a-\u5580\u62c9\u5cfb-\u90a3\u62c9\u63d0-\u5df4\u97f3\u5e03\u9c81\u514b-\u5410\u9c81\u756a13\u65e5\u6e38","trade_status":"TRADE_FINISHED","is_total_fee_adjust":"N","total_fee":"7950.00","gmt_payment":"2017-07-09 09:45:25","seller_email":"2287684289@qq.com","gmt_close":"2017-10-10 09:45:58","price":"7950.00","buyer_id":"2088902309394474","notify_id":"b6d6a822eaa820506d5c3440df8f7d0jmm","use_coupon":"N","sign_type":"MD5","sign":"1f3a47c934c531c4c7ebdaea6496943d"}
[2017-10-10 09:45:58][info] 数据存储反馈成功！
[2017-10-10 09:45:58][info] success
[2017-10-10 09:45:58][info] 写入结束!!!
[2017-10-10 10:13:02][info] ----------------------------------------
[2017-10-10 10:13:02][info] {"discount":"0.00","payment_type":"1","trade_no":"2017101021001004470548446424","subject":"\u5357\u7586\u5370\u8c61","buyer_email":"13102275898","gmt_create":"2017-10-10 10:12:51","notify_type":"trade_status_sync","quantity":"1","out_trade_no":"LX-17100413390874606-c","seller_id":"2088421286007493","notify_time":"2017-10-10 10:13:02","body":"\u8f6e\u53f0\u5854\u91cc\u6728\u80e1\u6768\u6797-\u514b\u5b5c\u5c14\u5343\u4f5b\u6d1e-\u5929\u5c71\u5927\u5ce1\u8c37-\u5580\u4ec0-\u548c\u7530-\u6155\u58eb\u5854\u683c-\u5854\u514b\u62c9\u739b\u5e72\u6c99\u6f2012\u65e5\u4eba\u6587\u98ce\u5149\u6df1\u5ea6\u6e38","trade_status":"TRADE_SUCCESS","is_total_fee_adjust":"N","total_fee":"2490.00","gmt_payment":"2017-10-10 10:13:02","seller_email":"2287684289@qq.com","price":"2490.00","buyer_id":"2088602988755471","notify_id":"d61040d3443d50865d22c8cc9b2de17jmp","use_coupon":"N","sign_type":"MD5","sign":"04d03fb0a9861fc9fe3bd8a0470b16d1"}
[2017-10-10 10:13:02][info] 数据存储反馈成功！
[2017-10-10 10:13:02][info] success
[2017-10-10 10:13:02][info] 写入结束!!!
[2017-10-10 10:25:34][info] ----------------------------------------
[2017-10-10 10:25:34][info] {"discount":"0.00","payment_type":"1","trade_no":"2017101021001004420544388716","subject":"\u989d\u6d4e\u7eb3\u4f11\u95f2\u6e38","buyer_email":"13115305998","gmt_create":"2017-10-10 10:24:22","notify_type":"trade_status_sync","quantity":"1","out_trade_no":"LX-17100920444783106-8","seller_id":"2088421286007493","notify_time":"2017-10-10 10:25:34","body":"\u989d\u6d4e\u7eb3\u65d7\u80e1\u6768\u6797-\u5609\u5cea\u5173-\u9ed1\u6c34\u57ce-\u602a\u6811\u6797-\u5df4\u4e39\u5409\u6797\u6c99\u6f20-\u5f20\u6396\u4e39\u971e","trade_status":"TRADE_SUCCESS","is_total_fee_adjust":"N","total_fee":"4760.00","gmt_payment":"2017-10-10 10:25:33","seller_email":"2287684289@qq.com","price":"4760.00","buyer_id":"2088012044252422","notify_id":"fb4c3363ff7d82a45afec0c934509aaj8t","use_coupon":"N","sign_type":"MD5","sign":"365401735cdd9d87e19e099fd99fc167"}
[2017-10-10 10:25:34][info] 数据存储反馈成功！
[2017-10-10 10:25:34][info] success
[2017-10-10 10:25:34][info] 写入结束!!!
[2017-10-10 11:33:24][info] ----------------------------------------
[2017-10-10 11:33:24][info] {"discount":"0.00","payment_type":"1","trade_no":"2017101021001004420544574150","subject":"\u989d\u6d4e\u7eb3\u6700\u7f8e\u9ad8\u94c1\u56e2","buyer_email":"hxmhuyujia@163.com","gmt_create":"2017-10-10 11:33:12","notify_type":"trade_status_sync","quantity":"1","out_trade_no":"LX-17101011224929006-5","seller_id":"2088421286007493","notify_time":"2017-10-10 11:33:24","body":"2017\u989d\u6d4e\u7eb3\u65d7\u80e1\u6768\u6797\u516d\u65e5\u6e38-\u9886\u8896\u6237\u5916\u72ec\u5bb6\u9996\u521b","trade_status":"TRADE_SUCCESS","is_total_fee_adjust":"N","total_fee":"5800.00","gmt_payment":"2017-10-10 11:33:24","seller_email":"2287684289@qq.com","price":"5800.00","buyer_id":"2088302042046421","notify_id":"33e23181000b352360b0a36d54aa7f9j8t","use_coupon":"N","sign_type":"MD5","sign":"2260f119fec20a0e03438d4195f37633"}
[2017-10-10 11:33:24][info] 数据存储反馈成功！
[2017-10-10 11:33:24][info] success
[2017-10-10 11:33:24][info] 写入结束!!!
[2017-10-10 11:47:01][info] ----------------------------------------
[2017-10-10 11:47:01][info] {"discount":"0.00","payment_type":"1","trade_no":"2017070921001004460219088056","subject":"\u65b0\u7586\u5168\u666f","buyer_email":"303302506@qq.com","gmt_create":"2017-07-09 11:43:39","notify_type":"trade_status_sync","quantity":"1","out_trade_no":"LX-17070510430319106-e","seller_id":"2088421286007493","notify_time":"2017-10-10 11:47:01","body":"\u6c5f\u5e03\u62c9\u514b-\u4e94\u5f69\u6ee9-\u5580\u7eb3\u65af-\u79be\u6728-\u8d5b\u91cc\u6728\u6e56-\u85b0\u8863\u8349\u519c\u573a-\u5580\u62c9\u5cfb-\u90a3\u62c9\u63d0-\u5df4\u97f3\u5e03\u9c81\u514b-\u5410\u9c81\u756a13\u65e5\u6e38","trade_status":"TRADE_FINISHED","is_total_fee_adjust":"N","total_fee":"8070.00","gmt_payment":"2017-07-09 11:46:07","seller_email":"2287684289@qq.com","gmt_close":"2017-10-10 11:47:01","price":"8070.00","buyer_id":"2088002479678461","notify_id":"dbb6beaba11b86c0006a1f3374f8862jju","use_coupon":"N","sign_type":"MD5","sign":"8599838e38752ec191538aa71686a870"}
[2017-10-10 11:47:01][info] 数据存储反馈成功！
[2017-10-10 11:47:01][info] success
[2017-10-10 11:47:01][info] 写入结束!!!
[2017-10-10 11:52:18][info] ----------------------------------------
[2017-10-10 11:52:18][info] {"discount":"0.00","payment_type":"1","trade_no":"2017070921001004540241503236","subject":"\u8d35\u5dde\u5168\u666f\u6e38","buyer_email":"13572500358","gmt_create":"2017-07-09 11:49:41","notify_type":"trade_status_sync","quantity":"1","out_trade_no":"LX-17070911110628406-7","seller_id":"2088421286007493","notify_time":"2017-10-10 11:52:18","body":"\u79d8\u5883\u8302\u5170-\u8354\u6ce2-\u9ed4\u4e1c\u5357-\u9547\u8fdc-\u897f\u6c5f\u82d7\u5be8-\u9ec4\u679c\u6811\u6df1\u5ea6\u7eaf\u73a9\u4e5d\u65e5\u6e38","trade_status":"TRADE_FINISHED","is_total_fee_adjust":"N","total_fee":"7760.00","gmt_payment":"2017-07-09 11:51:34","seller_email":"2287684289@qq.com","gmt_close":"2017-10-10 11:52:18","price":"7760.00","buyer_id":"2088802669283549","notify_id":"d775b31bbeecdde9a5d01976dfd140ak62","use_coupon":"N","sign_type":"MD5","sign":"bb1bcc2274841602e85dc979fd1db2e4"}
[2017-10-10 11:52:18][info] 数据存储反馈成功！
[2017-10-10 11:52:18][info] success
[2017-10-10 11:52:18][info] 写入结束!!!
[2017-10-10 14:25:36][info] ----------------------------------------
[2017-10-10 14:25:36][info] {"discount":"0.00","payment_type":"1","trade_no":"2017101021001004610292626316","subject":"\u5357\u7586\u5370\u8c61","buyer_email":"523009908@qq.com","gmt_create":"2017-10-10 14:25:27","notify_type":"trade_status_sync","quantity":"1","out_trade_no":"LX-17092620151741206-8","seller_id":"2088421286007493","notify_time":"2017-10-10 14:25:36","body":"\u8f6e\u53f0\u5854\u91cc\u6728\u80e1\u6768\u6797-\u514b\u5b5c\u5c14\u5343\u4f5b\u6d1e-\u5929\u5c71\u5927\u5ce1\u8c37-\u5580\u4ec0-\u548c\u7530-\u6155\u58eb\u5854\u683c-\u5854\u514b\u62c9\u739b\u5e72\u6c99\u6f2012\u65e5\u4eba\u6587\u98ce\u5149\u6df1\u5ea6\u6e38","trade_status":"TRADE_SUCCESS","is_total_fee_adjust":"N","total_fee":"4980.00","gmt_payment":"2017-10-10 14:25:35","seller_email":"2287684289@qq.com","price":"4980.00","buyer_id":"2088502989202610","notify_id":"a48d354e7f1cb33c1e6e9adfcc0e6c8kpi","use_coupon":"N","sign_type":"MD5","sign":"fb155900232864bcbd2fb922b32e04ef"}
[2017-10-10 14:25:36][info] 数据存储反馈成功！
[2017-10-10 14:25:36][info] success
[2017-10-10 14:25:36][info] 写入结束!!!
[2017-10-10 15:28:59][info] ----------------------------------------
[2017-10-10 15:28:59][info] {"discount":"0.00","payment_type":"1","trade_no":"2017070921001004480211626274","subject":"\u4e1d\u8def\u5dc5\u5cf0\u4f53\u9a8c\u5341\u65e5\u6e38","buyer_email":"13680363601","gmt_create":"2017-07-09 15:27:22","notify_type":"trade_status_sync","quantity":"1","out_trade_no":"LX-17063016573299101-c","seller_id":"2088421286007493","notify_time":"2017-10-10 15:28:59","body":"\u6c99\u5c9b-\u9752\u6d77\u6e56-\u8336\u5361\u76d0\u6e56-\u7941\u8fde-\u5f20\u6396-\u5609\u5cea\u5173-\u6566\u714c\u5341\u65e5\u6e38","trade_status":"TRADE_FINISHED","is_total_fee_adjust":"N","total_fee":"7144.00","gmt_payment":"2017-07-09 15:28:29","seller_email":"2287684289@qq.com","gmt_close":"2017-10-10 15:28:58","price":"7144.00","buyer_id":"2088902238208486","notify_id":"88dca5b2c7ea490c8cce6e631a49ddcjpe","use_coupon":"N","sign_type":"MD5","sign":"efcd2a403435039ba69f72d75a545349"}
[2017-10-10 15:28:59][info] 数据存储反馈成功！
[2017-10-10 15:28:59][info] success
[2017-10-10 15:28:59][info] 写入结束!!!
[2017-10-10 15:31:41][info] ----------------------------------------
[2017-10-10 15:31:41][info] {"discount":"0.00","payment_type":"1","trade_no":"2017101021001004760211426541","subject":"\u989d\u6d4e\u7eb3\u6700\u7f8e\u9ad8\u94c1\u56e2","buyer_email":"13609010905","gmt_create":"2017-10-10 15:31:13","notify_type":"trade_status_sync","quantity":"1","out_trade_no":"LX-17101013331852401-7","seller_id":"2088421286007493","notify_time":"2017-10-10 15:31:41","body":"2017\u989d\u6d4e\u7eb3\u65d7\u80e1\u6768\u6797\u516d\u65e5\u6e38-\u9886\u8896\u6237\u5916\u72ec\u5bb6\u9996\u521b","trade_status":"TRADE_SUCCESS","is_total_fee_adjust":"N","total_fee":"5800.00","gmt_payment":"2017-10-10 15:31:41","seller_email":"2287684289@qq.com","price":"5800.00","buyer_id":"2088302004036763","notify_id":"ddd8883dfbbfdfb20f0230f7d8ea224lv6","use_coupon":"N","sign_type":"MD5","sign":"2f2dd5ea27fe75ee4db8fa0ec1ba1c7e"}
[2017-10-10 15:31:41][info] 数据存储反馈成功！
[2017-10-10 15:31:41][info] success
[2017-10-10 15:31:41][info] 写入结束!!!
[2017-10-10 17:50:52][info] ----------------------------------------
[2017-10-10 17:50:52][info] {"discount":"0.00","payment_type":"1","trade_no":"2017070921001004820254933489","subject":"\u5580\u7eb3\u65af\u4e4b\u590f","buyer_email":"13501662636","gmt_create":"2017-07-09 17:49:48","notify_type":"trade_status_sync","quantity":"1","out_trade_no":"LX-17070509592921201-7","seller_id":"2088421286007493","notify_time":"2017-10-10 17:50:52","body":"2017\u5e747\uff5e8\u6708 \u5929\u6c60-\u5410\u9c81\u756a-\u9b54\u9b3c\u57ce-\u79be\u6728-\u5580\u7eb3\u65af-\u767d\u54c8\u5df4-\u4e94\u5f69\u6ee9\u6df1\u5ea6\u4e5d\u65e5\u6e38","trade_status":"TRADE_FINISHED","is_total_fee_adjust":"N","total_fee":"9160.00","gmt_payment":"2017-07-09 17:49:56","seller_email":"2287684289@qq.com","gmt_close":"2017-10-10 17:50:52","price":"9160.00","buyer_id":"2088102574260829","notify_id":"b2e646a250dedcb7e1f3cad02c50ab1mbu","use_coupon":"N","sign_type":"MD5","sign":"f44a3dcd2807f9fec2b4c109822acedf"}
[2017-10-10 17:50:52][info] 数据存储反馈成功！
[2017-10-10 17:50:52][info] success
[2017-10-10 17:50:52][info] 写入结束!!!
[2017-10-10 18:50:01][info] ----------------------------------------
[2017-10-10 18:50:01][info] {"discount":"0.00","payment_type":"1","trade_no":"2017070921001004270218808793","subject":"\u4e1d\u7ef8\u4e4b\u8def\u5168\u666f\u6e389\u65e5","buyer_email":"aaaying@eyou.com","gmt_create":"2017-07-09 18:49:09","notify_type":"trade_status_sync","quantity":"1","out_trade_no":"LX-17070911170331606-6","seller_id":"2088421286007493","notify_time":"2017-10-10 18:50:01","body":"\u72ec\u5bb6\u6c34\u4e0a\u9b54\u9b3c\u57ce-\u65e0\u4eba\u533a\u539f\u751f\u6001\u96c5\u4e39\u63a2\u79d8-\u9752\u6d77\u6e56-\u8336\u5361\u76d0\u6e56-\u83ab\u9ad8\u7a9f-\u9e23\u6c99\u5c71\u6708\u7259\u6cc9-\u5f20\u6396\u4e39\u971e-\u5353\u5c14\u5c719\u65e5\u6e38","trade_status":"TRADE_FINISHED","is_total_fee_adjust":"N","total_fee":"3780.00","gmt_payment":"2017-07-09 18:49:19","seller_email":"2287684289@qq.com","gmt_close":"2017-10-10 18:50:00","price":"3780.00","buyer_id":"2088002001934270","notify_id":"78fb6173c996a2b22afd619d5670cb9i32","use_coupon":"N","sign_type":"MD5","sign":"36cea01df8a91038eca59a3570e81f15"}
[2017-10-10 18:50:01][info] 数据存储反馈成功！
[2017-10-10 18:50:01][info] success
[2017-10-10 18:50:01][info] 写入结束!!!
[2017-10-10 19:40:54][info] ----------------------------------------
[2017-10-10 19:40:54][info] {"discount":"0.00","payment_type":"1","trade_no":"2017101021001004160218443802","subject":"\u5927\u7f8e\u5ddd\u85cf","buyer_email":"312233310@qq.com","gmt_create":"2017-10-10 19:40:31","notify_type":"trade_status_sync","quantity":"1","out_trade_no":"LX-17080914331378206-0","seller_id":"2088421286007493","notify_time":"2017-10-10 19:40:53","body":"2017\u4ece\u4f60\u7684\u5168\u4e16\u754c\u8def\u8fc7 \u2014 \u5ddd\u85cf\u5357\u7ebf+\u6ec7\u85cf\u7ebf+\u7a3b\u57ce\u4e9a\u4e01+\u6885\u91cc\u96ea\u5c71+\u6765\u53e4\u675111\u65e5\u6e38","trade_status":"TRADE_SUCCESS","is_total_fee_adjust":"N","total_fee":"6200.00","gmt_payment":"2017-10-10 19:40:53","seller_email":"2287684289@qq.com","price":"6200.00","buyer_id":"2088102865430160","notify_id":"da42d6ebafac8ba29aefa0e4f7f9167h8i","use_coupon":"N","sign_type":"MD5","sign":"f20e037139faa6ee46c7084651f393e9"}
[2017-10-10 19:40:54][info] 数据存储反馈成功！
[2017-10-10 19:40:54][info] success
[2017-10-10 19:40:54][info] 写入结束!!!
[2017-10-10 20:42:52][info] ----------------------------------------
[2017-10-10 20:42:52][info] {"discount":"0.00","payment_type":"1","trade_no":"2017070921001004210202241136","subject":"\u575d\u4e0a\u4f11\u95f2A\u7ebf","buyer_email":"21571688@qq.com","gmt_create":"2017-07-09 20:42:23","notify_type":"trade_status_sync","quantity":"1","out_trade_no":"LX-17070420285636601-7","seller_id":"2088421286007493","notify_time":"2017-10-10 20:42:52","body":"2017\u5168\u5e74\u8ba1\u5212\uff1a\u7b56\u9a6c\u3001\u8d8a\u91ce\u4e4c\u5170\u5e03\u7edf\u575d\u4e0a\u8349\u539f\u3001\u767b\u91d1\u5c71\u5cad\u957f\u57ce\/\u6155\u7530\u5cea\u957f\u57ce 6\u65e5\u4f11\u95f2\u6e38\uff08\u91d1\u724c\u8def\u7ebf\uff09","trade_status":"TRADE_FINISHED","is_total_fee_adjust":"N","total_fee":"12220.00","gmt_payment":"2017-07-09 20:42:35","seller_email":"2287684289@qq.com","gmt_close":"2017-10-10 20:42:51","price":"12220.00","buyer_id":"2088002565982216","notify_id":"cdbbd000b1102167143ac9764dc1deahme","use_coupon":"N","sign_type":"MD5","sign":"dc4db2fba7d448f6cbdaa31baf1f801c"}
[2017-10-10 20:42:52][info] 数据存储反馈成功！
[2017-10-10 20:42:52][info] success
[2017-10-10 20:42:52][info] 写入结束!!!
[2017-10-10 20:52:52][info] ----------------------------------------
[2017-10-10 20:52:52][info] {"discount":"0.00","payment_type":"1","trade_no":"2017070921001004610299226430","subject":"\u65b0\u7586\u5168\u666f","buyer_email":"yutian0518@126.com","gmt_create":"2017-07-09 20:52:22","notify_type":"trade_status_sync","quantity":"1","out_trade_no":"LX-17051514555377601-e","seller_id":"2088421286007493","notify_time":"2017-10-10 20:52:52","body":"\u6c5f\u5e03\u62c9\u514b-\u4e94\u5f69\u6ee9-\u5580\u7eb3\u65af-\u79be\u6728-\u8d5b\u91cc\u6728\u6e56-\u85b0\u8863\u8349\u519c\u573a-\u5580\u62c9\u5cfb-\u90a3\u62c9\u63d0-\u5df4\u97f3\u5e03\u9c81\u514b-\u5410\u9c81\u756a13\u65e5\u6e38","trade_status":"TRADE_FINISHED","is_total_fee_adjust":"N","total_fee":"5280.00","gmt_payment":"2017-07-09 20:52:28","seller_email":"2287684289@qq.com","gmt_close":"2017-10-10 20:52:52","price":"5280.00","buyer_id":"2088002357599613","notify_id":"d865794a3ed892b44e1734649271339kpi","use_coupon":"N","sign_type":"MD5","sign":"87f8ed33c4de0e7ef3a7f4562de68982"}
[2017-10-10 20:52:52][info] 数据存储反馈成功！
[2017-10-10 20:52:52][info] success
[2017-10-10 20:52:52][info] 写入结束!!!
