[2017-10-04 00:45:32][info] ----------------------------------------
[2017-10-04 00:45:32][info] {"discount":"0.00","payment_type":"1","trade_no":"2017100421001004070224431738","subject":"\u989d\u6d4e\u7eb3\u5168\u666f","buyer_email":"doorbelll@163.com","gmt_create":"2017-10-04 00:45:08","notify_type":"trade_status_sync","quantity":"1","out_trade_no":"LX-1709141056378601-e","seller_id":"2088421286007493","notify_time":"2017-10-04 00:45:32","body":"\u989d\u6d4e\u7eb3\u80e1\u6768\u6797-\u6566\u714c\u5168\u666f-\u5df4\u4e39\u5409\u6797-\u5f20\u6396\u4e39\u971e-\u5609\u5cea\u5173-\u91d1\u5854\u80e1\u6768\u6797-\u52a8\u8f668\u65e5","trade_status":"TRADE_SUCCESS","is_total_fee_adjust":"N","total_fee":"4100.00","gmt_payment":"2017-10-04 00:45:32","seller_email":"2287684289@qq.com","price":"4100.00","buyer_id":"2088002090405075","notify_id":"0ed11b231e3e2284245ae2a593214cagji","use_coupon":"N","sign_type":"MD5","sign":"0f35cae7e9d53b745985d674631fc9ee"}
[2017-10-04 00:45:32][info] 数据存储反馈成功！
[2017-10-04 00:45:32][info] success
[2017-10-04 00:45:32][info] 写入结束!!!
[2017-10-04 08:00:50][info] ----------------------------------------
[2017-10-04 08:00:50][info] {"discount":"0.00","payment_type":"1","trade_no":"2017100421001004220530704660","subject":"\u989d\u6d4e\u7eb3\u4f11\u95f2\u6e38","buyer_email":"15910877095","gmt_create":"2017-10-04 08:00:42","notify_type":"trade_status_sync","quantity":"1","out_trade_no":"LX-17090415380690806-e","seller_id":"2088421286007493","notify_time":"2017-10-04 08:00:49","body":"\u989d\u6d4e\u7eb3\u65d7\u80e1\u6768\u6797-\u5609\u5cea\u5173-\u9ed1\u6c34\u57ce-\u602a\u6811\u6797-\u5df4\u4e39\u5409\u6797\u6c99\u6f20-\u5f20\u6396\u4e39\u971e","trade_status":"TRADE_SUCCESS","is_total_fee_adjust":"N","total_fee":"1390.00","gmt_payment":"2017-10-04 08:00:49","seller_email":"2287684289@qq.com","price":"1390.00","buyer_id":"2088702295073223","notify_id":"d87ed45a04a9583a8c82dafcd452a20hp9","use_coupon":"N","sign_type":"MD5","sign":"330f28df7dea8f7c4985813d65d65c2d"}
[2017-10-04 08:00:50][info] 数据存储反馈成功！
[2017-10-04 08:00:50][info] success
[2017-10-04 08:00:50][info] 写入结束!!!
[2017-10-04 09:24:53][info] ----------------------------------------
[2017-10-04 09:24:53][info] {"discount":"0.00","payment_type":"1","trade_no":"2017070321001004630284090971","subject":"\u4e1d\u7ef8\u4e4b\u8def\u7cbe\u534e\u4e03\u65e5\u6e38","buyer_email":"15327140865","gmt_create":"2017-07-03 09:23:24","notify_type":"trade_status_sync","quantity":"1","out_trade_no":"LX-17070219270976306-6","seller_id":"2088421286007493","notify_time":"2017-10-04 09:24:53","body":"2017\u5e74\u9752\u6d77\u6e56-\u8336\u5361\u76d0\u6e56-\u6566\u714c-\u5609\u5cea\u5173-\u5f20\u6396\u4e39\u971e\u4e03\u65e5\u6e38","trade_status":"TRADE_FINISHED","is_total_fee_adjust":"N","total_fee":"10120.00","gmt_payment":"2017-07-03 09:24:09","seller_email":"2287684289@qq.com","gmt_close":"2017-10-04 09:24:53","price":"10120.00","buyer_id":"2088802206244631","notify_id":"c4e2f2182bdc63b4239414a53b6abbekv2","use_coupon":"N","sign_type":"MD5","sign":"69b41f657a5741a397d34c2647267a7b"}
[2017-10-04 09:24:53][info] 数据存储反馈成功！
[2017-10-04 09:24:53][info] success
[2017-10-04 09:24:53][info] 写入结束!!!
[2017-10-04 10:26:03][info] ----------------------------------------
[2017-10-04 10:26:03][info] {"discount":"0.00","payment_type":"1","trade_no":"2017070321001004740209711808","subject":"\u65b0\u7586\u5168\u666f","buyer_email":"sunyu0807@126.com","gmt_create":"2017-07-03 10:25:50","notify_type":"trade_status_sync","quantity":"1","out_trade_no":"LX-17060712392569301-c","seller_id":"2088421286007493","notify_time":"2017-10-04 10:26:03","body":"\u6c5f\u5e03\u62c9\u514b-\u4e94\u5f69\u6ee9-\u5580\u7eb3\u65af-\u79be\u6728-\u8d5b\u91cc\u6728\u6e56-\u85b0\u8863\u8349\u519c\u573a-\u5580\u62c9\u5cfb-\u90a3\u62c9\u63d0-\u5df4\u97f3\u5e03\u9c81\u514b-\u5410\u9c81\u756a13\u65e5\u6e38","trade_status":"TRADE_FINISHED","is_total_fee_adjust":"N","total_fee":"9290.00","gmt_payment":"2017-07-03 10:25:58","seller_email":"2287684289@qq.com","gmt_close":"2017-10-04 10:26:03","price":"9290.00","buyer_id":"2088002347327745","notify_id":"011b60fe75a8559e6fa4c46f059fa77lpm","use_coupon":"N","sign_type":"MD5","sign":"7f73a1afeb731008f17a8145021ceddf"}
[2017-10-04 10:26:03][info] 数据存储反馈成功！
[2017-10-04 10:26:03][info] success
[2017-10-04 10:26:03][info] 写入结束!!!
[2017-10-04 12:16:51][info] ----------------------------------------
[2017-10-04 12:16:51][info] {"discount":"0.00","payment_type":"1","trade_no":"2017070321001004200203368918","subject":"\u8d35\u5dde\u5168\u666f\u6e38","buyer_email":"13983890991","gmt_create":"2017-07-03 12:16:07","notify_type":"trade_status_sync","quantity":"1","out_trade_no":"LX-17063019371179806-b","seller_id":"2088421286007493","notify_time":"2017-10-04 12:16:51","body":"\u79d8\u5883\u8302\u5170-\u8354\u6ce2-\u9ed4\u4e1c\u5357-\u9547\u8fdc-\u897f\u6c5f\u82d7\u5be8-\u9ec4\u679c\u6811\u6df1\u5ea6\u7eaf\u73a9\u4e5d\u65e5\u6e38","trade_status":"TRADE_FINISHED","is_total_fee_adjust":"N","total_fee":"15960.00","gmt_payment":"2017-07-03 12:16:17","seller_email":"2287684289@qq.com","gmt_close":"2017-10-04 12:16:51","price":"15960.00","buyer_id":"2088202527421207","notify_id":"13d9e08fc4e4351d732605f4dc4920dhjm","use_coupon":"N","sign_type":"MD5","sign":"6e5c7ba4df1022e0dddd7ba01e2956b9"}
[2017-10-04 12:16:51][info] 数据存储反馈成功！
[2017-10-04 12:16:51][info] success
[2017-10-04 12:16:51][info] 写入结束!!!
[2017-10-04 13:07:01][info] ----------------------------------------
[2017-10-04 13:07:01][info] {"discount":"0.00","payment_type":"1","trade_no":"2017070321001004500255877123","subject":"\u7518\u5357\u5168\u666f","buyer_email":"13797027356","gmt_create":"2017-07-03 13:05:52","notify_type":"trade_status_sync","quantity":"1","out_trade_no":"LX-17070312412951101-d","seller_id":"2088421286007493","notify_time":"2017-10-04 13:07:00","body":"2017\u5e74\u72ec\u5bb6  \u62c9\u535c\u695e\u5bfa-\u624e\u5c15\u90a3-\u82b1\u6e56-\u5e74\u5b9d\u7389\u5219-\u82e5\u5c14\u76d6\u8349\u539f-\u963f\u4e07\u4ed3\u6e7f\u5730-\u5c15\u6d77\u6e56-\u90ce\u6728\u5bfa 8\u65e5\u6e38","trade_status":"TRADE_FINISHED","is_total_fee_adjust":"N","total_fee":"9840.00","gmt_payment":"2017-07-03 13:06:40","seller_email":"2287684289@qq.com","gmt_close":"2017-10-04 13:07:00","price":"9840.00","buyer_id":"2088022763040501","notify_id":"a5aa4f797ae44dd176af6b374fcad8cjuy","use_coupon":"N","sign_type":"MD5","sign":"a7c6a43e885f959b1b8f1a47ce5dce12"}
[2017-10-04 13:07:01][info] 数据存储反馈成功！
[2017-10-04 13:07:01][info] success
[2017-10-04 13:07:01][info] 写入结束!!!
[2017-10-04 14:51:51][info] ----------------------------------------
[2017-10-04 14:51:51][info] {"discount":"0.00","payment_type":"1","trade_no":"2017070321001004010205552406","subject":"\u8d35\u5dde\u5168\u666f\u6e38","buyer_email":"13998181576","gmt_create":"2017-07-03 14:51:09","notify_type":"trade_status_sync","quantity":"1","out_trade_no":"LX-17070313383270006-7","seller_id":"2088421286007493","notify_time":"2017-10-04 14:51:51","body":"\u79d8\u5883\u8302\u5170-\u8354\u6ce2-\u9ed4\u4e1c\u5357-\u9547\u8fdc-\u897f\u6c5f\u82d7\u5be8-\u9ec4\u679c\u6811\u6df1\u5ea6\u7eaf\u73a9\u4e5d\u65e5\u6e38","trade_status":"TRADE_FINISHED","is_total_fee_adjust":"N","total_fee":"3880.00","gmt_payment":"2017-07-03 14:51:18","seller_email":"2287684289@qq.com","gmt_close":"2017-10-04 14:51:51","price":"3880.00","buyer_id":"2088502905397015","notify_id":"06c1e0cdf7efbf6b7796c0b38c4246dg2u","use_coupon":"N","sign_type":"MD5","sign":"e3e0acac5c8bbc6ee4ad063b74238173"}
[2017-10-04 14:51:51][info] 数据存储反馈成功！
[2017-10-04 14:51:51][info] success
[2017-10-04 14:51:51][info] 写入结束!!!
[2017-10-04 14:59:53][info] ----------------------------------------
[2017-10-04 14:59:53][info] {"discount":"0.00","payment_type":"1","trade_no":"2017070321001004230291173455","subject":"\u65b0\u7586\u5168\u666f","buyer_email":"liqifen17@163.com","gmt_create":"2017-07-03 14:58:55","notify_type":"trade_status_sync","quantity":"1","out_trade_no":"LX-17070311261083506-5","seller_id":"2088421286007493","notify_time":"2017-10-04 14:59:53","body":"\u6c5f\u5e03\u62c9\u514b-\u4e94\u5f69\u6ee9-\u5580\u7eb3\u65af-\u79be\u6728-\u8d5b\u91cc\u6728\u6e56-\u85b0\u8863\u8349\u519c\u573a-\u5580\u62c9\u5cfb-\u90a3\u62c9\u63d0-\u5df4\u97f3\u5e03\u9c81\u514b-\u5410\u9c81\u756a13\u65e5\u6e38","trade_status":"TRADE_FINISHED","is_total_fee_adjust":"N","total_fee":"5380.00","gmt_payment":"2017-07-03 14:59:04","seller_email":"2287684289@qq.com","gmt_close":"2017-10-04 14:59:53","price":"5380.00","buyer_id":"2088102007801234","notify_id":"d24ed9b3ef5e57c795692ebd52f8f0ahry","use_coupon":"N","sign_type":"MD5","sign":"45f7eaaeb83415194319789ab4a7c670"}
[2017-10-04 14:59:53][info] 数据存储反馈成功！
[2017-10-04 14:59:53][info] success
[2017-10-04 14:59:53][info] 写入结束!!!
[2017-10-04 16:01:33][info] ----------------------------------------
[2017-10-04 16:01:33][info] {"discount":"0.00","payment_type":"1","trade_no":"2017100421001004850203120144","subject":"\u989d\u6d4e\u7eb3\u6700\u7f8e\u9ad8\u94c1\u56e2","buyer_email":"zhuxiuqin1@163.com","gmt_create":"2017-10-04 16:00:36","notify_type":"trade_status_sync","quantity":"1","out_trade_no":"LX-17091416413720806-0","seller_id":"2088421286007493","notify_time":"2017-10-04 16:01:32","body":"2017\u989d\u6d4e\u7eb3\u65d7\u80e1\u6768\u6797\u516d\u65e5\u6e38-\u9886\u8896\u6237\u5916\u72ec\u5bb6\u9996\u521b","trade_status":"TRADE_SUCCESS","is_total_fee_adjust":"N","total_fee":"3080.00","gmt_payment":"2017-10-04 16:01:32","seller_email":"2287684289@qq.com","price":"3080.00","buyer_id":"2088002633271855","notify_id":"364b96910dff3137e514898798ce5d8mk6","use_coupon":"N","sign_type":"MD5","sign":"a448de2eeb482f6dd6612df297d6befa"}
[2017-10-04 16:01:33][info] 数据存储反馈成功！
[2017-10-04 16:01:33][info] success
[2017-10-04 16:01:33][info] 写入结束!!!
[2017-10-04 16:01:53][info] ----------------------------------------
[2017-10-04 16:01:53][info] {"discount":"0.00","payment_type":"1","trade_no":"2017070321001004010205700688","subject":"\u65b0\u7586\u5168\u666f","buyer_email":"18826480207","gmt_create":"2017-07-03 16:01:17","notify_type":"trade_status_sync","quantity":"1","out_trade_no":"LX-17070315285319001-6","seller_id":"2088421286007493","notify_time":"2017-10-04 16:01:53","body":"\u6c5f\u5e03\u62c9\u514b-\u4e94\u5f69\u6ee9-\u5580\u7eb3\u65af-\u79be\u6728-\u8d5b\u91cc\u6728\u6e56-\u85b0\u8863\u8349\u519c\u573a-\u5580\u62c9\u5cfb-\u90a3\u62c9\u63d0-\u5df4\u97f3\u5e03\u9c81\u514b-\u5410\u9c81\u756a13\u65e5\u6e38","trade_status":"TRADE_FINISHED","is_total_fee_adjust":"N","total_fee":"10600.00","gmt_payment":"2017-07-03 16:01:29","seller_email":"2287684289@qq.com","gmt_close":"2017-10-04 16:01:53","price":"10600.00","buyer_id":"2088802168823015","notify_id":"cd902fd628da019f18dc4aba4de37d4g2u","use_coupon":"N","sign_type":"MD5","sign":"6fdbfcc2f21bef86a629e7991cf7a949"}
[2017-10-04 16:01:53][info] 数据存储反馈成功！
[2017-10-04 16:01:53][info] success
[2017-10-04 16:01:53][info] 写入结束!!!
[2017-10-04 18:21:56][info] ----------------------------------------
[2017-10-04 18:21:56][info] {"discount":"0.00","payment_type":"1","trade_no":"2017070321001004860241831110","subject":"\u7518\u5357\u5168\u666f","buyer_email":"18905103237","gmt_create":"2017-07-03 18:20:54","notify_type":"trade_status_sync","quantity":"1","out_trade_no":"LX-17070317072655506-9","seller_id":"2088421286007493","notify_time":"2017-10-04 18:21:56","body":"2017\u5e74\u72ec\u5bb6  \u62c9\u535c\u695e\u5bfa-\u624e\u5c15\u90a3-\u82b1\u6e56-\u5e74\u5b9d\u7389\u5219-\u82e5\u5c14\u76d6\u8349\u539f-\u963f\u4e07\u4ed3\u6e7f\u5730-\u5c15\u6d77\u6e56-\u90ce\u6728\u5bfa 8\u65e5\u6e38","trade_status":"TRADE_FINISHED","is_total_fee_adjust":"N","total_fee":"3280.00","gmt_payment":"2017-07-03 18:21:19","seller_email":"2287684289@qq.com","gmt_close":"2017-10-04 18:21:56","price":"3280.00","buyer_id":"2088412911088862","notify_id":"b3c2af1836826868ccf93c4837098c2mmy","use_coupon":"N","sign_type":"MD5","sign":"6c54a8eee9477d4539c1d7fc6f7bdf9a"}
[2017-10-04 18:21:56][info] 数据存储反馈成功！
[2017-10-04 18:21:56][info] success
[2017-10-04 18:21:56][info] 写入结束!!!
[2017-10-04 18:41:13][info] ----------------------------------------
[2017-10-04 18:41:13][info] {"discount":"0.00","payment_type":"1","trade_no":"2017070321001004950207495142","subject":"\u85cf\u5730\u5168\u666f","buyer_email":"13952179788","gmt_create":"2017-07-03 18:36:53","notify_type":"trade_status_sync","quantity":"1","out_trade_no":"LX-17062318210318801-8","seller_id":"2088421286007493","notify_time":"2017-10-04 18:41:12","body":"2017\u5e74\u62c9\u8428-\u6797\u829d-\u5df4\u677e\u63aa-\u5ce1\u8c37\u79d8\u5883-\u7f8a\u6e56-\u666e\u59c6\u96cd\u63aa-\u65e5\u5580\u5219-\u73e0\u5cf0-\u7eb3\u6728\u63aa11\u65e5\u6df1\u5ea6\u6e38","trade_status":"TRADE_FINISHED","is_total_fee_adjust":"N","total_fee":"13450.00","gmt_payment":"2017-07-03 18:40:56","seller_email":"2287684289@qq.com","gmt_close":"2017-10-04 18:41:12","price":"13450.00","buyer_id":"2088702568265951","notify_id":"2a66bc94d0ec3b5b2e785d25280f547nby","use_coupon":"N","sign_type":"MD5","sign":"a4c1cf6887a2ebc9346fab9d2baf6e05"}
[2017-10-04 18:41:13][info] 数据存储反馈成功！
[2017-10-04 18:41:13][info] success
[2017-10-04 18:41:13][info] 写入结束!!!
[2017-10-04 19:31:09][info] ----------------------------------------
[2017-10-04 19:31:09][info] {"discount":"0.00","payment_type":"1","trade_no":"2017070321001004990239483911","subject":"\u4e1d\u8def\u5dc5\u5cf0\u4f53\u9a8c\u5341\u65e5\u6e38","buyer_email":"chenfeng922135@hotmail.com","gmt_create":"2017-07-03 19:30:21","notify_type":"trade_status_sync","quantity":"1","out_trade_no":"LX-17061818285557301-c","seller_id":"2088421286007493","notify_time":"2017-10-04 19:31:09","body":"\u6c99\u5c9b-\u9752\u6d77\u6e56-\u8336\u5361\u76d0\u6e56-\u7941\u8fde-\u5f20\u6396-\u5609\u5cea\u5173-\u6566\u714c\u5341\u65e5\u6e38","trade_status":"TRADE_FINISHED","is_total_fee_adjust":"N","total_fee":"7780.00","gmt_payment":"2017-07-03 19:30:52","seller_email":"2287684289@qq.com","gmt_close":"2017-10-04 19:31:09","price":"7780.00","buyer_id":"2088102041637996","notify_id":"00f743b7678750a9aead29c1f601ddann2","use_coupon":"N","sign_type":"MD5","sign":"09d2a739af4ed8b7033589e21a59a5f2"}
[2017-10-04 19:31:09][info] 数据存储反馈成功！
[2017-10-04 19:31:09][info] success
[2017-10-04 19:31:09][info] 写入结束!!!
[2017-10-04 19:47:58][info] ----------------------------------------
[2017-10-04 19:47:58][info] {"discount":"0.00","payment_type":"1","trade_no":"2017070321001004070250727795","subject":"\u65b0\u7586\u5168\u666f","buyer_email":"13222911585","gmt_create":"2017-07-03 19:47:31","notify_type":"trade_status_sync","quantity":"1","out_trade_no":"LX-17061612472290406-0","seller_id":"2088421286007493","notify_time":"2017-10-04 19:47:58","body":"\u6c5f\u5e03\u62c9\u514b-\u4e94\u5f69\u6ee9-\u5580\u7eb3\u65af-\u79be\u6728-\u8d5b\u91cc\u6728\u6e56-\u85b0\u8863\u8349\u519c\u573a-\u5580\u62c9\u5cfb-\u90a3\u62c9\u63d0-\u5df4\u97f3\u5e03\u9c81\u514b-\u5410\u9c81\u756a13\u65e5\u6e38","trade_status":"TRADE_FINISHED","is_total_fee_adjust":"N","total_fee":"5380.00","gmt_payment":"2017-07-03 19:47:47","seller_email":"2287684289@qq.com","gmt_close":"2017-10-04 19:47:58","price":"5380.00","buyer_id":"2088102677539075","notify_id":"b518d76298a564f9efc5a4f5112e9e3gji","use_coupon":"N","sign_type":"MD5","sign":"c5dbede7e439f54d13bed04b75621f86"}
[2017-10-04 19:47:58][info] 数据存储反馈成功！
[2017-10-04 19:47:58][info] success
[2017-10-04 19:47:58][info] 写入结束!!!
[2017-10-04 20:01:03][info] ----------------------------------------
[2017-10-04 20:01:03][info] {"discount":"0.00","payment_type":"1","trade_no":"2017070321001004530222357825","subject":"\u7518\u5357\u5168\u666f","buyer_email":"wj5566f@sina.com","gmt_create":"2017-07-03 19:59:47","notify_type":"trade_status_sync","quantity":"1","out_trade_no":"LX-17070116513164606-1","seller_id":"2088421286007493","notify_time":"2017-10-04 20:01:03","body":"2017\u5e74\u72ec\u5bb6  \u62c9\u535c\u695e\u5bfa-\u624e\u5c15\u90a3-\u82b1\u6e56-\u5e74\u5b9d\u7389\u5219-\u82e5\u5c14\u76d6\u8349\u539f-\u963f\u4e07\u4ed3\u6e7f\u5730-\u5c15\u6d77\u6e56-\u90ce\u6728\u5bfa 8\u65e5\u6e38","trade_status":"TRADE_FINISHED","is_total_fee_adjust":"N","total_fee":"3280.00","gmt_payment":"2017-07-03 20:00:14","seller_email":"2287684289@qq.com","gmt_close":"2017-10-04 20:01:02","price":"3280.00","buyer_id":"2088002429729535","notify_id":"73f3bf4b52eaf0364424ee73e6c9ea4k3a","use_coupon":"N","sign_type":"MD5","sign":"3f88ad0406ace78b96319432afd17215"}
[2017-10-04 20:01:03][info] 数据存储反馈成功！
[2017-10-04 20:01:03][info] success
[2017-10-04 20:01:03][info] 写入结束!!!
[2017-10-04 21:59:59][info] ----------------------------------------
[2017-10-04 21:59:59][info] {"discount":"0.00","payment_type":"1","trade_no":"2017070321001004290289009086","subject":"\u65b0\u7586\u5168\u666f","buyer_email":"13678968298","gmt_create":"2017-07-03 21:57:55","notify_type":"trade_status_sync","quantity":"1","out_trade_no":"LX-17070311285264006-b","seller_id":"2088421286007493","notify_time":"2017-10-04 21:59:59","body":"\u6c5f\u5e03\u62c9\u514b-\u4e94\u5f69\u6ee9-\u5580\u7eb3\u65af-\u79be\u6728-\u8d5b\u91cc\u6728\u6e56-\u85b0\u8863\u8349\u519c\u573a-\u5580\u62c9\u5cfb-\u90a3\u62c9\u63d0-\u5df4\u97f3\u5e03\u9c81\u514b-\u5410\u9c81\u756a13\u65e5\u6e38","trade_status":"TRADE_FINISHED","is_total_fee_adjust":"N","total_fee":"5380.00","gmt_payment":"2017-07-03 21:59:02","seller_email":"2287684289@qq.com","gmt_close":"2017-10-04 21:59:59","price":"5380.00","buyer_id":"2088022452454295","notify_id":"115211efd5898dd8d33d7ee558774f0i8m","use_coupon":"N","sign_type":"MD5","sign":"6fe6347eb2e4575c6861525cb63f0e4c"}
[2017-10-04 21:59:59][info] 数据存储反馈成功！
[2017-10-04 21:59:59][info] success
[2017-10-04 21:59:59][info] 写入结束!!!
[2017-10-04 22:08:09][info] ----------------------------------------
[2017-10-04 22:08:09][info] {"discount":"0.00","payment_type":"1","trade_no":"2017070321001004190271808059","subject":"\u4e1d\u7ef8\u4e4b\u8def\u7cbe\u534e\u4e03\u65e5\u6e38","buyer_email":"15948374210","gmt_create":"2017-07-03 22:07:11","notify_type":"trade_status_sync","quantity":"1","out_trade_no":"LX-17070321153691406-4","seller_id":"2088421286007493","notify_time":"2017-10-04 22:08:09","body":"2017\u5e74\u9752\u6d77\u6e56-\u8336\u5361\u76d0\u6e56-\u6566\u714c-\u5609\u5cea\u5173-\u5f20\u6396\u4e39\u971e\u4e03\u65e5\u6e38","trade_status":"TRADE_FINISHED","is_total_fee_adjust":"N","total_fee":"9300.00","gmt_payment":"2017-07-03 22:07:23","seller_email":"2287684289@qq.com","gmt_close":"2017-10-04 22:08:09","price":"9300.00","buyer_id":"2088702539811198","notify_id":"2b88d65324ccd584fcd6740f0f2c186hgu","use_coupon":"N","sign_type":"MD5","sign":"6516fb3a8c2fc6ee4b35903180b4c11b"}
[2017-10-04 22:08:09][info] 数据存储反馈成功！
[2017-10-04 22:08:09][info] success
[2017-10-04 22:08:09][info] 写入结束!!!
[2017-10-04 22:18:03][info] ----------------------------------------
[2017-10-04 22:18:03][info] {"discount":"0.00","payment_type":"1","trade_no":"2017070321001004320230344178","subject":"\u8349\u539f\u7267\u6b4cA\u7ebf","buyer_email":"13957052051","gmt_create":"2017-07-03 22:17:37","notify_type":"trade_status_sync","quantity":"1","out_trade_no":"LX-1707031521231301-f","seller_id":"2088421286007493","notify_time":"2017-10-04 22:18:03","body":"\u6d77\u62c9\u5c14-\u91d1\u5e10\u6c57\u8499\u53e4\u90e8\u843d-\u5ba4\u97e6-\u767d\u6866\u6797-\u9ed1\u5c71\u5934\u9a91\u9a6c\u7a7f\u8d8a-186\u5f69\u5e26\u6cb3\u6ed1\u8349-\u72fc\u5c9b-\u6ee1\u6d32\u91cc5\u65e5\u6e38","trade_status":"TRADE_FINISHED","is_total_fee_adjust":"N","total_fee":"1890.00","gmt_payment":"2017-07-03 22:17:53","seller_email":"2287684289@qq.com","gmt_close":"2017-10-04 22:18:03","price":"1890.00","buyer_id":"2088302229255329","notify_id":"261aca1500e1e6a38671da0eb87a2cfigy","use_coupon":"N","sign_type":"MD5","sign":"f2b6026b39fa071f1a603a5e46e8d8d0"}
[2017-10-04 22:18:03][info] 数据存储反馈成功！
[2017-10-04 22:18:03][info] success
[2017-10-04 22:18:03][info] 写入结束!!!
