[2017-08-16 09:26:25][info] ----------------------------------------
[2017-08-16 09:26:25][info] {"discount":"0.00","payment_type":"1","trade_no":"2017081621001004400215719071","subject":"\u989d\u6d4e\u7eb3\u5168\u666f","buyer_email":"yuanyan0718@163.com","gmt_create":"2017-08-16 09:26:15","notify_type":"trade_status_sync","quantity":"1","out_trade_no":"LX-17081516501776401-a","seller_id":"2088421286007493","notify_time":"2017-08-16 09:26:25","body":"\u989d\u6d4e\u7eb3\u80e1\u6768\u6797-\u6566\u714c\u5168\u666f-\u5df4\u4e39\u5409\u6797-\u5f20\u6396\u4e39\u971e-\u5609\u5cea\u5173-\u91d1\u5854\u80e1\u6768\u6797-\u52a8\u8f668\u65e5","trade_status":"TRADE_SUCCESS","is_total_fee_adjust":"N","total_fee":"4480.00","gmt_payment":"2017-08-16 09:26:25","seller_email":"2287684289@qq.com","price":"4480.00","buyer_id":"2088002518939401","notify_id":"c00e52489b67294110c6db5f49c3db5j36","use_coupon":"N","sign_type":"MD5","sign":"659cf8d2a5adc00d492148167e49fbe5"}
[2017-08-16 09:26:26][info] 数据存储反馈成功！
[2017-08-16 09:26:26][info] success
[2017-08-16 09:26:26][info] 写入结束!!!
[2017-08-16 09:47:58][info] ----------------------------------------
[2017-08-16 09:47:58][info] {"discount":"0.00","payment_type":"1","trade_no":"2017081621001004980325344834","subject":"\u65b0\u7586\u91d1\u79cb\u5927\u73af\u7ebf","buyer_email":"gongmanbi88@sina.com","gmt_create":"2017-08-16 09:47:50","notify_type":"trade_status_sync","quantity":"1","out_trade_no":"LX-1708051844474706-e","seller_id":"2088421286007493","notify_time":"2017-08-16 09:47:58","body":"\u5580\u7eb3\u65af-\u79be\u6728-\u767d\u54c8\u5df4-\u8d5b\u91cc\u6728\u6e56-\u5df4\u97f3\u5e03\u9c81\u514b-\u5410\u9c81\u756a-\u5854\u91cc\u6728\u6cb3\u80e1\u6768\u679712\u65e5\u6df1\u5ea6\u6e38","trade_status":"TRADE_SUCCESS","is_total_fee_adjust":"N","total_fee":"5880.00","gmt_payment":"2017-08-16 09:47:57","seller_email":"2287684289@qq.com","price":"5880.00","buyer_id":"2088002868830982","notify_id":"2cc808fad64f05fa26d5880fc556304nkb","use_coupon":"N","sign_type":"MD5","sign":"63b576e648a84c04bea3c9c9ad56e08c"}
[2017-08-16 09:47:58][info] 数据存储反馈成功！
[2017-08-16 09:47:58][info] success
[2017-08-16 09:47:58][info] 写入结束!!!
[2017-08-16 09:49:33][info] ----------------------------------------
[2017-08-16 09:49:33][info] {"discount":"0.00","payment_type":"1","trade_no":"2017081621001004570214407199","subject":"\u5317\u7586\u91d1\u79cb\u6444\u5f71","buyer_email":"aschenzhong@163.com","gmt_create":"2017-08-16 09:49:26","notify_type":"trade_status_sync","quantity":"1","out_trade_no":"LX-17081410043866406-6","seller_id":"2088421286007493","notify_time":"2017-08-16 09:49:33","body":"\u5580\u7eb3\u65af-\u79be\u6728-\u767d\u54c8\u5df4-\u53ef\u53ef\u6258\u6d77-\u4e94\u5f69\u6ee9-\u53ef\u53ef\u82cf\u91cc\u6e56-\u9b54\u9b3c\u57ce\u79cb\u5b63\u6444\u5f7110\u65e5","trade_status":"TRADE_SUCCESS","is_total_fee_adjust":"N","total_fee":"11760.00","gmt_payment":"2017-08-16 09:49:33","seller_email":"2287684289@qq.com","price":"11760.00","buyer_id":"2088002130803571","notify_id":"9c92be015f3b8132f81eb4582095519kee","use_coupon":"N","sign_type":"MD5","sign":"03b683e1fc17cd5eb4ae5e1af6235b45"}
[2017-08-16 09:49:34][info] 数据存储反馈成功！
[2017-08-16 09:49:34][info] success
[2017-08-16 09:49:34][info] 写入结束!!!
[2017-08-16 10:03:53][info] ----------------------------------------
[2017-08-16 10:03:53][info] {"discount":"0.00","payment_type":"1","trade_no":"2017051521001004040237981447","subject":"\u4e1d\u7ef8\u4e4b\u8def\u5dc5\u5cf0\u4f53\u9a8c9\u65e5\u6e38","buyer_email":"13655818717","gmt_create":"2017-05-15 10:02:36","notify_type":"trade_status_sync","quantity":"1","out_trade_no":"LX-17051509453930606-8","seller_id":"2088421286007493","notify_time":"2017-08-16 10:03:53","body":"\u6c99\u5c9b-\u9752\u6d77\u6e56-\u8336\u5361\u76d0\u6e56-\u7941\u8fde-\u5f20\u6396-\u5609\u5cea\u5173-\u6566\u714c9\u65e5\u6e38","trade_status":"TRADE_FINISHED","is_total_fee_adjust":"N","total_fee":"8960.00","gmt_payment":"2017-05-15 10:03:07","seller_email":"2287684289@qq.com","gmt_close":"2017-08-16 10:03:53","price":"8960.00","buyer_id":"2088112551266047","notify_id":"42038f61c92e5a80ed50737a1ac88e1gb6","use_coupon":"N","sign_type":"MD5","sign":"c0816606545ccef795ece0a3f6696d61"}
[2017-08-16 10:03:53][info] 数据存储反馈成功！
[2017-08-16 10:03:53][info] success
[2017-08-16 10:03:53][info] 写入结束!!!
[2017-08-16 10:37:51][info] ----------------------------------------
[2017-08-16 10:37:51][info] {"discount":"0.00","payment_type":"1","trade_no":"2017081621001004910230885884","subject":"\u65b0\u7586\u91d1\u79cb\u5927\u73af\u7ebf","buyer_email":"15325521535","gmt_create":"2017-08-16 10:37:42","notify_type":"trade_status_sync","quantity":"1","out_trade_no":"LX-17081609053588606-a","seller_id":"2088421286007493","notify_time":"2017-08-16 10:37:51","body":"\u5580\u7eb3\u65af-\u79be\u6728-\u767d\u54c8\u5df4-\u8d5b\u91cc\u6728\u6e56-\u5df4\u97f3\u5e03\u9c81\u514b-\u5410\u9c81\u756a-\u5854\u91cc\u6728\u6cb3\u80e1\u6768\u679712\u65e5\u6df1\u5ea6\u6e38","trade_status":"TRADE_SUCCESS","is_total_fee_adjust":"N","total_fee":"5680.00","gmt_payment":"2017-08-16 10:37:50","seller_email":"2287684289@qq.com","price":"5680.00","buyer_id":"2088912173788912","notify_id":"534535aed6aad53799f6a69fef9f16cn0u","use_coupon":"N","sign_type":"MD5","sign":"611e7205d5a8094bd98ce7bb3daf009f"}
[2017-08-16 10:37:51][info] 数据存储反馈成功！
[2017-08-16 10:37:51][info] success
[2017-08-16 10:37:51][info] 写入结束!!!
[2017-08-16 11:19:57][info] ----------------------------------------
[2017-08-16 11:19:57][info] {"discount":"0.00","payment_type":"1","trade_no":"2017081621001004550232890272","subject":"\u7518\u5357\u5168\u666f","buyer_email":"258952035@qq.com","gmt_create":"2017-08-16 11:19:18","notify_type":"trade_status_sync","quantity":"1","out_trade_no":"LX-17081419220954306-5","seller_id":"2088421286007493","notify_time":"2017-08-16 11:19:57","body":"2017\u5e74\u72ec\u5bb6  \u62c9\u535c\u695e\u5bfa-\u624e\u5c15\u90a3-\u82b1\u6e56-\u5e74\u5b9d\u7389\u5219-\u82e5\u5c14\u76d6\u8349\u539f-\u963f\u4e07\u4ed3\u6e7f\u5730-\u5c15\u6d77\u6e56-\u90ce\u6728\u5bfa 8\u65e5\u6e38","trade_status":"TRADE_SUCCESS","is_total_fee_adjust":"N","total_fee":"4920.00","gmt_payment":"2017-08-16 11:19:56","seller_email":"2287684289@qq.com","price":"4920.00","buyer_id":"2088002057540553","notify_id":"a6573f76ce8e93414033c3b329768c8k8u","use_coupon":"N","sign_type":"MD5","sign":"cf3025d8685c13dfa38fdac9574422de"}
[2017-08-16 11:19:57][info] 数据存储反馈成功！
[2017-08-16 11:19:57][info] success
[2017-08-16 11:19:57][info] 写入结束!!!
[2017-08-16 12:32:56][info] ----------------------------------------
[2017-08-16 12:32:56][info] {"discount":"0.00","payment_type":"1","trade_no":"2017081621001004310260334049","subject":"\u65b0\u7586\u91d1\u79cb\u5927\u73af\u7ebf","buyer_email":"13682661789","gmt_create":"2017-08-16 12:32:35","notify_type":"trade_status_sync","quantity":"1","out_trade_no":"LX-17081210301022106-4","seller_id":"2088421286007493","notify_time":"2017-08-16 12:32:56","body":"\u5580\u7eb3\u65af-\u79be\u6728-\u767d\u54c8\u5df4-\u8d5b\u91cc\u6728\u6e56-\u5df4\u97f3\u5e03\u9c81\u514b-\u5410\u9c81\u756a-\u5854\u91cc\u6728\u6cb3\u80e1\u6768\u679712\u65e5\u6df1\u5ea6\u6e38","trade_status":"TRADE_SUCCESS","is_total_fee_adjust":"N","total_fee":"11960.00","gmt_payment":"2017-08-16 12:32:56","seller_email":"2287684289@qq.com","price":"11960.00","buyer_id":"2088022034328314","notify_id":"625a8dbdf16c28038aa6e91acc60dfaie6","use_coupon":"N","sign_type":"MD5","sign":"4258cbb234694527016ffe8ab4593faf"}
[2017-08-16 12:32:57][info] 数据存储反馈成功！
[2017-08-16 12:32:57][info] success
[2017-08-16 12:32:57][info] 写入结束!!!
[2017-08-16 13:58:52][info] ----------------------------------------
[2017-08-16 13:58:52][info] {"discount":"0.00","payment_type":"1","trade_no":"2017051521001004820250209225","subject":"\u7518\u5357\u5168\u666f","buyer_email":"13917467769","gmt_create":"2017-05-15 13:57:31","notify_type":"trade_status_sync","quantity":"1","out_trade_no":"LX-17050820500725901-f","seller_id":"2088421286007493","notify_time":"2017-08-16 13:58:52","body":"2017\u5e74\u72ec\u5bb6  \u516b\u89d2\u57ce-\u624e\u5c15\u90a3-\u82b1\u6e56-\u5e74\u5b9d\u7389\u5219-\u82e5\u5c14\u76d6\u8349\u539f-\u963f\u4e07\u4ed3\u6e7f\u5730-\u90ce\u6728\u5bfa 8\u65e5\u6e38","trade_status":"TRADE_FINISHED","is_total_fee_adjust":"N","total_fee":"5770.00","gmt_payment":"2017-05-15 13:58:46","seller_email":"2287684289@qq.com","gmt_close":"2017-08-16 13:58:52","price":"5770.00","buyer_id":"2088702012742825","notify_id":"ea78d588b99d1fba110dd4888d40199mbu","use_coupon":"N","sign_type":"MD5","sign":"a2f424cbb5798a04ad3badf3bc3e6b3b"}
[2017-08-16 13:58:52][info] 数据存储反馈成功！
[2017-08-16 13:58:52][info] success
[2017-08-16 13:58:52][info] 写入结束!!!
[2017-08-16 14:16:55][info] ----------------------------------------
[2017-08-16 14:16:55][info] {"discount":"0.00","payment_type":"1","trade_no":"2017081621001004120502591747","subject":"\u5317\u7586\u91d1\u79cb\u6444\u5f71","buyer_email":"pengli19741128@126.com","gmt_create":"2017-08-16 14:16:22","notify_type":"trade_status_sync","quantity":"1","out_trade_no":"LX-17081312265841701-e","seller_id":"2088421286007493","notify_time":"2017-08-16 14:16:55","body":"\u5580\u7eb3\u65af-\u79be\u6728-\u767d\u54c8\u5df4-\u53ef\u53ef\u6258\u6d77-\u4e94\u5f69\u6ee9-\u53ef\u53ef\u82cf\u91cc\u6e56-\u9b54\u9b3c\u57ce\u79cb\u5b63\u6444\u5f7110\u65e5","trade_status":"TRADE_SUCCESS","is_total_fee_adjust":"N","total_fee":"5380.00","gmt_payment":"2017-08-16 14:16:55","seller_email":"2287684289@qq.com","price":"5380.00","buyer_id":"2088102084308125","notify_id":"01600cba9be0097f54208b75931ac3egxh","use_coupon":"N","sign_type":"MD5","sign":"8590ae3766d19c7cd06f2cecc0ac3923"}
[2017-08-16 14:16:56][info] 数据存储反馈成功！
[2017-08-16 14:16:56][info] success
[2017-08-16 14:16:56][info] 写入结束!!!
[2017-08-16 15:10:51][info] ----------------------------------------
[2017-08-16 15:10:51][info] {"discount":"0.00","payment_type":"1","trade_no":"2017051521001004610292187183","subject":"\u65b0\u7586\u5168\u666f","buyer_email":"yutian0518@126.com","gmt_create":"2017-05-15 15:09:50","notify_type":"trade_status_sync","quantity":"1","out_trade_no":"LX-17051514555377601-1","seller_id":"2088421286007493","notify_time":"2017-08-16 15:10:51","body":"\u6c5f\u5e03\u62c9\u514b-\u4e94\u5f69\u6ee9-\u5580\u7eb3\u65af-\u79be\u6728-\u8d5b\u91cc\u6728\u6e56-\u85b0\u8863\u8349\u5e84\u56ed-\u5580\u62c9\u5cfb-\u90a3\u62c9\u63d0-\u5df4\u97f3\u5e03\u9c81\u514b-\u5410\u9c81\u756a13\u65e5\u6e38","trade_status":"TRADE_FINISHED","is_total_fee_adjust":"N","total_fee":"5280.00","gmt_payment":"2017-05-15 15:10:11","seller_email":"2287684289@qq.com","gmt_close":"2017-08-16 15:10:51","price":"5280.00","buyer_id":"2088002357599613","notify_id":"32e8b85594a3a3b04a607f8b6c31927kpi","use_coupon":"N","sign_type":"MD5","sign":"6aa81fca471ead47cff7efef2d496340"}
[2017-08-16 15:10:52][info] 数据存储反馈成功！
[2017-08-16 15:10:52][info] success
[2017-08-16 15:10:52][info] 写入结束!!!
[2017-08-16 15:21:33][info] ----------------------------------------
[2017-08-16 15:21:33][info] {"discount":"0.00","payment_type":"1","trade_no":"2017081621001004680296963423","subject":"\u575d\u4e0a\u79cb\u6444","buyer_email":"906831939@qq.com","gmt_create":"2017-08-16 15:19:27","notify_type":"trade_status_sync","quantity":"1","out_trade_no":"LX-1707311619497401-9","seller_id":"2088421286007493","notify_time":"2017-08-16 15:21:33","body":"9-10\u6708\u91d1\u79cb\uff0c\u5317\u6c9f\u3001\u6768\u6811\u80cc\u3001\u4e94\u5f69\u5c71\u3001\u86e4\u87c6\u575d\u3001\u91ce\u9e2d\u6e56\u3001\u516c\u4e3b\u6e56\u7b49\u575d\u4e0a\u8349\u539f\u79cb\u8272\u4e00\u7f51\u6253\u5c3d 6\u65e5\u6444\u5f71\u521b\u4f5c\u56e2\uff08\u575d\u4e0a\u62cd\u64444\u5929\uff09","trade_status":"TRADE_SUCCESS","is_total_fee_adjust":"N","total_fee":"8040.00","gmt_payment":"2017-08-16 15:21:33","seller_email":"2287684289@qq.com","price":"8040.00","buyer_id":"2088222945681689","notify_id":"dbdaf13849dd73758de79f2233ae522l8y","use_coupon":"N","sign_type":"MD5","sign":"ca0b8681c29633aea20535f89f5f70dc"}
[2017-08-16 15:21:33][info] 数据存储反馈成功！
[2017-08-16 15:21:33][info] success
[2017-08-16 15:21:33][info] 写入结束!!!
[2017-08-16 15:48:50][info] ----------------------------------------
[2017-08-16 15:48:50][info] {"discount":"0.00","payment_type":"1","trade_no":"2017081621001004890224578736","subject":"\u5580\u7eb3\u65af\u4e4b\u590f","buyer_email":"luckyzmq@126.com","gmt_create":"2017-08-16 15:48:42","notify_type":"trade_status_sync","quantity":"1","out_trade_no":"LX-17070610380671806-b","seller_id":"2088421286007493","notify_time":"2017-08-16 15:48:50","body":"2017\u5e747\uff5e8\u6708 \u5929\u5c71\u5929\u6c60-\u5410\u9c81\u756a-\u5580\u7eb3\u65af-\u767d\u54c8\u5df4-\u4e94\u5f69\u6ee9-\u9b54\u9b3c\u57ce-\u79be\u6728\u6df1\u5ea6\u4e5d\u65e5\u6e38","trade_status":"TRADE_SUCCESS","is_total_fee_adjust":"N","total_fee":"4680.00","gmt_payment":"2017-08-16 15:48:49","seller_email":"2287684289@qq.com","price":"4680.00","buyer_id":"2088402354958893","notify_id":"d7fb313b8e2e1df7cb3b40fbeb3f73fmva","use_coupon":"N","sign_type":"MD5","sign":"0bc8263bdaae3b6404de5d1c66aefeb3"}
[2017-08-16 15:48:50][info] 数据存储反馈成功！
[2017-08-16 15:48:50][info] success
[2017-08-16 15:48:50][info] 写入结束!!!
[2017-08-16 17:43:48][info] ----------------------------------------
[2017-08-16 17:43:48][info] {"discount":"0.00","payment_type":"1","trade_no":"2017081621001004050503146775","subject":"\u989d\u6d4e\u7eb3\u4f11\u95f2\u6e38","buyer_email":"askazhuhaichen@126.com","gmt_create":"2017-08-16 17:43:27","notify_type":"trade_status_sync","quantity":"1","out_trade_no":"LX-17081616263220801-3","seller_id":"2088421286007493","notify_time":"2017-08-16 17:43:47","body":"\u989d\u6d4e\u7eb3\u65d7\u80e1\u6768\u6797-\u5609\u5cea\u5173-\u9ed1\u6c34\u57ce-\u602a\u6811\u6797-\u5df4\u4e39\u5409\u6797\u6c99\u6f20-\u5f20\u6396\u4e39\u971e","trade_status":"TRADE_SUCCESS","is_total_fee_adjust":"N","total_fee":"2880.00","gmt_payment":"2017-08-16 17:43:47","seller_email":"2287684289@qq.com","price":"2880.00","buyer_id":"2088202899669056","notify_id":"d7365bfe6b122dde8c594df78f2949age1","use_coupon":"N","sign_type":"MD5","sign":"0fa8ff6413f6747e34373ffa463a3663"}
[2017-08-16 17:43:48][info] 数据存储反馈成功！
[2017-08-16 17:43:48][info] success
[2017-08-16 17:43:48][info] 写入结束!!!
[2017-08-16 19:14:31][info] ----------------------------------------
[2017-08-16 19:14:31][info] {"discount":"0.00","payment_type":"1","trade_no":"2017081621001004530203873416","subject":"\u4e1d\u7ef8\u4e4b\u8def\u7cbe\u534e\u4e03\u65e5\u6e38","buyer_email":"13025109468","gmt_create":"2017-08-16 19:14:14","notify_type":"trade_status_sync","quantity":"1","out_trade_no":"LX-17081618574184201-4","seller_id":"2088421286007493","notify_time":"2017-08-16 19:14:31","body":"2017\u5e74\u9752\u6d77\u6e56-\u8336\u5361\u76d0\u6e56-\u6566\u714c-\u5609\u5cea\u5173-\u5f20\u6396\u4e39\u971e\u4e03\u65e5\u6e38","trade_status":"TRADE_SUCCESS","is_total_fee_adjust":"N","total_fee":"3180.00","gmt_payment":"2017-08-16 19:14:31","seller_email":"2287684289@qq.com","price":"3180.00","buyer_id":"2088412285274533","notify_id":"a7bf69d156b52e1b609275711b021a6k3a","use_coupon":"N","sign_type":"MD5","sign":"1da066cd345f8b0c076d90e3eebfaa74"}
[2017-08-16 19:14:31][info] 数据存储反馈成功！
[2017-08-16 19:14:31][info] success
[2017-08-16 19:14:31][info] 写入结束!!!
[2017-08-16 19:37:21][info] ----------------------------------------
[2017-08-16 19:37:21][info] {"discount":"0.00","payment_type":"1","trade_no":"2017081621001004860223670213","subject":"\u5317\u7586\u91d1\u79cb\u81f3\u5c0a10\u65e5\u6e38","buyer_email":"yuan04801@sina.com","gmt_create":"2017-08-16 19:37:15","notify_type":"trade_status_sync","quantity":"1","out_trade_no":"LX-17080421084760301-1","seller_id":"2088421286007493","notify_time":"2017-08-16 19:37:21","body":"38\u5c0f\u65f6\u79be\u6728-\u5580\u7eb3\u65af-\u767d\u54c8\u5df4-\u53ef\u53ef\u82cf\u91cc\u6e56-\u53ef\u53ef\u6258\u6d77-\u4e94\u5f69\u6ee9-\u9b54\u9b3c\u57ce10\u65e5\u5927\u73af\u7ebf","trade_status":"TRADE_SUCCESS","is_total_fee_adjust":"N","total_fee":"2260.00","gmt_payment":"2017-08-16 19:37:21","seller_email":"2287684289@qq.com","price":"2260.00","buyer_id":"2088002055372868","notify_id":"a506ac7618faf474c55236ca1f6fa4ammy","use_coupon":"N","sign_type":"MD5","sign":"5a0cb03befb96ccaad82dc3dc4808c6c"}
[2017-08-16 19:37:21][info] 数据存储反馈成功！
[2017-08-16 19:37:21][info] success
[2017-08-16 19:37:21][info] 写入结束!!!
[2017-08-16 20:08:10][info] ----------------------------------------
[2017-08-16 20:08:10][info] {"discount":"0.00","payment_type":"1","trade_no":"2017081621001004800234176342","subject":"\u4e1d\u7ef8\u4e4b\u8def\u7cbe\u534e\u4e03\u65e5\u6e38","buyer_email":"luau1979@hotmail.com","gmt_create":"2017-08-16 20:05:41","notify_type":"trade_status_sync","quantity":"1","out_trade_no":"LX-17081619563492206-3","seller_id":"2088421286007493","notify_time":"2017-08-16 20:08:10","body":"2017\u5e74\u9752\u6d77\u6e56-\u8336\u5361\u76d0\u6e56-\u6566\u714c-\u5609\u5cea\u5173-\u5f20\u6396\u4e39\u971e\u4e03\u65e5\u6e38","trade_status":"TRADE_SUCCESS","is_total_fee_adjust":"N","total_fee":"6360.00","gmt_payment":"2017-08-16 20:08:09","seller_email":"2287684289@qq.com","price":"6360.00","buyer_id":"2088002092581805","notify_id":"27ac1491defa1684fc2351731a87f16m6a","use_coupon":"N","sign_type":"MD5","sign":"864cff079c2117e9cb432642e5576262"}
[2017-08-16 20:08:10][info] 数据存储反馈成功！
[2017-08-16 20:08:10][info] success
[2017-08-16 20:08:10][info] 写入结束!!!
