[2017-09-26 00:50:33][info] ----------------------------------------
[2017-09-26 00:50:33][info] {"discount":"0.00","payment_type":"1","trade_no":"2017092621001004890517827005","subject":"\u989d\u6d4e\u7eb3\u6700\u7f8e\u9ad8\u94c1\u56e2","buyer_email":"158625742@qq.com","gmt_create":"2017-09-26 00:30:24","notify_type":"trade_status_sync","quantity":"1","out_trade_no":"LX-17090417133697001-2","seller_id":"2088421286007493","notify_time":"2017-09-26 00:50:33","body":"2017\u989d\u6d4e\u7eb3\u65d7\u80e1\u6768\u6797\u516d\u65e5\u6e38-\u9886\u8896\u6237\u5916\u72ec\u5bb6\u9996\u521b","trade_status":"TRADE_SUCCESS","is_total_fee_adjust":"N","total_fee":"3490.00","gmt_payment":"2017-09-26 00:50:33","seller_email":"2287684289@qq.com","price":"3490.00","buyer_id":"2088812539506894","notify_id":"91de4afa031d196cbb151affc38a2c0mvd","use_coupon":"N","sign_type":"MD5","sign":"a9d136ab5fe2ff4ab35d524fcded8b11"}
[2017-09-26 00:50:33][info] 数据存储反馈成功！
[2017-09-26 00:50:33][info] success
[2017-09-26 00:50:33][info] 写入结束!!!
[2017-09-26 09:03:11][info] ----------------------------------------
[2017-09-26 09:03:11][info] {"discount":"0.00","payment_type":"1","trade_no":"2017061621001004180200738638","subject":"\u65b0\u7586\u5168\u666f","buyer_email":"18650051299","gmt_create":"2017-06-16 12:39:42","notify_type":"trade_status_sync","quantity":"1","out_trade_no":"LX-17061321074920006-f","seller_id":"2088421286007493","notify_time":"2017-09-26 09:03:11","body":"\u6c5f\u5e03\u62c9\u514b-\u4e94\u5f69\u6ee9-\u5580\u7eb3\u65af-\u79be\u6728-\u8d5b\u91cc\u6728\u6e56-\u85b0\u8863\u8349\u519c\u573a-\u5580\u62c9\u5cfb-\u90a3\u62c9\u63d0-\u5df4\u97f3\u5e03\u9c81\u514b-\u5410\u9c81\u756a13\u65e5\u6e38","trade_status":"TRADE_FINISHED","is_total_fee_adjust":"N","total_fee":"5280.00","gmt_payment":"2017-06-25 09:02:28","seller_email":"2287684289@qq.com","gmt_close":"2017-09-26 09:03:11","price":"5280.00","buyer_id":"2088902294632188","notify_id":"0cfc9546c5ed6320e5a6884d719533che2","use_coupon":"N","sign_type":"MD5","sign":"b05c61dbacff9c80873dc7771b29cfc1"}
[2017-09-26 09:03:11][info] 数据存储反馈成功！
[2017-09-26 09:03:11][info] success
[2017-09-26 09:03:11][info] 写入结束!!!
[2017-09-26 09:12:17][info] ----------------------------------------
[2017-09-26 09:12:17][info] {"discount":"0.00","payment_type":"1","trade_no":"2017092621001004280295661590","subject":"\u5357\u7586\u5370\u8c61","buyer_email":"756590340@qq.com","gmt_create":"2017-09-26 09:11:49","notify_type":"trade_status_sync","quantity":"1","out_trade_no":"LX-17092608481080501-3","seller_id":"2088421286007493","notify_time":"2017-09-26 09:12:17","body":"\u8f6e\u53f0\u5854\u91cc\u6728\u80e1\u6768\u6797-\u514b\u5b5c\u5c14\u5343\u4f5b\u6d1e-\u5929\u5c71\u5927\u5ce1\u8c37-\u5580\u4ec0-\u548c\u7530-\u6155\u58eb\u5854\u683c-\u5854\u514b\u62c9\u739b\u5e72\u6c99\u6f2012\u65e5\u4eba\u6587\u98ce\u5149\u6df1\u5ea6\u6e38","trade_status":"TRADE_SUCCESS","is_total_fee_adjust":"N","total_fee":"14940.00","gmt_payment":"2017-09-26 09:12:17","seller_email":"2287684289@qq.com","price":"14940.00","buyer_id":"2088002972247287","notify_id":"b6c3d895896dae10f5b8c1e4f873a15i5u","use_coupon":"N","sign_type":"MD5","sign":"0b5e40b2516e54187de9f99760660592"}
[2017-09-26 09:12:18][info] 数据存储反馈成功！
[2017-09-26 09:12:18][info] success
[2017-09-26 09:12:18][info] 写入结束!!!
[2017-09-26 09:38:39][info] ----------------------------------------
[2017-09-26 09:38:39][info] {"discount":"0.00","payment_type":"1","trade_no":"2017092621001004690229486213","subject":"\u575d\u4e0a\u79cb\u6444","buyer_email":"13893211588","gmt_create":"2017-09-26 09:38:25","notify_type":"trade_status_sync","quantity":"1","out_trade_no":"LX-17091622285025506-9","seller_id":"2088421286007493","notify_time":"2017-09-26 09:38:39","body":"9-10\u6708\u91d1\u79cb\uff0c\u5317\u6c9f\u3001\u6768\u6811\u80cc\u3001\u4e94\u5f69\u5c71\u3001\u86e4\u87c6\u575d\u3001\u91ce\u9e2d\u6e56\u3001\u516c\u4e3b\u6e56\u7b49\u575d\u4e0a\u8349\u539f\u79cb\u8272\u4e00\u7f51\u6253\u5c3d 6\u65e5\u6444\u5f71\u521b\u4f5c\u56e2\uff08\u575d\u4e0a\u62cd\u64444\u5929\uff09","trade_status":"TRADE_SUCCESS","is_total_fee_adjust":"N","total_fee":"1840.00","gmt_payment":"2017-09-26 09:38:39","seller_email":"2287684289@qq.com","price":"1840.00","buyer_id":"2088812990685693","notify_id":"f704fd531ae35b0ab5db4740b8482e7lbq","use_coupon":"N","sign_type":"MD5","sign":"43edef249b85e3807bfb9a8633052ec3"}
[2017-09-26 09:38:39][info] 数据存储反馈成功！
[2017-09-26 09:38:39][info] success
[2017-09-26 09:38:39][info] 写入结束!!!
[2017-09-26 09:44:50][info] ----------------------------------------
[2017-09-26 09:44:50][info] {"discount":"0.00","payment_type":"1","trade_no":"2017092621001004830518645402","subject":"\u989d\u6d4e\u7eb3\u6444\u5f71A","buyer_email":"1317962967@qq.com","gmt_create":"2017-09-26 09:44:18","notify_type":"trade_status_sync","quantity":"1","out_trade_no":"LX-1709041031595001-0","seller_id":"2088421286007493","notify_time":"2017-09-26 09:44:50","body":"\u4ed9\u7c73\u5f69\u6797-\u989d\u6d4e\u7eb3\u80e1\u6768\u6797-\u5f20\u6396\u4e39\u971e-\u91d1\u5854\u80e1\u6768\u6797-\u9ed1\u6c34\u57ce-\u5c45\u5ef6\u6d77-\u5609\u5cea\u5173\u52a8\u8f66\u8fd4\u7a0b7\u65e5\u6e38","trade_status":"TRADE_SUCCESS","is_total_fee_adjust":"N","total_fee":"3566.00","gmt_payment":"2017-09-26 09:44:50","seller_email":"2287684289@qq.com","price":"3566.00","buyer_id":"2088102232945831","notify_id":"95bf44e381ec044bcc0c432000363b0mep","use_coupon":"N","sign_type":"MD5","sign":"41873e688fa88c65c1028779785f7719"}
[2017-09-26 09:44:50][info] 数据存储反馈成功！
[2017-09-26 09:44:50][info] success
[2017-09-26 09:44:50][info] 写入结束!!!
[2017-09-26 09:52:50][info] ----------------------------------------
[2017-09-26 09:52:50][info] {"discount":"0.00","payment_type":"1","trade_no":"2017092621001004680296428412","subject":"\u989d\u6d4e\u7eb3\u5168\u666f","buyer_email":"fangqian817@gmail.com","gmt_create":"2017-09-26 09:51:53","notify_type":"trade_status_sync","quantity":"1","out_trade_no":"LX-170925220334501-d","seller_id":"2088421286007493","notify_time":"2017-09-26 09:52:50","body":"\u989d\u6d4e\u7eb3\u80e1\u6768\u6797-\u6566\u714c\u5168\u666f-\u5df4\u4e39\u5409\u6797-\u5f20\u6396\u4e39\u971e-\u5609\u5cea\u5173-\u91d1\u5854\u80e1\u6768\u6797-\u52a8\u8f668\u65e5","trade_status":"TRADE_SUCCESS","is_total_fee_adjust":"N","total_fee":"4100.00","gmt_payment":"2017-09-26 09:52:50","seller_email":"2287684289@qq.com","price":"4100.00","buyer_id":"2088002785239682","notify_id":"35e63027d4c3bd46db6a665dea27a9fl8y","use_coupon":"N","sign_type":"MD5","sign":"324453f529727c8dc7e61edb1f6d50a6"}
[2017-09-26 09:52:51][info] 数据存储反馈成功！
[2017-09-26 09:52:51][info] success
[2017-09-26 09:52:51][info] 写入结束!!!
[2017-09-26 09:58:08][info] ----------------------------------------
[2017-09-26 09:58:08][info] {"discount":"0.00","payment_type":"1","trade_no":"2017062521001004150270880925","subject":"\u4e1d\u7ef8\u4e4b\u8def\u7ecf\u5178\u4e5d\u65e5","buyer_email":"13910962909","gmt_create":"2017-06-25 09:57:12","notify_type":"trade_status_sync","quantity":"1","out_trade_no":"LX-17051514385990306-6","seller_id":"2088421286007493","notify_time":"2017-09-26 09:58:08","body":"\u6c99\u5c9b-\u9752\u6d77\u6e56-\u8336\u5361\u76d0\u6e56-\u5353\u5c14\u5c71-\u5f20\u6396\u4e39\u971e-\u5609\u5cea\u5173-\u6566\u714c9\u65e5\u6e38","trade_status":"TRADE_FINISHED","is_total_fee_adjust":"N","total_fee":"7560.00","gmt_payment":"2017-06-25 09:57:41","seller_email":"2287684289@qq.com","gmt_close":"2017-09-26 09:58:08","price":"7560.00","buyer_id":"2088302154406155","notify_id":"a6d79167c474bc509f3c5a1e3a0083bh5q","use_coupon":"N","sign_type":"MD5","sign":"d4204611d721aa5c734d9fe5e8078f50"}
[2017-09-26 09:58:08][info] 数据存储反馈成功！
[2017-09-26 09:58:08][info] success
[2017-09-26 09:58:08][info] 写入结束!!!
[2017-09-26 11:19:43][info] ----------------------------------------
[2017-09-26 11:19:43][info] {"discount":"0.00","payment_type":"1","trade_no":"2017092621001004760279489367","subject":"\u9189\u7f8e\u666e\u8005\u9ed1","buyer_email":"13339992116","gmt_create":"2017-09-26 11:19:10","notify_type":"trade_status_sync","quantity":"1","out_trade_no":"LX-17090510060673301-b","seller_id":"2088421286007493","notify_time":"2017-09-26 11:19:43","body":"\u300a\u4e09\u751f\u4e09\u4e16\u300b\u666e\u8005\u9ed1-\u4e16\u5916\u6843\u6e90\u575d\u7f8e-\u9a6c\u5cad\u6cb3\u5927\u5ce1\u8c37-\u9189\u7f8e\u4e07\u5cf0\u6797-\u4e07\u5cf0\u6e56-\u629a\u4ed9\u6e568\u65e5\u6df1\u5ea6\u6e38","trade_status":"TRADE_SUCCESS","is_total_fee_adjust":"N","total_fee":"3710.00","gmt_payment":"2017-09-26 11:19:42","seller_email":"2287684289@qq.com","price":"3710.00","buyer_id":"2088702815540761","notify_id":"71c4911079ed7222d2c91c78c5dc1calv6","use_coupon":"N","sign_type":"MD5","sign":"104f3dfab884626109115610911c1626"}
[2017-09-26 11:19:43][info] 数据存储反馈成功！
[2017-09-26 11:19:43][info] success
[2017-09-26 11:19:43][info] 写入结束!!!
[2017-09-26 11:44:59][info] ----------------------------------------
[2017-09-26 11:44:59][info] {"discount":"0.00","payment_type":"1","trade_no":"2017092621001004640263787542","subject":"\u989d\u6d4e\u7eb3\u5168\u666f","buyer_email":"13305591619","gmt_create":"2017-09-26 11:44:46","notify_type":"trade_status_sync","quantity":"1","out_trade_no":"LX-17090819074360806-6","seller_id":"2088421286007493","notify_time":"2017-09-26 11:44:59","body":"\u989d\u6d4e\u7eb3\u80e1\u6768\u6797-\u6566\u714c\u5168\u666f-\u5df4\u4e39\u5409\u6797-\u5f20\u6396\u4e39\u971e-\u5609\u5cea\u5173-\u91d1\u5854\u80e1\u6768\u6797-\u52a8\u8f668\u65e5","trade_status":"TRADE_SUCCESS","is_total_fee_adjust":"N","total_fee":"4480.00","gmt_payment":"2017-09-26 11:44:58","seller_email":"2287684289@qq.com","price":"4480.00","buyer_id":"2088702229933645","notify_id":"6b6873543ecd6b6238515c9581ae698kxu","use_coupon":"N","sign_type":"MD5","sign":"8fa021ecce5ec7383755b9f55fe076fd"}
[2017-09-26 11:44:59][info] 数据存储反馈成功！
[2017-09-26 11:44:59][info] success
[2017-09-26 11:44:59][info] 写入结束!!!
[2017-09-26 13:40:12][info] ----------------------------------------
[2017-09-26 13:40:12][info] {"discount":"0.00","payment_type":"1","trade_no":"2017092621001004640264046250","subject":"\u4e3d\u6c34\u5168\u666f\u6444\u5f71","buyer_email":"yxtmf1992@sina.com","gmt_create":"2017-09-26 13:39:58","notify_type":"trade_status_sync","quantity":"1","out_trade_no":"LX-17091509500147306-6","seller_id":"2088421286007493","notify_time":"2017-09-26 13:40:12","body":"4-10\u6708\uff0c\u6c34\u58a8\u4ed9\u90fd\uff0c\u74ef\u6c5f\u5e06\u5f71\uff0c\u5357\u5c16\u5ca9\u4e91\u6d77\uff0c\u4e91\u548c\u68af\u7530\uff0c\u677e\u9633\u53e4\u6751 5\u65e5\u98ce\u5149\u4eba\u6587\u6444\u5f71\u521b\u4f5c\u56e2","trade_status":"TRADE_SUCCESS","is_total_fee_adjust":"N","total_fee":"1680.00","gmt_payment":"2017-09-26 13:40:12","seller_email":"2287684289@qq.com","price":"1680.00","buyer_id":"2088102268765641","notify_id":"1681ba71c77550ee42444bd699fe996kxu","use_coupon":"N","sign_type":"MD5","sign":"65d94a812e935cba93831bcfb4516920"}
[2017-09-26 13:40:13][info] 数据存储反馈成功！
[2017-09-26 13:40:13][info] success
[2017-09-26 13:40:13][info] 写入结束!!!
[2017-09-26 14:42:43][info] ----------------------------------------
[2017-09-26 14:42:43][info] {"discount":"0.00","payment_type":"1","trade_no":"2017092621001004380285291040","subject":"\u5357\u7586\u5370\u8c61","buyer_email":"mxdhq16354@126.com","gmt_create":"2017-09-26 14:42:06","notify_type":"trade_status_sync","quantity":"1","out_trade_no":"LX-17092419265885606-8","seller_id":"2088421286007493","notify_time":"2017-09-26 14:42:43","body":"\u8f6e\u53f0\u5854\u91cc\u6728\u80e1\u6768\u6797-\u514b\u5b5c\u5c14\u5343\u4f5b\u6d1e-\u5929\u5c71\u5927\u5ce1\u8c37-\u5580\u4ec0-\u548c\u7530-\u6155\u58eb\u5854\u683c-\u5854\u514b\u62c9\u739b\u5e72\u6c99\u6f2012\u65e5\u4eba\u6587\u98ce\u5149\u6df1\u5ea6\u6e38","trade_status":"TRADE_SUCCESS","is_total_fee_adjust":"N","total_fee":"4900.00","gmt_payment":"2017-09-26 14:42:43","seller_email":"2287684289@qq.com","price":"4900.00","buyer_id":"2088402222501389","notify_id":"bf18e25341bf9d4448806b6e3ebf3f0ixm","use_coupon":"N","sign_type":"MD5","sign":"72d69a6059e454ba0aea87e3d575e144"}
[2017-09-26 14:42:43][info] 数据存储反馈成功！
[2017-09-26 14:42:43][info] success
[2017-09-26 14:42:43][info] 写入结束!!!
[2017-09-26 15:23:45][info] ----------------------------------------
[2017-09-26 15:23:45][info] {"discount":"0.00","payment_type":"1","trade_no":"2017092621001004510285664331","subject":"\u5317\u7586\u91d1\u79cb\u7ecf\u5178\u73af\u7ebf","buyer_email":"13603454703","gmt_create":"2017-09-26 15:18:25","notify_type":"trade_status_sync","quantity":"1","out_trade_no":"LX-17083013350019406-6","seller_id":"2088421286007493","notify_time":"2017-09-26 15:23:45","body":"\u5580\u7eb3\u65af-\u767d\u54c8\u5df4-\u79be\u6728-\u4e94\u5f69\u6ee9-\u9b54\u9b3c\u57ce-\u53ef\u53ef\u6258\u6d77 9\u65e5\u6df1\u5ea6\u6e38","trade_status":"TRADE_SUCCESS","is_total_fee_adjust":"N","total_fee":"5030.00","gmt_payment":"2017-09-26 15:23:45","seller_email":"2287684289@qq.com","price":"5030.00","buyer_id":"2088702038887515","notify_id":"fcb176ac45a9912261dcf27979f8115jxq","use_coupon":"N","sign_type":"MD5","sign":"237a818f2338baf808fe349491730953"}
[2017-09-26 15:23:46][info] 数据存储反馈成功！
[2017-09-26 15:23:46][info] success
[2017-09-26 15:23:46][info] 写入结束!!!
[2017-09-26 16:42:25][info] ----------------------------------------
[2017-09-26 16:42:25][info] {"discount":"0.00","payment_type":"1","trade_no":"2017092621001004350513778035","subject":"\u5357\u7586\u5370\u8c61","buyer_email":"zw1507@163.com","gmt_create":"2017-09-26 16:41:55","notify_type":"trade_status_sync","quantity":"1","out_trade_no":"LX-17090721580563501-6","seller_id":"2088421286007493","notify_time":"2017-09-26 16:42:25","body":"\u8f6e\u53f0\u5854\u91cc\u6728\u80e1\u6768\u6797-\u514b\u5b5c\u5c14\u5343\u4f5b\u6d1e-\u5929\u5c71\u5927\u5ce1\u8c37-\u5580\u4ec0-\u548c\u7530-\u6155\u58eb\u5854\u683c-\u5854\u514b\u62c9\u739b\u5e72\u6c99\u6f2012\u65e5\u4eba\u6587\u98ce\u5149\u6df1\u5ea6\u6e38","trade_status":"TRADE_SUCCESS","is_total_fee_adjust":"N","total_fee":"9800.00","gmt_payment":"2017-09-26 16:42:24","seller_email":"2287684289@qq.com","price":"9800.00","buyer_id":"2088702175454357","notify_id":"cd2c4f0ad294502a0ea000a0c3ea399ipd","use_coupon":"N","sign_type":"MD5","sign":"715518a9efdf0a9c7061807554c7f70f"}
[2017-09-26 16:42:25][info] 数据存储反馈成功！
[2017-09-26 16:42:25][info] success
[2017-09-26 16:42:25][info] 写入结束!!!
[2017-09-26 17:03:56][info] ----------------------------------------
[2017-09-26 17:03:56][info] {"discount":"0.00","payment_type":"1","trade_no":"2017092621001004910519779671","subject":"\u4e91\u5357\u79d8\u5883","buyer_email":"624361160@qq.com","gmt_create":"2017-09-26 17:03:35","notify_type":"trade_status_sync","quantity":"1","out_trade_no":"LX-17092616352497506-a","seller_id":"2088421286007493","notify_time":"2017-09-26 17:03:55","body":"\u63a2\u79d8\u6012\u6c5f-\u72ec\u9f99\u6c5f\u5927\u5ce1\u8c37-\u4e16\u5916\u6843\u6e90\u4e19\u4e2d\u6d1b-\u5bfb\u627e\u4e0e\u4e16\u9694\u7edd\u7684\u7eb9\u9762\u59739\u65e5\u6df1\u5ea6\u6e38","trade_status":"TRADE_SUCCESS","is_total_fee_adjust":"N","total_fee":"1940.00","gmt_payment":"2017-09-26 17:03:55","seller_email":"2287684289@qq.com","price":"1940.00","buyer_id":"2088702887182913","notify_id":"2502cf24f999bcb6c107489113a3e43n0x","use_coupon":"N","sign_type":"MD5","sign":"2c62a8d47edfb5a89ce39bca802e5f04"}
[2017-09-26 17:03:56][info] 数据存储反馈成功！
[2017-09-26 17:03:56][info] success
[2017-09-26 17:03:56][info] 写入结束!!!
[2017-09-26 17:20:48][info] ----------------------------------------
[2017-09-26 17:20:48][info] {"discount":"0.00","payment_type":"1","trade_no":"2017092621001004990519721692","subject":"\u989d\u6d4e\u7eb3\u5168\u666f","buyer_email":"15021227293","gmt_create":"2017-09-26 17:19:28","notify_type":"trade_status_sync","quantity":"1","out_trade_no":"LX-17082412485277306-3","seller_id":"2088421286007493","notify_time":"2017-09-26 17:20:48","body":"\u989d\u6d4e\u7eb3\u80e1\u6768\u6797-\u6566\u714c\u5168\u666f-\u5df4\u4e39\u5409\u6797-\u5f20\u6396\u4e39\u971e-\u5609\u5cea\u5173-\u91d1\u5854\u80e1\u6768\u6797-\u52a8\u8f668\u65e5","trade_status":"TRADE_SUCCESS","is_total_fee_adjust":"N","total_fee":"4080.00","gmt_payment":"2017-09-26 17:20:48","seller_email":"2287684289@qq.com","price":"4080.00","buyer_id":"2088912516359995","notify_id":"c85bc22009f0f22e73deda0ccc12668nn5","use_coupon":"N","sign_type":"MD5","sign":"e17f3898a80daf9176542cce99800c04"}
[2017-09-26 17:20:48][info] 数据存储反馈成功！
[2017-09-26 17:20:48][info] success
[2017-09-26 17:20:48][info] 写入结束!!!
[2017-09-26 18:01:18][info] ----------------------------------------
[2017-09-26 18:01:18][info] {"discount":"0.00","payment_type":"1","trade_no":"2017092621001004850519850561","subject":"\u989d\u6d4e\u7eb3\u4f11\u95f2\u6e38","buyer_email":"18037880063","gmt_create":"2017-09-26 17:50:51","notify_type":"trade_status_sync","quantity":"1","out_trade_no":"LX-1709252241276501-3","seller_id":"2088421286007493","notify_time":"2017-09-26 18:01:18","body":"\u989d\u6d4e\u7eb3\u65d7\u80e1\u6768\u6797-\u5609\u5cea\u5173-\u9ed1\u6c34\u57ce-\u602a\u6811\u6797-\u5df4\u4e39\u5409\u6797\u6c99\u6f20-\u5f20\u6396\u4e39\u971e","trade_status":"TRADE_SUCCESS","is_total_fee_adjust":"N","total_fee":"3720.00","gmt_payment":"2017-09-26 18:01:18","seller_email":"2287684289@qq.com","price":"3720.00","buyer_id":"2088412116634855","notify_id":"1241fcd976bf4adec7d7cd7871c30d4mk9","use_coupon":"N","sign_type":"MD5","sign":"23a7d1c678bb411916602621c85ac755"}
[2017-09-26 18:01:19][info] 数据存储反馈成功！
[2017-09-26 18:01:19][info] success
[2017-09-26 18:01:19][info] 写入结束!!!
[2017-09-26 19:43:56][info] ----------------------------------------
[2017-09-26 19:43:56][info] {"discount":"0.00","payment_type":"1","trade_no":"2017092621001004790225155868","subject":"\u7518\u5357\u5168\u666f","buyer_email":"15915752310","gmt_create":"2017-09-26 19:43:50","notify_type":"trade_status_sync","quantity":"1","out_trade_no":"LX-17092021233590101-f","seller_id":"2088421286007493","notify_time":"2017-09-26 19:43:56","body":"2017\u5e74\u72ec\u5bb6  \u62c9\u535c\u695e\u5bfa-\u624e\u5c15\u90a3-\u82b1\u6e56-\u5e74\u5b9d\u7389\u5219-\u82e5\u5c14\u76d6\u8349\u539f-\u963f\u4e07\u4ed3\u6e7f\u5730-\u5c15\u6d77\u6e56-\u90ce\u6728\u5bfa 8\u65e5\u6e38","trade_status":"TRADE_SUCCESS","is_total_fee_adjust":"N","total_fee":"1690.00","gmt_payment":"2017-09-26 19:43:56","seller_email":"2287684289@qq.com","price":"1690.00","buyer_id":"2088702029612797","notify_id":"ed9cb1dcb411edd220c35ecda60a596m3i","use_coupon":"N","sign_type":"MD5","sign":"69c48bf5a87eba116cc90ce03f54aec5"}
[2017-09-26 19:43:56][info] 数据存储反馈成功！
[2017-09-26 19:43:56][info] success
[2017-09-26 19:43:56][info] 写入结束!!!
[2017-09-26 20:15:58][info] ----------------------------------------
[2017-09-26 20:15:58][info] {"discount":"0.00","payment_type":"1","trade_no":"2017062521001004890226386788","subject":"\u65b0\u7586\u5168\u666f","buyer_email":"liuyan_741@hotmail.com","gmt_create":"2017-06-25 20:15:07","notify_type":"trade_status_sync","quantity":"1","out_trade_no":"LX-17062511563395706-a","seller_id":"2088421286007493","notify_time":"2017-09-26 20:15:58","body":"\u6c5f\u5e03\u62c9\u514b-\u4e94\u5f69\u6ee9-\u5580\u7eb3\u65af-\u79be\u6728-\u8d5b\u91cc\u6728\u6e56-\u85b0\u8863\u8349\u519c\u573a-\u5580\u62c9\u5cfb-\u90a3\u62c9\u63d0-\u5df4\u97f3\u5e03\u9c81\u514b-\u5410\u9c81\u756a13\u65e5\u6e38","trade_status":"TRADE_FINISHED","is_total_fee_adjust":"N","total_fee":"7950.00","gmt_payment":"2017-06-25 20:15:15","seller_email":"2287684289@qq.com","gmt_close":"2017-09-26 20:15:58","price":"7950.00","buyer_id":"2088002400319894","notify_id":"ad839dfa52a9c1d9a8de98b0831ec1bmva","use_coupon":"N","sign_type":"MD5","sign":"cc85e8a706c8ecf6a255665be10e0e17"}
[2017-09-26 20:15:58][info] 数据存储反馈成功！
[2017-09-26 20:15:58][info] success
[2017-09-26 20:15:58][info] 写入结束!!!
[2017-09-26 20:24:59][info] ----------------------------------------
[2017-09-26 20:24:59][info] {"discount":"0.00","payment_type":"1","trade_no":"2017092621001004610261938901","subject":"\u5357\u7586\u5370\u8c61","buyer_email":"523009908@qq.com","gmt_create":"2017-09-26 20:24:48","notify_type":"trade_status_sync","quantity":"1","out_trade_no":"LX-17092620151741206-b","seller_id":"2088421286007493","notify_time":"2017-09-26 20:24:59","body":"\u8f6e\u53f0\u5854\u91cc\u6728\u80e1\u6768\u6797-\u514b\u5b5c\u5c14\u5343\u4f5b\u6d1e-\u5929\u5c71\u5927\u5ce1\u8c37-\u5580\u4ec0-\u548c\u7530-\u6155\u58eb\u5854\u683c-\u5854\u514b\u62c9\u739b\u5e72\u6c99\u6f2012\u65e5\u4eba\u6587\u98ce\u5149\u6df1\u5ea6\u6e38","trade_status":"TRADE_SUCCESS","is_total_fee_adjust":"N","total_fee":"4980.00","gmt_payment":"2017-09-26 20:24:58","seller_email":"2287684289@qq.com","price":"4980.00","buyer_id":"2088502989202610","notify_id":"3f8d86c41fa5944eea43f3e67d75ad0kpi","use_coupon":"N","sign_type":"MD5","sign":"caacdd2884d172bcf0b92f6b933b58e5"}
[2017-09-26 20:24:59][info] 数据存储反馈成功！
[2017-09-26 20:24:59][info] success
[2017-09-26 20:24:59][info] 写入结束!!!
[2017-09-26 22:22:27][info] ----------------------------------------
[2017-09-26 22:22:27][info] {"discount":"0.00","payment_type":"1","trade_no":"2017092621001004560505871850","subject":"\u989d\u6d4e\u7eb3\u4f11\u95f2\u6e38","buyer_email":"zickzion@163.com","gmt_create":"2017-09-26 22:22:00","notify_type":"trade_status_sync","quantity":"1","out_trade_no":"LX-17092321525387806-1","seller_id":"2088421286007493","notify_time":"2017-09-26 22:22:26","body":"\u989d\u6d4e\u7eb3\u65d7\u80e1\u6768\u6797-\u5609\u5cea\u5173-\u9ed1\u6c34\u57ce-\u602a\u6811\u6797-\u5df4\u4e39\u5409\u6797\u6c99\u6f20-\u5f20\u6396\u4e39\u971e","trade_status":"TRADE_SUCCESS","is_total_fee_adjust":"N","total_fee":"2880.00","gmt_payment":"2017-09-26 22:22:26","seller_email":"2287684289@qq.com","price":"2880.00","buyer_id":"2088002352408561","notify_id":"a047296516a0f0ea3995634e4442e07kbp","use_coupon":"N","sign_type":"MD5","sign":"df343ca9b133404f8aff05c0bf9ef9aa"}
[2017-09-26 22:22:27][info] 数据存储反馈成功！
[2017-09-26 22:22:27][info] success
[2017-09-26 22:22:27][info] 写入结束!!!
[2017-09-26 22:31:05][info] ----------------------------------------
[2017-09-26 22:31:05][info] {"discount":"0.00","payment_type":"1","trade_no":"2017062521001004780267732029","subject":"\u4e1d\u8def\u5dc5\u5cf0\u4f53\u9a8c\u5341\u65e5\u6e38","buyer_email":"lnhui555@163.com","gmt_create":"2017-06-25 22:30:21","notify_type":"trade_status_sync","quantity":"1","out_trade_no":"LX-17061720565193806-8","seller_id":"2088421286007493","notify_time":"2017-09-26 22:31:05","body":"\u6c99\u5c9b-\u9752\u6d77\u6e56-\u8336\u5361\u76d0\u6e56-\u7941\u8fde-\u5f20\u6396-\u5609\u5cea\u5173-\u6566\u714c\u5341\u65e5\u6e38","trade_status":"TRADE_FINISHED","is_total_fee_adjust":"N","total_fee":"8360.00","gmt_payment":"2017-06-25 22:30:35","seller_email":"2287684289@qq.com","gmt_close":"2017-09-26 22:31:04","price":"8360.00","buyer_id":"2088202374710781","notify_id":"5bb5ee740dce290011476fe446ecec3m0q","use_coupon":"N","sign_type":"MD5","sign":"d2a5504db6b10191adc107a7e25eefe8"}
[2017-09-26 22:31:05][info] 数据存储反馈成功！
[2017-09-26 22:31:05][info] success
[2017-09-26 22:31:05][info] 写入结束!!!
