[2017-07-28 06:39:50][info] ----------------------------------------
[2017-07-28 06:39:50][info] {"discount":"0.00","payment_type":"1","trade_no":"2017072821001004330221035438","subject":"\u4e1d\u8def\u5dc5\u5cf0\u4f53\u9a8c\u4e5d\u65e5\u6e38B\u7ebf","buyer_email":"18682365092","gmt_create":"2017-07-28 06:39:33","notify_type":"trade_status_sync","quantity":"1","out_trade_no":"LX-17072413442944101-5","seller_id":"2088421286007493","notify_time":"2017-07-28 06:39:50","body":"\u9752\u6d77\u6e56-\u8336\u5361\u76d0\u6e56-\u9e23\u6c99\u5c71\u6708\u7259\u6cc9-\u83ab\u9ad8\u7a9f-\u96c5\u4e39\u9b54\u9b3c\u57ce-\u5609\u5cea\u5173-\u5f20\u6396\u4e39\u971e-\u9a6c\u8e44\u5bfa-\u5353\u5c14\u5c71\u8f7b\u5962\u52a8\u8f669\u65e5\u6e38","trade_status":"TRADE_SUCCESS","is_total_fee_adjust":"N","total_fee":"6270.00","gmt_payment":"2017-07-28 06:39:49","seller_email":"2287684289@qq.com","price":"6270.00","buyer_id":"2088502826979334","notify_id":"252c25af05f0c6330e24495b59f3b84ijq","use_coupon":"N","sign_type":"MD5","sign":"4ce7bedfe9833a17f800421b356319db"}
[2017-07-28 06:39:50][info] 数据存储反馈成功！
[2017-07-28 06:39:50][info] success
[2017-07-28 06:39:50][info] 写入结束!!!
[2017-07-28 09:17:23][info] ----------------------------------------
[2017-07-28 09:17:23][info] {"discount":"0.00","payment_type":"1","trade_no":"2017072821001004900200363393","subject":"\u4e1d\u8def\u5dc5\u5cf0\u4f53\u9a8c\u4e5d\u65e5\u6e38B\u7ebf","buyer_email":"13984097108","gmt_create":"2017-07-28 09:16:26","notify_type":"trade_status_sync","quantity":"1","out_trade_no":"LX-17072715382063901-8","seller_id":"2088421286007493","notify_time":"2017-07-28 09:17:23","body":"\u9752\u6d77\u6e56-\u8336\u5361\u76d0\u6e56-\u9e23\u6c99\u5c71\u6708\u7259\u6cc9-\u83ab\u9ad8\u7a9f-\u96c5\u4e39\u9b54\u9b3c\u57ce-\u5609\u5cea\u5173-\u5f20\u6396\u4e39\u971e-\u9a6c\u8e44\u5bfa-\u5353\u5c14\u5c71\u8f7b\u5962\u52a8\u8f669\u65e5\u6e38","trade_status":"TRADE_SUCCESS","is_total_fee_adjust":"N","total_fee":"8160.00","gmt_payment":"2017-07-28 09:17:22","seller_email":"2287684289@qq.com","price":"8160.00","buyer_id":"2088502609597908","notify_id":"b9f7a7a9239c4a77e6dd611a4fbdf07my2","use_coupon":"N","sign_type":"MD5","sign":"d4340bdd15e1389db2e6ec9b1db75464"}
[2017-07-28 09:17:23][info] 数据存储反馈成功！
[2017-07-28 09:17:23][info] success
[2017-07-28 09:17:23][info] 写入结束!!!
[2017-07-28 09:26:30][info] ----------------------------------------
[2017-07-28 09:26:30][info] {"discount":"0.00","payment_type":"1","trade_no":"2017072821001004360253204812","subject":"\u65b0\u7586\u5168\u666f","buyer_email":"13589338706","gmt_create":"2017-07-28 09:26:13","notify_type":"trade_status_sync","quantity":"1","out_trade_no":"LX-17072716122441801-c","seller_id":"2088421286007493","notify_time":"2017-07-28 09:26:30","body":"\u5580\u7eb3\u65af-\u79be\u6728-\u8d5b\u91cc\u6728\u6e56-\u85b0\u8863\u8349\u519c\u573a-\u5580\u62c9\u5cfb-\u90a3\u62c9\u63d0-\u5df4\u97f3\u5e03\u9c81\u514b-\u6c5f\u5e03\u62c9\u514b-\u4e94\u5f69\u6ee9-\u5410\u9c81\u756a13\u65e5\u6e38","trade_status":"TRADE_SUCCESS","is_total_fee_adjust":"N","total_fee":"5380.00","gmt_payment":"2017-07-28 09:26:29","seller_email":"2287684289@qq.com","price":"5380.00","buyer_id":"2088502870605362","notify_id":"be432c73f952571e8c14030653c1ed0is2","use_coupon":"N","sign_type":"MD5","sign":"d7471d68f5b134f4823ddadd233353a8"}
[2017-07-28 09:26:30][info] 数据存储反馈成功！
[2017-07-28 09:26:30][info] success
[2017-07-28 09:26:30][info] 写入结束!!!
[2017-07-28 10:16:03][info] ----------------------------------------
[2017-07-28 10:16:03][info] {"discount":"0.00","payment_type":"1","trade_no":"2017072821001004710274766146","subject":"\u65b0\u7586\u7cbe\u534e","buyer_email":"lylitn@sina.com","gmt_create":"2017-07-28 10:10:59","notify_type":"trade_status_sync","quantity":"1","out_trade_no":"LX-17072722301074606-0","seller_id":"2088421286007493","notify_time":"2017-07-28 10:16:03","body":"\u5929\u5c71\u5929\u6c60-\u5580\u7eb3\u65af-\u79be\u6728-\u4e94\u5f69\u6ee9-\u8d5b\u91cc\u6728\u6e56-\u85b0\u8863\u8349\u5e84\u56ed-\u90a3\u62c9\u63d0-\u5df4\u97f3\u5e03\u9c81\u514b-\u5410\u9c81\u756a11\u65e5\u6e38","trade_status":"TRADE_SUCCESS","is_total_fee_adjust":"N","total_fee":"11840.00","gmt_payment":"2017-07-28 10:16:03","seller_email":"2287684289@qq.com","price":"11840.00","buyer_id":"2088002033447711","notify_id":"dbe7f22250c35986cab96307ed40d62lha","use_coupon":"N","sign_type":"MD5","sign":"2d7ce7d52d8e9256f6748bfcffa74a67"}
[2017-07-28 10:16:04][info] 数据存储反馈成功！
[2017-07-28 10:16:04][info] success
[2017-07-28 10:16:04][info] 写入结束!!!
[2017-07-28 10:17:29][info] ----------------------------------------
[2017-07-28 10:17:29][info] {"discount":"0.00","payment_type":"1","trade_no":"2017072821001004270252763816","subject":"\u575d\u4e0a\u4f11\u95f2B\u7ebf","buyer_email":"cookky@sohu.com","gmt_create":"2017-07-28 10:17:20","notify_type":"trade_status_sync","quantity":"1","out_trade_no":"LX-17072221375064806-4","seller_id":"2088421286007493","notify_time":"2017-07-28 10:17:29","body":"2017\u72ec\u5bb6\u575d\u4e0a\u73af\u7ebf\uff1a\u7a7f\u8d8a\u8349\u539f\u5929\u8def\uff0c\u6492\u6b22\u4e4c\u5170\u5e03\u7edf\uff0c\u627f\u5fb7\u907f\u6691\u5c71\u5e84\uff0c\u91d1\u5c71\u5cad\u957f\u57ce\/\u6155\u7530\u5cea\u957f\u57ce7\u65e5\uff08\u5168\u666f\u4e4b\u65c5\uff0c\u7f8e\u666f\u4e00\u7f51\u6253\u5c3d\uff09","trade_status":"TRADE_SUCCESS","is_total_fee_adjust":"N","total_fee":"9720.00","gmt_payment":"2017-07-28 10:17:29","seller_email":"2287684289@qq.com","price":"9720.00","buyer_id":"2088002099446273","notify_id":"c1975e4cf13422a89b22ff182684493i32","use_coupon":"N","sign_type":"MD5","sign":"71e232dcc2a4e091ebcdae0bb4c67908"}
[2017-07-28 10:17:30][info] 数据存储反馈成功！
[2017-07-28 10:17:30][info] success
[2017-07-28 10:17:30][info] 写入结束!!!
[2017-07-28 10:19:28][info] ----------------------------------------
[2017-07-28 10:19:28][info] {"discount":"0.00","payment_type":"1","trade_no":"2017072821001004730285956275","subject":"\u7518\u5357\u5168\u666f","buyer_email":"18997392073","gmt_create":"2017-07-28 10:18:50","notify_type":"trade_status_sync","quantity":"1","out_trade_no":"LX-17071222313050206-4","seller_id":"2088421286007493","notify_time":"2017-07-28 10:19:28","body":"2017\u5e74\u72ec\u5bb6  \u62c9\u535c\u695e\u5bfa-\u624e\u5c15\u90a3-\u82b1\u6e56-\u5e74\u5b9d\u7389\u5219-\u82e5\u5c14\u76d6\u8349\u539f-\u963f\u4e07\u4ed3\u6e7f\u5730-\u5c15\u6d77\u6e56-\u90ce\u6728\u5bfa 8\u65e5\u6e38","trade_status":"TRADE_SUCCESS","is_total_fee_adjust":"N","total_fee":"3510.00","gmt_payment":"2017-07-28 10:19:27","seller_email":"2287684289@qq.com","price":"3510.00","buyer_id":"2088022348107735","notify_id":"13f1ec4020306498d734ca22dfcbb2almu","use_coupon":"N","sign_type":"MD5","sign":"3b43d6ea7dc3c686c8326f59b709a517"}
[2017-07-28 10:19:28][info] 数据存储反馈成功！
[2017-07-28 10:19:28][info] success
[2017-07-28 10:19:28][info] 写入结束!!!
[2017-07-28 10:40:04][info] ----------------------------------------
[2017-07-28 10:40:04][info] {"discount":"0.00","payment_type":"1","trade_no":"2017072821001004060202890440","subject":"\u4e1d\u7ef8\u4e4b\u8def\u5168\u666f\u6e389\u65e5","buyer_email":"624169252@qq.com","gmt_create":"2017-07-28 10:39:50","notify_type":"trade_status_sync","quantity":"1","out_trade_no":"LX-17072711404638401-f","seller_id":"2088421286007493","notify_time":"2017-07-28 10:40:04","body":"\u72ec\u5bb6\u6c34\u4e0a\u9b54\u9b3c\u57ce-\u65e0\u4eba\u533a\u539f\u751f\u6001\u96c5\u4e39\u63a2\u79d8-\u9752\u6d77\u6e56-\u8336\u5361\u76d0\u6e56-\u83ab\u9ad8\u7a9f-\u9e23\u6c99\u5c71\u6708\u7259\u6cc9-\u5f20\u6396\u4e39\u971e-\u5353\u5c14\u5c719\u65e5\u6e38","trade_status":"TRADE_SUCCESS","is_total_fee_adjust":"N","total_fee":"3780.00","gmt_payment":"2017-07-28 10:40:04","seller_email":"2287684289@qq.com","price":"3780.00","buyer_id":"2088602112696061","notify_id":"75fac82f44955dabd04996c51aeef99ggq","use_coupon":"N","sign_type":"MD5","sign":"0bae36bbde54bfbdfe2dbb08de46db0c"}
[2017-07-28 10:40:05][info] 数据存储反馈成功！
[2017-07-28 10:40:05][info] success
[2017-07-28 10:40:05][info] 写入结束!!!
[2017-07-28 10:45:58][info] ----------------------------------------
[2017-07-28 10:45:58][info] {"discount":"0.00","payment_type":"1","trade_no":"2017072821001004900200456567","subject":"\u8d35\u5dde\u5168\u666f\u6e38","buyer_email":"wanghaibin@he.chinamobile.com","gmt_create":"2017-07-28 10:45:19","notify_type":"trade_status_sync","quantity":"1","out_trade_no":"LX-17072810355547906-c","seller_id":"2088421286007493","notify_time":"2017-07-28 10:45:57","body":"\u897f\u6c5f\u5343\u6237\u82d7\u5be8-\u8354\u6ce2-\u9ed4\u4e1c\u5357-\u9547\u8fdc-\u9ec4\u679c\u6811-\u79d8\u5883\u8302\u5170\u6df1\u5ea6\u7eaf\u73a9\u4e5d\u65e5\u6e38","trade_status":"TRADE_SUCCESS","is_total_fee_adjust":"N","total_fee":"5130.00","gmt_payment":"2017-07-28 10:45:57","seller_email":"2287684289@qq.com","price":"5130.00","buyer_id":"2088002248207902","notify_id":"574b3580b70c0c0c01fcdebe65fae8emy2","use_coupon":"N","sign_type":"MD5","sign":"6a3852155f3577b42866d75526a335a9"}
[2017-07-28 10:45:58][info] 数据存储反馈成功！
[2017-07-28 10:45:58][info] success
[2017-07-28 10:45:58][info] 写入结束!!!
[2017-07-28 10:47:05][info] ----------------------------------------
[2017-07-28 10:47:05][info] {"discount":"0.00","payment_type":"1","trade_no":"2017072821001004620270063576","subject":"\u7518\u5357\u5168\u666f","buyer_email":"13509689641","gmt_create":"2017-07-28 10:46:53","notify_type":"trade_status_sync","quantity":"1","out_trade_no":"LX-17072122355449606-5","seller_id":"2088421286007493","notify_time":"2017-07-28 10:47:05","body":"2017\u5e74\u72ec\u5bb6  \u62c9\u535c\u695e\u5bfa-\u624e\u5c15\u90a3-\u82b1\u6e56-\u5e74\u5b9d\u7389\u5219-\u82e5\u5c14\u76d6\u8349\u539f-\u963f\u4e07\u4ed3\u6e7f\u5730-\u5c15\u6d77\u6e56-\u90ce\u6728\u5bfa 8\u65e5\u6e38","trade_status":"TRADE_SUCCESS","is_total_fee_adjust":"N","total_fee":"5750.00","gmt_payment":"2017-07-28 10:47:04","seller_email":"2287684289@qq.com","price":"5750.00","buyer_id":"2088622800661629","notify_id":"ed93c74458b4213551474fe36e152feksa","use_coupon":"N","sign_type":"MD5","sign":"917554174b253232b9d65f7b330380b2"}
[2017-07-28 10:47:05][info] 数据存储反馈成功！
[2017-07-28 10:47:05][info] success
[2017-07-28 10:47:05][info] 写入结束!!!
[2017-07-28 11:25:12][info] ----------------------------------------
[2017-07-28 11:25:12][info] {"discount":"0.00","payment_type":"1","trade_no":"2017072821001004430232724997","subject":"\u4e1d\u7ef8\u4e4b\u8def\u7ecf\u5178\u4e5d\u65e5","buyer_email":"13957071190","gmt_create":"2017-07-28 11:25:02","notify_type":"trade_status_sync","quantity":"1","out_trade_no":"LX-17063015311373201-6","seller_id":"2088421286007493","notify_time":"2017-07-28 11:25:12","body":"\u6c99\u5c9b-\u9752\u6d77\u6e56-\u8336\u5361\u76d0\u6e56-\u5353\u5c14\u5c71-\u5f20\u6396\u4e39\u971e-\u5609\u5cea\u5173-\u6566\u714c9\u65e5\u6e38","trade_status":"TRADE_SUCCESS","is_total_fee_adjust":"N","total_fee":"3625.00","gmt_payment":"2017-07-28 11:25:12","seller_email":"2287684289@qq.com","price":"3625.00","buyer_id":"2088422562409433","notify_id":"7e129d083dd9ff6af59a30bad814afcjbi","use_coupon":"N","sign_type":"MD5","sign":"6f73ca86d890d9c58bf3fefe09702585"}
[2017-07-28 11:25:12][info] 数据存储反馈成功！
[2017-07-28 11:25:12][info] success
[2017-07-28 11:25:12][info] 写入结束!!!
[2017-07-28 12:14:09][info] ----------------------------------------
[2017-07-28 12:14:09][info] {"discount":"0.00","payment_type":"1","trade_no":"2017072821001004810256959615","subject":"\u5317\u7586\u91d1\u79cb\u7ecf\u5178\u73af\u7ebf","buyer_email":"13567484521","gmt_create":"2017-07-28 12:09:39","notify_type":"trade_status_sync","quantity":"1","out_trade_no":"LX-17071319351467206-f","seller_id":"2088421286007493","notify_time":"2017-07-28 12:14:09","body":"\u5580\u7eb3\u65af-\u767d\u54c8\u5df4-\u79be\u6728-\u4e94\u5f69\u6ee9-\u9b54\u9b3c\u57ce-\u53ef\u53ef\u6258\u6d77 9\u65e5\u6df1\u5ea6\u6e38","trade_status":"TRADE_SUCCESS","is_total_fee_adjust":"N","total_fee":"17600.00","gmt_payment":"2017-07-28 12:14:09","seller_email":"2287684289@qq.com","price":"17600.00","buyer_id":"2088312054390810","notify_id":"54f3b6546449fb36036fda4ad4c5b8bm92","use_coupon":"N","sign_type":"MD5","sign":"6fe100006bfd3b6ad1ab6ef8952704fe"}
[2017-07-28 12:14:10][info] 数据存储反馈成功！
[2017-07-28 12:14:10][info] success
[2017-07-28 12:14:10][info] 写入结束!!!
[2017-07-28 13:47:49][info] ----------------------------------------
[2017-07-28 13:47:49][info] {"discount":"0.00","payment_type":"1","trade_no":"2017072821001004820288869378","subject":"\u4e1d\u7ef8\u4e4b\u8def\u7cbe\u534e\u4e03\u65e5\u6e38","buyer_email":"jslyggnly@163.com","gmt_create":"2017-07-28 13:47:09","notify_type":"trade_status_sync","quantity":"1","out_trade_no":"LX-17072810475841006-2","seller_id":"2088421286007493","notify_time":"2017-07-28 13:47:49","body":"2017\u5e74\u9752\u6d77\u6e56-\u8336\u5361\u76d0\u6e56-\u6566\u714c-\u5609\u5cea\u5173-\u5f20\u6396\u4e39\u971e\u4e03\u65e5\u6e38","trade_status":"TRADE_SUCCESS","is_total_fee_adjust":"N","total_fee":"6360.00","gmt_payment":"2017-07-28 13:47:48","seller_email":"2287684289@qq.com","price":"6360.00","buyer_id":"2088802934586827","notify_id":"7b9f4e4e452e8a96d50f2701824ca0embu","use_coupon":"N","sign_type":"MD5","sign":"293d2b0bd2c8a6f1112e5eb92e9324ac"}
[2017-07-28 13:47:49][info] 数据存储反馈成功！
[2017-07-28 13:47:49][info] success
[2017-07-28 13:47:49][info] 写入结束!!!
[2017-07-28 15:16:29][info] ----------------------------------------
[2017-07-28 15:16:29][info] {"discount":"0.00","payment_type":"1","trade_no":"2017072821001004030248417443","subject":"\u575d\u4e0a\u4f11\u95f2B\u7ebf","buyer_email":"13812198768","gmt_create":"2017-07-28 15:16:02","notify_type":"trade_status_sync","quantity":"1","out_trade_no":"LX-17071109155035901-c","seller_id":"2088421286007493","notify_time":"2017-07-28 15:16:28","body":"2017\u72ec\u5bb6\u575d\u4e0a\u73af\u7ebf\uff1a\u7a7f\u8d8a\u8349\u539f\u5929\u8def\uff0c\u6492\u6b22\u4e4c\u5170\u5e03\u7edf\uff0c\u627f\u5fb7\u907f\u6691\u5c71\u5e84\uff0c\u91d1\u5c71\u5cad\u957f\u57ce\/\u6155\u7530\u5cea\u957f\u57ce7\u65e5\uff08\u5168\u666f\u4e4b\u65c5\uff0c\u7f8e\u666f\u4e00\u7f51\u6253\u5c3d\uff09","trade_status":"TRADE_SUCCESS","is_total_fee_adjust":"N","total_fee":"2980.00","gmt_payment":"2017-07-28 15:16:28","seller_email":"2287684289@qq.com","price":"2980.00","buyer_id":"2088412612688035","notify_id":"5fb45e54136d653f24496e9ba458db9g8e","use_coupon":"N","sign_type":"MD5","sign":"fcf42f0d82c0440b8823190f6e57d47e"}
[2017-07-28 15:16:29][info] 数据存储反馈成功！
[2017-07-28 15:16:29][info] success
[2017-07-28 15:16:29][info] 写入结束!!!
[2017-07-28 15:33:08][info] ----------------------------------------
[2017-07-28 15:33:08][info] {"discount":"0.00","payment_type":"1","trade_no":"2017072821001004360253864490","subject":"\u65b0\u7586\u5168\u666f","buyer_email":"13589338706","gmt_create":"2017-07-28 15:31:58","notify_type":"trade_status_sync","quantity":"1","out_trade_no":"LX-17072716122441801-9","seller_id":"2088421286007493","notify_time":"2017-07-28 15:33:08","body":"\u5580\u7eb3\u65af-\u79be\u6728-\u8d5b\u91cc\u6728\u6e56-\u85b0\u8863\u8349\u519c\u573a-\u5580\u62c9\u5cfb-\u90a3\u62c9\u63d0-\u5df4\u97f3\u5e03\u9c81\u514b-\u6c5f\u5e03\u62c9\u514b-\u4e94\u5f69\u6ee9-\u5410\u9c81\u756a13\u65e5\u6e38","trade_status":"TRADE_SUCCESS","is_total_fee_adjust":"N","total_fee":"5380.00","gmt_payment":"2017-07-28 15:33:08","seller_email":"2287684289@qq.com","price":"5380.00","buyer_id":"2088502870605362","notify_id":"cf8f682d099924d30c04de1603b6bd5is2","use_coupon":"N","sign_type":"MD5","sign":"eac6233a327456d35db420cfdb7aa3ca"}
[2017-07-28 15:33:09][info] 数据存储反馈成功！
[2017-07-28 15:33:09][info] success
[2017-07-28 15:33:09][info] 写入结束!!!
[2017-07-28 17:08:43][info] ----------------------------------------
[2017-07-28 17:08:43][info] {"discount":"0.00","payment_type":"1","trade_no":"2017072821001004200248540217","subject":"\u65b0\u7586\u5168\u666f","buyer_email":"lucial@vip.sina.com","gmt_create":"2017-07-28 17:08:17","notify_type":"trade_status_sync","quantity":"1","out_trade_no":"LX-17072413034219601-4","seller_id":"2088421286007493","notify_time":"2017-07-28 17:08:43","body":"\u5580\u7eb3\u65af-\u79be\u6728-\u8d5b\u91cc\u6728\u6e56-\u85b0\u8863\u8349\u519c\u573a-\u5580\u62c9\u5cfb-\u90a3\u62c9\u63d0-\u5df4\u97f3\u5e03\u9c81\u514b-\u6c5f\u5e03\u62c9\u514b-\u4e94\u5f69\u6ee9-\u5410\u9c81\u756a13\u65e5\u6e38","trade_status":"TRADE_SUCCESS","is_total_fee_adjust":"N","total_fee":"2690.00","gmt_payment":"2017-07-28 17:08:43","seller_email":"2287684289@qq.com","price":"2690.00","buyer_id":"2088202390325204","notify_id":"885ca4416f6e4c8e07d0a5bd07e3e85hjm","use_coupon":"N","sign_type":"MD5","sign":"b90780ee2855c222f4d0419badbf9432"}
[2017-07-28 17:08:44][info] 数据存储反馈成功！
[2017-07-28 17:08:44][info] success
[2017-07-28 17:08:44][info] 写入结束!!!
[2017-07-28 18:59:52][info] ----------------------------------------
[2017-07-28 18:59:52][info] {"discount":"0.00","payment_type":"1","trade_no":"2017072821001004270253768967","subject":"\u4e1d\u7ef8\u4e4b\u8def\u5168\u666f\u6e389\u65e5","buyer_email":"aaaying@eyou.com","gmt_create":"2017-07-28 18:59:38","notify_type":"trade_status_sync","quantity":"1","out_trade_no":"LX-17070911170331606-4","seller_id":"2088421286007493","notify_time":"2017-07-28 18:59:52","body":"\u72ec\u5bb6\u6c34\u4e0a\u9b54\u9b3c\u57ce-\u65e0\u4eba\u533a\u539f\u751f\u6001\u96c5\u4e39\u63a2\u79d8-\u9752\u6d77\u6e56-\u8336\u5361\u76d0\u6e56-\u83ab\u9ad8\u7a9f-\u9e23\u6c99\u5c71\u6708\u7259\u6cc9-\u5f20\u6396\u4e39\u971e-\u5353\u5c14\u5c719\u65e5\u6e38","trade_status":"TRADE_SUCCESS","is_total_fee_adjust":"N","total_fee":"3700.00","gmt_payment":"2017-07-28 18:59:52","seller_email":"2287684289@qq.com","price":"3700.00","buyer_id":"2088002001934270","notify_id":"920e21614e23c2ee3d2c36d767eebc4i32","use_coupon":"N","sign_type":"MD5","sign":"31ee295ce70d6ebec24c9f143476db07"}
[2017-07-28 18:59:52][info] 数据存储反馈成功！
[2017-07-28 18:59:52][info] success
[2017-07-28 18:59:52][info] 写入结束!!!
[2017-07-28 23:15:54][info] ----------------------------------------
[2017-07-28 23:15:54][info] {"discount":"0.00","payment_type":"1","trade_no":"2017072821001004460253706832","subject":"\u65b0\u7586\u5168\u666f","buyer_email":"18922395730","gmt_create":"2017-07-28 23:15:43","notify_type":"trade_status_sync","quantity":"1","out_trade_no":"LX-17062314082763506-e","seller_id":"2088421286007493","notify_time":"2017-07-28 23:15:54","body":"\u5580\u7eb3\u65af-\u79be\u6728-\u8d5b\u91cc\u6728\u6e56-\u85b0\u8863\u8349\u519c\u573a-\u5580\u62c9\u5cfb-\u90a3\u62c9\u63d0-\u5df4\u97f3\u5e03\u9c81\u514b-\u6c5f\u5e03\u62c9\u514b-\u4e94\u5f69\u6ee9-\u5410\u9c81\u756a13\u65e5\u6e38","trade_status":"TRADE_SUCCESS","is_total_fee_adjust":"N","total_fee":"6720.00","gmt_payment":"2017-07-28 23:15:53","seller_email":"2287684289@qq.com","price":"6720.00","buyer_id":"2088502693994465","notify_id":"9ece527e31a683f611a30d93c91a94cjju","use_coupon":"N","sign_type":"MD5","sign":"b333bc77d3b86c3a4684faff28a82ee7"}
[2017-07-28 23:15:54][info] 数据存储反馈成功！
[2017-07-28 23:15:54][info] success
[2017-07-28 23:15:54][info] 写入结束!!!
