[2017-06-25 09:02:28][info] ----------------------------------------
[2017-06-25 09:02:28][info] {"discount":"0.00","payment_type":"1","trade_no":"2017061621001004180200738638","subject":"\u65b0\u7586\u5168\u666f","buyer_email":"18650051299","gmt_create":"2017-06-16 12:39:42","notify_type":"trade_status_sync","quantity":"1","out_trade_no":"LX-17061321074920006-f","seller_id":"2088421286007493","notify_time":"2017-06-25 09:02:28","body":"\u6c5f\u5e03\u62c9\u514b-\u4e94\u5f69\u6ee9-\u5580\u7eb3\u65af-\u79be\u6728-\u8d5b\u91cc\u6728\u6e56-\u85b0\u8863\u8349\u519c\u573a-\u5580\u62c9\u5cfb-\u90a3\u62c9\u63d0-\u5df4\u97f3\u5e03\u9c81\u514b-\u5410\u9c81\u756a13\u65e5\u6e38","trade_status":"TRADE_SUCCESS","is_total_fee_adjust":"N","total_fee":"5280.00","gmt_payment":"2017-06-25 09:02:28","seller_email":"2287684289@qq.com","price":"5280.00","buyer_id":"2088902294632188","notify_id":"c6adc660ca706c0e92d88b281b500behe2","use_coupon":"N","sign_type":"MD5","sign":"e05207eaa0350ca5ef3d032e1427772d"}
[2017-06-25 09:02:29][info] 数据存储反馈成功！
[2017-06-25 09:02:29][info] success
[2017-06-25 09:02:29][info] 写入结束!!!
[2017-06-25 09:57:42][info] ----------------------------------------
[2017-06-25 09:57:42][info] {"discount":"0.00","payment_type":"1","trade_no":"2017062521001004150270880925","subject":"\u4e1d\u7ef8\u4e4b\u8def\u7ecf\u5178\u4e5d\u65e5","buyer_email":"13910962909","gmt_create":"2017-06-25 09:57:12","notify_type":"trade_status_sync","quantity":"1","out_trade_no":"LX-17051514385990306-6","seller_id":"2088421286007493","notify_time":"2017-06-25 09:57:42","body":"\u6c99\u5c9b-\u9752\u6d77\u6e56-\u8336\u5361\u76d0\u6e56-\u5353\u5c14\u5c71-\u5f20\u6396\u4e39\u971e-\u5609\u5cea\u5173-\u6566\u714c9\u65e5\u6e38","trade_status":"TRADE_SUCCESS","is_total_fee_adjust":"N","total_fee":"7560.00","gmt_payment":"2017-06-25 09:57:41","seller_email":"2287684289@qq.com","price":"7560.00","buyer_id":"2088302154406155","notify_id":"ce2fad6b5d6663d701796e1bc9ffd10h5q","use_coupon":"N","sign_type":"MD5","sign":"fb2a4e326c43e3c61856e00fc5a710b4"}
[2017-06-25 09:57:42][info] 数据存储反馈成功！
[2017-06-25 09:57:42][info] success
[2017-06-25 09:57:42][info] 写入结束!!!
[2017-06-25 20:15:16][info] ----------------------------------------
[2017-06-25 20:15:16][info] {"discount":"0.00","payment_type":"1","trade_no":"2017062521001004890226386788","subject":"\u65b0\u7586\u5168\u666f","buyer_email":"liuyan_741@hotmail.com","gmt_create":"2017-06-25 20:15:07","notify_type":"trade_status_sync","quantity":"1","out_trade_no":"LX-17062511563395706-a","seller_id":"2088421286007493","notify_time":"2017-06-25 20:15:16","body":"\u6c5f\u5e03\u62c9\u514b-\u4e94\u5f69\u6ee9-\u5580\u7eb3\u65af-\u79be\u6728-\u8d5b\u91cc\u6728\u6e56-\u85b0\u8863\u8349\u519c\u573a-\u5580\u62c9\u5cfb-\u90a3\u62c9\u63d0-\u5df4\u97f3\u5e03\u9c81\u514b-\u5410\u9c81\u756a13\u65e5\u6e38","trade_status":"TRADE_SUCCESS","is_total_fee_adjust":"N","total_fee":"7950.00","gmt_payment":"2017-06-25 20:15:15","seller_email":"2287684289@qq.com","price":"7950.00","buyer_id":"2088002400319894","notify_id":"f0ecb6b958e113ba79e0906a3934e46mva","use_coupon":"N","sign_type":"MD5","sign":"855201ade37d32c3ab8048ef62f6d24d"}
[2017-06-25 20:15:16][info] 数据存储反馈成功！
[2017-06-25 20:15:16][info] success
[2017-06-25 20:15:16][info] 写入结束!!!
[2017-06-25 22:30:36][info] ----------------------------------------
[2017-06-25 22:30:36][info] {"discount":"0.00","payment_type":"1","trade_no":"2017062521001004780267732029","subject":"\u4e1d\u8def\u5dc5\u5cf0\u4f53\u9a8c\u5341\u65e5\u6e38","buyer_email":"lnhui555@163.com","gmt_create":"2017-06-25 22:30:21","notify_type":"trade_status_sync","quantity":"1","out_trade_no":"LX-17061720565193806-8","seller_id":"2088421286007493","notify_time":"2017-06-25 22:30:36","body":"\u6c99\u5c9b-\u9752\u6d77\u6e56-\u8336\u5361\u76d0\u6e56-\u7941\u8fde-\u5f20\u6396-\u5609\u5cea\u5173-\u6566\u714c\u5341\u65e5\u6e38","trade_status":"TRADE_SUCCESS","is_total_fee_adjust":"N","total_fee":"8360.00","gmt_payment":"2017-06-25 22:30:35","seller_email":"2287684289@qq.com","price":"8360.00","buyer_id":"2088202374710781","notify_id":"ee78c850164fa7d4429a915dc7e182bm0q","use_coupon":"N","sign_type":"MD5","sign":"19078674b98ea0e0732b0ef4455ec1f7"}
[2017-06-25 22:30:36][info] 数据存储反馈成功！
[2017-06-25 22:30:36][info] success
[2017-06-25 22:30:36][info] 写入结束!!!
