[2017-06-23 09:21:14][info] ----------------------------------------
[2017-06-23 09:21:14][info] {"discount":"0.00","payment_type":"1","trade_no":"2017062321001004190252045834","subject":"\u884c\u6444\u7518\u5357","buyer_email":"15934135961","gmt_create":"2017-06-23 09:21:07","notify_type":"trade_status_sync","quantity":"1","out_trade_no":"LX-17062220470242106-f","seller_id":"2088421286007493","notify_time":"2017-06-23 09:21:14","body":"2017\u5e74\u5e74\u5b9d\u7389\u5219-\u624e\u5c15\u90a3-\u90ce\u6728\u5bfa-\u5510\u514b-\u62c9\u535c\u695e\u5bfa-\u82e5\u5c14\u76d6\u4e5d\u65e5\u6444\u5f71\u6e38-\u9886\u8896\u6237\u5916\u72ec\u5bb6\u7ebf\u8def","trade_status":"TRADE_SUCCESS","is_total_fee_adjust":"N","total_fee":"1790.00","gmt_payment":"2017-06-23 09:21:14","seller_email":"2287684289@qq.com","price":"1790.00","buyer_id":"2088302064765193","notify_id":"fc4a13ee59dda8209ac949a56ca8e49hgu","use_coupon":"N","sign_type":"MD5","sign":"21b3cdc03a0e69a4fd120842ae3bb879"}
[2017-06-23 09:21:15][info] 数据存储反馈成功！
[2017-06-23 09:21:15][info] success
[2017-06-23 09:21:15][info] 写入结束!!!
[2017-06-23 09:54:02][info] ----------------------------------------
[2017-06-23 09:54:02][info] {"discount":"0.00","payment_type":"1","trade_no":"2017032421001004150223476706","subject":"\u96ea\u57df\u6843\u82b1\u6df1\u5ea6\u6e38","buyer_email":"aaaaaa20010160@sina.com","gmt_create":"2017-03-24 09:50:08","notify_type":"trade_status_sync","quantity":"1","out_trade_no":"LX-17021309355028601-2","seller_id":"2088421286007493","notify_time":"2017-06-23 09:54:02","body":"2017\u5e74\u6797\u829d\u6843\u82b1\u6c9f-\u6ce2\u5bc6\u560e\u6717-\u5357\u8fe6\u5df4\u74e6\u5cf0-\u7136\u4e4c\u6e56-\u7c73\u5806\u51b0\u5ddd\u516b\u65e5\u6e38","trade_status":"TRADE_FINISHED","is_total_fee_adjust":"N","total_fee":"5370.00","gmt_payment":"2017-03-24 09:53:01","seller_email":"2287684289@qq.com","gmt_close":"2017-06-23 09:54:02","price":"5370.00","buyer_id":"2088502178892152","notify_id":"f6b5b3d0928490fcd2991bddbac649fh5q","use_coupon":"N","sign_type":"MD5","sign":"fbc98abd7c4ddb9700a91b6d2ed3940c"}
[2017-06-23 09:54:02][info] 数据存储反馈成功！
[2017-06-23 09:54:02][info] success
[2017-06-23 09:54:02][info] 写入结束!!!
[2017-06-23 10:44:08][info] ----------------------------------------
[2017-06-23 10:44:08][info] {"discount":"0.00","payment_type":"1","trade_no":"2017062321001004840226441471","subject":"\u65b0\u7586\u5168\u666f","buyer_email":"lixiongwei@tom.com","gmt_create":"2017-06-23 10:42:29","notify_type":"trade_status_sync","quantity":"1","out_trade_no":"LX-17061413585259206-1","seller_id":"2088421286007493","notify_time":"2017-06-23 10:44:08","body":"\u6c5f\u5e03\u62c9\u514b-\u4e94\u5f69\u6ee9-\u5580\u7eb3\u65af-\u79be\u6728-\u8d5b\u91cc\u6728\u6e56-\u85b0\u8863\u8349\u519c\u573a-\u5580\u62c9\u5cfb-\u90a3\u62c9\u63d0-\u5df4\u97f3\u5e03\u9c81\u514b-\u5410\u9c81\u756a13\u65e5\u6e38","trade_status":"TRADE_SUCCESS","is_total_fee_adjust":"N","total_fee":"18670.00","gmt_payment":"2017-06-23 10:44:08","seller_email":"2287684289@qq.com","price":"18670.00","buyer_id":"2088102636855846","notify_id":"696d4f4af807a8539bb5aad46dcafd4mhe","use_coupon":"N","sign_type":"MD5","sign":"5a9a3b7de2b1521b7506c21404e2ac1f"}
[2017-06-23 10:44:09][info] 数据存储反馈成功！
[2017-06-23 10:44:09][info] success
[2017-06-23 10:44:09][info] 写入结束!!!
[2017-06-23 16:23:26][info] ----------------------------------------
[2017-06-23 16:23:26][info] {"discount":"0.00","payment_type":"1","trade_no":"2017062321001004010287324024","subject":"\u7518\u5357\u5168\u666f","buyer_email":"13306415189","gmt_create":"2017-06-23 16:23:12","notify_type":"trade_status_sync","quantity":"1","out_trade_no":"LX-17053018141699206-c","seller_id":"2088421286007493","notify_time":"2017-06-23 16:23:26","body":"2017\u5e74\u72ec\u5bb6  \u516b\u89d2\u57ce-\u624e\u5c15\u90a3-\u82b1\u6e56-\u5e74\u5b9d\u7389\u5219-\u82e5\u5c14\u76d6\u8349\u539f-\u963f\u4e07\u4ed3\u6e7f\u5730-\u90ce\u6728\u5bfa 8\u65e5\u6e38","trade_status":"TRADE_SUCCESS","is_total_fee_adjust":"N","total_fee":"2880.00","gmt_payment":"2017-06-23 16:23:26","seller_email":"2287684289@qq.com","price":"2880.00","buyer_id":"2088522250801018","notify_id":"3c6a8cff7d0be5777166f0302d2da72g2u","use_coupon":"N","sign_type":"MD5","sign":"6eea114e8b958876b040d2cf1c2bac15"}
[2017-06-23 16:23:27][info] 数据存储反馈成功！
[2017-06-23 16:23:27][info] success
[2017-06-23 16:23:27][info] 写入结束!!!
[2017-06-23 16:47:45][info] ----------------------------------------
[2017-06-23 16:47:45][info] {"discount":"0.00","payment_type":"1","trade_no":"2017062321001004440290542507","subject":"\u575d\u4e0a\u7a7f\u8d8a\u7ebf","buyer_email":"13823662142","gmt_create":"2017-06-23 16:47:12","notify_type":"trade_status_sync","quantity":"1","out_trade_no":"LX-17061519515748706-6","seller_id":"2088421286007493","notify_time":"2017-06-23 16:47:44","body":"6-9\u6708 \u73a9\u8f6c\u5185\u8499\uff0c\u5e26\u4f60\u8d8a\u91ce\u7a7f\u884c\u65e0\u4eba\u533a\uff1a\u4e4c\u5170\u5e03\u7edf\u8349\u539f-\u897f\u62c9\u6c90\u6ca6\u5927\u5ce1\u8c37-\u8fbe\u91cc\u6e56-\u6d51\u5584\u8fbe\u514b\u6c99\u5730-\u7389\u9f99\u6c99\u6e56 7\u65e5\u6df1\u5ea6\u884c\uff01\uff08\u72ec\u5bb6\u7cbe\u5f69\u5168\u666f\u7a7f\u8d8a\uff09","trade_status":"TRADE_SUCCESS","is_total_fee_adjust":"N","total_fee":"8540.00","gmt_payment":"2017-06-23 16:47:44","seller_email":"2287684289@qq.com","price":"8540.00","buyer_id":"2088112205480441","notify_id":"1b09b11203f16e7f12b1d0521e7aea7jea","use_coupon":"N","sign_type":"MD5","sign":"5150a6d8482b86f13584c721692851d3"}
[2017-06-23 16:47:45][info] 数据存储反馈成功！
[2017-06-23 16:47:45][info] success
[2017-06-23 16:47:45][info] 写入结束!!!
[2017-06-23 17:30:07][info] ----------------------------------------
[2017-06-23 17:30:07][info] {"discount":"0.00","payment_type":"1","trade_no":"2017032421001004940290375887","subject":"\u4eba\u50cf\u5916\u62cd","buyer_email":"13606618953","gmt_create":"2017-03-24 17:28:56","notify_type":"trade_status_sync","quantity":"1","out_trade_no":"LX-17032417190784701-1","seller_id":"2088421286007493","notify_time":"2017-06-23 17:30:07","body":"03.25\u5468\u516d\uff0c\u201c\u82b1\u6f3e\u5c18\u201d\u53e4\u98ce\u6a31\u82b1\u4eba\u50cf\u4e3b\u9898\u5916\u62cd","trade_status":"TRADE_FINISHED","is_total_fee_adjust":"N","total_fee":"39.00","gmt_payment":"2017-03-24 17:29:04","seller_email":"2287684289@qq.com","gmt_close":"2017-06-23 17:30:07","price":"39.00","buyer_id":"2088902174873940","notify_id":"8b4010eca144f2e32c5655736ef22e9n96","use_coupon":"N","sign_type":"MD5","sign":"91eceb5981063b5ac98920bb9eae1391"}
[2017-06-23 17:30:07][info] 数据存储反馈成功！
[2017-06-23 17:30:07][info] success
[2017-06-23 17:30:07][info] 写入结束!!!
[2017-06-23 19:03:09][info] ----------------------------------------
[2017-06-23 19:03:09][info] {"discount":"0.00","payment_type":"1","trade_no":"2017062321001004510292913875","subject":"\u7518\u5357\u5168\u666f","buyer_email":"13815174978","gmt_create":"2017-06-23 19:02:57","notify_type":"trade_status_sync","quantity":"1","out_trade_no":"LX-17062317053353406-3","seller_id":"2088421286007493","notify_time":"2017-06-23 19:03:09","body":"2017\u5e74\u72ec\u5bb6  \u516b\u89d2\u57ce-\u624e\u5c15\u90a3-\u82b1\u6e56-\u5e74\u5b9d\u7389\u5219-\u82e5\u5c14\u76d6\u8349\u539f-\u963f\u4e07\u4ed3\u6e7f\u5730-\u90ce\u6728\u5bfa 8\u65e5\u6e38","trade_status":"TRADE_SUCCESS","is_total_fee_adjust":"N","total_fee":"3280.00","gmt_payment":"2017-06-23 19:03:09","seller_email":"2287684289@qq.com","price":"3280.00","buyer_id":"2088012737960519","notify_id":"93be524dbd6df518e91c0fa975668e5jxq","use_coupon":"N","sign_type":"MD5","sign":"fd9ee1407f1d77c9ecba8a24a5fd8098"}
[2017-06-23 19:03:09][info] 数据存储反馈成功！
[2017-06-23 19:03:09][info] success
[2017-06-23 19:03:09][info] 写入结束!!!
[2017-06-23 21:04:56][info] ----------------------------------------
[2017-06-23 21:04:56][info] {"discount":"0.00","payment_type":"1","trade_no":"2017032421001004060280434196","subject":"\u4eba\u50cf\u5916\u62cd","buyer_email":"13588497517","gmt_create":"2017-03-24 21:04:33","notify_type":"trade_status_sync","quantity":"1","out_trade_no":"LX-17032420434550506-c","seller_id":"2088421286007493","notify_time":"2017-06-23 21:04:56","body":"03.25\u5468\u516d\uff0c\u201c\u82b1\u6f3e\u5c18\u201d\u53e4\u98ce\u6a31\u82b1\u4eba\u50cf\u4e3b\u9898\u5916\u62cd","trade_status":"TRADE_FINISHED","is_total_fee_adjust":"N","total_fee":"39.00","gmt_payment":"2017-03-24 21:04:41","seller_email":"2287684289@qq.com","gmt_close":"2017-06-23 21:04:56","price":"39.00","buyer_id":"2088702510383063","notify_id":"d1644bca8fa7a41c25ce7ec27c4b001ggq","use_coupon":"N","sign_type":"MD5","sign":"49532034ecbecbf2fd9170bc58e1a54d"}
[2017-06-23 21:04:56][info] 数据存储反馈成功！
[2017-06-23 21:04:56][info] success
[2017-06-23 21:04:56][info] 写入结束!!!
