[2017-08-31 09:27:07][info] ----------------------------------------
[2017-08-31 09:27:07][info] {"discount":"0.00","payment_type":"1","trade_no":"2017083121001004250202285266","subject":"\u989d\u6d4e\u7eb3\u5168\u666f","buyer_email":"13612477360","gmt_create":"2017-08-31 09:26:34","notify_type":"trade_status_sync","quantity":"1","out_trade_no":"LX-17083011323265806-8","seller_id":"2088421286007493","notify_time":"2017-08-31 09:27:07","body":"\u989d\u6d4e\u7eb3\u80e1\u6768\u6797-\u6566\u714c\u5168\u666f-\u5df4\u4e39\u5409\u6797-\u5f20\u6396\u4e39\u971e-\u5609\u5cea\u5173-\u91d1\u5854\u80e1\u6768\u6797-\u52a8\u8f668\u65e5","trade_status":"TRADE_SUCCESS","is_total_fee_adjust":"N","total_fee":"3980.00","gmt_payment":"2017-08-31 09:27:07","seller_email":"2287684289@qq.com","price":"3980.00","buyer_id":"2088702256608255","notify_id":"d78b47c6f312f41c7e5dbfe49af412dhxi","use_coupon":"N","sign_type":"MD5","sign":"41c715c9d958f5a7fa652e1070397dcd"}
[2017-08-31 09:27:08][info] 数据存储反馈成功！
[2017-08-31 09:27:08][info] success
[2017-08-31 09:27:08][info] 写入结束!!!
[2017-08-31 09:46:49][info] ----------------------------------------
[2017-08-31 09:46:49][info] {"discount":"0.00","payment_type":"1","trade_no":"2017083121001004220222715085","subject":"\u5317\u7586\u91d1\u79cb\u7ecf\u5178\u73af\u7ebf","buyer_email":"15989126367","gmt_create":"2017-08-31 09:41:44","notify_type":"trade_status_sync","quantity":"1","out_trade_no":"LX-17083022300958706-0","seller_id":"2088421286007493","notify_time":"2017-08-31 09:46:49","body":"\u5580\u7eb3\u65af-\u767d\u54c8\u5df4-\u79be\u6728-\u4e94\u5f69\u6ee9-\u9b54\u9b3c\u57ce-\u53ef\u53ef\u6258\u6d77 9\u65e5\u6df1\u5ea6\u6e38","trade_status":"TRADE_SUCCESS","is_total_fee_adjust":"N","total_fee":"4980.00","gmt_payment":"2017-08-31 09:46:48","seller_email":"2287684289@qq.com","price":"4980.00","buyer_id":"2088022303037226","notify_id":"82d2e8426d2fd801cc5a7c1875ad167hp6","use_coupon":"N","sign_type":"MD5","sign":"935e76f588b24ff2d93625788a55e0a1"}
[2017-08-31 09:46:49][info] 数据存储反馈成功！
[2017-08-31 09:46:49][info] success
[2017-08-31 09:46:49][info] 写入结束!!!
[2017-08-31 10:28:57][info] ----------------------------------------
[2017-08-31 10:28:57][info] {"discount":"0.00","payment_type":"1","trade_no":"2017083121001004640296788982","subject":"\u5317\u7586\u91d1\u79cb\u81f3\u5c0a10\u65e5\u6e38","buyer_email":"13507735351","gmt_create":"2017-08-31 10:28:37","notify_type":"trade_status_sync","quantity":"1","out_trade_no":"LX-17072519434336201-c","seller_id":"2088421286007493","notify_time":"2017-08-31 10:28:57","body":"38\u5c0f\u65f6\u79be\u6728-\u5580\u7eb3\u65af-\u767d\u54c8\u5df4-\u53ef\u53ef\u82cf\u91cc\u6e56-\u53ef\u53ef\u6258\u6d77-\u4e94\u5f69\u6ee9-\u9b54\u9b3c\u57ce10\u65e5\u5927\u73af\u7ebf","trade_status":"TRADE_SUCCESS","is_total_fee_adjust":"N","total_fee":"9600.00","gmt_payment":"2017-08-31 10:28:57","seller_email":"2287684289@qq.com","price":"9600.00","buyer_id":"2088702561556641","notify_id":"25973d9838e9533f695e7c472b0e0fdkxu","use_coupon":"N","sign_type":"MD5","sign":"a52f1ba2ab5747444ad4ef4ff8074db9"}
[2017-08-31 10:28:58][info] 数据存储反馈成功！
[2017-08-31 10:28:58][info] success
[2017-08-31 10:28:58][info] 写入结束!!!
[2017-08-31 10:59:47][info] ----------------------------------------
[2017-08-31 10:59:47][info] {"discount":"0.00","payment_type":"1","trade_no":"2017083121001004660211916270","subject":"\u5317\u7586\u91d1\u79cb\u7ecf\u5178\u73af\u7ebf","buyer_email":"ezclick@hotmail.com","gmt_create":"2017-08-31 10:59:36","notify_type":"trade_status_sync","quantity":"1","out_trade_no":"LX-17083022274018606-1","seller_id":"2088421286007493","notify_time":"2017-08-31 10:59:47","body":"\u5580\u7eb3\u65af-\u767d\u54c8\u5df4-\u79be\u6728-\u4e94\u5f69\u6ee9-\u9b54\u9b3c\u57ce-\u53ef\u53ef\u6258\u6d77 9\u65e5\u6df1\u5ea6\u6e38","trade_status":"TRADE_SUCCESS","is_total_fee_adjust":"N","total_fee":"5030.00","gmt_payment":"2017-08-31 10:59:46","seller_email":"2287684289@qq.com","price":"5030.00","buyer_id":"2088002192431662","notify_id":"4e12eedb0dbb797d3eb00982da218a7l3e","use_coupon":"N","sign_type":"MD5","sign":"827ade27d04cf9b70c28ac969f4d4b2c"}
[2017-08-31 10:59:47][info] 数据存储反馈成功！
[2017-08-31 10:59:47][info] success
[2017-08-31 10:59:47][info] 写入结束!!!
[2017-08-31 11:25:41][info] ----------------------------------------
[2017-08-31 11:25:41][info] {"discount":"0.00","payment_type":"1","trade_no":"2017083121001004800265373616","subject":"\u65b0\u7586\u91d1\u79cb\u5927\u73af\u7ebf","buyer_email":"13805053563","gmt_create":"2017-08-31 11:25:00","notify_type":"trade_status_sync","quantity":"1","out_trade_no":"LX-17082812192568906-0","seller_id":"2088421286007493","notify_time":"2017-08-31 11:25:41","body":"\u5580\u7eb3\u65af-\u79be\u6728-\u767d\u54c8\u5df4-\u8d5b\u91cc\u6728\u6e56-\u5df4\u97f3\u5e03\u9c81\u514b-\u5410\u9c81\u756a-\u5854\u91cc\u6728\u6cb3\u80e1\u6768\u679712\u65e5\u6df1\u5ea6\u6e38","trade_status":"TRADE_SUCCESS","is_total_fee_adjust":"N","total_fee":"2990.00","gmt_payment":"2017-08-31 11:25:41","seller_email":"2287684289@qq.com","price":"2990.00","buyer_id":"2088802762496808","notify_id":"052820d740550df5a6b66777ce8429bm6a","use_coupon":"N","sign_type":"MD5","sign":"bdfbe30665558de49813e5f94920095b"}
[2017-08-31 11:25:41][info] 数据存储反馈成功！
[2017-08-31 11:25:41][info] success
[2017-08-31 11:25:41][info] 写入结束!!!
[2017-08-31 11:54:01][info] ----------------------------------------
[2017-08-31 11:54:01][info] {"discount":"0.00","payment_type":"1","trade_no":"2017083121001004650249779435","subject":"\u5317\u7586\u91d1\u79cb\u81f3\u5c0a10\u65e5\u6e38","buyer_email":"13668292078","gmt_create":"2017-08-31 11:53:12","notify_type":"trade_status_sync","quantity":"1","out_trade_no":"LX-17083111361484001-d","seller_id":"2088421286007493","notify_time":"2017-08-31 11:54:01","body":"38\u5c0f\u65f6\u79be\u6728-\u5580\u7eb3\u65af-\u767d\u54c8\u5df4-\u53ef\u53ef\u82cf\u91cc\u6e56-\u53ef\u53ef\u6258\u6d77-\u4e94\u5f69\u6ee9-\u9b54\u9b3c\u57ce10\u65e5\u5927\u73af\u7ebf","trade_status":"TRADE_SUCCESS","is_total_fee_adjust":"N","total_fee":"5330.00","gmt_payment":"2017-08-31 11:54:01","seller_email":"2287684289@qq.com","price":"5330.00","buyer_id":"2088802902953655","notify_id":"38d1275da2dec4f8bd392b6d99ba055l0m","use_coupon":"N","sign_type":"MD5","sign":"715f978f22e0a93726f3c2bfba0055c2"}
[2017-08-31 11:54:01][info] 数据存储反馈成功！
[2017-08-31 11:54:01][info] success
[2017-08-31 11:54:01][info] 写入结束!!!
[2017-08-31 11:55:25][info] ----------------------------------------
[2017-08-31 11:55:25][info] {"discount":"0.00","payment_type":"1","trade_no":"2017083121001004650249755829","subject":"\u5317\u7586\u91d1\u79cb\u81f3\u5c0a10\u65e5\u6e38","buyer_email":"13668292078","gmt_create":"2017-08-31 11:55:12","notify_type":"trade_status_sync","quantity":"1","out_trade_no":"LX-17083022405546301-b","seller_id":"2088421286007493","notify_time":"2017-08-31 11:55:25","body":"38\u5c0f\u65f6\u79be\u6728-\u5580\u7eb3\u65af-\u767d\u54c8\u5df4-\u53ef\u53ef\u82cf\u91cc\u6e56-\u53ef\u53ef\u6258\u6d77-\u4e94\u5f69\u6ee9-\u9b54\u9b3c\u57ce10\u65e5\u5927\u73af\u7ebf","trade_status":"TRADE_SUCCESS","is_total_fee_adjust":"N","total_fee":"2740.00","gmt_payment":"2017-08-31 11:55:25","seller_email":"2287684289@qq.com","price":"2740.00","buyer_id":"2088802902953655","notify_id":"3547d703661feab48c44df27fdb9e05l0m","use_coupon":"N","sign_type":"MD5","sign":"f3830ca35a6509f11660c243053c8dfd"}
[2017-08-31 11:55:26][info] 数据存储反馈成功！
[2017-08-31 11:55:26][info] success
[2017-08-31 11:55:26][info] 写入结束!!!
[2017-08-31 14:51:09][info] ----------------------------------------
[2017-08-31 14:51:09][info] {"discount":"0.00","payment_type":"1","trade_no":"2017083121001004370282561842","subject":"\u9955\u992e\u8d4f\u79cb","buyer_email":"13555666918","gmt_create":"2017-08-31 14:50:46","notify_type":"trade_status_sync","quantity":"1","out_trade_no":"LX-17083114400458001-f","seller_id":"2088421286007493","notify_time":"2017-08-31 14:51:09","body":"\u9752\u6d77\u6e56-\u8336\u5361\u76d0\u6e56-\u83ab\u9ad8\u7a9f-\u9e23\u6c99\u5c71-\u6708\u7259\u6cc9-\u5609\u5cea\u5173-\u989d\u6d4e\u7eb3\u80e1\u6768\u6797-\u5353\u5c14\u5c7110\u65e5\u5927\u73af\u7ebf","trade_status":"TRADE_SUCCESS","is_total_fee_adjust":"N","total_fee":"5680.00","gmt_payment":"2017-08-31 14:51:08","seller_email":"2287684289@qq.com","price":"5680.00","buyer_id":"2088402106460375","notify_id":"1edda64a4380f8f1f2a69951ef27776iuu","use_coupon":"N","sign_type":"MD5","sign":"60cae552e570d24500c29f56cba88793"}
[2017-08-31 14:51:09][info] 数据存储反馈成功！
[2017-08-31 14:51:09][info] success
[2017-08-31 14:51:09][info] 写入结束!!!
[2017-08-31 15:00:20][info] ----------------------------------------
[2017-08-31 15:00:20][info] {"discount":"0.00","payment_type":"1","trade_no":"2017083121001004820258095751","subject":"\u989d\u6d4e\u7eb3\u6444\u5f71B\u7ebf","buyer_email":"chenchp1@sina.com","gmt_create":"2017-08-31 14:58:33","notify_type":"trade_status_sync","quantity":"1","out_trade_no":"LX-17082822262714706-e","seller_id":"2088421286007493","notify_time":"2017-08-31 15:00:20","body":"\u989d\u6d4e\u7eb3\u80e1\u6768\u6797-\u5df4\u4e39\u5409\u6797\u8179\u5730-\u91d1\u5854\u80e1\u6768\u6797-\u602a\u6811\u6797-\u516b\u65e5","trade_status":"TRADE_SUCCESS","is_total_fee_adjust":"N","total_fee":"4980.00","gmt_payment":"2017-08-31 15:00:19","seller_email":"2287684289@qq.com","price":"4980.00","buyer_id":"2088002802902821","notify_id":"5b82be4bbdc0fbc80bb65fc176c9cbambu","use_coupon":"N","sign_type":"MD5","sign":"c30f291488e2f07a478942b1c11ea605"}
[2017-08-31 15:00:21][info] 数据存储反馈成功！
[2017-08-31 15:00:21][info] success
[2017-08-31 15:00:21][info] 写入结束!!!
[2017-08-31 15:23:02][info] ----------------------------------------
[2017-08-31 15:23:02][info] {"discount":"0.00","payment_type":"1","trade_no":"2017083121001004360208109842","subject":"\u989d\u6d4e\u7eb3\u6df1\u5ea6\u6e38","buyer_email":"13901049669","gmt_create":"2017-08-31 15:22:48","notify_type":"trade_status_sync","quantity":"1","out_trade_no":"LX-17083114325195601-8","seller_id":"2088421286007493","notify_time":"2017-08-31 15:23:02","body":"\u4ed9\u7c73\u5f69\u6797-\u7941\u8fde\u5c71-\u9a6c\u8e44\u5bfa-\u5f20\u6396\u4e39\u971e-\u91d1\u5854\u80e1\u6768\u6797-\u989d\u6d4e\u7eb3\u80e1\u6768\u6797-\u5c45\u5ef6\u6d77-\u5609\u5cea\u5173-\u52a8\u8f66\u8fd4\u7a0b7\u65e5\u6e38","trade_status":"TRADE_SUCCESS","is_total_fee_adjust":"N","total_fee":"7360.00","gmt_payment":"2017-08-31 15:23:01","seller_email":"2287684289@qq.com","price":"7360.00","buyer_id":"2088302500434360","notify_id":"afa9d023d6ab0632c2d0ce8f14a0a21is2","use_coupon":"N","sign_type":"MD5","sign":"adb5a0a008c3ffa4454d6f1b9c898a04"}
[2017-08-31 15:23:02][info] 数据存储反馈成功！
[2017-08-31 15:23:02][info] success
[2017-08-31 15:23:02][info] 写入结束!!!
[2017-08-31 15:26:24][info] ----------------------------------------
[2017-08-31 15:26:24][info] {"discount":"0.00","payment_type":"1","trade_no":"2017083121001004650250245649","subject":"\u989d\u6d4e\u7eb3\u6700\u7f8e\u9ad8\u94c1\u56e2","buyer_email":"zzzyyynnn05@163.com","gmt_create":"2017-08-31 15:26:03","notify_type":"trade_status_sync","quantity":"1","out_trade_no":"LX-1708311517073101-6","seller_id":"2088421286007493","notify_time":"2017-08-31 15:26:24","body":"2017\u989d\u6d4e\u7eb3\u65d7\u80e1\u6768\u6797\u516d\u65e5\u6e38-\u9886\u8896\u6237\u5916\u72ec\u5bb6\u9996\u521b","trade_status":"TRADE_SUCCESS","is_total_fee_adjust":"N","total_fee":"6960.00","gmt_payment":"2017-08-31 15:26:23","seller_email":"2287684289@qq.com","price":"6960.00","buyer_id":"2088002696547652","notify_id":"2111939f1079af70847f131af4cb698l0m","use_coupon":"N","sign_type":"MD5","sign":"dac0b4ad7504ec3bfba4f97d00e76b6b"}
[2017-08-31 15:26:24][info] 数据存储反馈成功！
[2017-08-31 15:26:24][info] success
[2017-08-31 15:26:24][info] 写入结束!!!
[2017-08-31 16:38:18][info] ----------------------------------------
[2017-08-31 16:38:18][info] {"discount":"0.00","payment_type":"1","trade_no":"2017083121001004180228326929","subject":"\u65b0\u7586\u91d1\u79cb\u5927\u73af\u7ebf","buyer_email":"13458599720","gmt_create":"2017-08-31 16:35:29","notify_type":"trade_status_sync","quantity":"1","out_trade_no":"LX-17082515454584806-9","seller_id":"2088421286007493","notify_time":"2017-08-31 16:38:18","body":"\u5580\u7eb3\u65af-\u79be\u6728-\u767d\u54c8\u5df4-\u8d5b\u91cc\u6728\u6e56-\u5df4\u97f3\u5e03\u9c81\u514b-\u5410\u9c81\u756a-\u5854\u91cc\u6728\u6cb3\u80e1\u6768\u679712\u65e5\u6df1\u5ea6\u6e38","trade_status":"TRADE_SUCCESS","is_total_fee_adjust":"N","total_fee":"5980.00","gmt_payment":"2017-08-31 16:38:18","seller_email":"2287684289@qq.com","price":"5980.00","buyer_id":"2088802470954180","notify_id":"f525c1d9d22b469130733ce8d5c2cdehe2","use_coupon":"N","sign_type":"MD5","sign":"72cccae9a60ce25f841bbe5bcf6b0d2c"}
[2017-08-31 16:38:19][info] 数据存储反馈成功！
[2017-08-31 16:38:19][info] success
[2017-08-31 16:38:19][info] 写入结束!!!
[2017-08-31 18:44:34][info] ----------------------------------------
[2017-08-31 18:44:34][info] {"discount":"0.00","payment_type":"1","trade_no":"2017083121001004410228799118","subject":"\u5317\u7586\u91d1\u79cb\u7ecf\u5178\u73af\u7ebf","buyer_email":"13501378478","gmt_create":"2017-08-31 18:43:59","notify_type":"trade_status_sync","quantity":"1","out_trade_no":"LX-17083118380071001-2","seller_id":"2088421286007493","notify_time":"2017-08-31 18:44:34","body":"\u5580\u7eb3\u65af-\u767d\u54c8\u5df4-\u79be\u6728-\u4e94\u5f69\u6ee9-\u9b54\u9b3c\u57ce-\u53ef\u53ef\u6258\u6d77 9\u65e5\u6df1\u5ea6\u6e38","trade_status":"TRADE_SUCCESS","is_total_fee_adjust":"N","total_fee":"10060.00","gmt_payment":"2017-08-31 18:44:33","seller_email":"2287684289@qq.com","price":"10060.00","buyer_id":"2088722585766415","notify_id":"d198c9fa6157af80520fbbad2d64480j5y","use_coupon":"N","sign_type":"MD5","sign":"40764d3a3a54d8899bb15f5703be9dce"}
[2017-08-31 18:44:34][info] 数据存储反馈成功！
[2017-08-31 18:44:34][info] success
[2017-08-31 18:44:34][info] 写入结束!!!
[2017-08-31 23:32:53][info] ----------------------------------------
[2017-08-31 23:32:53][info] {"discount":"0.00","payment_type":"1","trade_no":"2017083121001004340209581789","subject":"\u5927\u6f20\u4f20\u5947","buyer_email":"42272673@qq.com","gmt_create":"2017-08-31 23:32:44","notify_type":"trade_status_sync","quantity":"1","out_trade_no":"LX-17082410034378701-e","seller_id":"2088421286007493","notify_time":"2017-08-31 23:32:53","body":"\u989d\u6d4e\u7eb3\u80e1\u6768\u6797-\u5df4\u4e39\u5409\u6797\u8179\u5730-\u9752\u6d77\u6e56-\u8336\u5361\u76d0\u6e56-\u6c34\u4e0a\u96c5\u4e39-\u6566\u714c12\u65e5\u5927\u73af\u7ebf","trade_status":"TRADE_SUCCESS","is_total_fee_adjust":"N","total_fee":"6580.00","gmt_payment":"2017-08-31 23:32:53","seller_email":"2287684289@qq.com","price":"6580.00","buyer_id":"2088302497856345","notify_id":"513219862ee33353dbb873cfb4cf18cimi","use_coupon":"N","sign_type":"MD5","sign":"a42fd1684b573a9a473a46b6e94a3a62"}
[2017-08-31 23:32:54][info] 数据存储反馈成功！
[2017-08-31 23:32:54][info] success
[2017-08-31 23:32:54][info] 写入结束!!!
