[2017-10-11 09:43:56][info] ----------------------------------------
[2017-10-11 09:43:56][info] {"discount":"0.00","payment_type":"1","trade_no":"2017071021001004250215029030","subject":"\u4e1d\u7ef8\u4e4b\u8def\u7ecf\u5178\u4e5d\u65e5","buyer_email":"35176565@qq.com","gmt_create":"2017-07-10 09:43:09","notify_type":"trade_status_sync","quantity":"1","out_trade_no":"LX-17061511593043301-0","seller_id":"2088421286007493","notify_time":"2017-10-11 09:43:56","body":"\u6c99\u5c9b-\u9752\u6d77\u6e56-\u8336\u5361\u76d0\u6e56-\u5353\u5c14\u5c71-\u5f20\u6396\u4e39\u971e-\u5609\u5cea\u5173-\u6566\u714c9\u65e5\u6e38","trade_status":"TRADE_FINISHED","is_total_fee_adjust":"N","total_fee":"13320.00","gmt_payment":"2017-07-10 09:43:19","seller_email":"2287684289@qq.com","gmt_close":"2017-10-11 09:43:56","price":"13320.00","buyer_id":"2088002050883251","notify_id":"a53aa892388b215e5c3a5c2b3b74ba7hxi","use_coupon":"N","sign_type":"MD5","sign":"9f3e87008eadfc6cb293a14b478897fd"}
[2017-10-11 09:43:56][info] 数据存储反馈成功！
[2017-10-11 09:43:56][info] success
[2017-10-11 09:43:56][info] 写入结束!!!
[2017-10-11 10:58:02][info] ----------------------------------------
[2017-10-11 10:58:02][info] {"discount":"0.00","payment_type":"1","trade_no":"2017071021001004910261717825","subject":"\u4e1d\u8def\u5dc5\u5cf0\u4f53\u9a8c\u4e5d\u65e5\u6e38B\u7ebf","buyer_email":"zhifenlin-88@hotmail.com","gmt_create":"2017-07-10 10:55:33","notify_type":"trade_status_sync","quantity":"1","out_trade_no":"LX-17071010135219006-f","seller_id":"2088421286007493","notify_time":"2017-10-11 10:58:02","body":"\u8f7b\u5962\u52a8\u8f66\u51fa\u6e38-\u9e23\u6c99\u5c71\u6708\u7259\u6cc9-\u83ab\u9ad8\u7a9f-\u96c5\u4e39\u9b54\u9b3c\u57ce-\u5609\u5cea\u5173-\u5f20\u6396\u4e39\u971e-\u9a6c\u8e44\u5bfa-\u5353\u5c14\u5c71-\u8336\u5361\u76d0\u6e56-\u9752\u6d77\u6e569\u65e5\u6e38","trade_status":"TRADE_FINISHED","is_total_fee_adjust":"N","total_fee":"16320.00","gmt_payment":"2017-07-10 10:57:12","seller_email":"2287684289@qq.com","gmt_close":"2017-10-11 10:58:01","price":"16320.00","buyer_id":"2088302449916912","notify_id":"c0551cdcbe4f8fcf345c16328c59936n0u","use_coupon":"N","sign_type":"MD5","sign":"6263ba1c4145f328632400d708cc93c9"}
[2017-10-11 10:58:02][info] 数据存储反馈成功！
[2017-10-11 10:58:02][info] success
[2017-10-11 10:58:02][info] 写入结束!!!
[2017-10-11 11:20:06][info] ----------------------------------------
[2017-10-11 11:20:06][info] {"discount":"0.00","payment_type":"1","trade_no":"2017101121001004310264590469","subject":"\u5927\u7f8e\u8272\u7a3b","buyer_email":"youlin1945@tom.com","gmt_create":"2017-10-11 11:18:44","notify_type":"trade_status_sync","quantity":"1","out_trade_no":"LX-1710101538436101-f","seller_id":"2088421286007493","notify_time":"2017-10-11 11:20:06","body":"\u8272\u8fbe-\u7a3b\u57ce\u4e9a\u4e01-\u65b0\u90fd\u68659\u65e5\u5927\u73af\u7ebf","trade_status":"TRADE_SUCCESS","is_total_fee_adjust":"N","total_fee":"7160.00","gmt_payment":"2017-10-11 11:20:06","seller_email":"2287684289@qq.com","price":"7160.00","buyer_id":"2088102002098310","notify_id":"65c97114385b0317bd454c070df7774ie6","use_coupon":"N","sign_type":"MD5","sign":"55823cb6139a7c1aadfbdcaed09b89be"}
[2017-10-11 11:20:07][info] 数据存储反馈成功！
[2017-10-11 11:20:07][info] success
[2017-10-11 11:20:07][info] 写入结束!!!
[2017-10-11 11:36:00][info] ----------------------------------------
[2017-10-11 11:36:00][info] {"discount":"0.00","payment_type":"1","trade_no":"2017071021001004680222483777","subject":"\u4e1d\u8def\u5dc5\u5cf0\u4f53\u9a8c\u4e5d\u65e5\u6e38B\u7ebf","buyer_email":"13688867077","gmt_create":"2017-07-10 11:35:02","notify_type":"trade_status_sync","quantity":"1","out_trade_no":"LX-17070510410850306-e","seller_id":"2088421286007493","notify_time":"2017-10-11 11:36:00","body":"\u8f7b\u5962\u52a8\u8f66\u51fa\u6e38-\u9e23\u6c99\u5c71\u6708\u7259\u6cc9-\u83ab\u9ad8\u7a9f-\u96c5\u4e39\u9b54\u9b3c\u57ce-\u5609\u5cea\u5173-\u5f20\u6396\u4e39\u971e-\u9a6c\u8e44\u5bfa-\u5353\u5c14\u5c71-\u8336\u5361\u76d0\u6e56-\u9752\u6d77\u6e569\u65e5\u6e38","trade_status":"TRADE_FINISHED","is_total_fee_adjust":"N","total_fee":"18360.00","gmt_payment":"2017-07-10 11:35:12","seller_email":"2287684289@qq.com","gmt_close":"2017-10-11 11:36:00","price":"18360.00","buyer_id":"2088912091083685","notify_id":"2e186cdaf09c47c11f24fe86f0f8cdbl8y","use_coupon":"N","sign_type":"MD5","sign":"c4b17f5c059d4f5945d4bde9c297f371"}
[2017-10-11 11:36:00][info] 数据存储反馈成功！
[2017-10-11 11:36:00][info] success
[2017-10-11 11:36:00][info] 写入结束!!!
[2017-10-11 11:41:11][info] ----------------------------------------
[2017-10-11 11:41:11][info] {"discount":"0.00","payment_type":"1","trade_no":"2017071021001004730257922718","subject":"\u7518\u5357\u5168\u666f","buyer_email":"15201287237","gmt_create":"2017-07-10 11:40:20","notify_type":"trade_status_sync","quantity":"1","out_trade_no":"LX-17071011015351906-2","seller_id":"2088421286007493","notify_time":"2017-10-11 11:41:11","body":"2017\u5e74\u72ec\u5bb6  \u62c9\u535c\u695e\u5bfa-\u624e\u5c15\u90a3-\u82b1\u6e56-\u5e74\u5b9d\u7389\u5219-\u82e5\u5c14\u76d6\u8349\u539f-\u963f\u4e07\u4ed3\u6e7f\u5730-\u5c15\u6d77\u6e56-\u90ce\u6728\u5bfa 8\u65e5\u6e38","trade_status":"TRADE_FINISHED","is_total_fee_adjust":"N","total_fee":"3280.00","gmt_payment":"2017-07-10 11:40:30","seller_email":"2287684289@qq.com","gmt_close":"2017-10-11 11:41:11","price":"3280.00","buyer_id":"2088702669450731","notify_id":"82db21b88197b09e6b5818024be3eeblmu","use_coupon":"N","sign_type":"MD5","sign":"6e8f00e145d8301304930713090828cb"}
[2017-10-11 11:41:12][info] 数据存储反馈成功！
[2017-10-11 11:41:12][info] success
[2017-10-11 11:41:12][info] 写入结束!!!
[2017-10-11 12:00:06][info] ----------------------------------------
[2017-10-11 12:00:06][info] {"discount":"0.00","payment_type":"1","trade_no":"2017071021001004260230341076","subject":"\u7518\u5357\u5168\u666f","buyer_email":"cards.2008@163.com","gmt_create":"2017-07-10 11:59:29","notify_type":"trade_status_sync","quantity":"1","out_trade_no":"LX-17071011082587006-b","seller_id":"2088421286007493","notify_time":"2017-10-11 12:00:06","body":"2017\u5e74\u72ec\u5bb6  \u62c9\u535c\u695e\u5bfa-\u624e\u5c15\u90a3-\u82b1\u6e56-\u5e74\u5b9d\u7389\u5219-\u82e5\u5c14\u76d6\u8349\u539f-\u963f\u4e07\u4ed3\u6e7f\u5730-\u5c15\u6d77\u6e56-\u90ce\u6728\u5bfa 8\u65e5\u6e38","trade_status":"TRADE_FINISHED","is_total_fee_adjust":"N","total_fee":"3280.00","gmt_payment":"2017-07-10 11:59:50","seller_email":"2287684289@qq.com","gmt_close":"2017-10-11 12:00:06","price":"3280.00","buyer_id":"2088402446571265","notify_id":"d51a6b8a554c7e3793d2369e93566b5i0a","use_coupon":"N","sign_type":"MD5","sign":"423fcadf025136f023b1a12341bd2dda"}
[2017-10-11 12:00:06][info] 数据存储反馈成功！
[2017-10-11 12:00:06][info] success
[2017-10-11 12:00:06][info] 写入结束!!!
[2017-10-11 12:32:11][info] ----------------------------------------
[2017-10-11 12:32:11][info] {"discount":"0.00","payment_type":"1","trade_no":"2017071021001004730258029045","subject":"\u4e1d\u8def\u5dc5\u5cf0\u4f53\u9a8c\u4e5d\u65e5\u6e38B\u7ebf","buyer_email":"caowen67067@sina.com.cn","gmt_create":"2017-07-10 12:30:46","notify_type":"trade_status_sync","quantity":"1","out_trade_no":"LX-17070919464128706-f","seller_id":"2088421286007493","notify_time":"2017-10-11 12:32:11","body":"\u8f7b\u5962\u52a8\u8f66\u51fa\u6e38-\u9e23\u6c99\u5c71\u6708\u7259\u6cc9-\u83ab\u9ad8\u7a9f-\u96c5\u4e39\u9b54\u9b3c\u57ce-\u5609\u5cea\u5173-\u5f20\u6396\u4e39\u971e-\u9a6c\u8e44\u5bfa-\u5353\u5c14\u5c71-\u8336\u5361\u76d0\u6e56-\u9752\u6d77\u6e569\u65e5\u6e38","trade_status":"TRADE_FINISHED","is_total_fee_adjust":"N","total_fee":"6120.00","gmt_payment":"2017-07-10 12:31:33","seller_email":"2287684289@qq.com","gmt_close":"2017-10-11 12:32:10","price":"6120.00","buyer_id":"2088302749073739","notify_id":"e75c099f5dc5c14ea0456812e62365clmu","use_coupon":"N","sign_type":"MD5","sign":"0267b4a6e39ee39486caf7b415cc9fdb"}
[2017-10-11 12:32:11][info] 数据存储反馈成功！
[2017-10-11 12:32:11][info] success
[2017-10-11 12:32:11][info] 写入结束!!!
[2017-10-11 15:16:57][info] ----------------------------------------
[2017-10-11 15:16:57][info] {"discount":"0.00","payment_type":"1","trade_no":"2017071021001004460221236701","subject":"\u4e1d\u8def\u5dc5\u5cf0\u4f53\u9a8c\u5341\u65e5\u6e38","buyer_email":"fsdandan@189.cn","gmt_create":"2017-07-10 15:16:17","notify_type":"trade_status_sync","quantity":"1","out_trade_no":"LX-17070819121870106-b","seller_id":"2088421286007493","notify_time":"2017-10-11 15:16:57","body":"\u6c99\u5c9b-\u9752\u6d77\u6e56-\u8336\u5361\u76d0\u6e56-\u7941\u8fde-\u5f20\u6396-\u5609\u5cea\u5173-\u6566\u714c\u5341\u65e5\u6e38","trade_status":"TRADE_FINISHED","is_total_fee_adjust":"N","total_fee":"17200.00","gmt_payment":"2017-07-10 15:16:40","seller_email":"2287684289@qq.com","gmt_close":"2017-10-11 15:16:56","price":"17200.00","buyer_id":"2088002130386463","notify_id":"f33841ee227791a19d0cd201d1bca6fjju","use_coupon":"N","sign_type":"MD5","sign":"12ced54b9d1b1200d5d4981b7ecd17a4"}
[2017-10-11 15:16:57][info] 数据存储反馈成功！
[2017-10-11 15:16:57][info] success
[2017-10-11 15:16:57][info] 写入结束!!!
[2017-10-11 16:01:51][info] ----------------------------------------
[2017-10-11 16:01:51][info] {"discount":"0.00","payment_type":"1","trade_no":"2017071021001004200216544311","subject":"\u8d35\u5dde\u5168\u666f\u6e38","buyer_email":"13963609169","gmt_create":"2017-07-10 16:01:00","notify_type":"trade_status_sync","quantity":"1","out_trade_no":"LX-17063013160925406-e","seller_id":"2088421286007493","notify_time":"2017-10-11 16:01:51","body":"\u79d8\u5883\u8302\u5170-\u8354\u6ce2-\u9ed4\u4e1c\u5357-\u9547\u8fdc-\u897f\u6c5f\u82d7\u5be8-\u9ec4\u679c\u6811\u6df1\u5ea6\u7eaf\u73a9\u4e5d\u65e5\u6e38","trade_status":"TRADE_FINISHED","is_total_fee_adjust":"N","total_fee":"1950.00","gmt_payment":"2017-07-10 16:01:11","seller_email":"2287684289@qq.com","gmt_close":"2017-10-11 16:01:51","price":"1950.00","buyer_id":"2088402808829205","notify_id":"6f93007bbfc3f8434b9abc852d203e3hjm","use_coupon":"N","sign_type":"MD5","sign":"6f4d3b1397c927316b19cbcaefabf9d8"}
[2017-10-11 16:01:51][info] 数据存储反馈成功！
[2017-10-11 16:01:51][info] success
[2017-10-11 16:01:51][info] 写入结束!!!
[2017-10-11 16:35:52][info] ----------------------------------------
[2017-10-11 16:35:52][info] {"discount":"0.00","payment_type":"1","trade_no":"2017071021001004820256598491","subject":"\u4e1d\u8def\u5dc5\u5cf0\u4f53\u9a8c\u4e5d\u65e5\u6e38B\u7ebf","buyer_email":"656034403@qq.com","gmt_create":"2017-07-10 16:34:46","notify_type":"trade_status_sync","quantity":"1","out_trade_no":"LX-17071013455976906-d","seller_id":"2088421286007493","notify_time":"2017-10-11 16:35:52","body":"\u8f7b\u5962\u52a8\u8f66\u51fa\u6e38-\u9e23\u6c99\u5c71\u6708\u7259\u6cc9-\u83ab\u9ad8\u7a9f-\u96c5\u4e39\u9b54\u9b3c\u57ce-\u5609\u5cea\u5173-\u5f20\u6396\u4e39\u971e-\u9a6c\u8e44\u5bfa-\u5353\u5c14\u5c71-\u8336\u5361\u76d0\u6e56-\u9752\u6d77\u6e569\u65e5\u6e38","trade_status":"TRADE_FINISHED","is_total_fee_adjust":"N","total_fee":"6260.00","gmt_payment":"2017-07-10 16:34:55","seller_email":"2287684289@qq.com","gmt_close":"2017-10-11 16:35:52","price":"6260.00","buyer_id":"2088002901012821","notify_id":"a1accb4d247f8d11931eed0ed343eabmbu","use_coupon":"N","sign_type":"MD5","sign":"53be5720968f06c91ab4a634c49e4c20"}
[2017-10-11 16:35:52][info] 数据存储反馈成功！
[2017-10-11 16:35:52][info] success
[2017-10-11 16:35:52][info] 写入结束!!!
[2017-10-11 16:43:24][info] ----------------------------------------
[2017-10-11 16:43:24][info] {"discount":"0.00","payment_type":"1","trade_no":"2017101121001004410298352584","subject":"\u989d\u6d4e\u7eb3\u6700\u7f8e\u9ad8\u94c1\u56e2","buyer_email":"wj01016699@139.com","gmt_create":"2017-10-11 16:43:12","notify_type":"trade_status_sync","quantity":"1","out_trade_no":"LX-17100710073425301-e","seller_id":"2088421286007493","notify_time":"2017-10-11 16:43:24","body":"2017\u989d\u6d4e\u7eb3\u65d7\u80e1\u6768\u6797\u516d\u65e5\u6e38-\u9886\u8896\u6237\u5916\u72ec\u5bb6\u9996\u521b","trade_status":"TRADE_SUCCESS","is_total_fee_adjust":"N","total_fee":"2980.00","gmt_payment":"2017-10-11 16:43:24","seller_email":"2287684289@qq.com","price":"2980.00","buyer_id":"2088002050840412","notify_id":"24bd3d6c9b869d4383d5bbe8b8cdd71j5y","use_coupon":"N","sign_type":"MD5","sign":"221d602e924b46615ec5682724674c46"}
[2017-10-11 16:43:24][info] 数据存储反馈成功！
[2017-10-11 16:43:24][info] success
[2017-10-11 16:43:24][info] 写入结束!!!
[2017-10-11 16:48:54][info] ----------------------------------------
[2017-10-11 16:48:54][info] {"discount":"0.00","payment_type":"1","trade_no":"2017071021001004030216564067","subject":"\u4e1d\u8def\u5dc5\u5cf0\u4f53\u9a8c\u4e5d\u65e5\u6e38B\u7ebf","buyer_email":"ljh2688@163.com","gmt_create":"2017-07-10 16:47:39","notify_type":"trade_status_sync","quantity":"1","out_trade_no":"LX-17071014010828901-8","seller_id":"2088421286007493","notify_time":"2017-10-11 16:48:54","body":"\u8f7b\u5962\u52a8\u8f66\u51fa\u6e38-\u9e23\u6c99\u5c71\u6708\u7259\u6cc9-\u83ab\u9ad8\u7a9f-\u96c5\u4e39\u9b54\u9b3c\u57ce-\u5609\u5cea\u5173-\u5f20\u6396\u4e39\u971e-\u9a6c\u8e44\u5bfa-\u5353\u5c14\u5c71-\u8336\u5361\u76d0\u6e56-\u9752\u6d77\u6e569\u65e5\u6e38","trade_status":"TRADE_FINISHED","is_total_fee_adjust":"N","total_fee":"4230.00","gmt_payment":"2017-07-10 16:47:55","seller_email":"2287684289@qq.com","gmt_close":"2017-10-11 16:48:54","price":"4230.00","buyer_id":"2088002447418039","notify_id":"c3ab4daf216897c2a669e73e7305996g8e","use_coupon":"N","sign_type":"MD5","sign":"73186d3db24a541716b76059bdaa28e1"}
[2017-10-11 16:48:54][info] 数据存储反馈成功！
[2017-10-11 16:48:54][info] success
[2017-10-11 16:48:54][info] 写入结束!!!
[2017-10-11 17:38:56][info] ----------------------------------------
[2017-10-11 17:38:56][info] {"discount":"0.00","payment_type":"1","trade_no":"2017071021001004030216652580","subject":"\u4e1d\u8def\u5dc5\u5cf0\u4f53\u9a8c\u4e5d\u65e5\u6e38B\u7ebf","buyer_email":"ljh2688@163.com","gmt_create":"2017-07-10 17:38:30","notify_type":"trade_status_sync","quantity":"1","out_trade_no":"LX-1707101612342106-e","seller_id":"2088421286007493","notify_time":"2017-10-11 17:38:56","body":"\u8f7b\u5962\u52a8\u8f66\u51fa\u6e38-\u9e23\u6c99\u5c71\u6708\u7259\u6cc9-\u83ab\u9ad8\u7a9f-\u96c5\u4e39\u9b54\u9b3c\u57ce-\u5609\u5cea\u5173-\u5f20\u6396\u4e39\u971e-\u9a6c\u8e44\u5bfa-\u5353\u5c14\u5c71-\u8336\u5361\u76d0\u6e56-\u9752\u6d77\u6e569\u65e5\u6e38","trade_status":"TRADE_FINISHED","is_total_fee_adjust":"N","total_fee":"3130.00","gmt_payment":"2017-07-10 17:38:43","seller_email":"2287684289@qq.com","gmt_close":"2017-10-11 17:38:56","price":"3130.00","buyer_id":"2088002447418039","notify_id":"4f37fb08606834905bf1326770e99b7g8e","use_coupon":"N","sign_type":"MD5","sign":"e6bd6c80082b34e8d817f541dbde8ee3"}
[2017-10-11 17:38:56][info] 数据存储反馈成功！
[2017-10-11 17:38:56][info] success
[2017-10-11 17:38:56][info] 写入结束!!!
[2017-10-11 17:39:14][info] ----------------------------------------
[2017-10-11 17:39:14][info] {"discount":"0.00","payment_type":"1","trade_no":"2017071021001004750267509400","subject":"\u8349\u539f8\u65e5\u73af\u7ebf","buyer_email":"13520347001","gmt_create":"2017-07-10 17:38:33","notify_type":"trade_status_sync","quantity":"1","out_trade_no":"LX-17070714402264206-c","seller_id":"2088421286007493","notify_time":"2017-10-11 17:39:14","body":"\u54c8\u5c14\u6ee8-\u624e\u9f99\u4fdd\u62a4\u533a-\u963f\u8363\u65d7-\u6ee1\u6d32\u91cc-\u5ba4\u97e6-\u963f\u5c14\u5c71-\u957f\u66258\u65e5\u5927\u73af\u7ebf","trade_status":"TRADE_FINISHED","is_total_fee_adjust":"N","total_fee":"5270.00","gmt_payment":"2017-07-10 17:39:00","seller_email":"2287684289@qq.com","gmt_close":"2017-10-11 17:39:14","price":"5270.00","buyer_id":"2088222305841759","notify_id":"a2a1a3e39e8db4417e547b047573bb4lse","use_coupon":"N","sign_type":"MD5","sign":"65618051ae826604970e2b1e0223c67b"}
[2017-10-11 17:39:14][info] 数据存储反馈成功！
[2017-10-11 17:39:14][info] success
[2017-10-11 17:39:14][info] 写入结束!!!
[2017-10-11 18:38:16][info] ----------------------------------------
[2017-10-11 18:38:16][info] {"discount":"0.00","payment_type":"1","trade_no":"2017071021001004550255621825","subject":"\u65b0\u7586\u5168\u666f","buyer_email":"18600675708","gmt_create":"2017-07-10 18:37:38","notify_type":"trade_status_sync","quantity":"1","out_trade_no":"LX-17070809595474806-4","seller_id":"2088421286007493","notify_time":"2017-10-11 18:38:16","body":"\u6c5f\u5e03\u62c9\u514b-\u4e94\u5f69\u6ee9-\u5580\u7eb3\u65af-\u79be\u6728-\u8d5b\u91cc\u6728\u6e56-\u85b0\u8863\u8349\u519c\u573a-\u5580\u62c9\u5cfb-\u90a3\u62c9\u63d0-\u5df4\u97f3\u5e03\u9c81\u514b-\u5410\u9c81\u756a13\u65e5\u6e38","trade_status":"TRADE_FINISHED","is_total_fee_adjust":"N","total_fee":"7940.00","gmt_payment":"2017-07-10 18:37:48","seller_email":"2287684289@qq.com","gmt_close":"2017-10-11 18:38:16","price":"7940.00","buyer_id":"2088702884816552","notify_id":"2e8f03bd7d2a0a382fffa40bda3c52bk8u","use_coupon":"N","sign_type":"MD5","sign":"47500479558d5f3e90258f7838a72a8d"}
[2017-10-11 18:38:16][info] 数据存储反馈成功！
[2017-10-11 18:38:16][info] success
[2017-10-11 18:38:16][info] 写入结束!!!
[2017-10-11 18:40:58][info] ----------------------------------------
[2017-10-11 18:40:58][info] {"discount":"0.00","payment_type":"1","trade_no":"2017071021001004440222192344","subject":"\u4e1d\u8def\u5dc5\u5cf0\u4f53\u9a8c\u4e5d\u65e5\u6e38B\u7ebf","buyer_email":"18797876529","gmt_create":"2017-07-10 18:40:40","notify_type":"trade_status_sync","quantity":"1","out_trade_no":"LX-17071012534482906-a","seller_id":"2088421286007493","notify_time":"2017-10-11 18:40:58","body":"\u8f7b\u5962\u52a8\u8f66\u51fa\u6e38-\u9e23\u6c99\u5c71\u6708\u7259\u6cc9-\u83ab\u9ad8\u7a9f-\u96c5\u4e39\u9b54\u9b3c\u57ce-\u5609\u5cea\u5173-\u5f20\u6396\u4e39\u971e-\u9a6c\u8e44\u5bfa-\u5353\u5c14\u5c71-\u8336\u5361\u76d0\u6e56-\u9752\u6d77\u6e569\u65e5\u6e38","trade_status":"TRADE_FINISHED","is_total_fee_adjust":"N","total_fee":"4080.00","gmt_payment":"2017-07-10 18:40:49","seller_email":"2287684289@qq.com","gmt_close":"2017-10-11 18:40:58","price":"4080.00","buyer_id":"2088512866124441","notify_id":"262bdb33aafcdb5d30f36767a2c3ce7jea","use_coupon":"N","sign_type":"MD5","sign":"8fff55f7ea854b1d315d56053f161293"}
[2017-10-11 18:40:58][info] 数据存储反馈成功！
[2017-10-11 18:40:58][info] success
[2017-10-11 18:40:58][info] 写入结束!!!
[2017-10-11 20:20:03][info] ----------------------------------------
[2017-10-11 20:20:03][info] {"discount":"0.00","payment_type":"1","trade_no":"2017071021001004090213455271","subject":"\u9752\u6d77\u6e56\u73af\u6e565\u65e5\u6df1\u5ea6\u6e38","buyer_email":"easepost@126.com","gmt_create":"2017-07-10 20:19:21","notify_type":"trade_status_sync","quantity":"1","out_trade_no":"LX-17071019095382606-7","seller_id":"2088421286007493","notify_time":"2017-10-11 20:20:03","body":"\u8336\u5361\u3001\u95e8\u6e90\u3001\u7941\u8fde\u3001\u7cbe\u534e300\u00b0\u9752\u6d77\u6e56\u73af\u6e56","trade_status":"TRADE_FINISHED","is_total_fee_adjust":"N","total_fee":"3720.00","gmt_payment":"2017-07-10 20:19:55","seller_email":"2287684289@qq.com","gmt_close":"2017-10-11 20:20:03","price":"3720.00","buyer_id":"2088002417636098","notify_id":"0f5f427e0ddd1be54e93d696636aa28gp2","use_coupon":"N","sign_type":"MD5","sign":"2391051983aeab661e0672db0aff9814"}
[2017-10-11 20:20:03][info] 数据存储反馈成功！
[2017-10-11 20:20:03][info] success
[2017-10-11 20:20:03][info] 写入结束!!!
[2017-10-11 20:47:13][info] ----------------------------------------
[2017-10-11 20:47:13][info] {"discount":"0.00","payment_type":"1","trade_no":"2017071021001004780295264576","subject":"\u4e1d\u8def\u5dc5\u5cf0\u4f53\u9a8c\u4e5d\u65e5\u6e38B\u7ebf","buyer_email":"13905029753","gmt_create":"2017-07-10 20:46:14","notify_type":"trade_status_sync","quantity":"1","out_trade_no":"LX-1707101912228206-5","seller_id":"2088421286007493","notify_time":"2017-10-11 20:47:13","body":"\u9752\u6d77\u6e56-\u8336\u5361\u76d0\u6e56-\u9e23\u6c99\u5c71\u6708\u7259\u6cc9-\u83ab\u9ad8\u7a9f-\u96c5\u4e39\u9b54\u9b3c\u57ce-\u5609\u5cea\u5173-\u5f20\u6396\u4e39\u971e-\u9a6c\u8e44\u5bfa-\u5353\u5c14\u5c71\u8f7b\u5962\u52a8\u8f669\u65e5\u6e38","trade_status":"TRADE_FINISHED","is_total_fee_adjust":"N","total_fee":"2040.00","gmt_payment":"2017-07-10 20:46:55","seller_email":"2287684289@qq.com","gmt_close":"2017-10-11 20:47:13","price":"2040.00","buyer_id":"2088512756774781","notify_id":"eb1350b51a0249ae19c76494833fcc9m0q","use_coupon":"N","sign_type":"MD5","sign":"61508384701bb549e3729949c0d938a9"}
[2017-10-11 20:47:13][info] 数据存储反馈成功！
[2017-10-11 20:47:13][info] success
[2017-10-11 20:47:13][info] 写入结束!!!
[2017-10-11 21:14:52][info] ----------------------------------------
[2017-10-11 21:14:52][info] {"discount":"0.00","payment_type":"1","trade_no":"2017071021001004200217128024","subject":"\u65b0\u7586\u5168\u666f","buyer_email":"13658004137","gmt_create":"2017-07-10 21:13:18","notify_type":"trade_status_sync","quantity":"1","out_trade_no":"LX-17071016021283906-b","seller_id":"2088421286007493","notify_time":"2017-10-11 21:14:52","body":"\u5580\u7eb3\u65af-\u79be\u6728-\u8d5b\u91cc\u6728\u6e56-\u85b0\u8863\u8349\u519c\u573a-\u5580\u62c9\u5cfb-\u90a3\u62c9\u63d0-\u5df4\u97f3\u5e03\u9c81\u514b-\u6c5f\u5e03\u62c9\u514b-\u4e94\u5f69\u6ee9-\u5410\u9c81\u756a13\u65e5\u6e38","trade_status":"TRADE_FINISHED","is_total_fee_adjust":"N","total_fee":"5380.00","gmt_payment":"2017-07-10 21:14:40","seller_email":"2287684289@qq.com","gmt_close":"2017-10-11 21:14:52","price":"5380.00","buyer_id":"2088802900200201","notify_id":"6a8a5ba3af07e241665ad940eca4d7dhjm","use_coupon":"N","sign_type":"MD5","sign":"4e008c04eb48364bc76caf50ccf52ee4"}
[2017-10-11 21:14:52][info] 数据存储反馈成功！
[2017-10-11 21:14:52][info] success
[2017-10-11 21:14:52][info] 写入结束!!!
[2017-10-11 23:37:02][info] ----------------------------------------
[2017-10-11 23:37:02][info] {"discount":"0.00","payment_type":"1","trade_no":"2017071021001004710248159661","subject":"\u575d\u4e0a\u4f11\u95f2A\u7ebf","buyer_email":"13556177225","gmt_create":"2017-07-10 23:36:15","notify_type":"trade_status_sync","quantity":"1","out_trade_no":"LX-17062521482181106-3","seller_id":"2088421286007493","notify_time":"2017-10-11 23:37:01","body":"2017\u5168\u5e74\u8ba1\u5212\uff1a\u7b56\u9a6c\u3001\u8d8a\u91ce\u4e4c\u5170\u5e03\u7edf\u575d\u4e0a\u8349\u539f\u3001\u767b\u91d1\u5c71\u5cad\u957f\u57ce\/\u6155\u7530\u5cea\u957f\u57ce 6\u65e5\u4f11\u95f2\u6e38\uff08\u91d1\u724c\u8def\u7ebf\uff09","trade_status":"TRADE_FINISHED","is_total_fee_adjust":"N","total_fee":"3670.00","gmt_payment":"2017-07-10 23:36:45","seller_email":"2287684289@qq.com","gmt_close":"2017-10-11 23:37:01","price":"3670.00","buyer_id":"2088702057018710","notify_id":"515c9942c415fc6698ac9a04541d22alha","use_coupon":"N","sign_type":"MD5","sign":"ec7345cc02e484d77d65b2ce3e4d9296"}
[2017-10-11 23:37:02][info] 数据存储反馈成功！
[2017-10-11 23:37:02][info] success
[2017-10-11 23:37:02][info] 写入结束!!!
