[2017-08-28 09:28:25][info] ----------------------------------------
[2017-08-28 09:28:25][info] {"discount":"0.00","payment_type":"1","trade_no":"2017082821001004750255755255","subject":"\u5317\u7586\u91d1\u79cb\u81f3\u5c0a10\u65e5\u6e38","buyer_email":"13801837398","gmt_create":"2017-08-28 09:28:12","notify_type":"trade_status_sync","quantity":"1","out_trade_no":"LX-17082508223238006-9","seller_id":"2088421286007493","notify_time":"2017-08-28 09:28:25","body":"38\u5c0f\u65f6\u79be\u6728-\u5580\u7eb3\u65af-\u767d\u54c8\u5df4-\u53ef\u53ef\u82cf\u91cc\u6e56-\u53ef\u53ef\u6258\u6d77-\u4e94\u5f69\u6ee9-\u9b54\u9b3c\u57ce10\u65e5\u5927\u73af\u7ebf","trade_status":"TRADE_SUCCESS","is_total_fee_adjust":"N","total_fee":"7620.00","gmt_payment":"2017-08-28 09:28:24","seller_email":"2287684289@qq.com","price":"7620.00","buyer_id":"2088102103657755","notify_id":"ac42c419b5c0e1c75eb9446f50af489lse","use_coupon":"N","sign_type":"MD5","sign":"da230f626a6ab74ad2c273609beaad69"}
[2017-08-28 09:28:25][info] 数据存储反馈成功！
[2017-08-28 09:28:25][info] success
[2017-08-28 09:28:25][info] 写入结束!!!
[2017-08-28 15:25:11][info] ----------------------------------------
[2017-08-28 15:25:11][info] {"discount":"0.00","payment_type":"1","trade_no":"2017082821001004210282964741","subject":"\u989d\u6d4e\u7eb3\u5168\u666f","buyer_email":"ni-hong1@163.com","gmt_create":"2017-08-28 15:21:36","notify_type":"trade_status_sync","quantity":"1","out_trade_no":"LX-17082515234676906-c","seller_id":"2088421286007493","notify_time":"2017-08-28 15:25:11","body":"\u989d\u6d4e\u7eb3\u80e1\u6768\u6797-\u6566\u714c\u5168\u666f-\u5df4\u4e39\u5409\u6797-\u5f20\u6396\u4e39\u971e-\u5609\u5cea\u5173-\u91d1\u5854\u80e1\u6768\u6797-\u52a8\u8f668\u65e5","trade_status":"TRADE_SUCCESS","is_total_fee_adjust":"N","total_fee":"10200.00","gmt_payment":"2017-08-28 15:25:11","seller_email":"2287684289@qq.com","price":"10200.00","buyer_id":"2088002820474214","notify_id":"5b4c8546402d3bf451df1a7098c566fhme","use_coupon":"N","sign_type":"MD5","sign":"1e51aef13b3c2477006864cba190aeaa"}
[2017-08-28 15:25:12][info] 数据存储反馈成功！
[2017-08-28 15:25:12][info] success
[2017-08-28 15:25:12][info] 写入结束!!!
[2017-08-28 17:01:40][info] ----------------------------------------
[2017-08-28 17:01:40][info] {"discount":"0.00","payment_type":"1","trade_no":"2017082821001004840252078424","subject":"\u989d\u6d4e\u7eb3\u6700\u7f8e\u9ad8\u94c1\u56e2","buyer_email":"maoxiuzhi@hotmail.com","gmt_create":"2017-08-28 17:01:07","notify_type":"trade_status_sync","quantity":"1","out_trade_no":"LX-17082723382160906-7","seller_id":"2088421286007493","notify_time":"2017-08-28 17:01:40","body":"2017\u989d\u6d4e\u7eb3\u65d7\u80e1\u6768\u6797\u516d\u65e5\u6e38-\u9886\u8896\u6237\u5916\u72ec\u5bb6\u9996\u521b","trade_status":"TRADE_SUCCESS","is_total_fee_adjust":"N","total_fee":"3480.00","gmt_payment":"2017-08-28 17:01:39","seller_email":"2287684289@qq.com","price":"3480.00","buyer_id":"2088102856077846","notify_id":"93b78e82d04a2c5437a69313c825bbfmhe","use_coupon":"N","sign_type":"MD5","sign":"9273a65c63043790e3e2f40abdf56c9c"}
[2017-08-28 17:01:40][info] 数据存储反馈成功！
[2017-08-28 17:01:40][info] success
[2017-08-28 17:01:40][info] 写入结束!!!
[2017-08-28 17:42:44][info] ----------------------------------------
[2017-08-28 17:42:44][info] {"discount":"0.00","payment_type":"1","trade_no":"2017082821001004240205989999","subject":"\u9955\u992e\u8d4f\u79cb","buyer_email":"jsxzwangfeng@163.com","gmt_create":"2017-08-28 17:42:01","notify_type":"trade_status_sync","quantity":"1","out_trade_no":"LX-17082810425078906-9","seller_id":"2088421286007493","notify_time":"2017-08-28 17:42:44","body":"\u9752\u6d77\u6e56-\u8336\u5361\u76d0\u6e56-\u83ab\u9ad8\u7a9f-\u9e23\u6c99\u5c71-\u6708\u7259\u6cc9-\u5609\u5cea\u5173-\u989d\u6d4e\u7eb3\u80e1\u6768\u6797-\u5353\u5c14\u5c7110\u65e5\u5927\u73af\u7ebf","trade_status":"TRADE_SUCCESS","is_total_fee_adjust":"N","total_fee":"11360.00","gmt_payment":"2017-08-28 17:42:44","seller_email":"2287684289@qq.com","price":"11360.00","buyer_id":"2088302466936243","notify_id":"37f0a40aa169df3d7d11995521ffe9dhuq","use_coupon":"N","sign_type":"MD5","sign":"e86033be9d2a1ae9f9ead350f274f9fb"}
[2017-08-28 17:42:45][info] 数据存储反馈成功！
[2017-08-28 17:42:45][info] success
[2017-08-28 17:42:45][info] 写入结束!!!
[2017-08-28 18:37:14][info] ----------------------------------------
[2017-08-28 18:37:14][info] {"discount":"0.00","payment_type":"1","trade_no":"2017082821001004940299973618","subject":"\u5317\u7586\u91d1\u79cb\u7ecf\u5178\u73af\u7ebf","buyer_email":"lydtthk@163.com","gmt_create":"2017-08-28 18:35:46","notify_type":"trade_status_sync","quantity":"1","out_trade_no":"LX-17082117052377601-7","seller_id":"2088421286007493","notify_time":"2017-08-28 18:37:14","body":"\u5580\u7eb3\u65af-\u767d\u54c8\u5df4-\u79be\u6728-\u4e94\u5f69\u6ee9-\u9b54\u9b3c\u57ce-\u53ef\u53ef\u6258\u6d77 9\u65e5\u6df1\u5ea6\u6e38","trade_status":"TRADE_SUCCESS","is_total_fee_adjust":"N","total_fee":"2390.00","gmt_payment":"2017-08-28 18:37:14","seller_email":"2287684289@qq.com","price":"2390.00","buyer_id":"2088102071561948","notify_id":"5e48ff8a4efac14b91c6ade138e5610n96","use_coupon":"N","sign_type":"MD5","sign":"f4864ebc9f8193618aa205af21a51598"}
[2017-08-28 18:37:14][info] 数据存储反馈成功！
[2017-08-28 18:37:14][info] success
[2017-08-28 18:37:14][info] 写入结束!!!
[2017-08-28 23:10:33][info] ----------------------------------------
[2017-08-28 23:10:33][info] {"discount":"0.00","payment_type":"1","trade_no":"2017082821001004100218586741","subject":"\u65b0\u7586\u91d1\u79cb\u5927\u73af\u7ebf","buyer_email":"13700223573","gmt_create":"2017-08-28 23:09:12","notify_type":"trade_status_sync","quantity":"1","out_trade_no":"LX-170828213715906-0","seller_id":"2088421286007493","notify_time":"2017-08-28 23:10:33","body":"\u5580\u7eb3\u65af-\u79be\u6728-\u767d\u54c8\u5df4-\u8d5b\u91cc\u6728\u6e56-\u5df4\u97f3\u5e03\u9c81\u514b-\u5410\u9c81\u756a-\u5854\u91cc\u6728\u6cb3\u80e1\u6768\u679712\u65e5\u6df1\u5ea6\u6e38","trade_status":"TRADE_SUCCESS","is_total_fee_adjust":"N","total_fee":"12160.00","gmt_payment":"2017-08-28 23:10:33","seller_email":"2287684289@qq.com","price":"12160.00","buyer_id":"2088502712050105","notify_id":"bd9f96ab1acb450fc80c92a40301768gru","use_coupon":"N","sign_type":"MD5","sign":"6bdbc26fe9bb4c31ed257772dfcd074d"}
[2017-08-28 23:10:33][info] 数据存储反馈成功！
[2017-08-28 23:10:33][info] success
[2017-08-28 23:10:33][info] 写入结束!!!
