[2017-07-03 09:24:10][info] ----------------------------------------
[2017-07-03 09:24:10][info] {"discount":"0.00","payment_type":"1","trade_no":"2017070321001004630284090971","subject":"\u4e1d\u7ef8\u4e4b\u8def\u7cbe\u534e\u4e03\u65e5\u6e38","buyer_email":"15327140865","gmt_create":"2017-07-03 09:23:24","notify_type":"trade_status_sync","quantity":"1","out_trade_no":"LX-17070219270976306-6","seller_id":"2088421286007493","notify_time":"2017-07-03 09:24:10","body":"2017\u5e74\u9752\u6d77\u6e56-\u8336\u5361\u76d0\u6e56-\u6566\u714c-\u5609\u5cea\u5173-\u5f20\u6396\u4e39\u971e\u4e03\u65e5\u6e38","trade_status":"TRADE_SUCCESS","is_total_fee_adjust":"N","total_fee":"10120.00","gmt_payment":"2017-07-03 09:24:09","seller_email":"2287684289@qq.com","price":"10120.00","buyer_id":"2088802206244631","notify_id":"6d5f40eb71f1b505f42ddda0e89cc20kv2","use_coupon":"N","sign_type":"MD5","sign":"fd5b57dffdedeb270b3a57bf90077a63"}
[2017-07-03 09:24:10][info] 数据存储反馈成功！
[2017-07-03 09:24:10][info] success
[2017-07-03 09:24:10][info] 写入结束!!!
[2017-07-03 10:25:59][info] ----------------------------------------
[2017-07-03 10:25:59][info] {"discount":"0.00","payment_type":"1","trade_no":"2017070321001004740209711808","subject":"\u65b0\u7586\u5168\u666f","buyer_email":"sunyu0807@126.com","gmt_create":"2017-07-03 10:25:50","notify_type":"trade_status_sync","quantity":"1","out_trade_no":"LX-17060712392569301-c","seller_id":"2088421286007493","notify_time":"2017-07-03 10:25:59","body":"\u6c5f\u5e03\u62c9\u514b-\u4e94\u5f69\u6ee9-\u5580\u7eb3\u65af-\u79be\u6728-\u8d5b\u91cc\u6728\u6e56-\u85b0\u8863\u8349\u519c\u573a-\u5580\u62c9\u5cfb-\u90a3\u62c9\u63d0-\u5df4\u97f3\u5e03\u9c81\u514b-\u5410\u9c81\u756a13\u65e5\u6e38","trade_status":"TRADE_SUCCESS","is_total_fee_adjust":"N","total_fee":"9290.00","gmt_payment":"2017-07-03 10:25:58","seller_email":"2287684289@qq.com","price":"9290.00","buyer_id":"2088002347327745","notify_id":"acf798c25bd4395e8a1af3a80368c18lpm","use_coupon":"N","sign_type":"MD5","sign":"ecc856b4e587384e89dfcb9a9aa3b533"}
[2017-07-03 10:25:59][info] 数据存储反馈成功！
[2017-07-03 10:25:59][info] success
[2017-07-03 10:25:59][info] 写入结束!!!
[2017-07-03 12:16:18][info] ----------------------------------------
[2017-07-03 12:16:18][info] {"discount":"0.00","payment_type":"1","trade_no":"2017070321001004200203368918","subject":"\u8d35\u5dde\u5168\u666f\u6e38","buyer_email":"13983890991","gmt_create":"2017-07-03 12:16:07","notify_type":"trade_status_sync","quantity":"1","out_trade_no":"LX-17063019371179806-b","seller_id":"2088421286007493","notify_time":"2017-07-03 12:16:17","body":"\u79d8\u5883\u8302\u5170-\u8354\u6ce2-\u9ed4\u4e1c\u5357-\u9547\u8fdc-\u897f\u6c5f\u82d7\u5be8-\u9ec4\u679c\u6811\u6df1\u5ea6\u7eaf\u73a9\u4e5d\u65e5\u6e38","trade_status":"TRADE_SUCCESS","is_total_fee_adjust":"N","total_fee":"15960.00","gmt_payment":"2017-07-03 12:16:17","seller_email":"2287684289@qq.com","price":"15960.00","buyer_id":"2088202527421207","notify_id":"a9a1b706631b804c8f1897a8dddc859hjm","use_coupon":"N","sign_type":"MD5","sign":"32e9f66db1f46fd70aecdb93b02c6aaa"}
[2017-07-03 12:16:19][info] 数据存储反馈成功！
[2017-07-03 12:16:19][info] success
[2017-07-03 12:16:19][info] 写入结束!!!
[2017-07-03 13:06:40][info] ----------------------------------------
[2017-07-03 13:06:40][info] {"discount":"0.00","payment_type":"1","trade_no":"2017070321001004500255877123","subject":"\u7518\u5357\u5168\u666f","buyer_email":"13797027356","gmt_create":"2017-07-03 13:05:52","notify_type":"trade_status_sync","quantity":"1","out_trade_no":"LX-17070312412951101-d","seller_id":"2088421286007493","notify_time":"2017-07-03 13:06:40","body":"2017\u5e74\u72ec\u5bb6  \u62c9\u535c\u695e\u5bfa-\u624e\u5c15\u90a3-\u82b1\u6e56-\u5e74\u5b9d\u7389\u5219-\u82e5\u5c14\u76d6\u8349\u539f-\u963f\u4e07\u4ed3\u6e7f\u5730-\u5c15\u6d77\u6e56-\u90ce\u6728\u5bfa 8\u65e5\u6e38","trade_status":"TRADE_SUCCESS","is_total_fee_adjust":"N","total_fee":"9840.00","gmt_payment":"2017-07-03 13:06:40","seller_email":"2287684289@qq.com","price":"9840.00","buyer_id":"2088022763040501","notify_id":"e8cd4c49f6b4e142298edee6fb2eefajuy","use_coupon":"N","sign_type":"MD5","sign":"88049789dcbdce5a78221c40d3ba55aa"}
[2017-07-03 13:06:40][info] 数据存储反馈成功！
[2017-07-03 13:06:40][info] success
[2017-07-03 13:06:40][info] 写入结束!!!
[2017-07-03 14:51:19][info] ----------------------------------------
[2017-07-03 14:51:19][info] {"discount":"0.00","payment_type":"1","trade_no":"2017070321001004010205552406","subject":"\u8d35\u5dde\u5168\u666f\u6e38","buyer_email":"13998181576","gmt_create":"2017-07-03 14:51:09","notify_type":"trade_status_sync","quantity":"1","out_trade_no":"LX-17070313383270006-7","seller_id":"2088421286007493","notify_time":"2017-07-03 14:51:18","body":"\u79d8\u5883\u8302\u5170-\u8354\u6ce2-\u9ed4\u4e1c\u5357-\u9547\u8fdc-\u897f\u6c5f\u82d7\u5be8-\u9ec4\u679c\u6811\u6df1\u5ea6\u7eaf\u73a9\u4e5d\u65e5\u6e38","trade_status":"TRADE_SUCCESS","is_total_fee_adjust":"N","total_fee":"3880.00","gmt_payment":"2017-07-03 14:51:18","seller_email":"2287684289@qq.com","price":"3880.00","buyer_id":"2088502905397015","notify_id":"482d8e9e838b95ee8bca3795ad91d7dg2u","use_coupon":"N","sign_type":"MD5","sign":"c3a9a2b6b4a1a700a050006367eb11ea"}
[2017-07-03 14:51:19][info] 数据存储反馈成功！
[2017-07-03 14:51:19][info] success
[2017-07-03 14:51:19][info] 写入结束!!!
[2017-07-03 14:59:04][info] ----------------------------------------
[2017-07-03 14:59:04][info] {"discount":"0.00","payment_type":"1","trade_no":"2017070321001004230291173455","subject":"\u65b0\u7586\u5168\u666f","buyer_email":"liqifen17@163.com","gmt_create":"2017-07-03 14:58:55","notify_type":"trade_status_sync","quantity":"1","out_trade_no":"LX-17070311261083506-5","seller_id":"2088421286007493","notify_time":"2017-07-03 14:59:04","body":"\u6c5f\u5e03\u62c9\u514b-\u4e94\u5f69\u6ee9-\u5580\u7eb3\u65af-\u79be\u6728-\u8d5b\u91cc\u6728\u6e56-\u85b0\u8863\u8349\u519c\u573a-\u5580\u62c9\u5cfb-\u90a3\u62c9\u63d0-\u5df4\u97f3\u5e03\u9c81\u514b-\u5410\u9c81\u756a13\u65e5\u6e38","trade_status":"TRADE_SUCCESS","is_total_fee_adjust":"N","total_fee":"5380.00","gmt_payment":"2017-07-03 14:59:04","seller_email":"2287684289@qq.com","price":"5380.00","buyer_id":"2088102007801234","notify_id":"5e114146e6b66c3cf22f7ea1fc8ab46hry","use_coupon":"N","sign_type":"MD5","sign":"efed6395d11aef5730c6cd1301a0a0a8"}
[2017-07-03 14:59:04][info] 数据存储反馈成功！
[2017-07-03 14:59:04][info] success
[2017-07-03 14:59:04][info] 写入结束!!!
[2017-07-03 16:01:30][info] ----------------------------------------
[2017-07-03 16:01:30][info] {"discount":"0.00","payment_type":"1","trade_no":"2017070321001004010205700688","subject":"\u65b0\u7586\u5168\u666f","buyer_email":"18826480207","gmt_create":"2017-07-03 16:01:17","notify_type":"trade_status_sync","quantity":"1","out_trade_no":"LX-17070315285319001-6","seller_id":"2088421286007493","notify_time":"2017-07-03 16:01:30","body":"\u6c5f\u5e03\u62c9\u514b-\u4e94\u5f69\u6ee9-\u5580\u7eb3\u65af-\u79be\u6728-\u8d5b\u91cc\u6728\u6e56-\u85b0\u8863\u8349\u519c\u573a-\u5580\u62c9\u5cfb-\u90a3\u62c9\u63d0-\u5df4\u97f3\u5e03\u9c81\u514b-\u5410\u9c81\u756a13\u65e5\u6e38","trade_status":"TRADE_SUCCESS","is_total_fee_adjust":"N","total_fee":"10600.00","gmt_payment":"2017-07-03 16:01:29","seller_email":"2287684289@qq.com","price":"10600.00","buyer_id":"2088802168823015","notify_id":"1c867eef8a0f3f65395adfeb095f808g2u","use_coupon":"N","sign_type":"MD5","sign":"763a8733ef1032f6b894c731a5745804"}
[2017-07-03 16:01:30][info] 数据存储反馈成功！
[2017-07-03 16:01:30][info] success
[2017-07-03 16:01:30][info] 写入结束!!!
[2017-07-03 18:21:20][info] ----------------------------------------
[2017-07-03 18:21:20][info] {"discount":"0.00","payment_type":"1","trade_no":"2017070321001004860241831110","subject":"\u7518\u5357\u5168\u666f","buyer_email":"18905103237","gmt_create":"2017-07-03 18:20:54","notify_type":"trade_status_sync","quantity":"1","out_trade_no":"LX-17070317072655506-9","seller_id":"2088421286007493","notify_time":"2017-07-03 18:21:20","body":"2017\u5e74\u72ec\u5bb6  \u62c9\u535c\u695e\u5bfa-\u624e\u5c15\u90a3-\u82b1\u6e56-\u5e74\u5b9d\u7389\u5219-\u82e5\u5c14\u76d6\u8349\u539f-\u963f\u4e07\u4ed3\u6e7f\u5730-\u5c15\u6d77\u6e56-\u90ce\u6728\u5bfa 8\u65e5\u6e38","trade_status":"TRADE_SUCCESS","is_total_fee_adjust":"N","total_fee":"3280.00","gmt_payment":"2017-07-03 18:21:19","seller_email":"2287684289@qq.com","price":"3280.00","buyer_id":"2088412911088862","notify_id":"a7d1b8f490e2e72d64be742279c20cemmy","use_coupon":"N","sign_type":"MD5","sign":"9b0214fbe1e7f2546e8b458a3ba2fc5b"}
[2017-07-03 18:21:20][info] 数据存储反馈成功！
[2017-07-03 18:21:20][info] success
[2017-07-03 18:21:20][info] 写入结束!!!
[2017-07-03 18:40:56][info] ----------------------------------------
[2017-07-03 18:40:56][info] {"discount":"0.00","payment_type":"1","trade_no":"2017070321001004950207495142","subject":"\u85cf\u5730\u5168\u666f","buyer_email":"13952179788","gmt_create":"2017-07-03 18:36:53","notify_type":"trade_status_sync","quantity":"1","out_trade_no":"LX-17062318210318801-8","seller_id":"2088421286007493","notify_time":"2017-07-03 18:40:56","body":"2017\u5e74\u62c9\u8428-\u6797\u829d-\u5df4\u677e\u63aa-\u5ce1\u8c37\u79d8\u5883-\u7f8a\u6e56-\u666e\u59c6\u96cd\u63aa-\u65e5\u5580\u5219-\u73e0\u5cf0-\u7eb3\u6728\u63aa11\u65e5\u6df1\u5ea6\u6e38","trade_status":"TRADE_SUCCESS","is_total_fee_adjust":"N","total_fee":"13450.00","gmt_payment":"2017-07-03 18:40:56","seller_email":"2287684289@qq.com","price":"13450.00","buyer_id":"2088702568265951","notify_id":"7bc2d572f2d918261e4ded7ceab5344nby","use_coupon":"N","sign_type":"MD5","sign":"ec43d6b78c1fd06b29991e9577adf434"}
[2017-07-03 18:40:56][info] 数据存储反馈成功！
[2017-07-03 18:40:56][info] success
[2017-07-03 18:40:56][info] 写入结束!!!
[2017-07-03 19:30:53][info] ----------------------------------------
[2017-07-03 19:30:53][info] {"discount":"0.00","payment_type":"1","trade_no":"2017070321001004990239483911","subject":"\u4e1d\u8def\u5dc5\u5cf0\u4f53\u9a8c\u5341\u65e5\u6e38","buyer_email":"chenfeng922135@hotmail.com","gmt_create":"2017-07-03 19:30:21","notify_type":"trade_status_sync","quantity":"1","out_trade_no":"LX-17061818285557301-c","seller_id":"2088421286007493","notify_time":"2017-07-03 19:30:52","body":"\u6c99\u5c9b-\u9752\u6d77\u6e56-\u8336\u5361\u76d0\u6e56-\u7941\u8fde-\u5f20\u6396-\u5609\u5cea\u5173-\u6566\u714c\u5341\u65e5\u6e38","trade_status":"TRADE_SUCCESS","is_total_fee_adjust":"N","total_fee":"7780.00","gmt_payment":"2017-07-03 19:30:52","seller_email":"2287684289@qq.com","price":"7780.00","buyer_id":"2088102041637996","notify_id":"2c7a0e77634215ba41febb558d46e3cnn2","use_coupon":"N","sign_type":"MD5","sign":"60878912331c060eeed3b2fc95c6a4fa"}
[2017-07-03 19:30:53][info] 数据存储反馈成功！
[2017-07-03 19:30:53][info] success
[2017-07-03 19:30:53][info] 写入结束!!!
[2017-07-03 19:47:47][info] ----------------------------------------
[2017-07-03 19:47:47][info] {"discount":"0.00","payment_type":"1","trade_no":"2017070321001004070250727795","subject":"\u65b0\u7586\u5168\u666f","buyer_email":"13222911585","gmt_create":"2017-07-03 19:47:31","notify_type":"trade_status_sync","quantity":"1","out_trade_no":"LX-17061612472290406-0","seller_id":"2088421286007493","notify_time":"2017-07-03 19:47:47","body":"\u6c5f\u5e03\u62c9\u514b-\u4e94\u5f69\u6ee9-\u5580\u7eb3\u65af-\u79be\u6728-\u8d5b\u91cc\u6728\u6e56-\u85b0\u8863\u8349\u519c\u573a-\u5580\u62c9\u5cfb-\u90a3\u62c9\u63d0-\u5df4\u97f3\u5e03\u9c81\u514b-\u5410\u9c81\u756a13\u65e5\u6e38","trade_status":"TRADE_SUCCESS","is_total_fee_adjust":"N","total_fee":"5380.00","gmt_payment":"2017-07-03 19:47:47","seller_email":"2287684289@qq.com","price":"5380.00","buyer_id":"2088102677539075","notify_id":"e2b9ce7404a9db82052e0ba2e1e3111gji","use_coupon":"N","sign_type":"MD5","sign":"af96b326d903e8a9f433fccc1a84a9da"}
[2017-07-03 19:47:48][info] 数据存储反馈成功！
[2017-07-03 19:47:48][info] success
[2017-07-03 19:47:48][info] 写入结束!!!
[2017-07-03 20:00:15][info] ----------------------------------------
[2017-07-03 20:00:15][info] {"discount":"0.00","payment_type":"1","trade_no":"2017070321001004530222357825","subject":"\u7518\u5357\u5168\u666f","buyer_email":"wj5566f@sina.com","gmt_create":"2017-07-03 19:59:47","notify_type":"trade_status_sync","quantity":"1","out_trade_no":"LX-17070116513164606-1","seller_id":"2088421286007493","notify_time":"2017-07-03 20:00:15","body":"2017\u5e74\u72ec\u5bb6  \u62c9\u535c\u695e\u5bfa-\u624e\u5c15\u90a3-\u82b1\u6e56-\u5e74\u5b9d\u7389\u5219-\u82e5\u5c14\u76d6\u8349\u539f-\u963f\u4e07\u4ed3\u6e7f\u5730-\u5c15\u6d77\u6e56-\u90ce\u6728\u5bfa 8\u65e5\u6e38","trade_status":"TRADE_SUCCESS","is_total_fee_adjust":"N","total_fee":"3280.00","gmt_payment":"2017-07-03 20:00:14","seller_email":"2287684289@qq.com","price":"3280.00","buyer_id":"2088002429729535","notify_id":"f367c7b5426343b4a95e42a8eacef43k3a","use_coupon":"N","sign_type":"MD5","sign":"1efe1a440e0246434247038feb6c095e"}
[2017-07-03 20:00:16][info] 数据存储反馈成功！
[2017-07-03 20:00:16][info] success
[2017-07-03 20:00:16][info] 写入结束!!!
[2017-07-03 21:59:03][info] ----------------------------------------
[2017-07-03 21:59:03][info] {"discount":"0.00","payment_type":"1","trade_no":"2017070321001004290289009086","subject":"\u65b0\u7586\u5168\u666f","buyer_email":"13678968298","gmt_create":"2017-07-03 21:57:55","notify_type":"trade_status_sync","quantity":"1","out_trade_no":"LX-17070311285264006-b","seller_id":"2088421286007493","notify_time":"2017-07-03 21:59:03","body":"\u6c5f\u5e03\u62c9\u514b-\u4e94\u5f69\u6ee9-\u5580\u7eb3\u65af-\u79be\u6728-\u8d5b\u91cc\u6728\u6e56-\u85b0\u8863\u8349\u519c\u573a-\u5580\u62c9\u5cfb-\u90a3\u62c9\u63d0-\u5df4\u97f3\u5e03\u9c81\u514b-\u5410\u9c81\u756a13\u65e5\u6e38","trade_status":"TRADE_SUCCESS","is_total_fee_adjust":"N","total_fee":"5380.00","gmt_payment":"2017-07-03 21:59:02","seller_email":"2287684289@qq.com","price":"5380.00","buyer_id":"2088022452454295","notify_id":"33f063786b459340ab0824561ece7bdi8m","use_coupon":"N","sign_type":"MD5","sign":"a9e02adb6a1af552ac7cdfe51a787bcb"}
[2017-07-03 21:59:03][info] 数据存储反馈成功！
[2017-07-03 21:59:03][info] success
[2017-07-03 21:59:03][info] 写入结束!!!
[2017-07-03 22:07:24][info] ----------------------------------------
[2017-07-03 22:07:24][info] {"discount":"0.00","payment_type":"1","trade_no":"2017070321001004190271808059","subject":"\u4e1d\u7ef8\u4e4b\u8def\u7cbe\u534e\u4e03\u65e5\u6e38","buyer_email":"15948374210","gmt_create":"2017-07-03 22:07:11","notify_type":"trade_status_sync","quantity":"1","out_trade_no":"LX-17070321153691406-4","seller_id":"2088421286007493","notify_time":"2017-07-03 22:07:23","body":"2017\u5e74\u9752\u6d77\u6e56-\u8336\u5361\u76d0\u6e56-\u6566\u714c-\u5609\u5cea\u5173-\u5f20\u6396\u4e39\u971e\u4e03\u65e5\u6e38","trade_status":"TRADE_SUCCESS","is_total_fee_adjust":"N","total_fee":"9300.00","gmt_payment":"2017-07-03 22:07:23","seller_email":"2287684289@qq.com","price":"9300.00","buyer_id":"2088702539811198","notify_id":"eae9cdc6e2f125459a33573334dd173hgu","use_coupon":"N","sign_type":"MD5","sign":"baefdfbb499cb945717f8540ac14208e"}
[2017-07-03 22:07:24][info] 数据存储反馈成功！
[2017-07-03 22:07:24][info] success
[2017-07-03 22:07:24][info] 写入结束!!!
[2017-07-03 22:17:53][info] ----------------------------------------
[2017-07-03 22:17:53][info] {"discount":"0.00","payment_type":"1","trade_no":"2017070321001004320230344178","subject":"\u8349\u539f\u7267\u6b4cA\u7ebf","buyer_email":"13957052051","gmt_create":"2017-07-03 22:17:37","notify_type":"trade_status_sync","quantity":"1","out_trade_no":"LX-1707031521231301-f","seller_id":"2088421286007493","notify_time":"2017-07-03 22:17:53","body":"\u6d77\u62c9\u5c14-\u91d1\u5e10\u6c57\u8499\u53e4\u90e8\u843d-\u5ba4\u97e6-\u767d\u6866\u6797-\u9ed1\u5c71\u5934\u9a91\u9a6c\u7a7f\u8d8a-186\u5f69\u5e26\u6cb3\u6ed1\u8349-\u72fc\u5c9b-\u6ee1\u6d32\u91cc5\u65e5\u6e38","trade_status":"TRADE_SUCCESS","is_total_fee_adjust":"N","total_fee":"1890.00","gmt_payment":"2017-07-03 22:17:53","seller_email":"2287684289@qq.com","price":"1890.00","buyer_id":"2088302229255329","notify_id":"f063792e3d04ef1c6b60531b5e87e9digy","use_coupon":"N","sign_type":"MD5","sign":"7f3c0b16838ea45ab8e3752a92225da7"}
[2017-07-03 22:17:54][info] 数据存储反馈成功！
[2017-07-03 22:17:54][info] success
[2017-07-03 22:17:54][info] 写入结束!!!
