[2017-08-30 08:14:50][info] ----------------------------------------
[2017-08-30 08:14:50][info] {"discount":"0.00","payment_type":"1","trade_no":"2017083021001004590216849993","subject":"\u5317\u7586\u5dc5\u5cf0","buyer_email":"number1xuzi@yahoo.com.cn","gmt_create":"2017-08-30 08:14:36","notify_type":"trade_status_sync","quantity":"1","out_trade_no":"LX-17082823500347506-b","seller_id":"2088421286007493","notify_time":"2017-08-30 08:14:49","body":"\u79be\u672848\u5c0f\u65f6-\u5580\u7eb3\u65af-\u767d\u54c8\u5df4-\u4e94\u5f69\u6ee9-\u53cc\u53676\u65e5\u6e38","trade_status":"TRADE_SUCCESS","is_total_fee_adjust":"N","total_fee":"4180.00","gmt_payment":"2017-08-30 08:14:49","seller_email":"2287684289@qq.com","price":"4180.00","buyer_id":"2088102703254590","notify_id":"aa1613718191d15cd1056185485423ckjy","use_coupon":"N","sign_type":"MD5","sign":"784dfacb6a2e3a7d0c2ecda640036f4d"}
[2017-08-30 08:14:50][info] 数据存储反馈成功！
[2017-08-30 08:14:50][info] success
[2017-08-30 08:14:50][info] 写入结束!!!
[2017-08-30 08:32:54][info] ----------------------------------------
[2017-08-30 08:32:54][info] {"discount":"0.00","payment_type":"1","trade_no":"2017083021001004040205448634","subject":"\u8eba\u7740\u53bb\u8d4f\u79cb","buyer_email":"13609798342","gmt_create":"2017-08-30 08:32:46","notify_type":"trade_status_sync","quantity":"1","out_trade_no":"LX-1708240832164601-b","seller_id":"2088421286007493","notify_time":"2017-08-30 08:32:54","body":"2017\u5e74\u989d\u6d4e\u7eb3\u65d7\u80e1\u6768\u67976\u65e5 \u897f\u5b89\u51fa\u53d1 \u53cc\u5367\u706b\u8f66\u56e2","trade_status":"TRADE_SUCCESS","is_total_fee_adjust":"N","total_fee":"3580.00","gmt_payment":"2017-08-30 08:32:54","seller_email":"2287684289@qq.com","price":"3580.00","buyer_id":"2088702703870048","notify_id":"b565a7b5ed74c4708bd80e4596cacfbgb6","use_coupon":"N","sign_type":"MD5","sign":"5db63681d95493a7c2859c2bd4aa8cc6"}
[2017-08-30 08:32:55][info] 数据存储反馈成功！
[2017-08-30 08:32:55][info] success
[2017-08-30 08:32:55][info] 写入结束!!!
[2017-08-30 08:46:17][info] ----------------------------------------
[2017-08-30 08:46:17][info] {"discount":"0.00","payment_type":"1","trade_no":"2017083021001004410225025345","subject":"\u5927\u5d5b\u5c71\u5c9b","buyer_email":"lindawlan@gmail.com","gmt_create":"2017-08-30 08:46:07","notify_type":"trade_status_sync","quantity":"1","out_trade_no":"LX-17082915172478701-3","seller_id":"2088421286007493","notify_time":"2017-08-30 08:46:17","body":"7-10\uff0c\u6700\u7f8e\u6d77\u4e0a\u8349\u539f\uff0c\u4e2d\u56fd\u5341\u5927\u6700\u7f8e\u5c9b\u5c7f\uff082\u59292\u591c\uff0c\u53ef\u9732\u8425\u53ef\u4f4f\u5bbf\uff09","trade_status":"TRADE_SUCCESS","is_total_fee_adjust":"N","total_fee":"690.00","gmt_payment":"2017-08-30 08:46:17","seller_email":"2287684289@qq.com","price":"690.00","buyer_id":"2088002349989413","notify_id":"d57378f5cb0e82c1a079f71efa80c35j5y","use_coupon":"N","sign_type":"MD5","sign":"b866cf7e2f43bbe71563a1c7c99dea5e"}
[2017-08-30 08:46:17][info] 数据存储反馈成功！
[2017-08-30 08:46:17][info] success
[2017-08-30 08:46:17][info] 写入结束!!!
[2017-08-30 09:49:42][info] ----------------------------------------
[2017-08-30 09:49:42][info] {"discount":"0.00","payment_type":"1","trade_no":"2017083021001004960253424043","subject":"\u989d\u6d4e\u7eb3\u5168\u666f","buyer_email":"18963973811","gmt_create":"2017-08-30 09:49:26","notify_type":"trade_status_sync","quantity":"1","out_trade_no":"LX-17082213314027001-5","seller_id":"2088421286007493","notify_time":"2017-08-30 09:49:42","body":"\u989d\u6d4e\u7eb3\u80e1\u6768\u6797-\u6566\u714c\u5168\u666f-\u5df4\u4e39\u5409\u6797-\u5f20\u6396\u4e39\u971e-\u5609\u5cea\u5173-\u91d1\u5854\u80e1\u6768\u6797-\u52a8\u8f668\u65e5","trade_status":"TRADE_SUCCESS","is_total_fee_adjust":"N","total_fee":"4080.00","gmt_payment":"2017-08-30 09:49:42","seller_email":"2287684289@qq.com","price":"4080.00","buyer_id":"2088802134569961","notify_id":"008d50a06f50b1597ac1cbfd5abfd9aneq","use_coupon":"N","sign_type":"MD5","sign":"3029fda05dc1f363ba61d54706d060e6"}
[2017-08-30 09:49:43][info] 数据存储反馈成功！
[2017-08-30 09:49:43][info] success
[2017-08-30 09:49:43][info] 写入结束!!!
[2017-08-30 10:19:42][info] ----------------------------------------
[2017-08-30 10:19:42][info] {"discount":"0.00","payment_type":"1","trade_no":"2017083021001004510216280223","subject":"\u5317\u7586\u91d1\u79cb\u6444\u5f71","buyer_email":"13994222003","gmt_create":"2017-08-30 10:12:57","notify_type":"trade_status_sync","quantity":"1","out_trade_no":"LX-17083009222872101-1","seller_id":"2088421286007493","notify_time":"2017-08-30 10:19:42","body":"\u5580\u7eb3\u65af-\u79be\u6728-\u767d\u54c8\u5df4-\u53ef\u53ef\u6258\u6d77-\u4e94\u5f69\u6ee9-\u53ef\u53ef\u82cf\u91cc\u6e56-\u9b54\u9b3c\u57ce\u79cb\u5b63\u6444\u5f7110\u65e5","trade_status":"TRADE_SUCCESS","is_total_fee_adjust":"N","total_fee":"2890.00","gmt_payment":"2017-08-30 10:19:41","seller_email":"2287684289@qq.com","price":"2890.00","buyer_id":"2088112568681510","notify_id":"634ed5a0b160a4a64c013c7f5a4978djxq","use_coupon":"N","sign_type":"MD5","sign":"969b74e04e3238a05c07d9a355363852"}
[2017-08-30 10:19:42][info] 数据存储反馈成功！
[2017-08-30 10:19:42][info] success
[2017-08-30 10:19:42][info] 写入结束!!!
[2017-08-30 10:45:40][info] ----------------------------------------
[2017-08-30 10:45:40][info] {"discount":"0.00","payment_type":"1","trade_no":"2017083021001004960253579657","subject":"\u989d\u6d4e\u7eb3\u5168\u666f","buyer_email":"18963973811","gmt_create":"2017-08-30 10:45:28","notify_type":"trade_status_sync","quantity":"1","out_trade_no":"LX-170830094010201-8","seller_id":"2088421286007493","notify_time":"2017-08-30 10:45:40","body":"\u989d\u6d4e\u7eb3\u80e1\u6768\u6797-\u6566\u714c\u5168\u666f-\u5df4\u4e39\u5409\u6797-\u5f20\u6396\u4e39\u971e-\u5609\u5cea\u5173-\u91d1\u5854\u80e1\u6768\u6797-\u52a8\u8f668\u65e5","trade_status":"TRADE_SUCCESS","is_total_fee_adjust":"N","total_fee":"4080.00","gmt_payment":"2017-08-30 10:45:40","seller_email":"2287684289@qq.com","price":"4080.00","buyer_id":"2088802134569961","notify_id":"ace3e1866385e4f6974ca3a19e9472fneq","use_coupon":"N","sign_type":"MD5","sign":"4db9c66c5c2a143eb0da6b6048a396eb"}
[2017-08-30 10:45:41][info] 数据存储反馈成功！
[2017-08-30 10:45:41][info] success
[2017-08-30 10:45:41][info] 写入结束!!!
[2017-08-30 10:47:04][info] ----------------------------------------
[2017-08-30 10:47:04][info] {"discount":"0.00","payment_type":"1","trade_no":"2017052921001004330211742361","subject":"\u4e09\u6c5f\u6e90\u6df1\u5ea6\u5927\u73af\u7ebf","buyer_email":"605138598@qq.com","gmt_create":"2017-05-29 10:46:28","notify_type":"trade_status_sync","quantity":"1","out_trade_no":"LX-17052910173122406-6","seller_id":"2088421286007493","notify_time":"2017-08-30 10:47:04","body":"2017\u5e74\u7518\u5357-\u5e74\u5b9d\u7389\u5219-\u8272\u8fbe-\u4e94\u660e\u4f5b\u5b66\u9662-\u5ddd\u85cf\u5317\u7ebf\u3001\u751f\u547d\u51c0\u571f\u4e09\u6c5f\u6e90-\u9102\u9675\u6e56 \u624e\u9675\u6e5612\u65e5\u4eba\u6587\u884c\u6444\u4e4b\u65c5\uff01","trade_status":"TRADE_FINISHED","is_total_fee_adjust":"N","total_fee":"13600.00","gmt_payment":"2017-05-29 10:46:44","seller_email":"2287684289@qq.com","gmt_close":"2017-08-30 10:47:04","price":"13600.00","buyer_id":"2088002858480339","notify_id":"d1d512579bde67016e990c2f6ecd35eijq","use_coupon":"N","sign_type":"MD5","sign":"d509cdf97d33a283c173f9e48c55a6f9"}
[2017-08-30 10:47:04][info] 数据存储反馈成功！
[2017-08-30 10:47:04][info] success
[2017-08-30 10:47:04][info] 写入结束!!!
[2017-08-30 11:12:49][info] ----------------------------------------
[2017-08-30 11:12:49][info] {"discount":"0.00","payment_type":"1","trade_no":"2017083021001004920214183613","subject":"\u5317\u7586\u91d1\u79cb\u81f3\u5c0a10\u65e5\u6e38","buyer_email":"hermaphrodite@163.com","gmt_create":"2017-08-30 11:11:56","notify_type":"trade_status_sync","quantity":"1","out_trade_no":"LX-17082915080471506-e","seller_id":"2088421286007493","notify_time":"2017-08-30 11:12:48","body":"38\u5c0f\u65f6\u79be\u6728-\u5580\u7eb3\u65af-\u767d\u54c8\u5df4-\u53ef\u53ef\u82cf\u91cc\u6e56-\u53ef\u53ef\u6258\u6d77-\u4e94\u5f69\u6ee9-\u9b54\u9b3c\u57ce10\u65e5\u5927\u73af\u7ebf","trade_status":"TRADE_SUCCESS","is_total_fee_adjust":"N","total_fee":"53300.00","gmt_payment":"2017-08-30 11:12:48","seller_email":"2287684289@qq.com","price":"53300.00","buyer_id":"2088002415416928","notify_id":"864fde3f6e833672678b29cfc0f782en3m","use_coupon":"N","sign_type":"MD5","sign":"d8333fbac02a9a25a2b8e09ea6e13aed"}
[2017-08-30 11:12:49][info] 数据存储反馈成功！
[2017-08-30 11:12:49][info] success
[2017-08-30 11:12:49][info] 写入结束!!!
[2017-08-30 11:43:03][info] ----------------------------------------
[2017-08-30 11:43:03][info] {"discount":"0.00","payment_type":"1","trade_no":"2017052921001004280266091418","subject":"\u7518\u5357\u5168\u666f","buyer_email":"18951051189@189.cn","gmt_create":"2017-05-29 11:42:13","notify_type":"trade_status_sync","quantity":"1","out_trade_no":"LX-17051822125938306-6","seller_id":"2088421286007493","notify_time":"2017-08-30 11:43:03","body":"2017\u5e74\u72ec\u5bb6  \u516b\u89d2\u57ce-\u624e\u5c15\u90a3-\u82b1\u6e56-\u5e74\u5b9d\u7389\u5219-\u82e5\u5c14\u76d6\u8349\u539f-\u963f\u4e07\u4ed3\u6e7f\u5730-\u90ce\u6728\u5bfa 8\u65e5\u6e38","trade_status":"TRADE_FINISHED","is_total_fee_adjust":"N","total_fee":"2800.00","gmt_payment":"2017-05-29 11:42:42","seller_email":"2287684289@qq.com","gmt_close":"2017-08-30 11:43:03","price":"2800.00","buyer_id":"2088602056720280","notify_id":"2442fb6203a7a7fbeb89a31ed8b5d7fi5u","use_coupon":"N","sign_type":"MD5","sign":"3971c161da3ff35e09b809fc99d40feb"}
[2017-08-30 11:43:03][info] 数据存储反馈成功！
[2017-08-30 11:43:03][info] success
[2017-08-30 11:43:03][info] 写入结束!!!
[2017-08-30 11:46:00][info] ----------------------------------------
[2017-08-30 11:46:00][info] {"discount":"0.00","payment_type":"1","trade_no":"2017052921001004280266084669","subject":"\u7518\u5357\u5168\u666f","buyer_email":"18951051189@189.cn","gmt_create":"2017-05-29 11:44:56","notify_type":"trade_status_sync","quantity":"1","out_trade_no":"LX-17051822100230306-d","seller_id":"2088421286007493","notify_time":"2017-08-30 11:46:00","body":"2017\u5e74\u72ec\u5bb6  \u516b\u89d2\u57ce-\u624e\u5c15\u90a3-\u82b1\u6e56-\u5e74\u5b9d\u7389\u5219-\u82e5\u5c14\u76d6\u8349\u539f-\u963f\u4e07\u4ed3\u6e7f\u5730-\u90ce\u6728\u5bfa 8\u65e5\u6e38","trade_status":"TRADE_FINISHED","is_total_fee_adjust":"N","total_fee":"2800.00","gmt_payment":"2017-05-29 11:45:11","seller_email":"2287684289@qq.com","gmt_close":"2017-08-30 11:46:00","price":"2800.00","buyer_id":"2088602056720280","notify_id":"bd62b78386b57233d72249dc5061cf2i5u","use_coupon":"N","sign_type":"MD5","sign":"a0f16349e7346d4107f6df75ff4fb1ec"}
[2017-08-30 11:46:00][info] 数据存储反馈成功！
[2017-08-30 11:46:00][info] success
[2017-08-30 11:46:00][info] 写入结束!!!
[2017-08-30 11:47:59][info] ----------------------------------------
[2017-08-30 11:47:59][info] {"discount":"0.00","payment_type":"1","trade_no":"2017052921001004280266108093","subject":"\u7518\u5357\u5168\u666f","buyer_email":"18951051189@189.cn","gmt_create":"2017-05-29 11:46:53","notify_type":"trade_status_sync","quantity":"1","out_trade_no":"LX-17051617535339906-a","seller_id":"2088421286007493","notify_time":"2017-08-30 11:47:59","body":"2017\u5e74\u72ec\u5bb6  \u516b\u89d2\u57ce-\u624e\u5c15\u90a3-\u82b1\u6e56-\u5e74\u5b9d\u7389\u5219-\u82e5\u5c14\u76d6\u8349\u539f-\u963f\u4e07\u4ed3\u6e7f\u5730-\u90ce\u6728\u5bfa 8\u65e5\u6e38","trade_status":"TRADE_FINISHED","is_total_fee_adjust":"N","total_fee":"2800.00","gmt_payment":"2017-05-29 11:47:09","seller_email":"2287684289@qq.com","gmt_close":"2017-08-30 11:47:59","price":"2800.00","buyer_id":"2088602056720280","notify_id":"4ff3533dada98e934a215272173f6dbi5u","use_coupon":"N","sign_type":"MD5","sign":"98a2c0ab2140d072314ed83ff599d468"}
[2017-08-30 11:47:59][info] 数据存储反馈成功！
[2017-08-30 11:47:59][info] success
[2017-08-30 11:47:59][info] 写入结束!!!
[2017-08-30 13:18:27][info] ----------------------------------------
[2017-08-30 13:18:27][info] {"discount":"0.00","payment_type":"1","trade_no":"2017083021001004540236411292","subject":"\u5317\u7586\u91d1\u79cb\u6444\u5f71","buyer_email":"595328701@qq.com","gmt_create":"2017-08-30 13:15:53","notify_type":"trade_status_sync","quantity":"1","out_trade_no":"LX-17082015363322606-7","seller_id":"2088421286007493","notify_time":"2017-08-30 13:18:27","body":"\u5580\u7eb3\u65af-\u79be\u6728-\u767d\u54c8\u5df4-\u53ef\u53ef\u6258\u6d77-\u4e94\u5f69\u6ee9-\u53ef\u53ef\u82cf\u91cc\u6e56-\u9b54\u9b3c\u57ce\u79cb\u5b63\u6444\u5f7110\u65e5","trade_status":"TRADE_SUCCESS","is_total_fee_adjust":"N","total_fee":"5780.00","gmt_payment":"2017-08-30 13:18:27","seller_email":"2287684289@qq.com","price":"5780.00","buyer_id":"2088002355718542","notify_id":"8d91ed3e63ddcac4f4381f3d41bdd2fk62","use_coupon":"N","sign_type":"MD5","sign":"70d1caa20cab185ec37a96a1292c6757"}
[2017-08-30 13:18:28][info] 数据存储反馈成功！
[2017-08-30 13:18:28][info] success
[2017-08-30 13:18:28][info] 写入结束!!!
[2017-08-30 13:23:30][info] ----------------------------------------
[2017-08-30 13:23:30][info] {"discount":"0.00","payment_type":"1","trade_no":"2017083021001004800263391808","subject":"\u5317\u7586\u91d1\u79cb\u6444\u5f71","buyer_email":"jenefi@163.com","gmt_create":"2017-08-30 13:03:12","notify_type":"trade_status_sync","quantity":"1","out_trade_no":"LX-17082919102134306-3","seller_id":"2088421286007493","notify_time":"2017-08-30 13:23:30","body":"\u5580\u7eb3\u65af-\u79be\u6728-\u767d\u54c8\u5df4-\u53ef\u53ef\u6258\u6d77-\u4e94\u5f69\u6ee9-\u53ef\u53ef\u82cf\u91cc\u6e56-\u9b54\u9b3c\u57ce\u79cb\u5b63\u6444\u5f7110\u65e5","trade_status":"TRADE_SUCCESS","is_total_fee_adjust":"N","total_fee":"5780.00","gmt_payment":"2017-08-30 13:23:30","seller_email":"2287684289@qq.com","price":"5780.00","buyer_id":"2088002333059807","notify_id":"17cad6ec95d17e9757fa031bc4b90bem6a","use_coupon":"N","sign_type":"MD5","sign":"e7e2557b06aee0d135b43779ef85893f"}
[2017-08-30 13:23:31][info] 数据存储反馈成功！
[2017-08-30 13:23:31][info] success
[2017-08-30 13:23:31][info] 写入结束!!!
[2017-08-30 14:07:44][info] ----------------------------------------
[2017-08-30 14:07:44][info] {"discount":"0.00","payment_type":"1","trade_no":"2017083021001004420299879184","subject":"\u989d\u6d4e\u7eb3\u5168\u666f","buyer_email":"362286579@qq.com","gmt_create":"2017-08-30 14:07:34","notify_type":"trade_status_sync","quantity":"1","out_trade_no":"LX-17083013364067001-f","seller_id":"2088421286007493","notify_time":"2017-08-30 14:07:44","body":"\u989d\u6d4e\u7eb3\u80e1\u6768\u6797-\u6566\u714c\u5168\u666f-\u5df4\u4e39\u5409\u6797-\u5f20\u6396\u4e39\u971e-\u5609\u5cea\u5173-\u91d1\u5854\u80e1\u6768\u6797-\u52a8\u8f668\u65e5","trade_status":"TRADE_SUCCESS","is_total_fee_adjust":"N","total_fee":"4080.00","gmt_payment":"2017-08-30 14:07:43","seller_email":"2287684289@qq.com","price":"4080.00","buyer_id":"2088702561953422","notify_id":"bb877c3967a48915206ddf724e34cf1j8q","use_coupon":"N","sign_type":"MD5","sign":"ff65fc0465ee369db835bf8254db5eb6"}
[2017-08-30 14:07:44][info] 数据存储反馈成功！
[2017-08-30 14:07:44][info] success
[2017-08-30 14:07:44][info] 写入结束!!!
[2017-08-30 14:10:14][info] ----------------------------------------
[2017-08-30 14:10:14][info] {"discount":"0.00","payment_type":"1","trade_no":"2017083021001004300218839109","subject":"\u5317\u7586\u91d1\u79cb\u7ecf\u5178\u73af\u7ebf","buyer_email":"shelly@santech-oe.com","gmt_create":"2017-08-30 14:09:26","notify_type":"trade_status_sync","quantity":"1","out_trade_no":"LX-17082910285572306-3","seller_id":"2088421286007493","notify_time":"2017-08-30 14:10:14","body":"\u5580\u7eb3\u65af-\u767d\u54c8\u5df4-\u79be\u6728-\u4e94\u5f69\u6ee9-\u9b54\u9b3c\u57ce-\u53ef\u53ef\u6258\u6d77 9\u65e5\u6df1\u5ea6\u6e38","trade_status":"TRADE_SUCCESS","is_total_fee_adjust":"N","total_fee":"2390.00","gmt_payment":"2017-08-30 14:10:13","seller_email":"2287684289@qq.com","price":"2390.00","buyer_id":"2088102831374308","notify_id":"fa0a5607512be67712964f79d0859caibe","use_coupon":"N","sign_type":"MD5","sign":"c9190daa7176f5cbc16303ea32b3714e"}
[2017-08-30 14:10:14][info] 数据存储反馈成功！
[2017-08-30 14:10:14][info] success
[2017-08-30 14:10:14][info] 写入结束!!!
[2017-08-30 14:51:44][info] ----------------------------------------
[2017-08-30 14:51:44][info] {"discount":"0.00","payment_type":"1","trade_no":"2017083021001004370280298554","subject":"\u9955\u992e\u8d4f\u79cb","buyer_email":"13555666918","gmt_create":"2017-08-30 14:51:20","notify_type":"trade_status_sync","quantity":"1","out_trade_no":"LX-1708301310596201-a","seller_id":"2088421286007493","notify_time":"2017-08-30 14:51:44","body":"\u9752\u6d77\u6e56-\u8336\u5361\u76d0\u6e56-\u83ab\u9ad8\u7a9f-\u9e23\u6c99\u5c71-\u6708\u7259\u6cc9-\u5609\u5cea\u5173-\u989d\u6d4e\u7eb3\u80e1\u6768\u6797-\u5353\u5c14\u5c7110\u65e5\u5927\u73af\u7ebf","trade_status":"TRADE_SUCCESS","is_total_fee_adjust":"N","total_fee":"5690.00","gmt_payment":"2017-08-30 14:51:43","seller_email":"2287684289@qq.com","price":"5690.00","buyer_id":"2088402106460375","notify_id":"e670225280d07ca0f4c27e5964c99d7iuu","use_coupon":"N","sign_type":"MD5","sign":"3d6c5944aefd32b53ff6dd81017e9195"}
[2017-08-30 14:51:44][info] 数据存储反馈成功！
[2017-08-30 14:51:44][info] success
[2017-08-30 14:51:44][info] 写入结束!!!
[2017-08-30 15:03:21][info] ----------------------------------------
[2017-08-30 15:03:21][info] {"discount":"0.00","payment_type":"1","trade_no":"2017083021001004510216925183","subject":"\u5317\u7586\u91d1\u79cb\u7ecf\u5178\u73af\u7ebf","buyer_email":"13603454703","gmt_create":"2017-08-30 15:03:02","notify_type":"trade_status_sync","quantity":"1","out_trade_no":"LX-17083013350019406-e","seller_id":"2088421286007493","notify_time":"2017-08-30 15:03:21","body":"\u5580\u7eb3\u65af-\u767d\u54c8\u5df4-\u79be\u6728-\u4e94\u5f69\u6ee9-\u9b54\u9b3c\u57ce-\u53ef\u53ef\u6258\u6d77 9\u65e5\u6df1\u5ea6\u6e38","trade_status":"TRADE_SUCCESS","is_total_fee_adjust":"N","total_fee":"5030.00","gmt_payment":"2017-08-30 15:03:21","seller_email":"2287684289@qq.com","price":"5030.00","buyer_id":"2088702038887515","notify_id":"3e72a5b30354c962aca5e7b4217c2c4jxq","use_coupon":"N","sign_type":"MD5","sign":"04b7c2178c51425841db30d9e571c0f5"}
[2017-08-30 15:03:22][info] 数据存储反馈成功！
[2017-08-30 15:03:22][info] success
[2017-08-30 15:03:22][info] 写入结束!!!
[2017-08-30 15:23:29][info] ----------------------------------------
[2017-08-30 15:23:29][info] {"discount":"0.00","payment_type":"1","trade_no":"2017083021001004460205307843","subject":"\u65b0\u7586\u91d1\u79cb\u5927\u73af\u7ebf","buyer_email":"qyzlong@sina.com","gmt_create":"2017-08-30 15:22:38","notify_type":"trade_status_sync","quantity":"1","out_trade_no":"LX-17083011515410806-f","seller_id":"2088421286007493","notify_time":"2017-08-30 15:23:29","body":"\u5580\u7eb3\u65af-\u79be\u6728-\u767d\u54c8\u5df4-\u8d5b\u91cc\u6728\u6e56-\u5df4\u97f3\u5e03\u9c81\u514b-\u5410\u9c81\u756a-\u5854\u91cc\u6728\u6cb3\u80e1\u6768\u679712\u65e5\u6df1\u5ea6\u6e38","trade_status":"TRADE_SUCCESS","is_total_fee_adjust":"N","total_fee":"2990.00","gmt_payment":"2017-08-30 15:23:28","seller_email":"2287684289@qq.com","price":"2990.00","buyer_id":"2088002651983462","notify_id":"d92f55f085c72d8a3bba5ba8da37f1bjju","use_coupon":"N","sign_type":"MD5","sign":"94057dc028dfb7af700ade06c7f6c746"}
[2017-08-30 15:23:29][info] 数据存储反馈成功！
[2017-08-30 15:23:29][info] success
[2017-08-30 15:23:29][info] 写入结束!!!
[2017-08-30 20:31:38][info] ----------------------------------------
[2017-08-30 20:31:38][info] {"discount":"0.00","payment_type":"1","trade_no":"2017083021001004630288199443","subject":"\u989d\u6d4e\u7eb3\u5168\u666f","buyer_email":"ggaphnus@126.com","gmt_create":"2017-08-30 20:31:30","notify_type":"trade_status_sync","quantity":"1","out_trade_no":"LX-17082719223499606-7","seller_id":"2088421286007493","notify_time":"2017-08-30 20:31:38","body":"\u989d\u6d4e\u7eb3\u80e1\u6768\u6797-\u6566\u714c\u5168\u666f-\u5df4\u4e39\u5409\u6797-\u5f20\u6396\u4e39\u971e-\u5609\u5cea\u5173-\u91d1\u5854\u80e1\u6768\u6797-\u52a8\u8f668\u65e5","trade_status":"TRADE_SUCCESS","is_total_fee_adjust":"N","total_fee":"8760.00","gmt_payment":"2017-08-30 20:31:37","seller_email":"2287684289@qq.com","price":"8760.00","buyer_id":"2088202688646635","notify_id":"1388930c31006f5d5ddc8cc937611e6kv2","use_coupon":"N","sign_type":"MD5","sign":"8728756ca71657522f97838491c9db58"}
[2017-08-30 20:31:38][info] 数据存储反馈成功！
[2017-08-30 20:31:38][info] success
[2017-08-30 20:31:38][info] 写入结束!!!
[2017-08-30 21:06:22][info] ----------------------------------------
[2017-08-30 21:06:22][info] {"discount":"0.00","payment_type":"1","trade_no":"2017083021001004900267428475","subject":"\u65b0\u7586\u91d1\u79cb\u5927\u73af\u7ebf","buyer_email":"13022072395","gmt_create":"2017-08-30 21:01:40","notify_type":"trade_status_sync","quantity":"1","out_trade_no":"LX-17082820521517701-f","seller_id":"2088421286007493","notify_time":"2017-08-30 21:06:22","body":"\u5580\u7eb3\u65af-\u79be\u6728-\u767d\u54c8\u5df4-\u8d5b\u91cc\u6728\u6e56-\u5df4\u97f3\u5e03\u9c81\u514b-\u5410\u9c81\u756a-\u5854\u91cc\u6728\u6cb3\u80e1\u6768\u679712\u65e5\u6df1\u5ea6\u6e38","trade_status":"TRADE_SUCCESS","is_total_fee_adjust":"N","total_fee":"5680.00","gmt_payment":"2017-08-30 21:06:22","seller_email":"2287684289@qq.com","price":"5680.00","buyer_id":"2088012523589908","notify_id":"19f372df450a0f618f1ae4527f9ecfamy2","use_coupon":"N","sign_type":"MD5","sign":"6b96fe8edc3cdb600f75c44df62ef13b"}
[2017-08-30 21:06:22][info] 数据存储反馈成功！
[2017-08-30 21:06:22][info] success
[2017-08-30 21:06:22][info] 写入结束!!!
[2017-08-30 21:22:33][info] ----------------------------------------
[2017-08-30 21:22:33][info] {"discount":"0.00","payment_type":"1","trade_no":"2017083021001004870232536243","subject":"\u5317\u7586\u91d1\u79cb\u6444\u5f71","buyer_email":"67821033@qq.com","gmt_create":"2017-08-30 21:22:09","notify_type":"trade_status_sync","quantity":"1","out_trade_no":"LX-17083009230660301-f","seller_id":"2088421286007493","notify_time":"2017-08-30 21:22:33","body":"\u5580\u7eb3\u65af-\u79be\u6728-\u767d\u54c8\u5df4-\u53ef\u53ef\u6258\u6d77-\u4e94\u5f69\u6ee9-\u53ef\u53ef\u82cf\u91cc\u6e56-\u9b54\u9b3c\u57ce\u79cb\u5b63\u6444\u5f7110\u65e5","trade_status":"TRADE_SUCCESS","is_total_fee_adjust":"N","total_fee":"11560.00","gmt_payment":"2017-08-30 21:22:33","seller_email":"2287684289@qq.com","price":"11560.00","buyer_id":"2088002461476879","notify_id":"2052050da1c26b00af0713b4595d850mpq","use_coupon":"N","sign_type":"MD5","sign":"32b2913e49fd7083a5f5e1099f99a0df"}
[2017-08-30 21:22:33][info] 数据存储反馈成功！
[2017-08-30 21:22:33][info] success
[2017-08-30 21:22:33][info] 写入结束!!!
