[2017-09-01 00:13:01][info] ----------------------------------------
[2017-09-01 00:13:01][info] {"discount":"0.00","payment_type":"1","trade_no":"2017090121001004230291322600","subject":"\u5317\u7586\u91d1\u79cb\u7ecf\u5178\u73af\u7ebf","buyer_email":"bingerljc@163.com","gmt_create":"2017-09-01 00:12:47","notify_type":"trade_status_sync","quantity":"1","out_trade_no":"LX-17082714365050206-f","seller_id":"2088421286007493","notify_time":"2017-09-01 00:13:01","body":"\u5580\u7eb3\u65af-\u767d\u54c8\u5df4-\u79be\u6728-\u4e94\u5f69\u6ee9-\u9b54\u9b3c\u57ce-\u53ef\u53ef\u6258\u6d77 9\u65e5\u6df1\u5ea6\u6e38","trade_status":"TRADE_SUCCESS","is_total_fee_adjust":"N","total_fee":"10060.00","gmt_payment":"2017-09-01 00:13:01","seller_email":"2287684289@qq.com","price":"10060.00","buyer_id":"2088002015251233","notify_id":"95212ee4de570065c762929e4c6e204hry","use_coupon":"N","sign_type":"MD5","sign":"df11ffac0d335d4f3675bf05d7535a7f"}
[2017-09-01 00:13:02][info] 数据存储反馈成功！
[2017-09-01 00:13:02][info] success
[2017-09-01 00:13:02][info] 写入结束!!!
[2017-09-01 09:14:01][info] ----------------------------------------
[2017-09-01 09:14:01][info] {"discount":"0.00","payment_type":"1","trade_no":"2017082521001004970217602032","subject":"\u989d\u6d4e\u7eb3\u6700\u7f8e\u9ad8\u94c1\u56e2","buyer_email":"10099045@qq.com","gmt_create":"2017-08-25 20:05:11","notify_type":"trade_status_sync","quantity":"1","out_trade_no":"LX-17082519375890806-f","seller_id":"2088421286007493","notify_time":"2017-09-01 09:14:00","body":"2017\u989d\u6d4e\u7eb3\u65d7\u80e1\u6768\u6797\u516d\u65e5\u6e38-\u9886\u8896\u6237\u5916\u72ec\u5bb6\u9996\u521b","trade_status":"TRADE_SUCCESS","is_total_fee_adjust":"N","total_fee":"6960.00","gmt_payment":"2017-09-01 09:14:00","seller_email":"2287684289@qq.com","price":"6960.00","buyer_id":"2088202858905975","notify_id":"e460c79b583b48615a6e169ad2df793nhi","use_coupon":"N","sign_type":"MD5","sign":"1a027ba6eb243c3e966d1e1e32172c6e"}
[2017-09-01 09:14:01][info] 数据存储反馈成功！
[2017-09-01 09:14:01][info] success
[2017-09-01 09:14:01][info] 写入结束!!!
[2017-09-01 09:28:05][info] ----------------------------------------
[2017-09-01 09:28:05][info] {"discount":"0.00","payment_type":"1","trade_no":"2017053121001004780219601328","subject":"\u65b0\u7586\u5168\u666f","buyer_email":"xiaofeng1010121@sina.com","gmt_create":"2017-05-31 09:27:44","notify_type":"trade_status_sync","quantity":"1","out_trade_no":"LX-17042115153122101-6","seller_id":"2088421286007493","notify_time":"2017-09-01 09:28:05","body":"\u6c5f\u5e03\u62c9\u514b-\u4e94\u5f69\u6ee9-\u5580\u7eb3\u65af-\u79be\u6728-\u8d5b\u91cc\u6728\u6e56-\u85b0\u8863\u8349\u519c\u573a-\u5580\u62c9\u5cfb-\u90a3\u62c9\u63d0-\u5df4\u97f3\u5e03\u9c81\u514b-\u5410\u9c81\u756a13\u65e5\u6e38","trade_status":"TRADE_FINISHED","is_total_fee_adjust":"N","total_fee":"5060.00","gmt_payment":"2017-05-31 09:27:53","seller_email":"2287684289@qq.com","gmt_close":"2017-09-01 09:28:05","price":"5060.00","buyer_id":"2088002077602781","notify_id":"1fe81292704ea0af05424b0295ab0edm0q","use_coupon":"N","sign_type":"MD5","sign":"aa647221406509961e3b92a8006a9299"}
[2017-09-01 09:28:05][info] 数据存储反馈成功！
[2017-09-01 09:28:05][info] success
[2017-09-01 09:28:05][info] 写入结束!!!
[2017-09-01 10:22:39][info] ----------------------------------------
[2017-09-01 10:22:39][info] {"discount":"0.00","payment_type":"1","trade_no":"2017090121001004400235744105","subject":"\u989d\u6d4e\u7eb3\u5168\u666f","buyer_email":"yuanyan0718@163.com","gmt_create":"2017-09-01 10:22:31","notify_type":"trade_status_sync","quantity":"1","out_trade_no":"LX-17090110130096801-d","seller_id":"2088421286007493","notify_time":"2017-09-01 10:22:39","body":"\u989d\u6d4e\u7eb3\u80e1\u6768\u6797-\u6566\u714c\u5168\u666f-\u5df4\u4e39\u5409\u6797-\u5f20\u6396\u4e39\u971e-\u5609\u5cea\u5173-\u91d1\u5854\u80e1\u6768\u6797-\u52a8\u8f668\u65e5","trade_status":"TRADE_SUCCESS","is_total_fee_adjust":"N","total_fee":"2240.00","gmt_payment":"2017-09-01 10:22:39","seller_email":"2287684289@qq.com","price":"2240.00","buyer_id":"2088002518939401","notify_id":"f192aebd993d095c6a8622f261ceea5j36","use_coupon":"N","sign_type":"MD5","sign":"e9cb070eb66971064809441eefa1bce4"}
[2017-09-01 10:22:39][info] 数据存储反馈成功！
[2017-09-01 10:22:39][info] success
[2017-09-01 10:22:39][info] 写入结束!!!
[2017-09-01 10:54:04][info] ----------------------------------------
[2017-09-01 10:54:04][info] {"discount":"0.00","payment_type":"1","trade_no":"2017090121001004020244818144","subject":"\u5317\u7586\u91d1\u79cb\u7ecf\u5178\u73af\u7ebf","buyer_email":"xuhailing811@163.com","gmt_create":"2017-09-01 10:53:23","notify_type":"trade_status_sync","quantity":"1","out_trade_no":"LX-17090110051197901-8","seller_id":"2088421286007493","notify_time":"2017-09-01 10:54:03","body":"\u5580\u7eb3\u65af-\u767d\u54c8\u5df4-\u79be\u6728-\u4e94\u5f69\u6ee9-\u9b54\u9b3c\u57ce-\u53ef\u53ef\u6258\u6d77 9\u65e5\u6df1\u5ea6\u6e38","trade_status":"TRADE_SUCCESS","is_total_fee_adjust":"N","total_fee":"9660.00","gmt_payment":"2017-09-01 10:54:03","seller_email":"2287684289@qq.com","price":"9660.00","buyer_id":"2088002775851021","notify_id":"8a302dc0f64cd349cf43cb8640c7851g5m","use_coupon":"N","sign_type":"MD5","sign":"1f247fbccf530133543907e67c7160d4"}
[2017-09-01 10:54:04][info] 数据存储反馈成功！
[2017-09-01 10:54:04][info] success
[2017-09-01 10:54:04][info] 写入结束!!!
[2017-09-01 11:35:05][info] ----------------------------------------
[2017-09-01 11:35:05][info] {"discount":"0.00","payment_type":"1","trade_no":"2017053121001004170238175180","subject":"\u65b0\u7586\u5168\u666f","buyer_email":"kathleen0816@sina.com","gmt_create":"2017-05-31 11:34:22","notify_type":"trade_status_sync","quantity":"1","out_trade_no":"LX-17042311233276706-d","seller_id":"2088421286007493","notify_time":"2017-09-01 11:35:05","body":"\u6c5f\u5e03\u62c9\u514b-\u4e94\u5f69\u6ee9-\u5580\u7eb3\u65af-\u79be\u6728-\u8d5b\u91cc\u6728\u6e56-\u85b0\u8863\u8349\u519c\u573a-\u5580\u62c9\u5cfb-\u90a3\u62c9\u63d0-\u5df4\u97f3\u5e03\u9c81\u514b-\u5410\u9c81\u756a13\u65e5\u6e38","trade_status":"TRADE_FINISHED","is_total_fee_adjust":"N","total_fee":"10360.00","gmt_payment":"2017-05-31 11:34:30","seller_email":"2287684289@qq.com","gmt_close":"2017-09-01 11:35:05","price":"10360.00","buyer_id":"2088002476862175","notify_id":"784861ac6a7adc47ff321eadef7f875hba","use_coupon":"N","sign_type":"MD5","sign":"36aa65bf3d73f8ba63f7c5750677ea56"}
[2017-09-01 11:35:06][info] 数据存储反馈成功！
[2017-09-01 11:35:06][info] success
[2017-09-01 11:35:06][info] 写入结束!!!
[2017-09-01 11:53:13][info] ----------------------------------------
[2017-09-01 11:53:13][info] {"discount":"0.00","payment_type":"1","trade_no":"2017090121001004190266297386","subject":"\u8eba\u7740\u53bb\u8d4f\u79cb","buyer_email":"18501078187","gmt_create":"2017-09-01 11:53:03","notify_type":"trade_status_sync","quantity":"1","out_trade_no":"LX-17090110545086001-c","seller_id":"2088421286007493","notify_time":"2017-09-01 11:53:13","body":"2017\u5e74\u989d\u6d4e\u7eb3\u65d7\u80e1\u6768\u67976\u65e5 \u897f\u5b89\u51fa\u53d1 \u53cc\u5367\u706b\u8f66\u56e2","trade_status":"TRADE_SUCCESS","is_total_fee_adjust":"N","total_fee":"4570.00","gmt_payment":"2017-09-01 11:53:13","seller_email":"2287684289@qq.com","price":"4570.00","buyer_id":"2088712656299199","notify_id":"17a6e89f610da5893b6e9c830eca0e9hgu","use_coupon":"N","sign_type":"MD5","sign":"4f709c48041803d0ba172911012dcea6"}
[2017-09-01 11:53:14][info] 数据存储反馈成功！
[2017-09-01 11:53:14][info] success
[2017-09-01 11:53:14][info] 写入结束!!!
[2017-09-01 12:19:54][info] ----------------------------------------
[2017-09-01 12:19:54][info] {"discount":"0.00","payment_type":"1","trade_no":"2017053121001004010243278565","subject":"\u7518\u5357\u5168\u666f","buyer_email":"13306415189","gmt_create":"2017-05-31 12:18:58","notify_type":"trade_status_sync","quantity":"1","out_trade_no":"LX-17053018141699206-2","seller_id":"2088421286007493","notify_time":"2017-09-01 12:19:54","body":"2017\u5e74\u72ec\u5bb6  \u516b\u89d2\u57ce-\u624e\u5c15\u90a3-\u82b1\u6e56-\u5e74\u5b9d\u7389\u5219-\u82e5\u5c14\u76d6\u8349\u539f-\u963f\u4e07\u4ed3\u6e7f\u5730-\u90ce\u6728\u5bfa 8\u65e5\u6e38","trade_status":"TRADE_FINISHED","is_total_fee_adjust":"N","total_fee":"2880.00","gmt_payment":"2017-05-31 12:19:15","seller_email":"2287684289@qq.com","gmt_close":"2017-09-01 12:19:54","price":"2880.00","buyer_id":"2088522250801018","notify_id":"6fedd9640c5bfedc948c3a26b291e72g2u","use_coupon":"N","sign_type":"MD5","sign":"2b55bfdc2157df6c90e631a2b6443e24"}
[2017-09-01 12:19:54][info] 数据存储反馈成功！
[2017-09-01 12:19:54][info] success
[2017-09-01 12:19:54][info] 写入结束!!!
[2017-09-01 12:39:41][info] ----------------------------------------
[2017-09-01 12:39:41][info] {"discount":"0.00","payment_type":"1","trade_no":"2017090121001004340210676140","subject":"\u989d\u6d4e\u7eb3\u6700\u7f8e\u9ad8\u94c1\u56e2","buyer_email":"louiselee.520@163.com","gmt_create":"2017-09-01 12:39:31","notify_type":"trade_status_sync","quantity":"1","out_trade_no":"LX-17083114460244501-f","seller_id":"2088421286007493","notify_time":"2017-09-01 12:39:41","body":"2017\u989d\u6d4e\u7eb3\u65d7\u80e1\u6768\u6797\u516d\u65e5\u6e38-\u9886\u8896\u6237\u5916\u72ec\u5bb6\u9996\u521b","trade_status":"TRADE_SUCCESS","is_total_fee_adjust":"N","total_fee":"17410.00","gmt_payment":"2017-09-01 12:39:41","seller_email":"2287684289@qq.com","price":"17410.00","buyer_id":"2088002146587344","notify_id":"2856093f97c575374ec3014d2a58a2eimi","use_coupon":"N","sign_type":"MD5","sign":"8897d77a007009114bd77eb9c522f4d2"}
[2017-09-01 12:39:42][info] 数据存储反馈成功！
[2017-09-01 12:39:42][info] success
[2017-09-01 12:39:42][info] 写入结束!!!
[2017-09-01 17:32:45][info] ----------------------------------------
[2017-09-01 17:32:45][info] {"discount":"0.00","payment_type":"1","trade_no":"2017090121001004250205878475","subject":"\u5317\u7586\u91d1\u79cb\u81f3\u5c0a10\u65e5\u6e38","buyer_email":"liulily-100@163.com","gmt_create":"2017-09-01 17:32:18","notify_type":"trade_status_sync","quantity":"1","out_trade_no":"LX-17090115000777606-0","seller_id":"2088421286007493","notify_time":"2017-09-01 17:32:45","body":"38\u5c0f\u65f6\u79be\u6728-\u5580\u7eb3\u65af-\u767d\u54c8\u5df4-\u53ef\u53ef\u82cf\u91cc\u6e56-\u53ef\u53ef\u6258\u6d77-\u4e94\u5f69\u6ee9-\u9b54\u9b3c\u57ce10\u65e5\u5927\u73af\u7ebf","trade_status":"TRADE_SUCCESS","is_total_fee_adjust":"N","total_fee":"5480.00","gmt_payment":"2017-09-01 17:32:44","seller_email":"2287684289@qq.com","price":"5480.00","buyer_id":"2088002086346258","notify_id":"57a7252cdbc0797a4a015b1b4cd4944hxi","use_coupon":"N","sign_type":"MD5","sign":"510d8b95d392b30cc24d7f287cfefcc3"}
[2017-09-01 17:32:45][info] 数据存储反馈成功！
[2017-09-01 17:32:45][info] success
[2017-09-01 17:32:45][info] 写入结束!!!
[2017-09-01 18:31:49][info] ----------------------------------------
[2017-09-01 18:31:49][info] {"discount":"0.00","payment_type":"1","trade_no":"2017090121001004830223115415","subject":"\u85cf\u5730\u5168\u666f","buyer_email":"lq061031@163.com","gmt_create":"2017-09-01 18:31:40","notify_type":"trade_status_sync","quantity":"1","out_trade_no":"LX-17090111091949906-6","seller_id":"2088421286007493","notify_time":"2017-09-01 18:31:49","body":"2017\u5e74\u62c9\u8428-\u73e0\u5cf0-\u7eb3\u6728\u63aa-\u6797\u829d-\u5df4\u677e\u63aa-\u5ce1\u8c37\u79d8\u5883-\u7f8a\u6e56-\u666e\u59c6\u96cd\u63aa-\u65e5\u5580\u521911\u65e5\u6df1\u5ea6\u6e38","trade_status":"TRADE_SUCCESS","is_total_fee_adjust":"N","total_fee":"6800.00","gmt_payment":"2017-09-01 18:31:49","seller_email":"2287684289@qq.com","price":"6800.00","buyer_id":"2088512561640835","notify_id":"aab69415b57bbb1a954c9f204ede0d9mem","use_coupon":"N","sign_type":"MD5","sign":"44544c704066e0b3be47315c887e783d"}
[2017-09-01 18:31:50][info] 数据存储反馈成功！
[2017-09-01 18:31:50][info] success
[2017-09-01 18:31:50][info] 写入结束!!!
[2017-09-01 18:41:01][info] ----------------------------------------
[2017-09-01 18:41:01][info] {"discount":"0.00","payment_type":"1","trade_no":"2017090121001004810227863493","subject":"\u989d\u6d4e\u7eb3\u6444\u5f71B\u7ebf","buyer_email":"627033041@qq.com","gmt_create":"2017-09-01 18:40:53","notify_type":"trade_status_sync","quantity":"1","out_trade_no":"LX-17090112401838806-2","seller_id":"2088421286007493","notify_time":"2017-09-01 18:41:01","body":"\u989d\u6d4e\u7eb3\u80e1\u6768\u6797-\u5df4\u4e39\u5409\u6797\u8179\u5730-\u91d1\u5854\u80e1\u6768\u6797-\u602a\u6811\u6797-\u516b\u65e5","trade_status":"TRADE_SUCCESS","is_total_fee_adjust":"N","total_fee":"2490.00","gmt_payment":"2017-09-01 18:41:01","seller_email":"2287684289@qq.com","price":"2490.00","buyer_id":"2088102313714811","notify_id":"ae2d8d4490b36a6925e21259043f7a8m92","use_coupon":"N","sign_type":"MD5","sign":"f8a007674a40639971d70744307b4d61"}
[2017-09-01 18:41:02][info] 数据存储反馈成功！
[2017-09-01 18:41:02][info] success
[2017-09-01 18:41:02][info] 写入结束!!!
[2017-09-01 20:51:12][info] ----------------------------------------
[2017-09-01 20:51:12][info] {"discount":"0.00","payment_type":"1","trade_no":"2017090121001004440211817612","subject":"\u989d\u6d4e\u7eb3\u6df1\u5ea6\u6e38","buyer_email":"charlinpang@sina.com","gmt_create":"2017-09-01 20:51:06","notify_type":"trade_status_sync","quantity":"1","out_trade_no":"LX-1709012026155606-5","seller_id":"2088421286007493","notify_time":"2017-09-01 20:51:12","body":"\u4ed9\u7c73\u5f69\u6797-\u7941\u8fde\u5c71-\u9a6c\u8e44\u5bfa-\u5f20\u6396\u4e39\u971e-\u91d1\u5854\u80e1\u6768\u6797-\u989d\u6d4e\u7eb3\u80e1\u6768\u6797-\u5c45\u5ef6\u6d77-\u5609\u5cea\u5173-\u52a8\u8f66\u8fd4\u7a0b7\u65e5\u6e38","trade_status":"TRADE_SUCCESS","is_total_fee_adjust":"N","total_fee":"3680.00","gmt_payment":"2017-09-01 20:51:12","seller_email":"2287684289@qq.com","price":"3680.00","buyer_id":"2088002414782442","notify_id":"49227e48d9efe02592b612ae33fa9d4jea","use_coupon":"N","sign_type":"MD5","sign":"b4c84bf8ad093e6c8cc6bd87423bbfc7"}
[2017-09-01 20:51:13][info] 数据存储反馈成功！
[2017-09-01 20:51:13][info] success
[2017-09-01 20:51:13][info] 写入结束!!!
[2017-09-01 21:04:27][info] ----------------------------------------
[2017-09-01 21:04:27][info] {"discount":"0.00","payment_type":"1","trade_no":"2017090121001004590223276390","subject":"\u5317\u7586\u91d1\u79cb\u7ecf\u5178\u73af\u7ebf","buyer_email":"fanjing@chinaunicom.cn","gmt_create":"2017-09-01 21:03:17","notify_type":"trade_status_sync","quantity":"1","out_trade_no":"LX-17090120402786001-0","seller_id":"2088421286007493","notify_time":"2017-09-01 21:04:27","body":"\u5580\u7eb3\u65af-\u767d\u54c8\u5df4-\u79be\u6728-\u4e94\u5f69\u6ee9-\u9b54\u9b3c\u57ce-\u53ef\u53ef\u6258\u6d77 9\u65e5\u6df1\u5ea6\u6e38","trade_status":"TRADE_SUCCESS","is_total_fee_adjust":"N","total_fee":"25150.00","gmt_payment":"2017-09-01 21:04:26","seller_email":"2287684289@qq.com","price":"25150.00","buyer_id":"2088902348741598","notify_id":"0c6488c276a430034c0a78a274c710bkjy","use_coupon":"N","sign_type":"MD5","sign":"149d750695b0319e92cef0f1e48f9543"}
[2017-09-01 21:04:27][info] 数据存储反馈成功！
[2017-09-01 21:04:27][info] success
[2017-09-01 21:04:27][info] 写入结束!!!
[2017-09-01 21:13:32][info] ----------------------------------------
[2017-09-01 21:13:32][info] {"discount":"0.00","payment_type":"1","trade_no":"2017090121001004850241016018","subject":"\u989d\u6d4e\u7eb3\u6df1\u5ea6\u6e38","buyer_email":"casperbobotou@163.com","gmt_create":"2017-09-01 21:13:19","notify_type":"trade_status_sync","quantity":"1","out_trade_no":"LX-17090120515081606-b","seller_id":"2088421286007493","notify_time":"2017-09-01 21:13:32","body":"\u4ed9\u7c73\u5f69\u6797-\u7941\u8fde\u5c71-\u9a6c\u8e44\u5bfa-\u5f20\u6396\u4e39\u971e-\u91d1\u5854\u80e1\u6768\u6797-\u989d\u6d4e\u7eb3\u80e1\u6768\u6797-\u5c45\u5ef6\u6d77-\u5609\u5cea\u5173-\u52a8\u8f66\u8fd4\u7a0b7\u65e5\u6e38","trade_status":"TRADE_SUCCESS","is_total_fee_adjust":"N","total_fee":"7560.00","gmt_payment":"2017-09-01 21:13:32","seller_email":"2287684289@qq.com","price":"7560.00","buyer_id":"2088002091344856","notify_id":"d203dd8d60636e1b4c09fac29bdbec5mk6","use_coupon":"N","sign_type":"MD5","sign":"75bf45f0dd1c4f4ce10ce2ed6fbccf8e"}
[2017-09-01 21:13:32][info] 数据存储反馈成功！
[2017-09-01 21:13:32][info] success
[2017-09-01 21:13:32][info] 写入结束!!!
[2017-09-01 21:15:58][info] ----------------------------------------
[2017-09-01 21:15:58][info] {"discount":"0.00","payment_type":"1","trade_no":"2017090121001004350297807060","subject":"\u989d\u6d4e\u7eb3\u6df1\u5ea6\u6e38","buyer_email":"xiaobodexingxing@sina.com","gmt_create":"2017-09-01 21:15:50","notify_type":"trade_status_sync","quantity":"1","out_trade_no":"LX-17090120514710706-e","seller_id":"2088421286007493","notify_time":"2017-09-01 21:15:58","body":"\u4ed9\u7c73\u5f69\u6797-\u7941\u8fde\u5c71-\u9a6c\u8e44\u5bfa-\u5f20\u6396\u4e39\u971e-\u91d1\u5854\u80e1\u6768\u6797-\u989d\u6d4e\u7eb3\u80e1\u6768\u6797-\u5c45\u5ef6\u6d77-\u5609\u5cea\u5173-\u52a8\u8f66\u8fd4\u7a0b7\u65e5\u6e38","trade_status":"TRADE_SUCCESS","is_total_fee_adjust":"N","total_fee":"1890.00","gmt_payment":"2017-09-01 21:15:58","seller_email":"2287684289@qq.com","price":"1890.00","buyer_id":"2088902549875353","notify_id":"522412ebd902fbbbfe051c2613f3837ipa","use_coupon":"N","sign_type":"MD5","sign":"66cfdbf1979ea6a43fe7eeeb55d7fd84"}
[2017-09-01 21:15:59][info] 数据存储反馈成功！
[2017-09-01 21:15:59][info] success
[2017-09-01 21:15:59][info] 写入结束!!!
[2017-09-01 21:16:28][info] ----------------------------------------
[2017-09-01 21:16:28][info] {"discount":"0.00","payment_type":"1","trade_no":"2017090121001004380222599037","subject":"\u989d\u6d4e\u7eb3\u6df1\u5ea6\u6e38","buyer_email":"feitianluosha@163.com","gmt_create":"2017-09-01 21:16:12","notify_type":"trade_status_sync","quantity":"1","out_trade_no":"LX-1709012052268506-e","seller_id":"2088421286007493","notify_time":"2017-09-01 21:16:28","body":"\u4ed9\u7c73\u5f69\u6797-\u7941\u8fde\u5c71-\u9a6c\u8e44\u5bfa-\u5f20\u6396\u4e39\u971e-\u91d1\u5854\u80e1\u6768\u6797-\u989d\u6d4e\u7eb3\u80e1\u6768\u6797-\u5c45\u5ef6\u6d77-\u5609\u5cea\u5173-\u52a8\u8f66\u8fd4\u7a0b7\u65e5\u6e38","trade_status":"TRADE_SUCCESS","is_total_fee_adjust":"N","total_fee":"1890.00","gmt_payment":"2017-09-01 21:16:27","seller_email":"2287684289@qq.com","price":"1890.00","buyer_id":"2088002572508386","notify_id":"90b0165c836aab7dd0b6be720353a67ixm","use_coupon":"N","sign_type":"MD5","sign":"ad535dc06e592d6176eee8b6ec70903f"}
[2017-09-01 21:16:28][info] 数据存储反馈成功！
[2017-09-01 21:16:28][info] success
[2017-09-01 21:16:28][info] 写入结束!!!
[2017-09-01 21:21:02][info] ----------------------------------------
[2017-09-01 21:21:02][info] {"discount":"0.00","payment_type":"1","trade_no":"2017090121001004510222602329","subject":"\u989d\u6d4e\u7eb3\u6df1\u5ea6\u6e38","buyer_email":"18523056295","gmt_create":"2017-09-01 21:20:51","notify_type":"trade_status_sync","quantity":"1","out_trade_no":"LX-17090121140857101-4","seller_id":"2088421286007493","notify_time":"2017-09-01 21:21:02","body":"\u4ed9\u7c73\u5f69\u6797-\u7941\u8fde\u5c71-\u9a6c\u8e44\u5bfa-\u5f20\u6396\u4e39\u971e-\u91d1\u5854\u80e1\u6768\u6797-\u989d\u6d4e\u7eb3\u80e1\u6768\u6797-\u5c45\u5ef6\u6d77-\u5609\u5cea\u5173-\u52a8\u8f66\u8fd4\u7a0b7\u65e5\u6e38","trade_status":"TRADE_SUCCESS","is_total_fee_adjust":"N","total_fee":"3680.00","gmt_payment":"2017-09-01 21:21:01","seller_email":"2287684289@qq.com","price":"3680.00","buyer_id":"2088812948435510","notify_id":"73a4c13c29e10f44bdac7372e1e3d79jxq","use_coupon":"N","sign_type":"MD5","sign":"a5da922f7577644e80e356d6e6446d9c"}
[2017-09-01 21:21:02][info] 数据存储反馈成功！
[2017-09-01 21:21:02][info] success
[2017-09-01 21:21:02][info] 写入结束!!!
[2017-09-01 21:21:38][info] ----------------------------------------
[2017-09-01 21:21:38][info] {"discount":"0.00","payment_type":"1","trade_no":"2017090121001004350297813454","subject":"\u989d\u6d4e\u7eb3\u6df1\u5ea6\u6e38","buyer_email":"xiaobodexingxing@sina.com","gmt_create":"2017-09-01 21:21:31","notify_type":"trade_status_sync","quantity":"1","out_trade_no":"LX-17090120514710706-b","seller_id":"2088421286007493","notify_time":"2017-09-01 21:21:38","body":"\u4ed9\u7c73\u5f69\u6797-\u7941\u8fde\u5c71-\u9a6c\u8e44\u5bfa-\u5f20\u6396\u4e39\u971e-\u91d1\u5854\u80e1\u6768\u6797-\u989d\u6d4e\u7eb3\u80e1\u6768\u6797-\u5c45\u5ef6\u6d77-\u5609\u5cea\u5173-\u52a8\u8f66\u8fd4\u7a0b7\u65e5\u6e38","trade_status":"TRADE_SUCCESS","is_total_fee_adjust":"N","total_fee":"1790.00","gmt_payment":"2017-09-01 21:21:38","seller_email":"2287684289@qq.com","price":"1790.00","buyer_id":"2088902549875353","notify_id":"ef8061995175ce75ebe8c71ccdb5195ipa","use_coupon":"N","sign_type":"MD5","sign":"802caa8b964b69eeb9bddd924a3f140d"}
[2017-09-01 21:21:38][info] 数据存储反馈成功！
[2017-09-01 21:21:38][info] success
[2017-09-01 21:21:38][info] 写入结束!!!
[2017-09-01 21:24:47][info] ----------------------------------------
[2017-09-01 21:24:47][info] {"discount":"0.00","payment_type":"1","trade_no":"2017090121001004380222599509","subject":"\u989d\u6d4e\u7eb3\u6df1\u5ea6\u6e38","buyer_email":"feitianluosha@163.com","gmt_create":"2017-09-01 21:22:58","notify_type":"trade_status_sync","quantity":"1","out_trade_no":"LX-1709012052268506-8","seller_id":"2088421286007493","notify_time":"2017-09-01 21:24:47","body":"\u4ed9\u7c73\u5f69\u6797-\u7941\u8fde\u5c71-\u9a6c\u8e44\u5bfa-\u5f20\u6396\u4e39\u971e-\u91d1\u5854\u80e1\u6768\u6797-\u989d\u6d4e\u7eb3\u80e1\u6768\u6797-\u5c45\u5ef6\u6d77-\u5609\u5cea\u5173-\u52a8\u8f66\u8fd4\u7a0b7\u65e5\u6e38","trade_status":"TRADE_SUCCESS","is_total_fee_adjust":"N","total_fee":"1790.00","gmt_payment":"2017-09-01 21:24:46","seller_email":"2287684289@qq.com","price":"1790.00","buyer_id":"2088002572508386","notify_id":"117a95040c925ca87a4781bc4e3c3f9ixm","use_coupon":"N","sign_type":"MD5","sign":"0ed51f4ad82a56851fa4daff0149a652"}
[2017-09-01 21:24:47][info] 数据存储反馈成功！
[2017-09-01 21:24:47][info] success
[2017-09-01 21:24:47][info] 写入结束!!!
[2017-09-01 21:31:38][info] ----------------------------------------
[2017-09-01 21:31:38][info] {"discount":"0.00","payment_type":"1","trade_no":"2017090121001004350297845502","subject":"\u9955\u992e\u8d4f\u79cb","buyer_email":"995655201@qq.com","gmt_create":"2017-09-01 21:30:57","notify_type":"trade_status_sync","quantity":"1","out_trade_no":"LX-17090121192736906-9","seller_id":"2088421286007493","notify_time":"2017-09-01 21:31:38","body":"\u9752\u6d77\u6e56-\u8336\u5361\u76d0\u6e56-\u83ab\u9ad8\u7a9f-\u9e23\u6c99\u5c71-\u6708\u7259\u6cc9-\u5609\u5cea\u5173-\u989d\u6d4e\u7eb3\u80e1\u6768\u6797-\u5353\u5c14\u5c7110\u65e5\u5927\u73af\u7ebf","trade_status":"TRADE_SUCCESS","is_total_fee_adjust":"N","total_fee":"22720.00","gmt_payment":"2017-09-01 21:31:37","seller_email":"2287684289@qq.com","price":"22720.00","buyer_id":"2088702155516352","notify_id":"5f8844dc16dbcd309d55543a7da63bcipa","use_coupon":"N","sign_type":"MD5","sign":"b85933cde9ef96557c2bb2293f265b0d"}
[2017-09-01 21:31:38][info] 数据存储反馈成功！
[2017-09-01 21:31:38][info] success
[2017-09-01 21:31:38][info] 写入结束!!!
[2017-09-01 21:44:08][info] ----------------------------------------
[2017-09-01 21:44:08][info] {"discount":"0.00","payment_type":"1","trade_no":"2017090121001004530233201935","subject":"\u989d\u6d4e\u7eb3\u6df1\u5ea6\u6e38","buyer_email":"18580462067","gmt_create":"2017-09-01 21:44:01","notify_type":"trade_status_sync","quantity":"1","out_trade_no":"LX-17090121332750701-2","seller_id":"2088421286007493","notify_time":"2017-09-01 21:44:08","body":"\u4ed9\u7c73\u5f69\u6797-\u7941\u8fde\u5c71-\u9a6c\u8e44\u5bfa-\u5f20\u6396\u4e39\u971e-\u91d1\u5854\u80e1\u6768\u6797-\u989d\u6d4e\u7eb3\u80e1\u6768\u6797-\u5c45\u5ef6\u6d77-\u5609\u5cea\u5173-\u52a8\u8f66\u8fd4\u7a0b7\u65e5\u6e38","trade_status":"TRADE_SUCCESS","is_total_fee_adjust":"N","total_fee":"3680.00","gmt_payment":"2017-09-01 21:44:08","seller_email":"2287684289@qq.com","price":"3680.00","buyer_id":"2088502716645534","notify_id":"f20b50380b48cca4c72d68988416d99k3a","use_coupon":"N","sign_type":"MD5","sign":"7eec78924b4896134001b96e11186c7a"}
[2017-09-01 21:44:08][info] 数据存储反馈成功！
[2017-09-01 21:44:08][info] success
[2017-09-01 21:44:08][info] 写入结束!!!
[2017-09-01 21:48:59][info] ----------------------------------------
[2017-09-01 21:48:59][info] {"discount":"0.00","payment_type":"1","trade_no":"2017090121001004580257457658","subject":"\u989d\u6d4e\u7eb3\u4f11\u95f2\u6e38","buyer_email":"15285913640","gmt_create":"2017-09-01 21:44:27","notify_type":"trade_status_sync","quantity":"1","out_trade_no":"LX-17090119291649006-7","seller_id":"2088421286007493","notify_time":"2017-09-01 21:48:59","body":"\u989d\u6d4e\u7eb3\u65d7\u80e1\u6768\u6797-\u5609\u5cea\u5173-\u9ed1\u6c34\u57ce-\u602a\u6811\u6797-\u5df4\u4e39\u5409\u6797\u6c99\u6f20-\u5f20\u6396\u4e39\u971e","trade_status":"TRADE_SUCCESS","is_total_fee_adjust":"N","total_fee":"1440.00","gmt_payment":"2017-09-01 21:48:58","seller_email":"2287684289@qq.com","price":"1440.00","buyer_id":"2088802618648580","notify_id":"9fdc0763df6abd2c7588b0f6e827fb2kh6","use_coupon":"N","sign_type":"MD5","sign":"bf6e2200b13c161c20629256be184017"}
[2017-09-01 21:48:59][info] 数据存储反馈成功！
[2017-09-01 21:48:59][info] success
[2017-09-01 21:48:59][info] 写入结束!!!
