[2017-09-10 08:07:46][info] ----------------------------------------
[2017-09-10 08:07:46][info] {"discount":"0.00","payment_type":"1","trade_no":"2017091021001004350221952905","subject":"\u65b0\u7586\u91d1\u79cb\u5927\u73af\u7ebf","buyer_email":"1209098451@qq.com","gmt_create":"2017-09-10 08:07:30","notify_type":"trade_status_sync","quantity":"1","out_trade_no":"LX-17081612000967206-0","seller_id":"2088421286007493","notify_time":"2017-09-10 08:07:46","body":"\u5580\u7eb3\u65af-\u79be\u6728-\u767d\u54c8\u5df4-\u8d5b\u91cc\u6728\u6e56-\u5df4\u97f3\u5e03\u9c81\u514b-\u5410\u9c81\u756a-\u5854\u91cc\u6728\u6cb3\u80e1\u6768\u679712\u65e5\u6df1\u5ea6\u6e38","trade_status":"TRADE_SUCCESS","is_total_fee_adjust":"N","total_fee":"5830.00","gmt_payment":"2017-09-10 08:07:46","seller_email":"2287684289@qq.com","price":"5830.00","buyer_id":"2088602237390352","notify_id":"f8f8bee9e345557056e7ff4ade45935ipa","use_coupon":"N","sign_type":"MD5","sign":"8a744988ed1623e8e76ff3e30cec6393"}
[2017-09-10 08:07:47][info] 数据存储反馈成功！
[2017-09-10 08:07:47][info] success
[2017-09-10 08:07:47][info] 写入结束!!!
[2017-09-10 09:48:13][info] ----------------------------------------
[2017-09-10 09:48:13][info] {"discount":"0.00","payment_type":"1","trade_no":"2017091021001004510247081457","subject":"\u4e3d\u6c34\u5168\u666f\u6444\u5f71","buyer_email":"cyf138444@163.com","gmt_create":"2017-09-10 09:46:56","notify_type":"trade_status_sync","quantity":"1","out_trade_no":"LX-17090410313574301-8","seller_id":"2088421286007493","notify_time":"2017-09-10 09:48:13","body":"4-10\u6708\uff0c\u6c34\u58a8\u4ed9\u90fd\uff0c\u74ef\u6c5f\u5e06\u5f71\uff0c\u5357\u5c16\u5ca9\u4e91\u6d77\uff0c\u4e91\u548c\u68af\u7530\uff0c\u677e\u9633\u53e4\u6751 5\u65e5\u98ce\u5149\u4eba\u6587\u6444\u5f71\u521b\u4f5c\u56e2","trade_status":"TRADE_SUCCESS","is_total_fee_adjust":"N","total_fee":"1680.00","gmt_payment":"2017-09-10 09:48:13","seller_email":"2287684289@qq.com","price":"1680.00","buyer_id":"2088722081148515","notify_id":"663be6b449f0ef6f3e610bd28d7204fjxq","use_coupon":"N","sign_type":"MD5","sign":"4cb04da8d5119700525f5d6ad362e6a4"}
[2017-09-10 09:48:13][info] 数据存储反馈成功！
[2017-09-10 09:48:13][info] success
[2017-09-10 09:48:13][info] 写入结束!!!
[2017-09-10 10:04:54][info] ----------------------------------------
[2017-09-10 10:04:54][info] {"discount":"0.00","payment_type":"1","trade_no":"2017091021001004510247088247","subject":"\u4e3d\u6c34\u5168\u666f\u6444\u5f71","buyer_email":"cyf138444@163.com","gmt_create":"2017-09-10 10:04:44","notify_type":"trade_status_sync","quantity":"1","out_trade_no":"LX-1709060850287901-4","seller_id":"2088421286007493","notify_time":"2017-09-10 10:04:54","body":"4-10\u6708\uff0c\u6c34\u58a8\u4ed9\u90fd\uff0c\u74ef\u6c5f\u5e06\u5f71\uff0c\u5357\u5c16\u5ca9\u4e91\u6d77\uff0c\u4e91\u548c\u68af\u7530\uff0c\u677e\u9633\u53e4\u6751 5\u65e5\u98ce\u5149\u4eba\u6587\u6444\u5f71\u521b\u4f5c\u56e2","trade_status":"TRADE_SUCCESS","is_total_fee_adjust":"N","total_fee":"840.00","gmt_payment":"2017-09-10 10:04:54","seller_email":"2287684289@qq.com","price":"840.00","buyer_id":"2088722081148515","notify_id":"881f4dd22e32b8985d2261d3984b978jxq","use_coupon":"N","sign_type":"MD5","sign":"f5abcec42568345ed6f7345c3b8fd8ae"}
[2017-09-10 10:04:55][info] 数据存储反馈成功！
[2017-09-10 10:04:55][info] success
[2017-09-10 10:04:55][info] 写入结束!!!
[2017-09-10 10:07:59][info] ----------------------------------------
[2017-09-10 10:07:59][info] {"discount":"0.00","payment_type":"1","trade_no":"2017091021001004510247095518","subject":"\u4e3d\u6c34\u5168\u666f\u6444\u5f71","buyer_email":"cyf138444@163.com","gmt_create":"2017-09-10 10:07:49","notify_type":"trade_status_sync","quantity":"1","out_trade_no":"LX-17090810154624401-2","seller_id":"2088421286007493","notify_time":"2017-09-10 10:07:59","body":"4-10\u6708\uff0c\u6c34\u58a8\u4ed9\u90fd\uff0c\u74ef\u6c5f\u5e06\u5f71\uff0c\u5357\u5c16\u5ca9\u4e91\u6d77\uff0c\u4e91\u548c\u68af\u7530\uff0c\u677e\u9633\u53e4\u6751 5\u65e5\u98ce\u5149\u4eba\u6587\u6444\u5f71\u521b\u4f5c\u56e2","trade_status":"TRADE_SUCCESS","is_total_fee_adjust":"N","total_fee":"840.00","gmt_payment":"2017-09-10 10:07:58","seller_email":"2287684289@qq.com","price":"840.00","buyer_id":"2088722081148515","notify_id":"6b2fc958dd71537ad0f6e4ba43ed434jxq","use_coupon":"N","sign_type":"MD5","sign":"a79d6ab62a448349c705e0a0f82beb6d"}
[2017-09-10 10:07:59][info] 数据存储反馈成功！
[2017-09-10 10:07:59][info] success
[2017-09-10 10:07:59][info] 写入结束!!!
[2017-09-10 10:38:08][info] ----------------------------------------
[2017-09-10 10:38:08][info] {"discount":"0.00","payment_type":"1","trade_no":"2017091021001004390223216053","subject":"\u989d\u6d4e\u7eb3\u5168\u666f","buyer_email":"13922779623","gmt_create":"2017-09-10 10:37:57","notify_type":"trade_status_sync","quantity":"1","out_trade_no":"LX-17090922215627701-b","seller_id":"2088421286007493","notify_time":"2017-09-10 10:38:07","body":"\u989d\u6d4e\u7eb3\u80e1\u6768\u6797-\u6566\u714c\u5168\u666f-\u5df4\u4e39\u5409\u6797-\u5f20\u6396\u4e39\u971e-\u5609\u5cea\u5173-\u91d1\u5854\u80e1\u6768\u6797-\u52a8\u8f668\u65e5","trade_status":"TRADE_SUCCESS","is_total_fee_adjust":"N","total_fee":"8360.00","gmt_payment":"2017-09-10 10:38:07","seller_email":"2287684289@qq.com","price":"8360.00","buyer_id":"2088702917138398","notify_id":"604681a5f047a13941bdcb82abc8354j0e","use_coupon":"N","sign_type":"MD5","sign":"9877ddc3ffd2d370b5802a5a7dc6ef75"}
[2017-09-10 10:38:08][info] 数据存储反馈成功！
[2017-09-10 10:38:08][info] success
[2017-09-10 10:38:08][info] 写入结束!!!
[2017-09-10 10:45:28][info] ----------------------------------------
[2017-09-10 10:45:28][info] {"discount":"0.00","payment_type":"1","trade_no":"2017091021001004570270048339","subject":"\u65b0\u7586\u91d1\u79cb\u5927\u73af\u7ebf","buyer_email":"ziwulanyan@163.com","gmt_create":"2017-09-10 10:45:02","notify_type":"trade_status_sync","quantity":"1","out_trade_no":"LX-17080417233431006-3","seller_id":"2088421286007493","notify_time":"2017-09-10 10:45:28","body":"\u5580\u7eb3\u65af-\u79be\u6728-\u767d\u54c8\u5df4-\u8d5b\u91cc\u6728\u6e56-\u5df4\u97f3\u5e03\u9c81\u514b-\u5410\u9c81\u756a-\u5854\u91cc\u6728\u6cb3\u80e1\u6768\u679712\u65e5\u6df1\u5ea6\u6e38","trade_status":"TRADE_SUCCESS","is_total_fee_adjust":"N","total_fee":"15060.00","gmt_payment":"2017-09-10 10:45:27","seller_email":"2287684289@qq.com","price":"15060.00","buyer_id":"2088102121833579","notify_id":"0e499fb61abb76deed6d98c09a759fekee","use_coupon":"N","sign_type":"MD5","sign":"1f5fe564435b3e59c2d912e4189f2609"}
[2017-09-10 10:45:28][info] 数据存储反馈成功！
[2017-09-10 10:45:28][info] success
[2017-09-10 10:45:28][info] 写入结束!!!
[2017-09-10 10:48:59][info] ----------------------------------------
[2017-09-10 10:48:59][info] {"discount":"0.00","payment_type":"1","trade_no":"2017060921001004900211320352","subject":"\u5927\u7f8e\u8272\u7a3b","buyer_email":"snoopy426@126.com","gmt_create":"2017-06-09 10:48:31","notify_type":"trade_status_sync","quantity":"1","out_trade_no":"LX-17060910282132901-a","seller_id":"2088421286007493","notify_time":"2017-09-10 10:48:59","body":"2017\u7a7f\u8fc7\u4f5b\u56fd\u51c0\u571f\uff0c\u8d70\u8fdb\u6700\u540e\u9999\u683c\u91cc\u62c9\u2014\u2014\u8272\u8fbe+\u7a3b\u57ce\u4e9a\u4e019\u65e5","trade_status":"TRADE_FINISHED","is_total_fee_adjust":"N","total_fee":"7160.00","gmt_payment":"2017-06-09 10:48:39","seller_email":"2287684289@qq.com","gmt_close":"2017-09-10 10:48:59","price":"7160.00","buyer_id":"2088002094176904","notify_id":"10afd674c7a207ed7bd15325e81201emy2","use_coupon":"N","sign_type":"MD5","sign":"ff43f8afd8eacaf6a37c77fef54a1717"}
[2017-09-10 10:48:59][info] 数据存储反馈成功！
[2017-09-10 10:48:59][info] success
[2017-09-10 10:48:59][info] 写入结束!!!
[2017-09-10 10:49:07][info] ----------------------------------------
[2017-09-10 10:49:07][info] {"discount":"0.00","payment_type":"1","trade_no":"2017091021001004920246971630","subject":"\u4e3d\u6c34\u5168\u666f\u6444\u5f71","buyer_email":"13805088444","gmt_create":"2017-09-10 10:48:41","notify_type":"trade_status_sync","quantity":"1","out_trade_no":"LX-17090419435067101-a","seller_id":"2088421286007493","notify_time":"2017-09-10 10:49:07","body":"4-10\u6708\uff0c\u6c34\u58a8\u4ed9\u90fd\uff0c\u74ef\u6c5f\u5e06\u5f71\uff0c\u5357\u5c16\u5ca9\u4e91\u6d77\uff0c\u4e91\u548c\u68af\u7530\uff0c\u677e\u9633\u53e4\u6751 5\u65e5\u98ce\u5149\u4eba\u6587\u6444\u5f71\u521b\u4f5c\u56e2","trade_status":"TRADE_SUCCESS","is_total_fee_adjust":"N","total_fee":"6720.00","gmt_payment":"2017-09-10 10:49:07","seller_email":"2287684289@qq.com","price":"6720.00","buyer_id":"2088722078360924","notify_id":"d9d1157e833c7830ec367bd39f6cc61n3m","use_coupon":"N","sign_type":"MD5","sign":"5eef279d86f7f459f3b0b511f96ab5ff"}
[2017-09-10 10:49:07][info] 数据存储反馈成功！
[2017-09-10 10:49:07][info] success
[2017-09-10 10:49:07][info] 写入结束!!!
[2017-09-10 10:51:47][info] ----------------------------------------
[2017-09-10 10:51:47][info] {"discount":"0.00","payment_type":"1","trade_no":"2017091021001004620263632135","subject":"\u5317\u7586\u91d1\u79cb\u6444\u5f71","buyer_email":"18620068885","gmt_create":"2017-09-10 10:51:11","notify_type":"trade_status_sync","quantity":"1","out_trade_no":"LX-17090823490388106-9","seller_id":"2088421286007493","notify_time":"2017-09-10 10:51:47","body":"\u5580\u7eb3\u65af-\u79be\u6728-\u767d\u54c8\u5df4-\u53ef\u53ef\u6258\u6d77-\u4e94\u5f69\u6ee9-\u53ef\u53ef\u82cf\u91cc\u6e56-\u9b54\u9b3c\u57ce\u79cb\u5b63\u6444\u5f7110\u65e5","trade_status":"TRADE_SUCCESS","is_total_fee_adjust":"N","total_fee":"8820.00","gmt_payment":"2017-09-10 10:51:46","seller_email":"2287684289@qq.com","price":"8820.00","buyer_id":"2088702830461621","notify_id":"f7dec395f7e501ef5ffd375df1b4bfbksa","use_coupon":"N","sign_type":"MD5","sign":"881bf4dfed09b85e0e2cd0b63f61eee6"}
[2017-09-10 10:51:47][info] 数据存储反馈成功！
[2017-09-10 10:51:47][info] success
[2017-09-10 10:51:47][info] 写入结束!!!
[2017-09-10 10:52:21][info] ----------------------------------------
[2017-09-10 10:52:21][info] {"discount":"0.00","payment_type":"1","trade_no":"2017091021001004720228426782","subject":"\u5f92\u6b65\u817e\u683c\u91cc","buyer_email":"13552509770","gmt_create":"2017-09-10 10:50:52","notify_type":"trade_status_sync","quantity":"1","out_trade_no":"LX-17090922123323501-0","seller_id":"2088421286007493","notify_time":"2017-09-10 10:52:21","body":"\u817e\u683c\u91cc\u6c99\u6f20\u4e94\u6e56\u8f7b\u88c5\u5f92\u6b65\u7a7f\u8d8a-\u5929\u5e55\u9732\u84254\u65e5\u4f53\u9a8c\u6e38","trade_status":"TRADE_SUCCESS","is_total_fee_adjust":"N","total_fee":"2599.00","gmt_payment":"2017-09-10 10:52:21","seller_email":"2287684289@qq.com","price":"2599.00","buyer_id":"2088802707126728","notify_id":"7c1f01d1c727f40a9a7698b274e1deflk2","use_coupon":"N","sign_type":"MD5","sign":"35bce7f311484dce05419518fe4a0e33"}
[2017-09-10 10:52:21][info] 数据存储反馈成功！
[2017-09-10 10:52:21][info] success
[2017-09-10 10:52:21][info] 写入结束!!!
[2017-09-10 13:23:17][info] ----------------------------------------
[2017-09-10 13:23:17][info] {"discount":"0.00","payment_type":"1","trade_no":"2017091021001004120248280026","subject":"\u8eba\u7740\u53bb\u8d4f\u79cb","buyer_email":"wh9115815@sina.com","gmt_create":"2017-09-10 13:22:26","notify_type":"trade_status_sync","quantity":"1","out_trade_no":"LX-1709032116547406-b","seller_id":"2088421286007493","notify_time":"2017-09-10 13:23:17","body":"2017\u5e74\u989d\u6d4e\u7eb3\u65d7\u80e1\u6768\u67976\u65e5 \u897f\u5b89\u51fa\u53d1 \u53cc\u5367\u706b\u8f66\u56e2","trade_status":"TRADE_SUCCESS","is_total_fee_adjust":"N","total_fee":"6837.00","gmt_payment":"2017-09-10 13:23:17","seller_email":"2287684289@qq.com","price":"6837.00","buyer_id":"2088102007806121","notify_id":"4f77e1f0129e4484e1dbd74ac1c8f64gxe","use_coupon":"N","sign_type":"MD5","sign":"447fe44bb1178871ef8f6abb18e08aec"}
[2017-09-10 13:23:17][info] 数据存储反馈成功！
[2017-09-10 13:23:17][info] success
[2017-09-10 13:23:17][info] 写入结束!!!
[2017-09-10 14:44:57][info] ----------------------------------------
[2017-09-10 14:44:57][info] {"discount":"0.00","payment_type":"1","trade_no":"2017060921001004880296888627","subject":"\u884c\u6444\u7518\u5357","buyer_email":"13641951716","gmt_create":"2017-06-09 14:44:07","notify_type":"trade_status_sync","quantity":"1","out_trade_no":"LX-17060613235120801-e","seller_id":"2088421286007493","notify_time":"2017-09-10 14:44:57","body":"2017\u5e74\u5e74\u5b9d\u7389\u5219-\u624e\u5c15\u90a3-\u90ce\u6728\u5bfa-\u5510\u514b-\u62c9\u535c\u695e\u5bfa-\u82e5\u5c14\u76d6\u4e5d\u65e5\u6444\u5f71\u6e38-\u9886\u8896\u6237\u5916\u72ec\u5bb6\u7ebf\u8def","trade_status":"TRADE_FINISHED","is_total_fee_adjust":"N","total_fee":"3500.00","gmt_payment":"2017-06-09 14:44:22","seller_email":"2287684289@qq.com","gmt_close":"2017-09-10 14:44:57","price":"3500.00","buyer_id":"2088802170685885","notify_id":"51ffedbf53c79ffe95e77dc13c92beemsi","use_coupon":"N","sign_type":"MD5","sign":"ca43a895827bfde84940e3fa74f923cf"}
[2017-09-10 14:44:57][info] 数据存储反馈成功！
[2017-09-10 14:44:57][info] success
[2017-09-10 14:44:57][info] 写入结束!!!
