[2017-09-16 15:10:03][info] ----------------------------------------
[2017-09-16 15:10:03][info] {"discount":"0.00","payment_type":"1","trade_no":"2017061521001004980235810608","subject":"\u4e1d\u7ef8\u4e4b\u8def\u4f11\u95f28\u65e5\u6e38","buyer_email":"yaojing_122377@163.com","gmt_create":"2017-06-15 15:09:02","notify_type":"trade_status_sync","quantity":"1","out_trade_no":"LX-17061514125465701-c","seller_id":"2088421286007493","notify_time":"2017-09-16 15:10:03","body":"\u6c99\u5c9b-\u9752\u6d77\u6e56-\u8336\u5361\u76d0\u6e56-\u5353\u5c14\u5c71-\u5f20\u6396\u4e39\u971e-\u5609\u5cea\u5173-\u6566\u714c8\u65e5\u6e38","trade_status":"TRADE_FINISHED","is_total_fee_adjust":"N","total_fee":"3480.00","gmt_payment":"2017-06-15 15:09:19","seller_email":"2287684289@qq.com","gmt_close":"2017-09-16 15:10:03","price":"3480.00","buyer_id":"2088002379289985","notify_id":"b86294ea7236bf3270446736bc1d7e7nka","use_coupon":"N","sign_type":"MD5","sign":"f7ba866db76d760eeb1da59f4f3e3981"}
[2017-09-16 15:10:03][info] 数据存储反馈成功！
[2017-09-16 15:10:03][info] success
[2017-09-16 15:10:03][info] 写入结束!!!
[2017-09-16 15:15:56][info] ----------------------------------------
[2017-09-16 15:15:56][info] {"discount":"0.00","payment_type":"1","trade_no":"2017061521001004860206153990","subject":"\u8d35\u5dde\u5168\u666f\u6e38","buyer_email":"164383529@qq.com","gmt_create":"2017-06-15 15:14:54","notify_type":"trade_status_sync","quantity":"1","out_trade_no":"LX-17052710122669306-8","seller_id":"2088421286007493","notify_time":"2017-09-16 15:15:56","body":"\u79d8\u5883\u8302\u5170-\u8354\u6ce2-\u9ed4\u4e1c\u5357-\u9547\u8fdc-\u897f\u6c5f\u82d7\u5be8-\u9ec4\u679c\u6811\u6df1\u5ea6\u7eaf\u73a9\u4e5d\u65e5\u6e38","trade_status":"TRADE_FINISHED","is_total_fee_adjust":"N","total_fee":"3140.00","gmt_payment":"2017-06-15 15:15:10","seller_email":"2287684289@qq.com","gmt_close":"2017-09-16 15:15:55","price":"3140.00","buyer_id":"2088912943926865","notify_id":"f0cbe385c071e4ff4ad668ff2acca55mmy","use_coupon":"N","sign_type":"MD5","sign":"286578eb65ed394bfc831f0c50622673"}
[2017-09-16 15:15:56][info] 数据存储反馈成功！
[2017-09-16 15:15:56][info] success
[2017-09-16 15:15:56][info] 写入结束!!!
[2017-09-16 16:42:48][info] ----------------------------------------
[2017-09-16 16:42:48][info] {"discount":"0.00","payment_type":"1","trade_no":"2017091621001004130235619403","subject":"\u5927\u7f8e\u8272\u7a3b","buyer_email":"13915620901","gmt_create":"2017-09-16 16:42:38","notify_type":"trade_status_sync","quantity":"1","out_trade_no":"LX-17091521333354301-f","seller_id":"2088421286007493","notify_time":"2017-09-16 16:42:48","body":"\u8272\u8fbe-\u7a3b\u57ce\u4e9a\u4e01-\u65b0\u90fd\u68659\u65e5\u5927\u73af\u7ebf","trade_status":"TRADE_SUCCESS","is_total_fee_adjust":"N","total_fee":"3500.00","gmt_payment":"2017-09-16 16:42:48","seller_email":"2287684289@qq.com","price":"3500.00","buyer_id":"2088502888048133","notify_id":"869a3eba3de9699ec5fcc71f75d0460h06","use_coupon":"N","sign_type":"MD5","sign":"368334326255a6a4c2d02f7082b5392d"}
[2017-09-16 16:42:48][info] 数据存储反馈成功！
[2017-09-16 16:42:48][info] success
[2017-09-16 16:42:48][info] 写入结束!!!
[2017-09-16 16:45:00][info] ----------------------------------------
[2017-09-16 16:45:00][info] {"discount":"0.00","payment_type":"1","trade_no":"2017061521001004520205962082","subject":"\u6069\u65bd\u79d8\u5883\u4f11\u95f2\u6e38","buyer_email":"dangdanggou@163.com","gmt_create":"2017-06-15 16:43:06","notify_type":"trade_status_sync","quantity":"1","out_trade_no":"LX-17061514265243201-1","seller_id":"2088421286007493","notify_time":"2017-09-16 16:45:00","body":"\u795e\u79d8\u5317\u7eac30\u5ea6\uff0c\u68ad\u5e03\u57ad\u77f3\u6797-\u9ebb\u67f3\u6eaa-\u795e\u79d8\u9ec4\u91d1\u6d1e-\u576a\u575d\u8425-\u201c\u4e2d\u56fd\u4ed9\u672c\u90a3\u201d\u5c4f\u5c71\u5ce1\u8c37\uff0c\u6069\u65bd\u79d8\u5883\u4f11\u95f26\u65e5\u6e38","trade_status":"TRADE_FINISHED","is_total_fee_adjust":"N","total_fee":"5360.00","gmt_payment":"2017-06-15 16:44:03","seller_email":"2287684289@qq.com","gmt_close":"2017-09-16 16:45:00","price":"5360.00","buyer_id":"2088002142291520","notify_id":"b9f5464592a57f37042c01d5587dfack0i","use_coupon":"N","sign_type":"MD5","sign":"2a185f38fb5118c9cb078b783721ab49"}
[2017-09-16 16:45:00][info] 数据存储反馈成功！
[2017-09-16 16:45:00][info] success
[2017-09-16 16:45:00][info] 写入结束!!!
[2017-09-16 23:46:52][info] ----------------------------------------
[2017-09-16 23:46:52][info] {"discount":"0.00","payment_type":"1","trade_no":"2017061521001004230257936432","subject":"\u9b45\u5f71\u7518\u5357\u5199\u771f\u65c5\u884c","buyer_email":"bingerljc@163.com","gmt_create":"2017-06-15 23:45:50","notify_type":"trade_status_sync","quantity":"1","out_trade_no":"LX-17061016060015006-4","seller_id":"2088421286007493","notify_time":"2017-09-16 23:46:52","body":"\u62c9\u535c\u695e\u5bfa-\u624e\u5c15\u90a3-\u82b1\u6e56-\u5e74\u5b9d\u7389\u5219-\u82e5\u5c14\u76d6\u8349\u539f-\u963f\u4e07\u4ed3\u6e7f\u5730-\u90ce\u6728\u5bfa 8\u65e5\u6e38","trade_status":"TRADE_FINISHED","is_total_fee_adjust":"N","total_fee":"7160.00","gmt_payment":"2017-06-15 23:46:26","seller_email":"2287684289@qq.com","gmt_close":"2017-09-16 23:46:52","price":"7160.00","buyer_id":"2088002015251233","notify_id":"9706bcd704a3d5659c270cb2a5c4804hry","use_coupon":"N","sign_type":"MD5","sign":"3be66b54f67033d274ceabae7423c804"}
[2017-09-16 23:46:52][info] 数据存储反馈成功！
[2017-09-16 23:46:52][info] success
[2017-09-16 23:46:52][info] 写入结束!!!
[2017-09-16 23:59:21][info] ----------------------------------------
[2017-09-16 23:59:21][info] {"discount":"0.00","payment_type":"1","trade_no":"2017091621001004220268086722","subject":"\u8eba\u7740\u53bb\u8d4f\u79cb","buyer_email":"18101231953@163.com","gmt_create":"2017-09-16 23:59:13","notify_type":"trade_status_sync","quantity":"1","out_trade_no":"LX-17090911050563506-8","seller_id":"2088421286007493","notify_time":"2017-09-16 23:59:21","body":"2017\u5e74\u989d\u6d4e\u7eb3\u65d7\u80e1\u6768\u67976\u65e5 \u897f\u5b89\u51fa\u53d1 \u53cc\u5367\u706b\u8f66\u56e2","trade_status":"TRADE_SUCCESS","is_total_fee_adjust":"N","total_fee":"6960.00","gmt_payment":"2017-09-16 23:59:21","seller_email":"2287684289@qq.com","price":"6960.00","buyer_id":"2088522617691229","notify_id":"1c9b5eb12650e48efcc1e9c670d5332hp6","use_coupon":"N","sign_type":"MD5","sign":"a52122c212ffd345eaafe4c765e363c8"}
[2017-09-16 23:59:22][info] 数据存储反馈成功！
[2017-09-16 23:59:22][info] success
[2017-09-16 23:59:22][info] 写入结束!!!
