[2017-07-09 07:21:48][info] ----------------------------------------
[2017-07-09 07:21:48][info] {"discount":"0.00","payment_type":"1","trade_no":"2017070921001004770276281336","subject":"\u7518\u5357\u5168\u666f","buyer_email":"550814279@qq.com","gmt_create":"2017-07-09 07:21:09","notify_type":"trade_status_sync","quantity":"1","out_trade_no":"LX-17070807422986006-6","seller_id":"2088421286007493","notify_time":"2017-07-09 07:21:48","body":"2017\u5e74\u72ec\u5bb6  \u62c9\u535c\u695e\u5bfa-\u624e\u5c15\u90a3-\u82b1\u6e56-\u5e74\u5b9d\u7389\u5219-\u82e5\u5c14\u76d6\u8349\u539f-\u963f\u4e07\u4ed3\u6e7f\u5730-\u5c15\u6d77\u6e56-\u90ce\u6728\u5bfa 8\u65e5\u6e38","trade_status":"TRADE_SUCCESS","is_total_fee_adjust":"N","total_fee":"3230.00","gmt_payment":"2017-07-09 07:21:48","seller_email":"2287684289@qq.com","price":"3230.00","buyer_id":"2088902269352770","notify_id":"e4797dc9601331c9f7f9323bc9fae0flxy","use_coupon":"N","sign_type":"MD5","sign":"2fdb12b407041a702407ba8a791ecc01"}
[2017-07-09 07:21:49][info] 数据存储反馈成功！
[2017-07-09 07:21:49][info] success
[2017-07-09 07:21:49][info] 写入结束!!!
[2017-07-09 08:39:42][info] ----------------------------------------
[2017-07-09 08:39:42][info] {"discount":"0.00","payment_type":"1","trade_no":"2017070921001004510221414843","subject":"\u7518\u5357\u5168\u666f","buyer_email":"13815174978","gmt_create":"2017-07-09 08:39:29","notify_type":"trade_status_sync","quantity":"1","out_trade_no":"LX-17070422143039906-a","seller_id":"2088421286007493","notify_time":"2017-07-09 08:39:42","body":"2017\u5e74\u72ec\u5bb6  \u62c9\u535c\u695e\u5bfa-\u624e\u5c15\u90a3-\u82b1\u6e56-\u5e74\u5b9d\u7389\u5219-\u82e5\u5c14\u76d6\u8349\u539f-\u963f\u4e07\u4ed3\u6e7f\u5730-\u5c15\u6d77\u6e56-\u90ce\u6728\u5bfa 8\u65e5\u6e38","trade_status":"TRADE_SUCCESS","is_total_fee_adjust":"N","total_fee":"3230.00","gmt_payment":"2017-07-09 08:39:41","seller_email":"2287684289@qq.com","price":"3230.00","buyer_id":"2088012737960519","notify_id":"e391bf23eb9f14b6328d6862cecc0d3jxq","use_coupon":"N","sign_type":"MD5","sign":"94ebc2d64873dc4c28700c6e748b2bf3"}
[2017-07-09 08:39:42][info] 数据存储反馈成功！
[2017-07-09 08:39:42][info] success
[2017-07-09 08:39:42][info] 写入结束!!!
[2017-07-09 08:42:53][info] ----------------------------------------
[2017-07-09 08:42:53][info] {"discount":"0.00","payment_type":"1","trade_no":"2017070921001004510221401789","subject":"\u7518\u5357\u5168\u666f","buyer_email":"13815174978","gmt_create":"2017-07-09 08:42:16","notify_type":"trade_status_sync","quantity":"1","out_trade_no":"LX-17062317053353406-5","seller_id":"2088421286007493","notify_time":"2017-07-09 08:42:53","body":"2017\u5e74\u72ec\u5bb6  \u62c9\u535c\u695e\u5bfa-\u624e\u5c15\u90a3-\u82b1\u6e56-\u5e74\u5b9d\u7389\u5219-\u82e5\u5c14\u76d6\u8349\u539f-\u963f\u4e07\u4ed3\u6e7f\u5730-\u5c15\u6d77\u6e56-\u90ce\u6728\u5bfa 8\u65e5\u6e38","trade_status":"TRADE_SUCCESS","is_total_fee_adjust":"N","total_fee":"3180.00","gmt_payment":"2017-07-09 08:42:53","seller_email":"2287684289@qq.com","price":"3180.00","buyer_id":"2088012737960519","notify_id":"934bfd072aae2cc799c3886b421c0dcjxq","use_coupon":"N","sign_type":"MD5","sign":"914a4fc46417a4a1a663219f76578dcb"}
[2017-07-09 08:42:53][info] 数据存储反馈成功！
[2017-07-09 08:42:53][info] success
[2017-07-09 08:42:53][info] 写入结束!!!
[2017-07-09 09:45:25][info] ----------------------------------------
[2017-07-09 09:45:25][info] {"discount":"0.00","payment_type":"1","trade_no":"2017070921001004470223224365","subject":"\u65b0\u7586\u5168\u666f","buyer_email":"13802958855","gmt_create":"2017-07-09 09:41:04","notify_type":"trade_status_sync","quantity":"1","out_trade_no":"LX-17061217383252201-1","seller_id":"2088421286007493","notify_time":"2017-07-09 09:45:25","body":"\u6c5f\u5e03\u62c9\u514b-\u4e94\u5f69\u6ee9-\u5580\u7eb3\u65af-\u79be\u6728-\u8d5b\u91cc\u6728\u6e56-\u85b0\u8863\u8349\u519c\u573a-\u5580\u62c9\u5cfb-\u90a3\u62c9\u63d0-\u5df4\u97f3\u5e03\u9c81\u514b-\u5410\u9c81\u756a13\u65e5\u6e38","trade_status":"TRADE_SUCCESS","is_total_fee_adjust":"N","total_fee":"7950.00","gmt_payment":"2017-07-09 09:45:25","seller_email":"2287684289@qq.com","price":"7950.00","buyer_id":"2088902309394474","notify_id":"22b371b766d0c8121a82c19e1cc3fe8jmm","use_coupon":"N","sign_type":"MD5","sign":"8beb9bb9a4a720c9db846caf4a4ed563"}
[2017-07-09 09:45:25][info] 数据存储反馈成功！
[2017-07-09 09:45:25][info] success
[2017-07-09 09:45:25][info] 写入结束!!!
[2017-07-09 11:46:08][info] ----------------------------------------
[2017-07-09 11:46:08][info] {"discount":"0.00","payment_type":"1","trade_no":"2017070921001004460219088056","subject":"\u65b0\u7586\u5168\u666f","buyer_email":"303302506@qq.com","gmt_create":"2017-07-09 11:43:39","notify_type":"trade_status_sync","quantity":"1","out_trade_no":"LX-17070510430319106-e","seller_id":"2088421286007493","notify_time":"2017-07-09 11:46:08","body":"\u6c5f\u5e03\u62c9\u514b-\u4e94\u5f69\u6ee9-\u5580\u7eb3\u65af-\u79be\u6728-\u8d5b\u91cc\u6728\u6e56-\u85b0\u8863\u8349\u519c\u573a-\u5580\u62c9\u5cfb-\u90a3\u62c9\u63d0-\u5df4\u97f3\u5e03\u9c81\u514b-\u5410\u9c81\u756a13\u65e5\u6e38","trade_status":"TRADE_SUCCESS","is_total_fee_adjust":"N","total_fee":"8070.00","gmt_payment":"2017-07-09 11:46:07","seller_email":"2287684289@qq.com","price":"8070.00","buyer_id":"2088002479678461","notify_id":"8a90741ad98b2073317b37186095083jju","use_coupon":"N","sign_type":"MD5","sign":"2e1fc9c26b39ff213971476d1ee62daa"}
[2017-07-09 11:46:08][info] 数据存储反馈成功！
[2017-07-09 11:46:08][info] success
[2017-07-09 11:46:08][info] 写入结束!!!
[2017-07-09 11:51:34][info] ----------------------------------------
[2017-07-09 11:51:34][info] {"discount":"0.00","payment_type":"1","trade_no":"2017070921001004540241503236","subject":"\u8d35\u5dde\u5168\u666f\u6e38","buyer_email":"13572500358","gmt_create":"2017-07-09 11:49:41","notify_type":"trade_status_sync","quantity":"1","out_trade_no":"LX-17070911110628406-7","seller_id":"2088421286007493","notify_time":"2017-07-09 11:51:34","body":"\u79d8\u5883\u8302\u5170-\u8354\u6ce2-\u9ed4\u4e1c\u5357-\u9547\u8fdc-\u897f\u6c5f\u82d7\u5be8-\u9ec4\u679c\u6811\u6df1\u5ea6\u7eaf\u73a9\u4e5d\u65e5\u6e38","trade_status":"TRADE_SUCCESS","is_total_fee_adjust":"N","total_fee":"7760.00","gmt_payment":"2017-07-09 11:51:34","seller_email":"2287684289@qq.com","price":"7760.00","buyer_id":"2088802669283549","notify_id":"a56ddb4d743f22330f67d607e35d403k62","use_coupon":"N","sign_type":"MD5","sign":"9a9367b09be4970ad2ef81e647e07f0d"}
[2017-07-09 11:51:34][info] 数据存储反馈成功！
[2017-07-09 11:51:34][info] success
[2017-07-09 11:51:34][info] 写入结束!!!
[2017-07-09 15:28:30][info] ----------------------------------------
[2017-07-09 15:28:30][info] {"discount":"0.00","payment_type":"1","trade_no":"2017070921001004480211626274","subject":"\u4e1d\u8def\u5dc5\u5cf0\u4f53\u9a8c\u5341\u65e5\u6e38","buyer_email":"13680363601","gmt_create":"2017-07-09 15:27:22","notify_type":"trade_status_sync","quantity":"1","out_trade_no":"LX-17063016573299101-c","seller_id":"2088421286007493","notify_time":"2017-07-09 15:28:30","body":"\u6c99\u5c9b-\u9752\u6d77\u6e56-\u8336\u5361\u76d0\u6e56-\u7941\u8fde-\u5f20\u6396-\u5609\u5cea\u5173-\u6566\u714c\u5341\u65e5\u6e38","trade_status":"TRADE_SUCCESS","is_total_fee_adjust":"N","total_fee":"7144.00","gmt_payment":"2017-07-09 15:28:29","seller_email":"2287684289@qq.com","price":"7144.00","buyer_id":"2088902238208486","notify_id":"4b14d74fe3e517ced9fbceb0d78bf86jpe","use_coupon":"N","sign_type":"MD5","sign":"2a6d788efb5c2fef8107ad368b467e3a"}
[2017-07-09 15:28:30][info] 数据存储反馈成功！
[2017-07-09 15:28:30][info] success
[2017-07-09 15:28:30][info] 写入结束!!!
[2017-07-09 17:49:57][info] ----------------------------------------
[2017-07-09 17:49:57][info] {"discount":"0.00","payment_type":"1","trade_no":"2017070921001004820254933489","subject":"\u5580\u7eb3\u65af\u4e4b\u590f","buyer_email":"13501662636","gmt_create":"2017-07-09 17:49:48","notify_type":"trade_status_sync","quantity":"1","out_trade_no":"LX-17070509592921201-7","seller_id":"2088421286007493","notify_time":"2017-07-09 17:49:57","body":"2017\u5e747\uff5e8\u6708 \u5929\u6c60-\u5410\u9c81\u756a-\u9b54\u9b3c\u57ce-\u79be\u6728-\u5580\u7eb3\u65af-\u767d\u54c8\u5df4-\u4e94\u5f69\u6ee9\u6df1\u5ea6\u4e5d\u65e5\u6e38","trade_status":"TRADE_SUCCESS","is_total_fee_adjust":"N","total_fee":"9160.00","gmt_payment":"2017-07-09 17:49:56","seller_email":"2287684289@qq.com","price":"9160.00","buyer_id":"2088102574260829","notify_id":"37a4e4f902f5ccbf5a676408deec12cmbu","use_coupon":"N","sign_type":"MD5","sign":"b63517540f9656166c36c4be16cfd479"}
[2017-07-09 17:49:57][info] 数据存储反馈成功！
[2017-07-09 17:49:57][info] success
[2017-07-09 17:49:57][info] 写入结束!!!
[2017-07-09 18:49:19][info] ----------------------------------------
[2017-07-09 18:49:19][info] {"discount":"0.00","payment_type":"1","trade_no":"2017070921001004270218808793","subject":"\u4e1d\u7ef8\u4e4b\u8def\u5168\u666f\u6e389\u65e5","buyer_email":"aaaying@eyou.com","gmt_create":"2017-07-09 18:49:09","notify_type":"trade_status_sync","quantity":"1","out_trade_no":"LX-17070911170331606-6","seller_id":"2088421286007493","notify_time":"2017-07-09 18:49:19","body":"\u72ec\u5bb6\u6c34\u4e0a\u9b54\u9b3c\u57ce-\u65e0\u4eba\u533a\u539f\u751f\u6001\u96c5\u4e39\u63a2\u79d8-\u9752\u6d77\u6e56-\u8336\u5361\u76d0\u6e56-\u83ab\u9ad8\u7a9f-\u9e23\u6c99\u5c71\u6708\u7259\u6cc9-\u5f20\u6396\u4e39\u971e-\u5353\u5c14\u5c719\u65e5\u6e38","trade_status":"TRADE_SUCCESS","is_total_fee_adjust":"N","total_fee":"3780.00","gmt_payment":"2017-07-09 18:49:19","seller_email":"2287684289@qq.com","price":"3780.00","buyer_id":"2088002001934270","notify_id":"d8ddc168513c0f600b0e8a74bac564di32","use_coupon":"N","sign_type":"MD5","sign":"92bfc8a5f009bd64deca57d6bd4b0383"}
[2017-07-09 18:49:19][info] 数据存储反馈成功！
[2017-07-09 18:49:19][info] success
[2017-07-09 18:49:19][info] 写入结束!!!
[2017-07-09 20:42:35][info] ----------------------------------------
[2017-07-09 20:42:35][info] {"discount":"0.00","payment_type":"1","trade_no":"2017070921001004210202241136","subject":"\u575d\u4e0a\u4f11\u95f2A\u7ebf","buyer_email":"21571688@qq.com","gmt_create":"2017-07-09 20:42:23","notify_type":"trade_status_sync","quantity":"1","out_trade_no":"LX-17070420285636601-7","seller_id":"2088421286007493","notify_time":"2017-07-09 20:42:35","body":"2017\u5168\u5e74\u8ba1\u5212\uff1a\u7b56\u9a6c\u3001\u8d8a\u91ce\u4e4c\u5170\u5e03\u7edf\u575d\u4e0a\u8349\u539f\u3001\u767b\u91d1\u5c71\u5cad\u957f\u57ce\/\u6155\u7530\u5cea\u957f\u57ce 6\u65e5\u4f11\u95f2\u6e38\uff08\u91d1\u724c\u8def\u7ebf\uff09","trade_status":"TRADE_SUCCESS","is_total_fee_adjust":"N","total_fee":"12220.00","gmt_payment":"2017-07-09 20:42:35","seller_email":"2287684289@qq.com","price":"12220.00","buyer_id":"2088002565982216","notify_id":"2dde5744d0046988417febcd8dfa34bhme","use_coupon":"N","sign_type":"MD5","sign":"c2208f509f8117715c73f7125bc59e69"}
[2017-07-09 20:42:36][info] 数据存储反馈成功！
[2017-07-09 20:42:36][info] success
[2017-07-09 20:42:36][info] 写入结束!!!
[2017-07-09 20:52:28][info] ----------------------------------------
[2017-07-09 20:52:28][info] {"discount":"0.00","payment_type":"1","trade_no":"2017070921001004610299226430","subject":"\u65b0\u7586\u5168\u666f","buyer_email":"yutian0518@126.com","gmt_create":"2017-07-09 20:52:22","notify_type":"trade_status_sync","quantity":"1","out_trade_no":"LX-17051514555377601-e","seller_id":"2088421286007493","notify_time":"2017-07-09 20:52:28","body":"\u6c5f\u5e03\u62c9\u514b-\u4e94\u5f69\u6ee9-\u5580\u7eb3\u65af-\u79be\u6728-\u8d5b\u91cc\u6728\u6e56-\u85b0\u8863\u8349\u519c\u573a-\u5580\u62c9\u5cfb-\u90a3\u62c9\u63d0-\u5df4\u97f3\u5e03\u9c81\u514b-\u5410\u9c81\u756a13\u65e5\u6e38","trade_status":"TRADE_SUCCESS","is_total_fee_adjust":"N","total_fee":"5280.00","gmt_payment":"2017-07-09 20:52:28","seller_email":"2287684289@qq.com","price":"5280.00","buyer_id":"2088002357599613","notify_id":"6c9a44ebf1ebb1778a13a1d79bfdfb4kpi","use_coupon":"N","sign_type":"MD5","sign":"63ef4d737fa53d20bf1162ce289e510e"}
[2017-07-09 20:52:29][info] 数据存储反馈成功！
[2017-07-09 20:52:29][info] success
[2017-07-09 20:52:29][info] 写入结束!!!
