[2017-10-23 06:37:00][info] ----------------------------------------
[2017-10-23 06:37:00][info] {"discount":"0.00","payment_type":"1","trade_no":"2017072221001004090233378083","subject":"\u4e1d\u7ef8\u4e4b\u8def\u5168\u666f\u6e389\u65e5","buyer_email":"llysina@163.com","gmt_create":"2017-07-22 06:35:35","notify_type":"trade_status_sync","quantity":"1","out_trade_no":"LX-17072114395229306-0","seller_id":"2088421286007493","notify_time":"2017-10-23 06:37:00","body":"\u72ec\u5bb6\u6c34\u4e0a\u9b54\u9b3c\u57ce-\u65e0\u4eba\u533a\u539f\u751f\u6001\u96c5\u4e39\u63a2\u79d8-\u9752\u6d77\u6e56-\u8336\u5361\u76d0\u6e56-\u83ab\u9ad8\u7a9f-\u9e23\u6c99\u5c71\u6708\u7259\u6cc9-\u5f20\u6396\u4e39\u971e-\u5353\u5c14\u5c719\u65e5\u6e38","trade_status":"TRADE_FINISHED","is_total_fee_adjust":"N","total_fee":"13320.00","gmt_payment":"2017-07-22 06:36:58","seller_email":"2287684289@qq.com","gmt_close":"2017-10-23 06:37:00","price":"13320.00","buyer_id":"2088102310397097","notify_id":"10e4335ad85fee22fd3bd1a555281b0gp2","use_coupon":"N","sign_type":"MD5","sign":"8a418f65b6cdf5edfa7682ffc8c5355f"}
[2017-10-23 06:37:00][info] 数据存储反馈成功！
[2017-10-23 06:37:00][info] success
[2017-10-23 06:37:00][info] 写入结束!!!
[2017-10-23 08:30:57][info] ----------------------------------------
[2017-10-23 08:30:57][info] {"discount":"0.00","payment_type":"1","trade_no":"2017102321001004230272981164","subject":"\u6ec7\u897f\u91d1\u79cb","buyer_email":"13867802111","gmt_create":"2017-10-23 08:30:26","notify_type":"trade_status_sync","quantity":"1","out_trade_no":"LX-17101723431150406-8","seller_id":"2088421286007493","notify_time":"2017-10-23 08:30:57","body":"\u817e\u51b2\u94f6\u674f-\u548c\u987a\u53e4\u9547-\u745e\u4e3d-\u5927\u7406\u6d31\u6d77-\u559c\u6d32\u53e4\u9547-\u70ed\u6d77\u706b\u5c71-\u8292\u5e028\u65e5\u6df1\u5ea6\u6e38","trade_status":"TRADE_SUCCESS","is_total_fee_adjust":"N","total_fee":"3280.00","gmt_payment":"2017-10-23 08:30:56","seller_email":"2287684289@qq.com","price":"3280.00","buyer_id":"2088302520778233","notify_id":"c4d06ab1f20d3d3acde8d267242509bhry","use_coupon":"N","sign_type":"MD5","sign":"79098341262a5dfb66f186cedcbe5e38"}
[2017-10-23 08:30:57][info] 数据存储反馈成功！
[2017-10-23 08:30:57][info] success
[2017-10-23 08:30:57][info] 写入结束!!!
[2017-10-23 10:42:53][info] ----------------------------------------
[2017-10-23 10:42:53][info] {"discount":"0.00","payment_type":"1","trade_no":"2017072221001004620259615971","subject":"\u7518\u5357\u5168\u666f","buyer_email":"13509689641","gmt_create":"2017-07-22 10:42:42","notify_type":"trade_status_sync","quantity":"1","out_trade_no":"LX-17072122355449606-8","seller_id":"2088421286007493","notify_time":"2017-10-23 10:42:53","body":"2017\u5e74\u72ec\u5bb6  \u62c9\u535c\u695e\u5bfa-\u624e\u5c15\u90a3-\u82b1\u6e56-\u5e74\u5b9d\u7389\u5219-\u82e5\u5c14\u76d6\u8349\u539f-\u963f\u4e07\u4ed3\u6e7f\u5730-\u5c15\u6d77\u6e56-\u90ce\u6728\u5bfa 8\u65e5\u6e38","trade_status":"TRADE_FINISHED","is_total_fee_adjust":"N","total_fee":"4920.00","gmt_payment":"2017-07-22 10:42:51","seller_email":"2287684289@qq.com","gmt_close":"2017-10-23 10:42:53","price":"4920.00","buyer_id":"2088622800661629","notify_id":"770b44c459ef7efc4a191c5c5d7b828ksa","use_coupon":"N","sign_type":"MD5","sign":"1429c7abe4a1ec91a20b9ede9bc5694d"}
[2017-10-23 10:42:53][info] 数据存储反馈成功！
[2017-10-23 10:42:53][info] success
[2017-10-23 10:42:53][info] 写入结束!!!
[2017-10-23 11:18:51][info] ----------------------------------------
[2017-10-23 11:18:51][info] {"discount":"0.00","payment_type":"1","trade_no":"2017072221001004410256235911","subject":"\u9189\u7f8e\u666e\u8005\u9ed1","buyer_email":"shanru1988@163.com","gmt_create":"2017-07-22 11:18:07","notify_type":"trade_status_sync","quantity":"1","out_trade_no":"LX-17072020283979406-d","seller_id":"2088421286007493","notify_time":"2017-10-23 11:18:51","body":"\u300a\u4e09\u751f\u4e09\u4e16\u300b\u666e\u8005\u9ed1\u2014\u4e16\u5916\u6843\u6e90\u575d\u7f8e\u2014\u9a6c\u5cad\u6cb3\u5927\u5ce1\u8c37\u2014\u9189\u7f8e\u4e07\u5cf0\u6797\u2014\u4e07\u5cf0\u6e56\u2014\u629a\u4ed9\u6e568\u65e5\u6df1\u5ea6\u6e38","trade_status":"TRADE_FINISHED","is_total_fee_adjust":"N","total_fee":"6960.00","gmt_payment":"2017-07-22 11:18:17","seller_email":"2287684289@qq.com","gmt_close":"2017-10-23 11:18:51","price":"6960.00","buyer_id":"2088002299483418","notify_id":"43940e183c1d203e2436f8fd2966dadj5y","use_coupon":"N","sign_type":"MD5","sign":"bc7795a7c143ea3bda905c368979113c"}
[2017-10-23 11:18:51][info] 数据存储反馈成功！
[2017-10-23 11:18:51][info] success
[2017-10-23 11:18:51][info] 写入结束!!!
[2017-10-23 13:46:31][info] ----------------------------------------
[2017-10-23 13:46:31][info] {"discount":"0.00","payment_type":"1","trade_no":"2017102321001004770296151129","subject":"\u79e6\u5df4\u79cb\u8272","buyer_email":"13905772978","gmt_create":"2017-10-23 13:46:12","notify_type":"trade_status_sync","quantity":"1","out_trade_no":"LX-17102218355541801-7","seller_id":"2088421286007493","notify_time":"2017-10-23 13:46:30","body":"\u9ec4\u67cf\u586c-\u5149\u96fe\u5c71-\u79e6\u5cad\u91d1\u4e1d\u7334-\u5927\u7bad\u6c9f-\u5927\u5c0f\u5170\u6c9f-\u5341\u516b\u6708\u6f6d\u79cb\u8272\u6444\u5f717\u65e5","trade_status":"TRADE_SUCCESS","is_total_fee_adjust":"N","total_fee":"7000.00","gmt_payment":"2017-10-23 13:46:30","seller_email":"2287684289@qq.com","price":"7000.00","buyer_id":"2088602164420773","notify_id":"ee6df022d29ae62d57063fc319244ablxy","use_coupon":"N","sign_type":"MD5","sign":"cce8eae73b557095a4a0dc4c314b7550"}
[2017-10-23 13:46:31][info] 数据存储反馈成功！
[2017-10-23 13:46:31][info] success
[2017-10-23 13:46:31][info] 写入结束!!!
[2017-10-23 14:11:05][info] ----------------------------------------
[2017-10-23 14:11:05][info] {"discount":"0.00","payment_type":"1","trade_no":"2017072221001004760235881261","subject":"\u7518\u5357\u5168\u666f","buyer_email":"linxin58199@sina.com","gmt_create":"2017-07-22 14:10:50","notify_type":"trade_status_sync","quantity":"1","out_trade_no":"LX-17072213272076501-d","seller_id":"2088421286007493","notify_time":"2017-10-23 14:11:05","body":"2017\u5e74\u72ec\u5bb6  \u62c9\u535c\u695e\u5bfa-\u624e\u5c15\u90a3-\u82b1\u6e56-\u5e74\u5b9d\u7389\u5219-\u82e5\u5c14\u76d6\u8349\u539f-\u963f\u4e07\u4ed3\u6e7f\u5730-\u5c15\u6d77\u6e56-\u90ce\u6728\u5bfa 8\u65e5\u6e38","trade_status":"TRADE_FINISHED","is_total_fee_adjust":"N","total_fee":"4320.00","gmt_payment":"2017-07-22 14:11:03","seller_email":"2287684289@qq.com","gmt_close":"2017-10-23 14:11:05","price":"4320.00","buyer_id":"2088302148053769","notify_id":"5876beebd14fe5bd37196d854d2f13elv6","use_coupon":"N","sign_type":"MD5","sign":"a350b106935982252a862b3d6ac860be"}
[2017-10-23 14:11:05][info] 数据存储反馈成功！
[2017-10-23 14:11:05][info] success
[2017-10-23 14:11:05][info] 写入结束!!!
[2017-10-23 14:11:57][info] ----------------------------------------
[2017-10-23 14:11:57][info] {"discount":"0.00","payment_type":"1","trade_no":"2017072221001004470249732589","subject":"\u9189\u7f8e\u666e\u8005\u9ed1","buyer_email":"13939031508","gmt_create":"2017-07-22 14:11:15","notify_type":"trade_status_sync","quantity":"1","out_trade_no":"LX-17070912300487601-0","seller_id":"2088421286007493","notify_time":"2017-10-23 14:11:57","body":"\u300a\u4e09\u751f\u4e09\u4e16\u300b\u666e\u8005\u9ed1\u2014\u4e16\u5916\u6843\u6e90\u575d\u7f8e\u2014\u9a6c\u5cad\u6cb3\u5927\u5ce1\u8c37\u2014\u9189\u7f8e\u4e07\u5cf0\u6797\u2014\u4e07\u5cf0\u6e56\u2014\u629a\u4ed9\u6e568\u65e5\u6df1\u5ea6\u6e38","trade_status":"TRADE_FINISHED","is_total_fee_adjust":"N","total_fee":"3480.00","gmt_payment":"2017-07-22 14:11:27","seller_email":"2287684289@qq.com","gmt_close":"2017-10-23 14:11:57","price":"3480.00","buyer_id":"2088702034874478","notify_id":"9675ef4bbf0fa6c3c854fed84d7d69fjmm","use_coupon":"N","sign_type":"MD5","sign":"68e90787e85b1d279df9f6b599434db9"}
[2017-10-23 14:11:57][info] 数据存储反馈成功！
[2017-10-23 14:11:57][info] success
[2017-10-23 14:11:57][info] 写入结束!!!
[2017-10-23 14:52:04][info] ----------------------------------------
[2017-10-23 14:52:04][info] {"discount":"0.00","payment_type":"1","trade_no":"2017072221001004950241015034","subject":"\u4e1d\u7ef8\u4e4b\u8def\u5168\u666f\u6e389\u65e5","buyer_email":"13554498093","gmt_create":"2017-07-22 14:51:32","notify_type":"trade_status_sync","quantity":"1","out_trade_no":"LX-17072213181130701-1","seller_id":"2088421286007493","notify_time":"2017-10-23 14:52:03","body":"\u72ec\u5bb6\u6c34\u4e0a\u9b54\u9b3c\u57ce-\u65e0\u4eba\u533a\u539f\u751f\u6001\u96c5\u4e39\u63a2\u79d8-\u9752\u6d77\u6e56-\u8336\u5361\u76d0\u6e56-\u83ab\u9ad8\u7a9f-\u9e23\u6c99\u5c71\u6708\u7259\u6cc9-\u5f20\u6396\u4e39\u971e-\u5353\u5c14\u5c719\u65e5\u6e38","trade_status":"TRADE_FINISHED","is_total_fee_adjust":"N","total_fee":"7580.00","gmt_payment":"2017-07-22 14:51:44","seller_email":"2287684289@qq.com","gmt_close":"2017-10-23 14:52:03","price":"7580.00","buyer_id":"2088902322766951","notify_id":"15548599f4afa33b1e26943b7c17d7anby","use_coupon":"N","sign_type":"MD5","sign":"b54f7356a8c5819c1ebc9375cb2c4ed4"}
[2017-10-23 14:52:04][info] 数据存储反馈成功！
[2017-10-23 14:52:04][info] success
[2017-10-23 14:52:04][info] 写入结束!!!
[2017-10-23 15:22:05][info] ----------------------------------------
[2017-10-23 15:22:05][info] {"discount":"0.00","payment_type":"1","trade_no":"2017072221001004140247207912","subject":"\u65b0\u7586\u62fe\u5149\u5168\u666f\u5199\u771f\u65c5\u884c","buyer_email":"15023367161","gmt_create":"2017-07-22 15:21:15","notify_type":"trade_status_sync","quantity":"1","out_trade_no":"LX-17071709450330106-1","seller_id":"2088421286007493","notify_time":"2017-10-23 15:22:05","body":"\u4e4c\u9c81\u6728\u9f50-\u4e94\u5f69\u6ee9-\u5e03\u5c14\u6d25-\u5580\u7eb3\u65af-\u79be\u6728-\u9b54\u9b3c\u57ce-\u8d5b\u91cc\u6728\u6e56-\u89e3\u5fe7\u516c\u4e3b\u85b0\u8863\u8349\u519c\u573a-\u5580\u62c9\u5cfb-\u5df4\u97f3\u5e03\u9c81\u514b-\u535a\u65af\u817e\u6e56-\u5e93\u6728\u5854\u683c\u6c99\u6f2014\u65e5\u6e38","trade_status":"TRADE_FINISHED","is_total_fee_adjust":"N","total_fee":"8820.00","gmt_payment":"2017-07-22 15:21:58","seller_email":"2287684289@qq.com","gmt_close":"2017-10-23 15:22:05","price":"8820.00","buyer_id":"2088012869592143","notify_id":"1e23de24b5dd998fb8063b041e93c47h2y","use_coupon":"N","sign_type":"MD5","sign":"b5f1ac86ce136757cd9facf87093a0bc"}
[2017-10-23 15:22:05][info] 数据存储反馈成功！
[2017-10-23 15:22:05][info] success
[2017-10-23 15:22:05][info] 写入结束!!!
[2017-10-23 15:56:52][info] ----------------------------------------
[2017-10-23 15:56:52][info] {"discount":"0.00","payment_type":"1","trade_no":"2017072221001004420237130505","subject":"\u7518\u5357\u5168\u666f","buyer_email":"13813556000","gmt_create":"2017-07-22 15:55:50","notify_type":"trade_status_sync","quantity":"1","out_trade_no":"LX-1707221455471706-e","seller_id":"2088421286007493","notify_time":"2017-10-23 15:56:52","body":"2017\u5e74\u72ec\u5bb6  \u62c9\u535c\u695e\u5bfa-\u624e\u5c15\u90a3-\u82b1\u6e56-\u5e74\u5b9d\u7389\u5219-\u82e5\u5c14\u76d6\u8349\u539f-\u963f\u4e07\u4ed3\u6e7f\u5730-\u5c15\u6d77\u6e56-\u90ce\u6728\u5bfa 8\u65e5\u6e38","trade_status":"TRADE_FINISHED","is_total_fee_adjust":"N","total_fee":"3280.00","gmt_payment":"2017-07-22 15:56:00","seller_email":"2287684289@qq.com","gmt_close":"2017-10-23 15:56:52","price":"3280.00","buyer_id":"2088702331952424","notify_id":"67c3593b2f04a0b116b6a39dfc6682cj8q","use_coupon":"N","sign_type":"MD5","sign":"1102add033aa869e11775e480dafcd44"}
[2017-10-23 15:56:52][info] 数据存储反馈成功！
[2017-10-23 15:56:52][info] success
[2017-10-23 15:56:52][info] 写入结束!!!
[2017-10-23 17:40:09][info] ----------------------------------------
[2017-10-23 17:40:09][info] {"discount":"0.00","payment_type":"1","trade_no":"2017072221001004370215016804","subject":"\u7518\u5357\u5168\u666f","buyer_email":"1219568538@qq.com","gmt_create":"2017-07-22 17:39:20","notify_type":"trade_status_sync","quantity":"1","out_trade_no":"LX-17072016063392106-1","seller_id":"2088421286007493","notify_time":"2017-10-23 17:40:09","body":"2017\u5e74\u72ec\u5bb6  \u62c9\u535c\u695e\u5bfa-\u624e\u5c15\u90a3-\u82b1\u6e56-\u5e74\u5b9d\u7389\u5219-\u82e5\u5c14\u76d6\u8349\u539f-\u963f\u4e07\u4ed3\u6e7f\u5730-\u5c15\u6d77\u6e56-\u90ce\u6728\u5bfa 8\u65e5\u6e38","trade_status":"TRADE_FINISHED","is_total_fee_adjust":"N","total_fee":"2680.00","gmt_payment":"2017-07-22 17:39:30","seller_email":"2287684289@qq.com","gmt_close":"2017-10-23 17:40:09","price":"2680.00","buyer_id":"2088702182431374","notify_id":"83aebed96b05e333086be632f73e0bfiuu","use_coupon":"N","sign_type":"MD5","sign":"efe7c3e81ddb8d6b75e5923c61eb999a"}
[2017-10-23 17:40:09][info] 数据存储反馈成功！
[2017-10-23 17:40:09][info] success
[2017-10-23 17:40:09][info] 写入结束!!!
[2017-10-23 19:05:10][info] ----------------------------------------
[2017-10-23 19:05:10][info] {"discount":"0.00","payment_type":"1","trade_no":"2017072221001004770296694329","subject":"\u7518\u5357\u5168\u666f","buyer_email":"271641879@qq.com","gmt_create":"2017-07-22 19:04:35","notify_type":"trade_status_sync","quantity":"1","out_trade_no":"LX-17072218324736306-8","seller_id":"2088421286007493","notify_time":"2017-10-23 19:05:10","body":"2017\u5e74\u72ec\u5bb6  \u62c9\u535c\u695e\u5bfa-\u624e\u5c15\u90a3-\u82b1\u6e56-\u5e74\u5b9d\u7389\u5219-\u82e5\u5c14\u76d6\u8349\u539f-\u963f\u4e07\u4ed3\u6e7f\u5730-\u5c15\u6d77\u6e56-\u90ce\u6728\u5bfa 8\u65e5\u6e38","trade_status":"TRADE_FINISHED","is_total_fee_adjust":"N","total_fee":"3280.00","gmt_payment":"2017-07-22 19:04:43","seller_email":"2287684289@qq.com","gmt_close":"2017-10-23 19:05:10","price":"3280.00","buyer_id":"2088602150502775","notify_id":"f40e123d2d99cc1e37afe77a16f4fb2lxy","use_coupon":"N","sign_type":"MD5","sign":"f14b74cda5a59633f692284e2e58495c"}
[2017-10-23 19:05:10][info] 数据存储反馈成功！
[2017-10-23 19:05:10][info] success
[2017-10-23 19:05:10][info] 写入结束!!!
[2017-10-23 20:30:06][info] ----------------------------------------
[2017-10-23 20:30:06][info] {"discount":"0.00","payment_type":"1","trade_no":"2017072221001004130233413036","subject":"\u5fc3\u82b1\u8def\u653e","buyer_email":"294021273@qq.com","gmt_create":"2017-07-22 20:29:17","notify_type":"trade_status_sync","quantity":"1","out_trade_no":"LX-17072023075625401-d","seller_id":"2088421286007493","notify_time":"2017-10-23 20:30:06","body":"\u5927\u7406\u53cc\u5eca\u3001\u6c99\u6eaa\u53e4\u9547\u3001\u4e3d\u6c5f\u53e4\u57ce\u3001\u9999\u683c\u91cc\u62c9\u3001\u6cf8\u6cbd\u6e567\u65e5\u6ec7\u897f\u5317\u5168\u666f\u6df1\u5ea6\u6e38","trade_status":"TRADE_FINISHED","is_total_fee_adjust":"N","total_fee":"3480.00","gmt_payment":"2017-07-22 20:29:29","seller_email":"2287684289@qq.com","gmt_close":"2017-10-23 20:30:06","price":"3480.00","buyer_id":"2088402282071138","notify_id":"fcae8cea9b97748f413eb297ed9943dh06","use_coupon":"N","sign_type":"MD5","sign":"b349bc92c68a97838a720ec02ad485c6"}
[2017-10-23 20:30:06][info] 数据存储反馈成功！
[2017-10-23 20:30:06][info] success
[2017-10-23 20:30:06][info] 写入结束!!!
[2017-10-23 21:26:58][info] ----------------------------------------
[2017-10-23 21:26:58][info] {"discount":"0.00","payment_type":"1","trade_no":"2017072221001004690290073282","subject":"\u65b0\u7586\u7cbe\u534e","buyer_email":"corelo_services@yahoo.com","gmt_create":"2017-07-22 21:23:23","notify_type":"trade_status_sync","quantity":"1","out_trade_no":"LX-17072022203931301-6","seller_id":"2088421286007493","notify_time":"2017-10-23 21:26:58","body":"\u5929\u5c71\u5929\u6c60-\u5580\u7eb3\u65af-\u79be\u6728-\u4e94\u5f69\u6ee9-\u8d5b\u91cc\u6728\u6e56-\u85b0\u8863\u8349\u5e84\u56ed-\u90a3\u62c9\u63d0-\u5df4\u97f3\u5e03\u9c81\u514b-\u5410\u9c81\u756a11\u65e5\u6e38","trade_status":"TRADE_FINISHED","is_total_fee_adjust":"N","total_fee":"4680.00","gmt_payment":"2017-07-22 21:26:43","seller_email":"2287684289@qq.com","gmt_close":"2017-10-23 21:26:58","price":"4680.00","buyer_id":"2088902638138691","notify_id":"28b0f13de7072ecfd01fcb735d5edcalbq","use_coupon":"N","sign_type":"MD5","sign":"1c819f6882990224a82b2ae86a63cad4"}
[2017-10-23 21:26:58][info] 数据存储反馈成功！
[2017-10-23 21:26:58][info] success
[2017-10-23 21:26:58][info] 写入结束!!!
