[2017-06-19 12:31:50][info] ----------------------------------------
[2017-06-19 12:31:50][info] {"discount":"0.00","payment_type":"1","subject":"\u4e1d\u7ef8\u4e4b\u8def\u8f7b\u5962\u6e38","trade_no":"2017061921001004970291035807","buyer_email":"wuyiyantea@sohu.com","gmt_create":"2017-06-19 12:30:55","notify_type":"trade_status_sync","quantity":"1","out_trade_no":"LX-17051815473624501-f","seller_id":"2088421286007493","notify_time":"2017-06-19 12:31:50","body":"\u9752\u6d77\u6e56-\u8336\u5361\u76d0\u6e56-\u6c99\u5c9b-\u7941\u8fde\u5c71-\u5f20\u6396-\u5609\u5cea\u5173-\u6566\u714c9\u65e5\u6e38","trade_status":"TRADE_SUCCESS","is_total_fee_adjust":"N","total_fee":"6770.00","gmt_payment":"2017-06-19 12:31:50","seller_email":"2287684289@qq.com","price":"6770.00","buyer_id":"2088302472871972","notify_id":"f2f5bd82cde48a0b94cab9b84964526nhi","use_coupon":"N","sign_type":"MD5","sign":"3c2b69145dc9d3232de37879868d4170"}
[2017-06-19 12:31:51][info] 数据存储反馈成功！
[2017-06-19 12:31:51][info] success
[2017-06-19 12:31:51][info] 写入结束!!!
[2017-06-19 13:18:38][info] ----------------------------------------
[2017-06-19 13:18:38][info] {"discount":"0.00","payment_type":"1","subject":"\u4e1d\u7ef8\u4e4b\u8def\u7ecf\u5178\u4e5d\u65e5","trade_no":"2017061921001004250275951358","buyer_email":"35176565@qq.com","gmt_create":"2017-06-19 12:56:11","notify_type":"trade_status_sync","quantity":"1","out_trade_no":"LX-17061511593043301-4","seller_id":"2088421286007493","notify_time":"2017-06-19 13:18:38","body":"\u6c99\u5c9b-\u9752\u6d77\u6e56-\u8336\u5361\u76d0\u6e56-\u5353\u5c14\u5c71-\u5f20\u6396\u4e39\u971e-\u5609\u5cea\u5173-\u6566\u714c9\u65e5\u6e38","trade_status":"TRADE_SUCCESS","is_total_fee_adjust":"N","total_fee":"13320.00","gmt_payment":"2017-06-19 13:18:37","seller_email":"2287684289@qq.com","price":"13320.00","buyer_id":"2088002050883251","notify_id":"ea89d8722fe8233b85aad36bf635f37hxi","use_coupon":"N","sign_type":"MD5","sign":"5535c3e3a8b28550bb543513402efa61"}
[2017-06-19 13:18:39][info] 数据存储反馈成功！
[2017-06-19 13:18:39][info] success
[2017-06-19 13:18:39][info] 写入结束!!!
[2017-06-19 14:39:49][info] ----------------------------------------
[2017-06-19 14:39:49][info] {"discount":"0.00","payment_type":"1","subject":"\u65b0\u7586\u5168\u666f","trade_no":"2017061921001004060225395826","buyer_email":"shkpyd@tom.com","gmt_create":"2017-06-19 14:37:32","notify_type":"trade_status_sync","quantity":"1","out_trade_no":"LX-17030320415942401-8","seller_id":"2088421286007493","notify_time":"2017-06-19 14:39:49","body":"\u6c5f\u5e03\u62c9\u514b-\u4e94\u5f69\u6ee9-\u5580\u7eb3\u65af-\u79be\u6728-\u8d5b\u91cc\u6728\u6e56-\u85b0\u8863\u8349\u519c\u573a-\u5580\u62c9\u5cfb-\u90a3\u62c9\u63d0-\u5df4\u97f3\u5e03\u9c81\u514b-\u5410\u9c81\u756a13\u65e5\u6e38","trade_status":"TRADE_SUCCESS","is_total_fee_adjust":"N","total_fee":"7620.00","gmt_payment":"2017-06-19 14:39:48","seller_email":"2287684289@qq.com","price":"7620.00","buyer_id":"2088002079112060","notify_id":"f7a31947a20790b2ec673a5232744e2ggq","use_coupon":"N","sign_type":"MD5","sign":"f4d3c4b9bae24bab458ad4c24bfd2736"}
[2017-06-19 14:39:49][info] 数据存储反馈成功！
[2017-06-19 14:39:49][info] success
[2017-06-19 14:39:49][info] 写入结束!!!
[2017-06-19 15:08:45][info] ----------------------------------------
[2017-06-19 15:08:45][info] {"discount":"0.00","payment_type":"1","subject":"\u65b0\u7586\u7cbe\u534e","trade_no":"2017061921001004700274702137","buyer_email":"mayflower_tang@hotmail.com","gmt_create":"2017-06-19 15:08:22","notify_type":"trade_status_sync","quantity":"1","out_trade_no":"LX-17061721450815406-5","seller_id":"2088421286007493","notify_time":"2017-06-19 15:08:44","body":"\u5929\u5c71\u5929\u6c60-\u5580\u7eb3\u65af-\u79be\u6728-\u4e94\u5f69\u6ee9-\u8d5b\u91cc\u6728\u6e56-\u85b0\u8863\u8349\u5e84\u56ed-\u90a3\u62c9\u63d0-\u5df4\u97f3\u5e03\u9c81\u514b-\u5410\u9c81\u756a11\u65e5\u6e38","trade_status":"TRADE_SUCCESS","is_total_fee_adjust":"N","total_fee":"8110.00","gmt_payment":"2017-06-19 15:08:43","seller_email":"2287684289@qq.com","price":"8110.00","buyer_id":"2088002215618704","notify_id":"ade967291a9484ac1b3ef9a23125835lei","use_coupon":"N","sign_type":"MD5","sign":"905f908706b4fc1e46c9956b203482f3"}
[2017-06-19 15:08:46][info] 数据存储反馈成功！
[2017-06-19 15:08:46][info] success
[2017-06-19 15:08:46][info] 写入结束!!!
[2017-06-19 16:42:52][info] ----------------------------------------
[2017-06-19 16:42:52][info] {"discount":"0.00","payment_type":"1","trade_no":"2017032021001004010237043334","subject":"\u96ea\u57df\u6843\u82b1\u6df1\u5ea6\u6e38","buyer_email":"prettyxiaozuo@sina.com","gmt_create":"2017-03-20 16:42:20","notify_type":"trade_status_sync","quantity":"1","out_trade_no":"LX-17031717101251001-6","seller_id":"2088421286007493","notify_time":"2017-06-19 16:42:51","body":"2017\u5e74\u6797\u829d\u6843\u82b1\u6c9f-\u6ce2\u5bc6\u560e\u6717-\u5357\u8fe6\u5df4\u74e6\u5cf0-\u7136\u4e4c\u6e56-\u7c73\u5806\u51b0\u5ddd\u516b\u65e5\u6e38","trade_status":"TRADE_FINISHED","is_total_fee_adjust":"N","total_fee":"3590.00","gmt_payment":"2017-03-20 16:42:46","seller_email":"2287684289@qq.com","gmt_close":"2017-06-19 16:42:51","price":"3590.00","buyer_id":"2088302253873010","notify_id":"980a4c568f52dd619f5dd99cc5c177cg2u","use_coupon":"N","sign_type":"MD5","sign":"86e0715090f2256edbf8e331d5af3b18"}
[2017-06-19 16:42:52][info] 数据存储反馈成功！
[2017-06-19 16:42:52][info] success
[2017-06-19 16:42:52][info] 写入结束!!!
[2017-06-19 17:13:27][info] ----------------------------------------
[2017-06-19 17:13:27][info] {"discount":"0.00","payment_type":"1","trade_no":"2017061921001004580218654956","subject":"\u4e1d\u7ef8\u4e4b\u8def\u7ecf\u5178\u4e5d\u65e5","buyer_email":"15895938728","gmt_create":"2017-06-19 17:12:54","notify_type":"trade_status_sync","quantity":"1","out_trade_no":"LX-17051617133274101-e","seller_id":"2088421286007493","notify_time":"2017-06-19 17:13:26","body":"\u6c99\u5c9b-\u9752\u6d77\u6e56-\u8336\u5361\u76d0\u6e56-\u5353\u5c14\u5c71-\u5f20\u6396\u4e39\u971e-\u5609\u5cea\u5173-\u6566\u714c9\u65e5\u6e38","trade_status":"TRADE_SUCCESS","is_total_fee_adjust":"N","total_fee":"8550.00","gmt_payment":"2017-06-19 17:13:26","seller_email":"2287684289@qq.com","price":"8550.00","buyer_id":"2088502728509589","notify_id":"70203b23e47a9a2a2274fef4a742c58kh6","use_coupon":"N","sign_type":"MD5","sign":"a5fea583066dbe872a6eb094a097ae04"}
[2017-06-19 17:13:27][info] 数据存储反馈成功！
[2017-06-19 17:13:27][info] success
[2017-06-19 17:13:27][info] 写入结束!!!
[2017-06-19 18:23:30][info] ----------------------------------------
[2017-06-19 18:23:30][info] {"discount":"0.00","payment_type":"1","trade_no":"2017061921001004610259307139","subject":"\u4e1d\u7ef8\u4e4b\u8def\u4f11\u95f28\u65e5\u6e38","buyer_email":"wying8668@126.com","gmt_create":"2017-06-19 18:22:52","notify_type":"trade_status_sync","quantity":"1","out_trade_no":"LX-17061813301092406-1","seller_id":"2088421286007493","notify_time":"2017-06-19 18:23:30","body":"\u6c99\u5c9b-\u9752\u6d77\u6e56-\u8336\u5361\u76d0\u6e56-\u5353\u5c14\u5c71-\u5f20\u6396\u4e39\u971e-\u5609\u5cea\u5173-\u6566\u714c8\u65e5\u6e38","trade_status":"TRADE_SUCCESS","is_total_fee_adjust":"N","total_fee":"5070.00","gmt_payment":"2017-06-19 18:23:30","seller_email":"2287684289@qq.com","price":"5070.00","buyer_id":"2088812017290613","notify_id":"5debbd7e4323c072818ce37c463d601kpi","use_coupon":"N","sign_type":"MD5","sign":"a95683f1ee92b1e487414ad81fc8c395"}
[2017-06-19 18:23:31][info] 数据存储反馈成功！
[2017-06-19 18:23:31][info] success
[2017-06-19 18:23:31][info] 写入结束!!!
[2017-06-19 18:25:36][info] ----------------------------------------
[2017-06-19 18:25:36][info] {"discount":"0.00","payment_type":"1","trade_no":"2017061921001004020231982890","subject":"\u65b0\u7586\u7cbe\u534e","buyer_email":"13632354490","gmt_create":"2017-06-19 18:24:27","notify_type":"trade_status_sync","quantity":"1","out_trade_no":"LX-17061918065470906-e","seller_id":"2088421286007493","notify_time":"2017-06-19 18:25:35","body":"\u5929\u5c71\u5929\u6c60-\u5580\u7eb3\u65af-\u79be\u6728-\u4e94\u5f69\u6ee9-\u8d5b\u91cc\u6728\u6e56-\u85b0\u8863\u8349\u5e84\u56ed-\u90a3\u62c9\u63d0-\u5df4\u97f3\u5e03\u9c81\u514b-\u5410\u9c81\u756a11\u65e5\u6e38","trade_status":"TRADE_SUCCESS","is_total_fee_adjust":"N","total_fee":"9160.00","gmt_payment":"2017-06-19 18:25:35","seller_email":"2287684289@qq.com","price":"9160.00","buyer_id":"2088702423148023","notify_id":"86987dffdf34ae95101c6f376e664f9g5m","use_coupon":"N","sign_type":"MD5","sign":"347983515d0a19b0e73455c0d084a6b3"}
[2017-06-19 18:25:36][info] 数据存储反馈成功！
[2017-06-19 18:25:36][info] success
[2017-06-19 18:25:36][info] 写入结束!!!
