[2017-06-15 11:26:04][info] ----------------------------------------
[2017-06-15 11:26:04][info] {"discount":"0.00","payment_type":"1","subject":"\u4eba\u50cf\u5916\u62cd","trade_no":"2017031621001004130224118643","buyer_email":"903841483@qq.com","gmt_create":"2017-03-16 11:25:23","notify_type":"trade_status_sync","quantity":"1","out_trade_no":"LX-17031611055127601-5","seller_id":"2088421286007493","notify_time":"2017-06-15 11:26:04","body":"03.25\u5468\u516d\uff0c\u201c\u82b1\u6f3e\u5c18\u201d\u53e4\u98ce\u6a31\u82b1\u4eba\u50cf\u4e3b\u9898\u5916\u62cd","trade_status":"TRADE_FINISHED","is_total_fee_adjust":"N","total_fee":"39.00","gmt_payment":"2017-03-16 11:25:33","seller_email":"2287684289@qq.com","gmt_close":"2017-06-15 11:26:04","price":"39.00","buyer_id":"2088702690562131","notify_id":"2dda42e697053c8795636dcf75e6c44h06","use_coupon":"N","sign_type":"MD5","sign":"d996c6ae16db05257ac02a15f6017c4e"}
[2017-06-15 11:26:05][info] 数据存储反馈成功！
[2017-06-15 11:26:05][info] success
[2017-06-15 11:26:05][info] 写入结束!!!
[2017-06-15 14:42:02][info] ----------------------------------------
[2017-06-15 14:42:02][info] {"discount":"0.00","payment_type":"1","subject":"\u7518\u5357\u5168\u666f","trade_no":"2017031621001004460221157258","buyer_email":"421701667@qq.com","gmt_create":"2017-03-16 14:40:42","notify_type":"trade_status_sync","quantity":"1","out_trade_no":"LX-17031514383855201-c","seller_id":"2088421286007493","notify_time":"2017-06-15 14:42:02","body":"2017\u5e74\u72ec\u5bb6  \u516b\u89d2\u57ce-\u624e\u5c15\u90a3-\u82b1\u6e56-\u5e74\u5b9d\u7389\u5219-\u82e5\u5c14\u76d6\u8349\u539f-\u963f\u4e07\u4ed3\u6e7f\u5730-\u90ce\u6728\u5bfa 8\u65e5\u6e38","trade_status":"TRADE_FINISHED","is_total_fee_adjust":"N","total_fee":"16800.00","gmt_payment":"2017-03-16 14:41:35","seller_email":"2287684289@qq.com","gmt_close":"2017-06-15 14:42:02","price":"16800.00","buyer_id":"2088012359376464","notify_id":"04fca01d544da939349d7c8533ff920jju","use_coupon":"N","sign_type":"MD5","sign":"37057fbe9275a06c5a922e4b4403bc38"}
[2017-06-15 14:42:02][info] 数据存储反馈成功！
[2017-06-15 14:42:02][info] success
[2017-06-15 14:42:02][info] 写入结束!!!
[2017-06-15 15:09:19][info] ----------------------------------------
[2017-06-15 15:09:19][info] {"discount":"0.00","payment_type":"1","subject":"\u4e1d\u7ef8\u4e4b\u8def\u4f11\u95f28\u65e5\u6e38","trade_no":"2017061521001004980235810608","buyer_email":"yaojing_122377@163.com","gmt_create":"2017-06-15 15:09:02","notify_type":"trade_status_sync","quantity":"1","out_trade_no":"LX-17061514125465701-c","seller_id":"2088421286007493","notify_time":"2017-06-15 15:09:19","body":"\u6c99\u5c9b-\u9752\u6d77\u6e56-\u8336\u5361\u76d0\u6e56-\u5353\u5c14\u5c71-\u5f20\u6396\u4e39\u971e-\u5609\u5cea\u5173-\u6566\u714c8\u65e5\u6e38","trade_status":"TRADE_SUCCESS","is_total_fee_adjust":"N","total_fee":"3480.00","gmt_payment":"2017-06-15 15:09:19","seller_email":"2287684289@qq.com","price":"3480.00","buyer_id":"2088002379289985","notify_id":"e891db2658bfaa5f865f98afac6efc7nka","use_coupon":"N","sign_type":"MD5","sign":"230f4d0396ab7a439016e5bd5ebefbb7"}
[2017-06-15 15:09:20][info] 数据存储反馈成功！
[2017-06-15 15:09:20][info] success
[2017-06-15 15:09:20][info] 写入结束!!!
[2017-06-15 15:15:10][info] ----------------------------------------
[2017-06-15 15:15:10][info] {"discount":"0.00","payment_type":"1","subject":"\u8d35\u5dde\u5168\u666f\u6e38","trade_no":"2017061521001004860206153990","buyer_email":"164383529@qq.com","gmt_create":"2017-06-15 15:14:54","notify_type":"trade_status_sync","quantity":"1","out_trade_no":"LX-17052710122669306-8","seller_id":"2088421286007493","notify_time":"2017-06-15 15:15:10","body":"\u79d8\u5883\u8302\u5170-\u8354\u6ce2-\u9ed4\u4e1c\u5357-\u9547\u8fdc-\u897f\u6c5f\u82d7\u5be8-\u9ec4\u679c\u6811\u6df1\u5ea6\u7eaf\u73a9\u4e5d\u65e5\u6e38","trade_status":"TRADE_SUCCESS","is_total_fee_adjust":"N","total_fee":"3140.00","gmt_payment":"2017-06-15 15:15:10","seller_email":"2287684289@qq.com","price":"3140.00","buyer_id":"2088912943926865","notify_id":"67f8477383786422126bf0053ec3a98mmy","use_coupon":"N","sign_type":"MD5","sign":"1faa13124293b13f6aa8f17e36379f1d"}
[2017-06-15 15:15:11][info] 数据存储反馈成功！
[2017-06-15 15:15:11][info] success
[2017-06-15 15:15:11][info] 写入结束!!!
[2017-06-15 16:44:04][info] ----------------------------------------
[2017-06-15 16:44:04][info] {"discount":"0.00","payment_type":"1","subject":"\u6069\u65bd\u79d8\u5883\u4f11\u95f2\u6e38","trade_no":"2017061521001004520205962082","buyer_email":"dangdanggou@163.com","gmt_create":"2017-06-15 16:43:06","notify_type":"trade_status_sync","quantity":"1","out_trade_no":"LX-17061514265243201-1","seller_id":"2088421286007493","notify_time":"2017-06-15 16:44:04","body":"\u795e\u79d8\u5317\u7eac30\u5ea6\uff0c\u68ad\u5e03\u57ad\u77f3\u6797-\u9ebb\u67f3\u6eaa-\u795e\u79d8\u9ec4\u91d1\u6d1e-\u576a\u575d\u8425-\u201c\u4e2d\u56fd\u4ed9\u672c\u90a3\u201d\u5c4f\u5c71\u5ce1\u8c37\uff0c\u6069\u65bd\u79d8\u5883\u4f11\u95f26\u65e5\u6e38","trade_status":"TRADE_SUCCESS","is_total_fee_adjust":"N","total_fee":"5360.00","gmt_payment":"2017-06-15 16:44:03","seller_email":"2287684289@qq.com","price":"5360.00","buyer_id":"2088002142291520","notify_id":"3709d34d05a17fdd538d9defa51d242k0i","use_coupon":"N","sign_type":"MD5","sign":"8f80587c817d69554104a105ab9035c5"}
[2017-06-15 16:44:04][info] 数据存储反馈成功！
[2017-06-15 16:44:04][info] success
[2017-06-15 16:44:04][info] 写入结束!!!
[2017-06-15 21:01:55][info] ----------------------------------------
[2017-06-15 21:01:55][info] {"discount":"0.00","payment_type":"1","subject":"\u7518\u5357\u5168\u666f","trade_no":"2017031621001004620241282211","buyer_email":"18971230271","gmt_create":"2017-03-16 21:01:07","notify_type":"trade_status_sync","quantity":"1","out_trade_no":"LX-17022210572380801-d","seller_id":"2088421286007493","notify_time":"2017-06-15 21:01:54","body":"2017\u5e74\u72ec\u5bb6  \u516b\u89d2\u57ce-\u624e\u5c15\u90a3-\u82b1\u6e56-\u5e74\u5b9d\u7389\u5219-\u82e5\u5c14\u76d6\u8349\u539f-\u963f\u4e07\u4ed3\u6e7f\u5730-\u90ce\u6728\u5bfa 8\u65e5\u6e38","trade_status":"TRADE_FINISHED","is_total_fee_adjust":"N","total_fee":"2500.00","gmt_payment":"2017-03-16 21:01:30","seller_email":"2287684289@qq.com","gmt_close":"2017-06-15 21:01:54","price":"2500.00","buyer_id":"2088612021751623","notify_id":"0659e561681cf0cf16bb3b43b14471aksa","use_coupon":"N","sign_type":"MD5","sign":"e1e205b260170731eb06478f5a123dbe"}
[2017-06-15 21:01:55][info] 数据存储反馈成功！
[2017-06-15 21:01:55][info] success
[2017-06-15 21:01:55][info] 写入结束!!!
[2017-06-15 21:02:54][info] ----------------------------------------
[2017-06-15 21:02:54][info] {"discount":"0.00","payment_type":"1","subject":"\u7518\u5357\u5168\u666f","trade_no":"2017031621001004620241277605","buyer_email":"18971230271","gmt_create":"2017-03-16 21:02:12","notify_type":"trade_status_sync","quantity":"1","out_trade_no":"LX-17022210572380801-a","seller_id":"2088421286007493","notify_time":"2017-06-15 21:02:54","body":"2017\u5e74\u72ec\u5bb6  \u516b\u89d2\u57ce-\u624e\u5c15\u90a3-\u82b1\u6e56-\u5e74\u5b9d\u7389\u5219-\u82e5\u5c14\u76d6\u8349\u539f-\u963f\u4e07\u4ed3\u6e7f\u5730-\u90ce\u6728\u5bfa 8\u65e5\u6e38","trade_status":"TRADE_FINISHED","is_total_fee_adjust":"N","total_fee":"2500.00","gmt_payment":"2017-03-16 21:02:29","seller_email":"2287684289@qq.com","gmt_close":"2017-06-15 21:02:54","price":"2500.00","buyer_id":"2088612021751623","notify_id":"93d1fcaadc4f991d248690edeea471dksa","use_coupon":"N","sign_type":"MD5","sign":"44353f5940debb3dc792cb7339f12bf5"}
[2017-06-15 21:02:55][info] 数据存储反馈成功！
[2017-06-15 21:02:55][info] success
[2017-06-15 21:02:55][info] 写入结束!!!
[2017-06-15 23:47:29][info] ----------------------------------------
[2017-06-15 23:47:29][info] {"discount":"0.00","payment_type":"1","subject":"\u9b45\u5f71\u7518\u5357\u5199\u771f\u65c5\u884c","trade_no":"2017061521001004230257936432","buyer_email":"bingerljc@163.com","gmt_create":"2017-06-15 23:45:50","notify_type":"trade_status_sync","quantity":"1","out_trade_no":"LX-17061016060015006-4","seller_id":"2088421286007493","notify_time":"2017-06-15 23:47:28","body":"\u62c9\u535c\u695e\u5bfa-\u624e\u5c15\u90a3-\u82b1\u6e56-\u5e74\u5b9d\u7389\u5219-\u82e5\u5c14\u76d6\u8349\u539f-\u963f\u4e07\u4ed3\u6e7f\u5730-\u90ce\u6728\u5bfa 8\u65e5\u6e38","trade_status":"TRADE_SUCCESS","is_total_fee_adjust":"N","total_fee":"7160.00","gmt_payment":"2017-06-15 23:46:26","seller_email":"2287684289@qq.com","price":"7160.00","buyer_id":"2088002015251233","notify_id":"85d0bae84abbb7ccb71edac2cb836b8hry","use_coupon":"N","sign_type":"MD5","sign":"f708da9fa5c82dfc9849c38bacbc9d47"}
[2017-06-15 23:47:29][info] 数据存储反馈成功！
[2017-06-15 23:47:29][info] success
[2017-06-15 23:47:29][info] 写入结束!!!
