[2017-08-09 00:07:32][info] ----------------------------------------
[2017-08-09 00:07:32][info] {"discount":"0.00","payment_type":"1","trade_no":"2017080921001004070228284022","subject":"\u7a7f\u8d8a\u4e1d\u8def\u4e4b\u65c5\u516b\u65e5\u6e38","buyer_email":"15623006386","gmt_create":"2017-08-09 00:07:18","notify_type":"trade_status_sync","quantity":"1","out_trade_no":"LX-17071215195929006-9","seller_id":"2088421286007493","notify_time":"2017-08-09 00:07:32","body":"\u6c34\u4e0a\u9b54\u9b3c\u57ce-\u9752\u6d77\u6e56-\u95e8\u6e90-\u6566\u714c-\u5f20\u6396-\u5609\u5cea\u5173-\u8336\u5361\u76d0\u6e56\u516b\u65e5\u6df1\u5ea6\u6e38","trade_status":"TRADE_SUCCESS","is_total_fee_adjust":"N","total_fee":"3600.00","gmt_payment":"2017-08-09 00:07:31","seller_email":"2287684289@qq.com","price":"3600.00","buyer_id":"2088502479444072","notify_id":"1c85ac17214f17a6f37e7fa2769ed80gji","use_coupon":"N","sign_type":"MD5","sign":"df312a18decf9f9778ceb1d18d35802f"}
[2017-08-09 00:07:32][info] 数据存储反馈成功！
[2017-08-09 00:07:32][info] success
[2017-08-09 00:07:32][info] 写入结束!!!
[2017-08-09 07:07:16][info] ----------------------------------------
[2017-08-09 07:07:16][info] {"discount":"0.00","payment_type":"1","trade_no":"2017080921001004270276924125","subject":"\u8d35\u5dde\u5168\u666f\u6e38","buyer_email":"flysnow621@yahoo.cn","gmt_create":"2017-08-09 07:07:09","notify_type":"trade_status_sync","quantity":"1","out_trade_no":"LX-17070519052894606-5","seller_id":"2088421286007493","notify_time":"2017-08-09 07:07:16","body":"\u897f\u6c5f\u5343\u6237\u82d7\u5be8-\u8354\u6ce2-\u9ed4\u4e1c\u5357-\u9547\u8fdc-\u9ec4\u679c\u6811-\u79d8\u5883\u8302\u5170\u6df1\u5ea6\u7eaf\u73a9\u4e5d\u65e5\u6e38","trade_status":"TRADE_SUCCESS","is_total_fee_adjust":"N","total_fee":"4250.00","gmt_payment":"2017-08-09 07:07:16","seller_email":"2287684289@qq.com","price":"4250.00","buyer_id":"2088002589453273","notify_id":"57759b9a10a648d41c74f3c6767be5fi32","use_coupon":"N","sign_type":"MD5","sign":"1440eb1bfdb2248b269c30494abe4d2a"}
[2017-08-09 07:07:17][info] 数据存储反馈成功！
[2017-08-09 07:07:17][info] success
[2017-08-09 07:07:17][info] 写入结束!!!
[2017-08-09 10:23:08][info] ----------------------------------------
[2017-08-09 10:23:08][info] {"discount":"0.00","payment_type":"1","trade_no":"2017080921001004460275923364","subject":"\u5317\u7586\u552f\u7f8e\u5f92\u6b65","buyer_email":"limingg_xx@163.com","gmt_create":"2017-08-09 10:22:11","notify_type":"trade_status_sync","quantity":"1","out_trade_no":"LX-17080622012452406-b","seller_id":"2088421286007493","notify_time":"2017-08-09 10:23:08","body":"\u8d3e\u767b\u5cea\u79be\u6728\u5f92\u6b65-\u5580\u7eb3\u65af-\u767d\u54c8\u5df4-\u4e94\u5f69\u6ee9-\u4e4c\u5c14\u79be\u9b54\u9b3c\u57ce9\u65e5\u6e38","trade_status":"TRADE_SUCCESS","is_total_fee_adjust":"N","total_fee":"9560.00","gmt_payment":"2017-08-09 10:23:08","seller_email":"2287684289@qq.com","price":"9560.00","buyer_id":"2088002001964468","notify_id":"7de12d4e7b57ebdab2f5f3b2b8eeb82jju","use_coupon":"N","sign_type":"MD5","sign":"ac58ef1bdc155d3c8f8db7dea3ab6e96"}
[2017-08-09 10:23:09][info] 数据存储反馈成功！
[2017-08-09 10:23:09][info] success
[2017-08-09 10:23:09][info] 写入结束!!!
[2017-08-09 10:57:30][info] ----------------------------------------
[2017-08-09 10:57:30][info] {"discount":"0.00","payment_type":"1","trade_no":"2017080921001004460276017076","subject":"\u5317\u7586\u552f\u7f8e\u5f92\u6b65","buyer_email":"limingg_xx@163.com","gmt_create":"2017-08-09 10:52:32","notify_type":"trade_status_sync","quantity":"1","out_trade_no":"LX-1708082230045201-9","seller_id":"2088421286007493","notify_time":"2017-08-09 10:57:30","body":"\u8d3e\u767b\u5cea\u79be\u6728\u5f92\u6b65-\u5580\u7eb3\u65af-\u767d\u54c8\u5df4-\u4e94\u5f69\u6ee9-\u4e4c\u5c14\u79be\u9b54\u9b3c\u57ce9\u65e5\u6e38","trade_status":"TRADE_SUCCESS","is_total_fee_adjust":"N","total_fee":"4980.00","gmt_payment":"2017-08-09 10:57:29","seller_email":"2287684289@qq.com","price":"4980.00","buyer_id":"2088002001964468","notify_id":"71fd8b77f87b19fc45911d99f92b94ajju","use_coupon":"N","sign_type":"MD5","sign":"0691173e5717163707a54d5e10daaba9"}
[2017-08-09 10:57:30][info] 数据存储反馈成功！
[2017-08-09 10:57:30][info] success
[2017-08-09 10:57:30][info] 写入结束!!!
[2017-08-09 10:59:51][info] ----------------------------------------
[2017-08-09 10:59:51][info] {"discount":"0.00","payment_type":"1","trade_no":"2017080921001004390263586849","subject":"\u7518\u5357\u5168\u666f","buyer_email":"wangbm2007@gmail.com","gmt_create":"2017-08-09 10:58:19","notify_type":"trade_status_sync","quantity":"1","out_trade_no":"LX-17061515523157201-e","seller_id":"2088421286007493","notify_time":"2017-08-09 10:59:51","body":"2017\u5e74\u72ec\u5bb6  \u62c9\u535c\u695e\u5bfa-\u624e\u5c15\u90a3-\u82b1\u6e56-\u5e74\u5b9d\u7389\u5219-\u82e5\u5c14\u76d6\u8349\u539f-\u963f\u4e07\u4ed3\u6e7f\u5730-\u5c15\u6d77\u6e56-\u90ce\u6728\u5bfa 8\u65e5\u6e38","trade_status":"TRADE_SUCCESS","is_total_fee_adjust":"N","total_fee":"4020.00","gmt_payment":"2017-08-09 10:59:50","seller_email":"2287684289@qq.com","price":"4020.00","buyer_id":"2088402170366391","notify_id":"0559f19bebe0e5a5edc738a186c29c7j0e","use_coupon":"N","sign_type":"MD5","sign":"8993ccc9b83c1eb12e8b62d355806018"}
[2017-08-09 10:59:51][info] 数据存储反馈成功！
[2017-08-09 10:59:51][info] success
[2017-08-09 10:59:51][info] 写入结束!!!
[2017-08-09 11:12:19][info] ----------------------------------------
[2017-08-09 11:12:19][info] {"discount":"0.00","payment_type":"1","trade_no":"2017080921001004460276058117","subject":"\u5317\u7586\u552f\u7f8e\u5f92\u6b65","buyer_email":"limingg_xx@163.com","gmt_create":"2017-08-09 11:11:28","notify_type":"trade_status_sync","quantity":"1","out_trade_no":"LX-17080722263333101-1","seller_id":"2088421286007493","notify_time":"2017-08-09 11:12:19","body":"\u8d3e\u767b\u5cea\u79be\u6728\u5f92\u6b65-\u5580\u7eb3\u65af-\u767d\u54c8\u5df4-\u4e94\u5f69\u6ee9-\u4e4c\u5c14\u79be\u9b54\u9b3c\u57ce9\u65e5\u6e38","trade_status":"TRADE_SUCCESS","is_total_fee_adjust":"N","total_fee":"14340.00","gmt_payment":"2017-08-09 11:12:19","seller_email":"2287684289@qq.com","price":"14340.00","buyer_id":"2088002001964468","notify_id":"e533e486b5e17c5424cc540d423ab03jju","use_coupon":"N","sign_type":"MD5","sign":"f3e3766e64c8d268d7d23dfdc06eca11"}
[2017-08-09 11:12:20][info] 数据存储反馈成功！
[2017-08-09 11:12:20][info] success
[2017-08-09 11:12:20][info] 写入结束!!!
[2017-08-09 12:04:25][info] ----------------------------------------
[2017-08-09 12:04:25][info] {"discount":"0.00","payment_type":"1","trade_no":"2017080921001004770230187877","subject":"\u4e1d\u8def\u5dc5\u5cf0\u4f53\u9a8c\u4e5d\u65e5\u6e38B\u7ebf","buyer_email":"rpeng128@msn.com","gmt_create":"2017-08-09 12:04:13","notify_type":"trade_status_sync","quantity":"1","out_trade_no":"LX-17080619383818901-b","seller_id":"2088421286007493","notify_time":"2017-08-09 12:04:25","body":"\u9752\u6d77\u6e56-\u8336\u5361\u76d0\u6e56-\u9e23\u6c99\u5c71\u6708\u7259\u6cc9-\u83ab\u9ad8\u7a9f-\u96c5\u4e39\u9b54\u9b3c\u57ce-\u5609\u5cea\u5173-\u5f20\u6396\u4e39\u971e-\u9a6c\u8e44\u5bfa-\u5353\u5c14\u5c71\u8f7b\u5962\u52a8\u8f669\u65e5\u6e38","trade_status":"TRADE_SUCCESS","is_total_fee_adjust":"N","total_fee":"6120.00","gmt_payment":"2017-08-09 12:04:25","seller_email":"2287684289@qq.com","price":"6120.00","buyer_id":"2088002070057775","notify_id":"e4cfb69201b11c1e0820a3b9a697438lxy","use_coupon":"N","sign_type":"MD5","sign":"c08b291a3e569627a54bc6edae787927"}
[2017-08-09 12:04:25][info] 数据存储反馈成功！
[2017-08-09 12:04:25][info] success
[2017-08-09 12:04:25][info] 写入结束!!!
[2017-08-09 13:45:17][info] ----------------------------------------
[2017-08-09 13:45:17][info] {"discount":"0.00","payment_type":"1","trade_no":"2017080921001004220292205714","subject":"\u989d\u6d4e\u7eb3\u6444\u5f71B\u7ebf","buyer_email":"13878840936","gmt_create":"2017-08-09 13:44:45","notify_type":"trade_status_sync","quantity":"1","out_trade_no":"LX-17073122243888606-8","seller_id":"2088421286007493","notify_time":"2017-08-09 13:45:17","body":"\u989d\u6d4e\u7eb3\u80e1\u6768\u6797-\u5df4\u4e39\u5409\u6797\u8179\u5730-\u91d1\u5854\u80e1\u6768\u6797-\u602a\u6811\u6797-\u516b\u65e5","trade_status":"TRADE_SUCCESS","is_total_fee_adjust":"N","total_fee":"4800.00","gmt_payment":"2017-08-09 13:45:17","seller_email":"2287684289@qq.com","price":"4800.00","buyer_id":"2088912526121221","notify_id":"49c9c2e82ec10ed04887d6eebf3d6fahp6","use_coupon":"N","sign_type":"MD5","sign":"6ee00a9a91268c1234838374325b83e2"}
[2017-08-09 13:45:18][info] 数据存储反馈成功！
[2017-08-09 13:45:18][info] success
[2017-08-09 13:45:18][info] 写入结束!!!
[2017-08-09 13:49:53][info] ----------------------------------------
[2017-08-09 13:49:53][info] {"discount":"0.00","payment_type":"1","trade_no":"2017080921001004370250714524","subject":"\u5317\u7586\u5dc5\u5cf0","buyer_email":"fish223@126.com","gmt_create":"2017-08-09 13:49:46","notify_type":"trade_status_sync","quantity":"1","out_trade_no":"LX-17071015493259601-b","seller_id":"2088421286007493","notify_time":"2017-08-09 13:49:53","body":"\u79be\u672848\u5c0f\u65f6-\u5580\u7eb3\u65af-\u767d\u54c8\u5df4-\u4e94\u5f69\u6ee9-\u53cc\u53676\u65e5\u6e38","trade_status":"TRADE_SUCCESS","is_total_fee_adjust":"N","total_fee":"4770.00","gmt_payment":"2017-08-09 13:49:53","seller_email":"2287684289@qq.com","price":"4770.00","buyer_id":"2088002132231374","notify_id":"ef2419520bd790f4939498cf37d02ddiuu","use_coupon":"N","sign_type":"MD5","sign":"7d04c31e5551d73d43311ac22aa30c82"}
[2017-08-09 13:49:54][info] 数据存储反馈成功！
[2017-08-09 13:49:54][info] success
[2017-08-09 13:49:54][info] 写入结束!!!
[2017-08-09 14:06:23][info] ----------------------------------------
[2017-08-09 14:06:23][info] {"discount":"0.00","payment_type":"1","trade_no":"2017080921001004360277176995","subject":"\u4e1d\u8def\u5dc5\u5cf0\u4f53\u9a8c\u4e5d\u65e5\u6e38B\u7ebf","buyer_email":"18688658363","gmt_create":"2017-08-09 14:05:24","notify_type":"trade_status_sync","quantity":"1","out_trade_no":"LX-17071415470316606-9","seller_id":"2088421286007493","notify_time":"2017-08-09 14:06:23","body":"\u9752\u6d77\u6e56-\u8336\u5361\u76d0\u6e56-\u9e23\u6c99\u5c71\u6708\u7259\u6cc9-\u83ab\u9ad8\u7a9f-\u96c5\u4e39\u9b54\u9b3c\u57ce-\u5609\u5cea\u5173-\u5f20\u6396\u4e39\u971e-\u9a6c\u8e44\u5bfa-\u5353\u5c14\u5c71\u8f7b\u5962\u52a8\u8f669\u65e5\u6e38","trade_status":"TRADE_SUCCESS","is_total_fee_adjust":"N","total_fee":"4534.00","gmt_payment":"2017-08-09 14:06:22","seller_email":"2287684289@qq.com","price":"4534.00","buyer_id":"2088522239793367","notify_id":"71e3e86e66f307f89175b8ffd7be1a1is2","use_coupon":"N","sign_type":"MD5","sign":"dc20e68781d82198e3e196ae0a745bd1"}
[2017-08-09 14:06:23][info] 数据存储反馈成功！
[2017-08-09 14:06:23][info] success
[2017-08-09 14:06:23][info] 写入结束!!!
[2017-08-09 17:06:25][info] ----------------------------------------
[2017-08-09 17:06:25][info] {"discount":"0.00","payment_type":"1","trade_no":"2017080921001004590280584193","subject":"\u7a3b\u57ce\u91d1\u79cb","buyer_email":"felvmz@gmail.com","gmt_create":"2017-08-09 17:05:47","notify_type":"trade_status_sync","quantity":"1","out_trade_no":"LX-17080916235777706-0","seller_id":"2088421286007493","notify_time":"2017-08-09 17:06:25","body":"\u7a3b\u57ce\u4e9a\u4e01-\u65b0\u90fd\u6865-\u4e39\u5df4-\u4e5d\u65e5\u6df1\u5ea6\u6e38","trade_status":"TRADE_SUCCESS","is_total_fee_adjust":"N","total_fee":"3880.00","gmt_payment":"2017-08-09 17:06:25","seller_email":"2287684289@qq.com","price":"3880.00","buyer_id":"2088002055697594","notify_id":"cfe25e2bd1153553bd64d7ce3a3d1a7kjy","use_coupon":"N","sign_type":"MD5","sign":"e83a2a8075359b718d8eb4a482b7fb1f"}
[2017-08-09 17:06:25][info] 数据存储反馈成功！
[2017-08-09 17:06:25][info] success
[2017-08-09 17:06:25][info] 写入结束!!!
[2017-08-09 18:59:01][info] ----------------------------------------
[2017-08-09 18:59:01][info] {"discount":"0.00","payment_type":"1","trade_no":"2017080921001004000504570043","subject":"\u4e1d\u8def\u5dc5\u5cf0\u4f53\u9a8c\u4e5d\u65e5\u6e38B\u7ebf","buyer_email":"591331675@qq.com","gmt_create":"2017-08-09 18:58:49","notify_type":"trade_status_sync","quantity":"1","out_trade_no":"LX-17080312221314806-2","seller_id":"2088421286007493","notify_time":"2017-08-09 18:59:01","body":"\u9752\u6d77\u6e56-\u8336\u5361\u76d0\u6e56-\u9e23\u6c99\u5c71\u6708\u7259\u6cc9-\u83ab\u9ad8\u7a9f-\u96c5\u4e39\u9b54\u9b3c\u57ce-\u5609\u5cea\u5173-\u5f20\u6396\u4e39\u971e-\u9a6c\u8e44\u5bfa-\u5353\u5c14\u5c71\u8f7b\u5962\u52a8\u8f669\u65e5\u6e38","trade_status":"TRADE_SUCCESS","is_total_fee_adjust":"N","total_fee":"1604.00","gmt_payment":"2017-08-09 18:59:01","seller_email":"2287684289@qq.com","price":"1604.00","buyer_id":"2088002406858007","notify_id":"9df190083bf26adf0e50b94d8993cabg05","use_coupon":"N","sign_type":"MD5","sign":"6db8fd5bf8ac8f61bf5a4881fb23013f"}
[2017-08-09 18:59:02][info] 数据存储反馈成功！
[2017-08-09 18:59:02][info] success
[2017-08-09 18:59:02][info] 写入结束!!!
[2017-08-09 19:02:16][info] ----------------------------------------
[2017-08-09 19:02:16][info] {"discount":"0.00","payment_type":"1","trade_no":"2017080921001004610254839672","subject":"\u8d35\u5dde\u5168\u666f\u6e38","buyer_email":"18663940866@wo.com.cn","gmt_create":"2017-08-09 19:01:41","notify_type":"trade_status_sync","quantity":"1","out_trade_no":"LX-17070518570266206-d","seller_id":"2088421286007493","notify_time":"2017-08-09 19:02:16","body":"\u897f\u6c5f\u5343\u6237\u82d7\u5be8-\u8354\u6ce2-\u9ed4\u4e1c\u5357-\u9547\u8fdc-\u9ec4\u679c\u6811-\u79d8\u5883\u8302\u5170\u6df1\u5ea6\u7eaf\u73a9\u4e5d\u65e5\u6e38","trade_status":"TRADE_SUCCESS","is_total_fee_adjust":"N","total_fee":"4950.00","gmt_payment":"2017-08-09 19:02:16","seller_email":"2287684289@qq.com","price":"4950.00","buyer_id":"2088002839695615","notify_id":"37c2b2a89811cd316f5ea2562ae9cbdkpi","use_coupon":"N","sign_type":"MD5","sign":"10e6dcbc66a7864701a390cec1a8af02"}
[2017-08-09 19:02:17][info] 数据存储反馈成功！
[2017-08-09 19:02:17][info] success
[2017-08-09 19:02:17][info] 写入结束!!!
[2017-08-09 20:12:16][info] ----------------------------------------
[2017-08-09 20:12:16][info] {"discount":"0.00","payment_type":"1","trade_no":"2017080921001004750219538683","subject":"\u65b0\u7586\u5168\u666f","buyer_email":"13512761255","gmt_create":"2017-08-09 20:12:01","notify_type":"trade_status_sync","quantity":"1","out_trade_no":"LX-17080919515418206-d","seller_id":"2088421286007493","notify_time":"2017-08-09 20:12:16","body":"\u5580\u7eb3\u65af-\u79be\u6728-\u8d5b\u91cc\u6728\u6e56-\u85b0\u8863\u8349\u519c\u573a-\u5580\u62c9\u5cfb-\u90a3\u62c9\u63d0-\u5df4\u97f3\u5e03\u9c81\u514b-\u6c5f\u5e03\u62c9\u514b-\u4e94\u5f69\u6ee9-\u5410\u9c81\u756a13\u65e5\u6e38","trade_status":"TRADE_SUCCESS","is_total_fee_adjust":"N","total_fee":"5380.00","gmt_payment":"2017-08-09 20:12:16","seller_email":"2287684289@qq.com","price":"5380.00","buyer_id":"2088112532271752","notify_id":"6415be818d07dbe67c0aad5fabe9749lse","use_coupon":"N","sign_type":"MD5","sign":"b588091e8f57e9e44355f8ebe92e2b28"}
[2017-08-09 20:12:17][info] 数据存储反馈成功！
[2017-08-09 20:12:17][info] success
[2017-08-09 20:12:17][info] 写入结束!!!
[2017-08-09 20:26:26][info] ----------------------------------------
[2017-08-09 20:26:26][info] {"discount":"0.00","payment_type":"1","trade_no":"2017080921001004410296245525","subject":"\u65b0\u7586\u5168\u666f","buyer_email":"13096912305","gmt_create":"2017-08-09 20:25:21","notify_type":"trade_status_sync","quantity":"1","out_trade_no":"LX-17080816374681706-6","seller_id":"2088421286007493","notify_time":"2017-08-09 20:26:26","body":"\u5580\u7eb3\u65af-\u79be\u6728-\u8d5b\u91cc\u6728\u6e56-\u85b0\u8863\u8349\u519c\u573a-\u5580\u62c9\u5cfb-\u90a3\u62c9\u63d0-\u5df4\u97f3\u5e03\u9c81\u514b-\u6c5f\u5e03\u62c9\u514b-\u4e94\u5f69\u6ee9-\u5410\u9c81\u756a13\u65e5\u6e38","trade_status":"TRADE_SUCCESS","is_total_fee_adjust":"N","total_fee":"2690.00","gmt_payment":"2017-08-09 20:26:25","seller_email":"2287684289@qq.com","price":"2690.00","buyer_id":"2088502803376419","notify_id":"6cc5d5cecd903a93718f0d578cf5750j5y","use_coupon":"N","sign_type":"MD5","sign":"e69c498829b097e74efbe71aadc40055"}
[2017-08-09 20:26:26][info] 数据存储反馈成功！
[2017-08-09 20:26:26][info] success
[2017-08-09 20:26:26][info] 写入结束!!!
[2017-08-09 21:14:15][info] ----------------------------------------
[2017-08-09 21:14:15][info] {"discount":"0.00","payment_type":"1","trade_no":"2017080921001004000504814519","subject":"\u4e1d\u7ef8\u4e4b\u8def\u5168\u666f\u6e389\u65e5","buyer_email":"linglingonlylove@163.com","gmt_create":"2017-08-09 21:14:04","notify_type":"trade_status_sync","quantity":"1","out_trade_no":"LX-17070723042993801-8","seller_id":"2088421286007493","notify_time":"2017-08-09 21:14:15","body":"\u72ec\u5bb6\u6c34\u4e0a\u9b54\u9b3c\u57ce-\u65e0\u4eba\u533a\u539f\u751f\u6001\u96c5\u4e39\u63a2\u79d8-\u9752\u6d77\u6e56-\u8336\u5361\u76d0\u6e56-\u83ab\u9ad8\u7a9f-\u9e23\u6c99\u5c71\u6708\u7259\u6cc9-\u5f20\u6396\u4e39\u971e-\u5353\u5c14\u5c719\u65e5\u6e38","trade_status":"TRADE_SUCCESS","is_total_fee_adjust":"N","total_fee":"4770.00","gmt_payment":"2017-08-09 21:14:15","seller_email":"2287684289@qq.com","price":"4770.00","buyer_id":"2088002104921005","notify_id":"0e908e914817bd57ac45d728961fdc4g05","use_coupon":"N","sign_type":"MD5","sign":"b13238c9b58be2921a37a4530446cca2"}
[2017-08-09 21:14:15][info] 数据存储反馈成功！
[2017-08-09 21:14:15][info] success
[2017-08-09 21:14:15][info] 写入结束!!!
[2017-08-09 21:27:10][info] ----------------------------------------
[2017-08-09 21:27:10][info] {"discount":"0.00","payment_type":"1","trade_no":"2017080921001004780247129813","subject":"\u4e1d\u8def\u5dc5\u5cf0\u4f53\u9a8c\u4e5d\u65e5\u6e38B\u7ebf","buyer_email":"18759159009","gmt_create":"2017-08-09 21:24:21","notify_type":"trade_status_sync","quantity":"1","out_trade_no":"LX-17080920511893306-e","seller_id":"2088421286007493","notify_time":"2017-08-09 21:27:10","body":"\u9752\u6d77\u6e56-\u8336\u5361\u76d0\u6e56-\u9e23\u6c99\u5c71\u6708\u7259\u6cc9-\u83ab\u9ad8\u7a9f-\u96c5\u4e39\u9b54\u9b3c\u57ce-\u5609\u5cea\u5173-\u5f20\u6396\u4e39\u971e-\u9a6c\u8e44\u5bfa-\u5353\u5c14\u5c71\u8f7b\u5962\u52a8\u8f669\u65e5\u6e38","trade_status":"TRADE_SUCCESS","is_total_fee_adjust":"N","total_fee":"7960.00","gmt_payment":"2017-08-09 21:27:09","seller_email":"2287684289@qq.com","price":"7960.00","buyer_id":"2088702011521784","notify_id":"058b711ae0248077c04ef807bc41892m0q","use_coupon":"N","sign_type":"MD5","sign":"ea1010eaefadd389d0da2209711b721c"}
[2017-08-09 21:27:10][info] 数据存储反馈成功！
[2017-08-09 21:27:10][info] success
[2017-08-09 21:27:10][info] 写入结束!!!
