[2017-09-09 08:58:54][info] ----------------------------------------
[2017-09-09 08:58:54][info] {"discount":"0.00","payment_type":"1","trade_no":"2017060821001004860293642773","subject":"\u7518\u5357\u5168\u666f","buyer_email":"13313213232","gmt_create":"2017-06-08 08:58:09","notify_type":"trade_status_sync","quantity":"1","out_trade_no":"LX-17060719242973306-8","seller_id":"2088421286007493","notify_time":"2017-09-09 08:58:54","body":"2017\u5e74\u72ec\u5bb6  \u516b\u89d2\u57ce-\u624e\u5c15\u90a3-\u82b1\u6e56-\u5e74\u5b9d\u7389\u5219-\u82e5\u5c14\u76d6\u8349\u539f-\u963f\u4e07\u4ed3\u6e7f\u5730-\u90ce\u6728\u5bfa 8\u65e5\u6e38","trade_status":"TRADE_FINISHED","is_total_fee_adjust":"N","total_fee":"6800.00","gmt_payment":"2017-06-08 08:58:23","seller_email":"2287684289@qq.com","gmt_close":"2017-09-09 08:58:54","price":"6800.00","buyer_id":"2088402745831866","notify_id":"b26b2b0220b20cca09f29d0c5d9f13cmmy","use_coupon":"N","sign_type":"MD5","sign":"e5d511e04333a4ca653e8944e061dde9"}
[2017-09-09 08:58:54][info] 数据存储反馈成功！
[2017-09-09 08:58:54][info] success
[2017-09-09 08:58:54][info] 写入结束!!!
[2017-09-09 10:43:25][info] ----------------------------------------
[2017-09-09 10:43:25][info] {"discount":"0.00","payment_type":"1","trade_no":"2017090921001004780217310867","subject":"\u989d\u6d4e\u7eb3\u6444\u5f71B\u7ebf","buyer_email":"wangpuo88@qq.com","gmt_create":"2017-09-09 10:43:04","notify_type":"trade_status_sync","quantity":"1","out_trade_no":"LX-17090910244175306-d","seller_id":"2088421286007493","notify_time":"2017-09-09 10:43:25","body":"\u989d\u6d4e\u7eb3\u80e1\u6768\u6797-\u5df4\u4e39\u5409\u6797\u8179\u5730-\u91d1\u5854\u80e1\u6768\u6797-\u602a\u6811\u6797-\u516b\u65e5","trade_status":"TRADE_SUCCESS","is_total_fee_adjust":"N","total_fee":"4980.00","gmt_payment":"2017-09-09 10:43:25","seller_email":"2287684289@qq.com","price":"4980.00","buyer_id":"2088202805446786","notify_id":"50dd5605f9fb3840f3f1b09af8c1e52m0q","use_coupon":"N","sign_type":"MD5","sign":"b8225c2c77c05480f1f455f957726f79"}
[2017-09-09 10:43:26][info] 数据存储反馈成功！
[2017-09-09 10:43:26][info] success
[2017-09-09 10:43:26][info] 写入结束!!!
[2017-09-09 10:49:54][info] ----------------------------------------
[2017-09-09 10:49:54][info] {"discount":"0.00","payment_type":"1","trade_no":"2017060821001004040267523461","subject":"\u65b0\u7586\u5168\u666f","buyer_email":"18907325198","gmt_create":"2017-06-08 10:49:14","notify_type":"trade_status_sync","quantity":"1","out_trade_no":"LX-17042719191142006-3","seller_id":"2088421286007493","notify_time":"2017-09-09 10:49:54","body":"\u6c5f\u5e03\u62c9\u514b-\u4e94\u5f69\u6ee9-\u5580\u7eb3\u65af-\u79be\u6728-\u8d5b\u91cc\u6728\u6e56-\u85b0\u8863\u8349\u519c\u573a-\u5580\u62c9\u5cfb-\u90a3\u62c9\u63d0-\u5df4\u97f3\u5e03\u9c81\u514b-\u5410\u9c81\u756a13\u65e5\u6e38","trade_status":"TRADE_FINISHED","is_total_fee_adjust":"N","total_fee":"2590.00","gmt_payment":"2017-06-08 10:49:28","seller_email":"2287684289@qq.com","gmt_close":"2017-09-09 10:49:54","price":"2590.00","buyer_id":"2088412919265041","notify_id":"d955eaa3dd2ca6e3a48c9a196da8a2fgb6","use_coupon":"N","sign_type":"MD5","sign":"d06cb76b1ef5fa8fe6fe619a5be2b8da"}
[2017-09-09 10:49:54][info] 数据存储反馈成功！
[2017-09-09 10:49:54][info] success
[2017-09-09 10:49:54][info] 写入结束!!!
[2017-09-09 10:51:55][info] ----------------------------------------
[2017-09-09 10:51:55][info] {"discount":"0.00","payment_type":"1","trade_no":"2017060821001004040267523594","subject":"\u65b0\u7586\u5168\u666f","buyer_email":"18907325198","gmt_create":"2017-06-08 10:51:19","notify_type":"trade_status_sync","quantity":"1","out_trade_no":"LX-17042613031817306-5","seller_id":"2088421286007493","notify_time":"2017-09-09 10:51:55","body":"\u6c5f\u5e03\u62c9\u514b-\u4e94\u5f69\u6ee9-\u5580\u7eb3\u65af-\u79be\u6728-\u8d5b\u91cc\u6728\u6e56-\u85b0\u8863\u8349\u519c\u573a-\u5580\u62c9\u5cfb-\u90a3\u62c9\u63d0-\u5df4\u97f3\u5e03\u9c81\u514b-\u5410\u9c81\u756a13\u65e5\u6e38","trade_status":"TRADE_FINISHED","is_total_fee_adjust":"N","total_fee":"7770.00","gmt_payment":"2017-06-08 10:51:44","seller_email":"2287684289@qq.com","gmt_close":"2017-09-09 10:51:55","price":"7770.00","buyer_id":"2088412919265041","notify_id":"1dc7c202b2350329ef99fee897d2571gb6","use_coupon":"N","sign_type":"MD5","sign":"d9408d297552f4dcc1c8c41138e67ab5"}
[2017-09-09 10:51:55][info] 数据存储反馈成功！
[2017-09-09 10:51:55][info] success
[2017-09-09 10:51:55][info] 写入结束!!!
[2017-09-09 11:43:17][info] ----------------------------------------
[2017-09-09 11:43:17][info] {"discount":"0.00","payment_type":"1","trade_no":"2017060821001004350248348213","subject":"\u65b0\u7586\u62fe\u5149\u5168\u666f\u5199\u771f\u65c5\u884c","buyer_email":"13639283190","gmt_create":"2017-06-08 11:42:30","notify_type":"trade_status_sync","quantity":"1","out_trade_no":"LX-17060811033019306-d","seller_id":"2088421286007493","notify_time":"2017-09-09 11:43:17","body":"\u4e4c\u9c81\u6728\u9f50-\u4e94\u5f69\u6ee9-\u5e03\u5c14\u6d25-\u5580\u7eb3\u65af-\u79be\u6728-\u9b54\u9b3c\u57ce-\u8d5b\u91cc\u6728\u6e56-\u89e3\u5fe7\u516c\u4e3b\u85b0\u8863\u8349\u519c\u573a-\u5580\u62c9\u5cfb-\u5df4\u97f3\u5e03\u9c81\u514b-\u535a\u65af\u817e\u6e56-\u5e93\u6728\u5854\u683c\u6c99\u6f2014\u65e5\u6e38","trade_status":"TRADE_FINISHED","is_total_fee_adjust":"N","total_fee":"5880.00","gmt_payment":"2017-06-08 11:42:46","seller_email":"2287684289@qq.com","gmt_close":"2017-09-09 11:43:17","price":"5880.00","buyer_id":"2088702290817354","notify_id":"2076f11dda1c011ef6e3eb7fe3fee7aipa","use_coupon":"N","sign_type":"MD5","sign":"d26e2681881747bd5ad1c8fc892ec5c1"}
[2017-09-09 11:43:17][info] 数据存储反馈成功！
[2017-09-09 11:43:17][info] success
[2017-09-09 11:43:17][info] 写入结束!!!
[2017-09-09 11:55:06][info] ----------------------------------------
[2017-09-09 11:55:06][info] {"discount":"0.00","payment_type":"1","trade_no":"2017090921001004960277705324","subject":"\u989d\u6d4e\u7eb3\u6700\u7f8e\u9ad8\u94c1\u56e2","buyer_email":"13377203090","gmt_create":"2017-09-09 11:54:48","notify_type":"trade_status_sync","quantity":"1","out_trade_no":"LX-1709090856416706-0","seller_id":"2088421286007493","notify_time":"2017-09-09 11:55:06","body":"2017\u989d\u6d4e\u7eb3\u65d7\u80e1\u6768\u6797\u516d\u65e5\u6e38-\u9886\u8896\u6237\u5916\u72ec\u5bb6\u9996\u521b","trade_status":"TRADE_SUCCESS","is_total_fee_adjust":"N","total_fee":"5370.00","gmt_payment":"2017-09-09 11:55:05","seller_email":"2287684289@qq.com","price":"5370.00","buyer_id":"2088122247005968","notify_id":"20868e64a95b45eb1ae54d90c5b8150neq","use_coupon":"N","sign_type":"MD5","sign":"9802ad02c1fa5b80ef2c5e776f3174be"}
[2017-09-09 11:55:06][info] 数据存储反馈成功！
[2017-09-09 11:55:06][info] success
[2017-09-09 11:55:06][info] 写入结束!!!
[2017-09-09 13:48:17][info] ----------------------------------------
[2017-09-09 13:48:17][info] {"discount":"0.00","payment_type":"1","trade_no":"2017090921001004640225132385","subject":"\u6069\u65bd\u79d8\u5883\u4f11\u95f2\u6e38","buyer_email":"987750886@qq.com","gmt_create":"2017-09-09 13:44:59","notify_type":"trade_status_sync","quantity":"1","out_trade_no":"LX-17090206382627506-4","seller_id":"2088421286007493","notify_time":"2017-09-09 13:48:17","body":"\u795e\u79d8\u5317\u7eac30\u5ea6\uff0c\u68ad\u5e03\u57ad\u77f3\u6797-\u9ebb\u67f3\u6eaa-\u795e\u79d8\u9ec4\u91d1\u6d1e-\u576a\u575d\u8425-\u201c\u4e2d\u56fd\u4ed9\u672c\u90a3\u201d\u5c4f\u5c71\u5ce1\u8c37\uff0c\u6069\u65bd\u79d8\u58836\u65e5\u4f11\u95f2\u6e38","trade_status":"TRADE_SUCCESS","is_total_fee_adjust":"N","total_fee":"5260.00","gmt_payment":"2017-09-09 13:48:17","seller_email":"2287684289@qq.com","price":"5260.00","buyer_id":"2088502600376643","notify_id":"8caa948b5a09e635dd9f0de9a0672f1kxu","use_coupon":"N","sign_type":"MD5","sign":"84c0c34ed774a58b78fc3744d2090d05"}
[2017-09-09 13:48:18][info] 数据存储反馈成功！
[2017-09-09 13:48:18][info] success
[2017-09-09 13:48:18][info] 写入结束!!!
[2017-09-09 16:30:47][info] ----------------------------------------
[2017-09-09 16:30:47][info] {"discount":"0.00","payment_type":"1","trade_no":"2017090921001004220251091747","subject":"\u8eba\u7740\u53bb\u8d4f\u79cb","buyer_email":"18101231953@163.com","gmt_create":"2017-09-09 16:30:16","notify_type":"trade_status_sync","quantity":"1","out_trade_no":"LX-17090911050563506-4","seller_id":"2088421286007493","notify_time":"2017-09-09 16:30:47","body":"2017\u5e74\u989d\u6d4e\u7eb3\u65d7\u80e1\u6768\u67976\u65e5 \u897f\u5b89\u51fa\u53d1 \u53cc\u5367\u706b\u8f66\u56e2","trade_status":"TRADE_SUCCESS","is_total_fee_adjust":"N","total_fee":"6960.00","gmt_payment":"2017-09-09 16:30:47","seller_email":"2287684289@qq.com","price":"6960.00","buyer_id":"2088522617691229","notify_id":"b3d676cd890fe64e3b663d925d31171hp6","use_coupon":"N","sign_type":"MD5","sign":"abf9798b671fa023f165ddb50bd38191"}
[2017-09-09 16:30:48][info] 数据存储反馈成功！
[2017-09-09 16:30:48][info] success
[2017-09-09 16:30:48][info] 写入结束!!!
[2017-09-09 16:47:03][info] ----------------------------------------
[2017-09-09 16:47:03][info] {"discount":"0.00","payment_type":"1","trade_no":"2017060821001004310232468249","subject":"\u884c\u6444\u7518\u5357","buyer_email":"13808874238","gmt_create":"2017-06-08 16:46:11","notify_type":"trade_status_sync","quantity":"1","out_trade_no":"LX-1706081519399201-e","seller_id":"2088421286007493","notify_time":"2017-09-09 16:47:03","body":"2017\u5e74\u5e74\u5b9d\u7389\u5219-\u624e\u5c15\u90a3-\u90ce\u6728\u5bfa-\u5510\u514b-\u62c9\u535c\u695e\u5bfa-\u82e5\u5c14\u76d6\u4e5d\u65e5\u6444\u5f71\u6e38-\u9886\u8896\u6237\u5916\u72ec\u5bb6\u7ebf\u8def","trade_status":"TRADE_FINISHED","is_total_fee_adjust":"N","total_fee":"3580.00","gmt_payment":"2017-06-08 16:46:26","seller_email":"2287684289@qq.com","gmt_close":"2017-09-09 16:47:02","price":"3580.00","buyer_id":"2088422632457315","notify_id":"8cba7bc9fbb6b1da6669b0dcf093b08ie6","use_coupon":"N","sign_type":"MD5","sign":"53dc9ab7db81bb937684e30327f061c1"}
[2017-09-09 16:47:03][info] 数据存储反馈成功！
[2017-09-09 16:47:03][info] success
[2017-09-09 16:47:03][info] 写入结束!!!
[2017-09-09 17:08:12][info] ----------------------------------------
[2017-09-09 17:08:12][info] {"discount":"0.00","payment_type":"1","trade_no":"2017090921001004230210957203","subject":"\u8d35\u5dde\u7cbe\u534e\u6e38","buyer_email":"13587158267","gmt_create":"2017-09-09 17:07:48","notify_type":"trade_status_sync","quantity":"1","out_trade_no":"LX-17090814142033701-9","seller_id":"2088421286007493","notify_time":"2017-09-09 17:08:12","body":"2017\u5e74\u9ec4\u679c\u6811-\u897f\u6c5f\u82d7\u5be8-\u5c0f\u4e03\u5b54-\u9752\u5ca9\u53e4\u9547\u6df1\u5ea6\u7eaf\u73a9\u516d\u65e5\u6e38","trade_status":"TRADE_SUCCESS","is_total_fee_adjust":"N","total_fee":"23800.00","gmt_payment":"2017-09-09 17:08:11","seller_email":"2287684289@qq.com","price":"23800.00","buyer_id":"2088202255879237","notify_id":"09692fb6ead302497b0dc4b5a5cf4a4hry","use_coupon":"N","sign_type":"MD5","sign":"f494f2c6764ddf0685af921dc9ea9e34"}
[2017-09-09 17:08:12][info] 数据存储反馈成功！
[2017-09-09 17:08:12][info] success
[2017-09-09 17:08:12][info] 写入结束!!!
[2017-09-09 18:22:11][info] ----------------------------------------
[2017-09-09 18:22:11][info] {"discount":"0.00","payment_type":"1","trade_no":"2017060821001004930290527850","subject":"\u884c\u6444\u7518\u5357","buyer_email":"1109757778@qq.com","gmt_create":"2017-06-08 18:13:31","notify_type":"trade_status_sync","quantity":"1","out_trade_no":"LX-17060619115934201-7","seller_id":"2088421286007493","notify_time":"2017-09-09 18:22:11","body":"2017\u5e74\u5e74\u5b9d\u7389\u5219-\u624e\u5c15\u90a3-\u90ce\u6728\u5bfa-\u5510\u514b-\u62c9\u535c\u695e\u5bfa-\u82e5\u5c14\u76d6\u4e5d\u65e5\u6444\u5f71\u6e38-\u9886\u8896\u6237\u5916\u72ec\u5bb6\u7ebf\u8def","trade_status":"TRADE_FINISHED","is_total_fee_adjust":"N","total_fee":"3480.00","gmt_payment":"2017-06-08 18:21:03","seller_email":"2287684289@qq.com","gmt_close":"2017-09-09 18:22:11","price":"3480.00","buyer_id":"2088702049746935","notify_id":"97c9c885969ffe63c4cac76dfafe067n6e","use_coupon":"N","sign_type":"MD5","sign":"e88b1a11bbd7f0bb361e94d412ec4c9e"}
[2017-09-09 18:22:11][info] 数据存储反馈成功！
[2017-09-09 18:22:11][info] success
[2017-09-09 18:22:11][info] 写入结束!!!
[2017-09-09 21:04:44][info] ----------------------------------------
[2017-09-09 21:04:44][info] {"discount":"0.00","payment_type":"1","trade_no":"2017090921001004900296169881","subject":"\u5317\u7586\u91d1\u79cb\u6444\u5f71","buyer_email":"18660283737","gmt_create":"2017-09-09 21:04:32","notify_type":"trade_status_sync","quantity":"1","out_trade_no":"LX-17090908422951706-6","seller_id":"2088421286007493","notify_time":"2017-09-09 21:04:44","body":"\u5580\u7eb3\u65af-\u79be\u6728-\u767d\u54c8\u5df4-\u53ef\u53ef\u6258\u6d77-\u4e94\u5f69\u6ee9-\u53ef\u53ef\u82cf\u91cc\u6e56-\u9b54\u9b3c\u57ce\u79cb\u5b63\u6444\u5f7110\u65e5","trade_status":"TRADE_SUCCESS","is_total_fee_adjust":"N","total_fee":"11460.00","gmt_payment":"2017-09-09 21:04:43","seller_email":"2287684289@qq.com","price":"11460.00","buyer_id":"2088212165622904","notify_id":"df80cf7d23ec55b452551b5fc69c1fcmy2","use_coupon":"N","sign_type":"MD5","sign":"ba040f1ce631623fa5b92fa17b861652"}
[2017-09-09 21:04:44][info] 数据存储反馈成功！
[2017-09-09 21:04:44][info] success
[2017-09-09 21:04:44][info] 写入结束!!!
[2017-09-09 22:06:49][info] ----------------------------------------
[2017-09-09 22:06:49][info] {"discount":"0.00","payment_type":"1","trade_no":"2017090921001004610220589280","subject":"\u6069\u65bd\u79d8\u5883\u4f11\u95f2\u6e38","buyer_email":"aria533@hotmail.com","gmt_create":"2017-09-09 22:06:20","notify_type":"trade_status_sync","quantity":"1","out_trade_no":"LX-17090215151217606-7","seller_id":"2088421286007493","notify_time":"2017-09-09 22:06:49","body":"\u795e\u79d8\u5317\u7eac30\u5ea6\uff0c\u68ad\u5e03\u57ad\u77f3\u6797-\u9ebb\u67f3\u6eaa-\u795e\u79d8\u9ec4\u91d1\u6d1e-\u576a\u575d\u8425-\u201c\u4e2d\u56fd\u4ed9\u672c\u90a3\u201d\u5c4f\u5c71\u5ce1\u8c37\uff0c\u6069\u65bd\u79d8\u58836\u65e5\u4f11\u95f2\u6e38","trade_status":"TRADE_SUCCESS","is_total_fee_adjust":"N","total_fee":"8040.00","gmt_payment":"2017-09-09 22:06:49","seller_email":"2287684289@qq.com","price":"8040.00","buyer_id":"2088002507656610","notify_id":"475adade36a802014487b05828080b2kpi","use_coupon":"N","sign_type":"MD5","sign":"559182b5d4fdfa4fc157858116af9977"}
[2017-09-09 22:06:49][info] 数据存储反馈成功！
[2017-09-09 22:06:49][info] success
[2017-09-09 22:06:49][info] 写入结束!!!
