[2017-07-04 10:19:45][info] ----------------------------------------
[2017-07-04 10:19:45][info] {"discount":"0.00","payment_type":"1","trade_no":"2017070421001004450284568920","subject":"\u65b0\u7586\u5168\u666f","buyer_email":"qyujlomo@sohu.com","gmt_create":"2017-07-04 10:19:38","notify_type":"trade_status_sync","quantity":"1","out_trade_no":"LX-17061211084428401-1","seller_id":"2088421286007493","notify_time":"2017-07-04 10:19:44","body":"\u6c5f\u5e03\u62c9\u514b-\u4e94\u5f69\u6ee9-\u5580\u7eb3\u65af-\u79be\u6728-\u8d5b\u91cc\u6728\u6e56-\u85b0\u8863\u8349\u519c\u573a-\u5580\u62c9\u5cfb-\u90a3\u62c9\u63d0-\u5df4\u97f3\u5e03\u9c81\u514b-\u5410\u9c81\u756a13\u65e5\u6e38","trade_status":"TRADE_SUCCESS","is_total_fee_adjust":"N","total_fee":"5380.00","gmt_payment":"2017-07-04 10:19:44","seller_email":"2287684289@qq.com","price":"5380.00","buyer_id":"2088002312866459","notify_id":"07894775271b84cbdd5aacfcb02c2c6jh2","use_coupon":"N","sign_type":"MD5","sign":"9a0ef885ae544957b6c9c05fc32bddab"}
[2017-07-04 10:19:45][info] 数据存储反馈成功！
[2017-07-04 10:19:45][info] success
[2017-07-04 10:19:45][info] 写入结束!!!
[2017-07-04 10:40:09][info] ----------------------------------------
[2017-07-04 10:40:09][info] {"discount":"0.00","payment_type":"1","trade_no":"2017070421001004400236414600","subject":"\u4e1d\u8def\u5dc5\u5cf0\u4f53\u9a8c\u5341\u65e5\u6e38","buyer_email":"15839573526","gmt_create":"2017-07-04 10:40:00","notify_type":"trade_status_sync","quantity":"1","out_trade_no":"LX-17070410233856206-9","seller_id":"2088421286007493","notify_time":"2017-07-04 10:40:09","body":"\u6c99\u5c9b-\u9752\u6d77\u6e56-\u8336\u5361\u76d0\u6e56-\u7941\u8fde-\u5f20\u6396-\u5609\u5cea\u5173-\u6566\u714c\u5341\u65e5\u6e38","trade_status":"TRADE_SUCCESS","is_total_fee_adjust":"N","total_fee":"3230.00","gmt_payment":"2017-07-04 10:40:09","seller_email":"2287684289@qq.com","price":"3230.00","buyer_id":"2088612230407401","notify_id":"cae96f64d78245974f6f95b24603c2ej36","use_coupon":"N","sign_type":"MD5","sign":"530daff51b909c035026144136d77b13"}
[2017-07-04 10:40:10][info] 数据存储反馈成功！
[2017-07-04 10:40:10][info] success
[2017-07-04 10:40:10][info] 写入结束!!!
[2017-07-04 10:51:29][info] ----------------------------------------
[2017-07-04 10:51:29][info] {"discount":"0.00","payment_type":"1","trade_no":"2017070421001004400236444098","subject":"\u4e1d\u7ef8\u4e4b\u8def\u5168\u666f\u6e389\u65e5","buyer_email":"383292836@qq.com","gmt_create":"2017-07-04 10:51:02","notify_type":"trade_status_sync","quantity":"1","out_trade_no":"LX-17070410253125906-5","seller_id":"2088421286007493","notify_time":"2017-07-04 10:51:28","body":"\u5170\u5dde-\u5854\u5c14\u5bfa-\u9752\u6d77\u6e56-\u8336\u5361\u76d0\u6e56-\u6c34\u4e0a\u9b54\u9b3c\u57ce-\u83ab\u9ad8\u7a9f-\u9e23\u6c99\u5c71\u6708\u7259\u6cc9-\u5f20\u6396\u4e39\u971e-\u5353\u5c14\u5c719\u65e5\u6e38","trade_status":"TRADE_SUCCESS","is_total_fee_adjust":"N","total_fee":"3780.00","gmt_payment":"2017-07-04 10:51:28","seller_email":"2287684289@qq.com","price":"3780.00","buyer_id":"2088602992902401","notify_id":"b7136525ff72ad6a36a1c1421335af9j36","use_coupon":"N","sign_type":"MD5","sign":"e07d93a0b99808fe0379d4967a93c081"}
[2017-07-04 10:51:29][info] 数据存储反馈成功！
[2017-07-04 10:51:29][info] success
[2017-07-04 10:51:29][info] 写入结束!!!
[2017-07-04 11:37:12][info] ----------------------------------------
[2017-07-04 11:37:12][info] {"discount":"0.00","payment_type":"1","trade_no":"2017070421001004200205190041","subject":"\u65b0\u7586\u5168\u666f","buyer_email":"15933617068","gmt_create":"2017-07-04 11:36:58","notify_type":"trade_status_sync","quantity":"1","out_trade_no":"LX-17062015481716206-3","seller_id":"2088421286007493","notify_time":"2017-07-04 11:37:12","body":"\u6c5f\u5e03\u62c9\u514b-\u4e94\u5f69\u6ee9-\u5580\u7eb3\u65af-\u79be\u6728-\u8d5b\u91cc\u6728\u6e56-\u85b0\u8863\u8349\u519c\u573a-\u5580\u62c9\u5cfb-\u90a3\u62c9\u63d0-\u5df4\u97f3\u5e03\u9c81\u514b-\u5410\u9c81\u756a13\u65e5\u6e38","trade_status":"TRADE_SUCCESS","is_total_fee_adjust":"N","total_fee":"5380.00","gmt_payment":"2017-07-04 11:37:11","seller_email":"2287684289@qq.com","price":"5380.00","buyer_id":"2088722345679203","notify_id":"615e40416fea0692fc814ad0cbc5c91hjm","use_coupon":"N","sign_type":"MD5","sign":"0b8c0946619fdb5cd568419c0f43078a"}
[2017-07-04 11:37:12][info] 数据存储反馈成功！
[2017-07-04 11:37:12][info] success
[2017-07-04 11:37:12][info] 写入结束!!!
[2017-07-04 12:14:09][info] ----------------------------------------
[2017-07-04 12:14:09][info] {"discount":"0.00","payment_type":"1","trade_no":"2017070421001004510212670012","subject":"\u65b0\u7586\u5168\u666f","buyer_email":"15298468387","gmt_create":"2017-07-04 12:13:47","notify_type":"trade_status_sync","quantity":"1","out_trade_no":"LX-17070410571215506-e","seller_id":"2088421286007493","notify_time":"2017-07-04 12:14:09","body":"\u6c5f\u5e03\u62c9\u514b-\u4e94\u5f69\u6ee9-\u5580\u7eb3\u65af-\u79be\u6728-\u8d5b\u91cc\u6728\u6e56-\u85b0\u8863\u8349\u519c\u573a-\u5580\u62c9\u5cfb-\u90a3\u62c9\u63d0-\u5df4\u97f3\u5e03\u9c81\u514b-\u5410\u9c81\u756a13\u65e5\u6e38","trade_status":"TRADE_SUCCESS","is_total_fee_adjust":"N","total_fee":"10600.00","gmt_payment":"2017-07-04 12:14:09","seller_email":"2287684289@qq.com","price":"10600.00","buyer_id":"2088902934794519","notify_id":"65005503a4bfcc1e1e9893c31441693jxq","use_coupon":"N","sign_type":"MD5","sign":"723441b4aac975ca8ff6d961d1826393"}
[2017-07-04 12:14:09][info] 数据存储反馈成功！
[2017-07-04 12:14:09][info] success
[2017-07-04 12:14:09][info] 写入结束!!!
[2017-07-04 12:46:49][info] ----------------------------------------
[2017-07-04 12:46:49][info] {"discount":"0.00","payment_type":"1","trade_no":"2017070421001004220225391086","subject":"\u4e1d\u7ef8\u4e4b\u8def\u7cbe\u534e\u4e03\u65e5\u6e38","buyer_email":"963968616@qq.com","gmt_create":"2017-07-04 12:46:33","notify_type":"trade_status_sync","quantity":"1","out_trade_no":"LX-17070411172322901-3","seller_id":"2088421286007493","notify_time":"2017-07-04 12:46:49","body":"2017\u5e74\u9752\u6d77\u6e56-\u8336\u5361\u76d0\u6e56-\u6566\u714c-\u5609\u5cea\u5173-\u5f20\u6396\u4e39\u971e\u4e03\u65e5\u6e38","trade_status":"TRADE_SUCCESS","is_total_fee_adjust":"N","total_fee":"6360.00","gmt_payment":"2017-07-04 12:46:49","seller_email":"2287684289@qq.com","price":"6360.00","buyer_id":"2088802524235225","notify_id":"819086529ae98fb5683498a75702cc0hp6","use_coupon":"N","sign_type":"MD5","sign":"e2ffa0d2b8e836f5f64da02127fcace4"}
[2017-07-04 12:46:50][info] 数据存储反馈成功！
[2017-07-04 12:46:50][info] success
[2017-07-04 12:46:50][info] 写入结束!!!
[2017-07-04 14:25:02][info] ----------------------------------------
[2017-07-04 14:25:02][info] {"discount":"0.00","payment_type":"1","trade_no":"2017070421001004080229594553","subject":"\u5580\u7eb3\u65af\u4e4b\u590f","buyer_email":"13609648098","gmt_create":"2017-07-04 14:24:52","notify_type":"trade_status_sync","quantity":"1","out_trade_no":"LX-17063012083375401-7","seller_id":"2088421286007493","notify_time":"2017-07-04 14:25:02","body":"2017\u5e747\uff5e8\u6708 \u5929\u6c60-\u5410\u9c81\u756a-\u9b54\u9b3c\u57ce-\u79be\u6728-\u5580\u7eb3\u65af-\u767d\u54c8\u5df4-\u4e94\u5f69\u6ee9\u6df1\u5ea6\u4e5d\u65e5\u6e38","trade_status":"TRADE_SUCCESS","is_total_fee_adjust":"N","total_fee":"7020.00","gmt_payment":"2017-07-04 14:25:01","seller_email":"2287684289@qq.com","price":"7020.00","buyer_id":"2088522189921085","notify_id":"b283086c1b42b811da9b936e3ab1ebegma","use_coupon":"N","sign_type":"MD5","sign":"f7587f8d95b92eed4e014fec88845b14"}
[2017-07-04 14:25:02][info] 数据存储反馈成功！
[2017-07-04 14:25:02][info] success
[2017-07-04 14:25:02][info] 写入结束!!!
[2017-07-04 15:06:12][info] ----------------------------------------
[2017-07-04 15:06:12][info] {"discount":"0.00","payment_type":"1","trade_no":"2017070421001004490289293550","subject":"\u7518\u5357\u5168\u666f","buyer_email":"15951922111@139.com","gmt_create":"2017-07-04 15:05:56","notify_type":"trade_status_sync","quantity":"1","out_trade_no":"LX-17070321090491606-d","seller_id":"2088421286007493","notify_time":"2017-07-04 15:06:12","body":"2017\u5e74\u72ec\u5bb6  \u62c9\u535c\u695e\u5bfa-\u624e\u5c15\u90a3-\u82b1\u6e56-\u5e74\u5b9d\u7389\u5219-\u82e5\u5c14\u76d6\u8349\u539f-\u963f\u4e07\u4ed3\u6e7f\u5730-\u5c15\u6d77\u6e56-\u90ce\u6728\u5bfa 8\u65e5\u6e38","trade_status":"TRADE_SUCCESS","is_total_fee_adjust":"N","total_fee":"8050.00","gmt_payment":"2017-07-04 15:06:11","seller_email":"2287684289@qq.com","price":"8050.00","buyer_id":"2088812499474497","notify_id":"0cd9f4cd080ee804ddf7a03fa9ab6f1js6","use_coupon":"N","sign_type":"MD5","sign":"362cb9db5444d75097465d541d30c54c"}
[2017-07-04 15:06:12][info] 数据存储反馈成功！
[2017-07-04 15:06:12][info] success
[2017-07-04 15:06:12][info] 写入结束!!!
[2017-07-04 17:11:23][info] ----------------------------------------
[2017-07-04 17:11:23][info] {"discount":"0.00","payment_type":"1","trade_no":"2017040421001004740251316249","subject":"\u96ea\u57df\u6843\u82b1\u6df1\u5ea6\u6e38","buyer_email":"18702308039","gmt_create":"2017-04-04 17:09:18","notify_type":"trade_status_sync","quantity":"1","out_trade_no":"LX-17032121530475806-5","seller_id":"2088421286007493","notify_time":"2017-07-04 17:11:23","body":"2017\u5e74\u6797\u829d\u6843\u82b1\u6c9f-\u6ce2\u5bc6\u560e\u6717-\u5357\u8fe6\u5df4\u74e6\u5cf0-\u7136\u4e4c\u6e56-\u7c73\u5806\u51b0\u5ddd\u516b\u65e5\u6e38","trade_status":"TRADE_FINISHED","is_total_fee_adjust":"N","total_fee":"1790.00","gmt_payment":"2017-04-04 17:10:00","seller_email":"2287684289@qq.com","gmt_close":"2017-07-04 17:11:23","price":"1790.00","buyer_id":"2088702770200746","notify_id":"6030e09e2cea668df6c4309cb482021lpm","use_coupon":"N","sign_type":"MD5","sign":"f83e17985f66256ae706271f8eb0a760"}
[2017-07-04 17:11:23][info] 数据存储反馈成功！
[2017-07-04 17:11:23][info] success
[2017-07-04 17:11:23][info] 写入结束!!!
[2017-07-04 17:15:07][info] ----------------------------------------
[2017-07-04 17:15:07][info] {"discount":"0.00","payment_type":"1","trade_no":"2017070421001004540233071244","subject":"\u4e1d\u7ef8\u4e4b\u8def\u7cbe\u534e\u4e03\u65e5\u6e38","buyer_email":"wj.6369@yahoo.com.cn","gmt_create":"2017-07-04 17:10:43","notify_type":"trade_status_sync","quantity":"1","out_trade_no":"LX-17062516463962606-0","seller_id":"2088421286007493","notify_time":"2017-07-04 17:15:07","body":"2017\u5e74\u9752\u6d77\u6e56-\u8336\u5361\u76d0\u6e56-\u6566\u714c-\u5609\u5cea\u5173-\u5f20\u6396\u4e39\u971e\u4e03\u65e5\u6e38","trade_status":"TRADE_SUCCESS","is_total_fee_adjust":"N","total_fee":"3180.00","gmt_payment":"2017-07-04 17:15:07","seller_email":"2287684289@qq.com","price":"3180.00","buyer_id":"2088102238326544","notify_id":"1335501f659de6c1c578a85f3402d43k62","use_coupon":"N","sign_type":"MD5","sign":"27472c5cc9472630914821b1861c114d"}
[2017-07-04 17:15:07][info] 数据存储反馈成功！
[2017-07-04 17:15:07][info] success
[2017-07-04 17:15:07][info] 写入结束!!!
