[2017-02-21 21:13:59][info] ----------------------------------------
[2017-02-21 21:13:59][info] [{out_trade_no=>123213}{trade_no=>kdpoqwkdpqwkd}{total_fee=>0.01}{notify_time=>1486475700}]
[2017-02-21 21:13:59][info] 数据存储成功!!!
[2017-02-21 21:13:59][error] [,file:/lxdata/wwwroot/test.quxingshe.com/inf/alipay.php,line:53,function:ERROR]数据存储失败!!!
[2017-02-21 21:16:56][info] ----------------------------------------
[2017-02-21 21:16:56][info] [{out_trade_no=>123213}{trade_no=>kdpoqwkdpqwkd}{total_fee=>0.01}{notify_time=>1486475700}]
[2017-02-21 21:16:56][info] 数据存储成功!!!
[2017-02-21 21:16:56][error] [,file:/lxdata/wwwroot/test.quxingshe.com/inf/alipay.php,line:53,function:ERROR]数据存储失败!!!
[2017-02-21 21:19:13][info] ----------------------------------------
[2017-02-21 21:19:13][info] {"out_trade_no":"123213","trade_no":"kdpoqwkdpqwkd","total_fee":"0.01","notify_time":"1486475700"}
[2017-02-21 21:19:13][info] 数据存储成功!!!
[2017-02-21 21:19:13][error] [,file:/lxdata/wwwroot/test.quxingshe.com/inf/alipay.php,line:29,function:ERROR]数据存储失败!!!
[2017-02-21 21:21:14][info] ----------------------------------------
[2017-02-21 21:21:14][info] {"out_trade_no":"123213","trade_no":"kdpoqwkdpqwkd","total_fee":"0.01","notify_time":"1486475700"}
[2017-02-21 21:21:25][info] ----------------------------------------
[2017-02-21 21:21:25][info] {"out_trade_no":"123213","trade_no":"kdpoqwkdpqwkd","total_fee":"0.01","notify_time":"1486475700"}
[2017-02-21 21:27:40][info] ----------------------------------------
[2017-02-21 21:27:40][info] {"out_trade_no":"123213","trade_no":"kdpoqwkdpqwkd","total_fee":"0.01","notify_time":"1486475700"}
[2017-02-21 21:29:53][info] ----------------------------------------
[2017-02-21 21:29:53][info] {"out_trade_no":"123213","trade_no":"kdpoqwkdpqwkd","total_fee":"0.01","notify_time":"1486475700"}
[2017-02-21 21:29:53][info] 写入结束!!!
[2017-02-21 21:30:43][info] ----------------------------------------
[2017-02-21 21:30:43][info] {"out_trade_no":"123213","trade_no":"kdpoqwkdpqwkd","total_fee":"0.01","notify_time":"1486475700"}
[2017-02-21 21:30:43][info] 写入结束!!!
[2017-02-21 21:32:36][info] ----------------------------------------
[2017-02-21 21:32:36][info] {"out_trade_no":"123213","trade_no":"kdpoqwkdpqwkd","total_fee":"0.01","notify_time":"1486475700"}
[2017-02-21 21:32:36][info] 写入结束!!!
[2017-02-21 21:46:48][info] ----------------------------------------
[2017-02-21 21:46:48][info] {"out_trade_no":"123213","trade_no":"kdpoqwkdpqwkd","total_fee":"0.01","notify_time":"1486475700"}
[2017-02-21 21:46:48][info] 写入结束!!!
[2017-02-21 21:48:00][info] ----------------------------------------
[2017-02-21 21:48:00][info] {"out_trade_no":"123213","trade_no":"kdpoqwkdpqwkd","total_fee":"0.01","notify_time":"1486475700"}
[2017-02-21 21:48:00][info] 写入结束!!!
