[2017-09-14 09:15:35][info] ----------------------------------------
[2017-09-14 09:15:35][info] {"discount":"0.00","payment_type":"1","trade_no":"2017091421001004300258278759","subject":"\u5317\u7586\u91d1\u79cb\u7ecf\u5178\u73af\u7ebf","buyer_email":"13991129619","gmt_create":"2017-09-14 09:15:25","notify_type":"trade_status_sync","quantity":"1","out_trade_no":"LX-17081809370389806-0","seller_id":"2088421286007493","notify_time":"2017-09-14 09:15:34","body":"\u5580\u7eb3\u65af-\u767d\u54c8\u5df4-\u79be\u6728-\u4e94\u5f69\u6ee9-\u9b54\u9b3c\u57ce-\u53ef\u53ef\u6258\u6d77 9\u65e5\u6df1\u5ea6\u6e38","trade_status":"TRADE_SUCCESS","is_total_fee_adjust":"N","total_fee":"7320.00","gmt_payment":"2017-09-14 09:15:34","seller_email":"2287684289@qq.com","price":"7320.00","buyer_id":"2088112024007302","notify_id":"face448973237ff42315cb0e30c2b08ibe","use_coupon":"N","sign_type":"MD5","sign":"78dfbe3305eea590a1f5de9d2bff29d0"}
[2017-09-14 09:15:35][info] 数据存储反馈成功！
[2017-09-14 09:15:35][info] success
[2017-09-14 09:15:35][info] 写入结束!!!
[2017-09-14 10:34:44][info] ----------------------------------------
[2017-09-14 10:34:44][info] {"discount":"0.00","payment_type":"1","trade_no":"2017091421001004260254324502","subject":"\u989d\u6d4e\u7eb3\u6700\u7f8e\u9ad8\u94c1\u56e2","buyer_email":"13957152583","gmt_create":"2017-09-14 10:32:03","notify_type":"trade_status_sync","quantity":"1","out_trade_no":"LX-17091409320789806-4","seller_id":"2088421286007493","notify_time":"2017-09-14 10:34:44","body":"2017\u989d\u6d4e\u7eb3\u65d7\u80e1\u6768\u6797\u516d\u65e5\u6e38-\u9886\u8896\u6237\u5916\u72ec\u5bb6\u9996\u521b","trade_status":"TRADE_SUCCESS","is_total_fee_adjust":"N","total_fee":"7160.00","gmt_payment":"2017-09-14 10:34:43","seller_email":"2287684289@qq.com","price":"7160.00","buyer_id":"2088802126340264","notify_id":"c916f71b0b7a964ee996c736a9e29b6i0a","use_coupon":"N","sign_type":"MD5","sign":"2d7ccb61632534711ce602e4b36f88e0"}
[2017-09-14 10:34:44][info] 数据存储反馈成功！
[2017-09-14 10:34:44][info] success
[2017-09-14 10:34:44][info] 写入结束!!!
[2017-09-14 10:46:53][info] ----------------------------------------
[2017-09-14 10:46:53][info] {"discount":"0.00","payment_type":"1","trade_no":"2017091421001004970267463045","subject":"\u9955\u992e\u8d4f\u79cb","buyer_email":"15000603501","gmt_create":"2017-09-14 10:46:15","notify_type":"trade_status_sync","quantity":"1","out_trade_no":"LX-17091409315960406-1","seller_id":"2088421286007493","notify_time":"2017-09-14 10:46:52","body":"\u9752\u6d77\u6e56-\u8336\u5361\u76d0\u6e56-\u83ab\u9ad8\u7a9f-\u9e23\u6c99\u5c71-\u6708\u7259\u6cc9-\u5609\u5cea\u5173-\u989d\u6d4e\u7eb3\u80e1\u6768\u6797-\u5353\u5c14\u5c7110\u65e5\u5927\u73af\u7ebf","trade_status":"TRADE_SUCCESS","is_total_fee_adjust":"N","total_fee":"5576.00","gmt_payment":"2017-09-14 10:46:52","seller_email":"2287684289@qq.com","price":"5576.00","buyer_id":"2088602326049972","notify_id":"05ea82f78ffad34a348c4ce9dfabe9fnhi","use_coupon":"N","sign_type":"MD5","sign":"cf5e90af498978c4f70fed7bc3f51283"}
[2017-09-14 10:46:53][info] 数据存储反馈成功！
[2017-09-14 10:46:53][info] success
[2017-09-14 10:46:53][info] 写入结束!!!
[2017-09-14 10:59:18][info] ----------------------------------------
[2017-09-14 10:59:18][info] {"discount":"0.00","payment_type":"1","trade_no":"2017091421001004660249016328","subject":"\u5317\u7586\u91d1\u79cb\u7ecf\u5178\u73af\u7ebf","buyer_email":"lq123123@hotmail.com","gmt_create":"2017-09-14 10:59:04","notify_type":"trade_status_sync","quantity":"1","out_trade_no":"LX-17091319593237106-8","seller_id":"2088421286007493","notify_time":"2017-09-14 10:59:18","body":"\u5580\u7eb3\u65af-\u767d\u54c8\u5df4-\u79be\u6728-\u4e94\u5f69\u6ee9-\u9b54\u9b3c\u57ce-\u53ef\u53ef\u6258\u6d77 9\u65e5\u6df1\u5ea6\u6e38","trade_status":"TRADE_SUCCESS","is_total_fee_adjust":"N","total_fee":"10060.00","gmt_payment":"2017-09-14 10:59:18","seller_email":"2287684289@qq.com","price":"10060.00","buyer_id":"2088102020637661","notify_id":"9d6c976080f82c37240f38144a1a48bl3e","use_coupon":"N","sign_type":"MD5","sign":"0b0e1cfd92023ebd6ff46380dd713309"}
[2017-09-14 10:59:18][info] 数据存储反馈成功！
[2017-09-14 10:59:18][info] success
[2017-09-14 10:59:18][info] 写入结束!!!
[2017-09-14 11:10:58][info] ----------------------------------------
[2017-09-14 11:10:58][info] {"discount":"0.00","payment_type":"1","trade_no":"2017091421001004190201811222","subject":"\u65b0\u7586\u91d1\u79cb\u5927\u73af\u7ebf","buyer_email":"nwwwws@126.com","gmt_create":"2017-09-14 11:10:37","notify_type":"trade_status_sync","quantity":"1","out_trade_no":"LX-17082009331230906-0","seller_id":"2088421286007493","notify_time":"2017-09-14 11:10:58","body":"\u5580\u7eb3\u65af-\u79be\u6728-\u767d\u54c8\u5df4-\u8d5b\u91cc\u6728\u6e56-\u5df4\u97f3\u5e03\u9c81\u514b-\u5410\u9c81\u756a-\u5854\u91cc\u6728\u6cb3\u80e1\u6768\u679712\u65e5\u6df1\u5ea6\u6e38","trade_status":"TRADE_SUCCESS","is_total_fee_adjust":"N","total_fee":"2890.00","gmt_payment":"2017-09-14 11:10:58","seller_email":"2287684289@qq.com","price":"2890.00","buyer_id":"2088002107735195","notify_id":"41467e2f8dee6f13766373e97bb03abhgu","use_coupon":"N","sign_type":"MD5","sign":"47b6b9cdd8088ea46c5239ae42e228f1"}
[2017-09-14 11:10:58][info] 数据存储反馈成功！
[2017-09-14 11:10:58][info] success
[2017-09-14 11:10:58][info] 写入结束!!!
[2017-09-14 11:15:10][info] ----------------------------------------
[2017-09-14 11:15:10][info] {"discount":"0.00","payment_type":"1","trade_no":"2017091421001004070296944041","subject":"\u989d\u6d4e\u7eb3\u5168\u666f","buyer_email":"doorbelll@163.com","gmt_create":"2017-09-14 11:14:57","notify_type":"trade_status_sync","quantity":"1","out_trade_no":"LX-1709141056378601-0","seller_id":"2088421286007493","notify_time":"2017-09-14 11:15:10","body":"\u989d\u6d4e\u7eb3\u80e1\u6768\u6797-\u6566\u714c\u5168\u666f-\u5df4\u4e39\u5409\u6797-\u5f20\u6396\u4e39\u971e-\u5609\u5cea\u5173-\u91d1\u5854\u80e1\u6768\u6797-\u52a8\u8f668\u65e5","trade_status":"TRADE_SUCCESS","is_total_fee_adjust":"N","total_fee":"4100.00","gmt_payment":"2017-09-14 11:15:10","seller_email":"2287684289@qq.com","price":"4100.00","buyer_id":"2088002090405075","notify_id":"fe9ccdf548cb87d68e4f1f4a2a9d1d9gji","use_coupon":"N","sign_type":"MD5","sign":"b71fbca78fc4b5f769a79d9ec30e0011"}
[2017-09-14 11:15:11][info] 数据存储反馈成功！
[2017-09-14 11:15:11][info] success
[2017-09-14 11:15:11][info] 写入结束!!!
[2017-09-14 11:41:58][info] ----------------------------------------
[2017-09-14 11:41:58][info] {"discount":"0.00","payment_type":"1","trade_no":"2017091421001004330213300603","subject":"\u5317\u7586\u91d1\u79cb\u7ecf\u5178\u73af\u7ebf","buyer_email":"532496166@qq.com","gmt_create":"2017-09-14 11:41:49","notify_type":"trade_status_sync","quantity":"1","out_trade_no":"LX-17081316305763506-b","seller_id":"2088421286007493","notify_time":"2017-09-14 11:41:58","body":"\u5580\u7eb3\u65af-\u767d\u54c8\u5df4-\u79be\u6728-\u4e94\u5f69\u6ee9-\u9b54\u9b3c\u57ce-\u53ef\u53ef\u6258\u6d77 9\u65e5\u6df1\u5ea6\u6e38","trade_status":"TRADE_SUCCESS","is_total_fee_adjust":"N","total_fee":"4480.00","gmt_payment":"2017-09-14 11:41:57","seller_email":"2287684289@qq.com","price":"4480.00","buyer_id":"2088402139190337","notify_id":"3f8b71c670fc3630100aadf40cd4cfaijq","use_coupon":"N","sign_type":"MD5","sign":"a6a8800cfb7b6bf33405b8afb1b02224"}
[2017-09-14 11:41:58][info] 数据存储反馈成功！
[2017-09-14 11:41:58][info] success
[2017-09-14 11:41:58][info] 写入结束!!!
[2017-09-14 12:57:44][info] ----------------------------------------
[2017-09-14 12:57:44][info] {"discount":"0.00","payment_type":"1","trade_no":"2017091421001004530267498606","subject":"\u575d\u4e0a\u79cb\u6444","buyer_email":"13536995553","gmt_create":"2017-09-14 12:57:30","notify_type":"trade_status_sync","quantity":"1","out_trade_no":"LX-17091310565824106-e","seller_id":"2088421286007493","notify_time":"2017-09-14 12:57:44","body":"9-10\u6708\u91d1\u79cb\uff0c\u5317\u6c9f\u3001\u6768\u6811\u80cc\u3001\u4e94\u5f69\u5c71\u3001\u86e4\u87c6\u575d\u3001\u91ce\u9e2d\u6e56\u3001\u516c\u4e3b\u6e56\u7b49\u575d\u4e0a\u8349\u539f\u79cb\u8272\u4e00\u7f51\u6253\u5c3d 6\u65e5\u6444\u5f71\u521b\u4f5c\u56e2\uff08\u575d\u4e0a\u62cd\u64444\u5929\uff09","trade_status":"TRADE_SUCCESS","is_total_fee_adjust":"N","total_fee":"2680.00","gmt_payment":"2017-09-14 12:57:43","seller_email":"2287684289@qq.com","price":"2680.00","buyer_id":"2088702497708534","notify_id":"6480ba702a01564d2dab190d352f453k3a","use_coupon":"N","sign_type":"MD5","sign":"f76ef4fb4a1039af53e18b564d799d93"}
[2017-09-14 12:57:44][info] 数据存储反馈成功！
[2017-09-14 12:57:44][info] success
[2017-09-14 12:57:44][info] 写入结束!!!
[2017-09-14 13:16:51][info] ----------------------------------------
[2017-09-14 13:16:51][info] {"discount":"0.00","payment_type":"1","trade_no":"2017061321001004400296888141","subject":"\u65b0\u7586\u5168\u666f","buyer_email":"cnnntb@126.com","gmt_create":"2017-06-13 13:16:04","notify_type":"trade_status_sync","quantity":"1","out_trade_no":"LX-1706131254596206-e","seller_id":"2088421286007493","notify_time":"2017-09-14 13:16:51","body":"\u6c5f\u5e03\u62c9\u514b-\u4e94\u5f69\u6ee9-\u5580\u7eb3\u65af-\u79be\u6728-\u8d5b\u91cc\u6728\u6e56-\u85b0\u8863\u8349\u519c\u573a-\u5580\u62c9\u5cfb-\u90a3\u62c9\u63d0-\u5df4\u97f3\u5e03\u9c81\u514b-\u5410\u9c81\u756a13\u65e5\u6e38","trade_status":"TRADE_FINISHED","is_total_fee_adjust":"N","total_fee":"4030.00","gmt_payment":"2017-06-13 13:16:22","seller_email":"2287684289@qq.com","gmt_close":"2017-09-14 13:16:50","price":"4030.00","buyer_id":"2088102414568405","notify_id":"3a1b840c7fca8d32aed40535fb9f93cj36","use_coupon":"N","sign_type":"MD5","sign":"f8058b1ea17bd75dfbca0e34428ad9b6"}
[2017-09-14 13:16:51][info] 数据存储反馈成功！
[2017-09-14 13:16:51][info] success
[2017-09-14 13:16:51][info] 写入结束!!!
[2017-09-14 13:33:16][info] ----------------------------------------
[2017-09-14 13:33:16][info] {"discount":"0.00","payment_type":"1","trade_no":"2017091421001004460244851728","subject":"\u989d\u6d4e\u7eb3\u6700\u7f8e\u9ad8\u94c1\u56e2","buyer_email":"wangqi4310@163.com","gmt_create":"2017-09-14 13:32:13","notify_type":"trade_status_sync","quantity":"1","out_trade_no":"LX-17091412414953601-5","seller_id":"2088421286007493","notify_time":"2017-09-14 13:33:16","body":"2017\u989d\u6d4e\u7eb3\u65d7\u80e1\u6768\u6797\u516d\u65e5\u6e38-\u9886\u8896\u6237\u5916\u72ec\u5bb6\u9996\u521b","trade_status":"TRADE_SUCCESS","is_total_fee_adjust":"N","total_fee":"5800.00","gmt_payment":"2017-09-14 13:33:15","seller_email":"2287684289@qq.com","price":"5800.00","buyer_id":"2088012896621461","notify_id":"3d85cb3658ecb867555585cdd08e380jju","use_coupon":"N","sign_type":"MD5","sign":"f9278f4bc8f97c2ff43cfd0a0e1943b5"}
[2017-09-14 13:33:16][info] 数据存储反馈成功！
[2017-09-14 13:33:16][info] success
[2017-09-14 13:33:16][info] 写入结束!!!
[2017-09-14 13:54:01][info] ----------------------------------------
[2017-09-14 13:54:01][info] {"discount":"0.00","payment_type":"1","trade_no":"2017061321001004930322557070","subject":"\u4e1d\u7ef8\u4e4b\u8def\u7ecf\u5178\u4e5d\u65e5","buyer_email":"zjp625557@163.com","gmt_create":"2017-06-13 13:52:59","notify_type":"trade_status_sync","quantity":"1","out_trade_no":"LX-17061313440046801-7","seller_id":"2088421286007493","notify_time":"2017-09-14 13:54:00","body":"\u6c99\u5c9b-\u9752\u6d77\u6e56-\u8336\u5361\u76d0\u6e56-\u5353\u5c14\u5c71-\u5f20\u6396\u4e39\u971e-\u5609\u5cea\u5173-\u6566\u714c9\u65e5\u6e38","trade_status":"TRADE_FINISHED","is_total_fee_adjust":"N","total_fee":"7960.00","gmt_payment":"2017-06-13 13:53:48","seller_email":"2287684289@qq.com","gmt_close":"2017-09-14 13:54:00","price":"7960.00","buyer_id":"2088002667042931","notify_id":"f66aff60243d9219632d274bcc5a9can6f","use_coupon":"N","sign_type":"MD5","sign":"d2ad2f868f715d7dc79990b7e2f253ca"}
[2017-09-14 13:54:01][info] 数据存储反馈成功！
[2017-09-14 13:54:01][info] success
[2017-09-14 13:54:01][info] 写入结束!!!
[2017-09-14 13:55:53][info] ----------------------------------------
[2017-09-14 13:55:53][info] {"discount":"0.00","payment_type":"1","trade_no":"2017091421001004880290368801","subject":"\u989d\u6d4e\u7eb3\u4f11\u95f2\u6e38","buyer_email":"13826331562","gmt_create":"2017-09-14 13:55:41","notify_type":"trade_status_sync","quantity":"1","out_trade_no":"LX-1709141342558506-2","seller_id":"2088421286007493","notify_time":"2017-09-14 13:55:52","body":"\u989d\u6d4e\u7eb3\u65d7\u80e1\u6768\u6797-\u5609\u5cea\u5173-\u9ed1\u6c34\u57ce-\u602a\u6811\u6797-\u5df4\u4e39\u5409\u6797\u6c99\u6f20-\u5f20\u6396\u4e39\u971e","trade_status":"TRADE_SUCCESS","is_total_fee_adjust":"N","total_fee":"4760.00","gmt_payment":"2017-09-14 13:55:52","seller_email":"2287684289@qq.com","price":"4760.00","buyer_id":"2088202859053880","notify_id":"b82b23b8556602f1fbe846a1d1e7675msi","use_coupon":"N","sign_type":"MD5","sign":"a2cdf66359ed99a4723f92666b433a1a"}
[2017-09-14 13:55:53][info] 数据存储反馈成功！
[2017-09-14 13:55:53][info] success
[2017-09-14 13:55:53][info] 写入结束!!!
[2017-09-14 14:13:23][info] ----------------------------------------
[2017-09-14 14:13:23][info] {"discount":"0.00","payment_type":"1","trade_no":"2017091421001004480237605935","subject":"\u989d\u6d4e\u7eb3\u5168\u666f","buyer_email":"13987112391","gmt_create":"2017-09-14 14:12:56","notify_type":"trade_status_sync","quantity":"1","out_trade_no":"LX-17091414015449601-a","seller_id":"2088421286007493","notify_time":"2017-09-14 14:13:23","body":"\u989d\u6d4e\u7eb3\u80e1\u6768\u6797-\u6566\u714c\u5168\u666f-\u5df4\u4e39\u5409\u6797-\u5f20\u6396\u4e39\u971e-\u5609\u5cea\u5173-\u91d1\u5854\u80e1\u6768\u6797-\u52a8\u8f668\u65e5","trade_status":"TRADE_SUCCESS","is_total_fee_adjust":"N","total_fee":"8360.00","gmt_payment":"2017-09-14 14:13:23","seller_email":"2287684289@qq.com","price":"8360.00","buyer_id":"2088102164130482","notify_id":"5f029bc58e5c53a5abfa70919af9ac0jpe","use_coupon":"N","sign_type":"MD5","sign":"95afb541c2591d06514c4bad4e5a126f"}
[2017-09-14 14:13:24][info] 数据存储反馈成功！
[2017-09-14 14:13:24][info] success
[2017-09-14 14:13:24][info] 写入结束!!!
[2017-09-14 14:57:04][info] ----------------------------------------
[2017-09-14 14:57:04][info] {"discount":"0.00","payment_type":"1","trade_no":"2017061321001004760267710312","subject":"\u4e1d\u7ef8\u4e4b\u8def\u5dc5\u5cf0\u4f53\u9a8c\u4e5d\u65e5\u6e38","buyer_email":"wangyingfenggu@163.com","gmt_create":"2017-06-13 14:55:56","notify_type":"trade_status_sync","quantity":"1","out_trade_no":"LX-17061314322494401-d","seller_id":"2088421286007493","notify_time":"2017-09-14 14:57:04","body":"\u6c99\u5c9b-\u9752\u6d77\u6e56-\u8336\u5361\u76d0\u6e56-\u7941\u8fde-\u5f20\u6396-\u5609\u5cea\u5173-\u6566\u714c\u4e5d\u65e5\u6e38","trade_status":"TRADE_FINISHED","is_total_fee_adjust":"N","total_fee":"16030.00","gmt_payment":"2017-06-13 14:56:44","seller_email":"2287684289@qq.com","gmt_close":"2017-09-14 14:57:04","price":"16030.00","buyer_id":"2088002493324760","notify_id":"8cccb940add584a4ad149ac7d17afa3lv6","use_coupon":"N","sign_type":"MD5","sign":"d27cfc4c493676fbe201b2a70cb1d94b"}
[2017-09-14 14:57:04][info] 数据存储反馈成功！
[2017-09-14 14:57:04][info] success
[2017-09-14 14:57:04][info] 写入结束!!!
[2017-09-14 19:20:17][info] ----------------------------------------
[2017-09-14 19:20:17][info] {"discount":"0.00","payment_type":"1","trade_no":"2017091421001004040246836746","subject":"\u989d\u6d4e\u7eb3\u5168\u666f","buyer_email":"13006505639","gmt_create":"2017-09-14 19:19:41","notify_type":"trade_status_sync","quantity":"1","out_trade_no":"LX-17091415404117406-5","seller_id":"2088421286007493","notify_time":"2017-09-14 19:20:17","body":"\u989d\u6d4e\u7eb3\u80e1\u6768\u6797-\u6566\u714c\u5168\u666f-\u5df4\u4e39\u5409\u6797-\u5f20\u6396\u4e39\u971e-\u5609\u5cea\u5173-\u91d1\u5854\u80e1\u6768\u6797-\u52a8\u8f668\u65e5","trade_status":"TRADE_SUCCESS","is_total_fee_adjust":"N","total_fee":"4480.00","gmt_payment":"2017-09-14 19:20:16","seller_email":"2287684289@qq.com","price":"4480.00","buyer_id":"2088802348079043","notify_id":"2f9bbb15a18de7634811d7cadf8cd48gb6","use_coupon":"N","sign_type":"MD5","sign":"06b1e41a3418356a6ee47aadc7c2479a"}
[2017-09-14 19:20:18][info] 数据存储反馈成功！
[2017-09-14 19:20:18][info] success
[2017-09-14 19:20:18][info] 写入结束!!!
[2017-09-14 20:04:55][info] ----------------------------------------
[2017-09-14 20:04:55][info] {"discount":"0.00","payment_type":"1","trade_no":"2017091421001004850276688449","subject":"\u989d\u6d4e\u7eb3\u6700\u7f8e\u9ad8\u94c1\u56e2","buyer_email":"zhuxiuqin1@163.com","gmt_create":"2017-09-14 20:01:09","notify_type":"trade_status_sync","quantity":"1","out_trade_no":"LX-17091416413720806-1","seller_id":"2088421286007493","notify_time":"2017-09-14 20:04:55","body":"2017\u989d\u6d4e\u7eb3\u65d7\u80e1\u6768\u6797\u516d\u65e5\u6e38-\u9886\u8896\u6237\u5916\u72ec\u5bb6\u9996\u521b","trade_status":"TRADE_SUCCESS","is_total_fee_adjust":"N","total_fee":"3080.00","gmt_payment":"2017-09-14 20:04:54","seller_email":"2287684289@qq.com","price":"3080.00","buyer_id":"2088002633271855","notify_id":"f897ad09e5e1d67997833b180390a97mk6","use_coupon":"N","sign_type":"MD5","sign":"111cdde5db6623199c4f1e8e838a811d"}
[2017-09-14 20:04:55][info] 数据存储反馈成功！
[2017-09-14 20:04:55][info] success
[2017-09-14 20:04:55][info] 写入结束!!!
[2017-09-14 20:15:14][info] ----------------------------------------
[2017-09-14 20:15:14][info] {"discount":"0.00","payment_type":"1","trade_no":"2017091421001004570280772894","subject":"\u7a3b\u57ce\u91d1\u79cb","buyer_email":"6129962@qq.com","gmt_create":"2017-09-14 20:14:56","notify_type":"trade_status_sync","quantity":"1","out_trade_no":"LX-17091420024571801-7","seller_id":"2088421286007493","notify_time":"2017-09-14 20:15:14","body":"\u7a3b\u57ce\u4e9a\u4e01-\u65b0\u90fd\u6865-\u4e39\u5df4-\u4e5d\u65e5\u6df1\u5ea6\u6e38","trade_status":"TRADE_SUCCESS","is_total_fee_adjust":"N","total_fee":"3880.00","gmt_payment":"2017-09-14 20:15:13","seller_email":"2287684289@qq.com","price":"3880.00","buyer_id":"2088102604281570","notify_id":"58bdc382252fe658ae22432641330fakee","use_coupon":"N","sign_type":"MD5","sign":"4f4913609ee7a54c0619afa3e5131307"}
[2017-09-14 20:15:14][info] 数据存储反馈成功！
[2017-09-14 20:15:14][info] success
[2017-09-14 20:15:14][info] 写入结束!!!
[2017-09-14 20:54:55][info] ----------------------------------------
[2017-09-14 20:54:55][info] {"discount":"0.00","payment_type":"1","trade_no":"2017061321001004040277507419","subject":"\u7518\u5357\u5168\u666f","buyer_email":"15982809796","gmt_create":"2017-06-13 20:53:27","notify_type":"trade_status_sync","quantity":"1","out_trade_no":"LX-17061320435958606-d","seller_id":"2088421286007493","notify_time":"2017-09-14 20:54:55","body":"2017\u5e74\u72ec\u5bb6  \u516b\u89d2\u57ce-\u624e\u5c15\u90a3-\u82b1\u6e56-\u5e74\u5b9d\u7389\u5219-\u82e5\u5c14\u76d6\u8349\u539f-\u963f\u4e07\u4ed3\u6e7f\u5730-\u90ce\u6728\u5bfa 8\u65e5\u6e38","trade_status":"TRADE_FINISHED","is_total_fee_adjust":"N","total_fee":"9600.00","gmt_payment":"2017-06-13 20:53:59","seller_email":"2287684289@qq.com","gmt_close":"2017-09-14 20:54:55","price":"9600.00","buyer_id":"2088702619379040","notify_id":"a63593920e1ddcd7542cd10cab7e091gb6","use_coupon":"N","sign_type":"MD5","sign":"bfe537ed1685e8ad4371509331e2e16e"}
[2017-09-14 20:54:55][info] 数据存储反馈成功！
[2017-09-14 20:54:55][info] success
[2017-09-14 20:54:55][info] 写入结束!!!
[2017-09-14 22:20:43][info] ----------------------------------------
[2017-09-14 22:20:43][info] {"discount":"0.00","payment_type":"1","trade_no":"2017091421001004470264218909","subject":"\u5317\u7586\u91d1\u79cb\u7ecf\u5178\u73af\u7ebf","buyer_email":"yuanding@datangmobile.cn","gmt_create":"2017-09-14 22:20:32","notify_type":"trade_status_sync","quantity":"1","out_trade_no":"LX-1709132243278806-9","seller_id":"2088421286007493","notify_time":"2017-09-14 22:20:42","body":"\u5580\u7eb3\u65af-\u767d\u54c8\u5df4-\u79be\u6728-\u4e94\u5f69\u6ee9-\u9b54\u9b3c\u57ce-\u53ef\u53ef\u6258\u6d77 9\u65e5\u6df1\u5ea6\u6e38","trade_status":"TRADE_SUCCESS","is_total_fee_adjust":"N","total_fee":"5030.00","gmt_payment":"2017-09-14 22:20:42","seller_email":"2287684289@qq.com","price":"5030.00","buyer_id":"2088002610654473","notify_id":"09d9d1ec78cd11d737f64274010c2c6jmm","use_coupon":"N","sign_type":"MD5","sign":"74c6ef7c770797682af07afca1781434"}
[2017-09-14 22:20:43][info] 数据存储反馈成功！
[2017-09-14 22:20:43][info] success
[2017-09-14 22:20:43][info] 写入结束!!!
[2017-09-14 22:31:56][info] ----------------------------------------
[2017-09-14 22:31:56][info] {"discount":"0.00","payment_type":"1","trade_no":"2017061321001004070209040417","subject":"\u7518\u5357\u5168\u666f","buyer_email":"drcsl@hotmail.com","gmt_create":"2017-06-13 22:31:16","notify_type":"trade_status_sync","quantity":"1","out_trade_no":"LX-17061321371914706-c","seller_id":"2088421286007493","notify_time":"2017-09-14 22:31:56","body":"2017\u5e74\u72ec\u5bb6  \u516b\u89d2\u57ce-\u624e\u5c15\u90a3-\u82b1\u6e56-\u5e74\u5b9d\u7389\u5219-\u82e5\u5c14\u76d6\u8349\u539f-\u963f\u4e07\u4ed3\u6e7f\u5730-\u90ce\u6728\u5bfa 8\u65e5\u6e38","trade_status":"TRADE_FINISHED","is_total_fee_adjust":"N","total_fee":"6400.00","gmt_payment":"2017-06-13 22:31:32","seller_email":"2287684289@qq.com","gmt_close":"2017-09-14 22:31:56","price":"6400.00","buyer_id":"2088302129675070","notify_id":"e1af6597cbc61a4f17236e08f966dc5gji","use_coupon":"N","sign_type":"MD5","sign":"de1d7971fc0686ce439d66fec0840355"}
[2017-09-14 22:31:56][info] 数据存储反馈成功！
[2017-09-14 22:31:56][info] success
[2017-09-14 22:31:56][info] 写入结束!!!
