[2017-08-25 07:01:58][info] ----------------------------------------
[2017-08-25 07:01:58][info] {"discount":"0.00","payment_type":"1","trade_no":"2017052421001004500281419512","subject":"\u5fbd\u676d\u53e4\u90531\u65e5\u5f92\u6b65","buyer_email":"yuefangsi@163.com","gmt_create":"2017-05-24 07:01:47","notify_type":"trade_status_sync","quantity":"1","out_trade_no":"LX-17052123103267701-8","seller_id":"2088421286007493","notify_time":"2017-08-25 07:01:57","body":"2017\u5168\u5e74\u8ba1\u5212\uff1a\u8f7b\u88c5\u5355\u65e5\u5f92\u6b65\u7a7f\u8d8a\uff0c\u72ec\u5bb6\u7b56\u5212\u2014\u2014\u7528\u201c\u6362\u5ba2\u201d\u884c\u4e3a\u4eb2\u8eab\u4f53\u4f1a\u53e4\u7ecf\u5546\u4e4b\u9053\uff08\u7ec4\u7ec7\u6237\u5916\u91ce\u708a\uff09","trade_status":"TRADE_FINISHED","is_total_fee_adjust":"N","total_fee":"380.00","gmt_payment":"2017-05-24 07:01:53","seller_email":"2287684289@qq.com","gmt_close":"2017-08-25 07:01:57","price":"380.00","buyer_id":"2088202433780502","notify_id":"7d9eedd180d1a27b77dc154898fd527juy","use_coupon":"N","sign_type":"MD5","sign":"9f2d3e907f57627fdbb8fd1e2cf168c0"}
[2017-08-25 07:01:58][info] 数据存储反馈成功！
[2017-08-25 07:01:58][info] success
[2017-08-25 07:01:58][info] 写入结束!!!
[2017-08-25 11:30:23][info] ----------------------------------------
[2017-08-25 11:30:23][info] {"discount":"0.00","payment_type":"1","trade_no":"2017082521001004220210109239","subject":"\u989d\u6d4e\u7eb3\u5168\u666f","buyer_email":"18719148303","gmt_create":"2017-08-25 11:30:01","notify_type":"trade_status_sync","quantity":"1","out_trade_no":"LX-17082511221440601-2","seller_id":"2088421286007493","notify_time":"2017-08-25 11:30:23","body":"\u989d\u6d4e\u7eb3\u80e1\u6768\u6797-\u6566\u714c\u5168\u666f-\u5df4\u4e39\u5409\u6797-\u5f20\u6396\u4e39\u971e-\u5609\u5cea\u5173-\u91d1\u5854\u80e1\u6768\u6797-\u52a8\u8f668\u65e5","trade_status":"TRADE_SUCCESS","is_total_fee_adjust":"N","total_fee":"4230.50","gmt_payment":"2017-08-25 11:30:23","seller_email":"2287684289@qq.com","price":"4230.50","buyer_id":"2088812836916220","notify_id":"b9477c72e8394883cc81ea01deb6bechp6","use_coupon":"N","sign_type":"MD5","sign":"ddc8153827df28aa388deb1330a008a4"}
[2017-08-25 11:30:23][info] 数据存储反馈成功！
[2017-08-25 11:30:23][info] success
[2017-08-25 11:30:23][info] 写入结束!!!
[2017-08-25 11:54:30][info] ----------------------------------------
[2017-08-25 11:54:30][info] {"discount":"0.00","payment_type":"1","trade_no":"2017082521001004920203167560","subject":"\u5317\u7586\u91d1\u79cb\u81f3\u5c0a10\u65e5\u6e38","buyer_email":"yuanhuiling123@qq.com","gmt_create":"2017-08-25 11:54:15","notify_type":"trade_status_sync","quantity":"1","out_trade_no":"LX-17082510585121906-e","seller_id":"2088421286007493","notify_time":"2017-08-25 11:54:30","body":"38\u5c0f\u65f6\u79be\u6728-\u5580\u7eb3\u65af-\u767d\u54c8\u5df4-\u53ef\u53ef\u82cf\u91cc\u6e56-\u53ef\u53ef\u6258\u6d77-\u4e94\u5f69\u6ee9-\u9b54\u9b3c\u57ce10\u65e5\u5927\u73af\u7ebf","trade_status":"TRADE_SUCCESS","is_total_fee_adjust":"N","total_fee":"10460.00","gmt_payment":"2017-08-25 11:54:30","seller_email":"2287684289@qq.com","price":"10460.00","buyer_id":"2088302375567923","notify_id":"1b69454aab0b87b7e0241a66aea793dn3m","use_coupon":"N","sign_type":"MD5","sign":"676cc37db7f8def9e4698c382286cf07"}
[2017-08-25 11:54:31][info] 数据存储反馈成功！
[2017-08-25 11:54:31][info] success
[2017-08-25 11:54:31][info] 写入结束!!!
[2017-08-25 13:24:03][info] ----------------------------------------
[2017-08-25 13:24:03][info] {"discount":"0.00","payment_type":"1","trade_no":"2017082521001004430274683972","subject":"\u5317\u7586\u91d1\u79cb\u81f3\u5c0a10\u65e5\u6e38","buyer_email":"13650757101","gmt_create":"2017-08-25 13:23:53","notify_type":"trade_status_sync","quantity":"1","out_trade_no":"LX-17082512503376306-5","seller_id":"2088421286007493","notify_time":"2017-08-25 13:24:03","body":"38\u5c0f\u65f6\u79be\u6728-\u5580\u7eb3\u65af-\u767d\u54c8\u5df4-\u53ef\u53ef\u82cf\u91cc\u6e56-\u53ef\u53ef\u6258\u6d77-\u4e94\u5f69\u6ee9-\u9b54\u9b3c\u57ce10\u65e5\u5927\u73af\u7ebf","trade_status":"TRADE_SUCCESS","is_total_fee_adjust":"N","total_fee":"2740.00","gmt_payment":"2017-08-25 13:24:02","seller_email":"2287684289@qq.com","price":"2740.00","buyer_id":"2088412004349438","notify_id":"413d88531d5a3ed401f36c725c6a2a7jbi","use_coupon":"N","sign_type":"MD5","sign":"9796b9470774178baa5da7e8707ed142"}
[2017-08-25 13:24:03][info] 数据存储反馈成功！
[2017-08-25 13:24:03][info] success
[2017-08-25 13:24:03][info] 写入结束!!!
[2017-08-25 14:19:32][info] ----------------------------------------
[2017-08-25 14:19:32][info] {"discount":"0.00","payment_type":"1","trade_no":"2017082521001004990238285428","subject":"\u989d\u6d4e\u7eb3\u5168\u666f","buyer_email":"15021227293","gmt_create":"2017-08-25 14:19:21","notify_type":"trade_status_sync","quantity":"1","out_trade_no":"LX-17082412485277306-5","seller_id":"2088421286007493","notify_time":"2017-08-25 14:19:32","body":"\u989d\u6d4e\u7eb3\u80e1\u6768\u6797-\u6566\u714c\u5168\u666f-\u5df4\u4e39\u5409\u6797-\u5f20\u6396\u4e39\u971e-\u5609\u5cea\u5173-\u91d1\u5854\u80e1\u6768\u6797-\u52a8\u8f668\u65e5","trade_status":"TRADE_SUCCESS","is_total_fee_adjust":"N","total_fee":"4080.00","gmt_payment":"2017-08-25 14:19:32","seller_email":"2287684289@qq.com","price":"4080.00","buyer_id":"2088912516359995","notify_id":"fa72c62cab36bce7c99fb7282a3716ann2","use_coupon":"N","sign_type":"MD5","sign":"11d3ac5539f52c4763b63a8874fca486"}
[2017-08-25 14:19:32][info] 数据存储反馈成功！
[2017-08-25 14:19:32][info] success
[2017-08-25 14:19:32][info] 写入结束!!!
[2017-08-25 15:35:12][info] ----------------------------------------
[2017-08-25 15:35:12][info] {"discount":"0.00","payment_type":"1","trade_no":"2017082521001004240299393619","subject":"\u5317\u7586\u91d1\u79cb\u7ecf\u5178\u73af\u7ebf","buyer_email":"celiamaying@sina.com","gmt_create":"2017-08-25 15:35:03","notify_type":"trade_status_sync","quantity":"1","out_trade_no":"LX-17082510591898606-1","seller_id":"2088421286007493","notify_time":"2017-08-25 15:35:11","body":"\u5580\u7eb3\u65af-\u767d\u54c8\u5df4-\u79be\u6728-\u4e94\u5f69\u6ee9-\u9b54\u9b3c\u57ce-\u53ef\u53ef\u6258\u6d77 9\u65e5\u6df1\u5ea6\u6e38","trade_status":"TRADE_SUCCESS","is_total_fee_adjust":"N","total_fee":"4830.00","gmt_payment":"2017-08-25 15:35:11","seller_email":"2287684289@qq.com","price":"4830.00","buyer_id":"2088002021029244","notify_id":"4a1947e819fdc6395640e76ff295f2bhuq","use_coupon":"N","sign_type":"MD5","sign":"18973338a6d7bc6125a860131c56d2d8"}
[2017-08-25 15:35:12][info] 数据存储反馈成功！
[2017-08-25 15:35:12][info] success
[2017-08-25 15:35:12][info] 写入结束!!!
[2017-08-25 17:33:31][info] ----------------------------------------
[2017-08-25 17:33:31][info] {"discount":"0.00","payment_type":"1","trade_no":"2017082521001004570229231586","subject":"\u5317\u7586\u91d1\u79cb\u81f3\u5c0a10\u65e5\u6e38","buyer_email":"13922097722","gmt_create":"2017-08-25 17:33:08","notify_type":"trade_status_sync","quantity":"1","out_trade_no":"LX-17082421271032806-9","seller_id":"2088421286007493","notify_time":"2017-08-25 17:33:31","body":"38\u5c0f\u65f6\u79be\u6728-\u5580\u7eb3\u65af-\u767d\u54c8\u5df4-\u53ef\u53ef\u82cf\u91cc\u6e56-\u53ef\u53ef\u6258\u6d77-\u4e94\u5f69\u6ee9-\u9b54\u9b3c\u57ce10\u65e5\u5927\u73af\u7ebf","trade_status":"TRADE_SUCCESS","is_total_fee_adjust":"N","total_fee":"5230.00","gmt_payment":"2017-08-25 17:33:31","seller_email":"2287684289@qq.com","price":"5230.00","buyer_id":"2088402451434575","notify_id":"8fa471d4ca060a7e2ade70dd3e7ad58kee","use_coupon":"N","sign_type":"MD5","sign":"70f11d1f557ce86231a30f31d5394a2e"}
[2017-08-25 17:33:31][info] 数据存储反馈成功！
[2017-08-25 17:33:31][info] success
[2017-08-25 17:33:31][info] 写入结束!!!
