[2017-06-14 09:57:50][info] ----------------------------------------
[2017-06-14 09:57:50][info] {"discount":"0.00","payment_type":"1","subject":"\u7518\u5357\u5168\u666f","trade_no":"2017061421001004480264215381","buyer_email":"anita5835@163.com","gmt_create":"2017-06-14 09:57:36","notify_type":"trade_status_sync","quantity":"1","out_trade_no":"LX-17061409415711901-5","seller_id":"2088421286007493","notify_time":"2017-06-14 09:57:50","body":"2017\u5e74\u72ec\u5bb6  \u516b\u89d2\u57ce-\u624e\u5c15\u90a3-\u82b1\u6e56-\u5e74\u5b9d\u7389\u5219-\u82e5\u5c14\u76d6\u8349\u539f-\u963f\u4e07\u4ed3\u6e7f\u5730-\u90ce\u6728\u5bfa 8\u65e5\u6e38","trade_status":"TRADE_SUCCESS","is_total_fee_adjust":"N","total_fee":"4920.00","gmt_payment":"2017-06-14 09:57:50","seller_email":"2287684289@qq.com","price":"4920.00","buyer_id":"2088002228424486","notify_id":"b2c72a924fa02c22eacd67829f1b164jpe","use_coupon":"N","sign_type":"MD5","sign":"a45137fa773560325c0d2bfc5340f529"}
[2017-06-14 09:57:51][info] 数据存储反馈成功！
[2017-06-14 09:57:51][info] success
[2017-06-14 09:57:51][info] 写入结束!!!
[2017-06-14 10:36:24][info] ----------------------------------------
[2017-06-14 10:36:24][info] {"discount":"0.00","payment_type":"1","subject":"\u5fc3\u82b1\u8def\u653e","trade_no":"2017061421001004680269525847","buyer_email":"leeny81@163.com","gmt_create":"2017-06-14 10:36:12","notify_type":"trade_status_sync","quantity":"1","out_trade_no":"LX-17060713141719201-c","seller_id":"2088421286007493","notify_time":"2017-06-14 10:36:24","body":"\u5927\u7406\u53cc\u5eca\u3001\u6c99\u6eaa\u53e4\u9547\u3001\u4e3d\u6c5f\u53e4\u57ce\u3001\u9999\u683c\u91cc\u62c9\u3001\u6cf8\u6cbd\u6e567\u65e5\u6ec7\u897f\u5317\u5168\u666f\u6df1\u5ea6\u6e38","trade_status":"TRADE_SUCCESS","is_total_fee_adjust":"N","total_fee":"5430.00","gmt_payment":"2017-06-14 10:36:24","seller_email":"2287684289@qq.com","price":"5430.00","buyer_id":"2088002025916687","notify_id":"492a18dacafb29abdc9b10e86f35163l8y","use_coupon":"N","sign_type":"MD5","sign":"5623dcfaa6ee3c80342ec4febd0ecfa6"}
[2017-06-14 10:36:24][info] 数据存储反馈成功！
[2017-06-14 10:36:24][info] success
[2017-06-14 10:36:24][info] 写入结束!!!
[2017-06-14 10:49:38][info] ----------------------------------------
[2017-06-14 10:49:38][info] {"discount":"0.00","payment_type":"1","subject":"\u65b0\u7586\u5168\u666f","trade_no":"2017061421001004170263730336","buyer_email":"janehfhuang11@hotmail.com","gmt_create":"2017-06-14 10:49:19","notify_type":"trade_status_sync","quantity":"1","out_trade_no":"LX-17061320293174906-2","seller_id":"2088421286007493","notify_time":"2017-06-14 10:49:38","body":"\u6c5f\u5e03\u62c9\u514b-\u4e94\u5f69\u6ee9-\u5580\u7eb3\u65af-\u79be\u6728-\u8d5b\u91cc\u6728\u6e56-\u85b0\u8863\u8349\u519c\u573a-\u5580\u62c9\u5cfb-\u90a3\u62c9\u63d0-\u5df4\u97f3\u5e03\u9c81\u514b-\u5410\u9c81\u756a13\u65e5\u6e38","trade_status":"TRADE_SUCCESS","is_total_fee_adjust":"N","total_fee":"4780.00","gmt_payment":"2017-06-14 10:49:37","seller_email":"2287684289@qq.com","price":"4780.00","buyer_id":"2088002140859177","notify_id":"bdad408f7ba95d87e794fd95aa8ff67hba","use_coupon":"N","sign_type":"MD5","sign":"35bec678fa12d5c566465b9b773a9937"}
[2017-06-14 10:49:38][info] 数据存储反馈成功！
[2017-06-14 10:49:38][info] success
[2017-06-14 10:49:38][info] 写入结束!!!
[2017-06-14 11:18:31][info] ----------------------------------------
[2017-06-14 11:18:31][info] {"discount":"0.00","payment_type":"1","subject":"\u65b0\u7586\u62fe\u5149\u5168\u666f\u5199\u771f\u65c5\u884c","trade_no":"2017061421001004350259201407","buyer_email":"18685625190","gmt_create":"2017-06-14 11:18:15","notify_type":"trade_status_sync","quantity":"1","out_trade_no":"LX-17061310301635306-9","seller_id":"2088421286007493","notify_time":"2017-06-14 11:18:31","body":"\u4e4c\u9c81\u6728\u9f50-\u4e94\u5f69\u6ee9-\u5e03\u5c14\u6d25-\u5580\u7eb3\u65af-\u79be\u6728-\u9b54\u9b3c\u57ce-\u8d5b\u91cc\u6728\u6e56-\u89e3\u5fe7\u516c\u4e3b\u85b0\u8863\u8349\u519c\u573a-\u5580\u62c9\u5cfb-\u5df4\u97f3\u5e03\u9c81\u514b-\u535a\u65af\u817e\u6e56-\u5e93\u6728\u5854\u683c\u6c99\u6f2014\u65e5\u6e38","trade_status":"TRADE_SUCCESS","is_total_fee_adjust":"N","total_fee":"5880.00","gmt_payment":"2017-06-14 11:18:31","seller_email":"2287684289@qq.com","price":"5880.00","buyer_id":"2088702936400359","notify_id":"4d3912533a1f2f99e2dc896f7341715ipa","use_coupon":"N","sign_type":"MD5","sign":"6529356a652f70d9d505654417e683c7"}
[2017-06-14 11:18:32][info] 数据存储反馈成功！
[2017-06-14 11:18:32][info] success
[2017-06-14 11:18:32][info] 写入结束!!!
[2017-06-14 20:46:07][info] ----------------------------------------
[2017-06-14 20:46:07][info] {"discount":"0.00","payment_type":"1","subject":"\u96ea\u57df\u6843\u82b1\u6df1\u5ea6\u6e38","trade_no":"2017031521001004990254060820","buyer_email":"0371zql@sina.com","gmt_create":"2017-03-15 20:44:51","notify_type":"trade_status_sync","quantity":"1","out_trade_no":"LX-17021320243173001-9","seller_id":"2088421286007493","notify_time":"2017-06-14 20:46:07","body":"2017\u5e74\u6797\u829d\u6843\u82b1\u6c9f-\u6ce2\u5bc6\u560e\u6717-\u5357\u8fe6\u5df4\u74e6\u5cf0-\u7136\u4e4c\u6e56-\u7c73\u5806\u51b0\u5ddd\u516b\u65e5\u6e38","trade_status":"TRADE_FINISHED","is_total_fee_adjust":"N","total_fee":"5170.00","gmt_payment":"2017-03-15 20:45:37","seller_email":"2287684289@qq.com","gmt_close":"2017-06-14 20:46:07","price":"5170.00","buyer_id":"2088012803761990","notify_id":"c6fc767e754961e664fe84e9cb80eednn2","use_coupon":"N","sign_type":"MD5","sign":"9dc95f820c28c31a2558034b94b08876"}
[2017-06-14 20:46:08][info] 数据存储反馈成功！
[2017-06-14 20:46:08][info] success
[2017-06-14 20:46:08][info] 写入结束!!!
[2017-06-14 20:50:26][info] ----------------------------------------
[2017-06-14 20:50:26][info] {"discount":"0.00","payment_type":"1","subject":"\u4e1d\u7ef8\u4e4b\u8def\u5dc5\u5cf0\u4f53\u9a8c\u4e5d\u65e5\u6e38","trade_no":"2017061421001004190235508847","buyer_email":"13761601907","gmt_create":"2017-06-14 20:50:16","notify_type":"trade_status_sync","quantity":"1","out_trade_no":"LX-17061413133146506-1","seller_id":"2088421286007493","notify_time":"2017-06-14 20:50:26","body":"\u6c99\u5c9b-\u9752\u6d77\u6e56-\u8336\u5361\u76d0\u6e56-\u7941\u8fde-\u5f20\u6396-\u5609\u5cea\u5173-\u6566\u714c\u4e5d\u65e5\u6e38","trade_status":"TRADE_SUCCESS","is_total_fee_adjust":"N","total_fee":"13120.00","gmt_payment":"2017-06-14 20:50:26","seller_email":"2287684289@qq.com","price":"13120.00","buyer_id":"2088902667847193","notify_id":"506b82fd9704f7f7c5160af3c2d10f8hgu","use_coupon":"N","sign_type":"MD5","sign":"25dea351a78624f5e10520607713c0c5"}
[2017-06-14 20:50:27][info] 数据存储反馈成功！
[2017-06-14 20:50:27][info] success
[2017-06-14 20:50:27][info] 写入结束!!!
