[2017-06-13 09:44:02][info] ----------------------------------------
[2017-06-13 09:44:02][info] {"discount":"0.00","payment_type":"1","subject":"\u96ea\u57df\u6843\u82b1\u6797\u829d\u96c6\u5408","trade_no":"2017031421001004960253801668","buyer_email":"woshianshi@aliyun.com","gmt_create":"2017-03-14 09:42:46","notify_type":"trade_status_sync","quantity":"1","out_trade_no":"LX-17030110361938801-2","seller_id":"2088421286007493","notify_time":"2017-06-13 09:44:02","body":"2017\u5e74\u6797\u829d\u6843\u82b1\u6c9f-\u6ce2\u5bc6\u560e\u6717-\u5357\u8fe6\u5df4\u74e6\u5cf0-\u7136\u4e4c\u6e56-\u7c73\u5806\u51b0\u5ddd\u4e03\u65e5\u6e38","trade_status":"TRADE_FINISHED","is_total_fee_adjust":"N","total_fee":"6860.00","gmt_payment":"2017-03-14 09:43:36","seller_email":"2287684289@qq.com","gmt_close":"2017-06-13 09:44:01","price":"6860.00","buyer_id":"2088002116798965","notify_id":"edb0d929cba61c0bd26d847abbe1911neq","use_coupon":"N","sign_type":"MD5","sign":"8d0b577ec38aa428d1d71f322bd5683f"}
[2017-06-13 09:44:02][info] 数据存储反馈成功！
[2017-06-13 09:44:02][info] success
[2017-06-13 09:44:02][info] 写入结束!!!
[2017-06-13 13:16:23][info] ----------------------------------------
[2017-06-13 13:16:23][info] {"discount":"0.00","payment_type":"1","subject":"\u65b0\u7586\u5168\u666f","trade_no":"2017061321001004400296888141","buyer_email":"cnnntb@126.com","gmt_create":"2017-06-13 13:16:04","notify_type":"trade_status_sync","quantity":"1","out_trade_no":"LX-1706131254596206-e","seller_id":"2088421286007493","notify_time":"2017-06-13 13:16:23","body":"\u6c5f\u5e03\u62c9\u514b-\u4e94\u5f69\u6ee9-\u5580\u7eb3\u65af-\u79be\u6728-\u8d5b\u91cc\u6728\u6e56-\u85b0\u8863\u8349\u519c\u573a-\u5580\u62c9\u5cfb-\u90a3\u62c9\u63d0-\u5df4\u97f3\u5e03\u9c81\u514b-\u5410\u9c81\u756a13\u65e5\u6e38","trade_status":"TRADE_SUCCESS","is_total_fee_adjust":"N","total_fee":"4030.00","gmt_payment":"2017-06-13 13:16:22","seller_email":"2287684289@qq.com","price":"4030.00","buyer_id":"2088102414568405","notify_id":"4377c0afa53a1728130331c57de036fj36","use_coupon":"N","sign_type":"MD5","sign":"faf14e1dbc24201d88f2c3700adaae68"}
[2017-06-13 13:16:23][info] 数据存储反馈成功！
[2017-06-13 13:16:23][info] success
[2017-06-13 13:16:23][info] 写入结束!!!
[2017-06-13 13:53:48][info] ----------------------------------------
[2017-06-13 13:53:48][info] {"discount":"0.00","payment_type":"1","subject":"\u4e1d\u7ef8\u4e4b\u8def\u7ecf\u5178\u4e5d\u65e5","trade_no":"2017061321001004930322557070","buyer_email":"zjp625557@163.com","gmt_create":"2017-06-13 13:52:59","notify_type":"trade_status_sync","quantity":"1","out_trade_no":"LX-17061313440046801-7","seller_id":"2088421286007493","notify_time":"2017-06-13 13:53:48","body":"\u6c99\u5c9b-\u9752\u6d77\u6e56-\u8336\u5361\u76d0\u6e56-\u5353\u5c14\u5c71-\u5f20\u6396\u4e39\u971e-\u5609\u5cea\u5173-\u6566\u714c9\u65e5\u6e38","trade_status":"TRADE_SUCCESS","is_total_fee_adjust":"N","total_fee":"7960.00","gmt_payment":"2017-06-13 13:53:48","seller_email":"2287684289@qq.com","price":"7960.00","buyer_id":"2088002667042931","notify_id":"f3475a0bc44a5f16d4253f02851847bn6f","use_coupon":"N","sign_type":"MD5","sign":"b9e230cb47cd2886605fc2c77f41fe0b"}
[2017-06-13 13:53:49][info] 数据存储反馈成功！
[2017-06-13 13:53:49][info] success
[2017-06-13 13:53:49][info] 写入结束!!!
[2017-06-13 14:56:44][info] ----------------------------------------
[2017-06-13 14:56:44][info] {"discount":"0.00","payment_type":"1","subject":"\u4e1d\u7ef8\u4e4b\u8def\u5dc5\u5cf0\u4f53\u9a8c\u4e5d\u65e5\u6e38","trade_no":"2017061321001004760267710312","buyer_email":"wangyingfenggu@163.com","gmt_create":"2017-06-13 14:55:56","notify_type":"trade_status_sync","quantity":"1","out_trade_no":"LX-17061314322494401-d","seller_id":"2088421286007493","notify_time":"2017-06-13 14:56:44","body":"\u6c99\u5c9b-\u9752\u6d77\u6e56-\u8336\u5361\u76d0\u6e56-\u7941\u8fde-\u5f20\u6396-\u5609\u5cea\u5173-\u6566\u714c\u4e5d\u65e5\u6e38","trade_status":"TRADE_SUCCESS","is_total_fee_adjust":"N","total_fee":"16030.00","gmt_payment":"2017-06-13 14:56:44","seller_email":"2287684289@qq.com","price":"16030.00","buyer_id":"2088002493324760","notify_id":"a7d5de40c624e039c5ecd24e6d6c62dlv6","use_coupon":"N","sign_type":"MD5","sign":"859fe85dd7d5fa665e1a2b3bc66c0243"}
[2017-06-13 14:56:45][info] 数据存储反馈成功！
[2017-06-13 14:56:45][info] success
[2017-06-13 14:56:45][info] 写入结束!!!
[2017-06-13 19:25:00][info] ----------------------------------------
[2017-06-13 19:25:00][info] {"discount":"0.00","payment_type":"1","subject":"\u4e1d\u7ef8\u4e4b\u8def\u7cbe\u534e\u6e38","trade_no":"2017031421001004240224703372","buyer_email":"15397100185","gmt_create":"2017-03-14 19:24:03","notify_type":"trade_status_sync","quantity":"1","out_trade_no":"LX-17011818190210027-0","seller_id":"2088421286007493","notify_time":"2017-06-13 19:25:00","body":"2017\u5e74\u9752\u6d77\u6e56-\u8336\u5361\u76d0\u6e56-\u6566\u714c-\u5609\u5cea\u5173-\u5f20\u6396\u4e39\u971e\u4e03\u65e5\u6e38","trade_status":"TRADE_FINISHED","is_total_fee_adjust":"N","total_fee":"1490.00","gmt_payment":"2017-03-14 19:24:10","seller_email":"2287684289@qq.com","gmt_close":"2017-06-13 19:25:00","price":"1490.00","buyer_id":"2088502698917241","notify_id":"32d43fd4a144ecb78195dee7e3e77d2huq","use_coupon":"N","sign_type":"MD5","sign":"d32b21db853bcc3d3b57e96b8a0ee545"}
[2017-06-13 19:25:00][info] 数据存储反馈成功！
[2017-06-13 19:25:00][info] success
[2017-06-13 19:25:00][info] 写入结束!!!
[2017-06-13 20:53:59][info] ----------------------------------------
[2017-06-13 20:53:59][info] {"discount":"0.00","payment_type":"1","subject":"\u7518\u5357\u5168\u666f","trade_no":"2017061321001004040277507419","buyer_email":"15982809796","gmt_create":"2017-06-13 20:53:27","notify_type":"trade_status_sync","quantity":"1","out_trade_no":"LX-17061320435958606-d","seller_id":"2088421286007493","notify_time":"2017-06-13 20:53:59","body":"2017\u5e74\u72ec\u5bb6  \u516b\u89d2\u57ce-\u624e\u5c15\u90a3-\u82b1\u6e56-\u5e74\u5b9d\u7389\u5219-\u82e5\u5c14\u76d6\u8349\u539f-\u963f\u4e07\u4ed3\u6e7f\u5730-\u90ce\u6728\u5bfa 8\u65e5\u6e38","trade_status":"TRADE_SUCCESS","is_total_fee_adjust":"N","total_fee":"9600.00","gmt_payment":"2017-06-13 20:53:59","seller_email":"2287684289@qq.com","price":"9600.00","buyer_id":"2088702619379040","notify_id":"02bf45e41813866a82a5d94dbc1dbe2gb6","use_coupon":"N","sign_type":"MD5","sign":"646882e8c7caa9bd8af462c5d258ad0e"}
[2017-06-13 20:53:59][info] 数据存储反馈成功！
[2017-06-13 20:53:59][info] success
[2017-06-13 20:53:59][info] 写入结束!!!
[2017-06-13 22:31:33][info] ----------------------------------------
[2017-06-13 22:31:33][info] {"discount":"0.00","payment_type":"1","subject":"\u7518\u5357\u5168\u666f","trade_no":"2017061321001004070209040417","buyer_email":"drcsl@hotmail.com","gmt_create":"2017-06-13 22:31:16","notify_type":"trade_status_sync","quantity":"1","out_trade_no":"LX-17061321371914706-c","seller_id":"2088421286007493","notify_time":"2017-06-13 22:31:33","body":"2017\u5e74\u72ec\u5bb6  \u516b\u89d2\u57ce-\u624e\u5c15\u90a3-\u82b1\u6e56-\u5e74\u5b9d\u7389\u5219-\u82e5\u5c14\u76d6\u8349\u539f-\u963f\u4e07\u4ed3\u6e7f\u5730-\u90ce\u6728\u5bfa 8\u65e5\u6e38","trade_status":"TRADE_SUCCESS","is_total_fee_adjust":"N","total_fee":"6400.00","gmt_payment":"2017-06-13 22:31:32","seller_email":"2287684289@qq.com","price":"6400.00","buyer_id":"2088302129675070","notify_id":"fed8dc5782832925891a929a6f42a95gji","use_coupon":"N","sign_type":"MD5","sign":"e11d7b4c3738e82ad8c6522ec24f892b"}
[2017-06-13 22:31:33][info] 数据存储反馈成功！
[2017-06-13 22:31:33][info] success
[2017-06-13 22:31:33][info] 写入结束!!!
