[2017-08-21 09:02:27][info] ----------------------------------------
[2017-08-21 09:02:27][info] {"discount":"0.00","payment_type":"1","trade_no":"2017082121001004090512099654","subject":"\u8d35\u5dde\u5168\u666f\u6e38","buyer_email":"13910581585","gmt_create":"2017-08-21 09:02:08","notify_type":"trade_status_sync","quantity":"1","out_trade_no":"LX-17081821314867706-e","seller_id":"2088421286007493","notify_time":"2017-08-21 09:02:27","body":"\u897f\u6c5f\u5343\u6237\u82d7\u5be8-\u8354\u6ce2-\u9ed4\u4e1c\u5357-\u9547\u8fdc-\u9ec4\u679c\u6811-\u79d8\u5883\u8302\u5170\u6df1\u5ea6\u7eaf\u73a9\u4e5d\u65e5\u6e38","trade_status":"TRADE_SUCCESS","is_total_fee_adjust":"N","total_fee":"3980.00","gmt_payment":"2017-08-21 09:02:27","seller_email":"2287684289@qq.com","price":"3980.00","buyer_id":"2088502582909093","notify_id":"d0342819b8bfe6f371bb6563cd0e12agp5","use_coupon":"N","sign_type":"MD5","sign":"c53f1751b83fd91faf9680f6217a389f"}
[2017-08-21 09:02:28][info] 数据存储反馈成功！
[2017-08-21 09:02:28][info] success
[2017-08-21 09:02:28][info] 写入结束!!!
[2017-08-21 09:42:18][info] ----------------------------------------
[2017-08-21 09:42:18][info] {"discount":"0.00","payment_type":"1","trade_no":"2017082121001004610277499715","subject":"\u8d35\u5dde\u5168\u666f\u6e38","buyer_email":"13502736813","gmt_create":"2017-08-21 09:42:07","notify_type":"trade_status_sync","quantity":"1","out_trade_no":"LX-17081813063661706-e","seller_id":"2088421286007493","notify_time":"2017-08-21 09:42:18","body":"\u897f\u6c5f\u5343\u6237\u82d7\u5be8-\u8354\u6ce2-\u9ed4\u4e1c\u5357-\u9547\u8fdc-\u9ec4\u679c\u6811-\u79d8\u5883\u8302\u5170\u6df1\u5ea6\u7eaf\u73a9\u4e5d\u65e5\u6e38","trade_status":"TRADE_SUCCESS","is_total_fee_adjust":"N","total_fee":"7960.00","gmt_payment":"2017-08-21 09:42:17","seller_email":"2287684289@qq.com","price":"7960.00","buyer_id":"2088702535039619","notify_id":"ac231c692ee54a9a57d6b5dc23afaa5kpi","use_coupon":"N","sign_type":"MD5","sign":"a885bb0fc7e5cfab8765e1c8ba7f3b58"}
[2017-08-21 09:42:18][info] 数据存储反馈成功！
[2017-08-21 09:42:18][info] success
[2017-08-21 09:42:18][info] 写入结束!!!
[2017-08-21 12:54:06][info] ----------------------------------------
[2017-08-21 12:54:06][info] {"discount":"0.00","payment_type":"1","trade_no":"2017082121001004200509831563","subject":"\u4e1d\u8def\u5dc5\u5cf0\u4f53\u9a8c\u4e5d\u65e5\u6e38B\u7ebf","buyer_email":"surprise-of-cloud@163.com","gmt_create":"2017-08-21 12:53:56","notify_type":"trade_status_sync","quantity":"1","out_trade_no":"LX-17082111491638501-3","seller_id":"2088421286007493","notify_time":"2017-08-21 12:54:06","body":"\u9752\u6d77\u6e56-\u8336\u5361\u76d0\u6e56-\u9e23\u6c99\u5c71\u6708\u7259\u6cc9-\u83ab\u9ad8\u7a9f-\u96c5\u4e39\u9b54\u9b3c\u57ce-\u5609\u5cea\u5173-\u5f20\u6396\u4e39\u971e-\u9a6c\u8e44\u5bfa-\u5353\u5c14\u5c71\u8f7b\u5962\u52a8\u8f669\u65e5\u6e38","trade_status":"TRADE_SUCCESS","is_total_fee_adjust":"N","total_fee":"7960.00","gmt_payment":"2017-08-21 12:54:05","seller_email":"2287684289@qq.com","price":"7960.00","buyer_id":"2088002696352205","notify_id":"eb0bea2cd74afbf0706bfff6756a058hjp","use_coupon":"N","sign_type":"MD5","sign":"7bc1d6b55b0aa82c667735b8293bf8d5"}
[2017-08-21 12:54:06][info] 数据存储反馈成功！
[2017-08-21 12:54:06][info] success
[2017-08-21 12:54:06][info] 写入结束!!!
[2017-08-21 12:58:31][info] ----------------------------------------
[2017-08-21 12:58:31][info] {"discount":"0.00","payment_type":"1","trade_no":"2017082121001004030521871817","subject":"\u989d\u6d4e\u7eb3\u6df1\u5ea6\u6e38","buyer_email":"18205735502","gmt_create":"2017-08-21 12:58:15","notify_type":"trade_status_sync","quantity":"1","out_trade_no":"LX-17082111163560901-a","seller_id":"2088421286007493","notify_time":"2017-08-21 12:58:31","body":"\u4ed9\u7c73\u5f69\u6797-\u7941\u8fde\u5c71-\u9a6c\u8e44\u5bfa-\u5f20\u6396\u4e39\u971e-\u91d1\u5854\u80e1\u6768\u6797-\u989d\u6d4e\u7eb3\u80e1\u6768\u6797-\u5c45\u5ef6\u6d77-\u5609\u5cea\u5173-\u52a8\u8f66\u8fd4\u7a0b7\u65e5\u6e38","trade_status":"TRADE_SUCCESS","is_total_fee_adjust":"N","total_fee":"1790.00","gmt_payment":"2017-08-21 12:58:30","seller_email":"2287684289@qq.com","price":"1790.00","buyer_id":"2088802098874031","notify_id":"7aebc980c262b86c27dc1c4df7f0466g8h","use_coupon":"N","sign_type":"MD5","sign":"f5f381c6b07abb16c19246506e3e60f6"}
[2017-08-21 12:58:31][info] 数据存储反馈成功！
[2017-08-21 12:58:31][info] success
[2017-08-21 12:58:31][info] 写入结束!!!
[2017-08-21 12:59:33][info] ----------------------------------------
[2017-08-21 12:59:33][info] {"discount":"0.00","payment_type":"1","trade_no":"2017082121001004400507102380","subject":"\u4e1d\u7ef8\u4e4b\u8def\u5168\u666f\u6e389\u65e5","buyer_email":"13985283007","gmt_create":"2017-08-21 12:59:16","notify_type":"trade_status_sync","quantity":"1","out_trade_no":"LX-17082110394418206-a","seller_id":"2088421286007493","notify_time":"2017-08-21 12:59:32","body":"\u72ec\u5bb6\u6c34\u4e0a\u9b54\u9b3c\u57ce-\u65e0\u4eba\u533a\u539f\u751f\u6001\u96c5\u4e39\u63a2\u79d8-\u9752\u6d77\u6e56-\u8336\u5361\u76d0\u6e56-\u83ab\u9ad8\u7a9f-\u9e23\u6c99\u5c71\u6708\u7259\u6cc9-\u5f20\u6396\u4e39\u971e-\u5353\u5c14\u5c719\u65e5\u6e38","trade_status":"TRADE_SUCCESS","is_total_fee_adjust":"N","total_fee":"9450.00","gmt_payment":"2017-08-21 12:59:32","seller_email":"2287684289@qq.com","price":"9450.00","buyer_id":"2088422228178404","notify_id":"bd8b7d593be1b82717f1d7e18b7f7dcj39","use_coupon":"N","sign_type":"MD5","sign":"37017da047811fd62e12ed0cf0f30d0b"}
[2017-08-21 12:59:33][info] 数据存储反馈成功！
[2017-08-21 12:59:33][info] success
[2017-08-21 12:59:33][info] 写入结束!!!
[2017-08-21 13:00:10][info] ----------------------------------------
[2017-08-21 13:00:10][info] {"discount":"0.00","payment_type":"1","trade_no":"2017082121001004400507066585","subject":"\u4e1d\u7ef8\u4e4b\u8def\u5168\u666f\u6e389\u65e5","buyer_email":"13985283007","gmt_create":"2017-08-21 13:00:01","notify_type":"trade_status_sync","quantity":"1","out_trade_no":"LX-17082112153412206-e","seller_id":"2088421286007493","notify_time":"2017-08-21 13:00:10","body":"\u72ec\u5bb6\u6c34\u4e0a\u9b54\u9b3c\u57ce-\u65e0\u4eba\u533a\u539f\u751f\u6001\u96c5\u4e39\u63a2\u79d8-\u9752\u6d77\u6e56-\u8336\u5361\u76d0\u6e56-\u83ab\u9ad8\u7a9f-\u9e23\u6c99\u5c71\u6708\u7259\u6cc9-\u5f20\u6396\u4e39\u971e-\u5353\u5c14\u5c719\u65e5\u6e38","trade_status":"TRADE_SUCCESS","is_total_fee_adjust":"N","total_fee":"1890.00","gmt_payment":"2017-08-21 13:00:10","seller_email":"2287684289@qq.com","price":"1890.00","buyer_id":"2088422228178404","notify_id":"8eb5e8c5451b4cf27450987f7acb0aej39","use_coupon":"N","sign_type":"MD5","sign":"82c1969efeefcc41ed382c9cfd2bfa1f"}
[2017-08-21 13:00:10][info] 数据存储反馈成功！
[2017-08-21 13:00:10][info] success
[2017-08-21 13:00:10][info] 写入结束!!!
[2017-08-21 13:10:50][info] ----------------------------------------
[2017-08-21 13:10:50][info] {"discount":"0.00","payment_type":"1","trade_no":"2017082121001004320507416620","subject":"\u5317\u7586\u5dc5\u5cf0","buyer_email":"lilyandcat@126.com","gmt_create":"2017-08-21 13:10:39","notify_type":"trade_status_sync","quantity":"1","out_trade_no":"LX-17081713112830706-9","seller_id":"2088421286007493","notify_time":"2017-08-21 13:10:49","body":"\u79be\u672848\u5c0f\u65f6-\u5580\u7eb3\u65af-\u767d\u54c8\u5df4-\u4e94\u5f69\u6ee9-\u53cc\u53676\u65e5\u6e38","trade_status":"TRADE_SUCCESS","is_total_fee_adjust":"N","total_fee":"3880.00","gmt_payment":"2017-08-21 13:10:49","seller_email":"2287684289@qq.com","price":"3880.00","buyer_id":"2088102855573329","notify_id":"dcef863ffcbf23737f30d2f91cb9a06ih1","use_coupon":"N","sign_type":"MD5","sign":"832afc612637b33e41b210e03cbeed1b"}
[2017-08-21 13:10:50][info] 数据存储反馈成功！
[2017-08-21 13:10:50][info] success
[2017-08-21 13:10:50][info] 写入结束!!!
[2017-08-21 14:40:18][info] ----------------------------------------
[2017-08-21 14:40:18][info] {"discount":"0.00","payment_type":"1","trade_no":"2017082121001004460507323468","subject":"\u5317\u7586\u91d1\u79cb\u81f3\u5c0a10\u65e5\u6e38","buyer_email":"15988899121@163.com","gmt_create":"2017-08-21 14:39:42","notify_type":"trade_status_sync","quantity":"1","out_trade_no":"LX-17081914071078706-1","seller_id":"2088421286007493","notify_time":"2017-08-21 14:40:18","body":"38\u5c0f\u65f6\u79be\u6728-\u5580\u7eb3\u65af-\u767d\u54c8\u5df4-\u53ef\u53ef\u82cf\u91cc\u6e56-\u53ef\u53ef\u6258\u6d77-\u4e94\u5f69\u6ee9-\u9b54\u9b3c\u57ce10\u65e5\u5927\u73af\u7ebf","trade_status":"TRADE_SUCCESS","is_total_fee_adjust":"N","total_fee":"5280.00","gmt_payment":"2017-08-21 14:40:18","seller_email":"2287684289@qq.com","price":"5280.00","buyer_id":"2088002466776460","notify_id":"215543cb9799251db96d2685e4e04a5jjx","use_coupon":"N","sign_type":"MD5","sign":"488b4e8312d4fb30c619e94e23948752"}
[2017-08-21 14:40:18][info] 数据存储反馈成功！
[2017-08-21 14:40:18][info] success
[2017-08-21 14:40:18][info] 写入结束!!!
[2017-08-21 21:02:50][info] ----------------------------------------
[2017-08-21 21:02:50][info] {"discount":"0.00","payment_type":"1","trade_no":"2017082121001004960236691553","subject":"\u5317\u7586\u91d1\u79cb\u7ecf\u5178\u73af\u7ebf","buyer_email":"ycxlw6604@163.com","gmt_create":"2017-08-21 21:02:24","notify_type":"trade_status_sync","quantity":"1","out_trade_no":"LX-17081612112480601-f","seller_id":"2088421286007493","notify_time":"2017-08-21 21:02:50","body":"\u5580\u7eb3\u65af-\u767d\u54c8\u5df4-\u79be\u6728-\u4e94\u5f69\u6ee9-\u9b54\u9b3c\u57ce-\u53ef\u53ef\u6258\u6d77 9\u65e5\u6df1\u5ea6\u6e38","trade_status":"TRADE_SUCCESS","is_total_fee_adjust":"N","total_fee":"4880.00","gmt_payment":"2017-08-21 21:02:49","seller_email":"2287684289@qq.com","price":"4880.00","buyer_id":"2088802477991962","notify_id":"4e1ce31c5a92310041f1b46ebad983aneq","use_coupon":"N","sign_type":"MD5","sign":"410361eb65d1c0b5f6983f21a8d77a41"}
[2017-08-21 21:02:50][info] 数据存储反馈成功！
[2017-08-21 21:02:50][info] success
[2017-08-21 21:02:50][info] 写入结束!!!
[2017-08-21 21:18:04][info] ----------------------------------------
[2017-08-21 21:18:04][info] {"discount":"0.00","payment_type":"1","trade_no":"2017052021001004380240368103","subject":"\u8d35\u5dde\u5168\u666f\u6e38","buyer_email":"491044936@qq.com","gmt_create":"2017-05-20 21:16:22","notify_type":"trade_status_sync","quantity":"1","out_trade_no":"LX-17050116275992006-d","seller_id":"2088421286007493","notify_time":"2017-08-21 21:18:04","body":"\u79d8\u5883\u8302\u5170-\u8354\u6ce2-\u9ed4\u4e1c\u5357-\u9547\u8fdc-\u897f\u6c5f\u82d7\u5be8-\u9ec4\u679c\u6811\u6df1\u5ea6\u7eaf\u73a9\u4e5d\u65e5\u6e38","trade_status":"TRADE_FINISHED","is_total_fee_adjust":"N","total_fee":"7800.00","gmt_payment":"2017-05-20 21:17:12","seller_email":"2287684289@qq.com","gmt_close":"2017-08-21 21:18:04","price":"7800.00","buyer_id":"2088502761719381","notify_id":"524f8d544d3d82053cf1d68c7e5e48fixm","use_coupon":"N","sign_type":"MD5","sign":"3874eb5078242a98f22d755ec36a98f0"}
[2017-08-21 21:18:04][info] 数据存储反馈成功！
[2017-08-21 21:18:04][info] success
[2017-08-21 21:18:04][info] 写入结束!!!
[2017-08-21 21:24:29][info] ----------------------------------------
[2017-08-21 21:24:29][info] {"discount":"0.00","payment_type":"1","trade_no":"2017082121001004340508180880","subject":"\u65b0\u7586\u91d1\u79cb\u5927\u73af\u7ebf","buyer_email":"18910856319","gmt_create":"2017-08-21 21:24:19","notify_type":"trade_status_sync","quantity":"1","out_trade_no":"LX-17082119403550701-2","seller_id":"2088421286007493","notify_time":"2017-08-21 21:24:29","body":"\u5580\u7eb3\u65af-\u79be\u6728-\u767d\u54c8\u5df4-\u8d5b\u91cc\u6728\u6e56-\u5df4\u97f3\u5e03\u9c81\u514b-\u5410\u9c81\u756a-\u5854\u91cc\u6728\u6cb3\u80e1\u6768\u679712\u65e5\u6df1\u5ea6\u6e38","trade_status":"TRADE_SUCCESS","is_total_fee_adjust":"N","total_fee":"2940.00","gmt_payment":"2017-08-21 21:24:28","seller_email":"2287684289@qq.com","price":"2940.00","buyer_id":"2088022768614345","notify_id":"aa0e3b1dce5f1c939bb50f63d4cd5afiml","use_coupon":"N","sign_type":"MD5","sign":"59ae6eaeffb4b4e213899ad03a4a79e8"}
[2017-08-21 21:24:29][info] 数据存储反馈成功！
[2017-08-21 21:24:29][info] success
[2017-08-21 21:24:29][info] 写入结束!!!
[2017-08-21 21:25:10][info] ----------------------------------------
[2017-08-21 21:25:10][info] {"discount":"0.00","payment_type":"1","trade_no":"2017082121001004080513694457","subject":"\u989d\u6d4e\u7eb3\u6700\u7f8e\u9ad8\u94c1\u56e2","buyer_email":"13305198081","gmt_create":"2017-08-21 21:24:08","notify_type":"trade_status_sync","quantity":"1","out_trade_no":"LX-17082120204929606-4","seller_id":"2088421286007493","notify_time":"2017-08-21 21:25:10","body":"2017\u989d\u6d4e\u7eb3\u65d7\u80e1\u6768\u6797\u516d\u65e5\u6e38-\u9886\u8896\u6237\u5916\u72ec\u5bb6\u9996\u521b","trade_status":"TRADE_SUCCESS","is_total_fee_adjust":"N","total_fee":"4380.00","gmt_payment":"2017-08-21 21:25:10","seller_email":"2287684289@qq.com","price":"4380.00","buyer_id":"2088002875400086","notify_id":"d30da21b4464a231f02cffd44fa5647gmd","use_coupon":"N","sign_type":"MD5","sign":"8a01e354a5436d37915d55b87108d373"}
[2017-08-21 21:25:10][info] 数据存储反馈成功！
[2017-08-21 21:25:10][info] success
[2017-08-21 21:25:10][info] 写入结束!!!
[2017-08-21 22:03:27][info] ----------------------------------------
[2017-08-21 22:03:27][info] {"discount":"0.00","payment_type":"1","trade_no":"2017082121001004810205447561","subject":"\u5317\u7586\u91d1\u79cb\u81f3\u5c0a10\u65e5\u6e38","buyer_email":"83562456@qq.com","gmt_create":"2017-08-21 22:03:20","notify_type":"trade_status_sync","quantity":"1","out_trade_no":"LX-17082120525121101-9","seller_id":"2088421286007493","notify_time":"2017-08-21 22:03:27","body":"38\u5c0f\u65f6\u79be\u6728-\u5580\u7eb3\u65af-\u767d\u54c8\u5df4-\u53ef\u53ef\u82cf\u91cc\u6e56-\u53ef\u53ef\u6258\u6d77-\u4e94\u5f69\u6ee9-\u9b54\u9b3c\u57ce10\u65e5\u5927\u73af\u7ebf","trade_status":"TRADE_SUCCESS","is_total_fee_adjust":"N","total_fee":"2650.00","gmt_payment":"2017-08-21 22:03:27","seller_email":"2287684289@qq.com","price":"2650.00","buyer_id":"2088002492463817","notify_id":"a923810b204e8292589f61e968a0555m92","use_coupon":"N","sign_type":"MD5","sign":"89790c82f6efe30bd37f5cc67dec51e8"}
[2017-08-21 22:03:28][info] 数据存储反馈成功！
[2017-08-21 22:03:28][info] success
[2017-08-21 22:03:28][info] 写入结束!!!
