[2017-10-24 09:50:26][info] ----------------------------------------
[2017-10-24 09:50:26][info] {"discount":"0.00","payment_type":"1","trade_no":"2017102421001004740241541721","subject":"\u7a3b\u57ce\u91d1\u79cb","buyer_email":"13809040503","gmt_create":"2017-10-24 09:49:45","notify_type":"trade_status_sync","quantity":"1","out_trade_no":"LX-1710221007415206-0","seller_id":"2088421286007493","notify_time":"2017-10-24 09:50:25","body":"\u7a3b\u57ce\u4e9a\u4e01-\u65b0\u90fd\u6865-\u4e39\u5df4-\u56db\u59d1\u5a18\u5c71\u4e5d\u65e5\u6df1\u5ea6\u6e38","trade_status":"TRADE_SUCCESS","is_total_fee_adjust":"N","total_fee":"3400.00","gmt_payment":"2017-10-24 09:50:25","seller_email":"2287684289@qq.com","price":"3400.00","buyer_id":"2088702740619749","notify_id":"4c5adaa487fa91d35a9cb1c951d9a26lpm","use_coupon":"N","sign_type":"MD5","sign":"d9372bc920bfe3903847bf0227b56eb4"}
[2017-10-24 09:50:26][info] 数据存储反馈成功！
[2017-10-24 09:50:26][info] success
[2017-10-24 09:50:26][info] 写入结束!!!
[2017-10-24 10:16:56][info] ----------------------------------------
[2017-10-24 10:16:56][info] {"discount":"0.00","payment_type":"1","trade_no":"2017102421001004570231863337","subject":"\u79e6\u5df4\u79cb\u8272","buyer_email":"13816524426","gmt_create":"2017-10-24 10:16:44","notify_type":"trade_status_sync","quantity":"1","out_trade_no":"LX-17101411423095301-4","seller_id":"2088421286007493","notify_time":"2017-10-24 10:16:56","body":"\u9ec4\u67cf\u586c-\u5149\u96fe\u5c71-\u79e6\u5cad\u91d1\u4e1d\u7334-\u5927\u7bad\u6c9f-\u5927\u5c0f\u5170\u6c9f-\u5341\u516b\u6708\u6f6d\u79cb\u8272\u6444\u5f717\u65e5","trade_status":"TRADE_SUCCESS","is_total_fee_adjust":"N","total_fee":"3580.00","gmt_payment":"2017-10-24 10:16:55","seller_email":"2287684289@qq.com","price":"3580.00","buyer_id":"2088812120686570","notify_id":"55a3ca015e4d6cb9e1805391af1ab52kee","use_coupon":"N","sign_type":"MD5","sign":"8e3b75705d6fbe9ec97f91a292a0ff79"}
[2017-10-24 10:16:56][info] 数据存储反馈成功！
[2017-10-24 10:16:56][info] success
[2017-10-24 10:16:56][info] 写入结束!!!
[2017-10-24 11:27:56][info] ----------------------------------------
[2017-10-24 11:27:56][info] {"discount":"0.00","payment_type":"1","trade_no":"2017072321001004650276576999","subject":"\u7518\u5357\u5168\u666f","buyer_email":"13922872738","gmt_create":"2017-07-23 11:14:42","notify_type":"trade_status_sync","quantity":"1","out_trade_no":"LX-17071213572596701-2","seller_id":"2088421286007493","notify_time":"2017-10-24 11:27:56","body":"2017\u5e74\u72ec\u5bb6  \u62c9\u535c\u695e\u5bfa-\u624e\u5c15\u90a3-\u82b1\u6e56-\u5e74\u5b9d\u7389\u5219-\u82e5\u5c14\u76d6\u8349\u539f-\u963f\u4e07\u4ed3\u6e7f\u5730-\u5c15\u6d77\u6e56-\u90ce\u6728\u5bfa 8\u65e5\u6e38","trade_status":"TRADE_FINISHED","is_total_fee_adjust":"N","total_fee":"6560.00","gmt_payment":"2017-07-23 11:27:29","seller_email":"2287684289@qq.com","gmt_close":"2017-10-24 11:27:56","price":"6560.00","buyer_id":"2088522322626655","notify_id":"560b65bd4b44616ee5168b3a5b0ed99l0m","use_coupon":"N","sign_type":"MD5","sign":"dbf7d8319f7fb515572d212359f60546"}
[2017-10-24 11:27:56][info] 数据存储反馈成功！
[2017-10-24 11:27:56][info] success
[2017-10-24 11:27:56][info] 写入结束!!!
[2017-10-24 13:26:13][info] ----------------------------------------
[2017-10-24 13:26:13][info] {"discount":"0.00","payment_type":"1","trade_no":"2017102421001004270299596951","subject":"\u5ddd\u897f\u79cb\u97f5","buyer_email":"13691737686","gmt_create":"2017-10-24 13:25:59","notify_type":"trade_status_sync","quantity":"1","out_trade_no":"LX-17102214031111206-c","seller_id":"2088421286007493","notify_time":"2017-10-24 13:26:13","body":"\u515a\u5cad-\u846b\u82a6\u6d77-\u91d1\u5ddd\u795e\u4ed9-\u4e39\u5df4\u85cf\u5be8-\u56db\u59d1\u5a18\u5c71\u591a\u5f69\u79cb\u8272\u6df1\u5ea6\u6e388\u65e5","trade_status":"TRADE_SUCCESS","is_total_fee_adjust":"N","total_fee":"7360.00","gmt_payment":"2017-10-24 13:26:12","seller_email":"2287684289@qq.com","price":"7360.00","buyer_id":"2088722840684276","notify_id":"1cd57152dcc86a698bf060d791c6ec2i32","use_coupon":"N","sign_type":"MD5","sign":"9d19ab3736a1e14bc4f34014bf9c03a9"}
[2017-10-24 13:26:13][info] 数据存储反馈成功！
[2017-10-24 13:26:13][info] success
[2017-10-24 13:26:13][info] 写入结束!!!
[2017-10-24 13:51:01][info] ----------------------------------------
[2017-10-24 13:51:01][info] {"discount":"0.00","payment_type":"1","trade_no":"2017072321001004910285136867","subject":"\u4e1d\u7ef8\u4e4b\u8def\u5168\u666f\u6e389\u65e5","buyer_email":"15906533118","gmt_create":"2017-07-23 13:50:46","notify_type":"trade_status_sync","quantity":"1","out_trade_no":"LX-17072313373883801-1","seller_id":"2088421286007493","notify_time":"2017-10-24 13:51:01","body":"\u72ec\u5bb6\u6c34\u4e0a\u9b54\u9b3c\u57ce-\u65e0\u4eba\u533a\u539f\u751f\u6001\u96c5\u4e39\u63a2\u79d8-\u9752\u6d77\u6e56-\u8336\u5361\u76d0\u6e56-\u83ab\u9ad8\u7a9f-\u9e23\u6c99\u5c71\u6708\u7259\u6cc9-\u5f20\u6396\u4e39\u971e-\u5353\u5c14\u5c719\u65e5\u6e38","trade_status":"TRADE_FINISHED","is_total_fee_adjust":"N","total_fee":"3780.00","gmt_payment":"2017-07-23 13:50:56","seller_email":"2287684289@qq.com","gmt_close":"2017-10-24 13:51:01","price":"3780.00","buyer_id":"2088702492650913","notify_id":"1dd87804db9d9f8dbc12ab9e7a683ffn0u","use_coupon":"N","sign_type":"MD5","sign":"c31af1c6fb81da581ac576f33c72b447"}
[2017-10-24 13:51:01][info] 数据存储反馈成功！
[2017-10-24 13:51:01][info] success
[2017-10-24 13:51:01][info] 写入结束!!!
[2017-10-24 15:31:06][info] ----------------------------------------
[2017-10-24 15:31:06][info] {"discount":"0.00","payment_type":"1","trade_no":"2017072321001004980207109749","subject":"\u7518\u5357\u5168\u666f","buyer_email":"13805163280","gmt_create":"2017-07-23 15:30:12","notify_type":"trade_status_sync","quantity":"1","out_trade_no":"LX-1707222143095506-d","seller_id":"2088421286007493","notify_time":"2017-10-24 15:31:06","body":"2017\u5e74\u72ec\u5bb6  \u62c9\u535c\u695e\u5bfa-\u624e\u5c15\u90a3-\u82b1\u6e56-\u5e74\u5b9d\u7389\u5219-\u82e5\u5c14\u76d6\u8349\u539f-\u963f\u4e07\u4ed3\u6e7f\u5730-\u5c15\u6d77\u6e56-\u90ce\u6728\u5bfa 8\u65e5\u6e38","trade_status":"TRADE_FINISHED","is_total_fee_adjust":"N","total_fee":"8640.00","gmt_payment":"2017-07-23 15:30:52","seller_email":"2287684289@qq.com","gmt_close":"2017-10-24 15:31:06","price":"8640.00","buyer_id":"2088002947016982","notify_id":"a062fa12c023cfb6559029259042980nka","use_coupon":"N","sign_type":"MD5","sign":"7de2a4f390a80b248ad35fc087cf40cb"}
[2017-10-24 15:31:06][info] 数据存储反馈成功！
[2017-10-24 15:31:06][info] success
[2017-10-24 15:31:06][info] 写入结束!!!
[2017-10-24 15:31:57][info] ----------------------------------------
[2017-10-24 15:31:57][info] {"discount":"0.00","payment_type":"1","trade_no":"2017072321001004670265968172","subject":"\u7518\u5357\u5168\u666f","buyer_email":"13001183378","gmt_create":"2017-07-23 15:31:36","notify_type":"trade_status_sync","quantity":"1","out_trade_no":"LX-17071120330323906-3","seller_id":"2088421286007493","notify_time":"2017-10-24 15:31:57","body":"2017\u5e74\u72ec\u5bb6  \u62c9\u535c\u695e\u5bfa-\u624e\u5c15\u90a3-\u82b1\u6e56-\u5e74\u5b9d\u7389\u5219-\u82e5\u5c14\u76d6\u8349\u539f-\u963f\u4e07\u4ed3\u6e7f\u5730-\u5c15\u6d77\u6e56-\u90ce\u6728\u5bfa 8\u65e5\u6e38","trade_status":"TRADE_FINISHED","is_total_fee_adjust":"N","total_fee":"3280.00","gmt_payment":"2017-07-23 15:31:45","seller_email":"2287684289@qq.com","gmt_close":"2017-10-24 15:31:57","price":"3280.00","buyer_id":"2088712826840677","notify_id":"7cebf6c593579319bde58eb19cf7eb1l66","use_coupon":"N","sign_type":"MD5","sign":"6d7fca4bf682b40c7d680d1177c5f61f"}
[2017-10-24 15:31:57][info] 数据存储反馈成功！
[2017-10-24 15:31:57][info] success
[2017-10-24 15:31:57][info] 写入结束!!!
[2017-10-24 16:22:06][info] ----------------------------------------
[2017-10-24 16:22:06][info] {"discount":"0.00","payment_type":"1","trade_no":"2017072321001004360245189103","subject":"\u7518\u5357\u5168\u666f","buyer_email":"13701446358","gmt_create":"2017-07-23 16:18:25","notify_type":"trade_status_sync","quantity":"1","out_trade_no":"LX-17072315453794106-d","seller_id":"2088421286007493","notify_time":"2017-10-24 16:22:06","body":"2017\u5e74\u72ec\u5bb6  \u62c9\u535c\u695e\u5bfa-\u624e\u5c15\u90a3-\u82b1\u6e56-\u5e74\u5b9d\u7389\u5219-\u82e5\u5c14\u76d6\u8349\u539f-\u963f\u4e07\u4ed3\u6e7f\u5730-\u5c15\u6d77\u6e56-\u90ce\u6728\u5bfa 8\u65e5\u6e38","trade_status":"TRADE_FINISHED","is_total_fee_adjust":"N","total_fee":"13120.00","gmt_payment":"2017-07-23 16:21:50","seller_email":"2287684289@qq.com","gmt_close":"2017-10-24 16:22:05","price":"13120.00","buyer_id":"2088312694560365","notify_id":"9e8bbef8a2203a60b055d7a506571c8is2","use_coupon":"N","sign_type":"MD5","sign":"c2bd4c82fc89003781eebfca63e2afce"}
[2017-10-24 16:22:06][info] 数据存储反馈成功！
[2017-10-24 16:22:06][info] success
[2017-10-24 16:22:06][info] 写入结束!!!
[2017-10-24 16:42:47][info] ----------------------------------------
[2017-10-24 16:42:47][info] {"discount":"0.00","payment_type":"1","trade_no":"2017102421001004290294007809","subject":"\u5fc3\u82b1\u8def\u653e","buyer_email":"17791641275","gmt_create":"2017-10-24 16:42:25","notify_type":"trade_status_sync","quantity":"1","out_trade_no":"LX-17102414521027106-b","seller_id":"2088421286007493","notify_time":"2017-10-24 16:42:47","body":"\u5927\u7406\u53cc\u5eca\u3001\u6c99\u6eaa\u53e4\u9547\u3001\u4e3d\u6c5f\u53e4\u57ce\u3001\u9999\u683c\u91cc\u62c9\u3001\u6cf8\u6cbd\u6e567\u65e5\u6ec7\u897f\u5317\u5168\u666f\u6df1\u5ea6\u6e38","trade_status":"TRADE_SUCCESS","is_total_fee_adjust":"N","total_fee":"6560.00","gmt_payment":"2017-10-24 16:42:46","seller_email":"2287684289@qq.com","price":"6560.00","buyer_id":"2088422257014298","notify_id":"465455bf89ae11360d7c0aa4a526047i8m","use_coupon":"N","sign_type":"MD5","sign":"e3b4a128183082982273975dded36683"}
[2017-10-24 16:42:47][info] 数据存储反馈成功！
[2017-10-24 16:42:47][info] success
[2017-10-24 16:42:47][info] 写入结束!!!
[2017-10-24 23:49:07][info] ----------------------------------------
[2017-10-24 23:49:07][info] {"discount":"0.00","payment_type":"1","trade_no":"2017072321001004390232495526","subject":"\u7518\u5357\u5168\u666f","buyer_email":"wangbm2007@gmail.com","gmt_create":"2017-07-23 23:45:30","notify_type":"trade_status_sync","quantity":"1","out_trade_no":"LX-17061515523157201-6","seller_id":"2088421286007493","notify_time":"2017-10-24 23:49:07","body":"2017\u5e74\u72ec\u5bb6  \u62c9\u535c\u695e\u5bfa-\u624e\u5c15\u90a3-\u82b1\u6e56-\u5e74\u5b9d\u7389\u5219-\u82e5\u5c14\u76d6\u8349\u539f-\u963f\u4e07\u4ed3\u6e7f\u5730-\u5c15\u6d77\u6e56-\u90ce\u6728\u5bfa 8\u65e5\u6e38","trade_status":"TRADE_FINISHED","is_total_fee_adjust":"N","total_fee":"4320.00","gmt_payment":"2017-07-23 23:48:11","seller_email":"2287684289@qq.com","gmt_close":"2017-10-24 23:49:07","price":"4320.00","buyer_id":"2088402170366391","notify_id":"aa02513904edefdd30aae2861ffb30fj0e","use_coupon":"N","sign_type":"MD5","sign":"29960afff77a43bbec95be0deffa8ea1"}
[2017-10-24 23:49:07][info] 数据存储反馈成功！
[2017-10-24 23:49:07][info] success
[2017-10-24 23:49:07][info] 写入结束!!!
