[2017-09-18 04:41:34][info] ----------------------------------------
[2017-09-18 04:41:34][info] {"discount":"0.00","payment_type":"1","trade_no":"2017091821001004580200288125","subject":"\u5f92\u6b65\u817e\u683c\u91cc","buyer_email":"185116245@qq.com","gmt_create":"2017-09-18 04:41:04","notify_type":"trade_status_sync","quantity":"1","out_trade_no":"LX-17091601551486001-2","seller_id":"2088421286007493","notify_time":"2017-09-18 04:41:33","body":"\u817e\u683c\u91cc\u6c99\u6f20\u4e94\u6e56\u8f7b\u88c5\u5f92\u6b65\u7a7f\u8d8a-\u5929\u5e55\u9732\u84254\u65e5\u4f53\u9a8c\u6e38","trade_status":"TRADE_SUCCESS","is_total_fee_adjust":"N","total_fee":"5218.00","gmt_payment":"2017-09-18 04:41:33","seller_email":"2287684289@qq.com","price":"5218.00","buyer_id":"2088002023311585","notify_id":"d328504be8f91f6feeaf0b75ffce206kh6","use_coupon":"N","sign_type":"MD5","sign":"fb22b0df1efba11f727a5da4f788d22c"}
[2017-09-18 04:41:34][info] 数据存储反馈成功！
[2017-09-18 04:41:34][info] success
[2017-09-18 04:41:34][info] 写入结束!!!
[2017-09-18 10:01:52][info] ----------------------------------------
[2017-09-18 10:01:52][info] {"discount":"0.00","payment_type":"1","trade_no":"2017091821001004280276807983","subject":"\u7a3b\u57ce\u91d1\u79cb","buyer_email":"alphacjmay@sina.com","gmt_create":"2017-09-18 10:01:40","notify_type":"trade_status_sync","quantity":"1","out_trade_no":"LX-1708101247393901-0","seller_id":"2088421286007493","notify_time":"2017-09-18 10:01:52","body":"\u7a3b\u57ce\u4e9a\u4e01-\u65b0\u90fd\u6865-\u4e39\u5df4-\u4e5d\u65e5\u6df1\u5ea6\u6e38","trade_status":"TRADE_SUCCESS","is_total_fee_adjust":"N","total_fee":"1940.00","gmt_payment":"2017-09-18 10:01:52","seller_email":"2287684289@qq.com","price":"1940.00","buyer_id":"2088002008450283","notify_id":"24ce35a6291c2e1492e64902c10c05bi5u","use_coupon":"N","sign_type":"MD5","sign":"bce2dfae5a2508e33324b9eb131ef4a7"}
[2017-09-18 10:01:52][info] 数据存储反馈成功！
[2017-09-18 10:01:52][info] success
[2017-09-18 10:01:52][info] 写入结束!!!
[2017-09-18 10:20:25][info] ----------------------------------------
[2017-09-18 10:20:25][info] {"discount":"0.00","payment_type":"1","trade_no":"2017091821001004720247060647","subject":"\u65b0\u7586\u91d1\u79cb\u5927\u73af\u7ebf","buyer_email":"ran1011@sina.com","gmt_create":"2017-09-18 10:20:14","notify_type":"trade_status_sync","quantity":"1","out_trade_no":"LX-17073120315054401-b","seller_id":"2088421286007493","notify_time":"2017-09-18 10:20:25","body":"\u5580\u7eb3\u65af-\u79be\u6728-\u767d\u54c8\u5df4-\u8d5b\u91cc\u6728\u6e56-\u5df4\u97f3\u5e03\u9c81\u514b-\u5410\u9c81\u756a-\u5854\u91cc\u6728\u6cb3\u80e1\u6768\u679712\u65e5\u6df1\u5ea6\u6e38","trade_status":"TRADE_SUCCESS","is_total_fee_adjust":"N","total_fee":"5330.00","gmt_payment":"2017-09-18 10:20:25","seller_email":"2287684289@qq.com","price":"5330.00","buyer_id":"2088002137569720","notify_id":"ec77b2f48de99af71d04945f0ba16d8lk2","use_coupon":"N","sign_type":"MD5","sign":"6c79ebe2f7ac39d4a5b98bdf442b218b"}
[2017-09-18 10:20:26][info] 数据存储反馈成功！
[2017-09-18 10:20:26][info] success
[2017-09-18 10:20:26][info] 写入结束!!!
[2017-09-18 11:04:37][info] ----------------------------------------
[2017-09-18 11:04:37][info] {"discount":"0.00","payment_type":"1","trade_no":"2017091821001004920267174573","subject":"\u4e3d\u6c34\u5168\u666f\u6444\u5f71","buyer_email":"13805088444","gmt_create":"2017-09-18 11:04:19","notify_type":"trade_status_sync","quantity":"1","out_trade_no":"LX-17091810554497801-a","seller_id":"2088421286007493","notify_time":"2017-09-18 11:04:37","body":"4-10\u6708\uff0c\u6c34\u58a8\u4ed9\u90fd\uff0c\u74ef\u6c5f\u5e06\u5f71\uff0c\u5357\u5c16\u5ca9\u4e91\u6d77\uff0c\u4e91\u548c\u68af\u7530\uff0c\u677e\u9633\u53e4\u6751 5\u65e5\u98ce\u5149\u4eba\u6587\u6444\u5f71\u521b\u4f5c\u56e2","trade_status":"TRADE_SUCCESS","is_total_fee_adjust":"N","total_fee":"840.00","gmt_payment":"2017-09-18 11:04:37","seller_email":"2287684289@qq.com","price":"840.00","buyer_id":"2088722078360924","notify_id":"3a3632978846ca3ecbc410c3b4c25bcn3m","use_coupon":"N","sign_type":"MD5","sign":"8ca8e7b93a86f9dfa7669f38348360b9"}
[2017-09-18 11:04:38][info] 数据存储反馈成功！
[2017-09-18 11:04:38][info] success
[2017-09-18 11:04:38][info] 写入结束!!!
[2017-09-18 12:25:37][info] ----------------------------------------
[2017-09-18 12:25:37][info] {"discount":"0.00","payment_type":"1","trade_no":"2017091821001004680275694899","subject":"\u989d\u6d4e\u7eb3\u6700\u7f8e\u9ad8\u94c1\u56e2","buyer_email":"13430469700","gmt_create":"2017-09-18 12:25:12","notify_type":"trade_status_sync","quantity":"1","out_trade_no":"LX-17091121412845801-8","seller_id":"2088421286007493","notify_time":"2017-09-18 12:25:37","body":"2017\u989d\u6d4e\u7eb3\u65d7\u80e1\u6768\u6797\u516d\u65e5\u6e38-\u9886\u8896\u6237\u5916\u72ec\u5bb6\u9996\u521b","trade_status":"TRADE_SUCCESS","is_total_fee_adjust":"N","total_fee":"4780.00","gmt_payment":"2017-09-18 12:25:37","seller_email":"2287684289@qq.com","price":"4780.00","buyer_id":"2088912981651684","notify_id":"51207d7f76b699d8ef45baa6e497489l8y","use_coupon":"N","sign_type":"MD5","sign":"83dc25802326b4b6026dec005a9afe97"}
[2017-09-18 12:25:38][info] 数据存储反馈成功！
[2017-09-18 12:25:38][info] success
[2017-09-18 12:25:38][info] 写入结束!!!
[2017-09-18 13:17:49][info] ----------------------------------------
[2017-09-18 13:17:49][info] {"discount":"0.00","payment_type":"1","trade_no":"2017091821001004240258997017","subject":"\u9955\u992e\u8d4f\u79cb","buyer_email":"13248252026","gmt_create":"2017-09-18 13:17:36","notify_type":"trade_status_sync","quantity":"1","out_trade_no":"LX-17090917325837306-f","seller_id":"2088421286007493","notify_time":"2017-09-18 13:17:48","body":"\u9752\u6d77\u6e56-\u8336\u5361\u76d0\u6e56-\u83ab\u9ad8\u7a9f-\u9e23\u6c99\u5c71-\u6708\u7259\u6cc9-\u5609\u5cea\u5173-\u989d\u6d4e\u7eb3\u80e1\u6768\u6797-\u5353\u5c14\u5c7110\u65e5\u5927\u73af\u7ebf","trade_status":"TRADE_SUCCESS","is_total_fee_adjust":"N","total_fee":"2890.00","gmt_payment":"2017-09-18 13:17:48","seller_email":"2287684289@qq.com","price":"2890.00","buyer_id":"2088602082265241","notify_id":"72815d0a7621c2811c74c72d271d8a1huq","use_coupon":"N","sign_type":"MD5","sign":"36f0c6357f0f6806dc37162053175056"}
[2017-09-18 13:17:49][info] 数据存储反馈成功！
[2017-09-18 13:17:49][info] success
[2017-09-18 13:17:49][info] 写入结束!!!
[2017-09-18 15:09:17][info] ----------------------------------------
[2017-09-18 15:09:17][info] {"discount":"0.00","payment_type":"1","trade_no":"2017091821001004950266487761","subject":"\u7a3b\u57ce\u91d1\u79cb","buyer_email":"sharondong_2009@163.com","gmt_create":"2017-09-18 15:07:58","notify_type":"trade_status_sync","quantity":"1","out_trade_no":"LX-17090918343094406-a","seller_id":"2088421286007493","notify_time":"2017-09-18 15:09:17","body":"\u7a3b\u57ce\u4e9a\u4e01-\u65b0\u90fd\u6865-\u4e39\u5df4-\u56db\u59d1\u5a18\u5c71\u4e5d\u65e5\u6df1\u5ea6\u6e38","trade_status":"TRADE_SUCCESS","is_total_fee_adjust":"N","total_fee":"1940.00","gmt_payment":"2017-09-18 15:09:16","seller_email":"2287684289@qq.com","price":"1940.00","buyer_id":"2088002747910950","notify_id":"ec31d15a5fe5eb04d65b3ebf57c666dnby","use_coupon":"N","sign_type":"MD5","sign":"e93a907484ca07baa4fd9757275ff9c4"}
[2017-09-18 15:09:17][info] 数据存储反馈成功！
[2017-09-18 15:09:17][info] success
[2017-09-18 15:09:17][info] 写入结束!!!
[2017-09-18 15:09:47][info] ----------------------------------------
[2017-09-18 15:09:47][info] {"discount":"0.00","payment_type":"1","trade_no":"2017091821001004760261221794","subject":"\u7a3b\u57ce\u91d1\u79cb","buyer_email":"13909584020","gmt_create":"2017-09-18 15:09:07","notify_type":"trade_status_sync","quantity":"1","out_trade_no":"LX-17091619281126906-3","seller_id":"2088421286007493","notify_time":"2017-09-18 15:09:47","body":"\u7a3b\u57ce\u4e9a\u4e01-\u65b0\u90fd\u6865-\u4e39\u5df4-\u56db\u59d1\u5a18\u5c71\u4e5d\u65e5\u6df1\u5ea6\u6e38","trade_status":"TRADE_SUCCESS","is_total_fee_adjust":"N","total_fee":"1940.00","gmt_payment":"2017-09-18 15:09:47","seller_email":"2287684289@qq.com","price":"1940.00","buyer_id":"2088022757009765","notify_id":"b46d3066a0707878f0374134a77a910lv6","use_coupon":"N","sign_type":"MD5","sign":"f37d78138ab40349e039e4bf81aef0fe"}
[2017-09-18 15:09:48][info] 数据存储反馈成功！
[2017-09-18 15:09:48][info] success
[2017-09-18 15:09:48][info] 写入结束!!!
[2017-09-18 15:13:48][info] ----------------------------------------
[2017-09-18 15:13:48][info] {"discount":"0.00","payment_type":"1","trade_no":"2017091821001004580201315868","subject":"\u9955\u992e\u8d4f\u79cb","buyer_email":"mosquito914@163.com","gmt_create":"2017-09-18 15:13:42","notify_type":"trade_status_sync","quantity":"1","out_trade_no":"LX-17091514454646606-a","seller_id":"2088421286007493","notify_time":"2017-09-18 15:13:48","body":"\u9752\u6d77\u6e56-\u8336\u5361\u76d0\u6e56-\u83ab\u9ad8\u7a9f-\u9e23\u6c99\u5c71-\u6708\u7259\u6cc9-\u5609\u5cea\u5173-\u989d\u6d4e\u7eb3\u80e1\u6768\u6797-\u5353\u5c14\u5c7110\u65e5\u5927\u73af\u7ebf","trade_status":"TRADE_SUCCESS","is_total_fee_adjust":"N","total_fee":"10952.00","gmt_payment":"2017-09-18 15:13:48","seller_email":"2287684289@qq.com","price":"10952.00","buyer_id":"2088002967468585","notify_id":"ade3099a0965ec271fd75d9d02f94b9kh6","use_coupon":"N","sign_type":"MD5","sign":"545975f2fcdc31483bffa931594faf46"}
[2017-09-18 15:13:49][info] 数据存储反馈成功！
[2017-09-18 15:13:49][info] success
[2017-09-18 15:13:49][info] 写入结束!!!
[2017-09-18 16:15:10][info] ----------------------------------------
[2017-09-18 16:15:10][info] {"discount":"0.00","payment_type":"1","trade_no":"2017091821001004010238121272","subject":"\u989d\u6d4e\u7eb3\u6700\u7f8e\u9ad8\u94c1\u56e2","buyer_email":"85688704@qq.com","gmt_create":"2017-09-18 16:14:49","notify_type":"trade_status_sync","quantity":"1","out_trade_no":"LX-17091816051844601-4","seller_id":"2088421286007493","notify_time":"2017-09-18 16:15:10","body":"2017\u989d\u6d4e\u7eb3\u65d7\u80e1\u6768\u6797\u516d\u65e5\u6e38-\u9886\u8896\u6237\u5916\u72ec\u5bb6\u9996\u521b","trade_status":"TRADE_SUCCESS","is_total_fee_adjust":"N","total_fee":"7000.00","gmt_payment":"2017-09-18 16:15:10","seller_email":"2287684289@qq.com","price":"7000.00","buyer_id":"2088002220530017","notify_id":"3ec2873268b73dccc30a64319322970g2u","use_coupon":"N","sign_type":"MD5","sign":"c7711b8bee1895862738a55c75e3cb51"}
[2017-09-18 16:15:10][info] 数据存储反馈成功！
[2017-09-18 16:15:10][info] success
[2017-09-18 16:15:10][info] 写入结束!!!
[2017-09-18 17:00:18][info] ----------------------------------------
[2017-09-18 17:00:18][info] {"discount":"0.00","payment_type":"1","trade_no":"2017091821001004320286902660","subject":"\u7eaf\u575d\u4e0a\u4f11\u95f2","buyer_email":"lixin03033@163.com","gmt_create":"2017-09-18 17:00:01","notify_type":"trade_status_sync","quantity":"1","out_trade_no":"LX-17091816341431901-9","seller_id":"2088421286007493","notify_time":"2017-09-18 17:00:18","body":"\u201c\u72ec\u5bb6\u5b9a\u5236\u00b7\u6728\u5170\u56f4\u573a\u00b7\u7b56\u9a6c\u626c\u97ad\u201d\u4e94\u65e5\u4f11\u95f2\u7eaf\u73a9+\u6444\u5f71\u8d8a\u91ce\u4e4b\u65c5\uff01","trade_status":"TRADE_SUCCESS","is_total_fee_adjust":"N","total_fee":"6440.00","gmt_payment":"2017-09-18 17:00:18","seller_email":"2287684289@qq.com","price":"6440.00","buyer_id":"2088502886598326","notify_id":"ec0e383decbcd7b4675d886d5475a57igy","use_coupon":"N","sign_type":"MD5","sign":"f9a2e0a6e5a1caa76f347533fe9746e7"}
[2017-09-18 17:00:19][info] 数据存储反馈成功！
[2017-09-18 17:00:19][info] success
[2017-09-18 17:00:19][info] 写入结束!!!
[2017-09-18 17:23:50][info] ----------------------------------------
[2017-09-18 17:23:50][info] {"discount":"0.00","payment_type":"1","trade_no":"2017091821001004730202394513","subject":"\u5317\u7586\u91d1\u79cb\u81f3\u5c0a10\u65e5\u6e38","buyer_email":"13501598608","gmt_create":"2017-09-18 17:23:22","notify_type":"trade_status_sync","quantity":"1","out_trade_no":"LX-1709181446382506-b","seller_id":"2088421286007493","notify_time":"2017-09-18 17:23:50","body":"38\u5c0f\u65f6\u79be\u6728-\u5580\u7eb3\u65af-\u767d\u54c8\u5df4-\u53ef\u53ef\u82cf\u91cc\u6e56-\u53ef\u53ef\u6258\u6d77-\u4e94\u5f69\u6ee9-\u9b54\u9b3c\u57ce10\u65e5\u5927\u73af\u7ebf","trade_status":"TRADE_SUCCESS","is_total_fee_adjust":"N","total_fee":"11360.00","gmt_payment":"2017-09-18 17:23:49","seller_email":"2287684289@qq.com","price":"11360.00","buyer_id":"2088902578965733","notify_id":"57d578d0997a15bd11b67581cf15e05lmu","use_coupon":"N","sign_type":"MD5","sign":"092e9c093031b0fbf84264953af91f8e"}
[2017-09-18 17:23:50][info] 数据存储反馈成功！
[2017-09-18 17:23:50][info] success
[2017-09-18 17:23:50][info] 写入结束!!!
[2017-09-18 18:33:34][info] ----------------------------------------
[2017-09-18 18:33:34][info] {"discount":"0.00","payment_type":"1","trade_no":"2017091821001004670286761715","subject":"\u989d\u6d4e\u7eb3\u5168\u666f","buyer_email":"13543433721","gmt_create":"2017-09-18 18:32:51","notify_type":"trade_status_sync","quantity":"1","out_trade_no":"LX-17091722054763906-3","seller_id":"2088421286007493","notify_time":"2017-09-18 18:33:34","body":"\u989d\u6d4e\u7eb3\u80e1\u6768\u6797-\u6566\u714c\u5168\u666f-\u5df4\u4e39\u5409\u6797-\u5f20\u6396\u4e39\u971e-\u5609\u5cea\u5173-\u91d1\u5854\u80e1\u6768\u6797-\u52a8\u8f668\u65e5","trade_status":"TRADE_SUCCESS","is_total_fee_adjust":"N","total_fee":"7800.00","gmt_payment":"2017-09-18 18:33:34","seller_email":"2287684289@qq.com","price":"7800.00","buyer_id":"2088912927401670","notify_id":"0d66ef1da97d4478771fc176648b09cl66","use_coupon":"N","sign_type":"MD5","sign":"f3bade898c2c5120512a63df6cdd9495"}
[2017-09-18 18:33:35][info] 数据存储反馈成功！
[2017-09-18 18:33:35][info] success
[2017-09-18 18:33:35][info] 写入结束!!!
[2017-09-18 18:55:59][info] ----------------------------------------
[2017-09-18 18:55:59][info] {"discount":"0.00","payment_type":"1","trade_no":"2017091821001004300269104566","subject":"\u9955\u992e\u8d4f\u79cb","buyer_email":"tejia0424@aliyun.com","gmt_create":"2017-09-18 18:53:49","notify_type":"trade_status_sync","quantity":"1","out_trade_no":"LX-17091610402476401-c","seller_id":"2088421286007493","notify_time":"2017-09-18 18:55:59","body":"\u9752\u6d77\u6e56-\u8336\u5361\u76d0\u6e56-\u83ab\u9ad8\u7a9f-\u9e23\u6c99\u5c71-\u6708\u7259\u6cc9-\u5609\u5cea\u5173-\u989d\u6d4e\u7eb3\u80e1\u6768\u6797-\u5353\u5c14\u5c7110\u65e5\u5927\u73af\u7ebf","trade_status":"TRADE_SUCCESS","is_total_fee_adjust":"N","total_fee":"5790.00","gmt_payment":"2017-09-18 18:55:59","seller_email":"2287684289@qq.com","price":"5790.00","buyer_id":"2088002640856300","notify_id":"c69438943a9b75ef908e0882a6013eaibe","use_coupon":"N","sign_type":"MD5","sign":"8d0fa405f6c99d52313740d8d73e97f1"}
[2017-09-18 18:55:59][info] 数据存储反馈成功！
[2017-09-18 18:55:59][info] success
[2017-09-18 18:55:59][info] 写入结束!!!
[2017-09-18 19:35:29][info] ----------------------------------------
[2017-09-18 19:35:29][info] {"discount":"0.00","payment_type":"1","trade_no":"2017091821001004390243079103","subject":"\u989d\u6d4e\u7eb3\u6700\u7f8e\u9ad8\u94c1\u56e2","buyer_email":"sj900525@126.com","gmt_create":"2017-09-18 19:34:20","notify_type":"trade_status_sync","quantity":"1","out_trade_no":"LX-17091817375579106-6","seller_id":"2088421286007493","notify_time":"2017-09-18 19:35:29","body":"2017\u989d\u6d4e\u7eb3\u65d7\u80e1\u6768\u6797\u516d\u65e5\u6e38-\u9886\u8896\u6237\u5916\u72ec\u5bb6\u9996\u521b","trade_status":"TRADE_SUCCESS","is_total_fee_adjust":"N","total_fee":"3580.00","gmt_payment":"2017-09-18 19:35:28","seller_email":"2287684289@qq.com","price":"3580.00","buyer_id":"2088502464190391","notify_id":"569f9a8e461245ce6fee6c0fd7ba129j0e","use_coupon":"N","sign_type":"MD5","sign":"03e8213790d14dd1997f0f92b209ff34"}
[2017-09-18 19:35:29][info] 数据存储反馈成功！
[2017-09-18 19:35:29][info] success
[2017-09-18 19:35:29][info] 写入结束!!!
[2017-09-18 20:36:35][info] ----------------------------------------
[2017-09-18 20:36:35][info] {"discount":"0.00","payment_type":"1","trade_no":"2017091821001004950501106030","subject":"\u989d\u6d4e\u7eb3\u6444\u5f71B\u7ebf","buyer_email":"18183855040","gmt_create":"2017-09-18 20:36:22","notify_type":"trade_status_sync","quantity":"1","out_trade_no":"LX-1709181704257806-d","seller_id":"2088421286007493","notify_time":"2017-09-18 20:36:34","body":"\u989d\u6d4e\u7eb3\u80e1\u6768\u6797-\u5df4\u4e39\u5409\u6797\u8179\u5730-\u91d1\u5854\u80e1\u6768\u6797-\u602a\u6811\u6797-\u516b\u65e5","trade_status":"TRADE_SUCCESS","is_total_fee_adjust":"N","total_fee":"2490.00","gmt_payment":"2017-09-18 20:36:34","seller_email":"2287684289@qq.com","price":"2490.00","buyer_id":"2088902534055957","notify_id":"1c782664747fb17dd1b0c8889b194f9nc1","use_coupon":"N","sign_type":"MD5","sign":"16d99b5f3502db9cddd552918e6caf8c"}
[2017-09-18 20:36:35][info] 数据存储反馈成功！
[2017-09-18 20:36:35][info] success
[2017-09-18 20:36:35][info] 写入结束!!!
[2017-09-18 21:04:08][info] ----------------------------------------
[2017-09-18 21:04:08][info] {"discount":"0.00","payment_type":"1","trade_no":"2017061721001004740279892638","subject":"\u4e1d\u7ef8\u4e4b\u8def\u8f7b\u5962\u6e38","buyer_email":"18684953297","gmt_create":"2017-06-17 21:02:44","notify_type":"trade_status_sync","quantity":"1","out_trade_no":"LX-17060915224332506-e","seller_id":"2088421286007493","notify_time":"2017-09-18 21:04:08","body":"\u9752\u6d77\u6e56-\u8336\u5361\u76d0\u6e56-\u6c99\u5c9b-\u7941\u8fde\u5c71-\u5f20\u6396-\u5609\u5cea\u5173-\u6566\u714c9\u65e5\u6e38","trade_status":"TRADE_FINISHED","is_total_fee_adjust":"N","total_fee":"5480.00","gmt_payment":"2017-06-17 21:03:01","seller_email":"2287684289@qq.com","gmt_close":"2017-09-18 21:04:08","price":"5480.00","buyer_id":"2088012696836746","notify_id":"7e777777a0ae8216721bd1e49514d70lpm","use_coupon":"N","sign_type":"MD5","sign":"7d71327f3d533ee312b1b1e941ef8e4f"}
[2017-09-18 21:04:08][info] 数据存储反馈成功！
[2017-09-18 21:04:08][info] success
[2017-09-18 21:04:08][info] 写入结束!!!
[2017-09-18 21:19:43][info] ----------------------------------------
[2017-09-18 21:19:43][info] {"discount":"0.00","payment_type":"1","trade_no":"2017091821001004400281961439","subject":"\u5927\u7f8e\u8272\u7a3b","buyer_email":"zhoujun88261@hotmail.com","gmt_create":"2017-09-18 21:19:20","notify_type":"trade_status_sync","quantity":"1","out_trade_no":"LX-17091820255177701-c","seller_id":"2088421286007493","notify_time":"2017-09-18 21:19:42","body":"\u8272\u8fbe-\u7a3b\u57ce\u4e9a\u4e01-\u65b0\u90fd\u68659\u65e5\u5927\u73af\u7ebf","trade_status":"TRADE_SUCCESS","is_total_fee_adjust":"N","total_fee":"7160.00","gmt_payment":"2017-09-18 21:19:42","seller_email":"2287684289@qq.com","price":"7160.00","buyer_id":"2088002199509409","notify_id":"35c3d4030ec68c61669ad5a3cb3e868j36","use_coupon":"N","sign_type":"MD5","sign":"2ebd2716acf00ca573fc300d85b71bd0"}
[2017-09-18 21:19:43][info] 数据存储反馈成功！
[2017-09-18 21:19:43][info] success
[2017-09-18 21:19:43][info] 写入结束!!!
[2017-09-18 21:22:42][info] ----------------------------------------
[2017-09-18 21:22:42][info] {"discount":"0.00","payment_type":"1","trade_no":"2017091821001004210237412821","subject":"\u5317\u7586\u91d1\u79cb\u6444\u5f71","buyer_email":"clamptsubasa@126.com","gmt_create":"2017-09-18 21:22:36","notify_type":"trade_status_sync","quantity":"1","out_trade_no":"LX-17073010114672506-f","seller_id":"2088421286007493","notify_time":"2017-09-18 21:22:42","body":"\u5580\u7eb3\u65af-\u79be\u6728-\u767d\u54c8\u5df4-\u53ef\u53ef\u6258\u6d77-\u4e94\u5f69\u6ee9-\u53ef\u53ef\u82cf\u91cc\u6e56-\u9b54\u9b3c\u57ce\u79cb\u5b63\u6444\u5f7110\u65e5","trade_status":"TRADE_SUCCESS","is_total_fee_adjust":"N","total_fee":"4980.00","gmt_payment":"2017-09-18 21:22:41","seller_email":"2287684289@qq.com","price":"4980.00","buyer_id":"2088102000467217","notify_id":"bf269b84fdf3bdd1d05838dbda72dbfhme","use_coupon":"N","sign_type":"MD5","sign":"b19fd1fc772ea95912c65c175b1b572c"}
[2017-09-18 21:22:42][info] 数据存储反馈成功！
[2017-09-18 21:22:42][info] success
[2017-09-18 21:22:42][info] 写入结束!!!
[2017-09-18 21:37:29][info] ----------------------------------------
[2017-09-18 21:37:29][info] {"discount":"0.00","payment_type":"1","trade_no":"2017091821001004210237420478","subject":"\u5317\u7586\u91d1\u79cb\u7ecf\u5178\u73af\u7ebf","buyer_email":"li-zhim@21cn.com","gmt_create":"2017-09-18 21:37:21","notify_type":"trade_status_sync","quantity":"1","out_trade_no":"LX-17083022123890306-a","seller_id":"2088421286007493","notify_time":"2017-09-18 21:37:29","body":"\u5580\u7eb3\u65af-\u767d\u54c8\u5df4-\u79be\u6728-\u4e94\u5f69\u6ee9-\u9b54\u9b3c\u57ce-\u53ef\u53ef\u6258\u6d77 9\u65e5\u6df1\u5ea6\u6e38","trade_status":"TRADE_SUCCESS","is_total_fee_adjust":"N","total_fee":"5280.00","gmt_payment":"2017-09-18 21:37:28","seller_email":"2287684289@qq.com","price":"5280.00","buyer_id":"2088002528332214","notify_id":"4911b75a562acbf83559a6d6a5df264hme","use_coupon":"N","sign_type":"MD5","sign":"7f57c9482f083dfccc307c0c36de1031"}
[2017-09-18 21:37:29][info] 数据存储反馈成功！
[2017-09-18 21:37:29][info] success
[2017-09-18 21:37:29][info] 写入结束!!!
