[2017-08-27 10:05:58][info] ----------------------------------------
[2017-08-27 10:05:58][info] {"discount":"0.00","payment_type":"1","trade_no":"2017052621001004100253393077","subject":"\u65b0\u7586\u62fe\u5149\u5168\u666f\u5199\u771f\u65c5\u884c","buyer_email":"13922125609","gmt_create":"2017-05-26 10:05:06","notify_type":"trade_status_sync","quantity":"1","out_trade_no":"LX-17052414252320806-6","seller_id":"2088421286007493","notify_time":"2017-08-27 10:05:58","body":"\u4e4c\u9c81\u6728\u9f50-\u4e94\u5f69\u6ee9-\u5e03\u5c14\u6d25-\u5580\u7eb3\u65af-\u79be\u6728-\u9b54\u9b3c\u57ce-\u8d5b\u91cc\u6728\u6e56-\u89e3\u5fe7\u516c\u4e3b\u85b0\u8863\u8349\u519c\u573a-\u5580\u62c9\u5cfb-\u5df4\u97f3\u5e03\u9c81\u514b-\u535a\u65af\u817e\u6e56-\u5e93\u6728\u5854\u683c\u6c99\u6f2014\u65e5\u6e38","trade_status":"TRADE_FINISHED","is_total_fee_adjust":"N","total_fee":"5530.00","gmt_payment":"2017-05-26 10:05:29","seller_email":"2287684289@qq.com","gmt_close":"2017-08-27 10:05:58","price":"5530.00","buyer_id":"2088722137876108","notify_id":"c694a83315d91226cca1bda1596cda4gru","use_coupon":"N","sign_type":"MD5","sign":"453e72c31e51061741eab6eaf6c94039"}
[2017-08-27 10:05:58][info] 数据存储反馈成功！
[2017-08-27 10:05:58][info] success
[2017-08-27 10:05:58][info] 写入结束!!!
[2017-08-27 10:52:42][info] ----------------------------------------
[2017-08-27 10:52:42][info] {"discount":"0.00","payment_type":"1","trade_no":"2017082721001004490276655694","subject":"\u5317\u7586\u91d1\u79cb\u7ecf\u5178\u73af\u7ebf","buyer_email":"13066586420","gmt_create":"2017-08-27 10:52:02","notify_type":"trade_status_sync","quantity":"1","out_trade_no":"LX-17082710270916206-2","seller_id":"2088421286007493","notify_time":"2017-08-27 10:52:42","body":"\u5580\u7eb3\u65af-\u767d\u54c8\u5df4-\u79be\u6728-\u4e94\u5f69\u6ee9-\u9b54\u9b3c\u57ce-\u53ef\u53ef\u6258\u6d77 9\u65e5\u6df1\u5ea6\u6e38","trade_status":"TRADE_SUCCESS","is_total_fee_adjust":"N","total_fee":"4880.00","gmt_payment":"2017-08-27 10:52:42","seller_email":"2287684289@qq.com","price":"4880.00","buyer_id":"2088902329705494","notify_id":"7e416b8f6aad74961bde013e2e419a6js6","use_coupon":"N","sign_type":"MD5","sign":"8d24c68bf7299aeab9ed76d9c3ea4558"}
[2017-08-27 10:52:43][info] 数据存储反馈成功！
[2017-08-27 10:52:43][info] success
[2017-08-27 10:52:43][info] 写入结束!!!
[2017-08-27 11:41:58][info] ----------------------------------------
[2017-08-27 11:41:58][info] {"discount":"0.00","payment_type":"1","trade_no":"2017082721001004550251606451","subject":"\u7518\u5357\u5168\u666f","buyer_email":"13905191891","gmt_create":"2017-08-27 11:41:50","notify_type":"trade_status_sync","quantity":"1","out_trade_no":"LX-17082708544336606-e","seller_id":"2088421286007493","notify_time":"2017-08-27 11:41:58","body":"2017\u5e74\u72ec\u5bb6  \u62c9\u535c\u695e\u5bfa-\u624e\u5c15\u90a3-\u82b1\u6e56-\u5e74\u5b9d\u7389\u5219-\u82e5\u5c14\u76d6\u8349\u539f-\u963f\u4e07\u4ed3\u6e7f\u5730-\u5c15\u6d77\u6e56-\u90ce\u6728\u5bfa 8\u65e5\u6e38","trade_status":"TRADE_SUCCESS","is_total_fee_adjust":"N","total_fee":"3380.00","gmt_payment":"2017-08-27 11:41:58","seller_email":"2287684289@qq.com","price":"3380.00","buyer_id":"2088702235141557","notify_id":"b0ca50255e715d78551902303a516bek8u","use_coupon":"N","sign_type":"MD5","sign":"004fa408221b942b596acabb1bc1e86b"}
[2017-08-27 11:41:59][info] 数据存储反馈成功！
[2017-08-27 11:41:59][info] success
[2017-08-27 11:41:59][info] 写入结束!!!
[2017-08-27 12:08:43][info] ----------------------------------------
[2017-08-27 12:08:43][info] {"discount":"0.00","payment_type":"1","trade_no":"2017082721001004790249543255","subject":"\u9955\u992e\u8d4f\u79cb","buyer_email":"13978378309","gmt_create":"2017-08-27 12:08:30","notify_type":"trade_status_sync","quantity":"1","out_trade_no":"LX-1708051037376606-1","seller_id":"2088421286007493","notify_time":"2017-08-27 12:08:43","body":"\u9752\u6d77\u6e56-\u8336\u5361\u76d0\u6e56-\u83ab\u9ad8\u7a9f-\u9e23\u6c99\u5c71-\u6708\u7259\u6cc9-\u5609\u5cea\u5173-\u989d\u6d4e\u7eb3\u80e1\u6768\u6797-\u5353\u5c14\u5c7110\u65e5\u5927\u73af\u7ebf","trade_status":"TRADE_SUCCESS","is_total_fee_adjust":"N","total_fee":"5780.00","gmt_payment":"2017-08-27 12:08:43","seller_email":"2287684289@qq.com","price":"5780.00","buyer_id":"2088102841154792","notify_id":"9aed59fa6666a604c3bcb97ff908e7bm3i","use_coupon":"N","sign_type":"MD5","sign":"bffab61a186f85faa632da894260bd4b"}
[2017-08-27 12:08:43][info] 数据存储反馈成功！
[2017-08-27 12:08:43][info] success
[2017-08-27 12:08:43][info] 写入结束!!!
[2017-08-27 13:16:30][info] ----------------------------------------
[2017-08-27 13:16:30][info] {"discount":"0.00","payment_type":"1","trade_no":"2017082721001004450273169142","subject":"\u7518\u5357\u5168\u666f","buyer_email":"13911128283","gmt_create":"2017-08-27 13:16:15","notify_type":"trade_status_sync","quantity":"1","out_trade_no":"LX-1708262127546801-a","seller_id":"2088421286007493","notify_time":"2017-08-27 13:16:30","body":"2017\u5e74\u72ec\u5bb6  \u62c9\u535c\u695e\u5bfa-\u624e\u5c15\u90a3-\u82b1\u6e56-\u5e74\u5b9d\u7389\u5219-\u82e5\u5c14\u76d6\u8349\u539f-\u963f\u4e07\u4ed3\u6e7f\u5730-\u5c15\u6d77\u6e56-\u90ce\u6728\u5bfa 8\u65e5\u6e38","trade_status":"TRADE_SUCCESS","is_total_fee_adjust":"N","total_fee":"1540.00","gmt_payment":"2017-08-27 13:16:30","seller_email":"2287684289@qq.com","price":"1540.00","buyer_id":"2088702806321458","notify_id":"fa455a6974a42a1a47cce6b5a445145jh2","use_coupon":"N","sign_type":"MD5","sign":"ece936d25c16940c4e4d11ddcccf7447"}
[2017-08-27 13:16:31][info] 数据存储反馈成功！
[2017-08-27 13:16:31][info] success
[2017-08-27 13:16:31][info] 写入结束!!!
[2017-08-27 15:46:54][info] ----------------------------------------
[2017-08-27 15:46:54][info] {"discount":"0.00","payment_type":"1","trade_no":"2017052621001004640223306453","subject":"\u4e1d\u7ef8\u4e4b\u8def\u7ecf\u5178\u6e38","buyer_email":"15658867890","gmt_create":"2017-05-26 15:46:36","notify_type":"trade_status_sync","quantity":"1","out_trade_no":"LX-17052310524030701-7","seller_id":"2088421286007493","notify_time":"2017-08-27 15:46:54","body":"\u9752\u6d77\u6e56-\u7941\u8fde\u5c71-\u6566\u714c-\u5f20\u6396-\u8336\u5361\u76d0\u6e56\u4e5d\u65e5\u6df1\u5ea6\u6e38","trade_status":"TRADE_FINISHED","is_total_fee_adjust":"N","total_fee":"3000.00","gmt_payment":"2017-05-26 15:46:40","seller_email":"2287684289@qq.com","gmt_close":"2017-08-27 15:46:54","price":"3000.00","buyer_id":"2088802045438644","notify_id":"25d7c3cdbf301687c7c23e9c58433b0kxu","use_coupon":"N","sign_type":"MD5","sign":"0c4b12883d5fa5bf0354bc1e9bf80d5d"}
[2017-08-27 15:46:54][info] 数据存储反馈成功！
[2017-08-27 15:46:54][info] success
[2017-08-27 15:46:54][info] 写入结束!!!
[2017-08-27 16:19:03][info] ----------------------------------------
[2017-08-27 16:19:03][info] {"discount":"0.00","payment_type":"1","trade_no":"2017082721001004800257010328","subject":"\u5927\u6f20\u4f20\u5947","buyer_email":"15855979888","gmt_create":"2017-08-27 16:18:39","notify_type":"trade_status_sync","quantity":"1","out_trade_no":"LX-17082612295321506-4","seller_id":"2088421286007493","notify_time":"2017-08-27 16:19:03","body":"\u989d\u6d4e\u7eb3\u80e1\u6768\u6797-\u5df4\u4e39\u5409\u6797\u8179\u5730-\u9752\u6d77\u6e56-\u8336\u5361\u76d0\u6e56-\u6c34\u4e0a\u96c5\u4e39-\u6566\u714c12\u65e5\u5927\u73af\u7ebf","trade_status":"TRADE_SUCCESS","is_total_fee_adjust":"N","total_fee":"12960.00","gmt_payment":"2017-08-27 16:19:03","seller_email":"2287684289@qq.com","price":"12960.00","buyer_id":"2088222062841801","notify_id":"c6589345fdcb069dbcbabe0c89a2268m6a","use_coupon":"N","sign_type":"MD5","sign":"bb7d139b896851a4669bf83a67ffe0aa"}
[2017-08-27 16:19:04][info] 数据存储反馈成功！
[2017-08-27 16:19:04][info] success
[2017-08-27 16:19:04][info] 写入结束!!!
[2017-08-27 17:20:05][info] ----------------------------------------
[2017-08-27 17:20:05][info] {"discount":"0.00","payment_type":"1","trade_no":"2017052621001004700230643701","subject":"\u4e1c\u5357\u6444\u5f71","buyer_email":"sunfangjie001@163.com","gmt_create":"2017-05-26 17:19:27","notify_type":"trade_status_sync","quantity":"1","out_trade_no":"LX-17051709563774406-3","seller_id":"2088421286007493","notify_time":"2017-08-27 17:20:05","body":"6.17-6.23 \u74ef\u6c5f\u5e06\u5f71-\u6960\u6eaa\u6c5f\u6e14\u706b-\u60a0\u5c71\u7d22\u9762-\u798f\u5efa\u971e\u6d66-\u8317\u5c99\u68af\u7530-\u6c34\u58a8\u4ed9\u90fd 7\u65e5\u6444\u5f71\u521b\u4f5c\u56e2","trade_status":"TRADE_FINISHED","is_total_fee_adjust":"N","total_fee":"2380.00","gmt_payment":"2017-05-26 17:19:35","seller_email":"2287684289@qq.com","gmt_close":"2017-08-27 17:20:05","price":"2380.00","buyer_id":"2088002064847704","notify_id":"402b89aee9b276a596bcb102988dfbblei","use_coupon":"N","sign_type":"MD5","sign":"40d979a82f9123f4e396554e9ea4d764"}
[2017-08-27 17:20:05][info] 数据存储反馈成功！
[2017-08-27 17:20:05][info] success
[2017-08-27 17:20:05][info] 写入结束!!!
[2017-08-27 20:04:07][info] ----------------------------------------
[2017-08-27 20:04:07][info] {"discount":"0.00","payment_type":"1","trade_no":"2017082721001004720292611572","subject":"\u65b0\u7586\u91d1\u79cb\u5927\u73af\u7ebf","buyer_email":"351574560@qq.com","gmt_create":"2017-08-27 20:03:45","notify_type":"trade_status_sync","quantity":"1","out_trade_no":"LX-17082621163154601-6","seller_id":"2088421286007493","notify_time":"2017-08-27 20:04:07","body":"\u5580\u7eb3\u65af-\u79be\u6728-\u767d\u54c8\u5df4-\u8d5b\u91cc\u6728\u6e56-\u5df4\u97f3\u5e03\u9c81\u514b-\u5410\u9c81\u756a-\u5854\u91cc\u6728\u6cb3\u80e1\u6768\u679712\u65e5\u6df1\u5ea6\u6e38","trade_status":"TRADE_SUCCESS","is_total_fee_adjust":"N","total_fee":"5680.00","gmt_payment":"2017-08-27 20:04:07","seller_email":"2287684289@qq.com","price":"5680.00","buyer_id":"2088502723880726","notify_id":"cd7e2d918d85c04c49dc6c0e430a0f5lk2","use_coupon":"N","sign_type":"MD5","sign":"bd320b9e7d4ff2e41edf815f8fc64ecc"}
[2017-08-27 20:04:08][info] 数据存储反馈成功！
[2017-08-27 20:04:08][info] success
[2017-08-27 20:04:08][info] 写入结束!!!
[2017-08-27 21:10:22][info] ----------------------------------------
[2017-08-27 21:10:22][info] {"discount":"0.00","payment_type":"1","trade_no":"2017082721001004650242322114","subject":"\u5317\u7586\u91d1\u79cb\u81f3\u5c0a10\u65e5\u6e38","buyer_email":"nanxinyanghui@126.com","gmt_create":"2017-08-27 21:09:03","notify_type":"trade_status_sync","quantity":"1","out_trade_no":"LX-17082712554430406-b","seller_id":"2088421286007493","notify_time":"2017-08-27 21:10:22","body":"38\u5c0f\u65f6\u79be\u6728-\u5580\u7eb3\u65af-\u767d\u54c8\u5df4-\u53ef\u53ef\u82cf\u91cc\u6e56-\u53ef\u53ef\u6258\u6d77-\u4e94\u5f69\u6ee9-\u9b54\u9b3c\u57ce10\u65e5\u5927\u73af\u7ebf","trade_status":"TRADE_SUCCESS","is_total_fee_adjust":"N","total_fee":"11160.00","gmt_payment":"2017-08-27 21:10:22","seller_email":"2287684289@qq.com","price":"11160.00","buyer_id":"2088002324690659","notify_id":"849aa743ec14686f1fcf67971a2ca83l0m","use_coupon":"N","sign_type":"MD5","sign":"a34259903a148d21dfdfb2c6c360ab4b"}
[2017-08-27 21:10:22][info] 数据存储反馈成功！
[2017-08-27 21:10:22][info] success
[2017-08-27 21:10:22][info] 写入结束!!!
[2017-08-27 21:49:23][info] ----------------------------------------
[2017-08-27 21:49:23][info] {"discount":"0.00","payment_type":"1","trade_no":"2017082721001004050288163828","subject":"\u5317\u7586\u91d1\u79cb\u7ecf\u5178\u73af\u7ebf","buyer_email":"15916841741","gmt_create":"2017-08-27 21:48:55","notify_type":"trade_status_sync","quantity":"1","out_trade_no":"LX-17082717090710406-d","seller_id":"2088421286007493","notify_time":"2017-08-27 21:49:23","body":"\u5580\u7eb3\u65af-\u767d\u54c8\u5df4-\u79be\u6728-\u4e94\u5f69\u6ee9-\u9b54\u9b3c\u57ce-\u53ef\u53ef\u6258\u6d77 9\u65e5\u6df1\u5ea6\u6e38","trade_status":"TRADE_SUCCESS","is_total_fee_adjust":"N","total_fee":"4880.00","gmt_payment":"2017-08-27 21:49:23","seller_email":"2287684289@qq.com","price":"4880.00","buyer_id":"2088912988606054","notify_id":"de8ee56206ec84775208607f5e42892gdy","use_coupon":"N","sign_type":"MD5","sign":"a8fce0604a1342b45a95e32a4ebc5196"}
[2017-08-27 21:49:23][info] 数据存储反馈成功！
[2017-08-27 21:49:23][info] success
[2017-08-27 21:49:23][info] 写入结束!!!
