[2017-07-19 09:14:21][info] ----------------------------------------
[2017-07-19 09:14:21][info] {"discount":"0.00","payment_type":"1","trade_no":"2017071921001004510239185706","subject":"\u65b0\u7586\u5168\u666f","buyer_email":"15298468387","gmt_create":"2017-07-19 08:47:33","notify_type":"trade_status_sync","quantity":"1","out_trade_no":"LX-17070410571215506-c","seller_id":"2088421286007493","notify_time":"2017-07-19 09:14:21","body":"\u5580\u7eb3\u65af-\u79be\u6728-\u8d5b\u91cc\u6728\u6e56-\u85b0\u8863\u8349\u519c\u573a-\u5580\u62c9\u5cfb-\u90a3\u62c9\u63d0-\u5df4\u97f3\u5e03\u9c81\u514b-\u6c5f\u5e03\u62c9\u514b-\u4e94\u5f69\u6ee9-\u5410\u9c81\u756a13\u65e5\u6e38","trade_status":"TRADE_SUCCESS","is_total_fee_adjust":"N","total_fee":"10600.00","gmt_payment":"2017-07-19 09:14:20","seller_email":"2287684289@qq.com","price":"10600.00","buyer_id":"2088902934794519","notify_id":"52205c306182cd8e2d4ccf705653235jxq","use_coupon":"N","sign_type":"MD5","sign":"3775901a968c51d01fd61b85c65a0ff3"}
[2017-07-19 09:14:21][info] 数据存储反馈成功！
[2017-07-19 09:14:21][info] success
[2017-07-19 09:14:21][info] 写入结束!!!
[2017-07-19 09:15:13][info] ----------------------------------------
[2017-07-19 09:15:13][info] {"discount":"0.00","payment_type":"1","trade_no":"2017071921001004510239186695","subject":"\u65b0\u7586\u5168\u666f","buyer_email":"15298468387","gmt_create":"2017-07-19 09:15:03","notify_type":"trade_status_sync","quantity":"1","out_trade_no":"LX-17071410235179006-6","seller_id":"2088421286007493","notify_time":"2017-07-19 09:15:13","body":"\u5580\u7eb3\u65af-\u79be\u6728-\u8d5b\u91cc\u6728\u6e56-\u85b0\u8863\u8349\u519c\u573a-\u5580\u62c9\u5cfb-\u90a3\u62c9\u63d0-\u5df4\u97f3\u5e03\u9c81\u514b-\u6c5f\u5e03\u62c9\u514b-\u4e94\u5f69\u6ee9-\u5410\u9c81\u756a13\u65e5\u6e38","trade_status":"TRADE_SUCCESS","is_total_fee_adjust":"N","total_fee":"2650.00","gmt_payment":"2017-07-19 09:15:12","seller_email":"2287684289@qq.com","price":"2650.00","buyer_id":"2088902934794519","notify_id":"04b248e9f3da88b32b216409b975951jxq","use_coupon":"N","sign_type":"MD5","sign":"3816677dfd8e9abb3d90db3f7aacf2ef"}
[2017-07-19 09:15:13][info] 数据存储反馈成功！
[2017-07-19 09:15:13][info] success
[2017-07-19 09:15:13][info] 写入结束!!!
[2017-07-19 09:16:03][info] ----------------------------------------
[2017-07-19 09:16:03][info] {"discount":"0.00","payment_type":"1","trade_no":"2017071921001004510239191898","subject":"\u65b0\u7586\u5168\u666f","buyer_email":"15298468387","gmt_create":"2017-07-19 09:15:55","notify_type":"trade_status_sync","quantity":"1","out_trade_no":"LX-17070807211461406-9","seller_id":"2088421286007493","notify_time":"2017-07-19 09:16:03","body":"\u5580\u7eb3\u65af-\u79be\u6728-\u8d5b\u91cc\u6728\u6e56-\u85b0\u8863\u8349\u519c\u573a-\u5580\u62c9\u5cfb-\u90a3\u62c9\u63d0-\u5df4\u97f3\u5e03\u9c81\u514b-\u6c5f\u5e03\u62c9\u514b-\u4e94\u5f69\u6ee9-\u5410\u9c81\u756a13\u65e5\u6e38","trade_status":"TRADE_SUCCESS","is_total_fee_adjust":"N","total_fee":"2650.00","gmt_payment":"2017-07-19 09:16:03","seller_email":"2287684289@qq.com","price":"2650.00","buyer_id":"2088902934794519","notify_id":"a91b2a76787c993fea7e8e8d3d8b431jxq","use_coupon":"N","sign_type":"MD5","sign":"1b5216640b86d6e0a17760de60d5371d"}
[2017-07-19 09:16:04][info] 数据存储反馈成功！
[2017-07-19 09:16:04][info] success
[2017-07-19 09:16:04][info] 写入结束!!!
[2017-07-19 10:11:19][info] ----------------------------------------
[2017-07-19 10:11:19][info] {"discount":"0.00","payment_type":"1","trade_no":"2017071921001004730318738208","subject":"\u7518\u5357\u5168\u666f","buyer_email":"oupeiyu@mail.xjtu.edu.cn","gmt_create":"2017-07-19 10:11:02","notify_type":"trade_status_sync","quantity":"1","out_trade_no":"LX-17070523075188201-a","seller_id":"2088421286007493","notify_time":"2017-07-19 10:11:19","body":"2017\u5e74\u72ec\u5bb6  \u62c9\u535c\u695e\u5bfa-\u624e\u5c15\u90a3-\u82b1\u6e56-\u5e74\u5b9d\u7389\u5219-\u82e5\u5c14\u76d6\u8349\u539f-\u963f\u4e07\u4ed3\u6e7f\u5730-\u5c15\u6d77\u6e56-\u90ce\u6728\u5bfa 8\u65e5\u6e38","trade_status":"TRADE_SUCCESS","is_total_fee_adjust":"N","total_fee":"4320.00","gmt_payment":"2017-07-19 10:11:19","seller_email":"2287684289@qq.com","price":"4320.00","buyer_id":"2088102116686731","notify_id":"6ce055fdd35a1bbd65e2c6bdee88940lmv","use_coupon":"N","sign_type":"MD5","sign":"5fc4484b65e8527d2a86447d2509df17"}
[2017-07-19 10:11:20][info] 数据存储反馈成功！
[2017-07-19 10:11:20][info] success
[2017-07-19 10:11:20][info] 写入结束!!!
[2017-07-19 11:35:38][info] ----------------------------------------
[2017-07-19 11:35:38][info] {"discount":"0.00","payment_type":"1","trade_no":"2017071921001004100254293303","subject":"\u4e1d\u8def\u5dc5\u5cf0\u4f53\u9a8c\u4e5d\u65e5\u6e38B\u7ebf","buyer_email":"sha_sha1013@163.com","gmt_create":"2017-07-19 11:34:52","notify_type":"trade_status_sync","quantity":"1","out_trade_no":"LX-17071718495688306-5","seller_id":"2088421286007493","notify_time":"2017-07-19 11:35:38","body":"\u9752\u6d77\u6e56-\u8336\u5361\u76d0\u6e56-\u9e23\u6c99\u5c71\u6708\u7259\u6cc9-\u83ab\u9ad8\u7a9f-\u96c5\u4e39\u9b54\u9b3c\u57ce-\u5609\u5cea\u5173-\u5f20\u6396\u4e39\u971e-\u9a6c\u8e44\u5bfa-\u5353\u5c14\u5c71\u8f7b\u5962\u52a8\u8f669\u65e5\u6e38","trade_status":"TRADE_SUCCESS","is_total_fee_adjust":"N","total_fee":"14270.00","gmt_payment":"2017-07-19 11:35:38","seller_email":"2287684289@qq.com","price":"14270.00","buyer_id":"2088002315049101","notify_id":"0321e400375161f8308a9cfdce4aa19gru","use_coupon":"N","sign_type":"MD5","sign":"d4fb320a91ed1744baca0dc46b95c94d"}
[2017-07-19 11:35:38][info] 数据存储反馈成功！
[2017-07-19 11:35:38][info] success
[2017-07-19 11:35:38][info] 写入结束!!!
[2017-07-19 13:01:31][info] ----------------------------------------
[2017-07-19 13:01:31][info] {"discount":"0.00","payment_type":"1","trade_no":"2017071921001004160266806545","subject":"\u4e1d\u8def\u5dc5\u5cf0\u4f53\u9a8c\u5341\u65e5\u6e38","buyer_email":"rockets6@163.com","gmt_create":"2017-07-19 13:01:14","notify_type":"trade_status_sync","quantity":"1","out_trade_no":"LX-17062115463139201-9","seller_id":"2088421286007493","notify_time":"2017-07-19 13:01:31","body":"\u9752\u6d77\u6e56-\u8336\u5361\u76d0\u6e56-\u6c99\u5c9b-\u7941\u8fde-\u5f20\u6396\u4e39\u971e-\u5609\u5cea\u5173-\u6566\u714c\u5341\u65e5\u6e38","trade_status":"TRADE_SUCCESS","is_total_fee_adjust":"N","total_fee":"4190.00","gmt_payment":"2017-07-19 13:01:31","seller_email":"2287684289@qq.com","price":"4190.00","buyer_id":"2088002838772166","notify_id":"3c5478876a26bc5802ed324f4d9318ah8i","use_coupon":"N","sign_type":"MD5","sign":"31b984c3072a83c1045b584d33b35642"}
[2017-07-19 13:01:32][info] 数据存储反馈成功！
[2017-07-19 13:01:32][info] success
[2017-07-19 13:01:32][info] 写入结束!!!
[2017-07-19 13:07:01][info] ----------------------------------------
[2017-07-19 13:07:01][info] {"discount":"0.00","payment_type":"1","trade_no":"2017071921001004000268528569","subject":"\u4e1d\u7ef8\u4e4b\u8def\u5168\u666f\u6e389\u65e5","buyer_email":"838292091@qq.com","gmt_create":"2017-07-19 13:06:46","notify_type":"trade_status_sync","quantity":"1","out_trade_no":"LX-17071911150664306-2","seller_id":"2088421286007493","notify_time":"2017-07-19 13:07:01","body":"\u72ec\u5bb6\u6c34\u4e0a\u9b54\u9b3c\u57ce-\u65e0\u4eba\u533a\u539f\u751f\u6001\u96c5\u4e39\u63a2\u79d8-\u9752\u6d77\u6e56-\u8336\u5361\u76d0\u6e56-\u83ab\u9ad8\u7a9f-\u9e23\u6c99\u5c71\u6708\u7259\u6cc9-\u5f20\u6396\u4e39\u971e-\u5353\u5c14\u5c719\u65e5\u6e38","trade_status":"TRADE_SUCCESS","is_total_fee_adjust":"N","total_fee":"3780.00","gmt_payment":"2017-07-19 13:07:00","seller_email":"2287684289@qq.com","price":"3780.00","buyer_id":"2088902045022008","notify_id":"faa9c3bdc04c569ddb3ced152fb9d23g02","use_coupon":"N","sign_type":"MD5","sign":"26ef0ab5b5e04216d67b0e2109642c8a"}
[2017-07-19 13:07:01][info] 数据存储反馈成功！
[2017-07-19 13:07:01][info] success
[2017-07-19 13:07:01][info] 写入结束!!!
[2017-07-19 14:29:45][info] ----------------------------------------
[2017-07-19 14:29:45][info] {"discount":"0.00","payment_type":"1","trade_no":"2017071921001004700319440656","subject":"\u65b0\u7586\u7cbe\u534e","buyer_email":"mayflower_tang@hotmail.com","gmt_create":"2017-07-19 14:29:10","notify_type":"trade_status_sync","quantity":"1","out_trade_no":"LX-17061721450815406-0","seller_id":"2088421286007493","notify_time":"2017-07-19 14:29:45","body":"\u5929\u5c71\u5929\u6c60-\u5580\u7eb3\u65af-\u79be\u6728-\u4e94\u5f69\u6ee9-\u8d5b\u91cc\u6728\u6e56-\u85b0\u8863\u8349\u5e84\u56ed-\u90a3\u62c9\u63d0-\u5df4\u97f3\u5e03\u9c81\u514b-\u5410\u9c81\u756a11\u65e5\u6e38","trade_status":"TRADE_SUCCESS","is_total_fee_adjust":"N","total_fee":"9090.00","gmt_payment":"2017-07-19 14:29:45","seller_email":"2287684289@qq.com","price":"9090.00","buyer_id":"2088002215618704","notify_id":"6f3f9d2ed055435fcf95b1a32cd88f4lej","use_coupon":"N","sign_type":"MD5","sign":"c40cce3ea81f452fca5b43382afb2edd"}
[2017-07-19 14:29:46][info] 数据存储反馈成功！
[2017-07-19 14:29:46][info] success
[2017-07-19 14:29:46][info] 写入结束!!!
[2017-07-19 15:30:40][info] ----------------------------------------
[2017-07-19 15:30:40][info] {"discount":"0.00","payment_type":"1","trade_no":"2017071921001004680316777592","subject":"\u4e1d\u8def\u5dc5\u5cf0\u4f53\u9a8c\u4e5d\u65e5\u6e38B\u7ebf","buyer_email":"wgf_07@163.com","gmt_create":"2017-07-19 15:29:34","notify_type":"trade_status_sync","quantity":"1","out_trade_no":"LX-17071914524687301-2","seller_id":"2088421286007493","notify_time":"2017-07-19 15:30:40","body":"\u9752\u6d77\u6e56-\u8336\u5361\u76d0\u6e56-\u9e23\u6c99\u5c71\u6708\u7259\u6cc9-\u83ab\u9ad8\u7a9f-\u96c5\u4e39\u9b54\u9b3c\u57ce-\u5609\u5cea\u5173-\u5f20\u6396\u4e39\u971e-\u9a6c\u8e44\u5bfa-\u5353\u5c14\u5c71\u8f7b\u5962\u52a8\u8f669\u65e5\u6e38","trade_status":"TRADE_SUCCESS","is_total_fee_adjust":"N","total_fee":"6120.00","gmt_payment":"2017-07-19 15:30:40","seller_email":"2287684289@qq.com","price":"6120.00","buyer_id":"2088902025538684","notify_id":"d2fe98ad6948a2574e237dc4a52537al8z","use_coupon":"N","sign_type":"MD5","sign":"06cb4b00a1255b6d58789dc788c57631"}
[2017-07-19 15:30:41][info] 数据存储反馈成功！
[2017-07-19 15:30:41][info] success
[2017-07-19 15:30:41][info] 写入结束!!!
[2017-07-19 16:01:14][info] ----------------------------------------
[2017-07-19 16:01:14][info] {"discount":"0.00","payment_type":"1","trade_no":"2017071921001004990267831920","subject":"\u4e1d\u7ef8\u4e4b\u8def\u7cbe\u534e\u4e03\u65e5\u6e38","buyer_email":"mrtata@163.com","gmt_create":"2017-07-19 16:01:01","notify_type":"trade_status_sync","quantity":"1","out_trade_no":"LX-17071515051717306-9","seller_id":"2088421286007493","notify_time":"2017-07-19 16:01:14","body":"2017\u5e74\u9752\u6d77\u6e56-\u8336\u5361\u76d0\u6e56-\u6566\u714c-\u5609\u5cea\u5173-\u5f20\u6396\u4e39\u971e\u4e03\u65e5\u6e38","trade_status":"TRADE_SUCCESS","is_total_fee_adjust":"N","total_fee":"2470.00","gmt_payment":"2017-07-19 16:01:14","seller_email":"2287684289@qq.com","price":"2470.00","buyer_id":"2088302607170994","notify_id":"6fb6b743d95ef1e2036f74639a541c0nn2","use_coupon":"N","sign_type":"MD5","sign":"540b85602a26c5285e4ad12bbafb1d55"}
[2017-07-19 16:01:15][info] 数据存储反馈成功！
[2017-07-19 16:01:15][info] success
[2017-07-19 16:01:15][info] 写入结束!!!
[2017-07-19 19:09:24][info] ----------------------------------------
[2017-07-19 19:09:24][info] {"discount":"0.00","payment_type":"1","trade_no":"2017071921001004020286838708","subject":"\u7518\u5357\u5168\u666f","buyer_email":"13776516208","gmt_create":"2017-07-19 19:09:09","notify_type":"trade_status_sync","quantity":"1","out_trade_no":"LX-1707191855079706-9","seller_id":"2088421286007493","notify_time":"2017-07-19 19:09:24","body":"2017\u5e74\u72ec\u5bb6  \u62c9\u535c\u695e\u5bfa-\u624e\u5c15\u90a3-\u82b1\u6e56-\u5e74\u5b9d\u7389\u5219-\u82e5\u5c14\u76d6\u8349\u539f-\u963f\u4e07\u4ed3\u6e7f\u5730-\u5c15\u6d77\u6e56-\u90ce\u6728\u5bfa 8\u65e5\u6e38","trade_status":"TRADE_SUCCESS","is_total_fee_adjust":"N","total_fee":"3280.00","gmt_payment":"2017-07-19 19:09:24","seller_email":"2287684289@qq.com","price":"3280.00","buyer_id":"2088212907522020","notify_id":"dbe0a51da705d81d50ac3c89f5158e8g5m","use_coupon":"N","sign_type":"MD5","sign":"4bb153aa95f13cf5a019c1d4573ffdce"}
[2017-07-19 19:09:24][info] 数据存储反馈成功！
[2017-07-19 19:09:24][info] success
[2017-07-19 19:09:24][info] 写入结束!!!
[2017-07-19 19:39:46][info] ----------------------------------------
[2017-07-19 19:39:46][info] {"discount":"0.00","payment_type":"1","trade_no":"2017071921001004890271657246","subject":"\u4e1d\u8def\u5dc5\u5cf0\u4f53\u9a8c\u4e5d\u65e5\u6e38B\u7ebf","buyer_email":"18192166868","gmt_create":"2017-07-19 19:39:24","notify_type":"trade_status_sync","quantity":"1","out_trade_no":"LX-17071919263879001-2","seller_id":"2088421286007493","notify_time":"2017-07-19 19:39:45","body":"\u9752\u6d77\u6e56-\u8336\u5361\u76d0\u6e56-\u9e23\u6c99\u5c71\u6708\u7259\u6cc9-\u83ab\u9ad8\u7a9f-\u96c5\u4e39\u9b54\u9b3c\u57ce-\u5609\u5cea\u5173-\u5f20\u6396\u4e39\u971e-\u9a6c\u8e44\u5bfa-\u5353\u5c14\u5c71\u8f7b\u5962\u52a8\u8f669\u65e5\u6e38","trade_status":"TRADE_SUCCESS","is_total_fee_adjust":"N","total_fee":"5170.00","gmt_payment":"2017-07-19 19:39:45","seller_email":"2287684289@qq.com","price":"5170.00","buyer_id":"2088902449292898","notify_id":"944b3bd9a4a5517b5a196e96e2be9f5mva","use_coupon":"N","sign_type":"MD5","sign":"a14f53245fb2aae362b44acefd088554"}
[2017-07-19 19:39:46][info] 数据存储反馈成功！
[2017-07-19 19:39:46][info] success
[2017-07-19 19:39:46][info] 写入结束!!!
[2017-07-19 21:52:52][info] ----------------------------------------
[2017-07-19 21:52:52][info] {"discount":"0.00","payment_type":"1","trade_no":"2017041721001004410269113062","subject":"\u8d35\u5dde\u5168\u666f\u6e38","buyer_email":"13066689808","gmt_create":"2017-04-17 21:51:47","notify_type":"trade_status_sync","quantity":"1","out_trade_no":"LX-17041620393438706-8","seller_id":"2088421286007493","notify_time":"2017-07-19 21:52:52","body":"\u79d8\u5883\u8302\u5170-\u8354\u6ce2-\u9ed4\u4e1c\u5357-\u9547\u8fdc-\u897f\u6c5f\u82d7\u5be8-\u9ec4\u679c\u6811\u6df1\u5ea6\u7eaf\u73a9\u4e5d\u65e5\u6e38","trade_status":"TRADE_FINISHED","is_total_fee_adjust":"N","total_fee":"4280.00","gmt_payment":"2017-04-17 21:52:10","seller_email":"2287684289@qq.com","gmt_close":"2017-07-19 21:52:52","price":"4280.00","buyer_id":"2088402692002414","notify_id":"53d26b54215df7a7d8394ce953ed86cj5y","use_coupon":"N","sign_type":"MD5","sign":"c69717831aa3be65299ee5e381cc7d87"}
[2017-07-19 21:52:52][info] 数据存储反馈成功！
[2017-07-19 21:52:52][info] success
[2017-07-19 21:52:52][info] 写入结束!!!
[2017-07-19 21:54:43][info] ----------------------------------------
[2017-07-19 21:54:43][info] {"discount":"0.00","payment_type":"1","trade_no":"2017071921001004820273560998","subject":"\u5580\u7eb3\u65af\u4e4b\u590f","buyer_email":"13501662636","gmt_create":"2017-07-19 21:52:58","notify_type":"trade_status_sync","quantity":"1","out_trade_no":"LX-17070509592921201-9","seller_id":"2088421286007493","notify_time":"2017-07-19 21:54:43","body":"2017\u5e747\uff5e8\u6708 \u5929\u5c71\u5929\u6c60-\u5410\u9c81\u756a-\u5580\u7eb3\u65af-\u767d\u54c8\u5df4-\u4e94\u5f69\u6ee9-\u9b54\u9b3c\u57ce-\u79be\u6728\u6df1\u5ea6\u4e5d\u65e5\u6e38","trade_status":"TRADE_SUCCESS","is_total_fee_adjust":"N","total_fee":"9160.00","gmt_payment":"2017-07-19 21:54:43","seller_email":"2287684289@qq.com","price":"9160.00","buyer_id":"2088102574260829","notify_id":"60fdfccbbdcaf09dab598ce1204e594mbu","use_coupon":"N","sign_type":"MD5","sign":"f26194a702b36f580c18751f85b80549"}
[2017-07-19 21:54:44][info] 数据存储反馈成功！
[2017-07-19 21:54:44][info] success
[2017-07-19 21:54:44][info] 写入结束!!!
