[2017-10-19 00:11:07][info] ----------------------------------------
[2017-10-19 00:11:07][info] {"discount":"0.00","payment_type":"1","trade_no":"2017071821001004380246114320","subject":"\u4e5d\u8272\u7518\u5357","buyer_email":"149390521@qq.com","gmt_create":"2017-07-18 00:10:34","notify_type":"trade_status_sync","quantity":"1","out_trade_no":"LX-17071210023328706-7","seller_id":"2088421286007493","notify_time":"2017-10-19 00:11:07","body":"\u62c9\u535c\u695e\u5bfa-\u6851\u79d1\u8349\u539f-\u624e\u5c15\u90a3-\u4e5d\u66f2\u9ec4\u6cb3\u7b2c\u4e00\u6e7e-\u82b1\u6e56-\u90ce\u6728\u5bfa6\u65e5\u6e38","trade_status":"TRADE_FINISHED","is_total_fee_adjust":"N","total_fee":"6840.00","gmt_payment":"2017-07-18 00:10:57","seller_email":"2287684289@qq.com","gmt_close":"2017-10-19 00:11:07","price":"6840.00","buyer_id":"2088302092830388","notify_id":"c1ea4254d043870e801b88aa410ad42ixm","use_coupon":"N","sign_type":"MD5","sign":"f466aac15521fde15d7060e80de116b6"}
[2017-10-19 00:11:08][info] 数据存储反馈成功！
[2017-10-19 00:11:08][info] success
[2017-10-19 00:11:08][info] 写入结束!!!
[2017-10-19 09:55:52][info] ----------------------------------------
[2017-10-19 09:55:52][info] {"discount":"0.00","payment_type":"1","trade_no":"2017071821001004620315560802","subject":"\u7518\u5357\u5168\u666f","buyer_email":"zjgpanyu@hotmail.com","gmt_create":"2017-07-18 09:55:30","notify_type":"trade_status_sync","quantity":"1","out_trade_no":"LX-17053122512365606-1","seller_id":"2088421286007493","notify_time":"2017-10-19 09:55:52","body":"2017\u5e74\u72ec\u5bb6  \u62c9\u535c\u695e\u5bfa-\u624e\u5c15\u90a3-\u82b1\u6e56-\u5e74\u5b9d\u7389\u5219-\u82e5\u5c14\u76d6\u8349\u539f-\u963f\u4e07\u4ed3\u6e7f\u5730-\u5c15\u6d77\u6e56-\u90ce\u6728\u5bfa 8\u65e5\u6e38","trade_status":"TRADE_FINISHED","is_total_fee_adjust":"N","total_fee":"5750.00","gmt_payment":"2017-07-18 09:55:46","seller_email":"2287684289@qq.com","gmt_close":"2017-10-19 09:55:52","price":"5750.00","buyer_id":"2088002174875622","notify_id":"5c338d9406810cf59459a216c6aca87ksb","use_coupon":"N","sign_type":"MD5","sign":"daafe6235b4f6b63012a11e1a47e1331"}
[2017-10-19 09:55:52][info] 数据存储反馈成功！
[2017-10-19 09:55:52][info] success
[2017-10-19 09:55:52][info] 写入结束!!!
[2017-10-19 10:26:07][info] ----------------------------------------
[2017-10-19 10:26:07][info] {"discount":"0.00","payment_type":"1","trade_no":"2017071821001004780315975351","subject":"\u9189\u7f8e\u8d35\u5dde-\u9ed4\u897f\u5357","buyer_email":"13091952888","gmt_create":"2017-07-18 10:25:26","notify_type":"trade_status_sync","quantity":"1","out_trade_no":"LX-17071721420972206-7","seller_id":"2088421286007493","notify_time":"2017-10-19 10:26:06","body":"\u8d35\u5dde-\u683c\u51f8\u6cb3-\u4e2d\u6d1e-\u4e07\u5cf0\u6797-\u9a6c\u5cad\u6cb3-\u9ec4\u679c\u6811-\u4e91\u5cf0\u5c6f\u5821\u73af\u7ebf7\u65e5\u4e4b\u65c5","trade_status":"TRADE_FINISHED","is_total_fee_adjust":"N","total_fee":"5160.00","gmt_payment":"2017-07-18 10:25:42","seller_email":"2287684289@qq.com","gmt_close":"2017-10-19 10:26:06","price":"5160.00","buyer_id":"2088702196978780","notify_id":"4bcffbcc1fd6770e95b53909bc19889m0r","use_coupon":"N","sign_type":"MD5","sign":"fbc172bb4a30258cb98bbe7c63d19d8b"}
[2017-10-19 10:26:07][info] 数据存储反馈成功！
[2017-10-19 10:26:07][info] success
[2017-10-19 10:26:07][info] 写入结束!!!
[2017-10-19 10:39:51][info] ----------------------------------------
[2017-10-19 10:39:51][info] {"discount":"0.00","payment_type":"1","trade_no":"2017071821001004400261444606","subject":"\u65b0\u7586\u5168\u666f","buyer_email":"fannyzhuang@gmail.com","gmt_create":"2017-07-18 10:39:14","notify_type":"trade_status_sync","quantity":"1","out_trade_no":"LX-17071810285057501-2","seller_id":"2088421286007493","notify_time":"2017-10-19 10:39:51","body":"\u5580\u7eb3\u65af-\u79be\u6728-\u8d5b\u91cc\u6728\u6e56-\u85b0\u8863\u8349\u519c\u573a-\u5580\u62c9\u5cfb-\u90a3\u62c9\u63d0-\u5df4\u97f3\u5e03\u9c81\u514b-\u6c5f\u5e03\u62c9\u514b-\u4e94\u5f69\u6ee9-\u5410\u9c81\u756a13\u65e5\u6e38","trade_status":"TRADE_FINISHED","is_total_fee_adjust":"N","total_fee":"9560.00","gmt_payment":"2017-07-18 10:39:32","seller_email":"2287684289@qq.com","gmt_close":"2017-10-19 10:39:51","price":"9560.00","buyer_id":"2088002267692400","notify_id":"ceb51c01a46ab289091832adb6c0e80j36","use_coupon":"N","sign_type":"MD5","sign":"43c7d3c61b63960974f4b323b30dd669"}
[2017-10-19 10:39:51][info] 数据存储反馈成功！
[2017-10-19 10:39:51][info] success
[2017-10-19 10:39:51][info] 写入结束!!!
[2017-10-19 11:00:59][info] ----------------------------------------
[2017-10-19 11:00:59][info] {"discount":"0.00","payment_type":"1","trade_no":"2017071821001004480226962568","subject":"\u4e1d\u8def\u5dc5\u5cf0\u4f53\u9a8c\u4e5d\u65e5\u6e38B\u7ebf","buyer_email":"pp1013_2013@163.com","gmt_create":"2017-07-18 11:00:27","notify_type":"trade_status_sync","quantity":"1","out_trade_no":"LX-1707181032292201-5","seller_id":"2088421286007493","notify_time":"2017-10-19 11:00:59","body":"\u9752\u6d77\u6e56-\u8336\u5361\u76d0\u6e56-\u9e23\u6c99\u5c71\u6708\u7259\u6cc9-\u83ab\u9ad8\u7a9f-\u96c5\u4e39\u9b54\u9b3c\u57ce-\u5609\u5cea\u5173-\u5f20\u6396\u4e39\u971e-\u9a6c\u8e44\u5bfa-\u5353\u5c14\u5c71\u8f7b\u5962\u52a8\u8f669\u65e5\u6e38","trade_status":"TRADE_FINISHED","is_total_fee_adjust":"N","total_fee":"4080.00","gmt_payment":"2017-07-18 11:00:31","seller_email":"2287684289@qq.com","gmt_close":"2017-10-19 11:00:59","price":"4080.00","buyer_id":"2088002670252488","notify_id":"1c275a4d7f2992a2f079a701235af70jpe","use_coupon":"N","sign_type":"MD5","sign":"15656611d11cd968c10314c451a98ba7"}
[2017-10-19 11:00:59][info] 数据存储反馈成功！
[2017-10-19 11:00:59][info] success
[2017-10-19 11:00:59][info] 写入结束!!!
[2017-10-19 13:16:59][info] ----------------------------------------
[2017-10-19 13:16:59][info] {"discount":"0.00","payment_type":"1","trade_no":"2017071821001004080254644183","subject":"\u65b0\u7586\u5168\u666f","buyer_email":"18616806856","gmt_create":"2017-07-18 13:16:06","notify_type":"trade_status_sync","quantity":"1","out_trade_no":"LX-17063013245759501-7","seller_id":"2088421286007493","notify_time":"2017-10-19 13:16:59","body":"\u5580\u7eb3\u65af-\u79be\u6728-\u8d5b\u91cc\u6728\u6e56-\u85b0\u8863\u8349\u519c\u573a-\u5580\u62c9\u5cfb-\u90a3\u62c9\u63d0-\u5df4\u97f3\u5e03\u9c81\u514b-\u6c5f\u5e03\u62c9\u514b-\u4e94\u5f69\u6ee9-\u5410\u9c81\u756a13\u65e5\u6e38","trade_status":"TRADE_FINISHED","is_total_fee_adjust":"N","total_fee":"5380.00","gmt_payment":"2017-07-18 13:16:12","seller_email":"2287684289@qq.com","gmt_close":"2017-10-19 13:16:59","price":"5380.00","buyer_id":"2088702800793080","notify_id":"53e4e034ebe3370e442cdf98ae28365gma","use_coupon":"N","sign_type":"MD5","sign":"b7bc11364fdff691a8ebd17ba51f0e62"}
[2017-10-19 13:16:59][info] 数据存储反馈成功！
[2017-10-19 13:16:59][info] success
[2017-10-19 13:16:59][info] 写入结束!!!
[2017-10-19 14:26:59][info] ----------------------------------------
[2017-10-19 14:26:59][info] {"discount":"0.00","payment_type":"1","trade_no":"2017071821001004300248981403","subject":"\u7518\u5357\u5168\u666f","buyer_email":"lprazj@163.com","gmt_create":"2017-07-18 14:25:53","notify_type":"trade_status_sync","quantity":"1","out_trade_no":"LX-17071812574185006-e","seller_id":"2088421286007493","notify_time":"2017-10-19 14:26:59","body":"2017\u5e74\u72ec\u5bb6  \u62c9\u535c\u695e\u5bfa-\u624e\u5c15\u90a3-\u82b1\u6e56-\u5e74\u5b9d\u7389\u5219-\u82e5\u5c14\u76d6\u8349\u539f-\u963f\u4e07\u4ed3\u6e7f\u5730-\u5c15\u6d77\u6e56-\u90ce\u6728\u5bfa 8\u65e5\u6e38","trade_status":"TRADE_FINISHED","is_total_fee_adjust":"N","total_fee":"3280.00","gmt_payment":"2017-07-18 14:26:02","seller_email":"2287684289@qq.com","gmt_close":"2017-10-19 14:26:59","price":"3280.00","buyer_id":"2088302120776305","notify_id":"925fc4bdf0ce42ebed382d65a8e9c7aibe","use_coupon":"N","sign_type":"MD5","sign":"2011d24d477f4c53d2548ba629f30033"}
[2017-10-19 14:26:59][info] 数据存储反馈成功！
[2017-10-19 14:26:59][info] success
[2017-10-19 14:26:59][info] 写入结束!!!
[2017-10-19 14:35:59][info] ----------------------------------------
[2017-10-19 14:35:59][info] {"discount":"0.00","payment_type":"1","trade_no":"2017071821001004080254784816","subject":"\u5580\u7eb3\u65af\u4e4b\u590f","buyer_email":"pxf78@sina.com","gmt_create":"2017-07-18 14:35:00","notify_type":"trade_status_sync","quantity":"1","out_trade_no":"LX-17071812480466106-9","seller_id":"2088421286007493","notify_time":"2017-10-19 14:35:59","body":"2017\u5e747\uff5e8\u6708 \u5929\u5c71\u5929\u6c60-\u5410\u9c81\u756a-\u5580\u7eb3\u65af-\u767d\u54c8\u5df4-\u4e94\u5f69\u6ee9-\u9b54\u9b3c\u57ce-\u79be\u6728\u6df1\u5ea6\u4e5d\u65e5\u6e38","trade_status":"TRADE_FINISHED","is_total_fee_adjust":"N","total_fee":"4680.00","gmt_payment":"2017-07-18 14:35:13","seller_email":"2287684289@qq.com","gmt_close":"2017-10-19 14:35:59","price":"4680.00","buyer_id":"2088302465516084","notify_id":"d01d91dedeeb2930675593acebd84a7gma","use_coupon":"N","sign_type":"MD5","sign":"8fa9f424dc869693ef553b48d08c91f3"}
[2017-10-19 14:35:59][info] 数据存储反馈成功！
[2017-10-19 14:35:59][info] success
[2017-10-19 14:35:59][info] 写入结束!!!
[2017-10-19 15:08:28][info] ----------------------------------------
[2017-10-19 15:08:28][info] {"discount":"0.00","payment_type":"1","trade_no":"2017101921001004460289655400","subject":"\u79e6\u5df4\u79cb\u8272","buyer_email":"ljcai60@hotmail.com","gmt_create":"2017-10-19 15:07:20","notify_type":"trade_status_sync","quantity":"1","out_trade_no":"LX-17101910461034806-4","seller_id":"2088421286007493","notify_time":"2017-10-19 15:08:28","body":"\u9ec4\u67cf\u586c-\u5149\u96fe\u5c71-\u79e6\u5cad\u91d1\u4e1d\u7334-\u5927\u7bad\u6c9f-\u5927\u5c0f\u5170\u6c9f-\u5341\u516b\u6708\u6f6d\u79cb\u8272\u6444\u5f717\u65e5","trade_status":"TRADE_SUCCESS","is_total_fee_adjust":"N","total_fee":"7000.00","gmt_payment":"2017-10-19 15:08:27","seller_email":"2287684289@qq.com","price":"7000.00","buyer_id":"2088002928806465","notify_id":"5424d6264c1dee360f509c2e20dad90jju","use_coupon":"N","sign_type":"MD5","sign":"d125a6c6ce3a983cb47f4b469cd4f3df"}
[2017-10-19 15:08:28][info] 数据存储反馈成功！
[2017-10-19 15:08:28][info] success
[2017-10-19 15:08:28][info] 写入结束!!!
[2017-10-19 15:37:08][info] ----------------------------------------
[2017-10-19 15:37:08][info] {"discount":"0.00","payment_type":"1","trade_no":"2017071821001004990266010307","subject":"\u4e1d\u7ef8\u4e4b\u8def\u7cbe\u534e\u4e03\u65e5\u6e38","buyer_email":"mrtata@163.com","gmt_create":"2017-07-18 15:36:35","notify_type":"trade_status_sync","quantity":"1","out_trade_no":"LX-17071515051717306-6","seller_id":"2088421286007493","notify_time":"2017-10-19 15:37:07","body":"2017\u5e74\u9752\u6d77\u6e56-\u8336\u5361\u76d0\u6e56-\u6566\u714c-\u5609\u5cea\u5173-\u5f20\u6396\u4e39\u971e\u4e03\u65e5\u6e38","trade_status":"TRADE_FINISHED","is_total_fee_adjust":"N","total_fee":"1590.00","gmt_payment":"2017-07-18 15:36:47","seller_email":"2287684289@qq.com","gmt_close":"2017-10-19 15:37:07","price":"1590.00","buyer_id":"2088302607170994","notify_id":"5b728a8e202c41087028e2bb5f0c04enn2","use_coupon":"N","sign_type":"MD5","sign":"e483fe2f13364823e28472a5f6b292be"}
[2017-10-19 15:37:08][info] 数据存储反馈成功！
[2017-10-19 15:37:08][info] success
[2017-10-19 15:37:08][info] 写入结束!!!
[2017-10-19 16:22:00][info] ----------------------------------------
[2017-10-19 16:22:00][info] {"discount":"0.00","payment_type":"1","trade_no":"2017071821001004300249172901","subject":"\u575d\u4e0a\u4f11\u95f2B\u7ebf","buyer_email":"ly2656671@139.com","gmt_create":"2017-07-18 16:21:19","notify_type":"trade_status_sync","quantity":"1","out_trade_no":"LX-17071816101694401-8","seller_id":"2088421286007493","notify_time":"2017-10-19 16:21:59","body":"2017\u72ec\u5bb6\u575d\u4e0a\u73af\u7ebf\uff1a\u7a7f\u8d8a\u8349\u539f\u5929\u8def\uff0c\u6492\u6b22\u4e4c\u5170\u5e03\u7edf\uff0c\u627f\u5fb7\u907f\u6691\u5c71\u5e84\uff0c\u91d1\u5c71\u5cad\u957f\u57ce\/\u6155\u7530\u5cea\u957f\u57ce7\u65e5\uff08\u5168\u666f\u4e4b\u65c5\uff0c\u7f8e\u666f\u4e00\u7f51\u6253\u5c3d\uff09","trade_status":"TRADE_FINISHED","is_total_fee_adjust":"N","total_fee":"7950.00","gmt_payment":"2017-07-18 16:21:29","seller_email":"2287684289@qq.com","gmt_close":"2017-10-19 16:21:59","price":"7950.00","buyer_id":"2088102838901309","notify_id":"f2529b087b4117a1b1c32e0cfa07597ibe","use_coupon":"N","sign_type":"MD5","sign":"83519c6858dd9bbe9392dcf34f1f9aac"}
[2017-10-19 16:22:00][info] 数据存储反馈成功！
[2017-10-19 16:22:00][info] success
[2017-10-19 16:22:00][info] 写入结束!!!
[2017-10-19 18:33:02][info] ----------------------------------------
[2017-10-19 18:33:02][info] {"discount":"0.00","payment_type":"1","trade_no":"2017071821001004930263780169","subject":"\u68a6\u4e2d\u5929\u5802","buyer_email":"13999308831","gmt_create":"2017-07-18 18:31:54","notify_type":"trade_status_sync","quantity":"1","out_trade_no":"LX-17071518382823806-4","seller_id":"2088421286007493","notify_time":"2017-10-19 18:33:02","body":"2017\u5e74\u7a3b\u57ce\u4e9a\u4e01-\u65b0\u90fd\u6865-\u4e39\u5df4-\u4e5d\u65e5\u6df1\u5ea6\u6e38","trade_status":"TRADE_FINISHED","is_total_fee_adjust":"N","total_fee":"4770.00","gmt_payment":"2017-07-18 18:32:20","seller_email":"2287684289@qq.com","gmt_close":"2017-10-19 18:33:02","price":"4770.00","buyer_id":"2088502876625937","notify_id":"fdb70eda2a52cd6a8ddd2c67afded7en6e","use_coupon":"N","sign_type":"MD5","sign":"ccb88fdf5d0435c6b4cd7d8d718af404"}
[2017-10-19 18:33:02][info] 数据存储反馈成功！
[2017-10-19 18:33:02][info] success
[2017-10-19 18:33:02][info] 写入结束!!!
[2017-10-19 19:18:54][info] ----------------------------------------
[2017-10-19 19:18:54][info] {"discount":"0.00","payment_type":"1","trade_no":"2017071821001004840273249874","subject":"\u7518\u5357\u5168\u666f","buyer_email":"13905165695","gmt_create":"2017-07-18 19:18:41","notify_type":"trade_status_sync","quantity":"1","out_trade_no":"LX-17071818570159501-a","seller_id":"2088421286007493","notify_time":"2017-10-19 19:18:54","body":"2017\u5e74\u72ec\u5bb6  \u62c9\u535c\u695e\u5bfa-\u624e\u5c15\u90a3-\u82b1\u6e56-\u5e74\u5b9d\u7389\u5219-\u82e5\u5c14\u76d6\u8349\u539f-\u963f\u4e07\u4ed3\u6e7f\u5730-\u5c15\u6d77\u6e56-\u90ce\u6728\u5bfa 8\u65e5\u6e38","trade_status":"TRADE_FINISHED","is_total_fee_adjust":"N","total_fee":"2055.00","gmt_payment":"2017-07-18 19:18:49","seller_email":"2287684289@qq.com","gmt_close":"2017-10-19 19:18:54","price":"2055.00","buyer_id":"2088802458002845","notify_id":"65aacb0fcb56fe83789c014200658ebmhe","use_coupon":"N","sign_type":"MD5","sign":"e272ffb9132b38f1af5748acbcc4de47"}
[2017-10-19 19:18:54][info] 数据存储反馈成功！
[2017-10-19 19:18:54][info] success
[2017-10-19 19:18:54][info] 写入结束!!!
