[2017-05-29 10:46:44][info] ----------------------------------------
[2017-05-29 10:46:44][info] {"discount":"0.00","payment_type":"1","subject":"\u4e09\u6c5f\u6e90\u6df1\u5ea6\u5927\u73af\u7ebf","trade_no":"2017052921001004330211742361","buyer_email":"605138598@qq.com","gmt_create":"2017-05-29 10:46:28","notify_type":"trade_status_sync","quantity":"1","out_trade_no":"LX-17052910173122406-6","seller_id":"2088421286007493","notify_time":"2017-05-29 10:46:44","body":"2017\u5e74\u7518\u5357-\u5e74\u5b9d\u7389\u5219-\u8272\u8fbe-\u4e94\u660e\u4f5b\u5b66\u9662-\u5ddd\u85cf\u5317\u7ebf\u3001\u751f\u547d\u51c0\u571f\u4e09\u6c5f\u6e90-\u9102\u9675\u6e56 \u624e\u9675\u6e5612\u65e5\u4eba\u6587\u884c\u6444\u4e4b\u65c5\uff01","trade_status":"TRADE_SUCCESS","is_total_fee_adjust":"N","total_fee":"13600.00","gmt_payment":"2017-05-29 10:46:44","seller_email":"2287684289@qq.com","price":"13600.00","buyer_id":"2088002858480339","notify_id":"469d1592690c22d69bed27783dee298ijq","use_coupon":"N","sign_type":"MD5","sign":"cd1f3070ee6bb1634a5d5933173cc55e"}
[2017-05-29 10:46:45][info] 数据存储反馈成功！
[2017-05-29 10:46:45][info] success
[2017-05-29 10:46:45][info] 写入结束!!!
[2017-05-29 11:42:42][info] ----------------------------------------
[2017-05-29 11:42:42][info] {"discount":"0.00","payment_type":"1","subject":"\u7518\u5357\u5168\u666f","trade_no":"2017052921001004280266091418","buyer_email":"18951051189@189.cn","gmt_create":"2017-05-29 11:42:13","notify_type":"trade_status_sync","quantity":"1","out_trade_no":"LX-17051822125938306-6","seller_id":"2088421286007493","notify_time":"2017-05-29 11:42:42","body":"2017\u5e74\u72ec\u5bb6  \u516b\u89d2\u57ce-\u624e\u5c15\u90a3-\u82b1\u6e56-\u5e74\u5b9d\u7389\u5219-\u82e5\u5c14\u76d6\u8349\u539f-\u963f\u4e07\u4ed3\u6e7f\u5730-\u90ce\u6728\u5bfa 8\u65e5\u6e38","trade_status":"TRADE_SUCCESS","is_total_fee_adjust":"N","total_fee":"2800.00","gmt_payment":"2017-05-29 11:42:42","seller_email":"2287684289@qq.com","price":"2800.00","buyer_id":"2088602056720280","notify_id":"a8bf82264832f43107875825c731712i5u","use_coupon":"N","sign_type":"MD5","sign":"19c416cec2d39ca22d32fa3579f201a6"}
[2017-05-29 11:42:43][info] 数据存储反馈成功！
[2017-05-29 11:42:43][info] success
[2017-05-29 11:42:43][info] 写入结束!!!
[2017-05-29 11:45:11][info] ----------------------------------------
[2017-05-29 11:45:11][info] {"discount":"0.00","payment_type":"1","subject":"\u7518\u5357\u5168\u666f","trade_no":"2017052921001004280266084669","buyer_email":"18951051189@189.cn","gmt_create":"2017-05-29 11:44:56","notify_type":"trade_status_sync","quantity":"1","out_trade_no":"LX-17051822100230306-d","seller_id":"2088421286007493","notify_time":"2017-05-29 11:45:11","body":"2017\u5e74\u72ec\u5bb6  \u516b\u89d2\u57ce-\u624e\u5c15\u90a3-\u82b1\u6e56-\u5e74\u5b9d\u7389\u5219-\u82e5\u5c14\u76d6\u8349\u539f-\u963f\u4e07\u4ed3\u6e7f\u5730-\u90ce\u6728\u5bfa 8\u65e5\u6e38","trade_status":"TRADE_SUCCESS","is_total_fee_adjust":"N","total_fee":"2800.00","gmt_payment":"2017-05-29 11:45:11","seller_email":"2287684289@qq.com","price":"2800.00","buyer_id":"2088602056720280","notify_id":"c743afa5b201ad2dce2bce95f795a65i5u","use_coupon":"N","sign_type":"MD5","sign":"d6afa742ba33942203860b26e97a5ed9"}
[2017-05-29 11:45:11][info] 数据存储反馈成功！
[2017-05-29 11:45:11][info] success
[2017-05-29 11:45:11][info] 写入结束!!!
[2017-05-29 11:47:10][info] ----------------------------------------
[2017-05-29 11:47:10][info] {"discount":"0.00","payment_type":"1","subject":"\u7518\u5357\u5168\u666f","trade_no":"2017052921001004280266108093","buyer_email":"18951051189@189.cn","gmt_create":"2017-05-29 11:46:53","notify_type":"trade_status_sync","quantity":"1","out_trade_no":"LX-17051617535339906-a","seller_id":"2088421286007493","notify_time":"2017-05-29 11:47:10","body":"2017\u5e74\u72ec\u5bb6  \u516b\u89d2\u57ce-\u624e\u5c15\u90a3-\u82b1\u6e56-\u5e74\u5b9d\u7389\u5219-\u82e5\u5c14\u76d6\u8349\u539f-\u963f\u4e07\u4ed3\u6e7f\u5730-\u90ce\u6728\u5bfa 8\u65e5\u6e38","trade_status":"TRADE_SUCCESS","is_total_fee_adjust":"N","total_fee":"2800.00","gmt_payment":"2017-05-29 11:47:09","seller_email":"2287684289@qq.com","price":"2800.00","buyer_id":"2088602056720280","notify_id":"0d24a72e7a33baf2bfebba1b92466a8i5u","use_coupon":"N","sign_type":"MD5","sign":"d3e58ed61a43efd3c0e180e4662dbf36"}
[2017-05-29 11:47:10][info] 数据存储反馈成功！
[2017-05-29 11:47:10][info] success
[2017-05-29 11:47:10][info] 写入结束!!!
[2017-05-29 16:18:00][info] ----------------------------------------
[2017-05-29 16:18:00][info] {"payment_type":"1","subject":"\u96ea\u4e61\u7ecf\u5178\u6e38","trade_no":"2017022721001004910227794577","buyer_email":"feifly_1985@163.com","gmt_create":"2017-02-27 16:17:45","notify_type":"trade_status_sync","quantity":"1","out_trade_no":"LX-17012715593492301-8","seller_id":"2088421286007493","notify_time":"2017-05-29 16:18:00","body":"2017\u5e74\u54c8\u5c14\u6ee8-\u4e9a\u5e03\u529b\u6fc0\u60c5\u6ed1\u96ea-\u96ea\u4e61\u7a7f\u8d8a\u6797\u6d77-\u957f\u767d\u5c71-\u517b\u751f\u6e29\u6cc9-\u9b54\u754c-\u671d\u9c9c\u6c11\u4fd7\u6751-\u96fe\u51c7\u5c9b7\u65e5\u6e38","trade_status":"TRADE_FINISHED","is_total_fee_adjust":"N","total_fee":"0.01","gmt_payment":"2017-02-27 16:17:45","seller_email":"2287684289@qq.com","gmt_close":"2017-05-29 16:18:00","price":"0.01","buyer_id":"2088902293682915","notify_id":"08fb426954600eca0e8433e5c7d52cbn0u","use_coupon":"N","sign_type":"MD5","sign":"130df531c63204f0161b47ff2c54b245"}
[2017-05-29 16:18:01][info] 数据存储反馈成功！
[2017-05-29 16:18:01][info] success
[2017-05-29 16:18:01][info] 写入结束!!!
