[2017-10-09 09:18:00][info] ----------------------------------------
[2017-10-09 09:18:00][info] {"discount":"0.00","payment_type":"1","trade_no":"2017070821001004510219742241","subject":"\u65b0\u7586\u5168\u666f","buyer_email":"15298468387","gmt_create":"2017-07-08 09:17:18","notify_type":"trade_status_sync","quantity":"1","out_trade_no":"LX-17070807211461406-5","seller_id":"2088421286007493","notify_time":"2017-10-09 09:18:00","body":"\u6c5f\u5e03\u62c9\u514b-\u4e94\u5f69\u6ee9-\u5580\u7eb3\u65af-\u79be\u6728-\u8d5b\u91cc\u6728\u6e56-\u85b0\u8863\u8349\u519c\u573a-\u5580\u62c9\u5cfb-\u90a3\u62c9\u63d0-\u5df4\u97f3\u5e03\u9c81\u514b-\u5410\u9c81\u756a13\u65e5\u6e38","trade_status":"TRADE_FINISHED","is_total_fee_adjust":"N","total_fee":"2650.00","gmt_payment":"2017-07-08 09:17:27","seller_email":"2287684289@qq.com","gmt_close":"2017-10-09 09:18:00","price":"2650.00","buyer_id":"2088902934794519","notify_id":"71e7be3d7bf5d82d2c2820da6bbb6f7jxq","use_coupon":"N","sign_type":"MD5","sign":"3bb1ae9dab7e3011e02d64f9117b4fb9"}
[2017-10-09 09:18:01][info] 数据存储反馈成功！
[2017-10-09 09:18:01][info] success
[2017-10-09 09:18:01][info] 写入结束!!!
[2017-10-09 10:06:51][info] ----------------------------------------
[2017-10-09 10:06:51][info] {"discount":"0.00","payment_type":"1","trade_no":"2017070821001004000248593286","subject":"\u4e1d\u7ef8\u4e4b\u8def\u5168\u666f\u6e389\u65e5","buyer_email":"linglingonlylove@163.com","gmt_create":"2017-07-08 10:06:31","notify_type":"trade_status_sync","quantity":"1","out_trade_no":"LX-17070723042993801-a","seller_id":"2088421286007493","notify_time":"2017-10-09 10:06:51","body":"\u5170\u5dde-\u5854\u5c14\u5bfa-\u9752\u6d77\u6e56-\u8336\u5361\u76d0\u6e56-\u6c34\u4e0a\u9b54\u9b3c\u57ce-\u83ab\u9ad8\u7a9f-\u9e23\u6c99\u5c71\u6708\u7259\u6cc9-\u5f20\u6396\u4e39\u971e-\u5353\u5c14\u5c719\u65e5\u6e38","trade_status":"TRADE_FINISHED","is_total_fee_adjust":"N","total_fee":"4770.00","gmt_payment":"2017-07-08 10:06:43","seller_email":"2287684289@qq.com","gmt_close":"2017-10-09 10:06:51","price":"4770.00","buyer_id":"2088002104921005","notify_id":"d6f1fa4d167606f545ee6b751868d76g02","use_coupon":"N","sign_type":"MD5","sign":"dd565b007b6af587f4df17bde829851e"}
[2017-10-09 10:06:51][info] 数据存储反馈成功！
[2017-10-09 10:06:51][info] success
[2017-10-09 10:06:51][info] 写入结束!!!
[2017-10-09 10:07:23][info] ----------------------------------------
[2017-10-09 10:07:23][info] {"discount":"0.00","payment_type":"1","trade_no":"2017100921001004870208545505","subject":"\u5357\u7586\u5370\u8c61","buyer_email":"cao-pl@163.com","gmt_create":"2017-10-09 10:07:12","notify_type":"trade_status_sync","quantity":"1","out_trade_no":"LX-17091713530032101-8","seller_id":"2088421286007493","notify_time":"2017-10-09 10:07:22","body":"\u8f6e\u53f0\u5854\u91cc\u6728\u80e1\u6768\u6797-\u514b\u5b5c\u5c14\u5343\u4f5b\u6d1e-\u5929\u5c71\u5927\u5ce1\u8c37-\u5580\u4ec0-\u548c\u7530-\u6155\u58eb\u5854\u683c-\u5854\u514b\u62c9\u739b\u5e72\u6c99\u6f2012\u65e5\u4eba\u6587\u98ce\u5149\u6df1\u5ea6\u6e38","trade_status":"TRADE_SUCCESS","is_total_fee_adjust":"N","total_fee":"4980.00","gmt_payment":"2017-10-09 10:07:22","seller_email":"2287684289@qq.com","price":"4980.00","buyer_id":"2088002571216879","notify_id":"d8fa123740d911d03f91c76a73f0688mpq","use_coupon":"N","sign_type":"MD5","sign":"6c11b92f29bf5ac8a0a6827cf265224b"}
[2017-10-09 10:07:23][info] 数据存储反馈成功！
[2017-10-09 10:07:23][info] success
[2017-10-09 10:07:23][info] 写入结束!!!
[2017-10-09 10:08:24][info] ----------------------------------------
[2017-10-09 10:08:24][info] {"discount":"0.00","payment_type":"1","trade_no":"2017100921001004870208516414","subject":"\u5357\u7586\u5370\u8c61","buyer_email":"cao-pl@163.com","gmt_create":"2017-10-09 10:08:15","notify_type":"trade_status_sync","quantity":"1","out_trade_no":"LX-17091713494487701-6","seller_id":"2088421286007493","notify_time":"2017-10-09 10:08:24","body":"\u8f6e\u53f0\u5854\u91cc\u6728\u80e1\u6768\u6797-\u514b\u5b5c\u5c14\u5343\u4f5b\u6d1e-\u5929\u5c71\u5927\u5ce1\u8c37-\u5580\u4ec0-\u548c\u7530-\u6155\u58eb\u5854\u683c-\u5854\u514b\u62c9\u739b\u5e72\u6c99\u6f2012\u65e5\u4eba\u6587\u98ce\u5149\u6df1\u5ea6\u6e38","trade_status":"TRADE_SUCCESS","is_total_fee_adjust":"N","total_fee":"4980.00","gmt_payment":"2017-10-09 10:08:24","seller_email":"2287684289@qq.com","price":"4980.00","buyer_id":"2088002571216879","notify_id":"6dca6c5b694be0be48d6d1ae384ae4empq","use_coupon":"N","sign_type":"MD5","sign":"d3ddd5d69593634c62e9c8cdefdc8006"}
[2017-10-09 10:08:24][info] 数据存储反馈成功！
[2017-10-09 10:08:24][info] success
[2017-10-09 10:08:24][info] 写入结束!!!
[2017-10-09 10:09:15][info] ----------------------------------------
[2017-10-09 10:09:15][info] {"discount":"0.00","payment_type":"1","trade_no":"2017100921001004870208539223","subject":"\u5357\u7586\u5370\u8c61","buyer_email":"cao-pl@163.com","gmt_create":"2017-10-09 10:09:06","notify_type":"trade_status_sync","quantity":"1","out_trade_no":"LX-17090521291343401-7","seller_id":"2088421286007493","notify_time":"2017-10-09 10:09:14","body":"\u8f6e\u53f0\u5854\u91cc\u6728\u80e1\u6768\u6797-\u514b\u5b5c\u5c14\u5343\u4f5b\u6d1e-\u5929\u5c71\u5927\u5ce1\u8c37-\u5580\u4ec0-\u548c\u7530-\u6155\u58eb\u5854\u683c-\u5854\u514b\u62c9\u739b\u5e72\u6c99\u6f2012\u65e5\u4eba\u6587\u98ce\u5149\u6df1\u5ea6\u6e38","trade_status":"TRADE_SUCCESS","is_total_fee_adjust":"N","total_fee":"4980.00","gmt_payment":"2017-10-09 10:09:14","seller_email":"2287684289@qq.com","price":"4980.00","buyer_id":"2088002571216879","notify_id":"a10df2bf0f9465da7eba4ea6b3bb905mpq","use_coupon":"N","sign_type":"MD5","sign":"b1b684ca248797003ddb65a3672358b2"}
[2017-10-09 10:09:15][info] 数据存储反馈成功！
[2017-10-09 10:09:15][info] success
[2017-10-09 10:09:15][info] 写入结束!!!
[2017-10-09 10:23:03][info] ----------------------------------------
[2017-10-09 10:23:03][info] {"discount":"0.00","payment_type":"1","trade_no":"2017070821001004940291819561","subject":"\u4e1d\u8def\u5dc5\u5cf0\u4f53\u9a8c\u5341\u65e5\u6e38","buyer_email":"flyy1976fyc@yahoo.com.cn","gmt_create":"2017-07-08 10:21:56","notify_type":"trade_status_sync","quantity":"1","out_trade_no":"LX-1706141319089501-6","seller_id":"2088421286007493","notify_time":"2017-10-09 10:23:03","body":"\u6c99\u5c9b-\u9752\u6d77\u6e56-\u8336\u5361\u76d0\u6e56-\u7941\u8fde-\u5f20\u6396-\u5609\u5cea\u5173-\u6566\u714c\u5341\u65e5\u6e38","trade_status":"TRADE_FINISHED","is_total_fee_adjust":"N","total_fee":"570.00","gmt_payment":"2017-07-08 10:22:06","seller_email":"2287684289@qq.com","gmt_close":"2017-10-09 10:23:03","price":"570.00","buyer_id":"2088002200623948","notify_id":"571d7b7a0d96d298adf2a277c503587n96","use_coupon":"N","sign_type":"MD5","sign":"2f7355e312dae3a3638429baff1fe53f"}
[2017-10-09 10:23:03][info] 数据存储反馈成功！
[2017-10-09 10:23:03][info] success
[2017-10-09 10:23:03][info] 写入结束!!!
[2017-10-09 11:28:51][info] ----------------------------------------
[2017-10-09 11:28:51][info] {"discount":"0.00","payment_type":"1","trade_no":"2017100921001004240541726949","subject":"\u989d\u6d4e\u7eb3\u6df1\u5ea6\u6e38","buyer_email":"429119365@qq.com","gmt_create":"2017-10-09 11:28:27","notify_type":"trade_status_sync","quantity":"1","out_trade_no":"LX-17092117154861701-0","seller_id":"2088421286007493","notify_time":"2017-10-09 11:28:50","body":"\u4ed9\u7c73\u5f69\u6797-\u7941\u8fde\u5c71-\u9a6c\u8e44\u5bfa-\u5f20\u6396\u4e39\u971e-\u91d1\u5854\u80e1\u6768\u6797-\u989d\u6d4e\u7eb3\u80e1\u6768\u6797-\u5c45\u5ef6\u6d77-\u5609\u5cea\u5173-\u52a8\u8f66\u8fd4\u7a0b7\u65e5\u6e38","trade_status":"TRADE_SUCCESS","is_total_fee_adjust":"N","total_fee":"3300.00","gmt_payment":"2017-10-09 11:28:50","seller_email":"2287684289@qq.com","price":"3300.00","buyer_id":"2088202375437245","notify_id":"a0efbd6c877d8725185090f2f250df6hut","use_coupon":"N","sign_type":"MD5","sign":"7677193c56d052c904446669336e47b3"}
[2017-10-09 11:28:51][info] 数据存储反馈成功！
[2017-10-09 11:28:51][info] success
[2017-10-09 11:28:51][info] 写入结束!!!
[2017-10-09 12:06:01][info] ----------------------------------------
[2017-10-09 12:06:01][info] {"discount":"0.00","payment_type":"1","trade_no":"2017070821001004650253826056","subject":"\u7518\u5357\u5168\u666f","buyer_email":"lou2502@163.com","gmt_create":"2017-07-08 12:04:56","notify_type":"trade_status_sync","quantity":"1","out_trade_no":"LX-17070811381679206-6","seller_id":"2088421286007493","notify_time":"2017-10-09 12:06:00","body":"2017\u5e74\u72ec\u5bb6  \u62c9\u535c\u695e\u5bfa-\u624e\u5c15\u90a3-\u82b1\u6e56-\u5e74\u5b9d\u7389\u5219-\u82e5\u5c14\u76d6\u8349\u539f-\u963f\u4e07\u4ed3\u6e7f\u5730-\u5c15\u6d77\u6e56-\u90ce\u6728\u5bfa 8\u65e5\u6e38","trade_status":"TRADE_FINISHED","is_total_fee_adjust":"N","total_fee":"6560.00","gmt_payment":"2017-07-08 12:05:39","seller_email":"2287684289@qq.com","gmt_close":"2017-10-09 12:06:00","price":"6560.00","buyer_id":"2088102430160652","notify_id":"7664562188ff9504a60fbad43d46e0bl0m","use_coupon":"N","sign_type":"MD5","sign":"86b4d53a789eba2cfa3f3d2e028413cd"}
[2017-10-09 12:06:01][info] 数据存储反馈成功！
[2017-10-09 12:06:01][info] success
[2017-10-09 12:06:01][info] 写入结束!!!
[2017-10-09 14:00:34][info] ----------------------------------------
[2017-10-09 14:00:34][info] {"discount":"0.00","payment_type":"1","trade_no":"2017100921001004250542213554","subject":"\u989d\u6d4e\u7eb3\u5168\u666f","buyer_email":"372477360@qq.com","gmt_create":"2017-10-09 14:00:15","notify_type":"trade_status_sync","quantity":"1","out_trade_no":"LX-17091915340868506-9","seller_id":"2088421286007493","notify_time":"2017-10-09 14:00:34","body":"\u989d\u6d4e\u7eb3\u80e1\u6768\u6797-\u6566\u714c\u5168\u666f-\u5df4\u4e39\u5409\u6797-\u5f20\u6396\u4e39\u971e-\u5609\u5cea\u5173-\u91d1\u5854\u80e1\u6768\u6797-\u52a8\u8f668\u65e5","trade_status":"TRADE_SUCCESS","is_total_fee_adjust":"N","total_fee":"3900.00","gmt_payment":"2017-10-09 14:00:34","seller_email":"2287684289@qq.com","price":"3900.00","buyer_id":"2088802527413259","notify_id":"7d5a6804856d507ddb4bd1e27529fd8hxl","use_coupon":"N","sign_type":"MD5","sign":"e188c2d0ad809d7533a112fc4d6446e4"}
[2017-10-09 14:00:35][info] 数据存储反馈成功！
[2017-10-09 14:00:35][info] success
[2017-10-09 14:00:35][info] 写入结束!!!
[2017-10-09 14:04:53][info] ----------------------------------------
[2017-10-09 14:04:53][info] {"discount":"0.00","payment_type":"1","trade_no":"2017070821001004020266756534","subject":"\u4e1d\u8def\u5dc5\u5cf0\u4f53\u9a8c\u4e5d\u65e5\u6e38B\u7ebf","buyer_email":"marimo-217@163.com","gmt_create":"2017-07-08 14:04:39","notify_type":"trade_status_sync","quantity":"1","out_trade_no":"LX-17070811192371506-7","seller_id":"2088421286007493","notify_time":"2017-10-09 14:04:53","body":"\u6566\u714c-\u9e23\u6c99\u5c71\u6708\u7259\u6cc9-\u83ab\u9ad8\u7a9f-\u96c5\u4e39\u9b54\u9b3c\u57ce-\u5609\u5cea\u5173-\u5f20\u6396\u4e39\u971e-\u9a6c\u8e44\u5bfa-\u5353\u5c14\u5c71-\u8336\u5361\u76d0\u6e56-\u9752\u6d77\u6e569\u65e5\u6e38","trade_status":"TRADE_FINISHED","is_total_fee_adjust":"N","total_fee":"4080.00","gmt_payment":"2017-07-08 14:04:49","seller_email":"2287684289@qq.com","gmt_close":"2017-10-09 14:04:52","price":"4080.00","buyer_id":"2088002737689026","notify_id":"234e8a6b4e31e248e7e2216706e8b7eg5m","use_coupon":"N","sign_type":"MD5","sign":"c7c0608b82f1a34bd274c7cb362b0168"}
[2017-10-09 14:04:53][info] 数据存储反馈成功！
[2017-10-09 14:04:53][info] success
[2017-10-09 14:04:53][info] 写入结束!!!
[2017-10-09 15:20:53][info] ----------------------------------------
[2017-10-09 15:20:53][info] {"discount":"0.00","payment_type":"1","trade_no":"2017070821001004420212346709","subject":"\u4e1d\u7ef8\u4e4b\u8def\u7ecf\u5178\u4e5d\u65e5","buyer_email":"13607132101","gmt_create":"2017-07-08 15:19:53","notify_type":"trade_status_sync","quantity":"1","out_trade_no":"LX-17062517194046801-a","seller_id":"2088421286007493","notify_time":"2017-10-09 15:20:53","body":"\u6c99\u5c9b-\u9752\u6d77\u6e56-\u8336\u5361\u76d0\u6e56-\u5353\u5c14\u5c71-\u5f20\u6396\u4e39\u971e-\u5609\u5cea\u5173-\u6566\u714c9\u65e5\u6e38","trade_status":"TRADE_FINISHED","is_total_fee_adjust":"N","total_fee":"8790.00","gmt_payment":"2017-07-08 15:20:05","seller_email":"2287684289@qq.com","gmt_close":"2017-10-09 15:20:53","price":"8790.00","buyer_id":"2088702723723421","notify_id":"a05e55ca65c04d006776b9647db4738j8q","use_coupon":"N","sign_type":"MD5","sign":"a8395461abd98230b7a90281d793b91b"}
[2017-10-09 15:20:53][info] 数据存储反馈成功！
[2017-10-09 15:20:53][info] success
[2017-10-09 15:20:53][info] 写入结束!!!
[2017-10-09 15:22:29][info] ----------------------------------------
[2017-10-09 15:22:29][info] {"discount":"0.00","payment_type":"1","trade_no":"2017100921001004480542500333","subject":"\u989d\u6d4e\u7eb3\u5168\u666f","buyer_email":"1542702612@qq.com","gmt_create":"2017-10-09 15:22:19","notify_type":"trade_status_sync","quantity":"1","out_trade_no":"LX-17092509300838101-d","seller_id":"2088421286007493","notify_time":"2017-10-09 15:22:29","body":"\u989d\u6d4e\u7eb3\u80e1\u6768\u6797-\u6566\u714c\u5168\u666f-\u5df4\u4e39\u5409\u6797-\u5f20\u6396\u4e39\u971e-\u5609\u5cea\u5173-\u91d1\u5854\u80e1\u6768\u6797-\u52a8\u8f668\u65e5","trade_status":"TRADE_SUCCESS","is_total_fee_adjust":"N","total_fee":"3446.50","gmt_payment":"2017-10-09 15:22:29","seller_email":"2287684289@qq.com","price":"3446.50","buyer_id":"2088602202651488","notify_id":"83c7d911dde03799756b1d861a0fb14jph","use_coupon":"N","sign_type":"MD5","sign":"263c92ae963b066ad1dfe4ce94e0b480"}
[2017-10-09 15:22:30][info] 数据存储反馈成功！
[2017-10-09 15:22:30][info] success
[2017-10-09 15:22:30][info] 写入结束!!!
[2017-10-09 15:44:59][info] ----------------------------------------
[2017-10-09 15:44:59][info] {"discount":"0.00","payment_type":"1","trade_no":"2017070821001004500265456323","subject":"\u7518\u5357\u5168\u666f","buyer_email":"13797027356","gmt_create":"2017-07-08 15:43:42","notify_type":"trade_status_sync","quantity":"1","out_trade_no":"LX-17070312412951101-f","seller_id":"2088421286007493","notify_time":"2017-10-09 15:44:59","body":"2017\u5e74\u72ec\u5bb6  \u62c9\u535c\u695e\u5bfa-\u624e\u5c15\u90a3-\u82b1\u6e56-\u5e74\u5b9d\u7389\u5219-\u82e5\u5c14\u76d6\u8349\u539f-\u963f\u4e07\u4ed3\u6e7f\u5730-\u5c15\u6d77\u6e56-\u90ce\u6728\u5bfa 8\u65e5\u6e38","trade_status":"TRADE_FINISHED","is_total_fee_adjust":"N","total_fee":"9840.00","gmt_payment":"2017-07-08 15:44:08","seller_email":"2287684289@qq.com","gmt_close":"2017-10-09 15:44:59","price":"9840.00","buyer_id":"2088022763040501","notify_id":"94f5ef21f06eb2c504195104e12aec1juy","use_coupon":"N","sign_type":"MD5","sign":"e6a3fb133112ffc7134f9beb43c1d403"}
[2017-10-09 15:44:59][info] 数据存储反馈成功！
[2017-10-09 15:44:59][info] success
[2017-10-09 15:44:59][info] 写入结束!!!
[2017-10-09 17:37:59][info] ----------------------------------------
[2017-10-09 17:37:59][info] {"discount":"0.00","payment_type":"1","trade_no":"2017070821001004240222927231","subject":"\u4e1d\u8def\u5dc5\u5cf0\u4f53\u9a8c\u5341\u65e5\u6e38","buyer_email":"xiaohong2000@126.com","gmt_create":"2017-07-08 17:36:59","notify_type":"trade_status_sync","quantity":"1","out_trade_no":"LX-17051221372112406-9","seller_id":"2088421286007493","notify_time":"2017-10-09 17:37:59","body":"\u6c99\u5c9b-\u9752\u6d77\u6e56-\u8336\u5361\u76d0\u6e56-\u7941\u8fde-\u5f20\u6396-\u5609\u5cea\u5173-\u6566\u714c\u5341\u65e5\u6e38","trade_status":"TRADE_FINISHED","is_total_fee_adjust":"N","total_fee":"15536.00","gmt_payment":"2017-07-08 17:37:45","seller_email":"2287684289@qq.com","gmt_close":"2017-10-09 17:37:59","price":"15536.00","buyer_id":"2088002900274244","notify_id":"e1ea934e1591ca7f0d279c2d605693dhuq","use_coupon":"N","sign_type":"MD5","sign":"eb4fd3d2e89fc8f4ee8a0e1b3fe9eba0"}
[2017-10-09 17:37:59][info] 数据存储反馈成功！
[2017-10-09 17:37:59][info] success
[2017-10-09 17:37:59][info] 写入结束!!!
[2017-10-09 21:53:57][info] ----------------------------------------
[2017-10-09 21:53:57][info] {"discount":"0.00","payment_type":"1","trade_no":"2017070821001004470222827221","subject":"\u4e1d\u7ef8\u4e4b\u8def\u5168\u666f\u6e389\u65e5","buyer_email":"543845890@qq.com","gmt_create":"2017-07-08 21:52:08","notify_type":"trade_status_sync","quantity":"1","out_trade_no":"LX-17070722271236506-5","seller_id":"2088421286007493","notify_time":"2017-10-09 21:53:57","body":"\u72ec\u5bb6\u6c34\u4e0a\u9b54\u9b3c\u57ce-\u65e0\u4eba\u533a\u539f\u751f\u6001\u96c5\u4e39\u63a2\u79d8-\u9752\u6d77\u6e56-\u8336\u5361\u76d0\u6e56-\u83ab\u9ad8\u7a9f-\u9e23\u6c99\u5c71\u6708\u7259\u6cc9-\u5f20\u6396\u4e39\u971e-\u5353\u5c14\u5c719\u65e5\u6e38","trade_status":"TRADE_FINISHED","is_total_fee_adjust":"N","total_fee":"11340.00","gmt_payment":"2017-07-08 21:53:01","seller_email":"2287684289@qq.com","gmt_close":"2017-10-09 21:53:57","price":"11340.00","buyer_id":"2088602204392471","notify_id":"56bd4e4808caeb2aad3ca69c0b7d07ejmm","use_coupon":"N","sign_type":"MD5","sign":"a96c2eb9856c8c5f769e8893a6054d60"}
[2017-10-09 21:53:58][info] 数据存储反馈成功！
[2017-10-09 21:53:58][info] success
[2017-10-09 21:53:58][info] 写入结束!!!
