[2017-09-19 09:58:22][info] ----------------------------------------
[2017-09-19 09:58:22][info] {"discount":"0.00","payment_type":"1","trade_no":"2017091921001004010529148440","subject":"\u5317\u7586\u91d1\u79cb\u7ecf\u5178\u73af\u7ebf","buyer_email":"do-now@126.com","gmt_create":"2017-09-19 09:58:00","notify_type":"trade_status_sync","quantity":"1","out_trade_no":"LX-17082810512252206-5","seller_id":"2088421286007493","notify_time":"2017-09-19 09:58:22","body":"\u5580\u7eb3\u65af-\u767d\u54c8\u5df4-\u79be\u6728-\u4e94\u5f69\u6ee9-\u9b54\u9b3c\u57ce-\u53ef\u53ef\u6258\u6d77 9\u65e5\u6df1\u5ea6\u6e38","trade_status":"TRADE_SUCCESS","is_total_fee_adjust":"N","total_fee":"5080.00","gmt_payment":"2017-09-19 09:58:21","seller_email":"2287684289@qq.com","price":"5080.00","buyer_id":"2088002414838013","notify_id":"ee63c91021f072d53497004d75f57e2g2x","use_coupon":"N","sign_type":"MD5","sign":"c551e9fd31e2de3e31a2cf9b124b55ee"}
[2017-09-19 09:58:22][info] 数据存储反馈成功！
[2017-09-19 09:58:22][info] success
[2017-09-19 09:58:22][info] 写入结束!!!
[2017-09-19 10:28:44][info] ----------------------------------------
[2017-09-19 10:28:44][info] {"discount":"0.00","payment_type":"1","trade_no":"2017091921001004180520192509","subject":"\u65b0\u7586\u91d1\u79cb\u5927\u73af\u7ebf","buyer_email":"13458599720","gmt_create":"2017-09-19 10:28:35","notify_type":"trade_status_sync","quantity":"1","out_trade_no":"LX-17082515454584806-e","seller_id":"2088421286007493","notify_time":"2017-09-19 10:28:44","body":"\u5580\u7eb3\u65af-\u79be\u6728-\u767d\u54c8\u5df4-\u8d5b\u91cc\u6728\u6e56-\u5df4\u97f3\u5e03\u9c81\u514b-\u5410\u9c81\u756a-\u5854\u91cc\u6728\u6cb3\u80e1\u6768\u679712\u65e5\u6df1\u5ea6\u6e38","trade_status":"TRADE_SUCCESS","is_total_fee_adjust":"N","total_fee":"5980.00","gmt_payment":"2017-09-19 10:28:44","seller_email":"2287684289@qq.com","price":"5980.00","buyer_id":"2088802470954180","notify_id":"4fb4ba95962996ece8653be8c5d070bhe5","use_coupon":"N","sign_type":"MD5","sign":"c5646b51fc522f5d79e155d64ee24393"}
[2017-09-19 10:28:44][info] 数据存储反馈成功！
[2017-09-19 10:28:44][info] success
[2017-09-19 10:28:44][info] 写入结束!!!
[2017-09-19 11:00:56][info] ----------------------------------------
[2017-09-19 11:00:56][info] {"discount":"0.00","payment_type":"1","trade_no":"2017091921001004460256116421","subject":"\u989d\u6d4e\u7eb3\u6df1\u5ea6\u6e38","buyer_email":"18666028901","gmt_create":"2017-09-19 11:00:41","notify_type":"trade_status_sync","quantity":"1","out_trade_no":"LX-17091910222092106-8","seller_id":"2088421286007493","notify_time":"2017-09-19 11:00:56","body":"\u4ed9\u7c73\u5f69\u6797-\u7941\u8fde\u5c71-\u9a6c\u8e44\u5bfa-\u5f20\u6396\u4e39\u971e-\u91d1\u5854\u80e1\u6768\u6797-\u989d\u6d4e\u7eb3\u80e1\u6768\u6797-\u5c45\u5ef6\u6d77-\u5609\u5cea\u5173-\u52a8\u8f66\u8fd4\u7a0b7\u65e5\u6e38","trade_status":"TRADE_SUCCESS","is_total_fee_adjust":"N","total_fee":"11040.00","gmt_payment":"2017-09-19 11:00:56","seller_email":"2287684289@qq.com","price":"11040.00","buyer_id":"2088702388985462","notify_id":"8420febec3485734232b3a249ae7524jju","use_coupon":"N","sign_type":"MD5","sign":"15ec8a4dc1c3262fd703818176cf6056"}
[2017-09-19 11:00:57][info] 数据存储反馈成功！
[2017-09-19 11:00:57][info] success
[2017-09-19 11:00:57][info] 写入结束!!!
[2017-09-19 11:20:30][info] ----------------------------------------
[2017-09-19 11:20:30][info] {"discount":"0.00","payment_type":"1","trade_no":"2017091921001004210238268397","subject":"\u989d\u6d4e\u7eb3\u6700\u7f8e\u9ad8\u94c1\u56e2","buyer_email":"13586911778","gmt_create":"2017-09-19 11:20:06","notify_type":"trade_status_sync","quantity":"1","out_trade_no":"LX-17091910325442006-b","seller_id":"2088421286007493","notify_time":"2017-09-19 11:20:30","body":"2017\u989d\u6d4e\u7eb3\u65d7\u80e1\u6768\u6797\u516d\u65e5\u6e38-\u9886\u8896\u6237\u5916\u72ec\u5bb6\u9996\u521b","trade_status":"TRADE_SUCCESS","is_total_fee_adjust":"N","total_fee":"6600.00","gmt_payment":"2017-09-19 11:20:29","seller_email":"2287684289@qq.com","price":"6600.00","buyer_id":"2088202434590214","notify_id":"65321fca9592a5c0d70bbedb8501db6hme","use_coupon":"N","sign_type":"MD5","sign":"c34ae96d1c364383957f751f2fc36e0d"}
[2017-09-19 11:20:30][info] 数据存储反馈成功！
[2017-09-19 11:20:30][info] success
[2017-09-19 11:20:30][info] 写入结束!!!
[2017-09-19 11:24:49][info] ----------------------------------------
[2017-09-19 11:24:49][info] {"discount":"0.00","payment_type":"1","trade_no":"2017091921001004460256203432","subject":"\u65b0\u7586\u91d1\u79cb\u5927\u73af\u7ebf","buyer_email":"qyzlong@sina.com","gmt_create":"2017-09-19 11:24:41","notify_type":"trade_status_sync","quantity":"1","out_trade_no":"LX-17083011515410806-0","seller_id":"2088421286007493","notify_time":"2017-09-19 11:24:49","body":"\u5580\u7eb3\u65af-\u79be\u6728-\u767d\u54c8\u5df4-\u8d5b\u91cc\u6728\u6e56-\u5df4\u97f3\u5e03\u9c81\u514b-\u5410\u9c81\u756a-\u5854\u91cc\u6728\u6cb3\u80e1\u6768\u679712\u65e5\u6df1\u5ea6\u6e38","trade_status":"TRADE_SUCCESS","is_total_fee_adjust":"N","total_fee":"2990.00","gmt_payment":"2017-09-19 11:24:49","seller_email":"2287684289@qq.com","price":"2990.00","buyer_id":"2088002651983462","notify_id":"93380c4425012541bed83fd2352ab28jju","use_coupon":"N","sign_type":"MD5","sign":"4f008752c19d9b5ea71c23d18b50e7e2"}
[2017-09-19 11:24:50][info] 数据存储反馈成功！
[2017-09-19 11:24:50][info] success
[2017-09-19 11:24:50][info] 写入结束!!!
[2017-09-19 14:22:44][info] ----------------------------------------
[2017-09-19 14:22:44][info] {"discount":"0.00","payment_type":"1","trade_no":"2017091921001004570291941993","subject":"\u5317\u7586\u91d1\u79cb\u81f3\u5c0a10\u65e5\u6e38","buyer_email":"aschenzhong@163.com","gmt_create":"2017-09-19 14:22:16","notify_type":"trade_status_sync","quantity":"1","out_trade_no":"LX-17081410043866406-8","seller_id":"2088421286007493","notify_time":"2017-09-19 14:22:44","body":"38\u5c0f\u65f6\u79be\u6728-\u5580\u7eb3\u65af-\u767d\u54c8\u5df4-\u53ef\u53ef\u82cf\u91cc\u6e56-\u53ef\u53ef\u6258\u6d77-\u4e94\u5f69\u6ee9-\u9b54\u9b3c\u57ce10\u65e5\u5927\u73af\u7ebf","trade_status":"TRADE_SUCCESS","is_total_fee_adjust":"N","total_fee":"9560.00","gmt_payment":"2017-09-19 14:22:44","seller_email":"2287684289@qq.com","price":"9560.00","buyer_id":"2088002130803571","notify_id":"ae7ab3ddb199021d47583b219cd4937kee","use_coupon":"N","sign_type":"MD5","sign":"0c58d4627299e802c50dc505bf2468ec"}
[2017-09-19 14:22:45][info] 数据存储反馈成功！
[2017-09-19 14:22:45][info] success
[2017-09-19 14:22:45][info] 写入结束!!!
[2017-09-19 14:51:51][info] ----------------------------------------
[2017-09-19 14:51:51][info] {"discount":"0.00","payment_type":"1","trade_no":"2017061821001004810283921207","subject":"\u4e1d\u7ef8\u4e4b\u8def\u5dc5\u5cf0\u4f53\u9a8c\u4e5d\u65e5\u6e38","buyer_email":"15102036358","gmt_create":"2017-06-18 14:50:51","notify_type":"trade_status_sync","quantity":"1","out_trade_no":"LX-1706181109472006-4","seller_id":"2088421286007493","notify_time":"2017-09-19 14:51:51","body":"\u6c99\u5c9b-\u9752\u6d77\u6e56-\u8336\u5361\u76d0\u6e56-\u7941\u8fde-\u5f20\u6396-\u5609\u5cea\u5173-\u6566\u714c\u4e5d\u65e5\u6e38","trade_status":"TRADE_FINISHED","is_total_fee_adjust":"N","total_fee":"6570.00","gmt_payment":"2017-06-18 14:51:21","seller_email":"2287684289@qq.com","gmt_close":"2017-09-19 14:51:51","price":"6570.00","buyer_id":"2088012583196818","notify_id":"ae92b7debac1f0bc155d49ddc0c4f4bm92","use_coupon":"N","sign_type":"MD5","sign":"fe646f4e5a333266ef2071ee6d3d354a"}
[2017-09-19 14:51:51][info] 数据存储反馈成功！
[2017-09-19 14:51:51][info] success
[2017-09-19 14:51:51][info] 写入结束!!!
[2017-09-19 15:51:57][info] ----------------------------------------
[2017-09-19 15:51:57][info] {"discount":"0.00","payment_type":"1","trade_no":"2017091921001004210238910814","subject":"\u7a3b\u57ce\u91d1\u79cb","buyer_email":"13527715553","gmt_create":"2017-09-19 15:51:38","notify_type":"trade_status_sync","quantity":"1","out_trade_no":"LX-17091915241067906-4","seller_id":"2088421286007493","notify_time":"2017-09-19 15:51:56","body":"\u7a3b\u57ce\u4e9a\u4e01-\u65b0\u90fd\u6865-\u4e39\u5df4-\u56db\u59d1\u5a18\u5c71\u4e5d\u65e5\u6df1\u5ea6\u6e38","trade_status":"TRADE_SUCCESS","is_total_fee_adjust":"N","total_fee":"3880.00","gmt_payment":"2017-09-19 15:51:56","seller_email":"2287684289@qq.com","price":"3880.00","buyer_id":"2088512030094219","notify_id":"5e6acb3a5aaf6deb69d6c15a2d5551ehme","use_coupon":"N","sign_type":"MD5","sign":"9de0461df89a1f2c45a659866c5f1be5"}
[2017-09-19 15:51:57][info] 数据存储反馈成功！
[2017-09-19 15:51:57][info] success
[2017-09-19 15:51:57][info] 写入结束!!!
[2017-09-19 16:23:09][info] ----------------------------------------
[2017-09-19 16:23:09][info] {"discount":"0.00","payment_type":"1","trade_no":"2017091921001004250253673845","subject":"\u989d\u6d4e\u7eb3\u5168\u666f","buyer_email":"372477360@qq.com","gmt_create":"2017-09-19 16:22:39","notify_type":"trade_status_sync","quantity":"1","out_trade_no":"LX-17091915340868506-0","seller_id":"2088421286007493","notify_time":"2017-09-19 16:23:09","body":"\u989d\u6d4e\u7eb3\u80e1\u6768\u6797-\u6566\u714c\u5168\u666f-\u5df4\u4e39\u5409\u6797-\u5f20\u6396\u4e39\u971e-\u5609\u5cea\u5173-\u91d1\u5854\u80e1\u6768\u6797-\u52a8\u8f668\u65e5","trade_status":"TRADE_SUCCESS","is_total_fee_adjust":"N","total_fee":"3900.00","gmt_payment":"2017-09-19 16:23:09","seller_email":"2287684289@qq.com","price":"3900.00","buyer_id":"2088802527413259","notify_id":"6017167961a1302864f11648eea1b53hxi","use_coupon":"N","sign_type":"MD5","sign":"537bade8457b26e469393f9ed4e24492"}
[2017-09-19 16:23:09][info] 数据存储反馈成功！
[2017-09-19 16:23:09][info] success
[2017-09-19 16:23:09][info] 写入结束!!!
[2017-09-19 16:56:45][info] ----------------------------------------
[2017-09-19 16:56:45][info] {"discount":"0.00","payment_type":"1","trade_no":"2017091921001004890502835768","subject":"\u5317\u7586\u91d1\u79cb\u6444\u5f71","buyer_email":"13377691196@189.cn","gmt_create":"2017-09-19 16:56:31","notify_type":"trade_status_sync","quantity":"1","out_trade_no":"LX-17091715404575406-1","seller_id":"2088421286007493","notify_time":"2017-09-19 16:56:45","body":"\u5580\u7eb3\u65af-\u79be\u6728-\u767d\u54c8\u5df4-\u53ef\u53ef\u6258\u6d77-\u4e94\u5f69\u6ee9-\u53ef\u53ef\u82cf\u91cc\u6e56-\u9b54\u9b3c\u57ce\u79cb\u5b63\u6444\u5f7110\u65e5","trade_status":"TRADE_SUCCESS","is_total_fee_adjust":"N","total_fee":"11260.00","gmt_payment":"2017-09-19 16:56:45","seller_email":"2287684289@qq.com","price":"11260.00","buyer_id":"2088302054249892","notify_id":"4b417ed2c3d1753044342b5a758989cmvd","use_coupon":"N","sign_type":"MD5","sign":"2a9180b4671e8f9bf896f0a91edf5691"}
[2017-09-19 16:56:45][info] 数据存储反馈成功！
[2017-09-19 16:56:45][info] success
[2017-09-19 16:56:45][info] 写入结束!!!
[2017-09-19 17:41:24][info] ----------------------------------------
[2017-09-19 17:41:24][info] {"discount":"0.00","payment_type":"1","trade_no":"2017091921001004950503062687","subject":"\u989d\u6d4e\u7eb3\u6700\u7f8e\u9ad8\u94c1\u56e2","buyer_email":"wlf314@163.com","gmt_create":"2017-09-19 17:40:51","notify_type":"trade_status_sync","quantity":"1","out_trade_no":"LX-17091917045039701-9","seller_id":"2088421286007493","notify_time":"2017-09-19 17:41:24","body":"2017\u989d\u6d4e\u7eb3\u65d7\u80e1\u6768\u6797\u516d\u65e5\u6e38-\u9886\u8896\u6237\u5916\u72ec\u5bb6\u9996\u521b","trade_status":"TRADE_SUCCESS","is_total_fee_adjust":"N","total_fee":"3400.00","gmt_payment":"2017-09-19 17:41:23","seller_email":"2287684289@qq.com","price":"3400.00","buyer_id":"2088002459903954","notify_id":"4ca0f2f6f089d4f193fbd30b1eb118cnc1","use_coupon":"N","sign_type":"MD5","sign":"e77ec7e17aff7cb95d12f312f6e1b0ff"}
[2017-09-19 17:41:24][info] 数据存储反馈成功！
[2017-09-19 17:41:24][info] success
[2017-09-19 17:41:24][info] 写入结束!!!
[2017-09-19 18:29:16][info] ----------------------------------------
[2017-09-19 18:29:16][info] {"discount":"0.00","payment_type":"1","trade_no":"2017091921001004810503325839","subject":"\u5317\u7586\u91d1\u79cb\u7ecf\u5178\u73af\u7ebf","buyer_email":"13567484521","gmt_create":"2017-09-19 18:28:59","notify_type":"trade_status_sync","quantity":"1","out_trade_no":"LX-17071319351467206-c","seller_id":"2088421286007493","notify_time":"2017-09-19 18:29:16","body":"\u5580\u7eb3\u65af-\u767d\u54c8\u5df4-\u79be\u6728-\u4e94\u5f69\u6ee9-\u9b54\u9b3c\u57ce-\u53ef\u53ef\u6258\u6d77 9\u65e5\u6df1\u5ea6\u6e38","trade_status":"TRADE_SUCCESS","is_total_fee_adjust":"N","total_fee":"17900.00","gmt_payment":"2017-09-19 18:29:15","seller_email":"2287684289@qq.com","price":"17900.00","buyer_id":"2088312054390810","notify_id":"4757afbd9931e0ddb9582d5d1c4cddfm95","use_coupon":"N","sign_type":"MD5","sign":"73a1f2092fd489538d6f77b65bb84442"}
[2017-09-19 18:29:16][info] 数据存储反馈成功！
[2017-09-19 18:29:16][info] success
[2017-09-19 18:29:16][info] 写入结束!!!
[2017-09-19 18:35:54][info] ----------------------------------------
[2017-09-19 18:35:54][info] {"discount":"0.00","payment_type":"1","trade_no":"2017091921001004220274412873","subject":"\u989d\u6d4e\u7eb3\u4f11\u95f2\u6e38","buyer_email":"15910877095","gmt_create":"2017-09-19 18:35:46","notify_type":"trade_status_sync","quantity":"1","out_trade_no":"LX-17090415380690806-7","seller_id":"2088421286007493","notify_time":"2017-09-19 18:35:54","body":"\u989d\u6d4e\u7eb3\u65d7\u80e1\u6768\u6797-\u5609\u5cea\u5173-\u9ed1\u6c34\u57ce-\u602a\u6811\u6797-\u5df4\u4e39\u5409\u6797\u6c99\u6f20-\u5f20\u6396\u4e39\u971e","trade_status":"TRADE_SUCCESS","is_total_fee_adjust":"N","total_fee":"1390.00","gmt_payment":"2017-09-19 18:35:53","seller_email":"2287684289@qq.com","price":"1390.00","buyer_id":"2088702295073223","notify_id":"6b15fc9781d9d6fbd3b1f54c43904fdhp6","use_coupon":"N","sign_type":"MD5","sign":"4790006324e154b8895f5dfb1676e86d"}
[2017-09-19 18:35:54][info] 数据存储反馈成功！
[2017-09-19 18:35:54][info] success
[2017-09-19 18:35:54][info] 写入结束!!!
[2017-09-19 18:46:02][info] ----------------------------------------
[2017-09-19 18:46:02][info] {"discount":"0.00","payment_type":"1","trade_no":"2017061821001004270278935620","subject":"\u4e1d\u7ef8\u4e4b\u8def\u5dc5\u5cf0\u4f53\u9a8c\u4e5d\u65e5\u6e38","buyer_email":"zym16880@126.com","gmt_create":"2017-06-18 18:42:34","notify_type":"trade_status_sync","quantity":"1","out_trade_no":"LX-17061811240317006-c","seller_id":"2088421286007493","notify_time":"2017-09-19 18:46:01","body":"\u6c99\u5c9b-\u9752\u6d77\u6e56-\u8336\u5361\u76d0\u6e56-\u7941\u8fde-\u5f20\u6396-\u5609\u5cea\u5173-\u6566\u714c\u4e5d\u65e5\u6e38","trade_status":"TRADE_FINISHED","is_total_fee_adjust":"N","total_fee":"13140.00","gmt_payment":"2017-06-18 18:45:37","seller_email":"2287684289@qq.com","gmt_close":"2017-09-19 18:46:01","price":"13140.00","buyer_id":"2088002523944278","notify_id":"56ea520a5683a89f8de0fc543e7ee2fi32","use_coupon":"N","sign_type":"MD5","sign":"ad01daf51fc022bea902a33fdc5366ea"}
[2017-09-19 18:46:02][info] 数据存储反馈成功！
[2017-09-19 18:46:02][info] success
[2017-09-19 18:46:02][info] 写入结束!!!
[2017-09-19 19:33:48][info] ----------------------------------------
[2017-09-19 19:33:48][info] {"discount":"0.00","payment_type":"1","trade_no":"2017091921001004790207901084","subject":"\u575d\u4e0a\u79cb\u6444","buyer_email":"13711557760@139.com","gmt_create":"2017-09-19 14:57:39","notify_type":"trade_status_sync","quantity":"1","out_trade_no":"LX-17091315341840006-d","seller_id":"2088421286007493","notify_time":"2017-09-19 19:33:48","body":"9-10\u6708\u91d1\u79cb\uff0c\u5317\u6c9f\u3001\u6768\u6811\u80cc\u3001\u4e94\u5f69\u5c71\u3001\u86e4\u87c6\u575d\u3001\u91ce\u9e2d\u6e56\u3001\u516c\u4e3b\u6e56\u7b49\u575d\u4e0a\u8349\u539f\u79cb\u8272\u4e00\u7f51\u6253\u5c3d 6\u65e5\u6444\u5f71\u521b\u4f5c\u56e2\uff08\u575d\u4e0a\u62cd\u64444\u5929\uff09","trade_status":"TRADE_SUCCESS","is_total_fee_adjust":"N","total_fee":"2680.00","gmt_payment":"2017-09-19 19:33:47","seller_email":"2287684289@qq.com","price":"2680.00","buyer_id":"2088702007129794","notify_id":"3482919ee3f43553f02825a6ed307f2m3i","use_coupon":"N","sign_type":"MD5","sign":"5ffe88dcb61122a45195bff437f51461"}
[2017-09-19 19:33:48][info] 数据存储反馈成功！
[2017-09-19 19:33:48][info] success
[2017-09-19 19:33:48][info] 写入结束!!!
[2017-09-19 20:34:31][info] ----------------------------------------
[2017-09-19 20:34:31][info] {"discount":"0.00","payment_type":"1","trade_no":"2017091921001004840503405776","subject":"\u989d\u6d4e\u7eb3\u5168\u666f","buyer_email":"13450346225","gmt_create":"2017-09-19 20:34:08","notify_type":"trade_status_sync","quantity":"1","out_trade_no":"LX-1709102314385706-d","seller_id":"2088421286007493","notify_time":"2017-09-19 20:34:31","body":"\u989d\u6d4e\u7eb3\u80e1\u6768\u6797-\u6566\u714c\u5168\u666f-\u5df4\u4e39\u5409\u6797-\u5f20\u6396\u4e39\u971e-\u5609\u5cea\u5173-\u91d1\u5854\u80e1\u6768\u6797-\u52a8\u8f668\u65e5","trade_status":"TRADE_SUCCESS","is_total_fee_adjust":"N","total_fee":"2040.00","gmt_payment":"2017-09-19 20:34:31","seller_email":"2287684289@qq.com","price":"2040.00","buyer_id":"2088822230707847","notify_id":"e0a45303a0af741844caff805af4b37mhh","use_coupon":"N","sign_type":"MD5","sign":"bfd241feeb0298014b26cf8598683729"}
[2017-09-19 20:34:31][info] 数据存储反馈成功！
[2017-09-19 20:34:31][info] success
[2017-09-19 20:34:31][info] 写入结束!!!
[2017-09-19 20:36:01][info] ----------------------------------------
[2017-09-19 20:36:01][info] {"discount":"0.00","payment_type":"1","trade_no":"2017061821001004300294819055","subject":"\u4e1d\u7ef8\u4e4b\u8def\u7cbe\u534e\u4e03\u65e5\u6e38","buyer_email":"xgxzhou@163.com","gmt_create":"2017-06-18 20:35:39","notify_type":"trade_status_sync","quantity":"1","out_trade_no":"LX-1706181057351401-8","seller_id":"2088421286007493","notify_time":"2017-09-19 20:36:01","body":"2017\u5e74\u9752\u6d77\u6e56-\u8336\u5361\u76d0\u6e56-\u6566\u714c-\u5609\u5cea\u5173-\u5f20\u6396\u4e39\u971e\u4e03\u65e5\u6e38","trade_status":"TRADE_FINISHED","is_total_fee_adjust":"N","total_fee":"9540.00","gmt_payment":"2017-06-18 20:35:49","seller_email":"2287684289@qq.com","gmt_close":"2017-09-19 20:36:01","price":"9540.00","buyer_id":"2088102597484301","notify_id":"436b2f80c89c3116e5d6d9195c6a3f0ibe","use_coupon":"N","sign_type":"MD5","sign":"f31b8ea40c39336798ba17d15fa56db8"}
[2017-09-19 20:36:01][info] 数据存储反馈成功！
[2017-09-19 20:36:01][info] success
[2017-09-19 20:36:01][info] 写入结束!!!
[2017-09-19 20:52:16][info] ----------------------------------------
[2017-09-19 20:52:16][info] {"discount":"0.00","payment_type":"1","trade_no":"2017091921001004790208781896","subject":"\u989d\u6d4e\u7eb3\u5168\u666f","buyer_email":"13888531536","gmt_create":"2017-09-19 20:52:00","notify_type":"trade_status_sync","quantity":"1","out_trade_no":"LX-17091612080168806-7","seller_id":"2088421286007493","notify_time":"2017-09-19 20:52:16","body":"\u989d\u6d4e\u7eb3\u80e1\u6768\u6797-\u6566\u714c\u5168\u666f-\u5df4\u4e39\u5409\u6797-\u5f20\u6396\u4e39\u971e-\u5609\u5cea\u5173-\u91d1\u5854\u80e1\u6768\u6797-\u52a8\u8f668\u65e5","trade_status":"TRADE_SUCCESS","is_total_fee_adjust":"N","total_fee":"25870.00","gmt_payment":"2017-09-19 20:52:16","seller_email":"2287684289@qq.com","price":"25870.00","buyer_id":"2088822229904790","notify_id":"979fa1d1aaddf4b745920041e12cce8m3i","use_coupon":"N","sign_type":"MD5","sign":"90a2b836a44b6c1e97e2571933f2f467"}
[2017-09-19 20:52:17][info] 数据存储反馈成功！
[2017-09-19 20:52:17][info] success
[2017-09-19 20:52:17][info] 写入结束!!!
[2017-09-19 21:22:44][info] ----------------------------------------
[2017-09-19 21:22:44][info] {"discount":"0.00","payment_type":"1","trade_no":"2017091921001004740270414366","subject":"\u989d\u6d4e\u7eb3\u6700\u7f8e\u9ad8\u94c1\u56e2","buyer_email":"wangjiao_103463367@qq.com","gmt_create":"2017-09-19 21:22:19","notify_type":"trade_status_sync","quantity":"1","out_trade_no":"LX-17091921053681501-1","seller_id":"2088421286007493","notify_time":"2017-09-19 21:22:44","body":"2017\u989d\u6d4e\u7eb3\u65d7\u80e1\u6768\u6797\u516d\u65e5\u6e38-\u9886\u8896\u6237\u5916\u72ec\u5bb6\u9996\u521b","trade_status":"TRADE_SUCCESS","is_total_fee_adjust":"N","total_fee":"3400.00","gmt_payment":"2017-09-19 21:22:43","seller_email":"2287684289@qq.com","price":"3400.00","buyer_id":"2088202336051743","notify_id":"352e0b7dd69878a4a8fa67686650c64lpm","use_coupon":"N","sign_type":"MD5","sign":"75619e710445f60469a1c5b22d2d4232"}
[2017-09-19 21:22:44][info] 数据存储反馈成功！
[2017-09-19 21:22:44][info] success
[2017-09-19 21:22:44][info] 写入结束!!!
[2017-09-19 21:31:19][info] ----------------------------------------
[2017-09-19 21:31:19][info] {"discount":"0.00","payment_type":"1","trade_no":"2017091921001004240262349499","subject":"\u989d\u6d4e\u7eb3\u6df1\u5ea6\u6e38","buyer_email":"hblujin@163.com","gmt_create":"2017-09-19 21:30:54","notify_type":"trade_status_sync","quantity":"1","out_trade_no":"LX-17091920420950706-e","seller_id":"2088421286007493","notify_time":"2017-09-19 21:31:19","body":"\u4ed9\u7c73\u5f69\u6797-\u7941\u8fde\u5c71-\u9a6c\u8e44\u5bfa-\u5f20\u6396\u4e39\u971e-\u91d1\u5854\u80e1\u6768\u6797-\u989d\u6d4e\u7eb3\u80e1\u6768\u6797-\u5c45\u5ef6\u6d77-\u5609\u5cea\u5173-\u52a8\u8f66\u8fd4\u7a0b7\u65e5\u6e38","trade_status":"TRADE_SUCCESS","is_total_fee_adjust":"N","total_fee":"3680.00","gmt_payment":"2017-09-19 21:31:18","seller_email":"2287684289@qq.com","price":"3680.00","buyer_id":"2088402640744247","notify_id":"b94e6e2e86340f3c47663211f884d73huq","use_coupon":"N","sign_type":"MD5","sign":"25c3f5798a94a0c1e681df90db597b17"}
[2017-09-19 21:31:19][info] 数据存储反馈成功！
[2017-09-19 21:31:19][info] success
[2017-09-19 21:31:19][info] 写入结束!!!
[2017-09-19 21:33:13][info] ----------------------------------------
[2017-09-19 21:33:13][info] {"discount":"0.00","payment_type":"1","trade_no":"2017091921001004510269799984","subject":"\u989d\u6d4e\u7eb3\u6df1\u5ea6\u6e38","buyer_email":"salvia-129@163.com","gmt_create":"2017-09-19 21:33:02","notify_type":"trade_status_sync","quantity":"1","out_trade_no":"LX-17091921103674406-0","seller_id":"2088421286007493","notify_time":"2017-09-19 21:33:13","body":"\u4ed9\u7c73\u5f69\u6797-\u7941\u8fde\u5c71-\u9a6c\u8e44\u5bfa-\u5f20\u6396\u4e39\u971e-\u91d1\u5854\u80e1\u6768\u6797-\u989d\u6d4e\u7eb3\u80e1\u6768\u6797-\u5c45\u5ef6\u6d77-\u5609\u5cea\u5173-\u52a8\u8f66\u8fd4\u7a0b7\u65e5\u6e38","trade_status":"TRADE_SUCCESS","is_total_fee_adjust":"N","total_fee":"3680.00","gmt_payment":"2017-09-19 21:33:13","seller_email":"2287684289@qq.com","price":"3680.00","buyer_id":"2088502117914510","notify_id":"3cd76339f71c16235832e322e1dc3b4jxq","use_coupon":"N","sign_type":"MD5","sign":"27d3bc14129b34fb9f33881c83cfaf6c"}
[2017-09-19 21:33:13][info] 数据存储反馈成功！
[2017-09-19 21:33:13][info] success
[2017-09-19 21:33:13][info] 写入结束!!!
[2017-09-19 21:38:23][info] ----------------------------------------
[2017-09-19 21:38:23][info] {"discount":"0.00","payment_type":"1","trade_no":"2017091921001004520299095296","subject":"\u989d\u6d4e\u7eb3\u5168\u666f","buyer_email":"13935557@qq.com","gmt_create":"2017-09-19 21:37:23","notify_type":"trade_status_sync","quantity":"1","out_trade_no":"LX-17091022043992006-0","seller_id":"2088421286007493","notify_time":"2017-09-19 21:38:23","body":"\u989d\u6d4e\u7eb3\u80e1\u6768\u6797-\u6566\u714c\u5168\u666f-\u5df4\u4e39\u5409\u6797-\u5f20\u6396\u4e39\u971e-\u5609\u5cea\u5173-\u91d1\u5854\u80e1\u6768\u6797-\u52a8\u8f668\u65e5","trade_status":"TRADE_SUCCESS","is_total_fee_adjust":"N","total_fee":"2040.00","gmt_payment":"2017-09-19 21:38:22","seller_email":"2287684289@qq.com","price":"2040.00","buyer_id":"2088102100073523","notify_id":"3da9a012b77d54df512866bac8f1eadk0i","use_coupon":"N","sign_type":"MD5","sign":"c4fcf88179ea8cdb68859a131485557b"}
[2017-09-19 21:38:23][info] 数据存储反馈成功！
[2017-09-19 21:38:23][info] success
[2017-09-19 21:38:23][info] 写入结束!!!
[2017-09-19 21:43:20][info] ----------------------------------------
[2017-09-19 21:43:20][info] {"discount":"0.00","payment_type":"1","trade_no":"2017091921001004530280369824","subject":"\u989d\u6d4e\u7eb3\u5168\u666f","buyer_email":"13500206023@139.com","gmt_create":"2017-09-19 21:42:57","notify_type":"trade_status_sync","quantity":"1","out_trade_no":"LX-17091021152055006-1","seller_id":"2088421286007493","notify_time":"2017-09-19 21:43:20","body":"\u989d\u6d4e\u7eb3\u80e1\u6768\u6797-\u6566\u714c\u5168\u666f-\u5df4\u4e39\u5409\u6797-\u5f20\u6396\u4e39\u971e-\u5609\u5cea\u5173-\u91d1\u5854\u80e1\u6768\u6797-\u52a8\u8f668\u65e5","trade_status":"TRADE_SUCCESS","is_total_fee_adjust":"N","total_fee":"2040.00","gmt_payment":"2017-09-19 21:43:20","seller_email":"2287684289@qq.com","price":"2040.00","buyer_id":"2088102983825530","notify_id":"5898c4114514dfddb55159a5500dee2k3a","use_coupon":"N","sign_type":"MD5","sign":"7553422d7f71eaab4540a52d974bfc86"}
[2017-09-19 21:43:21][info] 数据存储反馈成功！
[2017-09-19 21:43:21][info] success
[2017-09-19 21:43:21][info] 写入结束!!!
[2017-09-19 21:48:14][info] ----------------------------------------
[2017-09-19 21:48:14][info] {"discount":"0.00","payment_type":"1","trade_no":"2017091921001004820503527167","subject":"\u7a3b\u57ce\u91d1\u79cb","buyer_email":"wangzhouping@sina.com","gmt_create":"2017-09-19 21:48:02","notify_type":"trade_status_sync","quantity":"1","out_trade_no":"LX-1709192116458001-e","seller_id":"2088421286007493","notify_time":"2017-09-19 21:48:13","body":"\u7a3b\u57ce\u4e9a\u4e01-\u65b0\u90fd\u6865-\u4e39\u5df4-\u56db\u59d1\u5a18\u5c71\u4e5d\u65e5\u6df1\u5ea6\u6e38","trade_status":"TRADE_SUCCESS","is_total_fee_adjust":"N","total_fee":"3880.00","gmt_payment":"2017-09-19 21:48:13","seller_email":"2287684289@qq.com","price":"3880.00","buyer_id":"2088002576264824","notify_id":"92091f7e66bd5017e083105fb49f04ambx","use_coupon":"N","sign_type":"MD5","sign":"84894565200f9c8644eea4201a953a24"}
[2017-09-19 21:48:14][info] 数据存储反馈成功！
[2017-09-19 21:48:14][info] success
[2017-09-19 21:48:14][info] 写入结束!!!
[2017-09-19 21:51:27][info] ----------------------------------------
[2017-09-19 21:51:27][info] {"discount":"0.00","payment_type":"1","trade_no":"2017091921001004530280366299","subject":"\u989d\u6d4e\u7eb3\u5168\u666f","buyer_email":"13500206023@139.com","gmt_create":"2017-09-19 21:51:13","notify_type":"trade_status_sync","quantity":"1","out_trade_no":"LX-17091021383179906-f","seller_id":"2088421286007493","notify_time":"2017-09-19 21:51:26","body":"\u989d\u6d4e\u7eb3\u80e1\u6768\u6797-\u6566\u714c\u5168\u666f-\u5df4\u4e39\u5409\u6797-\u5f20\u6396\u4e39\u971e-\u5609\u5cea\u5173-\u91d1\u5854\u80e1\u6768\u6797-\u52a8\u8f668\u65e5","trade_status":"TRADE_SUCCESS","is_total_fee_adjust":"N","total_fee":"2040.00","gmt_payment":"2017-09-19 21:51:26","seller_email":"2287684289@qq.com","price":"2040.00","buyer_id":"2088102983825530","notify_id":"785c15d971e3a50c3e3948167810bdak3a","use_coupon":"N","sign_type":"MD5","sign":"7b348a3e380aca68f6443671ac0d5e9c"}
[2017-09-19 21:51:27][info] 数据存储反馈成功！
[2017-09-19 21:51:27][info] success
[2017-09-19 21:51:27][info] 写入结束!!!
[2017-09-19 21:56:55][info] ----------------------------------------
[2017-09-19 21:56:55][info] {"discount":"0.00","payment_type":"1","trade_no":"2017061821001004270279403076","subject":"\u4e1d\u7ef8\u4e4b\u8def\u5dc5\u5cf0\u4f53\u9a8c\u4e5d\u65e5\u6e38","buyer_email":"15822805026","gmt_create":"2017-06-18 21:56:27","notify_type":"trade_status_sync","quantity":"1","out_trade_no":"LX-17061621471411901-1","seller_id":"2088421286007493","notify_time":"2017-09-19 21:56:55","body":"\u6c99\u5c9b-\u9752\u6d77\u6e56-\u8336\u5361\u76d0\u6e56-\u7941\u8fde-\u5f20\u6396-\u5609\u5cea\u5173-\u6566\u714c\u4e5d\u65e5\u6e38","trade_status":"TRADE_FINISHED","is_total_fee_adjust":"N","total_fee":"4380.00","gmt_payment":"2017-06-18 21:56:53","seller_email":"2287684289@qq.com","gmt_close":"2017-09-19 21:56:55","price":"4380.00","buyer_id":"2088702620330276","notify_id":"9c8baf714c42567545cb8565236cf13i32","use_coupon":"N","sign_type":"MD5","sign":"9243c196668069cd5a14730b2509a4e2"}
[2017-09-19 21:56:55][info] 数据存储反馈成功！
[2017-09-19 21:56:55][info] success
[2017-09-19 21:56:55][info] 写入结束!!!
[2017-09-19 21:58:46][info] ----------------------------------------
[2017-09-19 21:58:46][info] {"discount":"0.00","payment_type":"1","trade_no":"2017091921001004530280420776","subject":"\u989d\u6d4e\u7eb3\u5168\u666f","buyer_email":"13500206023@139.com","gmt_create":"2017-09-19 21:58:27","notify_type":"trade_status_sync","quantity":"1","out_trade_no":"LX-17091021560752806-3","seller_id":"2088421286007493","notify_time":"2017-09-19 21:58:46","body":"\u989d\u6d4e\u7eb3\u80e1\u6768\u6797-\u6566\u714c\u5168\u666f-\u5df4\u4e39\u5409\u6797-\u5f20\u6396\u4e39\u971e-\u5609\u5cea\u5173-\u91d1\u5854\u80e1\u6768\u6797-\u52a8\u8f668\u65e5","trade_status":"TRADE_SUCCESS","is_total_fee_adjust":"N","total_fee":"2040.00","gmt_payment":"2017-09-19 21:58:46","seller_email":"2287684289@qq.com","price":"2040.00","buyer_id":"2088102983825530","notify_id":"4cc4279afa2f2002bc8a7b7af9ec6f8k3a","use_coupon":"N","sign_type":"MD5","sign":"2215aa803dc12f6523461d5f8c138d77"}
[2017-09-19 21:58:46][info] 数据存储反馈成功！
[2017-09-19 21:58:46][info] success
[2017-09-19 21:58:46][info] 写入结束!!!
