[2017-07-07 09:32:44][info] ----------------------------------------
[2017-07-07 09:32:44][info] {"discount":"0.00","payment_type":"1","trade_no":"2017070721001004200210649787","subject":"\u4e1d\u8def\u5dc5\u5cf0\u4f53\u9a8c\u4e5d\u65e5\u6e38B\u7ebf","buyer_email":"wanghui84116@sohu.com","gmt_create":"2017-07-07 09:32:27","notify_type":"trade_status_sync","quantity":"1","out_trade_no":"LX-17070511212831806-d","seller_id":"2088421286007493","notify_time":"2017-07-07 09:32:44","body":"\u5170\u5dde-\u9e23\u6c99\u5c71\u6708\u7259\u6cc9-\u83ab\u9ad8\u7a9f-\u96c5\u4e39\u9b54\u9b3c\u57ce-\u6566\u714c\u535a\u7269\u9986-\u5609\u5cea\u5173-\u5f20\u6396\u4e39\u971e-\u9a6c\u8e44\u5bfa-\u5353\u5c14\u5c71-\u8336\u5361\u76d0\u6e56-\u9752\u6d77\u6e569\u65e5\u6e38","trade_status":"TRADE_SUCCESS","is_total_fee_adjust":"N","total_fee":"3130.00","gmt_payment":"2017-07-07 09:32:44","seller_email":"2287684289@qq.com","price":"3130.00","buyer_id":"2088002318383200","notify_id":"5c87958a0adc6ab6f958b18d77797adhjm","use_coupon":"N","sign_type":"MD5","sign":"949b55a716d671f277e3156c9a3b4bc2"}
[2017-07-07 09:32:45][info] 数据存储反馈成功！
[2017-07-07 09:32:45][info] success
[2017-07-07 09:32:45][info] 写入结束!!!
[2017-07-07 10:08:39][info] ----------------------------------------
[2017-07-07 10:08:39][info] {"discount":"0.00","payment_type":"1","trade_no":"2017070721001004910256406458","subject":"\u4e1d\u7ef8\u4e4b\u8def\u7cbe\u534e\u4e03\u65e5\u6e38","buyer_email":"ava_834.student@sina.com","gmt_create":"2017-07-07 10:08:33","notify_type":"trade_status_sync","quantity":"1","out_trade_no":"LX-17070709593344201-4","seller_id":"2088421286007493","notify_time":"2017-07-07 10:08:39","body":"2017\u5e74\u9752\u6d77\u6e56-\u8336\u5361\u76d0\u6e56-\u6566\u714c-\u5609\u5cea\u5173-\u5f20\u6396\u4e39\u971e\u4e03\u65e5\u6e38","trade_status":"TRADE_SUCCESS","is_total_fee_adjust":"N","total_fee":"6360.00","gmt_payment":"2017-07-07 10:08:39","seller_email":"2287684289@qq.com","price":"6360.00","buyer_id":"2088102007976916","notify_id":"8b183aec5df77f66feeab3a676518c6n0u","use_coupon":"N","sign_type":"MD5","sign":"3346aee91e5fc1e55a98623e34099a4a"}
[2017-07-07 10:08:39][info] 数据存储反馈成功！
[2017-07-07 10:08:39][info] success
[2017-07-07 10:08:39][info] 写入结束!!!
[2017-07-07 14:12:58][info] ----------------------------------------
[2017-07-07 14:12:58][info] {"discount":"0.00","payment_type":"1","trade_no":"2017070721001004610294750472","subject":"\u8d35\u5dde\u5168\u666f\u6e38","buyer_email":"18663940866@wo.com.cn","gmt_create":"2017-07-07 14:12:30","notify_type":"trade_status_sync","quantity":"1","out_trade_no":"LX-17070518570266206-5","seller_id":"2088421286007493","notify_time":"2017-07-07 14:12:58","body":"\u79d8\u5883\u8302\u5170-\u8354\u6ce2-\u9ed4\u4e1c\u5357-\u9547\u8fdc-\u897f\u6c5f\u82d7\u5be8-\u9ec4\u679c\u6811\u6df1\u5ea6\u7eaf\u73a9\u4e5d\u65e5\u6e38","trade_status":"TRADE_SUCCESS","is_total_fee_adjust":"N","total_fee":"4950.00","gmt_payment":"2017-07-07 14:12:58","seller_email":"2287684289@qq.com","price":"4950.00","buyer_id":"2088002839695615","notify_id":"d6e61ea5b80ac4cc45cc3711aabc533kpi","use_coupon":"N","sign_type":"MD5","sign":"ee44b09b0337ea46c9bff20e16e9decc"}
[2017-07-07 14:12:59][info] 数据存储反馈成功！
[2017-07-07 14:12:59][info] success
[2017-07-07 14:12:59][info] 写入结束!!!
[2017-07-07 18:46:37][info] ----------------------------------------
[2017-07-07 18:46:37][info] {"discount":"0.00","payment_type":"1","trade_no":"2017070721001004150294368525","subject":"\u65b0\u7586\u5168\u666f","buyer_email":"happygirl1014@163.com","gmt_create":"2017-07-07 18:46:20","notify_type":"trade_status_sync","quantity":"1","out_trade_no":"LX-17062022301778306-4","seller_id":"2088421286007493","notify_time":"2017-07-07 18:46:36","body":"\u6c5f\u5e03\u62c9\u514b-\u4e94\u5f69\u6ee9-\u5580\u7eb3\u65af-\u79be\u6728-\u8d5b\u91cc\u6728\u6e56-\u85b0\u8863\u8349\u519c\u573a-\u5580\u62c9\u5cfb-\u90a3\u62c9\u63d0-\u5df4\u97f3\u5e03\u9c81\u514b-\u5410\u9c81\u756a13\u65e5\u6e38","trade_status":"TRADE_SUCCESS","is_total_fee_adjust":"N","total_fee":"5380.00","gmt_payment":"2017-07-07 18:46:36","seller_email":"2287684289@qq.com","price":"5380.00","buyer_id":"2088802813045157","notify_id":"e847b5c52361b7453ac567f31028d0eh5q","use_coupon":"N","sign_type":"MD5","sign":"3a9069599218e0e0ec0d2f6ed3d60dc9"}
[2017-07-07 18:46:37][info] 数据存储反馈成功！
[2017-07-07 18:46:37][info] success
[2017-07-07 18:46:37][info] 写入结束!!!
[2017-07-07 21:22:25][info] ----------------------------------------
[2017-07-07 21:22:25][info] {"discount":"0.00","payment_type":"1","trade_no":"2017070721001004980279610281","subject":"\u7518\u5357\u5168\u666f","buyer_email":"qd.helen@163.com","gmt_create":"2017-07-07 21:22:11","notify_type":"trade_status_sync","quantity":"1","out_trade_no":"LX-17070711261891306-7","seller_id":"2088421286007493","notify_time":"2017-07-07 21:22:24","body":"2017\u5e74\u72ec\u5bb6  \u62c9\u535c\u695e\u5bfa-\u624e\u5c15\u90a3-\u82b1\u6e56-\u5e74\u5b9d\u7389\u5219-\u82e5\u5c14\u76d6\u8349\u539f-\u963f\u4e07\u4ed3\u6e7f\u5730-\u5c15\u6d77\u6e56-\u90ce\u6728\u5bfa 8\u65e5\u6e38","trade_status":"TRADE_SUCCESS","is_total_fee_adjust":"N","total_fee":"4800.00","gmt_payment":"2017-07-07 21:22:24","seller_email":"2287684289@qq.com","price":"4800.00","buyer_id":"2088002930927987","notify_id":"915c9a87c766e01e0e4e08a1849a540nka","use_coupon":"N","sign_type":"MD5","sign":"e54ab2ee26dc160534cc39844575078e"}
[2017-07-07 21:22:25][info] 数据存储反馈成功！
[2017-07-07 21:22:25][info] success
[2017-07-07 21:22:25][info] 写入结束!!!
[2017-07-07 22:31:34][info] ----------------------------------------
[2017-07-07 22:31:34][info] {"discount":"0.00","payment_type":"1","trade_no":"2017070621001004940288945846","subject":"\u4e1d\u8def\u5dc5\u5cf0\u4f53\u9a8c\u4e5d\u65e5\u6e38B\u7ebf","buyer_email":"330856016@qq.com","gmt_create":"2017-07-06 19:51:34","notify_type":"trade_status_sync","quantity":"1","out_trade_no":"LX-17070421162720206-d","seller_id":"2088421286007493","notify_time":"2017-07-07 22:31:33","body":"\u5170\u5dde-\u9e23\u6c99\u5c71\u6708\u7259\u6cc9-\u83ab\u9ad8\u7a9f-\u96c5\u4e39\u9b54\u9b3c\u57ce-\u6566\u714c\u535a\u7269\u9986-\u5609\u5cea\u5173-\u5f20\u6396\u4e39\u971e-\u9a6c\u8e44\u5bfa-\u5353\u5c14\u5c71-\u8336\u5361\u76d0\u6e56-\u9752\u6d77\u6e569\u65e5\u6e38","trade_status":"TRADE_SUCCESS","is_total_fee_adjust":"N","total_fee":"10075.00","gmt_payment":"2017-07-07 22:31:33","seller_email":"2287684289@qq.com","price":"10075.00","buyer_id":"2088022266063948","notify_id":"a0cf5614f4e91296f2f5b6513ea1d4cn96","use_coupon":"N","sign_type":"MD5","sign":"7c3a746ee5f3fb2fee62617d71151494"}
[2017-07-07 22:31:34][info] 数据存储反馈成功！
[2017-07-07 22:31:34][info] success
[2017-07-07 22:31:34][info] 写入结束!!!
