[2017-06-28 07:31:45][info] ----------------------------------------
[2017-06-28 07:31:45][info] {"discount":"0.00","payment_type":"1","trade_no":"2017062821001004720280740528","subject":"\u7518\u5357\u5168\u666f","buyer_email":"495946901@qq.com","gmt_create":"2017-06-28 07:31:30","notify_type":"trade_status_sync","quantity":"1","out_trade_no":"LX-17060121093888806-f","seller_id":"2088421286007493","notify_time":"2017-06-28 07:31:45","body":"2017\u5e74\u72ec\u5bb6  \u516b\u89d2\u57ce-\u624e\u5c15\u90a3-\u82b1\u6e56-\u5e74\u5b9d\u7389\u5219-\u82e5\u5c14\u76d6\u8349\u539f-\u963f\u4e07\u4ed3\u6e7f\u5730-\u90ce\u6728\u5bfa 8\u65e5\u6e38","trade_status":"TRADE_SUCCESS","is_total_fee_adjust":"N","total_fee":"2880.00","gmt_payment":"2017-06-28 07:31:45","seller_email":"2287684289@qq.com","price":"2880.00","buyer_id":"2088202734376725","notify_id":"8a74093b82dad07b40d56dae6d5ad5clk2","use_coupon":"N","sign_type":"MD5","sign":"b009a6b19cfcde97934ca8ea4a67b41e"}
[2017-06-28 07:31:45][info] 数据存储反馈成功！
[2017-06-28 07:31:45][info] success
[2017-06-28 07:31:45][info] 写入结束!!!
[2017-06-28 08:55:24][info] ----------------------------------------
[2017-06-28 08:55:24][info] {"discount":"0.00","payment_type":"1","trade_no":"2017062821001004760295313994","subject":"\u4e1d\u8def\u5dc5\u5cf0\u4f53\u9a8c\u5341\u65e5\u6e38","buyer_email":"wangyingfenggu@163.com","gmt_create":"2017-06-28 08:54:51","notify_type":"trade_status_sync","quantity":"1","out_trade_no":"LX-17062719593931501-4","seller_id":"2088421286007493","notify_time":"2017-06-28 08:55:24","body":"\u6c99\u5c9b-\u9752\u6d77\u6e56-\u8336\u5361\u76d0\u6e56-\u7941\u8fde-\u5f20\u6396-\u5609\u5cea\u5173-\u6566\u714c\u5341\u65e5\u6e38","trade_status":"TRADE_SUCCESS","is_total_fee_adjust":"N","total_fee":"8360.00","gmt_payment":"2017-06-28 08:55:24","seller_email":"2287684289@qq.com","price":"8360.00","buyer_id":"2088002493324760","notify_id":"73128bcef91dabb48bf393d50b70b0alv6","use_coupon":"N","sign_type":"MD5","sign":"dfdf647a97101afd7b609c42fa04794b"}
[2017-06-28 08:55:25][info] 数据存储反馈成功！
[2017-06-28 08:55:25][info] success
[2017-06-28 08:55:25][info] 写入结束!!!
[2017-06-28 08:57:00][info] ----------------------------------------
[2017-06-28 08:57:00][info] {"discount":"0.00","payment_type":"1","trade_no":"2017062821001004760295324208","subject":"\u4e1d\u8def\u5dc5\u5cf0\u4f53\u9a8c\u5341\u65e5\u6e38","buyer_email":"wangyingfenggu@163.com","gmt_create":"2017-06-28 08:56:50","notify_type":"trade_status_sync","quantity":"1","out_trade_no":"LX-17062721391260801-7","seller_id":"2088421286007493","notify_time":"2017-06-28 08:57:00","body":"\u6c99\u5c9b-\u9752\u6d77\u6e56-\u8336\u5361\u76d0\u6e56-\u7941\u8fde-\u5f20\u6396-\u5609\u5cea\u5173-\u6566\u714c\u5341\u65e5\u6e38","trade_status":"TRADE_SUCCESS","is_total_fee_adjust":"N","total_fee":"4180.00","gmt_payment":"2017-06-28 08:56:59","seller_email":"2287684289@qq.com","price":"4180.00","buyer_id":"2088002493324760","notify_id":"710e79bf60316093242f07203f1465blv6","use_coupon":"N","sign_type":"MD5","sign":"3cef760af38f6ee9f995f3580a98c603"}
[2017-06-28 08:57:00][info] 数据存储反馈成功！
[2017-06-28 08:57:00][info] success
[2017-06-28 08:57:00][info] 写入结束!!!
[2017-06-28 09:31:12][info] ----------------------------------------
[2017-06-28 09:31:12][info] {"discount":"0.00","payment_type":"1","trade_no":"2017062821001004990228624409","subject":"\u4e1d\u8def\u5dc5\u5cf0\u4f53\u9a8c\u5341\u65e5\u6e38","buyer_email":"25071227@qq.com","gmt_create":"2017-06-28 09:30:20","notify_type":"trade_status_sync","quantity":"1","out_trade_no":"LX-17062008544365306-2","seller_id":"2088421286007493","notify_time":"2017-06-28 09:31:12","body":"\u6c99\u5c9b-\u9752\u6d77\u6e56-\u8336\u5361\u76d0\u6e56-\u7941\u8fde-\u5f20\u6396-\u5609\u5cea\u5173-\u6566\u714c\u5341\u65e5\u6e38","trade_status":"TRADE_SUCCESS","is_total_fee_adjust":"N","total_fee":"6360.00","gmt_payment":"2017-06-28 09:31:11","seller_email":"2287684289@qq.com","price":"6360.00","buyer_id":"2088002446622990","notify_id":"036c240ccb939d0c56ad4f05ac7913bnn2","use_coupon":"N","sign_type":"MD5","sign":"f20be8b75c8a6a401b872a39211b46b7"}
[2017-06-28 09:31:12][info] 数据存储反馈成功！
[2017-06-28 09:31:12][info] success
[2017-06-28 09:31:12][info] 写入结束!!!
[2017-06-28 09:33:47][info] ----------------------------------------
[2017-06-28 09:33:47][info] {"discount":"0.00","payment_type":"1","trade_no":"2017062821001004990228580617","subject":"\u4e1d\u8def\u5dc5\u5cf0\u4f53\u9a8c\u5341\u65e5\u6e38","buyer_email":"25071227@qq.com","gmt_create":"2017-06-28 09:33:38","notify_type":"trade_status_sync","quantity":"1","out_trade_no":"LX-17061914574015806-2","seller_id":"2088421286007493","notify_time":"2017-06-28 09:33:47","body":"\u6c99\u5c9b-\u9752\u6d77\u6e56-\u8336\u5361\u76d0\u6e56-\u7941\u8fde-\u5f20\u6396-\u5609\u5cea\u5173-\u6566\u714c\u5341\u65e5\u6e38","trade_status":"TRADE_SUCCESS","is_total_fee_adjust":"N","total_fee":"9165.00","gmt_payment":"2017-06-28 09:33:46","seller_email":"2287684289@qq.com","price":"9165.00","buyer_id":"2088002446622990","notify_id":"2981c5ea2a8de335299508d0f85a725nn2","use_coupon":"N","sign_type":"MD5","sign":"5c5b1c138d05e9d9dae3be42d966c25a"}
[2017-06-28 09:33:47][info] 数据存储反馈成功！
[2017-06-28 09:33:47][info] success
[2017-06-28 09:33:47][info] 写入结束!!!
[2017-06-28 10:07:46][info] ----------------------------------------
[2017-06-28 10:07:46][info] {"discount":"0.00","payment_type":"1","trade_no":"2017062821001004200293416031","subject":"\u4e1d\u7ef8\u4e4b\u8def\u7ecf\u5178\u4e5d\u65e5","buyer_email":"yanzhen_760822@163.com","gmt_create":"2017-06-28 10:05:37","notify_type":"trade_status_sync","quantity":"1","out_trade_no":"LX-17062412594068506-3","seller_id":"2088421286007493","notify_time":"2017-06-28 10:07:45","body":"\u6c99\u5c9b-\u9752\u6d77\u6e56-\u8336\u5361\u76d0\u6e56-\u5353\u5c14\u5c71-\u5f20\u6396\u4e39\u971e-\u5609\u5cea\u5173-\u6566\u714c9\u65e5\u6e38","trade_status":"TRADE_SUCCESS","is_total_fee_adjust":"N","total_fee":"9540.00","gmt_payment":"2017-06-28 10:07:45","seller_email":"2287684289@qq.com","price":"9540.00","buyer_id":"2088602312261201","notify_id":"64768c01e1c358a5204432557f8763ahjm","use_coupon":"N","sign_type":"MD5","sign":"22cd9d2aeee193235a641f08453f3610"}
[2017-06-28 10:07:46][info] 数据存储反馈成功！
[2017-06-28 10:07:46][info] success
[2017-06-28 10:07:46][info] 写入结束!!!
[2017-06-28 14:23:50][info] ----------------------------------------
[2017-06-28 14:23:50][info] {"discount":"0.00","payment_type":"1","trade_no":"2017062821001004920286482792","subject":"\u4e1d\u7ef8\u4e4b\u8def\u7ecf\u5178\u4e5d\u65e5","buyer_email":"13528783031","gmt_create":"2017-06-28 14:23:40","notify_type":"trade_status_sync","quantity":"1","out_trade_no":"LX-17060613412854506-8","seller_id":"2088421286007493","notify_time":"2017-06-28 14:23:50","body":"\u6c99\u5c9b-\u9752\u6d77\u6e56-\u8336\u5361\u76d0\u6e56-\u5353\u5c14\u5c71-\u5f20\u6396\u4e39\u971e-\u5609\u5cea\u5173-\u6566\u714c9\u65e5\u6e38","trade_status":"TRADE_SUCCESS","is_total_fee_adjust":"N","total_fee":"3400.00","gmt_payment":"2017-06-28 14:23:50","seller_email":"2287684289@qq.com","price":"3400.00","buyer_id":"2088002594927925","notify_id":"e2852476a8b82b59f12988435417badn3m","use_coupon":"N","sign_type":"MD5","sign":"1dea9ee9fc7b79a64e4c00f86771b45a"}
[2017-06-28 14:23:51][info] 数据存储反馈成功！
[2017-06-28 14:23:51][info] success
[2017-06-28 14:23:51][info] 写入结束!!!
[2017-06-28 14:37:57][info] ----------------------------------------
[2017-06-28 14:37:57][info] {"discount":"0.00","payment_type":"1","trade_no":"2017062821001004470200663426","subject":"\u65b0\u7586\u5168\u666f","buyer_email":"13802958855","gmt_create":"2017-06-28 14:00:37","notify_type":"trade_status_sync","quantity":"1","out_trade_no":"LX-17061217383252201-2","seller_id":"2088421286007493","notify_time":"2017-06-28 14:37:56","body":"\u6c5f\u5e03\u62c9\u514b-\u4e94\u5f69\u6ee9-\u5580\u7eb3\u65af-\u79be\u6728-\u8d5b\u91cc\u6728\u6e56-\u85b0\u8863\u8349\u519c\u573a-\u5580\u62c9\u5cfb-\u90a3\u62c9\u63d0-\u5df4\u97f3\u5e03\u9c81\u514b-\u5410\u9c81\u756a13\u65e5\u6e38","trade_status":"TRADE_SUCCESS","is_total_fee_adjust":"N","total_fee":"7950.00","gmt_payment":"2017-06-28 14:37:56","seller_email":"2287684289@qq.com","price":"7950.00","buyer_id":"2088902309394474","notify_id":"00e2475ece718095dbb8b823a798f78jmm","use_coupon":"N","sign_type":"MD5","sign":"29aea24de9d8222dc6684e94918fe068"}
[2017-06-28 14:37:57][info] 数据存储反馈成功！
[2017-06-28 14:37:57][info] success
[2017-06-28 14:37:57][info] 写入结束!!!
[2017-06-28 16:53:07][info] ----------------------------------------
[2017-06-28 16:53:07][info] {"discount":"0.00","payment_type":"1","trade_no":"2017062821001004460299077041","subject":"\u4e1d\u7ef8\u4e4b\u8def\u7ecf\u5178\u4e5d\u65e5","buyer_email":"cao-lei_0714@hotmail.com","gmt_create":"2017-06-28 16:52:51","notify_type":"trade_status_sync","quantity":"1","out_trade_no":"LX-17062113355852501-4","seller_id":"2088421286007493","notify_time":"2017-06-28 16:53:07","body":"\u6c99\u5c9b-\u9752\u6d77\u6e56-\u8336\u5361\u76d0\u6e56-\u5353\u5c14\u5c71-\u5f20\u6396\u4e39\u971e-\u5609\u5cea\u5173-\u6566\u714c9\u65e5\u6e38","trade_status":"TRADE_SUCCESS","is_total_fee_adjust":"N","total_fee":"1890.00","gmt_payment":"2017-06-28 16:53:07","seller_email":"2287684289@qq.com","price":"1890.00","buyer_id":"2088102388055460","notify_id":"d919cbfe041eb6ebf3d748d22c08146jju","use_coupon":"N","sign_type":"MD5","sign":"436b412917d0637981c761d0b2801aa9"}
[2017-06-28 16:53:08][info] 数据存储反馈成功！
[2017-06-28 16:53:08][info] success
[2017-06-28 16:53:08][info] 写入结束!!!
[2017-06-28 20:27:55][info] ----------------------------------------
[2017-06-28 20:27:55][info] {"discount":"0.00","payment_type":"1","trade_no":"2017062821001004460299478281","subject":"\u65b0\u7586\u5168\u666f","buyer_email":"18922395730","gmt_create":"2017-06-28 20:27:24","notify_type":"trade_status_sync","quantity":"1","out_trade_no":"LX-17062314082763506-b","seller_id":"2088421286007493","notify_time":"2017-06-28 20:27:55","body":"\u6c5f\u5e03\u62c9\u514b-\u4e94\u5f69\u6ee9-\u5580\u7eb3\u65af-\u79be\u6728-\u8d5b\u91cc\u6728\u6e56-\u85b0\u8863\u8349\u519c\u573a-\u5580\u62c9\u5cfb-\u90a3\u62c9\u63d0-\u5df4\u97f3\u5e03\u9c81\u514b-\u5410\u9c81\u756a13\u65e5\u6e38","trade_status":"TRADE_SUCCESS","is_total_fee_adjust":"N","total_fee":"6720.00","gmt_payment":"2017-06-28 20:27:54","seller_email":"2287684289@qq.com","price":"6720.00","buyer_id":"2088502693994465","notify_id":"28ff88b7fc6b34131a56b095fff1560jju","use_coupon":"N","sign_type":"MD5","sign":"05a68f03709cd33122668d51e8b5b3d3"}
[2017-06-28 20:27:55][info] 数据存储反馈成功！
[2017-06-28 20:27:55][info] success
[2017-06-28 20:27:55][info] 写入结束!!!
