[2017-08-11 09:16:19][info] ----------------------------------------
[2017-08-11 09:16:19][info] {"discount":"0.00","payment_type":"1","trade_no":"2017081121001004940264049702","subject":"\u4e1d\u8def\u5dc5\u5cf0\u4f53\u9a8c\u4e5d\u65e5\u6e38B\u7ebf","buyer_email":"654177457@qq.com","gmt_create":"2017-08-11 09:16:14","notify_type":"trade_status_sync","quantity":"1","out_trade_no":"LX-17071613102128001-f","seller_id":"2088421286007493","notify_time":"2017-08-11 09:16:19","body":"\u9752\u6d77\u6e56-\u8336\u5361\u76d0\u6e56-\u9e23\u6c99\u5c71\u6708\u7259\u6cc9-\u83ab\u9ad8\u7a9f-\u96c5\u4e39\u9b54\u9b3c\u57ce-\u5609\u5cea\u5173-\u5f20\u6396\u4e39\u971e-\u9a6c\u8e44\u5bfa-\u5353\u5c14\u5c71\u8f7b\u5962\u52a8\u8f669\u65e5\u6e38","trade_status":"TRADE_SUCCESS","is_total_fee_adjust":"N","total_fee":"5170.00","gmt_payment":"2017-08-11 09:16:19","seller_email":"2287684289@qq.com","price":"5170.00","buyer_id":"2088002372825944","notify_id":"5cf04ae4d2ba9233cecfbe868a8b0cfn96","use_coupon":"N","sign_type":"MD5","sign":"ab85213943799594654ba7b1c956f80a"}
[2017-08-11 09:16:20][info] 数据存储反馈成功！
[2017-08-11 09:16:20][info] success
[2017-08-11 09:16:20][info] 写入结束!!!
[2017-08-11 10:19:04][info] ----------------------------------------
[2017-08-11 10:19:04][info] {"discount":"0.00","payment_type":"1","trade_no":"2017081121001004350266800022","subject":"\u575d\u4e0a\u79cb\u6444","buyer_email":"13502396520","gmt_create":"2017-08-11 10:18:23","notify_type":"trade_status_sync","quantity":"1","out_trade_no":"LX-17080913340831206-0","seller_id":"2088421286007493","notify_time":"2017-08-11 10:19:04","body":"9-10\u6708\u91d1\u79cb\uff0c\u5317\u6c9f\u3001\u6768\u6811\u80cc\u3001\u4e94\u5f69\u5c71\u3001\u86e4\u87c6\u575d\u3001\u91ce\u9e2d\u6e56\u3001\u516c\u4e3b\u6e56\u7b49\u575d\u4e0a\u8349\u539f\u79cb\u8272\u4e00\u7f51\u6253\u5c3d 6\u65e5\u6444\u5f71\u521b\u4f5c\u56e2\uff08\u575d\u4e0a\u62cd\u64444\u5929\uff09","trade_status":"TRADE_SUCCESS","is_total_fee_adjust":"N","total_fee":"2680.00","gmt_payment":"2017-08-11 10:19:03","seller_email":"2287684289@qq.com","price":"2680.00","buyer_id":"2088202971841356","notify_id":"b8799821195747a1c9d938cb1b7d713ipa","use_coupon":"N","sign_type":"MD5","sign":"26c03f5f69618d6d4042836cb833556c"}
[2017-08-11 10:19:04][info] 数据存储反馈成功！
[2017-08-11 10:19:04][info] success
[2017-08-11 10:19:04][info] 写入结束!!!
[2017-08-11 10:26:39][info] ----------------------------------------
[2017-08-11 10:26:39][info] {"discount":"0.00","payment_type":"1","trade_no":"2017081121001004730213489978","subject":"\u989d\u6d4e\u7eb3\u4f11\u95f2\u6e38","buyer_email":"shundelong@hotmail.com","gmt_create":"2017-08-11 10:26:19","notify_type":"trade_status_sync","quantity":"1","out_trade_no":"LX-17081020124895706-e","seller_id":"2088421286007493","notify_time":"2017-08-11 10:26:39","body":"\u989d\u6d4e\u7eb3\u65d7\u80e1\u6768\u6797-\u5609\u5cea\u5173-\u9ed1\u6c34\u57ce-\u602a\u6811\u6797-\u5df4\u4e39\u5409\u6797\u6c99\u6f20-\u5f20\u6396\u4e39\u971e","trade_status":"TRADE_SUCCESS","is_total_fee_adjust":"N","total_fee":"1300.00","gmt_payment":"2017-08-11 10:26:38","seller_email":"2287684289@qq.com","price":"1300.00","buyer_id":"2088102974315738","notify_id":"86b58c18402c2329d7f594e42f61531lmu","use_coupon":"N","sign_type":"MD5","sign":"19e8be6d6bd4df98b7beed5ee0fb6ba8"}
[2017-08-11 10:26:39][info] 数据存储反馈成功！
[2017-08-11 10:26:39][info] success
[2017-08-11 10:26:39][info] 写入结束!!!
[2017-08-11 10:28:28][info] ----------------------------------------
[2017-08-11 10:28:28][info] {"discount":"0.00","payment_type":"1","trade_no":"2017081121001004010501450688","subject":"\u4e1d\u8def\u5dc5\u5cf0\u4f53\u9a8c\u4e5d\u65e5\u6e38B\u7ebf","buyer_email":"843414086@qq.com","gmt_create":"2017-08-11 10:28:17","notify_type":"trade_status_sync","quantity":"1","out_trade_no":"LX-17080815314812206-0","seller_id":"2088421286007493","notify_time":"2017-08-11 10:28:27","body":"\u9752\u6d77\u6e56-\u8336\u5361\u76d0\u6e56-\u9e23\u6c99\u5c71\u6708\u7259\u6cc9-\u83ab\u9ad8\u7a9f-\u96c5\u4e39\u9b54\u9b3c\u57ce-\u5609\u5cea\u5173-\u5f20\u6396\u4e39\u971e-\u9a6c\u8e44\u5bfa-\u5353\u5c14\u5c71\u8f7b\u5962\u52a8\u8f669\u65e5\u6e38","trade_status":"TRADE_SUCCESS","is_total_fee_adjust":"N","total_fee":"2040.00","gmt_payment":"2017-08-11 10:28:27","seller_email":"2287684289@qq.com","price":"2040.00","buyer_id":"2088002377883011","notify_id":"095e5ed9c59815d6ae00ae42cc3d165g2x","use_coupon":"N","sign_type":"MD5","sign":"99c3bc9309e0c9680ac7144117fc8144"}
[2017-08-11 10:28:28][info] 数据存储反馈成功！
[2017-08-11 10:28:28][info] success
[2017-08-11 10:28:28][info] 写入结束!!!
[2017-08-11 10:49:54][info] ----------------------------------------
[2017-08-11 10:49:54][info] {"discount":"0.00","payment_type":"1","trade_no":"2017051021001004220223520456","subject":"\u4e1d\u7ef8\u4e4b\u8def\u7ecf\u5178\u6e38","buyer_email":"1401672129@qq.com","gmt_create":"2017-05-10 10:49:15","notify_type":"trade_status_sync","quantity":"1","out_trade_no":"LX-17042719535017106-7","seller_id":"2088421286007493","notify_time":"2017-08-11 10:49:53","body":"\u9752\u6d77\u6e56-\u7941\u8fde\u5c71-\u6566\u714c-\u5f20\u6396-\u8336\u5361\u76d0\u6e56\u4e5d\u65e5\u6df1\u5ea6\u6e38","trade_status":"TRADE_FINISHED","is_total_fee_adjust":"N","total_fee":"14900.00","gmt_payment":"2017-05-10 10:49:39","seller_email":"2287684289@qq.com","gmt_close":"2017-08-11 10:49:53","price":"14900.00","buyer_id":"2088302116949221","notify_id":"68dbfe96977958fcf1b42d08272c481hp6","use_coupon":"N","sign_type":"MD5","sign":"e715ee79067c1296a6ead99dcaf371f5"}
[2017-08-11 10:49:54][info] 数据存储反馈成功！
[2017-08-11 10:49:54][info] success
[2017-08-11 10:49:54][info] 写入结束!!!
[2017-08-11 10:56:06][info] ----------------------------------------
[2017-08-11 10:56:06][info] {"discount":"0.00","payment_type":"1","trade_no":"2017051021001004770266086221","subject":"\u7518\u5357\u5168\u666f","buyer_email":"13705209170","gmt_create":"2017-05-10 10:54:30","notify_type":"trade_status_sync","quantity":"1","out_trade_no":"LX-17050820543580506-0","seller_id":"2088421286007493","notify_time":"2017-08-11 10:56:06","body":"2017\u5e74\u72ec\u5bb6  \u516b\u89d2\u57ce-\u624e\u5c15\u90a3-\u82b1\u6e56-\u5e74\u5b9d\u7389\u5219-\u82e5\u5c14\u76d6\u8349\u539f-\u963f\u4e07\u4ed3\u6e7f\u5730-\u90ce\u6728\u5bfa 8\u65e5\u6e38","trade_status":"TRADE_FINISHED","is_total_fee_adjust":"N","total_fee":"2880.00","gmt_payment":"2017-05-10 10:55:27","seller_email":"2287684289@qq.com","gmt_close":"2017-08-11 10:56:06","price":"2880.00","buyer_id":"2088702106240776","notify_id":"49398df9912aad2f5555b842c08fd94lxy","use_coupon":"N","sign_type":"MD5","sign":"0e01b623e32d1b262ee94227fc5f2149"}
[2017-08-11 10:56:06][info] 数据存储反馈成功！
[2017-08-11 10:56:06][info] success
[2017-08-11 10:56:06][info] 写入结束!!!
[2017-08-11 12:59:48][info] ----------------------------------------
[2017-08-11 12:59:48][info] {"discount":"0.00","payment_type":"1","trade_no":"2017081121001004890214933248","subject":"\u4e1d\u7ef8\u4e4b\u8def\u7cbe\u534e\u4e03\u65e5\u6e38","buyer_email":"lfl_alva@126.com","gmt_create":"2017-08-11 12:59:41","notify_type":"trade_status_sync","quantity":"1","out_trade_no":"LX-17081110335552601-d","seller_id":"2088421286007493","notify_time":"2017-08-11 12:59:48","body":"2017\u5e74\u9752\u6d77\u6e56-\u8336\u5361\u76d0\u6e56-\u6566\u714c-\u5609\u5cea\u5173-\u5f20\u6396\u4e39\u971e\u4e03\u65e5\u6e38","trade_status":"TRADE_SUCCESS","is_total_fee_adjust":"N","total_fee":"3190.00","gmt_payment":"2017-08-11 12:59:47","seller_email":"2287684289@qq.com","price":"3190.00","buyer_id":"2088002489766893","notify_id":"964ddb5868e5a6773d14d55cc56a466mva","use_coupon":"N","sign_type":"MD5","sign":"981fea14b1d6b93c814c3efcee7a0848"}
[2017-08-11 12:59:48][info] 数据存储反馈成功！
[2017-08-11 12:59:48][info] success
[2017-08-11 12:59:48][info] 写入结束!!!
[2017-08-11 14:11:33][info] ----------------------------------------
[2017-08-11 14:11:33][info] {"discount":"0.00","payment_type":"1","trade_no":"2017081121001004600213026951","subject":"\u4e1d\u7ef8\u4e4b\u8def\u7cbe\u534e\u4e03\u65e5\u6e38","buyer_email":"hnsjy222@163.com","gmt_create":"2017-08-11 14:10:17","notify_type":"trade_status_sync","quantity":"1","out_trade_no":"LX-17081111235963106-a","seller_id":"2088421286007493","notify_time":"2017-08-11 14:11:33","body":"2017\u5e74\u9752\u6d77\u6e56-\u8336\u5361\u76d0\u6e56-\u6566\u714c-\u5609\u5cea\u5173-\u5f20\u6396\u4e39\u971e\u4e03\u65e5\u6e38","trade_status":"TRADE_SUCCESS","is_total_fee_adjust":"N","total_fee":"6360.00","gmt_payment":"2017-08-11 14:11:32","seller_email":"2287684289@qq.com","price":"6360.00","buyer_id":"2088302577107606","notify_id":"ee42ba14a9a857b248d6943d1dfd55ckmq","use_coupon":"N","sign_type":"MD5","sign":"222eca11d06c67a1ab83682102e96f31"}
[2017-08-11 14:11:33][info] 数据存储反馈成功！
[2017-08-11 14:11:33][info] success
[2017-08-11 14:11:33][info] 写入结束!!!
[2017-08-11 14:21:00][info] ----------------------------------------
[2017-08-11 14:21:00][info] {"discount":"0.00","payment_type":"1","trade_no":"2017051021001004110254543486","subject":"\u7518\u5357\u5168\u666f","buyer_email":"13609206563","gmt_create":"2017-05-10 14:18:48","notify_type":"trade_status_sync","quantity":"1","out_trade_no":"LX-17050919145397006-7","seller_id":"2088421286007493","notify_time":"2017-08-11 14:21:00","body":"2017\u5e74\u72ec\u5bb6  \u516b\u89d2\u57ce-\u624e\u5c15\u90a3-\u82b1\u6e56-\u5e74\u5b9d\u7389\u5219-\u82e5\u5c14\u76d6\u8349\u539f-\u963f\u4e07\u4ed3\u6e7f\u5730-\u90ce\u6728\u5bfa 8\u65e5\u6e38","trade_status":"TRADE_FINISHED","is_total_fee_adjust":"N","total_fee":"2880.00","gmt_payment":"2017-05-10 14:20:25","seller_email":"2287684289@qq.com","gmt_close":"2017-08-11 14:21:00","price":"2880.00","buyer_id":"2088602138676111","notify_id":"4de35b500ac07bb1370f9db3356838agum","use_coupon":"N","sign_type":"MD5","sign":"3c657c16b4720cf74d725c564fe46b68"}
[2017-08-11 14:21:00][info] 数据存储反馈成功！
[2017-08-11 14:21:00][info] success
[2017-08-11 14:21:00][info] 写入结束!!!
[2017-08-11 16:24:58][info] ----------------------------------------
[2017-08-11 16:24:58][info] {"discount":"0.00","payment_type":"1","trade_no":"2017081121001004260290241488","subject":"\u5317\u7586\u5dc5\u5cf0","buyer_email":"lzg77@126.com","gmt_create":"2017-08-11 16:24:47","notify_type":"trade_status_sync","quantity":"1","out_trade_no":"LX-17081114592399406-1","seller_id":"2088421286007493","notify_time":"2017-08-11 16:24:58","body":"\u79be\u672848\u5c0f\u65f6-\u5580\u7eb3\u65af-\u767d\u54c8\u5df4-\u4e94\u5f69\u6ee9-\u53cc\u53676\u65e5\u6e38","trade_status":"TRADE_SUCCESS","is_total_fee_adjust":"N","total_fee":"1990.00","gmt_payment":"2017-08-11 16:24:58","seller_email":"2287684289@qq.com","price":"1990.00","buyer_id":"2088002631422264","notify_id":"0300f16b66facc5e491d5b674f3fc93i0a","use_coupon":"N","sign_type":"MD5","sign":"26e86497640126eed01e1e651b6fc9c7"}
[2017-08-11 16:24:58][info] 数据存储反馈成功！
[2017-08-11 16:24:58][info] success
[2017-08-11 16:24:58][info] 写入结束!!!
[2017-08-11 18:12:52][info] ----------------------------------------
[2017-08-11 18:12:52][info] {"discount":"0.00","payment_type":"1","trade_no":"2017081121001004660276861116","subject":"\u4e1d\u7ef8\u4e4b\u8def\u5168\u666f\u6e389\u65e5","buyer_email":"xuy987.hi@163.com","gmt_create":"2017-08-11 18:12:35","notify_type":"trade_status_sync","quantity":"1","out_trade_no":"LX-17080115344194606-1","seller_id":"2088421286007493","notify_time":"2017-08-11 18:12:52","body":"\u72ec\u5bb6\u6c34\u4e0a\u9b54\u9b3c\u57ce-\u65e0\u4eba\u533a\u539f\u751f\u6001\u96c5\u4e39\u63a2\u79d8-\u9752\u6d77\u6e56-\u8336\u5361\u76d0\u6e56-\u83ab\u9ad8\u7a9f-\u9e23\u6c99\u5c71\u6708\u7259\u6cc9-\u5f20\u6396\u4e39\u971e-\u5353\u5c14\u5c719\u65e5\u6e38","trade_status":"TRADE_SUCCESS","is_total_fee_adjust":"N","total_fee":"4030.00","gmt_payment":"2017-08-11 18:12:51","seller_email":"2287684289@qq.com","price":"4030.00","buyer_id":"2088602258039663","notify_id":"ce0be14b720f6c2e10edbac2e1ae6b2l3e","use_coupon":"N","sign_type":"MD5","sign":"1cecbf2cc420dd92a81759d5bab12d69"}
[2017-08-11 18:12:52][info] 数据存储反馈成功！
[2017-08-11 18:12:52][info] success
[2017-08-11 18:12:52][info] 写入结束!!!
