[2017-05-18 07:52:02][info] ----------------------------------------
[2017-05-18 07:52:02][info] {"discount":"0.00","payment_type":"1","subject":"\u8d35\u5dde\u5168\u666f\u6e38","trade_no":"2017051821001004260232340705","buyer_email":"wante2011@163.com","gmt_create":"2017-05-18 07:51:22","notify_type":"trade_status_sync","quantity":"1","out_trade_no":"LX-17051618311546106-4","seller_id":"2088421286007493","notify_time":"2017-05-18 07:52:02","body":"\u79d8\u5883\u8302\u5170-\u8354\u6ce2-\u9ed4\u4e1c\u5357-\u9547\u8fdc-\u897f\u6c5f\u82d7\u5be8-\u9ec4\u679c\u6811\u6df1\u5ea6\u7eaf\u73a9\u4e5d\u65e5\u6e38","trade_status":"TRADE_SUCCESS","is_total_fee_adjust":"N","total_fee":"8560.00","gmt_payment":"2017-05-18 07:52:02","seller_email":"2287684289@qq.com","price":"8560.00","buyer_id":"2088712147718264","notify_id":"2711da337a4b4b8370bd855a75db21ci0a","use_coupon":"N","sign_type":"MD5","sign":"bd5712c868f574959b5ccea6460ab1b9"}
[2017-05-18 07:52:04][info] 数据存储反馈成功！
[2017-05-18 07:52:04][info] success
[2017-05-18 07:52:04][info] 写入结束!!!
[2017-05-18 10:50:29][info] ----------------------------------------
[2017-05-18 10:50:29][info] {"discount":"0.00","payment_type":"1","subject":"\u4e1d\u7ef8\u4e4b\u8def\u5dc5\u5cf0\u4f53\u9a8c9\u65e5\u6e38","trade_no":"2017051821001004240228897530","buyer_email":"xiaohong2000@126.com","gmt_create":"2017-05-18 10:48:40","notify_type":"trade_status_sync","quantity":"1","out_trade_no":"LX-17051221372112406-4","seller_id":"2088421286007493","notify_time":"2017-05-18 10:50:29","body":"\u6c99\u5c9b-\u9752\u6d77\u6e56-\u8336\u5361\u76d0\u6e56-\u7941\u8fde-\u5f20\u6396-\u5609\u5cea\u5173-\u6566\u714c9\u65e5\u6e38","trade_status":"TRADE_SUCCESS","is_total_fee_adjust":"N","total_fee":"17600.00","gmt_payment":"2017-05-18 10:50:29","seller_email":"2287684289@qq.com","price":"17600.00","buyer_id":"2088002900274244","notify_id":"c76171f5e8c6cd6d2bd9e94406e5b6chuq","use_coupon":"N","sign_type":"MD5","sign":"56a9ca01ab544f20569835bc821ed869"}
[2017-05-18 10:50:30][info] 数据存储反馈成功！
[2017-05-18 10:50:30][info] success
[2017-05-18 10:50:30][info] 写入结束!!!
[2017-05-18 11:38:46][info] ----------------------------------------
[2017-05-18 11:38:46][info] {"discount":"0.00","payment_type":"1","subject":"\u4e1d\u7ef8\u4e4b\u8def\u5dc5\u5cf0\u4f53\u9a8c9\u65e5\u6e38","trade_no":"2017051721001004600258964490","buyer_email":"18688110133","gmt_create":"2017-05-17 20:08:04","notify_type":"trade_status_sync","quantity":"1","out_trade_no":"LX-17051606132519606-7","seller_id":"2088421286007493","notify_time":"2017-05-18 11:38:46","body":"\u6c99\u5c9b-\u9752\u6d77\u6e56-\u8336\u5361\u76d0\u6e56-\u7941\u8fde-\u5f20\u6396-\u5609\u5cea\u5173-\u6566\u714c9\u65e5\u6e38","trade_status":"TRADE_SUCCESS","is_total_fee_adjust":"N","total_fee":"8860.00","gmt_payment":"2017-05-18 11:38:46","seller_email":"2287684289@qq.com","price":"8860.00","buyer_id":"2088502833806605","notify_id":"16ab1ab76e32b6d9029e30879829183kmq","use_coupon":"N","sign_type":"MD5","sign":"234f79b62e7a6bfedd9f652ba8b69312"}
[2017-05-18 11:38:46][info] 数据存储反馈成功！
[2017-05-18 11:38:46][info] success
[2017-05-18 11:38:46][info] 写入结束!!!
[2017-05-18 15:29:36][info] ----------------------------------------
[2017-05-18 15:29:36][info] {"discount":"0.00","payment_type":"1","subject":"\u4e1d\u7ef8\u4e4b\u8def\u5dc5\u5cf0\u4f53\u9a8c9\u65e5\u6e38","trade_no":"2017051821001004290203555266","buyer_email":"13502936650","gmt_create":"2017-05-18 15:28:51","notify_type":"trade_status_sync","quantity":"1","out_trade_no":"LX-17051710544084906-e","seller_id":"2088421286007493","notify_time":"2017-05-18 15:29:36","body":"\u6c99\u5c9b-\u9752\u6d77\u6e56-\u8336\u5361\u76d0\u6e56-\u7941\u8fde-\u5f20\u6396-\u5609\u5cea\u5173-\u6566\u714c9\u65e5\u6e38","trade_status":"TRADE_SUCCESS","is_total_fee_adjust":"N","total_fee":"4480.00","gmt_payment":"2017-05-18 15:29:36","seller_email":"2287684289@qq.com","price":"4480.00","buyer_id":"2088802436580295","notify_id":"5b35cc72e5f0840b3b5de5e650ba1b5i8m","use_coupon":"N","sign_type":"MD5","sign":"9db2cc6520f723c0950b481b06944427"}
[2017-05-18 15:29:37][info] 数据存储反馈成功！
[2017-05-18 15:29:37][info] success
[2017-05-18 15:29:37][info] 写入结束!!!
[2017-05-18 21:14:18][info] ----------------------------------------
[2017-05-18 21:14:18][info] {"discount":"0.00","payment_type":"1","subject":"\u4e1d\u7ef8\u4e4b\u8def\u5dc5\u5cf0\u4f53\u9a8c9\u65e5\u6e38","trade_no":"2017051821001004280247804513","buyer_email":"18951051189@189.cn","gmt_create":"2017-05-18 21:13:09","notify_type":"trade_status_sync","quantity":"1","out_trade_no":"LX-17051812011547306-e","seller_id":"2088421286007493","notify_time":"2017-05-18 21:14:18","body":"\u6c99\u5c9b-\u9752\u6d77\u6e56-\u8336\u5361\u76d0\u6e56-\u7941\u8fde-\u5f20\u6396-\u5609\u5cea\u5173-\u6566\u714c9\u65e5\u6e38","trade_status":"TRADE_SUCCESS","is_total_fee_adjust":"N","total_fee":"4480.00","gmt_payment":"2017-05-18 21:14:17","seller_email":"2287684289@qq.com","price":"4480.00","buyer_id":"2088602056720280","notify_id":"823f7cdca14342a0e2df82e00a3709ci5u","use_coupon":"N","sign_type":"MD5","sign":"6909f67c671f81f83570c7abd957a9d3"}
[2017-05-18 21:14:18][info] 数据存储反馈成功！
[2017-05-18 21:14:18][info] success
[2017-05-18 21:14:18][info] 写入结束!!!
[2017-05-18 21:26:43][info] ----------------------------------------
[2017-05-18 21:26:43][info] {"discount":"0.00","payment_type":"1","subject":"\u4e1d\u7ef8\u4e4b\u8def\u5dc5\u5cf0\u4f53\u9a8c9\u65e5\u6e38","trade_no":"2017051821001004280247807992","buyer_email":"18951051189@189.cn","gmt_create":"2017-05-18 21:26:24","notify_type":"trade_status_sync","quantity":"1","out_trade_no":"LX-1705041721411006-1","seller_id":"2088421286007493","notify_time":"2017-05-18 21:26:43","body":"\u6c99\u5c9b-\u9752\u6d77\u6e56-\u8336\u5361\u76d0\u6e56-\u7941\u8fde-\u5f20\u6396-\u5609\u5cea\u5173-\u6566\u714c9\u65e5\u6e38","trade_status":"TRADE_SUCCESS","is_total_fee_adjust":"N","total_fee":"4240.00","gmt_payment":"2017-05-18 21:26:43","seller_email":"2287684289@qq.com","price":"4240.00","buyer_id":"2088602056720280","notify_id":"cfc7d85a415a3fa9f6a25c1fd50bb76i5u","use_coupon":"N","sign_type":"MD5","sign":"ef0ac03968862a5c5eb76c36334656ac"}
[2017-05-18 21:26:43][info] 数据存储反馈成功！
[2017-05-18 21:26:43][info] success
[2017-05-18 21:26:43][info] 写入结束!!!
[2017-05-18 22:12:20][info] ----------------------------------------
[2017-05-18 22:12:20][info] {"discount":"0.00","payment_type":"1","subject":"\u9999\u683c\u91cc\u62c9\u5927\u73af\u7ebf","trade_no":"2017051821001004200219904771","buyer_email":"2330606@qq.com","gmt_create":"2017-05-18 22:12:07","notify_type":"trade_status_sync","quantity":"1","out_trade_no":"LX-17043008114243306-c","seller_id":"2088421286007493","notify_time":"2017-05-18 22:12:19","body":"2017\u5e74\u7a3b\u57ce\u4e9a\u4e01-\u6885\u91cc\u96ea\u5c71-\u9999\u683c\u91cc\u62c9-\u4e3d\u6c5f11\u65e5\u6df1\u5ea6\u6e38","trade_status":"TRADE_SUCCESS","is_total_fee_adjust":"N","total_fee":"5400.00","gmt_payment":"2017-05-18 22:12:19","seller_email":"2287684289@qq.com","price":"5400.00","buyer_id":"2088012017845202","notify_id":"271a374f7b2c06d8009d4a82718d58ehjm","use_coupon":"N","sign_type":"MD5","sign":"60cb935b4bb3dd1d44f754306ba04e53"}
[2017-05-18 22:12:20][info] 数据存储反馈成功！
[2017-05-18 22:12:20][info] success
[2017-05-18 22:12:20][info] 写入结束!!!
