[2017-06-05 10:48:57][info] ----------------------------------------
[2017-06-05 10:48:57][info] {"discount":"0.00","payment_type":"1","subject":"\u8349\u539f8\u65e5\u73af\u7ebf","trade_no":"2017060521001004280278566465","buyer_email":"13807483802","gmt_create":"2017-06-05 10:48:25","notify_type":"trade_status_sync","quantity":"1","out_trade_no":"LX-17060416134877306-1","seller_id":"2088421286007493","notify_time":"2017-06-05 10:48:57","body":"\u54c8\u5c14\u6ee8-\u624e\u9f99\u4fdd\u62a4\u533a-\u963f\u8363\u65d7-\u6ee1\u6d32\u91cc-\u5ba4\u97e6-\u963f\u5c14\u5c71-\u957f\u66258\u65e5\u5927\u73af\u7ebf","trade_status":"TRADE_SUCCESS","is_total_fee_adjust":"N","total_fee":"6560.00","gmt_payment":"2017-06-05 10:48:56","seller_email":"2287684289@qq.com","price":"6560.00","buyer_id":"2088612760919283","notify_id":"6de8c39d560ada235e0464f89756ab4i5u","use_coupon":"N","sign_type":"MD5","sign":"63ef2bf3def864c653a82893b3588654"}
[2017-06-05 10:48:57][info] 数据存储反馈成功！
[2017-06-05 10:48:57][info] success
[2017-06-05 10:48:57][info] 写入结束!!!
[2017-06-05 14:17:03][info] ----------------------------------------
[2017-06-05 14:17:03][info] {"discount":"0.00","payment_type":"1","subject":"\u96ea\u57df\u6843\u82b1\u6df1\u5ea6\u6e38","trade_no":"2017030621001004120237186336","buyer_email":"18609701048","gmt_create":"2017-03-06 14:16:36","notify_type":"trade_status_sync","quantity":"1","out_trade_no":"LX-17030612071921901-4","seller_id":"2088421286007493","notify_time":"2017-06-05 14:17:03","body":"2017\u5e74\u6797\u829d\u6843\u82b1\u6c9f-\u6ce2\u5bc6\u560e\u6717-\u5357\u8fe6\u5df4\u74e6\u5cf0-\u7136\u4e4c\u6e56-\u7c73\u5806\u51b0\u5ddd\u516b\u65e5\u6e38","trade_status":"TRADE_FINISHED","is_total_fee_adjust":"N","total_fee":"3580.00","gmt_payment":"2017-03-06 14:16:51","seller_email":"2287684289@qq.com","gmt_close":"2017-06-05 14:17:03","price":"3580.00","buyer_id":"2088012573397124","notify_id":"c83b77aaa314c0bc9f257047291b419gxe","use_coupon":"N","sign_type":"MD5","sign":"317235ac990ae61b4115567eb9a55305"}
[2017-06-05 14:17:03][info] 数据存储反馈成功！
[2017-06-05 14:17:03][info] success
[2017-06-05 14:17:03][info] 写入结束!!!
[2017-06-05 20:47:40][info] ----------------------------------------
[2017-06-05 20:47:40][info] {"discount":"0.00","payment_type":"1","subject":"\u65b0\u7586\u62fe\u5149\u5168\u666f\u5199\u771f\u65c5\u884c","trade_no":"2017060521001004350243763519","buyer_email":"13639283190","gmt_create":"2017-06-05 20:47:17","notify_type":"trade_status_sync","quantity":"1","out_trade_no":"LX-170605202820401-4","seller_id":"2088421286007493","notify_time":"2017-06-05 20:47:40","body":"\u4e4c\u9c81\u6728\u9f50-\u4e94\u5f69\u6ee9-\u5e03\u5c14\u6d25-\u5580\u7eb3\u65af-\u79be\u6728-\u9b54\u9b3c\u57ce-\u8d5b\u91cc\u6728\u6e56-\u89e3\u5fe7\u516c\u4e3b\u85b0\u8863\u8349\u519c\u573a-\u5580\u62c9\u5cfb-\u5df4\u97f3\u5e03\u9c81\u514b-\u535a\u65af\u817e\u6e56-\u5e93\u6728\u5854\u683c\u6c99\u6f2014\u65e5\u6e38","trade_status":"TRADE_SUCCESS","is_total_fee_adjust":"N","total_fee":"5880.00","gmt_payment":"2017-06-05 20:47:40","seller_email":"2287684289@qq.com","price":"5880.00","buyer_id":"2088702290817354","notify_id":"aa3a0e3f0add1406e3c697cef23e51bipa","use_coupon":"N","sign_type":"MD5","sign":"7c58c0eaf5fe5e5731e53b274a37c8da"}
[2017-06-05 20:47:40][info] 数据存储反馈成功！
[2017-06-05 20:47:40][info] success
[2017-06-05 20:47:40][info] 写入结束!!!
[2017-06-05 20:49:16][info] ----------------------------------------
[2017-06-05 20:49:16][info] {"discount":"0.00","payment_type":"1","subject":"\u65b0\u7586\u62fe\u5149\u5168\u666f\u5199\u771f\u65c5\u884c","trade_no":"2017060521001004350243763614","buyer_email":"13639283190","gmt_create":"2017-06-05 20:48:40","notify_type":"trade_status_sync","quantity":"1","out_trade_no":"LX-17060518162569006-0","seller_id":"2088421286007493","notify_time":"2017-06-05 20:49:15","body":"\u4e4c\u9c81\u6728\u9f50-\u4e94\u5f69\u6ee9-\u5e03\u5c14\u6d25-\u5580\u7eb3\u65af-\u79be\u6728-\u9b54\u9b3c\u57ce-\u8d5b\u91cc\u6728\u6e56-\u89e3\u5fe7\u516c\u4e3b\u85b0\u8863\u8349\u519c\u573a-\u5580\u62c9\u5cfb-\u5df4\u97f3\u5e03\u9c81\u514b-\u535a\u65af\u817e\u6e56-\u5e93\u6728\u5854\u683c\u6c99\u6f2014\u65e5\u6e38","trade_status":"TRADE_SUCCESS","is_total_fee_adjust":"N","total_fee":"5880.00","gmt_payment":"2017-06-05 20:49:15","seller_email":"2287684289@qq.com","price":"5880.00","buyer_id":"2088702290817354","notify_id":"2523d40d7e4b77255f4b8c7dbe6909eipa","use_coupon":"N","sign_type":"MD5","sign":"2c6be46cdfaf108669edadb24c754d5d"}
[2017-06-05 20:49:16][info] 数据存储反馈成功！
[2017-06-05 20:49:16][info] success
[2017-06-05 20:49:16][info] 写入结束!!!
[2017-06-05 20:51:59][info] ----------------------------------------
[2017-06-05 20:51:59][info] {"discount":"0.00","payment_type":"1","subject":"\u65b0\u7586\u62fe\u5149\u5168\u666f\u5199\u771f\u65c5\u884c","trade_no":"2017060521001004350243790133","buyer_email":"13639283190","gmt_create":"2017-06-05 20:51:25","notify_type":"trade_status_sync","quantity":"1","out_trade_no":"LX-170605202820401-5","seller_id":"2088421286007493","notify_time":"2017-06-05 20:51:59","body":"\u4e4c\u9c81\u6728\u9f50-\u4e94\u5f69\u6ee9-\u5e03\u5c14\u6d25-\u5580\u7eb3\u65af-\u79be\u6728-\u9b54\u9b3c\u57ce-\u8d5b\u91cc\u6728\u6e56-\u89e3\u5fe7\u516c\u4e3b\u85b0\u8863\u8349\u519c\u573a-\u5580\u62c9\u5cfb-\u5df4\u97f3\u5e03\u9c81\u514b-\u535a\u65af\u817e\u6e56-\u5e93\u6728\u5854\u683c\u6c99\u6f2014\u65e5\u6e38","trade_status":"TRADE_SUCCESS","is_total_fee_adjust":"N","total_fee":"5880.00","gmt_payment":"2017-06-05 20:51:59","seller_email":"2287684289@qq.com","price":"5880.00","buyer_id":"2088702290817354","notify_id":"761612bf6f2e628d604ea7a4aabf0f3ipa","use_coupon":"N","sign_type":"MD5","sign":"88ab0f23cec32982e9a8b6bd2b913c29"}
[2017-06-05 20:52:00][info] 数据存储反馈成功！
[2017-06-05 20:52:00][info] success
[2017-06-05 20:52:00][info] 写入结束!!!
[2017-06-05 20:53:44][info] ----------------------------------------
[2017-06-05 20:53:44][info] {"discount":"0.00","payment_type":"1","subject":"\u65b0\u7586\u62fe\u5149\u5168\u666f\u5199\u771f\u65c5\u884c","trade_no":"2017060521001004350243785449","buyer_email":"13639283190","gmt_create":"2017-06-05 20:53:28","notify_type":"trade_status_sync","quantity":"1","out_trade_no":"LX-17060518162569006-5","seller_id":"2088421286007493","notify_time":"2017-06-05 20:53:44","body":"\u4e4c\u9c81\u6728\u9f50-\u4e94\u5f69\u6ee9-\u5e03\u5c14\u6d25-\u5580\u7eb3\u65af-\u79be\u6728-\u9b54\u9b3c\u57ce-\u8d5b\u91cc\u6728\u6e56-\u89e3\u5fe7\u516c\u4e3b\u85b0\u8863\u8349\u519c\u573a-\u5580\u62c9\u5cfb-\u5df4\u97f3\u5e03\u9c81\u514b-\u535a\u65af\u817e\u6e56-\u5e93\u6728\u5854\u683c\u6c99\u6f2014\u65e5\u6e38","trade_status":"TRADE_SUCCESS","is_total_fee_adjust":"N","total_fee":"5880.00","gmt_payment":"2017-06-05 20:53:43","seller_email":"2287684289@qq.com","price":"5880.00","buyer_id":"2088702290817354","notify_id":"9aa5d8bf75f09a397705378824251a3ipa","use_coupon":"N","sign_type":"MD5","sign":"f76b4566a3d0a7f05168c502dbfda46b"}
[2017-06-05 20:53:44][info] 数据存储反馈成功！
[2017-06-05 20:53:44][info] success
[2017-06-05 20:53:44][info] 写入结束!!!
[2017-06-05 22:35:09][info] ----------------------------------------
[2017-06-05 22:35:09][info] {"discount":"0.00","payment_type":"1","subject":"\u7518\u5357\u5168\u666f","trade_no":"2017060521001004320274420659","buyer_email":"13903138558","gmt_create":"2017-06-05 22:34:39","notify_type":"trade_status_sync","quantity":"1","out_trade_no":"LX-17052610434379606-e","seller_id":"2088421286007493","notify_time":"2017-06-05 22:35:09","body":"2017\u5e74\u72ec\u5bb6  \u516b\u89d2\u57ce-\u624e\u5c15\u90a3-\u82b1\u6e56-\u5e74\u5b9d\u7389\u5219-\u82e5\u5c14\u76d6\u8349\u539f-\u963f\u4e07\u4ed3\u6e7f\u5730-\u90ce\u6728\u5bfa 8\u65e5\u6e38","trade_status":"TRADE_SUCCESS","is_total_fee_adjust":"N","total_fee":"1440.00","gmt_payment":"2017-06-05 22:35:09","seller_email":"2287684289@qq.com","price":"1440.00","buyer_id":"2088912387786322","notify_id":"f2eb22fc99ebd93ba7a0f1b1c167b72igy","use_coupon":"N","sign_type":"MD5","sign":"68885ea32805fc37bb444d46201cefd3"}
[2017-06-05 22:35:10][info] 数据存储反馈成功！
[2017-06-05 22:35:10][info] success
[2017-06-05 22:35:10][info] 写入结束!!!
