[2017-07-18 00:10:57][info] ----------------------------------------
[2017-07-18 00:10:57][info] {"discount":"0.00","payment_type":"1","trade_no":"2017071821001004380246114320","subject":"\u4e5d\u8272\u7518\u5357","buyer_email":"149390521@qq.com","gmt_create":"2017-07-18 00:10:34","notify_type":"trade_status_sync","quantity":"1","out_trade_no":"LX-17071210023328706-7","seller_id":"2088421286007493","notify_time":"2017-07-18 00:10:57","body":"\u62c9\u535c\u695e\u5bfa-\u6851\u79d1\u8349\u539f-\u624e\u5c15\u90a3-\u4e5d\u66f2\u9ec4\u6cb3\u7b2c\u4e00\u6e7e-\u82b1\u6e56-\u90ce\u6728\u5bfa6\u65e5\u6e38","trade_status":"TRADE_SUCCESS","is_total_fee_adjust":"N","total_fee":"6840.00","gmt_payment":"2017-07-18 00:10:57","seller_email":"2287684289@qq.com","price":"6840.00","buyer_id":"2088302092830388","notify_id":"0378aa8eb1db23b8a35ba44f19d34c5ixm","use_coupon":"N","sign_type":"MD5","sign":"c1eb4ea80035f9c40d11be8794b93d6d"}
[2017-07-18 00:10:57][info] 数据存储反馈成功！
[2017-07-18 00:10:57][info] success
[2017-07-18 00:10:57][info] 写入结束!!!
[2017-07-18 09:55:46][info] ----------------------------------------
[2017-07-18 09:55:46][info] {"discount":"0.00","payment_type":"1","trade_no":"2017071821001004620315560802","subject":"\u7518\u5357\u5168\u666f","buyer_email":"zjgpanyu@hotmail.com","gmt_create":"2017-07-18 09:55:30","notify_type":"trade_status_sync","quantity":"1","out_trade_no":"LX-17053122512365606-1","seller_id":"2088421286007493","notify_time":"2017-07-18 09:55:46","body":"2017\u5e74\u72ec\u5bb6  \u62c9\u535c\u695e\u5bfa-\u624e\u5c15\u90a3-\u82b1\u6e56-\u5e74\u5b9d\u7389\u5219-\u82e5\u5c14\u76d6\u8349\u539f-\u963f\u4e07\u4ed3\u6e7f\u5730-\u5c15\u6d77\u6e56-\u90ce\u6728\u5bfa 8\u65e5\u6e38","trade_status":"TRADE_SUCCESS","is_total_fee_adjust":"N","total_fee":"5750.00","gmt_payment":"2017-07-18 09:55:46","seller_email":"2287684289@qq.com","price":"5750.00","buyer_id":"2088002174875622","notify_id":"5edf3f31376e6dd2b5b4231659342b6ksb","use_coupon":"N","sign_type":"MD5","sign":"d9fc73688d18161e4ee32bd30fbdebd3"}
[2017-07-18 09:55:47][info] 数据存储反馈成功！
[2017-07-18 09:55:47][info] success
[2017-07-18 09:55:47][info] 写入结束!!!
[2017-07-18 10:25:43][info] ----------------------------------------
[2017-07-18 10:25:43][info] {"discount":"0.00","payment_type":"1","trade_no":"2017071821001004780315975351","subject":"\u9189\u7f8e\u8d35\u5dde-\u9ed4\u897f\u5357","buyer_email":"13091952888","gmt_create":"2017-07-18 10:25:26","notify_type":"trade_status_sync","quantity":"1","out_trade_no":"LX-17071721420972206-7","seller_id":"2088421286007493","notify_time":"2017-07-18 10:25:43","body":"\u8d35\u5dde-\u683c\u51f8\u6cb3-\u4e2d\u6d1e-\u4e07\u5cf0\u6797-\u9a6c\u5cad\u6cb3-\u9ec4\u679c\u6811-\u4e91\u5cf0\u5c6f\u5821\u73af\u7ebf7\u65e5\u4e4b\u65c5","trade_status":"TRADE_SUCCESS","is_total_fee_adjust":"N","total_fee":"5160.00","gmt_payment":"2017-07-18 10:25:42","seller_email":"2287684289@qq.com","price":"5160.00","buyer_id":"2088702196978780","notify_id":"73713434e2c9e419aae0c2295a263abm0r","use_coupon":"N","sign_type":"MD5","sign":"6547125e32ac3101cda425aba83670ad"}
[2017-07-18 10:25:43][info] 数据存储反馈成功！
[2017-07-18 10:25:43][info] success
[2017-07-18 10:25:43][info] 写入结束!!!
[2017-07-18 10:39:33][info] ----------------------------------------
[2017-07-18 10:39:33][info] {"discount":"0.00","payment_type":"1","trade_no":"2017071821001004400261444606","subject":"\u65b0\u7586\u5168\u666f","buyer_email":"fannyzhuang@gmail.com","gmt_create":"2017-07-18 10:39:14","notify_type":"trade_status_sync","quantity":"1","out_trade_no":"LX-17071810285057501-2","seller_id":"2088421286007493","notify_time":"2017-07-18 10:39:33","body":"\u5580\u7eb3\u65af-\u79be\u6728-\u8d5b\u91cc\u6728\u6e56-\u85b0\u8863\u8349\u519c\u573a-\u5580\u62c9\u5cfb-\u90a3\u62c9\u63d0-\u5df4\u97f3\u5e03\u9c81\u514b-\u6c5f\u5e03\u62c9\u514b-\u4e94\u5f69\u6ee9-\u5410\u9c81\u756a13\u65e5\u6e38","trade_status":"TRADE_SUCCESS","is_total_fee_adjust":"N","total_fee":"9560.00","gmt_payment":"2017-07-18 10:39:32","seller_email":"2287684289@qq.com","price":"9560.00","buyer_id":"2088002267692400","notify_id":"333d9a32e95e68cb76ee79e63b9c6b3j36","use_coupon":"N","sign_type":"MD5","sign":"8e4c9e7cb2d8d9b7d63b2c0ed8a0f437"}
[2017-07-18 10:39:33][info] 数据存储反馈成功！
[2017-07-18 10:39:33][info] success
[2017-07-18 10:39:33][info] 写入结束!!!
[2017-07-18 11:00:32][info] ----------------------------------------
[2017-07-18 11:00:32][info] {"discount":"0.00","payment_type":"1","trade_no":"2017071821001004480226962568","subject":"\u4e1d\u8def\u5dc5\u5cf0\u4f53\u9a8c\u4e5d\u65e5\u6e38B\u7ebf","buyer_email":"pp1013_2013@163.com","gmt_create":"2017-07-18 11:00:27","notify_type":"trade_status_sync","quantity":"1","out_trade_no":"LX-1707181032292201-5","seller_id":"2088421286007493","notify_time":"2017-07-18 11:00:32","body":"\u9752\u6d77\u6e56-\u8336\u5361\u76d0\u6e56-\u9e23\u6c99\u5c71\u6708\u7259\u6cc9-\u83ab\u9ad8\u7a9f-\u96c5\u4e39\u9b54\u9b3c\u57ce-\u5609\u5cea\u5173-\u5f20\u6396\u4e39\u971e-\u9a6c\u8e44\u5bfa-\u5353\u5c14\u5c71\u8f7b\u5962\u52a8\u8f669\u65e5\u6e38","trade_status":"TRADE_SUCCESS","is_total_fee_adjust":"N","total_fee":"4080.00","gmt_payment":"2017-07-18 11:00:31","seller_email":"2287684289@qq.com","price":"4080.00","buyer_id":"2088002670252488","notify_id":"49ab4c7bfb41df26c5e22d8f8c79e00jpe","use_coupon":"N","sign_type":"MD5","sign":"a7eb6f6e065298d7c277320803cbc272"}
[2017-07-18 11:00:32][warn] 数据存储反馈为空！
[2017-07-18 13:16:13][info] ----------------------------------------
[2017-07-18 13:16:13][info] {"discount":"0.00","payment_type":"1","trade_no":"2017071821001004080254644183","subject":"\u65b0\u7586\u5168\u666f","buyer_email":"18616806856","gmt_create":"2017-07-18 13:16:06","notify_type":"trade_status_sync","quantity":"1","out_trade_no":"LX-17063013245759501-7","seller_id":"2088421286007493","notify_time":"2017-07-18 13:16:13","body":"\u5580\u7eb3\u65af-\u79be\u6728-\u8d5b\u91cc\u6728\u6e56-\u85b0\u8863\u8349\u519c\u573a-\u5580\u62c9\u5cfb-\u90a3\u62c9\u63d0-\u5df4\u97f3\u5e03\u9c81\u514b-\u6c5f\u5e03\u62c9\u514b-\u4e94\u5f69\u6ee9-\u5410\u9c81\u756a13\u65e5\u6e38","trade_status":"TRADE_SUCCESS","is_total_fee_adjust":"N","total_fee":"5380.00","gmt_payment":"2017-07-18 13:16:12","seller_email":"2287684289@qq.com","price":"5380.00","buyer_id":"2088702800793080","notify_id":"91bad7c8213fa57c19bccd22fb2c1bfgma","use_coupon":"N","sign_type":"MD5","sign":"3ca4dc9d7898676756ee7b2cbb7677d0"}
[2017-07-18 13:16:13][info] 数据存储反馈成功！
[2017-07-18 13:16:13][info] success
[2017-07-18 13:16:13][info] 写入结束!!!
[2017-07-18 14:26:02][info] ----------------------------------------
[2017-07-18 14:26:02][info] {"discount":"0.00","payment_type":"1","trade_no":"2017071821001004300248981403","subject":"\u7518\u5357\u5168\u666f","buyer_email":"lprazj@163.com","gmt_create":"2017-07-18 14:25:53","notify_type":"trade_status_sync","quantity":"1","out_trade_no":"LX-17071812574185006-e","seller_id":"2088421286007493","notify_time":"2017-07-18 14:26:02","body":"2017\u5e74\u72ec\u5bb6  \u62c9\u535c\u695e\u5bfa-\u624e\u5c15\u90a3-\u82b1\u6e56-\u5e74\u5b9d\u7389\u5219-\u82e5\u5c14\u76d6\u8349\u539f-\u963f\u4e07\u4ed3\u6e7f\u5730-\u5c15\u6d77\u6e56-\u90ce\u6728\u5bfa 8\u65e5\u6e38","trade_status":"TRADE_SUCCESS","is_total_fee_adjust":"N","total_fee":"3280.00","gmt_payment":"2017-07-18 14:26:02","seller_email":"2287684289@qq.com","price":"3280.00","buyer_id":"2088302120776305","notify_id":"71d524a7bcebd67b692698dd332691fibe","use_coupon":"N","sign_type":"MD5","sign":"e1f8d339139229c7fe7539f3b054377e"}
[2017-07-18 14:26:02][info] 数据存储反馈成功！
[2017-07-18 14:26:02][info] success
[2017-07-18 14:26:02][info] 写入结束!!!
[2017-07-18 14:35:14][info] ----------------------------------------
[2017-07-18 14:35:14][info] {"discount":"0.00","payment_type":"1","trade_no":"2017071821001004080254784816","subject":"\u5580\u7eb3\u65af\u4e4b\u590f","buyer_email":"pxf78@sina.com","gmt_create":"2017-07-18 14:35:00","notify_type":"trade_status_sync","quantity":"1","out_trade_no":"LX-17071812480466106-9","seller_id":"2088421286007493","notify_time":"2017-07-18 14:35:14","body":"2017\u5e747\uff5e8\u6708 \u5929\u5c71\u5929\u6c60-\u5410\u9c81\u756a-\u5580\u7eb3\u65af-\u767d\u54c8\u5df4-\u4e94\u5f69\u6ee9-\u9b54\u9b3c\u57ce-\u79be\u6728\u6df1\u5ea6\u4e5d\u65e5\u6e38","trade_status":"TRADE_SUCCESS","is_total_fee_adjust":"N","total_fee":"4680.00","gmt_payment":"2017-07-18 14:35:13","seller_email":"2287684289@qq.com","price":"4680.00","buyer_id":"2088302465516084","notify_id":"43968cd610c5875f5ce0038fd51334cgma","use_coupon":"N","sign_type":"MD5","sign":"044f45f7036b9b7ab4f23ff5c9a63497"}
[2017-07-18 14:35:14][info] 数据存储反馈成功！
[2017-07-18 14:35:14][info] success
[2017-07-18 14:35:14][info] 写入结束!!!
[2017-07-18 15:36:47][info] ----------------------------------------
[2017-07-18 15:36:47][info] {"discount":"0.00","payment_type":"1","trade_no":"2017071821001004990266010307","subject":"\u4e1d\u7ef8\u4e4b\u8def\u7cbe\u534e\u4e03\u65e5\u6e38","buyer_email":"mrtata@163.com","gmt_create":"2017-07-18 15:36:35","notify_type":"trade_status_sync","quantity":"1","out_trade_no":"LX-17071515051717306-6","seller_id":"2088421286007493","notify_time":"2017-07-18 15:36:47","body":"2017\u5e74\u9752\u6d77\u6e56-\u8336\u5361\u76d0\u6e56-\u6566\u714c-\u5609\u5cea\u5173-\u5f20\u6396\u4e39\u971e\u4e03\u65e5\u6e38","trade_status":"TRADE_SUCCESS","is_total_fee_adjust":"N","total_fee":"1590.00","gmt_payment":"2017-07-18 15:36:47","seller_email":"2287684289@qq.com","price":"1590.00","buyer_id":"2088302607170994","notify_id":"f797ab7f86aed9f06477cb5fdc8a049nn2","use_coupon":"N","sign_type":"MD5","sign":"1698b761ab44934f1df28e713a1ce47d"}
[2017-07-18 15:36:47][info] 数据存储反馈成功！
[2017-07-18 15:36:47][info] success
[2017-07-18 15:36:47][info] 写入结束!!!
[2017-07-18 16:21:29][info] ----------------------------------------
[2017-07-18 16:21:29][info] {"discount":"0.00","payment_type":"1","trade_no":"2017071821001004300249172901","subject":"\u575d\u4e0a\u4f11\u95f2B\u7ebf","buyer_email":"ly2656671@139.com","gmt_create":"2017-07-18 16:21:19","notify_type":"trade_status_sync","quantity":"1","out_trade_no":"LX-17071816101694401-8","seller_id":"2088421286007493","notify_time":"2017-07-18 16:21:29","body":"2017\u72ec\u5bb6\u575d\u4e0a\u73af\u7ebf\uff1a\u7a7f\u8d8a\u8349\u539f\u5929\u8def\uff0c\u6492\u6b22\u4e4c\u5170\u5e03\u7edf\uff0c\u627f\u5fb7\u907f\u6691\u5c71\u5e84\uff0c\u91d1\u5c71\u5cad\u957f\u57ce\/\u6155\u7530\u5cea\u957f\u57ce7\u65e5\uff08\u5168\u666f\u4e4b\u65c5\uff0c\u7f8e\u666f\u4e00\u7f51\u6253\u5c3d\uff09","trade_status":"TRADE_SUCCESS","is_total_fee_adjust":"N","total_fee":"7950.00","gmt_payment":"2017-07-18 16:21:29","seller_email":"2287684289@qq.com","price":"7950.00","buyer_id":"2088102838901309","notify_id":"a2a24238bc9dd70697aea20a4e0fe7dibe","use_coupon":"N","sign_type":"MD5","sign":"565a58098eb2590bfd68fc36530efc1a"}
[2017-07-18 16:21:30][info] 数据存储反馈成功！
[2017-07-18 16:21:30][info] success
[2017-07-18 16:21:30][info] 写入结束!!!
[2017-07-18 18:32:21][info] ----------------------------------------
[2017-07-18 18:32:21][info] {"discount":"0.00","payment_type":"1","trade_no":"2017071821001004930263780169","subject":"\u68a6\u4e2d\u5929\u5802","buyer_email":"13999308831","gmt_create":"2017-07-18 18:31:54","notify_type":"trade_status_sync","quantity":"1","out_trade_no":"LX-17071518382823806-4","seller_id":"2088421286007493","notify_time":"2017-07-18 18:32:21","body":"2017\u5e74\u7a3b\u57ce\u4e9a\u4e01-\u65b0\u90fd\u6865-\u4e39\u5df4-\u4e5d\u65e5\u6df1\u5ea6\u6e38","trade_status":"TRADE_SUCCESS","is_total_fee_adjust":"N","total_fee":"4770.00","gmt_payment":"2017-07-18 18:32:20","seller_email":"2287684289@qq.com","price":"4770.00","buyer_id":"2088502876625937","notify_id":"832d34a4db1610920f856186d283725n6e","use_coupon":"N","sign_type":"MD5","sign":"824b5195b64000b4b904562b3dd63ea9"}
[2017-07-18 18:32:21][info] 数据存储反馈成功！
[2017-07-18 18:32:21][info] success
[2017-07-18 18:32:21][info] 写入结束!!!
[2017-07-18 19:18:49][info] ----------------------------------------
[2017-07-18 19:18:49][info] {"discount":"0.00","payment_type":"1","trade_no":"2017071821001004840273249874","subject":"\u7518\u5357\u5168\u666f","buyer_email":"13905165695","gmt_create":"2017-07-18 19:18:41","notify_type":"trade_status_sync","quantity":"1","out_trade_no":"LX-17071818570159501-a","seller_id":"2088421286007493","notify_time":"2017-07-18 19:18:49","body":"2017\u5e74\u72ec\u5bb6  \u62c9\u535c\u695e\u5bfa-\u624e\u5c15\u90a3-\u82b1\u6e56-\u5e74\u5b9d\u7389\u5219-\u82e5\u5c14\u76d6\u8349\u539f-\u963f\u4e07\u4ed3\u6e7f\u5730-\u5c15\u6d77\u6e56-\u90ce\u6728\u5bfa 8\u65e5\u6e38","trade_status":"TRADE_SUCCESS","is_total_fee_adjust":"N","total_fee":"2055.00","gmt_payment":"2017-07-18 19:18:49","seller_email":"2287684289@qq.com","price":"2055.00","buyer_id":"2088802458002845","notify_id":"5d63266ac3e6d0ab92ff4bbe26d692bmhe","use_coupon":"N","sign_type":"MD5","sign":"27544521f61d440e83787fbc5e1a6484"}
[2017-07-18 19:18:49][info] 数据存储反馈成功！
[2017-07-18 19:18:49][info] success
[2017-07-18 19:18:49][info] 写入结束!!!
