[2017-09-15 09:57:59][info] ----------------------------------------
[2017-09-15 09:57:59][info] {"discount":"0.00","payment_type":"1","trade_no":"2017061421001004480264215381","subject":"\u7518\u5357\u5168\u666f","buyer_email":"anita5835@163.com","gmt_create":"2017-06-14 09:57:36","notify_type":"trade_status_sync","quantity":"1","out_trade_no":"LX-17061409415711901-5","seller_id":"2088421286007493","notify_time":"2017-09-15 09:57:59","body":"2017\u5e74\u72ec\u5bb6  \u516b\u89d2\u57ce-\u624e\u5c15\u90a3-\u82b1\u6e56-\u5e74\u5b9d\u7389\u5219-\u82e5\u5c14\u76d6\u8349\u539f-\u963f\u4e07\u4ed3\u6e7f\u5730-\u90ce\u6728\u5bfa 8\u65e5\u6e38","trade_status":"TRADE_FINISHED","is_total_fee_adjust":"N","total_fee":"4920.00","gmt_payment":"2017-06-14 09:57:50","seller_email":"2287684289@qq.com","gmt_close":"2017-09-15 09:57:59","price":"4920.00","buyer_id":"2088002228424486","notify_id":"f59e982ac032902c69625c874d35b2bjpe","use_coupon":"N","sign_type":"MD5","sign":"4b15efda74186292d115010fccaf576c"}
[2017-09-15 09:57:59][info] 数据存储反馈成功！
[2017-09-15 09:57:59][info] success
[2017-09-15 09:57:59][info] 写入结束!!!
[2017-09-15 10:36:56][info] ----------------------------------------
[2017-09-15 10:36:56][info] {"discount":"0.00","payment_type":"1","trade_no":"2017061421001004680269525847","subject":"\u5fc3\u82b1\u8def\u653e","buyer_email":"leeny81@163.com","gmt_create":"2017-06-14 10:36:12","notify_type":"trade_status_sync","quantity":"1","out_trade_no":"LX-17060713141719201-c","seller_id":"2088421286007493","notify_time":"2017-09-15 10:36:56","body":"\u5927\u7406\u53cc\u5eca\u3001\u6c99\u6eaa\u53e4\u9547\u3001\u4e3d\u6c5f\u53e4\u57ce\u3001\u9999\u683c\u91cc\u62c9\u3001\u6cf8\u6cbd\u6e567\u65e5\u6ec7\u897f\u5317\u5168\u666f\u6df1\u5ea6\u6e38","trade_status":"TRADE_FINISHED","is_total_fee_adjust":"N","total_fee":"5430.00","gmt_payment":"2017-06-14 10:36:24","seller_email":"2287684289@qq.com","gmt_close":"2017-09-15 10:36:56","price":"5430.00","buyer_id":"2088002025916687","notify_id":"7281da58d9b1b05b4c17fd12c2d8e6el8y","use_coupon":"N","sign_type":"MD5","sign":"23dec2de22b92a40881eda3f35c2e0d1"}
[2017-09-15 10:36:56][info] 数据存储反馈成功！
[2017-09-15 10:36:56][info] success
[2017-09-15 10:36:56][info] 写入结束!!!
[2017-09-15 10:42:47][info] ----------------------------------------
[2017-09-15 10:42:47][info] {"discount":"0.00","payment_type":"1","trade_no":"2017091521001004360246941823","subject":"\u5317\u7586\u91d1\u79cb\u7ecf\u5178\u73af\u7ebf","buyer_email":"zxb@tom.com","gmt_create":"2017-09-15 10:41:59","notify_type":"trade_status_sync","quantity":"1","out_trade_no":"LX-17091421120862401-6","seller_id":"2088421286007493","notify_time":"2017-09-15 10:42:47","body":"\u5580\u7eb3\u65af-\u767d\u54c8\u5df4-\u79be\u6728-\u4e94\u5f69\u6ee9-\u9b54\u9b3c\u57ce-\u53ef\u53ef\u6258\u6d77 9\u65e5\u6df1\u5ea6\u6e38","trade_status":"TRADE_SUCCESS","is_total_fee_adjust":"N","total_fee":"10160.00","gmt_payment":"2017-09-15 10:42:46","seller_email":"2287684289@qq.com","price":"10160.00","buyer_id":"2088002146548365","notify_id":"93ebdc13feb7e4835375d3ad63afd11is2","use_coupon":"N","sign_type":"MD5","sign":"9b518d6b06dc4a88fa3f8f184e8f5434"}
[2017-09-15 10:42:47][info] 数据存储反馈成功！
[2017-09-15 10:42:47][info] success
[2017-09-15 10:42:47][info] 写入结束!!!
[2017-09-15 10:48:45][info] ----------------------------------------
[2017-09-15 10:48:45][info] {"discount":"0.00","payment_type":"1","trade_no":"2017091521001004260256672618","subject":"\u8eba\u7740\u53bb\u8d4f\u79cb","buyer_email":"ywp24780@163.com","gmt_create":"2017-09-15 10:48:37","notify_type":"trade_status_sync","quantity":"1","out_trade_no":"LX-17091010382717706-8","seller_id":"2088421286007493","notify_time":"2017-09-15 10:48:45","body":"2017\u5e74\u989d\u6d4e\u7eb3\u65d7\u80e1\u6768\u67976\u65e5 \u897f\u5b89\u51fa\u53d1 \u53cc\u5367\u706b\u8f66\u56e2","trade_status":"TRADE_SUCCESS","is_total_fee_adjust":"N","total_fee":"3680.00","gmt_payment":"2017-09-15 10:48:44","seller_email":"2287684289@qq.com","price":"3680.00","buyer_id":"2088102066059269","notify_id":"1deefdb6df97595bfaf38dd8d23f419i0a","use_coupon":"N","sign_type":"MD5","sign":"93ea331aa47826d1d84b5acd31838da9"}
[2017-09-15 10:48:45][info] 数据存储反馈成功！
[2017-09-15 10:48:45][info] success
[2017-09-15 10:48:45][info] 写入结束!!!
[2017-09-15 10:50:05][info] ----------------------------------------
[2017-09-15 10:50:05][info] {"discount":"0.00","payment_type":"1","trade_no":"2017061421001004170263730336","subject":"\u65b0\u7586\u5168\u666f","buyer_email":"janehfhuang11@hotmail.com","gmt_create":"2017-06-14 10:49:19","notify_type":"trade_status_sync","quantity":"1","out_trade_no":"LX-17061320293174906-2","seller_id":"2088421286007493","notify_time":"2017-09-15 10:50:05","body":"\u6c5f\u5e03\u62c9\u514b-\u4e94\u5f69\u6ee9-\u5580\u7eb3\u65af-\u79be\u6728-\u8d5b\u91cc\u6728\u6e56-\u85b0\u8863\u8349\u519c\u573a-\u5580\u62c9\u5cfb-\u90a3\u62c9\u63d0-\u5df4\u97f3\u5e03\u9c81\u514b-\u5410\u9c81\u756a13\u65e5\u6e38","trade_status":"TRADE_FINISHED","is_total_fee_adjust":"N","total_fee":"4780.00","gmt_payment":"2017-06-14 10:49:37","seller_email":"2287684289@qq.com","gmt_close":"2017-09-15 10:50:05","price":"4780.00","buyer_id":"2088002140859177","notify_id":"dc042abf69faffd98ad6011af2ea1edhba","use_coupon":"N","sign_type":"MD5","sign":"bacb00d828b98a14fa4123624e453e1c"}
[2017-09-15 10:50:05][info] 数据存储反馈成功！
[2017-09-15 10:50:05][info] success
[2017-09-15 10:50:05][info] 写入结束!!!
[2017-09-15 11:19:04][info] ----------------------------------------
[2017-09-15 11:19:04][info] {"discount":"0.00","payment_type":"1","trade_no":"2017061421001004350259201407","subject":"\u65b0\u7586\u62fe\u5149\u5168\u666f\u5199\u771f\u65c5\u884c","buyer_email":"18685625190","gmt_create":"2017-06-14 11:18:15","notify_type":"trade_status_sync","quantity":"1","out_trade_no":"LX-17061310301635306-9","seller_id":"2088421286007493","notify_time":"2017-09-15 11:19:04","body":"\u4e4c\u9c81\u6728\u9f50-\u4e94\u5f69\u6ee9-\u5e03\u5c14\u6d25-\u5580\u7eb3\u65af-\u79be\u6728-\u9b54\u9b3c\u57ce-\u8d5b\u91cc\u6728\u6e56-\u89e3\u5fe7\u516c\u4e3b\u85b0\u8863\u8349\u519c\u573a-\u5580\u62c9\u5cfb-\u5df4\u97f3\u5e03\u9c81\u514b-\u535a\u65af\u817e\u6e56-\u5e93\u6728\u5854\u683c\u6c99\u6f2014\u65e5\u6e38","trade_status":"TRADE_FINISHED","is_total_fee_adjust":"N","total_fee":"5880.00","gmt_payment":"2017-06-14 11:18:31","seller_email":"2287684289@qq.com","gmt_close":"2017-09-15 11:19:04","price":"5880.00","buyer_id":"2088702936400359","notify_id":"7f07220508db2093c3f0eab84aae4deipa","use_coupon":"N","sign_type":"MD5","sign":"8724ffc984708e2f1136e77dbbf2945e"}
[2017-09-15 11:19:04][info] 数据存储反馈成功！
[2017-09-15 11:19:04][info] success
[2017-09-15 11:19:04][info] 写入结束!!!
[2017-09-15 11:19:28][info] ----------------------------------------
[2017-09-15 11:19:28][info] {"discount":"0.00","payment_type":"1","trade_no":"2017091521001004290225948391","subject":"\u989d\u6d4e\u7eb3\u5168\u666f","buyer_email":"15620463125","gmt_create":"2017-09-15 11:19:23","notify_type":"trade_status_sync","quantity":"1","out_trade_no":"LX-17091312372853301-4","seller_id":"2088421286007493","notify_time":"2017-09-15 11:19:28","body":"\u989d\u6d4e\u7eb3\u80e1\u6768\u6797-\u6566\u714c\u5168\u666f-\u5df4\u4e39\u5409\u6797-\u5f20\u6396\u4e39\u971e-\u5609\u5cea\u5173-\u91d1\u5854\u80e1\u6768\u6797-\u52a8\u8f668\u65e5","trade_status":"TRADE_SUCCESS","is_total_fee_adjust":"N","total_fee":"7263.00","gmt_payment":"2017-09-15 11:19:28","seller_email":"2287684289@qq.com","price":"7263.00","buyer_id":"2088902850615293","notify_id":"a0884830928a6548031922bb678708fi8m","use_coupon":"N","sign_type":"MD5","sign":"61b5e493f6163add8cdd337e7cdd8a8a"}
[2017-09-15 11:19:29][info] 数据存储反馈成功！
[2017-09-15 11:19:29][info] success
[2017-09-15 11:19:29][info] 写入结束!!!
[2017-09-15 12:34:14][info] ----------------------------------------
[2017-09-15 12:34:14][info] {"discount":"0.00","payment_type":"1","trade_no":"2017091521001004430227651918","subject":"\u5317\u7586\u91d1\u79cb\u81f3\u5c0a10\u65e5\u6e38","buyer_email":"13978609686","gmt_create":"2017-09-15 12:34:04","notify_type":"trade_status_sync","quantity":"1","out_trade_no":"LX-17091511350040306-6","seller_id":"2088421286007493","notify_time":"2017-09-15 12:34:13","body":"38\u5c0f\u65f6\u79be\u6728-\u5580\u7eb3\u65af-\u767d\u54c8\u5df4-\u53ef\u53ef\u82cf\u91cc\u6e56-\u53ef\u53ef\u6258\u6d77-\u4e94\u5f69\u6ee9-\u9b54\u9b3c\u57ce10\u65e5\u5927\u73af\u7ebf","trade_status":"TRADE_SUCCESS","is_total_fee_adjust":"N","total_fee":"10660.00","gmt_payment":"2017-09-15 12:34:13","seller_email":"2287684289@qq.com","price":"10660.00","buyer_id":"2088902040125432","notify_id":"9331f04acbc2fabafc2e5c4da468dc5jbi","use_coupon":"N","sign_type":"MD5","sign":"226f98a76573faf4e3ddc27e9627fca1"}
[2017-09-15 12:34:14][info] 数据存储反馈成功！
[2017-09-15 12:34:14][info] success
[2017-09-15 12:34:14][info] 写入结束!!!
[2017-09-15 13:15:20][info] ----------------------------------------
[2017-09-15 13:15:20][info] {"discount":"0.00","payment_type":"1","trade_no":"2017091521001004830260663844","subject":"\u5317\u7586\u91d1\u79cb\u7ecf\u5178\u73af\u7ebf","buyer_email":"13691248088","gmt_create":"2017-09-15 13:15:05","notify_type":"trade_status_sync","quantity":"1","out_trade_no":"LX-17080213170923206-9","seller_id":"2088421286007493","notify_time":"2017-09-15 13:15:20","body":"\u5580\u7eb3\u65af-\u767d\u54c8\u5df4-\u79be\u6728-\u4e94\u5f69\u6ee9-\u9b54\u9b3c\u57ce-\u53ef\u53ef\u6258\u6d77 9\u65e5\u6df1\u5ea6\u6e38","trade_status":"TRADE_SUCCESS","is_total_fee_adjust":"N","total_fee":"4420.00","gmt_payment":"2017-09-15 13:15:19","seller_email":"2287684289@qq.com","price":"4420.00","buyer_id":"2088402563662833","notify_id":"51d0d811b51f9a00ad6e2a9239cf4dfmem","use_coupon":"N","sign_type":"MD5","sign":"085e3f1faf150a0687de12ccb33e2934"}
[2017-09-15 13:15:20][info] 数据存储反馈成功！
[2017-09-15 13:15:20][info] success
[2017-09-15 13:15:20][info] 写入结束!!!
[2017-09-15 14:14:14][info] ----------------------------------------
[2017-09-15 14:14:14][info] {"discount":"0.00","payment_type":"1","trade_no":"2017091521001004290226437984","subject":"\u5927\u7f8e\u8272\u7a3b","buyer_email":"evysun119@126.com","gmt_create":"2017-09-15 14:14:06","notify_type":"trade_status_sync","quantity":"1","out_trade_no":"LX-17091513155016706-4","seller_id":"2088421286007493","notify_time":"2017-09-15 14:14:14","body":"\u8272\u8fbe-\u7a3b\u57ce\u4e9a\u4e01-\u65b0\u90fd\u68659\u65e5\u5927\u73af\u7ebf","trade_status":"TRADE_SUCCESS","is_total_fee_adjust":"N","total_fee":"2140.00","gmt_payment":"2017-09-15 14:14:14","seller_email":"2287684289@qq.com","price":"2140.00","buyer_id":"2088002316238296","notify_id":"67bb749dc63a2ba881b387e485f7f0ai8m","use_coupon":"N","sign_type":"MD5","sign":"c53b84560dfd46e5c891d53ba4724806"}
[2017-09-15 14:14:14][info] 数据存储反馈成功！
[2017-09-15 14:14:14][info] success
[2017-09-15 14:14:14][info] 写入结束!!!
[2017-09-15 14:57:42][info] ----------------------------------------
[2017-09-15 14:57:42][info] {"discount":"0.00","payment_type":"1","trade_no":"2017091521001004630229107765","subject":"\u989d\u6d4e\u7eb3\u5168\u666f","buyer_email":"13711385544","gmt_create":"2017-09-15 14:56:57","notify_type":"trade_status_sync","quantity":"1","out_trade_no":"LX-170915111704906-7","seller_id":"2088421286007493","notify_time":"2017-09-15 14:57:42","body":"\u989d\u6d4e\u7eb3\u80e1\u6768\u6797-\u6566\u714c\u5168\u666f-\u5df4\u4e39\u5409\u6797-\u5f20\u6396\u4e39\u971e-\u5609\u5cea\u5173-\u91d1\u5854\u80e1\u6768\u6797-\u52a8\u8f668\u65e5","trade_status":"TRADE_SUCCESS","is_total_fee_adjust":"N","total_fee":"3900.00","gmt_payment":"2017-09-15 14:57:41","seller_email":"2287684289@qq.com","price":"3900.00","buyer_id":"2088702477604634","notify_id":"382f0189e9cfee88f06ad0bf40b749dkv2","use_coupon":"N","sign_type":"MD5","sign":"0f48777294e4f4a65f09d6697c689e52"}
[2017-09-15 14:57:42][info] 数据存储反馈成功！
[2017-09-15 14:57:42][info] success
[2017-09-15 14:57:42][info] 写入结束!!!
[2017-09-15 15:17:59][info] ----------------------------------------
[2017-09-15 15:17:59][info] {"discount":"0.00","payment_type":"1","trade_no":"2017091521001004720240583900","subject":"\u989d\u6d4e\u7eb3\u6444\u5f71B\u7ebf","buyer_email":"13921045039","gmt_create":"2017-09-15 15:16:32","notify_type":"trade_status_sync","quantity":"1","out_trade_no":"LX-17082212123698106-e","seller_id":"2088421286007493","notify_time":"2017-09-15 15:17:58","body":"\u989d\u6d4e\u7eb3\u80e1\u6768\u6797-\u5df4\u4e39\u5409\u6797\u8179\u5730-\u91d1\u5854\u80e1\u6768\u6797-\u602a\u6811\u6797-\u516b\u65e5","trade_status":"TRADE_SUCCESS","is_total_fee_adjust":"N","total_fee":"17080.00","gmt_payment":"2017-09-15 15:17:58","seller_email":"2287684289@qq.com","price":"17080.00","buyer_id":"2088602137776720","notify_id":"b1a7edf7f7966f564ac4f6dd4858f97lk2","use_coupon":"N","sign_type":"MD5","sign":"3f5c3b146fd537ccfdf49e373ec7997a"}
[2017-09-15 15:17:59][info] 数据存储反馈成功！
[2017-09-15 15:17:59][info] success
[2017-09-15 15:17:59][info] 写入结束!!!
[2017-09-15 18:22:54][info] ----------------------------------------
[2017-09-15 18:22:54][info] {"discount":"0.00","payment_type":"1","trade_no":"2017091521001004050237021373","subject":"\u989d\u6d4e\u7eb3\u6700\u7f8e\u9ad8\u94c1\u56e2","buyer_email":"18766270093","gmt_create":"2017-09-15 18:22:45","notify_type":"trade_status_sync","quantity":"1","out_trade_no":"LX-17091518124253406-6","seller_id":"2088421286007493","notify_time":"2017-09-15 18:22:54","body":"2017\u989d\u6d4e\u7eb3\u65d7\u80e1\u6768\u6797\u516d\u65e5\u6e38-\u9886\u8896\u6237\u5916\u72ec\u5bb6\u9996\u521b","trade_status":"TRADE_SUCCESS","is_total_fee_adjust":"N","total_fee":"5800.00","gmt_payment":"2017-09-15 18:22:53","seller_email":"2287684289@qq.com","price":"5800.00","buyer_id":"2088412791789059","notify_id":"dda110e5ec178971b57b492dc5da1a6gdy","use_coupon":"N","sign_type":"MD5","sign":"9118799d1e1e29589e833bec1b98f1fa"}
[2017-09-15 18:22:54][info] 数据存储反馈成功！
[2017-09-15 18:22:54][info] success
[2017-09-15 18:22:54][info] 写入结束!!!
[2017-09-15 20:51:14][info] ----------------------------------------
[2017-09-15 20:51:14][info] {"discount":"0.00","payment_type":"1","trade_no":"2017061421001004190235508847","subject":"\u4e1d\u7ef8\u4e4b\u8def\u5dc5\u5cf0\u4f53\u9a8c\u4e5d\u65e5\u6e38","buyer_email":"13761601907","gmt_create":"2017-06-14 20:50:16","notify_type":"trade_status_sync","quantity":"1","out_trade_no":"LX-17061413133146506-1","seller_id":"2088421286007493","notify_time":"2017-09-15 20:51:14","body":"\u6c99\u5c9b-\u9752\u6d77\u6e56-\u8336\u5361\u76d0\u6e56-\u7941\u8fde-\u5f20\u6396-\u5609\u5cea\u5173-\u6566\u714c\u4e5d\u65e5\u6e38","trade_status":"TRADE_FINISHED","is_total_fee_adjust":"N","total_fee":"13120.00","gmt_payment":"2017-06-14 20:50:26","seller_email":"2287684289@qq.com","gmt_close":"2017-09-15 20:51:14","price":"13120.00","buyer_id":"2088902667847193","notify_id":"556ee79a78f1767b7166a83696aa792hgu","use_coupon":"N","sign_type":"MD5","sign":"e067f15dc838b926562c587f6eed7d80"}
[2017-09-15 20:51:14][info] 数据存储反馈成功！
[2017-09-15 20:51:14][info] success
[2017-09-15 20:51:14][info] 写入结束!!!
