[2017-10-03 10:19:18][info] ----------------------------------------
[2017-10-03 10:19:18][info] {"discount":"0.00","payment_type":"1","trade_no":"2017100321001004650232780314","subject":"\u989d\u6d4e\u7eb3\u6444\u5f71A","buyer_email":"carrie_cheng_2006@aliyun.com","gmt_create":"2017-10-03 10:18:40","notify_type":"trade_status_sync","quantity":"1","out_trade_no":"LX-17091915443821906-e","seller_id":"2088421286007493","notify_time":"2017-10-03 10:19:18","body":"\u4ed9\u7c73\u5f69\u6797-\u989d\u6d4e\u7eb3\u80e1\u6768\u6797-\u5f20\u6396\u4e39\u971e-\u91d1\u5854\u80e1\u6768\u6797-\u9ed1\u6c34\u57ce-\u5c45\u5ef6\u6d77-\u5609\u5cea\u5173\u52a8\u8f66\u8fd4\u7a0b7\u65e5\u6e38","trade_status":"TRADE_SUCCESS","is_total_fee_adjust":"N","total_fee":"3880.00","gmt_payment":"2017-10-03 10:19:18","seller_email":"2287684289@qq.com","price":"3880.00","buyer_id":"2088702573198655","notify_id":"501eeacee44711bbfcb31143b8ffa49l0m","use_coupon":"N","sign_type":"MD5","sign":"26874d632dcae1c067b611dc8ea59a4b"}
[2017-10-03 10:19:19][info] 数据存储反馈成功！
[2017-10-03 10:19:19][info] success
[2017-10-03 10:19:19][info] 写入结束!!!
[2017-10-03 10:41:04][info] ----------------------------------------
[2017-10-03 10:41:04][info] {"discount":"0.00","payment_type":"1","trade_no":"2017100321001004560520155337","subject":"\u9955\u992e\u8d4f\u79cb","buyer_email":"13616003328","gmt_create":"2017-10-03 10:40:41","notify_type":"trade_status_sync","quantity":"1","out_trade_no":"LX-17100310000058106-e","seller_id":"2088421286007493","notify_time":"2017-10-03 10:41:04","body":"\u9752\u6d77\u6e56-\u8336\u5361\u76d0\u6e56-\u83ab\u9ad8\u7a9f-\u9e23\u6c99\u5c71-\u6708\u7259\u6cc9-\u5609\u5cea\u5173-\u989d\u6d4e\u7eb3\u80e1\u6768\u6797-\u5353\u5c14\u5c7110\u65e5\u5927\u73af\u7ebf","trade_status":"TRADE_SUCCESS","is_total_fee_adjust":"N","total_fee":"5780.00","gmt_payment":"2017-10-03 10:41:04","seller_email":"2287684289@qq.com","price":"5780.00","buyer_id":"2088622131096561","notify_id":"0e24d144491efbf18aaf43b538fc023kbp","use_coupon":"N","sign_type":"MD5","sign":"d16fb76772952f3b49cd5f03adf1523b"}
[2017-10-03 10:41:05][info] 数据存储反馈成功！
[2017-10-03 10:41:05][info] success
[2017-10-03 10:41:05][info] 写入结束!!!
[2017-10-03 17:00:54][info] ----------------------------------------
[2017-10-03 17:00:54][info] {"discount":"0.00","payment_type":"1","trade_no":"2017070221001004830205119910","subject":"\u4e1d\u7ef8\u4e4b\u8def\u7cbe\u534e\u4e03\u65e5\u6e38","buyer_email":"whmin2000@163.com","gmt_create":"2017-07-02 16:59:36","notify_type":"trade_status_sync","quantity":"1","out_trade_no":"LX-17070115493211306-1","seller_id":"2088421286007493","notify_time":"2017-10-03 17:00:53","body":"2017\u5e74\u9752\u6d77\u6e56-\u8336\u5361\u76d0\u6e56-\u6566\u714c-\u5609\u5cea\u5173-\u5f20\u6396\u4e39\u971e\u4e03\u65e5\u6e38","trade_status":"TRADE_FINISHED","is_total_fee_adjust":"N","total_fee":"12400.00","gmt_payment":"2017-07-02 17:00:35","seller_email":"2287684289@qq.com","gmt_close":"2017-10-03 17:00:53","price":"12400.00","buyer_id":"2088502658921835","notify_id":"56013104134702c3c1fae0e11429360mem","use_coupon":"N","sign_type":"MD5","sign":"1f242d191dd57ecf53a48fda7f4599cf"}
[2017-10-03 17:00:54][info] 数据存储反馈成功！
[2017-10-03 17:00:54][info] success
[2017-10-03 17:00:54][info] 写入结束!!!
[2017-10-03 17:38:53][info] ----------------------------------------
[2017-10-03 17:38:53][info] {"discount":"0.00","payment_type":"1","trade_no":"2017070221001004600242994405","subject":"\u65b0\u7586\u7cbe\u534e","buyer_email":"lvliush@163.com","gmt_create":"2017-07-02 17:37:06","notify_type":"trade_status_sync","quantity":"1","out_trade_no":"LX-17070217210833801-a","seller_id":"2088421286007493","notify_time":"2017-10-03 17:38:53","body":"\u5929\u5c71\u5929\u6c60-\u5580\u7eb3\u65af-\u79be\u6728-\u4e94\u5f69\u6ee9-\u8d5b\u91cc\u6728\u6e56-\u85b0\u8863\u8349\u5e84\u56ed-\u90a3\u62c9\u63d0-\u5df4\u97f3\u5e03\u9c81\u514b-\u5410\u9c81\u756a11\u65e5\u6e38","trade_status":"TRADE_FINISHED","is_total_fee_adjust":"N","total_fee":"4680.00","gmt_payment":"2017-07-02 17:38:37","seller_email":"2287684289@qq.com","gmt_close":"2017-10-03 17:38:52","price":"4680.00","buyer_id":"2088002449050600","notify_id":"79733a2e503959a3120a8ca60fd0dcekmq","use_coupon":"N","sign_type":"MD5","sign":"47b56c79358cfa121096cd5e5d67b6f4"}
[2017-10-03 17:38:53][info] 数据存储反馈成功！
[2017-10-03 17:38:53][info] success
[2017-10-03 17:38:53][info] 写入结束!!!
[2017-10-03 21:47:02][info] ----------------------------------------
[2017-10-03 21:47:02][info] {"discount":"0.00","payment_type":"1","trade_no":"2017100321001004150243578281","subject":"\u989d\u6d4e\u7eb3\u5168\u666f","buyer_email":"13817757411","gmt_create":"2017-10-03 21:46:41","notify_type":"trade_status_sync","quantity":"1","out_trade_no":"LX-17092210375286801-0","seller_id":"2088421286007493","notify_time":"2017-10-03 21:47:02","body":"\u989d\u6d4e\u7eb3\u80e1\u6768\u6797-\u6566\u714c\u5168\u666f-\u5df4\u4e39\u5409\u6797-\u5f20\u6396\u4e39\u971e-\u5609\u5cea\u5173-\u91d1\u5854\u80e1\u6768\u6797-\u52a8\u8f668\u65e5","trade_status":"TRADE_SUCCESS","is_total_fee_adjust":"N","total_fee":"2090.00","gmt_payment":"2017-10-03 21:47:01","seller_email":"2287684289@qq.com","price":"2090.00","buyer_id":"2088122033167157","notify_id":"4366c7776a5bd328c28000515903984h5q","use_coupon":"N","sign_type":"MD5","sign":"1b6304e987ca9c5673ff83c576dc11aa"}
[2017-10-03 21:47:02][info] 数据存储反馈成功！
[2017-10-03 21:47:02][info] success
[2017-10-03 21:47:02][info] 写入结束!!!
