[2017-06-02 10:02:25][info] ----------------------------------------
[2017-06-02 10:02:25][info] {"discount":"0.00","payment_type":"1","subject":"\u5fc3\u82b1\u8def\u653e","trade_no":"2017060221001004110283922678","buyer_email":"hwxyt@sogou.com","gmt_create":"2017-06-02 10:02:12","notify_type":"trade_status_sync","quantity":"1","out_trade_no":"LX-17053122183910306-f","seller_id":"2088421286007493","notify_time":"2017-06-02 10:02:25","body":"\u5927\u7406\u53cc\u5eca\u3001\u6c99\u6eaa\u53e4\u9547\u3001\u4e3d\u6c5f\u53e4\u57ce\u3001\u9999\u683c\u91cc\u62c9\u3001\u6cf8\u6cbd\u6e567\u65e5\u6ec7\u897f\u5317\u5168\u666f\u6df1\u5ea6\u6e38","trade_status":"TRADE_SUCCESS","is_total_fee_adjust":"N","total_fee":"3280.00","gmt_payment":"2017-06-02 10:02:25","seller_email":"2287684289@qq.com","price":"3280.00","buyer_id":"2088002053608118","notify_id":"75678f4df20933aa6e25e548d9c95acgum","use_coupon":"N","sign_type":"MD5","sign":"7e9045334e07703470e8002b97894eeb"}
[2017-06-02 10:02:26][info] 数据存储反馈成功！
[2017-06-02 10:02:26][info] success
[2017-06-02 10:02:26][info] 写入结束!!!
[2017-06-02 12:21:31][info] ----------------------------------------
[2017-06-02 12:21:31][info] {"discount":"0.00","payment_type":"1","subject":"\u7518\u5357\u5168\u666f","trade_no":"2017060221001004580285692914","buyer_email":"13518823311","gmt_create":"2017-06-02 12:21:17","notify_type":"trade_status_sync","quantity":"1","out_trade_no":"LX-17060210164884106-e","seller_id":"2088421286007493","notify_time":"2017-06-02 12:21:31","body":"2017\u5e74\u72ec\u5bb6  \u516b\u89d2\u57ce-\u624e\u5c15\u90a3-\u82b1\u6e56-\u5e74\u5b9d\u7389\u5219-\u82e5\u5c14\u76d6\u8349\u539f-\u963f\u4e07\u4ed3\u6e7f\u5730-\u90ce\u6728\u5bfa 8\u65e5\u6e38","trade_status":"TRADE_SUCCESS","is_total_fee_adjust":"N","total_fee":"2880.00","gmt_payment":"2017-06-02 12:21:31","seller_email":"2287684289@qq.com","price":"2880.00","buyer_id":"2088012919198583","notify_id":"42caaee214feeb95d667168c647ad56kh6","use_coupon":"N","sign_type":"MD5","sign":"832f53cd40ce4aecb8be95e5e6898eef"}
[2017-06-02 12:21:32][info] 数据存储反馈成功！
[2017-06-02 12:21:32][info] success
[2017-06-02 12:21:32][info] 写入结束!!!
[2017-06-02 13:47:53][info] ----------------------------------------
[2017-06-02 13:47:53][info] {"discount":"0.00","payment_type":"1","subject":"\u96ea\u57df\u6843\u82b1\u6df1\u5ea6\u6e38","trade_no":"2017030321001004630277809508","buyer_email":"13544157160","gmt_create":"2017-03-03 13:46:59","notify_type":"trade_status_sync","quantity":"1","out_trade_no":"LX-17030216300530806-c","seller_id":"2088421286007493","notify_time":"2017-06-02 13:47:53","body":"2017\u5e74\u6797\u829d\u6843\u82b1\u6c9f-\u6ce2\u5bc6\u560e\u6717-\u5357\u8fe6\u5df4\u74e6\u5cf0-\u7136\u4e4c\u6e56-\u7c73\u5806\u51b0\u5ddd\u516b\u65e5\u6e38","trade_status":"TRADE_FINISHED","is_total_fee_adjust":"N","total_fee":"3580.00","gmt_payment":"2017-03-03 13:47:22","seller_email":"2287684289@qq.com","gmt_close":"2017-06-02 13:47:53","price":"3580.00","buyer_id":"2088602340240632","notify_id":"6bd6ae7393e218169d3c18de1a09c8dkv2","use_coupon":"N","sign_type":"MD5","sign":"950edd56bfc8690b56aa1289da74ce8f"}
[2017-06-02 13:47:53][info] 数据存储反馈成功！
[2017-06-02 13:47:53][info] success
[2017-06-02 13:47:53][info] 写入结束!!!
[2017-06-02 15:12:58][info] ----------------------------------------
[2017-06-02 15:12:58][info] {"discount":"0.00","payment_type":"1","subject":"\u96ea\u57df\u6843\u82b1\u6df1\u5ea6\u6e38","trade_no":"2017030321001004090206218852","buyer_email":"15060016501","gmt_create":"2017-03-03 15:12:04","notify_type":"trade_status_sync","quantity":"1","out_trade_no":"LX-17030313454324906-8","seller_id":"2088421286007493","notify_time":"2017-06-02 15:12:57","body":"2017\u5e74\u6797\u829d\u6843\u82b1\u6c9f-\u6ce2\u5bc6\u560e\u6717-\u5357\u8fe6\u5df4\u74e6\u5cf0-\u7136\u4e4c\u6e56-\u7c73\u5806\u51b0\u5ddd\u516b\u65e5\u6e38","trade_status":"TRADE_FINISHED","is_total_fee_adjust":"N","total_fee":"3500.00","gmt_payment":"2017-03-03 15:12:17","seller_email":"2287684289@qq.com","gmt_close":"2017-06-02 15:12:57","price":"3500.00","buyer_id":"2088702152599093","notify_id":"e96fddd29175f6cdb6473d87fa1d0d0gp2","use_coupon":"N","sign_type":"MD5","sign":"09c8e19db80eeea5a7894fc4149b453c"}
[2017-06-02 15:12:58][info] 数据存储反馈成功！
[2017-06-02 15:12:58][info] success
[2017-06-02 15:12:58][info] 写入结束!!!
[2017-06-02 15:16:58][info] ----------------------------------------
[2017-06-02 15:16:58][info] {"discount":"0.00","payment_type":"1","subject":"\u96ea\u57df\u6843\u82b1\u6df1\u5ea6\u6e38","trade_no":"2017030321001004090206241796","buyer_email":"15060016501","gmt_create":"2017-03-03 15:14:01","notify_type":"trade_status_sync","quantity":"1","out_trade_no":"LX-17030314113922406-5","seller_id":"2088421286007493","notify_time":"2017-06-02 15:16:58","body":"2017\u5e74\u6797\u829d\u6843\u82b1\u6c9f-\u6ce2\u5bc6\u560e\u6717-\u5357\u8fe6\u5df4\u74e6\u5cf0-\u7136\u4e4c\u6e56-\u7c73\u5806\u51b0\u5ddd\u516b\u65e5\u6e38","trade_status":"TRADE_FINISHED","is_total_fee_adjust":"N","total_fee":"7000.00","gmt_payment":"2017-03-03 15:16:26","seller_email":"2287684289@qq.com","gmt_close":"2017-06-02 15:16:58","price":"7000.00","buyer_id":"2088702152599093","notify_id":"02a17ca00f0d70fa9489f842a0e0ee7gp2","use_coupon":"N","sign_type":"MD5","sign":"750bb401b49b25128ef521ce274d21f0"}
[2017-06-02 15:16:58][info] 数据存储反馈成功！
[2017-06-02 15:16:58][info] success
[2017-06-02 15:16:58][info] 写入结束!!!
[2017-06-02 19:03:12][info] ----------------------------------------
[2017-06-02 19:03:12][info] {"discount":"0.00","payment_type":"1","subject":"\u7518\u5357\u5168\u666f","trade_no":"2017060221001004130241305403","buyer_email":"karen0073@163.com","gmt_create":"2017-06-02 19:02:55","notify_type":"trade_status_sync","quantity":"1","out_trade_no":"LX-17060215224654406-4","seller_id":"2088421286007493","notify_time":"2017-06-02 19:03:12","body":"2017\u5e74\u72ec\u5bb6  \u516b\u89d2\u57ce-\u624e\u5c15\u90a3-\u82b1\u6e56-\u5e74\u5b9d\u7389\u5219-\u82e5\u5c14\u76d6\u8349\u539f-\u963f\u4e07\u4ed3\u6e7f\u5730-\u90ce\u6728\u5bfa 8\u65e5\u6e38","trade_status":"TRADE_SUCCESS","is_total_fee_adjust":"N","total_fee":"2880.00","gmt_payment":"2017-06-02 19:03:11","seller_email":"2287684289@qq.com","price":"2880.00","buyer_id":"2088002592116130","notify_id":"01c36a694090a8f5c9f3090defc0fa5h06","use_coupon":"N","sign_type":"MD5","sign":"44065d9e81f58625de64f63b7fce163e"}
[2017-06-02 19:03:12][info] 数据存储反馈成功！
[2017-06-02 19:03:12][info] success
[2017-06-02 19:03:12][info] 写入结束!!!
