[2017-07-17 09:41:31][info] ----------------------------------------
[2017-07-17 09:41:31][info] {"discount":"0.00","payment_type":"1","trade_no":"2017071721001004570257796825","subject":"\u8d35\u5dde\u5168\u666f\u6e38","buyer_email":"13906633939","gmt_create":"2017-07-17 09:41:16","notify_type":"trade_status_sync","quantity":"1","out_trade_no":"LX-170717091203101-7","seller_id":"2088421286007493","notify_time":"2017-07-17 09:41:31","body":"\u897f\u6c5f\u5343\u6237\u82d7\u5be8-\u8354\u6ce2-\u9ed4\u4e1c\u5357-\u9547\u8fdc-\u9ec4\u679c\u6811-\u79d8\u5883\u8302\u5170\u6df1\u5ea6\u7eaf\u73a9\u4e5d\u65e5\u6e38","trade_status":"TRADE_SUCCESS","is_total_fee_adjust":"N","total_fee":"5970.00","gmt_payment":"2017-07-17 09:41:31","seller_email":"2287684289@qq.com","price":"5970.00","buyer_id":"2088602991297579","notify_id":"32b0bbf0ba17302b4ed64a6383376f3kee","use_coupon":"N","sign_type":"MD5","sign":"2b4930408b9860218b0f22d3c16d17c6"}
[2017-07-17 09:41:31][info] 数据存储反馈成功！
[2017-07-17 09:41:31][info] success
[2017-07-17 09:41:31][info] 写入结束!!!
[2017-07-17 10:44:03][info] ----------------------------------------
[2017-07-17 10:44:03][info] {"discount":"0.00","payment_type":"1","trade_no":"2017071721001004960268387410","subject":"\u4e1d\u8def\u5dc5\u5cf0\u4f53\u9a8c\u5341\u65e5\u6e38","buyer_email":"greawall@163.com","gmt_create":"2017-07-17 10:43:36","notify_type":"trade_status_sync","quantity":"1","out_trade_no":"LX-17071710310581601-9","seller_id":"2088421286007493","notify_time":"2017-07-17 10:44:03","body":"\u9752\u6d77\u6e56-\u8336\u5361\u76d0\u6e56-\u6c99\u5c9b-\u7941\u8fde-\u5f20\u6396\u4e39\u971e-\u5609\u5cea\u5173-\u6566\u714c\u5341\u65e5\u6e38","trade_status":"TRADE_SUCCESS","is_total_fee_adjust":"N","total_fee":"4280.00","gmt_payment":"2017-07-17 10:44:02","seller_email":"2287684289@qq.com","price":"4280.00","buyer_id":"2088002610255960","notify_id":"46fd693a041c02b4839e3940de0f591neq","use_coupon":"N","sign_type":"MD5","sign":"9829c48cdc7f21f4bacd52f521e8c1cc"}
[2017-07-17 10:44:03][info] 数据存储反馈成功！
[2017-07-17 10:44:03][info] success
[2017-07-17 10:44:03][info] 写入结束!!!
[2017-07-17 11:51:55][info] ----------------------------------------
[2017-07-17 11:51:55][info] {"discount":"0.00","payment_type":"1","trade_no":"2017071721001004940209896010","subject":"\u7518\u5357\u5168\u666f","buyer_email":"13600471463","gmt_create":"2017-07-17 11:49:20","notify_type":"trade_status_sync","quantity":"1","out_trade_no":"LX-17061911504132106-7","seller_id":"2088421286007493","notify_time":"2017-07-17 11:51:55","body":"2017\u5e74\u72ec\u5bb6  \u62c9\u535c\u695e\u5bfa-\u624e\u5c15\u90a3-\u82b1\u6e56-\u5e74\u5b9d\u7389\u5219-\u82e5\u5c14\u76d6\u8349\u539f-\u963f\u4e07\u4ed3\u6e7f\u5730-\u5c15\u6d77\u6e56-\u90ce\u6728\u5bfa 8\u65e5\u6e38","trade_status":"TRADE_SUCCESS","is_total_fee_adjust":"N","total_fee":"6360.00","gmt_payment":"2017-07-17 11:51:55","seller_email":"2287684289@qq.com","price":"6360.00","buyer_id":"2088502807856942","notify_id":"4511b6624be0b5c629091a62eb08abcn96","use_coupon":"N","sign_type":"MD5","sign":"f309bf9f1a5080645740aeeba4b297a1"}
[2017-07-17 11:51:55][info] 数据存储反馈成功！
[2017-07-17 11:51:55][info] success
[2017-07-17 11:51:55][info] 写入结束!!!
[2017-07-17 14:24:43][info] ----------------------------------------
[2017-07-17 14:24:43][info] {"discount":"0.00","payment_type":"1","trade_no":"2017071721001004780206995391","subject":"\u7518\u5357\u5168\u666f","buyer_email":"doris.chai@hotmail.com","gmt_create":"2017-07-17 14:24:16","notify_type":"trade_status_sync","quantity":"1","out_trade_no":"LX-17063011395652801-9","seller_id":"2088421286007493","notify_time":"2017-07-17 14:24:43","body":"2017\u5e74\u72ec\u5bb6  \u62c9\u535c\u695e\u5bfa-\u624e\u5c15\u90a3-\u82b1\u6e56-\u5e74\u5b9d\u7389\u5219-\u82e5\u5c14\u76d6\u8349\u539f-\u963f\u4e07\u4ed3\u6e7f\u5730-\u5c15\u6d77\u6e56-\u90ce\u6728\u5bfa 8\u65e5\u6e38","trade_status":"TRADE_SUCCESS","is_total_fee_adjust":"N","total_fee":"1610.00","gmt_payment":"2017-07-17 14:24:43","seller_email":"2287684289@qq.com","price":"1610.00","buyer_id":"2088002141109783","notify_id":"142907d82e9d8d718530e2b0b65c121m0q","use_coupon":"N","sign_type":"MD5","sign":"19baf32ee066c12bcf962625ab2f2127"}
[2017-07-17 14:24:44][info] 数据存储反馈成功！
[2017-07-17 14:24:44][info] success
[2017-07-17 14:24:44][info] 写入结束!!!
[2017-07-17 15:26:23][info] ----------------------------------------
[2017-07-17 15:26:23][info] {"discount":"0.00","payment_type":"1","trade_no":"2017071721001004150211600949","subject":"\u7518\u5357\u5168\u666f","buyer_email":"136330198@qq.com","gmt_create":"2017-07-17 15:23:02","notify_type":"trade_status_sync","quantity":"1","out_trade_no":"LX-17062215135522401-e","seller_id":"2088421286007493","notify_time":"2017-07-17 15:26:23","body":"2017\u5e74\u72ec\u5bb6  \u62c9\u535c\u695e\u5bfa-\u624e\u5c15\u90a3-\u82b1\u6e56-\u5e74\u5b9d\u7389\u5219-\u82e5\u5c14\u76d6\u8349\u539f-\u963f\u4e07\u4ed3\u6e7f\u5730-\u5c15\u6d77\u6e56-\u90ce\u6728\u5bfa 8\u65e5\u6e38","trade_status":"TRADE_SUCCESS","is_total_fee_adjust":"N","total_fee":"3280.00","gmt_payment":"2017-07-17 15:26:22","seller_email":"2287684289@qq.com","price":"3280.00","buyer_id":"2088702964061155","notify_id":"4f11b9bfb3f570b656d07058324f232h5q","use_coupon":"N","sign_type":"MD5","sign":"e03f2c6bc0d19a1c78e9c1eb106a18c2"}
[2017-07-17 15:26:23][info] 数据存储反馈成功！
[2017-07-17 15:26:23][info] success
[2017-07-17 15:26:23][info] 写入结束!!!
[2017-07-17 15:43:08][info] ----------------------------------------
[2017-07-17 15:43:08][info] {"discount":"0.00","payment_type":"1","trade_no":"2017071721001004260243240779","subject":"\u4e1d\u8def\u5dc5\u5cf0\u4f53\u9a8c\u5341\u65e5\u6e38","buyer_email":"13924191234","gmt_create":"2017-07-17 15:42:03","notify_type":"trade_status_sync","quantity":"1","out_trade_no":"LX-1706161330283806-6","seller_id":"2088421286007493","notify_time":"2017-07-17 15:43:08","body":"\u9752\u6d77\u6e56-\u8336\u5361\u76d0\u6e56-\u6c99\u5c9b-\u7941\u8fde-\u5f20\u6396\u4e39\u971e-\u5609\u5cea\u5173-\u6566\u714c\u5341\u65e5\u6e38","trade_status":"TRADE_SUCCESS","is_total_fee_adjust":"N","total_fee":"10450.00","gmt_payment":"2017-07-17 15:43:08","seller_email":"2287684289@qq.com","price":"10450.00","buyer_id":"2088422306097269","notify_id":"a3b546e3c700ad590b5c4777b2ff0f4i0a","use_coupon":"N","sign_type":"MD5","sign":"d84330186f6870a028c330c11094724e"}
[2017-07-17 15:43:08][info] 数据存储反馈成功！
[2017-07-17 15:43:08][info] success
[2017-07-17 15:43:08][info] 写入结束!!!
[2017-07-17 19:18:40][info] ----------------------------------------
[2017-07-17 19:18:40][info] {"discount":"0.00","payment_type":"1","trade_no":"2017071721001004470240172529","subject":"\u4e1d\u8def\u5dc5\u5cf0\u4f53\u9a8c\u4e5d\u65e5\u6e38B\u7ebf","buyer_email":"15109253621","gmt_create":"2017-07-17 19:18:29","notify_type":"trade_status_sync","quantity":"1","out_trade_no":"LX-17071711404182206-e","seller_id":"2088421286007493","notify_time":"2017-07-17 19:18:40","body":"\u9752\u6d77\u6e56-\u8336\u5361\u76d0\u6e56-\u9e23\u6c99\u5c71\u6708\u7259\u6cc9-\u83ab\u9ad8\u7a9f-\u96c5\u4e39\u9b54\u9b3c\u57ce-\u5609\u5cea\u5173-\u5f20\u6396\u4e39\u971e-\u9a6c\u8e44\u5bfa-\u5353\u5c14\u5c71\u8f7b\u5962\u52a8\u8f669\u65e5\u6e38","trade_status":"TRADE_SUCCESS","is_total_fee_adjust":"N","total_fee":"4080.00","gmt_payment":"2017-07-17 19:18:40","seller_email":"2287684289@qq.com","price":"4080.00","buyer_id":"2088812830847470","notify_id":"cfc843d32961ede06e7e3be2b0b20f7jmm","use_coupon":"N","sign_type":"MD5","sign":"45ff768d2ff081d1d1ad4fb17aeb16ee"}
[2017-07-17 19:18:41][info] 数据存储反馈成功！
[2017-07-17 19:18:41][info] success
[2017-07-17 19:18:41][info] 写入结束!!!
[2017-07-17 19:20:11][info] ----------------------------------------
[2017-07-17 19:20:11][info] {"discount":"0.00","payment_type":"1","trade_no":"2017071721001004270233685873","subject":"\u7518\u5357\u5168\u666f","buyer_email":"joan_5945@126.com","gmt_create":"2017-07-17 19:19:59","notify_type":"trade_status_sync","quantity":"1","out_trade_no":"LX-17071718482518106-5","seller_id":"2088421286007493","notify_time":"2017-07-17 19:20:11","body":"2017\u5e74\u72ec\u5bb6  \u62c9\u535c\u695e\u5bfa-\u624e\u5c15\u90a3-\u82b1\u6e56-\u5e74\u5b9d\u7389\u5219-\u82e5\u5c14\u76d6\u8349\u539f-\u963f\u4e07\u4ed3\u6e7f\u5730-\u5c15\u6d77\u6e56-\u90ce\u6728\u5bfa 8\u65e5\u6e38","trade_status":"TRADE_SUCCESS","is_total_fee_adjust":"N","total_fee":"3280.00","gmt_payment":"2017-07-17 19:20:10","seller_email":"2287684289@qq.com","price":"3280.00","buyer_id":"2088002472605277","notify_id":"06d479f0dbda56f208cf4faaeb153e6i32","use_coupon":"N","sign_type":"MD5","sign":"528dd1c34bce05bae1a084aa19fc9d38"}
[2017-07-17 19:20:11][info] 数据存储反馈成功！
[2017-07-17 19:20:11][info] success
[2017-07-17 19:20:11][info] 写入结束!!!
[2017-07-17 20:05:06][info] ----------------------------------------
[2017-07-17 20:05:06][info] {"discount":"0.00","payment_type":"1","trade_no":"2017071721001004610214356181","subject":"\u4e1d\u8def\u5dc5\u5cf0\u4f53\u9a8c\u4e5d\u65e5\u6e38B\u7ebf","buyer_email":"wying8668@126.com","gmt_create":"2017-07-17 20:04:49","notify_type":"trade_status_sync","quantity":"1","out_trade_no":"LX-17061813301092406-e","seller_id":"2088421286007493","notify_time":"2017-07-17 20:05:05","body":"\u9752\u6d77\u6e56-\u8336\u5361\u76d0\u6e56-\u9e23\u6c99\u5c71\u6708\u7259\u6cc9-\u83ab\u9ad8\u7a9f-\u96c5\u4e39\u9b54\u9b3c\u57ce-\u5609\u5cea\u5173-\u5f20\u6396\u4e39\u971e-\u9a6c\u8e44\u5bfa-\u5353\u5c14\u5c71\u8f7b\u5962\u52a8\u8f669\u65e5\u6e38","trade_status":"TRADE_SUCCESS","is_total_fee_adjust":"N","total_fee":"2295.00","gmt_payment":"2017-07-17 20:05:05","seller_email":"2287684289@qq.com","price":"2295.00","buyer_id":"2088812017290613","notify_id":"019217b8e65a25787aa89cafb401da8kpi","use_coupon":"N","sign_type":"MD5","sign":"a35faeb440b6f02457c206deb2c82750"}
[2017-07-17 20:05:06][info] 数据存储反馈成功！
[2017-07-17 20:05:06][info] success
[2017-07-17 20:05:06][info] 写入结束!!!
[2017-07-17 20:54:56][info] ----------------------------------------
[2017-07-17 20:54:56][info] {"discount":"0.00","payment_type":"1","trade_no":"2017071721001004350221216491","subject":"\u5fc3\u82b1\u8def\u653e","buyer_email":"fang595@126.com","gmt_create":"2017-07-17 20:54:46","notify_type":"trade_status_sync","quantity":"1","out_trade_no":"LX-17071720242429106-b","seller_id":"2088421286007493","notify_time":"2017-07-17 20:54:56","body":"\u5927\u7406\u53cc\u5eca\u3001\u6c99\u6eaa\u53e4\u9547\u3001\u4e3d\u6c5f\u53e4\u57ce\u3001\u9999\u683c\u91cc\u62c9\u3001\u6cf8\u6cbd\u6e567\u65e5\u6ec7\u897f\u5317\u5168\u666f\u6df1\u5ea6\u6e38","trade_status":"TRADE_SUCCESS","is_total_fee_adjust":"N","total_fee":"4380.00","gmt_payment":"2017-07-17 20:54:55","seller_email":"2287684289@qq.com","price":"4380.00","buyer_id":"2088102568759357","notify_id":"97284d2065c0de6b6a11e765c32605cipa","use_coupon":"N","sign_type":"MD5","sign":"0e095103b4e5505cfa9fc7a35533c7bb"}
[2017-07-17 20:54:56][info] 数据存储反馈成功！
[2017-07-17 20:54:56][info] success
[2017-07-17 20:54:56][info] 写入结束!!!
[2017-07-17 21:14:41][info] ----------------------------------------
[2017-07-17 21:14:41][info] {"discount":"0.00","payment_type":"1","trade_no":"2017071721001004530247586774","subject":"\u4e1d\u7ef8\u4e4b\u8def\u5168\u666f\u6e389\u65e5","buyer_email":"13691115759","gmt_create":"2017-07-17 21:14:14","notify_type":"trade_status_sync","quantity":"1","out_trade_no":"LX-17071720392979406-d","seller_id":"2088421286007493","notify_time":"2017-07-17 21:14:41","body":"\u72ec\u5bb6\u6c34\u4e0a\u9b54\u9b3c\u57ce-\u65e0\u4eba\u533a\u539f\u751f\u6001\u96c5\u4e39\u63a2\u79d8-\u9752\u6d77\u6e56-\u8336\u5361\u76d0\u6e56-\u83ab\u9ad8\u7a9f-\u9e23\u6c99\u5c71\u6708\u7259\u6cc9-\u5f20\u6396\u4e39\u971e-\u5353\u5c14\u5c719\u65e5\u6e38","trade_status":"TRADE_SUCCESS","is_total_fee_adjust":"N","total_fee":"4770.00","gmt_payment":"2017-07-17 21:14:41","seller_email":"2287684289@qq.com","price":"4770.00","buyer_id":"2088802519024535","notify_id":"64e37570dab3d7b1add7946a6cfd1cek3a","use_coupon":"N","sign_type":"MD5","sign":"30389eae10b205d5100a91e7833351de"}
[2017-07-17 21:14:41][info] 数据存储反馈成功！
[2017-07-17 21:14:41][info] success
[2017-07-17 21:14:41][info] 写入结束!!!
[2017-07-17 23:49:10][info] ----------------------------------------
[2017-07-17 23:49:10][info] {"discount":"0.00","payment_type":"1","trade_no":"2017071721001004230217123675","subject":"\u7518\u5357\u5168\u666f","buyer_email":"13661666029","gmt_create":"2017-07-17 23:48:25","notify_type":"trade_status_sync","quantity":"1","out_trade_no":"LX-17070423570018701-9","seller_id":"2088421286007493","notify_time":"2017-07-17 23:49:10","body":"2017\u5e74\u72ec\u5bb6  \u62c9\u535c\u695e\u5bfa-\u624e\u5c15\u90a3-\u82b1\u6e56-\u5e74\u5b9d\u7389\u5219-\u82e5\u5c14\u76d6\u8349\u539f-\u963f\u4e07\u4ed3\u6e7f\u5730-\u5c15\u6d77\u6e56-\u90ce\u6728\u5bfa 8\u65e5\u6e38","trade_status":"TRADE_SUCCESS","is_total_fee_adjust":"N","total_fee":"3280.00","gmt_payment":"2017-07-17 23:49:09","seller_email":"2287684289@qq.com","price":"3280.00","buyer_id":"2088502859693232","notify_id":"842e1548f1cc6e4e83a8825a34b239fhry","use_coupon":"N","sign_type":"MD5","sign":"77b2f7077e88893b4d71768bada2d1b8"}
[2017-07-17 23:49:10][info] 数据存储反馈成功！
[2017-07-17 23:49:10][info] success
[2017-07-17 23:49:10][info] 写入结束!!!
