[2017-08-23 08:51:34][info] ----------------------------------------
[2017-08-23 08:51:34][info] {"discount":"0.00","payment_type":"1","trade_no":"2017082321001004330510565808","subject":"\u4e1d\u7ef8\u4e4b\u8def\u5168\u666f\u6e389\u65e5","buyer_email":"13901599266","gmt_create":"2017-08-23 08:51:25","notify_type":"trade_status_sync","quantity":"1","out_trade_no":"LX-17080810532177606-e","seller_id":"2088421286007493","notify_time":"2017-08-23 08:51:34","body":"\u72ec\u5bb6\u6c34\u4e0a\u9b54\u9b3c\u57ce-\u65e0\u4eba\u533a\u539f\u751f\u6001\u96c5\u4e39\u63a2\u79d8-\u9752\u6d77\u6e56-\u8336\u5361\u76d0\u6e56-\u83ab\u9ad8\u7a9f-\u9e23\u6c99\u5c71\u6708\u7259\u6cc9-\u5f20\u6396\u4e39\u971e-\u5353\u5c14\u5c719\u65e5\u6e38","trade_status":"TRADE_SUCCESS","is_total_fee_adjust":"N","total_fee":"7560.00","gmt_payment":"2017-08-23 08:51:33","seller_email":"2287684289@qq.com","price":"7560.00","buyer_id":"2088802050824333","notify_id":"bf5d72ae05494748fc3a2ee1508750bijt","use_coupon":"N","sign_type":"MD5","sign":"339e1ebeda68bf70fb35b3374a703379"}
[2017-08-23 08:51:34][info] 数据存储反馈成功！
[2017-08-23 08:51:34][info] success
[2017-08-23 08:51:34][info] 写入结束!!!
[2017-08-23 09:36:35][info] ----------------------------------------
[2017-08-23 09:36:35][info] {"discount":"0.00","payment_type":"1","trade_no":"2017082321001004410511041803","subject":"\u65b0\u7586\u91d1\u79cb\u5927\u73af\u7ebf","buyer_email":"18975124835","gmt_create":"2017-08-23 09:36:04","notify_type":"trade_status_sync","quantity":"1","out_trade_no":"LX-17082118490659706-6","seller_id":"2088421286007493","notify_time":"2017-08-23 09:36:35","body":"\u5580\u7eb3\u65af-\u79be\u6728-\u767d\u54c8\u5df4-\u8d5b\u91cc\u6728\u6e56-\u5df4\u97f3\u5e03\u9c81\u514b-\u5410\u9c81\u756a-\u5854\u91cc\u6728\u6cb3\u80e1\u6768\u679712\u65e5\u6df1\u5ea6\u6e38","trade_status":"TRADE_SUCCESS","is_total_fee_adjust":"N","total_fee":"5780.00","gmt_payment":"2017-08-23 09:36:34","seller_email":"2287684289@qq.com","price":"5780.00","buyer_id":"2088812780501417","notify_id":"0146b22f019071c81af69d5b37f94f6j61","use_coupon":"N","sign_type":"MD5","sign":"a4ceb0acf40765ea3fd3d8332b45bf00"}
[2017-08-23 09:36:35][info] 数据存储反馈成功！
[2017-08-23 09:36:35][info] success
[2017-08-23 09:36:35][info] 写入结束!!!
[2017-08-23 10:09:33][info] ----------------------------------------
[2017-08-23 10:09:33][info] {"discount":"0.00","payment_type":"1","trade_no":"2017082321001004480510684665","subject":"\u65b0\u7586\u91d1\u79cb\u5927\u73af\u7ebf","buyer_email":"caizhaosheng2006@126.com","gmt_create":"2017-08-23 10:09:20","notify_type":"trade_status_sync","quantity":"1","out_trade_no":"LX-17082309542377601-4","seller_id":"2088421286007493","notify_time":"2017-08-23 10:09:33","body":"\u5580\u7eb3\u65af-\u79be\u6728-\u767d\u54c8\u5df4-\u8d5b\u91cc\u6728\u6e56-\u5df4\u97f3\u5e03\u9c81\u514b-\u5410\u9c81\u756a-\u5854\u91cc\u6728\u6cb3\u80e1\u6768\u679712\u65e5\u6df1\u5ea6\u6e38","trade_status":"TRADE_SUCCESS","is_total_fee_adjust":"N","total_fee":"5980.00","gmt_payment":"2017-08-23 10:09:33","seller_email":"2287684289@qq.com","price":"5980.00","buyer_id":"2088002946183483","notify_id":"bdf4304cf4c4d56a4282c96d8fb2488jph","use_coupon":"N","sign_type":"MD5","sign":"324a25b0d158c4e6164dfc32e1f2b0b6"}
[2017-08-23 10:09:33][info] 数据存储反馈成功！
[2017-08-23 10:09:33][info] success
[2017-08-23 10:09:33][info] 写入结束!!!
[2017-08-23 10:16:58][info] ----------------------------------------
[2017-08-23 10:16:58][info] {"discount":"0.00","payment_type":"1","trade_no":"2017052221001004880263861492","subject":"\u7518\u5357\u5168\u666f","buyer_email":"shinertech@163.com","gmt_create":"2017-05-22 10:15:55","notify_type":"trade_status_sync","quantity":"1","out_trade_no":"LX-17051720595742801-c","seller_id":"2088421286007493","notify_time":"2017-08-23 10:16:57","body":"2017\u5e74\u72ec\u5bb6  \u516b\u89d2\u57ce-\u624e\u5c15\u90a3-\u82b1\u6e56-\u5e74\u5b9d\u7389\u5219-\u82e5\u5c14\u76d6\u8349\u539f-\u963f\u4e07\u4ed3\u6e7f\u5730-\u90ce\u6728\u5bfa 8\u65e5\u6e38","trade_status":"TRADE_FINISHED","is_total_fee_adjust":"N","total_fee":"12800.00","gmt_payment":"2017-05-22 10:16:50","seller_email":"2287684289@qq.com","gmt_close":"2017-08-23 10:16:57","price":"12800.00","buyer_id":"2088002295493880","notify_id":"2c42912ae1fc9939c11c6668e96007cmsi","use_coupon":"N","sign_type":"MD5","sign":"975f5d2da3e3c3c3c1d4ea57228d4e20"}
[2017-08-23 10:16:58][info] 数据存储反馈成功！
[2017-08-23 10:16:58][info] success
[2017-08-23 10:16:58][info] 写入结束!!!
[2017-08-23 13:18:08][info] ----------------------------------------
[2017-08-23 13:18:08][info] {"discount":"0.00","payment_type":"1","trade_no":"2017082321001004560502353294","subject":"\u82b1\u5f00\u97ed\u83dc\u576a","buyer_email":"15002951620","gmt_create":"2017-08-23 13:17:30","notify_type":"trade_status_sync","quantity":"1","out_trade_no":"LX-17082312011935906-3","seller_id":"2088421286007493","notify_time":"2017-08-23 13:18:08","body":"\u97ed\u83dc\u576a-\u7ec7\u91d1\u6d1e-\u9ad8\u8361\u5e03\u8863\u53e4\u5be85\u65e5\u6e38","trade_status":"TRADE_SUCCESS","is_total_fee_adjust":"N","total_fee":"1140.00","gmt_payment":"2017-08-23 13:18:08","seller_email":"2287684289@qq.com","price":"1140.00","buyer_id":"2088602040472560","notify_id":"d67423590972b1b8c826e2c1336c804kbp","use_coupon":"N","sign_type":"MD5","sign":"9fa9725c506c1b9f342874c888aab518"}
[2017-08-23 13:18:09][info] 数据存储反馈成功！
[2017-08-23 13:18:09][info] success
[2017-08-23 13:18:09][info] 写入结束!!!
[2017-08-23 13:54:45][info] ----------------------------------------
[2017-08-23 13:54:45][info] {"discount":"0.00","payment_type":"1","trade_no":"2017082321001004040516583189","subject":"\u82b1\u5f00\u97ed\u83dc\u576a","buyer_email":"15905199114","gmt_create":"2017-08-23 13:49:40","notify_type":"trade_status_sync","quantity":"1","out_trade_no":"LX-17082310372212206-4","seller_id":"2088421286007493","notify_time":"2017-08-23 13:54:45","body":"\u97ed\u83dc\u576a-\u7ec7\u91d1\u6d1e-\u9ad8\u8361\u5e03\u8863\u53e4\u5be85\u65e5\u6e38","trade_status":"TRADE_SUCCESS","is_total_fee_adjust":"N","total_fee":"6840.00","gmt_payment":"2017-08-23 13:54:45","seller_email":"2287684289@qq.com","price":"6840.00","buyer_id":"2088122585896048","notify_id":"c4cf1440020cf5ca0ffa9d0d320f308gb9","use_coupon":"N","sign_type":"MD5","sign":"c04b17d5fa32a236a756697c1e01ddcb"}
[2017-08-23 13:54:45][info] 数据存储反馈成功！
[2017-08-23 13:54:45][info] success
[2017-08-23 13:54:45][info] 写入结束!!!
[2017-08-23 14:17:04][info] ----------------------------------------
[2017-08-23 14:17:04][info] {"discount":"0.00","payment_type":"1","trade_no":"2017082321001004910245595736","subject":"\u5317\u7586\u91d1\u79cb\u7ecf\u5178\u73af\u7ebf","buyer_email":"jurgenliu@126.com","gmt_create":"2017-08-23 14:16:51","notify_type":"trade_status_sync","quantity":"1","out_trade_no":"LX-17082313574966001-4","seller_id":"2088421286007493","notify_time":"2017-08-23 14:17:04","body":"\u5580\u7eb3\u65af-\u767d\u54c8\u5df4-\u79be\u6728-\u4e94\u5f69\u6ee9-\u9b54\u9b3c\u57ce-\u53ef\u53ef\u6258\u6d77 9\u65e5\u6df1\u5ea6\u6e38","trade_status":"TRADE_SUCCESS","is_total_fee_adjust":"N","total_fee":"9960.00","gmt_payment":"2017-08-23 14:17:04","seller_email":"2287684289@qq.com","price":"9960.00","buyer_id":"2088102217923915","notify_id":"8d8e2dfe98fb9cf376d293f895f7bbbn0u","use_coupon":"N","sign_type":"MD5","sign":"68d72157d08ee1af8e3b98ad43a65b13"}
[2017-08-23 14:17:04][info] 数据存储反馈成功！
[2017-08-23 14:17:04][info] success
[2017-08-23 14:17:04][info] 写入结束!!!
[2017-08-23 15:20:58][info] ----------------------------------------
[2017-08-23 15:20:58][info] {"discount":"0.00","payment_type":"1","trade_no":"2017052221001004710257846739","subject":"\u8d35\u5dde\u5168\u666f\u6e38","buyer_email":"shanling007@sohu.com","gmt_create":"2017-05-22 15:19:37","notify_type":"trade_status_sync","quantity":"1","out_trade_no":"LX-17050815065969506-6","seller_id":"2088421286007493","notify_time":"2017-08-23 15:20:58","body":"\u79d8\u5883\u8302\u5170-\u8354\u6ce2-\u9ed4\u4e1c\u5357-\u9547\u8fdc-\u897f\u6c5f\u82d7\u5be8-\u9ec4\u679c\u6811\u6df1\u5ea6\u7eaf\u73a9\u4e5d\u65e5\u6e38","trade_status":"TRADE_FINISHED","is_total_fee_adjust":"N","total_fee":"8560.00","gmt_payment":"2017-05-22 15:20:04","seller_email":"2287684289@qq.com","gmt_close":"2017-08-23 15:20:58","price":"8560.00","buyer_id":"2088002805862717","notify_id":"e756b0b5b6657574085e41d3b38a953lha","use_coupon":"N","sign_type":"MD5","sign":"77ba5810b49e54bf4b86a6bfc3807c39"}
[2017-08-23 15:20:58][info] 数据存储反馈成功！
[2017-08-23 15:20:58][info] success
[2017-08-23 15:20:58][info] 写入结束!!!
[2017-08-23 16:22:23][info] ----------------------------------------
[2017-08-23 16:22:23][info] {"discount":"0.00","payment_type":"1","trade_no":"2017082321001004110519932800","subject":"\u989d\u6d4e\u7eb3\u6444\u5f71A","buyer_email":"liujun_py@126.com","gmt_create":"2017-08-23 16:22:09","notify_type":"trade_status_sync","quantity":"1","out_trade_no":"LX-17081813360314701-c","seller_id":"2088421286007493","notify_time":"2017-08-23 16:22:23","body":"\u4ed9\u7c73\u5f69\u6797-\u989d\u6d4e\u7eb3\u80e1\u6768\u6797-\u5f20\u6396\u4e39\u971e-\u91d1\u5854\u80e1\u6768\u6797-\u9ed1\u6c34\u57ce-\u5c45\u5ef6\u6d77-\u5609\u5cea\u5173\u52a8\u8f66\u8fd4\u7a0b7\u65e5\u6e38","trade_status":"TRADE_SUCCESS","is_total_fee_adjust":"N","total_fee":"3780.00","gmt_payment":"2017-08-23 16:22:23","seller_email":"2287684289@qq.com","price":"3780.00","buyer_id":"2088002400540115","notify_id":"22991d5ccaab2c05bd893ed38a66f6cgup","use_coupon":"N","sign_type":"MD5","sign":"5ccfe2a974191ac79f95849857b21cfe"}
[2017-08-23 16:22:24][info] 数据存储反馈成功！
[2017-08-23 16:22:24][info] success
[2017-08-23 16:22:24][info] 写入结束!!!
[2017-08-23 17:04:59][info] ----------------------------------------
[2017-08-23 17:04:59][info] {"discount":"0.00","payment_type":"1","trade_no":"2017082321001004290511567249","subject":"\u989d\u6d4e\u7eb3\u6444\u5f71B\u7ebf","buyer_email":"767208626@qq.com","gmt_create":"2017-08-23 17:04:39","notify_type":"trade_status_sync","quantity":"1","out_trade_no":"LX-17082122435493501-f","seller_id":"2088421286007493","notify_time":"2017-08-23 17:04:59","body":"\u989d\u6d4e\u7eb3\u80e1\u6768\u6797-\u5df4\u4e39\u5409\u6797\u8179\u5730-\u91d1\u5854\u80e1\u6768\u6797-\u602a\u6811\u6797-\u516b\u65e5","trade_status":"TRADE_SUCCESS","is_total_fee_adjust":"N","total_fee":"4980.00","gmt_payment":"2017-08-23 17:04:59","seller_email":"2287684289@qq.com","price":"4980.00","buyer_id":"2088802687159297","notify_id":"c315bd6d75d75e8a5506ddad9b3c503i8p","use_coupon":"N","sign_type":"MD5","sign":"243ac9188ea3789d724e54ea85c37958"}
[2017-08-23 17:04:59][info] 数据存储反馈成功！
[2017-08-23 17:04:59][info] success
[2017-08-23 17:04:59][info] 写入结束!!!
[2017-08-23 19:31:30][info] ----------------------------------------
[2017-08-23 19:31:30][info] {"discount":"0.00","payment_type":"1","trade_no":"2017082321001004190517286582","subject":"\u82b1\u5f00\u97ed\u83dc\u576a","buyer_email":"13979799718","gmt_create":"2017-08-23 19:31:16","notify_type":"trade_status_sync","quantity":"1","out_trade_no":"LX-17082319134753101-0","seller_id":"2088421286007493","notify_time":"2017-08-23 19:31:30","body":"\u97ed\u83dc\u576a-\u7ec7\u91d1\u6d1e-\u9ad8\u8361\u5e03\u8863\u53e4\u5be85\u65e5\u6e38","trade_status":"TRADE_SUCCESS","is_total_fee_adjust":"N","total_fee":"4560.00","gmt_payment":"2017-08-23 19:31:30","seller_email":"2287684289@qq.com","price":"4560.00","buyer_id":"2088402110126199","notify_id":"ccfdbdf05b3e3cf4a9baf8715c111d3hgx","use_coupon":"N","sign_type":"MD5","sign":"fb207eb30b951d54783581c53b06dbcd"}
[2017-08-23 19:31:31][info] 数据存储反馈成功！
[2017-08-23 19:31:31][info] success
[2017-08-23 19:31:31][info] 写入结束!!!
[2017-08-23 22:18:07][info] ----------------------------------------
[2017-08-23 22:18:07][info] {"discount":"0.00","payment_type":"1","trade_no":"2017082321001004310512086364","subject":"\u5317\u7586\u91d1\u79cb\u7ecf\u5178\u73af\u7ebf","buyer_email":"13709208031","gmt_create":"2017-08-23 22:17:31","notify_type":"trade_status_sync","quantity":"1","out_trade_no":"LX-1708182114078306-5","seller_id":"2088421286007493","notify_time":"2017-08-23 22:18:07","body":"\u5580\u7eb3\u65af-\u767d\u54c8\u5df4-\u79be\u6728-\u4e94\u5f69\u6ee9-\u9b54\u9b3c\u57ce-\u53ef\u53ef\u6258\u6d77 9\u65e5\u6df1\u5ea6\u6e38","trade_status":"TRADE_SUCCESS","is_total_fee_adjust":"N","total_fee":"2440.00","gmt_payment":"2017-08-23 22:18:07","seller_email":"2287684289@qq.com","price":"2440.00","buyer_id":"2088222992359315","notify_id":"50d64bb769c8b18d41917786708defaie9","use_coupon":"N","sign_type":"MD5","sign":"2898c71c551a57e991fd4cc1f20fd04e"}
[2017-08-23 22:18:08][info] 数据存储反馈成功！
[2017-08-23 22:18:08][info] success
[2017-08-23 22:18:08][info] 写入结束!!!
[2017-08-23 23:25:55][info] ----------------------------------------
[2017-08-23 23:25:55][info] {"discount":"0.00","payment_type":"1","trade_no":"2017082321001004020527037811","subject":"\u989d\u6d4e\u7eb3\u6700\u7f8e\u9ad8\u94c1\u56e2","buyer_email":"49468304@qq.com","gmt_create":"2017-08-23 23:25:49","notify_type":"trade_status_sync","quantity":"1","out_trade_no":"LX-17082314240551006-7","seller_id":"2088421286007493","notify_time":"2017-08-23 23:25:55","body":"2017\u989d\u6d4e\u7eb3\u65d7\u80e1\u6768\u6797\u516d\u65e5\u6e38-\u9886\u8896\u6237\u5916\u72ec\u5bb6\u9996\u521b","trade_status":"TRADE_SUCCESS","is_total_fee_adjust":"N","total_fee":"3422.00","gmt_payment":"2017-08-23 23:25:55","seller_email":"2287684289@qq.com","price":"3422.00","buyer_id":"2088002741910028","notify_id":"bafd9369cea7a0517f182a325bcd827g5p","use_coupon":"N","sign_type":"MD5","sign":"d3f1a883a525d8af790958a774342adc"}
[2017-08-23 23:25:56][info] 数据存储反馈成功！
[2017-08-23 23:25:56][info] success
[2017-08-23 23:25:56][info] 写入结束!!!
