[2017-09-27 09:11:15][info] ----------------------------------------
[2017-09-27 09:11:15][info] {"discount":"0.00","payment_type":"1","trade_no":"2017092721001004460515201149","subject":"\u989d\u6d4e\u7eb3\u6444\u5f71A","buyer_email":"1349994005@qq.com","gmt_create":"2017-09-27 09:11:08","notify_type":"trade_status_sync","quantity":"1","out_trade_no":"LX-17090710205585701-c","seller_id":"2088421286007493","notify_time":"2017-09-27 09:11:15","body":"\u4ed9\u7c73\u5f69\u6797-\u989d\u6d4e\u7eb3\u80e1\u6768\u6797-\u5f20\u6396\u4e39\u971e-\u91d1\u5854\u80e1\u6768\u6797-\u9ed1\u6c34\u57ce-\u5c45\u5ef6\u6d77-\u5609\u5cea\u5173\u52a8\u8f66\u8fd4\u7a0b7\u65e5\u6e38","trade_status":"TRADE_SUCCESS","is_total_fee_adjust":"N","total_fee":"4153.00","gmt_payment":"2017-09-27 09:11:15","seller_email":"2287684289@qq.com","price":"4153.00","buyer_id":"2088902974259465","notify_id":"39273d27b76a2cdeee3f5ef90fc349ejjx","use_coupon":"N","sign_type":"MD5","sign":"cf0896c4cb32b4d7f6ec80ad0626977a"}
[2017-09-27 09:11:16][info] 数据存储反馈成功！
[2017-09-27 09:11:16][info] success
[2017-09-27 09:11:16][info] 写入结束!!!
[2017-09-27 09:19:57][info] ----------------------------------------
[2017-09-27 09:19:57][info] {"discount":"0.00","payment_type":"1","trade_no":"2017062621001004690245502936","subject":"\u65b0\u7586\u5168\u666f","buyer_email":"18923186139","gmt_create":"2017-06-26 08:49:44","notify_type":"trade_status_sync","quantity":"1","out_trade_no":"LX-17061308411894101-3","seller_id":"2088421286007493","notify_time":"2017-09-27 09:19:57","body":"\u6c5f\u5e03\u62c9\u514b-\u4e94\u5f69\u6ee9-\u5580\u7eb3\u65af-\u79be\u6728-\u8d5b\u91cc\u6728\u6e56-\u85b0\u8863\u8349\u519c\u573a-\u5580\u62c9\u5cfb-\u90a3\u62c9\u63d0-\u5df4\u97f3\u5e03\u9c81\u514b-\u5410\u9c81\u756a13\u65e5\u6e38","trade_status":"TRADE_FINISHED","is_total_fee_adjust":"N","total_fee":"10600.00","gmt_payment":"2017-06-26 09:19:41","seller_email":"2287684289@qq.com","gmt_close":"2017-09-27 09:19:57","price":"10600.00","buyer_id":"2088122565405691","notify_id":"d3e44be8e2babfbec6470bea307d9b0lbq","use_coupon":"N","sign_type":"MD5","sign":"e83bae883ef59cbf6c130bceca9f2554"}
[2017-09-27 09:19:57][info] 数据存储反馈成功！
[2017-09-27 09:19:57][info] success
[2017-09-27 09:19:57][info] 写入结束!!!
[2017-09-27 09:22:00][info] ----------------------------------------
[2017-09-27 09:22:00][info] {"discount":"0.00","payment_type":"1","trade_no":"2017062621001004090286243097","subject":"\u7518\u5357\u5168\u666f","buyer_email":"13621261766","gmt_create":"2017-06-26 09:20:56","notify_type":"trade_status_sync","quantity":"1","out_trade_no":"LX-17062521281411201-9","seller_id":"2088421286007493","notify_time":"2017-09-27 09:22:00","body":"2017\u5e74\u72ec\u5bb6  \u516b\u89d2\u57ce-\u624e\u5c15\u90a3-\u82b1\u6e56-\u5e74\u5b9d\u7389\u5219-\u82e5\u5c14\u76d6\u8349\u539f-\u963f\u4e07\u4ed3\u6e7f\u5730-\u90ce\u6728\u5bfa 8\u65e5\u6e38","trade_status":"TRADE_FINISHED","is_total_fee_adjust":"N","total_fee":"6560.00","gmt_payment":"2017-06-26 09:21:11","seller_email":"2287684289@qq.com","gmt_close":"2017-09-27 09:21:59","price":"6560.00","buyer_id":"2088222647302093","notify_id":"29bd5c5d2d1356ce700740e03c92df1gp2","use_coupon":"N","sign_type":"MD5","sign":"2947af494fbbe0ba371aef8ace421918"}
[2017-09-27 09:22:00][info] 数据存储反馈成功！
[2017-09-27 09:22:00][info] success
[2017-09-27 09:22:00][info] 写入结束!!!
[2017-09-27 10:14:34][info] ----------------------------------------
[2017-09-27 10:14:34][info] {"discount":"0.00","payment_type":"1","trade_no":"2017092721001004540506531832","subject":"\u989d\u6d4e\u7eb3\u6444\u5f71B\u7ebf","buyer_email":"13790003032","gmt_create":"2017-09-27 10:14:17","notify_type":"trade_status_sync","quantity":"1","out_trade_no":"LX-17092622173254801-6","seller_id":"2088421286007493","notify_time":"2017-09-27 10:14:34","body":"\u989d\u6d4e\u7eb3\u80e1\u6768\u6797-\u5df4\u4e39\u5409\u6797\u8179\u5730-\u91d1\u5854\u80e1\u6768\u6797-\u602a\u6811\u6797-\u516b\u65e5","trade_status":"TRADE_SUCCESS","is_total_fee_adjust":"N","total_fee":"2490.00","gmt_payment":"2017-09-27 10:14:34","seller_email":"2287684289@qq.com","price":"2490.00","buyer_id":"2088602351217544","notify_id":"1143860e75f96a7598901a5fb295a5ak65","use_coupon":"N","sign_type":"MD5","sign":"28ce41add149dd957787051f6c6ef607"}
[2017-09-27 10:14:35][info] 数据存储反馈成功！
[2017-09-27 10:14:35][info] success
[2017-09-27 10:14:35][info] 写入结束!!!
[2017-09-27 11:21:47][info] ----------------------------------------
[2017-09-27 11:21:47][info] {"discount":"0.00","payment_type":"1","trade_no":"2017092721001004970278290234","subject":"\u7a3b\u57ce\u91d1\u79cb","buyer_email":"18539928865","gmt_create":"2017-09-27 11:21:36","notify_type":"trade_status_sync","quantity":"1","out_trade_no":"LX-17080311561613401-8","seller_id":"2088421286007493","notify_time":"2017-09-27 11:21:47","body":"\u7a3b\u57ce\u4e9a\u4e01-\u65b0\u90fd\u6865-\u4e39\u5df4-\u56db\u59d1\u5a18\u5c71\u4e5d\u65e5\u6df1\u5ea6\u6e38","trade_status":"TRADE_SUCCESS","is_total_fee_adjust":"N","total_fee":"1940.00","gmt_payment":"2017-09-27 11:21:46","seller_email":"2287684289@qq.com","price":"1940.00","buyer_id":"2088802685615975","notify_id":"2569ebd3a6163c0a50bc1b27a5c4827nhi","use_coupon":"N","sign_type":"MD5","sign":"8c4001e12694f48e0cd05461cda0d740"}
[2017-09-27 11:21:47][info] 数据存储反馈成功！
[2017-09-27 11:21:47][info] success
[2017-09-27 11:21:47][info] 写入结束!!!
[2017-09-27 11:33:10][info] ----------------------------------------
[2017-09-27 11:33:10][info] {"discount":"0.00","payment_type":"1","trade_no":"2017092721001004630257157710","subject":"\u8eba\u7740\u53bb\u8d4f\u79cb","buyer_email":"651497491@qq.com","gmt_create":"2017-09-27 11:32:57","notify_type":"trade_status_sync","quantity":"1","out_trade_no":"LX-17092710244073001-e","seller_id":"2088421286007493","notify_time":"2017-09-27 11:33:10","body":"2017\u5e74\u989d\u6d4e\u7eb3\u65d7\u80e1\u6768\u67976\u65e5 \u897f\u5b89\u51fa\u53d1 \u53cc\u5367\u706b\u8f66\u56e2","trade_status":"TRADE_SUCCESS","is_total_fee_adjust":"N","total_fee":"6180.00","gmt_payment":"2017-09-27 11:33:10","seller_email":"2287684289@qq.com","price":"6180.00","buyer_id":"2088302481507639","notify_id":"d0ee4c5833497e554e0be0c9a5a8d80kv2","use_coupon":"N","sign_type":"MD5","sign":"39bca2bc1ce3884fe47fae1837185414"}
[2017-09-27 11:33:10][info] 数据存储反馈成功！
[2017-09-27 11:33:10][info] success
[2017-09-27 11:33:10][info] 写入结束!!!
[2017-09-27 11:44:37][info] ----------------------------------------
[2017-09-27 11:44:37][info] {"discount":"0.00","payment_type":"1","trade_no":"2017092721001004070209232832","subject":"\u989d\u6d4e\u7eb3\u6700\u7f8e\u9ad8\u94c1\u56e2","buyer_email":"13611347298","gmt_create":"2017-09-27 11:44:24","notify_type":"trade_status_sync","quantity":"1","out_trade_no":"LX-17092711102636106-2","seller_id":"2088421286007493","notify_time":"2017-09-27 11:44:36","body":"2017\u989d\u6d4e\u7eb3\u65d7\u80e1\u6768\u6797\u516d\u65e5\u6e38-\u9886\u8896\u6237\u5916\u72ec\u5bb6\u9996\u521b","trade_status":"TRADE_SUCCESS","is_total_fee_adjust":"N","total_fee":"6200.00","gmt_payment":"2017-09-27 11:44:36","seller_email":"2287684289@qq.com","price":"6200.00","buyer_id":"2088122518295076","notify_id":"c3309b69639c1961747ee7379e97ab7gji","use_coupon":"N","sign_type":"MD5","sign":"9f4499cda9d18315648bb006fd31077b"}
[2017-09-27 11:44:37][info] 数据存储反馈成功！
[2017-09-27 11:44:37][info] success
[2017-09-27 11:44:37][info] 写入结束!!!
[2017-09-27 11:53:05][info] ----------------------------------------
[2017-09-27 11:53:05][info] {"discount":"0.00","payment_type":"1","trade_no":"2017062621001004280217687424","subject":"\u7518\u5357\u5168\u666f","buyer_email":"18951051189@189.cn","gmt_create":"2017-06-26 11:52:29","notify_type":"trade_status_sync","quantity":"1","out_trade_no":"LX-17051822125938306-3","seller_id":"2088421286007493","notify_time":"2017-09-27 11:53:05","body":"2017\u5e74\u72ec\u5bb6  \u516b\u89d2\u57ce-\u624e\u5c15\u90a3-\u82b1\u6e56-\u5e74\u5b9d\u7389\u5219-\u82e5\u5c14\u76d6\u8349\u539f-\u963f\u4e07\u4ed3\u6e7f\u5730-\u90ce\u6728\u5bfa 8\u65e5\u6e38","trade_status":"TRADE_FINISHED","is_total_fee_adjust":"N","total_fee":"2780.00","gmt_payment":"2017-06-26 11:52:50","seller_email":"2287684289@qq.com","gmt_close":"2017-09-27 11:53:05","price":"2780.00","buyer_id":"2088602056720280","notify_id":"878b9d8b0a3c6f7cede94ed2c593827i5u","use_coupon":"N","sign_type":"MD5","sign":"8e05d049d552e35d6b96749f6490ba84"}
[2017-09-27 11:53:05][info] 数据存储反馈成功！
[2017-09-27 11:53:05][info] success
[2017-09-27 11:53:05][info] 写入结束!!!
[2017-09-27 12:00:04][info] ----------------------------------------
[2017-09-27 12:00:04][info] {"discount":"0.00","payment_type":"1","trade_no":"2017062621001004280217724113","subject":"\u7518\u5357\u5168\u666f","buyer_email":"18951051189@189.cn","gmt_create":"2017-06-26 11:59:09","notify_type":"trade_status_sync","quantity":"1","out_trade_no":"LX-17051822100230306-6","seller_id":"2088421286007493","notify_time":"2017-09-27 12:00:04","body":"2017\u5e74\u72ec\u5bb6  \u516b\u89d2\u57ce-\u624e\u5c15\u90a3-\u82b1\u6e56-\u5e74\u5b9d\u7389\u5219-\u82e5\u5c14\u76d6\u8349\u539f-\u963f\u4e07\u4ed3\u6e7f\u5730-\u90ce\u6728\u5bfa 8\u65e5\u6e38","trade_status":"TRADE_FINISHED","is_total_fee_adjust":"N","total_fee":"2800.00","gmt_payment":"2017-06-26 11:59:24","seller_email":"2287684289@qq.com","gmt_close":"2017-09-27 12:00:03","price":"2800.00","buyer_id":"2088602056720280","notify_id":"cf4466fa6f49640845663b84564a2c4i5u","use_coupon":"N","sign_type":"MD5","sign":"13613d2af1ec0aaa7b6045b02b13791d"}
[2017-09-27 12:00:04][info] 数据存储反馈成功！
[2017-09-27 12:00:04][info] success
[2017-09-27 12:00:04][info] 写入结束!!!
[2017-09-27 12:03:05][info] ----------------------------------------
[2017-09-27 12:03:05][info] {"discount":"0.00","payment_type":"1","trade_no":"2017062621001004280217724368","subject":"\u7518\u5357\u5168\u666f","buyer_email":"18951051189@189.cn","gmt_create":"2017-06-26 12:01:10","notify_type":"trade_status_sync","quantity":"1","out_trade_no":"LX-17051617535339906-f","seller_id":"2088421286007493","notify_time":"2017-09-27 12:03:05","body":"2017\u5e74\u72ec\u5bb6  \u516b\u89d2\u57ce-\u624e\u5c15\u90a3-\u82b1\u6e56-\u5e74\u5b9d\u7389\u5219-\u82e5\u5c14\u76d6\u8349\u539f-\u963f\u4e07\u4ed3\u6e7f\u5730-\u90ce\u6728\u5bfa 8\u65e5\u6e38","trade_status":"TRADE_FINISHED","is_total_fee_adjust":"N","total_fee":"2800.00","gmt_payment":"2017-06-26 12:02:05","seller_email":"2287684289@qq.com","gmt_close":"2017-09-27 12:03:05","price":"2800.00","buyer_id":"2088602056720280","notify_id":"54215fbd4958fe3f5bc21a99f80a740i5u","use_coupon":"N","sign_type":"MD5","sign":"694d0ca7daab8bcc6a5d5b06f285d248"}
[2017-09-27 12:03:05][info] 数据存储反馈成功！
[2017-09-27 12:03:05][info] success
[2017-09-27 12:03:05][info] 写入结束!!!
[2017-09-27 14:23:04][info] ----------------------------------------
[2017-09-27 14:23:04][info] {"discount":"0.00","payment_type":"1","trade_no":"2017062621001004350282267889","subject":"\u4e1d\u8def\u5dc5\u5cf0\u4f53\u9a8c\u5341\u65e5\u6e38","buyer_email":"462230618@qq.com","gmt_create":"2017-06-26 14:22:32","notify_type":"trade_status_sync","quantity":"1","out_trade_no":"LX-17062312543015606-4","seller_id":"2088421286007493","notify_time":"2017-09-27 14:23:04","body":"\u6c99\u5c9b-\u9752\u6d77\u6e56-\u8336\u5361\u76d0\u6e56-\u7941\u8fde-\u5f20\u6396-\u5609\u5cea\u5173-\u6566\u714c\u5341\u65e5\u6e38","trade_status":"TRADE_FINISHED","is_total_fee_adjust":"N","total_fee":"5370.00","gmt_payment":"2017-06-26 14:22:48","seller_email":"2287684289@qq.com","gmt_close":"2017-09-27 14:23:04","price":"5370.00","buyer_id":"2088002650637357","notify_id":"45030dedfde95935632994515fb10c5ipa","use_coupon":"N","sign_type":"MD5","sign":"f6e342a2fd1d7408ffbf62e82344d4ca"}
[2017-09-27 14:23:04][info] 数据存储反馈成功！
[2017-09-27 14:23:04][info] success
[2017-09-27 14:23:04][info] 写入结束!!!
[2017-09-27 14:24:29][info] ----------------------------------------
[2017-09-27 14:24:29][info] {"discount":"0.00","payment_type":"1","trade_no":"2017092721001004380515943309","subject":"\u989d\u6d4e\u7eb3\u5168\u666f","buyer_email":"zhangchenyangtvxq@163.com","gmt_create":"2017-09-27 14:24:21","notify_type":"trade_status_sync","quantity":"1","out_trade_no":"LX-17083013201048001-8","seller_id":"2088421286007493","notify_time":"2017-09-27 14:24:29","body":"\u989d\u6d4e\u7eb3\u80e1\u6768\u6797-\u6566\u714c\u5168\u666f-\u5df4\u4e39\u5409\u6797-\u5f20\u6396\u4e39\u971e-\u5609\u5cea\u5173-\u91d1\u5854\u80e1\u6768\u6797-\u52a8\u8f668\u65e5","trade_status":"TRADE_SUCCESS","is_total_fee_adjust":"N","total_fee":"3641.00","gmt_payment":"2017-09-27 14:24:29","seller_email":"2287684289@qq.com","price":"3641.00","buyer_id":"2088102060548385","notify_id":"d9a1bcda51e58e6880eb47194fb683cixp","use_coupon":"N","sign_type":"MD5","sign":"b608a97e4936fd08c168e241060d585d"}
[2017-09-27 14:24:29][info] 数据存储反馈成功！
[2017-09-27 14:24:29][info] success
[2017-09-27 14:24:29][info] 写入结束!!!
[2017-09-27 15:22:58][info] ----------------------------------------
[2017-09-27 15:22:58][info] {"discount":"0.00","payment_type":"1","trade_no":"2017062621001004280218065955","subject":"\u4e1d\u8def\u5dc5\u5cf0\u4f53\u9a8c\u5341\u65e5\u6e38","buyer_email":"18951051189@189.cn","gmt_create":"2017-06-26 15:22:05","notify_type":"trade_status_sync","quantity":"1","out_trade_no":"LX-17051821401748706-0","seller_id":"2088421286007493","notify_time":"2017-09-27 15:22:58","body":"\u6c99\u5c9b-\u9752\u6d77\u6e56-\u8336\u5361\u76d0\u6e56-\u7941\u8fde-\u5f20\u6396-\u5609\u5cea\u5173-\u6566\u714c\u5341\u65e5\u6e38","trade_status":"TRADE_FINISHED","is_total_fee_adjust":"N","total_fee":"3880.00","gmt_payment":"2017-06-26 15:22:17","seller_email":"2287684289@qq.com","gmt_close":"2017-09-27 15:22:57","price":"3880.00","buyer_id":"2088602056720280","notify_id":"28768f576b51cf005a11f2d0c5d9b64i5u","use_coupon":"N","sign_type":"MD5","sign":"e5350d2812edeba1b7d97a38b5db1243"}
[2017-09-27 15:22:58][info] 数据存储反馈成功！
[2017-09-27 15:22:58][info] success
[2017-09-27 15:22:58][info] 写入结束!!!
[2017-09-27 15:30:59][info] ----------------------------------------
[2017-09-27 15:30:59][info] {"discount":"0.00","payment_type":"1","trade_no":"2017062621001004280218072495","subject":"\u4e1d\u8def\u5dc5\u5cf0\u4f53\u9a8c\u5341\u65e5\u6e38","buyer_email":"18951051189@189.cn","gmt_create":"2017-06-26 15:30:11","notify_type":"trade_status_sync","quantity":"1","out_trade_no":"LX-17051812011547306-1","seller_id":"2088421286007493","notify_time":"2017-09-27 15:30:59","body":"\u6c99\u5c9b-\u9752\u6d77\u6e56-\u8336\u5361\u76d0\u6e56-\u7941\u8fde-\u5f20\u6396-\u5609\u5cea\u5173-\u6566\u714c\u5341\u65e5\u6e38","trade_status":"TRADE_FINISHED","is_total_fee_adjust":"N","total_fee":"3880.00","gmt_payment":"2017-06-26 15:30:22","seller_email":"2287684289@qq.com","gmt_close":"2017-09-27 15:30:59","price":"3880.00","buyer_id":"2088602056720280","notify_id":"07dc21bcba7d8ac9580d335cd594119i5u","use_coupon":"N","sign_type":"MD5","sign":"2d79ce7bccf5f35484fc4304c258823e"}
[2017-09-27 15:30:59][info] 数据存储反馈成功！
[2017-09-27 15:30:59][info] success
[2017-09-27 15:30:59][info] 写入结束!!!
[2017-09-27 15:34:57][info] ----------------------------------------
[2017-09-27 15:34:57][info] {"discount":"0.00","payment_type":"1","trade_no":"2017062621001004280218106302","subject":"\u4e1d\u8def\u5dc5\u5cf0\u4f53\u9a8c\u5341\u65e5\u6e38","buyer_email":"18951051189@189.cn","gmt_create":"2017-06-26 15:33:46","notify_type":"trade_status_sync","quantity":"1","out_trade_no":"LX-1705041721411006-7","seller_id":"2088421286007493","notify_time":"2017-09-27 15:34:57","body":"\u6c99\u5c9b-\u9752\u6d77\u6e56-\u8336\u5361\u76d0\u6e56-\u7941\u8fde-\u5f20\u6396-\u5609\u5cea\u5173-\u6566\u714c\u5341\u65e5\u6e38","trade_status":"TRADE_FINISHED","is_total_fee_adjust":"N","total_fee":"4120.00","gmt_payment":"2017-06-26 15:33:57","seller_email":"2287684289@qq.com","gmt_close":"2017-09-27 15:34:57","price":"4120.00","buyer_id":"2088602056720280","notify_id":"aa7d897dd80194faba5aa0224d37ec2i5u","use_coupon":"N","sign_type":"MD5","sign":"e384662d3c78aa51744714cae815aec3"}
[2017-09-27 15:34:58][info] 数据存储反馈成功！
[2017-09-27 15:34:58][info] success
[2017-09-27 15:34:58][info] 写入结束!!!
[2017-09-27 16:13:08][info] ----------------------------------------
[2017-09-27 16:13:08][info] {"discount":"0.00","payment_type":"1","trade_no":"2017062621001004770251685589","subject":"\u4e1d\u7ef8\u4e4b\u8def\u7ecf\u5178\u4e5d\u65e5","buyer_email":"xiaofan77s@sina.com","gmt_create":"2017-06-26 16:12:11","notify_type":"trade_status_sync","quantity":"1","out_trade_no":"LX-17062615412545806-e","seller_id":"2088421286007493","notify_time":"2017-09-27 16:13:08","body":"\u6c99\u5c9b-\u9752\u6d77\u6e56-\u8336\u5361\u76d0\u6e56-\u5353\u5c14\u5c71-\u5f20\u6396\u4e39\u971e-\u5609\u5cea\u5173-\u6566\u714c9\u65e5\u6e38","trade_status":"TRADE_FINISHED","is_total_fee_adjust":"N","total_fee":"3780.00","gmt_payment":"2017-06-26 16:12:34","seller_email":"2287684289@qq.com","gmt_close":"2017-09-27 16:13:08","price":"3780.00","buyer_id":"2088302151838775","notify_id":"4a68a0aded63c9203e65480bd918b2flxy","use_coupon":"N","sign_type":"MD5","sign":"e80f3b14fd0ce184ddb9d52c0f778de8"}
[2017-09-27 16:13:08][info] 数据存储反馈成功！
[2017-09-27 16:13:08][info] success
[2017-09-27 16:13:08][info] 写入结束!!!
[2017-09-27 16:47:05][info] ----------------------------------------
[2017-09-27 16:47:05][info] {"discount":"0.00","payment_type":"1","trade_no":"2017092721001004010239571374","subject":"\u989d\u6d4e\u7eb3\u4f11\u95f2\u6e38","buyer_email":"13512929528","gmt_create":"2017-09-27 16:46:41","notify_type":"trade_status_sync","quantity":"1","out_trade_no":"LX-17091114351828706-1","seller_id":"2088421286007493","notify_time":"2017-09-27 16:47:05","body":"\u989d\u6d4e\u7eb3\u65d7\u80e1\u6768\u6797-\u5609\u5cea\u5173-\u9ed1\u6c34\u57ce-\u602a\u6811\u6797-\u5df4\u4e39\u5409\u6797\u6c99\u6f20-\u5f20\u6396\u4e39\u971e","trade_status":"TRADE_SUCCESS","is_total_fee_adjust":"N","total_fee":"5160.00","gmt_payment":"2017-09-27 16:47:05","seller_email":"2287684289@qq.com","price":"5160.00","buyer_id":"2088222283863015","notify_id":"8ed0b12338539fe7899cfe1e9aa0ce1g2u","use_coupon":"N","sign_type":"MD5","sign":"045c0f5c50e7295ec7fe0d8e020087f1"}
[2017-09-27 16:47:06][info] 数据存储反馈成功！
[2017-09-27 16:47:06][info] success
[2017-09-27 16:47:06][info] 写入结束!!!
[2017-09-27 17:20:37][info] ----------------------------------------
[2017-09-27 17:20:37][info] {"discount":"0.00","payment_type":"1","trade_no":"2017092721001004680200323369","subject":"\u7518\u5357\u5168\u666f","buyer_email":"xuyh@hkbea.com","gmt_create":"2017-09-27 17:20:09","notify_type":"trade_status_sync","quantity":"1","out_trade_no":"LX-170826151629606-f","seller_id":"2088421286007493","notify_time":"2017-09-27 17:20:37","body":"2017\u5e74\u72ec\u5bb6  \u62c9\u535c\u695e\u5bfa-\u624e\u5c15\u90a3-\u82b1\u6e56-\u5e74\u5b9d\u7389\u5219-\u82e5\u5c14\u76d6\u8349\u539f-\u963f\u4e07\u4ed3\u6e7f\u5730-\u5c15\u6d77\u6e56-\u90ce\u6728\u5bfa 8\u65e5\u6e38","trade_status":"TRADE_SUCCESS","is_total_fee_adjust":"N","total_fee":"3380.00","gmt_payment":"2017-09-27 17:20:37","seller_email":"2287684289@qq.com","price":"3380.00","buyer_id":"2088002444229683","notify_id":"7134a2d07330710f203664dfa870624l8y","use_coupon":"N","sign_type":"MD5","sign":"6d93104ab11da39b04a698121f1c4c1c"}
[2017-09-27 17:20:37][info] 数据存储反馈成功！
[2017-09-27 17:20:37][info] success
[2017-09-27 17:20:37][info] 写入结束!!!
[2017-09-27 18:43:17][info] ----------------------------------------
[2017-09-27 18:43:17][info] {"discount":"0.00","payment_type":"1","trade_no":"2017092721001004310516498148","subject":"\u5317\u7586\u5dc5\u5cf0","buyer_email":"13112291320","gmt_create":"2017-09-27 18:43:07","notify_type":"trade_status_sync","quantity":"1","out_trade_no":"LX-17072617562595406-d","seller_id":"2088421286007493","notify_time":"2017-09-27 18:43:17","body":"\u79be\u672848\u5c0f\u65f6-\u5580\u7eb3\u65af-\u767d\u54c8\u5df4-\u4e94\u5f69\u6ee9-\u53cc\u53676\u65e5\u6e38","trade_status":"TRADE_SUCCESS","is_total_fee_adjust":"N","total_fee":"4690.00","gmt_payment":"2017-09-27 18:43:17","seller_email":"2287684289@qq.com","price":"4690.00","buyer_id":"2088222535798317","notify_id":"534a9b9b26b5605293418e26fdaddb6ie9","use_coupon":"N","sign_type":"MD5","sign":"c90e5178ef65ce04e29b65bf9a4a2214"}
[2017-09-27 18:43:17][info] 数据存储反馈成功！
[2017-09-27 18:43:17][info] success
[2017-09-27 18:43:17][info] 写入结束!!!
[2017-09-27 19:48:52][info] ----------------------------------------
[2017-09-27 19:48:52][info] {"discount":"0.00","payment_type":"1","trade_no":"2017062621001004420290346209","subject":"\u4e1d\u7ef8\u4e4b\u8def\u7ecf\u5178\u4e5d\u65e5","buyer_email":"13607132101","gmt_create":"2017-06-26 19:47:12","notify_type":"trade_status_sync","quantity":"1","out_trade_no":"LX-17062517194046801-4","seller_id":"2088421286007493","notify_time":"2017-09-27 19:48:52","body":"\u6c99\u5c9b-\u9752\u6d77\u6e56-\u8336\u5361\u76d0\u6e56-\u5353\u5c14\u5c71-\u5f20\u6396\u4e39\u971e-\u5609\u5cea\u5173-\u6566\u714c9\u65e5\u6e38","trade_status":"TRADE_FINISHED","is_total_fee_adjust":"N","total_fee":"8790.00","gmt_payment":"2017-06-26 19:47:55","seller_email":"2287684289@qq.com","gmt_close":"2017-09-27 19:48:52","price":"8790.00","buyer_id":"2088702723723421","notify_id":"e5755284478789f8d4ffd131bcb1952j8q","use_coupon":"N","sign_type":"MD5","sign":"4c0e8db5fec61bee40cb2418cf2db5b7"}
[2017-09-27 19:48:52][info] 数据存储反馈成功！
[2017-09-27 19:48:52][info] success
[2017-09-27 19:48:52][info] 写入结束!!!
[2017-09-27 22:21:06][info] ----------------------------------------
[2017-09-27 22:21:06][info] {"discount":"0.00","payment_type":"1","trade_no":"2017092721001004420517122797","subject":"\u575d\u4e0a\u79cb\u6444","buyer_email":"367119505@qq.com","gmt_create":"2017-09-27 22:20:49","notify_type":"trade_status_sync","quantity":"1","out_trade_no":"LX-17092721482080606-f","seller_id":"2088421286007493","notify_time":"2017-09-27 22:21:06","body":"9-10\u6708\u91d1\u79cb\uff0c\u5317\u6c9f\u3001\u6768\u6811\u80cc\u3001\u4e94\u5f69\u5c71\u3001\u86e4\u87c6\u575d\u3001\u91ce\u9e2d\u6e56\u3001\u516c\u4e3b\u6e56\u7b49\u575d\u4e0a\u8349\u539f\u79cb\u8272\u4e00\u7f51\u6253\u5c3d 6\u65e5\u6444\u5f71\u521b\u4f5c\u56e2\uff08\u575d\u4e0a\u62cd\u64444\u5929\uff09","trade_status":"TRADE_SUCCESS","is_total_fee_adjust":"N","total_fee":"5360.00","gmt_payment":"2017-09-27 22:21:06","seller_email":"2287684289@qq.com","price":"5360.00","buyer_id":"2088812381913424","notify_id":"1b56977971b511d89a8aa3ce28c0714j8t","use_coupon":"N","sign_type":"MD5","sign":"37bc393e0d8f1d75d9eff75ef888278e"}
[2017-09-27 22:21:06][info] 数据存储反馈成功！
[2017-09-27 22:21:06][info] success
[2017-09-27 22:21:06][info] 写入结束!!!
