[2017-07-29 09:13:00][info] ----------------------------------------
[2017-07-29 09:13:00][info] {"discount":"0.00","payment_type":"1","trade_no":"2017072921001004210236111429","subject":"\u65b0\u7586\u62fe\u5149\u5168\u666f\u5199\u771f\u65c5\u884c","buyer_email":"lygpzj@21cn.com","gmt_create":"2017-07-29 09:12:04","notify_type":"trade_status_sync","quantity":"1","out_trade_no":"LX-17052418562854906-0","seller_id":"2088421286007493","notify_time":"2017-07-29 09:13:00","body":"\u4e4c\u9c81\u6728\u9f50-\u4e94\u5f69\u6ee9-\u5e03\u5c14\u6d25-\u5580\u7eb3\u65af-\u79be\u6728-\u9b54\u9b3c\u57ce-\u8d5b\u91cc\u6728\u6e56-\u89e3\u5fe7\u516c\u4e3b\u85b0\u8863\u8349\u519c\u573a-\u5580\u62c9\u5cfb-\u5df4\u97f3\u5e03\u9c81\u514b-\u535a\u65af\u817e\u6e56-\u5e93\u6728\u5854\u683c\u6c99\u6f2014\u65e5\u6e38","trade_status":"TRADE_SUCCESS","is_total_fee_adjust":"N","total_fee":"5430.00","gmt_payment":"2017-07-29 09:13:00","seller_email":"2287684289@qq.com","price":"5430.00","buyer_id":"2088302279970212","notify_id":"7d33cc9d000c296e7047cf1e4e8017ahme","use_coupon":"N","sign_type":"MD5","sign":"d12e8a3eee17736855811ee49b2adfe6"}
[2017-07-29 09:13:01][info] 数据存储反馈成功！
[2017-07-29 09:13:01][info] success
[2017-07-29 09:13:01][info] 写入结束!!!
[2017-07-29 09:59:36][info] ----------------------------------------
[2017-07-29 09:59:36][info] {"discount":"0.00","payment_type":"1","trade_no":"2017072921001004460254050863","subject":"\u8d35\u5dde\u5168\u666f\u6e38","buyer_email":"15959785833","gmt_create":"2017-07-29 09:58:37","notify_type":"trade_status_sync","quantity":"1","out_trade_no":"LX-17072909391145601-0","seller_id":"2088421286007493","notify_time":"2017-07-29 09:59:36","body":"\u897f\u6c5f\u5343\u6237\u82d7\u5be8-\u8354\u6ce2-\u9ed4\u4e1c\u5357-\u9547\u8fdc-\u9ec4\u679c\u6811-\u79d8\u5883\u8302\u5170\u6df1\u5ea6\u7eaf\u73a9\u4e5d\u65e5\u6e38","trade_status":"TRADE_SUCCESS","is_total_fee_adjust":"N","total_fee":"7960.00","gmt_payment":"2017-07-29 09:59:36","seller_email":"2287684289@qq.com","price":"7960.00","buyer_id":"2088502699250466","notify_id":"55906edfeb12da0426a4d00fdac72c6jju","use_coupon":"N","sign_type":"MD5","sign":"bc37b47cb0a707fa003cf30d0bdf5d53"}
[2017-07-29 09:59:36][info] 数据存储反馈成功！
[2017-07-29 09:59:36][info] success
[2017-07-29 09:59:36][info] 写入结束!!!
[2017-07-29 10:10:46][info] ----------------------------------------
[2017-07-29 10:10:46][info] {"discount":"0.00","payment_type":"1","trade_no":"2017072921001004020203787804","subject":"\u7518\u5357\u5168\u666f","buyer_email":"13776516208","gmt_create":"2017-07-29 10:10:17","notify_type":"trade_status_sync","quantity":"1","out_trade_no":"LX-1707191855079706-a","seller_id":"2088421286007493","notify_time":"2017-07-29 10:10:46","body":"2017\u5e74\u72ec\u5bb6  \u62c9\u535c\u695e\u5bfa-\u624e\u5c15\u90a3-\u82b1\u6e56-\u5e74\u5b9d\u7389\u5219-\u82e5\u5c14\u76d6\u8349\u539f-\u963f\u4e07\u4ed3\u6e7f\u5730-\u5c15\u6d77\u6e56-\u90ce\u6728\u5bfa 8\u65e5\u6e38","trade_status":"TRADE_SUCCESS","is_total_fee_adjust":"N","total_fee":"3080.00","gmt_payment":"2017-07-29 10:10:46","seller_email":"2287684289@qq.com","price":"3080.00","buyer_id":"2088212907522020","notify_id":"c17e52ec607666be86982a89967b93cg5m","use_coupon":"N","sign_type":"MD5","sign":"086d34b2169669a957fc9d577091d2cb"}
[2017-07-29 10:10:46][info] 数据存储反馈成功！
[2017-07-29 10:10:46][info] success
[2017-07-29 10:10:46][info] 写入结束!!!
[2017-07-29 12:51:36][info] ----------------------------------------
[2017-07-29 12:51:36][info] {"discount":"0.00","payment_type":"1","trade_no":"2017072921001004520286353940","subject":"\u7518\u5357\u5168\u666f","buyer_email":"124708842@qq.com","gmt_create":"2017-07-29 12:50:52","notify_type":"trade_status_sync","quantity":"1","out_trade_no":"LX-17072911525872506-6","seller_id":"2088421286007493","notify_time":"2017-07-29 12:51:36","body":"2017\u5e74\u72ec\u5bb6  \u62c9\u535c\u695e\u5bfa-\u624e\u5c15\u90a3-\u82b1\u6e56-\u5e74\u5b9d\u7389\u5219-\u82e5\u5c14\u76d6\u8349\u539f-\u963f\u4e07\u4ed3\u6e7f\u5730-\u5c15\u6d77\u6e56-\u90ce\u6728\u5bfa 8\u65e5\u6e38","trade_status":"TRADE_SUCCESS","is_total_fee_adjust":"N","total_fee":"3280.00","gmt_payment":"2017-07-29 12:51:36","seller_email":"2287684289@qq.com","price":"3280.00","buyer_id":"2088102193545529","notify_id":"d0a50d7542e9310d9d76fb6383168b7k0i","use_coupon":"N","sign_type":"MD5","sign":"a850b48c91964c4ab8d5a758e83157b6"}
[2017-07-29 12:51:37][info] 数据存储反馈成功！
[2017-07-29 12:51:37][info] success
[2017-07-29 12:51:37][info] 写入结束!!!
[2017-07-29 12:53:36][info] ----------------------------------------
[2017-07-29 12:53:36][info] {"discount":"0.00","payment_type":"1","trade_no":"2017072921001004520286366716","subject":"\u7518\u5357\u5168\u666f","buyer_email":"124708842@qq.com","gmt_create":"2017-07-29 12:53:05","notify_type":"trade_status_sync","quantity":"1","out_trade_no":"LX-17071415371263306-b","seller_id":"2088421286007493","notify_time":"2017-07-29 12:53:36","body":"2017\u5e74\u72ec\u5bb6  \u62c9\u535c\u695e\u5bfa-\u624e\u5c15\u90a3-\u82b1\u6e56-\u5e74\u5b9d\u7389\u5219-\u82e5\u5c14\u76d6\u8349\u539f-\u963f\u4e07\u4ed3\u6e7f\u5730-\u5c15\u6d77\u6e56-\u90ce\u6728\u5bfa 8\u65e5\u6e38","trade_status":"TRADE_SUCCESS","is_total_fee_adjust":"N","total_fee":"4320.00","gmt_payment":"2017-07-29 12:53:35","seller_email":"2287684289@qq.com","price":"4320.00","buyer_id":"2088102193545529","notify_id":"550a10834a18ed012fd87d858281c27k0i","use_coupon":"N","sign_type":"MD5","sign":"0da22c419d28ede8ecea777f7b82dcb0"}
[2017-07-29 12:53:36][info] 数据存储反馈成功！
[2017-07-29 12:53:36][info] success
[2017-07-29 12:53:36][info] 写入结束!!!
[2017-07-29 13:23:36][info] ----------------------------------------
[2017-07-29 13:23:36][info] {"discount":"0.00","payment_type":"1","trade_no":"2017072921001004290234206027","subject":"\u5580\u7eb3\u65af\u4e4b\u590f","buyer_email":"zxcdxx@sina.com","gmt_create":"2017-07-29 13:23:10","notify_type":"trade_status_sync","quantity":"1","out_trade_no":"LX-17071521150876001-4","seller_id":"2088421286007493","notify_time":"2017-07-29 13:23:36","body":"2017\u5e747\uff5e8\u6708 \u5929\u5c71\u5929\u6c60-\u5410\u9c81\u756a-\u5580\u7eb3\u65af-\u767d\u54c8\u5df4-\u4e94\u5f69\u6ee9-\u9b54\u9b3c\u57ce-\u79be\u6728\u6df1\u5ea6\u4e5d\u65e5\u6e38","trade_status":"TRADE_SUCCESS","is_total_fee_adjust":"N","total_fee":"9200.00","gmt_payment":"2017-07-29 13:23:36","seller_email":"2287684289@qq.com","price":"9200.00","buyer_id":"2088102844454297","notify_id":"ee3c70112035587574de2ddb95d84a0i8m","use_coupon":"N","sign_type":"MD5","sign":"20aa16f833fe7eec9b94ee9010645794"}
[2017-07-29 13:23:37][info] 数据存储反馈成功！
[2017-07-29 13:23:37][info] success
[2017-07-29 13:23:37][info] 写入结束!!!
[2017-07-29 15:01:59][info] ----------------------------------------
[2017-07-29 15:01:59][info] {"discount":"0.00","payment_type":"1","trade_no":"2017072921001004330223571172","subject":"\u65b0\u7586\u5168\u666f","buyer_email":"ycwlv3024@163.com","gmt_create":"2017-07-29 15:01:54","notify_type":"trade_status_sync","quantity":"1","out_trade_no":"LX-17071222134378401-3","seller_id":"2088421286007493","notify_time":"2017-07-29 15:01:59","body":"\u5580\u7eb3\u65af-\u79be\u6728-\u8d5b\u91cc\u6728\u6e56-\u85b0\u8863\u8349\u519c\u573a-\u5580\u62c9\u5cfb-\u90a3\u62c9\u63d0-\u5df4\u97f3\u5e03\u9c81\u514b-\u6c5f\u5e03\u62c9\u514b-\u4e94\u5f69\u6ee9-\u5410\u9c81\u756a13\u65e5\u6e38","trade_status":"TRADE_SUCCESS","is_total_fee_adjust":"N","total_fee":"5380.00","gmt_payment":"2017-07-29 15:01:58","seller_email":"2287684289@qq.com","price":"5380.00","buyer_id":"2088002606017336","notify_id":"a25215f3c8ef77489a68cb2a0049d2eijq","use_coupon":"N","sign_type":"MD5","sign":"e5b91753eef6546e81b6d2d28d580fd5"}
[2017-07-29 15:01:59][info] 数据存储反馈成功！
[2017-07-29 15:01:59][info] success
[2017-07-29 15:01:59][info] 写入结束!!!
[2017-07-29 18:08:57][info] ----------------------------------------
[2017-07-29 18:08:57][info] {"discount":"0.00","payment_type":"1","trade_no":"2017072921001004360255869935","subject":"\u65b0\u7586\u5168\u666f","buyer_email":"13803276788","gmt_create":"2017-07-29 18:08:27","notify_type":"trade_status_sync","quantity":"1","out_trade_no":"LX-17071220540578501-d","seller_id":"2088421286007493","notify_time":"2017-07-29 18:08:57","body":"\u5580\u7eb3\u65af-\u79be\u6728-\u8d5b\u91cc\u6728\u6e56-\u85b0\u8863\u8349\u519c\u573a-\u5580\u62c9\u5cfb-\u90a3\u62c9\u63d0-\u5df4\u97f3\u5e03\u9c81\u514b-\u6c5f\u5e03\u62c9\u514b-\u4e94\u5f69\u6ee9-\u5410\u9c81\u756a13\u65e5\u6e38","trade_status":"TRADE_SUCCESS","is_total_fee_adjust":"N","total_fee":"10600.00","gmt_payment":"2017-07-29 18:08:57","seller_email":"2287684289@qq.com","price":"10600.00","buyer_id":"2088622536544364","notify_id":"e9f073ebec54281872c5fdd3fbe162dis2","use_coupon":"N","sign_type":"MD5","sign":"759204b65303ffb987645337d8a0bcfa"}
[2017-07-29 18:08:58][info] 数据存储反馈成功！
[2017-07-29 18:08:58][info] success
[2017-07-29 18:08:58][info] 写入结束!!!
[2017-07-29 18:50:20][info] ----------------------------------------
[2017-07-29 18:50:20][info] {"discount":"0.00","payment_type":"1","trade_no":"2017072921001004540277625479","subject":"\u4e1d\u7ef8\u4e4b\u8def\u7cbe\u534e\u4e03\u65e5\u6e38","buyer_email":"wj.6369@yahoo.com.cn","gmt_create":"2017-07-29 18:50:05","notify_type":"trade_status_sync","quantity":"1","out_trade_no":"LX-17062516463962606-e","seller_id":"2088421286007493","notify_time":"2017-07-29 18:50:19","body":"2017\u5e74\u9752\u6d77\u6e56-\u8336\u5361\u76d0\u6e56-\u6566\u714c-\u5609\u5cea\u5173-\u5f20\u6396\u4e39\u971e\u4e03\u65e5\u6e38","trade_status":"TRADE_SUCCESS","is_total_fee_adjust":"N","total_fee":"3180.00","gmt_payment":"2017-07-29 18:50:19","seller_email":"2287684289@qq.com","price":"3180.00","buyer_id":"2088102238326544","notify_id":"2a90e5ec98f15457ac03df0515ca5c2k62","use_coupon":"N","sign_type":"MD5","sign":"8c1aefe0960a18c13e3d7c9a126eaac6"}
[2017-07-29 18:50:20][info] 数据存储反馈成功！
[2017-07-29 18:50:20][info] success
[2017-07-29 18:50:20][info] 写入结束!!!
[2017-07-29 20:15:04][info] ----------------------------------------
[2017-07-29 20:15:04][info] {"discount":"0.00","payment_type":"1","trade_no":"2017072921001004550293532798","subject":"\u65b0\u7586\u5168\u666f","buyer_email":"18600675708","gmt_create":"2017-07-29 20:14:56","notify_type":"trade_status_sync","quantity":"1","out_trade_no":"LX-17070809595474806-7","seller_id":"2088421286007493","notify_time":"2017-07-29 20:15:04","body":"\u5580\u7eb3\u65af-\u79be\u6728-\u8d5b\u91cc\u6728\u6e56-\u85b0\u8863\u8349\u519c\u573a-\u5580\u62c9\u5cfb-\u90a3\u62c9\u63d0-\u5df4\u97f3\u5e03\u9c81\u514b-\u6c5f\u5e03\u62c9\u514b-\u4e94\u5f69\u6ee9-\u5410\u9c81\u756a13\u65e5\u6e38","trade_status":"TRADE_SUCCESS","is_total_fee_adjust":"N","total_fee":"9440.00","gmt_payment":"2017-07-29 20:15:04","seller_email":"2287684289@qq.com","price":"9440.00","buyer_id":"2088702884816552","notify_id":"e51a84bbaa1597b9df14ab6f0a91b56k8u","use_coupon":"N","sign_type":"MD5","sign":"a0c3388895243000a3ed63bb5e5172cf"}
[2017-07-29 20:15:05][info] 数据存储反馈成功！
[2017-07-29 20:15:05][info] success
[2017-07-29 20:15:05][info] 写入结束!!!
[2017-07-29 20:15:58][info] ----------------------------------------
[2017-07-29 20:15:58][info] {"discount":"0.00","payment_type":"1","trade_no":"2017072921001004550293532877","subject":"\u65b0\u7586\u5168\u666f","buyer_email":"18600675708","gmt_create":"2017-07-29 20:15:42","notify_type":"trade_status_sync","quantity":"1","out_trade_no":"LX-1707132047025706-9","seller_id":"2088421286007493","notify_time":"2017-07-29 20:15:58","body":"\u5580\u7eb3\u65af-\u79be\u6728-\u8d5b\u91cc\u6728\u6e56-\u85b0\u8863\u8349\u519c\u573a-\u5580\u62c9\u5cfb-\u90a3\u62c9\u63d0-\u5df4\u97f3\u5e03\u9c81\u514b-\u6c5f\u5e03\u62c9\u514b-\u4e94\u5f69\u6ee9-\u5410\u9c81\u756a13\u65e5\u6e38","trade_status":"TRADE_SUCCESS","is_total_fee_adjust":"N","total_fee":"590.00","gmt_payment":"2017-07-29 20:15:57","seller_email":"2287684289@qq.com","price":"590.00","buyer_id":"2088702884816552","notify_id":"634bf58b3d251b8f64d3bfe76a95463k8u","use_coupon":"N","sign_type":"MD5","sign":"3436414f362a64a3247057e444995234"}
[2017-07-29 20:15:58][info] 数据存储反馈成功！
[2017-07-29 20:15:58][info] success
[2017-07-29 20:15:58][info] 写入结束!!!
[2017-07-29 20:43:37][info] ----------------------------------------
[2017-07-29 20:43:37][info] {"discount":"0.00","payment_type":"1","trade_no":"2017072921001004000286931102","subject":"\u8349\u539f\u7267\u6b4cB\u7ebf","buyer_email":"wangiceberg@yahoo.com.cn","gmt_create":"2017-07-29 20:43:28","notify_type":"trade_status_sync","quantity":"1","out_trade_no":"LX-17071615144931701-1","seller_id":"2088421286007493","notify_time":"2017-07-29 20:43:37","body":"\u8d8a\u91ce\u8f66\u7eb5\u6a2a\u6d77\u62c9\u5c14-\u91d1\u5e10\u6c57\u8499\u53e4\u90e8\u843d-\u83ab\u5c14\u9053\u560e-\u592a\u5e73\u6751-\u5ba4\u97e6-\u4e2d\u4fc4\u8fb9\u5883\u7ebf-\u767d\u6866\u6797-\u9ed1\u5c71\u5934\u9a91\u9a6c\u7a7f\u8d8a-186\u5f69\u5e26\u6cb3-\u72fc\u5c9b-\u6ee1\u6d32\u91cc7\u65e5\u6e38","trade_status":"TRADE_SUCCESS","is_total_fee_adjust":"N","total_fee":"5550.00","gmt_payment":"2017-07-29 20:43:37","seller_email":"2287684289@qq.com","price":"5550.00","buyer_id":"2088102627602006","notify_id":"a18115d8696259db167058837fd91e9g02","use_coupon":"N","sign_type":"MD5","sign":"a9302409d6b2e260b70c28de2feb52aa"}
[2017-07-29 20:43:38][info] 数据存储反馈成功！
[2017-07-29 20:43:38][info] success
[2017-07-29 20:43:38][info] 写入结束!!!
[2017-07-29 20:44:32][info] ----------------------------------------
[2017-07-29 20:44:32][info] {"discount":"0.00","payment_type":"1","trade_no":"2017072921001004000286936138","subject":"\u8349\u539f\u7267\u6b4cB\u7ebf","buyer_email":"wangiceberg@yahoo.com.cn","gmt_create":"2017-07-29 20:44:25","notify_type":"trade_status_sync","quantity":"1","out_trade_no":"LX-17071511075195301-4","seller_id":"2088421286007493","notify_time":"2017-07-29 20:44:32","body":"\u8d8a\u91ce\u8f66\u7eb5\u6a2a\u6d77\u62c9\u5c14-\u91d1\u5e10\u6c57\u8499\u53e4\u90e8\u843d-\u83ab\u5c14\u9053\u560e-\u592a\u5e73\u6751-\u5ba4\u97e6-\u4e2d\u4fc4\u8fb9\u5883\u7ebf-\u767d\u6866\u6797-\u9ed1\u5c71\u5934\u9a91\u9a6c\u7a7f\u8d8a-186\u5f69\u5e26\u6cb3-\u72fc\u5c9b-\u6ee1\u6d32\u91cc7\u65e5\u6e38","trade_status":"TRADE_SUCCESS","is_total_fee_adjust":"N","total_fee":"9250.00","gmt_payment":"2017-07-29 20:44:31","seller_email":"2287684289@qq.com","price":"9250.00","buyer_id":"2088102627602006","notify_id":"23fd72ee802ec141ee9b8135f510505g02","use_coupon":"N","sign_type":"MD5","sign":"2738dfba9f7a2717d2d60756320cc5e6"}
[2017-07-29 20:44:32][info] 数据存储反馈成功！
[2017-07-29 20:44:32][info] success
[2017-07-29 20:44:32][info] 写入结束!!!
