[2017-04-19 10:15:18][info] ----------------------------------------
[2017-04-19 10:15:18][info] {"discount":"0.00","payment_type":"1","subject":"\u6a59\u52a8\u817e\u683c\u91cc","trade_no":"2017041921001004080205950199","buyer_email":"20070630159popoyu@163.com","gmt_create":"2017-04-19 10:14:57","notify_type":"trade_status_sync","quantity":"1","out_trade_no":"LX-17041816175221001-e","seller_id":"2088421286007493","notify_time":"2017-04-19 10:15:18","body":"\u817e\u683c\u91cc\u6c99\u6f20\u4e94\u6e56\u7a7f\u8d8a4\u65e5\u6e38","trade_status":"TRADE_SUCCESS","is_total_fee_adjust":"N","total_fee":"2599.00","gmt_payment":"2017-04-19 10:15:17","seller_email":"2287684289@qq.com","price":"2599.00","buyer_id":"2088202550584083","notify_id":"eca6a5aca8d3f25bd19d988c51d1bd1gma","use_coupon":"N","sign_type":"MD5","sign":"c7004b885bdda94e1648e043688259b9"}
[2017-04-19 10:15:19][info] 数据存储反馈成功！
[2017-04-19 10:15:19][info] success
[2017-04-19 10:15:19][info] 写入结束!!!
[2017-04-19 10:16:02][info] ----------------------------------------
[2017-04-19 10:16:02][info] {"discount":"0.00","payment_type":"1","subject":"\u6a59\u52a8\u817e\u683c\u91cc","trade_no":"2017041921001004080205987103","buyer_email":"20070630159popoyu@163.com","gmt_create":"2017-04-19 10:15:54","notify_type":"trade_status_sync","quantity":"1","out_trade_no":"LX-17041818181046301-e","seller_id":"2088421286007493","notify_time":"2017-04-19 10:16:02","body":"\u817e\u683c\u91cc\u6c99\u6f20\u4e94\u6e56\u7a7f\u8d8a4\u65e5\u6e38","trade_status":"TRADE_SUCCESS","is_total_fee_adjust":"N","total_fee":"2599.00","gmt_payment":"2017-04-19 10:16:02","seller_email":"2287684289@qq.com","price":"2599.00","buyer_id":"2088202550584083","notify_id":"cbc8ec5b1cf0727a9aa8a5b0f643a73gma","use_coupon":"N","sign_type":"MD5","sign":"2ee5a003871c8fb568a49b7423eb3080"}
[2017-04-19 10:16:03][info] 数据存储反馈成功！
[2017-04-19 10:16:03][info] success
[2017-04-19 10:16:03][info] 写入结束!!!
[2017-04-19 13:04:12][info] ----------------------------------------
[2017-04-19 13:04:12][info] {"discount":"0.00","payment_type":"1","subject":"\u6842\u6797\u6625\u6444","trade_no":"2017041921001004560221464105","buyer_email":"1391916948@qq.com","gmt_create":"2017-04-19 13:03:52","notify_type":"trade_status_sync","quantity":"1","out_trade_no":"LX-17041911194696601-7","seller_id":"2088421286007493","notify_time":"2017-04-19 13:04:12","body":"3-6\u6708\u6842\u6797\u6625\u6444\uff0c\u9f99\u810a\u68af\u7530-\u53e4\u6865\u7530\u56ed-\u4f1a\u4ed9\u6e7f\u5730-\u9633\u6714\u5c71\u6c34-\u5174\u576a\u4f73\u5883-\u6f13\u6c5f\u6e14\u706b-\u9ec4\u5e03\u5012\u5f71-\u9c7c\u9e70\u6668\u6355\uff0c6\u65e5\u6444\u5f71\u521b\u4f5c\u56e2","trade_status":"TRADE_SUCCESS","is_total_fee_adjust":"N","total_fee":"2480.00","gmt_payment":"2017-04-19 13:04:12","seller_email":"2287684289@qq.com","price":"2480.00","buyer_id":"2088212897871568","notify_id":"c0e8aab784b15e73d46d77338dfd8ackbm","use_coupon":"N","sign_type":"MD5","sign":"aac08c19128e278531250bb4a4b2a339"}
[2017-04-19 13:04:13][info] 数据存储反馈成功！
[2017-04-19 13:04:13][info] success
[2017-04-19 13:04:13][info] 写入结束!!!
[2017-04-19 16:11:14][info] ----------------------------------------
[2017-04-19 16:11:14][info] {"discount":"0.00","payment_type":"1","subject":"\u6842\u6797\u6625\u6444","trade_no":"2017041921001004560221775874","buyer_email":"1391916948@qq.com","gmt_create":"2017-04-19 16:10:59","notify_type":"trade_status_sync","quantity":"1","out_trade_no":"LX-17041911194696601-b","seller_id":"2088421286007493","notify_time":"2017-04-19 16:11:14","body":"3-6\u6708\u6842\u6797\u6625\u6444\uff0c\u9f99\u810a\u68af\u7530-\u53e4\u6865\u7530\u56ed-\u4f1a\u4ed9\u6e7f\u5730-\u9633\u6714\u5c71\u6c34-\u5174\u576a\u4f73\u5883-\u6f13\u6c5f\u6e14\u706b-\u9ec4\u5e03\u5012\u5f71-\u9c7c\u9e70\u6668\u6355\uff0c6\u65e5\u6444\u5f71\u521b\u4f5c\u56e2","trade_status":"TRADE_SUCCESS","is_total_fee_adjust":"N","total_fee":"2480.00","gmt_payment":"2017-04-19 16:11:13","seller_email":"2287684289@qq.com","price":"2480.00","buyer_id":"2088212897871568","notify_id":"dad75c09fc3034f7794d98bf6bcb2d8kbm","use_coupon":"N","sign_type":"MD5","sign":"31a494d7303cc7a2b06b7f571821b2fa"}
[2017-04-19 16:11:14][info] 数据存储反馈成功！
[2017-04-19 16:11:14][info] success
[2017-04-19 16:11:14][info] 写入结束!!!
