[2017-10-13 09:57:11][info] ----------------------------------------
[2017-10-13 09:57:11][info] {"discount":"0.00","payment_type":"1","trade_no":"2017071221001004990254704633","subject":"\u4e1d\u7ef8\u4e4b\u8def\u8f7b\u5962\u6e38","buyer_email":"150141511@qq.com","gmt_create":"2017-07-12 09:56:28","notify_type":"trade_status_sync","quantity":"1","out_trade_no":"LX-17071209264682906-9","seller_id":"2088421286007493","notify_time":"2017-10-13 09:57:11","body":"\u9752\u6d77\u6e56-\u8336\u5361\u76d0\u6e56-\u6c99\u5c9b-\u7941\u8fde\u5c71-\u5f20\u6396-\u5609\u5cea\u5173-\u6566\u714c9\u65e5\u6e38","trade_status":"TRADE_FINISHED","is_total_fee_adjust":"N","total_fee":"9510.00","gmt_payment":"2017-07-12 09:56:34","seller_email":"2287684289@qq.com","gmt_close":"2017-10-13 09:57:10","price":"9510.00","buyer_id":"2088002190843997","notify_id":"0360c63fa3de9249b908c042682278ann2","use_coupon":"N","sign_type":"MD5","sign":"38554d667dd66f4abbcb9099dcfbd55e"}
[2017-10-13 09:57:11][info] 数据存储反馈成功！
[2017-10-13 09:57:11][info] success
[2017-10-13 09:57:11][info] 写入结束!!!
[2017-10-13 10:26:55][info] ----------------------------------------
[2017-10-13 10:26:55][info] {"discount":"0.00","payment_type":"1","trade_no":"2017071221001004040230823639","subject":"\u4e1d\u8def\u5dc5\u5cf0\u4f53\u9a8c\u4e5d\u65e5\u6e38B\u7ebf","buyer_email":"catey7@hotmail.com","gmt_create":"2017-07-12 10:25:52","notify_type":"trade_status_sync","quantity":"1","out_trade_no":"LX-1707052034403501-1","seller_id":"2088421286007493","notify_time":"2017-10-13 10:26:55","body":"\u9752\u6d77\u6e56-\u8336\u5361\u76d0\u6e56-\u9e23\u6c99\u5c71\u6708\u7259\u6cc9-\u83ab\u9ad8\u7a9f-\u96c5\u4e39\u9b54\u9b3c\u57ce-\u5609\u5cea\u5173-\u5f20\u6396\u4e39\u971e-\u9a6c\u8e44\u5bfa-\u5353\u5c14\u5c71\u8f7b\u5962\u52a8\u8f669\u65e5\u6e38","trade_status":"TRADE_FINISHED","is_total_fee_adjust":"N","total_fee":"8170.00","gmt_payment":"2017-07-12 10:26:06","seller_email":"2287684289@qq.com","gmt_close":"2017-10-13 10:26:54","price":"8170.00","buyer_id":"2088002344608049","notify_id":"0145d67d276e9fba38ec3bb2efe226agb6","use_coupon":"N","sign_type":"MD5","sign":"cbba4ffe9b20a2cb359647478ef88c90"}
[2017-10-13 10:26:55][info] 数据存储反馈成功！
[2017-10-13 10:26:55][info] success
[2017-10-13 10:26:55][info] 写入结束!!!
[2017-10-13 11:16:12][info] ----------------------------------------
[2017-10-13 11:16:12][info] {"discount":"0.00","payment_type":"1","trade_no":"2017071221001004990254898740","subject":"\u4e1d\u7ef8\u4e4b\u8def\u8f7b\u5962\u6e38","buyer_email":"150141511@qq.com","gmt_create":"2017-07-12 11:16:02","notify_type":"trade_status_sync","quantity":"1","out_trade_no":"LX-17071209264682906-0","seller_id":"2088421286007493","notify_time":"2017-10-13 11:16:12","body":"\u9752\u6d77\u6e56-\u8336\u5361\u76d0\u6e56-\u6c99\u5c9b-\u7941\u8fde\u5c71-\u5f20\u6396-\u5609\u5cea\u5173-\u6566\u714c9\u65e5\u6e38","trade_status":"TRADE_FINISHED","is_total_fee_adjust":"N","total_fee":"9510.00","gmt_payment":"2017-07-12 11:16:06","seller_email":"2287684289@qq.com","gmt_close":"2017-10-13 11:16:12","price":"9510.00","buyer_id":"2088002190843997","notify_id":"8d398797e9ab03e5eadc555790a4cb4nn2","use_coupon":"N","sign_type":"MD5","sign":"73957ed4d291cbcfd40248153720a712"}
[2017-10-13 11:16:12][info] 数据存储反馈成功！
[2017-10-13 11:16:12][info] success
[2017-10-13 11:16:12][info] 写入结束!!!
[2017-10-13 11:30:59][info] ----------------------------------------
[2017-10-13 11:30:59][info] {"discount":"0.00","payment_type":"1","trade_no":"2017071221001004070268450822","subject":"\u65b0\u7586\u5168\u666f","buyer_email":"13222911585","gmt_create":"2017-07-12 11:30:49","notify_type":"trade_status_sync","quantity":"1","out_trade_no":"LX-17061612472290406-d","seller_id":"2088421286007493","notify_time":"2017-10-13 11:30:59","body":"\u5580\u7eb3\u65af-\u79be\u6728-\u8d5b\u91cc\u6728\u6e56-\u85b0\u8863\u8349\u519c\u573a-\u5580\u62c9\u5cfb-\u90a3\u62c9\u63d0-\u5df4\u97f3\u5e03\u9c81\u514b-\u6c5f\u5e03\u62c9\u514b-\u4e94\u5f69\u6ee9-\u5410\u9c81\u756a13\u65e5\u6e38","trade_status":"TRADE_FINISHED","is_total_fee_adjust":"N","total_fee":"5380.00","gmt_payment":"2017-07-12 11:30:57","seller_email":"2287684289@qq.com","gmt_close":"2017-10-13 11:30:59","price":"5380.00","buyer_id":"2088102677539075","notify_id":"f099530fa6ed4a557ae6dccd8c557e1gji","use_coupon":"N","sign_type":"MD5","sign":"87a60c87210a8f5e3b9daeefed2f5b2e"}
[2017-10-13 11:31:00][info] 数据存储反馈成功！
[2017-10-13 11:31:00][info] success
[2017-10-13 11:31:00][info] 写入结束!!!
[2017-10-13 12:48:11][info] ----------------------------------------
[2017-10-13 12:48:11][info] {"discount":"0.00","payment_type":"1","trade_no":"2017071221001004730261700564","subject":"\u4e1d\u8def\u5dc5\u5cf0\u4f53\u9a8c\u5341\u65e5\u6e38","buyer_email":"13522948230","gmt_create":"2017-07-12 12:46:54","notify_type":"trade_status_sync","quantity":"1","out_trade_no":"LX-17071209242328006-3","seller_id":"2088421286007493","notify_time":"2017-10-13 12:48:11","body":"\u9752\u6d77\u6e56-\u8336\u5361\u76d0\u6e56-\u6c99\u5c9b-\u7941\u8fde-\u5f20\u6396\u4e39\u971e-\u5609\u5cea\u5173-\u6566\u714c\u5341\u65e5\u6e38","trade_status":"TRADE_FINISHED","is_total_fee_adjust":"N","total_fee":"5370.00","gmt_payment":"2017-07-12 12:47:04","seller_email":"2287684289@qq.com","gmt_close":"2017-10-13 12:48:11","price":"5370.00","buyer_id":"2088702944280730","notify_id":"bdf78af7e1815a347103669c8634e16lmu","use_coupon":"N","sign_type":"MD5","sign":"3567def5616260f573c244649dd8c1d5"}
[2017-10-13 12:48:11][info] 数据存储反馈成功！
[2017-10-13 12:48:11][info] success
[2017-10-13 12:48:11][info] 写入结束!!!
[2017-10-13 14:04:56][info] ----------------------------------------
[2017-10-13 14:04:56][info] {"discount":"0.00","payment_type":"1","trade_no":"2017071221001004850240698207","subject":"\u65b0\u7586\u5168\u666f","buyer_email":"13826173189","gmt_create":"2017-07-12 14:04:18","notify_type":"trade_status_sync","quantity":"1","out_trade_no":"LX-1707030909074501-c","seller_id":"2088421286007493","notify_time":"2017-10-13 14:04:56","body":"\u5580\u7eb3\u65af-\u79be\u6728-\u8d5b\u91cc\u6728\u6e56-\u85b0\u8863\u8349\u519c\u573a-\u5580\u62c9\u5cfb-\u90a3\u62c9\u63d0-\u5df4\u97f3\u5e03\u9c81\u514b-\u6c5f\u5e03\u62c9\u514b-\u4e94\u5f69\u6ee9-\u5410\u9c81\u756a13\u65e5\u6e38","trade_status":"TRADE_FINISHED","is_total_fee_adjust":"N","total_fee":"21290.00","gmt_payment":"2017-07-12 14:04:42","seller_email":"2287684289@qq.com","gmt_close":"2017-10-13 14:04:56","price":"21290.00","buyer_id":"2088502737741859","notify_id":"b1be0f01ec1b404996947940a91204amk6","use_coupon":"N","sign_type":"MD5","sign":"dfa960d512dc1a0c08a2d9d8096fb32e"}
[2017-10-13 14:04:56][info] 数据存储反馈成功！
[2017-10-13 14:04:56][info] success
[2017-10-13 14:04:56][info] 写入结束!!!
[2017-10-13 14:55:55][info] ----------------------------------------
[2017-10-13 14:55:55][info] {"discount":"0.00","payment_type":"1","trade_no":"2017071221001004650261131617","subject":"\u7518\u5357\u5168\u666f","buyer_email":"13611585454","gmt_create":"2017-07-12 13:40:01","notify_type":"trade_status_sync","quantity":"1","out_trade_no":"LX-17071121341435006-a","seller_id":"2088421286007493","notify_time":"2017-10-13 14:55:55","body":"2017\u5e74\u72ec\u5bb6  \u62c9\u535c\u695e\u5bfa-\u624e\u5c15\u90a3-\u82b1\u6e56-\u5e74\u5b9d\u7389\u5219-\u82e5\u5c14\u76d6\u8349\u539f-\u963f\u4e07\u4ed3\u6e7f\u5730-\u5c15\u6d77\u6e56-\u90ce\u6728\u5bfa 8\u65e5\u6e38","trade_status":"TRADE_FINISHED","is_total_fee_adjust":"N","total_fee":"13600.00","gmt_payment":"2017-07-12 14:55:37","seller_email":"2287684289@qq.com","gmt_close":"2017-10-13 14:55:55","price":"13600.00","buyer_id":"2088802571923650","notify_id":"c0ae3d79048f7dd56d84e4196ffc0bbl0m","use_coupon":"N","sign_type":"MD5","sign":"cf64f70cb648fca58c92436907431f3f"}
[2017-10-13 14:55:55][info] 数据存储反馈成功！
[2017-10-13 14:55:55][info] success
[2017-10-13 14:55:55][info] 写入结束!!!
[2017-10-13 15:45:57][info] ----------------------------------------
[2017-10-13 15:45:57][info] {"discount":"0.00","payment_type":"1","trade_no":"2017071221001004270224102185","subject":"\u7518\u5357\u5168\u666f","buyer_email":"13910602115","gmt_create":"2017-07-12 15:43:20","notify_type":"trade_status_sync","quantity":"1","out_trade_no":"LX-17071211082377806-2","seller_id":"2088421286007493","notify_time":"2017-10-13 15:45:57","body":"2017\u5e74\u72ec\u5bb6  \u62c9\u535c\u695e\u5bfa-\u624e\u5c15\u90a3-\u82b1\u6e56-\u5e74\u5b9d\u7389\u5219-\u82e5\u5c14\u76d6\u8349\u539f-\u963f\u4e07\u4ed3\u6e7f\u5730-\u5c15\u6d77\u6e56-\u90ce\u6728\u5bfa 8\u65e5\u6e38","trade_status":"TRADE_FINISHED","is_total_fee_adjust":"N","total_fee":"6560.00","gmt_payment":"2017-07-12 15:45:00","seller_email":"2287684289@qq.com","gmt_close":"2017-10-13 15:45:57","price":"6560.00","buyer_id":"2088122291741274","notify_id":"d3a9eb0495790df89add9eff982fe9di32","use_coupon":"N","sign_type":"MD5","sign":"ae05e105429073623bc22bf33b50c93e"}
[2017-10-13 15:45:57][info] 数据存储反馈成功！
[2017-10-13 15:45:57][info] success
[2017-10-13 15:45:57][info] 写入结束!!!
[2017-10-13 16:14:56][info] ----------------------------------------
[2017-10-13 16:14:56][info] {"discount":"0.00","payment_type":"1","trade_no":"2017071221001004440225641477","subject":"\u8d35\u5dde\u5168\u666f\u6e38","buyer_email":"13823099636","gmt_create":"2017-07-12 16:14:03","notify_type":"trade_status_sync","quantity":"1","out_trade_no":"LX-17071210505827506-8","seller_id":"2088421286007493","notify_time":"2017-10-13 16:14:56","body":"\u897f\u6c5f\u5343\u6237\u82d7\u5be8-\u8354\u6ce2-\u9ed4\u4e1c\u5357-\u9547\u8fdc-\u9ec4\u679c\u6811-\u79d8\u5883\u8302\u5170\u6df1\u5ea6\u7eaf\u73a9\u4e5d\u65e5\u6e38","trade_status":"TRADE_FINISHED","is_total_fee_adjust":"N","total_fee":"5030.00","gmt_payment":"2017-07-12 16:14:14","seller_email":"2287684289@qq.com","gmt_close":"2017-10-13 16:14:56","price":"5030.00","buyer_id":"2088122529184440","notify_id":"19760cb2c5ca266a1daec7febc37c37jea","use_coupon":"N","sign_type":"MD5","sign":"8dd3ea11615995f93f6cac56584cf683"}
[2017-10-13 16:14:56][info] 数据存储反馈成功！
[2017-10-13 16:14:56][info] success
[2017-10-13 16:14:56][info] 写入结束!!!
[2017-10-13 16:32:58][info] ----------------------------------------
[2017-10-13 16:32:58][info] {"discount":"0.00","payment_type":"1","trade_no":"2017071221001004060272410163","subject":"\u65b0\u7586\u5168\u666f","buyer_email":"fangwei2000@21cn.com","gmt_create":"2017-07-12 16:32:13","notify_type":"trade_status_sync","quantity":"1","out_trade_no":"LX-17070709313364801-5","seller_id":"2088421286007493","notify_time":"2017-10-13 16:32:58","body":"\u5580\u7eb3\u65af-\u79be\u6728-\u8d5b\u91cc\u6728\u6e56-\u85b0\u8863\u8349\u519c\u573a-\u5580\u62c9\u5cfb-\u90a3\u62c9\u63d0-\u5df4\u97f3\u5e03\u9c81\u514b-\u6c5f\u5e03\u62c9\u514b-\u4e94\u5f69\u6ee9-\u5410\u9c81\u756a13\u65e5\u6e38","trade_status":"TRADE_FINISHED","is_total_fee_adjust":"N","total_fee":"6640.00","gmt_payment":"2017-07-12 16:32:19","seller_email":"2287684289@qq.com","gmt_close":"2017-10-13 16:32:58","price":"6640.00","buyer_id":"2088002044036063","notify_id":"0bfaad1c5389174a53d99a4df7ad280ggq","use_coupon":"N","sign_type":"MD5","sign":"76ca339e5dad4c494076e4cd93404ae8"}
[2017-10-13 16:32:58][info] 数据存储反馈成功！
[2017-10-13 16:32:58][info] success
[2017-10-13 16:32:58][info] 写入结束!!!
[2017-10-13 16:52:04][info] ----------------------------------------
[2017-10-13 16:52:04][info] {"discount":"0.00","payment_type":"1","trade_no":"2017071221001004110273137601","subject":"\u5317\u7586\u91d1\u79cb\u6df1\u5ea6","buyer_email":"wumeifeiduo190@sina.com","gmt_create":"2017-07-12 16:50:53","notify_type":"trade_status_sync","quantity":"1","out_trade_no":"LX-17071216333716201-7","seller_id":"2088421286007493","notify_time":"2017-10-13 16:52:04","body":"38\u5c0f\u65f6\u79be\u6728-\u5580\u7eb3\u65af-\u767d\u54c8\u5df4-\u53ef\u53ef\u82cf\u91cc\u6e56-\u53ef\u53ef\u6258\u6d77-\u4e94\u5f69\u6ee9-\u9b54\u9b3c\u57ce10\u65e5\u5927\u73af\u7ebf","trade_status":"TRADE_FINISHED","is_total_fee_adjust":"N","total_fee":"7330.00","gmt_payment":"2017-07-12 16:51:08","seller_email":"2287684289@qq.com","gmt_close":"2017-10-13 16:52:04","price":"7330.00","buyer_id":"2088302151726115","notify_id":"210d0b9a5c7fef3111c0e633582f91cgum","use_coupon":"N","sign_type":"MD5","sign":"57ae90eff739049707a52e5c536449ef"}
[2017-10-13 16:52:04][info] 数据存储反馈成功！
[2017-10-13 16:52:04][info] success
[2017-10-13 16:52:04][info] 写入结束!!!
[2017-10-13 19:03:51][info] ----------------------------------------
[2017-10-13 19:03:51][info] {"discount":"0.00","payment_type":"1","trade_no":"2017071221001004200220584840","subject":"\u7518\u5357\u5168\u666f","buyer_email":"13501226537","gmt_create":"2017-07-12 19:02:49","notify_type":"trade_status_sync","quantity":"1","out_trade_no":"LX-17071218483630601-b","seller_id":"2088421286007493","notify_time":"2017-10-13 19:03:51","body":"2017\u5e74\u72ec\u5bb6  \u62c9\u535c\u695e\u5bfa-\u624e\u5c15\u90a3-\u82b1\u6e56-\u5e74\u5b9d\u7389\u5219-\u82e5\u5c14\u76d6\u8349\u539f-\u963f\u4e07\u4ed3\u6e7f\u5730-\u5c15\u6d77\u6e56-\u90ce\u6728\u5bfa 8\u65e5\u6e38","trade_status":"TRADE_FINISHED","is_total_fee_adjust":"N","total_fee":"3280.00","gmt_payment":"2017-07-12 19:03:00","seller_email":"2287684289@qq.com","gmt_close":"2017-10-13 19:03:50","price":"3280.00","buyer_id":"2088012352089206","notify_id":"ab9b2110b58f1422f0e94740b869632hjm","use_coupon":"N","sign_type":"MD5","sign":"747da6852beb6b6f9341069863e439b5"}
[2017-10-13 19:03:51][info] 数据存储反馈成功！
[2017-10-13 19:03:51][info] success
[2017-10-13 19:03:51][info] 写入结束!!!
[2017-10-13 21:37:07][info] ----------------------------------------
[2017-10-13 21:37:07][info] {"discount":"0.00","payment_type":"1","trade_no":"2017071221001004360226673272","subject":"\u65b0\u7586\u5168\u666f","buyer_email":"13803276788","gmt_create":"2017-07-12 21:35:59","notify_type":"trade_status_sync","quantity":"1","out_trade_no":"LX-17071220540578501-6","seller_id":"2088421286007493","notify_time":"2017-10-13 21:37:07","body":"\u5580\u7eb3\u65af-\u79be\u6728-\u8d5b\u91cc\u6728\u6e56-\u85b0\u8863\u8349\u519c\u573a-\u5580\u62c9\u5cfb-\u90a3\u62c9\u63d0-\u5df4\u97f3\u5e03\u9c81\u514b-\u6c5f\u5e03\u62c9\u514b-\u4e94\u5f69\u6ee9-\u5410\u9c81\u756a13\u65e5\u6e38","trade_status":"TRADE_FINISHED","is_total_fee_adjust":"N","total_fee":"10600.00","gmt_payment":"2017-07-12 21:36:41","seller_email":"2287684289@qq.com","gmt_close":"2017-10-13 21:37:07","price":"10600.00","buyer_id":"2088622536544364","notify_id":"29590551690a1752cbe8ba4e1fe03e9is2","use_coupon":"N","sign_type":"MD5","sign":"419e2013366d0e3588a94add8b36eb4d"}
[2017-10-13 21:37:08][info] 数据存储反馈成功！
[2017-10-13 21:37:08][info] success
[2017-10-13 21:37:08][info] 写入结束!!!
