[2017-09-06 09:53:01][info] ----------------------------------------
[2017-09-06 09:53:01][info] {"discount":"0.00","payment_type":"1","trade_no":"2017090621001004570255740991","subject":"\u5317\u7586\u91d1\u79cb\u7ecf\u5178\u73af\u7ebf","buyer_email":"13828237128","gmt_create":"2017-09-06 09:52:50","notify_type":"trade_status_sync","quantity":"1","out_trade_no":"LX-17090519451510306-b","seller_id":"2088421286007493","notify_time":"2017-09-06 09:53:01","body":"\u5580\u7eb3\u65af-\u767d\u54c8\u5df4-\u79be\u6728-\u4e94\u5f69\u6ee9-\u9b54\u9b3c\u57ce-\u53ef\u53ef\u6258\u6d77 9\u65e5\u6df1\u5ea6\u6e38","trade_status":"TRADE_SUCCESS","is_total_fee_adjust":"N","total_fee":"10060.00","gmt_payment":"2017-09-06 09:53:00","seller_email":"2287684289@qq.com","price":"10060.00","buyer_id":"2088222083550579","notify_id":"cc4805e7fea71f449d887c1924b214ekee","use_coupon":"N","sign_type":"MD5","sign":"cb9db1c1045ed7c399f4ba001b3f7137"}
[2017-09-06 09:53:01][info] 数据存储反馈成功！
[2017-09-06 09:53:01][info] success
[2017-09-06 09:53:01][info] 写入结束!!!
[2017-09-06 09:55:24][info] ----------------------------------------
[2017-09-06 09:55:24][info] {"discount":"0.00","payment_type":"1","trade_no":"2017090621001004020256673038","subject":"\u989d\u6d4e\u7eb3\u6700\u7f8e\u9ad8\u94c1\u56e2","buyer_email":"49468304@qq.com","gmt_create":"2017-09-06 09:55:10","notify_type":"trade_status_sync","quantity":"1","out_trade_no":"LX-17082314240551006-1","seller_id":"2088421286007493","notify_time":"2017-09-06 09:55:24","body":"2017\u989d\u6d4e\u7eb3\u65d7\u80e1\u6768\u6797\u516d\u65e5\u6e38-\u9886\u8896\u6237\u5916\u72ec\u5bb6\u9996\u521b","trade_status":"TRADE_SUCCESS","is_total_fee_adjust":"N","total_fee":"3422.00","gmt_payment":"2017-09-06 09:55:24","seller_email":"2287684289@qq.com","price":"3422.00","buyer_id":"2088002741910028","notify_id":"369a1ab9884d3662ad7b7374f885e8fg5m","use_coupon":"N","sign_type":"MD5","sign":"a20cb1ba272a1936cccb3e1050cfbb23"}
[2017-09-06 09:55:25][info] 数据存储反馈成功！
[2017-09-06 09:55:25][info] success
[2017-09-06 09:55:25][info] 写入结束!!!
[2017-09-06 10:49:58][info] ----------------------------------------
[2017-09-06 10:49:58][info] {"discount":"0.00","payment_type":"1","trade_no":"2017060521001004280278566465","subject":"\u8349\u539f8\u65e5\u73af\u7ebf","buyer_email":"13807483802","gmt_create":"2017-06-05 10:48:25","notify_type":"trade_status_sync","quantity":"1","out_trade_no":"LX-17060416134877306-1","seller_id":"2088421286007493","notify_time":"2017-09-06 10:49:58","body":"\u54c8\u5c14\u6ee8-\u624e\u9f99\u4fdd\u62a4\u533a-\u963f\u8363\u65d7-\u6ee1\u6d32\u91cc-\u5ba4\u97e6-\u963f\u5c14\u5c71-\u957f\u66258\u65e5\u5927\u73af\u7ebf","trade_status":"TRADE_FINISHED","is_total_fee_adjust":"N","total_fee":"6560.00","gmt_payment":"2017-06-05 10:48:56","seller_email":"2287684289@qq.com","gmt_close":"2017-09-06 10:49:58","price":"6560.00","buyer_id":"2088612760919283","notify_id":"202e2cfd86d98366ade559f44a64ecfi5u","use_coupon":"N","sign_type":"MD5","sign":"56c7f59e9a4e4d94a4655a87b3895b98"}
[2017-09-06 10:49:58][info] 数据存储反馈成功！
[2017-09-06 10:49:58][info] success
[2017-09-06 10:49:58][info] 写入结束!!!
[2017-09-06 10:53:19][info] ----------------------------------------
[2017-09-06 10:53:19][info] {"discount":"0.00","payment_type":"1","trade_no":"2017090621001004860267202558","subject":"\u575d\u4e0a\u79cb\u6444","buyer_email":"leekang@zjyh.gov.cn","gmt_create":"2017-09-06 10:52:32","notify_type":"trade_status_sync","quantity":"1","out_trade_no":"LX-1708211732372901-d","seller_id":"2088421286007493","notify_time":"2017-09-06 10:53:19","body":"9-10\u6708\u91d1\u79cb\uff0c\u5317\u6c9f\u3001\u6768\u6811\u80cc\u3001\u4e94\u5f69\u5c71\u3001\u86e4\u87c6\u575d\u3001\u91ce\u9e2d\u6e56\u3001\u516c\u4e3b\u6e56\u7b49\u575d\u4e0a\u8349\u539f\u79cb\u8272\u4e00\u7f51\u6253\u5c3d 6\u65e5\u6444\u5f71\u521b\u4f5c\u56e2\uff08\u575d\u4e0a\u62cd\u64444\u5929\uff09","trade_status":"TRADE_SUCCESS","is_total_fee_adjust":"N","total_fee":"5200.00","gmt_payment":"2017-09-06 10:53:18","seller_email":"2287684289@qq.com","price":"5200.00","buyer_id":"2088102073606861","notify_id":"0615687607bbc53de7e11633e83db81mmy","use_coupon":"N","sign_type":"MD5","sign":"b9d729a85d16bdf11d2efcbe8eae3483"}
[2017-09-06 10:53:19][info] 数据存储反馈成功！
[2017-09-06 10:53:19][info] success
[2017-09-06 10:53:19][info] 写入结束!!!
[2017-09-06 11:36:56][info] ----------------------------------------
[2017-09-06 11:36:56][info] {"discount":"0.00","payment_type":"1","trade_no":"2017090621001004470237549113","subject":"\u9955\u992e\u8d4f\u79cb","buyer_email":"13698677068","gmt_create":"2017-09-06 11:36:20","notify_type":"trade_status_sync","quantity":"1","out_trade_no":"LX-17090520291062901-b","seller_id":"2088421286007493","notify_time":"2017-09-06 11:36:56","body":"\u9752\u6d77\u6e56-\u8336\u5361\u76d0\u6e56-\u83ab\u9ad8\u7a9f-\u9e23\u6c99\u5c71-\u6708\u7259\u6cc9-\u5609\u5cea\u5173-\u989d\u6d4e\u7eb3\u80e1\u6768\u6797-\u5353\u5c14\u5c7110\u65e5\u5927\u73af\u7ebf","trade_status":"TRADE_SUCCESS","is_total_fee_adjust":"N","total_fee":"17040.00","gmt_payment":"2017-09-06 11:36:56","seller_email":"2287684289@qq.com","price":"17040.00","buyer_id":"2088802769681472","notify_id":"53f103849e61c03fd96ebdc533a074ejmm","use_coupon":"N","sign_type":"MD5","sign":"d39289bcde2d7aa97097031a461d5f31"}
[2017-09-06 11:36:56][info] 数据存储反馈成功！
[2017-09-06 11:36:56][info] success
[2017-09-06 11:36:56][info] 写入结束!!!
[2017-09-06 11:44:29][info] ----------------------------------------
[2017-09-06 11:44:29][info] {"discount":"0.00","payment_type":"1","trade_no":"2017090621001004520262442661","subject":"\u989d\u6d4e\u7eb3\u5168\u666f","buyer_email":"13908050386","gmt_create":"2017-09-06 11:44:09","notify_type":"trade_status_sync","quantity":"1","out_trade_no":"LX-17090523073658006-7","seller_id":"2088421286007493","notify_time":"2017-09-06 11:44:29","body":"\u989d\u6d4e\u7eb3\u80e1\u6768\u6797-\u6566\u714c\u5168\u666f-\u5df4\u4e39\u5409\u6797-\u5f20\u6396\u4e39\u971e-\u5609\u5cea\u5173-\u91d1\u5854\u80e1\u6768\u6797-\u52a8\u8f668\u65e5","trade_status":"TRADE_SUCCESS","is_total_fee_adjust":"N","total_fee":"3980.00","gmt_payment":"2017-09-06 11:44:29","seller_email":"2287684289@qq.com","price":"3980.00","buyer_id":"2088302970230521","notify_id":"b0e05ab8f8696d332169cecfb85bb14k0i","use_coupon":"N","sign_type":"MD5","sign":"0bc21cf7a0244a12f0423668d6efacb4"}
[2017-09-06 11:44:30][info] 数据存储反馈成功！
[2017-09-06 11:44:30][info] success
[2017-09-06 11:44:30][info] 写入结束!!!
[2017-09-06 12:42:30][info] ----------------------------------------
[2017-09-06 12:42:30][info] {"discount":"0.00","payment_type":"1","trade_no":"2017090621001004930262939631","subject":"\u989d\u6d4e\u7eb3\u6700\u7f8e\u9ad8\u94c1\u56e2","buyer_email":"17687731979","gmt_create":"2017-09-06 12:33:07","notify_type":"trade_status_sync","quantity":"1","out_trade_no":"LX-17090611510729006-8","seller_id":"2088421286007493","notify_time":"2017-09-06 12:42:30","body":"2017\u989d\u6d4e\u7eb3\u65d7\u80e1\u6768\u6797\u516d\u65e5\u6e38-\u9886\u8896\u6237\u5916\u72ec\u5bb6\u9996\u521b","trade_status":"TRADE_SUCCESS","is_total_fee_adjust":"N","total_fee":"12720.00","gmt_payment":"2017-09-06 12:42:30","seller_email":"2287684289@qq.com","price":"12720.00","buyer_id":"2088902183398931","notify_id":"3e04dc0ade8403e2594b2c16fbfa6aan6e","use_coupon":"N","sign_type":"MD5","sign":"5eee424004d3914f1a1e44d7861c36db"}
[2017-09-06 12:42:30][info] 数据存储反馈成功！
[2017-09-06 12:42:30][info] success
[2017-09-06 12:42:30][info] 写入结束!!!
[2017-09-06 13:09:52][info] ----------------------------------------
[2017-09-06 13:09:52][info] {"discount":"0.00","payment_type":"1","trade_no":"2017090621001004200214548513","subject":"\u989d\u6d4e\u7eb3\u6444\u5f71B\u7ebf","buyer_email":"18910270612","gmt_create":"2017-09-06 13:09:42","notify_type":"trade_status_sync","quantity":"1","out_trade_no":"LX-17082313414159306-8","seller_id":"2088421286007493","notify_time":"2017-09-06 13:09:52","body":"\u989d\u6d4e\u7eb3\u80e1\u6768\u6797-\u5df4\u4e39\u5409\u6797\u8179\u5730-\u91d1\u5854\u80e1\u6768\u6797-\u602a\u6811\u6797-\u516b\u65e5","trade_status":"TRADE_SUCCESS","is_total_fee_adjust":"N","total_fee":"2490.00","gmt_payment":"2017-09-06 13:09:51","seller_email":"2287684289@qq.com","price":"2490.00","buyer_id":"2088502788342205","notify_id":"7bed6d7050b06eab1c286451735e109hjm","use_coupon":"N","sign_type":"MD5","sign":"3145739cd26307c878eb0e8b45073107"}
[2017-09-06 13:09:52][info] 数据存储反馈成功！
[2017-09-06 13:09:52][info] success
[2017-09-06 13:09:52][info] 写入结束!!!
[2017-09-06 13:32:39][info] ----------------------------------------
[2017-09-06 13:32:39][info] {"discount":"0.00","payment_type":"1","trade_no":"2017090621001004350208456850","subject":"\u989d\u6d4e\u7eb3\u5168\u666f","buyer_email":"346298307@qq.com","gmt_create":"2017-09-06 13:32:29","notify_type":"trade_status_sync","quantity":"1","out_trade_no":"LX-17090613235667501-6","seller_id":"2088421286007493","notify_time":"2017-09-06 13:32:39","body":"\u989d\u6d4e\u7eb3\u80e1\u6768\u6797-\u6566\u714c\u5168\u666f-\u5df4\u4e39\u5409\u6797-\u5f20\u6396\u4e39\u971e-\u5609\u5cea\u5173-\u91d1\u5854\u80e1\u6768\u6797-\u52a8\u8f668\u65e5","trade_status":"TRADE_SUCCESS","is_total_fee_adjust":"N","total_fee":"2240.00","gmt_payment":"2017-09-06 13:32:39","seller_email":"2287684289@qq.com","price":"2240.00","buyer_id":"2088002453280354","notify_id":"2ed2b3ec79b5c109d7c1fa72e17eafcipa","use_coupon":"N","sign_type":"MD5","sign":"93fb865db3d8d231bd53ac9d7b2431e4"}
[2017-09-06 13:32:39][info] 数据存储反馈成功！
[2017-09-06 13:32:39][info] success
[2017-09-06 13:32:39][info] 写入结束!!!
[2017-09-06 13:35:54][info] ----------------------------------------
[2017-09-06 13:35:54][info] {"discount":"0.00","payment_type":"1","trade_no":"2017090621001004240226194838","subject":"\u989d\u6d4e\u7eb3\u5168\u666f","buyer_email":"sabrina.xnll@163.com","gmt_create":"2017-09-06 13:35:44","notify_type":"trade_status_sync","quantity":"1","out_trade_no":"LX-17090613102642101-6","seller_id":"2088421286007493","notify_time":"2017-09-06 13:35:54","body":"\u989d\u6d4e\u7eb3\u80e1\u6768\u6797-\u6566\u714c\u5168\u666f-\u5df4\u4e39\u5409\u6797-\u5f20\u6396\u4e39\u971e-\u5609\u5cea\u5173-\u91d1\u5854\u80e1\u6768\u6797-\u52a8\u8f668\u65e5","trade_status":"TRADE_SUCCESS","is_total_fee_adjust":"N","total_fee":"2240.00","gmt_payment":"2017-09-06 13:35:54","seller_email":"2287684289@qq.com","price":"2240.00","buyer_id":"2088102078941244","notify_id":"0527ff51d6562e51dcde7664025d4ddhuq","use_coupon":"N","sign_type":"MD5","sign":"8d1b4639e0b3075238663db364d02164"}
[2017-09-06 13:35:54][info] 数据存储反馈成功！
[2017-09-06 13:35:54][info] success
[2017-09-06 13:35:54][info] 写入结束!!!
[2017-09-06 13:45:46][info] ----------------------------------------
[2017-09-06 13:45:46][info] {"discount":"0.00","payment_type":"1","trade_no":"2017090621001004930263079053","subject":"\u989d\u6d4e\u7eb3\u6700\u7f8e\u9ad8\u94c1\u56e2","buyer_email":"17687731979","gmt_create":"2017-09-06 13:44:16","notify_type":"trade_status_sync","quantity":"1","out_trade_no":"LX-17090612393915806-2","seller_id":"2088421286007493","notify_time":"2017-09-06 13:45:46","body":"2017\u989d\u6d4e\u7eb3\u65d7\u80e1\u6768\u6797\u516d\u65e5\u6e38-\u9886\u8896\u6237\u5916\u72ec\u5bb6\u9996\u521b","trade_status":"TRADE_SUCCESS","is_total_fee_adjust":"N","total_fee":"6760.00","gmt_payment":"2017-09-06 13:45:45","seller_email":"2287684289@qq.com","price":"6760.00","buyer_id":"2088902183398931","notify_id":"87d1ff47c9d672dc3f637a713884cbfn6e","use_coupon":"N","sign_type":"MD5","sign":"e1ae3e7b7e95fddaf44973ce96fcc576"}
[2017-09-06 13:45:46][info] 数据存储反馈成功！
[2017-09-06 13:45:46][info] success
[2017-09-06 13:45:46][info] 写入结束!!!
[2017-09-06 13:48:58][info] ----------------------------------------
[2017-09-06 13:48:58][info] {"discount":"0.00","payment_type":"1","trade_no":"2017090621001004910276249211","subject":"\u65b0\u7586\u91d1\u79cb\u5927\u73af\u7ebf","buyer_email":"15325521535","gmt_create":"2017-09-06 13:48:45","notify_type":"trade_status_sync","quantity":"1","out_trade_no":"LX-17081609053588606-5","seller_id":"2088421286007493","notify_time":"2017-09-06 13:48:58","body":"\u5580\u7eb3\u65af-\u79be\u6728-\u767d\u54c8\u5df4-\u8d5b\u91cc\u6728\u6e56-\u5df4\u97f3\u5e03\u9c81\u514b-\u5410\u9c81\u756a-\u5854\u91cc\u6728\u6cb3\u80e1\u6768\u679712\u65e5\u6df1\u5ea6\u6e38","trade_status":"TRADE_SUCCESS","is_total_fee_adjust":"N","total_fee":"5280.00","gmt_payment":"2017-09-06 13:48:57","seller_email":"2287684289@qq.com","price":"5280.00","buyer_id":"2088912173788912","notify_id":"a24fc79870cbb701020ae5cac93d697n0u","use_coupon":"N","sign_type":"MD5","sign":"63804b33abfbc8e3681e95e8e215311a"}
[2017-09-06 13:48:58][info] 数据存储反馈成功！
[2017-09-06 13:48:58][info] success
[2017-09-06 13:48:58][info] 写入结束!!!
[2017-09-06 14:18:48][info] ----------------------------------------
[2017-09-06 14:18:48][info] {"discount":"0.00","payment_type":"1","trade_no":"2017090621001004320252261386","subject":"\u7518\u5357\u5168\u666f","buyer_email":"491973179@qq.com","gmt_create":"2017-09-06 14:18:14","notify_type":"trade_status_sync","quantity":"1","out_trade_no":"LX-17080812475191901-2","seller_id":"2088421286007493","notify_time":"2017-09-06 14:18:48","body":"2017\u5e74\u72ec\u5bb6  \u62c9\u535c\u695e\u5bfa-\u624e\u5c15\u90a3-\u82b1\u6e56-\u5e74\u5b9d\u7389\u5219-\u82e5\u5c14\u76d6\u8349\u539f-\u963f\u4e07\u4ed3\u6e7f\u5730-\u5c15\u6d77\u6e56-\u90ce\u6728\u5bfa 8\u65e5\u6e38","trade_status":"TRADE_SUCCESS","is_total_fee_adjust":"N","total_fee":"3320.00","gmt_payment":"2017-09-06 14:18:47","seller_email":"2287684289@qq.com","price":"3320.00","buyer_id":"2088202796104324","notify_id":"b04c3bea6c395688e677d6b6d3e459bigy","use_coupon":"N","sign_type":"MD5","sign":"9b2a87b8bba6abd25b3261909fc3cce5"}
[2017-09-06 14:18:48][info] 数据存储反馈成功！
[2017-09-06 14:18:48][info] success
[2017-09-06 14:18:48][info] 写入结束!!!
[2017-09-06 14:50:24][info] ----------------------------------------
[2017-09-06 14:50:24][info] {"discount":"0.00","payment_type":"1","trade_no":"2017090621001004100239386507","subject":"\u9189\u7f8e\u666e\u8005\u9ed1","buyer_email":"yu_1627@163.com","gmt_create":"2017-09-06 14:49:49","notify_type":"trade_status_sync","quantity":"1","out_trade_no":"LX-17090611083147001-e","seller_id":"2088421286007493","notify_time":"2017-09-06 14:50:24","body":"\u300a\u4e09\u751f\u4e09\u4e16\u300b\u666e\u8005\u9ed1-\u4e16\u5916\u6843\u6e90\u575d\u7f8e-\u9a6c\u5cad\u6cb3\u5927\u5ce1\u8c37-\u9189\u7f8e\u4e07\u5cf0\u6797-\u4e07\u5cf0\u6e56-\u629a\u4ed9\u6e568\u65e5\u6df1\u5ea6\u6e38","trade_status":"TRADE_SUCCESS","is_total_fee_adjust":"N","total_fee":"3480.00","gmt_payment":"2017-09-06 14:50:24","seller_email":"2287684289@qq.com","price":"3480.00","buyer_id":"2088202944319101","notify_id":"523624084eb61b0be2c7b898b1804a3gru","use_coupon":"N","sign_type":"MD5","sign":"a066f713f8014931a1686b337c8af51e"}
[2017-09-06 14:50:24][info] 数据存储反馈成功！
[2017-09-06 14:50:24][info] success
[2017-09-06 14:50:24][info] 写入结束!!!
[2017-09-06 15:52:14][info] ----------------------------------------
[2017-09-06 15:52:14][info] {"discount":"0.00","payment_type":"1","trade_no":"2017090621001004620250223746","subject":"\u5927\u7f8e\u5ddd\u85cf","buyer_email":"good5201112dad@163.com","gmt_create":"2017-09-06 15:52:05","notify_type":"trade_status_sync","quantity":"1","out_trade_no":"LX-17080523284250301-0","seller_id":"2088421286007493","notify_time":"2017-09-06 15:52:14","body":"2017\u4ece\u4f60\u7684\u5168\u4e16\u754c\u8def\u8fc7 \u2014 \u5ddd\u85cf\u5357\u7ebf+\u6ec7\u85cf\u7ebf+\u7a3b\u57ce\u4e9a\u4e01+\u6885\u91cc\u96ea\u5c71+\u6765\u53e4\u675111\u65e5\u6e38","trade_status":"TRADE_SUCCESS","is_total_fee_adjust":"N","total_fee":"9300.00","gmt_payment":"2017-09-06 15:52:13","seller_email":"2287684289@qq.com","price":"9300.00","buyer_id":"2088002334291620","notify_id":"f87460a553dc9126ada7aa2af1e1be1ksa","use_coupon":"N","sign_type":"MD5","sign":"1ea5856302a20da9a5f4a07d7d455216"}
[2017-09-06 15:52:14][info] 数据存储反馈成功！
[2017-09-06 15:52:14][info] success
[2017-09-06 15:52:14][info] 写入结束!!!
[2017-09-06 17:18:17][info] ----------------------------------------
[2017-09-06 17:18:17][info] {"discount":"0.00","payment_type":"1","trade_no":"2017090621001004640212040396","subject":"\u8d35\u5dde\u5168\u666f\u6e38","buyer_email":"18646295535","gmt_create":"2017-09-06 17:17:50","notify_type":"trade_status_sync","quantity":"1","out_trade_no":"LX-17090616250513206-c","seller_id":"2088421286007493","notify_time":"2017-09-06 17:18:17","body":"\u897f\u6c5f\u5343\u6237\u82d7\u5be8-\u8354\u6ce2-\u9ed4\u4e1c\u5357-\u9547\u8fdc-\u9ec4\u679c\u6811-\u79d8\u5883\u8302\u5170\u6df1\u5ea6\u7eaf\u73a9\u4e5d\u65e5\u6e38","trade_status":"TRADE_SUCCESS","is_total_fee_adjust":"N","total_fee":"7960.00","gmt_payment":"2017-09-06 17:18:17","seller_email":"2287684289@qq.com","price":"7960.00","buyer_id":"2088812684852644","notify_id":"cfa39b06c9709bbe105dc6239b4c278kxu","use_coupon":"N","sign_type":"MD5","sign":"62ed574217f2eb4d81b40d35eb0fe22c"}
[2017-09-06 17:18:18][info] 数据存储反馈成功！
[2017-09-06 17:18:18][info] success
[2017-09-06 17:18:18][info] 写入结束!!!
[2017-09-06 18:13:57][info] ----------------------------------------
[2017-09-06 18:13:57][info] {"discount":"0.00","payment_type":"1","trade_no":"2017090621001004510233917605","subject":"\u65b0\u7586\u91d1\u79cb\u5927\u73af\u7ebf","buyer_email":"lhw0920@163.com","gmt_create":"2017-09-06 18:13:41","notify_type":"trade_status_sync","quantity":"1","out_trade_no":"LX-17090316114852801-f","seller_id":"2088421286007493","notify_time":"2017-09-06 18:13:57","body":"\u5580\u7eb3\u65af-\u79be\u6728-\u767d\u54c8\u5df4-\u8d5b\u91cc\u6728\u6e56-\u5df4\u97f3\u5e03\u9c81\u514b-\u5410\u9c81\u756a-\u5854\u91cc\u6728\u6cb3\u80e1\u6768\u679712\u65e5\u6df1\u5ea6\u6e38","trade_status":"TRADE_SUCCESS","is_total_fee_adjust":"N","total_fee":"6080.00","gmt_payment":"2017-09-06 18:13:57","seller_email":"2287684289@qq.com","price":"6080.00","buyer_id":"2088102106033512","notify_id":"1e156af32946b1a7c9797f8887efb5djxq","use_coupon":"N","sign_type":"MD5","sign":"6cd27d8e34a46075a57b58197e045ad0"}
[2017-09-06 18:13:58][info] 数据存储反馈成功！
[2017-09-06 18:13:58][info] success
[2017-09-06 18:13:58][info] 写入结束!!!
[2017-09-06 18:47:16][info] ----------------------------------------
[2017-09-06 18:47:16][info] {"discount":"0.00","payment_type":"1","trade_no":"2017090621001004130207533432","subject":"\u7518\u5357\u5168\u666f","buyer_email":"wlh5979130@sohu.com","gmt_create":"2017-09-06 18:47:10","notify_type":"trade_status_sync","quantity":"1","out_trade_no":"LX-17090618352251606-2","seller_id":"2088421286007493","notify_time":"2017-09-06 18:47:16","body":"2017\u5e74\u72ec\u5bb6  \u62c9\u535c\u695e\u5bfa-\u624e\u5c15\u90a3-\u82b1\u6e56-\u5e74\u5b9d\u7389\u5219-\u82e5\u5c14\u76d6\u8349\u539f-\u963f\u4e07\u4ed3\u6e7f\u5730-\u5c15\u6d77\u6e56-\u90ce\u6728\u5bfa 8\u65e5\u6e38","trade_status":"TRADE_SUCCESS","is_total_fee_adjust":"N","total_fee":"3910.00","gmt_payment":"2017-09-06 18:47:16","seller_email":"2287684289@qq.com","price":"3910.00","buyer_id":"2088002665267134","notify_id":"4f9c6282ffc8cf6d014769ce38fe59fh06","use_coupon":"N","sign_type":"MD5","sign":"858ecaa9245b6a8abe64579454c0c5d5"}
[2017-09-06 18:47:16][info] 数据存储反馈成功！
[2017-09-06 18:47:16][info] success
[2017-09-06 18:47:16][info] 写入结束!!!
[2017-09-06 20:08:11][info] ----------------------------------------
[2017-09-06 20:08:11][info] {"discount":"0.00","payment_type":"1","trade_no":"2017090621001004900283936784","subject":"\u7518\u5357\u5168\u666f","buyer_email":"18630365240","gmt_create":"2017-09-06 20:07:57","notify_type":"trade_status_sync","quantity":"1","out_trade_no":"LX-17090520024422706-d","seller_id":"2088421286007493","notify_time":"2017-09-06 20:08:11","body":"2017\u5e74\u72ec\u5bb6  \u62c9\u535c\u695e\u5bfa-\u624e\u5c15\u90a3-\u82b1\u6e56-\u5e74\u5b9d\u7389\u5219-\u82e5\u5c14\u76d6\u8349\u539f-\u963f\u4e07\u4ed3\u6e7f\u5730-\u5c15\u6d77\u6e56-\u90ce\u6728\u5bfa 8\u65e5\u6e38","trade_status":"TRADE_SUCCESS","is_total_fee_adjust":"N","total_fee":"3380.00","gmt_payment":"2017-09-06 20:08:10","seller_email":"2287684289@qq.com","price":"3380.00","buyer_id":"2088702841864909","notify_id":"3cc67ba171015ad6eb12d5178e6463fmy2","use_coupon":"N","sign_type":"MD5","sign":"f20277b0c80acb975807709ef412529c"}
[2017-09-06 20:08:11][info] 数据存储反馈成功！
[2017-09-06 20:08:11][info] success
[2017-09-06 20:08:11][info] 写入结束!!!
[2017-09-06 20:48:14][info] ----------------------------------------
[2017-09-06 20:48:14][info] {"discount":"0.00","payment_type":"1","trade_no":"2017060521001004350243763519","subject":"\u65b0\u7586\u62fe\u5149\u5168\u666f\u5199\u771f\u65c5\u884c","buyer_email":"13639283190","gmt_create":"2017-06-05 20:47:17","notify_type":"trade_status_sync","quantity":"1","out_trade_no":"LX-170605202820401-4","seller_id":"2088421286007493","notify_time":"2017-09-06 20:48:14","body":"\u4e4c\u9c81\u6728\u9f50-\u4e94\u5f69\u6ee9-\u5e03\u5c14\u6d25-\u5580\u7eb3\u65af-\u79be\u6728-\u9b54\u9b3c\u57ce-\u8d5b\u91cc\u6728\u6e56-\u89e3\u5fe7\u516c\u4e3b\u85b0\u8863\u8349\u519c\u573a-\u5580\u62c9\u5cfb-\u5df4\u97f3\u5e03\u9c81\u514b-\u535a\u65af\u817e\u6e56-\u5e93\u6728\u5854\u683c\u6c99\u6f2014\u65e5\u6e38","trade_status":"TRADE_FINISHED","is_total_fee_adjust":"N","total_fee":"5880.00","gmt_payment":"2017-06-05 20:47:40","seller_email":"2287684289@qq.com","gmt_close":"2017-09-06 20:48:14","price":"5880.00","buyer_id":"2088702290817354","notify_id":"31537479210ad8dce28e86536b2b880ipa","use_coupon":"N","sign_type":"MD5","sign":"13685bc4d2f9df963bfc4b7ece1a0306"}
[2017-09-06 20:48:14][info] 数据存储反馈成功！
[2017-09-06 20:48:14][info] success
[2017-09-06 20:48:14][info] 写入结束!!!
[2017-09-06 20:50:07][info] ----------------------------------------
[2017-09-06 20:50:07][info] {"discount":"0.00","payment_type":"1","trade_no":"2017060521001004350243763614","subject":"\u65b0\u7586\u62fe\u5149\u5168\u666f\u5199\u771f\u65c5\u884c","buyer_email":"13639283190","gmt_create":"2017-06-05 20:48:40","notify_type":"trade_status_sync","quantity":"1","out_trade_no":"LX-17060518162569006-0","seller_id":"2088421286007493","notify_time":"2017-09-06 20:50:07","body":"\u4e4c\u9c81\u6728\u9f50-\u4e94\u5f69\u6ee9-\u5e03\u5c14\u6d25-\u5580\u7eb3\u65af-\u79be\u6728-\u9b54\u9b3c\u57ce-\u8d5b\u91cc\u6728\u6e56-\u89e3\u5fe7\u516c\u4e3b\u85b0\u8863\u8349\u519c\u573a-\u5580\u62c9\u5cfb-\u5df4\u97f3\u5e03\u9c81\u514b-\u535a\u65af\u817e\u6e56-\u5e93\u6728\u5854\u683c\u6c99\u6f2014\u65e5\u6e38","trade_status":"TRADE_FINISHED","is_total_fee_adjust":"N","total_fee":"5880.00","gmt_payment":"2017-06-05 20:49:15","seller_email":"2287684289@qq.com","gmt_close":"2017-09-06 20:50:07","price":"5880.00","buyer_id":"2088702290817354","notify_id":"8fc634847eff39261466197885dee33ipa","use_coupon":"N","sign_type":"MD5","sign":"d14f52c682efe15f1ba0ce05a8e81f13"}
[2017-09-06 20:50:08][info] 数据存储反馈成功！
[2017-09-06 20:50:08][info] success
[2017-09-06 20:50:08][info] 写入结束!!!
[2017-09-06 20:52:13][info] ----------------------------------------
[2017-09-06 20:52:13][info] {"discount":"0.00","payment_type":"1","trade_no":"2017060521001004350243790133","subject":"\u65b0\u7586\u62fe\u5149\u5168\u666f\u5199\u771f\u65c5\u884c","buyer_email":"13639283190","gmt_create":"2017-06-05 20:51:25","notify_type":"trade_status_sync","quantity":"1","out_trade_no":"LX-170605202820401-5","seller_id":"2088421286007493","notify_time":"2017-09-06 20:52:13","body":"\u4e4c\u9c81\u6728\u9f50-\u4e94\u5f69\u6ee9-\u5e03\u5c14\u6d25-\u5580\u7eb3\u65af-\u79be\u6728-\u9b54\u9b3c\u57ce-\u8d5b\u91cc\u6728\u6e56-\u89e3\u5fe7\u516c\u4e3b\u85b0\u8863\u8349\u519c\u573a-\u5580\u62c9\u5cfb-\u5df4\u97f3\u5e03\u9c81\u514b-\u535a\u65af\u817e\u6e56-\u5e93\u6728\u5854\u683c\u6c99\u6f2014\u65e5\u6e38","trade_status":"TRADE_FINISHED","is_total_fee_adjust":"N","total_fee":"5880.00","gmt_payment":"2017-06-05 20:51:59","seller_email":"2287684289@qq.com","gmt_close":"2017-09-06 20:52:13","price":"5880.00","buyer_id":"2088702290817354","notify_id":"4136c4f1617c17c958fc7ac6d8002c0ipa","use_coupon":"N","sign_type":"MD5","sign":"93314fc01395c21c6c58ea8e4e8784ba"}
[2017-09-06 20:52:13][info] 数据存储反馈成功！
[2017-09-06 20:52:13][info] success
[2017-09-06 20:52:13][info] 写入结束!!!
[2017-09-06 20:54:10][info] ----------------------------------------
[2017-09-06 20:54:10][info] {"discount":"0.00","payment_type":"1","trade_no":"2017060521001004350243785449","subject":"\u65b0\u7586\u62fe\u5149\u5168\u666f\u5199\u771f\u65c5\u884c","buyer_email":"13639283190","gmt_create":"2017-06-05 20:53:28","notify_type":"trade_status_sync","quantity":"1","out_trade_no":"LX-17060518162569006-5","seller_id":"2088421286007493","notify_time":"2017-09-06 20:54:10","body":"\u4e4c\u9c81\u6728\u9f50-\u4e94\u5f69\u6ee9-\u5e03\u5c14\u6d25-\u5580\u7eb3\u65af-\u79be\u6728-\u9b54\u9b3c\u57ce-\u8d5b\u91cc\u6728\u6e56-\u89e3\u5fe7\u516c\u4e3b\u85b0\u8863\u8349\u519c\u573a-\u5580\u62c9\u5cfb-\u5df4\u97f3\u5e03\u9c81\u514b-\u535a\u65af\u817e\u6e56-\u5e93\u6728\u5854\u683c\u6c99\u6f2014\u65e5\u6e38","trade_status":"TRADE_FINISHED","is_total_fee_adjust":"N","total_fee":"5880.00","gmt_payment":"2017-06-05 20:53:43","seller_email":"2287684289@qq.com","gmt_close":"2017-09-06 20:54:10","price":"5880.00","buyer_id":"2088702290817354","notify_id":"ded8b6dc067a7ef3f55bd849c047b65ipa","use_coupon":"N","sign_type":"MD5","sign":"82b5110bd48ca37fe0792fb0482cfbde"}
[2017-09-06 20:54:10][info] 数据存储反馈成功！
[2017-09-06 20:54:10][info] success
[2017-09-06 20:54:10][info] 写入结束!!!
[2017-09-06 20:58:01][info] ----------------------------------------
[2017-09-06 20:58:01][info] {"discount":"0.00","payment_type":"1","trade_no":"2017090621001004240227175587","subject":"\u7a3b\u57ce\u91d1\u79cb","buyer_email":"tangpeihua131@hotmail.com","gmt_create":"2017-09-06 20:57:31","notify_type":"trade_status_sync","quantity":"1","out_trade_no":"LX-17090619444436801-c","seller_id":"2088421286007493","notify_time":"2017-09-06 20:58:01","body":"\u7a3b\u57ce\u4e9a\u4e01-\u65b0\u90fd\u6865-\u4e39\u5df4-\u4e5d\u65e5\u6df1\u5ea6\u6e38","trade_status":"TRADE_SUCCESS","is_total_fee_adjust":"N","total_fee":"3880.00","gmt_payment":"2017-09-06 20:58:00","seller_email":"2287684289@qq.com","price":"3880.00","buyer_id":"2088002327898249","notify_id":"36c6cbaf112ada7a068279cd9239594huq","use_coupon":"N","sign_type":"MD5","sign":"1ca0e0fe2df09f2643248735e36ff98c"}
[2017-09-06 20:58:01][info] 数据存储反馈成功！
[2017-09-06 20:58:01][info] success
[2017-09-06 20:58:01][info] 写入结束!!!
[2017-09-06 22:35:59][info] ----------------------------------------
[2017-09-06 22:35:59][info] {"discount":"0.00","payment_type":"1","trade_no":"2017060521001004320274420659","subject":"\u7518\u5357\u5168\u666f","buyer_email":"13903138558","gmt_create":"2017-06-05 22:34:39","notify_type":"trade_status_sync","quantity":"1","out_trade_no":"LX-17052610434379606-e","seller_id":"2088421286007493","notify_time":"2017-09-06 22:35:59","body":"2017\u5e74\u72ec\u5bb6  \u516b\u89d2\u57ce-\u624e\u5c15\u90a3-\u82b1\u6e56-\u5e74\u5b9d\u7389\u5219-\u82e5\u5c14\u76d6\u8349\u539f-\u963f\u4e07\u4ed3\u6e7f\u5730-\u90ce\u6728\u5bfa 8\u65e5\u6e38","trade_status":"TRADE_FINISHED","is_total_fee_adjust":"N","total_fee":"1440.00","gmt_payment":"2017-06-05 22:35:09","seller_email":"2287684289@qq.com","gmt_close":"2017-09-06 22:35:59","price":"1440.00","buyer_id":"2088912387786322","notify_id":"ecf2c20ccf49d654ea669fd43ae87c5igy","use_coupon":"N","sign_type":"MD5","sign":"c6d43ae669f9c601ea4274aaa637f1e1"}
[2017-09-06 22:35:59][info] 数据存储反馈成功！
[2017-09-06 22:35:59][info] success
[2017-09-06 22:35:59][info] 写入结束!!!
