[2017-07-15 09:16:43][info] ----------------------------------------
[2017-07-15 09:16:43][info] {"discount":"0.00","payment_type":"1","trade_no":"2017071521001004930257465539","subject":"\u6d6a\u6f2b\u5e7f\u897f","buyer_email":"245131865@qq.com","gmt_create":"2017-07-15 09:16:04","notify_type":"trade_status_sync","quantity":"1","out_trade_no":"LX-17070717082048006-7","seller_id":"2088421286007493","notify_time":"2017-07-15 09:16:43","body":"2017\u5168\u5e74\u8ba1\u5212\uff1a\u5e7f\u897f\u5357\u5b81-\u5fb7\u5929\u5927\u7011\u5e03-\u660e\u4ed5\u7530\u56ed-\u5317\u6d77\u94f6\u6ee9-\u6da0\u6d32\u5c9b\uff0c\u6d6a\u6f2b\u9633\u5149\u6d77\u6ee9\u534a\u81ea\u52a96\u65e5\u65c5\u884c","trade_status":"TRADE_SUCCESS","is_total_fee_adjust":"N","total_fee":"3120.00","gmt_payment":"2017-07-15 09:16:43","seller_email":"2287684289@qq.com","price":"3120.00","buyer_id":"2088112340528932","notify_id":"64a9a5a1e918e0b00e468cd3b9b29d3n6e","use_coupon":"N","sign_type":"MD5","sign":"088b6d4c6619333568b58b9c5a33fbe9"}
[2017-07-15 09:16:44][info] 数据存储反馈成功！
[2017-07-15 09:16:44][info] success
[2017-07-15 09:16:44][info] 写入结束!!!
[2017-07-15 09:22:39][info] ----------------------------------------
[2017-07-15 09:22:39][info] {"discount":"0.00","payment_type":"1","trade_no":"2017071521001004930257498953","subject":"\u6d6a\u6f2b\u5e7f\u897f","buyer_email":"245131865@qq.com","gmt_create":"2017-07-15 09:22:22","notify_type":"trade_status_sync","quantity":"1","out_trade_no":"LX-17070923484937406-a","seller_id":"2088421286007493","notify_time":"2017-07-15 09:22:39","body":"2017\u5168\u5e74\u8ba1\u5212\uff1a\u5e7f\u897f\u5357\u5b81-\u5fb7\u5929\u5927\u7011\u5e03-\u660e\u4ed5\u7530\u56ed-\u5317\u6d77\u94f6\u6ee9-\u6da0\u6d32\u5c9b\uff0c\u6d6a\u6f2b\u9633\u5149\u6d77\u6ee9\u534a\u81ea\u52a96\u65e5\u65c5\u884c","trade_status":"TRADE_SUCCESS","is_total_fee_adjust":"N","total_fee":"2580.00","gmt_payment":"2017-07-15 09:22:39","seller_email":"2287684289@qq.com","price":"2580.00","buyer_id":"2088112340528932","notify_id":"4315e74f3e6fc8a329f7858753eeeb7n6e","use_coupon":"N","sign_type":"MD5","sign":"fc8bfc7229d85b04db1b4b72e48d6a1d"}
[2017-07-15 09:22:39][info] 数据存储反馈成功！
[2017-07-15 09:22:39][info] success
[2017-07-15 09:22:39][info] 写入结束!!!
[2017-07-15 10:58:45][info] ----------------------------------------
[2017-07-15 10:58:45][info] {"discount":"0.00","payment_type":"1","trade_no":"2017071521001004020278830091","subject":"\u4e1d\u8def\u5dc5\u5cf0\u4f53\u9a8c\u4e5d\u65e5\u6e38B\u7ebf","buyer_email":"15920367613","gmt_create":"2017-07-15 10:58:39","notify_type":"trade_status_sync","quantity":"1","out_trade_no":"LX-17071509215679106-c","seller_id":"2088421286007493","notify_time":"2017-07-15 10:58:45","body":"\u9752\u6d77\u6e56-\u8336\u5361\u76d0\u6e56-\u9e23\u6c99\u5c71\u6708\u7259\u6cc9-\u83ab\u9ad8\u7a9f-\u96c5\u4e39\u9b54\u9b3c\u57ce-\u5609\u5cea\u5173-\u5f20\u6396\u4e39\u971e-\u9a6c\u8e44\u5bfa-\u5353\u5c14\u5c71\u8f7b\u5962\u52a8\u8f669\u65e5\u6e38","trade_status":"TRADE_SUCCESS","is_total_fee_adjust":"N","total_fee":"4080.00","gmt_payment":"2017-07-15 10:58:45","seller_email":"2287684289@qq.com","price":"4080.00","buyer_id":"2088402613954020","notify_id":"f3d58321934726329f1c7555306c834g5m","use_coupon":"N","sign_type":"MD5","sign":"1cc6a64d1a922a429d034f14ef7c19d9"}
[2017-07-15 10:58:45][info] 数据存储反馈成功！
[2017-07-15 10:58:45][info] success
[2017-07-15 10:58:45][info] 写入结束!!!
[2017-07-15 11:26:03][info] ----------------------------------------
[2017-07-15 11:26:03][info] {"discount":"0.00","payment_type":"1","trade_no":"2017071521001004000261280364","subject":"\u8349\u539f\u7267\u6b4cB\u7ebf","buyer_email":"wangiceberg@yahoo.com.cn","gmt_create":"2017-07-15 11:25:52","notify_type":"trade_status_sync","quantity":"1","out_trade_no":"LX-17071511075195301-e","seller_id":"2088421286007493","notify_time":"2017-07-15 11:26:03","body":"\u8d8a\u91ce\u8f66\u7eb5\u6a2a\u6d77\u62c9\u5c14-\u91d1\u5e10\u6c57\u8499\u53e4\u90e8\u843d-\u83ab\u5c14\u9053\u560e-\u592a\u5e73\u6751-\u5ba4\u97e6-\u4e2d\u4fc4\u8fb9\u5883\u7ebf-\u767d\u6866\u6797-\u9ed1\u5c71\u5934\u9a91\u9a6c\u7a7f\u8d8a-186\u5f69\u5e26\u6cb3-\u72fc\u5c9b-\u6ee1\u6d32\u91cc7\u65e5\u6e38","trade_status":"TRADE_SUCCESS","is_total_fee_adjust":"N","total_fee":"9250.00","gmt_payment":"2017-07-15 11:26:03","seller_email":"2287684289@qq.com","price":"9250.00","buyer_id":"2088102627602006","notify_id":"24794080baa19ec74845a3cd9c6c46bg02","use_coupon":"N","sign_type":"MD5","sign":"75b6f1e7c26d1bc9883728f4dfaaed6c"}
[2017-07-15 11:26:03][info] 数据存储反馈成功！
[2017-07-15 11:26:03][info] success
[2017-07-15 11:26:03][info] 写入结束!!!
[2017-07-15 12:34:39][info] ----------------------------------------
[2017-07-15 12:34:39][info] {"discount":"0.00","payment_type":"1","trade_no":"2017071521001004950228528774","subject":"\u4e1d\u8def\u5dc5\u5cf0\u4f53\u9a8c\u4e5d\u65e5\u6e38B\u7ebf","buyer_email":"1113136975@qq.com","gmt_create":"2017-07-15 12:32:53","notify_type":"trade_status_sync","quantity":"1","out_trade_no":"LX-17071511245711901-a","seller_id":"2088421286007493","notify_time":"2017-07-15 12:34:39","body":"\u9752\u6d77\u6e56-\u8336\u5361\u76d0\u6e56-\u9e23\u6c99\u5c71\u6708\u7259\u6cc9-\u83ab\u9ad8\u7a9f-\u96c5\u4e39\u9b54\u9b3c\u57ce-\u5609\u5cea\u5173-\u5f20\u6396\u4e39\u971e-\u9a6c\u8e44\u5bfa-\u5353\u5c14\u5c71\u8f7b\u5962\u52a8\u8f669\u65e5\u6e38","trade_status":"TRADE_SUCCESS","is_total_fee_adjust":"N","total_fee":"12240.00","gmt_payment":"2017-07-15 12:34:39","seller_email":"2287684289@qq.com","price":"12240.00","buyer_id":"2088002539520954","notify_id":"286f3bfbdb4aba6d94986d3b3dd120anby","use_coupon":"N","sign_type":"MD5","sign":"cc2e844ab170bb06db638ff445e4e36f"}
[2017-07-15 12:34:39][info] 数据存储反馈成功！
[2017-07-15 12:34:39][info] success
[2017-07-15 12:34:39][info] 写入结束!!!
[2017-07-15 13:50:15][info] ----------------------------------------
[2017-07-15 13:50:15][info] {"discount":"0.00","payment_type":"1","trade_no":"2017071521001004120247694736","subject":"\u65b0\u7586\u5168\u666f","buyer_email":"425497240@qq.com","gmt_create":"2017-07-15 13:49:56","notify_type":"trade_status_sync","quantity":"1","out_trade_no":"LX-17071512240264606-d","seller_id":"2088421286007493","notify_time":"2017-07-15 13:50:15","body":"\u5580\u7eb3\u65af-\u79be\u6728-\u8d5b\u91cc\u6728\u6e56-\u85b0\u8863\u8349\u519c\u573a-\u5580\u62c9\u5cfb-\u90a3\u62c9\u63d0-\u5df4\u97f3\u5e03\u9c81\u514b-\u6c5f\u5e03\u62c9\u514b-\u4e94\u5f69\u6ee9-\u5410\u9c81\u756a13\u65e5\u6e38","trade_status":"TRADE_SUCCESS","is_total_fee_adjust":"N","total_fee":"5380.00","gmt_payment":"2017-07-15 13:50:14","seller_email":"2287684289@qq.com","price":"5380.00","buyer_id":"2088702161473122","notify_id":"b4d8fc6050cbb7de2f85fd8811685aegxe","use_coupon":"N","sign_type":"MD5","sign":"2757c8f203eccfa882ce5b0691a94722"}
[2017-07-15 13:50:15][info] 数据存储反馈成功！
[2017-07-15 13:50:15][info] success
[2017-07-15 13:50:15][info] 写入结束!!!
[2017-07-15 16:50:00][info] ----------------------------------------
[2017-07-15 16:50:00][info] {"discount":"0.00","payment_type":"1","trade_no":"2017071521001004440230948139","subject":"\u4e1d\u7ef8\u4e4b\u8def\u7ecf\u5178\u4e5d\u65e5","buyer_email":"13051110551","gmt_create":"2017-07-15 16:49:23","notify_type":"trade_status_sync","quantity":"1","out_trade_no":"LX-17061814525486001-d","seller_id":"2088421286007493","notify_time":"2017-07-15 16:49:59","body":"\u6c99\u5c9b-\u9752\u6d77\u6e56-\u8336\u5361\u76d0\u6e56-\u5353\u5c14\u5c71-\u5f20\u6396\u4e39\u971e-\u5609\u5cea\u5173-\u6566\u714c9\u65e5\u6e38","trade_status":"TRADE_SUCCESS","is_total_fee_adjust":"N","total_fee":"3335.00","gmt_payment":"2017-07-15 16:49:59","seller_email":"2287684289@qq.com","price":"3335.00","buyer_id":"2088702155085441","notify_id":"f3243ad4a75accacdb2e69a2b3d9cb9jea","use_coupon":"N","sign_type":"MD5","sign":"afce2fe96cdf6796966d33ef1c2ccf4c"}
[2017-07-15 16:50:00][info] 数据存储反馈成功！
[2017-07-15 16:50:00][info] success
[2017-07-15 16:50:00][info] 写入结束!!!
[2017-07-15 16:54:36][info] ----------------------------------------
[2017-07-15 16:54:36][info] {"discount":"0.00","payment_type":"1","trade_no":"2017071521001004890264265531","subject":"\u8d35\u5dde\u5168\u666f\u6e38","buyer_email":"18236908018","gmt_create":"2017-07-15 16:50:20","notify_type":"trade_status_sync","quantity":"1","out_trade_no":"LX-17071514385629806-0","seller_id":"2088421286007493","notify_time":"2017-07-15 16:54:36","body":"\u897f\u6c5f\u5343\u6237\u82d7\u5be8-\u8354\u6ce2-\u9ed4\u4e1c\u5357-\u9547\u8fdc-\u9ec4\u679c\u6811-\u79d8\u5883\u8302\u5170\u6df1\u5ea6\u7eaf\u73a9\u4e5d\u65e5\u6e38","trade_status":"TRADE_SUCCESS","is_total_fee_adjust":"N","total_fee":"7960.00","gmt_payment":"2017-07-15 16:54:36","seller_email":"2287684289@qq.com","price":"7960.00","buyer_id":"2088702402882892","notify_id":"8b2439bbecea110842bb6137adb3b0dmva","use_coupon":"N","sign_type":"MD5","sign":"b1365829d3e2bbb19c4a15a9d4041dfb"}
[2017-07-15 16:54:36][info] 数据存储反馈成功！
[2017-07-15 16:54:36][info] success
[2017-07-15 16:54:36][info] 写入结束!!!
[2017-07-15 18:32:07][info] ----------------------------------------
[2017-07-15 18:32:07][info] {"discount":"0.00","payment_type":"1","trade_no":"2017071521001004370202540656","subject":"\u65b0\u7586\u5168\u666f","buyer_email":"liyunjing1214@sohu.com","gmt_create":"2017-07-15 18:31:29","notify_type":"trade_status_sync","quantity":"1","out_trade_no":"LX-1707151446347906-1","seller_id":"2088421286007493","notify_time":"2017-07-15 18:32:07","body":"\u5580\u7eb3\u65af-\u79be\u6728-\u8d5b\u91cc\u6728\u6e56-\u85b0\u8863\u8349\u519c\u573a-\u5580\u62c9\u5cfb-\u90a3\u62c9\u63d0-\u5df4\u97f3\u5e03\u9c81\u514b-\u6c5f\u5e03\u62c9\u514b-\u4e94\u5f69\u6ee9-\u5410\u9c81\u756a13\u65e5\u6e38","trade_status":"TRADE_SUCCESS","is_total_fee_adjust":"N","total_fee":"8070.00","gmt_payment":"2017-07-15 18:32:07","seller_email":"2287684289@qq.com","price":"8070.00","buyer_id":"2088102119869371","notify_id":"fe2465e77cb9616c05ea77bea44f0a2iuu","use_coupon":"N","sign_type":"MD5","sign":"0121a2a7c441ed2385a22a47bf7d9c60"}
[2017-07-15 18:32:07][info] 数据存储反馈成功！
[2017-07-15 18:32:07][info] success
[2017-07-15 18:32:07][info] 写入结束!!!
