[2017-10-01 09:57:20][info] ----------------------------------------
[2017-10-01 09:57:20][info] {"discount":"0.00","payment_type":"1","trade_no":"2017100121001004680209588977","subject":"\u989d\u6d4e\u7eb3\u4f11\u95f2\u6e38","buyer_email":"18038186486","gmt_create":"2017-10-01 09:57:15","notify_type":"trade_status_sync","quantity":"1","out_trade_no":"LX-1709221449067501-5","seller_id":"2088421286007493","notify_time":"2017-10-01 09:57:20","body":"\u989d\u6d4e\u7eb3\u65d7\u80e1\u6768\u6797-\u5609\u5cea\u5173-\u9ed1\u6c34\u57ce-\u602a\u6811\u6797-\u5df4\u4e39\u5409\u6797\u6c99\u6f20-\u5f20\u6396\u4e39\u971e","trade_status":"TRADE_SUCCESS","is_total_fee_adjust":"N","total_fee":"2970.00","gmt_payment":"2017-10-01 09:57:20","seller_email":"2287684289@qq.com","price":"2970.00","buyer_id":"2088502801590684","notify_id":"c577d682d3e67ff56dc2702a857083fl8y","use_coupon":"N","sign_type":"MD5","sign":"6a36513c538f0daac4e806f3e19a9d4b"}
[2017-10-01 09:57:20][info] 数据存储反馈成功！
[2017-10-01 09:57:20][info] success
[2017-10-01 09:57:20][info] 写入结束!!!
[2017-10-01 10:02:57][info] ----------------------------------------
[2017-10-01 10:02:57][info] {"discount":"0.00","payment_type":"1","trade_no":"2017100121001004820216590330","subject":"\u7a3b\u57ce\u91d1\u79cb","buyer_email":"abc401939485@qq.com","gmt_create":"2017-10-01 10:00:59","notify_type":"trade_status_sync","quantity":"1","out_trade_no":"LX-17093019474487606-1","seller_id":"2088421286007493","notify_time":"2017-10-01 10:02:56","body":"\u7a3b\u57ce\u4e9a\u4e01-\u65b0\u90fd\u6865-\u4e39\u5df4-\u56db\u59d1\u5a18\u5c71\u4e5d\u65e5\u6df1\u5ea6\u6e38","trade_status":"TRADE_SUCCESS","is_total_fee_adjust":"N","total_fee":"1890.00","gmt_payment":"2017-10-01 10:02:56","seller_email":"2287684289@qq.com","price":"1890.00","buyer_id":"2088202943167826","notify_id":"aa7d7576c43b7a007bfd24855893faambu","use_coupon":"N","sign_type":"MD5","sign":"6517749e9f4e34bf49a2cfa9dd534668"}
[2017-10-01 10:02:57][info] 数据存储反馈成功！
[2017-10-01 10:02:57][info] success
[2017-10-01 10:02:57][info] 写入结束!!!
[2017-10-01 10:15:02][info] ----------------------------------------
[2017-10-01 10:15:02][info] {"discount":"0.00","payment_type":"1","trade_no":"2017063021001004100218594997","subject":"\u4e1d\u8def\u5dc5\u5cf0\u4f53\u9a8c\u5341\u65e5\u6e38","buyer_email":"75108346@qq.com","gmt_create":"2017-06-30 10:14:02","notify_type":"trade_status_sync","quantity":"1","out_trade_no":"LX-17062520391923106-1","seller_id":"2088421286007493","notify_time":"2017-10-01 10:15:02","body":"\u6c99\u5c9b-\u9752\u6d77\u6e56-\u8336\u5361\u76d0\u6e56-\u7941\u8fde-\u5f20\u6396-\u5609\u5cea\u5173-\u6566\u714c\u5341\u65e5\u6e38","trade_status":"TRADE_FINISHED","is_total_fee_adjust":"N","total_fee":"18900.00","gmt_payment":"2017-06-30 10:14:32","seller_email":"2287684289@qq.com","gmt_close":"2017-10-01 10:15:02","price":"18900.00","buyer_id":"2088002011893103","notify_id":"3b2f14f1f59940f54a13b060671d848gru","use_coupon":"N","sign_type":"MD5","sign":"6d160f36986add01abfc1c1d32d1351b"}
[2017-10-01 10:15:02][info] 数据存储反馈成功！
[2017-10-01 10:15:02][info] success
[2017-10-01 10:15:02][info] 写入结束!!!
[2017-10-01 10:25:52][info] ----------------------------------------
[2017-10-01 10:25:52][info] {"discount":"0.00","payment_type":"1","trade_no":"2017063021001004600238297345","subject":"\u65b0\u7586\u5168\u666f","buyer_email":"1092812824@qq.com","gmt_create":"2017-06-30 10:24:34","notify_type":"trade_status_sync","quantity":"1","out_trade_no":"LX-17063010143625206-a","seller_id":"2088421286007493","notify_time":"2017-10-01 10:25:52","body":"\u6c5f\u5e03\u62c9\u514b-\u4e94\u5f69\u6ee9-\u5580\u7eb3\u65af-\u79be\u6728-\u8d5b\u91cc\u6728\u6e56-\u85b0\u8863\u8349\u519c\u573a-\u5580\u62c9\u5cfb-\u90a3\u62c9\u63d0-\u5df4\u97f3\u5e03\u9c81\u514b-\u5410\u9c81\u756a13\u65e5\u6e38","trade_status":"TRADE_FINISHED","is_total_fee_adjust":"N","total_fee":"26900.00","gmt_payment":"2017-06-30 10:25:31","seller_email":"2287684289@qq.com","gmt_close":"2017-10-01 10:25:51","price":"26900.00","buyer_id":"2088002548921605","notify_id":"c7e64e195d40ae1d7ee0efa948311dekmq","use_coupon":"N","sign_type":"MD5","sign":"8c4abb13a75efb0612bc0204fdf2598a"}
[2017-10-01 10:25:52][info] 数据存储反馈成功！
[2017-10-01 10:25:52][info] success
[2017-10-01 10:25:52][info] 写入结束!!!
[2017-10-01 10:31:53][info] ----------------------------------------
[2017-10-01 10:31:53][info] {"discount":"0.00","payment_type":"1","trade_no":"2017100121001004520224045236","subject":"\u5927\u6f20\u4f20\u5947","buyer_email":"13774243192","gmt_create":"2017-10-01 10:31:38","notify_type":"trade_status_sync","quantity":"1","out_trade_no":"LX-17072819024031301-0","seller_id":"2088421286007493","notify_time":"2017-10-01 10:31:53","body":"\u989d\u6d4e\u7eb3\u80e1\u6768\u6797-\u5df4\u4e39\u5409\u6797\u8179\u5730-\u9752\u6d77\u6e56-\u8336\u5361\u76d0\u6e56-\u6c34\u4e0a\u96c5\u4e39-\u6566\u714c12\u65e5\u5927\u73af\u7ebf","trade_status":"TRADE_SUCCESS","is_total_fee_adjust":"N","total_fee":"6600.00","gmt_payment":"2017-10-01 10:31:52","seller_email":"2287684289@qq.com","price":"6600.00","buyer_id":"2088122701191521","notify_id":"b1919c416c5bbad4877f0e23d3588ffk0i","use_coupon":"N","sign_type":"MD5","sign":"32cfda9dd07d6edd3a29f6e8c1712804"}
[2017-10-01 10:31:53][info] 数据存储反馈成功！
[2017-10-01 10:31:53][info] success
[2017-10-01 10:31:53][info] 写入结束!!!
[2017-10-01 14:01:41][info] ----------------------------------------
[2017-10-01 14:01:41][info] {"discount":"0.00","payment_type":"1","trade_no":"2017100121001004180285686127","subject":"\u989d\u6d4e\u7eb3\u4f11\u95f2\u6e38","buyer_email":"huoran@sohu.com","gmt_create":"2017-10-01 14:01:23","notify_type":"trade_status_sync","quantity":"1","out_trade_no":"LX-17093022552567201-8","seller_id":"2088421286007493","notify_time":"2017-10-01 14:01:41","body":"\u989d\u6d4e\u7eb3\u65d7\u80e1\u6768\u6797-\u5609\u5cea\u5173-\u9ed1\u6c34\u57ce-\u602a\u6811\u6797-\u5df4\u4e39\u5409\u6797\u6c99\u6f20-\u5f20\u6396\u4e39\u971e","trade_status":"TRADE_SUCCESS","is_total_fee_adjust":"N","total_fee":"2600.00","gmt_payment":"2017-10-01 14:01:41","seller_email":"2287684289@qq.com","price":"2600.00","buyer_id":"2088102964346182","notify_id":"17fd3bc65cb867b197aa22161e05acehe2","use_coupon":"N","sign_type":"MD5","sign":"2dc9c04e6d64e332bb7f13daecea4a6f"}
[2017-10-01 14:01:41][info] 数据存储反馈成功！
[2017-10-01 14:01:41][info] success
[2017-10-01 14:01:41][info] 写入结束!!!
[2017-10-01 14:22:05][info] ----------------------------------------
[2017-10-01 14:22:05][info] {"discount":"0.00","payment_type":"1","trade_no":"2017063021001004570227178532","subject":"\u4e1d\u8def\u5dc5\u5cf0\u4f53\u9a8c\u4e5d\u65e5\u6e38B\u7ebf","buyer_email":"yanzi602@126.com","gmt_create":"2017-06-30 14:20:24","notify_type":"trade_status_sync","quantity":"1","out_trade_no":"LX-17063011521793406-2","seller_id":"2088421286007493","notify_time":"2017-10-01 14:22:05","body":"\u5170\u5dde-\u9e23\u6c99\u5c71\u6708\u7259\u6cc9-\u83ab\u9ad8\u7a9f-\u96c5\u4e39\u9b54\u9b3c\u57ce-\u6566\u714c\u535a\u7269\u9986-\u5609\u5cea\u5173-\u5f20\u6396\u4e39\u971e-\u9a6c\u8e44\u5bfa-\u5353\u5c14\u5c71-\u8336\u5361\u76d0\u6e56-\u9752\u6d77\u6e569\u65e5\u6e38","trade_status":"TRADE_FINISHED","is_total_fee_adjust":"N","total_fee":"14120.00","gmt_payment":"2017-06-30 14:21:23","seller_email":"2287684289@qq.com","gmt_close":"2017-10-01 14:22:05","price":"14120.00","buyer_id":"2088002371706576","notify_id":"a7311c447245a9931a99a71baddbb42kee","use_coupon":"N","sign_type":"MD5","sign":"8f402305a2ef3d9925e505e80666273c"}
[2017-10-01 14:22:05][info] 数据存储反馈成功！
[2017-10-01 14:22:05][info] success
[2017-10-01 14:22:05][info] 写入结束!!!
[2017-10-01 14:39:59][info] ----------------------------------------
[2017-10-01 14:39:59][info] {"discount":"0.00","payment_type":"1","trade_no":"2017063021001004080221890025","subject":"\u5580\u7eb3\u65af\u4e4b\u590f","buyer_email":"13609648098","gmt_create":"2017-06-30 14:38:43","notify_type":"trade_status_sync","quantity":"1","out_trade_no":"LX-17063012083375401-2","seller_id":"2088421286007493","notify_time":"2017-10-01 14:39:59","body":"2017\u5e747\uff5e8\u6708 \u5929\u6c60-\u5410\u9c81\u756a-\u9b54\u9b3c\u57ce-\u79be\u6728-\u5580\u7eb3\u65af-\u767d\u54c8\u5df4-\u4e94\u5f69\u6ee9\u6df1\u5ea6\u4e5d\u65e5\u6e38","trade_status":"TRADE_FINISHED","is_total_fee_adjust":"N","total_fee":"7020.00","gmt_payment":"2017-06-30 14:39:28","seller_email":"2287684289@qq.com","gmt_close":"2017-10-01 14:39:59","price":"7020.00","buyer_id":"2088522189921085","notify_id":"dd3fb0496aea9d440aeef1cf46ad692gma","use_coupon":"N","sign_type":"MD5","sign":"1fbb15621dda818789646d1be8f19c68"}
[2017-10-01 14:39:59][info] 数据存储反馈成功！
[2017-10-01 14:39:59][info] success
[2017-10-01 14:39:59][info] 写入结束!!!
[2017-10-01 15:15:37][info] ----------------------------------------
[2017-10-01 15:15:37][info] {"discount":"0.00","payment_type":"1","trade_no":"2017100121001004350525183332","subject":"\u989d\u6d4e\u7eb3\u4f11\u95f2\u6e38","buyer_email":"13801914551","gmt_create":"2017-10-01 15:14:17","notify_type":"trade_status_sync","quantity":"1","out_trade_no":"LX-1710011429407006-3","seller_id":"2088421286007493","notify_time":"2017-10-01 15:15:37","body":"\u989d\u6d4e\u7eb3\u65d7\u80e1\u6768\u6797-\u5609\u5cea\u5173-\u9ed1\u6c34\u57ce-\u602a\u6811\u6797-\u5df4\u4e39\u5409\u6797\u6c99\u6f20-\u5f20\u6396\u4e39\u971e","trade_status":"TRADE_SUCCESS","is_total_fee_adjust":"N","total_fee":"4760.00","gmt_payment":"2017-10-01 15:15:37","seller_email":"2287684289@qq.com","price":"4760.00","buyer_id":"2088622021987357","notify_id":"1e610a7052656ab63344f2cd586234fipd","use_coupon":"N","sign_type":"MD5","sign":"eb2d9daf26c67e63e1d48fa26f15c660"}
[2017-10-01 15:15:38][info] 数据存储反馈成功！
[2017-10-01 15:15:38][info] success
[2017-10-01 15:15:38][info] 写入结束!!!
[2017-10-01 15:24:08][info] ----------------------------------------
[2017-10-01 15:24:08][info] {"discount":"0.00","payment_type":"1","trade_no":"2017063021001004520234510084","subject":"\u4e1d\u8def\u5dc5\u5cf0\u4f53\u9a8c\u4e5d\u65e5\u6e38B\u7ebf","buyer_email":"chaixianghui@163.com","gmt_create":"2017-06-30 15:23:21","notify_type":"trade_status_sync","quantity":"1","out_trade_no":"LX-17060921425868001-1","seller_id":"2088421286007493","notify_time":"2017-10-01 15:24:08","body":"\u5170\u5dde-\u9e23\u6c99\u5c71\u6708\u7259\u6cc9-\u83ab\u9ad8\u7a9f-\u96c5\u4e39\u9b54\u9b3c\u57ce-\u6566\u714c\u535a\u7269\u9986-\u5609\u5cea\u5173-\u5f20\u6396\u4e39\u971e-\u9a6c\u8e44\u5bfa-\u5353\u5c14\u5c71-\u8336\u5361\u76d0\u6e56-\u9752\u6d77\u6e569\u65e5\u6e38","trade_status":"TRADE_FINISHED","is_total_fee_adjust":"N","total_fee":"7960.00","gmt_payment":"2017-06-30 15:23:41","seller_email":"2287684289@qq.com","gmt_close":"2017-10-01 15:24:08","price":"7960.00","buyer_id":"2088302148172523","notify_id":"79fec903dd3e0a751d2eb9009e88d2ck0i","use_coupon":"N","sign_type":"MD5","sign":"1d77dd5951daf27eccf2ca22cd8dead3"}
[2017-10-01 15:24:08][info] 数据存储反馈成功！
[2017-10-01 15:24:08][info] success
[2017-10-01 15:24:08][info] 写入结束!!!
[2017-10-01 15:46:53][info] ----------------------------------------
[2017-10-01 15:46:53][info] {"discount":"0.00","payment_type":"1","trade_no":"2017063021001004430282871753","subject":"\u4e1d\u7ef8\u4e4b\u8def\u7ecf\u5178\u4e5d\u65e5","buyer_email":"13957071190","gmt_create":"2017-06-30 15:46:13","notify_type":"trade_status_sync","quantity":"1","out_trade_no":"LX-17063015311373201-e","seller_id":"2088421286007493","notify_time":"2017-10-01 15:46:53","body":"\u6c99\u5c9b-\u9752\u6d77\u6e56-\u8336\u5361\u76d0\u6e56-\u5353\u5c14\u5c71-\u5f20\u6396\u4e39\u971e-\u5609\u5cea\u5173-\u6566\u714c9\u65e5\u6e38","trade_status":"TRADE_FINISHED","is_total_fee_adjust":"N","total_fee":"5760.00","gmt_payment":"2017-06-30 15:46:29","seller_email":"2287684289@qq.com","gmt_close":"2017-10-01 15:46:53","price":"5760.00","buyer_id":"2088422562409433","notify_id":"cddea57c62d57cefa77a0daf4d41b7cjbi","use_coupon":"N","sign_type":"MD5","sign":"545fd305ef399a8145c1b6f67be9a022"}
[2017-10-01 15:46:53][info] 数据存储反馈成功！
[2017-10-01 15:46:53][info] success
[2017-10-01 15:46:53][info] 写入结束!!!
[2017-10-01 16:30:57][info] ----------------------------------------
[2017-10-01 16:30:57][info] {"discount":"0.00","payment_type":"1","trade_no":"2017063021001004630279106076","subject":"\u8d35\u5dde\u5168\u666f\u6e38","buyer_email":"13861604323","gmt_create":"2017-06-30 16:30:19","notify_type":"trade_status_sync","quantity":"1","out_trade_no":"LX-17062910071222306-4","seller_id":"2088421286007493","notify_time":"2017-10-01 16:30:57","body":"\u79d8\u5883\u8302\u5170-\u8354\u6ce2-\u9ed4\u4e1c\u5357-\u9547\u8fdc-\u897f\u6c5f\u82d7\u5be8-\u9ec4\u679c\u6811\u6df1\u5ea6\u7eaf\u73a9\u4e5d\u65e5\u6e38","trade_status":"TRADE_FINISHED","is_total_fee_adjust":"N","total_fee":"3880.00","gmt_payment":"2017-06-30 16:30:51","seller_email":"2287684289@qq.com","gmt_close":"2017-10-01 16:30:56","price":"3880.00","buyer_id":"2088802949076638","notify_id":"83d558b2e546bfa6db4788c626ae201kv2","use_coupon":"N","sign_type":"MD5","sign":"0fa86e0683a8b849ebf311ff1342b4f6"}
[2017-10-01 16:30:57][info] 数据存储反馈成功！
[2017-10-01 16:30:57][info] success
[2017-10-01 16:30:57][info] 写入结束!!!
[2017-10-01 16:37:34][info] ----------------------------------------
[2017-10-01 16:37:34][info] {"discount":"0.00","payment_type":"1","trade_no":"2017100121001004470527668479","subject":"\u9955\u992e\u8d4f\u79cb","buyer_email":"13698677068","gmt_create":"2017-10-01 16:36:37","notify_type":"trade_status_sync","quantity":"1","out_trade_no":"LX-17091209560086806-0","seller_id":"2088421286007493","notify_time":"2017-10-01 16:37:34","body":"\u9752\u6d77\u6e56-\u8336\u5361\u76d0\u6e56-\u83ab\u9ad8\u7a9f-\u9e23\u6c99\u5c71-\u6708\u7259\u6cc9-\u5609\u5cea\u5173-\u989d\u6d4e\u7eb3\u80e1\u6768\u6797-\u5353\u5c14\u5c7110\u65e5\u5927\u73af\u7ebf","trade_status":"TRADE_SUCCESS","is_total_fee_adjust":"N","total_fee":"11400.00","gmt_payment":"2017-10-01 16:37:34","seller_email":"2287684289@qq.com","price":"11400.00","buyer_id":"2088802769681472","notify_id":"ddcdf996e06bdcdff1b3caeead696b3jmp","use_coupon":"N","sign_type":"MD5","sign":"07dfaaeba1e9ee16223195813440249a"}
[2017-10-01 16:37:34][info] 数据存储反馈成功！
[2017-10-01 16:37:34][info] success
[2017-10-01 16:37:34][info] 写入结束!!!
[2017-10-01 16:40:58][info] ----------------------------------------
[2017-10-01 16:40:58][info] {"discount":"0.00","payment_type":"1","trade_no":"2017063021001004670228244116","subject":"\u4e1d\u7ef8\u4e4b\u8def\u7ecf\u5178\u4e5d\u65e5","buyer_email":"353550612@qq.com","gmt_create":"2017-06-30 16:40:15","notify_type":"trade_status_sync","quantity":"1","out_trade_no":"LX-1706301611173101-e","seller_id":"2088421286007493","notify_time":"2017-10-01 16:40:57","body":"\u6c99\u5c9b-\u9752\u6d77\u6e56-\u8336\u5361\u76d0\u6e56-\u5353\u5c14\u5c71-\u5f20\u6396\u4e39\u971e-\u5609\u5cea\u5173-\u6566\u714c9\u65e5\u6e38","trade_status":"TRADE_FINISHED","is_total_fee_adjust":"N","total_fee":"28440.00","gmt_payment":"2017-06-30 16:40:54","seller_email":"2287684289@qq.com","gmt_close":"2017-10-01 16:40:57","price":"28440.00","buyer_id":"2088202361995672","notify_id":"4ba093e2bc2c0ba8dd7449276126685l66","use_coupon":"N","sign_type":"MD5","sign":"f9b0b0cf17c969fc113b2e8609079bb9"}
[2017-10-01 16:40:58][info] 数据存储反馈成功！
[2017-10-01 16:40:58][info] success
[2017-10-01 16:40:58][info] 写入结束!!!
[2017-10-01 16:41:01][info] ----------------------------------------
[2017-10-01 16:41:01][info] {"discount":"0.00","payment_type":"1","trade_no":"2017063021001004520234617911","subject":"\u8d35\u5dde\u5168\u666f\u6e38","buyer_email":"13386222288","gmt_create":"2017-06-30 16:40:26","notify_type":"trade_status_sync","quantity":"1","out_trade_no":"LX-17063013114650306-6","seller_id":"2088421286007493","notify_time":"2017-10-01 16:41:01","body":"\u79d8\u5883\u8302\u5170-\u8354\u6ce2-\u9ed4\u4e1c\u5357-\u9547\u8fdc-\u897f\u6c5f\u82d7\u5be8-\u9ec4\u679c\u6811\u6df1\u5ea6\u7eaf\u73a9\u4e5d\u65e5\u6e38","trade_status":"TRADE_FINISHED","is_total_fee_adjust":"N","total_fee":"3900.00","gmt_payment":"2017-06-30 16:40:43","seller_email":"2287684289@qq.com","gmt_close":"2017-10-01 16:41:01","price":"3900.00","buyer_id":"2088412837468524","notify_id":"d6a9c94f0884042a09e19bf888a3e14k0i","use_coupon":"N","sign_type":"MD5","sign":"6c8030a3e2601545a7b282dcb1c33f93"}
[2017-10-01 16:41:01][info] 数据存储反馈成功！
[2017-10-01 16:41:01][info] success
[2017-10-01 16:41:01][info] 写入结束!!!
[2017-10-01 16:44:24][info] ----------------------------------------
[2017-10-01 16:44:24][info] {"discount":"0.00","payment_type":"1","trade_no":"2017100121001004470527687769","subject":"\u9955\u992e\u8d4f\u79cb","buyer_email":"13698677068","gmt_create":"2017-10-01 16:43:44","notify_type":"trade_status_sync","quantity":"1","out_trade_no":"LX-17090520291062901-2","seller_id":"2088421286007493","notify_time":"2017-10-01 16:44:23","body":"\u9752\u6d77\u6e56-\u8336\u5361\u76d0\u6e56-\u83ab\u9ad8\u7a9f-\u9e23\u6c99\u5c71-\u6708\u7259\u6cc9-\u5609\u5cea\u5173-\u989d\u6d4e\u7eb3\u80e1\u6768\u6797-\u5353\u5c14\u5c7110\u65e5\u5927\u73af\u7ebf","trade_status":"TRADE_SUCCESS","is_total_fee_adjust":"N","total_fee":"17040.00","gmt_payment":"2017-10-01 16:44:23","seller_email":"2287684289@qq.com","price":"17040.00","buyer_id":"2088802769681472","notify_id":"0eb6502f6b4f8aab7ef502cb20ff623jmp","use_coupon":"N","sign_type":"MD5","sign":"a9b02794d623f4da834fdd97bb842a18"}
[2017-10-01 16:44:24][info] 数据存储反馈成功！
[2017-10-01 16:44:24][info] success
[2017-10-01 16:44:24][info] 写入结束!!!
[2017-10-01 17:15:11][info] ----------------------------------------
[2017-10-01 17:15:11][info] {"discount":"0.00","payment_type":"1","trade_no":"2017063021001004780276341533","subject":"\u4e1d\u8def\u5dc5\u5cf0\u4f53\u9a8c\u5341\u65e5\u6e38","buyer_email":"13621344113","gmt_create":"2017-06-30 17:14:43","notify_type":"trade_status_sync","quantity":"1","out_trade_no":"LX-17062922460677801-9","seller_id":"2088421286007493","notify_time":"2017-10-01 17:15:11","body":"\u6c99\u5c9b-\u9752\u6d77\u6e56-\u8336\u5361\u76d0\u6e56-\u7941\u8fde-\u5f20\u6396-\u5609\u5cea\u5173-\u6566\u714c\u5341\u65e5\u6e38","trade_status":"TRADE_FINISHED","is_total_fee_adjust":"N","total_fee":"6270.00","gmt_payment":"2017-06-30 17:14:54","seller_email":"2287684289@qq.com","gmt_close":"2017-10-01 17:15:10","price":"6270.00","buyer_id":"2088022631328780","notify_id":"0fa8b18dc6932a5efb24cb8a577b727m0q","use_coupon":"N","sign_type":"MD5","sign":"4c815a08bcc80f9403df6028b61790aa"}
[2017-10-01 17:15:11][info] 数据存储反馈成功！
[2017-10-01 17:15:11][info] success
[2017-10-01 17:15:11][info] 写入结束!!!
[2017-10-01 17:24:59][info] ----------------------------------------
[2017-10-01 17:24:59][info] {"discount":"0.00","payment_type":"1","trade_no":"2017063021001004480295146013","subject":"\u4e1d\u8def\u5dc5\u5cf0\u4f53\u9a8c\u5341\u65e5\u6e38","buyer_email":"13680363601","gmt_create":"2017-06-30 17:23:24","notify_type":"trade_status_sync","quantity":"1","out_trade_no":"LX-17063016573299101-e","seller_id":"2088421286007493","notify_time":"2017-10-01 17:24:59","body":"\u6c99\u5c9b-\u9752\u6d77\u6e56-\u8336\u5361\u76d0\u6e56-\u7941\u8fde-\u5f20\u6396-\u5609\u5cea\u5173-\u6566\u714c\u5341\u65e5\u6e38","trade_status":"TRADE_FINISHED","is_total_fee_adjust":"N","total_fee":"8360.00","gmt_payment":"2017-06-30 17:24:26","seller_email":"2287684289@qq.com","gmt_close":"2017-10-01 17:24:59","price":"8360.00","buyer_id":"2088902238208486","notify_id":"2438958f8029080c14e6dc0984b7527jpe","use_coupon":"N","sign_type":"MD5","sign":"1b57d73dcb814ccc78f632d8ee6bc633"}
[2017-10-01 17:24:59][info] 数据存储反馈成功！
[2017-10-01 17:24:59][info] success
[2017-10-01 17:24:59][info] 写入结束!!!
[2017-10-01 18:05:02][info] ----------------------------------------
[2017-10-01 18:05:02][info] {"discount":"0.00","payment_type":"1","trade_no":"2017063021001004480295247059","subject":"\u7518\u5357\u5168\u666f","buyer_email":"xacg2010@163.com","gmt_create":"2017-06-30 18:04:18","notify_type":"trade_status_sync","quantity":"1","out_trade_no":"LX-17063017033855401-9","seller_id":"2088421286007493","notify_time":"2017-10-01 18:05:02","body":"2017\u5e74\u72ec\u5bb6  \u62c9\u535c\u695e\u5bfa-\u624e\u5c15\u90a3-\u82b1\u6e56-\u5e74\u5b9d\u7389\u5219-\u82e5\u5c14\u76d6\u8349\u539f-\u963f\u4e07\u4ed3\u6e7f\u5730-\u5c15\u6d77\u6e56-\u90ce\u6728\u5bfa 8\u65e5\u6e38","trade_status":"TRADE_FINISHED","is_total_fee_adjust":"N","total_fee":"3215.00","gmt_payment":"2017-06-30 18:04:42","seller_email":"2287684289@qq.com","gmt_close":"2017-10-01 18:05:02","price":"3215.00","buyer_id":"2088202855812483","notify_id":"f3eba5617bd4b3ac3e19a5fe6c946afjpe","use_coupon":"N","sign_type":"MD5","sign":"cabdfdbaea62f3057b8cce8b3755f81f"}
[2017-10-01 18:05:02][info] 数据存储反馈成功！
[2017-10-01 18:05:02][info] success
[2017-10-01 18:05:02][info] 写入结束!!!
[2017-10-01 18:44:51][info] ----------------------------------------
[2017-10-01 18:44:51][info] {"discount":"0.00","payment_type":"1","trade_no":"2017100121001004530206379912","subject":"\u575d\u4e0a\u79cb\u6444","buyer_email":"13536995553","gmt_create":"2017-10-01 18:44:34","notify_type":"trade_status_sync","quantity":"1","out_trade_no":"LX-17091310565824106-a","seller_id":"2088421286007493","notify_time":"2017-10-01 18:44:51","body":"9-10\u6708\u91d1\u79cb\uff0c\u5317\u6c9f\u3001\u6768\u6811\u80cc\u3001\u4e94\u5f69\u5c71\u3001\u86e4\u87c6\u575d\u3001\u91ce\u9e2d\u6e56\u3001\u516c\u4e3b\u6e56\u7b49\u575d\u4e0a\u8349\u539f\u79cb\u8272\u4e00\u7f51\u6253\u5c3d 6\u65e5\u6444\u5f71\u521b\u4f5c\u56e2\uff08\u575d\u4e0a\u62cd\u64444\u5929\uff09","trade_status":"TRADE_SUCCESS","is_total_fee_adjust":"N","total_fee":"2680.00","gmt_payment":"2017-10-01 18:44:51","seller_email":"2287684289@qq.com","price":"2680.00","buyer_id":"2088702497708534","notify_id":"ba1d10a09e360efc72f136fa11c3860k3a","use_coupon":"N","sign_type":"MD5","sign":"3d75268fc59e0446e084d333f55b483f"}
[2017-10-01 18:44:52][info] 数据存储反馈成功！
[2017-10-01 18:44:52][info] success
[2017-10-01 18:44:52][info] 写入结束!!!
[2017-10-01 18:54:52][info] ----------------------------------------
[2017-10-01 18:54:52][info] {"discount":"0.00","payment_type":"1","trade_no":"2017063021001004000234370855","subject":"\u4e1d\u8def\u5dc5\u5cf0\u4f53\u9a8c\u4e5d\u65e5\u6e38B\u7ebf","buyer_email":"15838310906","gmt_create":"2017-06-30 18:50:17","notify_type":"trade_status_sync","quantity":"1","out_trade_no":"LX-17063015122318906-7","seller_id":"2088421286007493","notify_time":"2017-10-01 18:54:52","body":"\u5170\u5dde-\u9e23\u6c99\u5c71\u6708\u7259\u6cc9-\u83ab\u9ad8\u7a9f-\u96c5\u4e39\u9b54\u9b3c\u57ce-\u6566\u714c\u535a\u7269\u9986-\u5609\u5cea\u5173-\u5f20\u6396\u4e39\u971e-\u9a6c\u8e44\u5bfa-\u5353\u5c14\u5c71-\u8336\u5361\u76d0\u6e56-\u9752\u6d77\u6e569\u65e5\u6e38","trade_status":"TRADE_FINISHED","is_total_fee_adjust":"N","total_fee":"7960.00","gmt_payment":"2017-06-30 18:54:21","seller_email":"2287684289@qq.com","gmt_close":"2017-10-01 18:54:51","price":"7960.00","buyer_id":"2088302545957002","notify_id":"8d0e144a416b4aa7344ae8663213792g02","use_coupon":"N","sign_type":"MD5","sign":"332352d7355365f611819fdf8a2b3c2f"}
[2017-10-01 18:54:52][info] 数据存储反馈成功！
[2017-10-01 18:54:52][info] success
[2017-10-01 18:54:52][info] 写入结束!!!
[2017-10-01 18:57:08][info] ----------------------------------------
[2017-10-01 18:57:08][info] {"discount":"0.00","payment_type":"1","trade_no":"2017063021001004320223470901","subject":"\u4e1d\u8def\u5dc5\u5cf0\u4f53\u9a8c\u5341\u65e5\u6e38","buyer_email":"15278406998","gmt_create":"2017-06-30 18:55:47","notify_type":"trade_status_sync","quantity":"1","out_trade_no":"LX-17063018292750706-d","seller_id":"2088421286007493","notify_time":"2017-10-01 18:57:08","body":"\u6c99\u5c9b-\u9752\u6d77\u6e56-\u8336\u5361\u76d0\u6e56-\u7941\u8fde-\u5f20\u6396-\u5609\u5cea\u5173-\u6566\u714c\u5341\u65e5\u6e38","trade_status":"TRADE_FINISHED","is_total_fee_adjust":"N","total_fee":"6270.00","gmt_payment":"2017-06-30 18:56:14","seller_email":"2287684289@qq.com","gmt_close":"2017-10-01 18:57:08","price":"6270.00","buyer_id":"2088802323369327","notify_id":"4f0f93db011ffab4672732a433e54a6igy","use_coupon":"N","sign_type":"MD5","sign":"f7d5b6698e51ac3857ba5075ed327722"}
[2017-10-01 18:57:08][info] 数据存储反馈成功！
[2017-10-01 18:57:08][info] success
[2017-10-01 18:57:08][info] 写入结束!!!
[2017-10-01 19:04:06][info] ----------------------------------------
[2017-10-01 19:04:06][info] {"discount":"0.00","payment_type":"1","trade_no":"2017100121001004740298642244","subject":"\u989d\u6d4e\u7eb3\u6700\u7f8e\u9ad8\u94c1\u56e2","buyer_email":"wangjiao_103463367@qq.com","gmt_create":"2017-10-01 19:03:57","notify_type":"trade_status_sync","quantity":"1","out_trade_no":"LX-17091921053681501-8","seller_id":"2088421286007493","notify_time":"2017-10-01 19:04:06","body":"2017\u989d\u6d4e\u7eb3\u65d7\u80e1\u6768\u6797\u516d\u65e5\u6e38-\u9886\u8896\u6237\u5916\u72ec\u5bb6\u9996\u521b","trade_status":"TRADE_SUCCESS","is_total_fee_adjust":"N","total_fee":"3400.00","gmt_payment":"2017-10-01 19:04:06","seller_email":"2287684289@qq.com","price":"3400.00","buyer_id":"2088202336051743","notify_id":"6373d26a562592cbca6b4cf4d032ba9lpm","use_coupon":"N","sign_type":"MD5","sign":"d3cb6af28b35434cf23e601fcc0425a9"}
[2017-10-01 19:04:07][info] 数据存储反馈成功！
[2017-10-01 19:04:07][info] success
[2017-10-01 19:04:07][info] 写入结束!!!
[2017-10-01 21:46:32][info] ----------------------------------------
[2017-10-01 21:46:32][info] {"discount":"0.00","payment_type":"1","trade_no":"2017100121001004520225624329","subject":"\u575d\u4e0a\u79cb\u6444","buyer_email":"xiaoting.ding@163.com","gmt_create":"2017-10-01 21:46:23","notify_type":"trade_status_sync","quantity":"1","out_trade_no":"LX-17091515131093306-2","seller_id":"2088421286007493","notify_time":"2017-10-01 21:46:32","body":"9-10\u6708\u91d1\u79cb\uff0c\u5317\u6c9f\u3001\u6768\u6811\u80cc\u3001\u4e94\u5f69\u5c71\u3001\u86e4\u87c6\u575d\u3001\u91ce\u9e2d\u6e56\u3001\u516c\u4e3b\u6e56\u7b49\u575d\u4e0a\u8349\u539f\u79cb\u8272\u4e00\u7f51\u6253\u5c3d 6\u65e5\u6444\u5f71\u521b\u4f5c\u56e2\uff08\u575d\u4e0a\u62cd\u64444\u5929\uff09","trade_status":"TRADE_SUCCESS","is_total_fee_adjust":"N","total_fee":"5360.00","gmt_payment":"2017-10-01 21:46:32","seller_email":"2287684289@qq.com","price":"5360.00","buyer_id":"2088302141803521","notify_id":"26214128f16a98cc5ce644f6a3b601bk0i","use_coupon":"N","sign_type":"MD5","sign":"22e3f2fb3cac607c194ead922266fbee"}
[2017-10-01 21:46:33][info] 数据存储反馈成功！
[2017-10-01 21:46:33][info] success
[2017-10-01 21:46:33][info] 写入结束!!!
[2017-10-01 22:02:58][info] ----------------------------------------
[2017-10-01 22:02:58][info] {"discount":"0.00","payment_type":"1","trade_no":"2017063021001004280226214965","subject":"\u4e1d\u8def\u5dc5\u5cf0\u4f53\u9a8c\u5341\u65e5\u6e38","buyer_email":"18905539900@189.cn","gmt_create":"2017-06-30 22:02:07","notify_type":"trade_status_sync","quantity":"1","out_trade_no":"LX-1706261929014201-2","seller_id":"2088421286007493","notify_time":"2017-10-01 22:02:58","body":"\u6c99\u5c9b-\u9752\u6d77\u6e56-\u8336\u5361\u76d0\u6e56-\u7941\u8fde-\u5f20\u6396-\u5609\u5cea\u5173-\u6566\u714c\u5341\u65e5\u6e38","trade_status":"TRADE_FINISHED","is_total_fee_adjust":"N","total_fee":"4180.00","gmt_payment":"2017-06-30 22:02:27","seller_email":"2287684289@qq.com","gmt_close":"2017-10-01 22:02:57","price":"4180.00","buyer_id":"2088012249835280","notify_id":"483b8341c8dbbeffb6d1043ebd7720ei5u","use_coupon":"N","sign_type":"MD5","sign":"259611ee79e5da8cf84e01e2dcabff81"}
[2017-10-01 22:02:58][info] 数据存储反馈成功！
[2017-10-01 22:02:58][info] success
[2017-10-01 22:02:58][info] 写入结束!!!
[2017-10-01 22:21:08][info] ----------------------------------------
[2017-10-01 22:21:08][info] {"discount":"0.00","payment_type":"1","trade_no":"2017063021001004990233964057","subject":"\u4e1d\u8def\u5dc5\u5cf0\u4f53\u9a8c\u5341\u65e5\u6e38","buyer_email":"543868359@qq.com","gmt_create":"2017-06-30 22:20:21","notify_type":"trade_status_sync","quantity":"1","out_trade_no":"LX-17063022094250306-a","seller_id":"2088421286007493","notify_time":"2017-10-01 22:21:07","body":"\u6c99\u5c9b-\u9752\u6d77\u6e56-\u8336\u5361\u76d0\u6e56-\u7941\u8fde-\u5f20\u6396-\u5609\u5cea\u5173-\u6566\u714c\u5341\u65e5\u6e38","trade_status":"TRADE_FINISHED","is_total_fee_adjust":"N","total_fee":"4180.00","gmt_payment":"2017-06-30 22:20:42","seller_email":"2287684289@qq.com","gmt_close":"2017-10-01 22:21:07","price":"4180.00","buyer_id":"2088202300491993","notify_id":"700dae062b03890bbbc9e701c5d549enn2","use_coupon":"N","sign_type":"MD5","sign":"970fac3eeaa61a53fe7cefc26deb35a0"}
[2017-10-01 22:21:08][info] 数据存储反馈成功！
[2017-10-01 22:21:08][info] success
[2017-10-01 22:21:08][info] 写入结束!!!
[2017-10-01 23:05:03][info] ----------------------------------------
[2017-10-01 23:05:03][info] {"discount":"0.00","payment_type":"1","trade_no":"2017100121001004750241629657","subject":"\u989d\u6d4e\u7eb3\u6444\u5f71B\u7ebf","buyer_email":"13660405399","gmt_create":"2017-10-01 23:04:25","notify_type":"trade_status_sync","quantity":"1","out_trade_no":"LX-1708112216223301-7","seller_id":"2088421286007493","notify_time":"2017-10-01 23:05:03","body":"\u989d\u6d4e\u7eb3\u80e1\u6768\u6797-\u5df4\u4e39\u5409\u6797\u8179\u5730-\u91d1\u5854\u80e1\u6768\u6797-\u602a\u6811\u6797-\u516b\u65e5","trade_status":"TRADE_SUCCESS","is_total_fee_adjust":"N","total_fee":"4780.00","gmt_payment":"2017-10-01 23:05:03","seller_email":"2287684289@qq.com","price":"4780.00","buyer_id":"2088502851444755","notify_id":"608f88a1f8fde534129ab1c01b82c4dlse","use_coupon":"N","sign_type":"MD5","sign":"4d94d1060bd827ab816c5b1f13736259"}
[2017-10-01 23:05:04][info] 数据存储反馈成功！
[2017-10-01 23:05:04][info] success
[2017-10-01 23:05:04][info] 写入结束!!!
[2017-10-01 23:17:51][info] ----------------------------------------
[2017-10-01 23:17:51][info] {"discount":"0.00","payment_type":"1","trade_no":"2017063021001004810207598074","subject":"\u4e1d\u8def\u5dc5\u5cf0\u4f53\u9a8c\u4e5d\u65e5\u6e38B\u7ebf","buyer_email":"13306010849@189.cn","gmt_create":"2017-06-30 23:17:21","notify_type":"trade_status_sync","quantity":"1","out_trade_no":"LX-17063022004141006-7","seller_id":"2088421286007493","notify_time":"2017-10-01 23:17:51","body":"\u5170\u5dde-\u9e23\u6c99\u5c71\u6708\u7259\u6cc9-\u83ab\u9ad8\u7a9f-\u96c5\u4e39\u9b54\u9b3c\u57ce-\u6566\u714c\u535a\u7269\u9986-\u5609\u5cea\u5173-\u5f20\u6396\u4e39\u971e-\u9a6c\u8e44\u5bfa-\u5353\u5c14\u5c71-\u8336\u5361\u76d0\u6e56-\u9752\u6d77\u6e569\u65e5\u6e38","trade_status":"TRADE_FINISHED","is_total_fee_adjust":"N","total_fee":"10140.00","gmt_payment":"2017-06-30 23:17:33","seller_email":"2287684289@qq.com","gmt_close":"2017-10-01 23:17:51","price":"10140.00","buyer_id":"2088112851614816","notify_id":"b3d9f8d863e9b4f57f6da2726c2c739m92","use_coupon":"N","sign_type":"MD5","sign":"57dacc526f3bb342e2723915b8dafbeb"}
[2017-10-01 23:17:51][info] 数据存储反馈成功！
[2017-10-01 23:17:51][info] success
[2017-10-01 23:17:51][info] 写入结束!!!
