[2017-06-26 09:19:42][info] ----------------------------------------
[2017-06-26 09:19:42][info] {"discount":"0.00","payment_type":"1","trade_no":"2017062621001004690245502936","subject":"\u65b0\u7586\u5168\u666f","buyer_email":"18923186139","gmt_create":"2017-06-26 08:49:44","notify_type":"trade_status_sync","quantity":"1","out_trade_no":"LX-17061308411894101-3","seller_id":"2088421286007493","notify_time":"2017-06-26 09:19:42","body":"\u6c5f\u5e03\u62c9\u514b-\u4e94\u5f69\u6ee9-\u5580\u7eb3\u65af-\u79be\u6728-\u8d5b\u91cc\u6728\u6e56-\u85b0\u8863\u8349\u519c\u573a-\u5580\u62c9\u5cfb-\u90a3\u62c9\u63d0-\u5df4\u97f3\u5e03\u9c81\u514b-\u5410\u9c81\u756a13\u65e5\u6e38","trade_status":"TRADE_SUCCESS","is_total_fee_adjust":"N","total_fee":"10600.00","gmt_payment":"2017-06-26 09:19:41","seller_email":"2287684289@qq.com","price":"10600.00","buyer_id":"2088122565405691","notify_id":"5cb2500317b760421917200fc3f65bblbq","use_coupon":"N","sign_type":"MD5","sign":"f96db7414b26dd848c9ed7743ecddc17"}
[2017-06-26 09:19:42][info] 数据存储反馈成功！
[2017-06-26 09:19:42][info] success
[2017-06-26 09:19:42][info] 写入结束!!!
[2017-06-26 09:21:11][info] ----------------------------------------
[2017-06-26 09:21:11][info] {"discount":"0.00","payment_type":"1","trade_no":"2017062621001004090286243097","subject":"\u7518\u5357\u5168\u666f","buyer_email":"13621261766","gmt_create":"2017-06-26 09:20:56","notify_type":"trade_status_sync","quantity":"1","out_trade_no":"LX-17062521281411201-9","seller_id":"2088421286007493","notify_time":"2017-06-26 09:21:11","body":"2017\u5e74\u72ec\u5bb6  \u516b\u89d2\u57ce-\u624e\u5c15\u90a3-\u82b1\u6e56-\u5e74\u5b9d\u7389\u5219-\u82e5\u5c14\u76d6\u8349\u539f-\u963f\u4e07\u4ed3\u6e7f\u5730-\u90ce\u6728\u5bfa 8\u65e5\u6e38","trade_status":"TRADE_SUCCESS","is_total_fee_adjust":"N","total_fee":"6560.00","gmt_payment":"2017-06-26 09:21:11","seller_email":"2287684289@qq.com","price":"6560.00","buyer_id":"2088222647302093","notify_id":"aac29e928842dd231a34acb8d29a2a7gp2","use_coupon":"N","sign_type":"MD5","sign":"50ed4934bdcc4069342768dd5651acd6"}
[2017-06-26 09:21:11][info] 数据存储反馈成功！
[2017-06-26 09:21:11][info] success
[2017-06-26 09:21:11][info] 写入结束!!!
[2017-06-26 11:00:33][info] ----------------------------------------
[2017-06-26 11:00:33][info] {"discount":"0.00","payment_type":"1","trade_no":"2017032721001004780210497058","subject":"\u5fbd\u676d\u53e4\u9053","buyer_email":"13917843371","gmt_create":"2017-03-27 10:59:02","notify_type":"trade_status_sync","quantity":"1","out_trade_no":"LX-17032410591558101-9","seller_id":"2088421286007493","notify_time":"2017-06-26 11:00:33","body":"2017\u5168\u5e74\u8ba1\u5212\uff1a\u8f7b\u88c5\u5355\u65e5\u5f92\u6b65\u7a7f\u8d8a\uff0c\u72ec\u5bb6\u7b56\u5212\u2014\u2014\u7528\u201c\u6362\u5ba2\u201d\u884c\u4e3a\u4eb2\u8eab\u4f53\u4f1a\u53e4\u7ecf\u5546\u4e4b\u9053\uff08\u514d\u8d39\u63d0\u4f9b\u767b\u5c71\u6756\uff0c\u7ec4\u7ec7\u6237\u5916\u91ce\u708a\uff09","trade_status":"TRADE_FINISHED","is_total_fee_adjust":"N","total_fee":"570.00","gmt_payment":"2017-03-27 10:59:09","seller_email":"2287684289@qq.com","gmt_close":"2017-06-26 11:00:33","price":"570.00","buyer_id":"2088802254783788","notify_id":"e131f42377a2d8385ad12e3435820d1m0q","use_coupon":"N","sign_type":"MD5","sign":"5568f6fe5099cde0089c2d9626db6254"}
[2017-06-26 11:00:33][info] 数据存储反馈成功！
[2017-06-26 11:00:33][info] success
[2017-06-26 11:00:33][info] 写入结束!!!
[2017-06-26 11:52:51][info] ----------------------------------------
[2017-06-26 11:52:51][info] {"discount":"0.00","payment_type":"1","trade_no":"2017062621001004280217687424","subject":"\u7518\u5357\u5168\u666f","buyer_email":"18951051189@189.cn","gmt_create":"2017-06-26 11:52:29","notify_type":"trade_status_sync","quantity":"1","out_trade_no":"LX-17051822125938306-3","seller_id":"2088421286007493","notify_time":"2017-06-26 11:52:50","body":"2017\u5e74\u72ec\u5bb6  \u516b\u89d2\u57ce-\u624e\u5c15\u90a3-\u82b1\u6e56-\u5e74\u5b9d\u7389\u5219-\u82e5\u5c14\u76d6\u8349\u539f-\u963f\u4e07\u4ed3\u6e7f\u5730-\u90ce\u6728\u5bfa 8\u65e5\u6e38","trade_status":"TRADE_SUCCESS","is_total_fee_adjust":"N","total_fee":"2780.00","gmt_payment":"2017-06-26 11:52:50","seller_email":"2287684289@qq.com","price":"2780.00","buyer_id":"2088602056720280","notify_id":"1b1239f04609dc11a4f95f77f55bab8i5u","use_coupon":"N","sign_type":"MD5","sign":"941cc2c073d1602f15027708d13a58d3"}
[2017-06-26 11:52:51][info] 数据存储反馈成功！
[2017-06-26 11:52:51][info] success
[2017-06-26 11:52:51][info] 写入结束!!!
[2017-06-26 11:59:24][info] ----------------------------------------
[2017-06-26 11:59:24][info] {"discount":"0.00","payment_type":"1","trade_no":"2017062621001004280217724113","subject":"\u7518\u5357\u5168\u666f","buyer_email":"18951051189@189.cn","gmt_create":"2017-06-26 11:59:09","notify_type":"trade_status_sync","quantity":"1","out_trade_no":"LX-17051822100230306-6","seller_id":"2088421286007493","notify_time":"2017-06-26 11:59:24","body":"2017\u5e74\u72ec\u5bb6  \u516b\u89d2\u57ce-\u624e\u5c15\u90a3-\u82b1\u6e56-\u5e74\u5b9d\u7389\u5219-\u82e5\u5c14\u76d6\u8349\u539f-\u963f\u4e07\u4ed3\u6e7f\u5730-\u90ce\u6728\u5bfa 8\u65e5\u6e38","trade_status":"TRADE_SUCCESS","is_total_fee_adjust":"N","total_fee":"2800.00","gmt_payment":"2017-06-26 11:59:24","seller_email":"2287684289@qq.com","price":"2800.00","buyer_id":"2088602056720280","notify_id":"d589ca07e9ee1fe1f06f1820e2f2099i5u","use_coupon":"N","sign_type":"MD5","sign":"6e760d577136ecb00f8aec4bccef1496"}
[2017-06-26 11:59:24][info] 数据存储反馈成功！
[2017-06-26 11:59:24][info] success
[2017-06-26 11:59:24][info] 写入结束!!!
[2017-06-26 12:02:05][info] ----------------------------------------
[2017-06-26 12:02:05][info] {"discount":"0.00","payment_type":"1","trade_no":"2017062621001004280217724368","subject":"\u7518\u5357\u5168\u666f","buyer_email":"18951051189@189.cn","gmt_create":"2017-06-26 12:01:10","notify_type":"trade_status_sync","quantity":"1","out_trade_no":"LX-17051617535339906-f","seller_id":"2088421286007493","notify_time":"2017-06-26 12:02:05","body":"2017\u5e74\u72ec\u5bb6  \u516b\u89d2\u57ce-\u624e\u5c15\u90a3-\u82b1\u6e56-\u5e74\u5b9d\u7389\u5219-\u82e5\u5c14\u76d6\u8349\u539f-\u963f\u4e07\u4ed3\u6e7f\u5730-\u90ce\u6728\u5bfa 8\u65e5\u6e38","trade_status":"TRADE_SUCCESS","is_total_fee_adjust":"N","total_fee":"2800.00","gmt_payment":"2017-06-26 12:02:05","seller_email":"2287684289@qq.com","price":"2800.00","buyer_id":"2088602056720280","notify_id":"7d7d209738e04d11f57618bef738827i5u","use_coupon":"N","sign_type":"MD5","sign":"0be894c5793886c244019080d872bbac"}
[2017-06-26 12:02:06][info] 数据存储反馈成功！
[2017-06-26 12:02:06][info] success
[2017-06-26 12:02:06][info] 写入结束!!!
[2017-06-26 14:22:49][info] ----------------------------------------
[2017-06-26 14:22:49][info] {"discount":"0.00","payment_type":"1","trade_no":"2017062621001004350282267889","subject":"\u4e1d\u8def\u5dc5\u5cf0\u4f53\u9a8c\u5341\u65e5\u6e38","buyer_email":"462230618@qq.com","gmt_create":"2017-06-26 14:22:32","notify_type":"trade_status_sync","quantity":"1","out_trade_no":"LX-17062312543015606-4","seller_id":"2088421286007493","notify_time":"2017-06-26 14:22:49","body":"\u6c99\u5c9b-\u9752\u6d77\u6e56-\u8336\u5361\u76d0\u6e56-\u7941\u8fde-\u5f20\u6396-\u5609\u5cea\u5173-\u6566\u714c\u5341\u65e5\u6e38","trade_status":"TRADE_SUCCESS","is_total_fee_adjust":"N","total_fee":"5370.00","gmt_payment":"2017-06-26 14:22:48","seller_email":"2287684289@qq.com","price":"5370.00","buyer_id":"2088002650637357","notify_id":"74b6a6d90b2f32aefae4470a5a0ac5cipa","use_coupon":"N","sign_type":"MD5","sign":"6443cb6cfe730079a9773a5b0a9581e1"}
[2017-06-26 14:22:49][info] 数据存储反馈成功！
[2017-06-26 14:22:49][info] success
[2017-06-26 14:22:49][info] 写入结束!!!
[2017-06-26 15:22:17][info] ----------------------------------------
[2017-06-26 15:22:17][info] {"discount":"0.00","payment_type":"1","trade_no":"2017062621001004280218065955","subject":"\u4e1d\u8def\u5dc5\u5cf0\u4f53\u9a8c\u5341\u65e5\u6e38","buyer_email":"18951051189@189.cn","gmt_create":"2017-06-26 15:22:05","notify_type":"trade_status_sync","quantity":"1","out_trade_no":"LX-17051821401748706-0","seller_id":"2088421286007493","notify_time":"2017-06-26 15:22:17","body":"\u6c99\u5c9b-\u9752\u6d77\u6e56-\u8336\u5361\u76d0\u6e56-\u7941\u8fde-\u5f20\u6396-\u5609\u5cea\u5173-\u6566\u714c\u5341\u65e5\u6e38","trade_status":"TRADE_SUCCESS","is_total_fee_adjust":"N","total_fee":"3880.00","gmt_payment":"2017-06-26 15:22:17","seller_email":"2287684289@qq.com","price":"3880.00","buyer_id":"2088602056720280","notify_id":"12291ccb3877615552ae4022fc6c954i5u","use_coupon":"N","sign_type":"MD5","sign":"001cd37fac363b39d0ec6ccb87959359"}
[2017-06-26 15:22:17][info] 数据存储反馈成功！
[2017-06-26 15:22:17][info] success
[2017-06-26 15:22:17][info] 写入结束!!!
[2017-06-26 15:30:22][info] ----------------------------------------
[2017-06-26 15:30:22][info] {"discount":"0.00","payment_type":"1","trade_no":"2017062621001004280218072495","subject":"\u4e1d\u8def\u5dc5\u5cf0\u4f53\u9a8c\u5341\u65e5\u6e38","buyer_email":"18951051189@189.cn","gmt_create":"2017-06-26 15:30:11","notify_type":"trade_status_sync","quantity":"1","out_trade_no":"LX-17051812011547306-1","seller_id":"2088421286007493","notify_time":"2017-06-26 15:30:22","body":"\u6c99\u5c9b-\u9752\u6d77\u6e56-\u8336\u5361\u76d0\u6e56-\u7941\u8fde-\u5f20\u6396-\u5609\u5cea\u5173-\u6566\u714c\u5341\u65e5\u6e38","trade_status":"TRADE_SUCCESS","is_total_fee_adjust":"N","total_fee":"3880.00","gmt_payment":"2017-06-26 15:30:22","seller_email":"2287684289@qq.com","price":"3880.00","buyer_id":"2088602056720280","notify_id":"653d20e9dd836bc2ef3aaae4baf2f91i5u","use_coupon":"N","sign_type":"MD5","sign":"d5ad2e8654c67395c176f044e9ae70e3"}
[2017-06-26 15:30:22][info] 数据存储反馈成功！
[2017-06-26 15:30:22][info] success
[2017-06-26 15:30:22][info] 写入结束!!!
[2017-06-26 15:33:58][info] ----------------------------------------
[2017-06-26 15:33:58][info] {"discount":"0.00","payment_type":"1","trade_no":"2017062621001004280218106302","subject":"\u4e1d\u8def\u5dc5\u5cf0\u4f53\u9a8c\u5341\u65e5\u6e38","buyer_email":"18951051189@189.cn","gmt_create":"2017-06-26 15:33:46","notify_type":"trade_status_sync","quantity":"1","out_trade_no":"LX-1705041721411006-7","seller_id":"2088421286007493","notify_time":"2017-06-26 15:33:58","body":"\u6c99\u5c9b-\u9752\u6d77\u6e56-\u8336\u5361\u76d0\u6e56-\u7941\u8fde-\u5f20\u6396-\u5609\u5cea\u5173-\u6566\u714c\u5341\u65e5\u6e38","trade_status":"TRADE_SUCCESS","is_total_fee_adjust":"N","total_fee":"4120.00","gmt_payment":"2017-06-26 15:33:57","seller_email":"2287684289@qq.com","price":"4120.00","buyer_id":"2088602056720280","notify_id":"9273a13c56efe4fcadaf2b953f7f9e7i5u","use_coupon":"N","sign_type":"MD5","sign":"ea29d0a56c8620284ea993bff6198e97"}
[2017-06-26 15:33:58][info] 数据存储反馈成功！
[2017-06-26 15:33:58][info] success
[2017-06-26 15:33:58][info] 写入结束!!!
[2017-06-26 16:09:02][info] ----------------------------------------
[2017-06-26 16:09:02][info] {"discount":"0.00","payment_type":"1","trade_no":"2017032721001004910274566241","subject":"\u4eba\u50cf\u5916\u62cd","buyer_email":"feifly_1985@163.com","gmt_create":"2017-03-27 16:07:48","notify_type":"trade_status_sync","quantity":"1","out_trade_no":"LX-1703161136262701-3","seller_id":"2088421286007493","notify_time":"2017-06-26 16:09:02","body":"03.25\u5468\u516d\uff0c\u201c\u82b1\u6f3e\u5c18\u201d\u53e4\u98ce\u6a31\u82b1\u4eba\u50cf\u4e3b\u9898\u5916\u62cd","trade_status":"TRADE_FINISHED","is_total_fee_adjust":"N","total_fee":"0.01","gmt_payment":"2017-03-27 16:08:02","seller_email":"2287684289@qq.com","gmt_close":"2017-06-26 16:09:02","price":"0.01","buyer_id":"2088902293682915","notify_id":"b41fe7f91e27552b97c8d0f6c677f4en0u","use_coupon":"N","sign_type":"MD5","sign":"dc2dbb863eff8773d76a12ed866af62c"}
[2017-06-26 16:09:02][info] 数据存储反馈成功！
[2017-06-26 16:09:02][info] success
[2017-06-26 16:09:02][info] 写入结束!!!
[2017-06-26 16:12:34][info] ----------------------------------------
[2017-06-26 16:12:34][info] {"discount":"0.00","payment_type":"1","trade_no":"2017062621001004770251685589","subject":"\u4e1d\u7ef8\u4e4b\u8def\u7ecf\u5178\u4e5d\u65e5","buyer_email":"xiaofan77s@sina.com","gmt_create":"2017-06-26 16:12:11","notify_type":"trade_status_sync","quantity":"1","out_trade_no":"LX-17062615412545806-e","seller_id":"2088421286007493","notify_time":"2017-06-26 16:12:34","body":"\u6c99\u5c9b-\u9752\u6d77\u6e56-\u8336\u5361\u76d0\u6e56-\u5353\u5c14\u5c71-\u5f20\u6396\u4e39\u971e-\u5609\u5cea\u5173-\u6566\u714c9\u65e5\u6e38","trade_status":"TRADE_SUCCESS","is_total_fee_adjust":"N","total_fee":"3780.00","gmt_payment":"2017-06-26 16:12:34","seller_email":"2287684289@qq.com","price":"3780.00","buyer_id":"2088302151838775","notify_id":"4b80eddef28aac789230503a6993199lxy","use_coupon":"N","sign_type":"MD5","sign":"70b73ec86f5240a5ce5c2dada97864cf"}
[2017-06-26 16:12:35][info] 数据存储反馈成功！
[2017-06-26 16:12:35][info] success
[2017-06-26 16:12:35][info] 写入结束!!!
[2017-06-26 16:15:59][info] ----------------------------------------
[2017-06-26 16:15:59][info] {"discount":"0.00","payment_type":"1","trade_no":"2017032721001004910274548755","subject":"\u4eba\u50cf\u5916\u62cd","buyer_email":"feifly_1985@163.com","gmt_create":"2017-03-27 16:15:30","notify_type":"trade_status_sync","quantity":"1","out_trade_no":"LX-1703161136262701-e","seller_id":"2088421286007493","notify_time":"2017-06-26 16:15:59","body":"03.25\u5468\u516d\uff0c\u201c\u82b1\u6f3e\u5c18\u201d\u53e4\u98ce\u6a31\u82b1\u4eba\u50cf\u4e3b\u9898\u5916\u62cd","trade_status":"TRADE_FINISHED","is_total_fee_adjust":"N","total_fee":"0.01","gmt_payment":"2017-03-27 16:15:41","seller_email":"2287684289@qq.com","gmt_close":"2017-06-26 16:15:59","price":"0.01","buyer_id":"2088902293682915","notify_id":"4c8fff8c78d874e553e45c80acac6b0n0u","use_coupon":"N","sign_type":"MD5","sign":"96374eda890a7e2b52bf4f5a0b704850"}
[2017-06-26 16:15:59][info] 数据存储反馈成功！
[2017-06-26 16:15:59][info] success
[2017-06-26 16:15:59][info] 写入结束!!!
[2017-06-26 19:47:56][info] ----------------------------------------
[2017-06-26 19:47:56][info] {"discount":"0.00","payment_type":"1","trade_no":"2017062621001004420290346209","subject":"\u4e1d\u7ef8\u4e4b\u8def\u7ecf\u5178\u4e5d\u65e5","buyer_email":"13607132101","gmt_create":"2017-06-26 19:47:12","notify_type":"trade_status_sync","quantity":"1","out_trade_no":"LX-17062517194046801-4","seller_id":"2088421286007493","notify_time":"2017-06-26 19:47:56","body":"\u6c99\u5c9b-\u9752\u6d77\u6e56-\u8336\u5361\u76d0\u6e56-\u5353\u5c14\u5c71-\u5f20\u6396\u4e39\u971e-\u5609\u5cea\u5173-\u6566\u714c9\u65e5\u6e38","trade_status":"TRADE_SUCCESS","is_total_fee_adjust":"N","total_fee":"8790.00","gmt_payment":"2017-06-26 19:47:55","seller_email":"2287684289@qq.com","price":"8790.00","buyer_id":"2088702723723421","notify_id":"b7cbb062d4b4c78446a7923d665959cj8q","use_coupon":"N","sign_type":"MD5","sign":"f5e3b43c20045c1326ce3f7d6d809d1e"}
[2017-06-26 19:47:56][info] 数据存储反馈成功！
[2017-06-26 19:47:56][info] success
[2017-06-26 19:47:56][info] 写入结束!!!
