[2017-03-23 22:19:31][info] ----------------------------------------
[2017-03-23 22:19:31][info] XML_DATA111:[{appid=>wxefc029d4373dcac0}{bank_type=>CMB_DEBIT}{cash_fee=>598000}{fee_type=>CNY}{is_subscribe=>Y}{mch_id=>1244967502}{nonce_str=>s5tk57b1n7oo0x2ydrwc468ir9gwkb6p}{openid=>orYumuHlj90UTF5Vb0SG1C4jQbPo}{out_trade_no=>LX-17022720463824506-d}{result_code=>SUCCESS}{return_code=>SUCCESS}{sign=>1255D9DB16D81A5B1043745F1A62248E}{time_end=>20170323221929}{total_fee=>598000}{trade_type=>NATIVE}{transaction_id=>4002422001201703234411213808}]
[2017-03-23 22:19:31][info] k:appid=>wxefc029d4373dcac0
[2017-03-23 22:19:31][info] k:bank_type=>CMB_DEBIT
[2017-03-23 22:19:31][info] k:cash_fee=>598000
[2017-03-23 22:19:31][info] k:fee_type=>CNY
[2017-03-23 22:19:31][info] k:is_subscribe=>Y
[2017-03-23 22:19:31][info] k:mch_id=>1244967502
[2017-03-23 22:19:31][info] k:nonce_str=>s5tk57b1n7oo0x2ydrwc468ir9gwkb6p
[2017-03-23 22:19:31][info] k:openid=>orYumuHlj90UTF5Vb0SG1C4jQbPo
[2017-03-23 22:19:31][info] k:out_trade_no=>LX-17022720463824506-d
[2017-03-23 22:19:31][info] k:result_code=>SUCCESS
[2017-03-23 22:19:31][info] k:return_code=>SUCCESS
[2017-03-23 22:19:31][info] k:sign=>1255D9DB16D81A5B1043745F1A62248E
[2017-03-23 22:19:31][info] k:time_end=>20170323221929
[2017-03-23 22:19:31][info] k:total_fee=>598000
[2017-03-23 22:19:31][info] k:trade_type=>NATIVE
[2017-03-23 22:19:31][info] k:transaction_id=>4002422001201703234411213808
[2017-03-23 22:19:31][info] ----------------------------------------
[2017-03-23 22:19:31][info] XML_DATA222:{"appid":"wxefc029d4373dcac0","bank_type":"CMB_DEBIT","cash_fee":"5980.00","fee_type":"CNY","is_subscribe":"Y","mch_id":"1244967502","nonce_str":"s5tk57b1n7oo0x2ydrwc468ir9gwkb6p","openid":"orYumuHlj90UTF5Vb0SG1C4jQbPo","out_trade_no":"LX-17022720463824506-d","result_code":"SUCCESS","return_code":"SUCCESS","sign":"1255D9DB16D81A5B1043745F1A62248E","time_end":"20170323221929","total_fee":"5980.00","trade_type":"NATIVE","transaction_id":"4002422001201703234411213808"}
[2017-03-23 22:19:31][warn] 数据存储成功，并成功返回记录编号17407！
[2017-03-23 22:19:43][info] ----------------------------------------
[2017-03-23 22:19:43][info] XML_DATA111:[{appid=>wxefc029d4373dcac0}{bank_type=>CMB_DEBIT}{cash_fee=>598000}{fee_type=>CNY}{is_subscribe=>Y}{mch_id=>1244967502}{nonce_str=>s5tk57b1n7oo0x2ydrwc468ir9gwkb6p}{openid=>orYumuHlj90UTF5Vb0SG1C4jQbPo}{out_trade_no=>LX-17022720463824506-d}{result_code=>SUCCESS}{return_code=>SUCCESS}{sign=>1255D9DB16D81A5B1043745F1A62248E}{time_end=>20170323221929}{total_fee=>598000}{trade_type=>NATIVE}{transaction_id=>4002422001201703234411213808}]
[2017-03-23 22:19:43][info] k:appid=>wxefc029d4373dcac0
[2017-03-23 22:19:43][info] k:bank_type=>CMB_DEBIT
[2017-03-23 22:19:43][info] k:cash_fee=>598000
[2017-03-23 22:19:43][info] k:fee_type=>CNY
[2017-03-23 22:19:43][info] k:is_subscribe=>Y
[2017-03-23 22:19:43][info] k:mch_id=>1244967502
[2017-03-23 22:19:43][info] k:nonce_str=>s5tk57b1n7oo0x2ydrwc468ir9gwkb6p
[2017-03-23 22:19:43][info] k:openid=>orYumuHlj90UTF5Vb0SG1C4jQbPo
[2017-03-23 22:19:43][info] k:out_trade_no=>LX-17022720463824506-d
[2017-03-23 22:19:43][info] k:result_code=>SUCCESS
[2017-03-23 22:19:43][info] k:return_code=>SUCCESS
[2017-03-23 22:19:43][info] k:sign=>1255D9DB16D81A5B1043745F1A62248E
[2017-03-23 22:19:43][info] k:time_end=>20170323221929
[2017-03-23 22:19:43][info] k:total_fee=>598000
[2017-03-23 22:19:43][info] k:trade_type=>NATIVE
[2017-03-23 22:19:43][info] k:transaction_id=>4002422001201703234411213808
[2017-03-23 22:19:43][info] ----------------------------------------
[2017-03-23 22:19:43][info] XML_DATA222:{"appid":"wxefc029d4373dcac0","bank_type":"CMB_DEBIT","cash_fee":"5980.00","fee_type":"CNY","is_subscribe":"Y","mch_id":"1244967502","nonce_str":"s5tk57b1n7oo0x2ydrwc468ir9gwkb6p","openid":"orYumuHlj90UTF5Vb0SG1C4jQbPo","out_trade_no":"LX-17022720463824506-d","result_code":"SUCCESS","return_code":"SUCCESS","sign":"1255D9DB16D81A5B1043745F1A62248E","time_end":"20170323221929","total_fee":"5980.00","trade_type":"NATIVE","transaction_id":"4002422001201703234411213808"}
[2017-03-23 22:19:43][info] 收到重复信息，并处理反馈成功！
[2017-03-23 22:19:43][info] success
[2017-03-23 22:19:43][info] 写入结束!!!
