[2017-07-02 07:14:58][info] ----------------------------------------
[2017-07-02 07:14:58][info] XML_DATA111:[{appid=>wxefc029d4373dcac0}{bank_type=>CMBC_DEBIT}{cash_fee=>540000}{fee_type=>CNY}{is_subscribe=>Y}{mch_id=>1244967502}{nonce_str=>yeie4jumw31ae1m4yvaofsgmxokym5tw}{openid=>orYumuLLFrw35eh5IU3R7uJxl8H0}{out_trade_no=>LX-17062316411175706-5}{result_code=>SUCCESS}{return_code=>SUCCESS}{sign=>1F44EE585A15F4D15DC8442053B2CDA3}{time_end=>20170702071458}{total_fee=>540000}{trade_type=>NATIVE}{transaction_id=>4000462001201707018243577665}]
[2017-07-02 07:14:58][info] k:appid=>wxefc029d4373dcac0
[2017-07-02 07:14:58][info] k:bank_type=>CMBC_DEBIT
[2017-07-02 07:14:58][info] k:cash_fee=>540000
[2017-07-02 07:14:58][info] k:fee_type=>CNY
[2017-07-02 07:14:58][info] k:is_subscribe=>Y
[2017-07-02 07:14:58][info] k:mch_id=>1244967502
[2017-07-02 07:14:58][info] k:nonce_str=>yeie4jumw31ae1m4yvaofsgmxokym5tw
[2017-07-02 07:14:58][info] k:openid=>orYumuLLFrw35eh5IU3R7uJxl8H0
[2017-07-02 07:14:58][info] k:out_trade_no=>LX-17062316411175706-5
[2017-07-02 07:14:58][info] k:result_code=>SUCCESS
[2017-07-02 07:14:58][info] k:return_code=>SUCCESS
[2017-07-02 07:14:58][info] k:sign=>1F44EE585A15F4D15DC8442053B2CDA3
[2017-07-02 07:14:58][info] k:time_end=>20170702071458
[2017-07-02 07:14:58][info] k:total_fee=>540000
[2017-07-02 07:14:58][info] k:trade_type=>NATIVE
[2017-07-02 07:14:58][info] k:transaction_id=>4000462001201707018243577665
[2017-07-02 07:14:58][info] ----------------------------------------
[2017-07-02 07:14:58][info] XML_DATA222:{"appid":"wxefc029d4373dcac0","bank_type":"CMBC_DEBIT","cash_fee":"5400.00","fee_type":"CNY","is_subscribe":"Y","mch_id":"1244967502","nonce_str":"yeie4jumw31ae1m4yvaofsgmxokym5tw","openid":"orYumuLLFrw35eh5IU3R7uJxl8H0","out_trade_no":"LX-17062316411175706-5","result_code":"SUCCESS","return_code":"SUCCESS","sign":"1F44EE585A15F4D15DC8442053B2CDA3","time_end":"20170702071458","total_fee":"5400.00","trade_type":"NATIVE","transaction_id":"4000462001201707018243577665"}
[2017-07-02 07:14:59][warn] 数据存储成功，并成功返回记录编号17805！
[2017-07-02 07:15:11][info] ----------------------------------------
[2017-07-02 07:15:11][info] XML_DATA111:[{appid=>wxefc029d4373dcac0}{bank_type=>CMBC_DEBIT}{cash_fee=>540000}{fee_type=>CNY}{is_subscribe=>Y}{mch_id=>1244967502}{nonce_str=>yeie4jumw31ae1m4yvaofsgmxokym5tw}{openid=>orYumuLLFrw35eh5IU3R7uJxl8H0}{out_trade_no=>LX-17062316411175706-5}{result_code=>SUCCESS}{return_code=>SUCCESS}{sign=>1F44EE585A15F4D15DC8442053B2CDA3}{time_end=>20170702071458}{total_fee=>540000}{trade_type=>NATIVE}{transaction_id=>4000462001201707018243577665}]
[2017-07-02 07:15:11][info] k:appid=>wxefc029d4373dcac0
[2017-07-02 07:15:11][info] k:bank_type=>CMBC_DEBIT
[2017-07-02 07:15:11][info] k:cash_fee=>540000
[2017-07-02 07:15:11][info] k:fee_type=>CNY
[2017-07-02 07:15:11][info] k:is_subscribe=>Y
[2017-07-02 07:15:11][info] k:mch_id=>1244967502
[2017-07-02 07:15:11][info] k:nonce_str=>yeie4jumw31ae1m4yvaofsgmxokym5tw
[2017-07-02 07:15:11][info] k:openid=>orYumuLLFrw35eh5IU3R7uJxl8H0
[2017-07-02 07:15:11][info] k:out_trade_no=>LX-17062316411175706-5
[2017-07-02 07:15:11][info] k:result_code=>SUCCESS
[2017-07-02 07:15:11][info] k:return_code=>SUCCESS
[2017-07-02 07:15:11][info] k:sign=>1F44EE585A15F4D15DC8442053B2CDA3
[2017-07-02 07:15:11][info] k:time_end=>20170702071458
[2017-07-02 07:15:11][info] k:total_fee=>540000
[2017-07-02 07:15:11][info] k:trade_type=>NATIVE
[2017-07-02 07:15:11][info] k:transaction_id=>4000462001201707018243577665
[2017-07-02 07:15:11][info] ----------------------------------------
[2017-07-02 07:15:11][info] XML_DATA222:{"appid":"wxefc029d4373dcac0","bank_type":"CMBC_DEBIT","cash_fee":"5400.00","fee_type":"CNY","is_subscribe":"Y","mch_id":"1244967502","nonce_str":"yeie4jumw31ae1m4yvaofsgmxokym5tw","openid":"orYumuLLFrw35eh5IU3R7uJxl8H0","out_trade_no":"LX-17062316411175706-5","result_code":"SUCCESS","return_code":"SUCCESS","sign":"1F44EE585A15F4D15DC8442053B2CDA3","time_end":"20170702071458","total_fee":"5400.00","trade_type":"NATIVE","transaction_id":"4000462001201707018243577665"}
[2017-07-02 07:15:11][info] 收到重复信息，并处理反馈成功！
[2017-07-02 07:15:11][info] success
[2017-07-02 07:15:11][info] 写入结束!!!
