[2017-09-06 09:54:48][info] ----------------------------------------
[2017-09-06 09:54:48][info] XML_DATA111:[{appid=>wxefc029d4373dcac0}{bank_type=>CCB_DEBIT}{cash_fee=>371000}{fee_type=>CNY}{is_subscribe=>N}{mch_id=>1244967502}{nonce_str=>i0xh8szzjaymdmartxgbg76g6di5rqhe}{openid=>orYumuHDtILx7oYThYxwM1ToiYvQ}{out_trade_no=>LX-17090510060673301-2}{result_code=>SUCCESS}{return_code=>SUCCESS}{sign=>902281186FF4FBB2C7F1A7A34C1F11CC}{time_end=>20170906095448}{total_fee=>371000}{trade_type=>NATIVE}{transaction_id=>4003172001201709060490506712}]
[2017-09-06 09:54:48][info] k:appid=>wxefc029d4373dcac0
[2017-09-06 09:54:48][info] k:bank_type=>CCB_DEBIT
[2017-09-06 09:54:48][info] k:cash_fee=>371000
[2017-09-06 09:54:48][info] k:fee_type=>CNY
[2017-09-06 09:54:48][info] k:is_subscribe=>N
[2017-09-06 09:54:48][info] k:mch_id=>1244967502
[2017-09-06 09:54:48][info] k:nonce_str=>i0xh8szzjaymdmartxgbg76g6di5rqhe
[2017-09-06 09:54:48][info] k:openid=>orYumuHDtILx7oYThYxwM1ToiYvQ
[2017-09-06 09:54:48][info] k:out_trade_no=>LX-17090510060673301-2
[2017-09-06 09:54:48][info] k:result_code=>SUCCESS
[2017-09-06 09:54:48][info] k:return_code=>SUCCESS
[2017-09-06 09:54:48][info] k:sign=>902281186FF4FBB2C7F1A7A34C1F11CC
[2017-09-06 09:54:48][info] k:time_end=>20170906095448
[2017-09-06 09:54:48][info] k:total_fee=>371000
[2017-09-06 09:54:48][info] k:trade_type=>NATIVE
[2017-09-06 09:54:48][info] k:transaction_id=>4003172001201709060490506712
[2017-09-06 09:54:48][info] ----------------------------------------
[2017-09-06 09:54:48][info] XML_DATA222:{"appid":"wxefc029d4373dcac0","bank_type":"CCB_DEBIT","cash_fee":"3710.00","fee_type":"CNY","is_subscribe":"N","mch_id":"1244967502","nonce_str":"i0xh8szzjaymdmartxgbg76g6di5rqhe","openid":"orYumuHDtILx7oYThYxwM1ToiYvQ","out_trade_no":"LX-17090510060673301-2","result_code":"SUCCESS","return_code":"SUCCESS","sign":"902281186FF4FBB2C7F1A7A34C1F11CC","time_end":"20170906095448","total_fee":"3710.00","trade_type":"NATIVE","transaction_id":"4003172001201709060490506712"}
[2017-09-06 09:54:48][warn] 数据存储成功，并成功返回记录编号18906！
[2017-09-06 09:55:00][info] ----------------------------------------
[2017-09-06 09:55:00][info] XML_DATA111:[{appid=>wxefc029d4373dcac0}{bank_type=>CCB_DEBIT}{cash_fee=>371000}{fee_type=>CNY}{is_subscribe=>N}{mch_id=>1244967502}{nonce_str=>i0xh8szzjaymdmartxgbg76g6di5rqhe}{openid=>orYumuHDtILx7oYThYxwM1ToiYvQ}{out_trade_no=>LX-17090510060673301-2}{result_code=>SUCCESS}{return_code=>SUCCESS}{sign=>902281186FF4FBB2C7F1A7A34C1F11CC}{time_end=>20170906095448}{total_fee=>371000}{trade_type=>NATIVE}{transaction_id=>4003172001201709060490506712}]
[2017-09-06 09:55:00][info] k:appid=>wxefc029d4373dcac0
[2017-09-06 09:55:00][info] k:bank_type=>CCB_DEBIT
[2017-09-06 09:55:00][info] k:cash_fee=>371000
[2017-09-06 09:55:00][info] k:fee_type=>CNY
[2017-09-06 09:55:00][info] k:is_subscribe=>N
[2017-09-06 09:55:00][info] k:mch_id=>1244967502
[2017-09-06 09:55:00][info] k:nonce_str=>i0xh8szzjaymdmartxgbg76g6di5rqhe
[2017-09-06 09:55:00][info] k:openid=>orYumuHDtILx7oYThYxwM1ToiYvQ
[2017-09-06 09:55:00][info] k:out_trade_no=>LX-17090510060673301-2
[2017-09-06 09:55:00][info] k:result_code=>SUCCESS
[2017-09-06 09:55:00][info] k:return_code=>SUCCESS
[2017-09-06 09:55:00][info] k:sign=>902281186FF4FBB2C7F1A7A34C1F11CC
[2017-09-06 09:55:00][info] k:time_end=>20170906095448
[2017-09-06 09:55:00][info] k:total_fee=>371000
[2017-09-06 09:55:00][info] k:trade_type=>NATIVE
[2017-09-06 09:55:00][info] k:transaction_id=>4003172001201709060490506712
[2017-09-06 09:55:00][info] ----------------------------------------
[2017-09-06 09:55:00][info] XML_DATA222:{"appid":"wxefc029d4373dcac0","bank_type":"CCB_DEBIT","cash_fee":"3710.00","fee_type":"CNY","is_subscribe":"N","mch_id":"1244967502","nonce_str":"i0xh8szzjaymdmartxgbg76g6di5rqhe","openid":"orYumuHDtILx7oYThYxwM1ToiYvQ","out_trade_no":"LX-17090510060673301-2","result_code":"SUCCESS","return_code":"SUCCESS","sign":"902281186FF4FBB2C7F1A7A34C1F11CC","time_end":"20170906095448","total_fee":"3710.00","trade_type":"NATIVE","transaction_id":"4003172001201709060490506712"}
[2017-09-06 09:55:00][info] 收到重复信息，并处理反馈成功！
[2017-09-06 09:55:00][info] success
[2017-09-06 09:55:00][info] 写入结束!!!
[2017-09-06 10:38:38][info] ----------------------------------------
[2017-09-06 10:38:38][info] XML_DATA111:[{appid=>wxefc029d4373dcac0}{bank_type=>ABC_CREDIT}{cash_fee=>698000}{fee_type=>CNY}{is_subscribe=>N}{mch_id=>1244967502}{nonce_str=>jnxamj6pnowo021bp43lxcvyelgkfrqy}{openid=>orYumuB9h3QqWIzoLCcLOsyOsjYQ}{out_trade_no=>LX-17090610100410901-8}{result_code=>SUCCESS}{return_code=>SUCCESS}{sign=>D5D0654B855AC9DC75FFC729A0B50833}{time_end=>20170906103838}{total_fee=>698000}{trade_type=>NATIVE}{transaction_id=>4005062001201709060493773367}]
[2017-09-06 10:38:38][info] k:appid=>wxefc029d4373dcac0
[2017-09-06 10:38:38][info] k:bank_type=>ABC_CREDIT
[2017-09-06 10:38:38][info] k:cash_fee=>698000
[2017-09-06 10:38:38][info] k:fee_type=>CNY
[2017-09-06 10:38:38][info] k:is_subscribe=>N
[2017-09-06 10:38:38][info] k:mch_id=>1244967502
[2017-09-06 10:38:38][info] k:nonce_str=>jnxamj6pnowo021bp43lxcvyelgkfrqy
[2017-09-06 10:38:38][info] k:openid=>orYumuB9h3QqWIzoLCcLOsyOsjYQ
[2017-09-06 10:38:38][info] k:out_trade_no=>LX-17090610100410901-8
[2017-09-06 10:38:38][info] k:result_code=>SUCCESS
[2017-09-06 10:38:38][info] k:return_code=>SUCCESS
[2017-09-06 10:38:38][info] k:sign=>D5D0654B855AC9DC75FFC729A0B50833
[2017-09-06 10:38:38][info] k:time_end=>20170906103838
[2017-09-06 10:38:38][info] k:total_fee=>698000
[2017-09-06 10:38:38][info] k:trade_type=>NATIVE
[2017-09-06 10:38:38][info] k:transaction_id=>4005062001201709060493773367
[2017-09-06 10:38:38][info] ----------------------------------------
[2017-09-06 10:38:38][info] XML_DATA222:{"appid":"wxefc029d4373dcac0","bank_type":"ABC_CREDIT","cash_fee":"6980.00","fee_type":"CNY","is_subscribe":"N","mch_id":"1244967502","nonce_str":"jnxamj6pnowo021bp43lxcvyelgkfrqy","openid":"orYumuB9h3QqWIzoLCcLOsyOsjYQ","out_trade_no":"LX-17090610100410901-8","result_code":"SUCCESS","return_code":"SUCCESS","sign":"D5D0654B855AC9DC75FFC729A0B50833","time_end":"20170906103838","total_fee":"6980.00","trade_type":"NATIVE","transaction_id":"4005062001201709060493773367"}
[2017-09-06 10:38:38][warn] 数据存储成功，并成功返回记录编号18908！
[2017-09-06 10:38:49][info] ----------------------------------------
[2017-09-06 10:38:49][info] XML_DATA111:[{appid=>wxefc029d4373dcac0}{bank_type=>ABC_CREDIT}{cash_fee=>698000}{fee_type=>CNY}{is_subscribe=>N}{mch_id=>1244967502}{nonce_str=>jnxamj6pnowo021bp43lxcvyelgkfrqy}{openid=>orYumuB9h3QqWIzoLCcLOsyOsjYQ}{out_trade_no=>LX-17090610100410901-8}{result_code=>SUCCESS}{return_code=>SUCCESS}{sign=>D5D0654B855AC9DC75FFC729A0B50833}{time_end=>20170906103838}{total_fee=>698000}{trade_type=>NATIVE}{transaction_id=>4005062001201709060493773367}]
[2017-09-06 10:38:49][info] k:appid=>wxefc029d4373dcac0
[2017-09-06 10:38:49][info] k:bank_type=>ABC_CREDIT
[2017-09-06 10:38:49][info] k:cash_fee=>698000
[2017-09-06 10:38:49][info] k:fee_type=>CNY
[2017-09-06 10:38:49][info] k:is_subscribe=>N
[2017-09-06 10:38:49][info] k:mch_id=>1244967502
[2017-09-06 10:38:49][info] k:nonce_str=>jnxamj6pnowo021bp43lxcvyelgkfrqy
[2017-09-06 10:38:49][info] k:openid=>orYumuB9h3QqWIzoLCcLOsyOsjYQ
[2017-09-06 10:38:49][info] k:out_trade_no=>LX-17090610100410901-8
[2017-09-06 10:38:49][info] k:result_code=>SUCCESS
[2017-09-06 10:38:49][info] k:return_code=>SUCCESS
[2017-09-06 10:38:49][info] k:sign=>D5D0654B855AC9DC75FFC729A0B50833
[2017-09-06 10:38:49][info] k:time_end=>20170906103838
[2017-09-06 10:38:49][info] k:total_fee=>698000
[2017-09-06 10:38:49][info] k:trade_type=>NATIVE
[2017-09-06 10:38:49][info] k:transaction_id=>4005062001201709060493773367
[2017-09-06 10:38:49][info] ----------------------------------------
[2017-09-06 10:38:49][info] XML_DATA222:{"appid":"wxefc029d4373dcac0","bank_type":"ABC_CREDIT","cash_fee":"6980.00","fee_type":"CNY","is_subscribe":"N","mch_id":"1244967502","nonce_str":"jnxamj6pnowo021bp43lxcvyelgkfrqy","openid":"orYumuB9h3QqWIzoLCcLOsyOsjYQ","out_trade_no":"LX-17090610100410901-8","result_code":"SUCCESS","return_code":"SUCCESS","sign":"D5D0654B855AC9DC75FFC729A0B50833","time_end":"20170906103838","total_fee":"6980.00","trade_type":"NATIVE","transaction_id":"4005062001201709060493773367"}
[2017-09-06 10:38:49][info] 收到重复信息，并处理反馈成功！
[2017-09-06 10:38:49][info] success
[2017-09-06 10:38:49][info] 写入结束!!!
[2017-09-06 11:55:19][info] ----------------------------------------
[2017-09-06 11:55:19][info] XML_DATA111:[{appid=>wxefc029d4373dcac0}{bank_type=>CFT}{cash_fee=>976000}{fee_type=>CNY}{is_subscribe=>N}{mch_id=>1244967502}{nonce_str=>nnvzhi3hugy5xbonsj3czdosrmtdgpry}{openid=>orYumuKUmM4PrMniBSDdHU_bOdXg}{out_trade_no=>LX-1709021818364806-e}{result_code=>SUCCESS}{return_code=>SUCCESS}{sign=>AC6FB970883C4C9BDD61C1E96A78D130}{time_end=>20170906115518}{total_fee=>976000}{trade_type=>NATIVE}{transaction_id=>4002502001201709060507660251}]
[2017-09-06 11:55:19][info] k:appid=>wxefc029d4373dcac0
[2017-09-06 11:55:19][info] k:bank_type=>CFT
[2017-09-06 11:55:19][info] k:cash_fee=>976000
[2017-09-06 11:55:19][info] k:fee_type=>CNY
[2017-09-06 11:55:19][info] k:is_subscribe=>N
[2017-09-06 11:55:19][info] k:mch_id=>1244967502
[2017-09-06 11:55:19][info] k:nonce_str=>nnvzhi3hugy5xbonsj3czdosrmtdgpry
[2017-09-06 11:55:19][info] k:openid=>orYumuKUmM4PrMniBSDdHU_bOdXg
[2017-09-06 11:55:19][info] k:out_trade_no=>LX-1709021818364806-e
[2017-09-06 11:55:19][info] k:result_code=>SUCCESS
[2017-09-06 11:55:19][info] k:return_code=>SUCCESS
[2017-09-06 11:55:19][info] k:sign=>AC6FB970883C4C9BDD61C1E96A78D130
[2017-09-06 11:55:19][info] k:time_end=>20170906115518
[2017-09-06 11:55:19][info] k:total_fee=>976000
[2017-09-06 11:55:19][info] k:trade_type=>NATIVE
[2017-09-06 11:55:19][info] k:transaction_id=>4002502001201709060507660251
[2017-09-06 11:55:19][info] ----------------------------------------
[2017-09-06 11:55:19][info] XML_DATA222:{"appid":"wxefc029d4373dcac0","bank_type":"CFT","cash_fee":"9760.00","fee_type":"CNY","is_subscribe":"N","mch_id":"1244967502","nonce_str":"nnvzhi3hugy5xbonsj3czdosrmtdgpry","openid":"orYumuKUmM4PrMniBSDdHU_bOdXg","out_trade_no":"LX-1709021818364806-e","result_code":"SUCCESS","return_code":"SUCCESS","sign":"AC6FB970883C4C9BDD61C1E96A78D130","time_end":"20170906115518","total_fee":"9760.00","trade_type":"NATIVE","transaction_id":"4002502001201709060507660251"}
[2017-09-06 11:55:19][warn] 数据存储成功，并成功返回记录编号18912！
[2017-09-06 11:55:35][info] ----------------------------------------
[2017-09-06 11:55:35][info] XML_DATA111:[{appid=>wxefc029d4373dcac0}{bank_type=>CFT}{cash_fee=>976000}{fee_type=>CNY}{is_subscribe=>N}{mch_id=>1244967502}{nonce_str=>nnvzhi3hugy5xbonsj3czdosrmtdgpry}{openid=>orYumuKUmM4PrMniBSDdHU_bOdXg}{out_trade_no=>LX-1709021818364806-e}{result_code=>SUCCESS}{return_code=>SUCCESS}{sign=>AC6FB970883C4C9BDD61C1E96A78D130}{time_end=>20170906115518}{total_fee=>976000}{trade_type=>NATIVE}{transaction_id=>4002502001201709060507660251}]
[2017-09-06 11:55:35][info] k:appid=>wxefc029d4373dcac0
[2017-09-06 11:55:35][info] k:bank_type=>CFT
[2017-09-06 11:55:35][info] k:cash_fee=>976000
[2017-09-06 11:55:35][info] k:fee_type=>CNY
[2017-09-06 11:55:35][info] k:is_subscribe=>N
[2017-09-06 11:55:35][info] k:mch_id=>1244967502
[2017-09-06 11:55:35][info] k:nonce_str=>nnvzhi3hugy5xbonsj3czdosrmtdgpry
[2017-09-06 11:55:35][info] k:openid=>orYumuKUmM4PrMniBSDdHU_bOdXg
[2017-09-06 11:55:35][info] k:out_trade_no=>LX-1709021818364806-e
[2017-09-06 11:55:35][info] k:result_code=>SUCCESS
[2017-09-06 11:55:35][info] k:return_code=>SUCCESS
[2017-09-06 11:55:35][info] k:sign=>AC6FB970883C4C9BDD61C1E96A78D130
[2017-09-06 11:55:35][info] k:time_end=>20170906115518
[2017-09-06 11:55:35][info] k:total_fee=>976000
[2017-09-06 11:55:35][info] k:trade_type=>NATIVE
[2017-09-06 11:55:35][info] k:transaction_id=>4002502001201709060507660251
[2017-09-06 11:55:35][info] ----------------------------------------
[2017-09-06 11:55:35][info] XML_DATA222:{"appid":"wxefc029d4373dcac0","bank_type":"CFT","cash_fee":"9760.00","fee_type":"CNY","is_subscribe":"N","mch_id":"1244967502","nonce_str":"nnvzhi3hugy5xbonsj3czdosrmtdgpry","openid":"orYumuKUmM4PrMniBSDdHU_bOdXg","out_trade_no":"LX-1709021818364806-e","result_code":"SUCCESS","return_code":"SUCCESS","sign":"AC6FB970883C4C9BDD61C1E96A78D130","time_end":"20170906115518","total_fee":"9760.00","trade_type":"NATIVE","transaction_id":"4002502001201709060507660251"}
[2017-09-06 11:55:35][info] 收到重复信息，并处理反馈成功！
[2017-09-06 11:55:35][info] success
[2017-09-06 11:55:35][info] 写入结束!!!
[2017-09-06 14:42:05][info] ----------------------------------------
[2017-09-06 14:42:05][info] XML_DATA111:[{appid=>wxefc029d4373dcac0}{bank_type=>CFT}{cash_fee=>268000}{fee_type=>CNY}{is_subscribe=>Y}{mch_id=>1244967502}{nonce_str=>msypoub5eqs7ayoleqkfrhpm6jsxmtan}{openid=>orYumuMDoR_9lveXto0Fd_WQRKxA}{out_trade_no=>LX-17090614133343201-3}{result_code=>SUCCESS}{return_code=>SUCCESS}{sign=>C9780E880884CEA8265AEB889F029EC8}{time_end=>20170906144204}{total_fee=>268000}{trade_type=>NATIVE}{transaction_id=>4002422001201709060540398039}]
[2017-09-06 14:42:05][info] k:appid=>wxefc029d4373dcac0
[2017-09-06 14:42:05][info] k:bank_type=>CFT
[2017-09-06 14:42:05][info] k:cash_fee=>268000
[2017-09-06 14:42:05][info] k:fee_type=>CNY
[2017-09-06 14:42:05][info] k:is_subscribe=>Y
[2017-09-06 14:42:05][info] k:mch_id=>1244967502
[2017-09-06 14:42:05][info] k:nonce_str=>msypoub5eqs7ayoleqkfrhpm6jsxmtan
[2017-09-06 14:42:05][info] k:openid=>orYumuMDoR_9lveXto0Fd_WQRKxA
[2017-09-06 14:42:05][info] k:out_trade_no=>LX-17090614133343201-3
[2017-09-06 14:42:05][info] k:result_code=>SUCCESS
[2017-09-06 14:42:05][info] k:return_code=>SUCCESS
[2017-09-06 14:42:05][info] k:sign=>C9780E880884CEA8265AEB889F029EC8
[2017-09-06 14:42:05][info] k:time_end=>20170906144204
[2017-09-06 14:42:05][info] k:total_fee=>268000
[2017-09-06 14:42:05][info] k:trade_type=>NATIVE
[2017-09-06 14:42:05][info] k:transaction_id=>4002422001201709060540398039
[2017-09-06 14:42:05][info] ----------------------------------------
[2017-09-06 14:42:05][info] XML_DATA222:{"appid":"wxefc029d4373dcac0","bank_type":"CFT","cash_fee":"2680.00","fee_type":"CNY","is_subscribe":"Y","mch_id":"1244967502","nonce_str":"msypoub5eqs7ayoleqkfrhpm6jsxmtan","openid":"orYumuMDoR_9lveXto0Fd_WQRKxA","out_trade_no":"LX-17090614133343201-3","result_code":"SUCCESS","return_code":"SUCCESS","sign":"C9780E880884CEA8265AEB889F029EC8","time_end":"20170906144204","total_fee":"2680.00","trade_type":"NATIVE","transaction_id":"4002422001201709060540398039"}
[2017-09-06 14:42:05][warn] 数据存储成功，并成功返回记录编号18920！
[2017-09-06 14:42:18][info] ----------------------------------------
[2017-09-06 14:42:18][info] XML_DATA111:[{appid=>wxefc029d4373dcac0}{bank_type=>CFT}{cash_fee=>268000}{fee_type=>CNY}{is_subscribe=>Y}{mch_id=>1244967502}{nonce_str=>msypoub5eqs7ayoleqkfrhpm6jsxmtan}{openid=>orYumuMDoR_9lveXto0Fd_WQRKxA}{out_trade_no=>LX-17090614133343201-3}{result_code=>SUCCESS}{return_code=>SUCCESS}{sign=>C9780E880884CEA8265AEB889F029EC8}{time_end=>20170906144204}{total_fee=>268000}{trade_type=>NATIVE}{transaction_id=>4002422001201709060540398039}]
[2017-09-06 14:42:18][info] k:appid=>wxefc029d4373dcac0
[2017-09-06 14:42:18][info] k:bank_type=>CFT
[2017-09-06 14:42:18][info] k:cash_fee=>268000
[2017-09-06 14:42:18][info] k:fee_type=>CNY
[2017-09-06 14:42:18][info] k:is_subscribe=>Y
[2017-09-06 14:42:18][info] k:mch_id=>1244967502
[2017-09-06 14:42:18][info] k:nonce_str=>msypoub5eqs7ayoleqkfrhpm6jsxmtan
[2017-09-06 14:42:18][info] k:openid=>orYumuMDoR_9lveXto0Fd_WQRKxA
[2017-09-06 14:42:18][info] k:out_trade_no=>LX-17090614133343201-3
[2017-09-06 14:42:18][info] k:result_code=>SUCCESS
[2017-09-06 14:42:18][info] k:return_code=>SUCCESS
[2017-09-06 14:42:18][info] k:sign=>C9780E880884CEA8265AEB889F029EC8
[2017-09-06 14:42:18][info] k:time_end=>20170906144204
[2017-09-06 14:42:18][info] k:total_fee=>268000
[2017-09-06 14:42:18][info] k:trade_type=>NATIVE
[2017-09-06 14:42:18][info] k:transaction_id=>4002422001201709060540398039
[2017-09-06 14:42:18][info] ----------------------------------------
[2017-09-06 14:42:18][info] XML_DATA222:{"appid":"wxefc029d4373dcac0","bank_type":"CFT","cash_fee":"2680.00","fee_type":"CNY","is_subscribe":"Y","mch_id":"1244967502","nonce_str":"msypoub5eqs7ayoleqkfrhpm6jsxmtan","openid":"orYumuMDoR_9lveXto0Fd_WQRKxA","out_trade_no":"LX-17090614133343201-3","result_code":"SUCCESS","return_code":"SUCCESS","sign":"C9780E880884CEA8265AEB889F029EC8","time_end":"20170906144204","total_fee":"2680.00","trade_type":"NATIVE","transaction_id":"4002422001201709060540398039"}
[2017-09-06 14:42:18][info] 收到重复信息，并处理反馈成功！
[2017-09-06 14:42:18][info] success
[2017-09-06 14:42:18][info] 写入结束!!!
[2017-09-06 17:35:21][info] ----------------------------------------
[2017-09-06 17:35:21][info] XML_DATA111:[{appid=>wxefc029d4373dcac0}{bank_type=>CCB_DEBIT}{cash_fee=>736000}{fee_type=>CNY}{is_subscribe=>N}{mch_id=>1244967502}{nonce_str=>bsa4dy9rjibvktj3tdc6835kej54n0tq}{openid=>orYumuF-3yVLukv5Q67UkBTPbchA}{out_trade_no=>LX-17090617280668001-4}{result_code=>SUCCESS}{return_code=>SUCCESS}{sign=>BF1BF97C641FF52ED528FF2BEC4BC64E}{time_end=>20170906173521}{total_fee=>736000}{trade_type=>NATIVE}{transaction_id=>4003552001201709060565178875}]
[2017-09-06 17:35:21][info] k:appid=>wxefc029d4373dcac0
[2017-09-06 17:35:21][info] k:bank_type=>CCB_DEBIT
[2017-09-06 17:35:21][info] k:cash_fee=>736000
[2017-09-06 17:35:21][info] k:fee_type=>CNY
[2017-09-06 17:35:21][info] k:is_subscribe=>N
[2017-09-06 17:35:21][info] k:mch_id=>1244967502
[2017-09-06 17:35:21][info] k:nonce_str=>bsa4dy9rjibvktj3tdc6835kej54n0tq
[2017-09-06 17:35:21][info] k:openid=>orYumuF-3yVLukv5Q67UkBTPbchA
[2017-09-06 17:35:21][info] k:out_trade_no=>LX-17090617280668001-4
[2017-09-06 17:35:21][info] k:result_code=>SUCCESS
[2017-09-06 17:35:21][info] k:return_code=>SUCCESS
[2017-09-06 17:35:21][info] k:sign=>BF1BF97C641FF52ED528FF2BEC4BC64E
[2017-09-06 17:35:21][info] k:time_end=>20170906173521
[2017-09-06 17:35:21][info] k:total_fee=>736000
[2017-09-06 17:35:21][info] k:trade_type=>NATIVE
[2017-09-06 17:35:21][info] k:transaction_id=>4003552001201709060565178875
[2017-09-06 17:35:21][info] ----------------------------------------
[2017-09-06 17:35:21][info] XML_DATA222:{"appid":"wxefc029d4373dcac0","bank_type":"CCB_DEBIT","cash_fee":"7360.00","fee_type":"CNY","is_subscribe":"N","mch_id":"1244967502","nonce_str":"bsa4dy9rjibvktj3tdc6835kej54n0tq","openid":"orYumuF-3yVLukv5Q67UkBTPbchA","out_trade_no":"LX-17090617280668001-4","result_code":"SUCCESS","return_code":"SUCCESS","sign":"BF1BF97C641FF52ED528FF2BEC4BC64E","time_end":"20170906173521","total_fee":"7360.00","trade_type":"NATIVE","transaction_id":"4003552001201709060565178875"}
[2017-09-06 17:35:21][warn] 数据存储成功，并成功返回记录编号18924！
[2017-09-06 17:35:36][info] ----------------------------------------
[2017-09-06 17:35:36][info] XML_DATA111:[{appid=>wxefc029d4373dcac0}{bank_type=>CCB_DEBIT}{cash_fee=>736000}{fee_type=>CNY}{is_subscribe=>N}{mch_id=>1244967502}{nonce_str=>bsa4dy9rjibvktj3tdc6835kej54n0tq}{openid=>orYumuF-3yVLukv5Q67UkBTPbchA}{out_trade_no=>LX-17090617280668001-4}{result_code=>SUCCESS}{return_code=>SUCCESS}{sign=>BF1BF97C641FF52ED528FF2BEC4BC64E}{time_end=>20170906173521}{total_fee=>736000}{trade_type=>NATIVE}{transaction_id=>4003552001201709060565178875}]
[2017-09-06 17:35:36][info] k:appid=>wxefc029d4373dcac0
[2017-09-06 17:35:36][info] k:bank_type=>CCB_DEBIT
[2017-09-06 17:35:36][info] k:cash_fee=>736000
[2017-09-06 17:35:36][info] k:fee_type=>CNY
[2017-09-06 17:35:36][info] k:is_subscribe=>N
[2017-09-06 17:35:36][info] k:mch_id=>1244967502
[2017-09-06 17:35:36][info] k:nonce_str=>bsa4dy9rjibvktj3tdc6835kej54n0tq
[2017-09-06 17:35:36][info] k:openid=>orYumuF-3yVLukv5Q67UkBTPbchA
[2017-09-06 17:35:36][info] k:out_trade_no=>LX-17090617280668001-4
[2017-09-06 17:35:36][info] k:result_code=>SUCCESS
[2017-09-06 17:35:36][info] k:return_code=>SUCCESS
[2017-09-06 17:35:36][info] k:sign=>BF1BF97C641FF52ED528FF2BEC4BC64E
[2017-09-06 17:35:36][info] k:time_end=>20170906173521
[2017-09-06 17:35:36][info] k:total_fee=>736000
[2017-09-06 17:35:36][info] k:trade_type=>NATIVE
[2017-09-06 17:35:36][info] k:transaction_id=>4003552001201709060565178875
[2017-09-06 17:35:36][info] ----------------------------------------
[2017-09-06 17:35:36][info] XML_DATA222:{"appid":"wxefc029d4373dcac0","bank_type":"CCB_DEBIT","cash_fee":"7360.00","fee_type":"CNY","is_subscribe":"N","mch_id":"1244967502","nonce_str":"bsa4dy9rjibvktj3tdc6835kej54n0tq","openid":"orYumuF-3yVLukv5Q67UkBTPbchA","out_trade_no":"LX-17090617280668001-4","result_code":"SUCCESS","return_code":"SUCCESS","sign":"BF1BF97C641FF52ED528FF2BEC4BC64E","time_end":"20170906173521","total_fee":"7360.00","trade_type":"NATIVE","transaction_id":"4003552001201709060565178875"}
[2017-09-06 17:35:36][info] 收到重复信息，并处理反馈成功！
[2017-09-06 17:35:36][info] success
[2017-09-06 17:35:36][info] 写入结束!!!
