[2017-03-20 13:32:41][info] ----------------------------------------
[2017-03-20 13:32:41][info] XML_DATA111:[{appid=>wxefc029d4373dcac0}{bank_type=>ICBC_DEBIT}{cash_fee=>656000}{fee_type=>CNY}{is_subscribe=>N}{mch_id=>1244967502}{nonce_str=>kvy4gqdkqmih7al68p4gnukwapbfy0b8}{openid=>orYumuDliqLL5L-nEREN-UwNMBC8}{out_trade_no=>LX-17031817285831406-f}{result_code=>SUCCESS}{return_code=>SUCCESS}{sign=>15C12B11F828621F85217196C0448C25}{time_end=>20170320133240}{total_fee=>656000}{trade_type=>NATIVE}{transaction_id=>4006692001201703204017217849}]
[2017-03-20 13:32:41][info] k:appid=>wxefc029d4373dcac0
[2017-03-20 13:32:41][info] k:bank_type=>ICBC_DEBIT
[2017-03-20 13:32:41][info] k:cash_fee=>656000
[2017-03-20 13:32:41][info] k:fee_type=>CNY
[2017-03-20 13:32:41][info] k:is_subscribe=>N
[2017-03-20 13:32:41][info] k:mch_id=>1244967502
[2017-03-20 13:32:41][info] k:nonce_str=>kvy4gqdkqmih7al68p4gnukwapbfy0b8
[2017-03-20 13:32:41][info] k:openid=>orYumuDliqLL5L-nEREN-UwNMBC8
[2017-03-20 13:32:41][info] k:out_trade_no=>LX-17031817285831406-f
[2017-03-20 13:32:41][info] k:result_code=>SUCCESS
[2017-03-20 13:32:41][info] k:return_code=>SUCCESS
[2017-03-20 13:32:41][info] k:sign=>15C12B11F828621F85217196C0448C25
[2017-03-20 13:32:41][info] k:time_end=>20170320133240
[2017-03-20 13:32:41][info] k:total_fee=>656000
[2017-03-20 13:32:41][info] k:trade_type=>NATIVE
[2017-03-20 13:32:41][info] k:transaction_id=>4006692001201703204017217849
[2017-03-20 13:32:41][info] ----------------------------------------
[2017-03-20 13:32:41][info] XML_DATA222:{"appid":"wxefc029d4373dcac0","bank_type":"ICBC_DEBIT","cash_fee":"6560.00","fee_type":"CNY","is_subscribe":"N","mch_id":"1244967502","nonce_str":"kvy4gqdkqmih7al68p4gnukwapbfy0b8","openid":"orYumuDliqLL5L-nEREN-UwNMBC8","out_trade_no":"LX-17031817285831406-f","result_code":"SUCCESS","return_code":"SUCCESS","sign":"15C12B11F828621F85217196C0448C25","time_end":"20170320133240","total_fee":"6560.00","trade_type":"NATIVE","transaction_id":"4006692001201703204017217849"}
[2017-03-20 13:32:41][warn] 数据存储成功，并成功返回记录编号17399！
[2017-03-20 13:33:00][info] ----------------------------------------
[2017-03-20 13:33:00][info] XML_DATA111:[{appid=>wxefc029d4373dcac0}{bank_type=>ICBC_DEBIT}{cash_fee=>656000}{fee_type=>CNY}{is_subscribe=>N}{mch_id=>1244967502}{nonce_str=>kvy4gqdkqmih7al68p4gnukwapbfy0b8}{openid=>orYumuDliqLL5L-nEREN-UwNMBC8}{out_trade_no=>LX-17031817285831406-f}{result_code=>SUCCESS}{return_code=>SUCCESS}{sign=>15C12B11F828621F85217196C0448C25}{time_end=>20170320133240}{total_fee=>656000}{trade_type=>NATIVE}{transaction_id=>4006692001201703204017217849}]
[2017-03-20 13:33:00][info] k:appid=>wxefc029d4373dcac0
[2017-03-20 13:33:00][info] k:bank_type=>ICBC_DEBIT
[2017-03-20 13:33:00][info] k:cash_fee=>656000
[2017-03-20 13:33:00][info] k:fee_type=>CNY
[2017-03-20 13:33:00][info] k:is_subscribe=>N
[2017-03-20 13:33:00][info] k:mch_id=>1244967502
[2017-03-20 13:33:00][info] k:nonce_str=>kvy4gqdkqmih7al68p4gnukwapbfy0b8
[2017-03-20 13:33:00][info] k:openid=>orYumuDliqLL5L-nEREN-UwNMBC8
[2017-03-20 13:33:00][info] k:out_trade_no=>LX-17031817285831406-f
[2017-03-20 13:33:00][info] k:result_code=>SUCCESS
[2017-03-20 13:33:00][info] k:return_code=>SUCCESS
[2017-03-20 13:33:00][info] k:sign=>15C12B11F828621F85217196C0448C25
[2017-03-20 13:33:00][info] k:time_end=>20170320133240
[2017-03-20 13:33:00][info] k:total_fee=>656000
[2017-03-20 13:33:00][info] k:trade_type=>NATIVE
[2017-03-20 13:33:00][info] k:transaction_id=>4006692001201703204017217849
[2017-03-20 13:33:00][info] ----------------------------------------
[2017-03-20 13:33:00][info] XML_DATA222:{"appid":"wxefc029d4373dcac0","bank_type":"ICBC_DEBIT","cash_fee":"6560.00","fee_type":"CNY","is_subscribe":"N","mch_id":"1244967502","nonce_str":"kvy4gqdkqmih7al68p4gnukwapbfy0b8","openid":"orYumuDliqLL5L-nEREN-UwNMBC8","out_trade_no":"LX-17031817285831406-f","result_code":"SUCCESS","return_code":"SUCCESS","sign":"15C12B11F828621F85217196C0448C25","time_end":"20170320133240","total_fee":"6560.00","trade_type":"NATIVE","transaction_id":"4006692001201703204017217849"}
[2017-03-20 13:33:01][info] 收到重复信息，并处理反馈成功！
[2017-03-20 13:33:01][info] success
[2017-03-20 13:33:01][info] 写入结束!!!
[2017-03-20 21:12:04][info] ----------------------------------------
[2017-03-20 21:12:04][info] XML_DATA111:[{appid=>wxefc029d4373dcac0}{bank_type=>CCB_DEBIT}{cash_fee=>358000}{fee_type=>CNY}{is_subscribe=>Y}{mch_id=>1244967502}{nonce_str=>kj5gx2ai38ax00ek8y6x0iuiw1c66klm}{openid=>orYumuLFx5J1CIpOsjGfXZzD3ZAE}{out_trade_no=>LX-17031621491928706-8}{result_code=>SUCCESS}{return_code=>SUCCESS}{sign=>5DB8E12DDB9B7EA1C3047E02C517D579}{time_end=>20170320211203}{total_fee=>358000}{trade_type=>NATIVE}{transaction_id=>4004852001201703204069215831}]
[2017-03-20 21:12:04][info] k:appid=>wxefc029d4373dcac0
[2017-03-20 21:12:04][info] k:bank_type=>CCB_DEBIT
[2017-03-20 21:12:04][info] k:cash_fee=>358000
[2017-03-20 21:12:04][info] k:fee_type=>CNY
[2017-03-20 21:12:04][info] k:is_subscribe=>Y
[2017-03-20 21:12:04][info] k:mch_id=>1244967502
[2017-03-20 21:12:04][info] k:nonce_str=>kj5gx2ai38ax00ek8y6x0iuiw1c66klm
[2017-03-20 21:12:04][info] k:openid=>orYumuLFx5J1CIpOsjGfXZzD3ZAE
[2017-03-20 21:12:04][info] k:out_trade_no=>LX-17031621491928706-8
[2017-03-20 21:12:04][info] k:result_code=>SUCCESS
[2017-03-20 21:12:04][info] k:return_code=>SUCCESS
[2017-03-20 21:12:04][info] k:sign=>5DB8E12DDB9B7EA1C3047E02C517D579
[2017-03-20 21:12:04][info] k:time_end=>20170320211203
[2017-03-20 21:12:04][info] k:total_fee=>358000
[2017-03-20 21:12:04][info] k:trade_type=>NATIVE
[2017-03-20 21:12:04][info] k:transaction_id=>4004852001201703204069215831
[2017-03-20 21:12:04][info] ----------------------------------------
[2017-03-20 21:12:04][info] XML_DATA222:{"appid":"wxefc029d4373dcac0","bank_type":"CCB_DEBIT","cash_fee":"3580.00","fee_type":"CNY","is_subscribe":"Y","mch_id":"1244967502","nonce_str":"kj5gx2ai38ax00ek8y6x0iuiw1c66klm","openid":"orYumuLFx5J1CIpOsjGfXZzD3ZAE","out_trade_no":"LX-17031621491928706-8","result_code":"SUCCESS","return_code":"SUCCESS","sign":"5DB8E12DDB9B7EA1C3047E02C517D579","time_end":"20170320211203","total_fee":"3580.00","trade_type":"NATIVE","transaction_id":"4004852001201703204069215831"}
[2017-03-20 21:12:05][warn] 数据存储成功，并成功返回记录编号17401！
[2017-03-20 21:12:17][info] ----------------------------------------
[2017-03-20 21:12:17][info] XML_DATA111:[{appid=>wxefc029d4373dcac0}{bank_type=>CCB_DEBIT}{cash_fee=>358000}{fee_type=>CNY}{is_subscribe=>Y}{mch_id=>1244967502}{nonce_str=>kj5gx2ai38ax00ek8y6x0iuiw1c66klm}{openid=>orYumuLFx5J1CIpOsjGfXZzD3ZAE}{out_trade_no=>LX-17031621491928706-8}{result_code=>SUCCESS}{return_code=>SUCCESS}{sign=>5DB8E12DDB9B7EA1C3047E02C517D579}{time_end=>20170320211203}{total_fee=>358000}{trade_type=>NATIVE}{transaction_id=>4004852001201703204069215831}]
[2017-03-20 21:12:17][info] k:appid=>wxefc029d4373dcac0
[2017-03-20 21:12:17][info] k:bank_type=>CCB_DEBIT
[2017-03-20 21:12:17][info] k:cash_fee=>358000
[2017-03-20 21:12:17][info] k:fee_type=>CNY
[2017-03-20 21:12:17][info] k:is_subscribe=>Y
[2017-03-20 21:12:17][info] k:mch_id=>1244967502
[2017-03-20 21:12:17][info] k:nonce_str=>kj5gx2ai38ax00ek8y6x0iuiw1c66klm
[2017-03-20 21:12:17][info] k:openid=>orYumuLFx5J1CIpOsjGfXZzD3ZAE
[2017-03-20 21:12:17][info] k:out_trade_no=>LX-17031621491928706-8
[2017-03-20 21:12:17][info] k:result_code=>SUCCESS
[2017-03-20 21:12:17][info] k:return_code=>SUCCESS
[2017-03-20 21:12:17][info] k:sign=>5DB8E12DDB9B7EA1C3047E02C517D579
[2017-03-20 21:12:17][info] k:time_end=>20170320211203
[2017-03-20 21:12:17][info] k:total_fee=>358000
[2017-03-20 21:12:17][info] k:trade_type=>NATIVE
[2017-03-20 21:12:17][info] k:transaction_id=>4004852001201703204069215831
[2017-03-20 21:12:17][info] ----------------------------------------
[2017-03-20 21:12:17][info] XML_DATA222:{"appid":"wxefc029d4373dcac0","bank_type":"CCB_DEBIT","cash_fee":"3580.00","fee_type":"CNY","is_subscribe":"Y","mch_id":"1244967502","nonce_str":"kj5gx2ai38ax00ek8y6x0iuiw1c66klm","openid":"orYumuLFx5J1CIpOsjGfXZzD3ZAE","out_trade_no":"LX-17031621491928706-8","result_code":"SUCCESS","return_code":"SUCCESS","sign":"5DB8E12DDB9B7EA1C3047E02C517D579","time_end":"20170320211203","total_fee":"3580.00","trade_type":"NATIVE","transaction_id":"4004852001201703204069215831"}
[2017-03-20 21:12:17][info] 收到重复信息，并处理反馈成功！
[2017-03-20 21:12:17][info] success
[2017-03-20 21:12:17][info] 写入结束!!!
