[2017-08-18 12:42:04][info] ----------------------------------------
[2017-08-18 12:42:04][info] XML_DATA111:[{appid=>wxefc029d4373dcac0}{bank_type=>CFT}{cash_fee=>478000}{fee_type=>CNY}{is_subscribe=>N}{mch_id=>1244967502}{nonce_str=>29e0fq5cc52bz44eca5qvvn5i8yqpqoe}{openid=>orYumuJHiw3H6gHZoTNm8vuFQXYA}{out_trade_no=>LX-17081812283560701-a}{result_code=>SUCCESS}{return_code=>SUCCESS}{sign=>29FDD1A5926EBD6C683962FC9FA23FEE}{time_end=>20170818124204}{total_fee=>478000}{trade_type=>NATIVE}{transaction_id=>4004192001201708186867453008}]
[2017-08-18 12:42:04][info] k:appid=>wxefc029d4373dcac0
[2017-08-18 12:42:04][info] k:bank_type=>CFT
[2017-08-18 12:42:04][info] k:cash_fee=>478000
[2017-08-18 12:42:04][info] k:fee_type=>CNY
[2017-08-18 12:42:04][info] k:is_subscribe=>N
[2017-08-18 12:42:04][info] k:mch_id=>1244967502
[2017-08-18 12:42:04][info] k:nonce_str=>29e0fq5cc52bz44eca5qvvn5i8yqpqoe
[2017-08-18 12:42:04][info] k:openid=>orYumuJHiw3H6gHZoTNm8vuFQXYA
[2017-08-18 12:42:04][info] k:out_trade_no=>LX-17081812283560701-a
[2017-08-18 12:42:04][info] k:result_code=>SUCCESS
[2017-08-18 12:42:04][info] k:return_code=>SUCCESS
[2017-08-18 12:42:04][info] k:sign=>29FDD1A5926EBD6C683962FC9FA23FEE
[2017-08-18 12:42:04][info] k:time_end=>20170818124204
[2017-08-18 12:42:04][info] k:total_fee=>478000
[2017-08-18 12:42:04][info] k:trade_type=>NATIVE
[2017-08-18 12:42:04][info] k:transaction_id=>4004192001201708186867453008
[2017-08-18 12:42:04][info] ----------------------------------------
[2017-08-18 12:42:04][info] XML_DATA222:{"appid":"wxefc029d4373dcac0","bank_type":"CFT","cash_fee":"4780.00","fee_type":"CNY","is_subscribe":"N","mch_id":"1244967502","nonce_str":"29e0fq5cc52bz44eca5qvvn5i8yqpqoe","openid":"orYumuJHiw3H6gHZoTNm8vuFQXYA","out_trade_no":"LX-17081812283560701-a","result_code":"SUCCESS","return_code":"SUCCESS","sign":"29FDD1A5926EBD6C683962FC9FA23FEE","time_end":"20170818124204","total_fee":"4780.00","trade_type":"NATIVE","transaction_id":"4004192001201708186867453008"}
[2017-08-18 12:42:04][warn] 数据存储成功，并成功返回记录编号18645！
[2017-08-18 12:42:17][info] ----------------------------------------
[2017-08-18 12:42:17][info] XML_DATA111:[{appid=>wxefc029d4373dcac0}{bank_type=>CFT}{cash_fee=>478000}{fee_type=>CNY}{is_subscribe=>N}{mch_id=>1244967502}{nonce_str=>29e0fq5cc52bz44eca5qvvn5i8yqpqoe}{openid=>orYumuJHiw3H6gHZoTNm8vuFQXYA}{out_trade_no=>LX-17081812283560701-a}{result_code=>SUCCESS}{return_code=>SUCCESS}{sign=>29FDD1A5926EBD6C683962FC9FA23FEE}{time_end=>20170818124204}{total_fee=>478000}{trade_type=>NATIVE}{transaction_id=>4004192001201708186867453008}]
[2017-08-18 12:42:17][info] k:appid=>wxefc029d4373dcac0
[2017-08-18 12:42:17][info] k:bank_type=>CFT
[2017-08-18 12:42:17][info] k:cash_fee=>478000
[2017-08-18 12:42:17][info] k:fee_type=>CNY
[2017-08-18 12:42:17][info] k:is_subscribe=>N
[2017-08-18 12:42:17][info] k:mch_id=>1244967502
[2017-08-18 12:42:17][info] k:nonce_str=>29e0fq5cc52bz44eca5qvvn5i8yqpqoe
[2017-08-18 12:42:17][info] k:openid=>orYumuJHiw3H6gHZoTNm8vuFQXYA
[2017-08-18 12:42:17][info] k:out_trade_no=>LX-17081812283560701-a
[2017-08-18 12:42:17][info] k:result_code=>SUCCESS
[2017-08-18 12:42:17][info] k:return_code=>SUCCESS
[2017-08-18 12:42:17][info] k:sign=>29FDD1A5926EBD6C683962FC9FA23FEE
[2017-08-18 12:42:17][info] k:time_end=>20170818124204
[2017-08-18 12:42:17][info] k:total_fee=>478000
[2017-08-18 12:42:17][info] k:trade_type=>NATIVE
[2017-08-18 12:42:17][info] k:transaction_id=>4004192001201708186867453008
[2017-08-18 12:42:17][info] ----------------------------------------
[2017-08-18 12:42:17][info] XML_DATA222:{"appid":"wxefc029d4373dcac0","bank_type":"CFT","cash_fee":"4780.00","fee_type":"CNY","is_subscribe":"N","mch_id":"1244967502","nonce_str":"29e0fq5cc52bz44eca5qvvn5i8yqpqoe","openid":"orYumuJHiw3H6gHZoTNm8vuFQXYA","out_trade_no":"LX-17081812283560701-a","result_code":"SUCCESS","return_code":"SUCCESS","sign":"29FDD1A5926EBD6C683962FC9FA23FEE","time_end":"20170818124204","total_fee":"4780.00","trade_type":"NATIVE","transaction_id":"4004192001201708186867453008"}
[2017-08-18 12:42:17][info] 收到重复信息，并处理反馈成功！
[2017-08-18 12:42:17][info] success
[2017-08-18 12:42:17][info] 写入结束!!!
