[2017-06-15 10:15:33][info] ----------------------------------------
[2017-06-15 10:15:33][info] XML_DATA111:[{appid=>wxefc029d4373dcac0}{bank_type=>HXB_DEBIT}{cash_fee=>229000}{fee_type=>CNY}{is_subscribe=>N}{mch_id=>1244967502}{nonce_str=>q4fi1ihno1scibmm7jyfrcd0baozddzj}{openid=>orYumuOPVvixdFYb1IM7L_gVEt4c}{out_trade_no=>LX-17061510033213101-4}{result_code=>SUCCESS}{return_code=>SUCCESS}{sign=>539EDF3B3AA820480A1B567DF391EE24}{time_end=>20170615101532}{total_fee=>229000}{trade_type=>NATIVE}{transaction_id=>4006412001201706155788118361}]
[2017-06-15 10:15:33][info] k:appid=>wxefc029d4373dcac0
[2017-06-15 10:15:33][info] k:bank_type=>HXB_DEBIT
[2017-06-15 10:15:33][info] k:cash_fee=>229000
[2017-06-15 10:15:33][info] k:fee_type=>CNY
[2017-06-15 10:15:33][info] k:is_subscribe=>N
[2017-06-15 10:15:33][info] k:mch_id=>1244967502
[2017-06-15 10:15:33][info] k:nonce_str=>q4fi1ihno1scibmm7jyfrcd0baozddzj
[2017-06-15 10:15:33][info] k:openid=>orYumuOPVvixdFYb1IM7L_gVEt4c
[2017-06-15 10:15:33][info] k:out_trade_no=>LX-17061510033213101-4
[2017-06-15 10:15:33][info] k:result_code=>SUCCESS
[2017-06-15 10:15:33][info] k:return_code=>SUCCESS
[2017-06-15 10:15:33][info] k:sign=>539EDF3B3AA820480A1B567DF391EE24
[2017-06-15 10:15:33][info] k:time_end=>20170615101532
[2017-06-15 10:15:33][info] k:total_fee=>229000
[2017-06-15 10:15:33][info] k:trade_type=>NATIVE
[2017-06-15 10:15:33][info] k:transaction_id=>4006412001201706155788118361
[2017-06-15 10:15:33][info] ----------------------------------------
[2017-06-15 10:15:33][info] XML_DATA222:{"appid":"wxefc029d4373dcac0","bank_type":"HXB_DEBIT","cash_fee":"2290.00","fee_type":"CNY","is_subscribe":"N","mch_id":"1244967502","nonce_str":"q4fi1ihno1scibmm7jyfrcd0baozddzj","openid":"orYumuOPVvixdFYb1IM7L_gVEt4c","out_trade_no":"LX-17061510033213101-4","result_code":"SUCCESS","return_code":"SUCCESS","sign":"539EDF3B3AA820480A1B567DF391EE24","time_end":"20170615101532","total_fee":"2290.00","trade_type":"NATIVE","transaction_id":"4006412001201706155788118361"}
[2017-06-15 10:15:34][warn] 数据存储成功，并成功返回记录编号17632！
[2017-06-15 10:15:44][info] ----------------------------------------
[2017-06-15 10:15:44][info] XML_DATA111:[{appid=>wxefc029d4373dcac0}{bank_type=>HXB_DEBIT}{cash_fee=>229000}{fee_type=>CNY}{is_subscribe=>N}{mch_id=>1244967502}{nonce_str=>q4fi1ihno1scibmm7jyfrcd0baozddzj}{openid=>orYumuOPVvixdFYb1IM7L_gVEt4c}{out_trade_no=>LX-17061510033213101-4}{result_code=>SUCCESS}{return_code=>SUCCESS}{sign=>539EDF3B3AA820480A1B567DF391EE24}{time_end=>20170615101532}{total_fee=>229000}{trade_type=>NATIVE}{transaction_id=>4006412001201706155788118361}]
[2017-06-15 10:15:44][info] k:appid=>wxefc029d4373dcac0
[2017-06-15 10:15:44][info] k:bank_type=>HXB_DEBIT
[2017-06-15 10:15:44][info] k:cash_fee=>229000
[2017-06-15 10:15:44][info] k:fee_type=>CNY
[2017-06-15 10:15:44][info] k:is_subscribe=>N
[2017-06-15 10:15:44][info] k:mch_id=>1244967502
[2017-06-15 10:15:44][info] k:nonce_str=>q4fi1ihno1scibmm7jyfrcd0baozddzj
[2017-06-15 10:15:44][info] k:openid=>orYumuOPVvixdFYb1IM7L_gVEt4c
[2017-06-15 10:15:44][info] k:out_trade_no=>LX-17061510033213101-4
[2017-06-15 10:15:44][info] k:result_code=>SUCCESS
[2017-06-15 10:15:44][info] k:return_code=>SUCCESS
[2017-06-15 10:15:44][info] k:sign=>539EDF3B3AA820480A1B567DF391EE24
[2017-06-15 10:15:44][info] k:time_end=>20170615101532
[2017-06-15 10:15:44][info] k:total_fee=>229000
[2017-06-15 10:15:44][info] k:trade_type=>NATIVE
[2017-06-15 10:15:44][info] k:transaction_id=>4006412001201706155788118361
[2017-06-15 10:15:44][info] ----------------------------------------
[2017-06-15 10:15:44][info] XML_DATA222:{"appid":"wxefc029d4373dcac0","bank_type":"HXB_DEBIT","cash_fee":"2290.00","fee_type":"CNY","is_subscribe":"N","mch_id":"1244967502","nonce_str":"q4fi1ihno1scibmm7jyfrcd0baozddzj","openid":"orYumuOPVvixdFYb1IM7L_gVEt4c","out_trade_no":"LX-17061510033213101-4","result_code":"SUCCESS","return_code":"SUCCESS","sign":"539EDF3B3AA820480A1B567DF391EE24","time_end":"20170615101532","total_fee":"2290.00","trade_type":"NATIVE","transaction_id":"4006412001201706155788118361"}
[2017-06-15 10:15:45][info] 收到重复信息，并处理反馈成功！
[2017-06-15 10:15:45][info] success
[2017-06-15 10:15:45][info] 写入结束!!!
