[2017-04-28 17:07:28][info] ----------------------------------------
[2017-04-28 17:07:28][info] XML_DATA111:[{appid=>wxefc029d4373dcac0}{bank_type=>CMBC_CREDIT}{cash_fee=>259000}{fee_type=>CNY}{is_subscribe=>Y}{mch_id=>1244967502}{nonce_str=>l2000pclzr2rk4rnwtxgjmbqkcxrgk6w}{openid=>orYumuMyHLoAySKKMKiDa4LVISVE}{out_trade_no=>LX-17042719191142006-9}{result_code=>SUCCESS}{return_code=>SUCCESS}{sign=>A9A81E78D0509956AAC570E8BBF62F0E}{time_end=>20170428170727}{total_fee=>259000}{trade_type=>NATIVE}{transaction_id=>4008852001201704288683515526}]
[2017-04-28 17:07:28][info] k:appid=>wxefc029d4373dcac0
[2017-04-28 17:07:28][info] k:bank_type=>CMBC_CREDIT
[2017-04-28 17:07:28][info] k:cash_fee=>259000
[2017-04-28 17:07:28][info] k:fee_type=>CNY
[2017-04-28 17:07:28][info] k:is_subscribe=>Y
[2017-04-28 17:07:28][info] k:mch_id=>1244967502
[2017-04-28 17:07:28][info] k:nonce_str=>l2000pclzr2rk4rnwtxgjmbqkcxrgk6w
[2017-04-28 17:07:28][info] k:openid=>orYumuMyHLoAySKKMKiDa4LVISVE
[2017-04-28 17:07:28][info] k:out_trade_no=>LX-17042719191142006-9
[2017-04-28 17:07:28][info] k:result_code=>SUCCESS
[2017-04-28 17:07:28][info] k:return_code=>SUCCESS
[2017-04-28 17:07:28][info] k:sign=>A9A81E78D0509956AAC570E8BBF62F0E
[2017-04-28 17:07:28][info] k:time_end=>20170428170727
[2017-04-28 17:07:28][info] k:total_fee=>259000
[2017-04-28 17:07:28][info] k:trade_type=>NATIVE
[2017-04-28 17:07:28][info] k:transaction_id=>4008852001201704288683515526
[2017-04-28 17:07:28][info] ----------------------------------------
[2017-04-28 17:07:28][info] XML_DATA222:{"appid":"wxefc029d4373dcac0","bank_type":"CMBC_CREDIT","cash_fee":"2590.00","fee_type":"CNY","is_subscribe":"Y","mch_id":"1244967502","nonce_str":"l2000pclzr2rk4rnwtxgjmbqkcxrgk6w","openid":"orYumuMyHLoAySKKMKiDa4LVISVE","out_trade_no":"LX-17042719191142006-9","result_code":"SUCCESS","return_code":"SUCCESS","sign":"A9A81E78D0509956AAC570E8BBF62F0E","time_end":"20170428170727","total_fee":"2590.00","trade_type":"NATIVE","transaction_id":"4008852001201704288683515526"}
[2017-04-28 17:07:28][warn] 数据存储成功，并成功返回记录编号17468！
[2017-04-28 17:07:40][info] ----------------------------------------
[2017-04-28 17:07:40][info] XML_DATA111:[{appid=>wxefc029d4373dcac0}{bank_type=>CMBC_CREDIT}{cash_fee=>259000}{fee_type=>CNY}{is_subscribe=>Y}{mch_id=>1244967502}{nonce_str=>l2000pclzr2rk4rnwtxgjmbqkcxrgk6w}{openid=>orYumuMyHLoAySKKMKiDa4LVISVE}{out_trade_no=>LX-17042719191142006-9}{result_code=>SUCCESS}{return_code=>SUCCESS}{sign=>A9A81E78D0509956AAC570E8BBF62F0E}{time_end=>20170428170727}{total_fee=>259000}{trade_type=>NATIVE}{transaction_id=>4008852001201704288683515526}]
[2017-04-28 17:07:40][info] k:appid=>wxefc029d4373dcac0
[2017-04-28 17:07:40][info] k:bank_type=>CMBC_CREDIT
[2017-04-28 17:07:40][info] k:cash_fee=>259000
[2017-04-28 17:07:40][info] k:fee_type=>CNY
[2017-04-28 17:07:40][info] k:is_subscribe=>Y
[2017-04-28 17:07:40][info] k:mch_id=>1244967502
[2017-04-28 17:07:40][info] k:nonce_str=>l2000pclzr2rk4rnwtxgjmbqkcxrgk6w
[2017-04-28 17:07:40][info] k:openid=>orYumuMyHLoAySKKMKiDa4LVISVE
[2017-04-28 17:07:40][info] k:out_trade_no=>LX-17042719191142006-9
[2017-04-28 17:07:40][info] k:result_code=>SUCCESS
[2017-04-28 17:07:40][info] k:return_code=>SUCCESS
[2017-04-28 17:07:40][info] k:sign=>A9A81E78D0509956AAC570E8BBF62F0E
[2017-04-28 17:07:40][info] k:time_end=>20170428170727
[2017-04-28 17:07:40][info] k:total_fee=>259000
[2017-04-28 17:07:40][info] k:trade_type=>NATIVE
[2017-04-28 17:07:40][info] k:transaction_id=>4008852001201704288683515526
[2017-04-28 17:07:40][info] ----------------------------------------
[2017-04-28 17:07:40][info] XML_DATA222:{"appid":"wxefc029d4373dcac0","bank_type":"CMBC_CREDIT","cash_fee":"2590.00","fee_type":"CNY","is_subscribe":"Y","mch_id":"1244967502","nonce_str":"l2000pclzr2rk4rnwtxgjmbqkcxrgk6w","openid":"orYumuMyHLoAySKKMKiDa4LVISVE","out_trade_no":"LX-17042719191142006-9","result_code":"SUCCESS","return_code":"SUCCESS","sign":"A9A81E78D0509956AAC570E8BBF62F0E","time_end":"20170428170727","total_fee":"2590.00","trade_type":"NATIVE","transaction_id":"4008852001201704288683515526"}
[2017-04-28 17:07:40][info] 收到重复信息，并处理反馈成功！
[2017-04-28 17:07:40][info] success
[2017-04-28 17:07:40][info] 写入结束!!!
