[2017-09-27 09:27:13][info] ----------------------------------------
[2017-09-27 09:27:13][info] XML_DATA111:[{appid=>wxefc029d4373dcac0}{bank_type=>CITIC_CREDIT}{cash_fee=>503000}{fee_type=>CNY}{is_subscribe=>N}{mch_id=>1244967502}{nonce_str=>svhk2cxfyheuzzuibyrbgnqsk0pv10lr}{openid=>orYumuPd6juiN0jmxi0RDxsuCRU0}{out_trade_no=>LX-17090316482532701-e}{result_code=>SUCCESS}{return_code=>SUCCESS}{sign=>C578965637FE985DCB970A1AC5F0FFDA}{time_end=>20170927092713}{total_fee=>503000}{trade_type=>NATIVE}{transaction_id=>4200000012201709274498954717}]
[2017-09-27 09:27:13][info] k:appid=>wxefc029d4373dcac0
[2017-09-27 09:27:13][info] k:bank_type=>CITIC_CREDIT
[2017-09-27 09:27:13][info] k:cash_fee=>503000
[2017-09-27 09:27:13][info] k:fee_type=>CNY
[2017-09-27 09:27:13][info] k:is_subscribe=>N
[2017-09-27 09:27:13][info] k:mch_id=>1244967502
[2017-09-27 09:27:13][info] k:nonce_str=>svhk2cxfyheuzzuibyrbgnqsk0pv10lr
[2017-09-27 09:27:13][info] k:openid=>orYumuPd6juiN0jmxi0RDxsuCRU0
[2017-09-27 09:27:13][info] k:out_trade_no=>LX-17090316482532701-e
[2017-09-27 09:27:13][info] k:result_code=>SUCCESS
[2017-09-27 09:27:13][info] k:return_code=>SUCCESS
[2017-09-27 09:27:13][info] k:sign=>C578965637FE985DCB970A1AC5F0FFDA
[2017-09-27 09:27:13][info] k:time_end=>20170927092713
[2017-09-27 09:27:13][info] k:total_fee=>503000
[2017-09-27 09:27:13][info] k:trade_type=>NATIVE
[2017-09-27 09:27:13][info] k:transaction_id=>4200000012201709274498954717
[2017-09-27 09:27:13][info] ----------------------------------------
[2017-09-27 09:27:13][info] XML_DATA222:{"appid":"wxefc029d4373dcac0","bank_type":"CITIC_CREDIT","cash_fee":"5030.00","fee_type":"CNY","is_subscribe":"N","mch_id":"1244967502","nonce_str":"svhk2cxfyheuzzuibyrbgnqsk0pv10lr","openid":"orYumuPd6juiN0jmxi0RDxsuCRU0","out_trade_no":"LX-17090316482532701-e","result_code":"SUCCESS","return_code":"SUCCESS","sign":"C578965637FE985DCB970A1AC5F0FFDA","time_end":"20170927092713","total_fee":"5030.00","trade_type":"NATIVE","transaction_id":"4200000012201709274498954717"}
[2017-09-27 09:27:13][warn] 数据存储成功，并成功返回记录编号19277！
[2017-09-27 09:27:28][info] ----------------------------------------
[2017-09-27 09:27:28][info] XML_DATA111:[{appid=>wxefc029d4373dcac0}{bank_type=>CITIC_CREDIT}{cash_fee=>503000}{fee_type=>CNY}{is_subscribe=>N}{mch_id=>1244967502}{nonce_str=>svhk2cxfyheuzzuibyrbgnqsk0pv10lr}{openid=>orYumuPd6juiN0jmxi0RDxsuCRU0}{out_trade_no=>LX-17090316482532701-e}{result_code=>SUCCESS}{return_code=>SUCCESS}{sign=>C578965637FE985DCB970A1AC5F0FFDA}{time_end=>20170927092713}{total_fee=>503000}{trade_type=>NATIVE}{transaction_id=>4200000012201709274498954717}]
[2017-09-27 09:27:28][info] k:appid=>wxefc029d4373dcac0
[2017-09-27 09:27:28][info] k:bank_type=>CITIC_CREDIT
[2017-09-27 09:27:28][info] k:cash_fee=>503000
[2017-09-27 09:27:28][info] k:fee_type=>CNY
[2017-09-27 09:27:28][info] k:is_subscribe=>N
[2017-09-27 09:27:28][info] k:mch_id=>1244967502
[2017-09-27 09:27:28][info] k:nonce_str=>svhk2cxfyheuzzuibyrbgnqsk0pv10lr
[2017-09-27 09:27:28][info] k:openid=>orYumuPd6juiN0jmxi0RDxsuCRU0
[2017-09-27 09:27:28][info] k:out_trade_no=>LX-17090316482532701-e
[2017-09-27 09:27:28][info] k:result_code=>SUCCESS
[2017-09-27 09:27:28][info] k:return_code=>SUCCESS
[2017-09-27 09:27:28][info] k:sign=>C578965637FE985DCB970A1AC5F0FFDA
[2017-09-27 09:27:28][info] k:time_end=>20170927092713
[2017-09-27 09:27:28][info] k:total_fee=>503000
[2017-09-27 09:27:28][info] k:trade_type=>NATIVE
[2017-09-27 09:27:28][info] k:transaction_id=>4200000012201709274498954717
[2017-09-27 09:27:28][info] ----------------------------------------
[2017-09-27 09:27:28][info] XML_DATA222:{"appid":"wxefc029d4373dcac0","bank_type":"CITIC_CREDIT","cash_fee":"5030.00","fee_type":"CNY","is_subscribe":"N","mch_id":"1244967502","nonce_str":"svhk2cxfyheuzzuibyrbgnqsk0pv10lr","openid":"orYumuPd6juiN0jmxi0RDxsuCRU0","out_trade_no":"LX-17090316482532701-e","result_code":"SUCCESS","return_code":"SUCCESS","sign":"C578965637FE985DCB970A1AC5F0FFDA","time_end":"20170927092713","total_fee":"5030.00","trade_type":"NATIVE","transaction_id":"4200000012201709274498954717"}
[2017-09-27 09:27:28][info] 收到重复信息，并处理反馈成功！
[2017-09-27 09:27:28][info] success
[2017-09-27 09:27:28][info] 写入结束!!!
[2017-09-27 09:27:28][info] ----------------------------------------
[2017-09-27 09:27:28][info] XML_DATA111:[{appid=>wxefc029d4373dcac0}{bank_type=>CITIC_CREDIT}{cash_fee=>503000}{fee_type=>CNY}{is_subscribe=>N}{mch_id=>1244967502}{nonce_str=>svhk2cxfyheuzzuibyrbgnqsk0pv10lr}{openid=>orYumuPd6juiN0jmxi0RDxsuCRU0}{out_trade_no=>LX-17090316482532701-e}{result_code=>SUCCESS}{return_code=>SUCCESS}{sign=>C578965637FE985DCB970A1AC5F0FFDA}{time_end=>20170927092713}{total_fee=>503000}{trade_type=>NATIVE}{transaction_id=>4200000012201709274498954717}]
[2017-09-27 09:27:28][info] k:appid=>wxefc029d4373dcac0
[2017-09-27 09:27:28][info] k:bank_type=>CITIC_CREDIT
[2017-09-27 09:27:28][info] k:cash_fee=>503000
[2017-09-27 09:27:28][info] k:fee_type=>CNY
[2017-09-27 09:27:28][info] k:is_subscribe=>N
[2017-09-27 09:27:28][info] k:mch_id=>1244967502
[2017-09-27 09:27:28][info] k:nonce_str=>svhk2cxfyheuzzuibyrbgnqsk0pv10lr
[2017-09-27 09:27:28][info] k:openid=>orYumuPd6juiN0jmxi0RDxsuCRU0
[2017-09-27 09:27:28][info] k:out_trade_no=>LX-17090316482532701-e
[2017-09-27 09:27:28][info] k:result_code=>SUCCESS
[2017-09-27 09:27:28][info] k:return_code=>SUCCESS
[2017-09-27 09:27:28][info] k:sign=>C578965637FE985DCB970A1AC5F0FFDA
[2017-09-27 09:27:28][info] k:time_end=>20170927092713
[2017-09-27 09:27:28][info] k:total_fee=>503000
[2017-09-27 09:27:28][info] k:trade_type=>NATIVE
[2017-09-27 09:27:28][info] k:transaction_id=>4200000012201709274498954717
[2017-09-27 09:27:28][info] ----------------------------------------
[2017-09-27 09:27:28][info] XML_DATA222:{"appid":"wxefc029d4373dcac0","bank_type":"CITIC_CREDIT","cash_fee":"5030.00","fee_type":"CNY","is_subscribe":"N","mch_id":"1244967502","nonce_str":"svhk2cxfyheuzzuibyrbgnqsk0pv10lr","openid":"orYumuPd6juiN0jmxi0RDxsuCRU0","out_trade_no":"LX-17090316482532701-e","result_code":"SUCCESS","return_code":"SUCCESS","sign":"C578965637FE985DCB970A1AC5F0FFDA","time_end":"20170927092713","total_fee":"5030.00","trade_type":"NATIVE","transaction_id":"4200000012201709274498954717"}
[2017-09-27 09:27:28][info] 收到重复信息，并处理反馈成功！
[2017-09-27 09:27:28][info] success
[2017-09-27 09:27:28][info] 写入结束!!!
[2017-09-27 16:39:15][info] ----------------------------------------
[2017-09-27 16:39:15][info] XML_DATA111:[{appid=>wxefc029d4373dcac0}{bank_type=>COMM_CREDIT}{cash_fee=>1719500}{fee_type=>CNY}{is_subscribe=>N}{mch_id=>1244967502}{nonce_str=>ia0hmy2fne8jx3l50vyn68ao59mlqmf8}{openid=>orYumuNOIN21xhj1SJk--6AlwrOo}{out_trade_no=>LX-17083114460244501-6}{result_code=>SUCCESS}{return_code=>SUCCESS}{sign=>938A54321D35B081D529540169B64A2A}{time_end=>20170927163914}{total_fee=>1719500}{trade_type=>NATIVE}{transaction_id=>4200000012201709274568206970}]
[2017-09-27 16:39:15][info] k:appid=>wxefc029d4373dcac0
[2017-09-27 16:39:15][info] k:bank_type=>COMM_CREDIT
[2017-09-27 16:39:15][info] k:cash_fee=>1719500
[2017-09-27 16:39:15][info] k:fee_type=>CNY
[2017-09-27 16:39:15][info] k:is_subscribe=>N
[2017-09-27 16:39:15][info] k:mch_id=>1244967502
[2017-09-27 16:39:15][info] k:nonce_str=>ia0hmy2fne8jx3l50vyn68ao59mlqmf8
[2017-09-27 16:39:15][info] k:openid=>orYumuNOIN21xhj1SJk--6AlwrOo
[2017-09-27 16:39:15][info] k:out_trade_no=>LX-17083114460244501-6
[2017-09-27 16:39:15][info] k:result_code=>SUCCESS
[2017-09-27 16:39:15][info] k:return_code=>SUCCESS
[2017-09-27 16:39:15][info] k:sign=>938A54321D35B081D529540169B64A2A
[2017-09-27 16:39:15][info] k:time_end=>20170927163914
[2017-09-27 16:39:15][info] k:total_fee=>1719500
[2017-09-27 16:39:15][info] k:trade_type=>NATIVE
[2017-09-27 16:39:15][info] k:transaction_id=>4200000012201709274568206970
[2017-09-27 16:39:15][info] ----------------------------------------
[2017-09-27 16:39:15][info] XML_DATA222:{"appid":"wxefc029d4373dcac0","bank_type":"COMM_CREDIT","cash_fee":"17195.00","fee_type":"CNY","is_subscribe":"N","mch_id":"1244967502","nonce_str":"ia0hmy2fne8jx3l50vyn68ao59mlqmf8","openid":"orYumuNOIN21xhj1SJk--6AlwrOo","out_trade_no":"LX-17083114460244501-6","result_code":"SUCCESS","return_code":"SUCCESS","sign":"938A54321D35B081D529540169B64A2A","time_end":"20170927163914","total_fee":"17195.00","trade_type":"NATIVE","transaction_id":"4200000012201709274568206970"}
[2017-09-27 16:39:15][warn] 数据存储成功，并成功返回记录编号19283！
[2017-09-27 16:39:28][info] ----------------------------------------
[2017-09-27 16:39:28][info] XML_DATA111:[{appid=>wxefc029d4373dcac0}{bank_type=>COMM_CREDIT}{cash_fee=>1719500}{fee_type=>CNY}{is_subscribe=>N}{mch_id=>1244967502}{nonce_str=>ia0hmy2fne8jx3l50vyn68ao59mlqmf8}{openid=>orYumuNOIN21xhj1SJk--6AlwrOo}{out_trade_no=>LX-17083114460244501-6}{result_code=>SUCCESS}{return_code=>SUCCESS}{sign=>938A54321D35B081D529540169B64A2A}{time_end=>20170927163914}{total_fee=>1719500}{trade_type=>NATIVE}{transaction_id=>4200000012201709274568206970}]
[2017-09-27 16:39:28][info] k:appid=>wxefc029d4373dcac0
[2017-09-27 16:39:28][info] k:bank_type=>COMM_CREDIT
[2017-09-27 16:39:28][info] k:cash_fee=>1719500
[2017-09-27 16:39:28][info] k:fee_type=>CNY
[2017-09-27 16:39:28][info] k:is_subscribe=>N
[2017-09-27 16:39:28][info] k:mch_id=>1244967502
[2017-09-27 16:39:28][info] k:nonce_str=>ia0hmy2fne8jx3l50vyn68ao59mlqmf8
[2017-09-27 16:39:28][info] k:openid=>orYumuNOIN21xhj1SJk--6AlwrOo
[2017-09-27 16:39:28][info] k:out_trade_no=>LX-17083114460244501-6
[2017-09-27 16:39:28][info] k:result_code=>SUCCESS
[2017-09-27 16:39:28][info] k:return_code=>SUCCESS
[2017-09-27 16:39:28][info] k:sign=>938A54321D35B081D529540169B64A2A
[2017-09-27 16:39:28][info] k:time_end=>20170927163914
[2017-09-27 16:39:28][info] k:total_fee=>1719500
[2017-09-27 16:39:28][info] k:trade_type=>NATIVE
[2017-09-27 16:39:28][info] k:transaction_id=>4200000012201709274568206970
[2017-09-27 16:39:28][info] ----------------------------------------
[2017-09-27 16:39:28][info] XML_DATA222:{"appid":"wxefc029d4373dcac0","bank_type":"COMM_CREDIT","cash_fee":"17195.00","fee_type":"CNY","is_subscribe":"N","mch_id":"1244967502","nonce_str":"ia0hmy2fne8jx3l50vyn68ao59mlqmf8","openid":"orYumuNOIN21xhj1SJk--6AlwrOo","out_trade_no":"LX-17083114460244501-6","result_code":"SUCCESS","return_code":"SUCCESS","sign":"938A54321D35B081D529540169B64A2A","time_end":"20170927163914","total_fee":"17195.00","trade_type":"NATIVE","transaction_id":"4200000012201709274568206970"}
[2017-09-27 16:39:28][info] 收到重复信息，并处理反馈成功！
[2017-09-27 16:39:28][info] success
[2017-09-27 16:39:28][info] 写入结束!!!
[2017-09-27 17:41:43][info] ----------------------------------------
[2017-09-27 17:41:43][info] XML_DATA111:[{appid=>wxefc029d4373dcac0}{bank_type=>CFT}{cash_fee=>640000}{fee_type=>CNY}{is_subscribe=>N}{mch_id=>1244967502}{nonce_str=>3ogyb922fwl4f06ms0n3z0kwvzz5ctbi}{openid=>orYumuG7KItngPXDq-MOOBtIi85c}{out_trade_no=>LX-17092715521465106-a}{result_code=>SUCCESS}{return_code=>SUCCESS}{sign=>654BFA21B5F9BD3F662DBB20C76920CE}{time_end=>20170927174142}{total_fee=>640000}{trade_type=>NATIVE}{transaction_id=>4200000024201709274584595995}]
[2017-09-27 17:41:43][info] k:appid=>wxefc029d4373dcac0
[2017-09-27 17:41:43][info] k:bank_type=>CFT
[2017-09-27 17:41:43][info] k:cash_fee=>640000
[2017-09-27 17:41:43][info] k:fee_type=>CNY
[2017-09-27 17:41:43][info] k:is_subscribe=>N
[2017-09-27 17:41:43][info] k:mch_id=>1244967502
[2017-09-27 17:41:43][info] k:nonce_str=>3ogyb922fwl4f06ms0n3z0kwvzz5ctbi
[2017-09-27 17:41:43][info] k:openid=>orYumuG7KItngPXDq-MOOBtIi85c
[2017-09-27 17:41:43][info] k:out_trade_no=>LX-17092715521465106-a
[2017-09-27 17:41:43][info] k:result_code=>SUCCESS
[2017-09-27 17:41:43][info] k:return_code=>SUCCESS
[2017-09-27 17:41:43][info] k:sign=>654BFA21B5F9BD3F662DBB20C76920CE
[2017-09-27 17:41:43][info] k:time_end=>20170927174142
[2017-09-27 17:41:43][info] k:total_fee=>640000
[2017-09-27 17:41:43][info] k:trade_type=>NATIVE
[2017-09-27 17:41:43][info] k:transaction_id=>4200000024201709274584595995
[2017-09-27 17:41:43][info] ----------------------------------------
[2017-09-27 17:41:43][info] XML_DATA222:{"appid":"wxefc029d4373dcac0","bank_type":"CFT","cash_fee":"6400.00","fee_type":"CNY","is_subscribe":"N","mch_id":"1244967502","nonce_str":"3ogyb922fwl4f06ms0n3z0kwvzz5ctbi","openid":"orYumuG7KItngPXDq-MOOBtIi85c","out_trade_no":"LX-17092715521465106-a","result_code":"SUCCESS","return_code":"SUCCESS","sign":"654BFA21B5F9BD3F662DBB20C76920CE","time_end":"20170927174142","total_fee":"6400.00","trade_type":"NATIVE","transaction_id":"4200000024201709274584595995"}
[2017-09-27 17:41:43][warn] 数据存储成功，并成功返回记录编号19286！
[2017-09-27 17:41:55][info] ----------------------------------------
[2017-09-27 17:41:55][info] XML_DATA111:[{appid=>wxefc029d4373dcac0}{bank_type=>CFT}{cash_fee=>640000}{fee_type=>CNY}{is_subscribe=>N}{mch_id=>1244967502}{nonce_str=>3ogyb922fwl4f06ms0n3z0kwvzz5ctbi}{openid=>orYumuG7KItngPXDq-MOOBtIi85c}{out_trade_no=>LX-17092715521465106-a}{result_code=>SUCCESS}{return_code=>SUCCESS}{sign=>654BFA21B5F9BD3F662DBB20C76920CE}{time_end=>20170927174142}{total_fee=>640000}{trade_type=>NATIVE}{transaction_id=>4200000024201709274584595995}]
[2017-09-27 17:41:55][info] k:appid=>wxefc029d4373dcac0
[2017-09-27 17:41:55][info] k:bank_type=>CFT
[2017-09-27 17:41:55][info] k:cash_fee=>640000
[2017-09-27 17:41:55][info] k:fee_type=>CNY
[2017-09-27 17:41:55][info] k:is_subscribe=>N
[2017-09-27 17:41:55][info] k:mch_id=>1244967502
[2017-09-27 17:41:55][info] k:nonce_str=>3ogyb922fwl4f06ms0n3z0kwvzz5ctbi
[2017-09-27 17:41:55][info] k:openid=>orYumuG7KItngPXDq-MOOBtIi85c
[2017-09-27 17:41:55][info] k:out_trade_no=>LX-17092715521465106-a
[2017-09-27 17:41:55][info] k:result_code=>SUCCESS
[2017-09-27 17:41:55][info] k:return_code=>SUCCESS
[2017-09-27 17:41:55][info] k:sign=>654BFA21B5F9BD3F662DBB20C76920CE
[2017-09-27 17:41:55][info] k:time_end=>20170927174142
[2017-09-27 17:41:55][info] k:total_fee=>640000
[2017-09-27 17:41:55][info] k:trade_type=>NATIVE
[2017-09-27 17:41:55][info] k:transaction_id=>4200000024201709274584595995
[2017-09-27 17:41:55][info] ----------------------------------------
[2017-09-27 17:41:55][info] XML_DATA222:{"appid":"wxefc029d4373dcac0","bank_type":"CFT","cash_fee":"6400.00","fee_type":"CNY","is_subscribe":"N","mch_id":"1244967502","nonce_str":"3ogyb922fwl4f06ms0n3z0kwvzz5ctbi","openid":"orYumuG7KItngPXDq-MOOBtIi85c","out_trade_no":"LX-17092715521465106-a","result_code":"SUCCESS","return_code":"SUCCESS","sign":"654BFA21B5F9BD3F662DBB20C76920CE","time_end":"20170927174142","total_fee":"6400.00","trade_type":"NATIVE","transaction_id":"4200000024201709274584595995"}
[2017-09-27 17:41:55][info] 收到重复信息，并处理反馈成功！
[2017-09-27 17:41:55][info] success
[2017-09-27 17:41:55][info] 写入结束!!!
