[2017-08-15 06:20:14][info] ----------------------------------------
[2017-08-15 06:20:14][info] XML_DATA111:[{appid=>wxefc029d4373dcac0}{bank_type=>CCB_CREDIT}{cash_fee=>879982}{coupon_count=>1}{coupon_fee=>18}{coupon_fee_0=>18}{coupon_id_0=>2000000001298198084}{fee_type=>CNY}{is_subscribe=>Y}{mch_id=>1244967502}{nonce_str=>2lnj5q7zrju2tqcblcxqv3aggrbeps7y}{openid=>orYumuB7qY7nlx2rkYHObqYn5tX8}{out_trade_no=>LX-17070920494115906-c}{result_code=>SUCCESS}{return_code=>SUCCESS}{sign=>21E6DB8E35B13CCA3AE05C11EAAF7ACF}{time_end=>20170815062014}{total_fee=>880000}{trade_type=>NATIVE}{transaction_id=>4005252001201708156288727130}]
[2017-08-15 06:20:14][info] k:appid=>wxefc029d4373dcac0
[2017-08-15 06:20:14][info] k:bank_type=>CCB_CREDIT
[2017-08-15 06:20:14][info] k:cash_fee=>879982
[2017-08-15 06:20:14][info] k:coupon_count=>1
[2017-08-15 06:20:14][info] k:coupon_fee=>18
[2017-08-15 06:20:14][info] k:coupon_fee_0=>18
[2017-08-15 06:20:14][info] k:coupon_id_0=>2000000001298198084
[2017-08-15 06:20:14][info] k:fee_type=>CNY
[2017-08-15 06:20:14][info] k:is_subscribe=>Y
[2017-08-15 06:20:14][info] k:mch_id=>1244967502
[2017-08-15 06:20:14][info] k:nonce_str=>2lnj5q7zrju2tqcblcxqv3aggrbeps7y
[2017-08-15 06:20:14][info] k:openid=>orYumuB7qY7nlx2rkYHObqYn5tX8
[2017-08-15 06:20:14][info] k:out_trade_no=>LX-17070920494115906-c
[2017-08-15 06:20:14][info] k:result_code=>SUCCESS
[2017-08-15 06:20:14][info] k:return_code=>SUCCESS
[2017-08-15 06:20:14][info] k:sign=>21E6DB8E35B13CCA3AE05C11EAAF7ACF
[2017-08-15 06:20:14][info] k:time_end=>20170815062014
[2017-08-15 06:20:14][info] k:total_fee=>880000
[2017-08-15 06:20:14][info] k:trade_type=>NATIVE
[2017-08-15 06:20:14][info] k:transaction_id=>4005252001201708156288727130
[2017-08-15 06:20:14][info] ----------------------------------------
[2017-08-15 06:20:14][info] XML_DATA222:{"appid":"wxefc029d4373dcac0","bank_type":"CCB_CREDIT","cash_fee":"8799.82","coupon_count":"1","coupon_fee":"18","coupon_fee_0":"18","coupon_id_0":"2000000001298198084","fee_type":"CNY","is_subscribe":"Y","mch_id":"1244967502","nonce_str":"2lnj5q7zrju2tqcblcxqv3aggrbeps7y","openid":"orYumuB7qY7nlx2rkYHObqYn5tX8","out_trade_no":"LX-17070920494115906-c","result_code":"SUCCESS","return_code":"SUCCESS","sign":"21E6DB8E35B13CCA3AE05C11EAAF7ACF","time_end":"20170815062014","total_fee":"8800.00","trade_type":"NATIVE","transaction_id":"4005252001201708156288727130"}
[2017-08-15 06:20:15][warn] 数据存储成功，并成功返回记录编号18610！
[2017-08-15 06:20:31][info] ----------------------------------------
[2017-08-15 06:20:31][info] XML_DATA111:[{appid=>wxefc029d4373dcac0}{bank_type=>CCB_CREDIT}{cash_fee=>879982}{coupon_count=>1}{coupon_fee=>18}{coupon_fee_0=>18}{coupon_id_0=>2000000001298198084}{fee_type=>CNY}{is_subscribe=>Y}{mch_id=>1244967502}{nonce_str=>2lnj5q7zrju2tqcblcxqv3aggrbeps7y}{openid=>orYumuB7qY7nlx2rkYHObqYn5tX8}{out_trade_no=>LX-17070920494115906-c}{result_code=>SUCCESS}{return_code=>SUCCESS}{sign=>21E6DB8E35B13CCA3AE05C11EAAF7ACF}{time_end=>20170815062014}{total_fee=>880000}{trade_type=>NATIVE}{transaction_id=>4005252001201708156288727130}]
[2017-08-15 06:20:31][info] k:appid=>wxefc029d4373dcac0
[2017-08-15 06:20:31][info] k:bank_type=>CCB_CREDIT
[2017-08-15 06:20:31][info] k:cash_fee=>879982
[2017-08-15 06:20:31][info] k:coupon_count=>1
[2017-08-15 06:20:31][info] k:coupon_fee=>18
[2017-08-15 06:20:31][info] k:coupon_fee_0=>18
[2017-08-15 06:20:31][info] k:coupon_id_0=>2000000001298198084
[2017-08-15 06:20:31][info] k:fee_type=>CNY
[2017-08-15 06:20:31][info] k:is_subscribe=>Y
[2017-08-15 06:20:31][info] k:mch_id=>1244967502
[2017-08-15 06:20:31][info] k:nonce_str=>2lnj5q7zrju2tqcblcxqv3aggrbeps7y
[2017-08-15 06:20:31][info] k:openid=>orYumuB7qY7nlx2rkYHObqYn5tX8
[2017-08-15 06:20:31][info] k:out_trade_no=>LX-17070920494115906-c
[2017-08-15 06:20:31][info] k:result_code=>SUCCESS
[2017-08-15 06:20:31][info] k:return_code=>SUCCESS
[2017-08-15 06:20:31][info] k:sign=>21E6DB8E35B13CCA3AE05C11EAAF7ACF
[2017-08-15 06:20:31][info] k:time_end=>20170815062014
[2017-08-15 06:20:31][info] k:total_fee=>880000
[2017-08-15 06:20:31][info] k:trade_type=>NATIVE
[2017-08-15 06:20:31][info] k:transaction_id=>4005252001201708156288727130
[2017-08-15 06:20:31][info] ----------------------------------------
[2017-08-15 06:20:31][info] XML_DATA222:{"appid":"wxefc029d4373dcac0","bank_type":"CCB_CREDIT","cash_fee":"8799.82","coupon_count":"1","coupon_fee":"18","coupon_fee_0":"18","coupon_id_0":"2000000001298198084","fee_type":"CNY","is_subscribe":"Y","mch_id":"1244967502","nonce_str":"2lnj5q7zrju2tqcblcxqv3aggrbeps7y","openid":"orYumuB7qY7nlx2rkYHObqYn5tX8","out_trade_no":"LX-17070920494115906-c","result_code":"SUCCESS","return_code":"SUCCESS","sign":"21E6DB8E35B13CCA3AE05C11EAAF7ACF","time_end":"20170815062014","total_fee":"8800.00","trade_type":"NATIVE","transaction_id":"4005252001201708156288727130"}
[2017-08-15 06:20:31][info] 收到重复信息，并处理反馈成功！
[2017-08-15 06:20:31][info] success
[2017-08-15 06:20:31][info] 写入结束!!!
[2017-08-15 12:47:05][info] ----------------------------------------
[2017-08-15 12:47:05][info] XML_DATA111:[{appid=>wxefc029d4373dcac0}{bank_type=>CMB_CREDIT}{cash_fee=>1394000}{fee_type=>CNY}{is_subscribe=>N}{mch_id=>1244967502}{nonce_str=>tw9aseiv62e57iecn5tl61yotlvwj8mq}{openid=>orYumuL5EhddTXU0f58N_Q10wquo}{out_trade_no=>LX-17081511404811901-2}{result_code=>SUCCESS}{return_code=>SUCCESS}{sign=>4889DE7F13428AAC194D75882AFC4A88}{time_end=>20170815124705}{total_fee=>1394000}{trade_type=>NATIVE}{transaction_id=>4000242001201708156332220576}]
[2017-08-15 12:47:05][info] k:appid=>wxefc029d4373dcac0
[2017-08-15 12:47:05][info] k:bank_type=>CMB_CREDIT
[2017-08-15 12:47:05][info] k:cash_fee=>1394000
[2017-08-15 12:47:05][info] k:fee_type=>CNY
[2017-08-15 12:47:05][info] k:is_subscribe=>N
[2017-08-15 12:47:05][info] k:mch_id=>1244967502
[2017-08-15 12:47:05][info] k:nonce_str=>tw9aseiv62e57iecn5tl61yotlvwj8mq
[2017-08-15 12:47:05][info] k:openid=>orYumuL5EhddTXU0f58N_Q10wquo
[2017-08-15 12:47:05][info] k:out_trade_no=>LX-17081511404811901-2
[2017-08-15 12:47:05][info] k:result_code=>SUCCESS
[2017-08-15 12:47:05][info] k:return_code=>SUCCESS
[2017-08-15 12:47:05][info] k:sign=>4889DE7F13428AAC194D75882AFC4A88
[2017-08-15 12:47:05][info] k:time_end=>20170815124705
[2017-08-15 12:47:05][info] k:total_fee=>1394000
[2017-08-15 12:47:05][info] k:trade_type=>NATIVE
[2017-08-15 12:47:05][info] k:transaction_id=>4000242001201708156332220576
[2017-08-15 12:47:05][info] ----------------------------------------
[2017-08-15 12:47:05][info] XML_DATA222:{"appid":"wxefc029d4373dcac0","bank_type":"CMB_CREDIT","cash_fee":"13940.00","fee_type":"CNY","is_subscribe":"N","mch_id":"1244967502","nonce_str":"tw9aseiv62e57iecn5tl61yotlvwj8mq","openid":"orYumuL5EhddTXU0f58N_Q10wquo","out_trade_no":"LX-17081511404811901-2","result_code":"SUCCESS","return_code":"SUCCESS","sign":"4889DE7F13428AAC194D75882AFC4A88","time_end":"20170815124705","total_fee":"13940.00","trade_type":"NATIVE","transaction_id":"4000242001201708156332220576"}
[2017-08-15 12:47:05][warn] 数据存储成功，并成功返回记录编号18612！
[2017-08-15 12:47:20][info] ----------------------------------------
[2017-08-15 12:47:20][info] XML_DATA111:[{appid=>wxefc029d4373dcac0}{bank_type=>CMB_CREDIT}{cash_fee=>1394000}{fee_type=>CNY}{is_subscribe=>N}{mch_id=>1244967502}{nonce_str=>tw9aseiv62e57iecn5tl61yotlvwj8mq}{openid=>orYumuL5EhddTXU0f58N_Q10wquo}{out_trade_no=>LX-17081511404811901-2}{result_code=>SUCCESS}{return_code=>SUCCESS}{sign=>4889DE7F13428AAC194D75882AFC4A88}{time_end=>20170815124705}{total_fee=>1394000}{trade_type=>NATIVE}{transaction_id=>4000242001201708156332220576}]
[2017-08-15 12:47:20][info] k:appid=>wxefc029d4373dcac0
[2017-08-15 12:47:20][info] k:bank_type=>CMB_CREDIT
[2017-08-15 12:47:20][info] k:cash_fee=>1394000
[2017-08-15 12:47:20][info] k:fee_type=>CNY
[2017-08-15 12:47:20][info] k:is_subscribe=>N
[2017-08-15 12:47:20][info] k:mch_id=>1244967502
[2017-08-15 12:47:20][info] k:nonce_str=>tw9aseiv62e57iecn5tl61yotlvwj8mq
[2017-08-15 12:47:20][info] k:openid=>orYumuL5EhddTXU0f58N_Q10wquo
[2017-08-15 12:47:20][info] k:out_trade_no=>LX-17081511404811901-2
[2017-08-15 12:47:20][info] k:result_code=>SUCCESS
[2017-08-15 12:47:20][info] k:return_code=>SUCCESS
[2017-08-15 12:47:20][info] k:sign=>4889DE7F13428AAC194D75882AFC4A88
[2017-08-15 12:47:20][info] k:time_end=>20170815124705
[2017-08-15 12:47:20][info] k:total_fee=>1394000
[2017-08-15 12:47:20][info] k:trade_type=>NATIVE
[2017-08-15 12:47:20][info] k:transaction_id=>4000242001201708156332220576
[2017-08-15 12:47:20][info] ----------------------------------------
[2017-08-15 12:47:20][info] XML_DATA222:{"appid":"wxefc029d4373dcac0","bank_type":"CMB_CREDIT","cash_fee":"13940.00","fee_type":"CNY","is_subscribe":"N","mch_id":"1244967502","nonce_str":"tw9aseiv62e57iecn5tl61yotlvwj8mq","openid":"orYumuL5EhddTXU0f58N_Q10wquo","out_trade_no":"LX-17081511404811901-2","result_code":"SUCCESS","return_code":"SUCCESS","sign":"4889DE7F13428AAC194D75882AFC4A88","time_end":"20170815124705","total_fee":"13940.00","trade_type":"NATIVE","transaction_id":"4000242001201708156332220576"}
[2017-08-15 12:47:20][info] 收到重复信息，并处理反馈成功！
[2017-08-15 12:47:20][info] success
[2017-08-15 12:47:20][info] 写入结束!!!
[2017-08-15 13:53:24][info] ----------------------------------------
[2017-08-15 13:53:24][info] XML_DATA111:[{appid=>wxefc029d4373dcac0}{bank_type=>CFT}{cash_fee=>612000}{fee_type=>CNY}{is_subscribe=>Y}{mch_id=>1244967502}{nonce_str=>xojm72f0s0tu0j3wyykffjqnn1hs062a}{openid=>orYumuNqTrlBPQ6NtoAZ87ntFvEE}{out_trade_no=>LX-17072914174899106-d}{result_code=>SUCCESS}{return_code=>SUCCESS}{sign=>56BA4F878EEAEBD6053F53E4FE90197D}{time_end=>20170815135324}{total_fee=>612000}{trade_type=>NATIVE}{transaction_id=>4000562001201708156346775671}]
[2017-08-15 13:53:24][info] k:appid=>wxefc029d4373dcac0
[2017-08-15 13:53:24][info] k:bank_type=>CFT
[2017-08-15 13:53:24][info] k:cash_fee=>612000
[2017-08-15 13:53:24][info] k:fee_type=>CNY
[2017-08-15 13:53:24][info] k:is_subscribe=>Y
[2017-08-15 13:53:24][info] k:mch_id=>1244967502
[2017-08-15 13:53:24][info] k:nonce_str=>xojm72f0s0tu0j3wyykffjqnn1hs062a
[2017-08-15 13:53:24][info] k:openid=>orYumuNqTrlBPQ6NtoAZ87ntFvEE
[2017-08-15 13:53:24][info] k:out_trade_no=>LX-17072914174899106-d
[2017-08-15 13:53:24][info] k:result_code=>SUCCESS
[2017-08-15 13:53:24][info] k:return_code=>SUCCESS
[2017-08-15 13:53:24][info] k:sign=>56BA4F878EEAEBD6053F53E4FE90197D
[2017-08-15 13:53:24][info] k:time_end=>20170815135324
[2017-08-15 13:53:24][info] k:total_fee=>612000
[2017-08-15 13:53:24][info] k:trade_type=>NATIVE
[2017-08-15 13:53:24][info] k:transaction_id=>4000562001201708156346775671
[2017-08-15 13:53:24][info] ----------------------------------------
[2017-08-15 13:53:24][info] XML_DATA222:{"appid":"wxefc029d4373dcac0","bank_type":"CFT","cash_fee":"6120.00","fee_type":"CNY","is_subscribe":"Y","mch_id":"1244967502","nonce_str":"xojm72f0s0tu0j3wyykffjqnn1hs062a","openid":"orYumuNqTrlBPQ6NtoAZ87ntFvEE","out_trade_no":"LX-17072914174899106-d","result_code":"SUCCESS","return_code":"SUCCESS","sign":"56BA4F878EEAEBD6053F53E4FE90197D","time_end":"20170815135324","total_fee":"6120.00","trade_type":"NATIVE","transaction_id":"4000562001201708156346775671"}
[2017-08-15 13:53:25][warn] 数据存储成功，并成功返回记录编号18614！
[2017-08-15 13:53:35][info] ----------------------------------------
[2017-08-15 13:53:35][info] XML_DATA111:[{appid=>wxefc029d4373dcac0}{bank_type=>CFT}{cash_fee=>612000}{fee_type=>CNY}{is_subscribe=>Y}{mch_id=>1244967502}{nonce_str=>xojm72f0s0tu0j3wyykffjqnn1hs062a}{openid=>orYumuNqTrlBPQ6NtoAZ87ntFvEE}{out_trade_no=>LX-17072914174899106-d}{result_code=>SUCCESS}{return_code=>SUCCESS}{sign=>56BA4F878EEAEBD6053F53E4FE90197D}{time_end=>20170815135324}{total_fee=>612000}{trade_type=>NATIVE}{transaction_id=>4000562001201708156346775671}]
[2017-08-15 13:53:35][info] k:appid=>wxefc029d4373dcac0
[2017-08-15 13:53:35][info] k:bank_type=>CFT
[2017-08-15 13:53:35][info] k:cash_fee=>612000
[2017-08-15 13:53:35][info] k:fee_type=>CNY
[2017-08-15 13:53:35][info] k:is_subscribe=>Y
[2017-08-15 13:53:35][info] k:mch_id=>1244967502
[2017-08-15 13:53:35][info] k:nonce_str=>xojm72f0s0tu0j3wyykffjqnn1hs062a
[2017-08-15 13:53:35][info] k:openid=>orYumuNqTrlBPQ6NtoAZ87ntFvEE
[2017-08-15 13:53:35][info] k:out_trade_no=>LX-17072914174899106-d
[2017-08-15 13:53:35][info] k:result_code=>SUCCESS
[2017-08-15 13:53:35][info] k:return_code=>SUCCESS
[2017-08-15 13:53:35][info] k:sign=>56BA4F878EEAEBD6053F53E4FE90197D
[2017-08-15 13:53:35][info] k:time_end=>20170815135324
[2017-08-15 13:53:35][info] k:total_fee=>612000
[2017-08-15 13:53:35][info] k:trade_type=>NATIVE
[2017-08-15 13:53:35][info] k:transaction_id=>4000562001201708156346775671
[2017-08-15 13:53:35][info] ----------------------------------------
[2017-08-15 13:53:35][info] XML_DATA222:{"appid":"wxefc029d4373dcac0","bank_type":"CFT","cash_fee":"6120.00","fee_type":"CNY","is_subscribe":"Y","mch_id":"1244967502","nonce_str":"xojm72f0s0tu0j3wyykffjqnn1hs062a","openid":"orYumuNqTrlBPQ6NtoAZ87ntFvEE","out_trade_no":"LX-17072914174899106-d","result_code":"SUCCESS","return_code":"SUCCESS","sign":"56BA4F878EEAEBD6053F53E4FE90197D","time_end":"20170815135324","total_fee":"6120.00","trade_type":"NATIVE","transaction_id":"4000562001201708156346775671"}
[2017-08-15 13:53:35][info] 收到重复信息，并处理反馈成功！
[2017-08-15 13:53:35][info] success
[2017-08-15 13:53:35][info] 写入结束!!!
