[2017-06-28 08:02:26][info] ----------------------------------------
[2017-06-28 08:02:26][info] XML_DATA111:[{appid=>wxefc029d4373dcac0}{bank_type=>CFT}{cash_fee=>320000}{fee_type=>CNY}{is_subscribe=>N}{mch_id=>1244967502}{nonce_str=>kpcz68ulz6jok3mpq7fojb5pl67k7mkx}{openid=>orYumuFWKl4vVJjjBIpP55RPErh0}{out_trade_no=>LX-17062710475928306-6}{result_code=>SUCCESS}{return_code=>SUCCESS}{sign=>F9D2131CA798C3BB0949069567FDB8E6}{time_end=>20170628080225}{total_fee=>320000}{trade_type=>NATIVE}{transaction_id=>4008992001201706287759553692}]
[2017-06-28 08:02:26][info] k:appid=>wxefc029d4373dcac0
[2017-06-28 08:02:26][info] k:bank_type=>CFT
[2017-06-28 08:02:26][info] k:cash_fee=>320000
[2017-06-28 08:02:26][info] k:fee_type=>CNY
[2017-06-28 08:02:26][info] k:is_subscribe=>N
[2017-06-28 08:02:26][info] k:mch_id=>1244967502
[2017-06-28 08:02:26][info] k:nonce_str=>kpcz68ulz6jok3mpq7fojb5pl67k7mkx
[2017-06-28 08:02:26][info] k:openid=>orYumuFWKl4vVJjjBIpP55RPErh0
[2017-06-28 08:02:26][info] k:out_trade_no=>LX-17062710475928306-6
[2017-06-28 08:02:26][info] k:result_code=>SUCCESS
[2017-06-28 08:02:26][info] k:return_code=>SUCCESS
[2017-06-28 08:02:26][info] k:sign=>F9D2131CA798C3BB0949069567FDB8E6
[2017-06-28 08:02:26][info] k:time_end=>20170628080225
[2017-06-28 08:02:26][info] k:total_fee=>320000
[2017-06-28 08:02:26][info] k:trade_type=>NATIVE
[2017-06-28 08:02:26][info] k:transaction_id=>4008992001201706287759553692
[2017-06-28 08:02:26][info] ----------------------------------------
[2017-06-28 08:02:26][info] XML_DATA222:{"appid":"wxefc029d4373dcac0","bank_type":"CFT","cash_fee":"3200.00","fee_type":"CNY","is_subscribe":"N","mch_id":"1244967502","nonce_str":"kpcz68ulz6jok3mpq7fojb5pl67k7mkx","openid":"orYumuFWKl4vVJjjBIpP55RPErh0","out_trade_no":"LX-17062710475928306-6","result_code":"SUCCESS","return_code":"SUCCESS","sign":"F9D2131CA798C3BB0949069567FDB8E6","time_end":"20170628080225","total_fee":"3200.00","trade_type":"NATIVE","transaction_id":"4008992001201706287759553692"}
[2017-06-28 08:02:26][warn] 数据存储成功，并成功返回记录编号17737！
[2017-06-28 08:02:40][info] ----------------------------------------
[2017-06-28 08:02:40][info] XML_DATA111:[{appid=>wxefc029d4373dcac0}{bank_type=>CFT}{cash_fee=>320000}{fee_type=>CNY}{is_subscribe=>N}{mch_id=>1244967502}{nonce_str=>kpcz68ulz6jok3mpq7fojb5pl67k7mkx}{openid=>orYumuFWKl4vVJjjBIpP55RPErh0}{out_trade_no=>LX-17062710475928306-6}{result_code=>SUCCESS}{return_code=>SUCCESS}{sign=>F9D2131CA798C3BB0949069567FDB8E6}{time_end=>20170628080225}{total_fee=>320000}{trade_type=>NATIVE}{transaction_id=>4008992001201706287759553692}]
[2017-06-28 08:02:40][info] k:appid=>wxefc029d4373dcac0
[2017-06-28 08:02:40][info] k:bank_type=>CFT
[2017-06-28 08:02:40][info] k:cash_fee=>320000
[2017-06-28 08:02:40][info] k:fee_type=>CNY
[2017-06-28 08:02:40][info] k:is_subscribe=>N
[2017-06-28 08:02:40][info] k:mch_id=>1244967502
[2017-06-28 08:02:40][info] k:nonce_str=>kpcz68ulz6jok3mpq7fojb5pl67k7mkx
[2017-06-28 08:02:40][info] k:openid=>orYumuFWKl4vVJjjBIpP55RPErh0
[2017-06-28 08:02:40][info] k:out_trade_no=>LX-17062710475928306-6
[2017-06-28 08:02:40][info] k:result_code=>SUCCESS
[2017-06-28 08:02:40][info] k:return_code=>SUCCESS
[2017-06-28 08:02:40][info] k:sign=>F9D2131CA798C3BB0949069567FDB8E6
[2017-06-28 08:02:40][info] k:time_end=>20170628080225
[2017-06-28 08:02:40][info] k:total_fee=>320000
[2017-06-28 08:02:40][info] k:trade_type=>NATIVE
[2017-06-28 08:02:40][info] k:transaction_id=>4008992001201706287759553692
[2017-06-28 08:02:40][info] ----------------------------------------
[2017-06-28 08:02:40][info] XML_DATA222:{"appid":"wxefc029d4373dcac0","bank_type":"CFT","cash_fee":"3200.00","fee_type":"CNY","is_subscribe":"N","mch_id":"1244967502","nonce_str":"kpcz68ulz6jok3mpq7fojb5pl67k7mkx","openid":"orYumuFWKl4vVJjjBIpP55RPErh0","out_trade_no":"LX-17062710475928306-6","result_code":"SUCCESS","return_code":"SUCCESS","sign":"F9D2131CA798C3BB0949069567FDB8E6","time_end":"20170628080225","total_fee":"3200.00","trade_type":"NATIVE","transaction_id":"4008992001201706287759553692"}
[2017-06-28 08:02:40][info] 收到重复信息，并处理反馈成功！
[2017-06-28 08:02:40][info] success
[2017-06-28 08:02:40][info] 写入结束!!!
[2017-06-28 09:37:10][info] ----------------------------------------
[2017-06-28 09:37:10][info] XML_DATA111:[{appid=>wxefc029d4373dcac0}{bank_type=>CFT}{cash_fee=>1443490}{coupon_count=>1}{coupon_fee=>10}{coupon_fee_0=>10}{coupon_id_0=>2000000000758753196}{fee_type=>CNY}{is_subscribe=>Y}{mch_id=>1244967502}{nonce_str=>5wdk5in18ksgj6zltahabx9jou9mkfrq}{openid=>orYumuBShShSQiNUegSs1wqEPJbo}{out_trade_no=>LX-17051511374189306-d}{result_code=>SUCCESS}{return_code=>SUCCESS}{sign=>36B67B293EE3162DD118030572B08195}{time_end=>20170628093710}{total_fee=>1443500}{trade_type=>NATIVE}{transaction_id=>4001252001201706287774326800}]
[2017-06-28 09:37:10][info] k:appid=>wxefc029d4373dcac0
[2017-06-28 09:37:10][info] k:bank_type=>CFT
[2017-06-28 09:37:10][info] k:cash_fee=>1443490
[2017-06-28 09:37:10][info] k:coupon_count=>1
[2017-06-28 09:37:10][info] k:coupon_fee=>10
[2017-06-28 09:37:10][info] k:coupon_fee_0=>10
[2017-06-28 09:37:10][info] k:coupon_id_0=>2000000000758753196
[2017-06-28 09:37:10][info] k:fee_type=>CNY
[2017-06-28 09:37:10][info] k:is_subscribe=>Y
[2017-06-28 09:37:10][info] k:mch_id=>1244967502
[2017-06-28 09:37:10][info] k:nonce_str=>5wdk5in18ksgj6zltahabx9jou9mkfrq
[2017-06-28 09:37:10][info] k:openid=>orYumuBShShSQiNUegSs1wqEPJbo
[2017-06-28 09:37:10][info] k:out_trade_no=>LX-17051511374189306-d
[2017-06-28 09:37:10][info] k:result_code=>SUCCESS
[2017-06-28 09:37:10][info] k:return_code=>SUCCESS
[2017-06-28 09:37:10][info] k:sign=>36B67B293EE3162DD118030572B08195
[2017-06-28 09:37:10][info] k:time_end=>20170628093710
[2017-06-28 09:37:10][info] k:total_fee=>1443500
[2017-06-28 09:37:10][info] k:trade_type=>NATIVE
[2017-06-28 09:37:10][info] k:transaction_id=>4001252001201706287774326800
[2017-06-28 09:37:10][info] ----------------------------------------
[2017-06-28 09:37:10][info] XML_DATA222:{"appid":"wxefc029d4373dcac0","bank_type":"CFT","cash_fee":"14434.90","coupon_count":"1","coupon_fee":"10","coupon_fee_0":"10","coupon_id_0":"2000000000758753196","fee_type":"CNY","is_subscribe":"Y","mch_id":"1244967502","nonce_str":"5wdk5in18ksgj6zltahabx9jou9mkfrq","openid":"orYumuBShShSQiNUegSs1wqEPJbo","out_trade_no":"LX-17051511374189306-d","result_code":"SUCCESS","return_code":"SUCCESS","sign":"36B67B293EE3162DD118030572B08195","time_end":"20170628093710","total_fee":"14435.00","trade_type":"NATIVE","transaction_id":"4001252001201706287774326800"}
[2017-06-28 09:37:10][warn] 数据存储成功，并成功返回记录编号17742！
[2017-06-28 09:37:24][info] ----------------------------------------
[2017-06-28 09:37:24][info] XML_DATA111:[{appid=>wxefc029d4373dcac0}{bank_type=>CFT}{cash_fee=>1443490}{coupon_count=>1}{coupon_fee=>10}{coupon_fee_0=>10}{coupon_id_0=>2000000000758753196}{fee_type=>CNY}{is_subscribe=>Y}{mch_id=>1244967502}{nonce_str=>5wdk5in18ksgj6zltahabx9jou9mkfrq}{openid=>orYumuBShShSQiNUegSs1wqEPJbo}{out_trade_no=>LX-17051511374189306-d}{result_code=>SUCCESS}{return_code=>SUCCESS}{sign=>36B67B293EE3162DD118030572B08195}{time_end=>20170628093710}{total_fee=>1443500}{trade_type=>NATIVE}{transaction_id=>4001252001201706287774326800}]
[2017-06-28 09:37:24][info] k:appid=>wxefc029d4373dcac0
[2017-06-28 09:37:24][info] k:bank_type=>CFT
[2017-06-28 09:37:24][info] k:cash_fee=>1443490
[2017-06-28 09:37:24][info] k:coupon_count=>1
[2017-06-28 09:37:24][info] k:coupon_fee=>10
[2017-06-28 09:37:24][info] k:coupon_fee_0=>10
[2017-06-28 09:37:24][info] k:coupon_id_0=>2000000000758753196
[2017-06-28 09:37:24][info] k:fee_type=>CNY
[2017-06-28 09:37:24][info] k:is_subscribe=>Y
[2017-06-28 09:37:24][info] k:mch_id=>1244967502
[2017-06-28 09:37:24][info] k:nonce_str=>5wdk5in18ksgj6zltahabx9jou9mkfrq
[2017-06-28 09:37:24][info] k:openid=>orYumuBShShSQiNUegSs1wqEPJbo
[2017-06-28 09:37:24][info] k:out_trade_no=>LX-17051511374189306-d
[2017-06-28 09:37:24][info] k:result_code=>SUCCESS
[2017-06-28 09:37:24][info] k:return_code=>SUCCESS
[2017-06-28 09:37:24][info] k:sign=>36B67B293EE3162DD118030572B08195
[2017-06-28 09:37:24][info] k:time_end=>20170628093710
[2017-06-28 09:37:24][info] k:total_fee=>1443500
[2017-06-28 09:37:24][info] k:trade_type=>NATIVE
[2017-06-28 09:37:24][info] k:transaction_id=>4001252001201706287774326800
[2017-06-28 09:37:24][info] ----------------------------------------
[2017-06-28 09:37:24][info] XML_DATA222:{"appid":"wxefc029d4373dcac0","bank_type":"CFT","cash_fee":"14434.90","coupon_count":"1","coupon_fee":"10","coupon_fee_0":"10","coupon_id_0":"2000000000758753196","fee_type":"CNY","is_subscribe":"Y","mch_id":"1244967502","nonce_str":"5wdk5in18ksgj6zltahabx9jou9mkfrq","openid":"orYumuBShShSQiNUegSs1wqEPJbo","out_trade_no":"LX-17051511374189306-d","result_code":"SUCCESS","return_code":"SUCCESS","sign":"36B67B293EE3162DD118030572B08195","time_end":"20170628093710","total_fee":"14435.00","trade_type":"NATIVE","transaction_id":"4001252001201706287774326800"}
[2017-06-28 09:37:24][info] 收到重复信息，并处理反馈成功！
[2017-06-28 09:37:24][info] success
[2017-06-28 09:37:24][info] 写入结束!!!
[2017-06-28 09:56:28][info] ----------------------------------------
[2017-06-28 09:56:28][info] XML_DATA111:[{appid=>wxefc029d4373dcac0}{bank_type=>CMB_CREDIT}{cash_fee=>836000}{fee_type=>CNY}{is_subscribe=>N}{mch_id=>1244967502}{nonce_str=>ko8yvng5qwj8wvhsjnfdh1p7kr8u6efw}{openid=>orYumuKNVWEABI9Ul8LyRu2l4kYE}{out_trade_no=>LX-17062723240253906-6}{result_code=>SUCCESS}{return_code=>SUCCESS}{sign=>16500BD84FB47950951266A221D6778F}{time_end=>20170628095628}{total_fee=>836000}{trade_type=>NATIVE}{transaction_id=>4006642001201706287778486358}]
[2017-06-28 09:56:28][info] k:appid=>wxefc029d4373dcac0
[2017-06-28 09:56:28][info] k:bank_type=>CMB_CREDIT
[2017-06-28 09:56:28][info] k:cash_fee=>836000
[2017-06-28 09:56:28][info] k:fee_type=>CNY
[2017-06-28 09:56:28][info] k:is_subscribe=>N
[2017-06-28 09:56:28][info] k:mch_id=>1244967502
[2017-06-28 09:56:28][info] k:nonce_str=>ko8yvng5qwj8wvhsjnfdh1p7kr8u6efw
[2017-06-28 09:56:28][info] k:openid=>orYumuKNVWEABI9Ul8LyRu2l4kYE
[2017-06-28 09:56:28][info] k:out_trade_no=>LX-17062723240253906-6
[2017-06-28 09:56:28][info] k:result_code=>SUCCESS
[2017-06-28 09:56:28][info] k:return_code=>SUCCESS
[2017-06-28 09:56:28][info] k:sign=>16500BD84FB47950951266A221D6778F
[2017-06-28 09:56:28][info] k:time_end=>20170628095628
[2017-06-28 09:56:28][info] k:total_fee=>836000
[2017-06-28 09:56:28][info] k:trade_type=>NATIVE
[2017-06-28 09:56:28][info] k:transaction_id=>4006642001201706287778486358
[2017-06-28 09:56:28][info] ----------------------------------------
[2017-06-28 09:56:28][info] XML_DATA222:{"appid":"wxefc029d4373dcac0","bank_type":"CMB_CREDIT","cash_fee":"8360.00","fee_type":"CNY","is_subscribe":"N","mch_id":"1244967502","nonce_str":"ko8yvng5qwj8wvhsjnfdh1p7kr8u6efw","openid":"orYumuKNVWEABI9Ul8LyRu2l4kYE","out_trade_no":"LX-17062723240253906-6","result_code":"SUCCESS","return_code":"SUCCESS","sign":"16500BD84FB47950951266A221D6778F","time_end":"20170628095628","total_fee":"8360.00","trade_type":"NATIVE","transaction_id":"4006642001201706287778486358"}
[2017-06-28 09:56:29][warn] 数据存储成功，并成功返回记录编号17743！
[2017-06-28 09:56:44][info] ----------------------------------------
[2017-06-28 09:56:44][info] XML_DATA111:[{appid=>wxefc029d4373dcac0}{bank_type=>CMB_CREDIT}{cash_fee=>836000}{fee_type=>CNY}{is_subscribe=>N}{mch_id=>1244967502}{nonce_str=>ko8yvng5qwj8wvhsjnfdh1p7kr8u6efw}{openid=>orYumuKNVWEABI9Ul8LyRu2l4kYE}{out_trade_no=>LX-17062723240253906-6}{result_code=>SUCCESS}{return_code=>SUCCESS}{sign=>16500BD84FB47950951266A221D6778F}{time_end=>20170628095628}{total_fee=>836000}{trade_type=>NATIVE}{transaction_id=>4006642001201706287778486358}]
[2017-06-28 09:56:44][info] k:appid=>wxefc029d4373dcac0
[2017-06-28 09:56:44][info] k:bank_type=>CMB_CREDIT
[2017-06-28 09:56:44][info] k:cash_fee=>836000
[2017-06-28 09:56:44][info] k:fee_type=>CNY
[2017-06-28 09:56:44][info] k:is_subscribe=>N
[2017-06-28 09:56:44][info] k:mch_id=>1244967502
[2017-06-28 09:56:44][info] k:nonce_str=>ko8yvng5qwj8wvhsjnfdh1p7kr8u6efw
[2017-06-28 09:56:44][info] k:openid=>orYumuKNVWEABI9Ul8LyRu2l4kYE
[2017-06-28 09:56:44][info] k:out_trade_no=>LX-17062723240253906-6
[2017-06-28 09:56:44][info] k:result_code=>SUCCESS
[2017-06-28 09:56:44][info] k:return_code=>SUCCESS
[2017-06-28 09:56:44][info] k:sign=>16500BD84FB47950951266A221D6778F
[2017-06-28 09:56:44][info] k:time_end=>20170628095628
[2017-06-28 09:56:44][info] k:total_fee=>836000
[2017-06-28 09:56:44][info] k:trade_type=>NATIVE
[2017-06-28 09:56:44][info] k:transaction_id=>4006642001201706287778486358
[2017-06-28 09:56:44][info] ----------------------------------------
[2017-06-28 09:56:44][info] XML_DATA222:{"appid":"wxefc029d4373dcac0","bank_type":"CMB_CREDIT","cash_fee":"8360.00","fee_type":"CNY","is_subscribe":"N","mch_id":"1244967502","nonce_str":"ko8yvng5qwj8wvhsjnfdh1p7kr8u6efw","openid":"orYumuKNVWEABI9Ul8LyRu2l4kYE","out_trade_no":"LX-17062723240253906-6","result_code":"SUCCESS","return_code":"SUCCESS","sign":"16500BD84FB47950951266A221D6778F","time_end":"20170628095628","total_fee":"8360.00","trade_type":"NATIVE","transaction_id":"4006642001201706287778486358"}
[2017-06-28 09:56:44][info] 收到重复信息，并处理反馈成功！
[2017-06-28 09:56:44][info] success
[2017-06-28 09:56:44][info] 写入结束!!!
[2017-06-28 12:04:32][info] ----------------------------------------
[2017-06-28 12:04:32][info] XML_DATA111:[{appid=>wxefc029d4373dcac0}{bank_type=>COMM_DEBIT}{cash_fee=>418000}{fee_type=>CNY}{is_subscribe=>N}{mch_id=>1244967502}{nonce_str=>nyfcj832mahpyfb3z6bqsi7whl7wcqwu}{openid=>orYumuNjaIBo_oMxVy1yIcYMQE4M}{out_trade_no=>LX-17062811425771901-0}{result_code=>SUCCESS}{return_code=>SUCCESS}{sign=>38B00C9E5DCC2437309E36674B51E6C3}{time_end=>20170628120431}{total_fee=>418000}{trade_type=>NATIVE}{transaction_id=>4001302001201706287797056499}]
[2017-06-28 12:04:32][info] k:appid=>wxefc029d4373dcac0
[2017-06-28 12:04:32][info] k:bank_type=>COMM_DEBIT
[2017-06-28 12:04:32][info] k:cash_fee=>418000
[2017-06-28 12:04:32][info] k:fee_type=>CNY
[2017-06-28 12:04:32][info] k:is_subscribe=>N
[2017-06-28 12:04:32][info] k:mch_id=>1244967502
[2017-06-28 12:04:32][info] k:nonce_str=>nyfcj832mahpyfb3z6bqsi7whl7wcqwu
[2017-06-28 12:04:32][info] k:openid=>orYumuNjaIBo_oMxVy1yIcYMQE4M
[2017-06-28 12:04:32][info] k:out_trade_no=>LX-17062811425771901-0
[2017-06-28 12:04:32][info] k:result_code=>SUCCESS
[2017-06-28 12:04:32][info] k:return_code=>SUCCESS
[2017-06-28 12:04:32][info] k:sign=>38B00C9E5DCC2437309E36674B51E6C3
[2017-06-28 12:04:32][info] k:time_end=>20170628120431
[2017-06-28 12:04:32][info] k:total_fee=>418000
[2017-06-28 12:04:32][info] k:trade_type=>NATIVE
[2017-06-28 12:04:32][info] k:transaction_id=>4001302001201706287797056499
[2017-06-28 12:04:32][info] ----------------------------------------
[2017-06-28 12:04:32][info] XML_DATA222:{"appid":"wxefc029d4373dcac0","bank_type":"COMM_DEBIT","cash_fee":"4180.00","fee_type":"CNY","is_subscribe":"N","mch_id":"1244967502","nonce_str":"nyfcj832mahpyfb3z6bqsi7whl7wcqwu","openid":"orYumuNjaIBo_oMxVy1yIcYMQE4M","out_trade_no":"LX-17062811425771901-0","result_code":"SUCCESS","return_code":"SUCCESS","sign":"38B00C9E5DCC2437309E36674B51E6C3","time_end":"20170628120431","total_fee":"4180.00","trade_type":"NATIVE","transaction_id":"4001302001201706287797056499"}
[2017-06-28 12:04:32][warn] 数据存储成功，并成功返回记录编号17745！
[2017-06-28 12:04:48][info] ----------------------------------------
[2017-06-28 12:04:48][info] XML_DATA111:[{appid=>wxefc029d4373dcac0}{bank_type=>COMM_DEBIT}{cash_fee=>418000}{fee_type=>CNY}{is_subscribe=>N}{mch_id=>1244967502}{nonce_str=>nyfcj832mahpyfb3z6bqsi7whl7wcqwu}{openid=>orYumuNjaIBo_oMxVy1yIcYMQE4M}{out_trade_no=>LX-17062811425771901-0}{result_code=>SUCCESS}{return_code=>SUCCESS}{sign=>38B00C9E5DCC2437309E36674B51E6C3}{time_end=>20170628120431}{total_fee=>418000}{trade_type=>NATIVE}{transaction_id=>4001302001201706287797056499}]
[2017-06-28 12:04:48][info] k:appid=>wxefc029d4373dcac0
[2017-06-28 12:04:48][info] k:bank_type=>COMM_DEBIT
[2017-06-28 12:04:48][info] k:cash_fee=>418000
[2017-06-28 12:04:48][info] k:fee_type=>CNY
[2017-06-28 12:04:48][info] k:is_subscribe=>N
[2017-06-28 12:04:48][info] k:mch_id=>1244967502
[2017-06-28 12:04:48][info] k:nonce_str=>nyfcj832mahpyfb3z6bqsi7whl7wcqwu
[2017-06-28 12:04:48][info] k:openid=>orYumuNjaIBo_oMxVy1yIcYMQE4M
[2017-06-28 12:04:48][info] k:out_trade_no=>LX-17062811425771901-0
[2017-06-28 12:04:48][info] k:result_code=>SUCCESS
[2017-06-28 12:04:48][info] k:return_code=>SUCCESS
[2017-06-28 12:04:48][info] k:sign=>38B00C9E5DCC2437309E36674B51E6C3
[2017-06-28 12:04:48][info] k:time_end=>20170628120431
[2017-06-28 12:04:48][info] k:total_fee=>418000
[2017-06-28 12:04:48][info] k:trade_type=>NATIVE
[2017-06-28 12:04:48][info] k:transaction_id=>4001302001201706287797056499
[2017-06-28 12:04:48][info] ----------------------------------------
[2017-06-28 12:04:48][info] XML_DATA222:{"appid":"wxefc029d4373dcac0","bank_type":"COMM_DEBIT","cash_fee":"4180.00","fee_type":"CNY","is_subscribe":"N","mch_id":"1244967502","nonce_str":"nyfcj832mahpyfb3z6bqsi7whl7wcqwu","openid":"orYumuNjaIBo_oMxVy1yIcYMQE4M","out_trade_no":"LX-17062811425771901-0","result_code":"SUCCESS","return_code":"SUCCESS","sign":"38B00C9E5DCC2437309E36674B51E6C3","time_end":"20170628120431","total_fee":"4180.00","trade_type":"NATIVE","transaction_id":"4001302001201706287797056499"}
[2017-06-28 12:04:48][info] 收到重复信息，并处理反馈成功！
[2017-06-28 12:04:48][info] success
[2017-06-28 12:04:48][info] 写入结束!!!
