[2017-09-13 09:37:31][info] ----------------------------------------
[2017-09-13 09:37:31][info] XML_DATA111:[{appid=>wxefc029d4373dcac0}{bank_type=>CFT}{cash_fee=>478000}{fee_type=>CNY}{is_subscribe=>N}{mch_id=>1244967502}{nonce_str=>d0blq4gr455yt7j050ozopjyil9xrrbj}{openid=>orYumuJHiw3H6gHZoTNm8vuFQXYA}{out_trade_no=>LX-17081812283560701-1}{result_code=>SUCCESS}{return_code=>SUCCESS}{sign=>C3B3DDB792C70A5681674920C54592CE}{time_end=>20170913093730}{total_fee=>478000}{trade_type=>NATIVE}{transaction_id=>4004192001201709131805807227}]
[2017-09-13 09:37:31][info] k:appid=>wxefc029d4373dcac0
[2017-09-13 09:37:31][info] k:bank_type=>CFT
[2017-09-13 09:37:31][info] k:cash_fee=>478000
[2017-09-13 09:37:31][info] k:fee_type=>CNY
[2017-09-13 09:37:31][info] k:is_subscribe=>N
[2017-09-13 09:37:31][info] k:mch_id=>1244967502
[2017-09-13 09:37:31][info] k:nonce_str=>d0blq4gr455yt7j050ozopjyil9xrrbj
[2017-09-13 09:37:31][info] k:openid=>orYumuJHiw3H6gHZoTNm8vuFQXYA
[2017-09-13 09:37:31][info] k:out_trade_no=>LX-17081812283560701-1
[2017-09-13 09:37:31][info] k:result_code=>SUCCESS
[2017-09-13 09:37:31][info] k:return_code=>SUCCESS
[2017-09-13 09:37:31][info] k:sign=>C3B3DDB792C70A5681674920C54592CE
[2017-09-13 09:37:31][info] k:time_end=>20170913093730
[2017-09-13 09:37:31][info] k:total_fee=>478000
[2017-09-13 09:37:31][info] k:trade_type=>NATIVE
[2017-09-13 09:37:31][info] k:transaction_id=>4004192001201709131805807227
[2017-09-13 09:37:31][info] ----------------------------------------
[2017-09-13 09:37:31][info] XML_DATA222:{"appid":"wxefc029d4373dcac0","bank_type":"CFT","cash_fee":"4780.00","fee_type":"CNY","is_subscribe":"N","mch_id":"1244967502","nonce_str":"d0blq4gr455yt7j050ozopjyil9xrrbj","openid":"orYumuJHiw3H6gHZoTNm8vuFQXYA","out_trade_no":"LX-17081812283560701-1","result_code":"SUCCESS","return_code":"SUCCESS","sign":"C3B3DDB792C70A5681674920C54592CE","time_end":"20170913093730","total_fee":"4780.00","trade_type":"NATIVE","transaction_id":"4004192001201709131805807227"}
[2017-09-13 09:37:32][warn] 数据存储成功，并成功返回记录编号19029！
[2017-09-13 09:37:46][info] ----------------------------------------
[2017-09-13 09:37:46][info] XML_DATA111:[{appid=>wxefc029d4373dcac0}{bank_type=>CFT}{cash_fee=>478000}{fee_type=>CNY}{is_subscribe=>N}{mch_id=>1244967502}{nonce_str=>d0blq4gr455yt7j050ozopjyil9xrrbj}{openid=>orYumuJHiw3H6gHZoTNm8vuFQXYA}{out_trade_no=>LX-17081812283560701-1}{result_code=>SUCCESS}{return_code=>SUCCESS}{sign=>C3B3DDB792C70A5681674920C54592CE}{time_end=>20170913093730}{total_fee=>478000}{trade_type=>NATIVE}{transaction_id=>4004192001201709131805807227}]
[2017-09-13 09:37:46][info] k:appid=>wxefc029d4373dcac0
[2017-09-13 09:37:46][info] k:bank_type=>CFT
[2017-09-13 09:37:46][info] k:cash_fee=>478000
[2017-09-13 09:37:46][info] k:fee_type=>CNY
[2017-09-13 09:37:46][info] k:is_subscribe=>N
[2017-09-13 09:37:46][info] k:mch_id=>1244967502
[2017-09-13 09:37:46][info] k:nonce_str=>d0blq4gr455yt7j050ozopjyil9xrrbj
[2017-09-13 09:37:46][info] k:openid=>orYumuJHiw3H6gHZoTNm8vuFQXYA
[2017-09-13 09:37:46][info] k:out_trade_no=>LX-17081812283560701-1
[2017-09-13 09:37:46][info] k:result_code=>SUCCESS
[2017-09-13 09:37:46][info] k:return_code=>SUCCESS
[2017-09-13 09:37:46][info] k:sign=>C3B3DDB792C70A5681674920C54592CE
[2017-09-13 09:37:46][info] k:time_end=>20170913093730
[2017-09-13 09:37:46][info] k:total_fee=>478000
[2017-09-13 09:37:46][info] k:trade_type=>NATIVE
[2017-09-13 09:37:46][info] k:transaction_id=>4004192001201709131805807227
[2017-09-13 09:37:46][info] ----------------------------------------
[2017-09-13 09:37:46][info] XML_DATA222:{"appid":"wxefc029d4373dcac0","bank_type":"CFT","cash_fee":"4780.00","fee_type":"CNY","is_subscribe":"N","mch_id":"1244967502","nonce_str":"d0blq4gr455yt7j050ozopjyil9xrrbj","openid":"orYumuJHiw3H6gHZoTNm8vuFQXYA","out_trade_no":"LX-17081812283560701-1","result_code":"SUCCESS","return_code":"SUCCESS","sign":"C3B3DDB792C70A5681674920C54592CE","time_end":"20170913093730","total_fee":"4780.00","trade_type":"NATIVE","transaction_id":"4004192001201709131805807227"}
[2017-09-13 09:37:46][info] 收到重复信息，并处理反馈成功！
[2017-09-13 09:37:46][info] success
[2017-09-13 09:37:46][info] 写入结束!!!
[2017-09-13 10:19:27][info] ----------------------------------------
[2017-09-13 10:19:27][info] XML_DATA111:[{appid=>wxefc029d4373dcac0}{bank_type=>CMB_CREDIT}{cash_fee=>608000}{fee_type=>CNY}{is_subscribe=>N}{mch_id=>1244967502}{nonce_str=>pfd0rmxzwy0vf6etyq017njgpxvlwzds}{openid=>orYumuMaJBTmvbDK3NjJbtWKGF_0}{out_trade_no=>LX-17082410595828406-3}{result_code=>SUCCESS}{return_code=>SUCCESS}{sign=>76F91A48E5080CC5825CFE2ED614DDF6}{time_end=>20170913101926}{total_fee=>608000}{trade_type=>NATIVE}{transaction_id=>4005632001201709131813179684}]
[2017-09-13 10:19:27][info] k:appid=>wxefc029d4373dcac0
[2017-09-13 10:19:27][info] k:bank_type=>CMB_CREDIT
[2017-09-13 10:19:27][info] k:cash_fee=>608000
[2017-09-13 10:19:27][info] k:fee_type=>CNY
[2017-09-13 10:19:27][info] k:is_subscribe=>N
[2017-09-13 10:19:27][info] k:mch_id=>1244967502
[2017-09-13 10:19:27][info] k:nonce_str=>pfd0rmxzwy0vf6etyq017njgpxvlwzds
[2017-09-13 10:19:27][info] k:openid=>orYumuMaJBTmvbDK3NjJbtWKGF_0
[2017-09-13 10:19:27][info] k:out_trade_no=>LX-17082410595828406-3
[2017-09-13 10:19:27][info] k:result_code=>SUCCESS
[2017-09-13 10:19:27][info] k:return_code=>SUCCESS
[2017-09-13 10:19:27][info] k:sign=>76F91A48E5080CC5825CFE2ED614DDF6
[2017-09-13 10:19:27][info] k:time_end=>20170913101926
[2017-09-13 10:19:27][info] k:total_fee=>608000
[2017-09-13 10:19:27][info] k:trade_type=>NATIVE
[2017-09-13 10:19:27][info] k:transaction_id=>4005632001201709131813179684
[2017-09-13 10:19:27][info] ----------------------------------------
[2017-09-13 10:19:27][info] XML_DATA222:{"appid":"wxefc029d4373dcac0","bank_type":"CMB_CREDIT","cash_fee":"6080.00","fee_type":"CNY","is_subscribe":"N","mch_id":"1244967502","nonce_str":"pfd0rmxzwy0vf6etyq017njgpxvlwzds","openid":"orYumuMaJBTmvbDK3NjJbtWKGF_0","out_trade_no":"LX-17082410595828406-3","result_code":"SUCCESS","return_code":"SUCCESS","sign":"76F91A48E5080CC5825CFE2ED614DDF6","time_end":"20170913101926","total_fee":"6080.00","trade_type":"NATIVE","transaction_id":"4005632001201709131813179684"}
[2017-09-13 10:19:27][warn] 数据存储成功，并成功返回记录编号19030！
[2017-09-13 10:19:42][info] ----------------------------------------
[2017-09-13 10:19:42][info] XML_DATA111:[{appid=>wxefc029d4373dcac0}{bank_type=>CMB_CREDIT}{cash_fee=>608000}{fee_type=>CNY}{is_subscribe=>N}{mch_id=>1244967502}{nonce_str=>pfd0rmxzwy0vf6etyq017njgpxvlwzds}{openid=>orYumuMaJBTmvbDK3NjJbtWKGF_0}{out_trade_no=>LX-17082410595828406-3}{result_code=>SUCCESS}{return_code=>SUCCESS}{sign=>76F91A48E5080CC5825CFE2ED614DDF6}{time_end=>20170913101926}{total_fee=>608000}{trade_type=>NATIVE}{transaction_id=>4005632001201709131813179684}]
[2017-09-13 10:19:42][info] k:appid=>wxefc029d4373dcac0
[2017-09-13 10:19:42][info] k:bank_type=>CMB_CREDIT
[2017-09-13 10:19:42][info] k:cash_fee=>608000
[2017-09-13 10:19:42][info] k:fee_type=>CNY
[2017-09-13 10:19:42][info] k:is_subscribe=>N
[2017-09-13 10:19:42][info] k:mch_id=>1244967502
[2017-09-13 10:19:42][info] k:nonce_str=>pfd0rmxzwy0vf6etyq017njgpxvlwzds
[2017-09-13 10:19:42][info] k:openid=>orYumuMaJBTmvbDK3NjJbtWKGF_0
[2017-09-13 10:19:42][info] k:out_trade_no=>LX-17082410595828406-3
[2017-09-13 10:19:42][info] k:result_code=>SUCCESS
[2017-09-13 10:19:42][info] k:return_code=>SUCCESS
[2017-09-13 10:19:42][info] k:sign=>76F91A48E5080CC5825CFE2ED614DDF6
[2017-09-13 10:19:42][info] k:time_end=>20170913101926
[2017-09-13 10:19:42][info] k:total_fee=>608000
[2017-09-13 10:19:42][info] k:trade_type=>NATIVE
[2017-09-13 10:19:42][info] k:transaction_id=>4005632001201709131813179684
[2017-09-13 10:19:42][info] ----------------------------------------
[2017-09-13 10:19:42][info] XML_DATA222:{"appid":"wxefc029d4373dcac0","bank_type":"CMB_CREDIT","cash_fee":"6080.00","fee_type":"CNY","is_subscribe":"N","mch_id":"1244967502","nonce_str":"pfd0rmxzwy0vf6etyq017njgpxvlwzds","openid":"orYumuMaJBTmvbDK3NjJbtWKGF_0","out_trade_no":"LX-17082410595828406-3","result_code":"SUCCESS","return_code":"SUCCESS","sign":"76F91A48E5080CC5825CFE2ED614DDF6","time_end":"20170913101926","total_fee":"6080.00","trade_type":"NATIVE","transaction_id":"4005632001201709131813179684"}
[2017-09-13 10:19:42][info] 收到重复信息，并处理反馈成功！
[2017-09-13 10:19:42][info] success
[2017-09-13 10:19:42][info] 写入结束!!!
[2017-09-13 14:06:59][info] ----------------------------------------
[2017-09-13 14:06:59][info] XML_DATA111:[{appid=>wxefc029d4373dcac0}{bank_type=>ABC_DEBIT}{cash_fee=>330000}{fee_type=>CNY}{is_subscribe=>N}{mch_id=>1244967502}{nonce_str=>dnd4t77msnvg3nyuv0xbvmj5k0sk3sd0}{openid=>orYumuDj1BY_4qJ0v53RL4zmjyys}{out_trade_no=>LX-17091313460970306-9}{result_code=>SUCCESS}{return_code=>SUCCESS}{sign=>E6D4F82525EC963CD9829D09118D6C55}{time_end=>20170913140658}{total_fee=>330000}{trade_type=>NATIVE}{transaction_id=>4006962001201709131856352018}]
[2017-09-13 14:06:59][info] k:appid=>wxefc029d4373dcac0
[2017-09-13 14:06:59][info] k:bank_type=>ABC_DEBIT
[2017-09-13 14:06:59][info] k:cash_fee=>330000
[2017-09-13 14:06:59][info] k:fee_type=>CNY
[2017-09-13 14:06:59][info] k:is_subscribe=>N
[2017-09-13 14:06:59][info] k:mch_id=>1244967502
[2017-09-13 14:06:59][info] k:nonce_str=>dnd4t77msnvg3nyuv0xbvmj5k0sk3sd0
[2017-09-13 14:06:59][info] k:openid=>orYumuDj1BY_4qJ0v53RL4zmjyys
[2017-09-13 14:06:59][info] k:out_trade_no=>LX-17091313460970306-9
[2017-09-13 14:06:59][info] k:result_code=>SUCCESS
[2017-09-13 14:06:59][info] k:return_code=>SUCCESS
[2017-09-13 14:06:59][info] k:sign=>E6D4F82525EC963CD9829D09118D6C55
[2017-09-13 14:06:59][info] k:time_end=>20170913140658
[2017-09-13 14:06:59][info] k:total_fee=>330000
[2017-09-13 14:06:59][info] k:trade_type=>NATIVE
[2017-09-13 14:06:59][info] k:transaction_id=>4006962001201709131856352018
[2017-09-13 14:06:59][info] ----------------------------------------
[2017-09-13 14:06:59][info] XML_DATA222:{"appid":"wxefc029d4373dcac0","bank_type":"ABC_DEBIT","cash_fee":"3300.00","fee_type":"CNY","is_subscribe":"N","mch_id":"1244967502","nonce_str":"dnd4t77msnvg3nyuv0xbvmj5k0sk3sd0","openid":"orYumuDj1BY_4qJ0v53RL4zmjyys","out_trade_no":"LX-17091313460970306-9","result_code":"SUCCESS","return_code":"SUCCESS","sign":"E6D4F82525EC963CD9829D09118D6C55","time_end":"20170913140658","total_fee":"3300.00","trade_type":"NATIVE","transaction_id":"4006962001201709131856352018"}
[2017-09-13 14:06:59][warn] 数据存储成功，并成功返回记录编号19036！
[2017-09-13 14:07:11][info] ----------------------------------------
[2017-09-13 14:07:11][info] XML_DATA111:[{appid=>wxefc029d4373dcac0}{bank_type=>ABC_DEBIT}{cash_fee=>330000}{fee_type=>CNY}{is_subscribe=>N}{mch_id=>1244967502}{nonce_str=>dnd4t77msnvg3nyuv0xbvmj5k0sk3sd0}{openid=>orYumuDj1BY_4qJ0v53RL4zmjyys}{out_trade_no=>LX-17091313460970306-9}{result_code=>SUCCESS}{return_code=>SUCCESS}{sign=>E6D4F82525EC963CD9829D09118D6C55}{time_end=>20170913140658}{total_fee=>330000}{trade_type=>NATIVE}{transaction_id=>4006962001201709131856352018}]
[2017-09-13 14:07:11][info] k:appid=>wxefc029d4373dcac0
[2017-09-13 14:07:11][info] k:bank_type=>ABC_DEBIT
[2017-09-13 14:07:11][info] k:cash_fee=>330000
[2017-09-13 14:07:11][info] k:fee_type=>CNY
[2017-09-13 14:07:11][info] k:is_subscribe=>N
[2017-09-13 14:07:11][info] k:mch_id=>1244967502
[2017-09-13 14:07:11][info] k:nonce_str=>dnd4t77msnvg3nyuv0xbvmj5k0sk3sd0
[2017-09-13 14:07:11][info] k:openid=>orYumuDj1BY_4qJ0v53RL4zmjyys
[2017-09-13 14:07:11][info] k:out_trade_no=>LX-17091313460970306-9
[2017-09-13 14:07:11][info] k:result_code=>SUCCESS
[2017-09-13 14:07:11][info] k:return_code=>SUCCESS
[2017-09-13 14:07:11][info] k:sign=>E6D4F82525EC963CD9829D09118D6C55
[2017-09-13 14:07:11][info] k:time_end=>20170913140658
[2017-09-13 14:07:11][info] k:total_fee=>330000
[2017-09-13 14:07:11][info] k:trade_type=>NATIVE
[2017-09-13 14:07:11][info] k:transaction_id=>4006962001201709131856352018
[2017-09-13 14:07:11][info] ----------------------------------------
[2017-09-13 14:07:11][info] XML_DATA222:{"appid":"wxefc029d4373dcac0","bank_type":"ABC_DEBIT","cash_fee":"3300.00","fee_type":"CNY","is_subscribe":"N","mch_id":"1244967502","nonce_str":"dnd4t77msnvg3nyuv0xbvmj5k0sk3sd0","openid":"orYumuDj1BY_4qJ0v53RL4zmjyys","out_trade_no":"LX-17091313460970306-9","result_code":"SUCCESS","return_code":"SUCCESS","sign":"E6D4F82525EC963CD9829D09118D6C55","time_end":"20170913140658","total_fee":"3300.00","trade_type":"NATIVE","transaction_id":"4006962001201709131856352018"}
[2017-09-13 14:07:11][info] 收到重复信息，并处理反馈成功！
[2017-09-13 14:07:11][info] success
[2017-09-13 14:07:11][info] 写入结束!!!
[2017-09-13 15:43:00][info] ----------------------------------------
[2017-09-13 15:43:00][info] XML_DATA111:[{appid=>wxefc029d4373dcac0}{bank_type=>ICBC_DEBIT}{cash_fee=>498000}{fee_type=>CNY}{is_subscribe=>N}{mch_id=>1244967502}{nonce_str=>7fdpaq2n0kfhxnmfyged2lzizviuvxh2}{openid=>orYumuDR7Yl8AfyF9ERfi9WSIKkU}{out_trade_no=>LX-17091315391743201-d}{result_code=>SUCCESS}{return_code=>SUCCESS}{sign=>24FDD3C761EE78ACE29403629D9B346B}{time_end=>20170913154300}{total_fee=>498000}{trade_type=>NATIVE}{transaction_id=>4008982001201709131866514020}]
[2017-09-13 15:43:00][info] k:appid=>wxefc029d4373dcac0
[2017-09-13 15:43:00][info] k:bank_type=>ICBC_DEBIT
[2017-09-13 15:43:00][info] k:cash_fee=>498000
[2017-09-13 15:43:00][info] k:fee_type=>CNY
[2017-09-13 15:43:00][info] k:is_subscribe=>N
[2017-09-13 15:43:00][info] k:mch_id=>1244967502
[2017-09-13 15:43:00][info] k:nonce_str=>7fdpaq2n0kfhxnmfyged2lzizviuvxh2
[2017-09-13 15:43:00][info] k:openid=>orYumuDR7Yl8AfyF9ERfi9WSIKkU
[2017-09-13 15:43:00][info] k:out_trade_no=>LX-17091315391743201-d
[2017-09-13 15:43:00][info] k:result_code=>SUCCESS
[2017-09-13 15:43:00][info] k:return_code=>SUCCESS
[2017-09-13 15:43:00][info] k:sign=>24FDD3C761EE78ACE29403629D9B346B
[2017-09-13 15:43:00][info] k:time_end=>20170913154300
[2017-09-13 15:43:00][info] k:total_fee=>498000
[2017-09-13 15:43:00][info] k:trade_type=>NATIVE
[2017-09-13 15:43:00][info] k:transaction_id=>4008982001201709131866514020
[2017-09-13 15:43:00][info] ----------------------------------------
[2017-09-13 15:43:00][info] XML_DATA222:{"appid":"wxefc029d4373dcac0","bank_type":"ICBC_DEBIT","cash_fee":"4980.00","fee_type":"CNY","is_subscribe":"N","mch_id":"1244967502","nonce_str":"7fdpaq2n0kfhxnmfyged2lzizviuvxh2","openid":"orYumuDR7Yl8AfyF9ERfi9WSIKkU","out_trade_no":"LX-17091315391743201-d","result_code":"SUCCESS","return_code":"SUCCESS","sign":"24FDD3C761EE78ACE29403629D9B346B","time_end":"20170913154300","total_fee":"4980.00","trade_type":"NATIVE","transaction_id":"4008982001201709131866514020"}
[2017-09-13 15:43:00][warn] 数据存储成功，并成功返回记录编号19040！
[2017-09-13 15:43:12][info] ----------------------------------------
[2017-09-13 15:43:12][info] XML_DATA111:[{appid=>wxefc029d4373dcac0}{bank_type=>ICBC_DEBIT}{cash_fee=>498000}{fee_type=>CNY}{is_subscribe=>N}{mch_id=>1244967502}{nonce_str=>7fdpaq2n0kfhxnmfyged2lzizviuvxh2}{openid=>orYumuDR7Yl8AfyF9ERfi9WSIKkU}{out_trade_no=>LX-17091315391743201-d}{result_code=>SUCCESS}{return_code=>SUCCESS}{sign=>24FDD3C761EE78ACE29403629D9B346B}{time_end=>20170913154300}{total_fee=>498000}{trade_type=>NATIVE}{transaction_id=>4008982001201709131866514020}]
[2017-09-13 15:43:12][info] k:appid=>wxefc029d4373dcac0
[2017-09-13 15:43:12][info] k:bank_type=>ICBC_DEBIT
[2017-09-13 15:43:12][info] k:cash_fee=>498000
[2017-09-13 15:43:12][info] k:fee_type=>CNY
[2017-09-13 15:43:12][info] k:is_subscribe=>N
[2017-09-13 15:43:12][info] k:mch_id=>1244967502
[2017-09-13 15:43:12][info] k:nonce_str=>7fdpaq2n0kfhxnmfyged2lzizviuvxh2
[2017-09-13 15:43:12][info] k:openid=>orYumuDR7Yl8AfyF9ERfi9WSIKkU
[2017-09-13 15:43:12][info] k:out_trade_no=>LX-17091315391743201-d
[2017-09-13 15:43:12][info] k:result_code=>SUCCESS
[2017-09-13 15:43:12][info] k:return_code=>SUCCESS
[2017-09-13 15:43:12][info] k:sign=>24FDD3C761EE78ACE29403629D9B346B
[2017-09-13 15:43:12][info] k:time_end=>20170913154300
[2017-09-13 15:43:12][info] k:total_fee=>498000
[2017-09-13 15:43:12][info] k:trade_type=>NATIVE
[2017-09-13 15:43:12][info] k:transaction_id=>4008982001201709131866514020
[2017-09-13 15:43:12][info] ----------------------------------------
[2017-09-13 15:43:12][info] XML_DATA222:{"appid":"wxefc029d4373dcac0","bank_type":"ICBC_DEBIT","cash_fee":"4980.00","fee_type":"CNY","is_subscribe":"N","mch_id":"1244967502","nonce_str":"7fdpaq2n0kfhxnmfyged2lzizviuvxh2","openid":"orYumuDR7Yl8AfyF9ERfi9WSIKkU","out_trade_no":"LX-17091315391743201-d","result_code":"SUCCESS","return_code":"SUCCESS","sign":"24FDD3C761EE78ACE29403629D9B346B","time_end":"20170913154300","total_fee":"4980.00","trade_type":"NATIVE","transaction_id":"4008982001201709131866514020"}
[2017-09-13 15:43:12][info] 收到重复信息，并处理反馈成功！
[2017-09-13 15:43:12][info] success
[2017-09-13 15:43:12][info] 写入结束!!!
[2017-09-13 16:06:56][info] ----------------------------------------
[2017-09-13 16:06:56][info] XML_DATA111:[{appid=>wxefc029d4373dcac0}{bank_type=>ABC_DEBIT}{cash_fee=>261900}{fee_type=>CNY}{is_subscribe=>N}{mch_id=>1244967502}{nonce_str=>lgqb2p8h7zi0kxyng1dhguyduipglpa5}{openid=>orYumuMRNU9pCdiBgIDmxor9dWYE}{out_trade_no=>LX-17091315521879301-0}{result_code=>SUCCESS}{return_code=>SUCCESS}{sign=>8E260F69E992B47D413CAFD03F95FB68}{time_end=>20170913160655}{total_fee=>261900}{trade_type=>NATIVE}{transaction_id=>4006582001201709131869269780}]
[2017-09-13 16:06:56][info] k:appid=>wxefc029d4373dcac0
[2017-09-13 16:06:56][info] k:bank_type=>ABC_DEBIT
[2017-09-13 16:06:56][info] k:cash_fee=>261900
[2017-09-13 16:06:56][info] k:fee_type=>CNY
[2017-09-13 16:06:56][info] k:is_subscribe=>N
[2017-09-13 16:06:56][info] k:mch_id=>1244967502
[2017-09-13 16:06:56][info] k:nonce_str=>lgqb2p8h7zi0kxyng1dhguyduipglpa5
[2017-09-13 16:06:56][info] k:openid=>orYumuMRNU9pCdiBgIDmxor9dWYE
[2017-09-13 16:06:56][info] k:out_trade_no=>LX-17091315521879301-0
[2017-09-13 16:06:56][info] k:result_code=>SUCCESS
[2017-09-13 16:06:56][info] k:return_code=>SUCCESS
[2017-09-13 16:06:56][info] k:sign=>8E260F69E992B47D413CAFD03F95FB68
[2017-09-13 16:06:56][info] k:time_end=>20170913160655
[2017-09-13 16:06:56][info] k:total_fee=>261900
[2017-09-13 16:06:56][info] k:trade_type=>NATIVE
[2017-09-13 16:06:56][info] k:transaction_id=>4006582001201709131869269780
[2017-09-13 16:06:56][info] ----------------------------------------
[2017-09-13 16:06:56][info] XML_DATA222:{"appid":"wxefc029d4373dcac0","bank_type":"ABC_DEBIT","cash_fee":"2619.00","fee_type":"CNY","is_subscribe":"N","mch_id":"1244967502","nonce_str":"lgqb2p8h7zi0kxyng1dhguyduipglpa5","openid":"orYumuMRNU9pCdiBgIDmxor9dWYE","out_trade_no":"LX-17091315521879301-0","result_code":"SUCCESS","return_code":"SUCCESS","sign":"8E260F69E992B47D413CAFD03F95FB68","time_end":"20170913160655","total_fee":"2619.00","trade_type":"NATIVE","transaction_id":"4006582001201709131869269780"}
[2017-09-13 16:06:56][warn] 数据存储成功，并成功返回记录编号19041！
[2017-09-13 16:07:05][info] ----------------------------------------
[2017-09-13 16:07:05][info] XML_DATA111:[{appid=>wxefc029d4373dcac0}{bank_type=>ABC_DEBIT}{cash_fee=>261900}{fee_type=>CNY}{is_subscribe=>N}{mch_id=>1244967502}{nonce_str=>lgqb2p8h7zi0kxyng1dhguyduipglpa5}{openid=>orYumuMRNU9pCdiBgIDmxor9dWYE}{out_trade_no=>LX-17091315521879301-0}{result_code=>SUCCESS}{return_code=>SUCCESS}{sign=>8E260F69E992B47D413CAFD03F95FB68}{time_end=>20170913160655}{total_fee=>261900}{trade_type=>NATIVE}{transaction_id=>4006582001201709131869269780}]
[2017-09-13 16:07:05][info] k:appid=>wxefc029d4373dcac0
[2017-09-13 16:07:05][info] k:bank_type=>ABC_DEBIT
[2017-09-13 16:07:05][info] k:cash_fee=>261900
[2017-09-13 16:07:05][info] k:fee_type=>CNY
[2017-09-13 16:07:05][info] k:is_subscribe=>N
[2017-09-13 16:07:05][info] k:mch_id=>1244967502
[2017-09-13 16:07:05][info] k:nonce_str=>lgqb2p8h7zi0kxyng1dhguyduipglpa5
[2017-09-13 16:07:05][info] k:openid=>orYumuMRNU9pCdiBgIDmxor9dWYE
[2017-09-13 16:07:05][info] k:out_trade_no=>LX-17091315521879301-0
[2017-09-13 16:07:05][info] k:result_code=>SUCCESS
[2017-09-13 16:07:05][info] k:return_code=>SUCCESS
[2017-09-13 16:07:05][info] k:sign=>8E260F69E992B47D413CAFD03F95FB68
[2017-09-13 16:07:05][info] k:time_end=>20170913160655
[2017-09-13 16:07:05][info] k:total_fee=>261900
[2017-09-13 16:07:05][info] k:trade_type=>NATIVE
[2017-09-13 16:07:05][info] k:transaction_id=>4006582001201709131869269780
[2017-09-13 16:07:05][info] ----------------------------------------
[2017-09-13 16:07:05][info] XML_DATA222:{"appid":"wxefc029d4373dcac0","bank_type":"ABC_DEBIT","cash_fee":"2619.00","fee_type":"CNY","is_subscribe":"N","mch_id":"1244967502","nonce_str":"lgqb2p8h7zi0kxyng1dhguyduipglpa5","openid":"orYumuMRNU9pCdiBgIDmxor9dWYE","out_trade_no":"LX-17091315521879301-0","result_code":"SUCCESS","return_code":"SUCCESS","sign":"8E260F69E992B47D413CAFD03F95FB68","time_end":"20170913160655","total_fee":"2619.00","trade_type":"NATIVE","transaction_id":"4006582001201709131869269780"}
[2017-09-13 16:07:05][info] 收到重复信息，并处理反馈成功！
[2017-09-13 16:07:05][info] success
[2017-09-13 16:07:05][info] 写入结束!!!
