[2017-03-31 10:31:53][info] ----------------------------------------
[2017-03-31 10:31:53][info] XML_DATA111:[{appid=>wxefc029d4373dcac0}{bank_type=>CCB_DEBIT}{cash_fee=>358000}{fee_type=>CNY}{is_subscribe=>Y}{mch_id=>1244967502}{nonce_str=>nh5jv73xjx3fkmh9a0cmavirev5wtecn}{openid=>orYumuLFx5J1CIpOsjGfXZzD3ZAE}{out_trade_no=>LX-17031621491928706-a}{result_code=>SUCCESS}{return_code=>SUCCESS}{sign=>FCDF051DBA2487E51933ED17C58379FE}{time_end=>20170331103152}{total_fee=>358000}{trade_type=>NATIVE}{transaction_id=>4004852001201703315263219418}]
[2017-03-31 10:31:53][info] k:appid=>wxefc029d4373dcac0
[2017-03-31 10:31:53][info] k:bank_type=>CCB_DEBIT
[2017-03-31 10:31:53][info] k:cash_fee=>358000
[2017-03-31 10:31:53][info] k:fee_type=>CNY
[2017-03-31 10:31:53][info] k:is_subscribe=>Y
[2017-03-31 10:31:53][info] k:mch_id=>1244967502
[2017-03-31 10:31:53][info] k:nonce_str=>nh5jv73xjx3fkmh9a0cmavirev5wtecn
[2017-03-31 10:31:53][info] k:openid=>orYumuLFx5J1CIpOsjGfXZzD3ZAE
[2017-03-31 10:31:53][info] k:out_trade_no=>LX-17031621491928706-a
[2017-03-31 10:31:53][info] k:result_code=>SUCCESS
[2017-03-31 10:31:53][info] k:return_code=>SUCCESS
[2017-03-31 10:31:53][info] k:sign=>FCDF051DBA2487E51933ED17C58379FE
[2017-03-31 10:31:53][info] k:time_end=>20170331103152
[2017-03-31 10:31:53][info] k:total_fee=>358000
[2017-03-31 10:31:53][info] k:trade_type=>NATIVE
[2017-03-31 10:31:53][info] k:transaction_id=>4004852001201703315263219418
[2017-03-31 10:31:53][info] ----------------------------------------
[2017-03-31 10:31:53][info] XML_DATA222:{"appid":"wxefc029d4373dcac0","bank_type":"CCB_DEBIT","cash_fee":"3580.00","fee_type":"CNY","is_subscribe":"Y","mch_id":"1244967502","nonce_str":"nh5jv73xjx3fkmh9a0cmavirev5wtecn","openid":"orYumuLFx5J1CIpOsjGfXZzD3ZAE","out_trade_no":"LX-17031621491928706-a","result_code":"SUCCESS","return_code":"SUCCESS","sign":"FCDF051DBA2487E51933ED17C58379FE","time_end":"20170331103152","total_fee":"3580.00","trade_type":"NATIVE","transaction_id":"4004852001201703315263219418"}
[2017-03-31 10:31:53][warn] 数据存储成功，并成功返回记录编号17435！
[2017-03-31 10:32:09][info] ----------------------------------------
[2017-03-31 10:32:09][info] XML_DATA111:[{appid=>wxefc029d4373dcac0}{bank_type=>CCB_DEBIT}{cash_fee=>358000}{fee_type=>CNY}{is_subscribe=>Y}{mch_id=>1244967502}{nonce_str=>nh5jv73xjx3fkmh9a0cmavirev5wtecn}{openid=>orYumuLFx5J1CIpOsjGfXZzD3ZAE}{out_trade_no=>LX-17031621491928706-a}{result_code=>SUCCESS}{return_code=>SUCCESS}{sign=>FCDF051DBA2487E51933ED17C58379FE}{time_end=>20170331103152}{total_fee=>358000}{trade_type=>NATIVE}{transaction_id=>4004852001201703315263219418}]
[2017-03-31 10:32:09][info] k:appid=>wxefc029d4373dcac0
[2017-03-31 10:32:09][info] k:bank_type=>CCB_DEBIT
[2017-03-31 10:32:09][info] k:cash_fee=>358000
[2017-03-31 10:32:09][info] k:fee_type=>CNY
[2017-03-31 10:32:09][info] k:is_subscribe=>Y
[2017-03-31 10:32:09][info] k:mch_id=>1244967502
[2017-03-31 10:32:09][info] k:nonce_str=>nh5jv73xjx3fkmh9a0cmavirev5wtecn
[2017-03-31 10:32:09][info] k:openid=>orYumuLFx5J1CIpOsjGfXZzD3ZAE
[2017-03-31 10:32:09][info] k:out_trade_no=>LX-17031621491928706-a
[2017-03-31 10:32:09][info] k:result_code=>SUCCESS
[2017-03-31 10:32:09][info] k:return_code=>SUCCESS
[2017-03-31 10:32:09][info] k:sign=>FCDF051DBA2487E51933ED17C58379FE
[2017-03-31 10:32:09][info] k:time_end=>20170331103152
[2017-03-31 10:32:09][info] k:total_fee=>358000
[2017-03-31 10:32:09][info] k:trade_type=>NATIVE
[2017-03-31 10:32:09][info] k:transaction_id=>4004852001201703315263219418
[2017-03-31 10:32:09][info] ----------------------------------------
[2017-03-31 10:32:09][info] XML_DATA222:{"appid":"wxefc029d4373dcac0","bank_type":"CCB_DEBIT","cash_fee":"3580.00","fee_type":"CNY","is_subscribe":"Y","mch_id":"1244967502","nonce_str":"nh5jv73xjx3fkmh9a0cmavirev5wtecn","openid":"orYumuLFx5J1CIpOsjGfXZzD3ZAE","out_trade_no":"LX-17031621491928706-a","result_code":"SUCCESS","return_code":"SUCCESS","sign":"FCDF051DBA2487E51933ED17C58379FE","time_end":"20170331103152","total_fee":"3580.00","trade_type":"NATIVE","transaction_id":"4004852001201703315263219418"}
[2017-03-31 10:32:09][info] 收到重复信息，并处理反馈成功！
[2017-03-31 10:32:09][info] success
[2017-03-31 10:32:09][info] 写入结束!!!
