[2017-06-12 20:19:03][info] ----------------------------------------
[2017-06-12 20:19:03][info] XML_DATA111:[{appid=>wxefc029d4373dcac0}{bank_type=>CCB_DEBIT}{cash_fee=>418000}{fee_type=>CNY}{is_subscribe=>N}{mch_id=>1244967502}{nonce_str=>8sma2i9q65hr107ysnr6jsana7is63ob}{openid=>orYumuJD1Zc1jBxRCkx3qpk03Qa4}{out_trade_no=>LX-1706121242216901-5}{result_code=>SUCCESS}{return_code=>SUCCESS}{sign=>1752E21CA09185066AB371214394C39F}{time_end=>20170612201902}{total_fee=>418000}{trade_type=>NATIVE}{transaction_id=>4005022001201706125452477452}]
[2017-06-12 20:19:03][info] k:appid=>wxefc029d4373dcac0
[2017-06-12 20:19:03][info] k:bank_type=>CCB_DEBIT
[2017-06-12 20:19:03][info] k:cash_fee=>418000
[2017-06-12 20:19:03][info] k:fee_type=>CNY
[2017-06-12 20:19:03][info] k:is_subscribe=>N
[2017-06-12 20:19:03][info] k:mch_id=>1244967502
[2017-06-12 20:19:03][info] k:nonce_str=>8sma2i9q65hr107ysnr6jsana7is63ob
[2017-06-12 20:19:03][info] k:openid=>orYumuJD1Zc1jBxRCkx3qpk03Qa4
[2017-06-12 20:19:03][info] k:out_trade_no=>LX-1706121242216901-5
[2017-06-12 20:19:03][info] k:result_code=>SUCCESS
[2017-06-12 20:19:03][info] k:return_code=>SUCCESS
[2017-06-12 20:19:03][info] k:sign=>1752E21CA09185066AB371214394C39F
[2017-06-12 20:19:03][info] k:time_end=>20170612201902
[2017-06-12 20:19:03][info] k:total_fee=>418000
[2017-06-12 20:19:03][info] k:trade_type=>NATIVE
[2017-06-12 20:19:03][info] k:transaction_id=>4005022001201706125452477452
[2017-06-12 20:19:03][info] ----------------------------------------
[2017-06-12 20:19:03][info] XML_DATA222:{"appid":"wxefc029d4373dcac0","bank_type":"CCB_DEBIT","cash_fee":"4180.00","fee_type":"CNY","is_subscribe":"N","mch_id":"1244967502","nonce_str":"8sma2i9q65hr107ysnr6jsana7is63ob","openid":"orYumuJD1Zc1jBxRCkx3qpk03Qa4","out_trade_no":"LX-1706121242216901-5","result_code":"SUCCESS","return_code":"SUCCESS","sign":"1752E21CA09185066AB371214394C39F","time_end":"20170612201902","total_fee":"4180.00","trade_type":"NATIVE","transaction_id":"4005022001201706125452477452"}
[2017-06-12 20:19:04][warn] 数据存储成功，并成功返回记录编号17613！
[2017-06-12 20:19:21][info] ----------------------------------------
[2017-06-12 20:19:21][info] XML_DATA111:[{appid=>wxefc029d4373dcac0}{bank_type=>CCB_DEBIT}{cash_fee=>418000}{fee_type=>CNY}{is_subscribe=>N}{mch_id=>1244967502}{nonce_str=>8sma2i9q65hr107ysnr6jsana7is63ob}{openid=>orYumuJD1Zc1jBxRCkx3qpk03Qa4}{out_trade_no=>LX-1706121242216901-5}{result_code=>SUCCESS}{return_code=>SUCCESS}{sign=>1752E21CA09185066AB371214394C39F}{time_end=>20170612201902}{total_fee=>418000}{trade_type=>NATIVE}{transaction_id=>4005022001201706125452477452}]
[2017-06-12 20:19:21][info] k:appid=>wxefc029d4373dcac0
[2017-06-12 20:19:21][info] k:bank_type=>CCB_DEBIT
[2017-06-12 20:19:21][info] k:cash_fee=>418000
[2017-06-12 20:19:21][info] k:fee_type=>CNY
[2017-06-12 20:19:21][info] k:is_subscribe=>N
[2017-06-12 20:19:21][info] k:mch_id=>1244967502
[2017-06-12 20:19:21][info] k:nonce_str=>8sma2i9q65hr107ysnr6jsana7is63ob
[2017-06-12 20:19:21][info] k:openid=>orYumuJD1Zc1jBxRCkx3qpk03Qa4
[2017-06-12 20:19:21][info] k:out_trade_no=>LX-1706121242216901-5
[2017-06-12 20:19:21][info] k:result_code=>SUCCESS
[2017-06-12 20:19:21][info] k:return_code=>SUCCESS
[2017-06-12 20:19:21][info] k:sign=>1752E21CA09185066AB371214394C39F
[2017-06-12 20:19:21][info] k:time_end=>20170612201902
[2017-06-12 20:19:21][info] k:total_fee=>418000
[2017-06-12 20:19:21][info] k:trade_type=>NATIVE
[2017-06-12 20:19:21][info] k:transaction_id=>4005022001201706125452477452
[2017-06-12 20:19:21][info] ----------------------------------------
[2017-06-12 20:19:21][info] XML_DATA222:{"appid":"wxefc029d4373dcac0","bank_type":"CCB_DEBIT","cash_fee":"4180.00","fee_type":"CNY","is_subscribe":"N","mch_id":"1244967502","nonce_str":"8sma2i9q65hr107ysnr6jsana7is63ob","openid":"orYumuJD1Zc1jBxRCkx3qpk03Qa4","out_trade_no":"LX-1706121242216901-5","result_code":"SUCCESS","return_code":"SUCCESS","sign":"1752E21CA09185066AB371214394C39F","time_end":"20170612201902","total_fee":"4180.00","trade_type":"NATIVE","transaction_id":"4005022001201706125452477452"}
[2017-06-12 20:19:21][info] 收到重复信息，并处理反馈成功！
[2017-06-12 20:19:21][info] success
[2017-06-12 20:19:21][info] 写入结束!!!
