[2017-09-16 16:07:29][info] ----------------------------------------
[2017-09-16 16:07:29][info] XML_DATA111:[{appid=>wxefc029d4373dcac0}{bank_type=>CMB_DEBIT}{cash_fee=>1006000}{fee_type=>CNY}{is_subscribe=>Y}{mch_id=>1244967502}{nonce_str=>mul2ex86r4oi00ggzcqpwctu8xqrk3p8}{openid=>orYumuFHE6KBsj-H153TM3w0BPKI}{out_trade_no=>LX-17091612065925801-3}{result_code=>SUCCESS}{return_code=>SUCCESS}{sign=>0B0A88ACB21C0ED389D0BF2320D005ED}{time_end=>20170916160729}{total_fee=>1006000}{trade_type=>NATIVE}{transaction_id=>4002782001201709162436923058}]
[2017-09-16 16:07:29][info] k:appid=>wxefc029d4373dcac0
[2017-09-16 16:07:29][info] k:bank_type=>CMB_DEBIT
[2017-09-16 16:07:29][info] k:cash_fee=>1006000
[2017-09-16 16:07:29][info] k:fee_type=>CNY
[2017-09-16 16:07:29][info] k:is_subscribe=>Y
[2017-09-16 16:07:29][info] k:mch_id=>1244967502
[2017-09-16 16:07:29][info] k:nonce_str=>mul2ex86r4oi00ggzcqpwctu8xqrk3p8
[2017-09-16 16:07:29][info] k:openid=>orYumuFHE6KBsj-H153TM3w0BPKI
[2017-09-16 16:07:29][info] k:out_trade_no=>LX-17091612065925801-3
[2017-09-16 16:07:29][info] k:result_code=>SUCCESS
[2017-09-16 16:07:29][info] k:return_code=>SUCCESS
[2017-09-16 16:07:29][info] k:sign=>0B0A88ACB21C0ED389D0BF2320D005ED
[2017-09-16 16:07:29][info] k:time_end=>20170916160729
[2017-09-16 16:07:29][info] k:total_fee=>1006000
[2017-09-16 16:07:29][info] k:trade_type=>NATIVE
[2017-09-16 16:07:29][info] k:transaction_id=>4002782001201709162436923058
[2017-09-16 16:07:29][info] ----------------------------------------
[2017-09-16 16:07:29][info] XML_DATA222:{"appid":"wxefc029d4373dcac0","bank_type":"CMB_DEBIT","cash_fee":"10060.00","fee_type":"CNY","is_subscribe":"Y","mch_id":"1244967502","nonce_str":"mul2ex86r4oi00ggzcqpwctu8xqrk3p8","openid":"orYumuFHE6KBsj-H153TM3w0BPKI","out_trade_no":"LX-17091612065925801-3","result_code":"SUCCESS","return_code":"SUCCESS","sign":"0B0A88ACB21C0ED389D0BF2320D005ED","time_end":"20170916160729","total_fee":"10060.00","trade_type":"NATIVE","transaction_id":"4002782001201709162436923058"}
[2017-09-16 16:07:30][warn] 数据存储成功，并成功返回记录编号19075！
[2017-09-16 16:07:43][info] ----------------------------------------
[2017-09-16 16:07:43][info] XML_DATA111:[{appid=>wxefc029d4373dcac0}{bank_type=>CMB_DEBIT}{cash_fee=>1006000}{fee_type=>CNY}{is_subscribe=>Y}{mch_id=>1244967502}{nonce_str=>mul2ex86r4oi00ggzcqpwctu8xqrk3p8}{openid=>orYumuFHE6KBsj-H153TM3w0BPKI}{out_trade_no=>LX-17091612065925801-3}{result_code=>SUCCESS}{return_code=>SUCCESS}{sign=>0B0A88ACB21C0ED389D0BF2320D005ED}{time_end=>20170916160729}{total_fee=>1006000}{trade_type=>NATIVE}{transaction_id=>4002782001201709162436923058}]
[2017-09-16 16:07:43][info] k:appid=>wxefc029d4373dcac0
[2017-09-16 16:07:43][info] k:bank_type=>CMB_DEBIT
[2017-09-16 16:07:43][info] k:cash_fee=>1006000
[2017-09-16 16:07:43][info] k:fee_type=>CNY
[2017-09-16 16:07:43][info] k:is_subscribe=>Y
[2017-09-16 16:07:43][info] k:mch_id=>1244967502
[2017-09-16 16:07:43][info] k:nonce_str=>mul2ex86r4oi00ggzcqpwctu8xqrk3p8
[2017-09-16 16:07:43][info] k:openid=>orYumuFHE6KBsj-H153TM3w0BPKI
[2017-09-16 16:07:43][info] k:out_trade_no=>LX-17091612065925801-3
[2017-09-16 16:07:43][info] k:result_code=>SUCCESS
[2017-09-16 16:07:43][info] k:return_code=>SUCCESS
[2017-09-16 16:07:43][info] k:sign=>0B0A88ACB21C0ED389D0BF2320D005ED
[2017-09-16 16:07:43][info] k:time_end=>20170916160729
[2017-09-16 16:07:43][info] k:total_fee=>1006000
[2017-09-16 16:07:43][info] k:trade_type=>NATIVE
[2017-09-16 16:07:43][info] k:transaction_id=>4002782001201709162436923058
[2017-09-16 16:07:43][info] ----------------------------------------
[2017-09-16 16:07:43][info] XML_DATA222:{"appid":"wxefc029d4373dcac0","bank_type":"CMB_DEBIT","cash_fee":"10060.00","fee_type":"CNY","is_subscribe":"Y","mch_id":"1244967502","nonce_str":"mul2ex86r4oi00ggzcqpwctu8xqrk3p8","openid":"orYumuFHE6KBsj-H153TM3w0BPKI","out_trade_no":"LX-17091612065925801-3","result_code":"SUCCESS","return_code":"SUCCESS","sign":"0B0A88ACB21C0ED389D0BF2320D005ED","time_end":"20170916160729","total_fee":"10060.00","trade_type":"NATIVE","transaction_id":"4002782001201709162436923058"}
[2017-09-16 16:07:43][info] 收到重复信息，并处理反馈成功！
[2017-09-16 16:07:43][info] success
[2017-09-16 16:07:43][info] 写入结束!!!
