[2017-08-31 10:35:13][info] ----------------------------------------
[2017-08-31 10:35:13][info] XML_DATA111:[{appid=>wxefc029d4373dcac0}{bank_type=>CITIC_CREDIT}{cash_fee=>2392000}{fee_type=>CNY}{is_subscribe=>Y}{mch_id=>1244967502}{nonce_str=>3s1tgx3s5hpvev1ll8nwz6xfhuuihpr2}{openid=>orYumuPNKR9koy_fag8sBRDhxw6M}{out_trade_no=>LX-17083109002681506-8}{result_code=>SUCCESS}{return_code=>SUCCESS}{sign=>3469F984205DDE551163BCC594F8712A}{time_end=>20170831103513}{total_fee=>2392000}{trade_type=>NATIVE}{transaction_id=>4008612001201708319257631647}]
[2017-08-31 10:35:13][info] k:appid=>wxefc029d4373dcac0
[2017-08-31 10:35:13][info] k:bank_type=>CITIC_CREDIT
[2017-08-31 10:35:13][info] k:cash_fee=>2392000
[2017-08-31 10:35:13][info] k:fee_type=>CNY
[2017-08-31 10:35:13][info] k:is_subscribe=>Y
[2017-08-31 10:35:13][info] k:mch_id=>1244967502
[2017-08-31 10:35:13][info] k:nonce_str=>3s1tgx3s5hpvev1ll8nwz6xfhuuihpr2
[2017-08-31 10:35:13][info] k:openid=>orYumuPNKR9koy_fag8sBRDhxw6M
[2017-08-31 10:35:13][info] k:out_trade_no=>LX-17083109002681506-8
[2017-08-31 10:35:13][info] k:result_code=>SUCCESS
[2017-08-31 10:35:13][info] k:return_code=>SUCCESS
[2017-08-31 10:35:13][info] k:sign=>3469F984205DDE551163BCC594F8712A
[2017-08-31 10:35:13][info] k:time_end=>20170831103513
[2017-08-31 10:35:13][info] k:total_fee=>2392000
[2017-08-31 10:35:13][info] k:trade_type=>NATIVE
[2017-08-31 10:35:13][info] k:transaction_id=>4008612001201708319257631647
[2017-08-31 10:35:13][info] ----------------------------------------
[2017-08-31 10:35:13][info] XML_DATA222:{"appid":"wxefc029d4373dcac0","bank_type":"CITIC_CREDIT","cash_fee":"23920.00","fee_type":"CNY","is_subscribe":"Y","mch_id":"1244967502","nonce_str":"3s1tgx3s5hpvev1ll8nwz6xfhuuihpr2","openid":"orYumuPNKR9koy_fag8sBRDhxw6M","out_trade_no":"LX-17083109002681506-8","result_code":"SUCCESS","return_code":"SUCCESS","sign":"3469F984205DDE551163BCC594F8712A","time_end":"20170831103513","total_fee":"23920.00","trade_type":"NATIVE","transaction_id":"4008612001201708319257631647"}
[2017-08-31 10:35:14][warn] 数据存储成功，并成功返回记录编号18772！
[2017-08-31 10:35:29][info] ----------------------------------------
[2017-08-31 10:35:29][info] XML_DATA111:[{appid=>wxefc029d4373dcac0}{bank_type=>CITIC_CREDIT}{cash_fee=>2392000}{fee_type=>CNY}{is_subscribe=>Y}{mch_id=>1244967502}{nonce_str=>3s1tgx3s5hpvev1ll8nwz6xfhuuihpr2}{openid=>orYumuPNKR9koy_fag8sBRDhxw6M}{out_trade_no=>LX-17083109002681506-8}{result_code=>SUCCESS}{return_code=>SUCCESS}{sign=>3469F984205DDE551163BCC594F8712A}{time_end=>20170831103513}{total_fee=>2392000}{trade_type=>NATIVE}{transaction_id=>4008612001201708319257631647}]
[2017-08-31 10:35:29][info] k:appid=>wxefc029d4373dcac0
[2017-08-31 10:35:29][info] k:bank_type=>CITIC_CREDIT
[2017-08-31 10:35:29][info] k:cash_fee=>2392000
[2017-08-31 10:35:29][info] k:fee_type=>CNY
[2017-08-31 10:35:29][info] k:is_subscribe=>Y
[2017-08-31 10:35:29][info] k:mch_id=>1244967502
[2017-08-31 10:35:29][info] k:nonce_str=>3s1tgx3s5hpvev1ll8nwz6xfhuuihpr2
[2017-08-31 10:35:29][info] k:openid=>orYumuPNKR9koy_fag8sBRDhxw6M
[2017-08-31 10:35:29][info] k:out_trade_no=>LX-17083109002681506-8
[2017-08-31 10:35:29][info] k:result_code=>SUCCESS
[2017-08-31 10:35:29][info] k:return_code=>SUCCESS
[2017-08-31 10:35:29][info] k:sign=>3469F984205DDE551163BCC594F8712A
[2017-08-31 10:35:29][info] k:time_end=>20170831103513
[2017-08-31 10:35:29][info] k:total_fee=>2392000
[2017-08-31 10:35:29][info] k:trade_type=>NATIVE
[2017-08-31 10:35:29][info] k:transaction_id=>4008612001201708319257631647
[2017-08-31 10:35:29][info] ----------------------------------------
[2017-08-31 10:35:29][info] XML_DATA222:{"appid":"wxefc029d4373dcac0","bank_type":"CITIC_CREDIT","cash_fee":"23920.00","fee_type":"CNY","is_subscribe":"Y","mch_id":"1244967502","nonce_str":"3s1tgx3s5hpvev1ll8nwz6xfhuuihpr2","openid":"orYumuPNKR9koy_fag8sBRDhxw6M","out_trade_no":"LX-17083109002681506-8","result_code":"SUCCESS","return_code":"SUCCESS","sign":"3469F984205DDE551163BCC594F8712A","time_end":"20170831103513","total_fee":"23920.00","trade_type":"NATIVE","transaction_id":"4008612001201708319257631647"}
[2017-08-31 10:35:29][info] 收到重复信息，并处理反馈成功！
[2017-08-31 10:35:29][info] success
[2017-08-31 10:35:29][info] 写入结束!!!
