[2017-05-26 15:05:46][info] ----------------------------------------
[2017-05-26 15:05:46][info] XML_DATA111:[{appid=>wxefc029d4373dcac0}{bank_type=>CFT}{cash_fee=>1036000}{fee_type=>CNY}{is_subscribe=>N}{mch_id=>1244967502}{nonce_str=>2y4cc6wxhprbffn7p9zj7gut2xp0fwwc}{openid=>orYumuNBIqOeFZ3vDDgbiTueoD-c}{out_trade_no=>LX-17052523433360201-5}{result_code=>SUCCESS}{return_code=>SUCCESS}{sign=>BC489B0D604F32248E369DF7B412CAA8}{time_end=>20170526150545}{total_fee=>1036000}{trade_type=>NATIVE}{transaction_id=>4008712001201705262677933394}]
[2017-05-26 15:05:46][info] k:appid=>wxefc029d4373dcac0
[2017-05-26 15:05:46][info] k:bank_type=>CFT
[2017-05-26 15:05:46][info] k:cash_fee=>1036000
[2017-05-26 15:05:46][info] k:fee_type=>CNY
[2017-05-26 15:05:46][info] k:is_subscribe=>N
[2017-05-26 15:05:46][info] k:mch_id=>1244967502
[2017-05-26 15:05:46][info] k:nonce_str=>2y4cc6wxhprbffn7p9zj7gut2xp0fwwc
[2017-05-26 15:05:46][info] k:openid=>orYumuNBIqOeFZ3vDDgbiTueoD-c
[2017-05-26 15:05:46][info] k:out_trade_no=>LX-17052523433360201-5
[2017-05-26 15:05:46][info] k:result_code=>SUCCESS
[2017-05-26 15:05:46][info] k:return_code=>SUCCESS
[2017-05-26 15:05:46][info] k:sign=>BC489B0D604F32248E369DF7B412CAA8
[2017-05-26 15:05:46][info] k:time_end=>20170526150545
[2017-05-26 15:05:46][info] k:total_fee=>1036000
[2017-05-26 15:05:46][info] k:trade_type=>NATIVE
[2017-05-26 15:05:46][info] k:transaction_id=>4008712001201705262677933394
[2017-05-26 15:05:46][info] ----------------------------------------
[2017-05-26 15:05:46][info] XML_DATA222:{"appid":"wxefc029d4373dcac0","bank_type":"CFT","cash_fee":"10360.00","fee_type":"CNY","is_subscribe":"N","mch_id":"1244967502","nonce_str":"2y4cc6wxhprbffn7p9zj7gut2xp0fwwc","openid":"orYumuNBIqOeFZ3vDDgbiTueoD-c","out_trade_no":"LX-17052523433360201-5","result_code":"SUCCESS","return_code":"SUCCESS","sign":"BC489B0D604F32248E369DF7B412CAA8","time_end":"20170526150545","total_fee":"10360.00","trade_type":"NATIVE","transaction_id":"4008712001201705262677933394"}
[2017-05-26 15:05:46][warn] 数据存储成功，并成功返回记录编号17540！
[2017-05-26 15:05:59][info] ----------------------------------------
[2017-05-26 15:05:59][info] XML_DATA111:[{appid=>wxefc029d4373dcac0}{bank_type=>CFT}{cash_fee=>1036000}{fee_type=>CNY}{is_subscribe=>N}{mch_id=>1244967502}{nonce_str=>2y4cc6wxhprbffn7p9zj7gut2xp0fwwc}{openid=>orYumuNBIqOeFZ3vDDgbiTueoD-c}{out_trade_no=>LX-17052523433360201-5}{result_code=>SUCCESS}{return_code=>SUCCESS}{sign=>BC489B0D604F32248E369DF7B412CAA8}{time_end=>20170526150545}{total_fee=>1036000}{trade_type=>NATIVE}{transaction_id=>4008712001201705262677933394}]
[2017-05-26 15:05:59][info] k:appid=>wxefc029d4373dcac0
[2017-05-26 15:05:59][info] k:bank_type=>CFT
[2017-05-26 15:05:59][info] k:cash_fee=>1036000
[2017-05-26 15:05:59][info] k:fee_type=>CNY
[2017-05-26 15:05:59][info] k:is_subscribe=>N
[2017-05-26 15:05:59][info] k:mch_id=>1244967502
[2017-05-26 15:05:59][info] k:nonce_str=>2y4cc6wxhprbffn7p9zj7gut2xp0fwwc
[2017-05-26 15:05:59][info] k:openid=>orYumuNBIqOeFZ3vDDgbiTueoD-c
[2017-05-26 15:05:59][info] k:out_trade_no=>LX-17052523433360201-5
[2017-05-26 15:05:59][info] k:result_code=>SUCCESS
[2017-05-26 15:05:59][info] k:return_code=>SUCCESS
[2017-05-26 15:05:59][info] k:sign=>BC489B0D604F32248E369DF7B412CAA8
[2017-05-26 15:05:59][info] k:time_end=>20170526150545
[2017-05-26 15:05:59][info] k:total_fee=>1036000
[2017-05-26 15:05:59][info] k:trade_type=>NATIVE
[2017-05-26 15:05:59][info] k:transaction_id=>4008712001201705262677933394
[2017-05-26 15:05:59][info] ----------------------------------------
[2017-05-26 15:05:59][info] XML_DATA222:{"appid":"wxefc029d4373dcac0","bank_type":"CFT","cash_fee":"10360.00","fee_type":"CNY","is_subscribe":"N","mch_id":"1244967502","nonce_str":"2y4cc6wxhprbffn7p9zj7gut2xp0fwwc","openid":"orYumuNBIqOeFZ3vDDgbiTueoD-c","out_trade_no":"LX-17052523433360201-5","result_code":"SUCCESS","return_code":"SUCCESS","sign":"BC489B0D604F32248E369DF7B412CAA8","time_end":"20170526150545","total_fee":"10360.00","trade_type":"NATIVE","transaction_id":"4008712001201705262677933394"}
[2017-05-26 15:05:59][info] 收到重复信息，并处理反馈成功！
[2017-05-26 15:05:59][info] success
[2017-05-26 15:05:59][info] 写入结束!!!
