[2017-05-04 18:16:59][info] ----------------------------------------
[2017-05-04 18:16:59][info] XML_DATA111:[{appid=>wxefc029d4373dcac0}{bank_type=>ICBC_DEBIT}{cash_fee=>518000}{fee_type=>CNY}{is_subscribe=>N}{mch_id=>1244967502}{nonce_str=>ojmj4acy7kr01mu0ktvn3eunms7sikod}{openid=>orYumuLNzUZvmuha9kg2RlwPsZRc}{out_trade_no=>LX-1705041642398401-3}{result_code=>SUCCESS}{return_code=>SUCCESS}{sign=>3E8423FE2CBC6CD2EDAEDDFEFED5507E}{time_end=>20170504181658}{total_fee=>518000}{trade_type=>NATIVE}{transaction_id=>4001522001201705049548009466}]
[2017-05-04 18:16:59][info] k:appid=>wxefc029d4373dcac0
[2017-05-04 18:16:59][info] k:bank_type=>ICBC_DEBIT
[2017-05-04 18:16:59][info] k:cash_fee=>518000
[2017-05-04 18:16:59][info] k:fee_type=>CNY
[2017-05-04 18:16:59][info] k:is_subscribe=>N
[2017-05-04 18:16:59][info] k:mch_id=>1244967502
[2017-05-04 18:16:59][info] k:nonce_str=>ojmj4acy7kr01mu0ktvn3eunms7sikod
[2017-05-04 18:16:59][info] k:openid=>orYumuLNzUZvmuha9kg2RlwPsZRc
[2017-05-04 18:16:59][info] k:out_trade_no=>LX-1705041642398401-3
[2017-05-04 18:16:59][info] k:result_code=>SUCCESS
[2017-05-04 18:16:59][info] k:return_code=>SUCCESS
[2017-05-04 18:16:59][info] k:sign=>3E8423FE2CBC6CD2EDAEDDFEFED5507E
[2017-05-04 18:16:59][info] k:time_end=>20170504181658
[2017-05-04 18:16:59][info] k:total_fee=>518000
[2017-05-04 18:16:59][info] k:trade_type=>NATIVE
[2017-05-04 18:16:59][info] k:transaction_id=>4001522001201705049548009466
[2017-05-04 18:16:59][info] ----------------------------------------
[2017-05-04 18:16:59][info] XML_DATA222:{"appid":"wxefc029d4373dcac0","bank_type":"ICBC_DEBIT","cash_fee":"5180.00","fee_type":"CNY","is_subscribe":"N","mch_id":"1244967502","nonce_str":"ojmj4acy7kr01mu0ktvn3eunms7sikod","openid":"orYumuLNzUZvmuha9kg2RlwPsZRc","out_trade_no":"LX-1705041642398401-3","result_code":"SUCCESS","return_code":"SUCCESS","sign":"3E8423FE2CBC6CD2EDAEDDFEFED5507E","time_end":"20170504181658","total_fee":"5180.00","trade_type":"NATIVE","transaction_id":"4001522001201705049548009466"}
[2017-05-04 18:16:59][warn] 数据存储成功，并成功返回记录编号17479！
[2017-05-04 18:17:10][info] ----------------------------------------
[2017-05-04 18:17:10][info] XML_DATA111:[{appid=>wxefc029d4373dcac0}{bank_type=>ICBC_DEBIT}{cash_fee=>518000}{fee_type=>CNY}{is_subscribe=>N}{mch_id=>1244967502}{nonce_str=>ojmj4acy7kr01mu0ktvn3eunms7sikod}{openid=>orYumuLNzUZvmuha9kg2RlwPsZRc}{out_trade_no=>LX-1705041642398401-3}{result_code=>SUCCESS}{return_code=>SUCCESS}{sign=>3E8423FE2CBC6CD2EDAEDDFEFED5507E}{time_end=>20170504181658}{total_fee=>518000}{trade_type=>NATIVE}{transaction_id=>4001522001201705049548009466}]
[2017-05-04 18:17:10][info] k:appid=>wxefc029d4373dcac0
[2017-05-04 18:17:10][info] k:bank_type=>ICBC_DEBIT
[2017-05-04 18:17:10][info] k:cash_fee=>518000
[2017-05-04 18:17:10][info] k:fee_type=>CNY
[2017-05-04 18:17:10][info] k:is_subscribe=>N
[2017-05-04 18:17:10][info] k:mch_id=>1244967502
[2017-05-04 18:17:10][info] k:nonce_str=>ojmj4acy7kr01mu0ktvn3eunms7sikod
[2017-05-04 18:17:10][info] k:openid=>orYumuLNzUZvmuha9kg2RlwPsZRc
[2017-05-04 18:17:10][info] k:out_trade_no=>LX-1705041642398401-3
[2017-05-04 18:17:10][info] k:result_code=>SUCCESS
[2017-05-04 18:17:10][info] k:return_code=>SUCCESS
[2017-05-04 18:17:10][info] k:sign=>3E8423FE2CBC6CD2EDAEDDFEFED5507E
[2017-05-04 18:17:10][info] k:time_end=>20170504181658
[2017-05-04 18:17:10][info] k:total_fee=>518000
[2017-05-04 18:17:10][info] k:trade_type=>NATIVE
[2017-05-04 18:17:10][info] k:transaction_id=>4001522001201705049548009466
[2017-05-04 18:17:10][info] ----------------------------------------
[2017-05-04 18:17:10][info] XML_DATA222:{"appid":"wxefc029d4373dcac0","bank_type":"ICBC_DEBIT","cash_fee":"5180.00","fee_type":"CNY","is_subscribe":"N","mch_id":"1244967502","nonce_str":"ojmj4acy7kr01mu0ktvn3eunms7sikod","openid":"orYumuLNzUZvmuha9kg2RlwPsZRc","out_trade_no":"LX-1705041642398401-3","result_code":"SUCCESS","return_code":"SUCCESS","sign":"3E8423FE2CBC6CD2EDAEDDFEFED5507E","time_end":"20170504181658","total_fee":"5180.00","trade_type":"NATIVE","transaction_id":"4001522001201705049548009466"}
[2017-05-04 18:17:11][info] 收到重复信息，并处理反馈成功！
[2017-05-04 18:17:11][info] success
[2017-05-04 18:17:11][info] 写入结束!!!
