[2017-09-11 10:30:18][info] ----------------------------------------
[2017-09-11 10:30:18][info] XML_DATA111:[{appid=>wxefc029d4373dcac0}{bank_type=>BOC_DEBIT}{cash_fee=>491150}{fee_type=>CNY}{is_subscribe=>Y}{mch_id=>1244967502}{nonce_str=>84721g4ubg9p9l17wy18fce3nd4sif1j}{openid=>orYumuICKE6Han3dV1eaTD-17QJk}{out_trade_no=>LX-17090910522754206-0}{result_code=>SUCCESS}{return_code=>SUCCESS}{sign=>D53F1620E0B5487FF8AB90B59D82F555}{time_end=>20170911103017}{total_fee=>491150}{trade_type=>NATIVE}{transaction_id=>4003962001201709111448200349}]
[2017-09-11 10:30:18][info] k:appid=>wxefc029d4373dcac0
[2017-09-11 10:30:18][info] k:bank_type=>BOC_DEBIT
[2017-09-11 10:30:18][info] k:cash_fee=>491150
[2017-09-11 10:30:18][info] k:fee_type=>CNY
[2017-09-11 10:30:18][info] k:is_subscribe=>Y
[2017-09-11 10:30:18][info] k:mch_id=>1244967502
[2017-09-11 10:30:18][info] k:nonce_str=>84721g4ubg9p9l17wy18fce3nd4sif1j
[2017-09-11 10:30:18][info] k:openid=>orYumuICKE6Han3dV1eaTD-17QJk
[2017-09-11 10:30:18][info] k:out_trade_no=>LX-17090910522754206-0
[2017-09-11 10:30:18][info] k:result_code=>SUCCESS
[2017-09-11 10:30:18][info] k:return_code=>SUCCESS
[2017-09-11 10:30:18][info] k:sign=>D53F1620E0B5487FF8AB90B59D82F555
[2017-09-11 10:30:18][info] k:time_end=>20170911103017
[2017-09-11 10:30:18][info] k:total_fee=>491150
[2017-09-11 10:30:18][info] k:trade_type=>NATIVE
[2017-09-11 10:30:18][info] k:transaction_id=>4003962001201709111448200349
[2017-09-11 10:30:18][info] ----------------------------------------
[2017-09-11 10:30:18][info] XML_DATA222:{"appid":"wxefc029d4373dcac0","bank_type":"BOC_DEBIT","cash_fee":"4911.50","fee_type":"CNY","is_subscribe":"Y","mch_id":"1244967502","nonce_str":"84721g4ubg9p9l17wy18fce3nd4sif1j","openid":"orYumuICKE6Han3dV1eaTD-17QJk","out_trade_no":"LX-17090910522754206-0","result_code":"SUCCESS","return_code":"SUCCESS","sign":"D53F1620E0B5487FF8AB90B59D82F555","time_end":"20170911103017","total_fee":"4911.50","trade_type":"NATIVE","transaction_id":"4003962001201709111448200349"}
[2017-09-11 10:30:18][warn] 数据存储成功，并成功返回记录编号18997！
[2017-09-11 10:30:33][info] ----------------------------------------
[2017-09-11 10:30:33][info] XML_DATA111:[{appid=>wxefc029d4373dcac0}{bank_type=>BOC_DEBIT}{cash_fee=>491150}{fee_type=>CNY}{is_subscribe=>Y}{mch_id=>1244967502}{nonce_str=>84721g4ubg9p9l17wy18fce3nd4sif1j}{openid=>orYumuICKE6Han3dV1eaTD-17QJk}{out_trade_no=>LX-17090910522754206-0}{result_code=>SUCCESS}{return_code=>SUCCESS}{sign=>D53F1620E0B5487FF8AB90B59D82F555}{time_end=>20170911103017}{total_fee=>491150}{trade_type=>NATIVE}{transaction_id=>4003962001201709111448200349}]
[2017-09-11 10:30:33][info] k:appid=>wxefc029d4373dcac0
[2017-09-11 10:30:33][info] k:bank_type=>BOC_DEBIT
[2017-09-11 10:30:33][info] k:cash_fee=>491150
[2017-09-11 10:30:33][info] k:fee_type=>CNY
[2017-09-11 10:30:33][info] k:is_subscribe=>Y
[2017-09-11 10:30:33][info] k:mch_id=>1244967502
[2017-09-11 10:30:33][info] k:nonce_str=>84721g4ubg9p9l17wy18fce3nd4sif1j
[2017-09-11 10:30:33][info] k:openid=>orYumuICKE6Han3dV1eaTD-17QJk
[2017-09-11 10:30:33][info] k:out_trade_no=>LX-17090910522754206-0
[2017-09-11 10:30:33][info] k:result_code=>SUCCESS
[2017-09-11 10:30:33][info] k:return_code=>SUCCESS
[2017-09-11 10:30:33][info] k:sign=>D53F1620E0B5487FF8AB90B59D82F555
[2017-09-11 10:30:33][info] k:time_end=>20170911103017
[2017-09-11 10:30:33][info] k:total_fee=>491150
[2017-09-11 10:30:33][info] k:trade_type=>NATIVE
[2017-09-11 10:30:33][info] k:transaction_id=>4003962001201709111448200349
[2017-09-11 10:30:33][info] ----------------------------------------
[2017-09-11 10:30:33][info] XML_DATA222:{"appid":"wxefc029d4373dcac0","bank_type":"BOC_DEBIT","cash_fee":"4911.50","fee_type":"CNY","is_subscribe":"Y","mch_id":"1244967502","nonce_str":"84721g4ubg9p9l17wy18fce3nd4sif1j","openid":"orYumuICKE6Han3dV1eaTD-17QJk","out_trade_no":"LX-17090910522754206-0","result_code":"SUCCESS","return_code":"SUCCESS","sign":"D53F1620E0B5487FF8AB90B59D82F555","time_end":"20170911103017","total_fee":"4911.50","trade_type":"NATIVE","transaction_id":"4003962001201709111448200349"}
[2017-09-11 10:30:33][info] 收到重复信息，并处理反馈成功！
[2017-09-11 10:30:33][info] success
[2017-09-11 10:30:33][info] 写入结束!!!
