[2017-07-26 15:06:40][info] ----------------------------------------
[2017-07-26 15:06:40][info] XML_DATA111:[{appid=>wxefc029d4373dcac0}{bank_type=>CMB_DEBIT}{cash_fee=>1170000}{fee_type=>CNY}{is_subscribe=>N}{mch_id=>1244967502}{nonce_str=>mqss9cmkp3nk89q4yyg2t7b4k0ioafwx}{openid=>orYumuJx4C-0LfmqOsUxbSZQIL_4}{out_trade_no=>LX-17072613131066606-7}{result_code=>SUCCESS}{return_code=>SUCCESS}{sign=>625A773DCCE13B0131BF3DC2CDBBAE50}{time_end=>20170726150639}{total_fee=>1170000}{trade_type=>NATIVE}{transaction_id=>4000802001201707262757247308}]
[2017-07-26 15:06:40][info] k:appid=>wxefc029d4373dcac0
[2017-07-26 15:06:40][info] k:bank_type=>CMB_DEBIT
[2017-07-26 15:06:40][info] k:cash_fee=>1170000
[2017-07-26 15:06:40][info] k:fee_type=>CNY
[2017-07-26 15:06:40][info] k:is_subscribe=>N
[2017-07-26 15:06:40][info] k:mch_id=>1244967502
[2017-07-26 15:06:40][info] k:nonce_str=>mqss9cmkp3nk89q4yyg2t7b4k0ioafwx
[2017-07-26 15:06:40][info] k:openid=>orYumuJx4C-0LfmqOsUxbSZQIL_4
[2017-07-26 15:06:40][info] k:out_trade_no=>LX-17072613131066606-7
[2017-07-26 15:06:40][info] k:result_code=>SUCCESS
[2017-07-26 15:06:40][info] k:return_code=>SUCCESS
[2017-07-26 15:06:40][info] k:sign=>625A773DCCE13B0131BF3DC2CDBBAE50
[2017-07-26 15:06:40][info] k:time_end=>20170726150639
[2017-07-26 15:06:40][info] k:total_fee=>1170000
[2017-07-26 15:06:40][info] k:trade_type=>NATIVE
[2017-07-26 15:06:40][info] k:transaction_id=>4000802001201707262757247308
[2017-07-26 15:06:40][info] ----------------------------------------
[2017-07-26 15:06:40][info] XML_DATA222:{"appid":"wxefc029d4373dcac0","bank_type":"CMB_DEBIT","cash_fee":"11700.00","fee_type":"CNY","is_subscribe":"N","mch_id":"1244967502","nonce_str":"mqss9cmkp3nk89q4yyg2t7b4k0ioafwx","openid":"orYumuJx4C-0LfmqOsUxbSZQIL_4","out_trade_no":"LX-17072613131066606-7","result_code":"SUCCESS","return_code":"SUCCESS","sign":"625A773DCCE13B0131BF3DC2CDBBAE50","time_end":"20170726150639","total_fee":"11700.00","trade_type":"NATIVE","transaction_id":"4000802001201707262757247308"}
[2017-07-26 15:06:41][warn] 数据存储成功，并成功返回记录编号18268！
[2017-07-26 15:06:51][info] ----------------------------------------
[2017-07-26 15:06:51][info] XML_DATA111:[{appid=>wxefc029d4373dcac0}{bank_type=>CMB_DEBIT}{cash_fee=>1170000}{fee_type=>CNY}{is_subscribe=>N}{mch_id=>1244967502}{nonce_str=>mqss9cmkp3nk89q4yyg2t7b4k0ioafwx}{openid=>orYumuJx4C-0LfmqOsUxbSZQIL_4}{out_trade_no=>LX-17072613131066606-7}{result_code=>SUCCESS}{return_code=>SUCCESS}{sign=>625A773DCCE13B0131BF3DC2CDBBAE50}{time_end=>20170726150639}{total_fee=>1170000}{trade_type=>NATIVE}{transaction_id=>4000802001201707262757247308}]
[2017-07-26 15:06:51][info] k:appid=>wxefc029d4373dcac0
[2017-07-26 15:06:51][info] k:bank_type=>CMB_DEBIT
[2017-07-26 15:06:51][info] k:cash_fee=>1170000
[2017-07-26 15:06:51][info] k:fee_type=>CNY
[2017-07-26 15:06:51][info] k:is_subscribe=>N
[2017-07-26 15:06:51][info] k:mch_id=>1244967502
[2017-07-26 15:06:51][info] k:nonce_str=>mqss9cmkp3nk89q4yyg2t7b4k0ioafwx
[2017-07-26 15:06:51][info] k:openid=>orYumuJx4C-0LfmqOsUxbSZQIL_4
[2017-07-26 15:06:51][info] k:out_trade_no=>LX-17072613131066606-7
[2017-07-26 15:06:51][info] k:result_code=>SUCCESS
[2017-07-26 15:06:51][info] k:return_code=>SUCCESS
[2017-07-26 15:06:51][info] k:sign=>625A773DCCE13B0131BF3DC2CDBBAE50
[2017-07-26 15:06:51][info] k:time_end=>20170726150639
[2017-07-26 15:06:51][info] k:total_fee=>1170000
[2017-07-26 15:06:51][info] k:trade_type=>NATIVE
[2017-07-26 15:06:51][info] k:transaction_id=>4000802001201707262757247308
[2017-07-26 15:06:51][info] ----------------------------------------
[2017-07-26 15:06:51][info] XML_DATA222:{"appid":"wxefc029d4373dcac0","bank_type":"CMB_DEBIT","cash_fee":"11700.00","fee_type":"CNY","is_subscribe":"N","mch_id":"1244967502","nonce_str":"mqss9cmkp3nk89q4yyg2t7b4k0ioafwx","openid":"orYumuJx4C-0LfmqOsUxbSZQIL_4","out_trade_no":"LX-17072613131066606-7","result_code":"SUCCESS","return_code":"SUCCESS","sign":"625A773DCCE13B0131BF3DC2CDBBAE50","time_end":"20170726150639","total_fee":"11700.00","trade_type":"NATIVE","transaction_id":"4000802001201707262757247308"}
[2017-07-26 15:06:51][info] 收到重复信息，并处理反馈成功！
[2017-07-26 15:06:51][info] success
[2017-07-26 15:06:51][info] 写入结束!!!
[2017-07-26 15:39:37][info] ----------------------------------------
[2017-07-26 15:39:37][info] XML_DATA111:[{appid=>wxefc029d4373dcac0}{bank_type=>CCB_DEBIT}{cash_fee=>469000}{fee_type=>CNY}{is_subscribe=>Y}{mch_id=>1244967502}{nonce_str=>j4q2qhxgl8e3omfa94u4asih8iwmol34}{openid=>orYumuEFPgoYpdQuh34F0I_QKeIk}{out_trade_no=>LX-17072615002492006-8}{result_code=>SUCCESS}{return_code=>SUCCESS}{sign=>C05AAE98F6763BEF8D63A3E1E20646F4}{time_end=>20170726153937}{total_fee=>469000}{trade_type=>NATIVE}{transaction_id=>4008932001201707262760260005}]
[2017-07-26 15:39:37][info] k:appid=>wxefc029d4373dcac0
[2017-07-26 15:39:37][info] k:bank_type=>CCB_DEBIT
[2017-07-26 15:39:37][info] k:cash_fee=>469000
[2017-07-26 15:39:37][info] k:fee_type=>CNY
[2017-07-26 15:39:37][info] k:is_subscribe=>Y
[2017-07-26 15:39:37][info] k:mch_id=>1244967502
[2017-07-26 15:39:37][info] k:nonce_str=>j4q2qhxgl8e3omfa94u4asih8iwmol34
[2017-07-26 15:39:37][info] k:openid=>orYumuEFPgoYpdQuh34F0I_QKeIk
[2017-07-26 15:39:37][info] k:out_trade_no=>LX-17072615002492006-8
[2017-07-26 15:39:37][info] k:result_code=>SUCCESS
[2017-07-26 15:39:37][info] k:return_code=>SUCCESS
[2017-07-26 15:39:37][info] k:sign=>C05AAE98F6763BEF8D63A3E1E20646F4
[2017-07-26 15:39:37][info] k:time_end=>20170726153937
[2017-07-26 15:39:37][info] k:total_fee=>469000
[2017-07-26 15:39:37][info] k:trade_type=>NATIVE
[2017-07-26 15:39:37][info] k:transaction_id=>4008932001201707262760260005
[2017-07-26 15:39:37][info] ----------------------------------------
[2017-07-26 15:39:37][info] XML_DATA222:{"appid":"wxefc029d4373dcac0","bank_type":"CCB_DEBIT","cash_fee":"4690.00","fee_type":"CNY","is_subscribe":"Y","mch_id":"1244967502","nonce_str":"j4q2qhxgl8e3omfa94u4asih8iwmol34","openid":"orYumuEFPgoYpdQuh34F0I_QKeIk","out_trade_no":"LX-17072615002492006-8","result_code":"SUCCESS","return_code":"SUCCESS","sign":"C05AAE98F6763BEF8D63A3E1E20646F4","time_end":"20170726153937","total_fee":"4690.00","trade_type":"NATIVE","transaction_id":"4008932001201707262760260005"}
[2017-07-26 15:39:37][warn] 数据存储成功，并成功返回记录编号18272！
[2017-07-26 15:39:53][info] ----------------------------------------
[2017-07-26 15:39:53][info] XML_DATA111:[{appid=>wxefc029d4373dcac0}{bank_type=>CCB_DEBIT}{cash_fee=>469000}{fee_type=>CNY}{is_subscribe=>Y}{mch_id=>1244967502}{nonce_str=>j4q2qhxgl8e3omfa94u4asih8iwmol34}{openid=>orYumuEFPgoYpdQuh34F0I_QKeIk}{out_trade_no=>LX-17072615002492006-8}{result_code=>SUCCESS}{return_code=>SUCCESS}{sign=>C05AAE98F6763BEF8D63A3E1E20646F4}{time_end=>20170726153937}{total_fee=>469000}{trade_type=>NATIVE}{transaction_id=>4008932001201707262760260005}]
[2017-07-26 15:39:53][info] k:appid=>wxefc029d4373dcac0
[2017-07-26 15:39:53][info] k:bank_type=>CCB_DEBIT
[2017-07-26 15:39:53][info] k:cash_fee=>469000
[2017-07-26 15:39:53][info] k:fee_type=>CNY
[2017-07-26 15:39:53][info] k:is_subscribe=>Y
[2017-07-26 15:39:53][info] k:mch_id=>1244967502
[2017-07-26 15:39:53][info] k:nonce_str=>j4q2qhxgl8e3omfa94u4asih8iwmol34
[2017-07-26 15:39:53][info] k:openid=>orYumuEFPgoYpdQuh34F0I_QKeIk
[2017-07-26 15:39:53][info] k:out_trade_no=>LX-17072615002492006-8
[2017-07-26 15:39:53][info] k:result_code=>SUCCESS
[2017-07-26 15:39:53][info] k:return_code=>SUCCESS
[2017-07-26 15:39:53][info] k:sign=>C05AAE98F6763BEF8D63A3E1E20646F4
[2017-07-26 15:39:53][info] k:time_end=>20170726153937
[2017-07-26 15:39:53][info] k:total_fee=>469000
[2017-07-26 15:39:53][info] k:trade_type=>NATIVE
[2017-07-26 15:39:53][info] k:transaction_id=>4008932001201707262760260005
[2017-07-26 15:39:53][info] ----------------------------------------
[2017-07-26 15:39:53][info] XML_DATA222:{"appid":"wxefc029d4373dcac0","bank_type":"CCB_DEBIT","cash_fee":"4690.00","fee_type":"CNY","is_subscribe":"Y","mch_id":"1244967502","nonce_str":"j4q2qhxgl8e3omfa94u4asih8iwmol34","openid":"orYumuEFPgoYpdQuh34F0I_QKeIk","out_trade_no":"LX-17072615002492006-8","result_code":"SUCCESS","return_code":"SUCCESS","sign":"C05AAE98F6763BEF8D63A3E1E20646F4","time_end":"20170726153937","total_fee":"4690.00","trade_type":"NATIVE","transaction_id":"4008932001201707262760260005"}
[2017-07-26 15:39:53][info] 收到重复信息，并处理反馈成功！
[2017-07-26 15:39:53][info] success
[2017-07-26 15:39:53][info] 写入结束!!!
[2017-07-26 17:51:39][info] ----------------------------------------
[2017-07-26 17:51:39][info] XML_DATA111:[{appid=>wxefc029d4373dcac0}{bank_type=>CCB_DEBIT}{cash_fee=>283988}{coupon_count=>1}{coupon_fee=>12}{coupon_fee_0=>12}{coupon_id_0=>2000000001081709239}{fee_type=>CNY}{is_subscribe=>N}{mch_id=>1244967502}{nonce_str=>vxozjhhhi18m6rbisty5ax5fetw6vgqq}{openid=>orYumuK3znWQgpauuLmy84GngZEM}{out_trade_no=>LX-1707261432282706-f}{result_code=>SUCCESS}{return_code=>SUCCESS}{sign=>76B8ED306F5404CD6255F7E94634653D}{time_end=>20170726175139}{total_fee=>284000}{trade_type=>NATIVE}{transaction_id=>4005612001201707262784988908}]
[2017-07-26 17:51:39][info] k:appid=>wxefc029d4373dcac0
[2017-07-26 17:51:39][info] k:bank_type=>CCB_DEBIT
[2017-07-26 17:51:39][info] k:cash_fee=>283988
[2017-07-26 17:51:39][info] k:coupon_count=>1
[2017-07-26 17:51:39][info] k:coupon_fee=>12
[2017-07-26 17:51:39][info] k:coupon_fee_0=>12
[2017-07-26 17:51:39][info] k:coupon_id_0=>2000000001081709239
[2017-07-26 17:51:39][info] k:fee_type=>CNY
[2017-07-26 17:51:39][info] k:is_subscribe=>N
[2017-07-26 17:51:39][info] k:mch_id=>1244967502
[2017-07-26 17:51:39][info] k:nonce_str=>vxozjhhhi18m6rbisty5ax5fetw6vgqq
[2017-07-26 17:51:39][info] k:openid=>orYumuK3znWQgpauuLmy84GngZEM
[2017-07-26 17:51:39][info] k:out_trade_no=>LX-1707261432282706-f
[2017-07-26 17:51:39][info] k:result_code=>SUCCESS
[2017-07-26 17:51:39][info] k:return_code=>SUCCESS
[2017-07-26 17:51:39][info] k:sign=>76B8ED306F5404CD6255F7E94634653D
[2017-07-26 17:51:39][info] k:time_end=>20170726175139
[2017-07-26 17:51:39][info] k:total_fee=>284000
[2017-07-26 17:51:39][info] k:trade_type=>NATIVE
[2017-07-26 17:51:39][info] k:transaction_id=>4005612001201707262784988908
[2017-07-26 17:51:39][info] ----------------------------------------
[2017-07-26 17:51:39][info] XML_DATA222:{"appid":"wxefc029d4373dcac0","bank_type":"CCB_DEBIT","cash_fee":"2839.88","coupon_count":"1","coupon_fee":"12","coupon_fee_0":"12","coupon_id_0":"2000000001081709239","fee_type":"CNY","is_subscribe":"N","mch_id":"1244967502","nonce_str":"vxozjhhhi18m6rbisty5ax5fetw6vgqq","openid":"orYumuK3znWQgpauuLmy84GngZEM","out_trade_no":"LX-1707261432282706-f","result_code":"SUCCESS","return_code":"SUCCESS","sign":"76B8ED306F5404CD6255F7E94634653D","time_end":"20170726175139","total_fee":"2840.00","trade_type":"NATIVE","transaction_id":"4005612001201707262784988908"}
[2017-07-26 17:51:40][warn] 数据存储成功，并成功返回记录编号18277！
[2017-07-26 17:51:54][info] ----------------------------------------
[2017-07-26 17:51:54][info] XML_DATA111:[{appid=>wxefc029d4373dcac0}{bank_type=>CCB_DEBIT}{cash_fee=>283988}{coupon_count=>1}{coupon_fee=>12}{coupon_fee_0=>12}{coupon_id_0=>2000000001081709239}{fee_type=>CNY}{is_subscribe=>N}{mch_id=>1244967502}{nonce_str=>vxozjhhhi18m6rbisty5ax5fetw6vgqq}{openid=>orYumuK3znWQgpauuLmy84GngZEM}{out_trade_no=>LX-1707261432282706-f}{result_code=>SUCCESS}{return_code=>SUCCESS}{sign=>76B8ED306F5404CD6255F7E94634653D}{time_end=>20170726175139}{total_fee=>284000}{trade_type=>NATIVE}{transaction_id=>4005612001201707262784988908}]
[2017-07-26 17:51:54][info] k:appid=>wxefc029d4373dcac0
[2017-07-26 17:51:54][info] k:bank_type=>CCB_DEBIT
[2017-07-26 17:51:54][info] k:cash_fee=>283988
[2017-07-26 17:51:54][info] k:coupon_count=>1
[2017-07-26 17:51:54][info] k:coupon_fee=>12
[2017-07-26 17:51:54][info] k:coupon_fee_0=>12
[2017-07-26 17:51:54][info] k:coupon_id_0=>2000000001081709239
[2017-07-26 17:51:54][info] k:fee_type=>CNY
[2017-07-26 17:51:54][info] k:is_subscribe=>N
[2017-07-26 17:51:54][info] k:mch_id=>1244967502
[2017-07-26 17:51:54][info] k:nonce_str=>vxozjhhhi18m6rbisty5ax5fetw6vgqq
[2017-07-26 17:51:54][info] k:openid=>orYumuK3znWQgpauuLmy84GngZEM
[2017-07-26 17:51:54][info] k:out_trade_no=>LX-1707261432282706-f
[2017-07-26 17:51:54][info] k:result_code=>SUCCESS
[2017-07-26 17:51:54][info] k:return_code=>SUCCESS
[2017-07-26 17:51:54][info] k:sign=>76B8ED306F5404CD6255F7E94634653D
[2017-07-26 17:51:54][info] k:time_end=>20170726175139
[2017-07-26 17:51:54][info] k:total_fee=>284000
[2017-07-26 17:51:54][info] k:trade_type=>NATIVE
[2017-07-26 17:51:54][info] k:transaction_id=>4005612001201707262784988908
[2017-07-26 17:51:54][info] ----------------------------------------
[2017-07-26 17:51:54][info] XML_DATA222:{"appid":"wxefc029d4373dcac0","bank_type":"CCB_DEBIT","cash_fee":"2839.88","coupon_count":"1","coupon_fee":"12","coupon_fee_0":"12","coupon_id_0":"2000000001081709239","fee_type":"CNY","is_subscribe":"N","mch_id":"1244967502","nonce_str":"vxozjhhhi18m6rbisty5ax5fetw6vgqq","openid":"orYumuK3znWQgpauuLmy84GngZEM","out_trade_no":"LX-1707261432282706-f","result_code":"SUCCESS","return_code":"SUCCESS","sign":"76B8ED306F5404CD6255F7E94634653D","time_end":"20170726175139","total_fee":"2840.00","trade_type":"NATIVE","transaction_id":"4005612001201707262784988908"}
[2017-07-26 17:51:54][info] 收到重复信息，并处理反馈成功！
[2017-07-26 17:51:54][info] success
[2017-07-26 17:51:54][info] 写入结束!!!
