[2017-06-10 17:48:34][info] ----------------------------------------
[2017-06-10 17:48:34][info] XML_DATA111:[{appid=>wxefc029d4373dcac0}{bank_type=>SPDB_CREDIT}{cash_fee=>796000}{fee_type=>CNY}{is_subscribe=>Y}{mch_id=>1244967502}{nonce_str=>bnqr8t42h8us1jebzbf3m75dnner4ci1}{openid=>orYumuFdXgI9S92bUGoGr-8KkCoc}{out_trade_no=>LX-17061017395726201-5}{result_code=>SUCCESS}{return_code=>SUCCESS}{sign=>EA51FD3892CD3E9A36C9DF2DBF6FA39A}{time_end=>20170610174833}{total_fee=>796000}{trade_type=>NATIVE}{transaction_id=>4005842001201706105141154392}]
[2017-06-10 17:48:34][info] k:appid=>wxefc029d4373dcac0
[2017-06-10 17:48:34][info] k:bank_type=>SPDB_CREDIT
[2017-06-10 17:48:34][info] k:cash_fee=>796000
[2017-06-10 17:48:34][info] k:fee_type=>CNY
[2017-06-10 17:48:34][info] k:is_subscribe=>Y
[2017-06-10 17:48:34][info] k:mch_id=>1244967502
[2017-06-10 17:48:34][info] k:nonce_str=>bnqr8t42h8us1jebzbf3m75dnner4ci1
[2017-06-10 17:48:34][info] k:openid=>orYumuFdXgI9S92bUGoGr-8KkCoc
[2017-06-10 17:48:34][info] k:out_trade_no=>LX-17061017395726201-5
[2017-06-10 17:48:34][info] k:result_code=>SUCCESS
[2017-06-10 17:48:34][info] k:return_code=>SUCCESS
[2017-06-10 17:48:34][info] k:sign=>EA51FD3892CD3E9A36C9DF2DBF6FA39A
[2017-06-10 17:48:34][info] k:time_end=>20170610174833
[2017-06-10 17:48:34][info] k:total_fee=>796000
[2017-06-10 17:48:34][info] k:trade_type=>NATIVE
[2017-06-10 17:48:34][info] k:transaction_id=>4005842001201706105141154392
[2017-06-10 17:48:34][info] ----------------------------------------
[2017-06-10 17:48:34][info] XML_DATA222:{"appid":"wxefc029d4373dcac0","bank_type":"SPDB_CREDIT","cash_fee":"7960.00","fee_type":"CNY","is_subscribe":"Y","mch_id":"1244967502","nonce_str":"bnqr8t42h8us1jebzbf3m75dnner4ci1","openid":"orYumuFdXgI9S92bUGoGr-8KkCoc","out_trade_no":"LX-17061017395726201-5","result_code":"SUCCESS","return_code":"SUCCESS","sign":"EA51FD3892CD3E9A36C9DF2DBF6FA39A","time_end":"20170610174833","total_fee":"7960.00","trade_type":"NATIVE","transaction_id":"4005842001201706105141154392"}
[2017-06-10 17:48:34][warn] 数据存储成功，并成功返回记录编号17609！
[2017-06-10 17:48:46][info] ----------------------------------------
[2017-06-10 17:48:46][info] XML_DATA111:[{appid=>wxefc029d4373dcac0}{bank_type=>SPDB_CREDIT}{cash_fee=>796000}{fee_type=>CNY}{is_subscribe=>Y}{mch_id=>1244967502}{nonce_str=>bnqr8t42h8us1jebzbf3m75dnner4ci1}{openid=>orYumuFdXgI9S92bUGoGr-8KkCoc}{out_trade_no=>LX-17061017395726201-5}{result_code=>SUCCESS}{return_code=>SUCCESS}{sign=>EA51FD3892CD3E9A36C9DF2DBF6FA39A}{time_end=>20170610174833}{total_fee=>796000}{trade_type=>NATIVE}{transaction_id=>4005842001201706105141154392}]
[2017-06-10 17:48:46][info] k:appid=>wxefc029d4373dcac0
[2017-06-10 17:48:46][info] k:bank_type=>SPDB_CREDIT
[2017-06-10 17:48:46][info] k:cash_fee=>796000
[2017-06-10 17:48:46][info] k:fee_type=>CNY
[2017-06-10 17:48:46][info] k:is_subscribe=>Y
[2017-06-10 17:48:46][info] k:mch_id=>1244967502
[2017-06-10 17:48:46][info] k:nonce_str=>bnqr8t42h8us1jebzbf3m75dnner4ci1
[2017-06-10 17:48:46][info] k:openid=>orYumuFdXgI9S92bUGoGr-8KkCoc
[2017-06-10 17:48:46][info] k:out_trade_no=>LX-17061017395726201-5
[2017-06-10 17:48:46][info] k:result_code=>SUCCESS
[2017-06-10 17:48:46][info] k:return_code=>SUCCESS
[2017-06-10 17:48:46][info] k:sign=>EA51FD3892CD3E9A36C9DF2DBF6FA39A
[2017-06-10 17:48:46][info] k:time_end=>20170610174833
[2017-06-10 17:48:46][info] k:total_fee=>796000
[2017-06-10 17:48:46][info] k:trade_type=>NATIVE
[2017-06-10 17:48:46][info] k:transaction_id=>4005842001201706105141154392
[2017-06-10 17:48:46][info] ----------------------------------------
[2017-06-10 17:48:46][info] XML_DATA222:{"appid":"wxefc029d4373dcac0","bank_type":"SPDB_CREDIT","cash_fee":"7960.00","fee_type":"CNY","is_subscribe":"Y","mch_id":"1244967502","nonce_str":"bnqr8t42h8us1jebzbf3m75dnner4ci1","openid":"orYumuFdXgI9S92bUGoGr-8KkCoc","out_trade_no":"LX-17061017395726201-5","result_code":"SUCCESS","return_code":"SUCCESS","sign":"EA51FD3892CD3E9A36C9DF2DBF6FA39A","time_end":"20170610174833","total_fee":"7960.00","trade_type":"NATIVE","transaction_id":"4005842001201706105141154392"}
[2017-06-10 17:48:46][info] 收到重复信息，并处理反馈成功！
[2017-06-10 17:48:46][info] success
[2017-06-10 17:48:46][info] 写入结束!!!
