[2017-09-10 10:05:46][info] ----------------------------------------
[2017-09-10 10:05:46][info] XML_DATA111:[{appid=>wxefc029d4373dcac0}{bank_type=>CFT}{cash_fee=>1440000}{fee_type=>CNY}{is_subscribe=>N}{mch_id=>1244967502}{nonce_str=>hawrlmc4h3tzjfwfyvzgel81c0t4bkix}{openid=>orYumuI-u1nyAc-UGNZhphp3l-9w}{out_trade_no=>LX-17091006252996306-f}{result_code=>SUCCESS}{return_code=>SUCCESS}{sign=>7A760698480ECEE1DCD8F17E703B6A8E}{time_end=>20170910100546}{total_fee=>1440000}{trade_type=>NATIVE}{transaction_id=>4001752001201709101252999032}]
[2017-09-10 10:05:46][info] k:appid=>wxefc029d4373dcac0
[2017-09-10 10:05:46][info] k:bank_type=>CFT
[2017-09-10 10:05:46][info] k:cash_fee=>1440000
[2017-09-10 10:05:46][info] k:fee_type=>CNY
[2017-09-10 10:05:46][info] k:is_subscribe=>N
[2017-09-10 10:05:46][info] k:mch_id=>1244967502
[2017-09-10 10:05:46][info] k:nonce_str=>hawrlmc4h3tzjfwfyvzgel81c0t4bkix
[2017-09-10 10:05:46][info] k:openid=>orYumuI-u1nyAc-UGNZhphp3l-9w
[2017-09-10 10:05:46][info] k:out_trade_no=>LX-17091006252996306-f
[2017-09-10 10:05:46][info] k:result_code=>SUCCESS
[2017-09-10 10:05:46][info] k:return_code=>SUCCESS
[2017-09-10 10:05:46][info] k:sign=>7A760698480ECEE1DCD8F17E703B6A8E
[2017-09-10 10:05:46][info] k:time_end=>20170910100546
[2017-09-10 10:05:46][info] k:total_fee=>1440000
[2017-09-10 10:05:46][info] k:trade_type=>NATIVE
[2017-09-10 10:05:46][info] k:transaction_id=>4001752001201709101252999032
[2017-09-10 10:05:46][info] ----------------------------------------
[2017-09-10 10:05:46][info] XML_DATA222:{"appid":"wxefc029d4373dcac0","bank_type":"CFT","cash_fee":"14400.00","fee_type":"CNY","is_subscribe":"N","mch_id":"1244967502","nonce_str":"hawrlmc4h3tzjfwfyvzgel81c0t4bkix","openid":"orYumuI-u1nyAc-UGNZhphp3l-9w","out_trade_no":"LX-17091006252996306-f","result_code":"SUCCESS","return_code":"SUCCESS","sign":"7A760698480ECEE1DCD8F17E703B6A8E","time_end":"20170910100546","total_fee":"14400.00","trade_type":"NATIVE","transaction_id":"4001752001201709101252999032"}
[2017-09-10 10:05:47][warn] 数据存储成功，并成功返回记录编号18984！
[2017-09-10 10:06:03][info] ----------------------------------------
[2017-09-10 10:06:03][info] XML_DATA111:[{appid=>wxefc029d4373dcac0}{bank_type=>CFT}{cash_fee=>1440000}{fee_type=>CNY}{is_subscribe=>N}{mch_id=>1244967502}{nonce_str=>hawrlmc4h3tzjfwfyvzgel81c0t4bkix}{openid=>orYumuI-u1nyAc-UGNZhphp3l-9w}{out_trade_no=>LX-17091006252996306-f}{result_code=>SUCCESS}{return_code=>SUCCESS}{sign=>7A760698480ECEE1DCD8F17E703B6A8E}{time_end=>20170910100546}{total_fee=>1440000}{trade_type=>NATIVE}{transaction_id=>4001752001201709101252999032}]
[2017-09-10 10:06:03][info] k:appid=>wxefc029d4373dcac0
[2017-09-10 10:06:03][info] k:bank_type=>CFT
[2017-09-10 10:06:03][info] k:cash_fee=>1440000
[2017-09-10 10:06:03][info] k:fee_type=>CNY
[2017-09-10 10:06:03][info] k:is_subscribe=>N
[2017-09-10 10:06:03][info] k:mch_id=>1244967502
[2017-09-10 10:06:03][info] k:nonce_str=>hawrlmc4h3tzjfwfyvzgel81c0t4bkix
[2017-09-10 10:06:03][info] k:openid=>orYumuI-u1nyAc-UGNZhphp3l-9w
[2017-09-10 10:06:03][info] k:out_trade_no=>LX-17091006252996306-f
[2017-09-10 10:06:03][info] k:result_code=>SUCCESS
[2017-09-10 10:06:03][info] k:return_code=>SUCCESS
[2017-09-10 10:06:03][info] k:sign=>7A760698480ECEE1DCD8F17E703B6A8E
[2017-09-10 10:06:03][info] k:time_end=>20170910100546
[2017-09-10 10:06:03][info] k:total_fee=>1440000
[2017-09-10 10:06:03][info] k:trade_type=>NATIVE
[2017-09-10 10:06:03][info] k:transaction_id=>4001752001201709101252999032
[2017-09-10 10:06:03][info] ----------------------------------------
[2017-09-10 10:06:03][info] XML_DATA222:{"appid":"wxefc029d4373dcac0","bank_type":"CFT","cash_fee":"14400.00","fee_type":"CNY","is_subscribe":"N","mch_id":"1244967502","nonce_str":"hawrlmc4h3tzjfwfyvzgel81c0t4bkix","openid":"orYumuI-u1nyAc-UGNZhphp3l-9w","out_trade_no":"LX-17091006252996306-f","result_code":"SUCCESS","return_code":"SUCCESS","sign":"7A760698480ECEE1DCD8F17E703B6A8E","time_end":"20170910100546","total_fee":"14400.00","trade_type":"NATIVE","transaction_id":"4001752001201709101252999032"}
[2017-09-10 10:06:03][info] 收到重复信息，并处理反馈成功！
[2017-09-10 10:06:03][info] success
[2017-09-10 10:06:03][info] 写入结束!!!
[2017-09-10 10:10:00][info] ----------------------------------------
[2017-09-10 10:10:00][info] XML_DATA111:[{appid=>wxefc029d4373dcac0}{bank_type=>CFT}{cash_fee=>251900}{fee_type=>CNY}{is_subscribe=>N}{mch_id=>1244967502}{nonce_str=>ia9vbcmoxwznsjf1ciojzyyotu3ns9io}{openid=>orYumuOm0IgUwBHFiLEWVYIaMWcM}{out_trade_no=>LX-1709081400296606-8}{result_code=>SUCCESS}{return_code=>SUCCESS}{sign=>7908DC3C0477E925E14514D8A864BDCA}{time_end=>20170910100959}{total_fee=>251900}{trade_type=>NATIVE}{transaction_id=>4001782001201709101256505255}]
[2017-09-10 10:10:00][info] k:appid=>wxefc029d4373dcac0
[2017-09-10 10:10:00][info] k:bank_type=>CFT
[2017-09-10 10:10:00][info] k:cash_fee=>251900
[2017-09-10 10:10:00][info] k:fee_type=>CNY
[2017-09-10 10:10:00][info] k:is_subscribe=>N
[2017-09-10 10:10:00][info] k:mch_id=>1244967502
[2017-09-10 10:10:00][info] k:nonce_str=>ia9vbcmoxwznsjf1ciojzyyotu3ns9io
[2017-09-10 10:10:00][info] k:openid=>orYumuOm0IgUwBHFiLEWVYIaMWcM
[2017-09-10 10:10:00][info] k:out_trade_no=>LX-1709081400296606-8
[2017-09-10 10:10:00][info] k:result_code=>SUCCESS
[2017-09-10 10:10:00][info] k:return_code=>SUCCESS
[2017-09-10 10:10:00][info] k:sign=>7908DC3C0477E925E14514D8A864BDCA
[2017-09-10 10:10:00][info] k:time_end=>20170910100959
[2017-09-10 10:10:00][info] k:total_fee=>251900
[2017-09-10 10:10:00][info] k:trade_type=>NATIVE
[2017-09-10 10:10:00][info] k:transaction_id=>4001782001201709101256505255
[2017-09-10 10:10:00][info] ----------------------------------------
[2017-09-10 10:10:00][info] XML_DATA222:{"appid":"wxefc029d4373dcac0","bank_type":"CFT","cash_fee":"2519.00","fee_type":"CNY","is_subscribe":"N","mch_id":"1244967502","nonce_str":"ia9vbcmoxwznsjf1ciojzyyotu3ns9io","openid":"orYumuOm0IgUwBHFiLEWVYIaMWcM","out_trade_no":"LX-1709081400296606-8","result_code":"SUCCESS","return_code":"SUCCESS","sign":"7908DC3C0477E925E14514D8A864BDCA","time_end":"20170910100959","total_fee":"2519.00","trade_type":"NATIVE","transaction_id":"4001782001201709101256505255"}
[2017-09-10 10:10:00][warn] 数据存储成功，并成功返回记录编号18986！
[2017-09-10 10:10:13][info] ----------------------------------------
[2017-09-10 10:10:13][info] XML_DATA111:[{appid=>wxefc029d4373dcac0}{bank_type=>CFT}{cash_fee=>251900}{fee_type=>CNY}{is_subscribe=>N}{mch_id=>1244967502}{nonce_str=>ia9vbcmoxwznsjf1ciojzyyotu3ns9io}{openid=>orYumuOm0IgUwBHFiLEWVYIaMWcM}{out_trade_no=>LX-1709081400296606-8}{result_code=>SUCCESS}{return_code=>SUCCESS}{sign=>7908DC3C0477E925E14514D8A864BDCA}{time_end=>20170910100959}{total_fee=>251900}{trade_type=>NATIVE}{transaction_id=>4001782001201709101256505255}]
[2017-09-10 10:10:13][info] k:appid=>wxefc029d4373dcac0
[2017-09-10 10:10:13][info] k:bank_type=>CFT
[2017-09-10 10:10:13][info] k:cash_fee=>251900
[2017-09-10 10:10:13][info] k:fee_type=>CNY
[2017-09-10 10:10:13][info] k:is_subscribe=>N
[2017-09-10 10:10:13][info] k:mch_id=>1244967502
[2017-09-10 10:10:13][info] k:nonce_str=>ia9vbcmoxwznsjf1ciojzyyotu3ns9io
[2017-09-10 10:10:13][info] k:openid=>orYumuOm0IgUwBHFiLEWVYIaMWcM
[2017-09-10 10:10:13][info] k:out_trade_no=>LX-1709081400296606-8
[2017-09-10 10:10:13][info] k:result_code=>SUCCESS
[2017-09-10 10:10:13][info] k:return_code=>SUCCESS
[2017-09-10 10:10:13][info] k:sign=>7908DC3C0477E925E14514D8A864BDCA
[2017-09-10 10:10:13][info] k:time_end=>20170910100959
[2017-09-10 10:10:13][info] k:total_fee=>251900
[2017-09-10 10:10:13][info] k:trade_type=>NATIVE
[2017-09-10 10:10:13][info] k:transaction_id=>4001782001201709101256505255
[2017-09-10 10:10:13][info] ----------------------------------------
[2017-09-10 10:10:13][info] XML_DATA222:{"appid":"wxefc029d4373dcac0","bank_type":"CFT","cash_fee":"2519.00","fee_type":"CNY","is_subscribe":"N","mch_id":"1244967502","nonce_str":"ia9vbcmoxwznsjf1ciojzyyotu3ns9io","openid":"orYumuOm0IgUwBHFiLEWVYIaMWcM","out_trade_no":"LX-1709081400296606-8","result_code":"SUCCESS","return_code":"SUCCESS","sign":"7908DC3C0477E925E14514D8A864BDCA","time_end":"20170910100959","total_fee":"2519.00","trade_type":"NATIVE","transaction_id":"4001782001201709101256505255"}
[2017-09-10 10:10:13][info] 收到重复信息，并处理反馈成功！
[2017-09-10 10:10:13][info] success
[2017-09-10 10:10:13][info] 写入结束!!!
[2017-09-10 10:43:49][info] ----------------------------------------
[2017-09-10 10:43:49][info] XML_DATA111:[{appid=>wxefc029d4373dcac0}{bank_type=>CMBC_DEBIT}{cash_fee=>368000}{fee_type=>CNY}{is_subscribe=>N}{mch_id=>1244967502}{nonce_str=>rgrjzz2b1uyei764hr78qzdhuvenuekm}{openid=>orYumuNy-GfcdhjnmXTf5ql5-nsA}{out_trade_no=>LX-17090921514594201-0}{result_code=>SUCCESS}{return_code=>SUCCESS}{sign=>8505A9ED5375B93D2FE6B8993A1B06AD}{time_end=>20170910104349}{total_fee=>368000}{trade_type=>NATIVE}{transaction_id=>4003332001201709101258879350}]
[2017-09-10 10:43:49][info] k:appid=>wxefc029d4373dcac0
[2017-09-10 10:43:49][info] k:bank_type=>CMBC_DEBIT
[2017-09-10 10:43:49][info] k:cash_fee=>368000
[2017-09-10 10:43:49][info] k:fee_type=>CNY
[2017-09-10 10:43:49][info] k:is_subscribe=>N
[2017-09-10 10:43:49][info] k:mch_id=>1244967502
[2017-09-10 10:43:49][info] k:nonce_str=>rgrjzz2b1uyei764hr78qzdhuvenuekm
[2017-09-10 10:43:49][info] k:openid=>orYumuNy-GfcdhjnmXTf5ql5-nsA
[2017-09-10 10:43:49][info] k:out_trade_no=>LX-17090921514594201-0
[2017-09-10 10:43:49][info] k:result_code=>SUCCESS
[2017-09-10 10:43:49][info] k:return_code=>SUCCESS
[2017-09-10 10:43:49][info] k:sign=>8505A9ED5375B93D2FE6B8993A1B06AD
[2017-09-10 10:43:49][info] k:time_end=>20170910104349
[2017-09-10 10:43:49][info] k:total_fee=>368000
[2017-09-10 10:43:49][info] k:trade_type=>NATIVE
[2017-09-10 10:43:49][info] k:transaction_id=>4003332001201709101258879350
[2017-09-10 10:43:49][info] ----------------------------------------
[2017-09-10 10:43:49][info] XML_DATA222:{"appid":"wxefc029d4373dcac0","bank_type":"CMBC_DEBIT","cash_fee":"3680.00","fee_type":"CNY","is_subscribe":"N","mch_id":"1244967502","nonce_str":"rgrjzz2b1uyei764hr78qzdhuvenuekm","openid":"orYumuNy-GfcdhjnmXTf5ql5-nsA","out_trade_no":"LX-17090921514594201-0","result_code":"SUCCESS","return_code":"SUCCESS","sign":"8505A9ED5375B93D2FE6B8993A1B06AD","time_end":"20170910104349","total_fee":"3680.00","trade_type":"NATIVE","transaction_id":"4003332001201709101258879350"}
[2017-09-10 10:43:50][warn] 数据存储成功，并成功返回记录编号18988！
[2017-09-10 10:44:04][info] ----------------------------------------
[2017-09-10 10:44:04][info] XML_DATA111:[{appid=>wxefc029d4373dcac0}{bank_type=>CMBC_DEBIT}{cash_fee=>368000}{fee_type=>CNY}{is_subscribe=>N}{mch_id=>1244967502}{nonce_str=>rgrjzz2b1uyei764hr78qzdhuvenuekm}{openid=>orYumuNy-GfcdhjnmXTf5ql5-nsA}{out_trade_no=>LX-17090921514594201-0}{result_code=>SUCCESS}{return_code=>SUCCESS}{sign=>8505A9ED5375B93D2FE6B8993A1B06AD}{time_end=>20170910104349}{total_fee=>368000}{trade_type=>NATIVE}{transaction_id=>4003332001201709101258879350}]
[2017-09-10 10:44:04][info] k:appid=>wxefc029d4373dcac0
[2017-09-10 10:44:04][info] k:bank_type=>CMBC_DEBIT
[2017-09-10 10:44:04][info] k:cash_fee=>368000
[2017-09-10 10:44:04][info] k:fee_type=>CNY
[2017-09-10 10:44:04][info] k:is_subscribe=>N
[2017-09-10 10:44:04][info] k:mch_id=>1244967502
[2017-09-10 10:44:04][info] k:nonce_str=>rgrjzz2b1uyei764hr78qzdhuvenuekm
[2017-09-10 10:44:04][info] k:openid=>orYumuNy-GfcdhjnmXTf5ql5-nsA
[2017-09-10 10:44:04][info] k:out_trade_no=>LX-17090921514594201-0
[2017-09-10 10:44:04][info] k:result_code=>SUCCESS
[2017-09-10 10:44:04][info] k:return_code=>SUCCESS
[2017-09-10 10:44:04][info] k:sign=>8505A9ED5375B93D2FE6B8993A1B06AD
[2017-09-10 10:44:04][info] k:time_end=>20170910104349
[2017-09-10 10:44:04][info] k:total_fee=>368000
[2017-09-10 10:44:04][info] k:trade_type=>NATIVE
[2017-09-10 10:44:04][info] k:transaction_id=>4003332001201709101258879350
[2017-09-10 10:44:04][info] ----------------------------------------
[2017-09-10 10:44:04][info] XML_DATA222:{"appid":"wxefc029d4373dcac0","bank_type":"CMBC_DEBIT","cash_fee":"3680.00","fee_type":"CNY","is_subscribe":"N","mch_id":"1244967502","nonce_str":"rgrjzz2b1uyei764hr78qzdhuvenuekm","openid":"orYumuNy-GfcdhjnmXTf5ql5-nsA","out_trade_no":"LX-17090921514594201-0","result_code":"SUCCESS","return_code":"SUCCESS","sign":"8505A9ED5375B93D2FE6B8993A1B06AD","time_end":"20170910104349","total_fee":"3680.00","trade_type":"NATIVE","transaction_id":"4003332001201709101258879350"}
[2017-09-10 10:44:04][info] 收到重复信息，并处理反馈成功！
[2017-09-10 10:44:04][info] success
[2017-09-10 10:44:04][info] 写入结束!!!
[2017-09-10 11:22:06][info] ----------------------------------------
[2017-09-10 11:22:06][info] XML_DATA111:[{appid=>wxefc029d4373dcac0}{bank_type=>CCB_DEBIT}{cash_fee=>402000}{fee_type=>CNY}{is_subscribe=>Y}{mch_id=>1244967502}{nonce_str=>gpdp8eqxgwgh938lk6g4qwg983229ale}{openid=>orYumuIw_efJX4XiIG9xnRka-45w}{out_trade_no=>LX-17090811170823906-a}{result_code=>SUCCESS}{return_code=>SUCCESS}{sign=>99CAB069CF02009EDC3F88C5125F36DD}{time_end=>20170910112206}{total_fee=>402000}{trade_type=>NATIVE}{transaction_id=>4007142001201709101263831101}]
[2017-09-10 11:22:06][info] k:appid=>wxefc029d4373dcac0
[2017-09-10 11:22:06][info] k:bank_type=>CCB_DEBIT
[2017-09-10 11:22:06][info] k:cash_fee=>402000
[2017-09-10 11:22:06][info] k:fee_type=>CNY
[2017-09-10 11:22:06][info] k:is_subscribe=>Y
[2017-09-10 11:22:06][info] k:mch_id=>1244967502
[2017-09-10 11:22:06][info] k:nonce_str=>gpdp8eqxgwgh938lk6g4qwg983229ale
[2017-09-10 11:22:06][info] k:openid=>orYumuIw_efJX4XiIG9xnRka-45w
[2017-09-10 11:22:06][info] k:out_trade_no=>LX-17090811170823906-a
[2017-09-10 11:22:06][info] k:result_code=>SUCCESS
[2017-09-10 11:22:06][info] k:return_code=>SUCCESS
[2017-09-10 11:22:06][info] k:sign=>99CAB069CF02009EDC3F88C5125F36DD
[2017-09-10 11:22:06][info] k:time_end=>20170910112206
[2017-09-10 11:22:06][info] k:total_fee=>402000
[2017-09-10 11:22:06][info] k:trade_type=>NATIVE
[2017-09-10 11:22:06][info] k:transaction_id=>4007142001201709101263831101
[2017-09-10 11:22:06][info] ----------------------------------------
[2017-09-10 11:22:06][info] XML_DATA222:{"appid":"wxefc029d4373dcac0","bank_type":"CCB_DEBIT","cash_fee":"4020.00","fee_type":"CNY","is_subscribe":"Y","mch_id":"1244967502","nonce_str":"gpdp8eqxgwgh938lk6g4qwg983229ale","openid":"orYumuIw_efJX4XiIG9xnRka-45w","out_trade_no":"LX-17090811170823906-a","result_code":"SUCCESS","return_code":"SUCCESS","sign":"99CAB069CF02009EDC3F88C5125F36DD","time_end":"20170910112206","total_fee":"4020.00","trade_type":"NATIVE","transaction_id":"4007142001201709101263831101"}
[2017-09-10 11:22:07][warn] 数据存储成功，并成功返回记录编号18993！
[2017-09-10 11:22:23][info] ----------------------------------------
[2017-09-10 11:22:23][info] XML_DATA111:[{appid=>wxefc029d4373dcac0}{bank_type=>CCB_DEBIT}{cash_fee=>402000}{fee_type=>CNY}{is_subscribe=>Y}{mch_id=>1244967502}{nonce_str=>gpdp8eqxgwgh938lk6g4qwg983229ale}{openid=>orYumuIw_efJX4XiIG9xnRka-45w}{out_trade_no=>LX-17090811170823906-a}{result_code=>SUCCESS}{return_code=>SUCCESS}{sign=>99CAB069CF02009EDC3F88C5125F36DD}{time_end=>20170910112206}{total_fee=>402000}{trade_type=>NATIVE}{transaction_id=>4007142001201709101263831101}]
[2017-09-10 11:22:23][info] k:appid=>wxefc029d4373dcac0
[2017-09-10 11:22:23][info] k:bank_type=>CCB_DEBIT
[2017-09-10 11:22:23][info] k:cash_fee=>402000
[2017-09-10 11:22:23][info] k:fee_type=>CNY
[2017-09-10 11:22:23][info] k:is_subscribe=>Y
[2017-09-10 11:22:23][info] k:mch_id=>1244967502
[2017-09-10 11:22:23][info] k:nonce_str=>gpdp8eqxgwgh938lk6g4qwg983229ale
[2017-09-10 11:22:23][info] k:openid=>orYumuIw_efJX4XiIG9xnRka-45w
[2017-09-10 11:22:23][info] k:out_trade_no=>LX-17090811170823906-a
[2017-09-10 11:22:23][info] k:result_code=>SUCCESS
[2017-09-10 11:22:23][info] k:return_code=>SUCCESS
[2017-09-10 11:22:23][info] k:sign=>99CAB069CF02009EDC3F88C5125F36DD
[2017-09-10 11:22:23][info] k:time_end=>20170910112206
[2017-09-10 11:22:23][info] k:total_fee=>402000
[2017-09-10 11:22:23][info] k:trade_type=>NATIVE
[2017-09-10 11:22:23][info] k:transaction_id=>4007142001201709101263831101
[2017-09-10 11:22:23][info] ----------------------------------------
[2017-09-10 11:22:23][info] XML_DATA222:{"appid":"wxefc029d4373dcac0","bank_type":"CCB_DEBIT","cash_fee":"4020.00","fee_type":"CNY","is_subscribe":"Y","mch_id":"1244967502","nonce_str":"gpdp8eqxgwgh938lk6g4qwg983229ale","openid":"orYumuIw_efJX4XiIG9xnRka-45w","out_trade_no":"LX-17090811170823906-a","result_code":"SUCCESS","return_code":"SUCCESS","sign":"99CAB069CF02009EDC3F88C5125F36DD","time_end":"20170910112206","total_fee":"4020.00","trade_type":"NATIVE","transaction_id":"4007142001201709101263831101"}
[2017-09-10 11:22:23][info] 收到重复信息，并处理反馈成功！
[2017-09-10 11:22:23][info] success
[2017-09-10 11:22:23][info] 写入结束!!!
[2017-09-10 12:12:41][info] ----------------------------------------
[2017-09-10 12:12:41][info] XML_DATA111:[{appid=>wxefc029d4373dcac0}{bank_type=>CMB_DEBIT}{cash_fee=>274000}{fee_type=>CNY}{is_subscribe=>Y}{mch_id=>1244967502}{nonce_str=>uz0mgi0325l9vb1ruv2a266whdta42b4}{openid=>orYumuK1u7l_Xww5Kr0WBgS1p5d4}{out_trade_no=>LX-1708221700277601-5}{result_code=>SUCCESS}{return_code=>SUCCESS}{sign=>78F4A1057BC1D3D58317F2513753CE2B}{time_end=>20170910121240}{total_fee=>274000}{trade_type=>NATIVE}{transaction_id=>4007562001201709101278628625}]
[2017-09-10 12:12:41][info] k:appid=>wxefc029d4373dcac0
[2017-09-10 12:12:41][info] k:bank_type=>CMB_DEBIT
[2017-09-10 12:12:41][info] k:cash_fee=>274000
[2017-09-10 12:12:41][info] k:fee_type=>CNY
[2017-09-10 12:12:41][info] k:is_subscribe=>Y
[2017-09-10 12:12:41][info] k:mch_id=>1244967502
[2017-09-10 12:12:41][info] k:nonce_str=>uz0mgi0325l9vb1ruv2a266whdta42b4
[2017-09-10 12:12:41][info] k:openid=>orYumuK1u7l_Xww5Kr0WBgS1p5d4
[2017-09-10 12:12:41][info] k:out_trade_no=>LX-1708221700277601-5
[2017-09-10 12:12:41][info] k:result_code=>SUCCESS
[2017-09-10 12:12:41][info] k:return_code=>SUCCESS
[2017-09-10 12:12:41][info] k:sign=>78F4A1057BC1D3D58317F2513753CE2B
[2017-09-10 12:12:41][info] k:time_end=>20170910121240
[2017-09-10 12:12:41][info] k:total_fee=>274000
[2017-09-10 12:12:41][info] k:trade_type=>NATIVE
[2017-09-10 12:12:41][info] k:transaction_id=>4007562001201709101278628625
[2017-09-10 12:12:41][info] ----------------------------------------
[2017-09-10 12:12:41][info] XML_DATA222:{"appid":"wxefc029d4373dcac0","bank_type":"CMB_DEBIT","cash_fee":"2740.00","fee_type":"CNY","is_subscribe":"Y","mch_id":"1244967502","nonce_str":"uz0mgi0325l9vb1ruv2a266whdta42b4","openid":"orYumuK1u7l_Xww5Kr0WBgS1p5d4","out_trade_no":"LX-1708221700277601-5","result_code":"SUCCESS","return_code":"SUCCESS","sign":"78F4A1057BC1D3D58317F2513753CE2B","time_end":"20170910121240","total_fee":"2740.00","trade_type":"NATIVE","transaction_id":"4007562001201709101278628625"}
[2017-09-10 12:12:41][warn] 数据存储成功，并成功返回记录编号18994！
[2017-09-10 12:12:54][info] ----------------------------------------
[2017-09-10 12:12:54][info] XML_DATA111:[{appid=>wxefc029d4373dcac0}{bank_type=>CMB_DEBIT}{cash_fee=>274000}{fee_type=>CNY}{is_subscribe=>Y}{mch_id=>1244967502}{nonce_str=>uz0mgi0325l9vb1ruv2a266whdta42b4}{openid=>orYumuK1u7l_Xww5Kr0WBgS1p5d4}{out_trade_no=>LX-1708221700277601-5}{result_code=>SUCCESS}{return_code=>SUCCESS}{sign=>78F4A1057BC1D3D58317F2513753CE2B}{time_end=>20170910121240}{total_fee=>274000}{trade_type=>NATIVE}{transaction_id=>4007562001201709101278628625}]
[2017-09-10 12:12:54][info] k:appid=>wxefc029d4373dcac0
[2017-09-10 12:12:54][info] k:bank_type=>CMB_DEBIT
[2017-09-10 12:12:54][info] k:cash_fee=>274000
[2017-09-10 12:12:54][info] k:fee_type=>CNY
[2017-09-10 12:12:54][info] k:is_subscribe=>Y
[2017-09-10 12:12:54][info] k:mch_id=>1244967502
[2017-09-10 12:12:54][info] k:nonce_str=>uz0mgi0325l9vb1ruv2a266whdta42b4
[2017-09-10 12:12:54][info] k:openid=>orYumuK1u7l_Xww5Kr0WBgS1p5d4
[2017-09-10 12:12:54][info] k:out_trade_no=>LX-1708221700277601-5
[2017-09-10 12:12:54][info] k:result_code=>SUCCESS
[2017-09-10 12:12:54][info] k:return_code=>SUCCESS
[2017-09-10 12:12:54][info] k:sign=>78F4A1057BC1D3D58317F2513753CE2B
[2017-09-10 12:12:54][info] k:time_end=>20170910121240
[2017-09-10 12:12:54][info] k:total_fee=>274000
[2017-09-10 12:12:54][info] k:trade_type=>NATIVE
[2017-09-10 12:12:54][info] k:transaction_id=>4007562001201709101278628625
[2017-09-10 12:12:54][info] ----------------------------------------
[2017-09-10 12:12:54][info] XML_DATA222:{"appid":"wxefc029d4373dcac0","bank_type":"CMB_DEBIT","cash_fee":"2740.00","fee_type":"CNY","is_subscribe":"Y","mch_id":"1244967502","nonce_str":"uz0mgi0325l9vb1ruv2a266whdta42b4","openid":"orYumuK1u7l_Xww5Kr0WBgS1p5d4","out_trade_no":"LX-1708221700277601-5","result_code":"SUCCESS","return_code":"SUCCESS","sign":"78F4A1057BC1D3D58317F2513753CE2B","time_end":"20170910121240","total_fee":"2740.00","trade_type":"NATIVE","transaction_id":"4007562001201709101278628625"}
[2017-09-10 12:12:54][info] 收到重复信息，并处理反馈成功！
[2017-09-10 12:12:54][info] success
[2017-09-10 12:12:54][info] 写入结束!!!
