[2017-06-01 10:33:12][info] ----------------------------------------
[2017-06-01 10:33:12][info] XML_DATA111:[{appid=>wxefc029d4373dcac0}{bank_type=>ABC_CREDIT}{cash_fee=>328000}{fee_type=>CNY}{is_subscribe=>Y}{mch_id=>1244967502}{nonce_str=>2jrud3vy8m82j0z6keo3vfh8p19n2br0}{openid=>orYumuM1EU5KtRu4mnlbqi1jubzM}{out_trade_no=>LX-170531222940506-3}{result_code=>SUCCESS}{return_code=>SUCCESS}{sign=>1CB7F38352A17E20F1C24E6DA6086F98}{time_end=>20170601103311}{total_fee=>328000}{trade_type=>NATIVE}{transaction_id=>4006522001201706013652593017}]
[2017-06-01 10:33:12][info] k:appid=>wxefc029d4373dcac0
[2017-06-01 10:33:12][info] k:bank_type=>ABC_CREDIT
[2017-06-01 10:33:12][info] k:cash_fee=>328000
[2017-06-01 10:33:12][info] k:fee_type=>CNY
[2017-06-01 10:33:12][info] k:is_subscribe=>Y
[2017-06-01 10:33:12][info] k:mch_id=>1244967502
[2017-06-01 10:33:12][info] k:nonce_str=>2jrud3vy8m82j0z6keo3vfh8p19n2br0
[2017-06-01 10:33:12][info] k:openid=>orYumuM1EU5KtRu4mnlbqi1jubzM
[2017-06-01 10:33:12][info] k:out_trade_no=>LX-170531222940506-3
[2017-06-01 10:33:12][info] k:result_code=>SUCCESS
[2017-06-01 10:33:12][info] k:return_code=>SUCCESS
[2017-06-01 10:33:12][info] k:sign=>1CB7F38352A17E20F1C24E6DA6086F98
[2017-06-01 10:33:12][info] k:time_end=>20170601103311
[2017-06-01 10:33:12][info] k:total_fee=>328000
[2017-06-01 10:33:12][info] k:trade_type=>NATIVE
[2017-06-01 10:33:12][info] k:transaction_id=>4006522001201706013652593017
[2017-06-01 10:33:12][info] ----------------------------------------
[2017-06-01 10:33:12][info] XML_DATA222:{"appid":"wxefc029d4373dcac0","bank_type":"ABC_CREDIT","cash_fee":"3280.00","fee_type":"CNY","is_subscribe":"Y","mch_id":"1244967502","nonce_str":"2jrud3vy8m82j0z6keo3vfh8p19n2br0","openid":"orYumuM1EU5KtRu4mnlbqi1jubzM","out_trade_no":"LX-170531222940506-3","result_code":"SUCCESS","return_code":"SUCCESS","sign":"1CB7F38352A17E20F1C24E6DA6086F98","time_end":"20170601103311","total_fee":"3280.00","trade_type":"NATIVE","transaction_id":"4006522001201706013652593017"}
[2017-06-01 10:33:12][warn] 数据存储成功，并成功返回记录编号17555！
[2017-06-01 10:33:29][info] ----------------------------------------
[2017-06-01 10:33:29][info] XML_DATA111:[{appid=>wxefc029d4373dcac0}{bank_type=>ABC_CREDIT}{cash_fee=>328000}{fee_type=>CNY}{is_subscribe=>Y}{mch_id=>1244967502}{nonce_str=>2jrud3vy8m82j0z6keo3vfh8p19n2br0}{openid=>orYumuM1EU5KtRu4mnlbqi1jubzM}{out_trade_no=>LX-170531222940506-3}{result_code=>SUCCESS}{return_code=>SUCCESS}{sign=>1CB7F38352A17E20F1C24E6DA6086F98}{time_end=>20170601103311}{total_fee=>328000}{trade_type=>NATIVE}{transaction_id=>4006522001201706013652593017}]
[2017-06-01 10:33:29][info] k:appid=>wxefc029d4373dcac0
[2017-06-01 10:33:29][info] k:bank_type=>ABC_CREDIT
[2017-06-01 10:33:29][info] k:cash_fee=>328000
[2017-06-01 10:33:29][info] k:fee_type=>CNY
[2017-06-01 10:33:29][info] k:is_subscribe=>Y
[2017-06-01 10:33:29][info] k:mch_id=>1244967502
[2017-06-01 10:33:29][info] k:nonce_str=>2jrud3vy8m82j0z6keo3vfh8p19n2br0
[2017-06-01 10:33:29][info] k:openid=>orYumuM1EU5KtRu4mnlbqi1jubzM
[2017-06-01 10:33:29][info] k:out_trade_no=>LX-170531222940506-3
[2017-06-01 10:33:29][info] k:result_code=>SUCCESS
[2017-06-01 10:33:29][info] k:return_code=>SUCCESS
[2017-06-01 10:33:29][info] k:sign=>1CB7F38352A17E20F1C24E6DA6086F98
[2017-06-01 10:33:29][info] k:time_end=>20170601103311
[2017-06-01 10:33:29][info] k:total_fee=>328000
[2017-06-01 10:33:29][info] k:trade_type=>NATIVE
[2017-06-01 10:33:29][info] k:transaction_id=>4006522001201706013652593017
[2017-06-01 10:33:29][info] ----------------------------------------
[2017-06-01 10:33:29][info] XML_DATA222:{"appid":"wxefc029d4373dcac0","bank_type":"ABC_CREDIT","cash_fee":"3280.00","fee_type":"CNY","is_subscribe":"Y","mch_id":"1244967502","nonce_str":"2jrud3vy8m82j0z6keo3vfh8p19n2br0","openid":"orYumuM1EU5KtRu4mnlbqi1jubzM","out_trade_no":"LX-170531222940506-3","result_code":"SUCCESS","return_code":"SUCCESS","sign":"1CB7F38352A17E20F1C24E6DA6086F98","time_end":"20170601103311","total_fee":"3280.00","trade_type":"NATIVE","transaction_id":"4006522001201706013652593017"}
[2017-06-01 10:33:30][info] 收到重复信息，并处理反馈成功！
[2017-06-01 10:33:30][info] success
[2017-06-01 10:33:30][info] 写入结束!!!
