[2017-06-14 11:23:55][info] ----------------------------------------
[2017-06-14 11:23:55][info] XML_DATA111:[{appid=>wxefc029d4373dcac0}{bank_type=>CMB_CREDIT}{cash_fee=>1024000}{fee_type=>CNY}{is_subscribe=>N}{mch_id=>1244967502}{nonce_str=>4n0go4arhfph82r0w2lj3n226fbedggn}{openid=>orYumuGqTVldX5RjxMzAXRsrJHk0}{out_trade_no=>LX-17052222474078901-a}{result_code=>SUCCESS}{return_code=>SUCCESS}{sign=>7ADEDF1DA81AB350D0AC1CF501E58D96}{time_end=>20170614112354}{total_fee=>1024000}{trade_type=>NATIVE}{transaction_id=>4000872001201706145658924948}]
[2017-06-14 11:23:55][info] k:appid=>wxefc029d4373dcac0
[2017-06-14 11:23:55][info] k:bank_type=>CMB_CREDIT
[2017-06-14 11:23:55][info] k:cash_fee=>1024000
[2017-06-14 11:23:55][info] k:fee_type=>CNY
[2017-06-14 11:23:55][info] k:is_subscribe=>N
[2017-06-14 11:23:55][info] k:mch_id=>1244967502
[2017-06-14 11:23:55][info] k:nonce_str=>4n0go4arhfph82r0w2lj3n226fbedggn
[2017-06-14 11:23:55][info] k:openid=>orYumuGqTVldX5RjxMzAXRsrJHk0
[2017-06-14 11:23:55][info] k:out_trade_no=>LX-17052222474078901-a
[2017-06-14 11:23:55][info] k:result_code=>SUCCESS
[2017-06-14 11:23:55][info] k:return_code=>SUCCESS
[2017-06-14 11:23:55][info] k:sign=>7ADEDF1DA81AB350D0AC1CF501E58D96
[2017-06-14 11:23:55][info] k:time_end=>20170614112354
[2017-06-14 11:23:55][info] k:total_fee=>1024000
[2017-06-14 11:23:55][info] k:trade_type=>NATIVE
[2017-06-14 11:23:55][info] k:transaction_id=>4000872001201706145658924948
[2017-06-14 11:23:55][info] ----------------------------------------
[2017-06-14 11:23:55][info] XML_DATA222:{"appid":"wxefc029d4373dcac0","bank_type":"CMB_CREDIT","cash_fee":"10240.00","fee_type":"CNY","is_subscribe":"N","mch_id":"1244967502","nonce_str":"4n0go4arhfph82r0w2lj3n226fbedggn","openid":"orYumuGqTVldX5RjxMzAXRsrJHk0","out_trade_no":"LX-17052222474078901-a","result_code":"SUCCESS","return_code":"SUCCESS","sign":"7ADEDF1DA81AB350D0AC1CF501E58D96","time_end":"20170614112354","total_fee":"10240.00","trade_type":"NATIVE","transaction_id":"4000872001201706145658924948"}
[2017-06-14 11:23:55][warn] 数据存储成功，并成功返回记录编号17626！
[2017-06-14 11:24:04][info] ----------------------------------------
[2017-06-14 11:24:04][info] XML_DATA111:[{appid=>wxefc029d4373dcac0}{bank_type=>CMB_CREDIT}{cash_fee=>1024000}{fee_type=>CNY}{is_subscribe=>N}{mch_id=>1244967502}{nonce_str=>4n0go4arhfph82r0w2lj3n226fbedggn}{openid=>orYumuGqTVldX5RjxMzAXRsrJHk0}{out_trade_no=>LX-17052222474078901-a}{result_code=>SUCCESS}{return_code=>SUCCESS}{sign=>7ADEDF1DA81AB350D0AC1CF501E58D96}{time_end=>20170614112354}{total_fee=>1024000}{trade_type=>NATIVE}{transaction_id=>4000872001201706145658924948}]
[2017-06-14 11:24:04][info] k:appid=>wxefc029d4373dcac0
[2017-06-14 11:24:04][info] k:bank_type=>CMB_CREDIT
[2017-06-14 11:24:04][info] k:cash_fee=>1024000
[2017-06-14 11:24:04][info] k:fee_type=>CNY
[2017-06-14 11:24:04][info] k:is_subscribe=>N
[2017-06-14 11:24:04][info] k:mch_id=>1244967502
[2017-06-14 11:24:04][info] k:nonce_str=>4n0go4arhfph82r0w2lj3n226fbedggn
[2017-06-14 11:24:04][info] k:openid=>orYumuGqTVldX5RjxMzAXRsrJHk0
[2017-06-14 11:24:04][info] k:out_trade_no=>LX-17052222474078901-a
[2017-06-14 11:24:04][info] k:result_code=>SUCCESS
[2017-06-14 11:24:04][info] k:return_code=>SUCCESS
[2017-06-14 11:24:04][info] k:sign=>7ADEDF1DA81AB350D0AC1CF501E58D96
[2017-06-14 11:24:04][info] k:time_end=>20170614112354
[2017-06-14 11:24:04][info] k:total_fee=>1024000
[2017-06-14 11:24:04][info] k:trade_type=>NATIVE
[2017-06-14 11:24:04][info] k:transaction_id=>4000872001201706145658924948
[2017-06-14 11:24:04][info] ----------------------------------------
[2017-06-14 11:24:04][info] XML_DATA222:{"appid":"wxefc029d4373dcac0","bank_type":"CMB_CREDIT","cash_fee":"10240.00","fee_type":"CNY","is_subscribe":"N","mch_id":"1244967502","nonce_str":"4n0go4arhfph82r0w2lj3n226fbedggn","openid":"orYumuGqTVldX5RjxMzAXRsrJHk0","out_trade_no":"LX-17052222474078901-a","result_code":"SUCCESS","return_code":"SUCCESS","sign":"7ADEDF1DA81AB350D0AC1CF501E58D96","time_end":"20170614112354","total_fee":"10240.00","trade_type":"NATIVE","transaction_id":"4000872001201706145658924948"}
[2017-06-14 11:24:05][info] 收到重复信息，并处理反馈成功！
[2017-06-14 11:24:05][info] success
[2017-06-14 11:24:05][info] 写入结束!!!
[2017-06-14 17:10:33][info] ----------------------------------------
[2017-06-14 17:10:33][info] XML_DATA111:[{appid=>wxefc029d4373dcac0}{bank_type=>CFT}{cash_fee=>288000}{fee_type=>CNY}{is_subscribe=>N}{mch_id=>1244967502}{nonce_str=>sjcnkipe3ygn8awl8gj4m5438bzpmasa}{openid=>orYumuPMx7edKsobru75EaRcCqIY}{out_trade_no=>LX-17061416433492401-2}{result_code=>SUCCESS}{return_code=>SUCCESS}{sign=>B84253D1458B5FC9510219CB4E1D888D}{time_end=>20170614171033}{total_fee=>288000}{trade_type=>NATIVE}{transaction_id=>4007282001201706145703122601}]
[2017-06-14 17:10:33][info] k:appid=>wxefc029d4373dcac0
[2017-06-14 17:10:33][info] k:bank_type=>CFT
[2017-06-14 17:10:33][info] k:cash_fee=>288000
[2017-06-14 17:10:33][info] k:fee_type=>CNY
[2017-06-14 17:10:33][info] k:is_subscribe=>N
[2017-06-14 17:10:33][info] k:mch_id=>1244967502
[2017-06-14 17:10:33][info] k:nonce_str=>sjcnkipe3ygn8awl8gj4m5438bzpmasa
[2017-06-14 17:10:33][info] k:openid=>orYumuPMx7edKsobru75EaRcCqIY
[2017-06-14 17:10:33][info] k:out_trade_no=>LX-17061416433492401-2
[2017-06-14 17:10:33][info] k:result_code=>SUCCESS
[2017-06-14 17:10:33][info] k:return_code=>SUCCESS
[2017-06-14 17:10:33][info] k:sign=>B84253D1458B5FC9510219CB4E1D888D
[2017-06-14 17:10:33][info] k:time_end=>20170614171033
[2017-06-14 17:10:33][info] k:total_fee=>288000
[2017-06-14 17:10:33][info] k:trade_type=>NATIVE
[2017-06-14 17:10:33][info] k:transaction_id=>4007282001201706145703122601
[2017-06-14 17:10:33][info] ----------------------------------------
[2017-06-14 17:10:33][info] XML_DATA222:{"appid":"wxefc029d4373dcac0","bank_type":"CFT","cash_fee":"2880.00","fee_type":"CNY","is_subscribe":"N","mch_id":"1244967502","nonce_str":"sjcnkipe3ygn8awl8gj4m5438bzpmasa","openid":"orYumuPMx7edKsobru75EaRcCqIY","out_trade_no":"LX-17061416433492401-2","result_code":"SUCCESS","return_code":"SUCCESS","sign":"B84253D1458B5FC9510219CB4E1D888D","time_end":"20170614171033","total_fee":"2880.00","trade_type":"NATIVE","transaction_id":"4007282001201706145703122601"}
[2017-06-14 17:10:34][warn] 数据存储成功，并成功返回记录编号17627！
[2017-06-14 17:10:48][info] ----------------------------------------
[2017-06-14 17:10:48][info] XML_DATA111:[{appid=>wxefc029d4373dcac0}{bank_type=>CFT}{cash_fee=>288000}{fee_type=>CNY}{is_subscribe=>N}{mch_id=>1244967502}{nonce_str=>sjcnkipe3ygn8awl8gj4m5438bzpmasa}{openid=>orYumuPMx7edKsobru75EaRcCqIY}{out_trade_no=>LX-17061416433492401-2}{result_code=>SUCCESS}{return_code=>SUCCESS}{sign=>B84253D1458B5FC9510219CB4E1D888D}{time_end=>20170614171033}{total_fee=>288000}{trade_type=>NATIVE}{transaction_id=>4007282001201706145703122601}]
[2017-06-14 17:10:48][info] k:appid=>wxefc029d4373dcac0
[2017-06-14 17:10:48][info] k:bank_type=>CFT
[2017-06-14 17:10:48][info] k:cash_fee=>288000
[2017-06-14 17:10:48][info] k:fee_type=>CNY
[2017-06-14 17:10:48][info] k:is_subscribe=>N
[2017-06-14 17:10:48][info] k:mch_id=>1244967502
[2017-06-14 17:10:48][info] k:nonce_str=>sjcnkipe3ygn8awl8gj4m5438bzpmasa
[2017-06-14 17:10:48][info] k:openid=>orYumuPMx7edKsobru75EaRcCqIY
[2017-06-14 17:10:48][info] k:out_trade_no=>LX-17061416433492401-2
[2017-06-14 17:10:48][info] k:result_code=>SUCCESS
[2017-06-14 17:10:48][info] k:return_code=>SUCCESS
[2017-06-14 17:10:48][info] k:sign=>B84253D1458B5FC9510219CB4E1D888D
[2017-06-14 17:10:48][info] k:time_end=>20170614171033
[2017-06-14 17:10:48][info] k:total_fee=>288000
[2017-06-14 17:10:48][info] k:trade_type=>NATIVE
[2017-06-14 17:10:48][info] k:transaction_id=>4007282001201706145703122601
[2017-06-14 17:10:48][info] ----------------------------------------
[2017-06-14 17:10:48][info] XML_DATA222:{"appid":"wxefc029d4373dcac0","bank_type":"CFT","cash_fee":"2880.00","fee_type":"CNY","is_subscribe":"N","mch_id":"1244967502","nonce_str":"sjcnkipe3ygn8awl8gj4m5438bzpmasa","openid":"orYumuPMx7edKsobru75EaRcCqIY","out_trade_no":"LX-17061416433492401-2","result_code":"SUCCESS","return_code":"SUCCESS","sign":"B84253D1458B5FC9510219CB4E1D888D","time_end":"20170614171033","total_fee":"2880.00","trade_type":"NATIVE","transaction_id":"4007282001201706145703122601"}
[2017-06-14 17:10:48][info] 收到重复信息，并处理反馈成功！
[2017-06-14 17:10:48][info] success
[2017-06-14 17:10:48][info] 写入结束!!!
[2017-06-14 21:22:22][info] ----------------------------------------
[2017-06-14 21:22:22][info] XML_DATA111:[{appid=>wxefc029d4373dcac0}{bank_type=>CCB_DEBIT}{cash_fee=>320000}{fee_type=>CNY}{is_subscribe=>N}{mch_id=>1244967502}{nonce_str=>6pis9123gyk79qrqpwjo58e3k65piqhl}{openid=>orYumuBQGe2kguhnRRqn2W9RlH74}{out_trade_no=>LX-17061321443217306-f}{result_code=>SUCCESS}{return_code=>SUCCESS}{sign=>E3A1DEEBFE8127EBE02F09E523C63C1A}{time_end=>20170614212222}{total_fee=>320000}{trade_type=>NATIVE}{transaction_id=>4009592001201706145738004627}]
[2017-06-14 21:22:22][info] k:appid=>wxefc029d4373dcac0
[2017-06-14 21:22:22][info] k:bank_type=>CCB_DEBIT
[2017-06-14 21:22:22][info] k:cash_fee=>320000
[2017-06-14 21:22:22][info] k:fee_type=>CNY
[2017-06-14 21:22:22][info] k:is_subscribe=>N
[2017-06-14 21:22:22][info] k:mch_id=>1244967502
[2017-06-14 21:22:22][info] k:nonce_str=>6pis9123gyk79qrqpwjo58e3k65piqhl
[2017-06-14 21:22:22][info] k:openid=>orYumuBQGe2kguhnRRqn2W9RlH74
[2017-06-14 21:22:22][info] k:out_trade_no=>LX-17061321443217306-f
[2017-06-14 21:22:22][info] k:result_code=>SUCCESS
[2017-06-14 21:22:22][info] k:return_code=>SUCCESS
[2017-06-14 21:22:22][info] k:sign=>E3A1DEEBFE8127EBE02F09E523C63C1A
[2017-06-14 21:22:22][info] k:time_end=>20170614212222
[2017-06-14 21:22:22][info] k:total_fee=>320000
[2017-06-14 21:22:22][info] k:trade_type=>NATIVE
[2017-06-14 21:22:22][info] k:transaction_id=>4009592001201706145738004627
[2017-06-14 21:22:22][info] ----------------------------------------
[2017-06-14 21:22:22][info] XML_DATA222:{"appid":"wxefc029d4373dcac0","bank_type":"CCB_DEBIT","cash_fee":"3200.00","fee_type":"CNY","is_subscribe":"N","mch_id":"1244967502","nonce_str":"6pis9123gyk79qrqpwjo58e3k65piqhl","openid":"orYumuBQGe2kguhnRRqn2W9RlH74","out_trade_no":"LX-17061321443217306-f","result_code":"SUCCESS","return_code":"SUCCESS","sign":"E3A1DEEBFE8127EBE02F09E523C63C1A","time_end":"20170614212222","total_fee":"3200.00","trade_type":"NATIVE","transaction_id":"4009592001201706145738004627"}
[2017-06-14 21:22:22][warn] 数据存储成功，并成功返回记录编号17629！
[2017-06-14 21:22:37][info] ----------------------------------------
[2017-06-14 21:22:37][info] XML_DATA111:[{appid=>wxefc029d4373dcac0}{bank_type=>CCB_DEBIT}{cash_fee=>320000}{fee_type=>CNY}{is_subscribe=>N}{mch_id=>1244967502}{nonce_str=>6pis9123gyk79qrqpwjo58e3k65piqhl}{openid=>orYumuBQGe2kguhnRRqn2W9RlH74}{out_trade_no=>LX-17061321443217306-f}{result_code=>SUCCESS}{return_code=>SUCCESS}{sign=>E3A1DEEBFE8127EBE02F09E523C63C1A}{time_end=>20170614212222}{total_fee=>320000}{trade_type=>NATIVE}{transaction_id=>4009592001201706145738004627}]
[2017-06-14 21:22:37][info] k:appid=>wxefc029d4373dcac0
[2017-06-14 21:22:37][info] k:bank_type=>CCB_DEBIT
[2017-06-14 21:22:37][info] k:cash_fee=>320000
[2017-06-14 21:22:37][info] k:fee_type=>CNY
[2017-06-14 21:22:37][info] k:is_subscribe=>N
[2017-06-14 21:22:37][info] k:mch_id=>1244967502
[2017-06-14 21:22:37][info] k:nonce_str=>6pis9123gyk79qrqpwjo58e3k65piqhl
[2017-06-14 21:22:37][info] k:openid=>orYumuBQGe2kguhnRRqn2W9RlH74
[2017-06-14 21:22:37][info] k:out_trade_no=>LX-17061321443217306-f
[2017-06-14 21:22:37][info] k:result_code=>SUCCESS
[2017-06-14 21:22:37][info] k:return_code=>SUCCESS
[2017-06-14 21:22:37][info] k:sign=>E3A1DEEBFE8127EBE02F09E523C63C1A
[2017-06-14 21:22:37][info] k:time_end=>20170614212222
[2017-06-14 21:22:37][info] k:total_fee=>320000
[2017-06-14 21:22:37][info] k:trade_type=>NATIVE
[2017-06-14 21:22:37][info] k:transaction_id=>4009592001201706145738004627
[2017-06-14 21:22:37][info] ----------------------------------------
[2017-06-14 21:22:37][info] XML_DATA222:{"appid":"wxefc029d4373dcac0","bank_type":"CCB_DEBIT","cash_fee":"3200.00","fee_type":"CNY","is_subscribe":"N","mch_id":"1244967502","nonce_str":"6pis9123gyk79qrqpwjo58e3k65piqhl","openid":"orYumuBQGe2kguhnRRqn2W9RlH74","out_trade_no":"LX-17061321443217306-f","result_code":"SUCCESS","return_code":"SUCCESS","sign":"E3A1DEEBFE8127EBE02F09E523C63C1A","time_end":"20170614212222","total_fee":"3200.00","trade_type":"NATIVE","transaction_id":"4009592001201706145738004627"}
[2017-06-14 21:22:37][info] 收到重复信息，并处理反馈成功！
[2017-06-14 21:22:37][info] success
[2017-06-14 21:22:37][info] 写入结束!!!
