[2017-06-19 13:19:29][info] ----------------------------------------
[2017-06-19 13:19:29][info] XML_DATA111:[{appid=>wxefc029d4373dcac0}{bank_type=>CFT}{cash_fee=>320000}{fee_type=>CNY}{is_subscribe=>Y}{mch_id=>1244967502}{nonce_str=>idts3isqvwqyosefnih2qch0lizbg4x5}{openid=>orYumuGBfbSZ6HLYVROLTKYGdUpI}{out_trade_no=>LX-17050623111870006-e}{result_code=>SUCCESS}{return_code=>SUCCESS}{sign=>0D28395B895BC1D11CBD00364928C7D4}{time_end=>20170619131928}{total_fee=>320000}{trade_type=>NATIVE}{transaction_id=>4005132001201706196437732926}]
[2017-06-19 13:19:29][info] k:appid=>wxefc029d4373dcac0
[2017-06-19 13:19:29][info] k:bank_type=>CFT
[2017-06-19 13:19:29][info] k:cash_fee=>320000
[2017-06-19 13:19:29][info] k:fee_type=>CNY
[2017-06-19 13:19:29][info] k:is_subscribe=>Y
[2017-06-19 13:19:29][info] k:mch_id=>1244967502
[2017-06-19 13:19:29][info] k:nonce_str=>idts3isqvwqyosefnih2qch0lizbg4x5
[2017-06-19 13:19:29][info] k:openid=>orYumuGBfbSZ6HLYVROLTKYGdUpI
[2017-06-19 13:19:29][info] k:out_trade_no=>LX-17050623111870006-e
[2017-06-19 13:19:29][info] k:result_code=>SUCCESS
[2017-06-19 13:19:29][info] k:return_code=>SUCCESS
[2017-06-19 13:19:29][info] k:sign=>0D28395B895BC1D11CBD00364928C7D4
[2017-06-19 13:19:29][info] k:time_end=>20170619131928
[2017-06-19 13:19:29][info] k:total_fee=>320000
[2017-06-19 13:19:29][info] k:trade_type=>NATIVE
[2017-06-19 13:19:29][info] k:transaction_id=>4005132001201706196437732926
[2017-06-19 13:19:29][info] ----------------------------------------
[2017-06-19 13:19:29][info] XML_DATA222:{"appid":"wxefc029d4373dcac0","bank_type":"CFT","cash_fee":"3200.00","fee_type":"CNY","is_subscribe":"Y","mch_id":"1244967502","nonce_str":"idts3isqvwqyosefnih2qch0lizbg4x5","openid":"orYumuGBfbSZ6HLYVROLTKYGdUpI","out_trade_no":"LX-17050623111870006-e","result_code":"SUCCESS","return_code":"SUCCESS","sign":"0D28395B895BC1D11CBD00364928C7D4","time_end":"20170619131928","total_fee":"3200.00","trade_type":"NATIVE","transaction_id":"4005132001201706196437732926"}
[2017-06-19 13:19:30][warn] 数据存储成功，并成功返回记录编号17657！
[2017-06-19 13:19:42][info] ----------------------------------------
[2017-06-19 13:19:42][info] XML_DATA111:[{appid=>wxefc029d4373dcac0}{bank_type=>CFT}{cash_fee=>320000}{fee_type=>CNY}{is_subscribe=>Y}{mch_id=>1244967502}{nonce_str=>idts3isqvwqyosefnih2qch0lizbg4x5}{openid=>orYumuGBfbSZ6HLYVROLTKYGdUpI}{out_trade_no=>LX-17050623111870006-e}{result_code=>SUCCESS}{return_code=>SUCCESS}{sign=>0D28395B895BC1D11CBD00364928C7D4}{time_end=>20170619131928}{total_fee=>320000}{trade_type=>NATIVE}{transaction_id=>4005132001201706196437732926}]
[2017-06-19 13:19:42][info] k:appid=>wxefc029d4373dcac0
[2017-06-19 13:19:42][info] k:bank_type=>CFT
[2017-06-19 13:19:42][info] k:cash_fee=>320000
[2017-06-19 13:19:42][info] k:fee_type=>CNY
[2017-06-19 13:19:42][info] k:is_subscribe=>Y
[2017-06-19 13:19:42][info] k:mch_id=>1244967502
[2017-06-19 13:19:42][info] k:nonce_str=>idts3isqvwqyosefnih2qch0lizbg4x5
[2017-06-19 13:19:42][info] k:openid=>orYumuGBfbSZ6HLYVROLTKYGdUpI
[2017-06-19 13:19:42][info] k:out_trade_no=>LX-17050623111870006-e
[2017-06-19 13:19:42][info] k:result_code=>SUCCESS
[2017-06-19 13:19:42][info] k:return_code=>SUCCESS
[2017-06-19 13:19:42][info] k:sign=>0D28395B895BC1D11CBD00364928C7D4
[2017-06-19 13:19:42][info] k:time_end=>20170619131928
[2017-06-19 13:19:42][info] k:total_fee=>320000
[2017-06-19 13:19:42][info] k:trade_type=>NATIVE
[2017-06-19 13:19:42][info] k:transaction_id=>4005132001201706196437732926
[2017-06-19 13:19:42][info] ----------------------------------------
[2017-06-19 13:19:42][info] XML_DATA222:{"appid":"wxefc029d4373dcac0","bank_type":"CFT","cash_fee":"3200.00","fee_type":"CNY","is_subscribe":"Y","mch_id":"1244967502","nonce_str":"idts3isqvwqyosefnih2qch0lizbg4x5","openid":"orYumuGBfbSZ6HLYVROLTKYGdUpI","out_trade_no":"LX-17050623111870006-e","result_code":"SUCCESS","return_code":"SUCCESS","sign":"0D28395B895BC1D11CBD00364928C7D4","time_end":"20170619131928","total_fee":"3200.00","trade_type":"NATIVE","transaction_id":"4005132001201706196437732926"}
[2017-06-19 13:19:43][info] 收到重复信息，并处理反馈成功！
[2017-06-19 13:19:43][info] success
[2017-06-19 13:19:43][info] 写入结束!!!
[2017-06-19 14:29:15][info] ----------------------------------------
[2017-06-19 14:29:15][info] XML_DATA111:[{appid=>wxefc029d4373dcac0}{bank_type=>CMB_DEBIT}{cash_fee=>875989}{coupon_count=>1}{coupon_fee=>11}{coupon_fee_0=>11}{coupon_id_0=>2000000000610215178}{fee_type=>CNY}{is_subscribe=>N}{mch_id=>1244967502}{nonce_str=>xeuo2tedpsnp1339k1jie1yd5uvpflqn}{openid=>orYumuG3Lh2zIpzxvkNc1fx7UkLI}{out_trade_no=>LX-17061214050239701-2}{result_code=>SUCCESS}{return_code=>SUCCESS}{sign=>E1AE80A9AA39A1739368B8683BA2A6BB}{time_end=>20170619142915}{total_fee=>876000}{trade_type=>NATIVE}{transaction_id=>4001572001201706196448440880}]
[2017-06-19 14:29:15][info] k:appid=>wxefc029d4373dcac0
[2017-06-19 14:29:15][info] k:bank_type=>CMB_DEBIT
[2017-06-19 14:29:15][info] k:cash_fee=>875989
[2017-06-19 14:29:15][info] k:coupon_count=>1
[2017-06-19 14:29:15][info] k:coupon_fee=>11
[2017-06-19 14:29:15][info] k:coupon_fee_0=>11
[2017-06-19 14:29:15][info] k:coupon_id_0=>2000000000610215178
[2017-06-19 14:29:15][info] k:fee_type=>CNY
[2017-06-19 14:29:15][info] k:is_subscribe=>N
[2017-06-19 14:29:15][info] k:mch_id=>1244967502
[2017-06-19 14:29:15][info] k:nonce_str=>xeuo2tedpsnp1339k1jie1yd5uvpflqn
[2017-06-19 14:29:15][info] k:openid=>orYumuG3Lh2zIpzxvkNc1fx7UkLI
[2017-06-19 14:29:15][info] k:out_trade_no=>LX-17061214050239701-2
[2017-06-19 14:29:15][info] k:result_code=>SUCCESS
[2017-06-19 14:29:15][info] k:return_code=>SUCCESS
[2017-06-19 14:29:15][info] k:sign=>E1AE80A9AA39A1739368B8683BA2A6BB
[2017-06-19 14:29:15][info] k:time_end=>20170619142915
[2017-06-19 14:29:15][info] k:total_fee=>876000
[2017-06-19 14:29:15][info] k:trade_type=>NATIVE
[2017-06-19 14:29:15][info] k:transaction_id=>4001572001201706196448440880
[2017-06-19 14:29:15][info] ----------------------------------------
[2017-06-19 14:29:15][info] XML_DATA222:{"appid":"wxefc029d4373dcac0","bank_type":"CMB_DEBIT","cash_fee":"8759.89","coupon_count":"1","coupon_fee":"11","coupon_fee_0":"11","coupon_id_0":"2000000000610215178","fee_type":"CNY","is_subscribe":"N","mch_id":"1244967502","nonce_str":"xeuo2tedpsnp1339k1jie1yd5uvpflqn","openid":"orYumuG3Lh2zIpzxvkNc1fx7UkLI","out_trade_no":"LX-17061214050239701-2","result_code":"SUCCESS","return_code":"SUCCESS","sign":"E1AE80A9AA39A1739368B8683BA2A6BB","time_end":"20170619142915","total_fee":"8760.00","trade_type":"NATIVE","transaction_id":"4001572001201706196448440880"}
[2017-06-19 14:29:15][warn] 数据存储成功，并成功返回记录编号17658！
[2017-06-19 14:29:28][info] ----------------------------------------
[2017-06-19 14:29:28][info] XML_DATA111:[{appid=>wxefc029d4373dcac0}{bank_type=>CMB_DEBIT}{cash_fee=>875989}{coupon_count=>1}{coupon_fee=>11}{coupon_fee_0=>11}{coupon_id_0=>2000000000610215178}{fee_type=>CNY}{is_subscribe=>N}{mch_id=>1244967502}{nonce_str=>xeuo2tedpsnp1339k1jie1yd5uvpflqn}{openid=>orYumuG3Lh2zIpzxvkNc1fx7UkLI}{out_trade_no=>LX-17061214050239701-2}{result_code=>SUCCESS}{return_code=>SUCCESS}{sign=>E1AE80A9AA39A1739368B8683BA2A6BB}{time_end=>20170619142915}{total_fee=>876000}{trade_type=>NATIVE}{transaction_id=>4001572001201706196448440880}]
[2017-06-19 14:29:28][info] k:appid=>wxefc029d4373dcac0
[2017-06-19 14:29:28][info] k:bank_type=>CMB_DEBIT
[2017-06-19 14:29:28][info] k:cash_fee=>875989
[2017-06-19 14:29:28][info] k:coupon_count=>1
[2017-06-19 14:29:28][info] k:coupon_fee=>11
[2017-06-19 14:29:28][info] k:coupon_fee_0=>11
[2017-06-19 14:29:28][info] k:coupon_id_0=>2000000000610215178
[2017-06-19 14:29:28][info] k:fee_type=>CNY
[2017-06-19 14:29:28][info] k:is_subscribe=>N
[2017-06-19 14:29:28][info] k:mch_id=>1244967502
[2017-06-19 14:29:28][info] k:nonce_str=>xeuo2tedpsnp1339k1jie1yd5uvpflqn
[2017-06-19 14:29:28][info] k:openid=>orYumuG3Lh2zIpzxvkNc1fx7UkLI
[2017-06-19 14:29:28][info] k:out_trade_no=>LX-17061214050239701-2
[2017-06-19 14:29:28][info] k:result_code=>SUCCESS
[2017-06-19 14:29:28][info] k:return_code=>SUCCESS
[2017-06-19 14:29:28][info] k:sign=>E1AE80A9AA39A1739368B8683BA2A6BB
[2017-06-19 14:29:28][info] k:time_end=>20170619142915
[2017-06-19 14:29:28][info] k:total_fee=>876000
[2017-06-19 14:29:28][info] k:trade_type=>NATIVE
[2017-06-19 14:29:28][info] k:transaction_id=>4001572001201706196448440880
[2017-06-19 14:29:28][info] ----------------------------------------
[2017-06-19 14:29:28][info] XML_DATA222:{"appid":"wxefc029d4373dcac0","bank_type":"CMB_DEBIT","cash_fee":"8759.89","coupon_count":"1","coupon_fee":"11","coupon_fee_0":"11","coupon_id_0":"2000000000610215178","fee_type":"CNY","is_subscribe":"N","mch_id":"1244967502","nonce_str":"xeuo2tedpsnp1339k1jie1yd5uvpflqn","openid":"orYumuG3Lh2zIpzxvkNc1fx7UkLI","out_trade_no":"LX-17061214050239701-2","result_code":"SUCCESS","return_code":"SUCCESS","sign":"E1AE80A9AA39A1739368B8683BA2A6BB","time_end":"20170619142915","total_fee":"8760.00","trade_type":"NATIVE","transaction_id":"4001572001201706196448440880"}
[2017-06-19 14:29:28][info] 收到重复信息，并处理反馈成功！
[2017-06-19 14:29:28][info] success
[2017-06-19 14:29:28][info] 写入结束!!!
[2017-06-19 14:40:29][info] ----------------------------------------
[2017-06-19 14:40:29][info] XML_DATA111:[{appid=>wxefc029d4373dcac0}{bank_type=>ICBC_DEBIT}{cash_fee=>529000}{fee_type=>CNY}{is_subscribe=>N}{mch_id=>1244967502}{nonce_str=>dq2p70rvbz8fr8dbftrszp0hnudurelu}{openid=>orYumuKvKuCz3fnJiBAvmfoG-f-U}{out_trade_no=>LX-17061914081885901-a}{result_code=>SUCCESS}{return_code=>SUCCESS}{sign=>4952215AFD0D9D8DB6F75755E0A449AE}{time_end=>20170619144028}{total_fee=>529000}{trade_type=>NATIVE}{transaction_id=>4007272001201706196444265541}]
[2017-06-19 14:40:29][info] k:appid=>wxefc029d4373dcac0
[2017-06-19 14:40:29][info] k:bank_type=>ICBC_DEBIT
[2017-06-19 14:40:29][info] k:cash_fee=>529000
[2017-06-19 14:40:29][info] k:fee_type=>CNY
[2017-06-19 14:40:29][info] k:is_subscribe=>N
[2017-06-19 14:40:29][info] k:mch_id=>1244967502
[2017-06-19 14:40:29][info] k:nonce_str=>dq2p70rvbz8fr8dbftrszp0hnudurelu
[2017-06-19 14:40:29][info] k:openid=>orYumuKvKuCz3fnJiBAvmfoG-f-U
[2017-06-19 14:40:29][info] k:out_trade_no=>LX-17061914081885901-a
[2017-06-19 14:40:29][info] k:result_code=>SUCCESS
[2017-06-19 14:40:29][info] k:return_code=>SUCCESS
[2017-06-19 14:40:29][info] k:sign=>4952215AFD0D9D8DB6F75755E0A449AE
[2017-06-19 14:40:29][info] k:time_end=>20170619144028
[2017-06-19 14:40:29][info] k:total_fee=>529000
[2017-06-19 14:40:29][info] k:trade_type=>NATIVE
[2017-06-19 14:40:29][info] k:transaction_id=>4007272001201706196444265541
[2017-06-19 14:40:29][info] ----------------------------------------
[2017-06-19 14:40:29][info] XML_DATA222:{"appid":"wxefc029d4373dcac0","bank_type":"ICBC_DEBIT","cash_fee":"5290.00","fee_type":"CNY","is_subscribe":"N","mch_id":"1244967502","nonce_str":"dq2p70rvbz8fr8dbftrszp0hnudurelu","openid":"orYumuKvKuCz3fnJiBAvmfoG-f-U","out_trade_no":"LX-17061914081885901-a","result_code":"SUCCESS","return_code":"SUCCESS","sign":"4952215AFD0D9D8DB6F75755E0A449AE","time_end":"20170619144028","total_fee":"5290.00","trade_type":"NATIVE","transaction_id":"4007272001201706196444265541"}
[2017-06-19 14:40:29][warn] 数据存储成功，并成功返回记录编号17660！
[2017-06-19 14:40:45][info] ----------------------------------------
[2017-06-19 14:40:45][info] XML_DATA111:[{appid=>wxefc029d4373dcac0}{bank_type=>ICBC_DEBIT}{cash_fee=>529000}{fee_type=>CNY}{is_subscribe=>N}{mch_id=>1244967502}{nonce_str=>dq2p70rvbz8fr8dbftrszp0hnudurelu}{openid=>orYumuKvKuCz3fnJiBAvmfoG-f-U}{out_trade_no=>LX-17061914081885901-a}{result_code=>SUCCESS}{return_code=>SUCCESS}{sign=>4952215AFD0D9D8DB6F75755E0A449AE}{time_end=>20170619144028}{total_fee=>529000}{trade_type=>NATIVE}{transaction_id=>4007272001201706196444265541}]
[2017-06-19 14:40:45][info] k:appid=>wxefc029d4373dcac0
[2017-06-19 14:40:45][info] k:bank_type=>ICBC_DEBIT
[2017-06-19 14:40:45][info] k:cash_fee=>529000
[2017-06-19 14:40:45][info] k:fee_type=>CNY
[2017-06-19 14:40:45][info] k:is_subscribe=>N
[2017-06-19 14:40:45][info] k:mch_id=>1244967502
[2017-06-19 14:40:45][info] k:nonce_str=>dq2p70rvbz8fr8dbftrszp0hnudurelu
[2017-06-19 14:40:45][info] k:openid=>orYumuKvKuCz3fnJiBAvmfoG-f-U
[2017-06-19 14:40:45][info] k:out_trade_no=>LX-17061914081885901-a
[2017-06-19 14:40:45][info] k:result_code=>SUCCESS
[2017-06-19 14:40:45][info] k:return_code=>SUCCESS
[2017-06-19 14:40:45][info] k:sign=>4952215AFD0D9D8DB6F75755E0A449AE
[2017-06-19 14:40:45][info] k:time_end=>20170619144028
[2017-06-19 14:40:45][info] k:total_fee=>529000
[2017-06-19 14:40:45][info] k:trade_type=>NATIVE
[2017-06-19 14:40:45][info] k:transaction_id=>4007272001201706196444265541
[2017-06-19 14:40:45][info] ----------------------------------------
[2017-06-19 14:40:45][info] XML_DATA222:{"appid":"wxefc029d4373dcac0","bank_type":"ICBC_DEBIT","cash_fee":"5290.00","fee_type":"CNY","is_subscribe":"N","mch_id":"1244967502","nonce_str":"dq2p70rvbz8fr8dbftrszp0hnudurelu","openid":"orYumuKvKuCz3fnJiBAvmfoG-f-U","out_trade_no":"LX-17061914081885901-a","result_code":"SUCCESS","return_code":"SUCCESS","sign":"4952215AFD0D9D8DB6F75755E0A449AE","time_end":"20170619144028","total_fee":"5290.00","trade_type":"NATIVE","transaction_id":"4007272001201706196444265541"}
[2017-06-19 14:40:46][info] 收到重复信息，并处理反馈成功！
[2017-06-19 14:40:46][info] success
[2017-06-19 14:40:46][info] 写入结束!!!
