[2017-10-02 09:36:46][info] ----------------------------------------
[2017-10-02 09:36:46][info] XML_DATA111:[{appid=>wxefc029d4373dcac0}{bank_type=>CCB_CREDIT}{cash_fee=>997000}{fee_type=>CNY}{is_subscribe=>Y}{mch_id=>1244967502}{nonce_str=>mlhd1f79113dnd42vtffr9iecbdl11lg}{openid=>orYumuHKw9mwBaHB5rRsg76DL4PA}{out_trade_no=>LX-17100120075237406-e}{result_code=>SUCCESS}{return_code=>SUCCESS}{sign=>40313D46E85A761BB14ECEA7FF4FD4E9}{time_end=>20171002093645}{total_fee=>997000}{trade_type=>NATIVE}{transaction_id=>4200000027201710025553720646}]
[2017-10-02 09:36:46][info] k:appid=>wxefc029d4373dcac0
[2017-10-02 09:36:46][info] k:bank_type=>CCB_CREDIT
[2017-10-02 09:36:46][info] k:cash_fee=>997000
[2017-10-02 09:36:46][info] k:fee_type=>CNY
[2017-10-02 09:36:46][info] k:is_subscribe=>Y
[2017-10-02 09:36:46][info] k:mch_id=>1244967502
[2017-10-02 09:36:46][info] k:nonce_str=>mlhd1f79113dnd42vtffr9iecbdl11lg
[2017-10-02 09:36:46][info] k:openid=>orYumuHKw9mwBaHB5rRsg76DL4PA
[2017-10-02 09:36:46][info] k:out_trade_no=>LX-17100120075237406-e
[2017-10-02 09:36:46][info] k:result_code=>SUCCESS
[2017-10-02 09:36:46][info] k:return_code=>SUCCESS
[2017-10-02 09:36:46][info] k:sign=>40313D46E85A761BB14ECEA7FF4FD4E9
[2017-10-02 09:36:46][info] k:time_end=>20171002093645
[2017-10-02 09:36:46][info] k:total_fee=>997000
[2017-10-02 09:36:46][info] k:trade_type=>NATIVE
[2017-10-02 09:36:46][info] k:transaction_id=>4200000027201710025553720646
[2017-10-02 09:36:46][info] ----------------------------------------
[2017-10-02 09:36:46][info] XML_DATA222:{"appid":"wxefc029d4373dcac0","bank_type":"CCB_CREDIT","cash_fee":"9970.00","fee_type":"CNY","is_subscribe":"Y","mch_id":"1244967502","nonce_str":"mlhd1f79113dnd42vtffr9iecbdl11lg","openid":"orYumuHKw9mwBaHB5rRsg76DL4PA","out_trade_no":"LX-17100120075237406-e","result_code":"SUCCESS","return_code":"SUCCESS","sign":"40313D46E85A761BB14ECEA7FF4FD4E9","time_end":"20171002093645","total_fee":"9970.00","trade_type":"NATIVE","transaction_id":"4200000027201710025553720646"}
[2017-10-02 09:36:46][warn] 数据存储成功，并成功返回记录编号19355！
[2017-10-02 09:37:00][info] ----------------------------------------
[2017-10-02 09:37:00][info] XML_DATA111:[{appid=>wxefc029d4373dcac0}{bank_type=>CCB_CREDIT}{cash_fee=>997000}{fee_type=>CNY}{is_subscribe=>Y}{mch_id=>1244967502}{nonce_str=>mlhd1f79113dnd42vtffr9iecbdl11lg}{openid=>orYumuHKw9mwBaHB5rRsg76DL4PA}{out_trade_no=>LX-17100120075237406-e}{result_code=>SUCCESS}{return_code=>SUCCESS}{sign=>40313D46E85A761BB14ECEA7FF4FD4E9}{time_end=>20171002093645}{total_fee=>997000}{trade_type=>NATIVE}{transaction_id=>4200000027201710025553720646}]
[2017-10-02 09:37:00][info] k:appid=>wxefc029d4373dcac0
[2017-10-02 09:37:00][info] k:bank_type=>CCB_CREDIT
[2017-10-02 09:37:00][info] k:cash_fee=>997000
[2017-10-02 09:37:00][info] k:fee_type=>CNY
[2017-10-02 09:37:00][info] k:is_subscribe=>Y
[2017-10-02 09:37:00][info] k:mch_id=>1244967502
[2017-10-02 09:37:00][info] k:nonce_str=>mlhd1f79113dnd42vtffr9iecbdl11lg
[2017-10-02 09:37:00][info] k:openid=>orYumuHKw9mwBaHB5rRsg76DL4PA
[2017-10-02 09:37:00][info] k:out_trade_no=>LX-17100120075237406-e
[2017-10-02 09:37:00][info] k:result_code=>SUCCESS
[2017-10-02 09:37:00][info] k:return_code=>SUCCESS
[2017-10-02 09:37:00][info] k:sign=>40313D46E85A761BB14ECEA7FF4FD4E9
[2017-10-02 09:37:00][info] k:time_end=>20171002093645
[2017-10-02 09:37:00][info] k:total_fee=>997000
[2017-10-02 09:37:00][info] k:trade_type=>NATIVE
[2017-10-02 09:37:00][info] k:transaction_id=>4200000027201710025553720646
[2017-10-02 09:37:00][info] ----------------------------------------
[2017-10-02 09:37:00][info] XML_DATA222:{"appid":"wxefc029d4373dcac0","bank_type":"CCB_CREDIT","cash_fee":"9970.00","fee_type":"CNY","is_subscribe":"Y","mch_id":"1244967502","nonce_str":"mlhd1f79113dnd42vtffr9iecbdl11lg","openid":"orYumuHKw9mwBaHB5rRsg76DL4PA","out_trade_no":"LX-17100120075237406-e","result_code":"SUCCESS","return_code":"SUCCESS","sign":"40313D46E85A761BB14ECEA7FF4FD4E9","time_end":"20171002093645","total_fee":"9970.00","trade_type":"NATIVE","transaction_id":"4200000027201710025553720646"}
[2017-10-02 09:37:00][info] 收到重复信息，并处理反馈成功！
[2017-10-02 09:37:00][info] success
[2017-10-02 09:37:00][info] 写入结束!!!
