[2017-10-19 12:41:04][info] ----------------------------------------
[2017-10-19 12:41:04][info] XML_DATA111:[{appid=>wxefc029d4373dcac0}{bank_type=>CCB_CREDIT}{cash_fee=>636000}{fee_type=>CNY}{is_subscribe=>N}{mch_id=>1244967502}{nonce_str=>0wvcnzfly4gwj84efxth7i0q1n6w0evo}{openid=>orYumuCXP-fCnTZOwuYcSqp9_3-w}{out_trade_no=>LX-17101911402575301-f}{result_code=>SUCCESS}{return_code=>SUCCESS}{sign=>DB5D60108E34CC87B36F2E79157C39AD}{time_end=>20171019124104}{total_fee=>636000}{trade_type=>NATIVE}{transaction_id=>4200000018201710198980021533}]
[2017-10-19 12:41:04][info] k:appid=>wxefc029d4373dcac0
[2017-10-19 12:41:04][info] k:bank_type=>CCB_CREDIT
[2017-10-19 12:41:04][info] k:cash_fee=>636000
[2017-10-19 12:41:04][info] k:fee_type=>CNY
[2017-10-19 12:41:04][info] k:is_subscribe=>N
[2017-10-19 12:41:04][info] k:mch_id=>1244967502
[2017-10-19 12:41:04][info] k:nonce_str=>0wvcnzfly4gwj84efxth7i0q1n6w0evo
[2017-10-19 12:41:04][info] k:openid=>orYumuCXP-fCnTZOwuYcSqp9_3-w
[2017-10-19 12:41:04][info] k:out_trade_no=>LX-17101911402575301-f
[2017-10-19 12:41:04][info] k:result_code=>SUCCESS
[2017-10-19 12:41:04][info] k:return_code=>SUCCESS
[2017-10-19 12:41:04][info] k:sign=>DB5D60108E34CC87B36F2E79157C39AD
[2017-10-19 12:41:04][info] k:time_end=>20171019124104
[2017-10-19 12:41:04][info] k:total_fee=>636000
[2017-10-19 12:41:04][info] k:trade_type=>NATIVE
[2017-10-19 12:41:04][info] k:transaction_id=>4200000018201710198980021533
[2017-10-19 12:41:04][info] ----------------------------------------
[2017-10-19 12:41:04][info] XML_DATA222:{"appid":"wxefc029d4373dcac0","bank_type":"CCB_CREDIT","cash_fee":"6360.00","fee_type":"CNY","is_subscribe":"N","mch_id":"1244967502","nonce_str":"0wvcnzfly4gwj84efxth7i0q1n6w0evo","openid":"orYumuCXP-fCnTZOwuYcSqp9_3-w","out_trade_no":"LX-17101911402575301-f","result_code":"SUCCESS","return_code":"SUCCESS","sign":"DB5D60108E34CC87B36F2E79157C39AD","time_end":"20171019124104","total_fee":"6360.00","trade_type":"NATIVE","transaction_id":"4200000018201710198980021533"}
[2017-10-19 12:41:04][warn] 数据存储成功，并成功返回记录编号19419！
[2017-10-19 12:41:20][info] ----------------------------------------
[2017-10-19 12:41:20][info] XML_DATA111:[{appid=>wxefc029d4373dcac0}{bank_type=>CCB_CREDIT}{cash_fee=>636000}{fee_type=>CNY}{is_subscribe=>N}{mch_id=>1244967502}{nonce_str=>0wvcnzfly4gwj84efxth7i0q1n6w0evo}{openid=>orYumuCXP-fCnTZOwuYcSqp9_3-w}{out_trade_no=>LX-17101911402575301-f}{result_code=>SUCCESS}{return_code=>SUCCESS}{sign=>DB5D60108E34CC87B36F2E79157C39AD}{time_end=>20171019124104}{total_fee=>636000}{trade_type=>NATIVE}{transaction_id=>4200000018201710198980021533}]
[2017-10-19 12:41:20][info] k:appid=>wxefc029d4373dcac0
[2017-10-19 12:41:20][info] k:bank_type=>CCB_CREDIT
[2017-10-19 12:41:20][info] k:cash_fee=>636000
[2017-10-19 12:41:20][info] k:fee_type=>CNY
[2017-10-19 12:41:20][info] k:is_subscribe=>N
[2017-10-19 12:41:20][info] k:mch_id=>1244967502
[2017-10-19 12:41:20][info] k:nonce_str=>0wvcnzfly4gwj84efxth7i0q1n6w0evo
[2017-10-19 12:41:20][info] k:openid=>orYumuCXP-fCnTZOwuYcSqp9_3-w
[2017-10-19 12:41:20][info] k:out_trade_no=>LX-17101911402575301-f
[2017-10-19 12:41:20][info] k:result_code=>SUCCESS
[2017-10-19 12:41:20][info] k:return_code=>SUCCESS
[2017-10-19 12:41:20][info] k:sign=>DB5D60108E34CC87B36F2E79157C39AD
[2017-10-19 12:41:20][info] k:time_end=>20171019124104
[2017-10-19 12:41:20][info] k:total_fee=>636000
[2017-10-19 12:41:20][info] k:trade_type=>NATIVE
[2017-10-19 12:41:20][info] k:transaction_id=>4200000018201710198980021533
[2017-10-19 12:41:20][info] ----------------------------------------
[2017-10-19 12:41:20][info] XML_DATA222:{"appid":"wxefc029d4373dcac0","bank_type":"CCB_CREDIT","cash_fee":"6360.00","fee_type":"CNY","is_subscribe":"N","mch_id":"1244967502","nonce_str":"0wvcnzfly4gwj84efxth7i0q1n6w0evo","openid":"orYumuCXP-fCnTZOwuYcSqp9_3-w","out_trade_no":"LX-17101911402575301-f","result_code":"SUCCESS","return_code":"SUCCESS","sign":"DB5D60108E34CC87B36F2E79157C39AD","time_end":"20171019124104","total_fee":"6360.00","trade_type":"NATIVE","transaction_id":"4200000018201710198980021533"}
[2017-10-19 12:41:20][info] 收到重复信息，并处理反馈成功！
[2017-10-19 12:41:20][info] success
[2017-10-19 12:41:20][info] 写入结束!!!
