[2017-09-15 16:15:28][info] ----------------------------------------
[2017-09-15 16:15:28][info] XML_DATA111:[{appid=>wxefc029d4373dcac0}{bank_type=>ICBC_DEBIT}{cash_fee=>294000}{fee_type=>CNY}{is_subscribe=>Y}{mch_id=>1244967502}{nonce_str=>7ld9u2aq2lnf7rolbd5q2npz4llamdym}{openid=>orYumuLcmK2JWomufxqMB13ukoHA}{out_trade_no=>LX-17091316174285006-2}{result_code=>SUCCESS}{return_code=>SUCCESS}{sign=>6214B23186586A39BF5DB40DC6E588D3}{time_end=>20170915161528}{total_fee=>294000}{trade_type=>NATIVE}{transaction_id=>4006072001201709152234142085}]
[2017-09-15 16:15:28][info] k:appid=>wxefc029d4373dcac0
[2017-09-15 16:15:28][info] k:bank_type=>ICBC_DEBIT
[2017-09-15 16:15:28][info] k:cash_fee=>294000
[2017-09-15 16:15:28][info] k:fee_type=>CNY
[2017-09-15 16:15:28][info] k:is_subscribe=>Y
[2017-09-15 16:15:28][info] k:mch_id=>1244967502
[2017-09-15 16:15:28][info] k:nonce_str=>7ld9u2aq2lnf7rolbd5q2npz4llamdym
[2017-09-15 16:15:28][info] k:openid=>orYumuLcmK2JWomufxqMB13ukoHA
[2017-09-15 16:15:28][info] k:out_trade_no=>LX-17091316174285006-2
[2017-09-15 16:15:28][info] k:result_code=>SUCCESS
[2017-09-15 16:15:28][info] k:return_code=>SUCCESS
[2017-09-15 16:15:28][info] k:sign=>6214B23186586A39BF5DB40DC6E588D3
[2017-09-15 16:15:28][info] k:time_end=>20170915161528
[2017-09-15 16:15:28][info] k:total_fee=>294000
[2017-09-15 16:15:28][info] k:trade_type=>NATIVE
[2017-09-15 16:15:28][info] k:transaction_id=>4006072001201709152234142085
[2017-09-15 16:15:28][info] ----------------------------------------
[2017-09-15 16:15:28][info] XML_DATA222:{"appid":"wxefc029d4373dcac0","bank_type":"ICBC_DEBIT","cash_fee":"2940.00","fee_type":"CNY","is_subscribe":"Y","mch_id":"1244967502","nonce_str":"7ld9u2aq2lnf7rolbd5q2npz4llamdym","openid":"orYumuLcmK2JWomufxqMB13ukoHA","out_trade_no":"LX-17091316174285006-2","result_code":"SUCCESS","return_code":"SUCCESS","sign":"6214B23186586A39BF5DB40DC6E588D3","time_end":"20170915161528","total_fee":"2940.00","trade_type":"NATIVE","transaction_id":"4006072001201709152234142085"}
[2017-09-15 16:15:28][warn] 数据存储成功，并成功返回记录编号19069！
[2017-09-15 16:15:39][info] ----------------------------------------
[2017-09-15 16:15:39][info] XML_DATA111:[{appid=>wxefc029d4373dcac0}{bank_type=>ICBC_DEBIT}{cash_fee=>294000}{fee_type=>CNY}{is_subscribe=>Y}{mch_id=>1244967502}{nonce_str=>7ld9u2aq2lnf7rolbd5q2npz4llamdym}{openid=>orYumuLcmK2JWomufxqMB13ukoHA}{out_trade_no=>LX-17091316174285006-2}{result_code=>SUCCESS}{return_code=>SUCCESS}{sign=>6214B23186586A39BF5DB40DC6E588D3}{time_end=>20170915161528}{total_fee=>294000}{trade_type=>NATIVE}{transaction_id=>4006072001201709152234142085}]
[2017-09-15 16:15:39][info] k:appid=>wxefc029d4373dcac0
[2017-09-15 16:15:39][info] k:bank_type=>ICBC_DEBIT
[2017-09-15 16:15:39][info] k:cash_fee=>294000
[2017-09-15 16:15:39][info] k:fee_type=>CNY
[2017-09-15 16:15:39][info] k:is_subscribe=>Y
[2017-09-15 16:15:39][info] k:mch_id=>1244967502
[2017-09-15 16:15:39][info] k:nonce_str=>7ld9u2aq2lnf7rolbd5q2npz4llamdym
[2017-09-15 16:15:39][info] k:openid=>orYumuLcmK2JWomufxqMB13ukoHA
[2017-09-15 16:15:39][info] k:out_trade_no=>LX-17091316174285006-2
[2017-09-15 16:15:39][info] k:result_code=>SUCCESS
[2017-09-15 16:15:39][info] k:return_code=>SUCCESS
[2017-09-15 16:15:39][info] k:sign=>6214B23186586A39BF5DB40DC6E588D3
[2017-09-15 16:15:39][info] k:time_end=>20170915161528
[2017-09-15 16:15:39][info] k:total_fee=>294000
[2017-09-15 16:15:39][info] k:trade_type=>NATIVE
[2017-09-15 16:15:39][info] k:transaction_id=>4006072001201709152234142085
[2017-09-15 16:15:39][info] ----------------------------------------
[2017-09-15 16:15:39][info] XML_DATA222:{"appid":"wxefc029d4373dcac0","bank_type":"ICBC_DEBIT","cash_fee":"2940.00","fee_type":"CNY","is_subscribe":"Y","mch_id":"1244967502","nonce_str":"7ld9u2aq2lnf7rolbd5q2npz4llamdym","openid":"orYumuLcmK2JWomufxqMB13ukoHA","out_trade_no":"LX-17091316174285006-2","result_code":"SUCCESS","return_code":"SUCCESS","sign":"6214B23186586A39BF5DB40DC6E588D3","time_end":"20170915161528","total_fee":"2940.00","trade_type":"NATIVE","transaction_id":"4006072001201709152234142085"}
[2017-09-15 16:15:39][info] 收到重复信息，并处理反馈成功！
[2017-09-15 16:15:39][info] success
[2017-09-15 16:15:39][info] 写入结束!!!
[2017-09-15 16:32:35][info] ----------------------------------------
[2017-09-15 16:32:35][info] XML_DATA111:[{appid=>wxefc029d4373dcac0}{bank_type=>ICBC_DEBIT}{cash_fee=>510000}{fee_type=>CNY}{is_subscribe=>N}{mch_id=>1244967502}{nonce_str=>d332z5ueb3ca8mn6uglh3kw5c7esgi5c}{openid=>orYumuGQQA5dpTiWStvPdxRvspIM}{out_trade_no=>LX-1707261559513601-2}{result_code=>SUCCESS}{return_code=>SUCCESS}{sign=>85F7F897831F1E748FB572B3BAB1AD9E}{time_end=>20170915163235}{total_fee=>510000}{trade_type=>NATIVE}{transaction_id=>4005792001201709152237694980}]
[2017-09-15 16:32:35][info] k:appid=>wxefc029d4373dcac0
[2017-09-15 16:32:35][info] k:bank_type=>ICBC_DEBIT
[2017-09-15 16:32:35][info] k:cash_fee=>510000
[2017-09-15 16:32:35][info] k:fee_type=>CNY
[2017-09-15 16:32:35][info] k:is_subscribe=>N
[2017-09-15 16:32:35][info] k:mch_id=>1244967502
[2017-09-15 16:32:35][info] k:nonce_str=>d332z5ueb3ca8mn6uglh3kw5c7esgi5c
[2017-09-15 16:32:35][info] k:openid=>orYumuGQQA5dpTiWStvPdxRvspIM
[2017-09-15 16:32:35][info] k:out_trade_no=>LX-1707261559513601-2
[2017-09-15 16:32:35][info] k:result_code=>SUCCESS
[2017-09-15 16:32:35][info] k:return_code=>SUCCESS
[2017-09-15 16:32:35][info] k:sign=>85F7F897831F1E748FB572B3BAB1AD9E
[2017-09-15 16:32:35][info] k:time_end=>20170915163235
[2017-09-15 16:32:35][info] k:total_fee=>510000
[2017-09-15 16:32:35][info] k:trade_type=>NATIVE
[2017-09-15 16:32:35][info] k:transaction_id=>4005792001201709152237694980
[2017-09-15 16:32:35][info] ----------------------------------------
[2017-09-15 16:32:35][info] XML_DATA222:{"appid":"wxefc029d4373dcac0","bank_type":"ICBC_DEBIT","cash_fee":"5100.00","fee_type":"CNY","is_subscribe":"N","mch_id":"1244967502","nonce_str":"d332z5ueb3ca8mn6uglh3kw5c7esgi5c","openid":"orYumuGQQA5dpTiWStvPdxRvspIM","out_trade_no":"LX-1707261559513601-2","result_code":"SUCCESS","return_code":"SUCCESS","sign":"85F7F897831F1E748FB572B3BAB1AD9E","time_end":"20170915163235","total_fee":"5100.00","trade_type":"NATIVE","transaction_id":"4005792001201709152237694980"}
[2017-09-15 16:32:36][warn] 数据存储成功，并成功返回记录编号19070！
[2017-09-15 16:32:48][info] ----------------------------------------
[2017-09-15 16:32:48][info] XML_DATA111:[{appid=>wxefc029d4373dcac0}{bank_type=>ICBC_DEBIT}{cash_fee=>510000}{fee_type=>CNY}{is_subscribe=>N}{mch_id=>1244967502}{nonce_str=>d332z5ueb3ca8mn6uglh3kw5c7esgi5c}{openid=>orYumuGQQA5dpTiWStvPdxRvspIM}{out_trade_no=>LX-1707261559513601-2}{result_code=>SUCCESS}{return_code=>SUCCESS}{sign=>85F7F897831F1E748FB572B3BAB1AD9E}{time_end=>20170915163235}{total_fee=>510000}{trade_type=>NATIVE}{transaction_id=>4005792001201709152237694980}]
[2017-09-15 16:32:48][info] k:appid=>wxefc029d4373dcac0
[2017-09-15 16:32:48][info] k:bank_type=>ICBC_DEBIT
[2017-09-15 16:32:48][info] k:cash_fee=>510000
[2017-09-15 16:32:48][info] k:fee_type=>CNY
[2017-09-15 16:32:48][info] k:is_subscribe=>N
[2017-09-15 16:32:48][info] k:mch_id=>1244967502
[2017-09-15 16:32:48][info] k:nonce_str=>d332z5ueb3ca8mn6uglh3kw5c7esgi5c
[2017-09-15 16:32:48][info] k:openid=>orYumuGQQA5dpTiWStvPdxRvspIM
[2017-09-15 16:32:48][info] k:out_trade_no=>LX-1707261559513601-2
[2017-09-15 16:32:48][info] k:result_code=>SUCCESS
[2017-09-15 16:32:48][info] k:return_code=>SUCCESS
[2017-09-15 16:32:48][info] k:sign=>85F7F897831F1E748FB572B3BAB1AD9E
[2017-09-15 16:32:48][info] k:time_end=>20170915163235
[2017-09-15 16:32:48][info] k:total_fee=>510000
[2017-09-15 16:32:48][info] k:trade_type=>NATIVE
[2017-09-15 16:32:48][info] k:transaction_id=>4005792001201709152237694980
[2017-09-15 16:32:48][info] ----------------------------------------
[2017-09-15 16:32:48][info] XML_DATA222:{"appid":"wxefc029d4373dcac0","bank_type":"ICBC_DEBIT","cash_fee":"5100.00","fee_type":"CNY","is_subscribe":"N","mch_id":"1244967502","nonce_str":"d332z5ueb3ca8mn6uglh3kw5c7esgi5c","openid":"orYumuGQQA5dpTiWStvPdxRvspIM","out_trade_no":"LX-1707261559513601-2","result_code":"SUCCESS","return_code":"SUCCESS","sign":"85F7F897831F1E748FB572B3BAB1AD9E","time_end":"20170915163235","total_fee":"5100.00","trade_type":"NATIVE","transaction_id":"4005792001201709152237694980"}
[2017-09-15 16:32:48][info] 收到重复信息，并处理反馈成功！
[2017-09-15 16:32:48][info] success
[2017-09-15 16:32:48][info] 写入结束!!!
[2017-09-15 18:45:23][info] ----------------------------------------
[2017-09-15 18:45:23][info] XML_DATA111:[{appid=>wxefc029d4373dcac0}{bank_type=>CMB_CREDIT}{cash_fee=>189000}{fee_type=>CNY}{is_subscribe=>N}{mch_id=>1244967502}{nonce_str=>li38zcgqgvg5h5d9ezg0d1wght0sbspd}{openid=>orYumuCc4ZTR_EDMpKv1jdtZG_HE}{out_trade_no=>LX-17091518075048201-3}{result_code=>SUCCESS}{return_code=>SUCCESS}{sign=>E921C78A36DFD82AAD3855F88DC4A89C}{time_end=>20170915184522}{total_fee=>189000}{trade_type=>NATIVE}{transaction_id=>4000162001201709152266391990}]
[2017-09-15 18:45:23][info] k:appid=>wxefc029d4373dcac0
[2017-09-15 18:45:23][info] k:bank_type=>CMB_CREDIT
[2017-09-15 18:45:23][info] k:cash_fee=>189000
[2017-09-15 18:45:23][info] k:fee_type=>CNY
[2017-09-15 18:45:23][info] k:is_subscribe=>N
[2017-09-15 18:45:23][info] k:mch_id=>1244967502
[2017-09-15 18:45:23][info] k:nonce_str=>li38zcgqgvg5h5d9ezg0d1wght0sbspd
[2017-09-15 18:45:23][info] k:openid=>orYumuCc4ZTR_EDMpKv1jdtZG_HE
[2017-09-15 18:45:23][info] k:out_trade_no=>LX-17091518075048201-3
[2017-09-15 18:45:23][info] k:result_code=>SUCCESS
[2017-09-15 18:45:23][info] k:return_code=>SUCCESS
[2017-09-15 18:45:23][info] k:sign=>E921C78A36DFD82AAD3855F88DC4A89C
[2017-09-15 18:45:23][info] k:time_end=>20170915184522
[2017-09-15 18:45:23][info] k:total_fee=>189000
[2017-09-15 18:45:23][info] k:trade_type=>NATIVE
[2017-09-15 18:45:23][info] k:transaction_id=>4000162001201709152266391990
[2017-09-15 18:45:23][info] ----------------------------------------
[2017-09-15 18:45:23][info] XML_DATA222:{"appid":"wxefc029d4373dcac0","bank_type":"CMB_CREDIT","cash_fee":"1890.00","fee_type":"CNY","is_subscribe":"N","mch_id":"1244967502","nonce_str":"li38zcgqgvg5h5d9ezg0d1wght0sbspd","openid":"orYumuCc4ZTR_EDMpKv1jdtZG_HE","out_trade_no":"LX-17091518075048201-3","result_code":"SUCCESS","return_code":"SUCCESS","sign":"E921C78A36DFD82AAD3855F88DC4A89C","time_end":"20170915184522","total_fee":"1890.00","trade_type":"NATIVE","transaction_id":"4000162001201709152266391990"}
[2017-09-15 18:45:23][warn] 数据存储成功，并成功返回记录编号19072！
[2017-09-15 18:45:36][info] ----------------------------------------
[2017-09-15 18:45:36][info] XML_DATA111:[{appid=>wxefc029d4373dcac0}{bank_type=>CMB_CREDIT}{cash_fee=>189000}{fee_type=>CNY}{is_subscribe=>N}{mch_id=>1244967502}{nonce_str=>li38zcgqgvg5h5d9ezg0d1wght0sbspd}{openid=>orYumuCc4ZTR_EDMpKv1jdtZG_HE}{out_trade_no=>LX-17091518075048201-3}{result_code=>SUCCESS}{return_code=>SUCCESS}{sign=>E921C78A36DFD82AAD3855F88DC4A89C}{time_end=>20170915184522}{total_fee=>189000}{trade_type=>NATIVE}{transaction_id=>4000162001201709152266391990}]
[2017-09-15 18:45:36][info] k:appid=>wxefc029d4373dcac0
[2017-09-15 18:45:36][info] k:bank_type=>CMB_CREDIT
[2017-09-15 18:45:36][info] k:cash_fee=>189000
[2017-09-15 18:45:36][info] k:fee_type=>CNY
[2017-09-15 18:45:36][info] k:is_subscribe=>N
[2017-09-15 18:45:36][info] k:mch_id=>1244967502
[2017-09-15 18:45:36][info] k:nonce_str=>li38zcgqgvg5h5d9ezg0d1wght0sbspd
[2017-09-15 18:45:36][info] k:openid=>orYumuCc4ZTR_EDMpKv1jdtZG_HE
[2017-09-15 18:45:36][info] k:out_trade_no=>LX-17091518075048201-3
[2017-09-15 18:45:36][info] k:result_code=>SUCCESS
[2017-09-15 18:45:36][info] k:return_code=>SUCCESS
[2017-09-15 18:45:36][info] k:sign=>E921C78A36DFD82AAD3855F88DC4A89C
[2017-09-15 18:45:36][info] k:time_end=>20170915184522
[2017-09-15 18:45:36][info] k:total_fee=>189000
[2017-09-15 18:45:36][info] k:trade_type=>NATIVE
[2017-09-15 18:45:36][info] k:transaction_id=>4000162001201709152266391990
[2017-09-15 18:45:36][info] ----------------------------------------
[2017-09-15 18:45:36][info] XML_DATA222:{"appid":"wxefc029d4373dcac0","bank_type":"CMB_CREDIT","cash_fee":"1890.00","fee_type":"CNY","is_subscribe":"N","mch_id":"1244967502","nonce_str":"li38zcgqgvg5h5d9ezg0d1wght0sbspd","openid":"orYumuCc4ZTR_EDMpKv1jdtZG_HE","out_trade_no":"LX-17091518075048201-3","result_code":"SUCCESS","return_code":"SUCCESS","sign":"E921C78A36DFD82AAD3855F88DC4A89C","time_end":"20170915184522","total_fee":"1890.00","trade_type":"NATIVE","transaction_id":"4000162001201709152266391990"}
[2017-09-15 18:45:36][info] 收到重复信息，并处理反馈成功！
[2017-09-15 18:45:36][info] success
[2017-09-15 18:45:36][info] 写入结束!!!
[2017-09-15 19:44:31][info] ----------------------------------------
[2017-09-15 19:44:31][info] XML_DATA111:[{appid=>wxefc029d4373dcac0}{bank_type=>ICBC_CREDIT}{cash_fee=>369000}{fee_type=>CNY}{is_subscribe=>N}{mch_id=>1244967502}{nonce_str=>ugnhow9egl8uw0lvru5km9hg27jx4826}{openid=>orYumuORoc2sQh0wfkWhwmKBONEI}{out_trade_no=>LX-17091421063573001-3}{result_code=>SUCCESS}{return_code=>SUCCESS}{sign=>981377304478F0E02D33D3F9C556AB85}{time_end=>20170915194430}{total_fee=>369000}{trade_type=>NATIVE}{transaction_id=>4005132001201709152275553102}]
[2017-09-15 19:44:31][info] k:appid=>wxefc029d4373dcac0
[2017-09-15 19:44:31][info] k:bank_type=>ICBC_CREDIT
[2017-09-15 19:44:31][info] k:cash_fee=>369000
[2017-09-15 19:44:31][info] k:fee_type=>CNY
[2017-09-15 19:44:31][info] k:is_subscribe=>N
[2017-09-15 19:44:31][info] k:mch_id=>1244967502
[2017-09-15 19:44:31][info] k:nonce_str=>ugnhow9egl8uw0lvru5km9hg27jx4826
[2017-09-15 19:44:31][info] k:openid=>orYumuORoc2sQh0wfkWhwmKBONEI
[2017-09-15 19:44:31][info] k:out_trade_no=>LX-17091421063573001-3
[2017-09-15 19:44:31][info] k:result_code=>SUCCESS
[2017-09-15 19:44:31][info] k:return_code=>SUCCESS
[2017-09-15 19:44:31][info] k:sign=>981377304478F0E02D33D3F9C556AB85
[2017-09-15 19:44:31][info] k:time_end=>20170915194430
[2017-09-15 19:44:31][info] k:total_fee=>369000
[2017-09-15 19:44:31][info] k:trade_type=>NATIVE
[2017-09-15 19:44:31][info] k:transaction_id=>4005132001201709152275553102
[2017-09-15 19:44:31][info] ----------------------------------------
[2017-09-15 19:44:31][info] XML_DATA222:{"appid":"wxefc029d4373dcac0","bank_type":"ICBC_CREDIT","cash_fee":"3690.00","fee_type":"CNY","is_subscribe":"N","mch_id":"1244967502","nonce_str":"ugnhow9egl8uw0lvru5km9hg27jx4826","openid":"orYumuORoc2sQh0wfkWhwmKBONEI","out_trade_no":"LX-17091421063573001-3","result_code":"SUCCESS","return_code":"SUCCESS","sign":"981377304478F0E02D33D3F9C556AB85","time_end":"20170915194430","total_fee":"3690.00","trade_type":"NATIVE","transaction_id":"4005132001201709152275553102"}
[2017-09-15 19:44:31][warn] 数据存储成功，并成功返回记录编号19073！
[2017-09-15 19:44:46][info] ----------------------------------------
[2017-09-15 19:44:46][info] XML_DATA111:[{appid=>wxefc029d4373dcac0}{bank_type=>ICBC_CREDIT}{cash_fee=>369000}{fee_type=>CNY}{is_subscribe=>N}{mch_id=>1244967502}{nonce_str=>ugnhow9egl8uw0lvru5km9hg27jx4826}{openid=>orYumuORoc2sQh0wfkWhwmKBONEI}{out_trade_no=>LX-17091421063573001-3}{result_code=>SUCCESS}{return_code=>SUCCESS}{sign=>981377304478F0E02D33D3F9C556AB85}{time_end=>20170915194430}{total_fee=>369000}{trade_type=>NATIVE}{transaction_id=>4005132001201709152275553102}]
[2017-09-15 19:44:46][info] k:appid=>wxefc029d4373dcac0
[2017-09-15 19:44:46][info] k:bank_type=>ICBC_CREDIT
[2017-09-15 19:44:46][info] k:cash_fee=>369000
[2017-09-15 19:44:46][info] k:fee_type=>CNY
[2017-09-15 19:44:46][info] k:is_subscribe=>N
[2017-09-15 19:44:46][info] k:mch_id=>1244967502
[2017-09-15 19:44:46][info] k:nonce_str=>ugnhow9egl8uw0lvru5km9hg27jx4826
[2017-09-15 19:44:46][info] k:openid=>orYumuORoc2sQh0wfkWhwmKBONEI
[2017-09-15 19:44:46][info] k:out_trade_no=>LX-17091421063573001-3
[2017-09-15 19:44:46][info] k:result_code=>SUCCESS
[2017-09-15 19:44:46][info] k:return_code=>SUCCESS
[2017-09-15 19:44:46][info] k:sign=>981377304478F0E02D33D3F9C556AB85
[2017-09-15 19:44:46][info] k:time_end=>20170915194430
[2017-09-15 19:44:46][info] k:total_fee=>369000
[2017-09-15 19:44:46][info] k:trade_type=>NATIVE
[2017-09-15 19:44:46][info] k:transaction_id=>4005132001201709152275553102
[2017-09-15 19:44:46][info] ----------------------------------------
[2017-09-15 19:44:46][info] XML_DATA222:{"appid":"wxefc029d4373dcac0","bank_type":"ICBC_CREDIT","cash_fee":"3690.00","fee_type":"CNY","is_subscribe":"N","mch_id":"1244967502","nonce_str":"ugnhow9egl8uw0lvru5km9hg27jx4826","openid":"orYumuORoc2sQh0wfkWhwmKBONEI","out_trade_no":"LX-17091421063573001-3","result_code":"SUCCESS","return_code":"SUCCESS","sign":"981377304478F0E02D33D3F9C556AB85","time_end":"20170915194430","total_fee":"3690.00","trade_type":"NATIVE","transaction_id":"4005132001201709152275553102"}
[2017-09-15 19:44:46][info] 收到重复信息，并处理反馈成功！
[2017-09-15 19:44:46][info] success
[2017-09-15 19:44:46][info] 写入结束!!!
[2017-09-15 20:44:05][info] ----------------------------------------
[2017-09-15 20:44:05][info] XML_DATA111:[{appid=>wxefc029d4373dcac0}{bank_type=>BOC_CREDIT}{cash_fee=>394000}{fee_type=>CNY}{is_subscribe=>N}{mch_id=>1244967502}{nonce_str=>k0oc3u3lfzm627tw2a7abg40nguul46e}{openid=>orYumuM_bg_8GP9KKPkviSf5usx8}{out_trade_no=>LX-17091520130318601-9}{result_code=>SUCCESS}{return_code=>SUCCESS}{sign=>4EC5E05F4BF01E9273F6D07C8037C540}{time_end=>20170915204405}{total_fee=>394000}{trade_type=>NATIVE}{transaction_id=>4002682001201709152294396756}]
[2017-09-15 20:44:05][info] k:appid=>wxefc029d4373dcac0
[2017-09-15 20:44:05][info] k:bank_type=>BOC_CREDIT
[2017-09-15 20:44:05][info] k:cash_fee=>394000
[2017-09-15 20:44:05][info] k:fee_type=>CNY
[2017-09-15 20:44:05][info] k:is_subscribe=>N
[2017-09-15 20:44:05][info] k:mch_id=>1244967502
[2017-09-15 20:44:05][info] k:nonce_str=>k0oc3u3lfzm627tw2a7abg40nguul46e
[2017-09-15 20:44:05][info] k:openid=>orYumuM_bg_8GP9KKPkviSf5usx8
[2017-09-15 20:44:05][info] k:out_trade_no=>LX-17091520130318601-9
[2017-09-15 20:44:05][info] k:result_code=>SUCCESS
[2017-09-15 20:44:05][info] k:return_code=>SUCCESS
[2017-09-15 20:44:05][info] k:sign=>4EC5E05F4BF01E9273F6D07C8037C540
[2017-09-15 20:44:05][info] k:time_end=>20170915204405
[2017-09-15 20:44:05][info] k:total_fee=>394000
[2017-09-15 20:44:05][info] k:trade_type=>NATIVE
[2017-09-15 20:44:05][info] k:transaction_id=>4002682001201709152294396756
[2017-09-15 20:44:05][info] ----------------------------------------
[2017-09-15 20:44:05][info] XML_DATA222:{"appid":"wxefc029d4373dcac0","bank_type":"BOC_CREDIT","cash_fee":"3940.00","fee_type":"CNY","is_subscribe":"N","mch_id":"1244967502","nonce_str":"k0oc3u3lfzm627tw2a7abg40nguul46e","openid":"orYumuM_bg_8GP9KKPkviSf5usx8","out_trade_no":"LX-17091520130318601-9","result_code":"SUCCESS","return_code":"SUCCESS","sign":"4EC5E05F4BF01E9273F6D07C8037C540","time_end":"20170915204405","total_fee":"3940.00","trade_type":"NATIVE","transaction_id":"4002682001201709152294396756"}
[2017-09-15 20:44:06][warn] 数据存储成功，并成功返回记录编号19074！
[2017-09-15 20:44:17][info] ----------------------------------------
[2017-09-15 20:44:17][info] XML_DATA111:[{appid=>wxefc029d4373dcac0}{bank_type=>BOC_CREDIT}{cash_fee=>394000}{fee_type=>CNY}{is_subscribe=>N}{mch_id=>1244967502}{nonce_str=>k0oc3u3lfzm627tw2a7abg40nguul46e}{openid=>orYumuM_bg_8GP9KKPkviSf5usx8}{out_trade_no=>LX-17091520130318601-9}{result_code=>SUCCESS}{return_code=>SUCCESS}{sign=>4EC5E05F4BF01E9273F6D07C8037C540}{time_end=>20170915204405}{total_fee=>394000}{trade_type=>NATIVE}{transaction_id=>4002682001201709152294396756}]
[2017-09-15 20:44:17][info] k:appid=>wxefc029d4373dcac0
[2017-09-15 20:44:17][info] k:bank_type=>BOC_CREDIT
[2017-09-15 20:44:17][info] k:cash_fee=>394000
[2017-09-15 20:44:17][info] k:fee_type=>CNY
[2017-09-15 20:44:17][info] k:is_subscribe=>N
[2017-09-15 20:44:17][info] k:mch_id=>1244967502
[2017-09-15 20:44:17][info] k:nonce_str=>k0oc3u3lfzm627tw2a7abg40nguul46e
[2017-09-15 20:44:17][info] k:openid=>orYumuM_bg_8GP9KKPkviSf5usx8
[2017-09-15 20:44:17][info] k:out_trade_no=>LX-17091520130318601-9
[2017-09-15 20:44:17][info] k:result_code=>SUCCESS
[2017-09-15 20:44:17][info] k:return_code=>SUCCESS
[2017-09-15 20:44:17][info] k:sign=>4EC5E05F4BF01E9273F6D07C8037C540
[2017-09-15 20:44:17][info] k:time_end=>20170915204405
[2017-09-15 20:44:17][info] k:total_fee=>394000
[2017-09-15 20:44:17][info] k:trade_type=>NATIVE
[2017-09-15 20:44:17][info] k:transaction_id=>4002682001201709152294396756
[2017-09-15 20:44:17][info] ----------------------------------------
[2017-09-15 20:44:17][info] XML_DATA222:{"appid":"wxefc029d4373dcac0","bank_type":"BOC_CREDIT","cash_fee":"3940.00","fee_type":"CNY","is_subscribe":"N","mch_id":"1244967502","nonce_str":"k0oc3u3lfzm627tw2a7abg40nguul46e","openid":"orYumuM_bg_8GP9KKPkviSf5usx8","out_trade_no":"LX-17091520130318601-9","result_code":"SUCCESS","return_code":"SUCCESS","sign":"4EC5E05F4BF01E9273F6D07C8037C540","time_end":"20170915204405","total_fee":"3940.00","trade_type":"NATIVE","transaction_id":"4002682001201709152294396756"}
[2017-09-15 20:44:17][info] 收到重复信息，并处理反馈成功！
[2017-09-15 20:44:17][info] success
[2017-09-15 20:44:17][info] 写入结束!!!
