[2017-06-13 15:31:54][info] ----------------------------------------
[2017-06-13 15:31:54][info] XML_DATA111:[{appid=>wxefc029d4373dcac0}{bank_type=>CFT}{cash_fee=>328000}{fee_type=>CNY}{is_subscribe=>N}{mch_id=>1244967502}{nonce_str=>1lgeofqsyskq2qouuh9d30rxb3hr446h}{openid=>orYumuHxtgpP04vHIQ2i2XU5cqRQ}{out_trade_no=>LX-17060911262934206-a}{result_code=>SUCCESS}{return_code=>SUCCESS}{sign=>371FDBA9CCD427C2965AE8B440E94E86}{time_end=>20170613153154}{total_fee=>328000}{trade_type=>NATIVE}{transaction_id=>4007752001201706135549509881}]
[2017-06-13 15:31:54][info] k:appid=>wxefc029d4373dcac0
[2017-06-13 15:31:54][info] k:bank_type=>CFT
[2017-06-13 15:31:54][info] k:cash_fee=>328000
[2017-06-13 15:31:54][info] k:fee_type=>CNY
[2017-06-13 15:31:54][info] k:is_subscribe=>N
[2017-06-13 15:31:54][info] k:mch_id=>1244967502
[2017-06-13 15:31:54][info] k:nonce_str=>1lgeofqsyskq2qouuh9d30rxb3hr446h
[2017-06-13 15:31:54][info] k:openid=>orYumuHxtgpP04vHIQ2i2XU5cqRQ
[2017-06-13 15:31:54][info] k:out_trade_no=>LX-17060911262934206-a
[2017-06-13 15:31:54][info] k:result_code=>SUCCESS
[2017-06-13 15:31:54][info] k:return_code=>SUCCESS
[2017-06-13 15:31:54][info] k:sign=>371FDBA9CCD427C2965AE8B440E94E86
[2017-06-13 15:31:54][info] k:time_end=>20170613153154
[2017-06-13 15:31:54][info] k:total_fee=>328000
[2017-06-13 15:31:54][info] k:trade_type=>NATIVE
[2017-06-13 15:31:54][info] k:transaction_id=>4007752001201706135549509881
[2017-06-13 15:31:54][info] ----------------------------------------
[2017-06-13 15:31:54][info] XML_DATA222:{"appid":"wxefc029d4373dcac0","bank_type":"CFT","cash_fee":"3280.00","fee_type":"CNY","is_subscribe":"N","mch_id":"1244967502","nonce_str":"1lgeofqsyskq2qouuh9d30rxb3hr446h","openid":"orYumuHxtgpP04vHIQ2i2XU5cqRQ","out_trade_no":"LX-17060911262934206-a","result_code":"SUCCESS","return_code":"SUCCESS","sign":"371FDBA9CCD427C2965AE8B440E94E86","time_end":"20170613153154","total_fee":"3280.00","trade_type":"NATIVE","transaction_id":"4007752001201706135549509881"}
[2017-06-13 15:31:55][warn] 数据存储成功，并成功返回记录编号17617！
[2017-06-13 15:32:09][info] ----------------------------------------
[2017-06-13 15:32:09][info] XML_DATA111:[{appid=>wxefc029d4373dcac0}{bank_type=>CFT}{cash_fee=>328000}{fee_type=>CNY}{is_subscribe=>N}{mch_id=>1244967502}{nonce_str=>1lgeofqsyskq2qouuh9d30rxb3hr446h}{openid=>orYumuHxtgpP04vHIQ2i2XU5cqRQ}{out_trade_no=>LX-17060911262934206-a}{result_code=>SUCCESS}{return_code=>SUCCESS}{sign=>371FDBA9CCD427C2965AE8B440E94E86}{time_end=>20170613153154}{total_fee=>328000}{trade_type=>NATIVE}{transaction_id=>4007752001201706135549509881}]
[2017-06-13 15:32:09][info] k:appid=>wxefc029d4373dcac0
[2017-06-13 15:32:09][info] k:bank_type=>CFT
[2017-06-13 15:32:09][info] k:cash_fee=>328000
[2017-06-13 15:32:09][info] k:fee_type=>CNY
[2017-06-13 15:32:09][info] k:is_subscribe=>N
[2017-06-13 15:32:09][info] k:mch_id=>1244967502
[2017-06-13 15:32:09][info] k:nonce_str=>1lgeofqsyskq2qouuh9d30rxb3hr446h
[2017-06-13 15:32:09][info] k:openid=>orYumuHxtgpP04vHIQ2i2XU5cqRQ
[2017-06-13 15:32:09][info] k:out_trade_no=>LX-17060911262934206-a
[2017-06-13 15:32:09][info] k:result_code=>SUCCESS
[2017-06-13 15:32:09][info] k:return_code=>SUCCESS
[2017-06-13 15:32:09][info] k:sign=>371FDBA9CCD427C2965AE8B440E94E86
[2017-06-13 15:32:09][info] k:time_end=>20170613153154
[2017-06-13 15:32:09][info] k:total_fee=>328000
[2017-06-13 15:32:09][info] k:trade_type=>NATIVE
[2017-06-13 15:32:09][info] k:transaction_id=>4007752001201706135549509881
[2017-06-13 15:32:09][info] ----------------------------------------
[2017-06-13 15:32:09][info] XML_DATA222:{"appid":"wxefc029d4373dcac0","bank_type":"CFT","cash_fee":"3280.00","fee_type":"CNY","is_subscribe":"N","mch_id":"1244967502","nonce_str":"1lgeofqsyskq2qouuh9d30rxb3hr446h","openid":"orYumuHxtgpP04vHIQ2i2XU5cqRQ","out_trade_no":"LX-17060911262934206-a","result_code":"SUCCESS","return_code":"SUCCESS","sign":"371FDBA9CCD427C2965AE8B440E94E86","time_end":"20170613153154","total_fee":"3280.00","trade_type":"NATIVE","transaction_id":"4007752001201706135549509881"}
[2017-06-13 15:32:09][info] 收到重复信息，并处理反馈成功！
[2017-06-13 15:32:09][info] success
[2017-06-13 15:32:09][info] 写入结束!!!
[2017-06-13 16:06:52][info] ----------------------------------------
[2017-06-13 16:06:52][info] XML_DATA111:[{appid=>wxefc029d4373dcac0}{bank_type=>CCB_DEBIT}{cash_fee=>193924}{coupon_count=>1}{coupon_fee=>76}{coupon_fee_0=>76}{coupon_id_0=>2000000000467965062}{fee_type=>CNY}{is_subscribe=>Y}{mch_id=>1244967502}{nonce_str=>vdmnlthnjs4lzouwvr2qkbgaq4lzibet}{openid=>orYumuNgYjK2zBiEdVmS7pKCESMU}{out_trade_no=>LX-1704221703239501-0}{result_code=>SUCCESS}{return_code=>SUCCESS}{sign=>0F2F480AEDD355BDBC05B531EC619EC7}{time_end=>20170613160652}{total_fee=>194000}{trade_type=>NATIVE}{transaction_id=>4007322001201706135553517966}]
[2017-06-13 16:06:52][info] k:appid=>wxefc029d4373dcac0
[2017-06-13 16:06:52][info] k:bank_type=>CCB_DEBIT
[2017-06-13 16:06:52][info] k:cash_fee=>193924
[2017-06-13 16:06:52][info] k:coupon_count=>1
[2017-06-13 16:06:52][info] k:coupon_fee=>76
[2017-06-13 16:06:52][info] k:coupon_fee_0=>76
[2017-06-13 16:06:52][info] k:coupon_id_0=>2000000000467965062
[2017-06-13 16:06:52][info] k:fee_type=>CNY
[2017-06-13 16:06:52][info] k:is_subscribe=>Y
[2017-06-13 16:06:52][info] k:mch_id=>1244967502
[2017-06-13 16:06:52][info] k:nonce_str=>vdmnlthnjs4lzouwvr2qkbgaq4lzibet
[2017-06-13 16:06:52][info] k:openid=>orYumuNgYjK2zBiEdVmS7pKCESMU
[2017-06-13 16:06:52][info] k:out_trade_no=>LX-1704221703239501-0
[2017-06-13 16:06:52][info] k:result_code=>SUCCESS
[2017-06-13 16:06:52][info] k:return_code=>SUCCESS
[2017-06-13 16:06:52][info] k:sign=>0F2F480AEDD355BDBC05B531EC619EC7
[2017-06-13 16:06:52][info] k:time_end=>20170613160652
[2017-06-13 16:06:52][info] k:total_fee=>194000
[2017-06-13 16:06:52][info] k:trade_type=>NATIVE
[2017-06-13 16:06:52][info] k:transaction_id=>4007322001201706135553517966
[2017-06-13 16:06:52][info] ----------------------------------------
[2017-06-13 16:06:52][info] XML_DATA222:{"appid":"wxefc029d4373dcac0","bank_type":"CCB_DEBIT","cash_fee":"1939.24","coupon_count":"1","coupon_fee":"76","coupon_fee_0":"76","coupon_id_0":"2000000000467965062","fee_type":"CNY","is_subscribe":"Y","mch_id":"1244967502","nonce_str":"vdmnlthnjs4lzouwvr2qkbgaq4lzibet","openid":"orYumuNgYjK2zBiEdVmS7pKCESMU","out_trade_no":"LX-1704221703239501-0","result_code":"SUCCESS","return_code":"SUCCESS","sign":"0F2F480AEDD355BDBC05B531EC619EC7","time_end":"20170613160652","total_fee":"1940.00","trade_type":"NATIVE","transaction_id":"4007322001201706135553517966"}
[2017-06-13 16:06:53][warn] 数据存储成功，并成功返回记录编号17618！
[2017-06-13 16:07:04][info] ----------------------------------------
[2017-06-13 16:07:04][info] XML_DATA111:[{appid=>wxefc029d4373dcac0}{bank_type=>CCB_DEBIT}{cash_fee=>193924}{coupon_count=>1}{coupon_fee=>76}{coupon_fee_0=>76}{coupon_id_0=>2000000000467965062}{fee_type=>CNY}{is_subscribe=>Y}{mch_id=>1244967502}{nonce_str=>vdmnlthnjs4lzouwvr2qkbgaq4lzibet}{openid=>orYumuNgYjK2zBiEdVmS7pKCESMU}{out_trade_no=>LX-1704221703239501-0}{result_code=>SUCCESS}{return_code=>SUCCESS}{sign=>0F2F480AEDD355BDBC05B531EC619EC7}{time_end=>20170613160652}{total_fee=>194000}{trade_type=>NATIVE}{transaction_id=>4007322001201706135553517966}]
[2017-06-13 16:07:04][info] k:appid=>wxefc029d4373dcac0
[2017-06-13 16:07:04][info] k:bank_type=>CCB_DEBIT
[2017-06-13 16:07:04][info] k:cash_fee=>193924
[2017-06-13 16:07:04][info] k:coupon_count=>1
[2017-06-13 16:07:04][info] k:coupon_fee=>76
[2017-06-13 16:07:04][info] k:coupon_fee_0=>76
[2017-06-13 16:07:04][info] k:coupon_id_0=>2000000000467965062
[2017-06-13 16:07:04][info] k:fee_type=>CNY
[2017-06-13 16:07:04][info] k:is_subscribe=>Y
[2017-06-13 16:07:04][info] k:mch_id=>1244967502
[2017-06-13 16:07:04][info] k:nonce_str=>vdmnlthnjs4lzouwvr2qkbgaq4lzibet
[2017-06-13 16:07:04][info] k:openid=>orYumuNgYjK2zBiEdVmS7pKCESMU
[2017-06-13 16:07:04][info] k:out_trade_no=>LX-1704221703239501-0
[2017-06-13 16:07:04][info] k:result_code=>SUCCESS
[2017-06-13 16:07:04][info] k:return_code=>SUCCESS
[2017-06-13 16:07:04][info] k:sign=>0F2F480AEDD355BDBC05B531EC619EC7
[2017-06-13 16:07:04][info] k:time_end=>20170613160652
[2017-06-13 16:07:04][info] k:total_fee=>194000
[2017-06-13 16:07:04][info] k:trade_type=>NATIVE
[2017-06-13 16:07:04][info] k:transaction_id=>4007322001201706135553517966
[2017-06-13 16:07:04][info] ----------------------------------------
[2017-06-13 16:07:04][info] XML_DATA222:{"appid":"wxefc029d4373dcac0","bank_type":"CCB_DEBIT","cash_fee":"1939.24","coupon_count":"1","coupon_fee":"76","coupon_fee_0":"76","coupon_id_0":"2000000000467965062","fee_type":"CNY","is_subscribe":"Y","mch_id":"1244967502","nonce_str":"vdmnlthnjs4lzouwvr2qkbgaq4lzibet","openid":"orYumuNgYjK2zBiEdVmS7pKCESMU","out_trade_no":"LX-1704221703239501-0","result_code":"SUCCESS","return_code":"SUCCESS","sign":"0F2F480AEDD355BDBC05B531EC619EC7","time_end":"20170613160652","total_fee":"1940.00","trade_type":"NATIVE","transaction_id":"4007322001201706135553517966"}
[2017-06-13 16:07:04][info] 收到重复信息，并处理反馈成功！
[2017-06-13 16:07:04][info] success
[2017-06-13 16:07:04][info] 写入结束!!!
[2017-06-13 21:15:27][info] ----------------------------------------
[2017-06-13 21:15:27][info] XML_DATA111:[{appid=>wxefc029d4373dcac0}{bank_type=>ABC_DEBIT}{cash_fee=>640000}{fee_type=>CNY}{is_subscribe=>N}{mch_id=>1244967502}{nonce_str=>4l2uzrzaqy862ncot7nvhm24th6sbbo5}{openid=>orYumuAckpcos5-QV5oiuRHK-84M}{out_trade_no=>LX-1706132108579701-b}{result_code=>SUCCESS}{return_code=>SUCCESS}{sign=>F4FEEAC6815684EA0C65D7332B77A5DF}{time_end=>20170613211526}{total_fee=>640000}{trade_type=>NATIVE}{transaction_id=>4003942001201706135598657804}]
[2017-06-13 21:15:27][info] k:appid=>wxefc029d4373dcac0
[2017-06-13 21:15:27][info] k:bank_type=>ABC_DEBIT
[2017-06-13 21:15:27][info] k:cash_fee=>640000
[2017-06-13 21:15:27][info] k:fee_type=>CNY
[2017-06-13 21:15:27][info] k:is_subscribe=>N
[2017-06-13 21:15:27][info] k:mch_id=>1244967502
[2017-06-13 21:15:27][info] k:nonce_str=>4l2uzrzaqy862ncot7nvhm24th6sbbo5
[2017-06-13 21:15:27][info] k:openid=>orYumuAckpcos5-QV5oiuRHK-84M
[2017-06-13 21:15:27][info] k:out_trade_no=>LX-1706132108579701-b
[2017-06-13 21:15:27][info] k:result_code=>SUCCESS
[2017-06-13 21:15:27][info] k:return_code=>SUCCESS
[2017-06-13 21:15:27][info] k:sign=>F4FEEAC6815684EA0C65D7332B77A5DF
[2017-06-13 21:15:27][info] k:time_end=>20170613211526
[2017-06-13 21:15:27][info] k:total_fee=>640000
[2017-06-13 21:15:27][info] k:trade_type=>NATIVE
[2017-06-13 21:15:27][info] k:transaction_id=>4003942001201706135598657804
[2017-06-13 21:15:27][info] ----------------------------------------
[2017-06-13 21:15:27][info] XML_DATA222:{"appid":"wxefc029d4373dcac0","bank_type":"ABC_DEBIT","cash_fee":"6400.00","fee_type":"CNY","is_subscribe":"N","mch_id":"1244967502","nonce_str":"4l2uzrzaqy862ncot7nvhm24th6sbbo5","openid":"orYumuAckpcos5-QV5oiuRHK-84M","out_trade_no":"LX-1706132108579701-b","result_code":"SUCCESS","return_code":"SUCCESS","sign":"F4FEEAC6815684EA0C65D7332B77A5DF","time_end":"20170613211526","total_fee":"6400.00","trade_type":"NATIVE","transaction_id":"4003942001201706135598657804"}
[2017-06-13 21:15:28][warn] 数据存储成功，并成功返回记录编号17620！
[2017-06-13 21:15:44][info] ----------------------------------------
[2017-06-13 21:15:44][info] XML_DATA111:[{appid=>wxefc029d4373dcac0}{bank_type=>ABC_DEBIT}{cash_fee=>640000}{fee_type=>CNY}{is_subscribe=>N}{mch_id=>1244967502}{nonce_str=>4l2uzrzaqy862ncot7nvhm24th6sbbo5}{openid=>orYumuAckpcos5-QV5oiuRHK-84M}{out_trade_no=>LX-1706132108579701-b}{result_code=>SUCCESS}{return_code=>SUCCESS}{sign=>F4FEEAC6815684EA0C65D7332B77A5DF}{time_end=>20170613211526}{total_fee=>640000}{trade_type=>NATIVE}{transaction_id=>4003942001201706135598657804}]
[2017-06-13 21:15:44][info] k:appid=>wxefc029d4373dcac0
[2017-06-13 21:15:44][info] k:bank_type=>ABC_DEBIT
[2017-06-13 21:15:44][info] k:cash_fee=>640000
[2017-06-13 21:15:44][info] k:fee_type=>CNY
[2017-06-13 21:15:44][info] k:is_subscribe=>N
[2017-06-13 21:15:44][info] k:mch_id=>1244967502
[2017-06-13 21:15:44][info] k:nonce_str=>4l2uzrzaqy862ncot7nvhm24th6sbbo5
[2017-06-13 21:15:44][info] k:openid=>orYumuAckpcos5-QV5oiuRHK-84M
[2017-06-13 21:15:44][info] k:out_trade_no=>LX-1706132108579701-b
[2017-06-13 21:15:44][info] k:result_code=>SUCCESS
[2017-06-13 21:15:44][info] k:return_code=>SUCCESS
[2017-06-13 21:15:44][info] k:sign=>F4FEEAC6815684EA0C65D7332B77A5DF
[2017-06-13 21:15:44][info] k:time_end=>20170613211526
[2017-06-13 21:15:44][info] k:total_fee=>640000
[2017-06-13 21:15:44][info] k:trade_type=>NATIVE
[2017-06-13 21:15:44][info] k:transaction_id=>4003942001201706135598657804
[2017-06-13 21:15:44][info] ----------------------------------------
[2017-06-13 21:15:44][info] XML_DATA222:{"appid":"wxefc029d4373dcac0","bank_type":"ABC_DEBIT","cash_fee":"6400.00","fee_type":"CNY","is_subscribe":"N","mch_id":"1244967502","nonce_str":"4l2uzrzaqy862ncot7nvhm24th6sbbo5","openid":"orYumuAckpcos5-QV5oiuRHK-84M","out_trade_no":"LX-1706132108579701-b","result_code":"SUCCESS","return_code":"SUCCESS","sign":"F4FEEAC6815684EA0C65D7332B77A5DF","time_end":"20170613211526","total_fee":"6400.00","trade_type":"NATIVE","transaction_id":"4003942001201706135598657804"}
[2017-06-13 21:15:45][info] 收到重复信息，并处理反馈成功！
[2017-06-13 21:15:45][info] success
[2017-06-13 21:15:45][info] 写入结束!!!
