[2017-04-29 19:58:47][info] ----------------------------------------
[2017-04-29 19:58:47][info] XML_DATA111:[{appid=>wxefc029d4373dcac0}{bank_type=>CFT}{cash_fee=>248000}{fee_type=>CNY}{is_subscribe=>N}{mch_id=>1244967502}{nonce_str=>ef11wz1ofge55a2b9lxu1n72zdsjbzq0}{openid=>orYumuMA_IpuK__CMVys3ShLDDJU}{out_trade_no=>LX-17042917073267901-3}{result_code=>SUCCESS}{return_code=>SUCCESS}{sign=>0459B4BB34780BC72A100B62DE9D44FB}{time_end=>20170429195846}{total_fee=>248000}{trade_type=>NATIVE}{transaction_id=>4000112001201704298841581378}]
[2017-04-29 19:58:47][info] k:appid=>wxefc029d4373dcac0
[2017-04-29 19:58:47][info] k:bank_type=>CFT
[2017-04-29 19:58:47][info] k:cash_fee=>248000
[2017-04-29 19:58:47][info] k:fee_type=>CNY
[2017-04-29 19:58:47][info] k:is_subscribe=>N
[2017-04-29 19:58:47][info] k:mch_id=>1244967502
[2017-04-29 19:58:47][info] k:nonce_str=>ef11wz1ofge55a2b9lxu1n72zdsjbzq0
[2017-04-29 19:58:47][info] k:openid=>orYumuMA_IpuK__CMVys3ShLDDJU
[2017-04-29 19:58:47][info] k:out_trade_no=>LX-17042917073267901-3
[2017-04-29 19:58:47][info] k:result_code=>SUCCESS
[2017-04-29 19:58:47][info] k:return_code=>SUCCESS
[2017-04-29 19:58:47][info] k:sign=>0459B4BB34780BC72A100B62DE9D44FB
[2017-04-29 19:58:47][info] k:time_end=>20170429195846
[2017-04-29 19:58:47][info] k:total_fee=>248000
[2017-04-29 19:58:47][info] k:trade_type=>NATIVE
[2017-04-29 19:58:47][info] k:transaction_id=>4000112001201704298841581378
[2017-04-29 19:58:47][info] ----------------------------------------
[2017-04-29 19:58:47][info] XML_DATA222:{"appid":"wxefc029d4373dcac0","bank_type":"CFT","cash_fee":"2480.00","fee_type":"CNY","is_subscribe":"N","mch_id":"1244967502","nonce_str":"ef11wz1ofge55a2b9lxu1n72zdsjbzq0","openid":"orYumuMA_IpuK__CMVys3ShLDDJU","out_trade_no":"LX-17042917073267901-3","result_code":"SUCCESS","return_code":"SUCCESS","sign":"0459B4BB34780BC72A100B62DE9D44FB","time_end":"20170429195846","total_fee":"2480.00","trade_type":"NATIVE","transaction_id":"4000112001201704298841581378"}
[2017-04-29 19:58:48][warn] 数据存储成功，并成功返回记录编号17471！
[2017-04-29 19:59:00][info] ----------------------------------------
[2017-04-29 19:59:00][info] XML_DATA111:[{appid=>wxefc029d4373dcac0}{bank_type=>CFT}{cash_fee=>248000}{fee_type=>CNY}{is_subscribe=>N}{mch_id=>1244967502}{nonce_str=>ef11wz1ofge55a2b9lxu1n72zdsjbzq0}{openid=>orYumuMA_IpuK__CMVys3ShLDDJU}{out_trade_no=>LX-17042917073267901-3}{result_code=>SUCCESS}{return_code=>SUCCESS}{sign=>0459B4BB34780BC72A100B62DE9D44FB}{time_end=>20170429195846}{total_fee=>248000}{trade_type=>NATIVE}{transaction_id=>4000112001201704298841581378}]
[2017-04-29 19:59:00][info] k:appid=>wxefc029d4373dcac0
[2017-04-29 19:59:00][info] k:bank_type=>CFT
[2017-04-29 19:59:00][info] k:cash_fee=>248000
[2017-04-29 19:59:00][info] k:fee_type=>CNY
[2017-04-29 19:59:00][info] k:is_subscribe=>N
[2017-04-29 19:59:00][info] k:mch_id=>1244967502
[2017-04-29 19:59:00][info] k:nonce_str=>ef11wz1ofge55a2b9lxu1n72zdsjbzq0
[2017-04-29 19:59:00][info] k:openid=>orYumuMA_IpuK__CMVys3ShLDDJU
[2017-04-29 19:59:00][info] k:out_trade_no=>LX-17042917073267901-3
[2017-04-29 19:59:00][info] k:result_code=>SUCCESS
[2017-04-29 19:59:00][info] k:return_code=>SUCCESS
[2017-04-29 19:59:00][info] k:sign=>0459B4BB34780BC72A100B62DE9D44FB
[2017-04-29 19:59:00][info] k:time_end=>20170429195846
[2017-04-29 19:59:00][info] k:total_fee=>248000
[2017-04-29 19:59:00][info] k:trade_type=>NATIVE
[2017-04-29 19:59:00][info] k:transaction_id=>4000112001201704298841581378
[2017-04-29 19:59:00][info] ----------------------------------------
[2017-04-29 19:59:00][info] XML_DATA222:{"appid":"wxefc029d4373dcac0","bank_type":"CFT","cash_fee":"2480.00","fee_type":"CNY","is_subscribe":"N","mch_id":"1244967502","nonce_str":"ef11wz1ofge55a2b9lxu1n72zdsjbzq0","openid":"orYumuMA_IpuK__CMVys3ShLDDJU","out_trade_no":"LX-17042917073267901-3","result_code":"SUCCESS","return_code":"SUCCESS","sign":"0459B4BB34780BC72A100B62DE9D44FB","time_end":"20170429195846","total_fee":"2480.00","trade_type":"NATIVE","transaction_id":"4000112001201704298841581378"}
[2017-04-29 19:59:00][info] 收到重复信息，并处理反馈成功！
[2017-04-29 19:59:00][info] success
[2017-04-29 19:59:00][info] 写入结束!!!
