[2017-03-26 10:48:50][info] ----------------------------------------
[2017-03-26 10:48:50][info] XML_DATA111:[{appid=>wxefc029d4373dcac0}{bank_type=>CFT}{cash_fee=>360000}{fee_type=>CNY}{is_subscribe=>Y}{mch_id=>1244967502}{nonce_str=>kbs4ojvcfc5pa81ciubdv2iyq201rwzy}{openid=>orYumuGuVh6h9ZO09oPQtsVmmkvA}{out_trade_no=>LX-17032522361856401-b}{result_code=>SUCCESS}{return_code=>SUCCESS}{sign=>C878170BAAB1BA18886C1C81E07E86C3}{time_end=>20170326104849}{total_fee=>360000}{trade_type=>NATIVE}{transaction_id=>4008612001201703264683246087}]
[2017-03-26 10:48:50][info] k:appid=>wxefc029d4373dcac0
[2017-03-26 10:48:50][info] k:bank_type=>CFT
[2017-03-26 10:48:50][info] k:cash_fee=>360000
[2017-03-26 10:48:50][info] k:fee_type=>CNY
[2017-03-26 10:48:50][info] k:is_subscribe=>Y
[2017-03-26 10:48:50][info] k:mch_id=>1244967502
[2017-03-26 10:48:50][info] k:nonce_str=>kbs4ojvcfc5pa81ciubdv2iyq201rwzy
[2017-03-26 10:48:50][info] k:openid=>orYumuGuVh6h9ZO09oPQtsVmmkvA
[2017-03-26 10:48:50][info] k:out_trade_no=>LX-17032522361856401-b
[2017-03-26 10:48:50][info] k:result_code=>SUCCESS
[2017-03-26 10:48:50][info] k:return_code=>SUCCESS
[2017-03-26 10:48:50][info] k:sign=>C878170BAAB1BA18886C1C81E07E86C3
[2017-03-26 10:48:50][info] k:time_end=>20170326104849
[2017-03-26 10:48:50][info] k:total_fee=>360000
[2017-03-26 10:48:50][info] k:trade_type=>NATIVE
[2017-03-26 10:48:50][info] k:transaction_id=>4008612001201703264683246087
[2017-03-26 10:48:50][info] ----------------------------------------
[2017-03-26 10:48:50][info] XML_DATA222:{"appid":"wxefc029d4373dcac0","bank_type":"CFT","cash_fee":"3600.00","fee_type":"CNY","is_subscribe":"Y","mch_id":"1244967502","nonce_str":"kbs4ojvcfc5pa81ciubdv2iyq201rwzy","openid":"orYumuGuVh6h9ZO09oPQtsVmmkvA","out_trade_no":"LX-17032522361856401-b","result_code":"SUCCESS","return_code":"SUCCESS","sign":"C878170BAAB1BA18886C1C81E07E86C3","time_end":"20170326104849","total_fee":"3600.00","trade_type":"NATIVE","transaction_id":"4008612001201703264683246087"}
[2017-03-26 10:48:50][warn] 数据存储成功，并成功返回记录编号17414！
[2017-03-26 10:49:07][info] ----------------------------------------
[2017-03-26 10:49:07][info] XML_DATA111:[{appid=>wxefc029d4373dcac0}{bank_type=>CFT}{cash_fee=>360000}{fee_type=>CNY}{is_subscribe=>Y}{mch_id=>1244967502}{nonce_str=>kbs4ojvcfc5pa81ciubdv2iyq201rwzy}{openid=>orYumuGuVh6h9ZO09oPQtsVmmkvA}{out_trade_no=>LX-17032522361856401-b}{result_code=>SUCCESS}{return_code=>SUCCESS}{sign=>C878170BAAB1BA18886C1C81E07E86C3}{time_end=>20170326104849}{total_fee=>360000}{trade_type=>NATIVE}{transaction_id=>4008612001201703264683246087}]
[2017-03-26 10:49:07][info] k:appid=>wxefc029d4373dcac0
[2017-03-26 10:49:07][info] k:bank_type=>CFT
[2017-03-26 10:49:07][info] k:cash_fee=>360000
[2017-03-26 10:49:07][info] k:fee_type=>CNY
[2017-03-26 10:49:07][info] k:is_subscribe=>Y
[2017-03-26 10:49:07][info] k:mch_id=>1244967502
[2017-03-26 10:49:07][info] k:nonce_str=>kbs4ojvcfc5pa81ciubdv2iyq201rwzy
[2017-03-26 10:49:07][info] k:openid=>orYumuGuVh6h9ZO09oPQtsVmmkvA
[2017-03-26 10:49:07][info] k:out_trade_no=>LX-17032522361856401-b
[2017-03-26 10:49:07][info] k:result_code=>SUCCESS
[2017-03-26 10:49:07][info] k:return_code=>SUCCESS
[2017-03-26 10:49:07][info] k:sign=>C878170BAAB1BA18886C1C81E07E86C3
[2017-03-26 10:49:07][info] k:time_end=>20170326104849
[2017-03-26 10:49:07][info] k:total_fee=>360000
[2017-03-26 10:49:07][info] k:trade_type=>NATIVE
[2017-03-26 10:49:07][info] k:transaction_id=>4008612001201703264683246087
[2017-03-26 10:49:07][info] ----------------------------------------
[2017-03-26 10:49:07][info] XML_DATA222:{"appid":"wxefc029d4373dcac0","bank_type":"CFT","cash_fee":"3600.00","fee_type":"CNY","is_subscribe":"Y","mch_id":"1244967502","nonce_str":"kbs4ojvcfc5pa81ciubdv2iyq201rwzy","openid":"orYumuGuVh6h9ZO09oPQtsVmmkvA","out_trade_no":"LX-17032522361856401-b","result_code":"SUCCESS","return_code":"SUCCESS","sign":"C878170BAAB1BA18886C1C81E07E86C3","time_end":"20170326104849","total_fee":"3600.00","trade_type":"NATIVE","transaction_id":"4008612001201703264683246087"}
[2017-03-26 10:49:07][info] 收到重复信息，并处理反馈成功！
[2017-03-26 10:49:07][info] success
[2017-03-26 10:49:07][info] 写入结束!!!
[2017-03-26 20:58:09][info] ----------------------------------------
[2017-03-26 20:58:09][info] XML_DATA111:[{appid=>wxefc029d4373dcac0}{bank_type=>CMB_CREDIT}{cash_fee=>38000}{fee_type=>CNY}{is_subscribe=>N}{mch_id=>1244967502}{nonce_str=>17b147v374zdzhgv2uzp82h2uxeiyyzh}{openid=>orYumuLYUFltMUROxzmB0JtqGIqk}{out_trade_no=>LX-17032010121026306-b}{result_code=>SUCCESS}{return_code=>SUCCESS}{sign=>6C694886FA02085CCAA14EF3F09C98FF}{time_end=>20170326205807}{total_fee=>38000}{trade_type=>NATIVE}{transaction_id=>4010052001201703264754167975}]
[2017-03-26 20:58:09][info] k:appid=>wxefc029d4373dcac0
[2017-03-26 20:58:09][info] k:bank_type=>CMB_CREDIT
[2017-03-26 20:58:09][info] k:cash_fee=>38000
[2017-03-26 20:58:09][info] k:fee_type=>CNY
[2017-03-26 20:58:09][info] k:is_subscribe=>N
[2017-03-26 20:58:09][info] k:mch_id=>1244967502
[2017-03-26 20:58:09][info] k:nonce_str=>17b147v374zdzhgv2uzp82h2uxeiyyzh
[2017-03-26 20:58:09][info] k:openid=>orYumuLYUFltMUROxzmB0JtqGIqk
[2017-03-26 20:58:09][info] k:out_trade_no=>LX-17032010121026306-b
[2017-03-26 20:58:09][info] k:result_code=>SUCCESS
[2017-03-26 20:58:09][info] k:return_code=>SUCCESS
[2017-03-26 20:58:09][info] k:sign=>6C694886FA02085CCAA14EF3F09C98FF
[2017-03-26 20:58:09][info] k:time_end=>20170326205807
[2017-03-26 20:58:09][info] k:total_fee=>38000
[2017-03-26 20:58:09][info] k:trade_type=>NATIVE
[2017-03-26 20:58:09][info] k:transaction_id=>4010052001201703264754167975
[2017-03-26 20:58:09][info] ----------------------------------------
[2017-03-26 20:58:09][info] XML_DATA222:{"appid":"wxefc029d4373dcac0","bank_type":"CMB_CREDIT","cash_fee":"380.00","fee_type":"CNY","is_subscribe":"N","mch_id":"1244967502","nonce_str":"17b147v374zdzhgv2uzp82h2uxeiyyzh","openid":"orYumuLYUFltMUROxzmB0JtqGIqk","out_trade_no":"LX-17032010121026306-b","result_code":"SUCCESS","return_code":"SUCCESS","sign":"6C694886FA02085CCAA14EF3F09C98FF","time_end":"20170326205807","total_fee":"380.00","trade_type":"NATIVE","transaction_id":"4010052001201703264754167975"}
[2017-03-26 20:58:10][warn] 数据存储成功，并成功返回记录编号17415！
[2017-03-26 20:58:23][info] ----------------------------------------
[2017-03-26 20:58:23][info] XML_DATA111:[{appid=>wxefc029d4373dcac0}{bank_type=>CMB_CREDIT}{cash_fee=>38000}{fee_type=>CNY}{is_subscribe=>N}{mch_id=>1244967502}{nonce_str=>17b147v374zdzhgv2uzp82h2uxeiyyzh}{openid=>orYumuLYUFltMUROxzmB0JtqGIqk}{out_trade_no=>LX-17032010121026306-b}{result_code=>SUCCESS}{return_code=>SUCCESS}{sign=>6C694886FA02085CCAA14EF3F09C98FF}{time_end=>20170326205807}{total_fee=>38000}{trade_type=>NATIVE}{transaction_id=>4010052001201703264754167975}]
[2017-03-26 20:58:23][info] k:appid=>wxefc029d4373dcac0
[2017-03-26 20:58:23][info] k:bank_type=>CMB_CREDIT
[2017-03-26 20:58:23][info] k:cash_fee=>38000
[2017-03-26 20:58:23][info] k:fee_type=>CNY
[2017-03-26 20:58:23][info] k:is_subscribe=>N
[2017-03-26 20:58:23][info] k:mch_id=>1244967502
[2017-03-26 20:58:23][info] k:nonce_str=>17b147v374zdzhgv2uzp82h2uxeiyyzh
[2017-03-26 20:58:23][info] k:openid=>orYumuLYUFltMUROxzmB0JtqGIqk
[2017-03-26 20:58:23][info] k:out_trade_no=>LX-17032010121026306-b
[2017-03-26 20:58:23][info] k:result_code=>SUCCESS
[2017-03-26 20:58:23][info] k:return_code=>SUCCESS
[2017-03-26 20:58:23][info] k:sign=>6C694886FA02085CCAA14EF3F09C98FF
[2017-03-26 20:58:23][info] k:time_end=>20170326205807
[2017-03-26 20:58:23][info] k:total_fee=>38000
[2017-03-26 20:58:23][info] k:trade_type=>NATIVE
[2017-03-26 20:58:23][info] k:transaction_id=>4010052001201703264754167975
[2017-03-26 20:58:23][info] ----------------------------------------
[2017-03-26 20:58:23][info] XML_DATA222:{"appid":"wxefc029d4373dcac0","bank_type":"CMB_CREDIT","cash_fee":"380.00","fee_type":"CNY","is_subscribe":"N","mch_id":"1244967502","nonce_str":"17b147v374zdzhgv2uzp82h2uxeiyyzh","openid":"orYumuLYUFltMUROxzmB0JtqGIqk","out_trade_no":"LX-17032010121026306-b","result_code":"SUCCESS","return_code":"SUCCESS","sign":"6C694886FA02085CCAA14EF3F09C98FF","time_end":"20170326205807","total_fee":"380.00","trade_type":"NATIVE","transaction_id":"4010052001201703264754167975"}
[2017-03-26 20:58:23][info] 收到重复信息，并处理反馈成功！
[2017-03-26 20:58:23][info] success
[2017-03-26 20:58:23][info] 写入结束!!!
