[2017-06-23 07:55:55][info] ----------------------------------------
[2017-06-23 07:55:55][info] XML_DATA111:[{appid=>wxefc029d4373dcac0}{bank_type=>HXB_DEBIT}{cash_fee=>219000}{fee_type=>CNY}{is_subscribe=>N}{mch_id=>1244967502}{nonce_str=>abn25vnivee3xv65ii968c8im30ca4it}{openid=>orYumuOPVvixdFYb1IM7L_gVEt4c}{out_trade_no=>LX-17061510033213101-c}{result_code=>SUCCESS}{return_code=>SUCCESS}{sign=>D5A71788C21A45B4180795069FB67F87}{time_end=>20170623075554}{total_fee=>219000}{trade_type=>NATIVE}{transaction_id=>4006412001201706236986104804}]
[2017-06-23 07:55:55][info] k:appid=>wxefc029d4373dcac0
[2017-06-23 07:55:55][info] k:bank_type=>HXB_DEBIT
[2017-06-23 07:55:55][info] k:cash_fee=>219000
[2017-06-23 07:55:55][info] k:fee_type=>CNY
[2017-06-23 07:55:55][info] k:is_subscribe=>N
[2017-06-23 07:55:55][info] k:mch_id=>1244967502
[2017-06-23 07:55:55][info] k:nonce_str=>abn25vnivee3xv65ii968c8im30ca4it
[2017-06-23 07:55:55][info] k:openid=>orYumuOPVvixdFYb1IM7L_gVEt4c
[2017-06-23 07:55:55][info] k:out_trade_no=>LX-17061510033213101-c
[2017-06-23 07:55:55][info] k:result_code=>SUCCESS
[2017-06-23 07:55:55][info] k:return_code=>SUCCESS
[2017-06-23 07:55:55][info] k:sign=>D5A71788C21A45B4180795069FB67F87
[2017-06-23 07:55:55][info] k:time_end=>20170623075554
[2017-06-23 07:55:55][info] k:total_fee=>219000
[2017-06-23 07:55:55][info] k:trade_type=>NATIVE
[2017-06-23 07:55:55][info] k:transaction_id=>4006412001201706236986104804
[2017-06-23 07:55:55][info] ----------------------------------------
[2017-06-23 07:55:55][info] XML_DATA222:{"appid":"wxefc029d4373dcac0","bank_type":"HXB_DEBIT","cash_fee":"2190.00","fee_type":"CNY","is_subscribe":"N","mch_id":"1244967502","nonce_str":"abn25vnivee3xv65ii968c8im30ca4it","openid":"orYumuOPVvixdFYb1IM7L_gVEt4c","out_trade_no":"LX-17061510033213101-c","result_code":"SUCCESS","return_code":"SUCCESS","sign":"D5A71788C21A45B4180795069FB67F87","time_end":"20170623075554","total_fee":"2190.00","trade_type":"NATIVE","transaction_id":"4006412001201706236986104804"}
[2017-06-23 07:55:55][warn] 数据存储成功，并成功返回记录编号17697！
[2017-06-23 07:56:08][info] ----------------------------------------
[2017-06-23 07:56:08][info] XML_DATA111:[{appid=>wxefc029d4373dcac0}{bank_type=>HXB_DEBIT}{cash_fee=>219000}{fee_type=>CNY}{is_subscribe=>N}{mch_id=>1244967502}{nonce_str=>abn25vnivee3xv65ii968c8im30ca4it}{openid=>orYumuOPVvixdFYb1IM7L_gVEt4c}{out_trade_no=>LX-17061510033213101-c}{result_code=>SUCCESS}{return_code=>SUCCESS}{sign=>D5A71788C21A45B4180795069FB67F87}{time_end=>20170623075554}{total_fee=>219000}{trade_type=>NATIVE}{transaction_id=>4006412001201706236986104804}]
[2017-06-23 07:56:08][info] k:appid=>wxefc029d4373dcac0
[2017-06-23 07:56:08][info] k:bank_type=>HXB_DEBIT
[2017-06-23 07:56:08][info] k:cash_fee=>219000
[2017-06-23 07:56:08][info] k:fee_type=>CNY
[2017-06-23 07:56:08][info] k:is_subscribe=>N
[2017-06-23 07:56:08][info] k:mch_id=>1244967502
[2017-06-23 07:56:08][info] k:nonce_str=>abn25vnivee3xv65ii968c8im30ca4it
[2017-06-23 07:56:08][info] k:openid=>orYumuOPVvixdFYb1IM7L_gVEt4c
[2017-06-23 07:56:08][info] k:out_trade_no=>LX-17061510033213101-c
[2017-06-23 07:56:08][info] k:result_code=>SUCCESS
[2017-06-23 07:56:08][info] k:return_code=>SUCCESS
[2017-06-23 07:56:08][info] k:sign=>D5A71788C21A45B4180795069FB67F87
[2017-06-23 07:56:08][info] k:time_end=>20170623075554
[2017-06-23 07:56:08][info] k:total_fee=>219000
[2017-06-23 07:56:08][info] k:trade_type=>NATIVE
[2017-06-23 07:56:08][info] k:transaction_id=>4006412001201706236986104804
[2017-06-23 07:56:08][info] ----------------------------------------
[2017-06-23 07:56:08][info] XML_DATA222:{"appid":"wxefc029d4373dcac0","bank_type":"HXB_DEBIT","cash_fee":"2190.00","fee_type":"CNY","is_subscribe":"N","mch_id":"1244967502","nonce_str":"abn25vnivee3xv65ii968c8im30ca4it","openid":"orYumuOPVvixdFYb1IM7L_gVEt4c","out_trade_no":"LX-17061510033213101-c","result_code":"SUCCESS","return_code":"SUCCESS","sign":"D5A71788C21A45B4180795069FB67F87","time_end":"20170623075554","total_fee":"2190.00","trade_type":"NATIVE","transaction_id":"4006412001201706236986104804"}
[2017-06-23 07:56:08][info] 收到重复信息，并处理反馈成功！
[2017-06-23 07:56:08][info] success
[2017-06-23 07:56:08][info] 写入结束!!!
[2017-06-23 11:51:51][info] ----------------------------------------
[2017-06-23 11:51:51][info] XML_DATA111:[{appid=>wxefc029d4373dcac0}{bank_type=>CITIC_CREDIT}{cash_fee=>950988}{coupon_count=>1}{coupon_fee=>12}{coupon_fee_0=>12}{coupon_id_0=>2000000000687490299}{fee_type=>CNY}{is_subscribe=>N}{mch_id=>1244967502}{nonce_str=>t0w6ia0tatvwd44cyz26jpz0ffvehgop}{openid=>orYumuOZZJFGa6GZBp6WBQ2mZ5jc}{out_trade_no=>LX-17062112593639006-a}{result_code=>SUCCESS}{return_code=>SUCCESS}{sign=>B6F33CB52AE7B48FFCB014A9185F5B33}{time_end=>20170623115150}{total_fee=>951000}{trade_type=>NATIVE}{transaction_id=>4001712001201706237017530900}]
[2017-06-23 11:51:51][info] k:appid=>wxefc029d4373dcac0
[2017-06-23 11:51:51][info] k:bank_type=>CITIC_CREDIT
[2017-06-23 11:51:51][info] k:cash_fee=>950988
[2017-06-23 11:51:51][info] k:coupon_count=>1
[2017-06-23 11:51:51][info] k:coupon_fee=>12
[2017-06-23 11:51:51][info] k:coupon_fee_0=>12
[2017-06-23 11:51:51][info] k:coupon_id_0=>2000000000687490299
[2017-06-23 11:51:51][info] k:fee_type=>CNY
[2017-06-23 11:51:51][info] k:is_subscribe=>N
[2017-06-23 11:51:51][info] k:mch_id=>1244967502
[2017-06-23 11:51:51][info] k:nonce_str=>t0w6ia0tatvwd44cyz26jpz0ffvehgop
[2017-06-23 11:51:51][info] k:openid=>orYumuOZZJFGa6GZBp6WBQ2mZ5jc
[2017-06-23 11:51:51][info] k:out_trade_no=>LX-17062112593639006-a
[2017-06-23 11:51:51][info] k:result_code=>SUCCESS
[2017-06-23 11:51:51][info] k:return_code=>SUCCESS
[2017-06-23 11:51:51][info] k:sign=>B6F33CB52AE7B48FFCB014A9185F5B33
[2017-06-23 11:51:51][info] k:time_end=>20170623115150
[2017-06-23 11:51:51][info] k:total_fee=>951000
[2017-06-23 11:51:51][info] k:trade_type=>NATIVE
[2017-06-23 11:51:51][info] k:transaction_id=>4001712001201706237017530900
[2017-06-23 11:51:51][info] ----------------------------------------
[2017-06-23 11:51:51][info] XML_DATA222:{"appid":"wxefc029d4373dcac0","bank_type":"CITIC_CREDIT","cash_fee":"9509.88","coupon_count":"1","coupon_fee":"12","coupon_fee_0":"12","coupon_id_0":"2000000000687490299","fee_type":"CNY","is_subscribe":"N","mch_id":"1244967502","nonce_str":"t0w6ia0tatvwd44cyz26jpz0ffvehgop","openid":"orYumuOZZJFGa6GZBp6WBQ2mZ5jc","out_trade_no":"LX-17062112593639006-a","result_code":"SUCCESS","return_code":"SUCCESS","sign":"B6F33CB52AE7B48FFCB014A9185F5B33","time_end":"20170623115150","total_fee":"9510.00","trade_type":"NATIVE","transaction_id":"4001712001201706237017530900"}
[2017-06-23 11:51:51][warn] 数据存储成功，并成功返回记录编号17701！
[2017-06-23 11:52:03][info] ----------------------------------------
[2017-06-23 11:52:03][info] XML_DATA111:[{appid=>wxefc029d4373dcac0}{bank_type=>CITIC_CREDIT}{cash_fee=>950988}{coupon_count=>1}{coupon_fee=>12}{coupon_fee_0=>12}{coupon_id_0=>2000000000687490299}{fee_type=>CNY}{is_subscribe=>N}{mch_id=>1244967502}{nonce_str=>t0w6ia0tatvwd44cyz26jpz0ffvehgop}{openid=>orYumuOZZJFGa6GZBp6WBQ2mZ5jc}{out_trade_no=>LX-17062112593639006-a}{result_code=>SUCCESS}{return_code=>SUCCESS}{sign=>B6F33CB52AE7B48FFCB014A9185F5B33}{time_end=>20170623115150}{total_fee=>951000}{trade_type=>NATIVE}{transaction_id=>4001712001201706237017530900}]
[2017-06-23 11:52:03][info] k:appid=>wxefc029d4373dcac0
[2017-06-23 11:52:03][info] k:bank_type=>CITIC_CREDIT
[2017-06-23 11:52:03][info] k:cash_fee=>950988
[2017-06-23 11:52:03][info] k:coupon_count=>1
[2017-06-23 11:52:03][info] k:coupon_fee=>12
[2017-06-23 11:52:03][info] k:coupon_fee_0=>12
[2017-06-23 11:52:03][info] k:coupon_id_0=>2000000000687490299
[2017-06-23 11:52:03][info] k:fee_type=>CNY
[2017-06-23 11:52:03][info] k:is_subscribe=>N
[2017-06-23 11:52:03][info] k:mch_id=>1244967502
[2017-06-23 11:52:03][info] k:nonce_str=>t0w6ia0tatvwd44cyz26jpz0ffvehgop
[2017-06-23 11:52:03][info] k:openid=>orYumuOZZJFGa6GZBp6WBQ2mZ5jc
[2017-06-23 11:52:03][info] k:out_trade_no=>LX-17062112593639006-a
[2017-06-23 11:52:03][info] k:result_code=>SUCCESS
[2017-06-23 11:52:03][info] k:return_code=>SUCCESS
[2017-06-23 11:52:03][info] k:sign=>B6F33CB52AE7B48FFCB014A9185F5B33
[2017-06-23 11:52:03][info] k:time_end=>20170623115150
[2017-06-23 11:52:03][info] k:total_fee=>951000
[2017-06-23 11:52:03][info] k:trade_type=>NATIVE
[2017-06-23 11:52:03][info] k:transaction_id=>4001712001201706237017530900
[2017-06-23 11:52:03][info] ----------------------------------------
[2017-06-23 11:52:03][info] XML_DATA222:{"appid":"wxefc029d4373dcac0","bank_type":"CITIC_CREDIT","cash_fee":"9509.88","coupon_count":"1","coupon_fee":"12","coupon_fee_0":"12","coupon_id_0":"2000000000687490299","fee_type":"CNY","is_subscribe":"N","mch_id":"1244967502","nonce_str":"t0w6ia0tatvwd44cyz26jpz0ffvehgop","openid":"orYumuOZZJFGa6GZBp6WBQ2mZ5jc","out_trade_no":"LX-17062112593639006-a","result_code":"SUCCESS","return_code":"SUCCESS","sign":"B6F33CB52AE7B48FFCB014A9185F5B33","time_end":"20170623115150","total_fee":"9510.00","trade_type":"NATIVE","transaction_id":"4001712001201706237017530900"}
[2017-06-23 11:52:03][info] 收到重复信息，并处理反馈成功！
[2017-06-23 11:52:03][info] success
[2017-06-23 11:52:03][info] 写入结束!!!
