[2017-08-01 09:35:26][info] ----------------------------------------
[2017-08-01 09:35:26][info] XML_DATA111:[{appid=>wxefc029d4373dcac0}{bank_type=>CFT}{cash_fee=>348000}{fee_type=>CNY}{is_subscribe=>Y}{mch_id=>1244967502}{nonce_str=>urh9xyyy9gmytt194lhv4jjwl6m91hu1}{openid=>orYumuImJ5gZpjiOkb55x3ruzrmc}{out_trade_no=>LX-17080108574438701-d}{result_code=>SUCCESS}{return_code=>SUCCESS}{sign=>582A25F9EC8B5191499FAF9431E3EB11}{time_end=>20170801093525}{total_fee=>348000}{trade_type=>NATIVE}{transaction_id=>4004832001201708013784295969}]
[2017-08-01 09:35:26][info] k:appid=>wxefc029d4373dcac0
[2017-08-01 09:35:26][info] k:bank_type=>CFT
[2017-08-01 09:35:26][info] k:cash_fee=>348000
[2017-08-01 09:35:26][info] k:fee_type=>CNY
[2017-08-01 09:35:26][info] k:is_subscribe=>Y
[2017-08-01 09:35:26][info] k:mch_id=>1244967502
[2017-08-01 09:35:26][info] k:nonce_str=>urh9xyyy9gmytt194lhv4jjwl6m91hu1
[2017-08-01 09:35:26][info] k:openid=>orYumuImJ5gZpjiOkb55x3ruzrmc
[2017-08-01 09:35:26][info] k:out_trade_no=>LX-17080108574438701-d
[2017-08-01 09:35:26][info] k:result_code=>SUCCESS
[2017-08-01 09:35:26][info] k:return_code=>SUCCESS
[2017-08-01 09:35:26][info] k:sign=>582A25F9EC8B5191499FAF9431E3EB11
[2017-08-01 09:35:26][info] k:time_end=>20170801093525
[2017-08-01 09:35:26][info] k:total_fee=>348000
[2017-08-01 09:35:26][info] k:trade_type=>NATIVE
[2017-08-01 09:35:26][info] k:transaction_id=>4004832001201708013784295969
[2017-08-01 09:35:26][info] ----------------------------------------
[2017-08-01 09:35:26][info] XML_DATA222:{"appid":"wxefc029d4373dcac0","bank_type":"CFT","cash_fee":"3480.00","fee_type":"CNY","is_subscribe":"Y","mch_id":"1244967502","nonce_str":"urh9xyyy9gmytt194lhv4jjwl6m91hu1","openid":"orYumuImJ5gZpjiOkb55x3ruzrmc","out_trade_no":"LX-17080108574438701-d","result_code":"SUCCESS","return_code":"SUCCESS","sign":"582A25F9EC8B5191499FAF9431E3EB11","time_end":"20170801093525","total_fee":"3480.00","trade_type":"NATIVE","transaction_id":"4004832001201708013784295969"}
[2017-08-01 09:35:26][warn] 数据存储成功，并成功返回记录编号18388！
[2017-08-01 09:35:35][info] ----------------------------------------
[2017-08-01 09:35:35][info] XML_DATA111:[{appid=>wxefc029d4373dcac0}{bank_type=>CFT}{cash_fee=>348000}{fee_type=>CNY}{is_subscribe=>Y}{mch_id=>1244967502}{nonce_str=>urh9xyyy9gmytt194lhv4jjwl6m91hu1}{openid=>orYumuImJ5gZpjiOkb55x3ruzrmc}{out_trade_no=>LX-17080108574438701-d}{result_code=>SUCCESS}{return_code=>SUCCESS}{sign=>582A25F9EC8B5191499FAF9431E3EB11}{time_end=>20170801093525}{total_fee=>348000}{trade_type=>NATIVE}{transaction_id=>4004832001201708013784295969}]
[2017-08-01 09:35:35][info] k:appid=>wxefc029d4373dcac0
[2017-08-01 09:35:35][info] k:bank_type=>CFT
[2017-08-01 09:35:35][info] k:cash_fee=>348000
[2017-08-01 09:35:35][info] k:fee_type=>CNY
[2017-08-01 09:35:35][info] k:is_subscribe=>Y
[2017-08-01 09:35:35][info] k:mch_id=>1244967502
[2017-08-01 09:35:35][info] k:nonce_str=>urh9xyyy9gmytt194lhv4jjwl6m91hu1
[2017-08-01 09:35:35][info] k:openid=>orYumuImJ5gZpjiOkb55x3ruzrmc
[2017-08-01 09:35:35][info] k:out_trade_no=>LX-17080108574438701-d
[2017-08-01 09:35:35][info] k:result_code=>SUCCESS
[2017-08-01 09:35:35][info] k:return_code=>SUCCESS
[2017-08-01 09:35:35][info] k:sign=>582A25F9EC8B5191499FAF9431E3EB11
[2017-08-01 09:35:35][info] k:time_end=>20170801093525
[2017-08-01 09:35:35][info] k:total_fee=>348000
[2017-08-01 09:35:35][info] k:trade_type=>NATIVE
[2017-08-01 09:35:35][info] k:transaction_id=>4004832001201708013784295969
[2017-08-01 09:35:35][info] ----------------------------------------
[2017-08-01 09:35:35][info] XML_DATA222:{"appid":"wxefc029d4373dcac0","bank_type":"CFT","cash_fee":"3480.00","fee_type":"CNY","is_subscribe":"Y","mch_id":"1244967502","nonce_str":"urh9xyyy9gmytt194lhv4jjwl6m91hu1","openid":"orYumuImJ5gZpjiOkb55x3ruzrmc","out_trade_no":"LX-17080108574438701-d","result_code":"SUCCESS","return_code":"SUCCESS","sign":"582A25F9EC8B5191499FAF9431E3EB11","time_end":"20170801093525","total_fee":"3480.00","trade_type":"NATIVE","transaction_id":"4004832001201708013784295969"}
[2017-08-01 09:35:35][info] 收到重复信息，并处理反馈成功！
[2017-08-01 09:35:35][info] success
[2017-08-01 09:35:35][info] 写入结束!!!
[2017-08-01 10:47:19][info] ----------------------------------------
[2017-08-01 10:47:19][info] XML_DATA111:[{appid=>wxefc029d4373dcac0}{bank_type=>CCB_CREDIT}{cash_fee=>1590000}{fee_type=>CNY}{is_subscribe=>Y}{mch_id=>1244967502}{nonce_str=>xi38sg7o8jskhnlrm29x7ln3cglhpof5}{openid=>orYumuFGi3I5a7HaaaoBH_ZUe-lE}{out_trade_no=>LX-1707181103271206-f}{result_code=>SUCCESS}{return_code=>SUCCESS}{sign=>4648E1B1894AEBBEAA9AA2C351D25BE0}{time_end=>20170801104719}{total_fee=>1590000}{trade_type=>NATIVE}{transaction_id=>4000612001201708013797560481}]
[2017-08-01 10:47:19][info] k:appid=>wxefc029d4373dcac0
[2017-08-01 10:47:19][info] k:bank_type=>CCB_CREDIT
[2017-08-01 10:47:19][info] k:cash_fee=>1590000
[2017-08-01 10:47:19][info] k:fee_type=>CNY
[2017-08-01 10:47:19][info] k:is_subscribe=>Y
[2017-08-01 10:47:19][info] k:mch_id=>1244967502
[2017-08-01 10:47:19][info] k:nonce_str=>xi38sg7o8jskhnlrm29x7ln3cglhpof5
[2017-08-01 10:47:19][info] k:openid=>orYumuFGi3I5a7HaaaoBH_ZUe-lE
[2017-08-01 10:47:19][info] k:out_trade_no=>LX-1707181103271206-f
[2017-08-01 10:47:19][info] k:result_code=>SUCCESS
[2017-08-01 10:47:19][info] k:return_code=>SUCCESS
[2017-08-01 10:47:19][info] k:sign=>4648E1B1894AEBBEAA9AA2C351D25BE0
[2017-08-01 10:47:19][info] k:time_end=>20170801104719
[2017-08-01 10:47:19][info] k:total_fee=>1590000
[2017-08-01 10:47:19][info] k:trade_type=>NATIVE
[2017-08-01 10:47:19][info] k:transaction_id=>4000612001201708013797560481
[2017-08-01 10:47:19][info] ----------------------------------------
[2017-08-01 10:47:19][info] XML_DATA222:{"appid":"wxefc029d4373dcac0","bank_type":"CCB_CREDIT","cash_fee":"15900.00","fee_type":"CNY","is_subscribe":"Y","mch_id":"1244967502","nonce_str":"xi38sg7o8jskhnlrm29x7ln3cglhpof5","openid":"orYumuFGi3I5a7HaaaoBH_ZUe-lE","out_trade_no":"LX-1707181103271206-f","result_code":"SUCCESS","return_code":"SUCCESS","sign":"4648E1B1894AEBBEAA9AA2C351D25BE0","time_end":"20170801104719","total_fee":"15900.00","trade_type":"NATIVE","transaction_id":"4000612001201708013797560481"}
[2017-08-01 10:47:20][warn] 数据存储成功，并成功返回记录编号18391！
[2017-08-01 10:47:30][info] ----------------------------------------
[2017-08-01 10:47:30][info] XML_DATA111:[{appid=>wxefc029d4373dcac0}{bank_type=>CCB_CREDIT}{cash_fee=>1590000}{fee_type=>CNY}{is_subscribe=>Y}{mch_id=>1244967502}{nonce_str=>xi38sg7o8jskhnlrm29x7ln3cglhpof5}{openid=>orYumuFGi3I5a7HaaaoBH_ZUe-lE}{out_trade_no=>LX-1707181103271206-f}{result_code=>SUCCESS}{return_code=>SUCCESS}{sign=>4648E1B1894AEBBEAA9AA2C351D25BE0}{time_end=>20170801104719}{total_fee=>1590000}{trade_type=>NATIVE}{transaction_id=>4000612001201708013797560481}]
[2017-08-01 10:47:30][info] k:appid=>wxefc029d4373dcac0
[2017-08-01 10:47:30][info] k:bank_type=>CCB_CREDIT
[2017-08-01 10:47:30][info] k:cash_fee=>1590000
[2017-08-01 10:47:30][info] k:fee_type=>CNY
[2017-08-01 10:47:30][info] k:is_subscribe=>Y
[2017-08-01 10:47:30][info] k:mch_id=>1244967502
[2017-08-01 10:47:30][info] k:nonce_str=>xi38sg7o8jskhnlrm29x7ln3cglhpof5
[2017-08-01 10:47:30][info] k:openid=>orYumuFGi3I5a7HaaaoBH_ZUe-lE
[2017-08-01 10:47:30][info] k:out_trade_no=>LX-1707181103271206-f
[2017-08-01 10:47:30][info] k:result_code=>SUCCESS
[2017-08-01 10:47:30][info] k:return_code=>SUCCESS
[2017-08-01 10:47:30][info] k:sign=>4648E1B1894AEBBEAA9AA2C351D25BE0
[2017-08-01 10:47:30][info] k:time_end=>20170801104719
[2017-08-01 10:47:30][info] k:total_fee=>1590000
[2017-08-01 10:47:30][info] k:trade_type=>NATIVE
[2017-08-01 10:47:30][info] k:transaction_id=>4000612001201708013797560481
[2017-08-01 10:47:30][info] ----------------------------------------
[2017-08-01 10:47:30][info] XML_DATA222:{"appid":"wxefc029d4373dcac0","bank_type":"CCB_CREDIT","cash_fee":"15900.00","fee_type":"CNY","is_subscribe":"Y","mch_id":"1244967502","nonce_str":"xi38sg7o8jskhnlrm29x7ln3cglhpof5","openid":"orYumuFGi3I5a7HaaaoBH_ZUe-lE","out_trade_no":"LX-1707181103271206-f","result_code":"SUCCESS","return_code":"SUCCESS","sign":"4648E1B1894AEBBEAA9AA2C351D25BE0","time_end":"20170801104719","total_fee":"15900.00","trade_type":"NATIVE","transaction_id":"4000612001201708013797560481"}
[2017-08-01 10:47:30][info] 收到重复信息，并处理反馈成功！
[2017-08-01 10:47:30][info] success
[2017-08-01 10:47:30][info] 写入结束!!!
[2017-08-01 10:49:48][info] ----------------------------------------
[2017-08-01 10:49:48][info] XML_DATA111:[{appid=>wxefc029d4373dcac0}{bank_type=>GDB_CREDIT}{cash_fee=>1590000}{fee_type=>CNY}{is_subscribe=>Y}{mch_id=>1244967502}{nonce_str=>rsl06lynjdwr542aqrofnq0etgjanvyd}{openid=>orYumuFGi3I5a7HaaaoBH_ZUe-lE}{out_trade_no=>LX-1707181103271206-4}{result_code=>SUCCESS}{return_code=>SUCCESS}{sign=>A30F76CE98177E2C44501FAC53FB79FD}{time_end=>20170801104947}{total_fee=>1590000}{trade_type=>NATIVE}{transaction_id=>4000612001201708013796088962}]
[2017-08-01 10:49:48][info] k:appid=>wxefc029d4373dcac0
[2017-08-01 10:49:48][info] k:bank_type=>GDB_CREDIT
[2017-08-01 10:49:48][info] k:cash_fee=>1590000
[2017-08-01 10:49:48][info] k:fee_type=>CNY
[2017-08-01 10:49:48][info] k:is_subscribe=>Y
[2017-08-01 10:49:48][info] k:mch_id=>1244967502
[2017-08-01 10:49:48][info] k:nonce_str=>rsl06lynjdwr542aqrofnq0etgjanvyd
[2017-08-01 10:49:48][info] k:openid=>orYumuFGi3I5a7HaaaoBH_ZUe-lE
[2017-08-01 10:49:48][info] k:out_trade_no=>LX-1707181103271206-4
[2017-08-01 10:49:48][info] k:result_code=>SUCCESS
[2017-08-01 10:49:48][info] k:return_code=>SUCCESS
[2017-08-01 10:49:48][info] k:sign=>A30F76CE98177E2C44501FAC53FB79FD
[2017-08-01 10:49:48][info] k:time_end=>20170801104947
[2017-08-01 10:49:48][info] k:total_fee=>1590000
[2017-08-01 10:49:48][info] k:trade_type=>NATIVE
[2017-08-01 10:49:48][info] k:transaction_id=>4000612001201708013796088962
[2017-08-01 10:49:48][info] ----------------------------------------
[2017-08-01 10:49:48][info] XML_DATA222:{"appid":"wxefc029d4373dcac0","bank_type":"GDB_CREDIT","cash_fee":"15900.00","fee_type":"CNY","is_subscribe":"Y","mch_id":"1244967502","nonce_str":"rsl06lynjdwr542aqrofnq0etgjanvyd","openid":"orYumuFGi3I5a7HaaaoBH_ZUe-lE","out_trade_no":"LX-1707181103271206-4","result_code":"SUCCESS","return_code":"SUCCESS","sign":"A30F76CE98177E2C44501FAC53FB79FD","time_end":"20170801104947","total_fee":"15900.00","trade_type":"NATIVE","transaction_id":"4000612001201708013796088962"}
[2017-08-01 10:49:48][warn] 数据存储成功，并成功返回记录编号18392！
[2017-08-01 10:50:04][info] ----------------------------------------
[2017-08-01 10:50:04][info] XML_DATA111:[{appid=>wxefc029d4373dcac0}{bank_type=>GDB_CREDIT}{cash_fee=>1590000}{fee_type=>CNY}{is_subscribe=>Y}{mch_id=>1244967502}{nonce_str=>rsl06lynjdwr542aqrofnq0etgjanvyd}{openid=>orYumuFGi3I5a7HaaaoBH_ZUe-lE}{out_trade_no=>LX-1707181103271206-4}{result_code=>SUCCESS}{return_code=>SUCCESS}{sign=>A30F76CE98177E2C44501FAC53FB79FD}{time_end=>20170801104947}{total_fee=>1590000}{trade_type=>NATIVE}{transaction_id=>4000612001201708013796088962}]
[2017-08-01 10:50:04][info] k:appid=>wxefc029d4373dcac0
[2017-08-01 10:50:04][info] k:bank_type=>GDB_CREDIT
[2017-08-01 10:50:04][info] k:cash_fee=>1590000
[2017-08-01 10:50:04][info] k:fee_type=>CNY
[2017-08-01 10:50:04][info] k:is_subscribe=>Y
[2017-08-01 10:50:04][info] k:mch_id=>1244967502
[2017-08-01 10:50:04][info] k:nonce_str=>rsl06lynjdwr542aqrofnq0etgjanvyd
[2017-08-01 10:50:04][info] k:openid=>orYumuFGi3I5a7HaaaoBH_ZUe-lE
[2017-08-01 10:50:04][info] k:out_trade_no=>LX-1707181103271206-4
[2017-08-01 10:50:04][info] k:result_code=>SUCCESS
[2017-08-01 10:50:04][info] k:return_code=>SUCCESS
[2017-08-01 10:50:04][info] k:sign=>A30F76CE98177E2C44501FAC53FB79FD
[2017-08-01 10:50:04][info] k:time_end=>20170801104947
[2017-08-01 10:50:04][info] k:total_fee=>1590000
[2017-08-01 10:50:04][info] k:trade_type=>NATIVE
[2017-08-01 10:50:04][info] k:transaction_id=>4000612001201708013796088962
[2017-08-01 10:50:04][info] ----------------------------------------
[2017-08-01 10:50:04][info] XML_DATA222:{"appid":"wxefc029d4373dcac0","bank_type":"GDB_CREDIT","cash_fee":"15900.00","fee_type":"CNY","is_subscribe":"Y","mch_id":"1244967502","nonce_str":"rsl06lynjdwr542aqrofnq0etgjanvyd","openid":"orYumuFGi3I5a7HaaaoBH_ZUe-lE","out_trade_no":"LX-1707181103271206-4","result_code":"SUCCESS","return_code":"SUCCESS","sign":"A30F76CE98177E2C44501FAC53FB79FD","time_end":"20170801104947","total_fee":"15900.00","trade_type":"NATIVE","transaction_id":"4000612001201708013796088962"}
[2017-08-01 10:50:04][info] 收到重复信息，并处理反馈成功！
[2017-08-01 10:50:04][info] success
[2017-08-01 10:50:04][info] 写入结束!!!
[2017-08-01 13:08:58][info] ----------------------------------------
[2017-08-01 13:08:58][info] XML_DATA111:[{appid=>wxefc029d4373dcac0}{bank_type=>CFT}{cash_fee=>816000}{fee_type=>CNY}{is_subscribe=>Y}{mch_id=>1244967502}{nonce_str=>jaweshx0y4feyjra4tg7vftzfjoow59g}{openid=>orYumuEO-JvwzZE7rjE8W1KaI3UM}{out_trade_no=>LX-17080112432578706-7}{result_code=>SUCCESS}{return_code=>SUCCESS}{sign=>87B6B502F94E0EB1F11381E1089791E1}{time_end=>20170801130858}{total_fee=>816000}{trade_type=>NATIVE}{transaction_id=>4005452001201708013831122753}]
[2017-08-01 13:08:58][info] k:appid=>wxefc029d4373dcac0
[2017-08-01 13:08:58][info] k:bank_type=>CFT
[2017-08-01 13:08:58][info] k:cash_fee=>816000
[2017-08-01 13:08:58][info] k:fee_type=>CNY
[2017-08-01 13:08:58][info] k:is_subscribe=>Y
[2017-08-01 13:08:58][info] k:mch_id=>1244967502
[2017-08-01 13:08:58][info] k:nonce_str=>jaweshx0y4feyjra4tg7vftzfjoow59g
[2017-08-01 13:08:58][info] k:openid=>orYumuEO-JvwzZE7rjE8W1KaI3UM
[2017-08-01 13:08:58][info] k:out_trade_no=>LX-17080112432578706-7
[2017-08-01 13:08:58][info] k:result_code=>SUCCESS
[2017-08-01 13:08:58][info] k:return_code=>SUCCESS
[2017-08-01 13:08:58][info] k:sign=>87B6B502F94E0EB1F11381E1089791E1
[2017-08-01 13:08:58][info] k:time_end=>20170801130858
[2017-08-01 13:08:58][info] k:total_fee=>816000
[2017-08-01 13:08:58][info] k:trade_type=>NATIVE
[2017-08-01 13:08:58][info] k:transaction_id=>4005452001201708013831122753
[2017-08-01 13:08:58][info] ----------------------------------------
[2017-08-01 13:08:58][info] XML_DATA222:{"appid":"wxefc029d4373dcac0","bank_type":"CFT","cash_fee":"8160.00","fee_type":"CNY","is_subscribe":"Y","mch_id":"1244967502","nonce_str":"jaweshx0y4feyjra4tg7vftzfjoow59g","openid":"orYumuEO-JvwzZE7rjE8W1KaI3UM","out_trade_no":"LX-17080112432578706-7","result_code":"SUCCESS","return_code":"SUCCESS","sign":"87B6B502F94E0EB1F11381E1089791E1","time_end":"20170801130858","total_fee":"8160.00","trade_type":"NATIVE","transaction_id":"4005452001201708013831122753"}
[2017-08-01 13:08:58][warn] 数据存储成功，并成功返回记录编号18394！
[2017-08-01 13:09:07][info] ----------------------------------------
[2017-08-01 13:09:07][info] XML_DATA111:[{appid=>wxefc029d4373dcac0}{bank_type=>CFT}{cash_fee=>816000}{fee_type=>CNY}{is_subscribe=>Y}{mch_id=>1244967502}{nonce_str=>jaweshx0y4feyjra4tg7vftzfjoow59g}{openid=>orYumuEO-JvwzZE7rjE8W1KaI3UM}{out_trade_no=>LX-17080112432578706-7}{result_code=>SUCCESS}{return_code=>SUCCESS}{sign=>87B6B502F94E0EB1F11381E1089791E1}{time_end=>20170801130858}{total_fee=>816000}{trade_type=>NATIVE}{transaction_id=>4005452001201708013831122753}]
[2017-08-01 13:09:07][info] k:appid=>wxefc029d4373dcac0
[2017-08-01 13:09:07][info] k:bank_type=>CFT
[2017-08-01 13:09:07][info] k:cash_fee=>816000
[2017-08-01 13:09:07][info] k:fee_type=>CNY
[2017-08-01 13:09:07][info] k:is_subscribe=>Y
[2017-08-01 13:09:07][info] k:mch_id=>1244967502
[2017-08-01 13:09:07][info] k:nonce_str=>jaweshx0y4feyjra4tg7vftzfjoow59g
[2017-08-01 13:09:07][info] k:openid=>orYumuEO-JvwzZE7rjE8W1KaI3UM
[2017-08-01 13:09:07][info] k:out_trade_no=>LX-17080112432578706-7
[2017-08-01 13:09:07][info] k:result_code=>SUCCESS
[2017-08-01 13:09:07][info] k:return_code=>SUCCESS
[2017-08-01 13:09:07][info] k:sign=>87B6B502F94E0EB1F11381E1089791E1
[2017-08-01 13:09:07][info] k:time_end=>20170801130858
[2017-08-01 13:09:07][info] k:total_fee=>816000
[2017-08-01 13:09:07][info] k:trade_type=>NATIVE
[2017-08-01 13:09:07][info] k:transaction_id=>4005452001201708013831122753
[2017-08-01 13:09:07][info] ----------------------------------------
[2017-08-01 13:09:07][info] XML_DATA222:{"appid":"wxefc029d4373dcac0","bank_type":"CFT","cash_fee":"8160.00","fee_type":"CNY","is_subscribe":"Y","mch_id":"1244967502","nonce_str":"jaweshx0y4feyjra4tg7vftzfjoow59g","openid":"orYumuEO-JvwzZE7rjE8W1KaI3UM","out_trade_no":"LX-17080112432578706-7","result_code":"SUCCESS","return_code":"SUCCESS","sign":"87B6B502F94E0EB1F11381E1089791E1","time_end":"20170801130858","total_fee":"8160.00","trade_type":"NATIVE","transaction_id":"4005452001201708013831122753"}
[2017-08-01 13:09:07][info] 收到重复信息，并处理反馈成功！
[2017-08-01 13:09:07][info] success
[2017-08-01 13:09:07][info] 写入结束!!!
