[2017-06-20 13:37:46][info] ----------------------------------------
[2017-06-20 13:37:46][info] XML_DATA111:[{appid=>wxefc029d4373dcac0}{bank_type=>ABC_DEBIT}{cash_fee=>936000}{fee_type=>CNY}{is_subscribe=>Y}{mch_id=>1244967502}{nonce_str=>vr24eepyla1zbbi51p446bshuqyntw8r}{openid=>orYumuH3yuxIbj1GuaSt4tQPTTlo}{out_trade_no=>LX-1706181236062706-a}{result_code=>SUCCESS}{return_code=>SUCCESS}{sign=>910412CE13CABEC93F132CD21237EE97}{time_end=>20170620133746}{total_fee=>936000}{trade_type=>NATIVE}{transaction_id=>4001052001201706206590352017}]
[2017-06-20 13:37:46][info] k:appid=>wxefc029d4373dcac0
[2017-06-20 13:37:46][info] k:bank_type=>ABC_DEBIT
[2017-06-20 13:37:46][info] k:cash_fee=>936000
[2017-06-20 13:37:46][info] k:fee_type=>CNY
[2017-06-20 13:37:46][info] k:is_subscribe=>Y
[2017-06-20 13:37:46][info] k:mch_id=>1244967502
[2017-06-20 13:37:46][info] k:nonce_str=>vr24eepyla1zbbi51p446bshuqyntw8r
[2017-06-20 13:37:46][info] k:openid=>orYumuH3yuxIbj1GuaSt4tQPTTlo
[2017-06-20 13:37:46][info] k:out_trade_no=>LX-1706181236062706-a
[2017-06-20 13:37:46][info] k:result_code=>SUCCESS
[2017-06-20 13:37:46][info] k:return_code=>SUCCESS
[2017-06-20 13:37:46][info] k:sign=>910412CE13CABEC93F132CD21237EE97
[2017-06-20 13:37:46][info] k:time_end=>20170620133746
[2017-06-20 13:37:46][info] k:total_fee=>936000
[2017-06-20 13:37:46][info] k:trade_type=>NATIVE
[2017-06-20 13:37:46][info] k:transaction_id=>4001052001201706206590352017
[2017-06-20 13:37:46][info] ----------------------------------------
[2017-06-20 13:37:46][info] XML_DATA222:{"appid":"wxefc029d4373dcac0","bank_type":"ABC_DEBIT","cash_fee":"9360.00","fee_type":"CNY","is_subscribe":"Y","mch_id":"1244967502","nonce_str":"vr24eepyla1zbbi51p446bshuqyntw8r","openid":"orYumuH3yuxIbj1GuaSt4tQPTTlo","out_trade_no":"LX-1706181236062706-a","result_code":"SUCCESS","return_code":"SUCCESS","sign":"910412CE13CABEC93F132CD21237EE97","time_end":"20170620133746","total_fee":"9360.00","trade_type":"NATIVE","transaction_id":"4001052001201706206590352017"}
[2017-06-20 13:37:46][warn] 数据存储成功，并成功返回记录编号17669！
[2017-06-20 13:37:59][info] ----------------------------------------
[2017-06-20 13:37:59][info] XML_DATA111:[{appid=>wxefc029d4373dcac0}{bank_type=>ABC_DEBIT}{cash_fee=>936000}{fee_type=>CNY}{is_subscribe=>Y}{mch_id=>1244967502}{nonce_str=>vr24eepyla1zbbi51p446bshuqyntw8r}{openid=>orYumuH3yuxIbj1GuaSt4tQPTTlo}{out_trade_no=>LX-1706181236062706-a}{result_code=>SUCCESS}{return_code=>SUCCESS}{sign=>910412CE13CABEC93F132CD21237EE97}{time_end=>20170620133746}{total_fee=>936000}{trade_type=>NATIVE}{transaction_id=>4001052001201706206590352017}]
[2017-06-20 13:37:59][info] k:appid=>wxefc029d4373dcac0
[2017-06-20 13:37:59][info] k:bank_type=>ABC_DEBIT
[2017-06-20 13:37:59][info] k:cash_fee=>936000
[2017-06-20 13:37:59][info] k:fee_type=>CNY
[2017-06-20 13:37:59][info] k:is_subscribe=>Y
[2017-06-20 13:37:59][info] k:mch_id=>1244967502
[2017-06-20 13:37:59][info] k:nonce_str=>vr24eepyla1zbbi51p446bshuqyntw8r
[2017-06-20 13:37:59][info] k:openid=>orYumuH3yuxIbj1GuaSt4tQPTTlo
[2017-06-20 13:37:59][info] k:out_trade_no=>LX-1706181236062706-a
[2017-06-20 13:37:59][info] k:result_code=>SUCCESS
[2017-06-20 13:37:59][info] k:return_code=>SUCCESS
[2017-06-20 13:37:59][info] k:sign=>910412CE13CABEC93F132CD21237EE97
[2017-06-20 13:37:59][info] k:time_end=>20170620133746
[2017-06-20 13:37:59][info] k:total_fee=>936000
[2017-06-20 13:37:59][info] k:trade_type=>NATIVE
[2017-06-20 13:37:59][info] k:transaction_id=>4001052001201706206590352017
[2017-06-20 13:37:59][info] ----------------------------------------
[2017-06-20 13:37:59][info] XML_DATA222:{"appid":"wxefc029d4373dcac0","bank_type":"ABC_DEBIT","cash_fee":"9360.00","fee_type":"CNY","is_subscribe":"Y","mch_id":"1244967502","nonce_str":"vr24eepyla1zbbi51p446bshuqyntw8r","openid":"orYumuH3yuxIbj1GuaSt4tQPTTlo","out_trade_no":"LX-1706181236062706-a","result_code":"SUCCESS","return_code":"SUCCESS","sign":"910412CE13CABEC93F132CD21237EE97","time_end":"20170620133746","total_fee":"9360.00","trade_type":"NATIVE","transaction_id":"4001052001201706206590352017"}
[2017-06-20 13:37:59][info] 收到重复信息，并处理反馈成功！
[2017-06-20 13:37:59][info] success
[2017-06-20 13:37:59][info] 写入结束!!!
[2017-06-20 18:43:36][info] ----------------------------------------
[2017-06-20 18:43:36][info] XML_DATA111:[{appid=>wxefc029d4373dcac0}{bank_type=>CFT}{cash_fee=>640000}{fee_type=>CNY}{is_subscribe=>Y}{mch_id=>1244967502}{nonce_str=>tcywwixxfbj9pkupmhzjk5ynou034lah}{openid=>orYumuGBfbSZ6HLYVROLTKYGdUpI}{out_trade_no=>LX-17061913261236401-9}{result_code=>SUCCESS}{return_code=>SUCCESS}{sign=>8D6E79E6F5A8AC66BFB4FDD6E99D516D}{time_end=>20170620184335}{total_fee=>640000}{trade_type=>NATIVE}{transaction_id=>4005132001201706206627881007}]
[2017-06-20 18:43:36][info] k:appid=>wxefc029d4373dcac0
[2017-06-20 18:43:36][info] k:bank_type=>CFT
[2017-06-20 18:43:36][info] k:cash_fee=>640000
[2017-06-20 18:43:36][info] k:fee_type=>CNY
[2017-06-20 18:43:36][info] k:is_subscribe=>Y
[2017-06-20 18:43:36][info] k:mch_id=>1244967502
[2017-06-20 18:43:36][info] k:nonce_str=>tcywwixxfbj9pkupmhzjk5ynou034lah
[2017-06-20 18:43:36][info] k:openid=>orYumuGBfbSZ6HLYVROLTKYGdUpI
[2017-06-20 18:43:36][info] k:out_trade_no=>LX-17061913261236401-9
[2017-06-20 18:43:36][info] k:result_code=>SUCCESS
[2017-06-20 18:43:36][info] k:return_code=>SUCCESS
[2017-06-20 18:43:36][info] k:sign=>8D6E79E6F5A8AC66BFB4FDD6E99D516D
[2017-06-20 18:43:36][info] k:time_end=>20170620184335
[2017-06-20 18:43:36][info] k:total_fee=>640000
[2017-06-20 18:43:36][info] k:trade_type=>NATIVE
[2017-06-20 18:43:36][info] k:transaction_id=>4005132001201706206627881007
[2017-06-20 18:43:36][info] ----------------------------------------
[2017-06-20 18:43:36][info] XML_DATA222:{"appid":"wxefc029d4373dcac0","bank_type":"CFT","cash_fee":"6400.00","fee_type":"CNY","is_subscribe":"Y","mch_id":"1244967502","nonce_str":"tcywwixxfbj9pkupmhzjk5ynou034lah","openid":"orYumuGBfbSZ6HLYVROLTKYGdUpI","out_trade_no":"LX-17061913261236401-9","result_code":"SUCCESS","return_code":"SUCCESS","sign":"8D6E79E6F5A8AC66BFB4FDD6E99D516D","time_end":"20170620184335","total_fee":"6400.00","trade_type":"NATIVE","transaction_id":"4005132001201706206627881007"}
[2017-06-20 18:43:36][warn] 数据存储成功，并成功返回记录编号17674！
[2017-06-20 18:43:52][info] ----------------------------------------
[2017-06-20 18:43:52][info] XML_DATA111:[{appid=>wxefc029d4373dcac0}{bank_type=>CFT}{cash_fee=>640000}{fee_type=>CNY}{is_subscribe=>Y}{mch_id=>1244967502}{nonce_str=>tcywwixxfbj9pkupmhzjk5ynou034lah}{openid=>orYumuGBfbSZ6HLYVROLTKYGdUpI}{out_trade_no=>LX-17061913261236401-9}{result_code=>SUCCESS}{return_code=>SUCCESS}{sign=>8D6E79E6F5A8AC66BFB4FDD6E99D516D}{time_end=>20170620184335}{total_fee=>640000}{trade_type=>NATIVE}{transaction_id=>4005132001201706206627881007}]
[2017-06-20 18:43:52][info] k:appid=>wxefc029d4373dcac0
[2017-06-20 18:43:52][info] k:bank_type=>CFT
[2017-06-20 18:43:52][info] k:cash_fee=>640000
[2017-06-20 18:43:52][info] k:fee_type=>CNY
[2017-06-20 18:43:52][info] k:is_subscribe=>Y
[2017-06-20 18:43:52][info] k:mch_id=>1244967502
[2017-06-20 18:43:52][info] k:nonce_str=>tcywwixxfbj9pkupmhzjk5ynou034lah
[2017-06-20 18:43:52][info] k:openid=>orYumuGBfbSZ6HLYVROLTKYGdUpI
[2017-06-20 18:43:52][info] k:out_trade_no=>LX-17061913261236401-9
[2017-06-20 18:43:52][info] k:result_code=>SUCCESS
[2017-06-20 18:43:52][info] k:return_code=>SUCCESS
[2017-06-20 18:43:52][info] k:sign=>8D6E79E6F5A8AC66BFB4FDD6E99D516D
[2017-06-20 18:43:52][info] k:time_end=>20170620184335
[2017-06-20 18:43:52][info] k:total_fee=>640000
[2017-06-20 18:43:52][info] k:trade_type=>NATIVE
[2017-06-20 18:43:52][info] k:transaction_id=>4005132001201706206627881007
[2017-06-20 18:43:52][info] ----------------------------------------
[2017-06-20 18:43:52][info] XML_DATA222:{"appid":"wxefc029d4373dcac0","bank_type":"CFT","cash_fee":"6400.00","fee_type":"CNY","is_subscribe":"Y","mch_id":"1244967502","nonce_str":"tcywwixxfbj9pkupmhzjk5ynou034lah","openid":"orYumuGBfbSZ6HLYVROLTKYGdUpI","out_trade_no":"LX-17061913261236401-9","result_code":"SUCCESS","return_code":"SUCCESS","sign":"8D6E79E6F5A8AC66BFB4FDD6E99D516D","time_end":"20170620184335","total_fee":"6400.00","trade_type":"NATIVE","transaction_id":"4005132001201706206627881007"}
[2017-06-20 18:43:52][info] 收到重复信息，并处理反馈成功！
[2017-06-20 18:43:52][info] success
[2017-06-20 18:43:52][info] 写入结束!!!
[2017-06-20 22:41:30][info] ----------------------------------------
[2017-06-20 22:41:30][info] XML_DATA111:[{appid=>wxefc029d4373dcac0}{bank_type=>ICBC_DEBIT}{cash_fee=>529000}{fee_type=>CNY}{is_subscribe=>Y}{mch_id=>1244967502}{nonce_str=>o0rf4qhtv1w277203zqitzppizxrwdbr}{openid=>orYumuKvKuCz3fnJiBAvmfoG-f-U}{out_trade_no=>LX-17061914081885901-d}{result_code=>SUCCESS}{return_code=>SUCCESS}{sign=>70D16B6D8949ED551D6013487A7D2283}{time_end=>20170620224130}{total_fee=>529000}{trade_type=>NATIVE}{transaction_id=>4007272001201706206661823865}]
[2017-06-20 22:41:30][info] k:appid=>wxefc029d4373dcac0
[2017-06-20 22:41:30][info] k:bank_type=>ICBC_DEBIT
[2017-06-20 22:41:30][info] k:cash_fee=>529000
[2017-06-20 22:41:30][info] k:fee_type=>CNY
[2017-06-20 22:41:30][info] k:is_subscribe=>Y
[2017-06-20 22:41:30][info] k:mch_id=>1244967502
[2017-06-20 22:41:30][info] k:nonce_str=>o0rf4qhtv1w277203zqitzppizxrwdbr
[2017-06-20 22:41:30][info] k:openid=>orYumuKvKuCz3fnJiBAvmfoG-f-U
[2017-06-20 22:41:30][info] k:out_trade_no=>LX-17061914081885901-d
[2017-06-20 22:41:30][info] k:result_code=>SUCCESS
[2017-06-20 22:41:30][info] k:return_code=>SUCCESS
[2017-06-20 22:41:30][info] k:sign=>70D16B6D8949ED551D6013487A7D2283
[2017-06-20 22:41:30][info] k:time_end=>20170620224130
[2017-06-20 22:41:30][info] k:total_fee=>529000
[2017-06-20 22:41:30][info] k:trade_type=>NATIVE
[2017-06-20 22:41:30][info] k:transaction_id=>4007272001201706206661823865
[2017-06-20 22:41:30][info] ----------------------------------------
[2017-06-20 22:41:30][info] XML_DATA222:{"appid":"wxefc029d4373dcac0","bank_type":"ICBC_DEBIT","cash_fee":"5290.00","fee_type":"CNY","is_subscribe":"Y","mch_id":"1244967502","nonce_str":"o0rf4qhtv1w277203zqitzppizxrwdbr","openid":"orYumuKvKuCz3fnJiBAvmfoG-f-U","out_trade_no":"LX-17061914081885901-d","result_code":"SUCCESS","return_code":"SUCCESS","sign":"70D16B6D8949ED551D6013487A7D2283","time_end":"20170620224130","total_fee":"5290.00","trade_type":"NATIVE","transaction_id":"4007272001201706206661823865"}
[2017-06-20 22:41:30][warn] 数据存储成功，并成功返回记录编号17675！
[2017-06-20 22:41:41][info] ----------------------------------------
[2017-06-20 22:41:41][info] XML_DATA111:[{appid=>wxefc029d4373dcac0}{bank_type=>ICBC_DEBIT}{cash_fee=>529000}{fee_type=>CNY}{is_subscribe=>Y}{mch_id=>1244967502}{nonce_str=>o0rf4qhtv1w277203zqitzppizxrwdbr}{openid=>orYumuKvKuCz3fnJiBAvmfoG-f-U}{out_trade_no=>LX-17061914081885901-d}{result_code=>SUCCESS}{return_code=>SUCCESS}{sign=>70D16B6D8949ED551D6013487A7D2283}{time_end=>20170620224130}{total_fee=>529000}{trade_type=>NATIVE}{transaction_id=>4007272001201706206661823865}]
[2017-06-20 22:41:41][info] k:appid=>wxefc029d4373dcac0
[2017-06-20 22:41:41][info] k:bank_type=>ICBC_DEBIT
[2017-06-20 22:41:41][info] k:cash_fee=>529000
[2017-06-20 22:41:41][info] k:fee_type=>CNY
[2017-06-20 22:41:41][info] k:is_subscribe=>Y
[2017-06-20 22:41:41][info] k:mch_id=>1244967502
[2017-06-20 22:41:41][info] k:nonce_str=>o0rf4qhtv1w277203zqitzppizxrwdbr
[2017-06-20 22:41:41][info] k:openid=>orYumuKvKuCz3fnJiBAvmfoG-f-U
[2017-06-20 22:41:41][info] k:out_trade_no=>LX-17061914081885901-d
[2017-06-20 22:41:41][info] k:result_code=>SUCCESS
[2017-06-20 22:41:41][info] k:return_code=>SUCCESS
[2017-06-20 22:41:41][info] k:sign=>70D16B6D8949ED551D6013487A7D2283
[2017-06-20 22:41:41][info] k:time_end=>20170620224130
[2017-06-20 22:41:41][info] k:total_fee=>529000
[2017-06-20 22:41:41][info] k:trade_type=>NATIVE
[2017-06-20 22:41:41][info] k:transaction_id=>4007272001201706206661823865
[2017-06-20 22:41:41][info] ----------------------------------------
[2017-06-20 22:41:41][info] XML_DATA222:{"appid":"wxefc029d4373dcac0","bank_type":"ICBC_DEBIT","cash_fee":"5290.00","fee_type":"CNY","is_subscribe":"Y","mch_id":"1244967502","nonce_str":"o0rf4qhtv1w277203zqitzppizxrwdbr","openid":"orYumuKvKuCz3fnJiBAvmfoG-f-U","out_trade_no":"LX-17061914081885901-d","result_code":"SUCCESS","return_code":"SUCCESS","sign":"70D16B6D8949ED551D6013487A7D2283","time_end":"20170620224130","total_fee":"5290.00","trade_type":"NATIVE","transaction_id":"4007272001201706206661823865"}
[2017-06-20 22:41:41][info] 收到重复信息，并处理反馈成功！
[2017-06-20 22:41:41][info] success
[2017-06-20 22:41:41][info] 写入结束!!!
