[2017-06-24 11:06:06][info] ----------------------------------------
[2017-06-24 11:06:06][info] XML_DATA111:[{appid=>wxefc029d4373dcac0}{bank_type=>BOC_CREDIT}{cash_fee=>227989}{coupon_count=>1}{coupon_fee=>11}{coupon_fee_0=>11}{coupon_id_0=>2000000000703574026}{fee_type=>CNY}{is_subscribe=>N}{mch_id=>1244967502}{nonce_str=>fvgxdxcopa1kh8z9cx5e3sl02zhb4f9m}{openid=>orYumuFyvRNcWn26p1BWxE17kROw}{out_trade_no=>LX-17052613531025006-f}{result_code=>SUCCESS}{return_code=>SUCCESS}{sign=>8F361712EDE88BB81B51043CDAD9BA4C}{time_end=>20170624110605}{total_fee=>228000}{trade_type=>NATIVE}{transaction_id=>4001082001201706247163326747}]
[2017-06-24 11:06:06][info] k:appid=>wxefc029d4373dcac0
[2017-06-24 11:06:06][info] k:bank_type=>BOC_CREDIT
[2017-06-24 11:06:06][info] k:cash_fee=>227989
[2017-06-24 11:06:06][info] k:coupon_count=>1
[2017-06-24 11:06:06][info] k:coupon_fee=>11
[2017-06-24 11:06:06][info] k:coupon_fee_0=>11
[2017-06-24 11:06:06][info] k:coupon_id_0=>2000000000703574026
[2017-06-24 11:06:06][info] k:fee_type=>CNY
[2017-06-24 11:06:06][info] k:is_subscribe=>N
[2017-06-24 11:06:06][info] k:mch_id=>1244967502
[2017-06-24 11:06:06][info] k:nonce_str=>fvgxdxcopa1kh8z9cx5e3sl02zhb4f9m
[2017-06-24 11:06:06][info] k:openid=>orYumuFyvRNcWn26p1BWxE17kROw
[2017-06-24 11:06:06][info] k:out_trade_no=>LX-17052613531025006-f
[2017-06-24 11:06:06][info] k:result_code=>SUCCESS
[2017-06-24 11:06:06][info] k:return_code=>SUCCESS
[2017-06-24 11:06:06][info] k:sign=>8F361712EDE88BB81B51043CDAD9BA4C
[2017-06-24 11:06:06][info] k:time_end=>20170624110605
[2017-06-24 11:06:06][info] k:total_fee=>228000
[2017-06-24 11:06:06][info] k:trade_type=>NATIVE
[2017-06-24 11:06:06][info] k:transaction_id=>4001082001201706247163326747
[2017-06-24 11:06:06][info] ----------------------------------------
[2017-06-24 11:06:06][info] XML_DATA222:{"appid":"wxefc029d4373dcac0","bank_type":"BOC_CREDIT","cash_fee":"2279.89","coupon_count":"1","coupon_fee":"11","coupon_fee_0":"11","coupon_id_0":"2000000000703574026","fee_type":"CNY","is_subscribe":"N","mch_id":"1244967502","nonce_str":"fvgxdxcopa1kh8z9cx5e3sl02zhb4f9m","openid":"orYumuFyvRNcWn26p1BWxE17kROw","out_trade_no":"LX-17052613531025006-f","result_code":"SUCCESS","return_code":"SUCCESS","sign":"8F361712EDE88BB81B51043CDAD9BA4C","time_end":"20170624110605","total_fee":"2280.00","trade_type":"NATIVE","transaction_id":"4001082001201706247163326747"}
[2017-06-24 11:06:06][warn] 数据存储成功，并成功返回记录编号17707！
[2017-06-24 11:06:22][info] ----------------------------------------
[2017-06-24 11:06:22][info] XML_DATA111:[{appid=>wxefc029d4373dcac0}{bank_type=>BOC_CREDIT}{cash_fee=>227989}{coupon_count=>1}{coupon_fee=>11}{coupon_fee_0=>11}{coupon_id_0=>2000000000703574026}{fee_type=>CNY}{is_subscribe=>N}{mch_id=>1244967502}{nonce_str=>fvgxdxcopa1kh8z9cx5e3sl02zhb4f9m}{openid=>orYumuFyvRNcWn26p1BWxE17kROw}{out_trade_no=>LX-17052613531025006-f}{result_code=>SUCCESS}{return_code=>SUCCESS}{sign=>8F361712EDE88BB81B51043CDAD9BA4C}{time_end=>20170624110605}{total_fee=>228000}{trade_type=>NATIVE}{transaction_id=>4001082001201706247163326747}]
[2017-06-24 11:06:22][info] k:appid=>wxefc029d4373dcac0
[2017-06-24 11:06:22][info] k:bank_type=>BOC_CREDIT
[2017-06-24 11:06:22][info] k:cash_fee=>227989
[2017-06-24 11:06:22][info] k:coupon_count=>1
[2017-06-24 11:06:22][info] k:coupon_fee=>11
[2017-06-24 11:06:22][info] k:coupon_fee_0=>11
[2017-06-24 11:06:22][info] k:coupon_id_0=>2000000000703574026
[2017-06-24 11:06:22][info] k:fee_type=>CNY
[2017-06-24 11:06:22][info] k:is_subscribe=>N
[2017-06-24 11:06:22][info] k:mch_id=>1244967502
[2017-06-24 11:06:22][info] k:nonce_str=>fvgxdxcopa1kh8z9cx5e3sl02zhb4f9m
[2017-06-24 11:06:22][info] k:openid=>orYumuFyvRNcWn26p1BWxE17kROw
[2017-06-24 11:06:22][info] k:out_trade_no=>LX-17052613531025006-f
[2017-06-24 11:06:22][info] k:result_code=>SUCCESS
[2017-06-24 11:06:22][info] k:return_code=>SUCCESS
[2017-06-24 11:06:22][info] k:sign=>8F361712EDE88BB81B51043CDAD9BA4C
[2017-06-24 11:06:22][info] k:time_end=>20170624110605
[2017-06-24 11:06:22][info] k:total_fee=>228000
[2017-06-24 11:06:22][info] k:trade_type=>NATIVE
[2017-06-24 11:06:22][info] k:transaction_id=>4001082001201706247163326747
[2017-06-24 11:06:22][info] ----------------------------------------
[2017-06-24 11:06:22][info] XML_DATA222:{"appid":"wxefc029d4373dcac0","bank_type":"BOC_CREDIT","cash_fee":"2279.89","coupon_count":"1","coupon_fee":"11","coupon_fee_0":"11","coupon_id_0":"2000000000703574026","fee_type":"CNY","is_subscribe":"N","mch_id":"1244967502","nonce_str":"fvgxdxcopa1kh8z9cx5e3sl02zhb4f9m","openid":"orYumuFyvRNcWn26p1BWxE17kROw","out_trade_no":"LX-17052613531025006-f","result_code":"SUCCESS","return_code":"SUCCESS","sign":"8F361712EDE88BB81B51043CDAD9BA4C","time_end":"20170624110605","total_fee":"2280.00","trade_type":"NATIVE","transaction_id":"4001082001201706247163326747"}
[2017-06-24 11:06:22][info] 收到重复信息，并处理反馈成功！
[2017-06-24 11:06:22][info] success
[2017-06-24 11:06:22][info] 写入结束!!!
