[2017-03-29 11:36:05][info] ----------------------------------------
[2017-03-29 11:36:05][info] XML_DATA111:[{appid=>wxefc029d4373dcac0}{bank_type=>CFT}{cash_fee=>716000}{fee_type=>CNY}{is_subscribe=>N}{mch_id=>1244967502}{nonce_str=>8qxrp2es14thvrftuig1by38z8yxnsvp}{openid=>orYumuMEYrosMaYOGeagHCsFgQFw}{out_trade_no=>LX-17032911174734901-2}{result_code=>SUCCESS}{return_code=>SUCCESS}{sign=>220BE7330F03A88A3C078BDAE9B27D63}{time_end=>20170329113605}{total_fee=>716000}{trade_type=>NATIVE}{transaction_id=>4002402001201703295038710768}]
[2017-03-29 11:36:05][info] k:appid=>wxefc029d4373dcac0
[2017-03-29 11:36:05][info] k:bank_type=>CFT
[2017-03-29 11:36:05][info] k:cash_fee=>716000
[2017-03-29 11:36:05][info] k:fee_type=>CNY
[2017-03-29 11:36:05][info] k:is_subscribe=>N
[2017-03-29 11:36:05][info] k:mch_id=>1244967502
[2017-03-29 11:36:05][info] k:nonce_str=>8qxrp2es14thvrftuig1by38z8yxnsvp
[2017-03-29 11:36:05][info] k:openid=>orYumuMEYrosMaYOGeagHCsFgQFw
[2017-03-29 11:36:05][info] k:out_trade_no=>LX-17032911174734901-2
[2017-03-29 11:36:05][info] k:result_code=>SUCCESS
[2017-03-29 11:36:05][info] k:return_code=>SUCCESS
[2017-03-29 11:36:05][info] k:sign=>220BE7330F03A88A3C078BDAE9B27D63
[2017-03-29 11:36:05][info] k:time_end=>20170329113605
[2017-03-29 11:36:05][info] k:total_fee=>716000
[2017-03-29 11:36:05][info] k:trade_type=>NATIVE
[2017-03-29 11:36:05][info] k:transaction_id=>4002402001201703295038710768
[2017-03-29 11:36:05][info] ----------------------------------------
[2017-03-29 11:36:05][info] XML_DATA222:{"appid":"wxefc029d4373dcac0","bank_type":"CFT","cash_fee":"7160.00","fee_type":"CNY","is_subscribe":"N","mch_id":"1244967502","nonce_str":"8qxrp2es14thvrftuig1by38z8yxnsvp","openid":"orYumuMEYrosMaYOGeagHCsFgQFw","out_trade_no":"LX-17032911174734901-2","result_code":"SUCCESS","return_code":"SUCCESS","sign":"220BE7330F03A88A3C078BDAE9B27D63","time_end":"20170329113605","total_fee":"7160.00","trade_type":"NATIVE","transaction_id":"4002402001201703295038710768"}
[2017-03-29 11:36:05][warn] 数据存储成功，并成功返回记录编号17426！
[2017-03-29 11:36:17][info] ----------------------------------------
[2017-03-29 11:36:17][info] XML_DATA111:[{appid=>wxefc029d4373dcac0}{bank_type=>CFT}{cash_fee=>716000}{fee_type=>CNY}{is_subscribe=>N}{mch_id=>1244967502}{nonce_str=>8qxrp2es14thvrftuig1by38z8yxnsvp}{openid=>orYumuMEYrosMaYOGeagHCsFgQFw}{out_trade_no=>LX-17032911174734901-2}{result_code=>SUCCESS}{return_code=>SUCCESS}{sign=>220BE7330F03A88A3C078BDAE9B27D63}{time_end=>20170329113605}{total_fee=>716000}{trade_type=>NATIVE}{transaction_id=>4002402001201703295038710768}]
[2017-03-29 11:36:17][info] k:appid=>wxefc029d4373dcac0
[2017-03-29 11:36:17][info] k:bank_type=>CFT
[2017-03-29 11:36:17][info] k:cash_fee=>716000
[2017-03-29 11:36:17][info] k:fee_type=>CNY
[2017-03-29 11:36:17][info] k:is_subscribe=>N
[2017-03-29 11:36:17][info] k:mch_id=>1244967502
[2017-03-29 11:36:17][info] k:nonce_str=>8qxrp2es14thvrftuig1by38z8yxnsvp
[2017-03-29 11:36:17][info] k:openid=>orYumuMEYrosMaYOGeagHCsFgQFw
[2017-03-29 11:36:17][info] k:out_trade_no=>LX-17032911174734901-2
[2017-03-29 11:36:17][info] k:result_code=>SUCCESS
[2017-03-29 11:36:17][info] k:return_code=>SUCCESS
[2017-03-29 11:36:17][info] k:sign=>220BE7330F03A88A3C078BDAE9B27D63
[2017-03-29 11:36:17][info] k:time_end=>20170329113605
[2017-03-29 11:36:17][info] k:total_fee=>716000
[2017-03-29 11:36:17][info] k:trade_type=>NATIVE
[2017-03-29 11:36:17][info] k:transaction_id=>4002402001201703295038710768
[2017-03-29 11:36:17][info] ----------------------------------------
[2017-03-29 11:36:17][info] XML_DATA222:{"appid":"wxefc029d4373dcac0","bank_type":"CFT","cash_fee":"7160.00","fee_type":"CNY","is_subscribe":"N","mch_id":"1244967502","nonce_str":"8qxrp2es14thvrftuig1by38z8yxnsvp","openid":"orYumuMEYrosMaYOGeagHCsFgQFw","out_trade_no":"LX-17032911174734901-2","result_code":"SUCCESS","return_code":"SUCCESS","sign":"220BE7330F03A88A3C078BDAE9B27D63","time_end":"20170329113605","total_fee":"7160.00","trade_type":"NATIVE","transaction_id":"4002402001201703295038710768"}
[2017-03-29 11:36:17][info] 收到重复信息，并处理反馈成功！
[2017-03-29 11:36:17][info] success
[2017-03-29 11:36:17][info] 写入结束!!!
[2017-03-29 14:27:04][info] ----------------------------------------
[2017-03-29 14:27:04][info] XML_DATA111:[{appid=>wxefc029d4373dcac0}{bank_type=>HXB_DEBIT}{cash_fee=>38000}{fee_type=>CNY}{is_subscribe=>N}{mch_id=>1244967502}{nonce_str=>7620x5j2t5lx049nqlwfpzofr2qdmz5g}{openid=>orYumuDpuyhpPQjYbqXPyIplZzdw}{out_trade_no=>LX-17032613473511606-f}{result_code=>SUCCESS}{return_code=>SUCCESS}{sign=>C1CDBDCC054A9015472951DDEE2D38A0}{time_end=>20170329142703}{total_fee=>38000}{trade_type=>NATIVE}{transaction_id=>4003012001201703295052165578}]
[2017-03-29 14:27:04][info] k:appid=>wxefc029d4373dcac0
[2017-03-29 14:27:04][info] k:bank_type=>HXB_DEBIT
[2017-03-29 14:27:04][info] k:cash_fee=>38000
[2017-03-29 14:27:04][info] k:fee_type=>CNY
[2017-03-29 14:27:04][info] k:is_subscribe=>N
[2017-03-29 14:27:04][info] k:mch_id=>1244967502
[2017-03-29 14:27:04][info] k:nonce_str=>7620x5j2t5lx049nqlwfpzofr2qdmz5g
[2017-03-29 14:27:04][info] k:openid=>orYumuDpuyhpPQjYbqXPyIplZzdw
[2017-03-29 14:27:04][info] k:out_trade_no=>LX-17032613473511606-f
[2017-03-29 14:27:04][info] k:result_code=>SUCCESS
[2017-03-29 14:27:04][info] k:return_code=>SUCCESS
[2017-03-29 14:27:04][info] k:sign=>C1CDBDCC054A9015472951DDEE2D38A0
[2017-03-29 14:27:04][info] k:time_end=>20170329142703
[2017-03-29 14:27:04][info] k:total_fee=>38000
[2017-03-29 14:27:04][info] k:trade_type=>NATIVE
[2017-03-29 14:27:04][info] k:transaction_id=>4003012001201703295052165578
[2017-03-29 14:27:04][info] ----------------------------------------
[2017-03-29 14:27:04][info] XML_DATA222:{"appid":"wxefc029d4373dcac0","bank_type":"HXB_DEBIT","cash_fee":"380.00","fee_type":"CNY","is_subscribe":"N","mch_id":"1244967502","nonce_str":"7620x5j2t5lx049nqlwfpzofr2qdmz5g","openid":"orYumuDpuyhpPQjYbqXPyIplZzdw","out_trade_no":"LX-17032613473511606-f","result_code":"SUCCESS","return_code":"SUCCESS","sign":"C1CDBDCC054A9015472951DDEE2D38A0","time_end":"20170329142703","total_fee":"380.00","trade_type":"NATIVE","transaction_id":"4003012001201703295052165578"}
[2017-03-29 14:27:05][warn] 数据存储成功，并成功返回记录编号17427！
[2017-03-29 14:27:20][info] ----------------------------------------
[2017-03-29 14:27:20][info] XML_DATA111:[{appid=>wxefc029d4373dcac0}{bank_type=>HXB_DEBIT}{cash_fee=>38000}{fee_type=>CNY}{is_subscribe=>N}{mch_id=>1244967502}{nonce_str=>7620x5j2t5lx049nqlwfpzofr2qdmz5g}{openid=>orYumuDpuyhpPQjYbqXPyIplZzdw}{out_trade_no=>LX-17032613473511606-f}{result_code=>SUCCESS}{return_code=>SUCCESS}{sign=>C1CDBDCC054A9015472951DDEE2D38A0}{time_end=>20170329142703}{total_fee=>38000}{trade_type=>NATIVE}{transaction_id=>4003012001201703295052165578}]
[2017-03-29 14:27:20][info] k:appid=>wxefc029d4373dcac0
[2017-03-29 14:27:20][info] k:bank_type=>HXB_DEBIT
[2017-03-29 14:27:20][info] k:cash_fee=>38000
[2017-03-29 14:27:20][info] k:fee_type=>CNY
[2017-03-29 14:27:20][info] k:is_subscribe=>N
[2017-03-29 14:27:20][info] k:mch_id=>1244967502
[2017-03-29 14:27:20][info] k:nonce_str=>7620x5j2t5lx049nqlwfpzofr2qdmz5g
[2017-03-29 14:27:20][info] k:openid=>orYumuDpuyhpPQjYbqXPyIplZzdw
[2017-03-29 14:27:20][info] k:out_trade_no=>LX-17032613473511606-f
[2017-03-29 14:27:20][info] k:result_code=>SUCCESS
[2017-03-29 14:27:20][info] k:return_code=>SUCCESS
[2017-03-29 14:27:20][info] k:sign=>C1CDBDCC054A9015472951DDEE2D38A0
[2017-03-29 14:27:20][info] k:time_end=>20170329142703
[2017-03-29 14:27:20][info] k:total_fee=>38000
[2017-03-29 14:27:20][info] k:trade_type=>NATIVE
[2017-03-29 14:27:20][info] k:transaction_id=>4003012001201703295052165578
[2017-03-29 14:27:20][info] ----------------------------------------
[2017-03-29 14:27:20][info] XML_DATA222:{"appid":"wxefc029d4373dcac0","bank_type":"HXB_DEBIT","cash_fee":"380.00","fee_type":"CNY","is_subscribe":"N","mch_id":"1244967502","nonce_str":"7620x5j2t5lx049nqlwfpzofr2qdmz5g","openid":"orYumuDpuyhpPQjYbqXPyIplZzdw","out_trade_no":"LX-17032613473511606-f","result_code":"SUCCESS","return_code":"SUCCESS","sign":"C1CDBDCC054A9015472951DDEE2D38A0","time_end":"20170329142703","total_fee":"380.00","trade_type":"NATIVE","transaction_id":"4003012001201703295052165578"}
[2017-03-29 14:27:21][info] 收到重复信息，并处理反馈成功！
[2017-03-29 14:27:21][info] success
[2017-03-29 14:27:21][info] 写入结束!!!
