[2017-07-24 09:35:23][info] ----------------------------------------
[2017-07-24 09:35:23][info] XML_DATA111:[{appid=>wxefc029d4373dcac0}{bank_type=>ICBC_CREDIT}{cash_fee=>680000}{fee_type=>CNY}{is_subscribe=>Y}{mch_id=>1244967502}{nonce_str=>x6gac2jpa0xkcq2cdbqv1uhz1er0z57f}{openid=>orYumuOlokHOe2CBvCLqqh_qApLU}{out_trade_no=>LX-17071809522826301-9}{result_code=>SUCCESS}{return_code=>SUCCESS}{sign=>934444C5E723AC79900BBCAC4F437F2A}{time_end=>20170724093523}{total_fee=>680000}{trade_type=>NATIVE}{transaction_id=>4003432001201707242362257860}]
[2017-07-24 09:35:23][info] k:appid=>wxefc029d4373dcac0
[2017-07-24 09:35:23][info] k:bank_type=>ICBC_CREDIT
[2017-07-24 09:35:23][info] k:cash_fee=>680000
[2017-07-24 09:35:23][info] k:fee_type=>CNY
[2017-07-24 09:35:23][info] k:is_subscribe=>Y
[2017-07-24 09:35:23][info] k:mch_id=>1244967502
[2017-07-24 09:35:23][info] k:nonce_str=>x6gac2jpa0xkcq2cdbqv1uhz1er0z57f
[2017-07-24 09:35:23][info] k:openid=>orYumuOlokHOe2CBvCLqqh_qApLU
[2017-07-24 09:35:23][info] k:out_trade_no=>LX-17071809522826301-9
[2017-07-24 09:35:23][info] k:result_code=>SUCCESS
[2017-07-24 09:35:23][info] k:return_code=>SUCCESS
[2017-07-24 09:35:23][info] k:sign=>934444C5E723AC79900BBCAC4F437F2A
[2017-07-24 09:35:23][info] k:time_end=>20170724093523
[2017-07-24 09:35:23][info] k:total_fee=>680000
[2017-07-24 09:35:23][info] k:trade_type=>NATIVE
[2017-07-24 09:35:23][info] k:transaction_id=>4003432001201707242362257860
[2017-07-24 09:35:23][info] ----------------------------------------
[2017-07-24 09:35:23][info] XML_DATA222:{"appid":"wxefc029d4373dcac0","bank_type":"ICBC_CREDIT","cash_fee":"6800.00","fee_type":"CNY","is_subscribe":"Y","mch_id":"1244967502","nonce_str":"x6gac2jpa0xkcq2cdbqv1uhz1er0z57f","openid":"orYumuOlokHOe2CBvCLqqh_qApLU","out_trade_no":"LX-17071809522826301-9","result_code":"SUCCESS","return_code":"SUCCESS","sign":"934444C5E723AC79900BBCAC4F437F2A","time_end":"20170724093523","total_fee":"6800.00","trade_type":"NATIVE","transaction_id":"4003432001201707242362257860"}
[2017-07-24 09:35:24][warn] 数据存储成功，并成功返回记录编号18211！
[2017-07-24 09:35:40][info] ----------------------------------------
[2017-07-24 09:35:40][info] XML_DATA111:[{appid=>wxefc029d4373dcac0}{bank_type=>ICBC_CREDIT}{cash_fee=>680000}{fee_type=>CNY}{is_subscribe=>Y}{mch_id=>1244967502}{nonce_str=>x6gac2jpa0xkcq2cdbqv1uhz1er0z57f}{openid=>orYumuOlokHOe2CBvCLqqh_qApLU}{out_trade_no=>LX-17071809522826301-9}{result_code=>SUCCESS}{return_code=>SUCCESS}{sign=>934444C5E723AC79900BBCAC4F437F2A}{time_end=>20170724093523}{total_fee=>680000}{trade_type=>NATIVE}{transaction_id=>4003432001201707242362257860}]
[2017-07-24 09:35:40][info] k:appid=>wxefc029d4373dcac0
[2017-07-24 09:35:40][info] k:bank_type=>ICBC_CREDIT
[2017-07-24 09:35:40][info] k:cash_fee=>680000
[2017-07-24 09:35:40][info] k:fee_type=>CNY
[2017-07-24 09:35:40][info] k:is_subscribe=>Y
[2017-07-24 09:35:40][info] k:mch_id=>1244967502
[2017-07-24 09:35:40][info] k:nonce_str=>x6gac2jpa0xkcq2cdbqv1uhz1er0z57f
[2017-07-24 09:35:40][info] k:openid=>orYumuOlokHOe2CBvCLqqh_qApLU
[2017-07-24 09:35:40][info] k:out_trade_no=>LX-17071809522826301-9
[2017-07-24 09:35:40][info] k:result_code=>SUCCESS
[2017-07-24 09:35:40][info] k:return_code=>SUCCESS
[2017-07-24 09:35:40][info] k:sign=>934444C5E723AC79900BBCAC4F437F2A
[2017-07-24 09:35:40][info] k:time_end=>20170724093523
[2017-07-24 09:35:40][info] k:total_fee=>680000
[2017-07-24 09:35:40][info] k:trade_type=>NATIVE
[2017-07-24 09:35:40][info] k:transaction_id=>4003432001201707242362257860
[2017-07-24 09:35:40][info] ----------------------------------------
[2017-07-24 09:35:40][info] XML_DATA222:{"appid":"wxefc029d4373dcac0","bank_type":"ICBC_CREDIT","cash_fee":"6800.00","fee_type":"CNY","is_subscribe":"Y","mch_id":"1244967502","nonce_str":"x6gac2jpa0xkcq2cdbqv1uhz1er0z57f","openid":"orYumuOlokHOe2CBvCLqqh_qApLU","out_trade_no":"LX-17071809522826301-9","result_code":"SUCCESS","return_code":"SUCCESS","sign":"934444C5E723AC79900BBCAC4F437F2A","time_end":"20170724093523","total_fee":"6800.00","trade_type":"NATIVE","transaction_id":"4003432001201707242362257860"}
[2017-07-24 09:35:40][info] 收到重复信息，并处理反馈成功！
[2017-07-24 09:35:40][info] success
[2017-07-24 09:35:40][info] 写入结束!!!
[2017-07-24 10:54:34][info] ----------------------------------------
[2017-07-24 10:54:34][info] XML_DATA111:[{appid=>wxefc029d4373dcac0}{bank_type=>CMBC_CREDIT}{cash_fee=>378000}{fee_type=>CNY}{is_subscribe=>N}{mch_id=>1244967502}{nonce_str=>w1pwcw0xa3anfvk1vgowc1vg0l3m21mu}{openid=>orYumuPN2_tC3zLDW5BovRIUHEl0}{out_trade_no=>LX-17070410253125906-3}{result_code=>SUCCESS}{return_code=>SUCCESS}{sign=>8411B489F4D0DF46336CA1B6257F818E}{time_end=>20170724105433}{total_fee=>378000}{trade_type=>NATIVE}{transaction_id=>4006082001201707242371510411}]
[2017-07-24 10:54:34][info] k:appid=>wxefc029d4373dcac0
[2017-07-24 10:54:34][info] k:bank_type=>CMBC_CREDIT
[2017-07-24 10:54:34][info] k:cash_fee=>378000
[2017-07-24 10:54:34][info] k:fee_type=>CNY
[2017-07-24 10:54:34][info] k:is_subscribe=>N
[2017-07-24 10:54:34][info] k:mch_id=>1244967502
[2017-07-24 10:54:34][info] k:nonce_str=>w1pwcw0xa3anfvk1vgowc1vg0l3m21mu
[2017-07-24 10:54:34][info] k:openid=>orYumuPN2_tC3zLDW5BovRIUHEl0
[2017-07-24 10:54:34][info] k:out_trade_no=>LX-17070410253125906-3
[2017-07-24 10:54:34][info] k:result_code=>SUCCESS
[2017-07-24 10:54:34][info] k:return_code=>SUCCESS
[2017-07-24 10:54:34][info] k:sign=>8411B489F4D0DF46336CA1B6257F818E
[2017-07-24 10:54:34][info] k:time_end=>20170724105433
[2017-07-24 10:54:34][info] k:total_fee=>378000
[2017-07-24 10:54:34][info] k:trade_type=>NATIVE
[2017-07-24 10:54:34][info] k:transaction_id=>4006082001201707242371510411
[2017-07-24 10:54:34][info] ----------------------------------------
[2017-07-24 10:54:34][info] XML_DATA222:{"appid":"wxefc029d4373dcac0","bank_type":"CMBC_CREDIT","cash_fee":"3780.00","fee_type":"CNY","is_subscribe":"N","mch_id":"1244967502","nonce_str":"w1pwcw0xa3anfvk1vgowc1vg0l3m21mu","openid":"orYumuPN2_tC3zLDW5BovRIUHEl0","out_trade_no":"LX-17070410253125906-3","result_code":"SUCCESS","return_code":"SUCCESS","sign":"8411B489F4D0DF46336CA1B6257F818E","time_end":"20170724105433","total_fee":"3780.00","trade_type":"NATIVE","transaction_id":"4006082001201707242371510411"}
[2017-07-24 10:54:34][warn] 数据存储成功，并成功返回记录编号18215！
[2017-07-24 10:54:47][info] ----------------------------------------
[2017-07-24 10:54:47][info] XML_DATA111:[{appid=>wxefc029d4373dcac0}{bank_type=>CMBC_CREDIT}{cash_fee=>378000}{fee_type=>CNY}{is_subscribe=>N}{mch_id=>1244967502}{nonce_str=>w1pwcw0xa3anfvk1vgowc1vg0l3m21mu}{openid=>orYumuPN2_tC3zLDW5BovRIUHEl0}{out_trade_no=>LX-17070410253125906-3}{result_code=>SUCCESS}{return_code=>SUCCESS}{sign=>8411B489F4D0DF46336CA1B6257F818E}{time_end=>20170724105433}{total_fee=>378000}{trade_type=>NATIVE}{transaction_id=>4006082001201707242371510411}]
[2017-07-24 10:54:47][info] k:appid=>wxefc029d4373dcac0
[2017-07-24 10:54:47][info] k:bank_type=>CMBC_CREDIT
[2017-07-24 10:54:47][info] k:cash_fee=>378000
[2017-07-24 10:54:47][info] k:fee_type=>CNY
[2017-07-24 10:54:47][info] k:is_subscribe=>N
[2017-07-24 10:54:47][info] k:mch_id=>1244967502
[2017-07-24 10:54:47][info] k:nonce_str=>w1pwcw0xa3anfvk1vgowc1vg0l3m21mu
[2017-07-24 10:54:47][info] k:openid=>orYumuPN2_tC3zLDW5BovRIUHEl0
[2017-07-24 10:54:47][info] k:out_trade_no=>LX-17070410253125906-3
[2017-07-24 10:54:47][info] k:result_code=>SUCCESS
[2017-07-24 10:54:47][info] k:return_code=>SUCCESS
[2017-07-24 10:54:47][info] k:sign=>8411B489F4D0DF46336CA1B6257F818E
[2017-07-24 10:54:47][info] k:time_end=>20170724105433
[2017-07-24 10:54:47][info] k:total_fee=>378000
[2017-07-24 10:54:47][info] k:trade_type=>NATIVE
[2017-07-24 10:54:47][info] k:transaction_id=>4006082001201707242371510411
[2017-07-24 10:54:47][info] ----------------------------------------
[2017-07-24 10:54:47][info] XML_DATA222:{"appid":"wxefc029d4373dcac0","bank_type":"CMBC_CREDIT","cash_fee":"3780.00","fee_type":"CNY","is_subscribe":"N","mch_id":"1244967502","nonce_str":"w1pwcw0xa3anfvk1vgowc1vg0l3m21mu","openid":"orYumuPN2_tC3zLDW5BovRIUHEl0","out_trade_no":"LX-17070410253125906-3","result_code":"SUCCESS","return_code":"SUCCESS","sign":"8411B489F4D0DF46336CA1B6257F818E","time_end":"20170724105433","total_fee":"3780.00","trade_type":"NATIVE","transaction_id":"4006082001201707242371510411"}
[2017-07-24 10:54:47][info] 收到重复信息，并处理反馈成功！
[2017-07-24 10:54:47][info] success
[2017-07-24 10:54:47][info] 写入结束!!!
