[2017-08-09 13:41:49][info] ----------------------------------------
[2017-08-09 13:41:49][info] XML_DATA111:[{appid=>wxefc029d4373dcac0}{bank_type=>HXB_DEBIT}{cash_fee=>308000}{fee_type=>CNY}{is_subscribe=>N}{mch_id=>1244967502}{nonce_str=>oiud5mqs9o5dhpjosifg0q5tdpfbp3oq}{openid=>orYumuA1KkNA08JQ10-I18Iyg9D8}{out_trade_no=>LX-17072521422779601-6}{result_code=>SUCCESS}{return_code=>SUCCESS}{sign=>9FA4052FA7634EB856DBAC9CA2B76D0E}{time_end=>20170809134148}{total_fee=>308000}{trade_type=>NATIVE}{transaction_id=>4008312001201708095312418408}]
[2017-08-09 13:41:49][info] k:appid=>wxefc029d4373dcac0
[2017-08-09 13:41:49][info] k:bank_type=>HXB_DEBIT
[2017-08-09 13:41:49][info] k:cash_fee=>308000
[2017-08-09 13:41:49][info] k:fee_type=>CNY
[2017-08-09 13:41:49][info] k:is_subscribe=>N
[2017-08-09 13:41:49][info] k:mch_id=>1244967502
[2017-08-09 13:41:49][info] k:nonce_str=>oiud5mqs9o5dhpjosifg0q5tdpfbp3oq
[2017-08-09 13:41:49][info] k:openid=>orYumuA1KkNA08JQ10-I18Iyg9D8
[2017-08-09 13:41:49][info] k:out_trade_no=>LX-17072521422779601-6
[2017-08-09 13:41:49][info] k:result_code=>SUCCESS
[2017-08-09 13:41:49][info] k:return_code=>SUCCESS
[2017-08-09 13:41:49][info] k:sign=>9FA4052FA7634EB856DBAC9CA2B76D0E
[2017-08-09 13:41:49][info] k:time_end=>20170809134148
[2017-08-09 13:41:49][info] k:total_fee=>308000
[2017-08-09 13:41:49][info] k:trade_type=>NATIVE
[2017-08-09 13:41:49][info] k:transaction_id=>4008312001201708095312418408
[2017-08-09 13:41:49][info] ----------------------------------------
[2017-08-09 13:41:49][info] XML_DATA222:{"appid":"wxefc029d4373dcac0","bank_type":"HXB_DEBIT","cash_fee":"3080.00","fee_type":"CNY","is_subscribe":"N","mch_id":"1244967502","nonce_str":"oiud5mqs9o5dhpjosifg0q5tdpfbp3oq","openid":"orYumuA1KkNA08JQ10-I18Iyg9D8","out_trade_no":"LX-17072521422779601-6","result_code":"SUCCESS","return_code":"SUCCESS","sign":"9FA4052FA7634EB856DBAC9CA2B76D0E","time_end":"20170809134148","total_fee":"3080.00","trade_type":"NATIVE","transaction_id":"4008312001201708095312418408"}
[2017-08-09 13:41:49][warn] 数据存储成功，并成功返回记录编号18543！
[2017-08-09 13:42:00][info] ----------------------------------------
[2017-08-09 13:42:00][info] XML_DATA111:[{appid=>wxefc029d4373dcac0}{bank_type=>HXB_DEBIT}{cash_fee=>308000}{fee_type=>CNY}{is_subscribe=>N}{mch_id=>1244967502}{nonce_str=>oiud5mqs9o5dhpjosifg0q5tdpfbp3oq}{openid=>orYumuA1KkNA08JQ10-I18Iyg9D8}{out_trade_no=>LX-17072521422779601-6}{result_code=>SUCCESS}{return_code=>SUCCESS}{sign=>9FA4052FA7634EB856DBAC9CA2B76D0E}{time_end=>20170809134148}{total_fee=>308000}{trade_type=>NATIVE}{transaction_id=>4008312001201708095312418408}]
[2017-08-09 13:42:00][info] k:appid=>wxefc029d4373dcac0
[2017-08-09 13:42:00][info] k:bank_type=>HXB_DEBIT
[2017-08-09 13:42:00][info] k:cash_fee=>308000
[2017-08-09 13:42:00][info] k:fee_type=>CNY
[2017-08-09 13:42:00][info] k:is_subscribe=>N
[2017-08-09 13:42:00][info] k:mch_id=>1244967502
[2017-08-09 13:42:00][info] k:nonce_str=>oiud5mqs9o5dhpjosifg0q5tdpfbp3oq
[2017-08-09 13:42:00][info] k:openid=>orYumuA1KkNA08JQ10-I18Iyg9D8
[2017-08-09 13:42:00][info] k:out_trade_no=>LX-17072521422779601-6
[2017-08-09 13:42:00][info] k:result_code=>SUCCESS
[2017-08-09 13:42:00][info] k:return_code=>SUCCESS
[2017-08-09 13:42:00][info] k:sign=>9FA4052FA7634EB856DBAC9CA2B76D0E
[2017-08-09 13:42:00][info] k:time_end=>20170809134148
[2017-08-09 13:42:00][info] k:total_fee=>308000
[2017-08-09 13:42:00][info] k:trade_type=>NATIVE
[2017-08-09 13:42:00][info] k:transaction_id=>4008312001201708095312418408
[2017-08-09 13:42:00][info] ----------------------------------------
[2017-08-09 13:42:00][info] XML_DATA222:{"appid":"wxefc029d4373dcac0","bank_type":"HXB_DEBIT","cash_fee":"3080.00","fee_type":"CNY","is_subscribe":"N","mch_id":"1244967502","nonce_str":"oiud5mqs9o5dhpjosifg0q5tdpfbp3oq","openid":"orYumuA1KkNA08JQ10-I18Iyg9D8","out_trade_no":"LX-17072521422779601-6","result_code":"SUCCESS","return_code":"SUCCESS","sign":"9FA4052FA7634EB856DBAC9CA2B76D0E","time_end":"20170809134148","total_fee":"3080.00","trade_type":"NATIVE","transaction_id":"4008312001201708095312418408"}
[2017-08-09 13:42:00][info] 收到重复信息，并处理反馈成功！
[2017-08-09 13:42:00][info] success
[2017-08-09 13:42:00][info] 写入结束!!!
[2017-08-09 16:40:25][info] ----------------------------------------
[2017-08-09 16:40:25][info] XML_DATA111:[{appid=>wxefc029d4373dcac0}{bank_type=>ICBC_DEBIT}{cash_fee=>776000}{fee_type=>CNY}{is_subscribe=>Y}{mch_id=>1244967502}{nonce_str=>4l6krqs6gnlj8qkvkqob1sm8bdgko30d}{openid=>orYumuDRiyg9_GYP-Tv2OIEIhhB4}{out_trade_no=>LX-17080914271175006-9}{result_code=>SUCCESS}{return_code=>SUCCESS}{sign=>75A8BEBD844D90889056FC317E59E88F}{time_end=>20170809164024}{total_fee=>776000}{trade_type=>NATIVE}{transaction_id=>4004752001201708095331937014}]
[2017-08-09 16:40:25][info] k:appid=>wxefc029d4373dcac0
[2017-08-09 16:40:25][info] k:bank_type=>ICBC_DEBIT
[2017-08-09 16:40:25][info] k:cash_fee=>776000
[2017-08-09 16:40:25][info] k:fee_type=>CNY
[2017-08-09 16:40:25][info] k:is_subscribe=>Y
[2017-08-09 16:40:25][info] k:mch_id=>1244967502
[2017-08-09 16:40:25][info] k:nonce_str=>4l6krqs6gnlj8qkvkqob1sm8bdgko30d
[2017-08-09 16:40:25][info] k:openid=>orYumuDRiyg9_GYP-Tv2OIEIhhB4
[2017-08-09 16:40:25][info] k:out_trade_no=>LX-17080914271175006-9
[2017-08-09 16:40:25][info] k:result_code=>SUCCESS
[2017-08-09 16:40:25][info] k:return_code=>SUCCESS
[2017-08-09 16:40:25][info] k:sign=>75A8BEBD844D90889056FC317E59E88F
[2017-08-09 16:40:25][info] k:time_end=>20170809164024
[2017-08-09 16:40:25][info] k:total_fee=>776000
[2017-08-09 16:40:25][info] k:trade_type=>NATIVE
[2017-08-09 16:40:25][info] k:transaction_id=>4004752001201708095331937014
[2017-08-09 16:40:25][info] ----------------------------------------
[2017-08-09 16:40:25][info] XML_DATA222:{"appid":"wxefc029d4373dcac0","bank_type":"ICBC_DEBIT","cash_fee":"7760.00","fee_type":"CNY","is_subscribe":"Y","mch_id":"1244967502","nonce_str":"4l6krqs6gnlj8qkvkqob1sm8bdgko30d","openid":"orYumuDRiyg9_GYP-Tv2OIEIhhB4","out_trade_no":"LX-17080914271175006-9","result_code":"SUCCESS","return_code":"SUCCESS","sign":"75A8BEBD844D90889056FC317E59E88F","time_end":"20170809164024","total_fee":"7760.00","trade_type":"NATIVE","transaction_id":"4004752001201708095331937014"}
[2017-08-09 16:40:25][warn] 数据存储成功，并成功返回记录编号18547！
[2017-08-09 16:40:36][info] ----------------------------------------
[2017-08-09 16:40:36][info] XML_DATA111:[{appid=>wxefc029d4373dcac0}{bank_type=>ICBC_DEBIT}{cash_fee=>776000}{fee_type=>CNY}{is_subscribe=>Y}{mch_id=>1244967502}{nonce_str=>4l6krqs6gnlj8qkvkqob1sm8bdgko30d}{openid=>orYumuDRiyg9_GYP-Tv2OIEIhhB4}{out_trade_no=>LX-17080914271175006-9}{result_code=>SUCCESS}{return_code=>SUCCESS}{sign=>75A8BEBD844D90889056FC317E59E88F}{time_end=>20170809164024}{total_fee=>776000}{trade_type=>NATIVE}{transaction_id=>4004752001201708095331937014}]
[2017-08-09 16:40:36][info] k:appid=>wxefc029d4373dcac0
[2017-08-09 16:40:36][info] k:bank_type=>ICBC_DEBIT
[2017-08-09 16:40:36][info] k:cash_fee=>776000
[2017-08-09 16:40:36][info] k:fee_type=>CNY
[2017-08-09 16:40:36][info] k:is_subscribe=>Y
[2017-08-09 16:40:36][info] k:mch_id=>1244967502
[2017-08-09 16:40:36][info] k:nonce_str=>4l6krqs6gnlj8qkvkqob1sm8bdgko30d
[2017-08-09 16:40:36][info] k:openid=>orYumuDRiyg9_GYP-Tv2OIEIhhB4
[2017-08-09 16:40:36][info] k:out_trade_no=>LX-17080914271175006-9
[2017-08-09 16:40:36][info] k:result_code=>SUCCESS
[2017-08-09 16:40:36][info] k:return_code=>SUCCESS
[2017-08-09 16:40:36][info] k:sign=>75A8BEBD844D90889056FC317E59E88F
[2017-08-09 16:40:36][info] k:time_end=>20170809164024
[2017-08-09 16:40:36][info] k:total_fee=>776000
[2017-08-09 16:40:36][info] k:trade_type=>NATIVE
[2017-08-09 16:40:36][info] k:transaction_id=>4004752001201708095331937014
[2017-08-09 16:40:36][info] ----------------------------------------
[2017-08-09 16:40:36][info] XML_DATA222:{"appid":"wxefc029d4373dcac0","bank_type":"ICBC_DEBIT","cash_fee":"7760.00","fee_type":"CNY","is_subscribe":"Y","mch_id":"1244967502","nonce_str":"4l6krqs6gnlj8qkvkqob1sm8bdgko30d","openid":"orYumuDRiyg9_GYP-Tv2OIEIhhB4","out_trade_no":"LX-17080914271175006-9","result_code":"SUCCESS","return_code":"SUCCESS","sign":"75A8BEBD844D90889056FC317E59E88F","time_end":"20170809164024","total_fee":"7760.00","trade_type":"NATIVE","transaction_id":"4004752001201708095331937014"}
[2017-08-09 16:40:36][info] 收到重复信息，并处理反馈成功！
[2017-08-09 16:40:36][info] success
[2017-08-09 16:40:36][info] 写入结束!!!
[2017-08-09 23:14:30][info] ----------------------------------------
[2017-08-09 23:14:30][info] XML_DATA111:[{appid=>wxefc029d4373dcac0}{bank_type=>CMB_CREDIT}{cash_fee=>528000}{fee_type=>CNY}{is_subscribe=>Y}{mch_id=>1244967502}{nonce_str=>r0zwwd4qwxy7fuuip4zyeskawldzjpvr}{openid=>orYumuEE-3QFWxFiGSmjPBqArJyg}{out_trade_no=>LX-17071816332213706-5}{result_code=>SUCCESS}{return_code=>SUCCESS}{sign=>06BB190059961251AF27DFB28D5B0B2E}{time_end=>20170809231429}{total_fee=>528000}{trade_type=>NATIVE}{transaction_id=>4008992001201708095399170487}]
[2017-08-09 23:14:30][info] k:appid=>wxefc029d4373dcac0
[2017-08-09 23:14:30][info] k:bank_type=>CMB_CREDIT
[2017-08-09 23:14:30][info] k:cash_fee=>528000
[2017-08-09 23:14:30][info] k:fee_type=>CNY
[2017-08-09 23:14:30][info] k:is_subscribe=>Y
[2017-08-09 23:14:30][info] k:mch_id=>1244967502
[2017-08-09 23:14:30][info] k:nonce_str=>r0zwwd4qwxy7fuuip4zyeskawldzjpvr
[2017-08-09 23:14:30][info] k:openid=>orYumuEE-3QFWxFiGSmjPBqArJyg
[2017-08-09 23:14:30][info] k:out_trade_no=>LX-17071816332213706-5
[2017-08-09 23:14:30][info] k:result_code=>SUCCESS
[2017-08-09 23:14:30][info] k:return_code=>SUCCESS
[2017-08-09 23:14:30][info] k:sign=>06BB190059961251AF27DFB28D5B0B2E
[2017-08-09 23:14:30][info] k:time_end=>20170809231429
[2017-08-09 23:14:30][info] k:total_fee=>528000
[2017-08-09 23:14:30][info] k:trade_type=>NATIVE
[2017-08-09 23:14:30][info] k:transaction_id=>4008992001201708095399170487
[2017-08-09 23:14:30][info] ----------------------------------------
[2017-08-09 23:14:30][info] XML_DATA222:{"appid":"wxefc029d4373dcac0","bank_type":"CMB_CREDIT","cash_fee":"5280.00","fee_type":"CNY","is_subscribe":"Y","mch_id":"1244967502","nonce_str":"r0zwwd4qwxy7fuuip4zyeskawldzjpvr","openid":"orYumuEE-3QFWxFiGSmjPBqArJyg","out_trade_no":"LX-17071816332213706-5","result_code":"SUCCESS","return_code":"SUCCESS","sign":"06BB190059961251AF27DFB28D5B0B2E","time_end":"20170809231429","total_fee":"5280.00","trade_type":"NATIVE","transaction_id":"4008992001201708095399170487"}
[2017-08-09 23:14:30][warn] 数据存储成功，并成功返回记录编号18556！
[2017-08-09 23:14:43][info] ----------------------------------------
[2017-08-09 23:14:43][info] XML_DATA111:[{appid=>wxefc029d4373dcac0}{bank_type=>CMB_CREDIT}{cash_fee=>528000}{fee_type=>CNY}{is_subscribe=>Y}{mch_id=>1244967502}{nonce_str=>r0zwwd4qwxy7fuuip4zyeskawldzjpvr}{openid=>orYumuEE-3QFWxFiGSmjPBqArJyg}{out_trade_no=>LX-17071816332213706-5}{result_code=>SUCCESS}{return_code=>SUCCESS}{sign=>06BB190059961251AF27DFB28D5B0B2E}{time_end=>20170809231429}{total_fee=>528000}{trade_type=>NATIVE}{transaction_id=>4008992001201708095399170487}]
[2017-08-09 23:14:43][info] k:appid=>wxefc029d4373dcac0
[2017-08-09 23:14:43][info] k:bank_type=>CMB_CREDIT
[2017-08-09 23:14:43][info] k:cash_fee=>528000
[2017-08-09 23:14:43][info] k:fee_type=>CNY
[2017-08-09 23:14:43][info] k:is_subscribe=>Y
[2017-08-09 23:14:43][info] k:mch_id=>1244967502
[2017-08-09 23:14:43][info] k:nonce_str=>r0zwwd4qwxy7fuuip4zyeskawldzjpvr
[2017-08-09 23:14:43][info] k:openid=>orYumuEE-3QFWxFiGSmjPBqArJyg
[2017-08-09 23:14:43][info] k:out_trade_no=>LX-17071816332213706-5
[2017-08-09 23:14:43][info] k:result_code=>SUCCESS
[2017-08-09 23:14:43][info] k:return_code=>SUCCESS
[2017-08-09 23:14:43][info] k:sign=>06BB190059961251AF27DFB28D5B0B2E
[2017-08-09 23:14:43][info] k:time_end=>20170809231429
[2017-08-09 23:14:43][info] k:total_fee=>528000
[2017-08-09 23:14:43][info] k:trade_type=>NATIVE
[2017-08-09 23:14:43][info] k:transaction_id=>4008992001201708095399170487
[2017-08-09 23:14:43][info] ----------------------------------------
[2017-08-09 23:14:43][info] XML_DATA222:{"appid":"wxefc029d4373dcac0","bank_type":"CMB_CREDIT","cash_fee":"5280.00","fee_type":"CNY","is_subscribe":"Y","mch_id":"1244967502","nonce_str":"r0zwwd4qwxy7fuuip4zyeskawldzjpvr","openid":"orYumuEE-3QFWxFiGSmjPBqArJyg","out_trade_no":"LX-17071816332213706-5","result_code":"SUCCESS","return_code":"SUCCESS","sign":"06BB190059961251AF27DFB28D5B0B2E","time_end":"20170809231429","total_fee":"5280.00","trade_type":"NATIVE","transaction_id":"4008992001201708095399170487"}
[2017-08-09 23:14:43][info] 收到重复信息，并处理反馈成功！
[2017-08-09 23:14:43][info] success
[2017-08-09 23:14:43][info] 写入结束!!!
