[2017-09-29 13:15:37][info] ----------------------------------------
[2017-09-29 13:15:37][info] XML_DATA111:[{appid=>wxefc029d4373dcac0}{bank_type=>CCB_DEBIT}{cash_fee=>452000}{fee_type=>CNY}{is_subscribe=>Y}{mch_id=>1244967502}{nonce_str=>1vr2angregay24pig8j3qo0pajxnlbup}{openid=>orYumuIw_efJX4XiIG9xnRka-45w}{out_trade_no=>LX-17090811170823906-9}{result_code=>SUCCESS}{return_code=>SUCCESS}{sign=>82AE4AF0800421F5F51C956595406EA1}{time_end=>20170929131535}{total_fee=>452000}{trade_type=>NATIVE}{transaction_id=>4200000022201709294930080225}]
[2017-09-29 13:15:37][info] k:appid=>wxefc029d4373dcac0
[2017-09-29 13:15:37][info] k:bank_type=>CCB_DEBIT
[2017-09-29 13:15:37][info] k:cash_fee=>452000
[2017-09-29 13:15:37][info] k:fee_type=>CNY
[2017-09-29 13:15:37][info] k:is_subscribe=>Y
[2017-09-29 13:15:37][info] k:mch_id=>1244967502
[2017-09-29 13:15:37][info] k:nonce_str=>1vr2angregay24pig8j3qo0pajxnlbup
[2017-09-29 13:15:37][info] k:openid=>orYumuIw_efJX4XiIG9xnRka-45w
[2017-09-29 13:15:37][info] k:out_trade_no=>LX-17090811170823906-9
[2017-09-29 13:15:37][info] k:result_code=>SUCCESS
[2017-09-29 13:15:37][info] k:return_code=>SUCCESS
[2017-09-29 13:15:37][info] k:sign=>82AE4AF0800421F5F51C956595406EA1
[2017-09-29 13:15:37][info] k:time_end=>20170929131535
[2017-09-29 13:15:37][info] k:total_fee=>452000
[2017-09-29 13:15:37][info] k:trade_type=>NATIVE
[2017-09-29 13:15:37][info] k:transaction_id=>4200000022201709294930080225
[2017-09-29 13:15:37][info] ----------------------------------------
[2017-09-29 13:15:37][info] XML_DATA222:{"appid":"wxefc029d4373dcac0","bank_type":"CCB_DEBIT","cash_fee":"4520.00","fee_type":"CNY","is_subscribe":"Y","mch_id":"1244967502","nonce_str":"1vr2angregay24pig8j3qo0pajxnlbup","openid":"orYumuIw_efJX4XiIG9xnRka-45w","out_trade_no":"LX-17090811170823906-9","result_code":"SUCCESS","return_code":"SUCCESS","sign":"82AE4AF0800421F5F51C956595406EA1","time_end":"20170929131535","total_fee":"4520.00","trade_type":"NATIVE","transaction_id":"4200000022201709294930080225"}
[2017-09-29 13:15:37][warn] 数据存储成功，并成功返回记录编号19310！
[2017-09-29 13:15:50][info] ----------------------------------------
[2017-09-29 13:15:50][info] XML_DATA111:[{appid=>wxefc029d4373dcac0}{bank_type=>CCB_DEBIT}{cash_fee=>452000}{fee_type=>CNY}{is_subscribe=>Y}{mch_id=>1244967502}{nonce_str=>1vr2angregay24pig8j3qo0pajxnlbup}{openid=>orYumuIw_efJX4XiIG9xnRka-45w}{out_trade_no=>LX-17090811170823906-9}{result_code=>SUCCESS}{return_code=>SUCCESS}{sign=>82AE4AF0800421F5F51C956595406EA1}{time_end=>20170929131535}{total_fee=>452000}{trade_type=>NATIVE}{transaction_id=>4200000022201709294930080225}]
[2017-09-29 13:15:50][info] k:appid=>wxefc029d4373dcac0
[2017-09-29 13:15:50][info] k:bank_type=>CCB_DEBIT
[2017-09-29 13:15:50][info] k:cash_fee=>452000
[2017-09-29 13:15:50][info] k:fee_type=>CNY
[2017-09-29 13:15:50][info] k:is_subscribe=>Y
[2017-09-29 13:15:50][info] k:mch_id=>1244967502
[2017-09-29 13:15:50][info] k:nonce_str=>1vr2angregay24pig8j3qo0pajxnlbup
[2017-09-29 13:15:50][info] k:openid=>orYumuIw_efJX4XiIG9xnRka-45w
[2017-09-29 13:15:50][info] k:out_trade_no=>LX-17090811170823906-9
[2017-09-29 13:15:50][info] k:result_code=>SUCCESS
[2017-09-29 13:15:50][info] k:return_code=>SUCCESS
[2017-09-29 13:15:50][info] k:sign=>82AE4AF0800421F5F51C956595406EA1
[2017-09-29 13:15:50][info] k:time_end=>20170929131535
[2017-09-29 13:15:50][info] k:total_fee=>452000
[2017-09-29 13:15:50][info] k:trade_type=>NATIVE
[2017-09-29 13:15:50][info] k:transaction_id=>4200000022201709294930080225
[2017-09-29 13:15:50][info] ----------------------------------------
[2017-09-29 13:15:50][info] XML_DATA222:{"appid":"wxefc029d4373dcac0","bank_type":"CCB_DEBIT","cash_fee":"4520.00","fee_type":"CNY","is_subscribe":"Y","mch_id":"1244967502","nonce_str":"1vr2angregay24pig8j3qo0pajxnlbup","openid":"orYumuIw_efJX4XiIG9xnRka-45w","out_trade_no":"LX-17090811170823906-9","result_code":"SUCCESS","return_code":"SUCCESS","sign":"82AE4AF0800421F5F51C956595406EA1","time_end":"20170929131535","total_fee":"4520.00","trade_type":"NATIVE","transaction_id":"4200000022201709294930080225"}
[2017-09-29 13:15:50][info] 收到重复信息，并处理反馈成功！
[2017-09-29 13:15:50][info] success
[2017-09-29 13:15:50][info] 写入结束!!!
[2017-09-29 14:08:26][info] ----------------------------------------
[2017-09-29 14:08:26][info] XML_DATA111:[{appid=>wxefc029d4373dcac0}{bank_type=>CMB_DEBIT}{cash_fee=>318000}{fee_type=>CNY}{is_subscribe=>N}{mch_id=>1244967502}{nonce_str=>al3n9ihm5c02q7m630ra6tjbq67zyf1f}{openid=>orYumuOHkNj8tv4zC8lR8PjfKaOk}{out_trade_no=>LX-17092616331045001-b}{result_code=>SUCCESS}{return_code=>SUCCESS}{sign=>C141048A4B250657DE8D455276A928F8}{time_end=>20170929140826}{total_fee=>318000}{trade_type=>NATIVE}{transaction_id=>4200000013201709294943111452}]
[2017-09-29 14:08:26][info] k:appid=>wxefc029d4373dcac0
[2017-09-29 14:08:26][info] k:bank_type=>CMB_DEBIT
[2017-09-29 14:08:26][info] k:cash_fee=>318000
[2017-09-29 14:08:26][info] k:fee_type=>CNY
[2017-09-29 14:08:26][info] k:is_subscribe=>N
[2017-09-29 14:08:26][info] k:mch_id=>1244967502
[2017-09-29 14:08:26][info] k:nonce_str=>al3n9ihm5c02q7m630ra6tjbq67zyf1f
[2017-09-29 14:08:26][info] k:openid=>orYumuOHkNj8tv4zC8lR8PjfKaOk
[2017-09-29 14:08:26][info] k:out_trade_no=>LX-17092616331045001-b
[2017-09-29 14:08:26][info] k:result_code=>SUCCESS
[2017-09-29 14:08:26][info] k:return_code=>SUCCESS
[2017-09-29 14:08:26][info] k:sign=>C141048A4B250657DE8D455276A928F8
[2017-09-29 14:08:26][info] k:time_end=>20170929140826
[2017-09-29 14:08:26][info] k:total_fee=>318000
[2017-09-29 14:08:26][info] k:trade_type=>NATIVE
[2017-09-29 14:08:26][info] k:transaction_id=>4200000013201709294943111452
[2017-09-29 14:08:26][info] ----------------------------------------
[2017-09-29 14:08:26][info] XML_DATA222:{"appid":"wxefc029d4373dcac0","bank_type":"CMB_DEBIT","cash_fee":"3180.00","fee_type":"CNY","is_subscribe":"N","mch_id":"1244967502","nonce_str":"al3n9ihm5c02q7m630ra6tjbq67zyf1f","openid":"orYumuOHkNj8tv4zC8lR8PjfKaOk","out_trade_no":"LX-17092616331045001-b","result_code":"SUCCESS","return_code":"SUCCESS","sign":"C141048A4B250657DE8D455276A928F8","time_end":"20170929140826","total_fee":"3180.00","trade_type":"NATIVE","transaction_id":"4200000013201709294943111452"}
[2017-09-29 14:08:27][warn] 数据存储成功，并成功返回记录编号19312！
[2017-09-29 14:08:43][info] ----------------------------------------
[2017-09-29 14:08:43][info] XML_DATA111:[{appid=>wxefc029d4373dcac0}{bank_type=>CMB_DEBIT}{cash_fee=>318000}{fee_type=>CNY}{is_subscribe=>N}{mch_id=>1244967502}{nonce_str=>al3n9ihm5c02q7m630ra6tjbq67zyf1f}{openid=>orYumuOHkNj8tv4zC8lR8PjfKaOk}{out_trade_no=>LX-17092616331045001-b}{result_code=>SUCCESS}{return_code=>SUCCESS}{sign=>C141048A4B250657DE8D455276A928F8}{time_end=>20170929140826}{total_fee=>318000}{trade_type=>NATIVE}{transaction_id=>4200000013201709294943111452}]
[2017-09-29 14:08:43][info] k:appid=>wxefc029d4373dcac0
[2017-09-29 14:08:43][info] k:bank_type=>CMB_DEBIT
[2017-09-29 14:08:43][info] k:cash_fee=>318000
[2017-09-29 14:08:43][info] k:fee_type=>CNY
[2017-09-29 14:08:43][info] k:is_subscribe=>N
[2017-09-29 14:08:43][info] k:mch_id=>1244967502
[2017-09-29 14:08:43][info] k:nonce_str=>al3n9ihm5c02q7m630ra6tjbq67zyf1f
[2017-09-29 14:08:43][info] k:openid=>orYumuOHkNj8tv4zC8lR8PjfKaOk
[2017-09-29 14:08:43][info] k:out_trade_no=>LX-17092616331045001-b
[2017-09-29 14:08:43][info] k:result_code=>SUCCESS
[2017-09-29 14:08:43][info] k:return_code=>SUCCESS
[2017-09-29 14:08:43][info] k:sign=>C141048A4B250657DE8D455276A928F8
[2017-09-29 14:08:43][info] k:time_end=>20170929140826
[2017-09-29 14:08:43][info] k:total_fee=>318000
[2017-09-29 14:08:43][info] k:trade_type=>NATIVE
[2017-09-29 14:08:43][info] k:transaction_id=>4200000013201709294943111452
[2017-09-29 14:08:43][info] ----------------------------------------
[2017-09-29 14:08:43][info] XML_DATA222:{"appid":"wxefc029d4373dcac0","bank_type":"CMB_DEBIT","cash_fee":"3180.00","fee_type":"CNY","is_subscribe":"N","mch_id":"1244967502","nonce_str":"al3n9ihm5c02q7m630ra6tjbq67zyf1f","openid":"orYumuOHkNj8tv4zC8lR8PjfKaOk","out_trade_no":"LX-17092616331045001-b","result_code":"SUCCESS","return_code":"SUCCESS","sign":"C141048A4B250657DE8D455276A928F8","time_end":"20170929140826","total_fee":"3180.00","trade_type":"NATIVE","transaction_id":"4200000013201709294943111452"}
[2017-09-29 14:08:43][info] 收到重复信息，并处理反馈成功！
[2017-09-29 14:08:43][info] success
[2017-09-29 14:08:43][info] 写入结束!!!
[2017-09-29 15:46:50][info] ----------------------------------------
[2017-09-29 15:46:50][info] XML_DATA111:[{appid=>wxefc029d4373dcac0}{bank_type=>CMB_CREDIT}{cash_fee=>179000}{fee_type=>CNY}{is_subscribe=>Y}{mch_id=>1244967502}{nonce_str=>2e3b70az4mj75cdd6eb2flbm1312hud9}{openid=>orYumuICxcPM4kPYGJznhq1SsDA4}{out_trade_no=>LX-17092201372690301-5}{result_code=>SUCCESS}{return_code=>SUCCESS}{sign=>D3F7E1213E286547C73F078637DD2921}{time_end=>20170929154649}{total_fee=>179000}{trade_type=>NATIVE}{transaction_id=>4200000002201709294960307020}]
[2017-09-29 15:46:50][info] k:appid=>wxefc029d4373dcac0
[2017-09-29 15:46:50][info] k:bank_type=>CMB_CREDIT
[2017-09-29 15:46:50][info] k:cash_fee=>179000
[2017-09-29 15:46:50][info] k:fee_type=>CNY
[2017-09-29 15:46:50][info] k:is_subscribe=>Y
[2017-09-29 15:46:50][info] k:mch_id=>1244967502
[2017-09-29 15:46:50][info] k:nonce_str=>2e3b70az4mj75cdd6eb2flbm1312hud9
[2017-09-29 15:46:50][info] k:openid=>orYumuICxcPM4kPYGJznhq1SsDA4
[2017-09-29 15:46:50][info] k:out_trade_no=>LX-17092201372690301-5
[2017-09-29 15:46:50][info] k:result_code=>SUCCESS
[2017-09-29 15:46:50][info] k:return_code=>SUCCESS
[2017-09-29 15:46:50][info] k:sign=>D3F7E1213E286547C73F078637DD2921
[2017-09-29 15:46:50][info] k:time_end=>20170929154649
[2017-09-29 15:46:50][info] k:total_fee=>179000
[2017-09-29 15:46:50][info] k:trade_type=>NATIVE
[2017-09-29 15:46:50][info] k:transaction_id=>4200000002201709294960307020
[2017-09-29 15:46:50][info] ----------------------------------------
[2017-09-29 15:46:50][info] XML_DATA222:{"appid":"wxefc029d4373dcac0","bank_type":"CMB_CREDIT","cash_fee":"1790.00","fee_type":"CNY","is_subscribe":"Y","mch_id":"1244967502","nonce_str":"2e3b70az4mj75cdd6eb2flbm1312hud9","openid":"orYumuICxcPM4kPYGJznhq1SsDA4","out_trade_no":"LX-17092201372690301-5","result_code":"SUCCESS","return_code":"SUCCESS","sign":"D3F7E1213E286547C73F078637DD2921","time_end":"20170929154649","total_fee":"1790.00","trade_type":"NATIVE","transaction_id":"4200000002201709294960307020"}
[2017-09-29 15:46:50][warn] 数据存储成功，并成功返回记录编号19317！
[2017-09-29 15:47:01][info] ----------------------------------------
[2017-09-29 15:47:01][info] XML_DATA111:[{appid=>wxefc029d4373dcac0}{bank_type=>CMB_CREDIT}{cash_fee=>179000}{fee_type=>CNY}{is_subscribe=>Y}{mch_id=>1244967502}{nonce_str=>2e3b70az4mj75cdd6eb2flbm1312hud9}{openid=>orYumuICxcPM4kPYGJznhq1SsDA4}{out_trade_no=>LX-17092201372690301-5}{result_code=>SUCCESS}{return_code=>SUCCESS}{sign=>D3F7E1213E286547C73F078637DD2921}{time_end=>20170929154649}{total_fee=>179000}{trade_type=>NATIVE}{transaction_id=>4200000002201709294960307020}]
[2017-09-29 15:47:01][info] k:appid=>wxefc029d4373dcac0
[2017-09-29 15:47:01][info] k:bank_type=>CMB_CREDIT
[2017-09-29 15:47:01][info] k:cash_fee=>179000
[2017-09-29 15:47:01][info] k:fee_type=>CNY
[2017-09-29 15:47:01][info] k:is_subscribe=>Y
[2017-09-29 15:47:01][info] k:mch_id=>1244967502
[2017-09-29 15:47:01][info] k:nonce_str=>2e3b70az4mj75cdd6eb2flbm1312hud9
[2017-09-29 15:47:01][info] k:openid=>orYumuICxcPM4kPYGJznhq1SsDA4
[2017-09-29 15:47:01][info] k:out_trade_no=>LX-17092201372690301-5
[2017-09-29 15:47:01][info] k:result_code=>SUCCESS
[2017-09-29 15:47:01][info] k:return_code=>SUCCESS
[2017-09-29 15:47:01][info] k:sign=>D3F7E1213E286547C73F078637DD2921
[2017-09-29 15:47:01][info] k:time_end=>20170929154649
[2017-09-29 15:47:01][info] k:total_fee=>179000
[2017-09-29 15:47:01][info] k:trade_type=>NATIVE
[2017-09-29 15:47:01][info] k:transaction_id=>4200000002201709294960307020
[2017-09-29 15:47:01][info] ----------------------------------------
[2017-09-29 15:47:01][info] XML_DATA222:{"appid":"wxefc029d4373dcac0","bank_type":"CMB_CREDIT","cash_fee":"1790.00","fee_type":"CNY","is_subscribe":"Y","mch_id":"1244967502","nonce_str":"2e3b70az4mj75cdd6eb2flbm1312hud9","openid":"orYumuICxcPM4kPYGJznhq1SsDA4","out_trade_no":"LX-17092201372690301-5","result_code":"SUCCESS","return_code":"SUCCESS","sign":"D3F7E1213E286547C73F078637DD2921","time_end":"20170929154649","total_fee":"1790.00","trade_type":"NATIVE","transaction_id":"4200000002201709294960307020"}
[2017-09-29 15:47:01][info] 收到重复信息，并处理反馈成功！
[2017-09-29 15:47:01][info] success
[2017-09-29 15:47:01][info] 写入结束!!!
[2017-09-29 20:20:41][info] ----------------------------------------
[2017-09-29 20:20:41][info] XML_DATA111:[{appid=>wxefc029d4373dcac0}{bank_type=>ICBC_CREDIT}{cash_fee=>369000}{fee_type=>CNY}{is_subscribe=>Y}{mch_id=>1244967502}{nonce_str=>t2wzgk1wfxa2xvg4w5sl5mvc385yr9qk}{openid=>orYumuORoc2sQh0wfkWhwmKBONEI}{out_trade_no=>LX-17091421063573001-5}{result_code=>SUCCESS}{return_code=>SUCCESS}{sign=>63EE15AC245E9A4C5AD9475B2E5AA386}{time_end=>20170929202040}{total_fee=>369000}{trade_type=>NATIVE}{transaction_id=>4200000026201709295009351773}]
[2017-09-29 20:20:41][info] k:appid=>wxefc029d4373dcac0
[2017-09-29 20:20:41][info] k:bank_type=>ICBC_CREDIT
[2017-09-29 20:20:41][info] k:cash_fee=>369000
[2017-09-29 20:20:41][info] k:fee_type=>CNY
[2017-09-29 20:20:41][info] k:is_subscribe=>Y
[2017-09-29 20:20:41][info] k:mch_id=>1244967502
[2017-09-29 20:20:41][info] k:nonce_str=>t2wzgk1wfxa2xvg4w5sl5mvc385yr9qk
[2017-09-29 20:20:41][info] k:openid=>orYumuORoc2sQh0wfkWhwmKBONEI
[2017-09-29 20:20:41][info] k:out_trade_no=>LX-17091421063573001-5
[2017-09-29 20:20:41][info] k:result_code=>SUCCESS
[2017-09-29 20:20:41][info] k:return_code=>SUCCESS
[2017-09-29 20:20:41][info] k:sign=>63EE15AC245E9A4C5AD9475B2E5AA386
[2017-09-29 20:20:41][info] k:time_end=>20170929202040
[2017-09-29 20:20:41][info] k:total_fee=>369000
[2017-09-29 20:20:41][info] k:trade_type=>NATIVE
[2017-09-29 20:20:41][info] k:transaction_id=>4200000026201709295009351773
[2017-09-29 20:20:41][info] ----------------------------------------
[2017-09-29 20:20:41][info] XML_DATA222:{"appid":"wxefc029d4373dcac0","bank_type":"ICBC_CREDIT","cash_fee":"3690.00","fee_type":"CNY","is_subscribe":"Y","mch_id":"1244967502","nonce_str":"t2wzgk1wfxa2xvg4w5sl5mvc385yr9qk","openid":"orYumuORoc2sQh0wfkWhwmKBONEI","out_trade_no":"LX-17091421063573001-5","result_code":"SUCCESS","return_code":"SUCCESS","sign":"63EE15AC245E9A4C5AD9475B2E5AA386","time_end":"20170929202040","total_fee":"3690.00","trade_type":"NATIVE","transaction_id":"4200000026201709295009351773"}
[2017-09-29 20:20:41][warn] 数据存储成功，并成功返回记录编号19322！
[2017-09-29 20:20:52][info] ----------------------------------------
[2017-09-29 20:20:52][info] XML_DATA111:[{appid=>wxefc029d4373dcac0}{bank_type=>ICBC_CREDIT}{cash_fee=>369000}{fee_type=>CNY}{is_subscribe=>Y}{mch_id=>1244967502}{nonce_str=>t2wzgk1wfxa2xvg4w5sl5mvc385yr9qk}{openid=>orYumuORoc2sQh0wfkWhwmKBONEI}{out_trade_no=>LX-17091421063573001-5}{result_code=>SUCCESS}{return_code=>SUCCESS}{sign=>63EE15AC245E9A4C5AD9475B2E5AA386}{time_end=>20170929202040}{total_fee=>369000}{trade_type=>NATIVE}{transaction_id=>4200000026201709295009351773}]
[2017-09-29 20:20:52][info] k:appid=>wxefc029d4373dcac0
[2017-09-29 20:20:52][info] k:bank_type=>ICBC_CREDIT
[2017-09-29 20:20:52][info] k:cash_fee=>369000
[2017-09-29 20:20:52][info] k:fee_type=>CNY
[2017-09-29 20:20:52][info] k:is_subscribe=>Y
[2017-09-29 20:20:52][info] k:mch_id=>1244967502
[2017-09-29 20:20:52][info] k:nonce_str=>t2wzgk1wfxa2xvg4w5sl5mvc385yr9qk
[2017-09-29 20:20:52][info] k:openid=>orYumuORoc2sQh0wfkWhwmKBONEI
[2017-09-29 20:20:52][info] k:out_trade_no=>LX-17091421063573001-5
[2017-09-29 20:20:52][info] k:result_code=>SUCCESS
[2017-09-29 20:20:52][info] k:return_code=>SUCCESS
[2017-09-29 20:20:52][info] k:sign=>63EE15AC245E9A4C5AD9475B2E5AA386
[2017-09-29 20:20:52][info] k:time_end=>20170929202040
[2017-09-29 20:20:52][info] k:total_fee=>369000
[2017-09-29 20:20:52][info] k:trade_type=>NATIVE
[2017-09-29 20:20:52][info] k:transaction_id=>4200000026201709295009351773
[2017-09-29 20:20:52][info] ----------------------------------------
[2017-09-29 20:20:52][info] XML_DATA222:{"appid":"wxefc029d4373dcac0","bank_type":"ICBC_CREDIT","cash_fee":"3690.00","fee_type":"CNY","is_subscribe":"Y","mch_id":"1244967502","nonce_str":"t2wzgk1wfxa2xvg4w5sl5mvc385yr9qk","openid":"orYumuORoc2sQh0wfkWhwmKBONEI","out_trade_no":"LX-17091421063573001-5","result_code":"SUCCESS","return_code":"SUCCESS","sign":"63EE15AC245E9A4C5AD9475B2E5AA386","time_end":"20170929202040","total_fee":"3690.00","trade_type":"NATIVE","transaction_id":"4200000026201709295009351773"}
[2017-09-29 20:20:52][info] 收到重复信息，并处理反馈成功！
[2017-09-29 20:20:52][info] success
[2017-09-29 20:20:52][info] 写入结束!!!
[2017-09-29 22:29:46][info] ----------------------------------------
[2017-09-29 22:29:46][info] XML_DATA111:[{appid=>wxefc029d4373dcac0}{bank_type=>ABC_DEBIT}{cash_fee=>568000}{fee_type=>CNY}{is_subscribe=>Y}{mch_id=>1244967502}{nonce_str=>tghmzve6yft8evkzkduttyxjgantg8ru}{openid=>orYumuP-iEL9qduxvo8WIA1lLClo}{out_trade_no=>LX-1708311323013801-6}{result_code=>SUCCESS}{return_code=>SUCCESS}{sign=>25CD89DC1DA66ACB362D5D1BE85B10E9}{time_end=>20170929222945}{total_fee=>568000}{trade_type=>NATIVE}{transaction_id=>4200000023201709295037465488}]
[2017-09-29 22:29:46][info] k:appid=>wxefc029d4373dcac0
[2017-09-29 22:29:46][info] k:bank_type=>ABC_DEBIT
[2017-09-29 22:29:46][info] k:cash_fee=>568000
[2017-09-29 22:29:46][info] k:fee_type=>CNY
[2017-09-29 22:29:46][info] k:is_subscribe=>Y
[2017-09-29 22:29:46][info] k:mch_id=>1244967502
[2017-09-29 22:29:46][info] k:nonce_str=>tghmzve6yft8evkzkduttyxjgantg8ru
[2017-09-29 22:29:46][info] k:openid=>orYumuP-iEL9qduxvo8WIA1lLClo
[2017-09-29 22:29:46][info] k:out_trade_no=>LX-1708311323013801-6
[2017-09-29 22:29:46][info] k:result_code=>SUCCESS
[2017-09-29 22:29:46][info] k:return_code=>SUCCESS
[2017-09-29 22:29:46][info] k:sign=>25CD89DC1DA66ACB362D5D1BE85B10E9
[2017-09-29 22:29:46][info] k:time_end=>20170929222945
[2017-09-29 22:29:46][info] k:total_fee=>568000
[2017-09-29 22:29:46][info] k:trade_type=>NATIVE
[2017-09-29 22:29:46][info] k:transaction_id=>4200000023201709295037465488
[2017-09-29 22:29:46][info] ----------------------------------------
[2017-09-29 22:29:46][info] XML_DATA222:{"appid":"wxefc029d4373dcac0","bank_type":"ABC_DEBIT","cash_fee":"5680.00","fee_type":"CNY","is_subscribe":"Y","mch_id":"1244967502","nonce_str":"tghmzve6yft8evkzkduttyxjgantg8ru","openid":"orYumuP-iEL9qduxvo8WIA1lLClo","out_trade_no":"LX-1708311323013801-6","result_code":"SUCCESS","return_code":"SUCCESS","sign":"25CD89DC1DA66ACB362D5D1BE85B10E9","time_end":"20170929222945","total_fee":"5680.00","trade_type":"NATIVE","transaction_id":"4200000023201709295037465488"}
[2017-09-29 22:29:47][warn] 数据存储成功，并成功返回记录编号19328！
[2017-09-29 22:30:02][info] ----------------------------------------
[2017-09-29 22:30:02][info] XML_DATA111:[{appid=>wxefc029d4373dcac0}{bank_type=>ABC_DEBIT}{cash_fee=>568000}{fee_type=>CNY}{is_subscribe=>Y}{mch_id=>1244967502}{nonce_str=>tghmzve6yft8evkzkduttyxjgantg8ru}{openid=>orYumuP-iEL9qduxvo8WIA1lLClo}{out_trade_no=>LX-1708311323013801-6}{result_code=>SUCCESS}{return_code=>SUCCESS}{sign=>25CD89DC1DA66ACB362D5D1BE85B10E9}{time_end=>20170929222945}{total_fee=>568000}{trade_type=>NATIVE}{transaction_id=>4200000023201709295037465488}]
[2017-09-29 22:30:02][info] k:appid=>wxefc029d4373dcac0
[2017-09-29 22:30:02][info] k:bank_type=>ABC_DEBIT
[2017-09-29 22:30:02][info] k:cash_fee=>568000
[2017-09-29 22:30:02][info] k:fee_type=>CNY
[2017-09-29 22:30:02][info] k:is_subscribe=>Y
[2017-09-29 22:30:02][info] k:mch_id=>1244967502
[2017-09-29 22:30:02][info] k:nonce_str=>tghmzve6yft8evkzkduttyxjgantg8ru
[2017-09-29 22:30:02][info] k:openid=>orYumuP-iEL9qduxvo8WIA1lLClo
[2017-09-29 22:30:02][info] k:out_trade_no=>LX-1708311323013801-6
[2017-09-29 22:30:02][info] k:result_code=>SUCCESS
[2017-09-29 22:30:02][info] k:return_code=>SUCCESS
[2017-09-29 22:30:02][info] k:sign=>25CD89DC1DA66ACB362D5D1BE85B10E9
[2017-09-29 22:30:02][info] k:time_end=>20170929222945
[2017-09-29 22:30:02][info] k:total_fee=>568000
[2017-09-29 22:30:02][info] k:trade_type=>NATIVE
[2017-09-29 22:30:02][info] k:transaction_id=>4200000023201709295037465488
[2017-09-29 22:30:02][info] ----------------------------------------
[2017-09-29 22:30:02][info] XML_DATA222:{"appid":"wxefc029d4373dcac0","bank_type":"ABC_DEBIT","cash_fee":"5680.00","fee_type":"CNY","is_subscribe":"Y","mch_id":"1244967502","nonce_str":"tghmzve6yft8evkzkduttyxjgantg8ru","openid":"orYumuP-iEL9qduxvo8WIA1lLClo","out_trade_no":"LX-1708311323013801-6","result_code":"SUCCESS","return_code":"SUCCESS","sign":"25CD89DC1DA66ACB362D5D1BE85B10E9","time_end":"20170929222945","total_fee":"5680.00","trade_type":"NATIVE","transaction_id":"4200000023201709295037465488"}
[2017-09-29 22:30:02][info] 收到重复信息，并处理反馈成功！
[2017-09-29 22:30:02][info] success
[2017-09-29 22:30:02][info] 写入结束!!!
