[2017-07-25 17:23:56][info] ----------------------------------------
[2017-07-25 17:23:56][info] XML_DATA111:[{appid=>wxefc029d4373dcac0}{bank_type=>CFT}{cash_fee=>657000}{fee_type=>CNY}{is_subscribe=>Y}{mch_id=>1244967502}{nonce_str=>lp2q96p2tbmy5tt79mw9bp76xv8gwgnf}{openid=>orYumuMTdgis1t6Xd_zYDg1-y-EQ}{out_trade_no=>LX-17072515580485906-6}{result_code=>SUCCESS}{return_code=>SUCCESS}{sign=>D4880FC5E10784DE98A5DF8BD4095077}{time_end=>20170725172356}{total_fee=>657000}{trade_type=>NATIVE}{transaction_id=>4000922001201707252603259831}]
[2017-07-25 17:23:56][info] k:appid=>wxefc029d4373dcac0
[2017-07-25 17:23:56][info] k:bank_type=>CFT
[2017-07-25 17:23:56][info] k:cash_fee=>657000
[2017-07-25 17:23:56][info] k:fee_type=>CNY
[2017-07-25 17:23:56][info] k:is_subscribe=>Y
[2017-07-25 17:23:56][info] k:mch_id=>1244967502
[2017-07-25 17:23:56][info] k:nonce_str=>lp2q96p2tbmy5tt79mw9bp76xv8gwgnf
[2017-07-25 17:23:56][info] k:openid=>orYumuMTdgis1t6Xd_zYDg1-y-EQ
[2017-07-25 17:23:56][info] k:out_trade_no=>LX-17072515580485906-6
[2017-07-25 17:23:56][info] k:result_code=>SUCCESS
[2017-07-25 17:23:56][info] k:return_code=>SUCCESS
[2017-07-25 17:23:56][info] k:sign=>D4880FC5E10784DE98A5DF8BD4095077
[2017-07-25 17:23:56][info] k:time_end=>20170725172356
[2017-07-25 17:23:56][info] k:total_fee=>657000
[2017-07-25 17:23:56][info] k:trade_type=>NATIVE
[2017-07-25 17:23:56][info] k:transaction_id=>4000922001201707252603259831
[2017-07-25 17:23:56][info] ----------------------------------------
[2017-07-25 17:23:56][info] XML_DATA222:{"appid":"wxefc029d4373dcac0","bank_type":"CFT","cash_fee":"6570.00","fee_type":"CNY","is_subscribe":"Y","mch_id":"1244967502","nonce_str":"lp2q96p2tbmy5tt79mw9bp76xv8gwgnf","openid":"orYumuMTdgis1t6Xd_zYDg1-y-EQ","out_trade_no":"LX-17072515580485906-6","result_code":"SUCCESS","return_code":"SUCCESS","sign":"D4880FC5E10784DE98A5DF8BD4095077","time_end":"20170725172356","total_fee":"6570.00","trade_type":"NATIVE","transaction_id":"4000922001201707252603259831"}
[2017-07-25 17:23:57][warn] 数据存储成功，并成功返回记录编号18239！
[2017-07-25 17:24:13][info] ----------------------------------------
[2017-07-25 17:24:13][info] XML_DATA111:[{appid=>wxefc029d4373dcac0}{bank_type=>CFT}{cash_fee=>657000}{fee_type=>CNY}{is_subscribe=>Y}{mch_id=>1244967502}{nonce_str=>lp2q96p2tbmy5tt79mw9bp76xv8gwgnf}{openid=>orYumuMTdgis1t6Xd_zYDg1-y-EQ}{out_trade_no=>LX-17072515580485906-6}{result_code=>SUCCESS}{return_code=>SUCCESS}{sign=>D4880FC5E10784DE98A5DF8BD4095077}{time_end=>20170725172356}{total_fee=>657000}{trade_type=>NATIVE}{transaction_id=>4000922001201707252603259831}]
[2017-07-25 17:24:13][info] k:appid=>wxefc029d4373dcac0
[2017-07-25 17:24:13][info] k:bank_type=>CFT
[2017-07-25 17:24:13][info] k:cash_fee=>657000
[2017-07-25 17:24:13][info] k:fee_type=>CNY
[2017-07-25 17:24:13][info] k:is_subscribe=>Y
[2017-07-25 17:24:13][info] k:mch_id=>1244967502
[2017-07-25 17:24:13][info] k:nonce_str=>lp2q96p2tbmy5tt79mw9bp76xv8gwgnf
[2017-07-25 17:24:13][info] k:openid=>orYumuMTdgis1t6Xd_zYDg1-y-EQ
[2017-07-25 17:24:13][info] k:out_trade_no=>LX-17072515580485906-6
[2017-07-25 17:24:13][info] k:result_code=>SUCCESS
[2017-07-25 17:24:13][info] k:return_code=>SUCCESS
[2017-07-25 17:24:13][info] k:sign=>D4880FC5E10784DE98A5DF8BD4095077
[2017-07-25 17:24:13][info] k:time_end=>20170725172356
[2017-07-25 17:24:13][info] k:total_fee=>657000
[2017-07-25 17:24:13][info] k:trade_type=>NATIVE
[2017-07-25 17:24:13][info] k:transaction_id=>4000922001201707252603259831
[2017-07-25 17:24:13][info] ----------------------------------------
[2017-07-25 17:24:13][info] XML_DATA222:{"appid":"wxefc029d4373dcac0","bank_type":"CFT","cash_fee":"6570.00","fee_type":"CNY","is_subscribe":"Y","mch_id":"1244967502","nonce_str":"lp2q96p2tbmy5tt79mw9bp76xv8gwgnf","openid":"orYumuMTdgis1t6Xd_zYDg1-y-EQ","out_trade_no":"LX-17072515580485906-6","result_code":"SUCCESS","return_code":"SUCCESS","sign":"D4880FC5E10784DE98A5DF8BD4095077","time_end":"20170725172356","total_fee":"6570.00","trade_type":"NATIVE","transaction_id":"4000922001201707252603259831"}
[2017-07-25 17:24:14][info] 收到重复信息，并处理反馈成功！
[2017-07-25 17:24:14][info] success
[2017-07-25 17:24:14][info] 写入结束!!!
[2017-07-25 20:16:48][info] ----------------------------------------
[2017-07-25 20:16:48][info] XML_DATA111:[{appid=>wxefc029d4373dcac0}{bank_type=>BOC_DEBIT}{cash_fee=>796000}{fee_type=>CNY}{is_subscribe=>N}{mch_id=>1244967502}{nonce_str=>6yxexwej2y5u4lx1hj2of0m9q61xrddi}{openid=>orYumuIIZBYcFyHagDk4KbuGK2pE}{out_trade_no=>LX-17072520104357101-e}{result_code=>SUCCESS}{return_code=>SUCCESS}{sign=>1442C0FD3C05C836937B37FF1485C2C4}{time_end=>20170725201647}{total_fee=>796000}{trade_type=>NATIVE}{transaction_id=>4006952001201707252636756657}]
[2017-07-25 20:16:48][info] k:appid=>wxefc029d4373dcac0
[2017-07-25 20:16:48][info] k:bank_type=>BOC_DEBIT
[2017-07-25 20:16:48][info] k:cash_fee=>796000
[2017-07-25 20:16:48][info] k:fee_type=>CNY
[2017-07-25 20:16:48][info] k:is_subscribe=>N
[2017-07-25 20:16:48][info] k:mch_id=>1244967502
[2017-07-25 20:16:48][info] k:nonce_str=>6yxexwej2y5u4lx1hj2of0m9q61xrddi
[2017-07-25 20:16:48][info] k:openid=>orYumuIIZBYcFyHagDk4KbuGK2pE
[2017-07-25 20:16:48][info] k:out_trade_no=>LX-17072520104357101-e
[2017-07-25 20:16:48][info] k:result_code=>SUCCESS
[2017-07-25 20:16:48][info] k:return_code=>SUCCESS
[2017-07-25 20:16:48][info] k:sign=>1442C0FD3C05C836937B37FF1485C2C4
[2017-07-25 20:16:48][info] k:time_end=>20170725201647
[2017-07-25 20:16:48][info] k:total_fee=>796000
[2017-07-25 20:16:48][info] k:trade_type=>NATIVE
[2017-07-25 20:16:48][info] k:transaction_id=>4006952001201707252636756657
[2017-07-25 20:16:48][info] ----------------------------------------
[2017-07-25 20:16:48][info] XML_DATA222:{"appid":"wxefc029d4373dcac0","bank_type":"BOC_DEBIT","cash_fee":"7960.00","fee_type":"CNY","is_subscribe":"N","mch_id":"1244967502","nonce_str":"6yxexwej2y5u4lx1hj2of0m9q61xrddi","openid":"orYumuIIZBYcFyHagDk4KbuGK2pE","out_trade_no":"LX-17072520104357101-e","result_code":"SUCCESS","return_code":"SUCCESS","sign":"1442C0FD3C05C836937B37FF1485C2C4","time_end":"20170725201647","total_fee":"7960.00","trade_type":"NATIVE","transaction_id":"4006952001201707252636756657"}
[2017-07-25 20:16:48][warn] 数据存储成功，并成功返回记录编号18243！
[2017-07-25 20:17:02][info] ----------------------------------------
[2017-07-25 20:17:02][info] XML_DATA111:[{appid=>wxefc029d4373dcac0}{bank_type=>BOC_DEBIT}{cash_fee=>796000}{fee_type=>CNY}{is_subscribe=>N}{mch_id=>1244967502}{nonce_str=>6yxexwej2y5u4lx1hj2of0m9q61xrddi}{openid=>orYumuIIZBYcFyHagDk4KbuGK2pE}{out_trade_no=>LX-17072520104357101-e}{result_code=>SUCCESS}{return_code=>SUCCESS}{sign=>1442C0FD3C05C836937B37FF1485C2C4}{time_end=>20170725201647}{total_fee=>796000}{trade_type=>NATIVE}{transaction_id=>4006952001201707252636756657}]
[2017-07-25 20:17:02][info] k:appid=>wxefc029d4373dcac0
[2017-07-25 20:17:02][info] k:bank_type=>BOC_DEBIT
[2017-07-25 20:17:02][info] k:cash_fee=>796000
[2017-07-25 20:17:02][info] k:fee_type=>CNY
[2017-07-25 20:17:02][info] k:is_subscribe=>N
[2017-07-25 20:17:02][info] k:mch_id=>1244967502
[2017-07-25 20:17:02][info] k:nonce_str=>6yxexwej2y5u4lx1hj2of0m9q61xrddi
[2017-07-25 20:17:02][info] k:openid=>orYumuIIZBYcFyHagDk4KbuGK2pE
[2017-07-25 20:17:02][info] k:out_trade_no=>LX-17072520104357101-e
[2017-07-25 20:17:02][info] k:result_code=>SUCCESS
[2017-07-25 20:17:02][info] k:return_code=>SUCCESS
[2017-07-25 20:17:02][info] k:sign=>1442C0FD3C05C836937B37FF1485C2C4
[2017-07-25 20:17:02][info] k:time_end=>20170725201647
[2017-07-25 20:17:02][info] k:total_fee=>796000
[2017-07-25 20:17:02][info] k:trade_type=>NATIVE
[2017-07-25 20:17:02][info] k:transaction_id=>4006952001201707252636756657
[2017-07-25 20:17:02][info] ----------------------------------------
[2017-07-25 20:17:02][info] XML_DATA222:{"appid":"wxefc029d4373dcac0","bank_type":"BOC_DEBIT","cash_fee":"7960.00","fee_type":"CNY","is_subscribe":"N","mch_id":"1244967502","nonce_str":"6yxexwej2y5u4lx1hj2of0m9q61xrddi","openid":"orYumuIIZBYcFyHagDk4KbuGK2pE","out_trade_no":"LX-17072520104357101-e","result_code":"SUCCESS","return_code":"SUCCESS","sign":"1442C0FD3C05C836937B37FF1485C2C4","time_end":"20170725201647","total_fee":"7960.00","trade_type":"NATIVE","transaction_id":"4006952001201707252636756657"}
[2017-07-25 20:17:02][info] 收到重复信息，并处理反馈成功！
[2017-07-25 20:17:02][info] success
[2017-07-25 20:17:02][info] 写入结束!!!
[2017-07-25 21:29:23][info] ----------------------------------------
[2017-07-25 21:29:23][info] XML_DATA111:[{appid=>wxefc029d4373dcac0}{bank_type=>ABC_CREDIT}{cash_fee=>816000}{fee_type=>CNY}{is_subscribe=>Y}{mch_id=>1244967502}{nonce_str=>3tvqctajphr2tvijb8kqhg9s9pxpemc0}{openid=>orYumuBnLDWx4MmBhkiCXEKMUXSU}{out_trade_no=>LX-17071017451135606-3}{result_code=>SUCCESS}{return_code=>SUCCESS}{sign=>AEA653CF9ECBBD26A1E0F272D51C4190}{time_end=>20170725212922}{total_fee=>816000}{trade_type=>NATIVE}{transaction_id=>4006342001201707252647524183}]
[2017-07-25 21:29:23][info] k:appid=>wxefc029d4373dcac0
[2017-07-25 21:29:23][info] k:bank_type=>ABC_CREDIT
[2017-07-25 21:29:23][info] k:cash_fee=>816000
[2017-07-25 21:29:23][info] k:fee_type=>CNY
[2017-07-25 21:29:23][info] k:is_subscribe=>Y
[2017-07-25 21:29:23][info] k:mch_id=>1244967502
[2017-07-25 21:29:23][info] k:nonce_str=>3tvqctajphr2tvijb8kqhg9s9pxpemc0
[2017-07-25 21:29:23][info] k:openid=>orYumuBnLDWx4MmBhkiCXEKMUXSU
[2017-07-25 21:29:23][info] k:out_trade_no=>LX-17071017451135606-3
[2017-07-25 21:29:23][info] k:result_code=>SUCCESS
[2017-07-25 21:29:23][info] k:return_code=>SUCCESS
[2017-07-25 21:29:23][info] k:sign=>AEA653CF9ECBBD26A1E0F272D51C4190
[2017-07-25 21:29:23][info] k:time_end=>20170725212922
[2017-07-25 21:29:23][info] k:total_fee=>816000
[2017-07-25 21:29:23][info] k:trade_type=>NATIVE
[2017-07-25 21:29:23][info] k:transaction_id=>4006342001201707252647524183
[2017-07-25 21:29:23][info] ----------------------------------------
[2017-07-25 21:29:23][info] XML_DATA222:{"appid":"wxefc029d4373dcac0","bank_type":"ABC_CREDIT","cash_fee":"8160.00","fee_type":"CNY","is_subscribe":"Y","mch_id":"1244967502","nonce_str":"3tvqctajphr2tvijb8kqhg9s9pxpemc0","openid":"orYumuBnLDWx4MmBhkiCXEKMUXSU","out_trade_no":"LX-17071017451135606-3","result_code":"SUCCESS","return_code":"SUCCESS","sign":"AEA653CF9ECBBD26A1E0F272D51C4190","time_end":"20170725212922","total_fee":"8160.00","trade_type":"NATIVE","transaction_id":"4006342001201707252647524183"}
[2017-07-25 21:29:23][warn] 数据存储成功，并成功返回记录编号18249！
[2017-07-25 21:29:33][info] ----------------------------------------
[2017-07-25 21:29:33][info] XML_DATA111:[{appid=>wxefc029d4373dcac0}{bank_type=>ABC_CREDIT}{cash_fee=>816000}{fee_type=>CNY}{is_subscribe=>Y}{mch_id=>1244967502}{nonce_str=>3tvqctajphr2tvijb8kqhg9s9pxpemc0}{openid=>orYumuBnLDWx4MmBhkiCXEKMUXSU}{out_trade_no=>LX-17071017451135606-3}{result_code=>SUCCESS}{return_code=>SUCCESS}{sign=>AEA653CF9ECBBD26A1E0F272D51C4190}{time_end=>20170725212922}{total_fee=>816000}{trade_type=>NATIVE}{transaction_id=>4006342001201707252647524183}]
[2017-07-25 21:29:33][info] k:appid=>wxefc029d4373dcac0
[2017-07-25 21:29:33][info] k:bank_type=>ABC_CREDIT
[2017-07-25 21:29:33][info] k:cash_fee=>816000
[2017-07-25 21:29:33][info] k:fee_type=>CNY
[2017-07-25 21:29:33][info] k:is_subscribe=>Y
[2017-07-25 21:29:33][info] k:mch_id=>1244967502
[2017-07-25 21:29:33][info] k:nonce_str=>3tvqctajphr2tvijb8kqhg9s9pxpemc0
[2017-07-25 21:29:33][info] k:openid=>orYumuBnLDWx4MmBhkiCXEKMUXSU
[2017-07-25 21:29:33][info] k:out_trade_no=>LX-17071017451135606-3
[2017-07-25 21:29:33][info] k:result_code=>SUCCESS
[2017-07-25 21:29:33][info] k:return_code=>SUCCESS
[2017-07-25 21:29:33][info] k:sign=>AEA653CF9ECBBD26A1E0F272D51C4190
[2017-07-25 21:29:33][info] k:time_end=>20170725212922
[2017-07-25 21:29:33][info] k:total_fee=>816000
[2017-07-25 21:29:33][info] k:trade_type=>NATIVE
[2017-07-25 21:29:33][info] k:transaction_id=>4006342001201707252647524183
[2017-07-25 21:29:33][info] ----------------------------------------
[2017-07-25 21:29:33][info] XML_DATA222:{"appid":"wxefc029d4373dcac0","bank_type":"ABC_CREDIT","cash_fee":"8160.00","fee_type":"CNY","is_subscribe":"Y","mch_id":"1244967502","nonce_str":"3tvqctajphr2tvijb8kqhg9s9pxpemc0","openid":"orYumuBnLDWx4MmBhkiCXEKMUXSU","out_trade_no":"LX-17071017451135606-3","result_code":"SUCCESS","return_code":"SUCCESS","sign":"AEA653CF9ECBBD26A1E0F272D51C4190","time_end":"20170725212922","total_fee":"8160.00","trade_type":"NATIVE","transaction_id":"4006342001201707252647524183"}
[2017-07-25 21:29:33][info] 收到重复信息，并处理反馈成功！
[2017-07-25 21:29:33][info] success
[2017-07-25 21:29:33][info] 写入结束!!!
[2017-07-25 22:04:04][info] ----------------------------------------
[2017-07-25 22:04:04][info] XML_DATA111:[{appid=>wxefc029d4373dcac0}{bank_type=>HXB_DEBIT}{cash_fee=>328000}{fee_type=>CNY}{is_subscribe=>N}{mch_id=>1244967502}{nonce_str=>81fdxako5p1nk9443u6iipoynlufs9kn}{openid=>orYumuA1KkNA08JQ10-I18Iyg9D8}{out_trade_no=>LX-17072521422779601-2}{result_code=>SUCCESS}{return_code=>SUCCESS}{sign=>06EB972375E164FFDA04FA7A013A9DBF}{time_end=>20170725220403}{total_fee=>328000}{trade_type=>NATIVE}{transaction_id=>4008312001201707252656873368}]
[2017-07-25 22:04:04][info] k:appid=>wxefc029d4373dcac0
[2017-07-25 22:04:04][info] k:bank_type=>HXB_DEBIT
[2017-07-25 22:04:04][info] k:cash_fee=>328000
[2017-07-25 22:04:04][info] k:fee_type=>CNY
[2017-07-25 22:04:04][info] k:is_subscribe=>N
[2017-07-25 22:04:04][info] k:mch_id=>1244967502
[2017-07-25 22:04:04][info] k:nonce_str=>81fdxako5p1nk9443u6iipoynlufs9kn
[2017-07-25 22:04:04][info] k:openid=>orYumuA1KkNA08JQ10-I18Iyg9D8
[2017-07-25 22:04:04][info] k:out_trade_no=>LX-17072521422779601-2
[2017-07-25 22:04:04][info] k:result_code=>SUCCESS
[2017-07-25 22:04:04][info] k:return_code=>SUCCESS
[2017-07-25 22:04:04][info] k:sign=>06EB972375E164FFDA04FA7A013A9DBF
[2017-07-25 22:04:04][info] k:time_end=>20170725220403
[2017-07-25 22:04:04][info] k:total_fee=>328000
[2017-07-25 22:04:04][info] k:trade_type=>NATIVE
[2017-07-25 22:04:04][info] k:transaction_id=>4008312001201707252656873368
[2017-07-25 22:04:04][info] ----------------------------------------
[2017-07-25 22:04:04][info] XML_DATA222:{"appid":"wxefc029d4373dcac0","bank_type":"HXB_DEBIT","cash_fee":"3280.00","fee_type":"CNY","is_subscribe":"N","mch_id":"1244967502","nonce_str":"81fdxako5p1nk9443u6iipoynlufs9kn","openid":"orYumuA1KkNA08JQ10-I18Iyg9D8","out_trade_no":"LX-17072521422779601-2","result_code":"SUCCESS","return_code":"SUCCESS","sign":"06EB972375E164FFDA04FA7A013A9DBF","time_end":"20170725220403","total_fee":"3280.00","trade_type":"NATIVE","transaction_id":"4008312001201707252656873368"}
[2017-07-25 22:04:04][warn] 数据存储成功，并成功返回记录编号18250！
[2017-07-25 22:04:15][info] ----------------------------------------
[2017-07-25 22:04:15][info] XML_DATA111:[{appid=>wxefc029d4373dcac0}{bank_type=>HXB_DEBIT}{cash_fee=>328000}{fee_type=>CNY}{is_subscribe=>N}{mch_id=>1244967502}{nonce_str=>81fdxako5p1nk9443u6iipoynlufs9kn}{openid=>orYumuA1KkNA08JQ10-I18Iyg9D8}{out_trade_no=>LX-17072521422779601-2}{result_code=>SUCCESS}{return_code=>SUCCESS}{sign=>06EB972375E164FFDA04FA7A013A9DBF}{time_end=>20170725220403}{total_fee=>328000}{trade_type=>NATIVE}{transaction_id=>4008312001201707252656873368}]
[2017-07-25 22:04:15][info] k:appid=>wxefc029d4373dcac0
[2017-07-25 22:04:15][info] k:bank_type=>HXB_DEBIT
[2017-07-25 22:04:15][info] k:cash_fee=>328000
[2017-07-25 22:04:15][info] k:fee_type=>CNY
[2017-07-25 22:04:15][info] k:is_subscribe=>N
[2017-07-25 22:04:15][info] k:mch_id=>1244967502
[2017-07-25 22:04:15][info] k:nonce_str=>81fdxako5p1nk9443u6iipoynlufs9kn
[2017-07-25 22:04:15][info] k:openid=>orYumuA1KkNA08JQ10-I18Iyg9D8
[2017-07-25 22:04:15][info] k:out_trade_no=>LX-17072521422779601-2
[2017-07-25 22:04:15][info] k:result_code=>SUCCESS
[2017-07-25 22:04:15][info] k:return_code=>SUCCESS
[2017-07-25 22:04:15][info] k:sign=>06EB972375E164FFDA04FA7A013A9DBF
[2017-07-25 22:04:15][info] k:time_end=>20170725220403
[2017-07-25 22:04:15][info] k:total_fee=>328000
[2017-07-25 22:04:15][info] k:trade_type=>NATIVE
[2017-07-25 22:04:15][info] k:transaction_id=>4008312001201707252656873368
[2017-07-25 22:04:15][info] ----------------------------------------
[2017-07-25 22:04:15][info] XML_DATA222:{"appid":"wxefc029d4373dcac0","bank_type":"HXB_DEBIT","cash_fee":"3280.00","fee_type":"CNY","is_subscribe":"N","mch_id":"1244967502","nonce_str":"81fdxako5p1nk9443u6iipoynlufs9kn","openid":"orYumuA1KkNA08JQ10-I18Iyg9D8","out_trade_no":"LX-17072521422779601-2","result_code":"SUCCESS","return_code":"SUCCESS","sign":"06EB972375E164FFDA04FA7A013A9DBF","time_end":"20170725220403","total_fee":"3280.00","trade_type":"NATIVE","transaction_id":"4008312001201707252656873368"}
[2017-07-25 22:04:15][info] 收到重复信息，并处理反馈成功！
[2017-07-25 22:04:15][info] success
[2017-07-25 22:04:15][info] 写入结束!!!
