[2017-09-09 10:29:24][info] ----------------------------------------
[2017-09-09 10:29:24][info] XML_DATA111:[{appid=>wxefc029d4373dcac0}{bank_type=>CFT}{cash_fee=>214000}{fee_type=>CNY}{is_subscribe=>N}{mch_id=>1244967502}{nonce_str=>6v13b5md3ftfczqel2d1dxwc4kzgq6jr}{openid=>orYumuEZxy-NI72JTkvBeX6FWh20}{out_trade_no=>LX-17090909572570801-7}{result_code=>SUCCESS}{return_code=>SUCCESS}{sign=>8093B8811E9528AA3BAEC8FECDE28C6C}{time_end=>20170909102923}{total_fee=>214000}{trade_type=>NATIVE}{transaction_id=>4001682001201709091053423132}]
[2017-09-09 10:29:24][info] k:appid=>wxefc029d4373dcac0
[2017-09-09 10:29:24][info] k:bank_type=>CFT
[2017-09-09 10:29:24][info] k:cash_fee=>214000
[2017-09-09 10:29:24][info] k:fee_type=>CNY
[2017-09-09 10:29:24][info] k:is_subscribe=>N
[2017-09-09 10:29:24][info] k:mch_id=>1244967502
[2017-09-09 10:29:24][info] k:nonce_str=>6v13b5md3ftfczqel2d1dxwc4kzgq6jr
[2017-09-09 10:29:24][info] k:openid=>orYumuEZxy-NI72JTkvBeX6FWh20
[2017-09-09 10:29:24][info] k:out_trade_no=>LX-17090909572570801-7
[2017-09-09 10:29:24][info] k:result_code=>SUCCESS
[2017-09-09 10:29:24][info] k:return_code=>SUCCESS
[2017-09-09 10:29:24][info] k:sign=>8093B8811E9528AA3BAEC8FECDE28C6C
[2017-09-09 10:29:24][info] k:time_end=>20170909102923
[2017-09-09 10:29:24][info] k:total_fee=>214000
[2017-09-09 10:29:24][info] k:trade_type=>NATIVE
[2017-09-09 10:29:24][info] k:transaction_id=>4001682001201709091053423132
[2017-09-09 10:29:24][info] ----------------------------------------
[2017-09-09 10:29:24][info] XML_DATA222:{"appid":"wxefc029d4373dcac0","bank_type":"CFT","cash_fee":"2140.00","fee_type":"CNY","is_subscribe":"N","mch_id":"1244967502","nonce_str":"6v13b5md3ftfczqel2d1dxwc4kzgq6jr","openid":"orYumuEZxy-NI72JTkvBeX6FWh20","out_trade_no":"LX-17090909572570801-7","result_code":"SUCCESS","return_code":"SUCCESS","sign":"8093B8811E9528AA3BAEC8FECDE28C6C","time_end":"20170909102923","total_fee":"2140.00","trade_type":"NATIVE","transaction_id":"4001682001201709091053423132"}
[2017-09-09 10:29:24][warn] 数据存储成功，并成功返回记录编号18972！
[2017-09-09 10:29:41][info] ----------------------------------------
[2017-09-09 10:29:41][info] XML_DATA111:[{appid=>wxefc029d4373dcac0}{bank_type=>CFT}{cash_fee=>214000}{fee_type=>CNY}{is_subscribe=>N}{mch_id=>1244967502}{nonce_str=>6v13b5md3ftfczqel2d1dxwc4kzgq6jr}{openid=>orYumuEZxy-NI72JTkvBeX6FWh20}{out_trade_no=>LX-17090909572570801-7}{result_code=>SUCCESS}{return_code=>SUCCESS}{sign=>8093B8811E9528AA3BAEC8FECDE28C6C}{time_end=>20170909102923}{total_fee=>214000}{trade_type=>NATIVE}{transaction_id=>4001682001201709091053423132}]
[2017-09-09 10:29:41][info] k:appid=>wxefc029d4373dcac0
[2017-09-09 10:29:41][info] k:bank_type=>CFT
[2017-09-09 10:29:41][info] k:cash_fee=>214000
[2017-09-09 10:29:41][info] k:fee_type=>CNY
[2017-09-09 10:29:41][info] k:is_subscribe=>N
[2017-09-09 10:29:41][info] k:mch_id=>1244967502
[2017-09-09 10:29:41][info] k:nonce_str=>6v13b5md3ftfczqel2d1dxwc4kzgq6jr
[2017-09-09 10:29:41][info] k:openid=>orYumuEZxy-NI72JTkvBeX6FWh20
[2017-09-09 10:29:41][info] k:out_trade_no=>LX-17090909572570801-7
[2017-09-09 10:29:41][info] k:result_code=>SUCCESS
[2017-09-09 10:29:41][info] k:return_code=>SUCCESS
[2017-09-09 10:29:41][info] k:sign=>8093B8811E9528AA3BAEC8FECDE28C6C
[2017-09-09 10:29:41][info] k:time_end=>20170909102923
[2017-09-09 10:29:41][info] k:total_fee=>214000
[2017-09-09 10:29:41][info] k:trade_type=>NATIVE
[2017-09-09 10:29:41][info] k:transaction_id=>4001682001201709091053423132
[2017-09-09 10:29:41][info] ----------------------------------------
[2017-09-09 10:29:41][info] XML_DATA222:{"appid":"wxefc029d4373dcac0","bank_type":"CFT","cash_fee":"2140.00","fee_type":"CNY","is_subscribe":"N","mch_id":"1244967502","nonce_str":"6v13b5md3ftfczqel2d1dxwc4kzgq6jr","openid":"orYumuEZxy-NI72JTkvBeX6FWh20","out_trade_no":"LX-17090909572570801-7","result_code":"SUCCESS","return_code":"SUCCESS","sign":"8093B8811E9528AA3BAEC8FECDE28C6C","time_end":"20170909102923","total_fee":"2140.00","trade_type":"NATIVE","transaction_id":"4001682001201709091053423132"}
[2017-09-09 10:29:41][info] 收到重复信息，并处理反馈成功！
[2017-09-09 10:29:41][info] success
[2017-09-09 10:29:41][info] 写入结束!!!
[2017-09-09 20:54:37][info] ----------------------------------------
[2017-09-09 20:54:37][info] XML_DATA111:[{appid=>wxefc029d4373dcac0}{bank_type=>CFT}{cash_fee=>1006000}{fee_type=>CNY}{is_subscribe=>N}{mch_id=>1244967502}{nonce_str=>kvw2dstpz3towvzbtwmne0oia8p24bfa}{openid=>orYumuDrjfDMZ0ML_4lLW_mxE_Lk}{out_trade_no=>LX-17090822583575101-4}{result_code=>SUCCESS}{return_code=>SUCCESS}{sign=>890E0B93E93852C0568CBD5E3FDC9AE0}{time_end=>20170909205437}{total_fee=>1006000}{trade_type=>NATIVE}{transaction_id=>4004712001201709091171740207}]
[2017-09-09 20:54:37][info] k:appid=>wxefc029d4373dcac0
[2017-09-09 20:54:37][info] k:bank_type=>CFT
[2017-09-09 20:54:37][info] k:cash_fee=>1006000
[2017-09-09 20:54:37][info] k:fee_type=>CNY
[2017-09-09 20:54:37][info] k:is_subscribe=>N
[2017-09-09 20:54:37][info] k:mch_id=>1244967502
[2017-09-09 20:54:37][info] k:nonce_str=>kvw2dstpz3towvzbtwmne0oia8p24bfa
[2017-09-09 20:54:37][info] k:openid=>orYumuDrjfDMZ0ML_4lLW_mxE_Lk
[2017-09-09 20:54:37][info] k:out_trade_no=>LX-17090822583575101-4
[2017-09-09 20:54:37][info] k:result_code=>SUCCESS
[2017-09-09 20:54:37][info] k:return_code=>SUCCESS
[2017-09-09 20:54:37][info] k:sign=>890E0B93E93852C0568CBD5E3FDC9AE0
[2017-09-09 20:54:37][info] k:time_end=>20170909205437
[2017-09-09 20:54:37][info] k:total_fee=>1006000
[2017-09-09 20:54:37][info] k:trade_type=>NATIVE
[2017-09-09 20:54:37][info] k:transaction_id=>4004712001201709091171740207
[2017-09-09 20:54:37][info] ----------------------------------------
[2017-09-09 20:54:37][info] XML_DATA222:{"appid":"wxefc029d4373dcac0","bank_type":"CFT","cash_fee":"10060.00","fee_type":"CNY","is_subscribe":"N","mch_id":"1244967502","nonce_str":"kvw2dstpz3towvzbtwmne0oia8p24bfa","openid":"orYumuDrjfDMZ0ML_4lLW_mxE_Lk","out_trade_no":"LX-17090822583575101-4","result_code":"SUCCESS","return_code":"SUCCESS","sign":"890E0B93E93852C0568CBD5E3FDC9AE0","time_end":"20170909205437","total_fee":"10060.00","trade_type":"NATIVE","transaction_id":"4004712001201709091171740207"}
[2017-09-09 20:54:38][warn] 数据存储成功，并成功返回记录编号18978！
[2017-09-09 20:54:54][info] ----------------------------------------
[2017-09-09 20:54:54][info] XML_DATA111:[{appid=>wxefc029d4373dcac0}{bank_type=>CFT}{cash_fee=>1006000}{fee_type=>CNY}{is_subscribe=>N}{mch_id=>1244967502}{nonce_str=>kvw2dstpz3towvzbtwmne0oia8p24bfa}{openid=>orYumuDrjfDMZ0ML_4lLW_mxE_Lk}{out_trade_no=>LX-17090822583575101-4}{result_code=>SUCCESS}{return_code=>SUCCESS}{sign=>890E0B93E93852C0568CBD5E3FDC9AE0}{time_end=>20170909205437}{total_fee=>1006000}{trade_type=>NATIVE}{transaction_id=>4004712001201709091171740207}]
[2017-09-09 20:54:54][info] k:appid=>wxefc029d4373dcac0
[2017-09-09 20:54:54][info] k:bank_type=>CFT
[2017-09-09 20:54:54][info] k:cash_fee=>1006000
[2017-09-09 20:54:54][info] k:fee_type=>CNY
[2017-09-09 20:54:54][info] k:is_subscribe=>N
[2017-09-09 20:54:54][info] k:mch_id=>1244967502
[2017-09-09 20:54:54][info] k:nonce_str=>kvw2dstpz3towvzbtwmne0oia8p24bfa
[2017-09-09 20:54:54][info] k:openid=>orYumuDrjfDMZ0ML_4lLW_mxE_Lk
[2017-09-09 20:54:54][info] k:out_trade_no=>LX-17090822583575101-4
[2017-09-09 20:54:54][info] k:result_code=>SUCCESS
[2017-09-09 20:54:54][info] k:return_code=>SUCCESS
[2017-09-09 20:54:54][info] k:sign=>890E0B93E93852C0568CBD5E3FDC9AE0
[2017-09-09 20:54:54][info] k:time_end=>20170909205437
[2017-09-09 20:54:54][info] k:total_fee=>1006000
[2017-09-09 20:54:54][info] k:trade_type=>NATIVE
[2017-09-09 20:54:54][info] k:transaction_id=>4004712001201709091171740207
[2017-09-09 20:54:54][info] ----------------------------------------
[2017-09-09 20:54:54][info] XML_DATA222:{"appid":"wxefc029d4373dcac0","bank_type":"CFT","cash_fee":"10060.00","fee_type":"CNY","is_subscribe":"N","mch_id":"1244967502","nonce_str":"kvw2dstpz3towvzbtwmne0oia8p24bfa","openid":"orYumuDrjfDMZ0ML_4lLW_mxE_Lk","out_trade_no":"LX-17090822583575101-4","result_code":"SUCCESS","return_code":"SUCCESS","sign":"890E0B93E93852C0568CBD5E3FDC9AE0","time_end":"20170909205437","total_fee":"10060.00","trade_type":"NATIVE","transaction_id":"4004712001201709091171740207"}
[2017-09-09 20:54:55][info] 收到重复信息，并处理反馈成功！
[2017-09-09 20:54:55][info] success
[2017-09-09 20:54:55][info] 写入结束!!!
