[2017-03-10 00:54:45][info] ----------------------------------------
[2017-03-10 00:54:45][info] XML_DATA111:[{appid=>wxefc029d4373dcac0}{bank_type=>GDB_CREDIT}{cash_fee=>716000}{fee_type=>CNY}{is_subscribe=>N}{mch_id=>1244967502}{nonce_str=>dcjdrnvlaqzllnryg222css9mqi0ry86}{openid=>orYumuK6ZEFRLgl8s3_ZfPzeZaz0}{out_trade_no=>LX-17030800413673606-c}{result_code=>SUCCESS}{return_code=>SUCCESS}{sign=>7ECAD0A2FC585ED5030CE235B5983FB8}{time_end=>20170310005445}{total_fee=>716000}{trade_type=>NATIVE}{transaction_id=>4000552001201703102837187486}]
[2017-03-10 00:54:45][info] k:appid=>wxefc029d4373dcac0
[2017-03-10 00:54:45][info] k:bank_type=>GDB_CREDIT
[2017-03-10 00:54:45][info] k:cash_fee=>716000
[2017-03-10 00:54:45][info] k:fee_type=>CNY
[2017-03-10 00:54:45][info] k:is_subscribe=>N
[2017-03-10 00:54:45][info] k:mch_id=>1244967502
[2017-03-10 00:54:45][info] k:nonce_str=>dcjdrnvlaqzllnryg222css9mqi0ry86
[2017-03-10 00:54:45][info] k:openid=>orYumuK6ZEFRLgl8s3_ZfPzeZaz0
[2017-03-10 00:54:45][info] k:out_trade_no=>LX-17030800413673606-c
[2017-03-10 00:54:45][info] k:result_code=>SUCCESS
[2017-03-10 00:54:45][info] k:return_code=>SUCCESS
[2017-03-10 00:54:45][info] k:sign=>7ECAD0A2FC585ED5030CE235B5983FB8
[2017-03-10 00:54:45][info] k:time_end=>20170310005445
[2017-03-10 00:54:45][info] k:total_fee=>716000
[2017-03-10 00:54:45][info] k:trade_type=>NATIVE
[2017-03-10 00:54:45][info] k:transaction_id=>4000552001201703102837187486
[2017-03-10 00:54:45][info] ----------------------------------------
[2017-03-10 00:54:45][info] XML_DATA222:{"appid":"wxefc029d4373dcac0","bank_type":"GDB_CREDIT","cash_fee":"7160.00","fee_type":"CNY","is_subscribe":"N","mch_id":"1244967502","nonce_str":"dcjdrnvlaqzllnryg222css9mqi0ry86","openid":"orYumuK6ZEFRLgl8s3_ZfPzeZaz0","out_trade_no":"LX-17030800413673606-c","result_code":"SUCCESS","return_code":"SUCCESS","sign":"7ECAD0A2FC585ED5030CE235B5983FB8","time_end":"20170310005445","total_fee":"7160.00","trade_type":"NATIVE","transaction_id":"4000552001201703102837187486"}
[2017-03-10 00:54:45][warn] 数据存储成功，并成功返回记录编号17361！
[2017-03-10 00:55:01][info] ----------------------------------------
[2017-03-10 00:55:01][info] XML_DATA111:[{appid=>wxefc029d4373dcac0}{bank_type=>GDB_CREDIT}{cash_fee=>716000}{fee_type=>CNY}{is_subscribe=>N}{mch_id=>1244967502}{nonce_str=>dcjdrnvlaqzllnryg222css9mqi0ry86}{openid=>orYumuK6ZEFRLgl8s3_ZfPzeZaz0}{out_trade_no=>LX-17030800413673606-c}{result_code=>SUCCESS}{return_code=>SUCCESS}{sign=>7ECAD0A2FC585ED5030CE235B5983FB8}{time_end=>20170310005445}{total_fee=>716000}{trade_type=>NATIVE}{transaction_id=>4000552001201703102837187486}]
[2017-03-10 00:55:01][info] k:appid=>wxefc029d4373dcac0
[2017-03-10 00:55:01][info] k:bank_type=>GDB_CREDIT
[2017-03-10 00:55:01][info] k:cash_fee=>716000
[2017-03-10 00:55:01][info] k:fee_type=>CNY
[2017-03-10 00:55:01][info] k:is_subscribe=>N
[2017-03-10 00:55:01][info] k:mch_id=>1244967502
[2017-03-10 00:55:01][info] k:nonce_str=>dcjdrnvlaqzllnryg222css9mqi0ry86
[2017-03-10 00:55:01][info] k:openid=>orYumuK6ZEFRLgl8s3_ZfPzeZaz0
[2017-03-10 00:55:01][info] k:out_trade_no=>LX-17030800413673606-c
[2017-03-10 00:55:01][info] k:result_code=>SUCCESS
[2017-03-10 00:55:01][info] k:return_code=>SUCCESS
[2017-03-10 00:55:01][info] k:sign=>7ECAD0A2FC585ED5030CE235B5983FB8
[2017-03-10 00:55:01][info] k:time_end=>20170310005445
[2017-03-10 00:55:01][info] k:total_fee=>716000
[2017-03-10 00:55:01][info] k:trade_type=>NATIVE
[2017-03-10 00:55:01][info] k:transaction_id=>4000552001201703102837187486
[2017-03-10 00:55:01][info] ----------------------------------------
[2017-03-10 00:55:01][info] XML_DATA222:{"appid":"wxefc029d4373dcac0","bank_type":"GDB_CREDIT","cash_fee":"7160.00","fee_type":"CNY","is_subscribe":"N","mch_id":"1244967502","nonce_str":"dcjdrnvlaqzllnryg222css9mqi0ry86","openid":"orYumuK6ZEFRLgl8s3_ZfPzeZaz0","out_trade_no":"LX-17030800413673606-c","result_code":"SUCCESS","return_code":"SUCCESS","sign":"7ECAD0A2FC585ED5030CE235B5983FB8","time_end":"20170310005445","total_fee":"7160.00","trade_type":"NATIVE","transaction_id":"4000552001201703102837187486"}
[2017-03-10 00:55:01][info] 收到重复信息，并处理反馈成功！
[2017-03-10 00:55:01][info] success
[2017-03-10 00:55:01][info] 写入结束!!!
[2017-03-10 10:44:45][info] ----------------------------------------
[2017-03-10 10:44:45][info] XML_DATA111:[{appid=>wxefc029d4373dcac0}{bank_type=>BOC_DEBIT}{cash_fee=>179000}{fee_type=>CNY}{is_subscribe=>Y}{mch_id=>1244967502}{nonce_str=>m89c0znljb2ynnbkyctkf0e5yoshbunr}{openid=>orYumuL2iXVKIRX4ToVlToybsUn0}{out_trade_no=>LX-17011816031342649-3}{result_code=>SUCCESS}{return_code=>SUCCESS}{sign=>B2E1CBFEC8110B5994C8CCD5ADCC8249}{time_end=>20170310104445}{total_fee=>179000}{trade_type=>NATIVE}{transaction_id=>4002162001201703102861026289}]
[2017-03-10 10:44:45][info] k:appid=>wxefc029d4373dcac0
[2017-03-10 10:44:45][info] k:bank_type=>BOC_DEBIT
[2017-03-10 10:44:45][info] k:cash_fee=>179000
[2017-03-10 10:44:45][info] k:fee_type=>CNY
[2017-03-10 10:44:45][info] k:is_subscribe=>Y
[2017-03-10 10:44:45][info] k:mch_id=>1244967502
[2017-03-10 10:44:45][info] k:nonce_str=>m89c0znljb2ynnbkyctkf0e5yoshbunr
[2017-03-10 10:44:45][info] k:openid=>orYumuL2iXVKIRX4ToVlToybsUn0
[2017-03-10 10:44:45][info] k:out_trade_no=>LX-17011816031342649-3
[2017-03-10 10:44:45][info] k:result_code=>SUCCESS
[2017-03-10 10:44:45][info] k:return_code=>SUCCESS
[2017-03-10 10:44:45][info] k:sign=>B2E1CBFEC8110B5994C8CCD5ADCC8249
[2017-03-10 10:44:45][info] k:time_end=>20170310104445
[2017-03-10 10:44:45][info] k:total_fee=>179000
[2017-03-10 10:44:45][info] k:trade_type=>NATIVE
[2017-03-10 10:44:45][info] k:transaction_id=>4002162001201703102861026289
[2017-03-10 10:44:45][info] ----------------------------------------
[2017-03-10 10:44:45][info] XML_DATA222:{"appid":"wxefc029d4373dcac0","bank_type":"BOC_DEBIT","cash_fee":"1790.00","fee_type":"CNY","is_subscribe":"Y","mch_id":"1244967502","nonce_str":"m89c0znljb2ynnbkyctkf0e5yoshbunr","openid":"orYumuL2iXVKIRX4ToVlToybsUn0","out_trade_no":"LX-17011816031342649-3","result_code":"SUCCESS","return_code":"SUCCESS","sign":"B2E1CBFEC8110B5994C8CCD5ADCC8249","time_end":"20170310104445","total_fee":"1790.00","trade_type":"NATIVE","transaction_id":"4002162001201703102861026289"}
[2017-03-10 10:44:46][warn] 数据存储成功，并成功返回记录编号17362！
[2017-03-10 10:45:04][info] ----------------------------------------
[2017-03-10 10:45:04][info] XML_DATA111:[{appid=>wxefc029d4373dcac0}{bank_type=>BOC_DEBIT}{cash_fee=>179000}{fee_type=>CNY}{is_subscribe=>Y}{mch_id=>1244967502}{nonce_str=>m89c0znljb2ynnbkyctkf0e5yoshbunr}{openid=>orYumuL2iXVKIRX4ToVlToybsUn0}{out_trade_no=>LX-17011816031342649-3}{result_code=>SUCCESS}{return_code=>SUCCESS}{sign=>B2E1CBFEC8110B5994C8CCD5ADCC8249}{time_end=>20170310104445}{total_fee=>179000}{trade_type=>NATIVE}{transaction_id=>4002162001201703102861026289}]
[2017-03-10 10:45:04][info] k:appid=>wxefc029d4373dcac0
[2017-03-10 10:45:04][info] k:bank_type=>BOC_DEBIT
[2017-03-10 10:45:04][info] k:cash_fee=>179000
[2017-03-10 10:45:04][info] k:fee_type=>CNY
[2017-03-10 10:45:04][info] k:is_subscribe=>Y
[2017-03-10 10:45:04][info] k:mch_id=>1244967502
[2017-03-10 10:45:04][info] k:nonce_str=>m89c0znljb2ynnbkyctkf0e5yoshbunr
[2017-03-10 10:45:04][info] k:openid=>orYumuL2iXVKIRX4ToVlToybsUn0
[2017-03-10 10:45:04][info] k:out_trade_no=>LX-17011816031342649-3
[2017-03-10 10:45:04][info] k:result_code=>SUCCESS
[2017-03-10 10:45:04][info] k:return_code=>SUCCESS
[2017-03-10 10:45:04][info] k:sign=>B2E1CBFEC8110B5994C8CCD5ADCC8249
[2017-03-10 10:45:04][info] k:time_end=>20170310104445
[2017-03-10 10:45:04][info] k:total_fee=>179000
[2017-03-10 10:45:04][info] k:trade_type=>NATIVE
[2017-03-10 10:45:04][info] k:transaction_id=>4002162001201703102861026289
[2017-03-10 10:45:04][info] ----------------------------------------
[2017-03-10 10:45:04][info] XML_DATA222:{"appid":"wxefc029d4373dcac0","bank_type":"BOC_DEBIT","cash_fee":"1790.00","fee_type":"CNY","is_subscribe":"Y","mch_id":"1244967502","nonce_str":"m89c0znljb2ynnbkyctkf0e5yoshbunr","openid":"orYumuL2iXVKIRX4ToVlToybsUn0","out_trade_no":"LX-17011816031342649-3","result_code":"SUCCESS","return_code":"SUCCESS","sign":"B2E1CBFEC8110B5994C8CCD5ADCC8249","time_end":"20170310104445","total_fee":"1790.00","trade_type":"NATIVE","transaction_id":"4002162001201703102861026289"}
[2017-03-10 10:45:05][info] 收到重复信息，并处理反馈成功！
[2017-03-10 10:45:05][info] success
[2017-03-10 10:45:05][info] 写入结束!!!
