[2017-08-08 07:24:16][info] ----------------------------------------
[2017-08-08 07:24:16][info] XML_DATA111:[{appid=>wxefc029d4373dcac0}{bank_type=>CFT}{cash_fee=>386928}{coupon_count=>1}{coupon_fee=>72}{coupon_fee_0=>72}{coupon_id_0=>1776184510}{fee_type=>CNY}{is_subscribe=>N}{mch_id=>1244967502}{nonce_str=>ih707kdyrmg112fbhcj4svdpx2zbhrhp}{openid=>orYumuOa8UKix3J4fxKPGp7kcgh8}{out_trade_no=>LX-17080711441092801-d}{result_code=>SUCCESS}{return_code=>SUCCESS}{sign=>DF54A183D23D17C556BAEDB90E2FD01C}{time_end=>20170808072416}{total_fee=>387000}{trade_type=>NATIVE}{transaction_id=>4008602001201708085077108214}]
[2017-08-08 07:24:16][info] k:appid=>wxefc029d4373dcac0
[2017-08-08 07:24:16][info] k:bank_type=>CFT
[2017-08-08 07:24:16][info] k:cash_fee=>386928
[2017-08-08 07:24:16][info] k:coupon_count=>1
[2017-08-08 07:24:16][info] k:coupon_fee=>72
[2017-08-08 07:24:16][info] k:coupon_fee_0=>72
[2017-08-08 07:24:16][info] k:coupon_id_0=>1776184510
[2017-08-08 07:24:16][info] k:fee_type=>CNY
[2017-08-08 07:24:16][info] k:is_subscribe=>N
[2017-08-08 07:24:16][info] k:mch_id=>1244967502
[2017-08-08 07:24:16][info] k:nonce_str=>ih707kdyrmg112fbhcj4svdpx2zbhrhp
[2017-08-08 07:24:16][info] k:openid=>orYumuOa8UKix3J4fxKPGp7kcgh8
[2017-08-08 07:24:16][info] k:out_trade_no=>LX-17080711441092801-d
[2017-08-08 07:24:16][info] k:result_code=>SUCCESS
[2017-08-08 07:24:16][info] k:return_code=>SUCCESS
[2017-08-08 07:24:16][info] k:sign=>DF54A183D23D17C556BAEDB90E2FD01C
[2017-08-08 07:24:16][info] k:time_end=>20170808072416
[2017-08-08 07:24:16][info] k:total_fee=>387000
[2017-08-08 07:24:16][info] k:trade_type=>NATIVE
[2017-08-08 07:24:16][info] k:transaction_id=>4008602001201708085077108214
[2017-08-08 07:24:16][info] ----------------------------------------
[2017-08-08 07:24:16][info] XML_DATA222:{"appid":"wxefc029d4373dcac0","bank_type":"CFT","cash_fee":"3869.28","coupon_count":"1","coupon_fee":"72","coupon_fee_0":"72","coupon_id_0":"1776184510","fee_type":"CNY","is_subscribe":"N","mch_id":"1244967502","nonce_str":"ih707kdyrmg112fbhcj4svdpx2zbhrhp","openid":"orYumuOa8UKix3J4fxKPGp7kcgh8","out_trade_no":"LX-17080711441092801-d","result_code":"SUCCESS","return_code":"SUCCESS","sign":"DF54A183D23D17C556BAEDB90E2FD01C","time_end":"20170808072416","total_fee":"3870.00","trade_type":"NATIVE","transaction_id":"4008602001201708085077108214"}
[2017-08-08 07:24:16][warn] 数据存储成功，并成功返回记录编号18521！
[2017-08-08 07:24:31][info] ----------------------------------------
[2017-08-08 07:24:31][info] XML_DATA111:[{appid=>wxefc029d4373dcac0}{bank_type=>CFT}{cash_fee=>386928}{coupon_count=>1}{coupon_fee=>72}{coupon_fee_0=>72}{coupon_id_0=>1776184510}{fee_type=>CNY}{is_subscribe=>N}{mch_id=>1244967502}{nonce_str=>ih707kdyrmg112fbhcj4svdpx2zbhrhp}{openid=>orYumuOa8UKix3J4fxKPGp7kcgh8}{out_trade_no=>LX-17080711441092801-d}{result_code=>SUCCESS}{return_code=>SUCCESS}{sign=>DF54A183D23D17C556BAEDB90E2FD01C}{time_end=>20170808072416}{total_fee=>387000}{trade_type=>NATIVE}{transaction_id=>4008602001201708085077108214}]
[2017-08-08 07:24:31][info] k:appid=>wxefc029d4373dcac0
[2017-08-08 07:24:31][info] k:bank_type=>CFT
[2017-08-08 07:24:31][info] k:cash_fee=>386928
[2017-08-08 07:24:31][info] k:coupon_count=>1
[2017-08-08 07:24:31][info] k:coupon_fee=>72
[2017-08-08 07:24:31][info] k:coupon_fee_0=>72
[2017-08-08 07:24:31][info] k:coupon_id_0=>1776184510
[2017-08-08 07:24:31][info] k:fee_type=>CNY
[2017-08-08 07:24:31][info] k:is_subscribe=>N
[2017-08-08 07:24:31][info] k:mch_id=>1244967502
[2017-08-08 07:24:31][info] k:nonce_str=>ih707kdyrmg112fbhcj4svdpx2zbhrhp
[2017-08-08 07:24:31][info] k:openid=>orYumuOa8UKix3J4fxKPGp7kcgh8
[2017-08-08 07:24:31][info] k:out_trade_no=>LX-17080711441092801-d
[2017-08-08 07:24:31][info] k:result_code=>SUCCESS
[2017-08-08 07:24:31][info] k:return_code=>SUCCESS
[2017-08-08 07:24:31][info] k:sign=>DF54A183D23D17C556BAEDB90E2FD01C
[2017-08-08 07:24:31][info] k:time_end=>20170808072416
[2017-08-08 07:24:31][info] k:total_fee=>387000
[2017-08-08 07:24:31][info] k:trade_type=>NATIVE
[2017-08-08 07:24:31][info] k:transaction_id=>4008602001201708085077108214
[2017-08-08 07:24:31][info] ----------------------------------------
[2017-08-08 07:24:31][info] XML_DATA222:{"appid":"wxefc029d4373dcac0","bank_type":"CFT","cash_fee":"3869.28","coupon_count":"1","coupon_fee":"72","coupon_fee_0":"72","coupon_id_0":"1776184510","fee_type":"CNY","is_subscribe":"N","mch_id":"1244967502","nonce_str":"ih707kdyrmg112fbhcj4svdpx2zbhrhp","openid":"orYumuOa8UKix3J4fxKPGp7kcgh8","out_trade_no":"LX-17080711441092801-d","result_code":"SUCCESS","return_code":"SUCCESS","sign":"DF54A183D23D17C556BAEDB90E2FD01C","time_end":"20170808072416","total_fee":"3870.00","trade_type":"NATIVE","transaction_id":"4008602001201708085077108214"}
[2017-08-08 07:24:31][info] 收到重复信息，并处理反馈成功！
[2017-08-08 07:24:31][info] success
[2017-08-08 07:24:31][info] 写入结束!!!
[2017-08-08 13:02:23][info] ----------------------------------------
[2017-08-08 13:02:23][info] XML_DATA111:[{appid=>wxefc029d4373dcac0}{bank_type=>CFT}{cash_fee=>307924}{coupon_count=>1}{coupon_fee=>76}{coupon_fee_0=>76}{coupon_id_0=>1783102954}{fee_type=>CNY}{is_subscribe=>N}{mch_id=>1244967502}{nonce_str=>qgum76p46yfuk1vpqiivqko6sj3jux6l}{openid=>orYumuBtoVoje_WvA8eXvk165eQ4}{out_trade_no=>LX-17080812475191901-4}{result_code=>SUCCESS}{return_code=>SUCCESS}{sign=>FD7179EEB0C7E67E093126413F9C2217}{time_end=>20170808130222}{total_fee=>308000}{trade_type=>NATIVE}{transaction_id=>4006232001201708085126094562}]
[2017-08-08 13:02:23][info] k:appid=>wxefc029d4373dcac0
[2017-08-08 13:02:23][info] k:bank_type=>CFT
[2017-08-08 13:02:23][info] k:cash_fee=>307924
[2017-08-08 13:02:23][info] k:coupon_count=>1
[2017-08-08 13:02:23][info] k:coupon_fee=>76
[2017-08-08 13:02:23][info] k:coupon_fee_0=>76
[2017-08-08 13:02:23][info] k:coupon_id_0=>1783102954
[2017-08-08 13:02:23][info] k:fee_type=>CNY
[2017-08-08 13:02:23][info] k:is_subscribe=>N
[2017-08-08 13:02:23][info] k:mch_id=>1244967502
[2017-08-08 13:02:23][info] k:nonce_str=>qgum76p46yfuk1vpqiivqko6sj3jux6l
[2017-08-08 13:02:23][info] k:openid=>orYumuBtoVoje_WvA8eXvk165eQ4
[2017-08-08 13:02:23][info] k:out_trade_no=>LX-17080812475191901-4
[2017-08-08 13:02:23][info] k:result_code=>SUCCESS
[2017-08-08 13:02:23][info] k:return_code=>SUCCESS
[2017-08-08 13:02:23][info] k:sign=>FD7179EEB0C7E67E093126413F9C2217
[2017-08-08 13:02:23][info] k:time_end=>20170808130222
[2017-08-08 13:02:23][info] k:total_fee=>308000
[2017-08-08 13:02:23][info] k:trade_type=>NATIVE
[2017-08-08 13:02:23][info] k:transaction_id=>4006232001201708085126094562
[2017-08-08 13:02:23][info] ----------------------------------------
[2017-08-08 13:02:23][info] XML_DATA222:{"appid":"wxefc029d4373dcac0","bank_type":"CFT","cash_fee":"3079.24","coupon_count":"1","coupon_fee":"76","coupon_fee_0":"76","coupon_id_0":"1783102954","fee_type":"CNY","is_subscribe":"N","mch_id":"1244967502","nonce_str":"qgum76p46yfuk1vpqiivqko6sj3jux6l","openid":"orYumuBtoVoje_WvA8eXvk165eQ4","out_trade_no":"LX-17080812475191901-4","result_code":"SUCCESS","return_code":"SUCCESS","sign":"FD7179EEB0C7E67E093126413F9C2217","time_end":"20170808130222","total_fee":"3080.00","trade_type":"NATIVE","transaction_id":"4006232001201708085126094562"}
[2017-08-08 13:02:23][warn] 数据存储成功，并成功返回记录编号18525！
[2017-08-08 13:02:37][info] ----------------------------------------
[2017-08-08 13:02:37][info] XML_DATA111:[{appid=>wxefc029d4373dcac0}{bank_type=>CFT}{cash_fee=>307924}{coupon_count=>1}{coupon_fee=>76}{coupon_fee_0=>76}{coupon_id_0=>1783102954}{fee_type=>CNY}{is_subscribe=>N}{mch_id=>1244967502}{nonce_str=>qgum76p46yfuk1vpqiivqko6sj3jux6l}{openid=>orYumuBtoVoje_WvA8eXvk165eQ4}{out_trade_no=>LX-17080812475191901-4}{result_code=>SUCCESS}{return_code=>SUCCESS}{sign=>FD7179EEB0C7E67E093126413F9C2217}{time_end=>20170808130222}{total_fee=>308000}{trade_type=>NATIVE}{transaction_id=>4006232001201708085126094562}]
[2017-08-08 13:02:37][info] k:appid=>wxefc029d4373dcac0
[2017-08-08 13:02:37][info] k:bank_type=>CFT
[2017-08-08 13:02:37][info] k:cash_fee=>307924
[2017-08-08 13:02:37][info] k:coupon_count=>1
[2017-08-08 13:02:37][info] k:coupon_fee=>76
[2017-08-08 13:02:37][info] k:coupon_fee_0=>76
[2017-08-08 13:02:37][info] k:coupon_id_0=>1783102954
[2017-08-08 13:02:37][info] k:fee_type=>CNY
[2017-08-08 13:02:37][info] k:is_subscribe=>N
[2017-08-08 13:02:37][info] k:mch_id=>1244967502
[2017-08-08 13:02:37][info] k:nonce_str=>qgum76p46yfuk1vpqiivqko6sj3jux6l
[2017-08-08 13:02:37][info] k:openid=>orYumuBtoVoje_WvA8eXvk165eQ4
[2017-08-08 13:02:37][info] k:out_trade_no=>LX-17080812475191901-4
[2017-08-08 13:02:37][info] k:result_code=>SUCCESS
[2017-08-08 13:02:37][info] k:return_code=>SUCCESS
[2017-08-08 13:02:37][info] k:sign=>FD7179EEB0C7E67E093126413F9C2217
[2017-08-08 13:02:37][info] k:time_end=>20170808130222
[2017-08-08 13:02:37][info] k:total_fee=>308000
[2017-08-08 13:02:37][info] k:trade_type=>NATIVE
[2017-08-08 13:02:37][info] k:transaction_id=>4006232001201708085126094562
[2017-08-08 13:02:37][info] ----------------------------------------
[2017-08-08 13:02:37][info] XML_DATA222:{"appid":"wxefc029d4373dcac0","bank_type":"CFT","cash_fee":"3079.24","coupon_count":"1","coupon_fee":"76","coupon_fee_0":"76","coupon_id_0":"1783102954","fee_type":"CNY","is_subscribe":"N","mch_id":"1244967502","nonce_str":"qgum76p46yfuk1vpqiivqko6sj3jux6l","openid":"orYumuBtoVoje_WvA8eXvk165eQ4","out_trade_no":"LX-17080812475191901-4","result_code":"SUCCESS","return_code":"SUCCESS","sign":"FD7179EEB0C7E67E093126413F9C2217","time_end":"20170808130222","total_fee":"3080.00","trade_type":"NATIVE","transaction_id":"4006232001201708085126094562"}
[2017-08-08 13:02:37][info] 收到重复信息，并处理反馈成功！
[2017-08-08 13:02:37][info] success
[2017-08-08 13:02:37][info] 写入结束!!!
