[2017-07-19 09:44:18][info] ----------------------------------------
[2017-07-19 09:44:18][info] XML_DATA111:[{appid=>wxefc029d4373dcac0}{bank_type=>CFT}{cash_fee=>681500}{fee_type=>CNY}{is_subscribe=>N}{mch_id=>1244967502}{nonce_str=>tpzasjbih04er6b6n7nrl01wmll1rwf3}{openid=>orYumuLCUuU4bIFk92RlUYec-uDU}{out_trade_no=>LX-1707180945419301-0}{result_code=>SUCCESS}{return_code=>SUCCESS}{sign=>8690D5DCF287F03DB90A63BA06805569}{time_end=>20170719094418}{total_fee=>681500}{trade_type=>NATIVE}{transaction_id=>4009312001201707191518683149}]
[2017-07-19 09:44:18][info] k:appid=>wxefc029d4373dcac0
[2017-07-19 09:44:18][info] k:bank_type=>CFT
[2017-07-19 09:44:18][info] k:cash_fee=>681500
[2017-07-19 09:44:18][info] k:fee_type=>CNY
[2017-07-19 09:44:18][info] k:is_subscribe=>N
[2017-07-19 09:44:18][info] k:mch_id=>1244967502
[2017-07-19 09:44:18][info] k:nonce_str=>tpzasjbih04er6b6n7nrl01wmll1rwf3
[2017-07-19 09:44:18][info] k:openid=>orYumuLCUuU4bIFk92RlUYec-uDU
[2017-07-19 09:44:18][info] k:out_trade_no=>LX-1707180945419301-0
[2017-07-19 09:44:18][info] k:result_code=>SUCCESS
[2017-07-19 09:44:18][info] k:return_code=>SUCCESS
[2017-07-19 09:44:18][info] k:sign=>8690D5DCF287F03DB90A63BA06805569
[2017-07-19 09:44:18][info] k:time_end=>20170719094418
[2017-07-19 09:44:18][info] k:total_fee=>681500
[2017-07-19 09:44:18][info] k:trade_type=>NATIVE
[2017-07-19 09:44:18][info] k:transaction_id=>4009312001201707191518683149
[2017-07-19 09:44:18][info] ----------------------------------------
[2017-07-19 09:44:18][info] XML_DATA222:{"appid":"wxefc029d4373dcac0","bank_type":"CFT","cash_fee":"6815.00","fee_type":"CNY","is_subscribe":"N","mch_id":"1244967502","nonce_str":"tpzasjbih04er6b6n7nrl01wmll1rwf3","openid":"orYumuLCUuU4bIFk92RlUYec-uDU","out_trade_no":"LX-1707180945419301-0","result_code":"SUCCESS","return_code":"SUCCESS","sign":"8690D5DCF287F03DB90A63BA06805569","time_end":"20170719094418","total_fee":"6815.00","trade_type":"NATIVE","transaction_id":"4009312001201707191518683149"}
[2017-07-19 09:44:19][warn] 数据存储成功，并成功返回记录编号18122！
[2017-07-19 09:44:28][info] ----------------------------------------
[2017-07-19 09:44:28][info] XML_DATA111:[{appid=>wxefc029d4373dcac0}{bank_type=>CFT}{cash_fee=>681500}{fee_type=>CNY}{is_subscribe=>N}{mch_id=>1244967502}{nonce_str=>tpzasjbih04er6b6n7nrl01wmll1rwf3}{openid=>orYumuLCUuU4bIFk92RlUYec-uDU}{out_trade_no=>LX-1707180945419301-0}{result_code=>SUCCESS}{return_code=>SUCCESS}{sign=>8690D5DCF287F03DB90A63BA06805569}{time_end=>20170719094418}{total_fee=>681500}{trade_type=>NATIVE}{transaction_id=>4009312001201707191518683149}]
[2017-07-19 09:44:28][info] k:appid=>wxefc029d4373dcac0
[2017-07-19 09:44:28][info] k:bank_type=>CFT
[2017-07-19 09:44:28][info] k:cash_fee=>681500
[2017-07-19 09:44:28][info] k:fee_type=>CNY
[2017-07-19 09:44:28][info] k:is_subscribe=>N
[2017-07-19 09:44:28][info] k:mch_id=>1244967502
[2017-07-19 09:44:28][info] k:nonce_str=>tpzasjbih04er6b6n7nrl01wmll1rwf3
[2017-07-19 09:44:28][info] k:openid=>orYumuLCUuU4bIFk92RlUYec-uDU
[2017-07-19 09:44:28][info] k:out_trade_no=>LX-1707180945419301-0
[2017-07-19 09:44:28][info] k:result_code=>SUCCESS
[2017-07-19 09:44:28][info] k:return_code=>SUCCESS
[2017-07-19 09:44:28][info] k:sign=>8690D5DCF287F03DB90A63BA06805569
[2017-07-19 09:44:28][info] k:time_end=>20170719094418
[2017-07-19 09:44:28][info] k:total_fee=>681500
[2017-07-19 09:44:28][info] k:trade_type=>NATIVE
[2017-07-19 09:44:28][info] k:transaction_id=>4009312001201707191518683149
[2017-07-19 09:44:28][info] ----------------------------------------
[2017-07-19 09:44:28][info] XML_DATA222:{"appid":"wxefc029d4373dcac0","bank_type":"CFT","cash_fee":"6815.00","fee_type":"CNY","is_subscribe":"N","mch_id":"1244967502","nonce_str":"tpzasjbih04er6b6n7nrl01wmll1rwf3","openid":"orYumuLCUuU4bIFk92RlUYec-uDU","out_trade_no":"LX-1707180945419301-0","result_code":"SUCCESS","return_code":"SUCCESS","sign":"8690D5DCF287F03DB90A63BA06805569","time_end":"20170719094418","total_fee":"6815.00","trade_type":"NATIVE","transaction_id":"4009312001201707191518683149"}
[2017-07-19 09:44:28][info] 收到重复信息，并处理反馈成功！
[2017-07-19 09:44:28][info] success
[2017-07-19 09:44:28][info] 写入结束!!!
[2017-07-19 14:01:26][info] ----------------------------------------
[2017-07-19 14:01:26][info] XML_DATA111:[{appid=>wxefc029d4373dcac0}{bank_type=>COMM_DEBIT}{cash_fee=>604500}{fee_type=>CNY}{is_subscribe=>N}{mch_id=>1244967502}{nonce_str=>ttvr6mn46oyabzwn6vj416gfpo6kbbfj}{openid=>orYumuKgcm05aT1OlEwCShLXfuv8}{out_trade_no=>LX-17071912500392801-d}{result_code=>SUCCESS}{return_code=>SUCCESS}{sign=>F76B82766334CD021C9F0704865F50ED}{time_end=>20170719140125}{total_fee=>604500}{trade_type=>NATIVE}{transaction_id=>4005282001201707191556202325}]
[2017-07-19 14:01:26][info] k:appid=>wxefc029d4373dcac0
[2017-07-19 14:01:26][info] k:bank_type=>COMM_DEBIT
[2017-07-19 14:01:26][info] k:cash_fee=>604500
[2017-07-19 14:01:26][info] k:fee_type=>CNY
[2017-07-19 14:01:26][info] k:is_subscribe=>N
[2017-07-19 14:01:26][info] k:mch_id=>1244967502
[2017-07-19 14:01:26][info] k:nonce_str=>ttvr6mn46oyabzwn6vj416gfpo6kbbfj
[2017-07-19 14:01:26][info] k:openid=>orYumuKgcm05aT1OlEwCShLXfuv8
[2017-07-19 14:01:26][info] k:out_trade_no=>LX-17071912500392801-d
[2017-07-19 14:01:26][info] k:result_code=>SUCCESS
[2017-07-19 14:01:26][info] k:return_code=>SUCCESS
[2017-07-19 14:01:26][info] k:sign=>F76B82766334CD021C9F0704865F50ED
[2017-07-19 14:01:26][info] k:time_end=>20170719140125
[2017-07-19 14:01:26][info] k:total_fee=>604500
[2017-07-19 14:01:26][info] k:trade_type=>NATIVE
[2017-07-19 14:01:26][info] k:transaction_id=>4005282001201707191556202325
[2017-07-19 14:01:26][info] ----------------------------------------
[2017-07-19 14:01:26][info] XML_DATA222:{"appid":"wxefc029d4373dcac0","bank_type":"COMM_DEBIT","cash_fee":"6045.00","fee_type":"CNY","is_subscribe":"N","mch_id":"1244967502","nonce_str":"ttvr6mn46oyabzwn6vj416gfpo6kbbfj","openid":"orYumuKgcm05aT1OlEwCShLXfuv8","out_trade_no":"LX-17071912500392801-d","result_code":"SUCCESS","return_code":"SUCCESS","sign":"F76B82766334CD021C9F0704865F50ED","time_end":"20170719140125","total_fee":"6045.00","trade_type":"NATIVE","transaction_id":"4005282001201707191556202325"}
[2017-07-19 14:01:26][warn] 数据存储成功，并成功返回记录编号18127！
[2017-07-19 14:01:39][info] ----------------------------------------
[2017-07-19 14:01:39][info] XML_DATA111:[{appid=>wxefc029d4373dcac0}{bank_type=>COMM_DEBIT}{cash_fee=>604500}{fee_type=>CNY}{is_subscribe=>N}{mch_id=>1244967502}{nonce_str=>ttvr6mn46oyabzwn6vj416gfpo6kbbfj}{openid=>orYumuKgcm05aT1OlEwCShLXfuv8}{out_trade_no=>LX-17071912500392801-d}{result_code=>SUCCESS}{return_code=>SUCCESS}{sign=>F76B82766334CD021C9F0704865F50ED}{time_end=>20170719140125}{total_fee=>604500}{trade_type=>NATIVE}{transaction_id=>4005282001201707191556202325}]
[2017-07-19 14:01:39][info] k:appid=>wxefc029d4373dcac0
[2017-07-19 14:01:39][info] k:bank_type=>COMM_DEBIT
[2017-07-19 14:01:39][info] k:cash_fee=>604500
[2017-07-19 14:01:39][info] k:fee_type=>CNY
[2017-07-19 14:01:39][info] k:is_subscribe=>N
[2017-07-19 14:01:39][info] k:mch_id=>1244967502
[2017-07-19 14:01:39][info] k:nonce_str=>ttvr6mn46oyabzwn6vj416gfpo6kbbfj
[2017-07-19 14:01:39][info] k:openid=>orYumuKgcm05aT1OlEwCShLXfuv8
[2017-07-19 14:01:39][info] k:out_trade_no=>LX-17071912500392801-d
[2017-07-19 14:01:39][info] k:result_code=>SUCCESS
[2017-07-19 14:01:39][info] k:return_code=>SUCCESS
[2017-07-19 14:01:39][info] k:sign=>F76B82766334CD021C9F0704865F50ED
[2017-07-19 14:01:39][info] k:time_end=>20170719140125
[2017-07-19 14:01:39][info] k:total_fee=>604500
[2017-07-19 14:01:39][info] k:trade_type=>NATIVE
[2017-07-19 14:01:39][info] k:transaction_id=>4005282001201707191556202325
[2017-07-19 14:01:39][info] ----------------------------------------
[2017-07-19 14:01:39][info] XML_DATA222:{"appid":"wxefc029d4373dcac0","bank_type":"COMM_DEBIT","cash_fee":"6045.00","fee_type":"CNY","is_subscribe":"N","mch_id":"1244967502","nonce_str":"ttvr6mn46oyabzwn6vj416gfpo6kbbfj","openid":"orYumuKgcm05aT1OlEwCShLXfuv8","out_trade_no":"LX-17071912500392801-d","result_code":"SUCCESS","return_code":"SUCCESS","sign":"F76B82766334CD021C9F0704865F50ED","time_end":"20170719140125","total_fee":"6045.00","trade_type":"NATIVE","transaction_id":"4005282001201707191556202325"}
[2017-07-19 14:01:39][info] 收到重复信息，并处理反馈成功！
[2017-07-19 14:01:39][info] success
[2017-07-19 14:01:39][info] 写入结束!!!
[2017-07-19 18:36:58][info] ----------------------------------------
[2017-07-19 18:36:58][info] XML_DATA111:[{appid=>wxefc029d4373dcac0}{bank_type=>CCB_DEBIT}{cash_fee=>164000}{fee_type=>CNY}{is_subscribe=>N}{mch_id=>1244967502}{nonce_str=>qb8l6usjalbnbeu5hwo5p0gk1gdz7gcy}{openid=>orYumuPt9seP6ZI_nPiyfxz-icw4}{out_trade_no=>LX-17071913242097706-f}{result_code=>SUCCESS}{return_code=>SUCCESS}{sign=>15A1F6B9B74E9B921A7216FA9995C2CF}{time_end=>20170719183657}{total_fee=>164000}{trade_type=>NATIVE}{transaction_id=>4007482001201707191594234711}]
[2017-07-19 18:36:58][info] k:appid=>wxefc029d4373dcac0
[2017-07-19 18:36:58][info] k:bank_type=>CCB_DEBIT
[2017-07-19 18:36:58][info] k:cash_fee=>164000
[2017-07-19 18:36:58][info] k:fee_type=>CNY
[2017-07-19 18:36:58][info] k:is_subscribe=>N
[2017-07-19 18:36:58][info] k:mch_id=>1244967502
[2017-07-19 18:36:58][info] k:nonce_str=>qb8l6usjalbnbeu5hwo5p0gk1gdz7gcy
[2017-07-19 18:36:58][info] k:openid=>orYumuPt9seP6ZI_nPiyfxz-icw4
[2017-07-19 18:36:58][info] k:out_trade_no=>LX-17071913242097706-f
[2017-07-19 18:36:58][info] k:result_code=>SUCCESS
[2017-07-19 18:36:58][info] k:return_code=>SUCCESS
[2017-07-19 18:36:58][info] k:sign=>15A1F6B9B74E9B921A7216FA9995C2CF
[2017-07-19 18:36:58][info] k:time_end=>20170719183657
[2017-07-19 18:36:58][info] k:total_fee=>164000
[2017-07-19 18:36:58][info] k:trade_type=>NATIVE
[2017-07-19 18:36:58][info] k:transaction_id=>4007482001201707191594234711
[2017-07-19 18:36:58][info] ----------------------------------------
[2017-07-19 18:36:58][info] XML_DATA222:{"appid":"wxefc029d4373dcac0","bank_type":"CCB_DEBIT","cash_fee":"1640.00","fee_type":"CNY","is_subscribe":"N","mch_id":"1244967502","nonce_str":"qb8l6usjalbnbeu5hwo5p0gk1gdz7gcy","openid":"orYumuPt9seP6ZI_nPiyfxz-icw4","out_trade_no":"LX-17071913242097706-f","result_code":"SUCCESS","return_code":"SUCCESS","sign":"15A1F6B9B74E9B921A7216FA9995C2CF","time_end":"20170719183657","total_fee":"1640.00","trade_type":"NATIVE","transaction_id":"4007482001201707191594234711"}
[2017-07-19 18:36:58][warn] 数据存储成功，并成功返回记录编号18131！
[2017-07-19 18:37:10][info] ----------------------------------------
[2017-07-19 18:37:10][info] XML_DATA111:[{appid=>wxefc029d4373dcac0}{bank_type=>CCB_DEBIT}{cash_fee=>164000}{fee_type=>CNY}{is_subscribe=>N}{mch_id=>1244967502}{nonce_str=>qb8l6usjalbnbeu5hwo5p0gk1gdz7gcy}{openid=>orYumuPt9seP6ZI_nPiyfxz-icw4}{out_trade_no=>LX-17071913242097706-f}{result_code=>SUCCESS}{return_code=>SUCCESS}{sign=>15A1F6B9B74E9B921A7216FA9995C2CF}{time_end=>20170719183657}{total_fee=>164000}{trade_type=>NATIVE}{transaction_id=>4007482001201707191594234711}]
[2017-07-19 18:37:10][info] k:appid=>wxefc029d4373dcac0
[2017-07-19 18:37:10][info] k:bank_type=>CCB_DEBIT
[2017-07-19 18:37:10][info] k:cash_fee=>164000
[2017-07-19 18:37:10][info] k:fee_type=>CNY
[2017-07-19 18:37:10][info] k:is_subscribe=>N
[2017-07-19 18:37:10][info] k:mch_id=>1244967502
[2017-07-19 18:37:10][info] k:nonce_str=>qb8l6usjalbnbeu5hwo5p0gk1gdz7gcy
[2017-07-19 18:37:10][info] k:openid=>orYumuPt9seP6ZI_nPiyfxz-icw4
[2017-07-19 18:37:10][info] k:out_trade_no=>LX-17071913242097706-f
[2017-07-19 18:37:10][info] k:result_code=>SUCCESS
[2017-07-19 18:37:10][info] k:return_code=>SUCCESS
[2017-07-19 18:37:10][info] k:sign=>15A1F6B9B74E9B921A7216FA9995C2CF
[2017-07-19 18:37:10][info] k:time_end=>20170719183657
[2017-07-19 18:37:10][info] k:total_fee=>164000
[2017-07-19 18:37:10][info] k:trade_type=>NATIVE
[2017-07-19 18:37:10][info] k:transaction_id=>4007482001201707191594234711
[2017-07-19 18:37:10][info] ----------------------------------------
[2017-07-19 18:37:10][info] XML_DATA222:{"appid":"wxefc029d4373dcac0","bank_type":"CCB_DEBIT","cash_fee":"1640.00","fee_type":"CNY","is_subscribe":"N","mch_id":"1244967502","nonce_str":"qb8l6usjalbnbeu5hwo5p0gk1gdz7gcy","openid":"orYumuPt9seP6ZI_nPiyfxz-icw4","out_trade_no":"LX-17071913242097706-f","result_code":"SUCCESS","return_code":"SUCCESS","sign":"15A1F6B9B74E9B921A7216FA9995C2CF","time_end":"20170719183657","total_fee":"1640.00","trade_type":"NATIVE","transaction_id":"4007482001201707191594234711"}
[2017-07-19 18:37:10][info] 收到重复信息，并处理反馈成功！
[2017-07-19 18:37:10][info] success
[2017-07-19 18:37:10][info] 写入结束!!!
[2017-07-19 22:16:50][info] ----------------------------------------
[2017-07-19 22:16:50][info] XML_DATA111:[{appid=>wxefc029d4373dcac0}{bank_type=>CFT}{cash_fee=>1326000}{fee_type=>CNY}{is_subscribe=>N}{mch_id=>1244967502}{nonce_str=>kdtgbupqgpsiiho3rqxzjbpeev9bn92m}{openid=>orYumuCRLQMnK9Yj81eKsQBEnJlc}{out_trade_no=>LX-17070710563085401-8}{result_code=>SUCCESS}{return_code=>SUCCESS}{sign=>6E77A7969F13B6D3E5BB70F25086CC2A}{time_end=>20170719221650}{total_fee=>1326000}{trade_type=>NATIVE}{transaction_id=>4004862001201707191633540283}]
[2017-07-19 22:16:50][info] k:appid=>wxefc029d4373dcac0
[2017-07-19 22:16:50][info] k:bank_type=>CFT
[2017-07-19 22:16:50][info] k:cash_fee=>1326000
[2017-07-19 22:16:50][info] k:fee_type=>CNY
[2017-07-19 22:16:50][info] k:is_subscribe=>N
[2017-07-19 22:16:50][info] k:mch_id=>1244967502
[2017-07-19 22:16:50][info] k:nonce_str=>kdtgbupqgpsiiho3rqxzjbpeev9bn92m
[2017-07-19 22:16:50][info] k:openid=>orYumuCRLQMnK9Yj81eKsQBEnJlc
[2017-07-19 22:16:50][info] k:out_trade_no=>LX-17070710563085401-8
[2017-07-19 22:16:50][info] k:result_code=>SUCCESS
[2017-07-19 22:16:50][info] k:return_code=>SUCCESS
[2017-07-19 22:16:50][info] k:sign=>6E77A7969F13B6D3E5BB70F25086CC2A
[2017-07-19 22:16:50][info] k:time_end=>20170719221650
[2017-07-19 22:16:50][info] k:total_fee=>1326000
[2017-07-19 22:16:50][info] k:trade_type=>NATIVE
[2017-07-19 22:16:50][info] k:transaction_id=>4004862001201707191633540283
[2017-07-19 22:16:50][info] ----------------------------------------
[2017-07-19 22:16:50][info] XML_DATA222:{"appid":"wxefc029d4373dcac0","bank_type":"CFT","cash_fee":"13260.00","fee_type":"CNY","is_subscribe":"N","mch_id":"1244967502","nonce_str":"kdtgbupqgpsiiho3rqxzjbpeev9bn92m","openid":"orYumuCRLQMnK9Yj81eKsQBEnJlc","out_trade_no":"LX-17070710563085401-8","result_code":"SUCCESS","return_code":"SUCCESS","sign":"6E77A7969F13B6D3E5BB70F25086CC2A","time_end":"20170719221650","total_fee":"13260.00","trade_type":"NATIVE","transaction_id":"4004862001201707191633540283"}
[2017-07-19 22:16:50][warn] 数据存储成功，并成功返回记录编号18135！
[2017-07-19 22:17:07][info] ----------------------------------------
[2017-07-19 22:17:07][info] XML_DATA111:[{appid=>wxefc029d4373dcac0}{bank_type=>CFT}{cash_fee=>1326000}{fee_type=>CNY}{is_subscribe=>N}{mch_id=>1244967502}{nonce_str=>kdtgbupqgpsiiho3rqxzjbpeev9bn92m}{openid=>orYumuCRLQMnK9Yj81eKsQBEnJlc}{out_trade_no=>LX-17070710563085401-8}{result_code=>SUCCESS}{return_code=>SUCCESS}{sign=>6E77A7969F13B6D3E5BB70F25086CC2A}{time_end=>20170719221650}{total_fee=>1326000}{trade_type=>NATIVE}{transaction_id=>4004862001201707191633540283}]
[2017-07-19 22:17:07][info] k:appid=>wxefc029d4373dcac0
[2017-07-19 22:17:07][info] k:bank_type=>CFT
[2017-07-19 22:17:07][info] k:cash_fee=>1326000
[2017-07-19 22:17:07][info] k:fee_type=>CNY
[2017-07-19 22:17:07][info] k:is_subscribe=>N
[2017-07-19 22:17:07][info] k:mch_id=>1244967502
[2017-07-19 22:17:07][info] k:nonce_str=>kdtgbupqgpsiiho3rqxzjbpeev9bn92m
[2017-07-19 22:17:07][info] k:openid=>orYumuCRLQMnK9Yj81eKsQBEnJlc
[2017-07-19 22:17:07][info] k:out_trade_no=>LX-17070710563085401-8
[2017-07-19 22:17:07][info] k:result_code=>SUCCESS
[2017-07-19 22:17:07][info] k:return_code=>SUCCESS
[2017-07-19 22:17:07][info] k:sign=>6E77A7969F13B6D3E5BB70F25086CC2A
[2017-07-19 22:17:07][info] k:time_end=>20170719221650
[2017-07-19 22:17:07][info] k:total_fee=>1326000
[2017-07-19 22:17:07][info] k:trade_type=>NATIVE
[2017-07-19 22:17:07][info] k:transaction_id=>4004862001201707191633540283
[2017-07-19 22:17:07][info] ----------------------------------------
[2017-07-19 22:17:07][info] XML_DATA222:{"appid":"wxefc029d4373dcac0","bank_type":"CFT","cash_fee":"13260.00","fee_type":"CNY","is_subscribe":"N","mch_id":"1244967502","nonce_str":"kdtgbupqgpsiiho3rqxzjbpeev9bn92m","openid":"orYumuCRLQMnK9Yj81eKsQBEnJlc","out_trade_no":"LX-17070710563085401-8","result_code":"SUCCESS","return_code":"SUCCESS","sign":"6E77A7969F13B6D3E5BB70F25086CC2A","time_end":"20170719221650","total_fee":"13260.00","trade_type":"NATIVE","transaction_id":"4004862001201707191633540283"}
[2017-07-19 22:17:07][info] 收到重复信息，并处理反馈成功！
[2017-07-19 22:17:07][info] success
[2017-07-19 22:17:07][info] 写入结束!!!
[2017-07-19 22:17:56][info] ----------------------------------------
[2017-07-19 22:17:56][info] XML_DATA111:[{appid=>wxefc029d4373dcac0}{bank_type=>CFT}{cash_fee=>225000}{fee_type=>CNY}{is_subscribe=>Y}{mch_id=>1244967502}{nonce_str=>isrqtkkn4phaw3yfsccwv235imyq215a}{openid=>orYumuCRLQMnK9Yj81eKsQBEnJlc}{out_trade_no=>LX-17070620265556501-8}{result_code=>SUCCESS}{return_code=>SUCCESS}{sign=>ADDDC6BBFD839293AEDD1BBAD302049C}{time_end=>20170719221756}{total_fee=>225000}{trade_type=>NATIVE}{transaction_id=>4004862001201707191635392987}]
[2017-07-19 22:17:56][info] k:appid=>wxefc029d4373dcac0
[2017-07-19 22:17:56][info] k:bank_type=>CFT
[2017-07-19 22:17:56][info] k:cash_fee=>225000
[2017-07-19 22:17:56][info] k:fee_type=>CNY
[2017-07-19 22:17:56][info] k:is_subscribe=>Y
[2017-07-19 22:17:56][info] k:mch_id=>1244967502
[2017-07-19 22:17:56][info] k:nonce_str=>isrqtkkn4phaw3yfsccwv235imyq215a
[2017-07-19 22:17:56][info] k:openid=>orYumuCRLQMnK9Yj81eKsQBEnJlc
[2017-07-19 22:17:56][info] k:out_trade_no=>LX-17070620265556501-8
[2017-07-19 22:17:56][info] k:result_code=>SUCCESS
[2017-07-19 22:17:56][info] k:return_code=>SUCCESS
[2017-07-19 22:17:56][info] k:sign=>ADDDC6BBFD839293AEDD1BBAD302049C
[2017-07-19 22:17:56][info] k:time_end=>20170719221756
[2017-07-19 22:17:56][info] k:total_fee=>225000
[2017-07-19 22:17:56][info] k:trade_type=>NATIVE
[2017-07-19 22:17:56][info] k:transaction_id=>4004862001201707191635392987
[2017-07-19 22:17:56][info] ----------------------------------------
[2017-07-19 22:17:56][info] XML_DATA222:{"appid":"wxefc029d4373dcac0","bank_type":"CFT","cash_fee":"2250.00","fee_type":"CNY","is_subscribe":"Y","mch_id":"1244967502","nonce_str":"isrqtkkn4phaw3yfsccwv235imyq215a","openid":"orYumuCRLQMnK9Yj81eKsQBEnJlc","out_trade_no":"LX-17070620265556501-8","result_code":"SUCCESS","return_code":"SUCCESS","sign":"ADDDC6BBFD839293AEDD1BBAD302049C","time_end":"20170719221756","total_fee":"2250.00","trade_type":"NATIVE","transaction_id":"4004862001201707191635392987"}
[2017-07-19 22:17:56][warn] 数据存储成功，并成功返回记录编号18136！
[2017-07-19 22:18:11][info] ----------------------------------------
[2017-07-19 22:18:11][info] XML_DATA111:[{appid=>wxefc029d4373dcac0}{bank_type=>CFT}{cash_fee=>225000}{fee_type=>CNY}{is_subscribe=>Y}{mch_id=>1244967502}{nonce_str=>isrqtkkn4phaw3yfsccwv235imyq215a}{openid=>orYumuCRLQMnK9Yj81eKsQBEnJlc}{out_trade_no=>LX-17070620265556501-8}{result_code=>SUCCESS}{return_code=>SUCCESS}{sign=>ADDDC6BBFD839293AEDD1BBAD302049C}{time_end=>20170719221756}{total_fee=>225000}{trade_type=>NATIVE}{transaction_id=>4004862001201707191635392987}]
[2017-07-19 22:18:11][info] k:appid=>wxefc029d4373dcac0
[2017-07-19 22:18:11][info] k:bank_type=>CFT
[2017-07-19 22:18:11][info] k:cash_fee=>225000
[2017-07-19 22:18:11][info] k:fee_type=>CNY
[2017-07-19 22:18:11][info] k:is_subscribe=>Y
[2017-07-19 22:18:11][info] k:mch_id=>1244967502
[2017-07-19 22:18:11][info] k:nonce_str=>isrqtkkn4phaw3yfsccwv235imyq215a
[2017-07-19 22:18:11][info] k:openid=>orYumuCRLQMnK9Yj81eKsQBEnJlc
[2017-07-19 22:18:11][info] k:out_trade_no=>LX-17070620265556501-8
[2017-07-19 22:18:11][info] k:result_code=>SUCCESS
[2017-07-19 22:18:11][info] k:return_code=>SUCCESS
[2017-07-19 22:18:11][info] k:sign=>ADDDC6BBFD839293AEDD1BBAD302049C
[2017-07-19 22:18:11][info] k:time_end=>20170719221756
[2017-07-19 22:18:11][info] k:total_fee=>225000
[2017-07-19 22:18:11][info] k:trade_type=>NATIVE
[2017-07-19 22:18:11][info] k:transaction_id=>4004862001201707191635392987
[2017-07-19 22:18:11][info] ----------------------------------------
[2017-07-19 22:18:11][info] XML_DATA222:{"appid":"wxefc029d4373dcac0","bank_type":"CFT","cash_fee":"2250.00","fee_type":"CNY","is_subscribe":"Y","mch_id":"1244967502","nonce_str":"isrqtkkn4phaw3yfsccwv235imyq215a","openid":"orYumuCRLQMnK9Yj81eKsQBEnJlc","out_trade_no":"LX-17070620265556501-8","result_code":"SUCCESS","return_code":"SUCCESS","sign":"ADDDC6BBFD839293AEDD1BBAD302049C","time_end":"20170719221756","total_fee":"2250.00","trade_type":"NATIVE","transaction_id":"4004862001201707191635392987"}
[2017-07-19 22:18:11][info] 收到重复信息，并处理反馈成功！
[2017-07-19 22:18:11][info] success
[2017-07-19 22:18:11][info] 写入结束!!!
[2017-07-19 22:18:43][info] ----------------------------------------
[2017-07-19 22:18:43][info] XML_DATA111:[{appid=>wxefc029d4373dcac0}{bank_type=>CFT}{cash_fee=>450000}{fee_type=>CNY}{is_subscribe=>Y}{mch_id=>1244967502}{nonce_str=>kkqbtt8gi2rhi8f3te3o8j2fhshwmn2r}{openid=>orYumuCRLQMnK9Yj81eKsQBEnJlc}{out_trade_no=>LX-17070511482651101-f}{result_code=>SUCCESS}{return_code=>SUCCESS}{sign=>F9FA03D0C117016BDC0C71C6E6570982}{time_end=>20170719221842}{total_fee=>450000}{trade_type=>NATIVE}{transaction_id=>4004862001201707191638513046}]
[2017-07-19 22:18:43][info] k:appid=>wxefc029d4373dcac0
[2017-07-19 22:18:43][info] k:bank_type=>CFT
[2017-07-19 22:18:43][info] k:cash_fee=>450000
[2017-07-19 22:18:43][info] k:fee_type=>CNY
[2017-07-19 22:18:43][info] k:is_subscribe=>Y
[2017-07-19 22:18:43][info] k:mch_id=>1244967502
[2017-07-19 22:18:43][info] k:nonce_str=>kkqbtt8gi2rhi8f3te3o8j2fhshwmn2r
[2017-07-19 22:18:43][info] k:openid=>orYumuCRLQMnK9Yj81eKsQBEnJlc
[2017-07-19 22:18:43][info] k:out_trade_no=>LX-17070511482651101-f
[2017-07-19 22:18:43][info] k:result_code=>SUCCESS
[2017-07-19 22:18:43][info] k:return_code=>SUCCESS
[2017-07-19 22:18:43][info] k:sign=>F9FA03D0C117016BDC0C71C6E6570982
[2017-07-19 22:18:43][info] k:time_end=>20170719221842
[2017-07-19 22:18:43][info] k:total_fee=>450000
[2017-07-19 22:18:43][info] k:trade_type=>NATIVE
[2017-07-19 22:18:43][info] k:transaction_id=>4004862001201707191638513046
[2017-07-19 22:18:43][info] ----------------------------------------
[2017-07-19 22:18:43][info] XML_DATA222:{"appid":"wxefc029d4373dcac0","bank_type":"CFT","cash_fee":"4500.00","fee_type":"CNY","is_subscribe":"Y","mch_id":"1244967502","nonce_str":"kkqbtt8gi2rhi8f3te3o8j2fhshwmn2r","openid":"orYumuCRLQMnK9Yj81eKsQBEnJlc","out_trade_no":"LX-17070511482651101-f","result_code":"SUCCESS","return_code":"SUCCESS","sign":"F9FA03D0C117016BDC0C71C6E6570982","time_end":"20170719221842","total_fee":"4500.00","trade_type":"NATIVE","transaction_id":"4004862001201707191638513046"}
[2017-07-19 22:18:43][warn] 数据存储成功，并成功返回记录编号18137！
[2017-07-19 22:18:59][info] ----------------------------------------
[2017-07-19 22:18:59][info] XML_DATA111:[{appid=>wxefc029d4373dcac0}{bank_type=>CFT}{cash_fee=>450000}{fee_type=>CNY}{is_subscribe=>Y}{mch_id=>1244967502}{nonce_str=>kkqbtt8gi2rhi8f3te3o8j2fhshwmn2r}{openid=>orYumuCRLQMnK9Yj81eKsQBEnJlc}{out_trade_no=>LX-17070511482651101-f}{result_code=>SUCCESS}{return_code=>SUCCESS}{sign=>F9FA03D0C117016BDC0C71C6E6570982}{time_end=>20170719221842}{total_fee=>450000}{trade_type=>NATIVE}{transaction_id=>4004862001201707191638513046}]
[2017-07-19 22:18:59][info] k:appid=>wxefc029d4373dcac0
[2017-07-19 22:18:59][info] k:bank_type=>CFT
[2017-07-19 22:18:59][info] k:cash_fee=>450000
[2017-07-19 22:18:59][info] k:fee_type=>CNY
[2017-07-19 22:18:59][info] k:is_subscribe=>Y
[2017-07-19 22:18:59][info] k:mch_id=>1244967502
[2017-07-19 22:18:59][info] k:nonce_str=>kkqbtt8gi2rhi8f3te3o8j2fhshwmn2r
[2017-07-19 22:18:59][info] k:openid=>orYumuCRLQMnK9Yj81eKsQBEnJlc
[2017-07-19 22:18:59][info] k:out_trade_no=>LX-17070511482651101-f
[2017-07-19 22:18:59][info] k:result_code=>SUCCESS
[2017-07-19 22:18:59][info] k:return_code=>SUCCESS
[2017-07-19 22:18:59][info] k:sign=>F9FA03D0C117016BDC0C71C6E6570982
[2017-07-19 22:18:59][info] k:time_end=>20170719221842
[2017-07-19 22:18:59][info] k:total_fee=>450000
[2017-07-19 22:18:59][info] k:trade_type=>NATIVE
[2017-07-19 22:18:59][info] k:transaction_id=>4004862001201707191638513046
[2017-07-19 22:18:59][info] ----------------------------------------
[2017-07-19 22:18:59][info] XML_DATA222:{"appid":"wxefc029d4373dcac0","bank_type":"CFT","cash_fee":"4500.00","fee_type":"CNY","is_subscribe":"Y","mch_id":"1244967502","nonce_str":"kkqbtt8gi2rhi8f3te3o8j2fhshwmn2r","openid":"orYumuCRLQMnK9Yj81eKsQBEnJlc","out_trade_no":"LX-17070511482651101-f","result_code":"SUCCESS","return_code":"SUCCESS","sign":"F9FA03D0C117016BDC0C71C6E6570982","time_end":"20170719221842","total_fee":"4500.00","trade_type":"NATIVE","transaction_id":"4004862001201707191638513046"}
[2017-07-19 22:18:59][info] 收到重复信息，并处理反馈成功！
[2017-07-19 22:18:59][info] success
[2017-07-19 22:18:59][info] 写入结束!!!
[2017-07-19 22:19:31][info] ----------------------------------------
[2017-07-19 22:19:31][info] XML_DATA111:[{appid=>wxefc029d4373dcac0}{bank_type=>CFT}{cash_fee=>450000}{fee_type=>CNY}{is_subscribe=>Y}{mch_id=>1244967502}{nonce_str=>4g3shvzaz4jan30b5fbntmpfvak63ntl}{openid=>orYumuCRLQMnK9Yj81eKsQBEnJlc}{out_trade_no=>LX-17070114232322601-3}{result_code=>SUCCESS}{return_code=>SUCCESS}{sign=>7B35967D2694F30910873ED820D8B604}{time_end=>20170719221930}{total_fee=>450000}{trade_type=>NATIVE}{transaction_id=>4004862001201707191635422503}]
[2017-07-19 22:19:31][info] k:appid=>wxefc029d4373dcac0
[2017-07-19 22:19:31][info] k:bank_type=>CFT
[2017-07-19 22:19:31][info] k:cash_fee=>450000
[2017-07-19 22:19:31][info] k:fee_type=>CNY
[2017-07-19 22:19:31][info] k:is_subscribe=>Y
[2017-07-19 22:19:31][info] k:mch_id=>1244967502
[2017-07-19 22:19:31][info] k:nonce_str=>4g3shvzaz4jan30b5fbntmpfvak63ntl
[2017-07-19 22:19:31][info] k:openid=>orYumuCRLQMnK9Yj81eKsQBEnJlc
[2017-07-19 22:19:31][info] k:out_trade_no=>LX-17070114232322601-3
[2017-07-19 22:19:31][info] k:result_code=>SUCCESS
[2017-07-19 22:19:31][info] k:return_code=>SUCCESS
[2017-07-19 22:19:31][info] k:sign=>7B35967D2694F30910873ED820D8B604
[2017-07-19 22:19:31][info] k:time_end=>20170719221930
[2017-07-19 22:19:31][info] k:total_fee=>450000
[2017-07-19 22:19:31][info] k:trade_type=>NATIVE
[2017-07-19 22:19:31][info] k:transaction_id=>4004862001201707191635422503
[2017-07-19 22:19:31][info] ----------------------------------------
[2017-07-19 22:19:31][info] XML_DATA222:{"appid":"wxefc029d4373dcac0","bank_type":"CFT","cash_fee":"4500.00","fee_type":"CNY","is_subscribe":"Y","mch_id":"1244967502","nonce_str":"4g3shvzaz4jan30b5fbntmpfvak63ntl","openid":"orYumuCRLQMnK9Yj81eKsQBEnJlc","out_trade_no":"LX-17070114232322601-3","result_code":"SUCCESS","return_code":"SUCCESS","sign":"7B35967D2694F30910873ED820D8B604","time_end":"20170719221930","total_fee":"4500.00","trade_type":"NATIVE","transaction_id":"4004862001201707191635422503"}
[2017-07-19 22:19:31][warn] 数据存储成功，并成功返回记录编号18138！
[2017-07-19 22:19:46][info] ----------------------------------------
[2017-07-19 22:19:46][info] XML_DATA111:[{appid=>wxefc029d4373dcac0}{bank_type=>CFT}{cash_fee=>450000}{fee_type=>CNY}{is_subscribe=>Y}{mch_id=>1244967502}{nonce_str=>4g3shvzaz4jan30b5fbntmpfvak63ntl}{openid=>orYumuCRLQMnK9Yj81eKsQBEnJlc}{out_trade_no=>LX-17070114232322601-3}{result_code=>SUCCESS}{return_code=>SUCCESS}{sign=>7B35967D2694F30910873ED820D8B604}{time_end=>20170719221930}{total_fee=>450000}{trade_type=>NATIVE}{transaction_id=>4004862001201707191635422503}]
[2017-07-19 22:19:46][info] k:appid=>wxefc029d4373dcac0
[2017-07-19 22:19:46][info] k:bank_type=>CFT
[2017-07-19 22:19:46][info] k:cash_fee=>450000
[2017-07-19 22:19:46][info] k:fee_type=>CNY
[2017-07-19 22:19:46][info] k:is_subscribe=>Y
[2017-07-19 22:19:46][info] k:mch_id=>1244967502
[2017-07-19 22:19:46][info] k:nonce_str=>4g3shvzaz4jan30b5fbntmpfvak63ntl
[2017-07-19 22:19:46][info] k:openid=>orYumuCRLQMnK9Yj81eKsQBEnJlc
[2017-07-19 22:19:46][info] k:out_trade_no=>LX-17070114232322601-3
[2017-07-19 22:19:46][info] k:result_code=>SUCCESS
[2017-07-19 22:19:46][info] k:return_code=>SUCCESS
[2017-07-19 22:19:46][info] k:sign=>7B35967D2694F30910873ED820D8B604
[2017-07-19 22:19:46][info] k:time_end=>20170719221930
[2017-07-19 22:19:46][info] k:total_fee=>450000
[2017-07-19 22:19:46][info] k:trade_type=>NATIVE
[2017-07-19 22:19:46][info] k:transaction_id=>4004862001201707191635422503
[2017-07-19 22:19:46][info] ----------------------------------------
[2017-07-19 22:19:46][info] XML_DATA222:{"appid":"wxefc029d4373dcac0","bank_type":"CFT","cash_fee":"4500.00","fee_type":"CNY","is_subscribe":"Y","mch_id":"1244967502","nonce_str":"4g3shvzaz4jan30b5fbntmpfvak63ntl","openid":"orYumuCRLQMnK9Yj81eKsQBEnJlc","out_trade_no":"LX-17070114232322601-3","result_code":"SUCCESS","return_code":"SUCCESS","sign":"7B35967D2694F30910873ED820D8B604","time_end":"20170719221930","total_fee":"4500.00","trade_type":"NATIVE","transaction_id":"4004862001201707191635422503"}
[2017-07-19 22:19:46][info] 收到重复信息，并处理反馈成功！
[2017-07-19 22:19:46][info] success
[2017-07-19 22:19:46][info] 写入结束!!!
[2017-07-19 22:20:08][info] ----------------------------------------
[2017-07-19 22:20:08][info] XML_DATA111:[{appid=>wxefc029d4373dcac0}{bank_type=>CFT}{cash_fee=>225000}{fee_type=>CNY}{is_subscribe=>Y}{mch_id=>1244967502}{nonce_str=>hjfjett1ga0tvt9ltybslnqu662mp4z7}{openid=>orYumuCRLQMnK9Yj81eKsQBEnJlc}{out_trade_no=>LX-17070922194351506-3}{result_code=>SUCCESS}{return_code=>SUCCESS}{sign=>6D5FFB3867D984A0C40B419EDDB92159}{time_end=>20170719222008}{total_fee=>225000}{trade_type=>NATIVE}{transaction_id=>4004862001201707191633722810}]
[2017-07-19 22:20:08][info] k:appid=>wxefc029d4373dcac0
[2017-07-19 22:20:08][info] k:bank_type=>CFT
[2017-07-19 22:20:08][info] k:cash_fee=>225000
[2017-07-19 22:20:08][info] k:fee_type=>CNY
[2017-07-19 22:20:08][info] k:is_subscribe=>Y
[2017-07-19 22:20:08][info] k:mch_id=>1244967502
[2017-07-19 22:20:08][info] k:nonce_str=>hjfjett1ga0tvt9ltybslnqu662mp4z7
[2017-07-19 22:20:08][info] k:openid=>orYumuCRLQMnK9Yj81eKsQBEnJlc
[2017-07-19 22:20:08][info] k:out_trade_no=>LX-17070922194351506-3
[2017-07-19 22:20:08][info] k:result_code=>SUCCESS
[2017-07-19 22:20:08][info] k:return_code=>SUCCESS
[2017-07-19 22:20:08][info] k:sign=>6D5FFB3867D984A0C40B419EDDB92159
[2017-07-19 22:20:08][info] k:time_end=>20170719222008
[2017-07-19 22:20:08][info] k:total_fee=>225000
[2017-07-19 22:20:08][info] k:trade_type=>NATIVE
[2017-07-19 22:20:08][info] k:transaction_id=>4004862001201707191633722810
[2017-07-19 22:20:08][info] ----------------------------------------
[2017-07-19 22:20:08][info] XML_DATA222:{"appid":"wxefc029d4373dcac0","bank_type":"CFT","cash_fee":"2250.00","fee_type":"CNY","is_subscribe":"Y","mch_id":"1244967502","nonce_str":"hjfjett1ga0tvt9ltybslnqu662mp4z7","openid":"orYumuCRLQMnK9Yj81eKsQBEnJlc","out_trade_no":"LX-17070922194351506-3","result_code":"SUCCESS","return_code":"SUCCESS","sign":"6D5FFB3867D984A0C40B419EDDB92159","time_end":"20170719222008","total_fee":"2250.00","trade_type":"NATIVE","transaction_id":"4004862001201707191633722810"}
[2017-07-19 22:20:08][warn] 数据存储成功，并成功返回记录编号18139！
[2017-07-19 22:20:18][info] ----------------------------------------
[2017-07-19 22:20:18][info] XML_DATA111:[{appid=>wxefc029d4373dcac0}{bank_type=>CFT}{cash_fee=>225000}{fee_type=>CNY}{is_subscribe=>Y}{mch_id=>1244967502}{nonce_str=>hjfjett1ga0tvt9ltybslnqu662mp4z7}{openid=>orYumuCRLQMnK9Yj81eKsQBEnJlc}{out_trade_no=>LX-17070922194351506-3}{result_code=>SUCCESS}{return_code=>SUCCESS}{sign=>6D5FFB3867D984A0C40B419EDDB92159}{time_end=>20170719222008}{total_fee=>225000}{trade_type=>NATIVE}{transaction_id=>4004862001201707191633722810}]
[2017-07-19 22:20:18][info] k:appid=>wxefc029d4373dcac0
[2017-07-19 22:20:18][info] k:bank_type=>CFT
[2017-07-19 22:20:18][info] k:cash_fee=>225000
[2017-07-19 22:20:18][info] k:fee_type=>CNY
[2017-07-19 22:20:18][info] k:is_subscribe=>Y
[2017-07-19 22:20:18][info] k:mch_id=>1244967502
[2017-07-19 22:20:18][info] k:nonce_str=>hjfjett1ga0tvt9ltybslnqu662mp4z7
[2017-07-19 22:20:18][info] k:openid=>orYumuCRLQMnK9Yj81eKsQBEnJlc
[2017-07-19 22:20:18][info] k:out_trade_no=>LX-17070922194351506-3
[2017-07-19 22:20:18][info] k:result_code=>SUCCESS
[2017-07-19 22:20:18][info] k:return_code=>SUCCESS
[2017-07-19 22:20:18][info] k:sign=>6D5FFB3867D984A0C40B419EDDB92159
[2017-07-19 22:20:18][info] k:time_end=>20170719222008
[2017-07-19 22:20:18][info] k:total_fee=>225000
[2017-07-19 22:20:18][info] k:trade_type=>NATIVE
[2017-07-19 22:20:18][info] k:transaction_id=>4004862001201707191633722810
[2017-07-19 22:20:18][info] ----------------------------------------
[2017-07-19 22:20:18][info] XML_DATA222:{"appid":"wxefc029d4373dcac0","bank_type":"CFT","cash_fee":"2250.00","fee_type":"CNY","is_subscribe":"Y","mch_id":"1244967502","nonce_str":"hjfjett1ga0tvt9ltybslnqu662mp4z7","openid":"orYumuCRLQMnK9Yj81eKsQBEnJlc","out_trade_no":"LX-17070922194351506-3","result_code":"SUCCESS","return_code":"SUCCESS","sign":"6D5FFB3867D984A0C40B419EDDB92159","time_end":"20170719222008","total_fee":"2250.00","trade_type":"NATIVE","transaction_id":"4004862001201707191633722810"}
[2017-07-19 22:20:18][info] 收到重复信息，并处理反馈成功！
[2017-07-19 22:20:18][info] success
[2017-07-19 22:20:18][info] 写入结束!!!
