[2017-06-22 16:02:55][info] ----------------------------------------
[2017-06-22 16:02:55][info] XML_DATA111:[{appid=>wxefc029d4373dcac0}{bank_type=>CFT}{cash_fee=>656000}{fee_type=>CNY}{is_subscribe=>N}{mch_id=>1244967502}{nonce_str=>o0vdt4y8w1ie34lmlru15d7mk40x0r34}{openid=>orYumuLNnBDHO8jeDQZ52pA6_nG8}{out_trade_no=>LX-17060521411654606-2}{result_code=>SUCCESS}{return_code=>SUCCESS}{sign=>EFB0125992779E788E850801A03C3C62}{time_end=>20170622160254}{total_fee=>656000}{trade_type=>NATIVE}{transaction_id=>4008942001201706226899769674}]
[2017-06-22 16:02:55][info] k:appid=>wxefc029d4373dcac0
[2017-06-22 16:02:55][info] k:bank_type=>CFT
[2017-06-22 16:02:55][info] k:cash_fee=>656000
[2017-06-22 16:02:55][info] k:fee_type=>CNY
[2017-06-22 16:02:55][info] k:is_subscribe=>N
[2017-06-22 16:02:55][info] k:mch_id=>1244967502
[2017-06-22 16:02:55][info] k:nonce_str=>o0vdt4y8w1ie34lmlru15d7mk40x0r34
[2017-06-22 16:02:55][info] k:openid=>orYumuLNnBDHO8jeDQZ52pA6_nG8
[2017-06-22 16:02:55][info] k:out_trade_no=>LX-17060521411654606-2
[2017-06-22 16:02:55][info] k:result_code=>SUCCESS
[2017-06-22 16:02:55][info] k:return_code=>SUCCESS
[2017-06-22 16:02:55][info] k:sign=>EFB0125992779E788E850801A03C3C62
[2017-06-22 16:02:55][info] k:time_end=>20170622160254
[2017-06-22 16:02:55][info] k:total_fee=>656000
[2017-06-22 16:02:55][info] k:trade_type=>NATIVE
[2017-06-22 16:02:55][info] k:transaction_id=>4008942001201706226899769674
[2017-06-22 16:02:55][info] ----------------------------------------
[2017-06-22 16:02:55][info] XML_DATA222:{"appid":"wxefc029d4373dcac0","bank_type":"CFT","cash_fee":"6560.00","fee_type":"CNY","is_subscribe":"N","mch_id":"1244967502","nonce_str":"o0vdt4y8w1ie34lmlru15d7mk40x0r34","openid":"orYumuLNnBDHO8jeDQZ52pA6_nG8","out_trade_no":"LX-17060521411654606-2","result_code":"SUCCESS","return_code":"SUCCESS","sign":"EFB0125992779E788E850801A03C3C62","time_end":"20170622160254","total_fee":"6560.00","trade_type":"NATIVE","transaction_id":"4008942001201706226899769674"}
[2017-06-22 16:02:55][warn] 数据存储成功，并成功返回记录编号17691！
[2017-06-22 16:03:09][info] ----------------------------------------
[2017-06-22 16:03:09][info] XML_DATA111:[{appid=>wxefc029d4373dcac0}{bank_type=>CFT}{cash_fee=>656000}{fee_type=>CNY}{is_subscribe=>N}{mch_id=>1244967502}{nonce_str=>o0vdt4y8w1ie34lmlru15d7mk40x0r34}{openid=>orYumuLNnBDHO8jeDQZ52pA6_nG8}{out_trade_no=>LX-17060521411654606-2}{result_code=>SUCCESS}{return_code=>SUCCESS}{sign=>EFB0125992779E788E850801A03C3C62}{time_end=>20170622160254}{total_fee=>656000}{trade_type=>NATIVE}{transaction_id=>4008942001201706226899769674}]
[2017-06-22 16:03:09][info] k:appid=>wxefc029d4373dcac0
[2017-06-22 16:03:09][info] k:bank_type=>CFT
[2017-06-22 16:03:09][info] k:cash_fee=>656000
[2017-06-22 16:03:09][info] k:fee_type=>CNY
[2017-06-22 16:03:09][info] k:is_subscribe=>N
[2017-06-22 16:03:09][info] k:mch_id=>1244967502
[2017-06-22 16:03:09][info] k:nonce_str=>o0vdt4y8w1ie34lmlru15d7mk40x0r34
[2017-06-22 16:03:09][info] k:openid=>orYumuLNnBDHO8jeDQZ52pA6_nG8
[2017-06-22 16:03:09][info] k:out_trade_no=>LX-17060521411654606-2
[2017-06-22 16:03:09][info] k:result_code=>SUCCESS
[2017-06-22 16:03:09][info] k:return_code=>SUCCESS
[2017-06-22 16:03:09][info] k:sign=>EFB0125992779E788E850801A03C3C62
[2017-06-22 16:03:09][info] k:time_end=>20170622160254
[2017-06-22 16:03:09][info] k:total_fee=>656000
[2017-06-22 16:03:09][info] k:trade_type=>NATIVE
[2017-06-22 16:03:09][info] k:transaction_id=>4008942001201706226899769674
[2017-06-22 16:03:09][info] ----------------------------------------
[2017-06-22 16:03:09][info] XML_DATA222:{"appid":"wxefc029d4373dcac0","bank_type":"CFT","cash_fee":"6560.00","fee_type":"CNY","is_subscribe":"N","mch_id":"1244967502","nonce_str":"o0vdt4y8w1ie34lmlru15d7mk40x0r34","openid":"orYumuLNnBDHO8jeDQZ52pA6_nG8","out_trade_no":"LX-17060521411654606-2","result_code":"SUCCESS","return_code":"SUCCESS","sign":"EFB0125992779E788E850801A03C3C62","time_end":"20170622160254","total_fee":"6560.00","trade_type":"NATIVE","transaction_id":"4008942001201706226899769674"}
[2017-06-22 16:03:09][info] 收到重复信息，并处理反馈成功！
[2017-06-22 16:03:09][info] success
[2017-06-22 16:03:09][info] 写入结束!!!
