[2017-08-21 18:37:39][info] ----------------------------------------
[2017-08-21 18:37:39][info] XML_DATA111:[{appid=>wxefc029d4373dcac0}{bank_type=>ABC_DEBIT}{cash_fee=>164000}{fee_type=>CNY}{is_subscribe=>Y}{mch_id=>1244967502}{nonce_str=>gtkjmc751pzkje1nav9d4ce95nhm7w45}{openid=>orYumuIOYXVk3873XqQBhHLG7ENI}{out_trade_no=>LX-17081918141489801-e}{result_code=>SUCCESS}{return_code=>SUCCESS}{sign=>C5973B5FB912BFE27A149402213F95A8}{time_end=>20170821183739}{total_fee=>164000}{trade_type=>NATIVE}{transaction_id=>4006742001201708217479969099}]
[2017-08-21 18:37:39][info] k:appid=>wxefc029d4373dcac0
[2017-08-21 18:37:39][info] k:bank_type=>ABC_DEBIT
[2017-08-21 18:37:39][info] k:cash_fee=>164000
[2017-08-21 18:37:39][info] k:fee_type=>CNY
[2017-08-21 18:37:39][info] k:is_subscribe=>Y
[2017-08-21 18:37:39][info] k:mch_id=>1244967502
[2017-08-21 18:37:39][info] k:nonce_str=>gtkjmc751pzkje1nav9d4ce95nhm7w45
[2017-08-21 18:37:39][info] k:openid=>orYumuIOYXVk3873XqQBhHLG7ENI
[2017-08-21 18:37:39][info] k:out_trade_no=>LX-17081918141489801-e
[2017-08-21 18:37:39][info] k:result_code=>SUCCESS
[2017-08-21 18:37:39][info] k:return_code=>SUCCESS
[2017-08-21 18:37:39][info] k:sign=>C5973B5FB912BFE27A149402213F95A8
[2017-08-21 18:37:39][info] k:time_end=>20170821183739
[2017-08-21 18:37:39][info] k:total_fee=>164000
[2017-08-21 18:37:39][info] k:trade_type=>NATIVE
[2017-08-21 18:37:39][info] k:transaction_id=>4006742001201708217479969099
[2017-08-21 18:37:39][info] ----------------------------------------
[2017-08-21 18:37:39][info] XML_DATA222:{"appid":"wxefc029d4373dcac0","bank_type":"ABC_DEBIT","cash_fee":"1640.00","fee_type":"CNY","is_subscribe":"Y","mch_id":"1244967502","nonce_str":"gtkjmc751pzkje1nav9d4ce95nhm7w45","openid":"orYumuIOYXVk3873XqQBhHLG7ENI","out_trade_no":"LX-17081918141489801-e","result_code":"SUCCESS","return_code":"SUCCESS","sign":"C5973B5FB912BFE27A149402213F95A8","time_end":"20170821183739","total_fee":"1640.00","trade_type":"NATIVE","transaction_id":"4006742001201708217479969099"}
[2017-08-21 18:37:39][warn] 数据存储成功，并成功返回记录编号18668！
[2017-08-21 18:37:50][info] ----------------------------------------
[2017-08-21 18:37:50][info] XML_DATA111:[{appid=>wxefc029d4373dcac0}{bank_type=>ABC_DEBIT}{cash_fee=>164000}{fee_type=>CNY}{is_subscribe=>Y}{mch_id=>1244967502}{nonce_str=>gtkjmc751pzkje1nav9d4ce95nhm7w45}{openid=>orYumuIOYXVk3873XqQBhHLG7ENI}{out_trade_no=>LX-17081918141489801-e}{result_code=>SUCCESS}{return_code=>SUCCESS}{sign=>C5973B5FB912BFE27A149402213F95A8}{time_end=>20170821183739}{total_fee=>164000}{trade_type=>NATIVE}{transaction_id=>4006742001201708217479969099}]
[2017-08-21 18:37:50][info] k:appid=>wxefc029d4373dcac0
[2017-08-21 18:37:50][info] k:bank_type=>ABC_DEBIT
[2017-08-21 18:37:50][info] k:cash_fee=>164000
[2017-08-21 18:37:50][info] k:fee_type=>CNY
[2017-08-21 18:37:50][info] k:is_subscribe=>Y
[2017-08-21 18:37:50][info] k:mch_id=>1244967502
[2017-08-21 18:37:50][info] k:nonce_str=>gtkjmc751pzkje1nav9d4ce95nhm7w45
[2017-08-21 18:37:50][info] k:openid=>orYumuIOYXVk3873XqQBhHLG7ENI
[2017-08-21 18:37:50][info] k:out_trade_no=>LX-17081918141489801-e
[2017-08-21 18:37:50][info] k:result_code=>SUCCESS
[2017-08-21 18:37:50][info] k:return_code=>SUCCESS
[2017-08-21 18:37:50][info] k:sign=>C5973B5FB912BFE27A149402213F95A8
[2017-08-21 18:37:50][info] k:time_end=>20170821183739
[2017-08-21 18:37:50][info] k:total_fee=>164000
[2017-08-21 18:37:50][info] k:trade_type=>NATIVE
[2017-08-21 18:37:50][info] k:transaction_id=>4006742001201708217479969099
[2017-08-21 18:37:50][info] ----------------------------------------
[2017-08-21 18:37:50][info] XML_DATA222:{"appid":"wxefc029d4373dcac0","bank_type":"ABC_DEBIT","cash_fee":"1640.00","fee_type":"CNY","is_subscribe":"Y","mch_id":"1244967502","nonce_str":"gtkjmc751pzkje1nav9d4ce95nhm7w45","openid":"orYumuIOYXVk3873XqQBhHLG7ENI","out_trade_no":"LX-17081918141489801-e","result_code":"SUCCESS","return_code":"SUCCESS","sign":"C5973B5FB912BFE27A149402213F95A8","time_end":"20170821183739","total_fee":"1640.00","trade_type":"NATIVE","transaction_id":"4006742001201708217479969099"}
[2017-08-21 18:37:50][info] 收到重复信息，并处理反馈成功！
[2017-08-21 18:37:50][info] success
[2017-08-21 18:37:50][info] 写入结束!!!
