[2017-08-28 08:50:31][info] ----------------------------------------
[2017-08-28 08:50:31][info] XML_DATA111:[{appid=>wxefc029d4373dcac0}{bank_type=>CFT}{cash_fee=>348000}{fee_type=>CNY}{is_subscribe=>Y}{mch_id=>1244967502}{nonce_str=>m5qcap9alroivhrqrlnk4jp08xhx77zt}{openid=>orYumuImJ5gZpjiOkb55x3ruzrmc}{out_trade_no=>LX-17080108574438701-f}{result_code=>SUCCESS}{return_code=>SUCCESS}{sign=>007C58D60C2004D07A70F5785EF2F8A5}{time_end=>20170828085031}{total_fee=>348000}{trade_type=>NATIVE}{transaction_id=>4004832001201708288664636900}]
[2017-08-28 08:50:31][info] k:appid=>wxefc029d4373dcac0
[2017-08-28 08:50:31][info] k:bank_type=>CFT
[2017-08-28 08:50:31][info] k:cash_fee=>348000
[2017-08-28 08:50:31][info] k:fee_type=>CNY
[2017-08-28 08:50:31][info] k:is_subscribe=>Y
[2017-08-28 08:50:31][info] k:mch_id=>1244967502
[2017-08-28 08:50:31][info] k:nonce_str=>m5qcap9alroivhrqrlnk4jp08xhx77zt
[2017-08-28 08:50:31][info] k:openid=>orYumuImJ5gZpjiOkb55x3ruzrmc
[2017-08-28 08:50:31][info] k:out_trade_no=>LX-17080108574438701-f
[2017-08-28 08:50:31][info] k:result_code=>SUCCESS
[2017-08-28 08:50:31][info] k:return_code=>SUCCESS
[2017-08-28 08:50:31][info] k:sign=>007C58D60C2004D07A70F5785EF2F8A5
[2017-08-28 08:50:31][info] k:time_end=>20170828085031
[2017-08-28 08:50:31][info] k:total_fee=>348000
[2017-08-28 08:50:31][info] k:trade_type=>NATIVE
[2017-08-28 08:50:31][info] k:transaction_id=>4004832001201708288664636900
[2017-08-28 08:50:31][info] ----------------------------------------
[2017-08-28 08:50:31][info] XML_DATA222:{"appid":"wxefc029d4373dcac0","bank_type":"CFT","cash_fee":"3480.00","fee_type":"CNY","is_subscribe":"Y","mch_id":"1244967502","nonce_str":"m5qcap9alroivhrqrlnk4jp08xhx77zt","openid":"orYumuImJ5gZpjiOkb55x3ruzrmc","out_trade_no":"LX-17080108574438701-f","result_code":"SUCCESS","return_code":"SUCCESS","sign":"007C58D60C2004D07A70F5785EF2F8A5","time_end":"20170828085031","total_fee":"3480.00","trade_type":"NATIVE","transaction_id":"4004832001201708288664636900"}
[2017-08-28 08:50:32][warn] 数据存储成功，并成功返回记录编号18727！
[2017-08-28 08:50:46][info] ----------------------------------------
[2017-08-28 08:50:46][info] XML_DATA111:[{appid=>wxefc029d4373dcac0}{bank_type=>CFT}{cash_fee=>348000}{fee_type=>CNY}{is_subscribe=>Y}{mch_id=>1244967502}{nonce_str=>m5qcap9alroivhrqrlnk4jp08xhx77zt}{openid=>orYumuImJ5gZpjiOkb55x3ruzrmc}{out_trade_no=>LX-17080108574438701-f}{result_code=>SUCCESS}{return_code=>SUCCESS}{sign=>007C58D60C2004D07A70F5785EF2F8A5}{time_end=>20170828085031}{total_fee=>348000}{trade_type=>NATIVE}{transaction_id=>4004832001201708288664636900}]
[2017-08-28 08:50:46][info] k:appid=>wxefc029d4373dcac0
[2017-08-28 08:50:46][info] k:bank_type=>CFT
[2017-08-28 08:50:46][info] k:cash_fee=>348000
[2017-08-28 08:50:46][info] k:fee_type=>CNY
[2017-08-28 08:50:46][info] k:is_subscribe=>Y
[2017-08-28 08:50:46][info] k:mch_id=>1244967502
[2017-08-28 08:50:46][info] k:nonce_str=>m5qcap9alroivhrqrlnk4jp08xhx77zt
[2017-08-28 08:50:46][info] k:openid=>orYumuImJ5gZpjiOkb55x3ruzrmc
[2017-08-28 08:50:46][info] k:out_trade_no=>LX-17080108574438701-f
[2017-08-28 08:50:46][info] k:result_code=>SUCCESS
[2017-08-28 08:50:46][info] k:return_code=>SUCCESS
[2017-08-28 08:50:46][info] k:sign=>007C58D60C2004D07A70F5785EF2F8A5
[2017-08-28 08:50:46][info] k:time_end=>20170828085031
[2017-08-28 08:50:46][info] k:total_fee=>348000
[2017-08-28 08:50:46][info] k:trade_type=>NATIVE
[2017-08-28 08:50:46][info] k:transaction_id=>4004832001201708288664636900
[2017-08-28 08:50:46][info] ----------------------------------------
[2017-08-28 08:50:46][info] XML_DATA222:{"appid":"wxefc029d4373dcac0","bank_type":"CFT","cash_fee":"3480.00","fee_type":"CNY","is_subscribe":"Y","mch_id":"1244967502","nonce_str":"m5qcap9alroivhrqrlnk4jp08xhx77zt","openid":"orYumuImJ5gZpjiOkb55x3ruzrmc","out_trade_no":"LX-17080108574438701-f","result_code":"SUCCESS","return_code":"SUCCESS","sign":"007C58D60C2004D07A70F5785EF2F8A5","time_end":"20170828085031","total_fee":"3480.00","trade_type":"NATIVE","transaction_id":"4004832001201708288664636900"}
[2017-08-28 08:50:46][info] 收到重复信息，并处理反馈成功！
[2017-08-28 08:50:46][info] success
[2017-08-28 08:50:46][info] 写入结束!!!
[2017-08-28 10:56:30][info] ----------------------------------------
[2017-08-28 10:56:30][info] XML_DATA111:[{appid=>wxefc029d4373dcac0}{bank_type=>CFT}{cash_fee=>569000}{fee_type=>CNY}{is_subscribe=>N}{mch_id=>1244967502}{nonce_str=>hxxapq5qnx8n5jh3u6lnmouwqmdatvt7}{openid=>orYumuJ7EHaL7cgT6PlDGML6Qx3A}{out_trade_no=>LX-17080711463997301-8}{result_code=>SUCCESS}{return_code=>SUCCESS}{sign=>AD1F8092B1AEE80D754AF527FC2C8A5E}{time_end=>20170828105630}{total_fee=>569000}{trade_type=>NATIVE}{transaction_id=>4005482001201708288683489015}]
[2017-08-28 10:56:30][info] k:appid=>wxefc029d4373dcac0
[2017-08-28 10:56:30][info] k:bank_type=>CFT
[2017-08-28 10:56:30][info] k:cash_fee=>569000
[2017-08-28 10:56:30][info] k:fee_type=>CNY
[2017-08-28 10:56:30][info] k:is_subscribe=>N
[2017-08-28 10:56:30][info] k:mch_id=>1244967502
[2017-08-28 10:56:30][info] k:nonce_str=>hxxapq5qnx8n5jh3u6lnmouwqmdatvt7
[2017-08-28 10:56:30][info] k:openid=>orYumuJ7EHaL7cgT6PlDGML6Qx3A
[2017-08-28 10:56:30][info] k:out_trade_no=>LX-17080711463997301-8
[2017-08-28 10:56:30][info] k:result_code=>SUCCESS
[2017-08-28 10:56:30][info] k:return_code=>SUCCESS
[2017-08-28 10:56:30][info] k:sign=>AD1F8092B1AEE80D754AF527FC2C8A5E
[2017-08-28 10:56:30][info] k:time_end=>20170828105630
[2017-08-28 10:56:30][info] k:total_fee=>569000
[2017-08-28 10:56:30][info] k:trade_type=>NATIVE
[2017-08-28 10:56:30][info] k:transaction_id=>4005482001201708288683489015
[2017-08-28 10:56:30][info] ----------------------------------------
[2017-08-28 10:56:30][info] XML_DATA222:{"appid":"wxefc029d4373dcac0","bank_type":"CFT","cash_fee":"5690.00","fee_type":"CNY","is_subscribe":"N","mch_id":"1244967502","nonce_str":"hxxapq5qnx8n5jh3u6lnmouwqmdatvt7","openid":"orYumuJ7EHaL7cgT6PlDGML6Qx3A","out_trade_no":"LX-17080711463997301-8","result_code":"SUCCESS","return_code":"SUCCESS","sign":"AD1F8092B1AEE80D754AF527FC2C8A5E","time_end":"20170828105630","total_fee":"5690.00","trade_type":"NATIVE","transaction_id":"4005482001201708288683489015"}
[2017-08-28 10:56:31][warn] 数据存储成功，并成功返回记录编号18729！
[2017-08-28 10:56:41][info] ----------------------------------------
[2017-08-28 10:56:41][info] XML_DATA111:[{appid=>wxefc029d4373dcac0}{bank_type=>CFT}{cash_fee=>569000}{fee_type=>CNY}{is_subscribe=>N}{mch_id=>1244967502}{nonce_str=>hxxapq5qnx8n5jh3u6lnmouwqmdatvt7}{openid=>orYumuJ7EHaL7cgT6PlDGML6Qx3A}{out_trade_no=>LX-17080711463997301-8}{result_code=>SUCCESS}{return_code=>SUCCESS}{sign=>AD1F8092B1AEE80D754AF527FC2C8A5E}{time_end=>20170828105630}{total_fee=>569000}{trade_type=>NATIVE}{transaction_id=>4005482001201708288683489015}]
[2017-08-28 10:56:41][info] k:appid=>wxefc029d4373dcac0
[2017-08-28 10:56:41][info] k:bank_type=>CFT
[2017-08-28 10:56:41][info] k:cash_fee=>569000
[2017-08-28 10:56:41][info] k:fee_type=>CNY
[2017-08-28 10:56:41][info] k:is_subscribe=>N
[2017-08-28 10:56:41][info] k:mch_id=>1244967502
[2017-08-28 10:56:41][info] k:nonce_str=>hxxapq5qnx8n5jh3u6lnmouwqmdatvt7
[2017-08-28 10:56:41][info] k:openid=>orYumuJ7EHaL7cgT6PlDGML6Qx3A
[2017-08-28 10:56:41][info] k:out_trade_no=>LX-17080711463997301-8
[2017-08-28 10:56:41][info] k:result_code=>SUCCESS
[2017-08-28 10:56:41][info] k:return_code=>SUCCESS
[2017-08-28 10:56:41][info] k:sign=>AD1F8092B1AEE80D754AF527FC2C8A5E
[2017-08-28 10:56:41][info] k:time_end=>20170828105630
[2017-08-28 10:56:41][info] k:total_fee=>569000
[2017-08-28 10:56:41][info] k:trade_type=>NATIVE
[2017-08-28 10:56:41][info] k:transaction_id=>4005482001201708288683489015
[2017-08-28 10:56:41][info] ----------------------------------------
[2017-08-28 10:56:41][info] XML_DATA222:{"appid":"wxefc029d4373dcac0","bank_type":"CFT","cash_fee":"5690.00","fee_type":"CNY","is_subscribe":"N","mch_id":"1244967502","nonce_str":"hxxapq5qnx8n5jh3u6lnmouwqmdatvt7","openid":"orYumuJ7EHaL7cgT6PlDGML6Qx3A","out_trade_no":"LX-17080711463997301-8","result_code":"SUCCESS","return_code":"SUCCESS","sign":"AD1F8092B1AEE80D754AF527FC2C8A5E","time_end":"20170828105630","total_fee":"5690.00","trade_type":"NATIVE","transaction_id":"4005482001201708288683489015"}
[2017-08-28 10:56:41][info] 收到重复信息，并处理反馈成功！
[2017-08-28 10:56:41][info] success
[2017-08-28 10:56:41][info] 写入结束!!!
[2017-08-28 11:28:02][info] ----------------------------------------
[2017-08-28 11:28:02][info] XML_DATA111:[{appid=>wxefc029d4373dcac0}{bank_type=>ICBC_DEBIT}{cash_fee=>957000}{fee_type=>CNY}{is_subscribe=>N}{mch_id=>1244967502}{nonce_str=>o12x38b258qwzrwm6qxv9nb4iufzxdf2}{openid=>orYumuPJRd9msb5WIhPw9xAMZNdU}{out_trade_no=>LX-17081118470612501-2}{result_code=>SUCCESS}{return_code=>SUCCESS}{sign=>B47769B50900104FD9A070FD15085E98}{time_end=>20170828112802}{total_fee=>957000}{trade_type=>NATIVE}{transaction_id=>4000922001201708288689041477}]
[2017-08-28 11:28:02][info] k:appid=>wxefc029d4373dcac0
[2017-08-28 11:28:02][info] k:bank_type=>ICBC_DEBIT
[2017-08-28 11:28:02][info] k:cash_fee=>957000
[2017-08-28 11:28:02][info] k:fee_type=>CNY
[2017-08-28 11:28:02][info] k:is_subscribe=>N
[2017-08-28 11:28:02][info] k:mch_id=>1244967502
[2017-08-28 11:28:02][info] k:nonce_str=>o12x38b258qwzrwm6qxv9nb4iufzxdf2
[2017-08-28 11:28:02][info] k:openid=>orYumuPJRd9msb5WIhPw9xAMZNdU
[2017-08-28 11:28:02][info] k:out_trade_no=>LX-17081118470612501-2
[2017-08-28 11:28:02][info] k:result_code=>SUCCESS
[2017-08-28 11:28:02][info] k:return_code=>SUCCESS
[2017-08-28 11:28:02][info] k:sign=>B47769B50900104FD9A070FD15085E98
[2017-08-28 11:28:02][info] k:time_end=>20170828112802
[2017-08-28 11:28:02][info] k:total_fee=>957000
[2017-08-28 11:28:02][info] k:trade_type=>NATIVE
[2017-08-28 11:28:02][info] k:transaction_id=>4000922001201708288689041477
[2017-08-28 11:28:02][info] ----------------------------------------
[2017-08-28 11:28:02][info] XML_DATA222:{"appid":"wxefc029d4373dcac0","bank_type":"ICBC_DEBIT","cash_fee":"9570.00","fee_type":"CNY","is_subscribe":"N","mch_id":"1244967502","nonce_str":"o12x38b258qwzrwm6qxv9nb4iufzxdf2","openid":"orYumuPJRd9msb5WIhPw9xAMZNdU","out_trade_no":"LX-17081118470612501-2","result_code":"SUCCESS","return_code":"SUCCESS","sign":"B47769B50900104FD9A070FD15085E98","time_end":"20170828112802","total_fee":"9570.00","trade_type":"NATIVE","transaction_id":"4000922001201708288689041477"}
[2017-08-28 11:28:02][warn] 数据存储成功，并成功返回记录编号18730！
[2017-08-28 11:28:15][info] ----------------------------------------
[2017-08-28 11:28:15][info] XML_DATA111:[{appid=>wxefc029d4373dcac0}{bank_type=>ICBC_DEBIT}{cash_fee=>957000}{fee_type=>CNY}{is_subscribe=>N}{mch_id=>1244967502}{nonce_str=>o12x38b258qwzrwm6qxv9nb4iufzxdf2}{openid=>orYumuPJRd9msb5WIhPw9xAMZNdU}{out_trade_no=>LX-17081118470612501-2}{result_code=>SUCCESS}{return_code=>SUCCESS}{sign=>B47769B50900104FD9A070FD15085E98}{time_end=>20170828112802}{total_fee=>957000}{trade_type=>NATIVE}{transaction_id=>4000922001201708288689041477}]
[2017-08-28 11:28:15][info] k:appid=>wxefc029d4373dcac0
[2017-08-28 11:28:15][info] k:bank_type=>ICBC_DEBIT
[2017-08-28 11:28:15][info] k:cash_fee=>957000
[2017-08-28 11:28:15][info] k:fee_type=>CNY
[2017-08-28 11:28:15][info] k:is_subscribe=>N
[2017-08-28 11:28:15][info] k:mch_id=>1244967502
[2017-08-28 11:28:15][info] k:nonce_str=>o12x38b258qwzrwm6qxv9nb4iufzxdf2
[2017-08-28 11:28:15][info] k:openid=>orYumuPJRd9msb5WIhPw9xAMZNdU
[2017-08-28 11:28:15][info] k:out_trade_no=>LX-17081118470612501-2
[2017-08-28 11:28:15][info] k:result_code=>SUCCESS
[2017-08-28 11:28:15][info] k:return_code=>SUCCESS
[2017-08-28 11:28:15][info] k:sign=>B47769B50900104FD9A070FD15085E98
[2017-08-28 11:28:15][info] k:time_end=>20170828112802
[2017-08-28 11:28:15][info] k:total_fee=>957000
[2017-08-28 11:28:15][info] k:trade_type=>NATIVE
[2017-08-28 11:28:15][info] k:transaction_id=>4000922001201708288689041477
[2017-08-28 11:28:15][info] ----------------------------------------
[2017-08-28 11:28:15][info] XML_DATA222:{"appid":"wxefc029d4373dcac0","bank_type":"ICBC_DEBIT","cash_fee":"9570.00","fee_type":"CNY","is_subscribe":"N","mch_id":"1244967502","nonce_str":"o12x38b258qwzrwm6qxv9nb4iufzxdf2","openid":"orYumuPJRd9msb5WIhPw9xAMZNdU","out_trade_no":"LX-17081118470612501-2","result_code":"SUCCESS","return_code":"SUCCESS","sign":"B47769B50900104FD9A070FD15085E98","time_end":"20170828112802","total_fee":"9570.00","trade_type":"NATIVE","transaction_id":"4000922001201708288689041477"}
[2017-08-28 11:28:15][info] 收到重复信息，并处理反馈成功！
[2017-08-28 11:28:15][info] success
[2017-08-28 11:28:15][info] 写入结束!!!
[2017-08-28 12:50:51][info] ----------------------------------------
[2017-08-28 12:50:51][info] XML_DATA111:[{appid=>wxefc029d4373dcac0}{bank_type=>CIB_CREDIT}{cash_fee=>1178000}{fee_type=>CNY}{is_subscribe=>Y}{mch_id=>1244967502}{nonce_str=>cqio31k7efepajqwvi4t0ure7pbjdn4b}{openid=>orYumuLUvKpUUeSPFaka5KESg78s}{out_trade_no=>LX-1708191659119206-0}{result_code=>SUCCESS}{return_code=>SUCCESS}{sign=>D2712CACFCA453C5D01B711A9B3F7F86}{time_end=>20170828125050}{total_fee=>1178000}{trade_type=>NATIVE}{transaction_id=>4000642001201708288707266802}]
[2017-08-28 12:50:51][info] k:appid=>wxefc029d4373dcac0
[2017-08-28 12:50:51][info] k:bank_type=>CIB_CREDIT
[2017-08-28 12:50:51][info] k:cash_fee=>1178000
[2017-08-28 12:50:51][info] k:fee_type=>CNY
[2017-08-28 12:50:51][info] k:is_subscribe=>Y
[2017-08-28 12:50:51][info] k:mch_id=>1244967502
[2017-08-28 12:50:51][info] k:nonce_str=>cqio31k7efepajqwvi4t0ure7pbjdn4b
[2017-08-28 12:50:51][info] k:openid=>orYumuLUvKpUUeSPFaka5KESg78s
[2017-08-28 12:50:51][info] k:out_trade_no=>LX-1708191659119206-0
[2017-08-28 12:50:51][info] k:result_code=>SUCCESS
[2017-08-28 12:50:51][info] k:return_code=>SUCCESS
[2017-08-28 12:50:51][info] k:sign=>D2712CACFCA453C5D01B711A9B3F7F86
[2017-08-28 12:50:51][info] k:time_end=>20170828125050
[2017-08-28 12:50:51][info] k:total_fee=>1178000
[2017-08-28 12:50:51][info] k:trade_type=>NATIVE
[2017-08-28 12:50:51][info] k:transaction_id=>4000642001201708288707266802
[2017-08-28 12:50:51][info] ----------------------------------------
[2017-08-28 12:50:51][info] XML_DATA222:{"appid":"wxefc029d4373dcac0","bank_type":"CIB_CREDIT","cash_fee":"11780.00","fee_type":"CNY","is_subscribe":"Y","mch_id":"1244967502","nonce_str":"cqio31k7efepajqwvi4t0ure7pbjdn4b","openid":"orYumuLUvKpUUeSPFaka5KESg78s","out_trade_no":"LX-1708191659119206-0","result_code":"SUCCESS","return_code":"SUCCESS","sign":"D2712CACFCA453C5D01B711A9B3F7F86","time_end":"20170828125050","total_fee":"11780.00","trade_type":"NATIVE","transaction_id":"4000642001201708288707266802"}
[2017-08-28 12:50:51][warn] 数据存储成功，并成功返回记录编号18731！
[2017-08-28 12:51:07][info] ----------------------------------------
[2017-08-28 12:51:07][info] XML_DATA111:[{appid=>wxefc029d4373dcac0}{bank_type=>CIB_CREDIT}{cash_fee=>1178000}{fee_type=>CNY}{is_subscribe=>Y}{mch_id=>1244967502}{nonce_str=>cqio31k7efepajqwvi4t0ure7pbjdn4b}{openid=>orYumuLUvKpUUeSPFaka5KESg78s}{out_trade_no=>LX-1708191659119206-0}{result_code=>SUCCESS}{return_code=>SUCCESS}{sign=>D2712CACFCA453C5D01B711A9B3F7F86}{time_end=>20170828125050}{total_fee=>1178000}{trade_type=>NATIVE}{transaction_id=>4000642001201708288707266802}]
[2017-08-28 12:51:07][info] k:appid=>wxefc029d4373dcac0
[2017-08-28 12:51:07][info] k:bank_type=>CIB_CREDIT
[2017-08-28 12:51:07][info] k:cash_fee=>1178000
[2017-08-28 12:51:07][info] k:fee_type=>CNY
[2017-08-28 12:51:07][info] k:is_subscribe=>Y
[2017-08-28 12:51:07][info] k:mch_id=>1244967502
[2017-08-28 12:51:07][info] k:nonce_str=>cqio31k7efepajqwvi4t0ure7pbjdn4b
[2017-08-28 12:51:07][info] k:openid=>orYumuLUvKpUUeSPFaka5KESg78s
[2017-08-28 12:51:07][info] k:out_trade_no=>LX-1708191659119206-0
[2017-08-28 12:51:07][info] k:result_code=>SUCCESS
[2017-08-28 12:51:07][info] k:return_code=>SUCCESS
[2017-08-28 12:51:07][info] k:sign=>D2712CACFCA453C5D01B711A9B3F7F86
[2017-08-28 12:51:07][info] k:time_end=>20170828125050
[2017-08-28 12:51:07][info] k:total_fee=>1178000
[2017-08-28 12:51:07][info] k:trade_type=>NATIVE
[2017-08-28 12:51:07][info] k:transaction_id=>4000642001201708288707266802
[2017-08-28 12:51:07][info] ----------------------------------------
[2017-08-28 12:51:07][info] XML_DATA222:{"appid":"wxefc029d4373dcac0","bank_type":"CIB_CREDIT","cash_fee":"11780.00","fee_type":"CNY","is_subscribe":"Y","mch_id":"1244967502","nonce_str":"cqio31k7efepajqwvi4t0ure7pbjdn4b","openid":"orYumuLUvKpUUeSPFaka5KESg78s","out_trade_no":"LX-1708191659119206-0","result_code":"SUCCESS","return_code":"SUCCESS","sign":"D2712CACFCA453C5D01B711A9B3F7F86","time_end":"20170828125050","total_fee":"11780.00","trade_type":"NATIVE","transaction_id":"4000642001201708288707266802"}
[2017-08-28 12:51:07][info] 收到重复信息，并处理反馈成功！
[2017-08-28 12:51:07][info] success
[2017-08-28 12:51:07][info] 写入结束!!!
[2017-08-28 12:51:57][info] ----------------------------------------
[2017-08-28 12:51:57][info] XML_DATA111:[{appid=>wxefc029d4373dcac0}{bank_type=>CIB_CREDIT}{cash_fee=>219000}{fee_type=>CNY}{is_subscribe=>Y}{mch_id=>1244967502}{nonce_str=>mjjkpc0ereqp2xzv4cvrleq6r3obpbv5}{openid=>orYumuLUvKpUUeSPFaka5KESg78s}{out_trade_no=>LX-17082521061379406-3}{result_code=>SUCCESS}{return_code=>SUCCESS}{sign=>10D2F10C91EB45060258ED4E9DAE32CC}{time_end=>20170828125157}{total_fee=>219000}{trade_type=>NATIVE}{transaction_id=>4000642001201708288710701499}]
[2017-08-28 12:51:57][info] k:appid=>wxefc029d4373dcac0
[2017-08-28 12:51:57][info] k:bank_type=>CIB_CREDIT
[2017-08-28 12:51:57][info] k:cash_fee=>219000
[2017-08-28 12:51:57][info] k:fee_type=>CNY
[2017-08-28 12:51:57][info] k:is_subscribe=>Y
[2017-08-28 12:51:57][info] k:mch_id=>1244967502
[2017-08-28 12:51:57][info] k:nonce_str=>mjjkpc0ereqp2xzv4cvrleq6r3obpbv5
[2017-08-28 12:51:57][info] k:openid=>orYumuLUvKpUUeSPFaka5KESg78s
[2017-08-28 12:51:57][info] k:out_trade_no=>LX-17082521061379406-3
[2017-08-28 12:51:57][info] k:result_code=>SUCCESS
[2017-08-28 12:51:57][info] k:return_code=>SUCCESS
[2017-08-28 12:51:57][info] k:sign=>10D2F10C91EB45060258ED4E9DAE32CC
[2017-08-28 12:51:57][info] k:time_end=>20170828125157
[2017-08-28 12:51:57][info] k:total_fee=>219000
[2017-08-28 12:51:57][info] k:trade_type=>NATIVE
[2017-08-28 12:51:57][info] k:transaction_id=>4000642001201708288710701499
[2017-08-28 12:51:57][info] ----------------------------------------
[2017-08-28 12:51:57][info] XML_DATA222:{"appid":"wxefc029d4373dcac0","bank_type":"CIB_CREDIT","cash_fee":"2190.00","fee_type":"CNY","is_subscribe":"Y","mch_id":"1244967502","nonce_str":"mjjkpc0ereqp2xzv4cvrleq6r3obpbv5","openid":"orYumuLUvKpUUeSPFaka5KESg78s","out_trade_no":"LX-17082521061379406-3","result_code":"SUCCESS","return_code":"SUCCESS","sign":"10D2F10C91EB45060258ED4E9DAE32CC","time_end":"20170828125157","total_fee":"2190.00","trade_type":"NATIVE","transaction_id":"4000642001201708288710701499"}
[2017-08-28 12:51:57][warn] 数据存储成功，并成功返回记录编号18732！
[2017-08-28 12:52:11][info] ----------------------------------------
[2017-08-28 12:52:11][info] XML_DATA111:[{appid=>wxefc029d4373dcac0}{bank_type=>CIB_CREDIT}{cash_fee=>219000}{fee_type=>CNY}{is_subscribe=>Y}{mch_id=>1244967502}{nonce_str=>mjjkpc0ereqp2xzv4cvrleq6r3obpbv5}{openid=>orYumuLUvKpUUeSPFaka5KESg78s}{out_trade_no=>LX-17082521061379406-3}{result_code=>SUCCESS}{return_code=>SUCCESS}{sign=>10D2F10C91EB45060258ED4E9DAE32CC}{time_end=>20170828125157}{total_fee=>219000}{trade_type=>NATIVE}{transaction_id=>4000642001201708288710701499}]
[2017-08-28 12:52:11][info] k:appid=>wxefc029d4373dcac0
[2017-08-28 12:52:11][info] k:bank_type=>CIB_CREDIT
[2017-08-28 12:52:11][info] k:cash_fee=>219000
[2017-08-28 12:52:11][info] k:fee_type=>CNY
[2017-08-28 12:52:11][info] k:is_subscribe=>Y
[2017-08-28 12:52:11][info] k:mch_id=>1244967502
[2017-08-28 12:52:11][info] k:nonce_str=>mjjkpc0ereqp2xzv4cvrleq6r3obpbv5
[2017-08-28 12:52:11][info] k:openid=>orYumuLUvKpUUeSPFaka5KESg78s
[2017-08-28 12:52:11][info] k:out_trade_no=>LX-17082521061379406-3
[2017-08-28 12:52:11][info] k:result_code=>SUCCESS
[2017-08-28 12:52:11][info] k:return_code=>SUCCESS
[2017-08-28 12:52:11][info] k:sign=>10D2F10C91EB45060258ED4E9DAE32CC
[2017-08-28 12:52:11][info] k:time_end=>20170828125157
[2017-08-28 12:52:11][info] k:total_fee=>219000
[2017-08-28 12:52:11][info] k:trade_type=>NATIVE
[2017-08-28 12:52:11][info] k:transaction_id=>4000642001201708288710701499
[2017-08-28 12:52:11][info] ----------------------------------------
[2017-08-28 12:52:11][info] XML_DATA222:{"appid":"wxefc029d4373dcac0","bank_type":"CIB_CREDIT","cash_fee":"2190.00","fee_type":"CNY","is_subscribe":"Y","mch_id":"1244967502","nonce_str":"mjjkpc0ereqp2xzv4cvrleq6r3obpbv5","openid":"orYumuLUvKpUUeSPFaka5KESg78s","out_trade_no":"LX-17082521061379406-3","result_code":"SUCCESS","return_code":"SUCCESS","sign":"10D2F10C91EB45060258ED4E9DAE32CC","time_end":"20170828125157","total_fee":"2190.00","trade_type":"NATIVE","transaction_id":"4000642001201708288710701499"}
[2017-08-28 12:52:11][info] 收到重复信息，并处理反馈成功！
[2017-08-28 12:52:11][info] success
[2017-08-28 12:52:11][info] 写入结束!!!
[2017-08-28 17:43:05][info] ----------------------------------------
[2017-08-28 17:43:05][info] XML_DATA111:[{appid=>wxefc029d4373dcac0}{bank_type=>ABC_DEBIT}{cash_fee=>588000}{fee_type=>CNY}{is_subscribe=>N}{mch_id=>1244967502}{nonce_str=>jk67pbbbhf4llkj5mpkx3fmaz939mroj}{openid=>orYumuJpOLt1SQDZ2ih37Bg52TAE}{out_trade_no=>LX-17082511261073101-0}{result_code=>SUCCESS}{return_code=>SUCCESS}{sign=>993EFEDFE076E47992300804472D708B}{time_end=>20170828174305}{total_fee=>588000}{trade_type=>NATIVE}{transaction_id=>4001272001201708288758406866}]
[2017-08-28 17:43:05][info] k:appid=>wxefc029d4373dcac0
[2017-08-28 17:43:05][info] k:bank_type=>ABC_DEBIT
[2017-08-28 17:43:05][info] k:cash_fee=>588000
[2017-08-28 17:43:05][info] k:fee_type=>CNY
[2017-08-28 17:43:05][info] k:is_subscribe=>N
[2017-08-28 17:43:05][info] k:mch_id=>1244967502
[2017-08-28 17:43:05][info] k:nonce_str=>jk67pbbbhf4llkj5mpkx3fmaz939mroj
[2017-08-28 17:43:05][info] k:openid=>orYumuJpOLt1SQDZ2ih37Bg52TAE
[2017-08-28 17:43:05][info] k:out_trade_no=>LX-17082511261073101-0
[2017-08-28 17:43:05][info] k:result_code=>SUCCESS
[2017-08-28 17:43:05][info] k:return_code=>SUCCESS
[2017-08-28 17:43:05][info] k:sign=>993EFEDFE076E47992300804472D708B
[2017-08-28 17:43:05][info] k:time_end=>20170828174305
[2017-08-28 17:43:05][info] k:total_fee=>588000
[2017-08-28 17:43:05][info] k:trade_type=>NATIVE
[2017-08-28 17:43:05][info] k:transaction_id=>4001272001201708288758406866
[2017-08-28 17:43:05][info] ----------------------------------------
[2017-08-28 17:43:05][info] XML_DATA222:{"appid":"wxefc029d4373dcac0","bank_type":"ABC_DEBIT","cash_fee":"5880.00","fee_type":"CNY","is_subscribe":"N","mch_id":"1244967502","nonce_str":"jk67pbbbhf4llkj5mpkx3fmaz939mroj","openid":"orYumuJpOLt1SQDZ2ih37Bg52TAE","out_trade_no":"LX-17082511261073101-0","result_code":"SUCCESS","return_code":"SUCCESS","sign":"993EFEDFE076E47992300804472D708B","time_end":"20170828174305","total_fee":"5880.00","trade_type":"NATIVE","transaction_id":"4001272001201708288758406866"}
[2017-08-28 17:43:06][warn] 数据存储成功，并成功返回记录编号18736！
[2017-08-28 17:43:18][info] ----------------------------------------
[2017-08-28 17:43:18][info] XML_DATA111:[{appid=>wxefc029d4373dcac0}{bank_type=>ABC_DEBIT}{cash_fee=>588000}{fee_type=>CNY}{is_subscribe=>N}{mch_id=>1244967502}{nonce_str=>jk67pbbbhf4llkj5mpkx3fmaz939mroj}{openid=>orYumuJpOLt1SQDZ2ih37Bg52TAE}{out_trade_no=>LX-17082511261073101-0}{result_code=>SUCCESS}{return_code=>SUCCESS}{sign=>993EFEDFE076E47992300804472D708B}{time_end=>20170828174305}{total_fee=>588000}{trade_type=>NATIVE}{transaction_id=>4001272001201708288758406866}]
[2017-08-28 17:43:18][info] k:appid=>wxefc029d4373dcac0
[2017-08-28 17:43:18][info] k:bank_type=>ABC_DEBIT
[2017-08-28 17:43:18][info] k:cash_fee=>588000
[2017-08-28 17:43:18][info] k:fee_type=>CNY
[2017-08-28 17:43:18][info] k:is_subscribe=>N
[2017-08-28 17:43:18][info] k:mch_id=>1244967502
[2017-08-28 17:43:18][info] k:nonce_str=>jk67pbbbhf4llkj5mpkx3fmaz939mroj
[2017-08-28 17:43:18][info] k:openid=>orYumuJpOLt1SQDZ2ih37Bg52TAE
[2017-08-28 17:43:18][info] k:out_trade_no=>LX-17082511261073101-0
[2017-08-28 17:43:18][info] k:result_code=>SUCCESS
[2017-08-28 17:43:18][info] k:return_code=>SUCCESS
[2017-08-28 17:43:18][info] k:sign=>993EFEDFE076E47992300804472D708B
[2017-08-28 17:43:18][info] k:time_end=>20170828174305
[2017-08-28 17:43:18][info] k:total_fee=>588000
[2017-08-28 17:43:18][info] k:trade_type=>NATIVE
[2017-08-28 17:43:18][info] k:transaction_id=>4001272001201708288758406866
[2017-08-28 17:43:18][info] ----------------------------------------
[2017-08-28 17:43:18][info] XML_DATA222:{"appid":"wxefc029d4373dcac0","bank_type":"ABC_DEBIT","cash_fee":"5880.00","fee_type":"CNY","is_subscribe":"N","mch_id":"1244967502","nonce_str":"jk67pbbbhf4llkj5mpkx3fmaz939mroj","openid":"orYumuJpOLt1SQDZ2ih37Bg52TAE","out_trade_no":"LX-17082511261073101-0","result_code":"SUCCESS","return_code":"SUCCESS","sign":"993EFEDFE076E47992300804472D708B","time_end":"20170828174305","total_fee":"5880.00","trade_type":"NATIVE","transaction_id":"4001272001201708288758406866"}
[2017-08-28 17:43:18][info] 收到重复信息，并处理反馈成功！
[2017-08-28 17:43:18][info] success
[2017-08-28 17:43:18][info] 写入结束!!!
