[2017-06-07 14:25:47][info] ----------------------------------------
[2017-06-07 14:25:47][info] XML_DATA111:[{appid=>wxefc029d4373dcac0}{bank_type=>ICBC_DEBIT}{cash_fee=>518000}{fee_type=>CNY}{is_subscribe=>N}{mch_id=>1244967502}{nonce_str=>qjtjmlln8xfrkwjczq5bo4cwcpaw5hy4}{openid=>orYumuLNzUZvmuha9kg2RlwPsZRc}{out_trade_no=>LX-1705041642398401-5}{result_code=>SUCCESS}{return_code=>SUCCESS}{sign=>BEBBF002B28C403F10BFA5908CD98F2D}{time_end=>20170607142547}{total_fee=>518000}{trade_type=>NATIVE}{transaction_id=>4001522001201706074688486221}]
[2017-06-07 14:25:47][info] k:appid=>wxefc029d4373dcac0
[2017-06-07 14:25:47][info] k:bank_type=>ICBC_DEBIT
[2017-06-07 14:25:47][info] k:cash_fee=>518000
[2017-06-07 14:25:47][info] k:fee_type=>CNY
[2017-06-07 14:25:47][info] k:is_subscribe=>N
[2017-06-07 14:25:47][info] k:mch_id=>1244967502
[2017-06-07 14:25:47][info] k:nonce_str=>qjtjmlln8xfrkwjczq5bo4cwcpaw5hy4
[2017-06-07 14:25:47][info] k:openid=>orYumuLNzUZvmuha9kg2RlwPsZRc
[2017-06-07 14:25:47][info] k:out_trade_no=>LX-1705041642398401-5
[2017-06-07 14:25:47][info] k:result_code=>SUCCESS
[2017-06-07 14:25:47][info] k:return_code=>SUCCESS
[2017-06-07 14:25:47][info] k:sign=>BEBBF002B28C403F10BFA5908CD98F2D
[2017-06-07 14:25:47][info] k:time_end=>20170607142547
[2017-06-07 14:25:47][info] k:total_fee=>518000
[2017-06-07 14:25:47][info] k:trade_type=>NATIVE
[2017-06-07 14:25:47][info] k:transaction_id=>4001522001201706074688486221
[2017-06-07 14:25:47][info] ----------------------------------------
[2017-06-07 14:25:47][info] XML_DATA222:{"appid":"wxefc029d4373dcac0","bank_type":"ICBC_DEBIT","cash_fee":"5180.00","fee_type":"CNY","is_subscribe":"N","mch_id":"1244967502","nonce_str":"qjtjmlln8xfrkwjczq5bo4cwcpaw5hy4","openid":"orYumuLNzUZvmuha9kg2RlwPsZRc","out_trade_no":"LX-1705041642398401-5","result_code":"SUCCESS","return_code":"SUCCESS","sign":"BEBBF002B28C403F10BFA5908CD98F2D","time_end":"20170607142547","total_fee":"5180.00","trade_type":"NATIVE","transaction_id":"4001522001201706074688486221"}
[2017-06-07 14:25:48][warn] 数据存储成功，并成功返回记录编号17588！
[2017-06-07 14:25:57][info] ----------------------------------------
[2017-06-07 14:25:57][info] XML_DATA111:[{appid=>wxefc029d4373dcac0}{bank_type=>ICBC_DEBIT}{cash_fee=>518000}{fee_type=>CNY}{is_subscribe=>N}{mch_id=>1244967502}{nonce_str=>qjtjmlln8xfrkwjczq5bo4cwcpaw5hy4}{openid=>orYumuLNzUZvmuha9kg2RlwPsZRc}{out_trade_no=>LX-1705041642398401-5}{result_code=>SUCCESS}{return_code=>SUCCESS}{sign=>BEBBF002B28C403F10BFA5908CD98F2D}{time_end=>20170607142547}{total_fee=>518000}{trade_type=>NATIVE}{transaction_id=>4001522001201706074688486221}]
[2017-06-07 14:25:57][info] k:appid=>wxefc029d4373dcac0
[2017-06-07 14:25:57][info] k:bank_type=>ICBC_DEBIT
[2017-06-07 14:25:57][info] k:cash_fee=>518000
[2017-06-07 14:25:57][info] k:fee_type=>CNY
[2017-06-07 14:25:57][info] k:is_subscribe=>N
[2017-06-07 14:25:57][info] k:mch_id=>1244967502
[2017-06-07 14:25:57][info] k:nonce_str=>qjtjmlln8xfrkwjczq5bo4cwcpaw5hy4
[2017-06-07 14:25:57][info] k:openid=>orYumuLNzUZvmuha9kg2RlwPsZRc
[2017-06-07 14:25:57][info] k:out_trade_no=>LX-1705041642398401-5
[2017-06-07 14:25:57][info] k:result_code=>SUCCESS
[2017-06-07 14:25:57][info] k:return_code=>SUCCESS
[2017-06-07 14:25:57][info] k:sign=>BEBBF002B28C403F10BFA5908CD98F2D
[2017-06-07 14:25:57][info] k:time_end=>20170607142547
[2017-06-07 14:25:57][info] k:total_fee=>518000
[2017-06-07 14:25:57][info] k:trade_type=>NATIVE
[2017-06-07 14:25:57][info] k:transaction_id=>4001522001201706074688486221
[2017-06-07 14:25:57][info] ----------------------------------------
[2017-06-07 14:25:57][info] XML_DATA222:{"appid":"wxefc029d4373dcac0","bank_type":"ICBC_DEBIT","cash_fee":"5180.00","fee_type":"CNY","is_subscribe":"N","mch_id":"1244967502","nonce_str":"qjtjmlln8xfrkwjczq5bo4cwcpaw5hy4","openid":"orYumuLNzUZvmuha9kg2RlwPsZRc","out_trade_no":"LX-1705041642398401-5","result_code":"SUCCESS","return_code":"SUCCESS","sign":"BEBBF002B28C403F10BFA5908CD98F2D","time_end":"20170607142547","total_fee":"5180.00","trade_type":"NATIVE","transaction_id":"4001522001201706074688486221"}
[2017-06-07 14:25:57][info] 收到重复信息，并处理反馈成功！
[2017-06-07 14:25:57][info] success
[2017-06-07 14:25:57][info] 写入结束!!!
[2017-06-07 18:38:18][info] ----------------------------------------
[2017-06-07 18:38:18][info] XML_DATA111:[{appid=>wxefc029d4373dcac0}{bank_type=>BOC_CREDIT}{cash_fee=>228000}{fee_type=>CNY}{is_subscribe=>N}{mch_id=>1244967502}{nonce_str=>unc0qdr1llwjnqxkfhvmeijgh0d82al2}{openid=>orYumuFyvRNcWn26p1BWxE17kROw}{out_trade_no=>LX-17052613531025006-0}{result_code=>SUCCESS}{return_code=>SUCCESS}{sign=>612DEBFD2012A08993910E052F4CC5ED}{time_end=>20170607183817}{total_fee=>228000}{trade_type=>NATIVE}{transaction_id=>4001082001201706074717123092}]
[2017-06-07 18:38:18][info] k:appid=>wxefc029d4373dcac0
[2017-06-07 18:38:18][info] k:bank_type=>BOC_CREDIT
[2017-06-07 18:38:18][info] k:cash_fee=>228000
[2017-06-07 18:38:18][info] k:fee_type=>CNY
[2017-06-07 18:38:18][info] k:is_subscribe=>N
[2017-06-07 18:38:18][info] k:mch_id=>1244967502
[2017-06-07 18:38:18][info] k:nonce_str=>unc0qdr1llwjnqxkfhvmeijgh0d82al2
[2017-06-07 18:38:18][info] k:openid=>orYumuFyvRNcWn26p1BWxE17kROw
[2017-06-07 18:38:18][info] k:out_trade_no=>LX-17052613531025006-0
[2017-06-07 18:38:18][info] k:result_code=>SUCCESS
[2017-06-07 18:38:18][info] k:return_code=>SUCCESS
[2017-06-07 18:38:18][info] k:sign=>612DEBFD2012A08993910E052F4CC5ED
[2017-06-07 18:38:18][info] k:time_end=>20170607183817
[2017-06-07 18:38:18][info] k:total_fee=>228000
[2017-06-07 18:38:18][info] k:trade_type=>NATIVE
[2017-06-07 18:38:18][info] k:transaction_id=>4001082001201706074717123092
[2017-06-07 18:38:18][info] ----------------------------------------
[2017-06-07 18:38:18][info] XML_DATA222:{"appid":"wxefc029d4373dcac0","bank_type":"BOC_CREDIT","cash_fee":"2280.00","fee_type":"CNY","is_subscribe":"N","mch_id":"1244967502","nonce_str":"unc0qdr1llwjnqxkfhvmeijgh0d82al2","openid":"orYumuFyvRNcWn26p1BWxE17kROw","out_trade_no":"LX-17052613531025006-0","result_code":"SUCCESS","return_code":"SUCCESS","sign":"612DEBFD2012A08993910E052F4CC5ED","time_end":"20170607183817","total_fee":"2280.00","trade_type":"NATIVE","transaction_id":"4001082001201706074717123092"}
[2017-06-07 18:38:18][warn] 数据存储成功，并成功返回记录编号17591！
[2017-06-07 18:38:31][info] ----------------------------------------
[2017-06-07 18:38:31][info] XML_DATA111:[{appid=>wxefc029d4373dcac0}{bank_type=>BOC_CREDIT}{cash_fee=>228000}{fee_type=>CNY}{is_subscribe=>N}{mch_id=>1244967502}{nonce_str=>unc0qdr1llwjnqxkfhvmeijgh0d82al2}{openid=>orYumuFyvRNcWn26p1BWxE17kROw}{out_trade_no=>LX-17052613531025006-0}{result_code=>SUCCESS}{return_code=>SUCCESS}{sign=>612DEBFD2012A08993910E052F4CC5ED}{time_end=>20170607183817}{total_fee=>228000}{trade_type=>NATIVE}{transaction_id=>4001082001201706074717123092}]
[2017-06-07 18:38:31][info] k:appid=>wxefc029d4373dcac0
[2017-06-07 18:38:31][info] k:bank_type=>BOC_CREDIT
[2017-06-07 18:38:31][info] k:cash_fee=>228000
[2017-06-07 18:38:31][info] k:fee_type=>CNY
[2017-06-07 18:38:31][info] k:is_subscribe=>N
[2017-06-07 18:38:31][info] k:mch_id=>1244967502
[2017-06-07 18:38:31][info] k:nonce_str=>unc0qdr1llwjnqxkfhvmeijgh0d82al2
[2017-06-07 18:38:31][info] k:openid=>orYumuFyvRNcWn26p1BWxE17kROw
[2017-06-07 18:38:31][info] k:out_trade_no=>LX-17052613531025006-0
[2017-06-07 18:38:31][info] k:result_code=>SUCCESS
[2017-06-07 18:38:31][info] k:return_code=>SUCCESS
[2017-06-07 18:38:31][info] k:sign=>612DEBFD2012A08993910E052F4CC5ED
[2017-06-07 18:38:31][info] k:time_end=>20170607183817
[2017-06-07 18:38:31][info] k:total_fee=>228000
[2017-06-07 18:38:31][info] k:trade_type=>NATIVE
[2017-06-07 18:38:31][info] k:transaction_id=>4001082001201706074717123092
[2017-06-07 18:38:31][info] ----------------------------------------
[2017-06-07 18:38:31][info] XML_DATA222:{"appid":"wxefc029d4373dcac0","bank_type":"BOC_CREDIT","cash_fee":"2280.00","fee_type":"CNY","is_subscribe":"N","mch_id":"1244967502","nonce_str":"unc0qdr1llwjnqxkfhvmeijgh0d82al2","openid":"orYumuFyvRNcWn26p1BWxE17kROw","out_trade_no":"LX-17052613531025006-0","result_code":"SUCCESS","return_code":"SUCCESS","sign":"612DEBFD2012A08993910E052F4CC5ED","time_end":"20170607183817","total_fee":"2280.00","trade_type":"NATIVE","transaction_id":"4001082001201706074717123092"}
[2017-06-07 18:38:31][info] 收到重复信息，并处理反馈成功！
[2017-06-07 18:38:31][info] success
[2017-06-07 18:38:31][info] 写入结束!!!
