[2017-05-16 16:22:44][info] ----------------------------------------
[2017-05-16 16:22:44][info] XML_DATA111:[{appid=>wxefc029d4373dcac0}{bank_type=>CMB_CREDIT}{cash_fee=>696000}{fee_type=>CNY}{is_subscribe=>Y}{mch_id=>1244967502}{nonce_str=>ukc998irh9f1dwfm6j2irmso761dbdka}{openid=>orYumuOHIONIgJrqcaa9iz5lbVGc}{out_trade_no=>LX-17050809254712301-f}{result_code=>SUCCESS}{return_code=>SUCCESS}{sign=>2F54AE605A492E29F9F50C8B4A42F769}{time_end=>20170516162242}{total_fee=>696000}{trade_type=>NATIVE}{transaction_id=>4005742001201705161085036254}]
[2017-05-16 16:22:44][info] k:appid=>wxefc029d4373dcac0
[2017-05-16 16:22:44][info] k:bank_type=>CMB_CREDIT
[2017-05-16 16:22:44][info] k:cash_fee=>696000
[2017-05-16 16:22:44][info] k:fee_type=>CNY
[2017-05-16 16:22:44][info] k:is_subscribe=>Y
[2017-05-16 16:22:44][info] k:mch_id=>1244967502
[2017-05-16 16:22:44][info] k:nonce_str=>ukc998irh9f1dwfm6j2irmso761dbdka
[2017-05-16 16:22:44][info] k:openid=>orYumuOHIONIgJrqcaa9iz5lbVGc
[2017-05-16 16:22:44][info] k:out_trade_no=>LX-17050809254712301-f
[2017-05-16 16:22:44][info] k:result_code=>SUCCESS
[2017-05-16 16:22:44][info] k:return_code=>SUCCESS
[2017-05-16 16:22:44][info] k:sign=>2F54AE605A492E29F9F50C8B4A42F769
[2017-05-16 16:22:44][info] k:time_end=>20170516162242
[2017-05-16 16:22:44][info] k:total_fee=>696000
[2017-05-16 16:22:44][info] k:trade_type=>NATIVE
[2017-05-16 16:22:44][info] k:transaction_id=>4005742001201705161085036254
[2017-05-16 16:22:44][info] ----------------------------------------
[2017-05-16 16:22:44][info] XML_DATA222:{"appid":"wxefc029d4373dcac0","bank_type":"CMB_CREDIT","cash_fee":"6960.00","fee_type":"CNY","is_subscribe":"Y","mch_id":"1244967502","nonce_str":"ukc998irh9f1dwfm6j2irmso761dbdka","openid":"orYumuOHIONIgJrqcaa9iz5lbVGc","out_trade_no":"LX-17050809254712301-f","result_code":"SUCCESS","return_code":"SUCCESS","sign":"2F54AE605A492E29F9F50C8B4A42F769","time_end":"20170516162242","total_fee":"6960.00","trade_type":"NATIVE","transaction_id":"4005742001201705161085036254"}
[2017-05-16 16:22:44][warn] 数据存储成功，并成功返回记录编号17504！
[2017-05-16 16:23:00][info] ----------------------------------------
[2017-05-16 16:23:00][info] XML_DATA111:[{appid=>wxefc029d4373dcac0}{bank_type=>CMB_CREDIT}{cash_fee=>696000}{fee_type=>CNY}{is_subscribe=>Y}{mch_id=>1244967502}{nonce_str=>ukc998irh9f1dwfm6j2irmso761dbdka}{openid=>orYumuOHIONIgJrqcaa9iz5lbVGc}{out_trade_no=>LX-17050809254712301-f}{result_code=>SUCCESS}{return_code=>SUCCESS}{sign=>2F54AE605A492E29F9F50C8B4A42F769}{time_end=>20170516162242}{total_fee=>696000}{trade_type=>NATIVE}{transaction_id=>4005742001201705161085036254}]
[2017-05-16 16:23:00][info] k:appid=>wxefc029d4373dcac0
[2017-05-16 16:23:00][info] k:bank_type=>CMB_CREDIT
[2017-05-16 16:23:00][info] k:cash_fee=>696000
[2017-05-16 16:23:00][info] k:fee_type=>CNY
[2017-05-16 16:23:00][info] k:is_subscribe=>Y
[2017-05-16 16:23:00][info] k:mch_id=>1244967502
[2017-05-16 16:23:00][info] k:nonce_str=>ukc998irh9f1dwfm6j2irmso761dbdka
[2017-05-16 16:23:00][info] k:openid=>orYumuOHIONIgJrqcaa9iz5lbVGc
[2017-05-16 16:23:00][info] k:out_trade_no=>LX-17050809254712301-f
[2017-05-16 16:23:00][info] k:result_code=>SUCCESS
[2017-05-16 16:23:00][info] k:return_code=>SUCCESS
[2017-05-16 16:23:00][info] k:sign=>2F54AE605A492E29F9F50C8B4A42F769
[2017-05-16 16:23:00][info] k:time_end=>20170516162242
[2017-05-16 16:23:00][info] k:total_fee=>696000
[2017-05-16 16:23:00][info] k:trade_type=>NATIVE
[2017-05-16 16:23:00][info] k:transaction_id=>4005742001201705161085036254
[2017-05-16 16:23:00][info] ----------------------------------------
[2017-05-16 16:23:00][info] XML_DATA222:{"appid":"wxefc029d4373dcac0","bank_type":"CMB_CREDIT","cash_fee":"6960.00","fee_type":"CNY","is_subscribe":"Y","mch_id":"1244967502","nonce_str":"ukc998irh9f1dwfm6j2irmso761dbdka","openid":"orYumuOHIONIgJrqcaa9iz5lbVGc","out_trade_no":"LX-17050809254712301-f","result_code":"SUCCESS","return_code":"SUCCESS","sign":"2F54AE605A492E29F9F50C8B4A42F769","time_end":"20170516162242","total_fee":"6960.00","trade_type":"NATIVE","transaction_id":"4005742001201705161085036254"}
[2017-05-16 16:23:00][info] 收到重复信息，并处理反馈成功！
[2017-05-16 16:23:00][info] success
[2017-05-16 16:23:00][info] 写入结束!!!
