[2017-05-27 16:59:26][info] ----------------------------------------
[2017-05-27 16:59:26][info] XML_DATA111:[{appid=>wxefc029d4373dcac0}{bank_type=>CFT}{cash_fee=>149000}{fee_type=>CNY}{is_subscribe=>Y}{mch_id=>1244967502}{nonce_str=>8kmi2h7kgours5p23jc6w2ehc8dcg6gz}{openid=>orYumuC6zwqcaz_spkSevVCiq7j4}{out_trade_no=>LX-17051113414733106-8}{result_code=>SUCCESS}{return_code=>SUCCESS}{sign=>83324A21B271EE6276F4AD4C6446355C}{time_end=>20170527165926}{total_fee=>149000}{trade_type=>NATIVE}{transaction_id=>4009532001201705272861188257}]
[2017-05-27 16:59:26][info] k:appid=>wxefc029d4373dcac0
[2017-05-27 16:59:26][info] k:bank_type=>CFT
[2017-05-27 16:59:26][info] k:cash_fee=>149000
[2017-05-27 16:59:26][info] k:fee_type=>CNY
[2017-05-27 16:59:26][info] k:is_subscribe=>Y
[2017-05-27 16:59:26][info] k:mch_id=>1244967502
[2017-05-27 16:59:26][info] k:nonce_str=>8kmi2h7kgours5p23jc6w2ehc8dcg6gz
[2017-05-27 16:59:26][info] k:openid=>orYumuC6zwqcaz_spkSevVCiq7j4
[2017-05-27 16:59:26][info] k:out_trade_no=>LX-17051113414733106-8
[2017-05-27 16:59:26][info] k:result_code=>SUCCESS
[2017-05-27 16:59:26][info] k:return_code=>SUCCESS
[2017-05-27 16:59:26][info] k:sign=>83324A21B271EE6276F4AD4C6446355C
[2017-05-27 16:59:26][info] k:time_end=>20170527165926
[2017-05-27 16:59:26][info] k:total_fee=>149000
[2017-05-27 16:59:26][info] k:trade_type=>NATIVE
[2017-05-27 16:59:26][info] k:transaction_id=>4009532001201705272861188257
[2017-05-27 16:59:26][info] ----------------------------------------
[2017-05-27 16:59:26][info] XML_DATA222:{"appid":"wxefc029d4373dcac0","bank_type":"CFT","cash_fee":"1490.00","fee_type":"CNY","is_subscribe":"Y","mch_id":"1244967502","nonce_str":"8kmi2h7kgours5p23jc6w2ehc8dcg6gz","openid":"orYumuC6zwqcaz_spkSevVCiq7j4","out_trade_no":"LX-17051113414733106-8","result_code":"SUCCESS","return_code":"SUCCESS","sign":"83324A21B271EE6276F4AD4C6446355C","time_end":"20170527165926","total_fee":"1490.00","trade_type":"NATIVE","transaction_id":"4009532001201705272861188257"}
[2017-05-27 16:59:27][warn] 数据存储成功，并成功返回记录编号17544！
[2017-05-27 16:59:41][info] ----------------------------------------
[2017-05-27 16:59:41][info] XML_DATA111:[{appid=>wxefc029d4373dcac0}{bank_type=>CFT}{cash_fee=>149000}{fee_type=>CNY}{is_subscribe=>Y}{mch_id=>1244967502}{nonce_str=>8kmi2h7kgours5p23jc6w2ehc8dcg6gz}{openid=>orYumuC6zwqcaz_spkSevVCiq7j4}{out_trade_no=>LX-17051113414733106-8}{result_code=>SUCCESS}{return_code=>SUCCESS}{sign=>83324A21B271EE6276F4AD4C6446355C}{time_end=>20170527165926}{total_fee=>149000}{trade_type=>NATIVE}{transaction_id=>4009532001201705272861188257}]
[2017-05-27 16:59:41][info] k:appid=>wxefc029d4373dcac0
[2017-05-27 16:59:41][info] k:bank_type=>CFT
[2017-05-27 16:59:41][info] k:cash_fee=>149000
[2017-05-27 16:59:41][info] k:fee_type=>CNY
[2017-05-27 16:59:41][info] k:is_subscribe=>Y
[2017-05-27 16:59:41][info] k:mch_id=>1244967502
[2017-05-27 16:59:41][info] k:nonce_str=>8kmi2h7kgours5p23jc6w2ehc8dcg6gz
[2017-05-27 16:59:41][info] k:openid=>orYumuC6zwqcaz_spkSevVCiq7j4
[2017-05-27 16:59:41][info] k:out_trade_no=>LX-17051113414733106-8
[2017-05-27 16:59:41][info] k:result_code=>SUCCESS
[2017-05-27 16:59:41][info] k:return_code=>SUCCESS
[2017-05-27 16:59:41][info] k:sign=>83324A21B271EE6276F4AD4C6446355C
[2017-05-27 16:59:41][info] k:time_end=>20170527165926
[2017-05-27 16:59:41][info] k:total_fee=>149000
[2017-05-27 16:59:41][info] k:trade_type=>NATIVE
[2017-05-27 16:59:41][info] k:transaction_id=>4009532001201705272861188257
[2017-05-27 16:59:41][info] ----------------------------------------
[2017-05-27 16:59:41][info] XML_DATA222:{"appid":"wxefc029d4373dcac0","bank_type":"CFT","cash_fee":"1490.00","fee_type":"CNY","is_subscribe":"Y","mch_id":"1244967502","nonce_str":"8kmi2h7kgours5p23jc6w2ehc8dcg6gz","openid":"orYumuC6zwqcaz_spkSevVCiq7j4","out_trade_no":"LX-17051113414733106-8","result_code":"SUCCESS","return_code":"SUCCESS","sign":"83324A21B271EE6276F4AD4C6446355C","time_end":"20170527165926","total_fee":"1490.00","trade_type":"NATIVE","transaction_id":"4009532001201705272861188257"}
[2017-05-27 16:59:42][info] 收到重复信息，并处理反馈成功！
[2017-05-27 16:59:42][info] success
[2017-05-27 16:59:42][info] 写入结束!!!
