[2017-08-13 09:30:41][info] ----------------------------------------
[2017-08-13 09:30:41][info] XML_DATA111:[{appid=>wxefc029d4373dcac0}{bank_type=>CFT}{cash_fee=>318000}{fee_type=>CNY}{is_subscribe=>N}{mch_id=>1244967502}{nonce_str=>53x29p4p2ra9jcer5ec0tw5iknu0ybur}{openid=>orYumuDq-CVD6n-yikj4-PRueBIA}{out_trade_no=>LX-17081220593979006-3}{result_code=>SUCCESS}{return_code=>SUCCESS}{sign=>73AC4FCCE2AAB1434E95CE3F34DC180A}{time_end=>20170813093040}{total_fee=>318000}{trade_type=>NATIVE}{transaction_id=>4003002001201708135957207766}]
[2017-08-13 09:30:41][info] k:appid=>wxefc029d4373dcac0
[2017-08-13 09:30:41][info] k:bank_type=>CFT
[2017-08-13 09:30:41][info] k:cash_fee=>318000
[2017-08-13 09:30:41][info] k:fee_type=>CNY
[2017-08-13 09:30:41][info] k:is_subscribe=>N
[2017-08-13 09:30:41][info] k:mch_id=>1244967502
[2017-08-13 09:30:41][info] k:nonce_str=>53x29p4p2ra9jcer5ec0tw5iknu0ybur
[2017-08-13 09:30:41][info] k:openid=>orYumuDq-CVD6n-yikj4-PRueBIA
[2017-08-13 09:30:41][info] k:out_trade_no=>LX-17081220593979006-3
[2017-08-13 09:30:41][info] k:result_code=>SUCCESS
[2017-08-13 09:30:41][info] k:return_code=>SUCCESS
[2017-08-13 09:30:41][info] k:sign=>73AC4FCCE2AAB1434E95CE3F34DC180A
[2017-08-13 09:30:41][info] k:time_end=>20170813093040
[2017-08-13 09:30:41][info] k:total_fee=>318000
[2017-08-13 09:30:41][info] k:trade_type=>NATIVE
[2017-08-13 09:30:41][info] k:transaction_id=>4003002001201708135957207766
[2017-08-13 09:30:41][info] ----------------------------------------
[2017-08-13 09:30:41][info] XML_DATA222:{"appid":"wxefc029d4373dcac0","bank_type":"CFT","cash_fee":"3180.00","fee_type":"CNY","is_subscribe":"N","mch_id":"1244967502","nonce_str":"53x29p4p2ra9jcer5ec0tw5iknu0ybur","openid":"orYumuDq-CVD6n-yikj4-PRueBIA","out_trade_no":"LX-17081220593979006-3","result_code":"SUCCESS","return_code":"SUCCESS","sign":"73AC4FCCE2AAB1434E95CE3F34DC180A","time_end":"20170813093040","total_fee":"3180.00","trade_type":"NATIVE","transaction_id":"4003002001201708135957207766"}
[2017-08-13 09:30:41][warn] 数据存储成功，并成功返回记录编号18588！
[2017-08-13 09:30:52][info] ----------------------------------------
[2017-08-13 09:30:52][info] XML_DATA111:[{appid=>wxefc029d4373dcac0}{bank_type=>CFT}{cash_fee=>318000}{fee_type=>CNY}{is_subscribe=>N}{mch_id=>1244967502}{nonce_str=>53x29p4p2ra9jcer5ec0tw5iknu0ybur}{openid=>orYumuDq-CVD6n-yikj4-PRueBIA}{out_trade_no=>LX-17081220593979006-3}{result_code=>SUCCESS}{return_code=>SUCCESS}{sign=>73AC4FCCE2AAB1434E95CE3F34DC180A}{time_end=>20170813093040}{total_fee=>318000}{trade_type=>NATIVE}{transaction_id=>4003002001201708135957207766}]
[2017-08-13 09:30:52][info] k:appid=>wxefc029d4373dcac0
[2017-08-13 09:30:52][info] k:bank_type=>CFT
[2017-08-13 09:30:52][info] k:cash_fee=>318000
[2017-08-13 09:30:52][info] k:fee_type=>CNY
[2017-08-13 09:30:52][info] k:is_subscribe=>N
[2017-08-13 09:30:52][info] k:mch_id=>1244967502
[2017-08-13 09:30:52][info] k:nonce_str=>53x29p4p2ra9jcer5ec0tw5iknu0ybur
[2017-08-13 09:30:52][info] k:openid=>orYumuDq-CVD6n-yikj4-PRueBIA
[2017-08-13 09:30:52][info] k:out_trade_no=>LX-17081220593979006-3
[2017-08-13 09:30:52][info] k:result_code=>SUCCESS
[2017-08-13 09:30:52][info] k:return_code=>SUCCESS
[2017-08-13 09:30:52][info] k:sign=>73AC4FCCE2AAB1434E95CE3F34DC180A
[2017-08-13 09:30:52][info] k:time_end=>20170813093040
[2017-08-13 09:30:52][info] k:total_fee=>318000
[2017-08-13 09:30:52][info] k:trade_type=>NATIVE
[2017-08-13 09:30:52][info] k:transaction_id=>4003002001201708135957207766
[2017-08-13 09:30:52][info] ----------------------------------------
[2017-08-13 09:30:52][info] XML_DATA222:{"appid":"wxefc029d4373dcac0","bank_type":"CFT","cash_fee":"3180.00","fee_type":"CNY","is_subscribe":"N","mch_id":"1244967502","nonce_str":"53x29p4p2ra9jcer5ec0tw5iknu0ybur","openid":"orYumuDq-CVD6n-yikj4-PRueBIA","out_trade_no":"LX-17081220593979006-3","result_code":"SUCCESS","return_code":"SUCCESS","sign":"73AC4FCCE2AAB1434E95CE3F34DC180A","time_end":"20170813093040","total_fee":"3180.00","trade_type":"NATIVE","transaction_id":"4003002001201708135957207766"}
[2017-08-13 09:30:52][info] 收到重复信息，并处理反馈成功！
[2017-08-13 09:30:52][info] success
[2017-08-13 09:30:52][info] 写入结束!!!
[2017-08-13 20:48:19][info] ----------------------------------------
[2017-08-13 20:48:19][info] XML_DATA111:[{appid=>wxefc029d4373dcac0}{bank_type=>SPDB_CREDIT}{cash_fee=>328000}{fee_type=>CNY}{is_subscribe=>N}{mch_id=>1244967502}{nonce_str=>ykcjjtb810lqvxfopzq2y6wiyc30bl6p}{openid=>orYumuPzwRXjpaTEnBPeBvj1SqtM}{out_trade_no=>LX-17081316444034601-2}{result_code=>SUCCESS}{return_code=>SUCCESS}{sign=>3B95A380B59A6BEE31877F7C3E5BFC83}{time_end=>20170813204819}{total_fee=>328000}{trade_type=>NATIVE}{transaction_id=>4001282001201708136069300560}]
[2017-08-13 20:48:19][info] k:appid=>wxefc029d4373dcac0
[2017-08-13 20:48:19][info] k:bank_type=>SPDB_CREDIT
[2017-08-13 20:48:19][info] k:cash_fee=>328000
[2017-08-13 20:48:19][info] k:fee_type=>CNY
[2017-08-13 20:48:19][info] k:is_subscribe=>N
[2017-08-13 20:48:19][info] k:mch_id=>1244967502
[2017-08-13 20:48:19][info] k:nonce_str=>ykcjjtb810lqvxfopzq2y6wiyc30bl6p
[2017-08-13 20:48:19][info] k:openid=>orYumuPzwRXjpaTEnBPeBvj1SqtM
[2017-08-13 20:48:19][info] k:out_trade_no=>LX-17081316444034601-2
[2017-08-13 20:48:19][info] k:result_code=>SUCCESS
[2017-08-13 20:48:19][info] k:return_code=>SUCCESS
[2017-08-13 20:48:19][info] k:sign=>3B95A380B59A6BEE31877F7C3E5BFC83
[2017-08-13 20:48:19][info] k:time_end=>20170813204819
[2017-08-13 20:48:19][info] k:total_fee=>328000
[2017-08-13 20:48:19][info] k:trade_type=>NATIVE
[2017-08-13 20:48:19][info] k:transaction_id=>4001282001201708136069300560
[2017-08-13 20:48:19][info] ----------------------------------------
[2017-08-13 20:48:19][info] XML_DATA222:{"appid":"wxefc029d4373dcac0","bank_type":"SPDB_CREDIT","cash_fee":"3280.00","fee_type":"CNY","is_subscribe":"N","mch_id":"1244967502","nonce_str":"ykcjjtb810lqvxfopzq2y6wiyc30bl6p","openid":"orYumuPzwRXjpaTEnBPeBvj1SqtM","out_trade_no":"LX-17081316444034601-2","result_code":"SUCCESS","return_code":"SUCCESS","sign":"3B95A380B59A6BEE31877F7C3E5BFC83","time_end":"20170813204819","total_fee":"3280.00","trade_type":"NATIVE","transaction_id":"4001282001201708136069300560"}
[2017-08-13 20:48:20][warn] 数据存储成功，并成功返回记录编号18593！
[2017-08-13 20:48:32][info] ----------------------------------------
[2017-08-13 20:48:32][info] XML_DATA111:[{appid=>wxefc029d4373dcac0}{bank_type=>SPDB_CREDIT}{cash_fee=>328000}{fee_type=>CNY}{is_subscribe=>N}{mch_id=>1244967502}{nonce_str=>ykcjjtb810lqvxfopzq2y6wiyc30bl6p}{openid=>orYumuPzwRXjpaTEnBPeBvj1SqtM}{out_trade_no=>LX-17081316444034601-2}{result_code=>SUCCESS}{return_code=>SUCCESS}{sign=>3B95A380B59A6BEE31877F7C3E5BFC83}{time_end=>20170813204819}{total_fee=>328000}{trade_type=>NATIVE}{transaction_id=>4001282001201708136069300560}]
[2017-08-13 20:48:32][info] k:appid=>wxefc029d4373dcac0
[2017-08-13 20:48:32][info] k:bank_type=>SPDB_CREDIT
[2017-08-13 20:48:32][info] k:cash_fee=>328000
[2017-08-13 20:48:32][info] k:fee_type=>CNY
[2017-08-13 20:48:32][info] k:is_subscribe=>N
[2017-08-13 20:48:32][info] k:mch_id=>1244967502
[2017-08-13 20:48:32][info] k:nonce_str=>ykcjjtb810lqvxfopzq2y6wiyc30bl6p
[2017-08-13 20:48:32][info] k:openid=>orYumuPzwRXjpaTEnBPeBvj1SqtM
[2017-08-13 20:48:32][info] k:out_trade_no=>LX-17081316444034601-2
[2017-08-13 20:48:32][info] k:result_code=>SUCCESS
[2017-08-13 20:48:32][info] k:return_code=>SUCCESS
[2017-08-13 20:48:32][info] k:sign=>3B95A380B59A6BEE31877F7C3E5BFC83
[2017-08-13 20:48:32][info] k:time_end=>20170813204819
[2017-08-13 20:48:32][info] k:total_fee=>328000
[2017-08-13 20:48:32][info] k:trade_type=>NATIVE
[2017-08-13 20:48:32][info] k:transaction_id=>4001282001201708136069300560
[2017-08-13 20:48:32][info] ----------------------------------------
[2017-08-13 20:48:32][info] XML_DATA222:{"appid":"wxefc029d4373dcac0","bank_type":"SPDB_CREDIT","cash_fee":"3280.00","fee_type":"CNY","is_subscribe":"N","mch_id":"1244967502","nonce_str":"ykcjjtb810lqvxfopzq2y6wiyc30bl6p","openid":"orYumuPzwRXjpaTEnBPeBvj1SqtM","out_trade_no":"LX-17081316444034601-2","result_code":"SUCCESS","return_code":"SUCCESS","sign":"3B95A380B59A6BEE31877F7C3E5BFC83","time_end":"20170813204819","total_fee":"3280.00","trade_type":"NATIVE","transaction_id":"4001282001201708136069300560"}
[2017-08-13 20:48:32][info] 收到重复信息，并处理反馈成功！
[2017-08-13 20:48:32][info] success
[2017-08-13 20:48:32][info] 写入结束!!!
