[2017-09-01 09:57:56][info] ----------------------------------------
[2017-09-01 09:57:56][info] XML_DATA111:[{appid=>wxefc029d4373dcac0}{bank_type=>CFT}{cash_fee=>488000}{fee_type=>CNY}{is_subscribe=>Y}{mch_id=>1244967502}{nonce_str=>gjzxkn50mdlnju93zedn28985j4nsqcw}{openid=>orYumuEoi9ZpSWlg0Rcr0YkxSwFk}{out_trade_no=>LX-17083013082526306-b}{result_code=>SUCCESS}{return_code=>SUCCESS}{sign=>64071EA488B51510C87083ACDB77D29B}{time_end=>20170901095756}{total_fee=>488000}{trade_type=>NATIVE}{transaction_id=>4008282001201709019459427218}]
[2017-09-01 09:57:56][info] k:appid=>wxefc029d4373dcac0
[2017-09-01 09:57:56][info] k:bank_type=>CFT
[2017-09-01 09:57:56][info] k:cash_fee=>488000
[2017-09-01 09:57:56][info] k:fee_type=>CNY
[2017-09-01 09:57:56][info] k:is_subscribe=>Y
[2017-09-01 09:57:56][info] k:mch_id=>1244967502
[2017-09-01 09:57:56][info] k:nonce_str=>gjzxkn50mdlnju93zedn28985j4nsqcw
[2017-09-01 09:57:56][info] k:openid=>orYumuEoi9ZpSWlg0Rcr0YkxSwFk
[2017-09-01 09:57:56][info] k:out_trade_no=>LX-17083013082526306-b
[2017-09-01 09:57:56][info] k:result_code=>SUCCESS
[2017-09-01 09:57:56][info] k:return_code=>SUCCESS
[2017-09-01 09:57:56][info] k:sign=>64071EA488B51510C87083ACDB77D29B
[2017-09-01 09:57:56][info] k:time_end=>20170901095756
[2017-09-01 09:57:56][info] k:total_fee=>488000
[2017-09-01 09:57:56][info] k:trade_type=>NATIVE
[2017-09-01 09:57:56][info] k:transaction_id=>4008282001201709019459427218
[2017-09-01 09:57:56][info] ----------------------------------------
[2017-09-01 09:57:56][info] XML_DATA222:{"appid":"wxefc029d4373dcac0","bank_type":"CFT","cash_fee":"4880.00","fee_type":"CNY","is_subscribe":"Y","mch_id":"1244967502","nonce_str":"gjzxkn50mdlnju93zedn28985j4nsqcw","openid":"orYumuEoi9ZpSWlg0Rcr0YkxSwFk","out_trade_no":"LX-17083013082526306-b","result_code":"SUCCESS","return_code":"SUCCESS","sign":"64071EA488B51510C87083ACDB77D29B","time_end":"20170901095756","total_fee":"4880.00","trade_type":"NATIVE","transaction_id":"4008282001201709019459427218"}
[2017-09-01 09:57:56][warn] 数据存储成功，并成功返回记录编号18786！
[2017-09-01 09:58:09][info] ----------------------------------------
[2017-09-01 09:58:09][info] XML_DATA111:[{appid=>wxefc029d4373dcac0}{bank_type=>CFT}{cash_fee=>488000}{fee_type=>CNY}{is_subscribe=>Y}{mch_id=>1244967502}{nonce_str=>gjzxkn50mdlnju93zedn28985j4nsqcw}{openid=>orYumuEoi9ZpSWlg0Rcr0YkxSwFk}{out_trade_no=>LX-17083013082526306-b}{result_code=>SUCCESS}{return_code=>SUCCESS}{sign=>64071EA488B51510C87083ACDB77D29B}{time_end=>20170901095756}{total_fee=>488000}{trade_type=>NATIVE}{transaction_id=>4008282001201709019459427218}]
[2017-09-01 09:58:09][info] k:appid=>wxefc029d4373dcac0
[2017-09-01 09:58:09][info] k:bank_type=>CFT
[2017-09-01 09:58:09][info] k:cash_fee=>488000
[2017-09-01 09:58:09][info] k:fee_type=>CNY
[2017-09-01 09:58:09][info] k:is_subscribe=>Y
[2017-09-01 09:58:09][info] k:mch_id=>1244967502
[2017-09-01 09:58:09][info] k:nonce_str=>gjzxkn50mdlnju93zedn28985j4nsqcw
[2017-09-01 09:58:09][info] k:openid=>orYumuEoi9ZpSWlg0Rcr0YkxSwFk
[2017-09-01 09:58:09][info] k:out_trade_no=>LX-17083013082526306-b
[2017-09-01 09:58:09][info] k:result_code=>SUCCESS
[2017-09-01 09:58:09][info] k:return_code=>SUCCESS
[2017-09-01 09:58:09][info] k:sign=>64071EA488B51510C87083ACDB77D29B
[2017-09-01 09:58:09][info] k:time_end=>20170901095756
[2017-09-01 09:58:09][info] k:total_fee=>488000
[2017-09-01 09:58:09][info] k:trade_type=>NATIVE
[2017-09-01 09:58:09][info] k:transaction_id=>4008282001201709019459427218
[2017-09-01 09:58:09][info] ----------------------------------------
[2017-09-01 09:58:09][info] XML_DATA222:{"appid":"wxefc029d4373dcac0","bank_type":"CFT","cash_fee":"4880.00","fee_type":"CNY","is_subscribe":"Y","mch_id":"1244967502","nonce_str":"gjzxkn50mdlnju93zedn28985j4nsqcw","openid":"orYumuEoi9ZpSWlg0Rcr0YkxSwFk","out_trade_no":"LX-17083013082526306-b","result_code":"SUCCESS","return_code":"SUCCESS","sign":"64071EA488B51510C87083ACDB77D29B","time_end":"20170901095756","total_fee":"4880.00","trade_type":"NATIVE","transaction_id":"4008282001201709019459427218"}
[2017-09-01 09:58:09][info] 收到重复信息，并处理反馈成功！
[2017-09-01 09:58:09][info] success
[2017-09-01 09:58:09][info] 写入结束!!!
