[2017-06-02 18:48:04][info] ----------------------------------------
[2017-06-02 18:48:04][info] XML_DATA111:[{appid=>wxefc029d4373dcac0}{bank_type=>CCB_DEBIT}{cash_fee=>820000}{fee_type=>CNY}{is_subscribe=>N}{mch_id=>1244967502}{nonce_str=>sgdviaw6d2omtvjtfrqr41lisheqv8mi}{openid=>orYumuByNUVMVc7Dj8FtQ6jylJRc}{out_trade_no=>LX-17052419574779006-0}{result_code=>SUCCESS}{return_code=>SUCCESS}{sign=>56506526FC6095BE9F88D6E098D07A8A}{time_end=>20170602184803}{total_fee=>820000}{trade_type=>NATIVE}{transaction_id=>4009182001201706023920069225}]
[2017-06-02 18:48:04][info] k:appid=>wxefc029d4373dcac0
[2017-06-02 18:48:04][info] k:bank_type=>CCB_DEBIT
[2017-06-02 18:48:04][info] k:cash_fee=>820000
[2017-06-02 18:48:04][info] k:fee_type=>CNY
[2017-06-02 18:48:04][info] k:is_subscribe=>N
[2017-06-02 18:48:04][info] k:mch_id=>1244967502
[2017-06-02 18:48:04][info] k:nonce_str=>sgdviaw6d2omtvjtfrqr41lisheqv8mi
[2017-06-02 18:48:04][info] k:openid=>orYumuByNUVMVc7Dj8FtQ6jylJRc
[2017-06-02 18:48:04][info] k:out_trade_no=>LX-17052419574779006-0
[2017-06-02 18:48:04][info] k:result_code=>SUCCESS
[2017-06-02 18:48:04][info] k:return_code=>SUCCESS
[2017-06-02 18:48:04][info] k:sign=>56506526FC6095BE9F88D6E098D07A8A
[2017-06-02 18:48:04][info] k:time_end=>20170602184803
[2017-06-02 18:48:04][info] k:total_fee=>820000
[2017-06-02 18:48:04][info] k:trade_type=>NATIVE
[2017-06-02 18:48:04][info] k:transaction_id=>4009182001201706023920069225
[2017-06-02 18:48:04][info] ----------------------------------------
[2017-06-02 18:48:04][info] XML_DATA222:{"appid":"wxefc029d4373dcac0","bank_type":"CCB_DEBIT","cash_fee":"8200.00","fee_type":"CNY","is_subscribe":"N","mch_id":"1244967502","nonce_str":"sgdviaw6d2omtvjtfrqr41lisheqv8mi","openid":"orYumuByNUVMVc7Dj8FtQ6jylJRc","out_trade_no":"LX-17052419574779006-0","result_code":"SUCCESS","return_code":"SUCCESS","sign":"56506526FC6095BE9F88D6E098D07A8A","time_end":"20170602184803","total_fee":"8200.00","trade_type":"NATIVE","transaction_id":"4009182001201706023920069225"}
[2017-06-02 18:48:04][warn] 数据存储成功，并成功返回记录编号17566！
[2017-06-02 18:48:14][info] ----------------------------------------
[2017-06-02 18:48:14][info] XML_DATA111:[{appid=>wxefc029d4373dcac0}{bank_type=>CCB_DEBIT}{cash_fee=>820000}{fee_type=>CNY}{is_subscribe=>N}{mch_id=>1244967502}{nonce_str=>sgdviaw6d2omtvjtfrqr41lisheqv8mi}{openid=>orYumuByNUVMVc7Dj8FtQ6jylJRc}{out_trade_no=>LX-17052419574779006-0}{result_code=>SUCCESS}{return_code=>SUCCESS}{sign=>56506526FC6095BE9F88D6E098D07A8A}{time_end=>20170602184803}{total_fee=>820000}{trade_type=>NATIVE}{transaction_id=>4009182001201706023920069225}]
[2017-06-02 18:48:14][info] k:appid=>wxefc029d4373dcac0
[2017-06-02 18:48:14][info] k:bank_type=>CCB_DEBIT
[2017-06-02 18:48:14][info] k:cash_fee=>820000
[2017-06-02 18:48:14][info] k:fee_type=>CNY
[2017-06-02 18:48:14][info] k:is_subscribe=>N
[2017-06-02 18:48:14][info] k:mch_id=>1244967502
[2017-06-02 18:48:14][info] k:nonce_str=>sgdviaw6d2omtvjtfrqr41lisheqv8mi
[2017-06-02 18:48:14][info] k:openid=>orYumuByNUVMVc7Dj8FtQ6jylJRc
[2017-06-02 18:48:14][info] k:out_trade_no=>LX-17052419574779006-0
[2017-06-02 18:48:14][info] k:result_code=>SUCCESS
[2017-06-02 18:48:14][info] k:return_code=>SUCCESS
[2017-06-02 18:48:14][info] k:sign=>56506526FC6095BE9F88D6E098D07A8A
[2017-06-02 18:48:14][info] k:time_end=>20170602184803
[2017-06-02 18:48:14][info] k:total_fee=>820000
[2017-06-02 18:48:14][info] k:trade_type=>NATIVE
[2017-06-02 18:48:14][info] k:transaction_id=>4009182001201706023920069225
[2017-06-02 18:48:14][info] ----------------------------------------
[2017-06-02 18:48:14][info] XML_DATA222:{"appid":"wxefc029d4373dcac0","bank_type":"CCB_DEBIT","cash_fee":"8200.00","fee_type":"CNY","is_subscribe":"N","mch_id":"1244967502","nonce_str":"sgdviaw6d2omtvjtfrqr41lisheqv8mi","openid":"orYumuByNUVMVc7Dj8FtQ6jylJRc","out_trade_no":"LX-17052419574779006-0","result_code":"SUCCESS","return_code":"SUCCESS","sign":"56506526FC6095BE9F88D6E098D07A8A","time_end":"20170602184803","total_fee":"8200.00","trade_type":"NATIVE","transaction_id":"4009182001201706023920069225"}
[2017-06-02 18:48:14][info] 收到重复信息，并处理反馈成功！
[2017-06-02 18:48:14][info] success
[2017-06-02 18:48:14][info] 写入结束!!!
