[2017-08-11 11:41:15][info] ----------------------------------------
[2017-08-11 11:41:15][info] XML_DATA111:[{appid=>wxefc029d4373dcac0}{bank_type=>CCB_DEBIT}{cash_fee=>408000}{fee_type=>CNY}{is_subscribe=>N}{mch_id=>1244967502}{nonce_str=>a64i17u6ekwthcqq9o5qbsdp8qrg67uo}{openid=>orYumuFO_EVNu1YIzvGLhAxpzqf0}{out_trade_no=>LX-17081111251615001-a}{result_code=>SUCCESS}{return_code=>SUCCESS}{sign=>027698CB720DD85E4471A1D3F0EBD041}{time_end=>20170811114115}{total_fee=>408000}{trade_type=>NATIVE}{transaction_id=>4000482001201708115632822585}]
[2017-08-11 11:41:15][info] k:appid=>wxefc029d4373dcac0
[2017-08-11 11:41:15][info] k:bank_type=>CCB_DEBIT
[2017-08-11 11:41:15][info] k:cash_fee=>408000
[2017-08-11 11:41:15][info] k:fee_type=>CNY
[2017-08-11 11:41:15][info] k:is_subscribe=>N
[2017-08-11 11:41:15][info] k:mch_id=>1244967502
[2017-08-11 11:41:15][info] k:nonce_str=>a64i17u6ekwthcqq9o5qbsdp8qrg67uo
[2017-08-11 11:41:15][info] k:openid=>orYumuFO_EVNu1YIzvGLhAxpzqf0
[2017-08-11 11:41:15][info] k:out_trade_no=>LX-17081111251615001-a
[2017-08-11 11:41:15][info] k:result_code=>SUCCESS
[2017-08-11 11:41:15][info] k:return_code=>SUCCESS
[2017-08-11 11:41:15][info] k:sign=>027698CB720DD85E4471A1D3F0EBD041
[2017-08-11 11:41:15][info] k:time_end=>20170811114115
[2017-08-11 11:41:15][info] k:total_fee=>408000
[2017-08-11 11:41:15][info] k:trade_type=>NATIVE
[2017-08-11 11:41:15][info] k:transaction_id=>4000482001201708115632822585
[2017-08-11 11:41:15][info] ----------------------------------------
[2017-08-11 11:41:15][info] XML_DATA222:{"appid":"wxefc029d4373dcac0","bank_type":"CCB_DEBIT","cash_fee":"4080.00","fee_type":"CNY","is_subscribe":"N","mch_id":"1244967502","nonce_str":"a64i17u6ekwthcqq9o5qbsdp8qrg67uo","openid":"orYumuFO_EVNu1YIzvGLhAxpzqf0","out_trade_no":"LX-17081111251615001-a","result_code":"SUCCESS","return_code":"SUCCESS","sign":"027698CB720DD85E4471A1D3F0EBD041","time_end":"20170811114115","total_fee":"4080.00","trade_type":"NATIVE","transaction_id":"4000482001201708115632822585"}
[2017-08-11 11:41:15][warn] 数据存储成功，并成功返回记录编号18574！
[2017-08-11 11:41:25][info] ----------------------------------------
[2017-08-11 11:41:25][info] XML_DATA111:[{appid=>wxefc029d4373dcac0}{bank_type=>CCB_DEBIT}{cash_fee=>408000}{fee_type=>CNY}{is_subscribe=>N}{mch_id=>1244967502}{nonce_str=>a64i17u6ekwthcqq9o5qbsdp8qrg67uo}{openid=>orYumuFO_EVNu1YIzvGLhAxpzqf0}{out_trade_no=>LX-17081111251615001-a}{result_code=>SUCCESS}{return_code=>SUCCESS}{sign=>027698CB720DD85E4471A1D3F0EBD041}{time_end=>20170811114115}{total_fee=>408000}{trade_type=>NATIVE}{transaction_id=>4000482001201708115632822585}]
[2017-08-11 11:41:25][info] k:appid=>wxefc029d4373dcac0
[2017-08-11 11:41:25][info] k:bank_type=>CCB_DEBIT
[2017-08-11 11:41:25][info] k:cash_fee=>408000
[2017-08-11 11:41:25][info] k:fee_type=>CNY
[2017-08-11 11:41:25][info] k:is_subscribe=>N
[2017-08-11 11:41:25][info] k:mch_id=>1244967502
[2017-08-11 11:41:25][info] k:nonce_str=>a64i17u6ekwthcqq9o5qbsdp8qrg67uo
[2017-08-11 11:41:25][info] k:openid=>orYumuFO_EVNu1YIzvGLhAxpzqf0
[2017-08-11 11:41:25][info] k:out_trade_no=>LX-17081111251615001-a
[2017-08-11 11:41:25][info] k:result_code=>SUCCESS
[2017-08-11 11:41:25][info] k:return_code=>SUCCESS
[2017-08-11 11:41:25][info] k:sign=>027698CB720DD85E4471A1D3F0EBD041
[2017-08-11 11:41:25][info] k:time_end=>20170811114115
[2017-08-11 11:41:25][info] k:total_fee=>408000
[2017-08-11 11:41:25][info] k:trade_type=>NATIVE
[2017-08-11 11:41:25][info] k:transaction_id=>4000482001201708115632822585
[2017-08-11 11:41:25][info] ----------------------------------------
[2017-08-11 11:41:25][info] XML_DATA222:{"appid":"wxefc029d4373dcac0","bank_type":"CCB_DEBIT","cash_fee":"4080.00","fee_type":"CNY","is_subscribe":"N","mch_id":"1244967502","nonce_str":"a64i17u6ekwthcqq9o5qbsdp8qrg67uo","openid":"orYumuFO_EVNu1YIzvGLhAxpzqf0","out_trade_no":"LX-17081111251615001-a","result_code":"SUCCESS","return_code":"SUCCESS","sign":"027698CB720DD85E4471A1D3F0EBD041","time_end":"20170811114115","total_fee":"4080.00","trade_type":"NATIVE","transaction_id":"4000482001201708115632822585"}
[2017-08-11 11:41:25][info] 收到重复信息，并处理反馈成功！
[2017-08-11 11:41:25][info] success
[2017-08-11 11:41:25][info] 写入结束!!!
