[2017-07-07 16:33:36][info] ----------------------------------------
[2017-07-07 16:33:36][info] XML_DATA111:[{appid=>wxefc029d4373dcac0}{bank_type=>CFT}{cash_fee=>328000}{fee_type=>CNY}{is_subscribe=>N}{mch_id=>1244967502}{nonce_str=>1smbuzin28tp3pptb7whlybt8ft5zsqp}{openid=>orYumuHxtgpP04vHIQ2i2XU5cqRQ}{out_trade_no=>LX-17060911262934206-4}{result_code=>SUCCESS}{return_code=>SUCCESS}{sign=>FB063B86B11D81E7F1CFC2540C1639FF}{time_end=>20170707163336}{total_fee=>328000}{trade_type=>NATIVE}{transaction_id=>4007752001201707079372689502}]
[2017-07-07 16:33:36][info] k:appid=>wxefc029d4373dcac0
[2017-07-07 16:33:36][info] k:bank_type=>CFT
[2017-07-07 16:33:36][info] k:cash_fee=>328000
[2017-07-07 16:33:36][info] k:fee_type=>CNY
[2017-07-07 16:33:36][info] k:is_subscribe=>N
[2017-07-07 16:33:36][info] k:mch_id=>1244967502
[2017-07-07 16:33:36][info] k:nonce_str=>1smbuzin28tp3pptb7whlybt8ft5zsqp
[2017-07-07 16:33:36][info] k:openid=>orYumuHxtgpP04vHIQ2i2XU5cqRQ
[2017-07-07 16:33:36][info] k:out_trade_no=>LX-17060911262934206-4
[2017-07-07 16:33:36][info] k:result_code=>SUCCESS
[2017-07-07 16:33:36][info] k:return_code=>SUCCESS
[2017-07-07 16:33:36][info] k:sign=>FB063B86B11D81E7F1CFC2540C1639FF
[2017-07-07 16:33:36][info] k:time_end=>20170707163336
[2017-07-07 16:33:36][info] k:total_fee=>328000
[2017-07-07 16:33:36][info] k:trade_type=>NATIVE
[2017-07-07 16:33:36][info] k:transaction_id=>4007752001201707079372689502
[2017-07-07 16:33:36][info] ----------------------------------------
[2017-07-07 16:33:36][info] XML_DATA222:{"appid":"wxefc029d4373dcac0","bank_type":"CFT","cash_fee":"3280.00","fee_type":"CNY","is_subscribe":"N","mch_id":"1244967502","nonce_str":"1smbuzin28tp3pptb7whlybt8ft5zsqp","openid":"orYumuHxtgpP04vHIQ2i2XU5cqRQ","out_trade_no":"LX-17060911262934206-4","result_code":"SUCCESS","return_code":"SUCCESS","sign":"FB063B86B11D81E7F1CFC2540C1639FF","time_end":"20170707163336","total_fee":"3280.00","trade_type":"NATIVE","transaction_id":"4007752001201707079372689502"}
[2017-07-07 16:33:37][warn] 数据存储成功，并成功返回记录编号17883！
[2017-07-07 16:33:48][info] ----------------------------------------
[2017-07-07 16:33:48][info] XML_DATA111:[{appid=>wxefc029d4373dcac0}{bank_type=>CFT}{cash_fee=>328000}{fee_type=>CNY}{is_subscribe=>N}{mch_id=>1244967502}{nonce_str=>1smbuzin28tp3pptb7whlybt8ft5zsqp}{openid=>orYumuHxtgpP04vHIQ2i2XU5cqRQ}{out_trade_no=>LX-17060911262934206-4}{result_code=>SUCCESS}{return_code=>SUCCESS}{sign=>FB063B86B11D81E7F1CFC2540C1639FF}{time_end=>20170707163336}{total_fee=>328000}{trade_type=>NATIVE}{transaction_id=>4007752001201707079372689502}]
[2017-07-07 16:33:48][info] k:appid=>wxefc029d4373dcac0
[2017-07-07 16:33:48][info] k:bank_type=>CFT
[2017-07-07 16:33:48][info] k:cash_fee=>328000
[2017-07-07 16:33:48][info] k:fee_type=>CNY
[2017-07-07 16:33:48][info] k:is_subscribe=>N
[2017-07-07 16:33:48][info] k:mch_id=>1244967502
[2017-07-07 16:33:48][info] k:nonce_str=>1smbuzin28tp3pptb7whlybt8ft5zsqp
[2017-07-07 16:33:48][info] k:openid=>orYumuHxtgpP04vHIQ2i2XU5cqRQ
[2017-07-07 16:33:48][info] k:out_trade_no=>LX-17060911262934206-4
[2017-07-07 16:33:48][info] k:result_code=>SUCCESS
[2017-07-07 16:33:48][info] k:return_code=>SUCCESS
[2017-07-07 16:33:48][info] k:sign=>FB063B86B11D81E7F1CFC2540C1639FF
[2017-07-07 16:33:48][info] k:time_end=>20170707163336
[2017-07-07 16:33:48][info] k:total_fee=>328000
[2017-07-07 16:33:48][info] k:trade_type=>NATIVE
[2017-07-07 16:33:48][info] k:transaction_id=>4007752001201707079372689502
[2017-07-07 16:33:48][info] ----------------------------------------
[2017-07-07 16:33:48][info] XML_DATA222:{"appid":"wxefc029d4373dcac0","bank_type":"CFT","cash_fee":"3280.00","fee_type":"CNY","is_subscribe":"N","mch_id":"1244967502","nonce_str":"1smbuzin28tp3pptb7whlybt8ft5zsqp","openid":"orYumuHxtgpP04vHIQ2i2XU5cqRQ","out_trade_no":"LX-17060911262934206-4","result_code":"SUCCESS","return_code":"SUCCESS","sign":"FB063B86B11D81E7F1CFC2540C1639FF","time_end":"20170707163336","total_fee":"3280.00","trade_type":"NATIVE","transaction_id":"4007752001201707079372689502"}
[2017-07-07 16:33:49][info] 收到重复信息，并处理反馈成功！
[2017-07-07 16:33:49][info] success
[2017-07-07 16:33:49][info] 写入结束!!!
[2017-07-07 17:31:53][info] ----------------------------------------
[2017-07-07 17:31:53][info] XML_DATA111:[{appid=>wxefc029d4373dcac0}{bank_type=>CMB_CREDIT}{cash_fee=>408000}{fee_type=>CNY}{is_subscribe=>N}{mch_id=>1244967502}{nonce_str=>zv01r3yizdjs60mepq0x5scys7qcwi0q}{openid=>orYumuGR9DcLbhNG56_8hS3oDlFw}{out_trade_no=>LX-17070717041899801-8}{result_code=>SUCCESS}{return_code=>SUCCESS}{sign=>8BF2E29E5675E2CE0B5EDD2C4A4487F3}{time_end=>20170707173152}{total_fee=>408000}{trade_type=>NATIVE}{transaction_id=>4005842001201707079375989895}]
[2017-07-07 17:31:53][info] k:appid=>wxefc029d4373dcac0
[2017-07-07 17:31:53][info] k:bank_type=>CMB_CREDIT
[2017-07-07 17:31:53][info] k:cash_fee=>408000
[2017-07-07 17:31:53][info] k:fee_type=>CNY
[2017-07-07 17:31:53][info] k:is_subscribe=>N
[2017-07-07 17:31:53][info] k:mch_id=>1244967502
[2017-07-07 17:31:53][info] k:nonce_str=>zv01r3yizdjs60mepq0x5scys7qcwi0q
[2017-07-07 17:31:53][info] k:openid=>orYumuGR9DcLbhNG56_8hS3oDlFw
[2017-07-07 17:31:53][info] k:out_trade_no=>LX-17070717041899801-8
[2017-07-07 17:31:53][info] k:result_code=>SUCCESS
[2017-07-07 17:31:53][info] k:return_code=>SUCCESS
[2017-07-07 17:31:53][info] k:sign=>8BF2E29E5675E2CE0B5EDD2C4A4487F3
[2017-07-07 17:31:53][info] k:time_end=>20170707173152
[2017-07-07 17:31:53][info] k:total_fee=>408000
[2017-07-07 17:31:53][info] k:trade_type=>NATIVE
[2017-07-07 17:31:53][info] k:transaction_id=>4005842001201707079375989895
[2017-07-07 17:31:53][info] ----------------------------------------
[2017-07-07 17:31:53][info] XML_DATA222:{"appid":"wxefc029d4373dcac0","bank_type":"CMB_CREDIT","cash_fee":"4080.00","fee_type":"CNY","is_subscribe":"N","mch_id":"1244967502","nonce_str":"zv01r3yizdjs60mepq0x5scys7qcwi0q","openid":"orYumuGR9DcLbhNG56_8hS3oDlFw","out_trade_no":"LX-17070717041899801-8","result_code":"SUCCESS","return_code":"SUCCESS","sign":"8BF2E29E5675E2CE0B5EDD2C4A4487F3","time_end":"20170707173152","total_fee":"4080.00","trade_type":"NATIVE","transaction_id":"4005842001201707079375989895"}
[2017-07-07 17:31:53][warn] 数据存储成功，并成功返回记录编号17884！
[2017-07-07 17:32:06][info] ----------------------------------------
[2017-07-07 17:32:06][info] XML_DATA111:[{appid=>wxefc029d4373dcac0}{bank_type=>CMB_CREDIT}{cash_fee=>408000}{fee_type=>CNY}{is_subscribe=>N}{mch_id=>1244967502}{nonce_str=>zv01r3yizdjs60mepq0x5scys7qcwi0q}{openid=>orYumuGR9DcLbhNG56_8hS3oDlFw}{out_trade_no=>LX-17070717041899801-8}{result_code=>SUCCESS}{return_code=>SUCCESS}{sign=>8BF2E29E5675E2CE0B5EDD2C4A4487F3}{time_end=>20170707173152}{total_fee=>408000}{trade_type=>NATIVE}{transaction_id=>4005842001201707079375989895}]
[2017-07-07 17:32:06][info] k:appid=>wxefc029d4373dcac0
[2017-07-07 17:32:06][info] k:bank_type=>CMB_CREDIT
[2017-07-07 17:32:06][info] k:cash_fee=>408000
[2017-07-07 17:32:06][info] k:fee_type=>CNY
[2017-07-07 17:32:06][info] k:is_subscribe=>N
[2017-07-07 17:32:06][info] k:mch_id=>1244967502
[2017-07-07 17:32:06][info] k:nonce_str=>zv01r3yizdjs60mepq0x5scys7qcwi0q
[2017-07-07 17:32:06][info] k:openid=>orYumuGR9DcLbhNG56_8hS3oDlFw
[2017-07-07 17:32:06][info] k:out_trade_no=>LX-17070717041899801-8
[2017-07-07 17:32:06][info] k:result_code=>SUCCESS
[2017-07-07 17:32:06][info] k:return_code=>SUCCESS
[2017-07-07 17:32:06][info] k:sign=>8BF2E29E5675E2CE0B5EDD2C4A4487F3
[2017-07-07 17:32:06][info] k:time_end=>20170707173152
[2017-07-07 17:32:06][info] k:total_fee=>408000
[2017-07-07 17:32:06][info] k:trade_type=>NATIVE
[2017-07-07 17:32:06][info] k:transaction_id=>4005842001201707079375989895
[2017-07-07 17:32:06][info] ----------------------------------------
[2017-07-07 17:32:06][info] XML_DATA222:{"appid":"wxefc029d4373dcac0","bank_type":"CMB_CREDIT","cash_fee":"4080.00","fee_type":"CNY","is_subscribe":"N","mch_id":"1244967502","nonce_str":"zv01r3yizdjs60mepq0x5scys7qcwi0q","openid":"orYumuGR9DcLbhNG56_8hS3oDlFw","out_trade_no":"LX-17070717041899801-8","result_code":"SUCCESS","return_code":"SUCCESS","sign":"8BF2E29E5675E2CE0B5EDD2C4A4487F3","time_end":"20170707173152","total_fee":"4080.00","trade_type":"NATIVE","transaction_id":"4005842001201707079375989895"}
[2017-07-07 17:32:06][info] 收到重复信息，并处理反馈成功！
[2017-07-07 17:32:06][info] success
[2017-07-07 17:32:06][info] 写入结束!!!
[2017-07-07 20:25:40][info] ----------------------------------------
[2017-07-07 20:25:40][info] XML_DATA111:[{appid=>wxefc029d4373dcac0}{bank_type=>CFT}{cash_fee=>1373989}{coupon_count=>1}{coupon_fee=>11}{coupon_fee_0=>11}{coupon_id_0=>2000000000870754294}{fee_type=>CNY}{is_subscribe=>N}{mch_id=>1244967502}{nonce_str=>09y3ba2rbwfk5580ln1xa6lsyv3i5nof}{openid=>orYumuCRLQMnK9Yj81eKsQBEnJlc}{out_trade_no=>LX-17070710563085401-2}{result_code=>SUCCESS}{return_code=>SUCCESS}{sign=>BAB97BD99983E404DE7E41EBB5015218}{time_end=>20170707202540}{total_fee=>1374000}{trade_type=>NATIVE}{transaction_id=>4004862001201707079409048892}]
[2017-07-07 20:25:40][info] k:appid=>wxefc029d4373dcac0
[2017-07-07 20:25:40][info] k:bank_type=>CFT
[2017-07-07 20:25:40][info] k:cash_fee=>1373989
[2017-07-07 20:25:40][info] k:coupon_count=>1
[2017-07-07 20:25:40][info] k:coupon_fee=>11
[2017-07-07 20:25:40][info] k:coupon_fee_0=>11
[2017-07-07 20:25:40][info] k:coupon_id_0=>2000000000870754294
[2017-07-07 20:25:40][info] k:fee_type=>CNY
[2017-07-07 20:25:40][info] k:is_subscribe=>N
[2017-07-07 20:25:40][info] k:mch_id=>1244967502
[2017-07-07 20:25:40][info] k:nonce_str=>09y3ba2rbwfk5580ln1xa6lsyv3i5nof
[2017-07-07 20:25:40][info] k:openid=>orYumuCRLQMnK9Yj81eKsQBEnJlc
[2017-07-07 20:25:40][info] k:out_trade_no=>LX-17070710563085401-2
[2017-07-07 20:25:40][info] k:result_code=>SUCCESS
[2017-07-07 20:25:40][info] k:return_code=>SUCCESS
[2017-07-07 20:25:40][info] k:sign=>BAB97BD99983E404DE7E41EBB5015218
[2017-07-07 20:25:40][info] k:time_end=>20170707202540
[2017-07-07 20:25:40][info] k:total_fee=>1374000
[2017-07-07 20:25:40][info] k:trade_type=>NATIVE
[2017-07-07 20:25:40][info] k:transaction_id=>4004862001201707079409048892
[2017-07-07 20:25:40][info] ----------------------------------------
[2017-07-07 20:25:40][info] XML_DATA222:{"appid":"wxefc029d4373dcac0","bank_type":"CFT","cash_fee":"13739.89","coupon_count":"1","coupon_fee":"11","coupon_fee_0":"11","coupon_id_0":"2000000000870754294","fee_type":"CNY","is_subscribe":"N","mch_id":"1244967502","nonce_str":"09y3ba2rbwfk5580ln1xa6lsyv3i5nof","openid":"orYumuCRLQMnK9Yj81eKsQBEnJlc","out_trade_no":"LX-17070710563085401-2","result_code":"SUCCESS","return_code":"SUCCESS","sign":"BAB97BD99983E404DE7E41EBB5015218","time_end":"20170707202540","total_fee":"13740.00","trade_type":"NATIVE","transaction_id":"4004862001201707079409048892"}
[2017-07-07 20:25:41][warn] 数据存储成功，并成功返回记录编号17886！
[2017-07-07 20:25:56][info] ----------------------------------------
[2017-07-07 20:25:56][info] XML_DATA111:[{appid=>wxefc029d4373dcac0}{bank_type=>CFT}{cash_fee=>1373989}{coupon_count=>1}{coupon_fee=>11}{coupon_fee_0=>11}{coupon_id_0=>2000000000870754294}{fee_type=>CNY}{is_subscribe=>N}{mch_id=>1244967502}{nonce_str=>09y3ba2rbwfk5580ln1xa6lsyv3i5nof}{openid=>orYumuCRLQMnK9Yj81eKsQBEnJlc}{out_trade_no=>LX-17070710563085401-2}{result_code=>SUCCESS}{return_code=>SUCCESS}{sign=>BAB97BD99983E404DE7E41EBB5015218}{time_end=>20170707202540}{total_fee=>1374000}{trade_type=>NATIVE}{transaction_id=>4004862001201707079409048892}]
[2017-07-07 20:25:56][info] k:appid=>wxefc029d4373dcac0
[2017-07-07 20:25:56][info] k:bank_type=>CFT
[2017-07-07 20:25:56][info] k:cash_fee=>1373989
[2017-07-07 20:25:56][info] k:coupon_count=>1
[2017-07-07 20:25:56][info] k:coupon_fee=>11
[2017-07-07 20:25:56][info] k:coupon_fee_0=>11
[2017-07-07 20:25:56][info] k:coupon_id_0=>2000000000870754294
[2017-07-07 20:25:56][info] k:fee_type=>CNY
[2017-07-07 20:25:56][info] k:is_subscribe=>N
[2017-07-07 20:25:56][info] k:mch_id=>1244967502
[2017-07-07 20:25:56][info] k:nonce_str=>09y3ba2rbwfk5580ln1xa6lsyv3i5nof
[2017-07-07 20:25:56][info] k:openid=>orYumuCRLQMnK9Yj81eKsQBEnJlc
[2017-07-07 20:25:56][info] k:out_trade_no=>LX-17070710563085401-2
[2017-07-07 20:25:56][info] k:result_code=>SUCCESS
[2017-07-07 20:25:56][info] k:return_code=>SUCCESS
[2017-07-07 20:25:56][info] k:sign=>BAB97BD99983E404DE7E41EBB5015218
[2017-07-07 20:25:56][info] k:time_end=>20170707202540
[2017-07-07 20:25:56][info] k:total_fee=>1374000
[2017-07-07 20:25:56][info] k:trade_type=>NATIVE
[2017-07-07 20:25:56][info] k:transaction_id=>4004862001201707079409048892
[2017-07-07 20:25:56][info] ----------------------------------------
[2017-07-07 20:25:56][info] XML_DATA222:{"appid":"wxefc029d4373dcac0","bank_type":"CFT","cash_fee":"13739.89","coupon_count":"1","coupon_fee":"11","coupon_fee_0":"11","coupon_id_0":"2000000000870754294","fee_type":"CNY","is_subscribe":"N","mch_id":"1244967502","nonce_str":"09y3ba2rbwfk5580ln1xa6lsyv3i5nof","openid":"orYumuCRLQMnK9Yj81eKsQBEnJlc","out_trade_no":"LX-17070710563085401-2","result_code":"SUCCESS","return_code":"SUCCESS","sign":"BAB97BD99983E404DE7E41EBB5015218","time_end":"20170707202540","total_fee":"13740.00","trade_type":"NATIVE","transaction_id":"4004862001201707079409048892"}
[2017-07-07 20:25:56][info] 收到重复信息，并处理反馈成功！
[2017-07-07 20:25:56][info] success
[2017-07-07 20:25:56][info] 写入结束!!!
[2017-07-07 21:23:44][info] ----------------------------------------
[2017-07-07 21:23:44][info] XML_DATA111:[{appid=>wxefc029d4373dcac0}{bank_type=>CFT}{cash_fee=>320000}{fee_type=>CNY}{is_subscribe=>N}{mch_id=>1244967502}{nonce_str=>ka5shy0rh110risw5ds7se6fukv0rbr1}{openid=>orYumuOw-iEZuWP7578sscrR30Co}{out_trade_no=>LX-17070713095654606-2}{result_code=>SUCCESS}{return_code=>SUCCESS}{sign=>CC017FAD61F636DA174C32B894C7F38E}{time_end=>20170707212344}{total_fee=>320000}{trade_type=>NATIVE}{transaction_id=>4009642001201707079417624877}]
[2017-07-07 21:23:44][info] k:appid=>wxefc029d4373dcac0
[2017-07-07 21:23:44][info] k:bank_type=>CFT
[2017-07-07 21:23:44][info] k:cash_fee=>320000
[2017-07-07 21:23:44][info] k:fee_type=>CNY
[2017-07-07 21:23:44][info] k:is_subscribe=>N
[2017-07-07 21:23:44][info] k:mch_id=>1244967502
[2017-07-07 21:23:44][info] k:nonce_str=>ka5shy0rh110risw5ds7se6fukv0rbr1
[2017-07-07 21:23:44][info] k:openid=>orYumuOw-iEZuWP7578sscrR30Co
[2017-07-07 21:23:44][info] k:out_trade_no=>LX-17070713095654606-2
[2017-07-07 21:23:44][info] k:result_code=>SUCCESS
[2017-07-07 21:23:44][info] k:return_code=>SUCCESS
[2017-07-07 21:23:44][info] k:sign=>CC017FAD61F636DA174C32B894C7F38E
[2017-07-07 21:23:44][info] k:time_end=>20170707212344
[2017-07-07 21:23:44][info] k:total_fee=>320000
[2017-07-07 21:23:44][info] k:trade_type=>NATIVE
[2017-07-07 21:23:44][info] k:transaction_id=>4009642001201707079417624877
[2017-07-07 21:23:44][info] ----------------------------------------
[2017-07-07 21:23:44][info] XML_DATA222:{"appid":"wxefc029d4373dcac0","bank_type":"CFT","cash_fee":"3200.00","fee_type":"CNY","is_subscribe":"N","mch_id":"1244967502","nonce_str":"ka5shy0rh110risw5ds7se6fukv0rbr1","openid":"orYumuOw-iEZuWP7578sscrR30Co","out_trade_no":"LX-17070713095654606-2","result_code":"SUCCESS","return_code":"SUCCESS","sign":"CC017FAD61F636DA174C32B894C7F38E","time_end":"20170707212344","total_fee":"3200.00","trade_type":"NATIVE","transaction_id":"4009642001201707079417624877"}
[2017-07-07 21:23:45][warn] 数据存储成功，并成功返回记录编号17888！
[2017-07-07 21:23:55][info] ----------------------------------------
[2017-07-07 21:23:55][info] XML_DATA111:[{appid=>wxefc029d4373dcac0}{bank_type=>CFT}{cash_fee=>320000}{fee_type=>CNY}{is_subscribe=>N}{mch_id=>1244967502}{nonce_str=>ka5shy0rh110risw5ds7se6fukv0rbr1}{openid=>orYumuOw-iEZuWP7578sscrR30Co}{out_trade_no=>LX-17070713095654606-2}{result_code=>SUCCESS}{return_code=>SUCCESS}{sign=>CC017FAD61F636DA174C32B894C7F38E}{time_end=>20170707212344}{total_fee=>320000}{trade_type=>NATIVE}{transaction_id=>4009642001201707079417624877}]
[2017-07-07 21:23:55][info] k:appid=>wxefc029d4373dcac0
[2017-07-07 21:23:55][info] k:bank_type=>CFT
[2017-07-07 21:23:55][info] k:cash_fee=>320000
[2017-07-07 21:23:55][info] k:fee_type=>CNY
[2017-07-07 21:23:55][info] k:is_subscribe=>N
[2017-07-07 21:23:55][info] k:mch_id=>1244967502
[2017-07-07 21:23:55][info] k:nonce_str=>ka5shy0rh110risw5ds7se6fukv0rbr1
[2017-07-07 21:23:55][info] k:openid=>orYumuOw-iEZuWP7578sscrR30Co
[2017-07-07 21:23:55][info] k:out_trade_no=>LX-17070713095654606-2
[2017-07-07 21:23:55][info] k:result_code=>SUCCESS
[2017-07-07 21:23:55][info] k:return_code=>SUCCESS
[2017-07-07 21:23:55][info] k:sign=>CC017FAD61F636DA174C32B894C7F38E
[2017-07-07 21:23:55][info] k:time_end=>20170707212344
[2017-07-07 21:23:55][info] k:total_fee=>320000
[2017-07-07 21:23:55][info] k:trade_type=>NATIVE
[2017-07-07 21:23:55][info] k:transaction_id=>4009642001201707079417624877
[2017-07-07 21:23:55][info] ----------------------------------------
[2017-07-07 21:23:55][info] XML_DATA222:{"appid":"wxefc029d4373dcac0","bank_type":"CFT","cash_fee":"3200.00","fee_type":"CNY","is_subscribe":"N","mch_id":"1244967502","nonce_str":"ka5shy0rh110risw5ds7se6fukv0rbr1","openid":"orYumuOw-iEZuWP7578sscrR30Co","out_trade_no":"LX-17070713095654606-2","result_code":"SUCCESS","return_code":"SUCCESS","sign":"CC017FAD61F636DA174C32B894C7F38E","time_end":"20170707212344","total_fee":"3200.00","trade_type":"NATIVE","transaction_id":"4009642001201707079417624877"}
[2017-07-07 21:23:55][info] 收到重复信息，并处理反馈成功！
[2017-07-07 21:23:55][info] success
[2017-07-07 21:23:55][info] 写入结束!!!
