[2017-07-20 10:55:08][info] ----------------------------------------
[2017-07-20 10:55:08][info] XML_DATA111:[{appid=>wxefc029d4373dcac0}{bank_type=>CFT}{cash_fee=>517000}{fee_type=>CNY}{is_subscribe=>Y}{mch_id=>1244967502}{nonce_str=>ojocl82wp6nhf9bzox37v883w39r5b2a}{openid=>orYumuDUQUTiQt3O9qzFiGPtBbuY}{out_trade_no=>LX-17072010374128306-4}{result_code=>SUCCESS}{return_code=>SUCCESS}{sign=>996DA91E29F74597933339E91E8D7723}{time_end=>20170720105508}{total_fee=>517000}{trade_type=>NATIVE}{transaction_id=>4006182001201707201690125529}]
[2017-07-20 10:55:08][info] k:appid=>wxefc029d4373dcac0
[2017-07-20 10:55:08][info] k:bank_type=>CFT
[2017-07-20 10:55:08][info] k:cash_fee=>517000
[2017-07-20 10:55:08][info] k:fee_type=>CNY
[2017-07-20 10:55:08][info] k:is_subscribe=>Y
[2017-07-20 10:55:08][info] k:mch_id=>1244967502
[2017-07-20 10:55:08][info] k:nonce_str=>ojocl82wp6nhf9bzox37v883w39r5b2a
[2017-07-20 10:55:08][info] k:openid=>orYumuDUQUTiQt3O9qzFiGPtBbuY
[2017-07-20 10:55:08][info] k:out_trade_no=>LX-17072010374128306-4
[2017-07-20 10:55:08][info] k:result_code=>SUCCESS
[2017-07-20 10:55:08][info] k:return_code=>SUCCESS
[2017-07-20 10:55:08][info] k:sign=>996DA91E29F74597933339E91E8D7723
[2017-07-20 10:55:08][info] k:time_end=>20170720105508
[2017-07-20 10:55:08][info] k:total_fee=>517000
[2017-07-20 10:55:08][info] k:trade_type=>NATIVE
[2017-07-20 10:55:08][info] k:transaction_id=>4006182001201707201690125529
[2017-07-20 10:55:08][info] ----------------------------------------
[2017-07-20 10:55:08][info] XML_DATA222:{"appid":"wxefc029d4373dcac0","bank_type":"CFT","cash_fee":"5170.00","fee_type":"CNY","is_subscribe":"Y","mch_id":"1244967502","nonce_str":"ojocl82wp6nhf9bzox37v883w39r5b2a","openid":"orYumuDUQUTiQt3O9qzFiGPtBbuY","out_trade_no":"LX-17072010374128306-4","result_code":"SUCCESS","return_code":"SUCCESS","sign":"996DA91E29F74597933339E91E8D7723","time_end":"20170720105508","total_fee":"5170.00","trade_type":"NATIVE","transaction_id":"4006182001201707201690125529"}
[2017-07-20 10:55:09][warn] 数据存储成功，并成功返回记录编号18140！
[2017-07-20 10:55:25][info] ----------------------------------------
[2017-07-20 10:55:25][info] XML_DATA111:[{appid=>wxefc029d4373dcac0}{bank_type=>CFT}{cash_fee=>517000}{fee_type=>CNY}{is_subscribe=>Y}{mch_id=>1244967502}{nonce_str=>ojocl82wp6nhf9bzox37v883w39r5b2a}{openid=>orYumuDUQUTiQt3O9qzFiGPtBbuY}{out_trade_no=>LX-17072010374128306-4}{result_code=>SUCCESS}{return_code=>SUCCESS}{sign=>996DA91E29F74597933339E91E8D7723}{time_end=>20170720105508}{total_fee=>517000}{trade_type=>NATIVE}{transaction_id=>4006182001201707201690125529}]
[2017-07-20 10:55:25][info] k:appid=>wxefc029d4373dcac0
[2017-07-20 10:55:25][info] k:bank_type=>CFT
[2017-07-20 10:55:25][info] k:cash_fee=>517000
[2017-07-20 10:55:25][info] k:fee_type=>CNY
[2017-07-20 10:55:25][info] k:is_subscribe=>Y
[2017-07-20 10:55:25][info] k:mch_id=>1244967502
[2017-07-20 10:55:25][info] k:nonce_str=>ojocl82wp6nhf9bzox37v883w39r5b2a
[2017-07-20 10:55:25][info] k:openid=>orYumuDUQUTiQt3O9qzFiGPtBbuY
[2017-07-20 10:55:25][info] k:out_trade_no=>LX-17072010374128306-4
[2017-07-20 10:55:25][info] k:result_code=>SUCCESS
[2017-07-20 10:55:25][info] k:return_code=>SUCCESS
[2017-07-20 10:55:25][info] k:sign=>996DA91E29F74597933339E91E8D7723
[2017-07-20 10:55:25][info] k:time_end=>20170720105508
[2017-07-20 10:55:25][info] k:total_fee=>517000
[2017-07-20 10:55:25][info] k:trade_type=>NATIVE
[2017-07-20 10:55:25][info] k:transaction_id=>4006182001201707201690125529
[2017-07-20 10:55:25][info] ----------------------------------------
[2017-07-20 10:55:25][info] XML_DATA222:{"appid":"wxefc029d4373dcac0","bank_type":"CFT","cash_fee":"5170.00","fee_type":"CNY","is_subscribe":"Y","mch_id":"1244967502","nonce_str":"ojocl82wp6nhf9bzox37v883w39r5b2a","openid":"orYumuDUQUTiQt3O9qzFiGPtBbuY","out_trade_no":"LX-17072010374128306-4","result_code":"SUCCESS","return_code":"SUCCESS","sign":"996DA91E29F74597933339E91E8D7723","time_end":"20170720105508","total_fee":"5170.00","trade_type":"NATIVE","transaction_id":"4006182001201707201690125529"}
[2017-07-20 10:55:25][info] 收到重复信息，并处理反馈成功！
[2017-07-20 10:55:25][info] success
[2017-07-20 10:55:25][info] 写入结束!!!
[2017-07-20 11:53:42][info] ----------------------------------------
[2017-07-20 11:53:42][info] XML_DATA111:[{appid=>wxefc029d4373dcac0}{bank_type=>CFT}{cash_fee=>159000}{fee_type=>CNY}{is_subscribe=>N}{mch_id=>1244967502}{nonce_str=>bbo650d5j0w3zisxj6oe2q3ie33bfn59}{openid=>orYumuCxEjGmwh9WfGRGpEpKA3hk}{out_trade_no=>LX-17072011355716001-c}{result_code=>SUCCESS}{return_code=>SUCCESS}{sign=>69E2B4B99C9B9898078E25DA150FA9D1}{time_end=>20170720115341}{total_fee=>159000}{trade_type=>NATIVE}{transaction_id=>4000092001201707201704141509}]
[2017-07-20 11:53:42][info] k:appid=>wxefc029d4373dcac0
[2017-07-20 11:53:42][info] k:bank_type=>CFT
[2017-07-20 11:53:42][info] k:cash_fee=>159000
[2017-07-20 11:53:42][info] k:fee_type=>CNY
[2017-07-20 11:53:42][info] k:is_subscribe=>N
[2017-07-20 11:53:42][info] k:mch_id=>1244967502
[2017-07-20 11:53:42][info] k:nonce_str=>bbo650d5j0w3zisxj6oe2q3ie33bfn59
[2017-07-20 11:53:42][info] k:openid=>orYumuCxEjGmwh9WfGRGpEpKA3hk
[2017-07-20 11:53:42][info] k:out_trade_no=>LX-17072011355716001-c
[2017-07-20 11:53:42][info] k:result_code=>SUCCESS
[2017-07-20 11:53:42][info] k:return_code=>SUCCESS
[2017-07-20 11:53:42][info] k:sign=>69E2B4B99C9B9898078E25DA150FA9D1
[2017-07-20 11:53:42][info] k:time_end=>20170720115341
[2017-07-20 11:53:42][info] k:total_fee=>159000
[2017-07-20 11:53:42][info] k:trade_type=>NATIVE
[2017-07-20 11:53:42][info] k:transaction_id=>4000092001201707201704141509
[2017-07-20 11:53:42][info] ----------------------------------------
[2017-07-20 11:53:42][info] XML_DATA222:{"appid":"wxefc029d4373dcac0","bank_type":"CFT","cash_fee":"1590.00","fee_type":"CNY","is_subscribe":"N","mch_id":"1244967502","nonce_str":"bbo650d5j0w3zisxj6oe2q3ie33bfn59","openid":"orYumuCxEjGmwh9WfGRGpEpKA3hk","out_trade_no":"LX-17072011355716001-c","result_code":"SUCCESS","return_code":"SUCCESS","sign":"69E2B4B99C9B9898078E25DA150FA9D1","time_end":"20170720115341","total_fee":"1590.00","trade_type":"NATIVE","transaction_id":"4000092001201707201704141509"}
[2017-07-20 11:53:42][warn] 数据存储成功，并成功返回记录编号18142！
[2017-07-20 11:53:59][info] ----------------------------------------
[2017-07-20 11:53:59][info] XML_DATA111:[{appid=>wxefc029d4373dcac0}{bank_type=>CFT}{cash_fee=>159000}{fee_type=>CNY}{is_subscribe=>N}{mch_id=>1244967502}{nonce_str=>bbo650d5j0w3zisxj6oe2q3ie33bfn59}{openid=>orYumuCxEjGmwh9WfGRGpEpKA3hk}{out_trade_no=>LX-17072011355716001-c}{result_code=>SUCCESS}{return_code=>SUCCESS}{sign=>69E2B4B99C9B9898078E25DA150FA9D1}{time_end=>20170720115341}{total_fee=>159000}{trade_type=>NATIVE}{transaction_id=>4000092001201707201704141509}]
[2017-07-20 11:53:59][info] k:appid=>wxefc029d4373dcac0
[2017-07-20 11:53:59][info] k:bank_type=>CFT
[2017-07-20 11:53:59][info] k:cash_fee=>159000
[2017-07-20 11:53:59][info] k:fee_type=>CNY
[2017-07-20 11:53:59][info] k:is_subscribe=>N
[2017-07-20 11:53:59][info] k:mch_id=>1244967502
[2017-07-20 11:53:59][info] k:nonce_str=>bbo650d5j0w3zisxj6oe2q3ie33bfn59
[2017-07-20 11:53:59][info] k:openid=>orYumuCxEjGmwh9WfGRGpEpKA3hk
[2017-07-20 11:53:59][info] k:out_trade_no=>LX-17072011355716001-c
[2017-07-20 11:53:59][info] k:result_code=>SUCCESS
[2017-07-20 11:53:59][info] k:return_code=>SUCCESS
[2017-07-20 11:53:59][info] k:sign=>69E2B4B99C9B9898078E25DA150FA9D1
[2017-07-20 11:53:59][info] k:time_end=>20170720115341
[2017-07-20 11:53:59][info] k:total_fee=>159000
[2017-07-20 11:53:59][info] k:trade_type=>NATIVE
[2017-07-20 11:53:59][info] k:transaction_id=>4000092001201707201704141509
[2017-07-20 11:53:59][info] ----------------------------------------
[2017-07-20 11:53:59][info] XML_DATA222:{"appid":"wxefc029d4373dcac0","bank_type":"CFT","cash_fee":"1590.00","fee_type":"CNY","is_subscribe":"N","mch_id":"1244967502","nonce_str":"bbo650d5j0w3zisxj6oe2q3ie33bfn59","openid":"orYumuCxEjGmwh9WfGRGpEpKA3hk","out_trade_no":"LX-17072011355716001-c","result_code":"SUCCESS","return_code":"SUCCESS","sign":"69E2B4B99C9B9898078E25DA150FA9D1","time_end":"20170720115341","total_fee":"1590.00","trade_type":"NATIVE","transaction_id":"4000092001201707201704141509"}
[2017-07-20 11:53:59][info] 收到重复信息，并处理反馈成功！
[2017-07-20 11:53:59][info] success
[2017-07-20 11:53:59][info] 写入结束!!!
[2017-07-20 22:20:08][info] ----------------------------------------
[2017-07-20 22:20:08][info] XML_DATA111:[{appid=>wxefc029d4373dcac0}{bank_type=>BOC_CREDIT}{cash_fee=>455984}{coupon_count=>1}{coupon_fee=>16}{coupon_fee_0=>16}{coupon_id_0=>2000000001008471194}{fee_type=>CNY}{is_subscribe=>N}{mch_id=>1244967502}{nonce_str=>6vpx3stkkwy2izx592rz2jwxiup31vpd}{openid=>orYumuC224Vtq4Pm0NOPZyh5nPAE}{out_trade_no=>YD-17062616574262501-3}{result_code=>SUCCESS}{return_code=>SUCCESS}{sign=>938E22EE4E5F6E46374289AF2A90DEDF}{time_end=>20170720222008}{total_fee=>456000}{trade_type=>NATIVE}{transaction_id=>4006052001201707201803776097}]
[2017-07-20 22:20:08][info] k:appid=>wxefc029d4373dcac0
[2017-07-20 22:20:08][info] k:bank_type=>BOC_CREDIT
[2017-07-20 22:20:08][info] k:cash_fee=>455984
[2017-07-20 22:20:08][info] k:coupon_count=>1
[2017-07-20 22:20:08][info] k:coupon_fee=>16
[2017-07-20 22:20:08][info] k:coupon_fee_0=>16
[2017-07-20 22:20:08][info] k:coupon_id_0=>2000000001008471194
[2017-07-20 22:20:08][info] k:fee_type=>CNY
[2017-07-20 22:20:08][info] k:is_subscribe=>N
[2017-07-20 22:20:08][info] k:mch_id=>1244967502
[2017-07-20 22:20:08][info] k:nonce_str=>6vpx3stkkwy2izx592rz2jwxiup31vpd
[2017-07-20 22:20:08][info] k:openid=>orYumuC224Vtq4Pm0NOPZyh5nPAE
[2017-07-20 22:20:08][info] k:out_trade_no=>YD-17062616574262501-3
[2017-07-20 22:20:08][info] k:result_code=>SUCCESS
[2017-07-20 22:20:08][info] k:return_code=>SUCCESS
[2017-07-20 22:20:08][info] k:sign=>938E22EE4E5F6E46374289AF2A90DEDF
[2017-07-20 22:20:08][info] k:time_end=>20170720222008
[2017-07-20 22:20:08][info] k:total_fee=>456000
[2017-07-20 22:20:08][info] k:trade_type=>NATIVE
[2017-07-20 22:20:08][info] k:transaction_id=>4006052001201707201803776097
[2017-07-20 22:20:08][info] ----------------------------------------
[2017-07-20 22:20:08][info] XML_DATA222:{"appid":"wxefc029d4373dcac0","bank_type":"BOC_CREDIT","cash_fee":"4559.84","coupon_count":"1","coupon_fee":"16","coupon_fee_0":"16","coupon_id_0":"2000000001008471194","fee_type":"CNY","is_subscribe":"N","mch_id":"1244967502","nonce_str":"6vpx3stkkwy2izx592rz2jwxiup31vpd","openid":"orYumuC224Vtq4Pm0NOPZyh5nPAE","out_trade_no":"YD-17062616574262501-3","result_code":"SUCCESS","return_code":"SUCCESS","sign":"938E22EE4E5F6E46374289AF2A90DEDF","time_end":"20170720222008","total_fee":"4560.00","trade_type":"NATIVE","transaction_id":"4006052001201707201803776097"}
[2017-07-20 22:20:08][warn] 数据存储成功，并成功返回记录编号18153！
[2017-07-20 22:20:22][info] ----------------------------------------
[2017-07-20 22:20:22][info] XML_DATA111:[{appid=>wxefc029d4373dcac0}{bank_type=>BOC_CREDIT}{cash_fee=>455984}{coupon_count=>1}{coupon_fee=>16}{coupon_fee_0=>16}{coupon_id_0=>2000000001008471194}{fee_type=>CNY}{is_subscribe=>N}{mch_id=>1244967502}{nonce_str=>6vpx3stkkwy2izx592rz2jwxiup31vpd}{openid=>orYumuC224Vtq4Pm0NOPZyh5nPAE}{out_trade_no=>YD-17062616574262501-3}{result_code=>SUCCESS}{return_code=>SUCCESS}{sign=>938E22EE4E5F6E46374289AF2A90DEDF}{time_end=>20170720222008}{total_fee=>456000}{trade_type=>NATIVE}{transaction_id=>4006052001201707201803776097}]
[2017-07-20 22:20:22][info] k:appid=>wxefc029d4373dcac0
[2017-07-20 22:20:22][info] k:bank_type=>BOC_CREDIT
[2017-07-20 22:20:22][info] k:cash_fee=>455984
[2017-07-20 22:20:22][info] k:coupon_count=>1
[2017-07-20 22:20:22][info] k:coupon_fee=>16
[2017-07-20 22:20:22][info] k:coupon_fee_0=>16
[2017-07-20 22:20:22][info] k:coupon_id_0=>2000000001008471194
[2017-07-20 22:20:22][info] k:fee_type=>CNY
[2017-07-20 22:20:22][info] k:is_subscribe=>N
[2017-07-20 22:20:22][info] k:mch_id=>1244967502
[2017-07-20 22:20:22][info] k:nonce_str=>6vpx3stkkwy2izx592rz2jwxiup31vpd
[2017-07-20 22:20:22][info] k:openid=>orYumuC224Vtq4Pm0NOPZyh5nPAE
[2017-07-20 22:20:22][info] k:out_trade_no=>YD-17062616574262501-3
[2017-07-20 22:20:22][info] k:result_code=>SUCCESS
[2017-07-20 22:20:22][info] k:return_code=>SUCCESS
[2017-07-20 22:20:22][info] k:sign=>938E22EE4E5F6E46374289AF2A90DEDF
[2017-07-20 22:20:22][info] k:time_end=>20170720222008
[2017-07-20 22:20:22][info] k:total_fee=>456000
[2017-07-20 22:20:22][info] k:trade_type=>NATIVE
[2017-07-20 22:20:22][info] k:transaction_id=>4006052001201707201803776097
[2017-07-20 22:20:22][info] ----------------------------------------
[2017-07-20 22:20:22][info] XML_DATA222:{"appid":"wxefc029d4373dcac0","bank_type":"BOC_CREDIT","cash_fee":"4559.84","coupon_count":"1","coupon_fee":"16","coupon_fee_0":"16","coupon_id_0":"2000000001008471194","fee_type":"CNY","is_subscribe":"N","mch_id":"1244967502","nonce_str":"6vpx3stkkwy2izx592rz2jwxiup31vpd","openid":"orYumuC224Vtq4Pm0NOPZyh5nPAE","out_trade_no":"YD-17062616574262501-3","result_code":"SUCCESS","return_code":"SUCCESS","sign":"938E22EE4E5F6E46374289AF2A90DEDF","time_end":"20170720222008","total_fee":"4560.00","trade_type":"NATIVE","transaction_id":"4006052001201707201803776097"}
[2017-07-20 22:20:22][info] 收到重复信息，并处理反馈成功！
[2017-07-20 22:20:22][info] success
[2017-07-20 22:20:22][info] 写入结束!!!
