[2017-07-10 08:21:02][info] ----------------------------------------
[2017-07-10 08:21:02][info] XML_DATA111:[{appid=>wxefc029d4373dcac0}{bank_type=>CMBC_DEBIT}{cash_fee=>1890000}{fee_type=>CNY}{is_subscribe=>N}{mch_id=>1244967502}{nonce_str=>ecowb8p9heuy7jz6hcrkfqsw99xed534}{openid=>orYumuPMzdrNIfUtQSiFrssVa0Mw}{out_trade_no=>LX-17070820514261706-e}{result_code=>SUCCESS}{return_code=>SUCCESS}{sign=>EB1FC3D24151AF4347648898ACE4FC6F}{time_end=>20170710082102}{total_fee=>1890000}{trade_type=>NATIVE}{transaction_id=>4007542001201707109871517564}]
[2017-07-10 08:21:02][info] k:appid=>wxefc029d4373dcac0
[2017-07-10 08:21:02][info] k:bank_type=>CMBC_DEBIT
[2017-07-10 08:21:02][info] k:cash_fee=>1890000
[2017-07-10 08:21:02][info] k:fee_type=>CNY
[2017-07-10 08:21:02][info] k:is_subscribe=>N
[2017-07-10 08:21:02][info] k:mch_id=>1244967502
[2017-07-10 08:21:02][info] k:nonce_str=>ecowb8p9heuy7jz6hcrkfqsw99xed534
[2017-07-10 08:21:02][info] k:openid=>orYumuPMzdrNIfUtQSiFrssVa0Mw
[2017-07-10 08:21:02][info] k:out_trade_no=>LX-17070820514261706-e
[2017-07-10 08:21:02][info] k:result_code=>SUCCESS
[2017-07-10 08:21:02][info] k:return_code=>SUCCESS
[2017-07-10 08:21:02][info] k:sign=>EB1FC3D24151AF4347648898ACE4FC6F
[2017-07-10 08:21:02][info] k:time_end=>20170710082102
[2017-07-10 08:21:02][info] k:total_fee=>1890000
[2017-07-10 08:21:02][info] k:trade_type=>NATIVE
[2017-07-10 08:21:02][info] k:transaction_id=>4007542001201707109871517564
[2017-07-10 08:21:02][info] ----------------------------------------
[2017-07-10 08:21:02][info] XML_DATA222:{"appid":"wxefc029d4373dcac0","bank_type":"CMBC_DEBIT","cash_fee":"18900.00","fee_type":"CNY","is_subscribe":"N","mch_id":"1244967502","nonce_str":"ecowb8p9heuy7jz6hcrkfqsw99xed534","openid":"orYumuPMzdrNIfUtQSiFrssVa0Mw","out_trade_no":"LX-17070820514261706-e","result_code":"SUCCESS","return_code":"SUCCESS","sign":"EB1FC3D24151AF4347648898ACE4FC6F","time_end":"20170710082102","total_fee":"18900.00","trade_type":"NATIVE","transaction_id":"4007542001201707109871517564"}
[2017-07-10 08:21:02][warn] 数据存储成功，并成功返回记录编号17922！
[2017-07-10 08:21:12][info] ----------------------------------------
[2017-07-10 08:21:12][info] XML_DATA111:[{appid=>wxefc029d4373dcac0}{bank_type=>CMBC_DEBIT}{cash_fee=>1890000}{fee_type=>CNY}{is_subscribe=>N}{mch_id=>1244967502}{nonce_str=>ecowb8p9heuy7jz6hcrkfqsw99xed534}{openid=>orYumuPMzdrNIfUtQSiFrssVa0Mw}{out_trade_no=>LX-17070820514261706-e}{result_code=>SUCCESS}{return_code=>SUCCESS}{sign=>EB1FC3D24151AF4347648898ACE4FC6F}{time_end=>20170710082102}{total_fee=>1890000}{trade_type=>NATIVE}{transaction_id=>4007542001201707109871517564}]
[2017-07-10 08:21:12][info] k:appid=>wxefc029d4373dcac0
[2017-07-10 08:21:12][info] k:bank_type=>CMBC_DEBIT
[2017-07-10 08:21:12][info] k:cash_fee=>1890000
[2017-07-10 08:21:12][info] k:fee_type=>CNY
[2017-07-10 08:21:12][info] k:is_subscribe=>N
[2017-07-10 08:21:12][info] k:mch_id=>1244967502
[2017-07-10 08:21:12][info] k:nonce_str=>ecowb8p9heuy7jz6hcrkfqsw99xed534
[2017-07-10 08:21:12][info] k:openid=>orYumuPMzdrNIfUtQSiFrssVa0Mw
[2017-07-10 08:21:12][info] k:out_trade_no=>LX-17070820514261706-e
[2017-07-10 08:21:12][info] k:result_code=>SUCCESS
[2017-07-10 08:21:12][info] k:return_code=>SUCCESS
[2017-07-10 08:21:12][info] k:sign=>EB1FC3D24151AF4347648898ACE4FC6F
[2017-07-10 08:21:12][info] k:time_end=>20170710082102
[2017-07-10 08:21:12][info] k:total_fee=>1890000
[2017-07-10 08:21:12][info] k:trade_type=>NATIVE
[2017-07-10 08:21:12][info] k:transaction_id=>4007542001201707109871517564
[2017-07-10 08:21:12][info] ----------------------------------------
[2017-07-10 08:21:12][info] XML_DATA222:{"appid":"wxefc029d4373dcac0","bank_type":"CMBC_DEBIT","cash_fee":"18900.00","fee_type":"CNY","is_subscribe":"N","mch_id":"1244967502","nonce_str":"ecowb8p9heuy7jz6hcrkfqsw99xed534","openid":"orYumuPMzdrNIfUtQSiFrssVa0Mw","out_trade_no":"LX-17070820514261706-e","result_code":"SUCCESS","return_code":"SUCCESS","sign":"EB1FC3D24151AF4347648898ACE4FC6F","time_end":"20170710082102","total_fee":"18900.00","trade_type":"NATIVE","transaction_id":"4007542001201707109871517564"}
[2017-07-10 08:21:12][info] 收到重复信息，并处理反馈成功！
[2017-07-10 08:21:12][info] success
[2017-07-10 08:21:12][info] 写入结束!!!
[2017-07-10 12:35:45][info] ----------------------------------------
[2017-07-10 12:35:45][info] XML_DATA111:[{appid=>wxefc029d4373dcac0}{bank_type=>CFT}{cash_fee=>225000}{fee_type=>CNY}{is_subscribe=>N}{mch_id=>1244967502}{nonce_str=>efi63vrefqyhek0n20voix1bhoxnn19r}{openid=>orYumuCRLQMnK9Yj81eKsQBEnJlc}{out_trade_no=>LX-17070922194351506-0}{result_code=>SUCCESS}{return_code=>SUCCESS}{sign=>0B412F3D078B9426349F6C0F6086F6F6}{time_end=>20170710123544}{total_fee=>225000}{trade_type=>NATIVE}{transaction_id=>4004862001201707109916607352}]
[2017-07-10 12:35:45][info] k:appid=>wxefc029d4373dcac0
[2017-07-10 12:35:45][info] k:bank_type=>CFT
[2017-07-10 12:35:45][info] k:cash_fee=>225000
[2017-07-10 12:35:45][info] k:fee_type=>CNY
[2017-07-10 12:35:45][info] k:is_subscribe=>N
[2017-07-10 12:35:45][info] k:mch_id=>1244967502
[2017-07-10 12:35:45][info] k:nonce_str=>efi63vrefqyhek0n20voix1bhoxnn19r
[2017-07-10 12:35:45][info] k:openid=>orYumuCRLQMnK9Yj81eKsQBEnJlc
[2017-07-10 12:35:45][info] k:out_trade_no=>LX-17070922194351506-0
[2017-07-10 12:35:45][info] k:result_code=>SUCCESS
[2017-07-10 12:35:45][info] k:return_code=>SUCCESS
[2017-07-10 12:35:45][info] k:sign=>0B412F3D078B9426349F6C0F6086F6F6
[2017-07-10 12:35:45][info] k:time_end=>20170710123544
[2017-07-10 12:35:45][info] k:total_fee=>225000
[2017-07-10 12:35:45][info] k:trade_type=>NATIVE
[2017-07-10 12:35:45][info] k:transaction_id=>4004862001201707109916607352
[2017-07-10 12:35:45][info] ----------------------------------------
[2017-07-10 12:35:45][info] XML_DATA222:{"appid":"wxefc029d4373dcac0","bank_type":"CFT","cash_fee":"2250.00","fee_type":"CNY","is_subscribe":"N","mch_id":"1244967502","nonce_str":"efi63vrefqyhek0n20voix1bhoxnn19r","openid":"orYumuCRLQMnK9Yj81eKsQBEnJlc","out_trade_no":"LX-17070922194351506-0","result_code":"SUCCESS","return_code":"SUCCESS","sign":"0B412F3D078B9426349F6C0F6086F6F6","time_end":"20170710123544","total_fee":"2250.00","trade_type":"NATIVE","transaction_id":"4004862001201707109916607352"}
[2017-07-10 12:35:45][warn] 数据存储成功，并成功返回记录编号17929！
[2017-07-10 12:35:56][info] ----------------------------------------
[2017-07-10 12:35:56][info] XML_DATA111:[{appid=>wxefc029d4373dcac0}{bank_type=>CFT}{cash_fee=>225000}{fee_type=>CNY}{is_subscribe=>N}{mch_id=>1244967502}{nonce_str=>efi63vrefqyhek0n20voix1bhoxnn19r}{openid=>orYumuCRLQMnK9Yj81eKsQBEnJlc}{out_trade_no=>LX-17070922194351506-0}{result_code=>SUCCESS}{return_code=>SUCCESS}{sign=>0B412F3D078B9426349F6C0F6086F6F6}{time_end=>20170710123544}{total_fee=>225000}{trade_type=>NATIVE}{transaction_id=>4004862001201707109916607352}]
[2017-07-10 12:35:56][info] k:appid=>wxefc029d4373dcac0
[2017-07-10 12:35:56][info] k:bank_type=>CFT
[2017-07-10 12:35:56][info] k:cash_fee=>225000
[2017-07-10 12:35:56][info] k:fee_type=>CNY
[2017-07-10 12:35:56][info] k:is_subscribe=>N
[2017-07-10 12:35:56][info] k:mch_id=>1244967502
[2017-07-10 12:35:56][info] k:nonce_str=>efi63vrefqyhek0n20voix1bhoxnn19r
[2017-07-10 12:35:56][info] k:openid=>orYumuCRLQMnK9Yj81eKsQBEnJlc
[2017-07-10 12:35:56][info] k:out_trade_no=>LX-17070922194351506-0
[2017-07-10 12:35:56][info] k:result_code=>SUCCESS
[2017-07-10 12:35:56][info] k:return_code=>SUCCESS
[2017-07-10 12:35:56][info] k:sign=>0B412F3D078B9426349F6C0F6086F6F6
[2017-07-10 12:35:56][info] k:time_end=>20170710123544
[2017-07-10 12:35:56][info] k:total_fee=>225000
[2017-07-10 12:35:56][info] k:trade_type=>NATIVE
[2017-07-10 12:35:56][info] k:transaction_id=>4004862001201707109916607352
[2017-07-10 12:35:56][info] ----------------------------------------
[2017-07-10 12:35:56][info] XML_DATA222:{"appid":"wxefc029d4373dcac0","bank_type":"CFT","cash_fee":"2250.00","fee_type":"CNY","is_subscribe":"N","mch_id":"1244967502","nonce_str":"efi63vrefqyhek0n20voix1bhoxnn19r","openid":"orYumuCRLQMnK9Yj81eKsQBEnJlc","out_trade_no":"LX-17070922194351506-0","result_code":"SUCCESS","return_code":"SUCCESS","sign":"0B412F3D078B9426349F6C0F6086F6F6","time_end":"20170710123544","total_fee":"2250.00","trade_type":"NATIVE","transaction_id":"4004862001201707109916607352"}
[2017-07-10 12:35:56][info] 收到重复信息，并处理反馈成功！
[2017-07-10 12:35:56][info] success
[2017-07-10 12:35:56][info] 写入结束!!!
[2017-07-10 17:31:56][info] ----------------------------------------
[2017-07-10 17:31:56][info] XML_DATA111:[{appid=>wxefc029d4373dcac0}{bank_type=>CIB_DEBIT}{cash_fee=>1333000}{fee_type=>CNY}{is_subscribe=>N}{mch_id=>1244967502}{nonce_str=>5vm5vam6avqtyi6yprr70mb3vyl5sr2p}{openid=>orYumuLrGnKFiTkXLcj7nz5JQYj8}{out_trade_no=>LX-17071016510587306-5}{result_code=>SUCCESS}{return_code=>SUCCESS}{sign=>38A10BEE3E76CF582586D937D5D9E232}{time_end=>20170710173155}{total_fee=>1333000}{trade_type=>NATIVE}{transaction_id=>4010122001201707109961453503}]
[2017-07-10 17:31:56][info] k:appid=>wxefc029d4373dcac0
[2017-07-10 17:31:56][info] k:bank_type=>CIB_DEBIT
[2017-07-10 17:31:56][info] k:cash_fee=>1333000
[2017-07-10 17:31:56][info] k:fee_type=>CNY
[2017-07-10 17:31:56][info] k:is_subscribe=>N
[2017-07-10 17:31:56][info] k:mch_id=>1244967502
[2017-07-10 17:31:56][info] k:nonce_str=>5vm5vam6avqtyi6yprr70mb3vyl5sr2p
[2017-07-10 17:31:56][info] k:openid=>orYumuLrGnKFiTkXLcj7nz5JQYj8
[2017-07-10 17:31:56][info] k:out_trade_no=>LX-17071016510587306-5
[2017-07-10 17:31:56][info] k:result_code=>SUCCESS
[2017-07-10 17:31:56][info] k:return_code=>SUCCESS
[2017-07-10 17:31:56][info] k:sign=>38A10BEE3E76CF582586D937D5D9E232
[2017-07-10 17:31:56][info] k:time_end=>20170710173155
[2017-07-10 17:31:56][info] k:total_fee=>1333000
[2017-07-10 17:31:56][info] k:trade_type=>NATIVE
[2017-07-10 17:31:56][info] k:transaction_id=>4010122001201707109961453503
[2017-07-10 17:31:56][info] ----------------------------------------
[2017-07-10 17:31:56][info] XML_DATA222:{"appid":"wxefc029d4373dcac0","bank_type":"CIB_DEBIT","cash_fee":"13330.00","fee_type":"CNY","is_subscribe":"N","mch_id":"1244967502","nonce_str":"5vm5vam6avqtyi6yprr70mb3vyl5sr2p","openid":"orYumuLrGnKFiTkXLcj7nz5JQYj8","out_trade_no":"LX-17071016510587306-5","result_code":"SUCCESS","return_code":"SUCCESS","sign":"38A10BEE3E76CF582586D937D5D9E232","time_end":"20170710173155","total_fee":"13330.00","trade_type":"NATIVE","transaction_id":"4010122001201707109961453503"}
[2017-07-10 17:31:56][warn] 数据存储成功，并成功返回记录编号17940！
[2017-07-10 17:32:19][info] ----------------------------------------
[2017-07-10 17:32:19][info] XML_DATA111:[{appid=>wxefc029d4373dcac0}{bank_type=>CIB_DEBIT}{cash_fee=>1333000}{fee_type=>CNY}{is_subscribe=>N}{mch_id=>1244967502}{nonce_str=>5vm5vam6avqtyi6yprr70mb3vyl5sr2p}{openid=>orYumuLrGnKFiTkXLcj7nz5JQYj8}{out_trade_no=>LX-17071016510587306-5}{result_code=>SUCCESS}{return_code=>SUCCESS}{sign=>38A10BEE3E76CF582586D937D5D9E232}{time_end=>20170710173155}{total_fee=>1333000}{trade_type=>NATIVE}{transaction_id=>4010122001201707109961453503}]
[2017-07-10 17:32:19][info] k:appid=>wxefc029d4373dcac0
[2017-07-10 17:32:19][info] k:bank_type=>CIB_DEBIT
[2017-07-10 17:32:19][info] k:cash_fee=>1333000
[2017-07-10 17:32:19][info] k:fee_type=>CNY
[2017-07-10 17:32:19][info] k:is_subscribe=>N
[2017-07-10 17:32:19][info] k:mch_id=>1244967502
[2017-07-10 17:32:19][info] k:nonce_str=>5vm5vam6avqtyi6yprr70mb3vyl5sr2p
[2017-07-10 17:32:19][info] k:openid=>orYumuLrGnKFiTkXLcj7nz5JQYj8
[2017-07-10 17:32:19][info] k:out_trade_no=>LX-17071016510587306-5
[2017-07-10 17:32:19][info] k:result_code=>SUCCESS
[2017-07-10 17:32:19][info] k:return_code=>SUCCESS
[2017-07-10 17:32:19][info] k:sign=>38A10BEE3E76CF582586D937D5D9E232
[2017-07-10 17:32:19][info] k:time_end=>20170710173155
[2017-07-10 17:32:19][info] k:total_fee=>1333000
[2017-07-10 17:32:19][info] k:trade_type=>NATIVE
[2017-07-10 17:32:19][info] k:transaction_id=>4010122001201707109961453503
[2017-07-10 17:32:19][info] ----------------------------------------
[2017-07-10 17:32:19][info] XML_DATA222:{"appid":"wxefc029d4373dcac0","bank_type":"CIB_DEBIT","cash_fee":"13330.00","fee_type":"CNY","is_subscribe":"N","mch_id":"1244967502","nonce_str":"5vm5vam6avqtyi6yprr70mb3vyl5sr2p","openid":"orYumuLrGnKFiTkXLcj7nz5JQYj8","out_trade_no":"LX-17071016510587306-5","result_code":"SUCCESS","return_code":"SUCCESS","sign":"38A10BEE3E76CF582586D937D5D9E232","time_end":"20170710173155","total_fee":"13330.00","trade_type":"NATIVE","transaction_id":"4010122001201707109961453503"}
[2017-07-10 17:32:19][info] 收到重复信息，并处理反馈成功！
[2017-07-10 17:32:19][info] success
[2017-07-10 17:32:19][info] 写入结束!!!
[2017-07-10 17:40:02][info] ----------------------------------------
[2017-07-10 17:40:02][info] XML_DATA111:[{appid=>wxefc029d4373dcac0}{bank_type=>CIB_DEBIT}{cash_fee=>1333000}{fee_type=>CNY}{is_subscribe=>Y}{mch_id=>1244967502}{nonce_str=>c54fr9kuxcawa799v3fm43oryegwr7ms}{openid=>orYumuLrGnKFiTkXLcj7nz5JQYj8}{out_trade_no=>LX-17071016510587306-6}{result_code=>SUCCESS}{return_code=>SUCCESS}{sign=>63E49A01237A4DAE8680B38EFEB80E55}{time_end=>20170710174001}{total_fee=>1333000}{trade_type=>NATIVE}{transaction_id=>4010122001201707109963415837}]
[2017-07-10 17:40:02][info] k:appid=>wxefc029d4373dcac0
[2017-07-10 17:40:02][info] k:bank_type=>CIB_DEBIT
[2017-07-10 17:40:02][info] k:cash_fee=>1333000
[2017-07-10 17:40:02][info] k:fee_type=>CNY
[2017-07-10 17:40:02][info] k:is_subscribe=>Y
[2017-07-10 17:40:02][info] k:mch_id=>1244967502
[2017-07-10 17:40:02][info] k:nonce_str=>c54fr9kuxcawa799v3fm43oryegwr7ms
[2017-07-10 17:40:02][info] k:openid=>orYumuLrGnKFiTkXLcj7nz5JQYj8
[2017-07-10 17:40:02][info] k:out_trade_no=>LX-17071016510587306-6
[2017-07-10 17:40:02][info] k:result_code=>SUCCESS
[2017-07-10 17:40:02][info] k:return_code=>SUCCESS
[2017-07-10 17:40:02][info] k:sign=>63E49A01237A4DAE8680B38EFEB80E55
[2017-07-10 17:40:02][info] k:time_end=>20170710174001
[2017-07-10 17:40:02][info] k:total_fee=>1333000
[2017-07-10 17:40:02][info] k:trade_type=>NATIVE
[2017-07-10 17:40:02][info] k:transaction_id=>4010122001201707109963415837
[2017-07-10 17:40:02][info] ----------------------------------------
[2017-07-10 17:40:02][info] XML_DATA222:{"appid":"wxefc029d4373dcac0","bank_type":"CIB_DEBIT","cash_fee":"13330.00","fee_type":"CNY","is_subscribe":"Y","mch_id":"1244967502","nonce_str":"c54fr9kuxcawa799v3fm43oryegwr7ms","openid":"orYumuLrGnKFiTkXLcj7nz5JQYj8","out_trade_no":"LX-17071016510587306-6","result_code":"SUCCESS","return_code":"SUCCESS","sign":"63E49A01237A4DAE8680B38EFEB80E55","time_end":"20170710174001","total_fee":"13330.00","trade_type":"NATIVE","transaction_id":"4010122001201707109963415837"}
[2017-07-10 17:40:02][warn] 数据存储成功，并成功返回记录编号17943！
[2017-07-10 17:40:20][info] ----------------------------------------
[2017-07-10 17:40:20][info] XML_DATA111:[{appid=>wxefc029d4373dcac0}{bank_type=>CIB_DEBIT}{cash_fee=>1333000}{fee_type=>CNY}{is_subscribe=>Y}{mch_id=>1244967502}{nonce_str=>c54fr9kuxcawa799v3fm43oryegwr7ms}{openid=>orYumuLrGnKFiTkXLcj7nz5JQYj8}{out_trade_no=>LX-17071016510587306-6}{result_code=>SUCCESS}{return_code=>SUCCESS}{sign=>63E49A01237A4DAE8680B38EFEB80E55}{time_end=>20170710174001}{total_fee=>1333000}{trade_type=>NATIVE}{transaction_id=>4010122001201707109963415837}]
[2017-07-10 17:40:20][info] k:appid=>wxefc029d4373dcac0
[2017-07-10 17:40:20][info] k:bank_type=>CIB_DEBIT
[2017-07-10 17:40:20][info] k:cash_fee=>1333000
[2017-07-10 17:40:20][info] k:fee_type=>CNY
[2017-07-10 17:40:20][info] k:is_subscribe=>Y
[2017-07-10 17:40:20][info] k:mch_id=>1244967502
[2017-07-10 17:40:20][info] k:nonce_str=>c54fr9kuxcawa799v3fm43oryegwr7ms
[2017-07-10 17:40:20][info] k:openid=>orYumuLrGnKFiTkXLcj7nz5JQYj8
[2017-07-10 17:40:20][info] k:out_trade_no=>LX-17071016510587306-6
[2017-07-10 17:40:20][info] k:result_code=>SUCCESS
[2017-07-10 17:40:20][info] k:return_code=>SUCCESS
[2017-07-10 17:40:20][info] k:sign=>63E49A01237A4DAE8680B38EFEB80E55
[2017-07-10 17:40:20][info] k:time_end=>20170710174001
[2017-07-10 17:40:20][info] k:total_fee=>1333000
[2017-07-10 17:40:20][info] k:trade_type=>NATIVE
[2017-07-10 17:40:20][info] k:transaction_id=>4010122001201707109963415837
[2017-07-10 17:40:20][info] ----------------------------------------
[2017-07-10 17:40:20][info] XML_DATA222:{"appid":"wxefc029d4373dcac0","bank_type":"CIB_DEBIT","cash_fee":"13330.00","fee_type":"CNY","is_subscribe":"Y","mch_id":"1244967502","nonce_str":"c54fr9kuxcawa799v3fm43oryegwr7ms","openid":"orYumuLrGnKFiTkXLcj7nz5JQYj8","out_trade_no":"LX-17071016510587306-6","result_code":"SUCCESS","return_code":"SUCCESS","sign":"63E49A01237A4DAE8680B38EFEB80E55","time_end":"20170710174001","total_fee":"13330.00","trade_type":"NATIVE","transaction_id":"4010122001201707109963415837"}
[2017-07-10 17:40:20][info] 收到重复信息，并处理反馈成功！
[2017-07-10 17:40:20][info] success
[2017-07-10 17:40:20][info] 写入结束!!!
[2017-07-10 20:48:46][info] ----------------------------------------
[2017-07-10 20:48:46][info] XML_DATA111:[{appid=>wxefc029d4373dcac0}{bank_type=>CFT}{cash_fee=>469000}{fee_type=>CNY}{is_subscribe=>Y}{mch_id=>1244967502}{nonce_str=>rcivufvxe8gquv8fqszsb4xq2ebzvdye}{openid=>orYumuIIzx_ObsjXlIFnP_nTDtMU}{out_trade_no=>LX-17070720372050606-8}{result_code=>SUCCESS}{return_code=>SUCCESS}{sign=>59D55D46C8CECE51422066BB292E9C1B}{time_end=>20170710204846}{total_fee=>469000}{trade_type=>NATIVE}{transaction_id=>4009842001201707109999634599}]
[2017-07-10 20:48:46][info] k:appid=>wxefc029d4373dcac0
[2017-07-10 20:48:46][info] k:bank_type=>CFT
[2017-07-10 20:48:46][info] k:cash_fee=>469000
[2017-07-10 20:48:46][info] k:fee_type=>CNY
[2017-07-10 20:48:46][info] k:is_subscribe=>Y
[2017-07-10 20:48:46][info] k:mch_id=>1244967502
[2017-07-10 20:48:46][info] k:nonce_str=>rcivufvxe8gquv8fqszsb4xq2ebzvdye
[2017-07-10 20:48:46][info] k:openid=>orYumuIIzx_ObsjXlIFnP_nTDtMU
[2017-07-10 20:48:46][info] k:out_trade_no=>LX-17070720372050606-8
[2017-07-10 20:48:46][info] k:result_code=>SUCCESS
[2017-07-10 20:48:46][info] k:return_code=>SUCCESS
[2017-07-10 20:48:46][info] k:sign=>59D55D46C8CECE51422066BB292E9C1B
[2017-07-10 20:48:46][info] k:time_end=>20170710204846
[2017-07-10 20:48:46][info] k:total_fee=>469000
[2017-07-10 20:48:46][info] k:trade_type=>NATIVE
[2017-07-10 20:48:46][info] k:transaction_id=>4009842001201707109999634599
[2017-07-10 20:48:46][info] ----------------------------------------
[2017-07-10 20:48:46][info] XML_DATA222:{"appid":"wxefc029d4373dcac0","bank_type":"CFT","cash_fee":"4690.00","fee_type":"CNY","is_subscribe":"Y","mch_id":"1244967502","nonce_str":"rcivufvxe8gquv8fqszsb4xq2ebzvdye","openid":"orYumuIIzx_ObsjXlIFnP_nTDtMU","out_trade_no":"LX-17070720372050606-8","result_code":"SUCCESS","return_code":"SUCCESS","sign":"59D55D46C8CECE51422066BB292E9C1B","time_end":"20170710204846","total_fee":"4690.00","trade_type":"NATIVE","transaction_id":"4009842001201707109999634599"}
[2017-07-10 20:48:47][warn] 数据存储成功，并成功返回记录编号17948！
[2017-07-10 20:49:02][info] ----------------------------------------
[2017-07-10 20:49:02][info] XML_DATA111:[{appid=>wxefc029d4373dcac0}{bank_type=>CFT}{cash_fee=>469000}{fee_type=>CNY}{is_subscribe=>Y}{mch_id=>1244967502}{nonce_str=>rcivufvxe8gquv8fqszsb4xq2ebzvdye}{openid=>orYumuIIzx_ObsjXlIFnP_nTDtMU}{out_trade_no=>LX-17070720372050606-8}{result_code=>SUCCESS}{return_code=>SUCCESS}{sign=>59D55D46C8CECE51422066BB292E9C1B}{time_end=>20170710204846}{total_fee=>469000}{trade_type=>NATIVE}{transaction_id=>4009842001201707109999634599}]
[2017-07-10 20:49:02][info] k:appid=>wxefc029d4373dcac0
[2017-07-10 20:49:02][info] k:bank_type=>CFT
[2017-07-10 20:49:02][info] k:cash_fee=>469000
[2017-07-10 20:49:02][info] k:fee_type=>CNY
[2017-07-10 20:49:02][info] k:is_subscribe=>Y
[2017-07-10 20:49:02][info] k:mch_id=>1244967502
[2017-07-10 20:49:02][info] k:nonce_str=>rcivufvxe8gquv8fqszsb4xq2ebzvdye
[2017-07-10 20:49:02][info] k:openid=>orYumuIIzx_ObsjXlIFnP_nTDtMU
[2017-07-10 20:49:02][info] k:out_trade_no=>LX-17070720372050606-8
[2017-07-10 20:49:02][info] k:result_code=>SUCCESS
[2017-07-10 20:49:02][info] k:return_code=>SUCCESS
[2017-07-10 20:49:02][info] k:sign=>59D55D46C8CECE51422066BB292E9C1B
[2017-07-10 20:49:02][info] k:time_end=>20170710204846
[2017-07-10 20:49:02][info] k:total_fee=>469000
[2017-07-10 20:49:02][info] k:trade_type=>NATIVE
[2017-07-10 20:49:02][info] k:transaction_id=>4009842001201707109999634599
[2017-07-10 20:49:02][info] ----------------------------------------
[2017-07-10 20:49:02][info] XML_DATA222:{"appid":"wxefc029d4373dcac0","bank_type":"CFT","cash_fee":"4690.00","fee_type":"CNY","is_subscribe":"Y","mch_id":"1244967502","nonce_str":"rcivufvxe8gquv8fqszsb4xq2ebzvdye","openid":"orYumuIIzx_ObsjXlIFnP_nTDtMU","out_trade_no":"LX-17070720372050606-8","result_code":"SUCCESS","return_code":"SUCCESS","sign":"59D55D46C8CECE51422066BB292E9C1B","time_end":"20170710204846","total_fee":"4690.00","trade_type":"NATIVE","transaction_id":"4009842001201707109999634599"}
[2017-07-10 20:49:02][info] 收到重复信息，并处理反馈成功！
[2017-07-10 20:49:02][info] success
[2017-07-10 20:49:02][info] 写入结束!!!
[2017-07-10 21:21:02][info] ----------------------------------------
[2017-07-10 21:21:02][info] XML_DATA111:[{appid=>wxefc029d4373dcac0}{bank_type=>GDB_DEBIT}{cash_fee=>538000}{fee_type=>CNY}{is_subscribe=>N}{mch_id=>1244967502}{nonce_str=>s606a1gl9n9kevvsbl5k8fu671iinjd9}{openid=>orYumuA8JmcLu6fGbBQ7HSYEgb_U}{out_trade_no=>LX-17070921513721501-c}{result_code=>SUCCESS}{return_code=>SUCCESS}{sign=>E839A2B8A9245028CBB2AD3C676ED5FE}{time_end=>20170710212102}{total_fee=>538000}{trade_type=>NATIVE}{transaction_id=>4002882001201707100007133140}]
[2017-07-10 21:21:02][info] k:appid=>wxefc029d4373dcac0
[2017-07-10 21:21:02][info] k:bank_type=>GDB_DEBIT
[2017-07-10 21:21:02][info] k:cash_fee=>538000
[2017-07-10 21:21:02][info] k:fee_type=>CNY
[2017-07-10 21:21:02][info] k:is_subscribe=>N
[2017-07-10 21:21:02][info] k:mch_id=>1244967502
[2017-07-10 21:21:02][info] k:nonce_str=>s606a1gl9n9kevvsbl5k8fu671iinjd9
[2017-07-10 21:21:02][info] k:openid=>orYumuA8JmcLu6fGbBQ7HSYEgb_U
[2017-07-10 21:21:02][info] k:out_trade_no=>LX-17070921513721501-c
[2017-07-10 21:21:02][info] k:result_code=>SUCCESS
[2017-07-10 21:21:02][info] k:return_code=>SUCCESS
[2017-07-10 21:21:02][info] k:sign=>E839A2B8A9245028CBB2AD3C676ED5FE
[2017-07-10 21:21:02][info] k:time_end=>20170710212102
[2017-07-10 21:21:02][info] k:total_fee=>538000
[2017-07-10 21:21:02][info] k:trade_type=>NATIVE
[2017-07-10 21:21:02][info] k:transaction_id=>4002882001201707100007133140
[2017-07-10 21:21:02][info] ----------------------------------------
[2017-07-10 21:21:02][info] XML_DATA222:{"appid":"wxefc029d4373dcac0","bank_type":"GDB_DEBIT","cash_fee":"5380.00","fee_type":"CNY","is_subscribe":"N","mch_id":"1244967502","nonce_str":"s606a1gl9n9kevvsbl5k8fu671iinjd9","openid":"orYumuA8JmcLu6fGbBQ7HSYEgb_U","out_trade_no":"LX-17070921513721501-c","result_code":"SUCCESS","return_code":"SUCCESS","sign":"E839A2B8A9245028CBB2AD3C676ED5FE","time_end":"20170710212102","total_fee":"5380.00","trade_type":"NATIVE","transaction_id":"4002882001201707100007133140"}
[2017-07-10 21:21:02][warn] 数据存储成功，并成功返回记录编号17950！
[2017-07-10 21:21:12][info] ----------------------------------------
[2017-07-10 21:21:12][info] XML_DATA111:[{appid=>wxefc029d4373dcac0}{bank_type=>GDB_DEBIT}{cash_fee=>538000}{fee_type=>CNY}{is_subscribe=>N}{mch_id=>1244967502}{nonce_str=>s606a1gl9n9kevvsbl5k8fu671iinjd9}{openid=>orYumuA8JmcLu6fGbBQ7HSYEgb_U}{out_trade_no=>LX-17070921513721501-c}{result_code=>SUCCESS}{return_code=>SUCCESS}{sign=>E839A2B8A9245028CBB2AD3C676ED5FE}{time_end=>20170710212102}{total_fee=>538000}{trade_type=>NATIVE}{transaction_id=>4002882001201707100007133140}]
[2017-07-10 21:21:12][info] k:appid=>wxefc029d4373dcac0
[2017-07-10 21:21:12][info] k:bank_type=>GDB_DEBIT
[2017-07-10 21:21:12][info] k:cash_fee=>538000
[2017-07-10 21:21:12][info] k:fee_type=>CNY
[2017-07-10 21:21:12][info] k:is_subscribe=>N
[2017-07-10 21:21:12][info] k:mch_id=>1244967502
[2017-07-10 21:21:12][info] k:nonce_str=>s606a1gl9n9kevvsbl5k8fu671iinjd9
[2017-07-10 21:21:12][info] k:openid=>orYumuA8JmcLu6fGbBQ7HSYEgb_U
[2017-07-10 21:21:12][info] k:out_trade_no=>LX-17070921513721501-c
[2017-07-10 21:21:12][info] k:result_code=>SUCCESS
[2017-07-10 21:21:12][info] k:return_code=>SUCCESS
[2017-07-10 21:21:12][info] k:sign=>E839A2B8A9245028CBB2AD3C676ED5FE
[2017-07-10 21:21:12][info] k:time_end=>20170710212102
[2017-07-10 21:21:12][info] k:total_fee=>538000
[2017-07-10 21:21:12][info] k:trade_type=>NATIVE
[2017-07-10 21:21:12][info] k:transaction_id=>4002882001201707100007133140
[2017-07-10 21:21:12][info] ----------------------------------------
[2017-07-10 21:21:12][info] XML_DATA222:{"appid":"wxefc029d4373dcac0","bank_type":"GDB_DEBIT","cash_fee":"5380.00","fee_type":"CNY","is_subscribe":"N","mch_id":"1244967502","nonce_str":"s606a1gl9n9kevvsbl5k8fu671iinjd9","openid":"orYumuA8JmcLu6fGbBQ7HSYEgb_U","out_trade_no":"LX-17070921513721501-c","result_code":"SUCCESS","return_code":"SUCCESS","sign":"E839A2B8A9245028CBB2AD3C676ED5FE","time_end":"20170710212102","total_fee":"5380.00","trade_type":"NATIVE","transaction_id":"4002882001201707100007133140"}
[2017-07-10 21:21:12][info] 收到重复信息，并处理反馈成功！
[2017-07-10 21:21:12][info] success
[2017-07-10 21:21:12][info] 写入结束!!!
