[2017-05-24 14:54:06][info] ----------------------------------------
[2017-05-24 14:54:06][info] XML_DATA111:[{appid=>wxefc029d4373dcac0}{bank_type=>CFT}{cash_fee=>348000}{fee_type=>CNY}{is_subscribe=>Y}{mch_id=>1244967502}{nonce_str=>qkn8xrk4dko16em0vf9qvodqw5y9y499}{openid=>orYumuOHIONIgJrqcaa9iz5lbVGc}{out_trade_no=>LX-17052014280623201-f}{result_code=>SUCCESS}{return_code=>SUCCESS}{sign=>54E7BDB5257A9CB5ADBB151DFF88EDA4}{time_end=>20170524145406}{total_fee=>348000}{trade_type=>NATIVE}{transaction_id=>4005742001201705242356861930}]
[2017-05-24 14:54:06][info] k:appid=>wxefc029d4373dcac0
[2017-05-24 14:54:06][info] k:bank_type=>CFT
[2017-05-24 14:54:06][info] k:cash_fee=>348000
[2017-05-24 14:54:06][info] k:fee_type=>CNY
[2017-05-24 14:54:06][info] k:is_subscribe=>Y
[2017-05-24 14:54:06][info] k:mch_id=>1244967502
[2017-05-24 14:54:06][info] k:nonce_str=>qkn8xrk4dko16em0vf9qvodqw5y9y499
[2017-05-24 14:54:06][info] k:openid=>orYumuOHIONIgJrqcaa9iz5lbVGc
[2017-05-24 14:54:06][info] k:out_trade_no=>LX-17052014280623201-f
[2017-05-24 14:54:06][info] k:result_code=>SUCCESS
[2017-05-24 14:54:06][info] k:return_code=>SUCCESS
[2017-05-24 14:54:06][info] k:sign=>54E7BDB5257A9CB5ADBB151DFF88EDA4
[2017-05-24 14:54:06][info] k:time_end=>20170524145406
[2017-05-24 14:54:06][info] k:total_fee=>348000
[2017-05-24 14:54:06][info] k:trade_type=>NATIVE
[2017-05-24 14:54:06][info] k:transaction_id=>4005742001201705242356861930
[2017-05-24 14:54:06][info] ----------------------------------------
[2017-05-24 14:54:06][info] XML_DATA222:{"appid":"wxefc029d4373dcac0","bank_type":"CFT","cash_fee":"3480.00","fee_type":"CNY","is_subscribe":"Y","mch_id":"1244967502","nonce_str":"qkn8xrk4dko16em0vf9qvodqw5y9y499","openid":"orYumuOHIONIgJrqcaa9iz5lbVGc","out_trade_no":"LX-17052014280623201-f","result_code":"SUCCESS","return_code":"SUCCESS","sign":"54E7BDB5257A9CB5ADBB151DFF88EDA4","time_end":"20170524145406","total_fee":"3480.00","trade_type":"NATIVE","transaction_id":"4005742001201705242356861930"}
[2017-05-24 14:54:07][warn] 数据存储成功，并成功返回记录编号17532！
[2017-05-24 14:54:20][info] ----------------------------------------
[2017-05-24 14:54:20][info] XML_DATA111:[{appid=>wxefc029d4373dcac0}{bank_type=>CFT}{cash_fee=>348000}{fee_type=>CNY}{is_subscribe=>Y}{mch_id=>1244967502}{nonce_str=>qkn8xrk4dko16em0vf9qvodqw5y9y499}{openid=>orYumuOHIONIgJrqcaa9iz5lbVGc}{out_trade_no=>LX-17052014280623201-f}{result_code=>SUCCESS}{return_code=>SUCCESS}{sign=>54E7BDB5257A9CB5ADBB151DFF88EDA4}{time_end=>20170524145406}{total_fee=>348000}{trade_type=>NATIVE}{transaction_id=>4005742001201705242356861930}]
[2017-05-24 14:54:20][info] k:appid=>wxefc029d4373dcac0
[2017-05-24 14:54:20][info] k:bank_type=>CFT
[2017-05-24 14:54:20][info] k:cash_fee=>348000
[2017-05-24 14:54:20][info] k:fee_type=>CNY
[2017-05-24 14:54:20][info] k:is_subscribe=>Y
[2017-05-24 14:54:20][info] k:mch_id=>1244967502
[2017-05-24 14:54:20][info] k:nonce_str=>qkn8xrk4dko16em0vf9qvodqw5y9y499
[2017-05-24 14:54:20][info] k:openid=>orYumuOHIONIgJrqcaa9iz5lbVGc
[2017-05-24 14:54:20][info] k:out_trade_no=>LX-17052014280623201-f
[2017-05-24 14:54:20][info] k:result_code=>SUCCESS
[2017-05-24 14:54:20][info] k:return_code=>SUCCESS
[2017-05-24 14:54:20][info] k:sign=>54E7BDB5257A9CB5ADBB151DFF88EDA4
[2017-05-24 14:54:20][info] k:time_end=>20170524145406
[2017-05-24 14:54:20][info] k:total_fee=>348000
[2017-05-24 14:54:20][info] k:trade_type=>NATIVE
[2017-05-24 14:54:20][info] k:transaction_id=>4005742001201705242356861930
[2017-05-24 14:54:20][info] ----------------------------------------
[2017-05-24 14:54:20][info] XML_DATA222:{"appid":"wxefc029d4373dcac0","bank_type":"CFT","cash_fee":"3480.00","fee_type":"CNY","is_subscribe":"Y","mch_id":"1244967502","nonce_str":"qkn8xrk4dko16em0vf9qvodqw5y9y499","openid":"orYumuOHIONIgJrqcaa9iz5lbVGc","out_trade_no":"LX-17052014280623201-f","result_code":"SUCCESS","return_code":"SUCCESS","sign":"54E7BDB5257A9CB5ADBB151DFF88EDA4","time_end":"20170524145406","total_fee":"3480.00","trade_type":"NATIVE","transaction_id":"4005742001201705242356861930"}
[2017-05-24 14:54:20][info] 收到重复信息，并处理反馈成功！
[2017-05-24 14:54:20][info] success
[2017-05-24 14:54:20][info] 写入结束!!!
