[2017-05-23 09:08:57][info] ----------------------------------------
[2017-05-23 09:08:57][info] XML_DATA111:[{appid=>wxefc029d4373dcac0}{bank_type=>CMB_CREDIT}{cash_fee=>1056000}{fee_type=>CNY}{is_subscribe=>N}{mch_id=>1244967502}{nonce_str=>cfz3swf4n2mvov9at0ue0m981w4x3mk5}{openid=>orYumuGqTVldX5RjxMzAXRsrJHk0}{out_trade_no=>LX-17052222474078901-5}{result_code=>SUCCESS}{return_code=>SUCCESS}{sign=>1A54F17092A7A722E4B00F3B2ED3E871}{time_end=>20170523090856}{total_fee=>1056000}{trade_type=>NATIVE}{transaction_id=>4000872001201705232159206982}]
[2017-05-23 09:08:57][info] k:appid=>wxefc029d4373dcac0
[2017-05-23 09:08:57][info] k:bank_type=>CMB_CREDIT
[2017-05-23 09:08:57][info] k:cash_fee=>1056000
[2017-05-23 09:08:57][info] k:fee_type=>CNY
[2017-05-23 09:08:57][info] k:is_subscribe=>N
[2017-05-23 09:08:57][info] k:mch_id=>1244967502
[2017-05-23 09:08:57][info] k:nonce_str=>cfz3swf4n2mvov9at0ue0m981w4x3mk5
[2017-05-23 09:08:57][info] k:openid=>orYumuGqTVldX5RjxMzAXRsrJHk0
[2017-05-23 09:08:57][info] k:out_trade_no=>LX-17052222474078901-5
[2017-05-23 09:08:57][info] k:result_code=>SUCCESS
[2017-05-23 09:08:57][info] k:return_code=>SUCCESS
[2017-05-23 09:08:57][info] k:sign=>1A54F17092A7A722E4B00F3B2ED3E871
[2017-05-23 09:08:57][info] k:time_end=>20170523090856
[2017-05-23 09:08:57][info] k:total_fee=>1056000
[2017-05-23 09:08:57][info] k:trade_type=>NATIVE
[2017-05-23 09:08:57][info] k:transaction_id=>4000872001201705232159206982
[2017-05-23 09:08:57][info] ----------------------------------------
[2017-05-23 09:08:57][info] XML_DATA222:{"appid":"wxefc029d4373dcac0","bank_type":"CMB_CREDIT","cash_fee":"10560.00","fee_type":"CNY","is_subscribe":"N","mch_id":"1244967502","nonce_str":"cfz3swf4n2mvov9at0ue0m981w4x3mk5","openid":"orYumuGqTVldX5RjxMzAXRsrJHk0","out_trade_no":"LX-17052222474078901-5","result_code":"SUCCESS","return_code":"SUCCESS","sign":"1A54F17092A7A722E4B00F3B2ED3E871","time_end":"20170523090856","total_fee":"10560.00","trade_type":"NATIVE","transaction_id":"4000872001201705232159206982"}
[2017-05-23 09:08:57][warn] 数据存储成功，并成功返回记录编号17525！
[2017-05-23 09:09:10][info] ----------------------------------------
[2017-05-23 09:09:10][info] XML_DATA111:[{appid=>wxefc029d4373dcac0}{bank_type=>CMB_CREDIT}{cash_fee=>1056000}{fee_type=>CNY}{is_subscribe=>N}{mch_id=>1244967502}{nonce_str=>cfz3swf4n2mvov9at0ue0m981w4x3mk5}{openid=>orYumuGqTVldX5RjxMzAXRsrJHk0}{out_trade_no=>LX-17052222474078901-5}{result_code=>SUCCESS}{return_code=>SUCCESS}{sign=>1A54F17092A7A722E4B00F3B2ED3E871}{time_end=>20170523090856}{total_fee=>1056000}{trade_type=>NATIVE}{transaction_id=>4000872001201705232159206982}]
[2017-05-23 09:09:10][info] k:appid=>wxefc029d4373dcac0
[2017-05-23 09:09:10][info] k:bank_type=>CMB_CREDIT
[2017-05-23 09:09:10][info] k:cash_fee=>1056000
[2017-05-23 09:09:10][info] k:fee_type=>CNY
[2017-05-23 09:09:10][info] k:is_subscribe=>N
[2017-05-23 09:09:10][info] k:mch_id=>1244967502
[2017-05-23 09:09:10][info] k:nonce_str=>cfz3swf4n2mvov9at0ue0m981w4x3mk5
[2017-05-23 09:09:10][info] k:openid=>orYumuGqTVldX5RjxMzAXRsrJHk0
[2017-05-23 09:09:10][info] k:out_trade_no=>LX-17052222474078901-5
[2017-05-23 09:09:10][info] k:result_code=>SUCCESS
[2017-05-23 09:09:10][info] k:return_code=>SUCCESS
[2017-05-23 09:09:10][info] k:sign=>1A54F17092A7A722E4B00F3B2ED3E871
[2017-05-23 09:09:10][info] k:time_end=>20170523090856
[2017-05-23 09:09:10][info] k:total_fee=>1056000
[2017-05-23 09:09:10][info] k:trade_type=>NATIVE
[2017-05-23 09:09:10][info] k:transaction_id=>4000872001201705232159206982
[2017-05-23 09:09:10][info] ----------------------------------------
[2017-05-23 09:09:10][info] XML_DATA222:{"appid":"wxefc029d4373dcac0","bank_type":"CMB_CREDIT","cash_fee":"10560.00","fee_type":"CNY","is_subscribe":"N","mch_id":"1244967502","nonce_str":"cfz3swf4n2mvov9at0ue0m981w4x3mk5","openid":"orYumuGqTVldX5RjxMzAXRsrJHk0","out_trade_no":"LX-17052222474078901-5","result_code":"SUCCESS","return_code":"SUCCESS","sign":"1A54F17092A7A722E4B00F3B2ED3E871","time_end":"20170523090856","total_fee":"10560.00","trade_type":"NATIVE","transaction_id":"4000872001201705232159206982"}
[2017-05-23 09:09:10][info] 收到重复信息，并处理反馈成功！
[2017-05-23 09:09:10][info] success
[2017-05-23 09:09:10][info] 写入结束!!!
[2017-05-23 13:59:06][info] ----------------------------------------
[2017-05-23 13:59:06][info] XML_DATA111:[{appid=>wxefc029d4373dcac0}{bank_type=>CCB_DEBIT}{cash_fee=>340000}{fee_type=>CNY}{is_subscribe=>N}{mch_id=>1244967502}{nonce_str=>00hqzkcq2w91jqegvc59d8wbdayt1j43}{openid=>orYumuLxc05ox04YUMRNJ8b_oh78}{out_trade_no=>LX-1705231330165506-d}{result_code=>SUCCESS}{return_code=>SUCCESS}{sign=>521DC295B5CADA3BC0862F602854F44A}{time_end=>20170523135906}{total_fee=>340000}{trade_type=>NATIVE}{transaction_id=>4000882001201705232197082264}]
[2017-05-23 13:59:06][info] k:appid=>wxefc029d4373dcac0
[2017-05-23 13:59:06][info] k:bank_type=>CCB_DEBIT
[2017-05-23 13:59:06][info] k:cash_fee=>340000
[2017-05-23 13:59:06][info] k:fee_type=>CNY
[2017-05-23 13:59:06][info] k:is_subscribe=>N
[2017-05-23 13:59:06][info] k:mch_id=>1244967502
[2017-05-23 13:59:06][info] k:nonce_str=>00hqzkcq2w91jqegvc59d8wbdayt1j43
[2017-05-23 13:59:06][info] k:openid=>orYumuLxc05ox04YUMRNJ8b_oh78
[2017-05-23 13:59:06][info] k:out_trade_no=>LX-1705231330165506-d
[2017-05-23 13:59:06][info] k:result_code=>SUCCESS
[2017-05-23 13:59:06][info] k:return_code=>SUCCESS
[2017-05-23 13:59:06][info] k:sign=>521DC295B5CADA3BC0862F602854F44A
[2017-05-23 13:59:06][info] k:time_end=>20170523135906
[2017-05-23 13:59:06][info] k:total_fee=>340000
[2017-05-23 13:59:06][info] k:trade_type=>NATIVE
[2017-05-23 13:59:06][info] k:transaction_id=>4000882001201705232197082264
[2017-05-23 13:59:06][info] ----------------------------------------
[2017-05-23 13:59:06][info] XML_DATA222:{"appid":"wxefc029d4373dcac0","bank_type":"CCB_DEBIT","cash_fee":"3400.00","fee_type":"CNY","is_subscribe":"N","mch_id":"1244967502","nonce_str":"00hqzkcq2w91jqegvc59d8wbdayt1j43","openid":"orYumuLxc05ox04YUMRNJ8b_oh78","out_trade_no":"LX-1705231330165506-d","result_code":"SUCCESS","return_code":"SUCCESS","sign":"521DC295B5CADA3BC0862F602854F44A","time_end":"20170523135906","total_fee":"3400.00","trade_type":"NATIVE","transaction_id":"4000882001201705232197082264"}
[2017-05-23 13:59:07][warn] 数据存储成功，并成功返回记录编号17527！
[2017-05-23 13:59:17][info] ----------------------------------------
[2017-05-23 13:59:17][info] XML_DATA111:[{appid=>wxefc029d4373dcac0}{bank_type=>CCB_DEBIT}{cash_fee=>340000}{fee_type=>CNY}{is_subscribe=>N}{mch_id=>1244967502}{nonce_str=>00hqzkcq2w91jqegvc59d8wbdayt1j43}{openid=>orYumuLxc05ox04YUMRNJ8b_oh78}{out_trade_no=>LX-1705231330165506-d}{result_code=>SUCCESS}{return_code=>SUCCESS}{sign=>521DC295B5CADA3BC0862F602854F44A}{time_end=>20170523135906}{total_fee=>340000}{trade_type=>NATIVE}{transaction_id=>4000882001201705232197082264}]
[2017-05-23 13:59:17][info] k:appid=>wxefc029d4373dcac0
[2017-05-23 13:59:17][info] k:bank_type=>CCB_DEBIT
[2017-05-23 13:59:17][info] k:cash_fee=>340000
[2017-05-23 13:59:17][info] k:fee_type=>CNY
[2017-05-23 13:59:17][info] k:is_subscribe=>N
[2017-05-23 13:59:17][info] k:mch_id=>1244967502
[2017-05-23 13:59:17][info] k:nonce_str=>00hqzkcq2w91jqegvc59d8wbdayt1j43
[2017-05-23 13:59:17][info] k:openid=>orYumuLxc05ox04YUMRNJ8b_oh78
[2017-05-23 13:59:17][info] k:out_trade_no=>LX-1705231330165506-d
[2017-05-23 13:59:17][info] k:result_code=>SUCCESS
[2017-05-23 13:59:17][info] k:return_code=>SUCCESS
[2017-05-23 13:59:17][info] k:sign=>521DC295B5CADA3BC0862F602854F44A
[2017-05-23 13:59:17][info] k:time_end=>20170523135906
[2017-05-23 13:59:17][info] k:total_fee=>340000
[2017-05-23 13:59:17][info] k:trade_type=>NATIVE
[2017-05-23 13:59:17][info] k:transaction_id=>4000882001201705232197082264
[2017-05-23 13:59:17][info] ----------------------------------------
[2017-05-23 13:59:17][info] XML_DATA222:{"appid":"wxefc029d4373dcac0","bank_type":"CCB_DEBIT","cash_fee":"3400.00","fee_type":"CNY","is_subscribe":"N","mch_id":"1244967502","nonce_str":"00hqzkcq2w91jqegvc59d8wbdayt1j43","openid":"orYumuLxc05ox04YUMRNJ8b_oh78","out_trade_no":"LX-1705231330165506-d","result_code":"SUCCESS","return_code":"SUCCESS","sign":"521DC295B5CADA3BC0862F602854F44A","time_end":"20170523135906","total_fee":"3400.00","trade_type":"NATIVE","transaction_id":"4000882001201705232197082264"}
[2017-05-23 13:59:17][info] 收到重复信息，并处理反馈成功！
[2017-05-23 13:59:17][info] success
[2017-05-23 13:59:17][info] 写入结束!!!
