[2017-07-11 08:08:21][info] ----------------------------------------
[2017-07-11 08:08:21][info] XML_DATA111:[{appid=>wxefc029d4373dcac0}{bank_type=>CFT}{cash_fee=>816000}{fee_type=>CNY}{is_subscribe=>Y}{mch_id=>1244967502}{nonce_str=>zc43d14v50ba7udngct8wsr178lvr565}{openid=>orYumuLrGnKFiTkXLcj7nz5JQYj8}{out_trade_no=>LX-17071018191587001-3}{result_code=>SUCCESS}{return_code=>SUCCESS}{sign=>107BED156715F415320DD0B422FBA079}{time_end=>20170711080820}{total_fee=>816000}{trade_type=>NATIVE}{transaction_id=>4010122001201707110063088535}]
[2017-07-11 08:08:21][info] k:appid=>wxefc029d4373dcac0
[2017-07-11 08:08:21][info] k:bank_type=>CFT
[2017-07-11 08:08:21][info] k:cash_fee=>816000
[2017-07-11 08:08:21][info] k:fee_type=>CNY
[2017-07-11 08:08:21][info] k:is_subscribe=>Y
[2017-07-11 08:08:21][info] k:mch_id=>1244967502
[2017-07-11 08:08:21][info] k:nonce_str=>zc43d14v50ba7udngct8wsr178lvr565
[2017-07-11 08:08:21][info] k:openid=>orYumuLrGnKFiTkXLcj7nz5JQYj8
[2017-07-11 08:08:21][info] k:out_trade_no=>LX-17071018191587001-3
[2017-07-11 08:08:21][info] k:result_code=>SUCCESS
[2017-07-11 08:08:21][info] k:return_code=>SUCCESS
[2017-07-11 08:08:21][info] k:sign=>107BED156715F415320DD0B422FBA079
[2017-07-11 08:08:21][info] k:time_end=>20170711080820
[2017-07-11 08:08:21][info] k:total_fee=>816000
[2017-07-11 08:08:21][info] k:trade_type=>NATIVE
[2017-07-11 08:08:21][info] k:transaction_id=>4010122001201707110063088535
[2017-07-11 08:08:21][info] ----------------------------------------
[2017-07-11 08:08:21][info] XML_DATA222:{"appid":"wxefc029d4373dcac0","bank_type":"CFT","cash_fee":"8160.00","fee_type":"CNY","is_subscribe":"Y","mch_id":"1244967502","nonce_str":"zc43d14v50ba7udngct8wsr178lvr565","openid":"orYumuLrGnKFiTkXLcj7nz5JQYj8","out_trade_no":"LX-17071018191587001-3","result_code":"SUCCESS","return_code":"SUCCESS","sign":"107BED156715F415320DD0B422FBA079","time_end":"20170711080820","total_fee":"8160.00","trade_type":"NATIVE","transaction_id":"4010122001201707110063088535"}
[2017-07-11 08:08:21][warn] 数据存储成功，并成功返回记录编号17953！
[2017-07-11 08:08:33][info] ----------------------------------------
[2017-07-11 08:08:33][info] XML_DATA111:[{appid=>wxefc029d4373dcac0}{bank_type=>CFT}{cash_fee=>816000}{fee_type=>CNY}{is_subscribe=>Y}{mch_id=>1244967502}{nonce_str=>zc43d14v50ba7udngct8wsr178lvr565}{openid=>orYumuLrGnKFiTkXLcj7nz5JQYj8}{out_trade_no=>LX-17071018191587001-3}{result_code=>SUCCESS}{return_code=>SUCCESS}{sign=>107BED156715F415320DD0B422FBA079}{time_end=>20170711080820}{total_fee=>816000}{trade_type=>NATIVE}{transaction_id=>4010122001201707110063088535}]
[2017-07-11 08:08:33][info] k:appid=>wxefc029d4373dcac0
[2017-07-11 08:08:33][info] k:bank_type=>CFT
[2017-07-11 08:08:33][info] k:cash_fee=>816000
[2017-07-11 08:08:33][info] k:fee_type=>CNY
[2017-07-11 08:08:33][info] k:is_subscribe=>Y
[2017-07-11 08:08:33][info] k:mch_id=>1244967502
[2017-07-11 08:08:33][info] k:nonce_str=>zc43d14v50ba7udngct8wsr178lvr565
[2017-07-11 08:08:33][info] k:openid=>orYumuLrGnKFiTkXLcj7nz5JQYj8
[2017-07-11 08:08:33][info] k:out_trade_no=>LX-17071018191587001-3
[2017-07-11 08:08:33][info] k:result_code=>SUCCESS
[2017-07-11 08:08:33][info] k:return_code=>SUCCESS
[2017-07-11 08:08:33][info] k:sign=>107BED156715F415320DD0B422FBA079
[2017-07-11 08:08:33][info] k:time_end=>20170711080820
[2017-07-11 08:08:33][info] k:total_fee=>816000
[2017-07-11 08:08:33][info] k:trade_type=>NATIVE
[2017-07-11 08:08:33][info] k:transaction_id=>4010122001201707110063088535
[2017-07-11 08:08:33][info] ----------------------------------------
[2017-07-11 08:08:33][info] XML_DATA222:{"appid":"wxefc029d4373dcac0","bank_type":"CFT","cash_fee":"8160.00","fee_type":"CNY","is_subscribe":"Y","mch_id":"1244967502","nonce_str":"zc43d14v50ba7udngct8wsr178lvr565","openid":"orYumuLrGnKFiTkXLcj7nz5JQYj8","out_trade_no":"LX-17071018191587001-3","result_code":"SUCCESS","return_code":"SUCCESS","sign":"107BED156715F415320DD0B422FBA079","time_end":"20170711080820","total_fee":"8160.00","trade_type":"NATIVE","transaction_id":"4010122001201707110063088535"}
[2017-07-11 08:08:33][info] 收到重复信息，并处理反馈成功！
[2017-07-11 08:08:33][info] success
[2017-07-11 08:08:33][info] 写入结束!!!
[2017-07-11 09:24:39][info] ----------------------------------------
[2017-07-11 09:24:39][info] XML_DATA111:[{appid=>wxefc029d4373dcac0}{bank_type=>ABC_DEBIT}{cash_fee=>89000}{fee_type=>CNY}{is_subscribe=>N}{mch_id=>1244967502}{nonce_str=>xv33qz0g9vf6xjnwu2nbbd74mrdlmf0q}{openid=>orYumuCLwjDL_LRjm3vsMCCmW4Bk}{out_trade_no=>LX-17070814132078706-f}{result_code=>SUCCESS}{return_code=>SUCCESS}{sign=>AE651EC68B49BE2E7F1E3AF4AC107A03}{time_end=>20170711092439}{total_fee=>89000}{trade_type=>NATIVE}{transaction_id=>4009792001201707110071772599}]
[2017-07-11 09:24:39][info] k:appid=>wxefc029d4373dcac0
[2017-07-11 09:24:39][info] k:bank_type=>ABC_DEBIT
[2017-07-11 09:24:39][info] k:cash_fee=>89000
[2017-07-11 09:24:39][info] k:fee_type=>CNY
[2017-07-11 09:24:39][info] k:is_subscribe=>N
[2017-07-11 09:24:39][info] k:mch_id=>1244967502
[2017-07-11 09:24:39][info] k:nonce_str=>xv33qz0g9vf6xjnwu2nbbd74mrdlmf0q
[2017-07-11 09:24:39][info] k:openid=>orYumuCLwjDL_LRjm3vsMCCmW4Bk
[2017-07-11 09:24:39][info] k:out_trade_no=>LX-17070814132078706-f
[2017-07-11 09:24:39][info] k:result_code=>SUCCESS
[2017-07-11 09:24:39][info] k:return_code=>SUCCESS
[2017-07-11 09:24:39][info] k:sign=>AE651EC68B49BE2E7F1E3AF4AC107A03
[2017-07-11 09:24:39][info] k:time_end=>20170711092439
[2017-07-11 09:24:39][info] k:total_fee=>89000
[2017-07-11 09:24:39][info] k:trade_type=>NATIVE
[2017-07-11 09:24:39][info] k:transaction_id=>4009792001201707110071772599
[2017-07-11 09:24:39][info] ----------------------------------------
[2017-07-11 09:24:39][info] XML_DATA222:{"appid":"wxefc029d4373dcac0","bank_type":"ABC_DEBIT","cash_fee":"890.00","fee_type":"CNY","is_subscribe":"N","mch_id":"1244967502","nonce_str":"xv33qz0g9vf6xjnwu2nbbd74mrdlmf0q","openid":"orYumuCLwjDL_LRjm3vsMCCmW4Bk","out_trade_no":"LX-17070814132078706-f","result_code":"SUCCESS","return_code":"SUCCESS","sign":"AE651EC68B49BE2E7F1E3AF4AC107A03","time_end":"20170711092439","total_fee":"890.00","trade_type":"NATIVE","transaction_id":"4009792001201707110071772599"}
[2017-07-11 09:24:39][warn] 数据存储成功，并成功返回记录编号17954！
[2017-07-11 09:24:50][info] ----------------------------------------
[2017-07-11 09:24:50][info] XML_DATA111:[{appid=>wxefc029d4373dcac0}{bank_type=>ABC_DEBIT}{cash_fee=>89000}{fee_type=>CNY}{is_subscribe=>N}{mch_id=>1244967502}{nonce_str=>xv33qz0g9vf6xjnwu2nbbd74mrdlmf0q}{openid=>orYumuCLwjDL_LRjm3vsMCCmW4Bk}{out_trade_no=>LX-17070814132078706-f}{result_code=>SUCCESS}{return_code=>SUCCESS}{sign=>AE651EC68B49BE2E7F1E3AF4AC107A03}{time_end=>20170711092439}{total_fee=>89000}{trade_type=>NATIVE}{transaction_id=>4009792001201707110071772599}]
[2017-07-11 09:24:50][info] k:appid=>wxefc029d4373dcac0
[2017-07-11 09:24:50][info] k:bank_type=>ABC_DEBIT
[2017-07-11 09:24:50][info] k:cash_fee=>89000
[2017-07-11 09:24:50][info] k:fee_type=>CNY
[2017-07-11 09:24:50][info] k:is_subscribe=>N
[2017-07-11 09:24:50][info] k:mch_id=>1244967502
[2017-07-11 09:24:50][info] k:nonce_str=>xv33qz0g9vf6xjnwu2nbbd74mrdlmf0q
[2017-07-11 09:24:50][info] k:openid=>orYumuCLwjDL_LRjm3vsMCCmW4Bk
[2017-07-11 09:24:50][info] k:out_trade_no=>LX-17070814132078706-f
[2017-07-11 09:24:50][info] k:result_code=>SUCCESS
[2017-07-11 09:24:50][info] k:return_code=>SUCCESS
[2017-07-11 09:24:50][info] k:sign=>AE651EC68B49BE2E7F1E3AF4AC107A03
[2017-07-11 09:24:50][info] k:time_end=>20170711092439
[2017-07-11 09:24:50][info] k:total_fee=>89000
[2017-07-11 09:24:50][info] k:trade_type=>NATIVE
[2017-07-11 09:24:50][info] k:transaction_id=>4009792001201707110071772599
[2017-07-11 09:24:50][info] ----------------------------------------
[2017-07-11 09:24:50][info] XML_DATA222:{"appid":"wxefc029d4373dcac0","bank_type":"ABC_DEBIT","cash_fee":"890.00","fee_type":"CNY","is_subscribe":"N","mch_id":"1244967502","nonce_str":"xv33qz0g9vf6xjnwu2nbbd74mrdlmf0q","openid":"orYumuCLwjDL_LRjm3vsMCCmW4Bk","out_trade_no":"LX-17070814132078706-f","result_code":"SUCCESS","return_code":"SUCCESS","sign":"AE651EC68B49BE2E7F1E3AF4AC107A03","time_end":"20170711092439","total_fee":"890.00","trade_type":"NATIVE","transaction_id":"4009792001201707110071772599"}
[2017-07-11 09:24:50][info] 收到重复信息，并处理反馈成功！
[2017-07-11 09:24:50][info] success
[2017-07-11 09:24:50][info] 写入结束!!!
[2017-07-11 09:38:37][info] ----------------------------------------
[2017-07-11 09:38:37][info] XML_DATA111:[{appid=>wxefc029d4373dcac0}{bank_type=>CFT}{cash_fee=>626000}{fee_type=>CNY}{is_subscribe=>N}{mch_id=>1244967502}{nonce_str=>m3bpt0e1mgiqdo63olr8za6vi4bzwy1u}{openid=>orYumuGVyxQGDURrWjo1wLG6bHZg}{out_trade_no=>LX-17071021492446506-3}{result_code=>SUCCESS}{return_code=>SUCCESS}{sign=>1F558891930B08722D54980E30686354}{time_end=>20170711093837}{total_fee=>626000}{trade_type=>NATIVE}{transaction_id=>4008062001201707110074947405}]
[2017-07-11 09:38:37][info] k:appid=>wxefc029d4373dcac0
[2017-07-11 09:38:37][info] k:bank_type=>CFT
[2017-07-11 09:38:37][info] k:cash_fee=>626000
[2017-07-11 09:38:37][info] k:fee_type=>CNY
[2017-07-11 09:38:37][info] k:is_subscribe=>N
[2017-07-11 09:38:37][info] k:mch_id=>1244967502
[2017-07-11 09:38:37][info] k:nonce_str=>m3bpt0e1mgiqdo63olr8za6vi4bzwy1u
[2017-07-11 09:38:37][info] k:openid=>orYumuGVyxQGDURrWjo1wLG6bHZg
[2017-07-11 09:38:37][info] k:out_trade_no=>LX-17071021492446506-3
[2017-07-11 09:38:37][info] k:result_code=>SUCCESS
[2017-07-11 09:38:37][info] k:return_code=>SUCCESS
[2017-07-11 09:38:37][info] k:sign=>1F558891930B08722D54980E30686354
[2017-07-11 09:38:37][info] k:time_end=>20170711093837
[2017-07-11 09:38:37][info] k:total_fee=>626000
[2017-07-11 09:38:37][info] k:trade_type=>NATIVE
[2017-07-11 09:38:37][info] k:transaction_id=>4008062001201707110074947405
[2017-07-11 09:38:37][info] ----------------------------------------
[2017-07-11 09:38:37][info] XML_DATA222:{"appid":"wxefc029d4373dcac0","bank_type":"CFT","cash_fee":"6260.00","fee_type":"CNY","is_subscribe":"N","mch_id":"1244967502","nonce_str":"m3bpt0e1mgiqdo63olr8za6vi4bzwy1u","openid":"orYumuGVyxQGDURrWjo1wLG6bHZg","out_trade_no":"LX-17071021492446506-3","result_code":"SUCCESS","return_code":"SUCCESS","sign":"1F558891930B08722D54980E30686354","time_end":"20170711093837","total_fee":"6260.00","trade_type":"NATIVE","transaction_id":"4008062001201707110074947405"}
[2017-07-11 09:38:37][warn] 数据存储成功，并成功返回记录编号17955！
[2017-07-11 09:38:52][info] ----------------------------------------
[2017-07-11 09:38:52][info] XML_DATA111:[{appid=>wxefc029d4373dcac0}{bank_type=>CFT}{cash_fee=>626000}{fee_type=>CNY}{is_subscribe=>N}{mch_id=>1244967502}{nonce_str=>m3bpt0e1mgiqdo63olr8za6vi4bzwy1u}{openid=>orYumuGVyxQGDURrWjo1wLG6bHZg}{out_trade_no=>LX-17071021492446506-3}{result_code=>SUCCESS}{return_code=>SUCCESS}{sign=>1F558891930B08722D54980E30686354}{time_end=>20170711093837}{total_fee=>626000}{trade_type=>NATIVE}{transaction_id=>4008062001201707110074947405}]
[2017-07-11 09:38:52][info] k:appid=>wxefc029d4373dcac0
[2017-07-11 09:38:52][info] k:bank_type=>CFT
[2017-07-11 09:38:52][info] k:cash_fee=>626000
[2017-07-11 09:38:52][info] k:fee_type=>CNY
[2017-07-11 09:38:52][info] k:is_subscribe=>N
[2017-07-11 09:38:52][info] k:mch_id=>1244967502
[2017-07-11 09:38:52][info] k:nonce_str=>m3bpt0e1mgiqdo63olr8za6vi4bzwy1u
[2017-07-11 09:38:52][info] k:openid=>orYumuGVyxQGDURrWjo1wLG6bHZg
[2017-07-11 09:38:52][info] k:out_trade_no=>LX-17071021492446506-3
[2017-07-11 09:38:52][info] k:result_code=>SUCCESS
[2017-07-11 09:38:52][info] k:return_code=>SUCCESS
[2017-07-11 09:38:52][info] k:sign=>1F558891930B08722D54980E30686354
[2017-07-11 09:38:52][info] k:time_end=>20170711093837
[2017-07-11 09:38:52][info] k:total_fee=>626000
[2017-07-11 09:38:52][info] k:trade_type=>NATIVE
[2017-07-11 09:38:52][info] k:transaction_id=>4008062001201707110074947405
[2017-07-11 09:38:52][info] ----------------------------------------
[2017-07-11 09:38:52][info] XML_DATA222:{"appid":"wxefc029d4373dcac0","bank_type":"CFT","cash_fee":"6260.00","fee_type":"CNY","is_subscribe":"N","mch_id":"1244967502","nonce_str":"m3bpt0e1mgiqdo63olr8za6vi4bzwy1u","openid":"orYumuGVyxQGDURrWjo1wLG6bHZg","out_trade_no":"LX-17071021492446506-3","result_code":"SUCCESS","return_code":"SUCCESS","sign":"1F558891930B08722D54980E30686354","time_end":"20170711093837","total_fee":"6260.00","trade_type":"NATIVE","transaction_id":"4008062001201707110074947405"}
[2017-07-11 09:38:53][info] 收到重复信息，并处理反馈成功！
[2017-07-11 09:38:53][info] success
[2017-07-11 09:38:53][info] 写入结束!!!
[2017-07-11 10:55:11][info] ----------------------------------------
[2017-07-11 10:55:11][info] XML_DATA111:[{appid=>wxefc029d4373dcac0}{bank_type=>CFT}{cash_fee=>160000}{fee_type=>CNY}{is_subscribe=>Y}{mch_id=>1244967502}{nonce_str=>hbro7nj38azmf5bctq0vnha2caecljv0}{openid=>orYumuGBfbSZ6HLYVROLTKYGdUpI}{out_trade_no=>LX-1707060824412701-e}{result_code=>SUCCESS}{return_code=>SUCCESS}{sign=>84F4E54D1EDEFE09327B39AFF77A593D}{time_end=>20170711105511}{total_fee=>160000}{trade_type=>NATIVE}{transaction_id=>4005132001201707110087475234}]
[2017-07-11 10:55:11][info] k:appid=>wxefc029d4373dcac0
[2017-07-11 10:55:11][info] k:bank_type=>CFT
[2017-07-11 10:55:11][info] k:cash_fee=>160000
[2017-07-11 10:55:11][info] k:fee_type=>CNY
[2017-07-11 10:55:11][info] k:is_subscribe=>Y
[2017-07-11 10:55:11][info] k:mch_id=>1244967502
[2017-07-11 10:55:11][info] k:nonce_str=>hbro7nj38azmf5bctq0vnha2caecljv0
[2017-07-11 10:55:11][info] k:openid=>orYumuGBfbSZ6HLYVROLTKYGdUpI
[2017-07-11 10:55:11][info] k:out_trade_no=>LX-1707060824412701-e
[2017-07-11 10:55:11][info] k:result_code=>SUCCESS
[2017-07-11 10:55:11][info] k:return_code=>SUCCESS
[2017-07-11 10:55:11][info] k:sign=>84F4E54D1EDEFE09327B39AFF77A593D
[2017-07-11 10:55:11][info] k:time_end=>20170711105511
[2017-07-11 10:55:11][info] k:total_fee=>160000
[2017-07-11 10:55:11][info] k:trade_type=>NATIVE
[2017-07-11 10:55:11][info] k:transaction_id=>4005132001201707110087475234
[2017-07-11 10:55:11][info] ----------------------------------------
[2017-07-11 10:55:11][info] XML_DATA222:{"appid":"wxefc029d4373dcac0","bank_type":"CFT","cash_fee":"1600.00","fee_type":"CNY","is_subscribe":"Y","mch_id":"1244967502","nonce_str":"hbro7nj38azmf5bctq0vnha2caecljv0","openid":"orYumuGBfbSZ6HLYVROLTKYGdUpI","out_trade_no":"LX-1707060824412701-e","result_code":"SUCCESS","return_code":"SUCCESS","sign":"84F4E54D1EDEFE09327B39AFF77A593D","time_end":"20170711105511","total_fee":"1600.00","trade_type":"NATIVE","transaction_id":"4005132001201707110087475234"}
[2017-07-11 10:55:12][warn] 数据存储成功，并成功返回记录编号17957！
[2017-07-11 10:55:25][info] ----------------------------------------
[2017-07-11 10:55:25][info] XML_DATA111:[{appid=>wxefc029d4373dcac0}{bank_type=>CFT}{cash_fee=>160000}{fee_type=>CNY}{is_subscribe=>Y}{mch_id=>1244967502}{nonce_str=>hbro7nj38azmf5bctq0vnha2caecljv0}{openid=>orYumuGBfbSZ6HLYVROLTKYGdUpI}{out_trade_no=>LX-1707060824412701-e}{result_code=>SUCCESS}{return_code=>SUCCESS}{sign=>84F4E54D1EDEFE09327B39AFF77A593D}{time_end=>20170711105511}{total_fee=>160000}{trade_type=>NATIVE}{transaction_id=>4005132001201707110087475234}]
[2017-07-11 10:55:25][info] k:appid=>wxefc029d4373dcac0
[2017-07-11 10:55:25][info] k:bank_type=>CFT
[2017-07-11 10:55:25][info] k:cash_fee=>160000
[2017-07-11 10:55:25][info] k:fee_type=>CNY
[2017-07-11 10:55:25][info] k:is_subscribe=>Y
[2017-07-11 10:55:25][info] k:mch_id=>1244967502
[2017-07-11 10:55:25][info] k:nonce_str=>hbro7nj38azmf5bctq0vnha2caecljv0
[2017-07-11 10:55:25][info] k:openid=>orYumuGBfbSZ6HLYVROLTKYGdUpI
[2017-07-11 10:55:25][info] k:out_trade_no=>LX-1707060824412701-e
[2017-07-11 10:55:25][info] k:result_code=>SUCCESS
[2017-07-11 10:55:25][info] k:return_code=>SUCCESS
[2017-07-11 10:55:25][info] k:sign=>84F4E54D1EDEFE09327B39AFF77A593D
[2017-07-11 10:55:25][info] k:time_end=>20170711105511
[2017-07-11 10:55:25][info] k:total_fee=>160000
[2017-07-11 10:55:25][info] k:trade_type=>NATIVE
[2017-07-11 10:55:25][info] k:transaction_id=>4005132001201707110087475234
[2017-07-11 10:55:25][info] ----------------------------------------
[2017-07-11 10:55:25][info] XML_DATA222:{"appid":"wxefc029d4373dcac0","bank_type":"CFT","cash_fee":"1600.00","fee_type":"CNY","is_subscribe":"Y","mch_id":"1244967502","nonce_str":"hbro7nj38azmf5bctq0vnha2caecljv0","openid":"orYumuGBfbSZ6HLYVROLTKYGdUpI","out_trade_no":"LX-1707060824412701-e","result_code":"SUCCESS","return_code":"SUCCESS","sign":"84F4E54D1EDEFE09327B39AFF77A593D","time_end":"20170711105511","total_fee":"1600.00","trade_type":"NATIVE","transaction_id":"4005132001201707110087475234"}
[2017-07-11 10:55:25][info] 收到重复信息，并处理反馈成功！
[2017-07-11 10:55:25][info] success
[2017-07-11 10:55:25][info] 写入结束!!!
[2017-07-11 10:57:18][info] ----------------------------------------
[2017-07-11 10:57:18][info] XML_DATA111:[{appid=>wxefc029d4373dcac0}{bank_type=>CFT}{cash_fee=>320000}{fee_type=>CNY}{is_subscribe=>Y}{mch_id=>1244967502}{nonce_str=>w1t6m9ea5f07l16ylg29vljnjg17mgbm}{openid=>orYumuGBfbSZ6HLYVROLTKYGdUpI}{out_trade_no=>LX-17070417110244201-9}{result_code=>SUCCESS}{return_code=>SUCCESS}{sign=>562E8C90ACF8F06080E03A160D8F34C1}{time_end=>20170711105718}{total_fee=>320000}{trade_type=>NATIVE}{transaction_id=>4005132001201707110090401841}]
[2017-07-11 10:57:18][info] k:appid=>wxefc029d4373dcac0
[2017-07-11 10:57:18][info] k:bank_type=>CFT
[2017-07-11 10:57:18][info] k:cash_fee=>320000
[2017-07-11 10:57:18][info] k:fee_type=>CNY
[2017-07-11 10:57:18][info] k:is_subscribe=>Y
[2017-07-11 10:57:18][info] k:mch_id=>1244967502
[2017-07-11 10:57:18][info] k:nonce_str=>w1t6m9ea5f07l16ylg29vljnjg17mgbm
[2017-07-11 10:57:18][info] k:openid=>orYumuGBfbSZ6HLYVROLTKYGdUpI
[2017-07-11 10:57:18][info] k:out_trade_no=>LX-17070417110244201-9
[2017-07-11 10:57:18][info] k:result_code=>SUCCESS
[2017-07-11 10:57:18][info] k:return_code=>SUCCESS
[2017-07-11 10:57:18][info] k:sign=>562E8C90ACF8F06080E03A160D8F34C1
[2017-07-11 10:57:18][info] k:time_end=>20170711105718
[2017-07-11 10:57:18][info] k:total_fee=>320000
[2017-07-11 10:57:18][info] k:trade_type=>NATIVE
[2017-07-11 10:57:18][info] k:transaction_id=>4005132001201707110090401841
[2017-07-11 10:57:18][info] ----------------------------------------
[2017-07-11 10:57:18][info] XML_DATA222:{"appid":"wxefc029d4373dcac0","bank_type":"CFT","cash_fee":"3200.00","fee_type":"CNY","is_subscribe":"Y","mch_id":"1244967502","nonce_str":"w1t6m9ea5f07l16ylg29vljnjg17mgbm","openid":"orYumuGBfbSZ6HLYVROLTKYGdUpI","out_trade_no":"LX-17070417110244201-9","result_code":"SUCCESS","return_code":"SUCCESS","sign":"562E8C90ACF8F06080E03A160D8F34C1","time_end":"20170711105718","total_fee":"3200.00","trade_type":"NATIVE","transaction_id":"4005132001201707110090401841"}
[2017-07-11 10:57:18][warn] 数据存储成功，并成功返回记录编号17958！
[2017-07-11 10:57:33][info] ----------------------------------------
[2017-07-11 10:57:33][info] XML_DATA111:[{appid=>wxefc029d4373dcac0}{bank_type=>CFT}{cash_fee=>320000}{fee_type=>CNY}{is_subscribe=>Y}{mch_id=>1244967502}{nonce_str=>w1t6m9ea5f07l16ylg29vljnjg17mgbm}{openid=>orYumuGBfbSZ6HLYVROLTKYGdUpI}{out_trade_no=>LX-17070417110244201-9}{result_code=>SUCCESS}{return_code=>SUCCESS}{sign=>562E8C90ACF8F06080E03A160D8F34C1}{time_end=>20170711105718}{total_fee=>320000}{trade_type=>NATIVE}{transaction_id=>4005132001201707110090401841}]
[2017-07-11 10:57:33][info] k:appid=>wxefc029d4373dcac0
[2017-07-11 10:57:33][info] k:bank_type=>CFT
[2017-07-11 10:57:33][info] k:cash_fee=>320000
[2017-07-11 10:57:33][info] k:fee_type=>CNY
[2017-07-11 10:57:33][info] k:is_subscribe=>Y
[2017-07-11 10:57:33][info] k:mch_id=>1244967502
[2017-07-11 10:57:33][info] k:nonce_str=>w1t6m9ea5f07l16ylg29vljnjg17mgbm
[2017-07-11 10:57:33][info] k:openid=>orYumuGBfbSZ6HLYVROLTKYGdUpI
[2017-07-11 10:57:33][info] k:out_trade_no=>LX-17070417110244201-9
[2017-07-11 10:57:33][info] k:result_code=>SUCCESS
[2017-07-11 10:57:33][info] k:return_code=>SUCCESS
[2017-07-11 10:57:33][info] k:sign=>562E8C90ACF8F06080E03A160D8F34C1
[2017-07-11 10:57:33][info] k:time_end=>20170711105718
[2017-07-11 10:57:33][info] k:total_fee=>320000
[2017-07-11 10:57:33][info] k:trade_type=>NATIVE
[2017-07-11 10:57:33][info] k:transaction_id=>4005132001201707110090401841
[2017-07-11 10:57:33][info] ----------------------------------------
[2017-07-11 10:57:33][info] XML_DATA222:{"appid":"wxefc029d4373dcac0","bank_type":"CFT","cash_fee":"3200.00","fee_type":"CNY","is_subscribe":"Y","mch_id":"1244967502","nonce_str":"w1t6m9ea5f07l16ylg29vljnjg17mgbm","openid":"orYumuGBfbSZ6HLYVROLTKYGdUpI","out_trade_no":"LX-17070417110244201-9","result_code":"SUCCESS","return_code":"SUCCESS","sign":"562E8C90ACF8F06080E03A160D8F34C1","time_end":"20170711105718","total_fee":"3200.00","trade_type":"NATIVE","transaction_id":"4005132001201707110090401841"}
[2017-07-11 10:57:33][info] 收到重复信息，并处理反馈成功！
[2017-07-11 10:57:33][info] success
[2017-07-11 10:57:33][info] 写入结束!!!
[2017-07-11 10:59:44][info] ----------------------------------------
[2017-07-11 10:59:44][info] XML_DATA111:[{appid=>wxefc029d4373dcac0}{bank_type=>CFT}{cash_fee=>160000}{fee_type=>CNY}{is_subscribe=>Y}{mch_id=>1244967502}{nonce_str=>934mhzf7p07p7804xjz6szcf6qmwbd5w}{openid=>orYumuGBfbSZ6HLYVROLTKYGdUpI}{out_trade_no=>LX-17070413243885701-c}{result_code=>SUCCESS}{return_code=>SUCCESS}{sign=>ECBA20B795D6A916D22C01D348B0AF06}{time_end=>20170711105943}{total_fee=>160000}{trade_type=>NATIVE}{transaction_id=>4005132001201707110090525238}]
[2017-07-11 10:59:44][info] k:appid=>wxefc029d4373dcac0
[2017-07-11 10:59:44][info] k:bank_type=>CFT
[2017-07-11 10:59:44][info] k:cash_fee=>160000
[2017-07-11 10:59:44][info] k:fee_type=>CNY
[2017-07-11 10:59:44][info] k:is_subscribe=>Y
[2017-07-11 10:59:44][info] k:mch_id=>1244967502
[2017-07-11 10:59:44][info] k:nonce_str=>934mhzf7p07p7804xjz6szcf6qmwbd5w
[2017-07-11 10:59:44][info] k:openid=>orYumuGBfbSZ6HLYVROLTKYGdUpI
[2017-07-11 10:59:44][info] k:out_trade_no=>LX-17070413243885701-c
[2017-07-11 10:59:44][info] k:result_code=>SUCCESS
[2017-07-11 10:59:44][info] k:return_code=>SUCCESS
[2017-07-11 10:59:44][info] k:sign=>ECBA20B795D6A916D22C01D348B0AF06
[2017-07-11 10:59:44][info] k:time_end=>20170711105943
[2017-07-11 10:59:44][info] k:total_fee=>160000
[2017-07-11 10:59:44][info] k:trade_type=>NATIVE
[2017-07-11 10:59:44][info] k:transaction_id=>4005132001201707110090525238
[2017-07-11 10:59:44][info] ----------------------------------------
[2017-07-11 10:59:44][info] XML_DATA222:{"appid":"wxefc029d4373dcac0","bank_type":"CFT","cash_fee":"1600.00","fee_type":"CNY","is_subscribe":"Y","mch_id":"1244967502","nonce_str":"934mhzf7p07p7804xjz6szcf6qmwbd5w","openid":"orYumuGBfbSZ6HLYVROLTKYGdUpI","out_trade_no":"LX-17070413243885701-c","result_code":"SUCCESS","return_code":"SUCCESS","sign":"ECBA20B795D6A916D22C01D348B0AF06","time_end":"20170711105943","total_fee":"1600.00","trade_type":"NATIVE","transaction_id":"4005132001201707110090525238"}
[2017-07-11 10:59:44][warn] 数据存储成功，并成功返回记录编号17959！
[2017-07-11 10:59:57][info] ----------------------------------------
[2017-07-11 10:59:57][info] XML_DATA111:[{appid=>wxefc029d4373dcac0}{bank_type=>CFT}{cash_fee=>160000}{fee_type=>CNY}{is_subscribe=>Y}{mch_id=>1244967502}{nonce_str=>934mhzf7p07p7804xjz6szcf6qmwbd5w}{openid=>orYumuGBfbSZ6HLYVROLTKYGdUpI}{out_trade_no=>LX-17070413243885701-c}{result_code=>SUCCESS}{return_code=>SUCCESS}{sign=>ECBA20B795D6A916D22C01D348B0AF06}{time_end=>20170711105943}{total_fee=>160000}{trade_type=>NATIVE}{transaction_id=>4005132001201707110090525238}]
[2017-07-11 10:59:57][info] k:appid=>wxefc029d4373dcac0
[2017-07-11 10:59:57][info] k:bank_type=>CFT
[2017-07-11 10:59:57][info] k:cash_fee=>160000
[2017-07-11 10:59:57][info] k:fee_type=>CNY
[2017-07-11 10:59:57][info] k:is_subscribe=>Y
[2017-07-11 10:59:57][info] k:mch_id=>1244967502
[2017-07-11 10:59:57][info] k:nonce_str=>934mhzf7p07p7804xjz6szcf6qmwbd5w
[2017-07-11 10:59:57][info] k:openid=>orYumuGBfbSZ6HLYVROLTKYGdUpI
[2017-07-11 10:59:57][info] k:out_trade_no=>LX-17070413243885701-c
[2017-07-11 10:59:57][info] k:result_code=>SUCCESS
[2017-07-11 10:59:57][info] k:return_code=>SUCCESS
[2017-07-11 10:59:57][info] k:sign=>ECBA20B795D6A916D22C01D348B0AF06
[2017-07-11 10:59:57][info] k:time_end=>20170711105943
[2017-07-11 10:59:57][info] k:total_fee=>160000
[2017-07-11 10:59:57][info] k:trade_type=>NATIVE
[2017-07-11 10:59:57][info] k:transaction_id=>4005132001201707110090525238
[2017-07-11 10:59:57][info] ----------------------------------------
[2017-07-11 10:59:57][info] XML_DATA222:{"appid":"wxefc029d4373dcac0","bank_type":"CFT","cash_fee":"1600.00","fee_type":"CNY","is_subscribe":"Y","mch_id":"1244967502","nonce_str":"934mhzf7p07p7804xjz6szcf6qmwbd5w","openid":"orYumuGBfbSZ6HLYVROLTKYGdUpI","out_trade_no":"LX-17070413243885701-c","result_code":"SUCCESS","return_code":"SUCCESS","sign":"ECBA20B795D6A916D22C01D348B0AF06","time_end":"20170711105943","total_fee":"1600.00","trade_type":"NATIVE","transaction_id":"4005132001201707110090525238"}
[2017-07-11 10:59:57][info] 收到重复信息，并处理反馈成功！
[2017-07-11 10:59:57][info] success
[2017-07-11 10:59:57][info] 写入结束!!!
[2017-07-11 11:02:09][info] ----------------------------------------
[2017-07-11 11:02:09][info] XML_DATA111:[{appid=>wxefc029d4373dcac0}{bank_type=>CFT}{cash_fee=>160000}{fee_type=>CNY}{is_subscribe=>Y}{mch_id=>1244967502}{nonce_str=>ftbj4wiiqkisjqhj3hn9o1xc1lbyw1gq}{openid=>orYumuGBfbSZ6HLYVROLTKYGdUpI}{out_trade_no=>LX-17070410492662601-9}{result_code=>SUCCESS}{return_code=>SUCCESS}{sign=>2B4E23B8C2A8780D2DE69FDAEDC9B820}{time_end=>20170711110208}{total_fee=>160000}{trade_type=>NATIVE}{transaction_id=>4005132001201707110090622650}]
[2017-07-11 11:02:09][info] k:appid=>wxefc029d4373dcac0
[2017-07-11 11:02:09][info] k:bank_type=>CFT
[2017-07-11 11:02:09][info] k:cash_fee=>160000
[2017-07-11 11:02:09][info] k:fee_type=>CNY
[2017-07-11 11:02:09][info] k:is_subscribe=>Y
[2017-07-11 11:02:09][info] k:mch_id=>1244967502
[2017-07-11 11:02:09][info] k:nonce_str=>ftbj4wiiqkisjqhj3hn9o1xc1lbyw1gq
[2017-07-11 11:02:09][info] k:openid=>orYumuGBfbSZ6HLYVROLTKYGdUpI
[2017-07-11 11:02:09][info] k:out_trade_no=>LX-17070410492662601-9
[2017-07-11 11:02:09][info] k:result_code=>SUCCESS
[2017-07-11 11:02:09][info] k:return_code=>SUCCESS
[2017-07-11 11:02:09][info] k:sign=>2B4E23B8C2A8780D2DE69FDAEDC9B820
[2017-07-11 11:02:09][info] k:time_end=>20170711110208
[2017-07-11 11:02:09][info] k:total_fee=>160000
[2017-07-11 11:02:09][info] k:trade_type=>NATIVE
[2017-07-11 11:02:09][info] k:transaction_id=>4005132001201707110090622650
[2017-07-11 11:02:09][info] ----------------------------------------
[2017-07-11 11:02:09][info] XML_DATA222:{"appid":"wxefc029d4373dcac0","bank_type":"CFT","cash_fee":"1600.00","fee_type":"CNY","is_subscribe":"Y","mch_id":"1244967502","nonce_str":"ftbj4wiiqkisjqhj3hn9o1xc1lbyw1gq","openid":"orYumuGBfbSZ6HLYVROLTKYGdUpI","out_trade_no":"LX-17070410492662601-9","result_code":"SUCCESS","return_code":"SUCCESS","sign":"2B4E23B8C2A8780D2DE69FDAEDC9B820","time_end":"20170711110208","total_fee":"1600.00","trade_type":"NATIVE","transaction_id":"4005132001201707110090622650"}
[2017-07-11 11:02:09][warn] 数据存储成功，并成功返回记录编号17962！
[2017-07-11 11:02:21][info] ----------------------------------------
[2017-07-11 11:02:21][info] XML_DATA111:[{appid=>wxefc029d4373dcac0}{bank_type=>CFT}{cash_fee=>160000}{fee_type=>CNY}{is_subscribe=>Y}{mch_id=>1244967502}{nonce_str=>ftbj4wiiqkisjqhj3hn9o1xc1lbyw1gq}{openid=>orYumuGBfbSZ6HLYVROLTKYGdUpI}{out_trade_no=>LX-17070410492662601-9}{result_code=>SUCCESS}{return_code=>SUCCESS}{sign=>2B4E23B8C2A8780D2DE69FDAEDC9B820}{time_end=>20170711110208}{total_fee=>160000}{trade_type=>NATIVE}{transaction_id=>4005132001201707110090622650}]
[2017-07-11 11:02:21][info] k:appid=>wxefc029d4373dcac0
[2017-07-11 11:02:21][info] k:bank_type=>CFT
[2017-07-11 11:02:21][info] k:cash_fee=>160000
[2017-07-11 11:02:21][info] k:fee_type=>CNY
[2017-07-11 11:02:21][info] k:is_subscribe=>Y
[2017-07-11 11:02:21][info] k:mch_id=>1244967502
[2017-07-11 11:02:21][info] k:nonce_str=>ftbj4wiiqkisjqhj3hn9o1xc1lbyw1gq
[2017-07-11 11:02:21][info] k:openid=>orYumuGBfbSZ6HLYVROLTKYGdUpI
[2017-07-11 11:02:21][info] k:out_trade_no=>LX-17070410492662601-9
[2017-07-11 11:02:21][info] k:result_code=>SUCCESS
[2017-07-11 11:02:21][info] k:return_code=>SUCCESS
[2017-07-11 11:02:21][info] k:sign=>2B4E23B8C2A8780D2DE69FDAEDC9B820
[2017-07-11 11:02:21][info] k:time_end=>20170711110208
[2017-07-11 11:02:21][info] k:total_fee=>160000
[2017-07-11 11:02:21][info] k:trade_type=>NATIVE
[2017-07-11 11:02:21][info] k:transaction_id=>4005132001201707110090622650
[2017-07-11 11:02:21][info] ----------------------------------------
[2017-07-11 11:02:21][info] XML_DATA222:{"appid":"wxefc029d4373dcac0","bank_type":"CFT","cash_fee":"1600.00","fee_type":"CNY","is_subscribe":"Y","mch_id":"1244967502","nonce_str":"ftbj4wiiqkisjqhj3hn9o1xc1lbyw1gq","openid":"orYumuGBfbSZ6HLYVROLTKYGdUpI","out_trade_no":"LX-17070410492662601-9","result_code":"SUCCESS","return_code":"SUCCESS","sign":"2B4E23B8C2A8780D2DE69FDAEDC9B820","time_end":"20170711110208","total_fee":"1600.00","trade_type":"NATIVE","transaction_id":"4005132001201707110090622650"}
[2017-07-11 11:02:21][info] 收到重复信息，并处理反馈成功！
[2017-07-11 11:02:21][info] success
[2017-07-11 11:02:21][info] 写入结束!!!
[2017-07-11 11:03:34][info] ----------------------------------------
[2017-07-11 11:03:34][info] XML_DATA111:[{appid=>wxefc029d4373dcac0}{bank_type=>CFT}{cash_fee=>160000}{fee_type=>CNY}{is_subscribe=>Y}{mch_id=>1244967502}{nonce_str=>cb54x0xgmuums6fjfp8veyqhakmd1nlc}{openid=>orYumuGBfbSZ6HLYVROLTKYGdUpI}{out_trade_no=>LX-17070315223576701-6}{result_code=>SUCCESS}{return_code=>SUCCESS}{sign=>6EAEE79EC5B8D49383441B22B28978F5}{time_end=>20170711110333}{total_fee=>160000}{trade_type=>NATIVE}{transaction_id=>4005132001201707110086199028}]
[2017-07-11 11:03:34][info] k:appid=>wxefc029d4373dcac0
[2017-07-11 11:03:34][info] k:bank_type=>CFT
[2017-07-11 11:03:34][info] k:cash_fee=>160000
[2017-07-11 11:03:34][info] k:fee_type=>CNY
[2017-07-11 11:03:34][info] k:is_subscribe=>Y
[2017-07-11 11:03:34][info] k:mch_id=>1244967502
[2017-07-11 11:03:34][info] k:nonce_str=>cb54x0xgmuums6fjfp8veyqhakmd1nlc
[2017-07-11 11:03:34][info] k:openid=>orYumuGBfbSZ6HLYVROLTKYGdUpI
[2017-07-11 11:03:34][info] k:out_trade_no=>LX-17070315223576701-6
[2017-07-11 11:03:34][info] k:result_code=>SUCCESS
[2017-07-11 11:03:34][info] k:return_code=>SUCCESS
[2017-07-11 11:03:34][info] k:sign=>6EAEE79EC5B8D49383441B22B28978F5
[2017-07-11 11:03:34][info] k:time_end=>20170711110333
[2017-07-11 11:03:34][info] k:total_fee=>160000
[2017-07-11 11:03:34][info] k:trade_type=>NATIVE
[2017-07-11 11:03:34][info] k:transaction_id=>4005132001201707110086199028
[2017-07-11 11:03:34][info] ----------------------------------------
[2017-07-11 11:03:34][info] XML_DATA222:{"appid":"wxefc029d4373dcac0","bank_type":"CFT","cash_fee":"1600.00","fee_type":"CNY","is_subscribe":"Y","mch_id":"1244967502","nonce_str":"cb54x0xgmuums6fjfp8veyqhakmd1nlc","openid":"orYumuGBfbSZ6HLYVROLTKYGdUpI","out_trade_no":"LX-17070315223576701-6","result_code":"SUCCESS","return_code":"SUCCESS","sign":"6EAEE79EC5B8D49383441B22B28978F5","time_end":"20170711110333","total_fee":"1600.00","trade_type":"NATIVE","transaction_id":"4005132001201707110086199028"}
[2017-07-11 11:03:34][warn] 数据存储成功，并成功返回记录编号17963！
[2017-07-11 11:03:50][info] ----------------------------------------
[2017-07-11 11:03:50][info] XML_DATA111:[{appid=>wxefc029d4373dcac0}{bank_type=>CFT}{cash_fee=>160000}{fee_type=>CNY}{is_subscribe=>Y}{mch_id=>1244967502}{nonce_str=>cb54x0xgmuums6fjfp8veyqhakmd1nlc}{openid=>orYumuGBfbSZ6HLYVROLTKYGdUpI}{out_trade_no=>LX-17070315223576701-6}{result_code=>SUCCESS}{return_code=>SUCCESS}{sign=>6EAEE79EC5B8D49383441B22B28978F5}{time_end=>20170711110333}{total_fee=>160000}{trade_type=>NATIVE}{transaction_id=>4005132001201707110086199028}]
[2017-07-11 11:03:50][info] k:appid=>wxefc029d4373dcac0
[2017-07-11 11:03:50][info] k:bank_type=>CFT
[2017-07-11 11:03:50][info] k:cash_fee=>160000
[2017-07-11 11:03:50][info] k:fee_type=>CNY
[2017-07-11 11:03:50][info] k:is_subscribe=>Y
[2017-07-11 11:03:50][info] k:mch_id=>1244967502
[2017-07-11 11:03:50][info] k:nonce_str=>cb54x0xgmuums6fjfp8veyqhakmd1nlc
[2017-07-11 11:03:50][info] k:openid=>orYumuGBfbSZ6HLYVROLTKYGdUpI
[2017-07-11 11:03:50][info] k:out_trade_no=>LX-17070315223576701-6
[2017-07-11 11:03:50][info] k:result_code=>SUCCESS
[2017-07-11 11:03:50][info] k:return_code=>SUCCESS
[2017-07-11 11:03:50][info] k:sign=>6EAEE79EC5B8D49383441B22B28978F5
[2017-07-11 11:03:50][info] k:time_end=>20170711110333
[2017-07-11 11:03:50][info] k:total_fee=>160000
[2017-07-11 11:03:50][info] k:trade_type=>NATIVE
[2017-07-11 11:03:50][info] k:transaction_id=>4005132001201707110086199028
[2017-07-11 11:03:50][info] ----------------------------------------
[2017-07-11 11:03:50][info] XML_DATA222:{"appid":"wxefc029d4373dcac0","bank_type":"CFT","cash_fee":"1600.00","fee_type":"CNY","is_subscribe":"Y","mch_id":"1244967502","nonce_str":"cb54x0xgmuums6fjfp8veyqhakmd1nlc","openid":"orYumuGBfbSZ6HLYVROLTKYGdUpI","out_trade_no":"LX-17070315223576701-6","result_code":"SUCCESS","return_code":"SUCCESS","sign":"6EAEE79EC5B8D49383441B22B28978F5","time_end":"20170711110333","total_fee":"1600.00","trade_type":"NATIVE","transaction_id":"4005132001201707110086199028"}
[2017-07-11 11:03:50][info] 收到重复信息，并处理反馈成功！
[2017-07-11 11:03:50][info] success
[2017-07-11 11:03:50][info] 写入结束!!!
[2017-07-11 11:06:05][info] ----------------------------------------
[2017-07-11 11:06:05][info] XML_DATA111:[{appid=>wxefc029d4373dcac0}{bank_type=>BOC_CREDIT}{cash_fee=>620000}{fee_type=>CNY}{is_subscribe=>N}{mch_id=>1244967502}{nonce_str=>kt8c469703o826zq44xl7ox5ij9nzksx}{openid=>orYumuANi0YvgCnKCYoFlcOEgI70}{out_trade_no=>LX-17071109155940106-d}{result_code=>SUCCESS}{return_code=>SUCCESS}{sign=>1D817863B6D0CB9166022BF92F4B6AB6}{time_end=>20170711110605}{total_fee=>620000}{trade_type=>NATIVE}{transaction_id=>4009432001201707110087980602}]
[2017-07-11 11:06:05][info] k:appid=>wxefc029d4373dcac0
[2017-07-11 11:06:05][info] k:bank_type=>BOC_CREDIT
[2017-07-11 11:06:05][info] k:cash_fee=>620000
[2017-07-11 11:06:05][info] k:fee_type=>CNY
[2017-07-11 11:06:05][info] k:is_subscribe=>N
[2017-07-11 11:06:05][info] k:mch_id=>1244967502
[2017-07-11 11:06:05][info] k:nonce_str=>kt8c469703o826zq44xl7ox5ij9nzksx
[2017-07-11 11:06:05][info] k:openid=>orYumuANi0YvgCnKCYoFlcOEgI70
[2017-07-11 11:06:05][info] k:out_trade_no=>LX-17071109155940106-d
[2017-07-11 11:06:05][info] k:result_code=>SUCCESS
[2017-07-11 11:06:05][info] k:return_code=>SUCCESS
[2017-07-11 11:06:05][info] k:sign=>1D817863B6D0CB9166022BF92F4B6AB6
[2017-07-11 11:06:05][info] k:time_end=>20170711110605
[2017-07-11 11:06:05][info] k:total_fee=>620000
[2017-07-11 11:06:05][info] k:trade_type=>NATIVE
[2017-07-11 11:06:05][info] k:transaction_id=>4009432001201707110087980602
[2017-07-11 11:06:05][info] ----------------------------------------
[2017-07-11 11:06:05][info] XML_DATA222:{"appid":"wxefc029d4373dcac0","bank_type":"BOC_CREDIT","cash_fee":"6200.00","fee_type":"CNY","is_subscribe":"N","mch_id":"1244967502","nonce_str":"kt8c469703o826zq44xl7ox5ij9nzksx","openid":"orYumuANi0YvgCnKCYoFlcOEgI70","out_trade_no":"LX-17071109155940106-d","result_code":"SUCCESS","return_code":"SUCCESS","sign":"1D817863B6D0CB9166022BF92F4B6AB6","time_end":"20170711110605","total_fee":"6200.00","trade_type":"NATIVE","transaction_id":"4009432001201707110087980602"}
[2017-07-11 11:06:06][warn] 数据存储成功，并成功返回记录编号17964！
[2017-07-11 11:06:21][info] ----------------------------------------
[2017-07-11 11:06:21][info] XML_DATA111:[{appid=>wxefc029d4373dcac0}{bank_type=>BOC_CREDIT}{cash_fee=>620000}{fee_type=>CNY}{is_subscribe=>N}{mch_id=>1244967502}{nonce_str=>kt8c469703o826zq44xl7ox5ij9nzksx}{openid=>orYumuANi0YvgCnKCYoFlcOEgI70}{out_trade_no=>LX-17071109155940106-d}{result_code=>SUCCESS}{return_code=>SUCCESS}{sign=>1D817863B6D0CB9166022BF92F4B6AB6}{time_end=>20170711110605}{total_fee=>620000}{trade_type=>NATIVE}{transaction_id=>4009432001201707110087980602}]
[2017-07-11 11:06:21][info] k:appid=>wxefc029d4373dcac0
[2017-07-11 11:06:21][info] k:bank_type=>BOC_CREDIT
[2017-07-11 11:06:21][info] k:cash_fee=>620000
[2017-07-11 11:06:21][info] k:fee_type=>CNY
[2017-07-11 11:06:21][info] k:is_subscribe=>N
[2017-07-11 11:06:21][info] k:mch_id=>1244967502
[2017-07-11 11:06:21][info] k:nonce_str=>kt8c469703o826zq44xl7ox5ij9nzksx
[2017-07-11 11:06:21][info] k:openid=>orYumuANi0YvgCnKCYoFlcOEgI70
[2017-07-11 11:06:21][info] k:out_trade_no=>LX-17071109155940106-d
[2017-07-11 11:06:21][info] k:result_code=>SUCCESS
[2017-07-11 11:06:21][info] k:return_code=>SUCCESS
[2017-07-11 11:06:21][info] k:sign=>1D817863B6D0CB9166022BF92F4B6AB6
[2017-07-11 11:06:21][info] k:time_end=>20170711110605
[2017-07-11 11:06:21][info] k:total_fee=>620000
[2017-07-11 11:06:21][info] k:trade_type=>NATIVE
[2017-07-11 11:06:21][info] k:transaction_id=>4009432001201707110087980602
[2017-07-11 11:06:21][info] ----------------------------------------
[2017-07-11 11:06:21][info] XML_DATA222:{"appid":"wxefc029d4373dcac0","bank_type":"BOC_CREDIT","cash_fee":"6200.00","fee_type":"CNY","is_subscribe":"N","mch_id":"1244967502","nonce_str":"kt8c469703o826zq44xl7ox5ij9nzksx","openid":"orYumuANi0YvgCnKCYoFlcOEgI70","out_trade_no":"LX-17071109155940106-d","result_code":"SUCCESS","return_code":"SUCCESS","sign":"1D817863B6D0CB9166022BF92F4B6AB6","time_end":"20170711110605","total_fee":"6200.00","trade_type":"NATIVE","transaction_id":"4009432001201707110087980602"}
[2017-07-11 11:06:21][info] 收到重复信息，并处理反馈成功！
[2017-07-11 11:06:21][info] success
[2017-07-11 11:06:21][info] 写入结束!!!
[2017-07-11 11:13:40][info] ----------------------------------------
[2017-07-11 11:13:40][info] XML_DATA111:[{appid=>wxefc029d4373dcac0}{bank_type=>CFT}{cash_fee=>320000}{fee_type=>CNY}{is_subscribe=>Y}{mch_id=>1244967502}{nonce_str=>okgru8fqz5brrz7ir7janvma98ruo8mm}{openid=>orYumuGBfbSZ6HLYVROLTKYGdUpI}{out_trade_no=>LX-17050915302683906-b}{result_code=>SUCCESS}{return_code=>SUCCESS}{sign=>FCBD0D9ED90D3C649D3E65E506FFF9A0}{time_end=>20170711111339}{total_fee=>320000}{trade_type=>NATIVE}{transaction_id=>4005132001201707110088287198}]
[2017-07-11 11:13:40][info] k:appid=>wxefc029d4373dcac0
[2017-07-11 11:13:40][info] k:bank_type=>CFT
[2017-07-11 11:13:40][info] k:cash_fee=>320000
[2017-07-11 11:13:40][info] k:fee_type=>CNY
[2017-07-11 11:13:40][info] k:is_subscribe=>Y
[2017-07-11 11:13:40][info] k:mch_id=>1244967502
[2017-07-11 11:13:40][info] k:nonce_str=>okgru8fqz5brrz7ir7janvma98ruo8mm
[2017-07-11 11:13:40][info] k:openid=>orYumuGBfbSZ6HLYVROLTKYGdUpI
[2017-07-11 11:13:40][info] k:out_trade_no=>LX-17050915302683906-b
[2017-07-11 11:13:40][info] k:result_code=>SUCCESS
[2017-07-11 11:13:40][info] k:return_code=>SUCCESS
[2017-07-11 11:13:40][info] k:sign=>FCBD0D9ED90D3C649D3E65E506FFF9A0
[2017-07-11 11:13:40][info] k:time_end=>20170711111339
[2017-07-11 11:13:40][info] k:total_fee=>320000
[2017-07-11 11:13:40][info] k:trade_type=>NATIVE
[2017-07-11 11:13:40][info] k:transaction_id=>4005132001201707110088287198
[2017-07-11 11:13:40][info] ----------------------------------------
[2017-07-11 11:13:40][info] XML_DATA222:{"appid":"wxefc029d4373dcac0","bank_type":"CFT","cash_fee":"3200.00","fee_type":"CNY","is_subscribe":"Y","mch_id":"1244967502","nonce_str":"okgru8fqz5brrz7ir7janvma98ruo8mm","openid":"orYumuGBfbSZ6HLYVROLTKYGdUpI","out_trade_no":"LX-17050915302683906-b","result_code":"SUCCESS","return_code":"SUCCESS","sign":"FCBD0D9ED90D3C649D3E65E506FFF9A0","time_end":"20170711111339","total_fee":"3200.00","trade_type":"NATIVE","transaction_id":"4005132001201707110088287198"}
[2017-07-11 11:13:40][warn] 数据存储成功，并成功返回记录编号17965！
[2017-07-11 11:13:49][info] ----------------------------------------
[2017-07-11 11:13:49][info] XML_DATA111:[{appid=>wxefc029d4373dcac0}{bank_type=>CFT}{cash_fee=>320000}{fee_type=>CNY}{is_subscribe=>Y}{mch_id=>1244967502}{nonce_str=>okgru8fqz5brrz7ir7janvma98ruo8mm}{openid=>orYumuGBfbSZ6HLYVROLTKYGdUpI}{out_trade_no=>LX-17050915302683906-b}{result_code=>SUCCESS}{return_code=>SUCCESS}{sign=>FCBD0D9ED90D3C649D3E65E506FFF9A0}{time_end=>20170711111339}{total_fee=>320000}{trade_type=>NATIVE}{transaction_id=>4005132001201707110088287198}]
[2017-07-11 11:13:49][info] k:appid=>wxefc029d4373dcac0
[2017-07-11 11:13:49][info] k:bank_type=>CFT
[2017-07-11 11:13:49][info] k:cash_fee=>320000
[2017-07-11 11:13:49][info] k:fee_type=>CNY
[2017-07-11 11:13:49][info] k:is_subscribe=>Y
[2017-07-11 11:13:49][info] k:mch_id=>1244967502
[2017-07-11 11:13:49][info] k:nonce_str=>okgru8fqz5brrz7ir7janvma98ruo8mm
[2017-07-11 11:13:49][info] k:openid=>orYumuGBfbSZ6HLYVROLTKYGdUpI
[2017-07-11 11:13:49][info] k:out_trade_no=>LX-17050915302683906-b
[2017-07-11 11:13:49][info] k:result_code=>SUCCESS
[2017-07-11 11:13:49][info] k:return_code=>SUCCESS
[2017-07-11 11:13:49][info] k:sign=>FCBD0D9ED90D3C649D3E65E506FFF9A0
[2017-07-11 11:13:49][info] k:time_end=>20170711111339
[2017-07-11 11:13:49][info] k:total_fee=>320000
[2017-07-11 11:13:49][info] k:trade_type=>NATIVE
[2017-07-11 11:13:49][info] k:transaction_id=>4005132001201707110088287198
[2017-07-11 11:13:49][info] ----------------------------------------
[2017-07-11 11:13:49][info] XML_DATA222:{"appid":"wxefc029d4373dcac0","bank_type":"CFT","cash_fee":"3200.00","fee_type":"CNY","is_subscribe":"Y","mch_id":"1244967502","nonce_str":"okgru8fqz5brrz7ir7janvma98ruo8mm","openid":"orYumuGBfbSZ6HLYVROLTKYGdUpI","out_trade_no":"LX-17050915302683906-b","result_code":"SUCCESS","return_code":"SUCCESS","sign":"FCBD0D9ED90D3C649D3E65E506FFF9A0","time_end":"20170711111339","total_fee":"3200.00","trade_type":"NATIVE","transaction_id":"4005132001201707110088287198"}
[2017-07-11 11:13:49][info] 收到重复信息，并处理反馈成功！
[2017-07-11 11:13:49][info] success
[2017-07-11 11:13:49][info] 写入结束!!!
[2017-07-11 11:17:42][info] ----------------------------------------
[2017-07-11 11:17:42][info] XML_DATA111:[{appid=>wxefc029d4373dcac0}{bank_type=>CFT}{cash_fee=>800000}{fee_type=>CNY}{is_subscribe=>Y}{mch_id=>1244967502}{nonce_str=>4pu6lvemh9tnbsgnbjjumf8za2aogeel}{openid=>orYumuGBfbSZ6HLYVROLTKYGdUpI}{out_trade_no=>LX-17062609273228806-d}{result_code=>SUCCESS}{return_code=>SUCCESS}{sign=>E9A7A6D081609C29FC099FE3EA192BC8}{time_end=>20170711111742}{total_fee=>800000}{trade_type=>NATIVE}{transaction_id=>4005132001201707110092725161}]
[2017-07-11 11:17:42][info] k:appid=>wxefc029d4373dcac0
[2017-07-11 11:17:42][info] k:bank_type=>CFT
[2017-07-11 11:17:42][info] k:cash_fee=>800000
[2017-07-11 11:17:42][info] k:fee_type=>CNY
[2017-07-11 11:17:42][info] k:is_subscribe=>Y
[2017-07-11 11:17:42][info] k:mch_id=>1244967502
[2017-07-11 11:17:42][info] k:nonce_str=>4pu6lvemh9tnbsgnbjjumf8za2aogeel
[2017-07-11 11:17:42][info] k:openid=>orYumuGBfbSZ6HLYVROLTKYGdUpI
[2017-07-11 11:17:42][info] k:out_trade_no=>LX-17062609273228806-d
[2017-07-11 11:17:42][info] k:result_code=>SUCCESS
[2017-07-11 11:17:42][info] k:return_code=>SUCCESS
[2017-07-11 11:17:42][info] k:sign=>E9A7A6D081609C29FC099FE3EA192BC8
[2017-07-11 11:17:42][info] k:time_end=>20170711111742
[2017-07-11 11:17:42][info] k:total_fee=>800000
[2017-07-11 11:17:42][info] k:trade_type=>NATIVE
[2017-07-11 11:17:42][info] k:transaction_id=>4005132001201707110092725161
[2017-07-11 11:17:42][info] ----------------------------------------
[2017-07-11 11:17:42][info] XML_DATA222:{"appid":"wxefc029d4373dcac0","bank_type":"CFT","cash_fee":"8000.00","fee_type":"CNY","is_subscribe":"Y","mch_id":"1244967502","nonce_str":"4pu6lvemh9tnbsgnbjjumf8za2aogeel","openid":"orYumuGBfbSZ6HLYVROLTKYGdUpI","out_trade_no":"LX-17062609273228806-d","result_code":"SUCCESS","return_code":"SUCCESS","sign":"E9A7A6D081609C29FC099FE3EA192BC8","time_end":"20170711111742","total_fee":"8000.00","trade_type":"NATIVE","transaction_id":"4005132001201707110092725161"}
[2017-07-11 11:17:42][warn] 数据存储成功，并成功返回记录编号17966！
[2017-07-11 11:17:57][info] ----------------------------------------
[2017-07-11 11:17:57][info] XML_DATA111:[{appid=>wxefc029d4373dcac0}{bank_type=>CFT}{cash_fee=>800000}{fee_type=>CNY}{is_subscribe=>Y}{mch_id=>1244967502}{nonce_str=>4pu6lvemh9tnbsgnbjjumf8za2aogeel}{openid=>orYumuGBfbSZ6HLYVROLTKYGdUpI}{out_trade_no=>LX-17062609273228806-d}{result_code=>SUCCESS}{return_code=>SUCCESS}{sign=>E9A7A6D081609C29FC099FE3EA192BC8}{time_end=>20170711111742}{total_fee=>800000}{trade_type=>NATIVE}{transaction_id=>4005132001201707110092725161}]
[2017-07-11 11:17:57][info] k:appid=>wxefc029d4373dcac0
[2017-07-11 11:17:57][info] k:bank_type=>CFT
[2017-07-11 11:17:57][info] k:cash_fee=>800000
[2017-07-11 11:17:57][info] k:fee_type=>CNY
[2017-07-11 11:17:57][info] k:is_subscribe=>Y
[2017-07-11 11:17:57][info] k:mch_id=>1244967502
[2017-07-11 11:17:57][info] k:nonce_str=>4pu6lvemh9tnbsgnbjjumf8za2aogeel
[2017-07-11 11:17:57][info] k:openid=>orYumuGBfbSZ6HLYVROLTKYGdUpI
[2017-07-11 11:17:57][info] k:out_trade_no=>LX-17062609273228806-d
[2017-07-11 11:17:57][info] k:result_code=>SUCCESS
[2017-07-11 11:17:57][info] k:return_code=>SUCCESS
[2017-07-11 11:17:57][info] k:sign=>E9A7A6D081609C29FC099FE3EA192BC8
[2017-07-11 11:17:57][info] k:time_end=>20170711111742
[2017-07-11 11:17:57][info] k:total_fee=>800000
[2017-07-11 11:17:57][info] k:trade_type=>NATIVE
[2017-07-11 11:17:57][info] k:transaction_id=>4005132001201707110092725161
[2017-07-11 11:17:57][info] ----------------------------------------
[2017-07-11 11:17:57][info] XML_DATA222:{"appid":"wxefc029d4373dcac0","bank_type":"CFT","cash_fee":"8000.00","fee_type":"CNY","is_subscribe":"Y","mch_id":"1244967502","nonce_str":"4pu6lvemh9tnbsgnbjjumf8za2aogeel","openid":"orYumuGBfbSZ6HLYVROLTKYGdUpI","out_trade_no":"LX-17062609273228806-d","result_code":"SUCCESS","return_code":"SUCCESS","sign":"E9A7A6D081609C29FC099FE3EA192BC8","time_end":"20170711111742","total_fee":"8000.00","trade_type":"NATIVE","transaction_id":"4005132001201707110092725161"}
[2017-07-11 11:17:57][info] 收到重复信息，并处理反馈成功！
[2017-07-11 11:17:57][info] success
[2017-07-11 11:17:57][info] 写入结束!!!
[2017-07-11 11:20:15][info] ----------------------------------------
[2017-07-11 11:20:15][info] XML_DATA111:[{appid=>wxefc029d4373dcac0}{bank_type=>CFT}{cash_fee=>480000}{fee_type=>CNY}{is_subscribe=>Y}{mch_id=>1244967502}{nonce_str=>96d5j0jzaz3z2kdwyuvukt8me8f3uxel}{openid=>orYumuGBfbSZ6HLYVROLTKYGdUpI}{out_trade_no=>LX-170630224435601-5}{result_code=>SUCCESS}{return_code=>SUCCESS}{sign=>AEF22CD88989A71F1E1FCE13E29C5296}{time_end=>20170711112014}{total_fee=>480000}{trade_type=>NATIVE}{transaction_id=>4005132001201707110094704530}]
[2017-07-11 11:20:15][info] k:appid=>wxefc029d4373dcac0
[2017-07-11 11:20:15][info] k:bank_type=>CFT
[2017-07-11 11:20:15][info] k:cash_fee=>480000
[2017-07-11 11:20:15][info] k:fee_type=>CNY
[2017-07-11 11:20:15][info] k:is_subscribe=>Y
[2017-07-11 11:20:15][info] k:mch_id=>1244967502
[2017-07-11 11:20:15][info] k:nonce_str=>96d5j0jzaz3z2kdwyuvukt8me8f3uxel
[2017-07-11 11:20:15][info] k:openid=>orYumuGBfbSZ6HLYVROLTKYGdUpI
[2017-07-11 11:20:15][info] k:out_trade_no=>LX-170630224435601-5
[2017-07-11 11:20:15][info] k:result_code=>SUCCESS
[2017-07-11 11:20:15][info] k:return_code=>SUCCESS
[2017-07-11 11:20:15][info] k:sign=>AEF22CD88989A71F1E1FCE13E29C5296
[2017-07-11 11:20:15][info] k:time_end=>20170711112014
[2017-07-11 11:20:15][info] k:total_fee=>480000
[2017-07-11 11:20:15][info] k:trade_type=>NATIVE
[2017-07-11 11:20:15][info] k:transaction_id=>4005132001201707110094704530
[2017-07-11 11:20:15][info] ----------------------------------------
[2017-07-11 11:20:15][info] XML_DATA222:{"appid":"wxefc029d4373dcac0","bank_type":"CFT","cash_fee":"4800.00","fee_type":"CNY","is_subscribe":"Y","mch_id":"1244967502","nonce_str":"96d5j0jzaz3z2kdwyuvukt8me8f3uxel","openid":"orYumuGBfbSZ6HLYVROLTKYGdUpI","out_trade_no":"LX-170630224435601-5","result_code":"SUCCESS","return_code":"SUCCESS","sign":"AEF22CD88989A71F1E1FCE13E29C5296","time_end":"20170711112014","total_fee":"4800.00","trade_type":"NATIVE","transaction_id":"4005132001201707110094704530"}
[2017-07-11 11:20:15][warn] 数据存储成功，并成功返回记录编号17967！
[2017-07-11 11:20:29][info] ----------------------------------------
[2017-07-11 11:20:29][info] XML_DATA111:[{appid=>wxefc029d4373dcac0}{bank_type=>CFT}{cash_fee=>480000}{fee_type=>CNY}{is_subscribe=>Y}{mch_id=>1244967502}{nonce_str=>96d5j0jzaz3z2kdwyuvukt8me8f3uxel}{openid=>orYumuGBfbSZ6HLYVROLTKYGdUpI}{out_trade_no=>LX-170630224435601-5}{result_code=>SUCCESS}{return_code=>SUCCESS}{sign=>AEF22CD88989A71F1E1FCE13E29C5296}{time_end=>20170711112014}{total_fee=>480000}{trade_type=>NATIVE}{transaction_id=>4005132001201707110094704530}]
[2017-07-11 11:20:29][info] k:appid=>wxefc029d4373dcac0
[2017-07-11 11:20:29][info] k:bank_type=>CFT
[2017-07-11 11:20:29][info] k:cash_fee=>480000
[2017-07-11 11:20:29][info] k:fee_type=>CNY
[2017-07-11 11:20:29][info] k:is_subscribe=>Y
[2017-07-11 11:20:29][info] k:mch_id=>1244967502
[2017-07-11 11:20:29][info] k:nonce_str=>96d5j0jzaz3z2kdwyuvukt8me8f3uxel
[2017-07-11 11:20:29][info] k:openid=>orYumuGBfbSZ6HLYVROLTKYGdUpI
[2017-07-11 11:20:29][info] k:out_trade_no=>LX-170630224435601-5
[2017-07-11 11:20:29][info] k:result_code=>SUCCESS
[2017-07-11 11:20:29][info] k:return_code=>SUCCESS
[2017-07-11 11:20:29][info] k:sign=>AEF22CD88989A71F1E1FCE13E29C5296
[2017-07-11 11:20:29][info] k:time_end=>20170711112014
[2017-07-11 11:20:29][info] k:total_fee=>480000
[2017-07-11 11:20:29][info] k:trade_type=>NATIVE
[2017-07-11 11:20:29][info] k:transaction_id=>4005132001201707110094704530
[2017-07-11 11:20:29][info] ----------------------------------------
[2017-07-11 11:20:29][info] XML_DATA222:{"appid":"wxefc029d4373dcac0","bank_type":"CFT","cash_fee":"4800.00","fee_type":"CNY","is_subscribe":"Y","mch_id":"1244967502","nonce_str":"96d5j0jzaz3z2kdwyuvukt8me8f3uxel","openid":"orYumuGBfbSZ6HLYVROLTKYGdUpI","out_trade_no":"LX-170630224435601-5","result_code":"SUCCESS","return_code":"SUCCESS","sign":"AEF22CD88989A71F1E1FCE13E29C5296","time_end":"20170711112014","total_fee":"4800.00","trade_type":"NATIVE","transaction_id":"4005132001201707110094704530"}
[2017-07-11 11:20:29][info] 收到重复信息，并处理反馈成功！
[2017-07-11 11:20:29][info] success
[2017-07-11 11:20:29][info] 写入结束!!!
[2017-07-11 11:32:05][info] ----------------------------------------
[2017-07-11 11:32:05][info] XML_DATA111:[{appid=>wxefc029d4373dcac0}{bank_type=>CEB_CREDIT}{cash_fee=>328000}{fee_type=>CNY}{is_subscribe=>N}{mch_id=>1244967502}{nonce_str=>51w1100xo8zlk10wctdk19tllvd1vnaj}{openid=>orYumuHsSXYYg982NeSdYCL_9DE4}{out_trade_no=>LX-17071014172739906-2}{result_code=>SUCCESS}{return_code=>SUCCESS}{sign=>D793F8D9C7C7A02A520EA92871F0849C}{time_end=>20170711113205}{total_fee=>328000}{trade_type=>NATIVE}{transaction_id=>4006992001201707110090238293}]
[2017-07-11 11:32:05][info] k:appid=>wxefc029d4373dcac0
[2017-07-11 11:32:05][info] k:bank_type=>CEB_CREDIT
[2017-07-11 11:32:05][info] k:cash_fee=>328000
[2017-07-11 11:32:05][info] k:fee_type=>CNY
[2017-07-11 11:32:05][info] k:is_subscribe=>N
[2017-07-11 11:32:05][info] k:mch_id=>1244967502
[2017-07-11 11:32:05][info] k:nonce_str=>51w1100xo8zlk10wctdk19tllvd1vnaj
[2017-07-11 11:32:05][info] k:openid=>orYumuHsSXYYg982NeSdYCL_9DE4
[2017-07-11 11:32:05][info] k:out_trade_no=>LX-17071014172739906-2
[2017-07-11 11:32:05][info] k:result_code=>SUCCESS
[2017-07-11 11:32:05][info] k:return_code=>SUCCESS
[2017-07-11 11:32:05][info] k:sign=>D793F8D9C7C7A02A520EA92871F0849C
[2017-07-11 11:32:05][info] k:time_end=>20170711113205
[2017-07-11 11:32:05][info] k:total_fee=>328000
[2017-07-11 11:32:05][info] k:trade_type=>NATIVE
[2017-07-11 11:32:05][info] k:transaction_id=>4006992001201707110090238293
[2017-07-11 11:32:05][info] ----------------------------------------
[2017-07-11 11:32:05][info] XML_DATA222:{"appid":"wxefc029d4373dcac0","bank_type":"CEB_CREDIT","cash_fee":"3280.00","fee_type":"CNY","is_subscribe":"N","mch_id":"1244967502","nonce_str":"51w1100xo8zlk10wctdk19tllvd1vnaj","openid":"orYumuHsSXYYg982NeSdYCL_9DE4","out_trade_no":"LX-17071014172739906-2","result_code":"SUCCESS","return_code":"SUCCESS","sign":"D793F8D9C7C7A02A520EA92871F0849C","time_end":"20170711113205","total_fee":"3280.00","trade_type":"NATIVE","transaction_id":"4006992001201707110090238293"}
[2017-07-11 11:32:05][warn] 数据存储成功，并成功返回记录编号17968！
[2017-07-11 11:32:21][info] ----------------------------------------
[2017-07-11 11:32:21][info] XML_DATA111:[{appid=>wxefc029d4373dcac0}{bank_type=>CEB_CREDIT}{cash_fee=>328000}{fee_type=>CNY}{is_subscribe=>N}{mch_id=>1244967502}{nonce_str=>51w1100xo8zlk10wctdk19tllvd1vnaj}{openid=>orYumuHsSXYYg982NeSdYCL_9DE4}{out_trade_no=>LX-17071014172739906-2}{result_code=>SUCCESS}{return_code=>SUCCESS}{sign=>D793F8D9C7C7A02A520EA92871F0849C}{time_end=>20170711113205}{total_fee=>328000}{trade_type=>NATIVE}{transaction_id=>4006992001201707110090238293}]
[2017-07-11 11:32:21][info] k:appid=>wxefc029d4373dcac0
[2017-07-11 11:32:21][info] k:bank_type=>CEB_CREDIT
[2017-07-11 11:32:21][info] k:cash_fee=>328000
[2017-07-11 11:32:21][info] k:fee_type=>CNY
[2017-07-11 11:32:21][info] k:is_subscribe=>N
[2017-07-11 11:32:21][info] k:mch_id=>1244967502
[2017-07-11 11:32:21][info] k:nonce_str=>51w1100xo8zlk10wctdk19tllvd1vnaj
[2017-07-11 11:32:21][info] k:openid=>orYumuHsSXYYg982NeSdYCL_9DE4
[2017-07-11 11:32:21][info] k:out_trade_no=>LX-17071014172739906-2
[2017-07-11 11:32:21][info] k:result_code=>SUCCESS
[2017-07-11 11:32:21][info] k:return_code=>SUCCESS
[2017-07-11 11:32:21][info] k:sign=>D793F8D9C7C7A02A520EA92871F0849C
[2017-07-11 11:32:21][info] k:time_end=>20170711113205
[2017-07-11 11:32:21][info] k:total_fee=>328000
[2017-07-11 11:32:21][info] k:trade_type=>NATIVE
[2017-07-11 11:32:21][info] k:transaction_id=>4006992001201707110090238293
[2017-07-11 11:32:21][info] ----------------------------------------
[2017-07-11 11:32:21][info] XML_DATA222:{"appid":"wxefc029d4373dcac0","bank_type":"CEB_CREDIT","cash_fee":"3280.00","fee_type":"CNY","is_subscribe":"N","mch_id":"1244967502","nonce_str":"51w1100xo8zlk10wctdk19tllvd1vnaj","openid":"orYumuHsSXYYg982NeSdYCL_9DE4","out_trade_no":"LX-17071014172739906-2","result_code":"SUCCESS","return_code":"SUCCESS","sign":"D793F8D9C7C7A02A520EA92871F0849C","time_end":"20170711113205","total_fee":"3280.00","trade_type":"NATIVE","transaction_id":"4006992001201707110090238293"}
[2017-07-11 11:32:21][info] 收到重复信息，并处理反馈成功！
[2017-07-11 11:32:21][info] success
[2017-07-11 11:32:21][info] 写入结束!!!
[2017-07-11 12:39:47][info] ----------------------------------------
[2017-07-11 12:39:47][info] XML_DATA111:[{appid=>wxefc029d4373dcac0}{bank_type=>ABC_CREDIT}{cash_fee=>816000}{fee_type=>CNY}{is_subscribe=>Y}{mch_id=>1244967502}{nonce_str=>0f8ezhsf5knli1uqjla6u09phr63op0g}{openid=>orYumuBnLDWx4MmBhkiCXEKMUXSU}{out_trade_no=>LX-17071017451135606-6}{result_code=>SUCCESS}{return_code=>SUCCESS}{sign=>507B9450BBC8C3CBF3783924B38FB387}{time_end=>20170711123947}{total_fee=>816000}{trade_type=>NATIVE}{transaction_id=>4006342001201707110107635884}]
[2017-07-11 12:39:47][info] k:appid=>wxefc029d4373dcac0
[2017-07-11 12:39:47][info] k:bank_type=>ABC_CREDIT
[2017-07-11 12:39:47][info] k:cash_fee=>816000
[2017-07-11 12:39:47][info] k:fee_type=>CNY
[2017-07-11 12:39:47][info] k:is_subscribe=>Y
[2017-07-11 12:39:47][info] k:mch_id=>1244967502
[2017-07-11 12:39:47][info] k:nonce_str=>0f8ezhsf5knli1uqjla6u09phr63op0g
[2017-07-11 12:39:47][info] k:openid=>orYumuBnLDWx4MmBhkiCXEKMUXSU
[2017-07-11 12:39:47][info] k:out_trade_no=>LX-17071017451135606-6
[2017-07-11 12:39:47][info] k:result_code=>SUCCESS
[2017-07-11 12:39:47][info] k:return_code=>SUCCESS
[2017-07-11 12:39:47][info] k:sign=>507B9450BBC8C3CBF3783924B38FB387
[2017-07-11 12:39:47][info] k:time_end=>20170711123947
[2017-07-11 12:39:47][info] k:total_fee=>816000
[2017-07-11 12:39:47][info] k:trade_type=>NATIVE
[2017-07-11 12:39:47][info] k:transaction_id=>4006342001201707110107635884
[2017-07-11 12:39:47][info] ----------------------------------------
[2017-07-11 12:39:47][info] XML_DATA222:{"appid":"wxefc029d4373dcac0","bank_type":"ABC_CREDIT","cash_fee":"8160.00","fee_type":"CNY","is_subscribe":"Y","mch_id":"1244967502","nonce_str":"0f8ezhsf5knli1uqjla6u09phr63op0g","openid":"orYumuBnLDWx4MmBhkiCXEKMUXSU","out_trade_no":"LX-17071017451135606-6","result_code":"SUCCESS","return_code":"SUCCESS","sign":"507B9450BBC8C3CBF3783924B38FB387","time_end":"20170711123947","total_fee":"8160.00","trade_type":"NATIVE","transaction_id":"4006342001201707110107635884"}
[2017-07-11 12:39:48][warn] 数据存储成功，并成功返回记录编号17973！
[2017-07-11 12:39:56][info] ----------------------------------------
[2017-07-11 12:39:56][info] XML_DATA111:[{appid=>wxefc029d4373dcac0}{bank_type=>ABC_CREDIT}{cash_fee=>816000}{fee_type=>CNY}{is_subscribe=>Y}{mch_id=>1244967502}{nonce_str=>0f8ezhsf5knli1uqjla6u09phr63op0g}{openid=>orYumuBnLDWx4MmBhkiCXEKMUXSU}{out_trade_no=>LX-17071017451135606-6}{result_code=>SUCCESS}{return_code=>SUCCESS}{sign=>507B9450BBC8C3CBF3783924B38FB387}{time_end=>20170711123947}{total_fee=>816000}{trade_type=>NATIVE}{transaction_id=>4006342001201707110107635884}]
[2017-07-11 12:39:56][info] k:appid=>wxefc029d4373dcac0
[2017-07-11 12:39:56][info] k:bank_type=>ABC_CREDIT
[2017-07-11 12:39:56][info] k:cash_fee=>816000
[2017-07-11 12:39:56][info] k:fee_type=>CNY
[2017-07-11 12:39:56][info] k:is_subscribe=>Y
[2017-07-11 12:39:56][info] k:mch_id=>1244967502
[2017-07-11 12:39:56][info] k:nonce_str=>0f8ezhsf5knli1uqjla6u09phr63op0g
[2017-07-11 12:39:56][info] k:openid=>orYumuBnLDWx4MmBhkiCXEKMUXSU
[2017-07-11 12:39:56][info] k:out_trade_no=>LX-17071017451135606-6
[2017-07-11 12:39:56][info] k:result_code=>SUCCESS
[2017-07-11 12:39:56][info] k:return_code=>SUCCESS
[2017-07-11 12:39:56][info] k:sign=>507B9450BBC8C3CBF3783924B38FB387
[2017-07-11 12:39:56][info] k:time_end=>20170711123947
[2017-07-11 12:39:56][info] k:total_fee=>816000
[2017-07-11 12:39:56][info] k:trade_type=>NATIVE
[2017-07-11 12:39:56][info] k:transaction_id=>4006342001201707110107635884
[2017-07-11 12:39:56][info] ----------------------------------------
[2017-07-11 12:39:56][info] XML_DATA222:{"appid":"wxefc029d4373dcac0","bank_type":"ABC_CREDIT","cash_fee":"8160.00","fee_type":"CNY","is_subscribe":"Y","mch_id":"1244967502","nonce_str":"0f8ezhsf5knli1uqjla6u09phr63op0g","openid":"orYumuBnLDWx4MmBhkiCXEKMUXSU","out_trade_no":"LX-17071017451135606-6","result_code":"SUCCESS","return_code":"SUCCESS","sign":"507B9450BBC8C3CBF3783924B38FB387","time_end":"20170711123947","total_fee":"8160.00","trade_type":"NATIVE","transaction_id":"4006342001201707110107635884"}
[2017-07-11 12:39:56][info] 收到重复信息，并处理反馈成功！
[2017-07-11 12:39:56][info] success
[2017-07-11 12:39:56][info] 写入结束!!!
[2017-07-11 13:34:11][info] ----------------------------------------
[2017-07-11 13:34:11][info] XML_DATA111:[{appid=>wxefc029d4373dcac0}{bank_type=>CCB_DEBIT}{cash_fee=>493000}{fee_type=>CNY}{is_subscribe=>N}{mch_id=>1244967502}{nonce_str=>0i2mq1y4dgwam0sxnex6qlcsw6rfyn6y}{openid=>orYumuNdYxu9j4OfPdsRF2jcq-qM}{out_trade_no=>LX-17071113160590801-0}{result_code=>SUCCESS}{return_code=>SUCCESS}{sign=>E977EC4BEFDDD3473597EDB8409D78AE}{time_end=>20170711133410}{total_fee=>493000}{trade_type=>NATIVE}{transaction_id=>4008732001201707110116151014}]
[2017-07-11 13:34:11][info] k:appid=>wxefc029d4373dcac0
[2017-07-11 13:34:11][info] k:bank_type=>CCB_DEBIT
[2017-07-11 13:34:11][info] k:cash_fee=>493000
[2017-07-11 13:34:11][info] k:fee_type=>CNY
[2017-07-11 13:34:11][info] k:is_subscribe=>N
[2017-07-11 13:34:11][info] k:mch_id=>1244967502
[2017-07-11 13:34:11][info] k:nonce_str=>0i2mq1y4dgwam0sxnex6qlcsw6rfyn6y
[2017-07-11 13:34:11][info] k:openid=>orYumuNdYxu9j4OfPdsRF2jcq-qM
[2017-07-11 13:34:11][info] k:out_trade_no=>LX-17071113160590801-0
[2017-07-11 13:34:11][info] k:result_code=>SUCCESS
[2017-07-11 13:34:11][info] k:return_code=>SUCCESS
[2017-07-11 13:34:11][info] k:sign=>E977EC4BEFDDD3473597EDB8409D78AE
[2017-07-11 13:34:11][info] k:time_end=>20170711133410
[2017-07-11 13:34:11][info] k:total_fee=>493000
[2017-07-11 13:34:11][info] k:trade_type=>NATIVE
[2017-07-11 13:34:11][info] k:transaction_id=>4008732001201707110116151014
[2017-07-11 13:34:11][info] ----------------------------------------
[2017-07-11 13:34:11][info] XML_DATA222:{"appid":"wxefc029d4373dcac0","bank_type":"CCB_DEBIT","cash_fee":"4930.00","fee_type":"CNY","is_subscribe":"N","mch_id":"1244967502","nonce_str":"0i2mq1y4dgwam0sxnex6qlcsw6rfyn6y","openid":"orYumuNdYxu9j4OfPdsRF2jcq-qM","out_trade_no":"LX-17071113160590801-0","result_code":"SUCCESS","return_code":"SUCCESS","sign":"E977EC4BEFDDD3473597EDB8409D78AE","time_end":"20170711133410","total_fee":"4930.00","trade_type":"NATIVE","transaction_id":"4008732001201707110116151014"}
[2017-07-11 13:34:11][warn] 数据存储成功，并成功返回记录编号17974！
[2017-07-11 13:34:20][info] ----------------------------------------
[2017-07-11 13:34:20][info] XML_DATA111:[{appid=>wxefc029d4373dcac0}{bank_type=>CCB_DEBIT}{cash_fee=>493000}{fee_type=>CNY}{is_subscribe=>N}{mch_id=>1244967502}{nonce_str=>0i2mq1y4dgwam0sxnex6qlcsw6rfyn6y}{openid=>orYumuNdYxu9j4OfPdsRF2jcq-qM}{out_trade_no=>LX-17071113160590801-0}{result_code=>SUCCESS}{return_code=>SUCCESS}{sign=>E977EC4BEFDDD3473597EDB8409D78AE}{time_end=>20170711133410}{total_fee=>493000}{trade_type=>NATIVE}{transaction_id=>4008732001201707110116151014}]
[2017-07-11 13:34:20][info] k:appid=>wxefc029d4373dcac0
[2017-07-11 13:34:20][info] k:bank_type=>CCB_DEBIT
[2017-07-11 13:34:20][info] k:cash_fee=>493000
[2017-07-11 13:34:20][info] k:fee_type=>CNY
[2017-07-11 13:34:20][info] k:is_subscribe=>N
[2017-07-11 13:34:20][info] k:mch_id=>1244967502
[2017-07-11 13:34:20][info] k:nonce_str=>0i2mq1y4dgwam0sxnex6qlcsw6rfyn6y
[2017-07-11 13:34:20][info] k:openid=>orYumuNdYxu9j4OfPdsRF2jcq-qM
[2017-07-11 13:34:20][info] k:out_trade_no=>LX-17071113160590801-0
[2017-07-11 13:34:20][info] k:result_code=>SUCCESS
[2017-07-11 13:34:20][info] k:return_code=>SUCCESS
[2017-07-11 13:34:20][info] k:sign=>E977EC4BEFDDD3473597EDB8409D78AE
[2017-07-11 13:34:20][info] k:time_end=>20170711133410
[2017-07-11 13:34:20][info] k:total_fee=>493000
[2017-07-11 13:34:20][info] k:trade_type=>NATIVE
[2017-07-11 13:34:20][info] k:transaction_id=>4008732001201707110116151014
[2017-07-11 13:34:20][info] ----------------------------------------
[2017-07-11 13:34:20][info] XML_DATA222:{"appid":"wxefc029d4373dcac0","bank_type":"CCB_DEBIT","cash_fee":"4930.00","fee_type":"CNY","is_subscribe":"N","mch_id":"1244967502","nonce_str":"0i2mq1y4dgwam0sxnex6qlcsw6rfyn6y","openid":"orYumuNdYxu9j4OfPdsRF2jcq-qM","out_trade_no":"LX-17071113160590801-0","result_code":"SUCCESS","return_code":"SUCCESS","sign":"E977EC4BEFDDD3473597EDB8409D78AE","time_end":"20170711133410","total_fee":"4930.00","trade_type":"NATIVE","transaction_id":"4008732001201707110116151014"}
[2017-07-11 13:34:20][info] 收到重复信息，并处理反馈成功！
[2017-07-11 13:34:20][info] success
[2017-07-11 13:34:20][info] 写入结束!!!
[2017-07-11 15:27:02][info] ----------------------------------------
[2017-07-11 15:27:02][info] XML_DATA111:[{appid=>wxefc029d4373dcac0}{bank_type=>ICBC_DEBIT}{cash_fee=>756000}{fee_type=>CNY}{is_subscribe=>Y}{mch_id=>1244967502}{nonce_str=>jlnwsxbgsf1vd2aljd0fnv6dkee9mimh}{openid=>orYumuFebtD2oxjKx0GLlB5O2UIM}{out_trade_no=>LX-17071110154451706-8}{result_code=>SUCCESS}{return_code=>SUCCESS}{sign=>05D4D554958342D8839926CE492F51FC}{time_end=>20170711152701}{total_fee=>756000}{trade_type=>NATIVE}{transaction_id=>4003962001201707110133777310}]
[2017-07-11 15:27:02][info] k:appid=>wxefc029d4373dcac0
[2017-07-11 15:27:02][info] k:bank_type=>ICBC_DEBIT
[2017-07-11 15:27:02][info] k:cash_fee=>756000
[2017-07-11 15:27:02][info] k:fee_type=>CNY
[2017-07-11 15:27:02][info] k:is_subscribe=>Y
[2017-07-11 15:27:02][info] k:mch_id=>1244967502
[2017-07-11 15:27:02][info] k:nonce_str=>jlnwsxbgsf1vd2aljd0fnv6dkee9mimh
[2017-07-11 15:27:02][info] k:openid=>orYumuFebtD2oxjKx0GLlB5O2UIM
[2017-07-11 15:27:02][info] k:out_trade_no=>LX-17071110154451706-8
[2017-07-11 15:27:02][info] k:result_code=>SUCCESS
[2017-07-11 15:27:02][info] k:return_code=>SUCCESS
[2017-07-11 15:27:02][info] k:sign=>05D4D554958342D8839926CE492F51FC
[2017-07-11 15:27:02][info] k:time_end=>20170711152701
[2017-07-11 15:27:02][info] k:total_fee=>756000
[2017-07-11 15:27:02][info] k:trade_type=>NATIVE
[2017-07-11 15:27:02][info] k:transaction_id=>4003962001201707110133777310
[2017-07-11 15:27:02][info] ----------------------------------------
[2017-07-11 15:27:02][info] XML_DATA222:{"appid":"wxefc029d4373dcac0","bank_type":"ICBC_DEBIT","cash_fee":"7560.00","fee_type":"CNY","is_subscribe":"Y","mch_id":"1244967502","nonce_str":"jlnwsxbgsf1vd2aljd0fnv6dkee9mimh","openid":"orYumuFebtD2oxjKx0GLlB5O2UIM","out_trade_no":"LX-17071110154451706-8","result_code":"SUCCESS","return_code":"SUCCESS","sign":"05D4D554958342D8839926CE492F51FC","time_end":"20170711152701","total_fee":"7560.00","trade_type":"NATIVE","transaction_id":"4003962001201707110133777310"}
[2017-07-11 15:27:02][warn] 数据存储成功，并成功返回记录编号17976！
[2017-07-11 15:27:15][info] ----------------------------------------
[2017-07-11 15:27:15][info] XML_DATA111:[{appid=>wxefc029d4373dcac0}{bank_type=>ICBC_DEBIT}{cash_fee=>756000}{fee_type=>CNY}{is_subscribe=>Y}{mch_id=>1244967502}{nonce_str=>jlnwsxbgsf1vd2aljd0fnv6dkee9mimh}{openid=>orYumuFebtD2oxjKx0GLlB5O2UIM}{out_trade_no=>LX-17071110154451706-8}{result_code=>SUCCESS}{return_code=>SUCCESS}{sign=>05D4D554958342D8839926CE492F51FC}{time_end=>20170711152701}{total_fee=>756000}{trade_type=>NATIVE}{transaction_id=>4003962001201707110133777310}]
[2017-07-11 15:27:15][info] k:appid=>wxefc029d4373dcac0
[2017-07-11 15:27:15][info] k:bank_type=>ICBC_DEBIT
[2017-07-11 15:27:15][info] k:cash_fee=>756000
[2017-07-11 15:27:15][info] k:fee_type=>CNY
[2017-07-11 15:27:15][info] k:is_subscribe=>Y
[2017-07-11 15:27:15][info] k:mch_id=>1244967502
[2017-07-11 15:27:15][info] k:nonce_str=>jlnwsxbgsf1vd2aljd0fnv6dkee9mimh
[2017-07-11 15:27:15][info] k:openid=>orYumuFebtD2oxjKx0GLlB5O2UIM
[2017-07-11 15:27:15][info] k:out_trade_no=>LX-17071110154451706-8
[2017-07-11 15:27:15][info] k:result_code=>SUCCESS
[2017-07-11 15:27:15][info] k:return_code=>SUCCESS
[2017-07-11 15:27:15][info] k:sign=>05D4D554958342D8839926CE492F51FC
[2017-07-11 15:27:15][info] k:time_end=>20170711152701
[2017-07-11 15:27:15][info] k:total_fee=>756000
[2017-07-11 15:27:15][info] k:trade_type=>NATIVE
[2017-07-11 15:27:15][info] k:transaction_id=>4003962001201707110133777310
[2017-07-11 15:27:15][info] ----------------------------------------
[2017-07-11 15:27:15][info] XML_DATA222:{"appid":"wxefc029d4373dcac0","bank_type":"ICBC_DEBIT","cash_fee":"7560.00","fee_type":"CNY","is_subscribe":"Y","mch_id":"1244967502","nonce_str":"jlnwsxbgsf1vd2aljd0fnv6dkee9mimh","openid":"orYumuFebtD2oxjKx0GLlB5O2UIM","out_trade_no":"LX-17071110154451706-8","result_code":"SUCCESS","return_code":"SUCCESS","sign":"05D4D554958342D8839926CE492F51FC","time_end":"20170711152701","total_fee":"7560.00","trade_type":"NATIVE","transaction_id":"4003962001201707110133777310"}
[2017-07-11 15:27:15][info] 收到重复信息，并处理反馈成功！
[2017-07-11 15:27:15][info] success
[2017-07-11 15:27:15][info] 写入结束!!!
[2017-07-11 17:02:49][info] ----------------------------------------
[2017-07-11 17:02:49][info] XML_DATA111:[{appid=>wxefc029d4373dcac0}{bank_type=>BOC_DEBIT}{cash_fee=>984000}{fee_type=>CNY}{is_subscribe=>N}{mch_id=>1244967502}{nonce_str=>bnqj4aoljkm3zlrakjtrp85lauudg3pl}{openid=>orYumuERVJWCCP2RAXYL_jC4F4dU}{out_trade_no=>LX-1707102134408206-4}{result_code=>SUCCESS}{return_code=>SUCCESS}{sign=>DBA345B8E2DDCD5B853681D743D5F945}{time_end=>20170711170249}{total_fee=>984000}{trade_type=>NATIVE}{transaction_id=>4000642001201707110148100017}]
[2017-07-11 17:02:49][info] k:appid=>wxefc029d4373dcac0
[2017-07-11 17:02:49][info] k:bank_type=>BOC_DEBIT
[2017-07-11 17:02:49][info] k:cash_fee=>984000
[2017-07-11 17:02:49][info] k:fee_type=>CNY
[2017-07-11 17:02:49][info] k:is_subscribe=>N
[2017-07-11 17:02:49][info] k:mch_id=>1244967502
[2017-07-11 17:02:49][info] k:nonce_str=>bnqj4aoljkm3zlrakjtrp85lauudg3pl
[2017-07-11 17:02:49][info] k:openid=>orYumuERVJWCCP2RAXYL_jC4F4dU
[2017-07-11 17:02:49][info] k:out_trade_no=>LX-1707102134408206-4
[2017-07-11 17:02:49][info] k:result_code=>SUCCESS
[2017-07-11 17:02:49][info] k:return_code=>SUCCESS
[2017-07-11 17:02:49][info] k:sign=>DBA345B8E2DDCD5B853681D743D5F945
[2017-07-11 17:02:49][info] k:time_end=>20170711170249
[2017-07-11 17:02:49][info] k:total_fee=>984000
[2017-07-11 17:02:49][info] k:trade_type=>NATIVE
[2017-07-11 17:02:49][info] k:transaction_id=>4000642001201707110148100017
[2017-07-11 17:02:49][info] ----------------------------------------
[2017-07-11 17:02:49][info] XML_DATA222:{"appid":"wxefc029d4373dcac0","bank_type":"BOC_DEBIT","cash_fee":"9840.00","fee_type":"CNY","is_subscribe":"N","mch_id":"1244967502","nonce_str":"bnqj4aoljkm3zlrakjtrp85lauudg3pl","openid":"orYumuERVJWCCP2RAXYL_jC4F4dU","out_trade_no":"LX-1707102134408206-4","result_code":"SUCCESS","return_code":"SUCCESS","sign":"DBA345B8E2DDCD5B853681D743D5F945","time_end":"20170711170249","total_fee":"9840.00","trade_type":"NATIVE","transaction_id":"4000642001201707110148100017"}
[2017-07-11 17:02:49][warn] 数据存储成功，并成功返回记录编号17979！
[2017-07-11 17:03:02][info] ----------------------------------------
[2017-07-11 17:03:02][info] XML_DATA111:[{appid=>wxefc029d4373dcac0}{bank_type=>BOC_DEBIT}{cash_fee=>984000}{fee_type=>CNY}{is_subscribe=>N}{mch_id=>1244967502}{nonce_str=>bnqj4aoljkm3zlrakjtrp85lauudg3pl}{openid=>orYumuERVJWCCP2RAXYL_jC4F4dU}{out_trade_no=>LX-1707102134408206-4}{result_code=>SUCCESS}{return_code=>SUCCESS}{sign=>DBA345B8E2DDCD5B853681D743D5F945}{time_end=>20170711170249}{total_fee=>984000}{trade_type=>NATIVE}{transaction_id=>4000642001201707110148100017}]
[2017-07-11 17:03:02][info] k:appid=>wxefc029d4373dcac0
[2017-07-11 17:03:02][info] k:bank_type=>BOC_DEBIT
[2017-07-11 17:03:02][info] k:cash_fee=>984000
[2017-07-11 17:03:02][info] k:fee_type=>CNY
[2017-07-11 17:03:02][info] k:is_subscribe=>N
[2017-07-11 17:03:02][info] k:mch_id=>1244967502
[2017-07-11 17:03:02][info] k:nonce_str=>bnqj4aoljkm3zlrakjtrp85lauudg3pl
[2017-07-11 17:03:02][info] k:openid=>orYumuERVJWCCP2RAXYL_jC4F4dU
[2017-07-11 17:03:02][info] k:out_trade_no=>LX-1707102134408206-4
[2017-07-11 17:03:02][info] k:result_code=>SUCCESS
[2017-07-11 17:03:02][info] k:return_code=>SUCCESS
[2017-07-11 17:03:02][info] k:sign=>DBA345B8E2DDCD5B853681D743D5F945
[2017-07-11 17:03:02][info] k:time_end=>20170711170249
[2017-07-11 17:03:02][info] k:total_fee=>984000
[2017-07-11 17:03:02][info] k:trade_type=>NATIVE
[2017-07-11 17:03:02][info] k:transaction_id=>4000642001201707110148100017
[2017-07-11 17:03:02][info] ----------------------------------------
[2017-07-11 17:03:02][info] XML_DATA222:{"appid":"wxefc029d4373dcac0","bank_type":"BOC_DEBIT","cash_fee":"9840.00","fee_type":"CNY","is_subscribe":"N","mch_id":"1244967502","nonce_str":"bnqj4aoljkm3zlrakjtrp85lauudg3pl","openid":"orYumuERVJWCCP2RAXYL_jC4F4dU","out_trade_no":"LX-1707102134408206-4","result_code":"SUCCESS","return_code":"SUCCESS","sign":"DBA345B8E2DDCD5B853681D743D5F945","time_end":"20170711170249","total_fee":"9840.00","trade_type":"NATIVE","transaction_id":"4000642001201707110148100017"}
[2017-07-11 17:03:02][info] 收到重复信息，并处理反馈成功！
[2017-07-11 17:03:02][info] success
[2017-07-11 17:03:02][info] 写入结束!!!
[2017-07-11 18:02:37][info] ----------------------------------------
[2017-07-11 18:02:37][info] XML_DATA111:[{appid=>wxefc029d4373dcac0}{bank_type=>GZCB_CREDIT}{cash_fee=>994000}{fee_type=>CNY}{is_subscribe=>N}{mch_id=>1244967502}{nonce_str=>3vp35se33b45r7bcvvjf670sm40tt4uk}{openid=>orYumuCA_7CqC5ck6_RPQ4sBYIig}{out_trade_no=>LX-17071117501611701-a}{result_code=>SUCCESS}{return_code=>SUCCESS}{sign=>4CB0D3C04308C4C833B0A3DF981581BF}{time_end=>20170711180237}{total_fee=>994000}{trade_type=>NATIVE}{transaction_id=>4003642001201707110158039264}]
[2017-07-11 18:02:37][info] k:appid=>wxefc029d4373dcac0
[2017-07-11 18:02:37][info] k:bank_type=>GZCB_CREDIT
[2017-07-11 18:02:37][info] k:cash_fee=>994000
[2017-07-11 18:02:37][info] k:fee_type=>CNY
[2017-07-11 18:02:37][info] k:is_subscribe=>N
[2017-07-11 18:02:37][info] k:mch_id=>1244967502
[2017-07-11 18:02:37][info] k:nonce_str=>3vp35se33b45r7bcvvjf670sm40tt4uk
[2017-07-11 18:02:37][info] k:openid=>orYumuCA_7CqC5ck6_RPQ4sBYIig
[2017-07-11 18:02:37][info] k:out_trade_no=>LX-17071117501611701-a
[2017-07-11 18:02:37][info] k:result_code=>SUCCESS
[2017-07-11 18:02:37][info] k:return_code=>SUCCESS
[2017-07-11 18:02:37][info] k:sign=>4CB0D3C04308C4C833B0A3DF981581BF
[2017-07-11 18:02:37][info] k:time_end=>20170711180237
[2017-07-11 18:02:37][info] k:total_fee=>994000
[2017-07-11 18:02:37][info] k:trade_type=>NATIVE
[2017-07-11 18:02:37][info] k:transaction_id=>4003642001201707110158039264
[2017-07-11 18:02:37][info] ----------------------------------------
[2017-07-11 18:02:37][info] XML_DATA222:{"appid":"wxefc029d4373dcac0","bank_type":"GZCB_CREDIT","cash_fee":"9940.00","fee_type":"CNY","is_subscribe":"N","mch_id":"1244967502","nonce_str":"3vp35se33b45r7bcvvjf670sm40tt4uk","openid":"orYumuCA_7CqC5ck6_RPQ4sBYIig","out_trade_no":"LX-17071117501611701-a","result_code":"SUCCESS","return_code":"SUCCESS","sign":"4CB0D3C04308C4C833B0A3DF981581BF","time_end":"20170711180237","total_fee":"9940.00","trade_type":"NATIVE","transaction_id":"4003642001201707110158039264"}
[2017-07-11 18:02:37][warn] 数据存储成功，并成功返回记录编号17981！
[2017-07-11 18:02:52][info] ----------------------------------------
[2017-07-11 18:02:52][info] XML_DATA111:[{appid=>wxefc029d4373dcac0}{bank_type=>GZCB_CREDIT}{cash_fee=>994000}{fee_type=>CNY}{is_subscribe=>N}{mch_id=>1244967502}{nonce_str=>3vp35se33b45r7bcvvjf670sm40tt4uk}{openid=>orYumuCA_7CqC5ck6_RPQ4sBYIig}{out_trade_no=>LX-17071117501611701-a}{result_code=>SUCCESS}{return_code=>SUCCESS}{sign=>4CB0D3C04308C4C833B0A3DF981581BF}{time_end=>20170711180237}{total_fee=>994000}{trade_type=>NATIVE}{transaction_id=>4003642001201707110158039264}]
[2017-07-11 18:02:52][info] k:appid=>wxefc029d4373dcac0
[2017-07-11 18:02:52][info] k:bank_type=>GZCB_CREDIT
[2017-07-11 18:02:52][info] k:cash_fee=>994000
[2017-07-11 18:02:52][info] k:fee_type=>CNY
[2017-07-11 18:02:52][info] k:is_subscribe=>N
[2017-07-11 18:02:52][info] k:mch_id=>1244967502
[2017-07-11 18:02:52][info] k:nonce_str=>3vp35se33b45r7bcvvjf670sm40tt4uk
[2017-07-11 18:02:52][info] k:openid=>orYumuCA_7CqC5ck6_RPQ4sBYIig
[2017-07-11 18:02:52][info] k:out_trade_no=>LX-17071117501611701-a
[2017-07-11 18:02:52][info] k:result_code=>SUCCESS
[2017-07-11 18:02:52][info] k:return_code=>SUCCESS
[2017-07-11 18:02:52][info] k:sign=>4CB0D3C04308C4C833B0A3DF981581BF
[2017-07-11 18:02:52][info] k:time_end=>20170711180237
[2017-07-11 18:02:52][info] k:total_fee=>994000
[2017-07-11 18:02:52][info] k:trade_type=>NATIVE
[2017-07-11 18:02:52][info] k:transaction_id=>4003642001201707110158039264
[2017-07-11 18:02:52][info] ----------------------------------------
[2017-07-11 18:02:52][info] XML_DATA222:{"appid":"wxefc029d4373dcac0","bank_type":"GZCB_CREDIT","cash_fee":"9940.00","fee_type":"CNY","is_subscribe":"N","mch_id":"1244967502","nonce_str":"3vp35se33b45r7bcvvjf670sm40tt4uk","openid":"orYumuCA_7CqC5ck6_RPQ4sBYIig","out_trade_no":"LX-17071117501611701-a","result_code":"SUCCESS","return_code":"SUCCESS","sign":"4CB0D3C04308C4C833B0A3DF981581BF","time_end":"20170711180237","total_fee":"9940.00","trade_type":"NATIVE","transaction_id":"4003642001201707110158039264"}
[2017-07-11 18:02:52][info] 收到重复信息，并处理反馈成功！
[2017-07-11 18:02:52][info] success
[2017-07-11 18:02:52][info] 写入结束!!!
[2017-07-11 21:05:45][info] ----------------------------------------
[2017-07-11 21:05:45][info] XML_DATA111:[{appid=>wxefc029d4373dcac0}{bank_type=>CFT}{cash_fee=>198000}{fee_type=>CNY}{is_subscribe=>Y}{mch_id=>1244967502}{nonce_str=>8s8lrdcyedtkv5w828360f1bjstddjoq}{openid=>orYumuIIzx_ObsjXlIFnP_nTDtMU}{out_trade_no=>LX-17071120481711101-5}{result_code=>SUCCESS}{return_code=>SUCCESS}{sign=>FDEF04840003DF31D54B51CD765B186C}{time_end=>20170711210545}{total_fee=>198000}{trade_type=>NATIVE}{transaction_id=>4009842001201707110195686059}]
[2017-07-11 21:05:45][info] k:appid=>wxefc029d4373dcac0
[2017-07-11 21:05:45][info] k:bank_type=>CFT
[2017-07-11 21:05:45][info] k:cash_fee=>198000
[2017-07-11 21:05:45][info] k:fee_type=>CNY
[2017-07-11 21:05:45][info] k:is_subscribe=>Y
[2017-07-11 21:05:45][info] k:mch_id=>1244967502
[2017-07-11 21:05:45][info] k:nonce_str=>8s8lrdcyedtkv5w828360f1bjstddjoq
[2017-07-11 21:05:45][info] k:openid=>orYumuIIzx_ObsjXlIFnP_nTDtMU
[2017-07-11 21:05:45][info] k:out_trade_no=>LX-17071120481711101-5
[2017-07-11 21:05:45][info] k:result_code=>SUCCESS
[2017-07-11 21:05:45][info] k:return_code=>SUCCESS
[2017-07-11 21:05:45][info] k:sign=>FDEF04840003DF31D54B51CD765B186C
[2017-07-11 21:05:45][info] k:time_end=>20170711210545
[2017-07-11 21:05:45][info] k:total_fee=>198000
[2017-07-11 21:05:45][info] k:trade_type=>NATIVE
[2017-07-11 21:05:45][info] k:transaction_id=>4009842001201707110195686059
[2017-07-11 21:05:45][info] ----------------------------------------
[2017-07-11 21:05:45][info] XML_DATA222:{"appid":"wxefc029d4373dcac0","bank_type":"CFT","cash_fee":"1980.00","fee_type":"CNY","is_subscribe":"Y","mch_id":"1244967502","nonce_str":"8s8lrdcyedtkv5w828360f1bjstddjoq","openid":"orYumuIIzx_ObsjXlIFnP_nTDtMU","out_trade_no":"LX-17071120481711101-5","result_code":"SUCCESS","return_code":"SUCCESS","sign":"FDEF04840003DF31D54B51CD765B186C","time_end":"20170711210545","total_fee":"1980.00","trade_type":"NATIVE","transaction_id":"4009842001201707110195686059"}
[2017-07-11 21:05:46][warn] 数据存储成功，并成功返回记录编号17984！
[2017-07-11 21:05:55][info] ----------------------------------------
[2017-07-11 21:05:55][info] XML_DATA111:[{appid=>wxefc029d4373dcac0}{bank_type=>CFT}{cash_fee=>198000}{fee_type=>CNY}{is_subscribe=>Y}{mch_id=>1244967502}{nonce_str=>8s8lrdcyedtkv5w828360f1bjstddjoq}{openid=>orYumuIIzx_ObsjXlIFnP_nTDtMU}{out_trade_no=>LX-17071120481711101-5}{result_code=>SUCCESS}{return_code=>SUCCESS}{sign=>FDEF04840003DF31D54B51CD765B186C}{time_end=>20170711210545}{total_fee=>198000}{trade_type=>NATIVE}{transaction_id=>4009842001201707110195686059}]
[2017-07-11 21:05:55][info] k:appid=>wxefc029d4373dcac0
[2017-07-11 21:05:55][info] k:bank_type=>CFT
[2017-07-11 21:05:55][info] k:cash_fee=>198000
[2017-07-11 21:05:55][info] k:fee_type=>CNY
[2017-07-11 21:05:55][info] k:is_subscribe=>Y
[2017-07-11 21:05:55][info] k:mch_id=>1244967502
[2017-07-11 21:05:55][info] k:nonce_str=>8s8lrdcyedtkv5w828360f1bjstddjoq
[2017-07-11 21:05:55][info] k:openid=>orYumuIIzx_ObsjXlIFnP_nTDtMU
[2017-07-11 21:05:55][info] k:out_trade_no=>LX-17071120481711101-5
[2017-07-11 21:05:55][info] k:result_code=>SUCCESS
[2017-07-11 21:05:55][info] k:return_code=>SUCCESS
[2017-07-11 21:05:55][info] k:sign=>FDEF04840003DF31D54B51CD765B186C
[2017-07-11 21:05:55][info] k:time_end=>20170711210545
[2017-07-11 21:05:55][info] k:total_fee=>198000
[2017-07-11 21:05:55][info] k:trade_type=>NATIVE
[2017-07-11 21:05:55][info] k:transaction_id=>4009842001201707110195686059
[2017-07-11 21:05:55][info] ----------------------------------------
[2017-07-11 21:05:55][info] XML_DATA222:{"appid":"wxefc029d4373dcac0","bank_type":"CFT","cash_fee":"1980.00","fee_type":"CNY","is_subscribe":"Y","mch_id":"1244967502","nonce_str":"8s8lrdcyedtkv5w828360f1bjstddjoq","openid":"orYumuIIzx_ObsjXlIFnP_nTDtMU","out_trade_no":"LX-17071120481711101-5","result_code":"SUCCESS","return_code":"SUCCESS","sign":"FDEF04840003DF31D54B51CD765B186C","time_end":"20170711210545","total_fee":"1980.00","trade_type":"NATIVE","transaction_id":"4009842001201707110195686059"}
[2017-07-11 21:05:55][info] 收到重复信息，并处理反馈成功！
[2017-07-11 21:05:55][info] success
[2017-07-11 21:05:55][info] 写入结束!!!
