[2017-10-01 09:53:50][info] ----------------------------------------
[2017-10-01 09:53:50][info] XML_DATA111:[{appid=>wxefc029d4373dcac0}{bank_type=>CFT}{cash_fee=>1193100}{fee_type=>CNY}{is_subscribe=>Y}{mch_id=>1244967502}{nonce_str=>vvdd71mpbhfqqbf2w3k667yryxwa2w1m}{openid=>orYumuMmvcYivz-Q83cdVLsOGsvg}{out_trade_no=>LX-17091117262089201-0}{result_code=>SUCCESS}{return_code=>SUCCESS}{sign=>067B3E7C080CB9B9ADA1C4D8C828AE81}{time_end=>20171001095350}{total_fee=>1193100}{trade_type=>NATIVE}{transaction_id=>4200000027201710015318009376}]
[2017-10-01 09:53:50][info] k:appid=>wxefc029d4373dcac0
[2017-10-01 09:53:50][info] k:bank_type=>CFT
[2017-10-01 09:53:50][info] k:cash_fee=>1193100
[2017-10-01 09:53:50][info] k:fee_type=>CNY
[2017-10-01 09:53:50][info] k:is_subscribe=>Y
[2017-10-01 09:53:50][info] k:mch_id=>1244967502
[2017-10-01 09:53:50][info] k:nonce_str=>vvdd71mpbhfqqbf2w3k667yryxwa2w1m
[2017-10-01 09:53:50][info] k:openid=>orYumuMmvcYivz-Q83cdVLsOGsvg
[2017-10-01 09:53:50][info] k:out_trade_no=>LX-17091117262089201-0
[2017-10-01 09:53:50][info] k:result_code=>SUCCESS
[2017-10-01 09:53:50][info] k:return_code=>SUCCESS
[2017-10-01 09:53:50][info] k:sign=>067B3E7C080CB9B9ADA1C4D8C828AE81
[2017-10-01 09:53:50][info] k:time_end=>20171001095350
[2017-10-01 09:53:50][info] k:total_fee=>1193100
[2017-10-01 09:53:50][info] k:trade_type=>NATIVE
[2017-10-01 09:53:50][info] k:transaction_id=>4200000027201710015318009376
[2017-10-01 09:53:50][info] ----------------------------------------
[2017-10-01 09:53:50][info] XML_DATA222:{"appid":"wxefc029d4373dcac0","bank_type":"CFT","cash_fee":"11931.00","fee_type":"CNY","is_subscribe":"Y","mch_id":"1244967502","nonce_str":"vvdd71mpbhfqqbf2w3k667yryxwa2w1m","openid":"orYumuMmvcYivz-Q83cdVLsOGsvg","out_trade_no":"LX-17091117262089201-0","result_code":"SUCCESS","return_code":"SUCCESS","sign":"067B3E7C080CB9B9ADA1C4D8C828AE81","time_end":"20171001095350","total_fee":"11931.00","trade_type":"NATIVE","transaction_id":"4200000027201710015318009376"}
[2017-10-01 09:53:51][warn] 数据存储成功，并成功返回记录编号19342！
[2017-10-01 09:54:02][info] ----------------------------------------
[2017-10-01 09:54:02][info] XML_DATA111:[{appid=>wxefc029d4373dcac0}{bank_type=>CFT}{cash_fee=>1193100}{fee_type=>CNY}{is_subscribe=>Y}{mch_id=>1244967502}{nonce_str=>vvdd71mpbhfqqbf2w3k667yryxwa2w1m}{openid=>orYumuMmvcYivz-Q83cdVLsOGsvg}{out_trade_no=>LX-17091117262089201-0}{result_code=>SUCCESS}{return_code=>SUCCESS}{sign=>067B3E7C080CB9B9ADA1C4D8C828AE81}{time_end=>20171001095350}{total_fee=>1193100}{trade_type=>NATIVE}{transaction_id=>4200000027201710015318009376}]
[2017-10-01 09:54:02][info] k:appid=>wxefc029d4373dcac0
[2017-10-01 09:54:02][info] k:bank_type=>CFT
[2017-10-01 09:54:02][info] k:cash_fee=>1193100
[2017-10-01 09:54:02][info] k:fee_type=>CNY
[2017-10-01 09:54:02][info] k:is_subscribe=>Y
[2017-10-01 09:54:02][info] k:mch_id=>1244967502
[2017-10-01 09:54:02][info] k:nonce_str=>vvdd71mpbhfqqbf2w3k667yryxwa2w1m
[2017-10-01 09:54:02][info] k:openid=>orYumuMmvcYivz-Q83cdVLsOGsvg
[2017-10-01 09:54:02][info] k:out_trade_no=>LX-17091117262089201-0
[2017-10-01 09:54:02][info] k:result_code=>SUCCESS
[2017-10-01 09:54:02][info] k:return_code=>SUCCESS
[2017-10-01 09:54:02][info] k:sign=>067B3E7C080CB9B9ADA1C4D8C828AE81
[2017-10-01 09:54:02][info] k:time_end=>20171001095350
[2017-10-01 09:54:02][info] k:total_fee=>1193100
[2017-10-01 09:54:02][info] k:trade_type=>NATIVE
[2017-10-01 09:54:02][info] k:transaction_id=>4200000027201710015318009376
[2017-10-01 09:54:02][info] ----------------------------------------
[2017-10-01 09:54:02][info] XML_DATA222:{"appid":"wxefc029d4373dcac0","bank_type":"CFT","cash_fee":"11931.00","fee_type":"CNY","is_subscribe":"Y","mch_id":"1244967502","nonce_str":"vvdd71mpbhfqqbf2w3k667yryxwa2w1m","openid":"orYumuMmvcYivz-Q83cdVLsOGsvg","out_trade_no":"LX-17091117262089201-0","result_code":"SUCCESS","return_code":"SUCCESS","sign":"067B3E7C080CB9B9ADA1C4D8C828AE81","time_end":"20171001095350","total_fee":"11931.00","trade_type":"NATIVE","transaction_id":"4200000027201710015318009376"}
[2017-10-01 09:54:02][info] 收到重复信息，并处理反馈成功！
[2017-10-01 09:54:02][info] success
[2017-10-01 09:54:02][info] 写入结束!!!
[2017-10-01 10:22:58][info] ----------------------------------------
[2017-10-01 10:22:58][info] XML_DATA111:[{appid=>wxefc029d4373dcac0}{bank_type=>CCB_DEBIT}{cash_fee=>716000}{fee_type=>CNY}{is_subscribe=>N}{mch_id=>1244967502}{nonce_str=>jtxh9p3rwajz7ir3tha0cpgadjnoryju}{openid=>orYumuFe1Fsj__ZgdAKaaAmfoxY8}{out_trade_no=>LX-17093017290115701-a}{result_code=>SUCCESS}{return_code=>SUCCESS}{sign=>662EA7B472240FF0F3746A7B4E66D437}{time_end=>20171001102258}{total_fee=>716000}{trade_type=>NATIVE}{transaction_id=>4200000023201710015325608206}]
[2017-10-01 10:22:58][info] k:appid=>wxefc029d4373dcac0
[2017-10-01 10:22:58][info] k:bank_type=>CCB_DEBIT
[2017-10-01 10:22:58][info] k:cash_fee=>716000
[2017-10-01 10:22:58][info] k:fee_type=>CNY
[2017-10-01 10:22:58][info] k:is_subscribe=>N
[2017-10-01 10:22:58][info] k:mch_id=>1244967502
[2017-10-01 10:22:58][info] k:nonce_str=>jtxh9p3rwajz7ir3tha0cpgadjnoryju
[2017-10-01 10:22:58][info] k:openid=>orYumuFe1Fsj__ZgdAKaaAmfoxY8
[2017-10-01 10:22:58][info] k:out_trade_no=>LX-17093017290115701-a
[2017-10-01 10:22:58][info] k:result_code=>SUCCESS
[2017-10-01 10:22:58][info] k:return_code=>SUCCESS
[2017-10-01 10:22:58][info] k:sign=>662EA7B472240FF0F3746A7B4E66D437
[2017-10-01 10:22:58][info] k:time_end=>20171001102258
[2017-10-01 10:22:58][info] k:total_fee=>716000
[2017-10-01 10:22:58][info] k:trade_type=>NATIVE
[2017-10-01 10:22:58][info] k:transaction_id=>4200000023201710015325608206
[2017-10-01 10:22:58][info] ----------------------------------------
[2017-10-01 10:22:58][info] XML_DATA222:{"appid":"wxefc029d4373dcac0","bank_type":"CCB_DEBIT","cash_fee":"7160.00","fee_type":"CNY","is_subscribe":"N","mch_id":"1244967502","nonce_str":"jtxh9p3rwajz7ir3tha0cpgadjnoryju","openid":"orYumuFe1Fsj__ZgdAKaaAmfoxY8","out_trade_no":"LX-17093017290115701-a","result_code":"SUCCESS","return_code":"SUCCESS","sign":"662EA7B472240FF0F3746A7B4E66D437","time_end":"20171001102258","total_fee":"7160.00","trade_type":"NATIVE","transaction_id":"4200000023201710015325608206"}
[2017-10-01 10:22:59][warn] 数据存储成功，并成功返回记录编号19345！
[2017-10-01 10:23:15][info] ----------------------------------------
[2017-10-01 10:23:15][info] XML_DATA111:[{appid=>wxefc029d4373dcac0}{bank_type=>CCB_DEBIT}{cash_fee=>716000}{fee_type=>CNY}{is_subscribe=>N}{mch_id=>1244967502}{nonce_str=>jtxh9p3rwajz7ir3tha0cpgadjnoryju}{openid=>orYumuFe1Fsj__ZgdAKaaAmfoxY8}{out_trade_no=>LX-17093017290115701-a}{result_code=>SUCCESS}{return_code=>SUCCESS}{sign=>662EA7B472240FF0F3746A7B4E66D437}{time_end=>20171001102258}{total_fee=>716000}{trade_type=>NATIVE}{transaction_id=>4200000023201710015325608206}]
[2017-10-01 10:23:15][info] k:appid=>wxefc029d4373dcac0
[2017-10-01 10:23:15][info] k:bank_type=>CCB_DEBIT
[2017-10-01 10:23:15][info] k:cash_fee=>716000
[2017-10-01 10:23:15][info] k:fee_type=>CNY
[2017-10-01 10:23:15][info] k:is_subscribe=>N
[2017-10-01 10:23:15][info] k:mch_id=>1244967502
[2017-10-01 10:23:15][info] k:nonce_str=>jtxh9p3rwajz7ir3tha0cpgadjnoryju
[2017-10-01 10:23:15][info] k:openid=>orYumuFe1Fsj__ZgdAKaaAmfoxY8
[2017-10-01 10:23:15][info] k:out_trade_no=>LX-17093017290115701-a
[2017-10-01 10:23:15][info] k:result_code=>SUCCESS
[2017-10-01 10:23:15][info] k:return_code=>SUCCESS
[2017-10-01 10:23:15][info] k:sign=>662EA7B472240FF0F3746A7B4E66D437
[2017-10-01 10:23:15][info] k:time_end=>20171001102258
[2017-10-01 10:23:15][info] k:total_fee=>716000
[2017-10-01 10:23:15][info] k:trade_type=>NATIVE
[2017-10-01 10:23:15][info] k:transaction_id=>4200000023201710015325608206
[2017-10-01 10:23:15][info] ----------------------------------------
[2017-10-01 10:23:15][info] XML_DATA222:{"appid":"wxefc029d4373dcac0","bank_type":"CCB_DEBIT","cash_fee":"7160.00","fee_type":"CNY","is_subscribe":"N","mch_id":"1244967502","nonce_str":"jtxh9p3rwajz7ir3tha0cpgadjnoryju","openid":"orYumuFe1Fsj__ZgdAKaaAmfoxY8","out_trade_no":"LX-17093017290115701-a","result_code":"SUCCESS","return_code":"SUCCESS","sign":"662EA7B472240FF0F3746A7B4E66D437","time_end":"20171001102258","total_fee":"7160.00","trade_type":"NATIVE","transaction_id":"4200000023201710015325608206"}
[2017-10-01 10:23:15][info] 收到重复信息，并处理反馈成功！
[2017-10-01 10:23:15][info] success
[2017-10-01 10:23:15][info] 写入结束!!!
