[2017-06-05 13:37:10][info] ----------------------------------------
[2017-06-05 13:37:10][info] XML_DATA111:[{appid=>wxefc029d4373dcac0}{bank_type=>BOC_DEBIT}{cash_fee=>288000}{fee_type=>CNY}{is_subscribe=>N}{mch_id=>1244967502}{nonce_str=>oklngetd6pp8ox7p5s4c4e84ma06nbk6}{openid=>orYumuGdmvCP0es5LvDwCgTjw7Q0}{out_trade_no=>LX-17060512501834901-6}{result_code=>SUCCESS}{return_code=>SUCCESS}{sign=>EAB6915D7BFDA950FB360C807E7F1AED}{time_end=>20170605133710}{total_fee=>288000}{trade_type=>NATIVE}{transaction_id=>4000042001201706054384232025}]
[2017-06-05 13:37:10][info] k:appid=>wxefc029d4373dcac0
[2017-06-05 13:37:10][info] k:bank_type=>BOC_DEBIT
[2017-06-05 13:37:10][info] k:cash_fee=>288000
[2017-06-05 13:37:10][info] k:fee_type=>CNY
[2017-06-05 13:37:10][info] k:is_subscribe=>N
[2017-06-05 13:37:10][info] k:mch_id=>1244967502
[2017-06-05 13:37:10][info] k:nonce_str=>oklngetd6pp8ox7p5s4c4e84ma06nbk6
[2017-06-05 13:37:10][info] k:openid=>orYumuGdmvCP0es5LvDwCgTjw7Q0
[2017-06-05 13:37:10][info] k:out_trade_no=>LX-17060512501834901-6
[2017-06-05 13:37:10][info] k:result_code=>SUCCESS
[2017-06-05 13:37:10][info] k:return_code=>SUCCESS
[2017-06-05 13:37:10][info] k:sign=>EAB6915D7BFDA950FB360C807E7F1AED
[2017-06-05 13:37:10][info] k:time_end=>20170605133710
[2017-06-05 13:37:10][info] k:total_fee=>288000
[2017-06-05 13:37:10][info] k:trade_type=>NATIVE
[2017-06-05 13:37:10][info] k:transaction_id=>4000042001201706054384232025
[2017-06-05 13:37:10][info] ----------------------------------------
[2017-06-05 13:37:10][info] XML_DATA222:{"appid":"wxefc029d4373dcac0","bank_type":"BOC_DEBIT","cash_fee":"2880.00","fee_type":"CNY","is_subscribe":"N","mch_id":"1244967502","nonce_str":"oklngetd6pp8ox7p5s4c4e84ma06nbk6","openid":"orYumuGdmvCP0es5LvDwCgTjw7Q0","out_trade_no":"LX-17060512501834901-6","result_code":"SUCCESS","return_code":"SUCCESS","sign":"EAB6915D7BFDA950FB360C807E7F1AED","time_end":"20170605133710","total_fee":"2880.00","trade_type":"NATIVE","transaction_id":"4000042001201706054384232025"}
[2017-06-05 13:37:11][warn] 数据存储成功，并成功返回记录编号17574！
[2017-06-05 13:37:23][info] ----------------------------------------
[2017-06-05 13:37:23][info] XML_DATA111:[{appid=>wxefc029d4373dcac0}{bank_type=>BOC_DEBIT}{cash_fee=>288000}{fee_type=>CNY}{is_subscribe=>N}{mch_id=>1244967502}{nonce_str=>oklngetd6pp8ox7p5s4c4e84ma06nbk6}{openid=>orYumuGdmvCP0es5LvDwCgTjw7Q0}{out_trade_no=>LX-17060512501834901-6}{result_code=>SUCCESS}{return_code=>SUCCESS}{sign=>EAB6915D7BFDA950FB360C807E7F1AED}{time_end=>20170605133710}{total_fee=>288000}{trade_type=>NATIVE}{transaction_id=>4000042001201706054384232025}]
[2017-06-05 13:37:23][info] k:appid=>wxefc029d4373dcac0
[2017-06-05 13:37:23][info] k:bank_type=>BOC_DEBIT
[2017-06-05 13:37:23][info] k:cash_fee=>288000
[2017-06-05 13:37:23][info] k:fee_type=>CNY
[2017-06-05 13:37:23][info] k:is_subscribe=>N
[2017-06-05 13:37:23][info] k:mch_id=>1244967502
[2017-06-05 13:37:23][info] k:nonce_str=>oklngetd6pp8ox7p5s4c4e84ma06nbk6
[2017-06-05 13:37:23][info] k:openid=>orYumuGdmvCP0es5LvDwCgTjw7Q0
[2017-06-05 13:37:23][info] k:out_trade_no=>LX-17060512501834901-6
[2017-06-05 13:37:23][info] k:result_code=>SUCCESS
[2017-06-05 13:37:23][info] k:return_code=>SUCCESS
[2017-06-05 13:37:23][info] k:sign=>EAB6915D7BFDA950FB360C807E7F1AED
[2017-06-05 13:37:23][info] k:time_end=>20170605133710
[2017-06-05 13:37:23][info] k:total_fee=>288000
[2017-06-05 13:37:23][info] k:trade_type=>NATIVE
[2017-06-05 13:37:23][info] k:transaction_id=>4000042001201706054384232025
[2017-06-05 13:37:23][info] ----------------------------------------
[2017-06-05 13:37:23][info] XML_DATA222:{"appid":"wxefc029d4373dcac0","bank_type":"BOC_DEBIT","cash_fee":"2880.00","fee_type":"CNY","is_subscribe":"N","mch_id":"1244967502","nonce_str":"oklngetd6pp8ox7p5s4c4e84ma06nbk6","openid":"orYumuGdmvCP0es5LvDwCgTjw7Q0","out_trade_no":"LX-17060512501834901-6","result_code":"SUCCESS","return_code":"SUCCESS","sign":"EAB6915D7BFDA950FB360C807E7F1AED","time_end":"20170605133710","total_fee":"2880.00","trade_type":"NATIVE","transaction_id":"4000042001201706054384232025"}
[2017-06-05 13:37:23][info] 收到重复信息，并处理反馈成功！
[2017-06-05 13:37:23][info] success
[2017-06-05 13:37:23][info] 写入结束!!!
