[2017-03-27 15:57:41][info] ----------------------------------------
[2017-03-27 15:57:41][info] XML_DATA111:[{appid=>wxefc029d4373dcac0}{bank_type=>CITIC_CREDIT}{cash_fee=>1}{fee_type=>CNY}{is_subscribe=>Y}{mch_id=>1244967502}{nonce_str=>8yk2rtr4o6wcotgmrkcn9essm0nnwnw4}{openid=>orYumuJuflvcbWmdGlX3WcIR5ehw}{out_trade_no=>LX-1703161136262701-8}{result_code=>SUCCESS}{return_code=>SUCCESS}{sign=>E4BF7890EAACCDB8BB6E3AA28BCA0BFA}{time_end=>20170327155740}{total_fee=>1}{trade_type=>NATIVE}{transaction_id=>4009112001201703274833229412}]
[2017-03-27 15:57:41][info] k:appid=>wxefc029d4373dcac0
[2017-03-27 15:57:41][info] k:bank_type=>CITIC_CREDIT
[2017-03-27 15:57:41][info] k:cash_fee=>1
[2017-03-27 15:57:41][info] k:fee_type=>CNY
[2017-03-27 15:57:41][info] k:is_subscribe=>Y
[2017-03-27 15:57:41][info] k:mch_id=>1244967502
[2017-03-27 15:57:41][info] k:nonce_str=>8yk2rtr4o6wcotgmrkcn9essm0nnwnw4
[2017-03-27 15:57:41][info] k:openid=>orYumuJuflvcbWmdGlX3WcIR5ehw
[2017-03-27 15:57:41][info] k:out_trade_no=>LX-1703161136262701-8
[2017-03-27 15:57:41][info] k:result_code=>SUCCESS
[2017-03-27 15:57:41][info] k:return_code=>SUCCESS
[2017-03-27 15:57:41][info] k:sign=>E4BF7890EAACCDB8BB6E3AA28BCA0BFA
[2017-03-27 15:57:41][info] k:time_end=>20170327155740
[2017-03-27 15:57:41][info] k:total_fee=>1
[2017-03-27 15:57:41][info] k:trade_type=>NATIVE
[2017-03-27 15:57:41][info] k:transaction_id=>4009112001201703274833229412
[2017-03-27 15:57:41][info] ----------------------------------------
[2017-03-27 15:57:41][info] XML_DATA222:{"appid":"wxefc029d4373dcac0","bank_type":"CITIC_CREDIT","cash_fee":"0.01","fee_type":"CNY","is_subscribe":"Y","mch_id":"1244967502","nonce_str":"8yk2rtr4o6wcotgmrkcn9essm0nnwnw4","openid":"orYumuJuflvcbWmdGlX3WcIR5ehw","out_trade_no":"LX-1703161136262701-8","result_code":"SUCCESS","return_code":"SUCCESS","sign":"E4BF7890EAACCDB8BB6E3AA28BCA0BFA","time_end":"20170327155740","total_fee":"0.01","trade_type":"NATIVE","transaction_id":"4009112001201703274833229412"}
[2017-03-27 15:57:41][warn] 数据存储成功，并成功返回记录编号17418！
[2017-03-27 15:57:53][info] ----------------------------------------
[2017-03-27 15:57:53][info] XML_DATA111:[{appid=>wxefc029d4373dcac0}{bank_type=>CITIC_CREDIT}{cash_fee=>1}{fee_type=>CNY}{is_subscribe=>Y}{mch_id=>1244967502}{nonce_str=>8yk2rtr4o6wcotgmrkcn9essm0nnwnw4}{openid=>orYumuJuflvcbWmdGlX3WcIR5ehw}{out_trade_no=>LX-1703161136262701-8}{result_code=>SUCCESS}{return_code=>SUCCESS}{sign=>E4BF7890EAACCDB8BB6E3AA28BCA0BFA}{time_end=>20170327155740}{total_fee=>1}{trade_type=>NATIVE}{transaction_id=>4009112001201703274833229412}]
[2017-03-27 15:57:53][info] k:appid=>wxefc029d4373dcac0
[2017-03-27 15:57:53][info] k:bank_type=>CITIC_CREDIT
[2017-03-27 15:57:53][info] k:cash_fee=>1
[2017-03-27 15:57:53][info] k:fee_type=>CNY
[2017-03-27 15:57:53][info] k:is_subscribe=>Y
[2017-03-27 15:57:53][info] k:mch_id=>1244967502
[2017-03-27 15:57:53][info] k:nonce_str=>8yk2rtr4o6wcotgmrkcn9essm0nnwnw4
[2017-03-27 15:57:53][info] k:openid=>orYumuJuflvcbWmdGlX3WcIR5ehw
[2017-03-27 15:57:53][info] k:out_trade_no=>LX-1703161136262701-8
[2017-03-27 15:57:53][info] k:result_code=>SUCCESS
[2017-03-27 15:57:53][info] k:return_code=>SUCCESS
[2017-03-27 15:57:53][info] k:sign=>E4BF7890EAACCDB8BB6E3AA28BCA0BFA
[2017-03-27 15:57:53][info] k:time_end=>20170327155740
[2017-03-27 15:57:53][info] k:total_fee=>1
[2017-03-27 15:57:53][info] k:trade_type=>NATIVE
[2017-03-27 15:57:53][info] k:transaction_id=>4009112001201703274833229412
[2017-03-27 15:57:53][info] ----------------------------------------
[2017-03-27 15:57:53][info] XML_DATA222:{"appid":"wxefc029d4373dcac0","bank_type":"CITIC_CREDIT","cash_fee":"0.01","fee_type":"CNY","is_subscribe":"Y","mch_id":"1244967502","nonce_str":"8yk2rtr4o6wcotgmrkcn9essm0nnwnw4","openid":"orYumuJuflvcbWmdGlX3WcIR5ehw","out_trade_no":"LX-1703161136262701-8","result_code":"SUCCESS","return_code":"SUCCESS","sign":"E4BF7890EAACCDB8BB6E3AA28BCA0BFA","time_end":"20170327155740","total_fee":"0.01","trade_type":"NATIVE","transaction_id":"4009112001201703274833229412"}
[2017-03-27 15:57:54][info] 收到重复信息，并处理反馈成功！
[2017-03-27 15:57:54][info] success
[2017-03-27 15:57:54][info] 写入结束!!!
[2017-03-27 16:37:40][info] ----------------------------------------
[2017-03-27 16:37:40][info] XML_DATA111:[{appid=>wxefc029d4373dcac0}{bank_type=>CFT}{cash_fee=>1}{fee_type=>CNY}{is_subscribe=>Y}{mch_id=>1244967502}{nonce_str=>kq3pb4jkogluu9cilfd1w20qrgcan4p4}{openid=>orYumuAFxLGdyO7Su3wb9ENumlPo}{out_trade_no=>LX-1703161136262701-2}{result_code=>SUCCESS}{return_code=>SUCCESS}{sign=>1CE2132F8516CD65162D0C12E635D360}{time_end=>20170327163739}{total_fee=>1}{trade_type=>NATIVE}{transaction_id=>4000442001201703274839964968}]
[2017-03-27 16:37:40][info] k:appid=>wxefc029d4373dcac0
[2017-03-27 16:37:40][info] k:bank_type=>CFT
[2017-03-27 16:37:40][info] k:cash_fee=>1
[2017-03-27 16:37:40][info] k:fee_type=>CNY
[2017-03-27 16:37:40][info] k:is_subscribe=>Y
[2017-03-27 16:37:40][info] k:mch_id=>1244967502
[2017-03-27 16:37:40][info] k:nonce_str=>kq3pb4jkogluu9cilfd1w20qrgcan4p4
[2017-03-27 16:37:40][info] k:openid=>orYumuAFxLGdyO7Su3wb9ENumlPo
[2017-03-27 16:37:40][info] k:out_trade_no=>LX-1703161136262701-2
[2017-03-27 16:37:40][info] k:result_code=>SUCCESS
[2017-03-27 16:37:40][info] k:return_code=>SUCCESS
[2017-03-27 16:37:40][info] k:sign=>1CE2132F8516CD65162D0C12E635D360
[2017-03-27 16:37:40][info] k:time_end=>20170327163739
[2017-03-27 16:37:40][info] k:total_fee=>1
[2017-03-27 16:37:40][info] k:trade_type=>NATIVE
[2017-03-27 16:37:40][info] k:transaction_id=>4000442001201703274839964968
[2017-03-27 16:37:40][info] ----------------------------------------
[2017-03-27 16:37:40][info] XML_DATA222:{"appid":"wxefc029d4373dcac0","bank_type":"CFT","cash_fee":"0.01","fee_type":"CNY","is_subscribe":"Y","mch_id":"1244967502","nonce_str":"kq3pb4jkogluu9cilfd1w20qrgcan4p4","openid":"orYumuAFxLGdyO7Su3wb9ENumlPo","out_trade_no":"LX-1703161136262701-2","result_code":"SUCCESS","return_code":"SUCCESS","sign":"1CE2132F8516CD65162D0C12E635D360","time_end":"20170327163739","total_fee":"0.01","trade_type":"NATIVE","transaction_id":"4000442001201703274839964968"}
[2017-03-27 16:37:41][warn] 数据存储成功，并成功返回记录编号17421！
[2017-03-27 16:37:58][info] ----------------------------------------
[2017-03-27 16:37:58][info] XML_DATA111:[{appid=>wxefc029d4373dcac0}{bank_type=>CFT}{cash_fee=>1}{fee_type=>CNY}{is_subscribe=>Y}{mch_id=>1244967502}{nonce_str=>kq3pb4jkogluu9cilfd1w20qrgcan4p4}{openid=>orYumuAFxLGdyO7Su3wb9ENumlPo}{out_trade_no=>LX-1703161136262701-2}{result_code=>SUCCESS}{return_code=>SUCCESS}{sign=>1CE2132F8516CD65162D0C12E635D360}{time_end=>20170327163739}{total_fee=>1}{trade_type=>NATIVE}{transaction_id=>4000442001201703274839964968}]
[2017-03-27 16:37:58][info] k:appid=>wxefc029d4373dcac0
[2017-03-27 16:37:58][info] k:bank_type=>CFT
[2017-03-27 16:37:58][info] k:cash_fee=>1
[2017-03-27 16:37:58][info] k:fee_type=>CNY
[2017-03-27 16:37:58][info] k:is_subscribe=>Y
[2017-03-27 16:37:58][info] k:mch_id=>1244967502
[2017-03-27 16:37:58][info] k:nonce_str=>kq3pb4jkogluu9cilfd1w20qrgcan4p4
[2017-03-27 16:37:58][info] k:openid=>orYumuAFxLGdyO7Su3wb9ENumlPo
[2017-03-27 16:37:58][info] k:out_trade_no=>LX-1703161136262701-2
[2017-03-27 16:37:58][info] k:result_code=>SUCCESS
[2017-03-27 16:37:58][info] k:return_code=>SUCCESS
[2017-03-27 16:37:58][info] k:sign=>1CE2132F8516CD65162D0C12E635D360
[2017-03-27 16:37:58][info] k:time_end=>20170327163739
[2017-03-27 16:37:58][info] k:total_fee=>1
[2017-03-27 16:37:58][info] k:trade_type=>NATIVE
[2017-03-27 16:37:58][info] k:transaction_id=>4000442001201703274839964968
[2017-03-27 16:37:58][info] ----------------------------------------
[2017-03-27 16:37:58][info] XML_DATA222:{"appid":"wxefc029d4373dcac0","bank_type":"CFT","cash_fee":"0.01","fee_type":"CNY","is_subscribe":"Y","mch_id":"1244967502","nonce_str":"kq3pb4jkogluu9cilfd1w20qrgcan4p4","openid":"orYumuAFxLGdyO7Su3wb9ENumlPo","out_trade_no":"LX-1703161136262701-2","result_code":"SUCCESS","return_code":"SUCCESS","sign":"1CE2132F8516CD65162D0C12E635D360","time_end":"20170327163739","total_fee":"0.01","trade_type":"NATIVE","transaction_id":"4000442001201703274839964968"}
[2017-03-27 16:37:58][info] 收到重复信息，并处理反馈成功！
[2017-03-27 16:37:58][info] success
[2017-03-27 16:37:58][info] 写入结束!!!
[2017-03-27 17:38:32][info] ----------------------------------------
[2017-03-27 17:38:32][info] XML_DATA111:[{appid=>wxefc029d4373dcac0}{bank_type=>CFT}{cash_fee=>1}{fee_type=>CNY}{is_subscribe=>Y}{mch_id=>1244967502}{nonce_str=>9ewy1q525a5wh1h021bj0xdzyfenkgwg}{openid=>orYumuAFxLGdyO7Su3wb9ENumlPo}{out_trade_no=>LX-1703161136262701-6}{result_code=>SUCCESS}{return_code=>SUCCESS}{sign=>121F5C998C684DD3DF5B06831021320A}{time_end=>20170327173832}{total_fee=>1}{trade_type=>NATIVE}{transaction_id=>4000442001201703274841974875}]
[2017-03-27 17:38:32][info] k:appid=>wxefc029d4373dcac0
[2017-03-27 17:38:32][info] k:bank_type=>CFT
[2017-03-27 17:38:32][info] k:cash_fee=>1
[2017-03-27 17:38:32][info] k:fee_type=>CNY
[2017-03-27 17:38:32][info] k:is_subscribe=>Y
[2017-03-27 17:38:32][info] k:mch_id=>1244967502
[2017-03-27 17:38:32][info] k:nonce_str=>9ewy1q525a5wh1h021bj0xdzyfenkgwg
[2017-03-27 17:38:32][info] k:openid=>orYumuAFxLGdyO7Su3wb9ENumlPo
[2017-03-27 17:38:32][info] k:out_trade_no=>LX-1703161136262701-6
[2017-03-27 17:38:32][info] k:result_code=>SUCCESS
[2017-03-27 17:38:32][info] k:return_code=>SUCCESS
[2017-03-27 17:38:32][info] k:sign=>121F5C998C684DD3DF5B06831021320A
[2017-03-27 17:38:32][info] k:time_end=>20170327173832
[2017-03-27 17:38:32][info] k:total_fee=>1
[2017-03-27 17:38:32][info] k:trade_type=>NATIVE
[2017-03-27 17:38:32][info] k:transaction_id=>4000442001201703274841974875
[2017-03-27 17:38:32][info] ----------------------------------------
[2017-03-27 17:38:32][info] XML_DATA222:{"appid":"wxefc029d4373dcac0","bank_type":"CFT","cash_fee":"0.01","fee_type":"CNY","is_subscribe":"Y","mch_id":"1244967502","nonce_str":"9ewy1q525a5wh1h021bj0xdzyfenkgwg","openid":"orYumuAFxLGdyO7Su3wb9ENumlPo","out_trade_no":"LX-1703161136262701-6","result_code":"SUCCESS","return_code":"SUCCESS","sign":"121F5C998C684DD3DF5B06831021320A","time_end":"20170327173832","total_fee":"0.01","trade_type":"NATIVE","transaction_id":"4000442001201703274841974875"}
[2017-03-27 17:38:33][warn] 数据存储成功，并成功返回记录编号17422！
[2017-03-27 17:38:46][info] ----------------------------------------
[2017-03-27 17:38:46][info] XML_DATA111:[{appid=>wxefc029d4373dcac0}{bank_type=>CFT}{cash_fee=>1}{fee_type=>CNY}{is_subscribe=>Y}{mch_id=>1244967502}{nonce_str=>9ewy1q525a5wh1h021bj0xdzyfenkgwg}{openid=>orYumuAFxLGdyO7Su3wb9ENumlPo}{out_trade_no=>LX-1703161136262701-6}{result_code=>SUCCESS}{return_code=>SUCCESS}{sign=>121F5C998C684DD3DF5B06831021320A}{time_end=>20170327173832}{total_fee=>1}{trade_type=>NATIVE}{transaction_id=>4000442001201703274841974875}]
[2017-03-27 17:38:46][info] k:appid=>wxefc029d4373dcac0
[2017-03-27 17:38:46][info] k:bank_type=>CFT
[2017-03-27 17:38:46][info] k:cash_fee=>1
[2017-03-27 17:38:46][info] k:fee_type=>CNY
[2017-03-27 17:38:46][info] k:is_subscribe=>Y
[2017-03-27 17:38:46][info] k:mch_id=>1244967502
[2017-03-27 17:38:46][info] k:nonce_str=>9ewy1q525a5wh1h021bj0xdzyfenkgwg
[2017-03-27 17:38:46][info] k:openid=>orYumuAFxLGdyO7Su3wb9ENumlPo
[2017-03-27 17:38:46][info] k:out_trade_no=>LX-1703161136262701-6
[2017-03-27 17:38:46][info] k:result_code=>SUCCESS
[2017-03-27 17:38:46][info] k:return_code=>SUCCESS
[2017-03-27 17:38:46][info] k:sign=>121F5C998C684DD3DF5B06831021320A
[2017-03-27 17:38:46][info] k:time_end=>20170327173832
[2017-03-27 17:38:46][info] k:total_fee=>1
[2017-03-27 17:38:46][info] k:trade_type=>NATIVE
[2017-03-27 17:38:46][info] k:transaction_id=>4000442001201703274841974875
[2017-03-27 17:38:46][info] ----------------------------------------
[2017-03-27 17:38:46][info] XML_DATA222:{"appid":"wxefc029d4373dcac0","bank_type":"CFT","cash_fee":"0.01","fee_type":"CNY","is_subscribe":"Y","mch_id":"1244967502","nonce_str":"9ewy1q525a5wh1h021bj0xdzyfenkgwg","openid":"orYumuAFxLGdyO7Su3wb9ENumlPo","out_trade_no":"LX-1703161136262701-6","result_code":"SUCCESS","return_code":"SUCCESS","sign":"121F5C998C684DD3DF5B06831021320A","time_end":"20170327173832","total_fee":"0.01","trade_type":"NATIVE","transaction_id":"4000442001201703274841974875"}
[2017-03-27 17:38:46][info] 收到重复信息，并处理反馈成功！
[2017-03-27 17:38:46][info] success
[2017-03-27 17:38:46][info] 写入结束!!!
