[2017-05-03 17:47:14][info] ----------------------------------------
[2017-05-03 17:47:14][info] XML_DATA111:[{appid=>wxefc029d4373dcac0}{bank_type=>ICBC_DEBIT}{cash_fee=>298000}{fee_type=>CNY}{is_subscribe=>N}{mch_id=>1244967502}{nonce_str=>6u3m54itbejkd0x0b2jhkoy85t377kht}{openid=>orYumuDviZyMqprenVNWJPi_IqVs}{out_trade_no=>LX-17050214332877201-a}{result_code=>SUCCESS}{return_code=>SUCCESS}{sign=>47DBD60956B4B89A9DC4FE8483EB250B}{time_end=>20170503174713}{total_fee=>298000}{trade_type=>NATIVE}{transaction_id=>4006102001201705039409329408}]
[2017-05-03 17:47:14][info] k:appid=>wxefc029d4373dcac0
[2017-05-03 17:47:14][info] k:bank_type=>ICBC_DEBIT
[2017-05-03 17:47:14][info] k:cash_fee=>298000
[2017-05-03 17:47:14][info] k:fee_type=>CNY
[2017-05-03 17:47:14][info] k:is_subscribe=>N
[2017-05-03 17:47:14][info] k:mch_id=>1244967502
[2017-05-03 17:47:14][info] k:nonce_str=>6u3m54itbejkd0x0b2jhkoy85t377kht
[2017-05-03 17:47:14][info] k:openid=>orYumuDviZyMqprenVNWJPi_IqVs
[2017-05-03 17:47:14][info] k:out_trade_no=>LX-17050214332877201-a
[2017-05-03 17:47:14][info] k:result_code=>SUCCESS
[2017-05-03 17:47:14][info] k:return_code=>SUCCESS
[2017-05-03 17:47:14][info] k:sign=>47DBD60956B4B89A9DC4FE8483EB250B
[2017-05-03 17:47:14][info] k:time_end=>20170503174713
[2017-05-03 17:47:14][info] k:total_fee=>298000
[2017-05-03 17:47:14][info] k:trade_type=>NATIVE
[2017-05-03 17:47:14][info] k:transaction_id=>4006102001201705039409329408
[2017-05-03 17:47:14][info] ----------------------------------------
[2017-05-03 17:47:14][info] XML_DATA222:{"appid":"wxefc029d4373dcac0","bank_type":"ICBC_DEBIT","cash_fee":"2980.00","fee_type":"CNY","is_subscribe":"N","mch_id":"1244967502","nonce_str":"6u3m54itbejkd0x0b2jhkoy85t377kht","openid":"orYumuDviZyMqprenVNWJPi_IqVs","out_trade_no":"LX-17050214332877201-a","result_code":"SUCCESS","return_code":"SUCCESS","sign":"47DBD60956B4B89A9DC4FE8483EB250B","time_end":"20170503174713","total_fee":"2980.00","trade_type":"NATIVE","transaction_id":"4006102001201705039409329408"}
[2017-05-03 17:47:14][warn] 数据存储成功，并成功返回记录编号17476！
[2017-05-03 17:47:26][info] ----------------------------------------
[2017-05-03 17:47:26][info] XML_DATA111:[{appid=>wxefc029d4373dcac0}{bank_type=>ICBC_DEBIT}{cash_fee=>298000}{fee_type=>CNY}{is_subscribe=>N}{mch_id=>1244967502}{nonce_str=>6u3m54itbejkd0x0b2jhkoy85t377kht}{openid=>orYumuDviZyMqprenVNWJPi_IqVs}{out_trade_no=>LX-17050214332877201-a}{result_code=>SUCCESS}{return_code=>SUCCESS}{sign=>47DBD60956B4B89A9DC4FE8483EB250B}{time_end=>20170503174713}{total_fee=>298000}{trade_type=>NATIVE}{transaction_id=>4006102001201705039409329408}]
[2017-05-03 17:47:26][info] k:appid=>wxefc029d4373dcac0
[2017-05-03 17:47:26][info] k:bank_type=>ICBC_DEBIT
[2017-05-03 17:47:26][info] k:cash_fee=>298000
[2017-05-03 17:47:26][info] k:fee_type=>CNY
[2017-05-03 17:47:26][info] k:is_subscribe=>N
[2017-05-03 17:47:26][info] k:mch_id=>1244967502
[2017-05-03 17:47:26][info] k:nonce_str=>6u3m54itbejkd0x0b2jhkoy85t377kht
[2017-05-03 17:47:26][info] k:openid=>orYumuDviZyMqprenVNWJPi_IqVs
[2017-05-03 17:47:26][info] k:out_trade_no=>LX-17050214332877201-a
[2017-05-03 17:47:26][info] k:result_code=>SUCCESS
[2017-05-03 17:47:26][info] k:return_code=>SUCCESS
[2017-05-03 17:47:26][info] k:sign=>47DBD60956B4B89A9DC4FE8483EB250B
[2017-05-03 17:47:26][info] k:time_end=>20170503174713
[2017-05-03 17:47:26][info] k:total_fee=>298000
[2017-05-03 17:47:26][info] k:trade_type=>NATIVE
[2017-05-03 17:47:26][info] k:transaction_id=>4006102001201705039409329408
[2017-05-03 17:47:26][info] ----------------------------------------
[2017-05-03 17:47:26][info] XML_DATA222:{"appid":"wxefc029d4373dcac0","bank_type":"ICBC_DEBIT","cash_fee":"2980.00","fee_type":"CNY","is_subscribe":"N","mch_id":"1244967502","nonce_str":"6u3m54itbejkd0x0b2jhkoy85t377kht","openid":"orYumuDviZyMqprenVNWJPi_IqVs","out_trade_no":"LX-17050214332877201-a","result_code":"SUCCESS","return_code":"SUCCESS","sign":"47DBD60956B4B89A9DC4FE8483EB250B","time_end":"20170503174713","total_fee":"2980.00","trade_type":"NATIVE","transaction_id":"4006102001201705039409329408"}
[2017-05-03 17:47:26][info] 收到重复信息，并处理反馈成功！
[2017-05-03 17:47:26][info] success
[2017-05-03 17:47:26][info] 写入结束!!!
