[2017-04-22 16:26:53][info] ----------------------------------------
[2017-04-22 16:26:53][info] XML_DATA111:[{appid=>wxefc029d4373dcac0}{bank_type=>ICBC_DEBIT}{cash_fee=>641000}{fee_type=>CNY}{is_subscribe=>Y}{mch_id=>1244967502}{nonce_str=>ou8p0lz40t2zgxqilz730lggbsjd58n1}{openid=>orYumuIz4xy3hFtoVA54hq3NdXnM}{out_trade_no=>LX-17041819595222501-0}{result_code=>SUCCESS}{return_code=>SUCCESS}{sign=>F03F3F019B8870C759791DEEFB766256}{time_end=>20170422162652}{total_fee=>641000}{trade_type=>NATIVE}{transaction_id=>4010072001201704227948469209}]
[2017-04-22 16:26:53][info] k:appid=>wxefc029d4373dcac0
[2017-04-22 16:26:53][info] k:bank_type=>ICBC_DEBIT
[2017-04-22 16:26:53][info] k:cash_fee=>641000
[2017-04-22 16:26:53][info] k:fee_type=>CNY
[2017-04-22 16:26:53][info] k:is_subscribe=>Y
[2017-04-22 16:26:53][info] k:mch_id=>1244967502
[2017-04-22 16:26:53][info] k:nonce_str=>ou8p0lz40t2zgxqilz730lggbsjd58n1
[2017-04-22 16:26:53][info] k:openid=>orYumuIz4xy3hFtoVA54hq3NdXnM
[2017-04-22 16:26:53][info] k:out_trade_no=>LX-17041819595222501-0
[2017-04-22 16:26:53][info] k:result_code=>SUCCESS
[2017-04-22 16:26:53][info] k:return_code=>SUCCESS
[2017-04-22 16:26:53][info] k:sign=>F03F3F019B8870C759791DEEFB766256
[2017-04-22 16:26:53][info] k:time_end=>20170422162652
[2017-04-22 16:26:53][info] k:total_fee=>641000
[2017-04-22 16:26:53][info] k:trade_type=>NATIVE
[2017-04-22 16:26:53][info] k:transaction_id=>4010072001201704227948469209
[2017-04-22 16:26:53][info] ----------------------------------------
[2017-04-22 16:26:53][info] XML_DATA222:{"appid":"wxefc029d4373dcac0","bank_type":"ICBC_DEBIT","cash_fee":"6410.00","fee_type":"CNY","is_subscribe":"Y","mch_id":"1244967502","nonce_str":"ou8p0lz40t2zgxqilz730lggbsjd58n1","openid":"orYumuIz4xy3hFtoVA54hq3NdXnM","out_trade_no":"LX-17041819595222501-0","result_code":"SUCCESS","return_code":"SUCCESS","sign":"F03F3F019B8870C759791DEEFB766256","time_end":"20170422162652","total_fee":"6410.00","trade_type":"NATIVE","transaction_id":"4010072001201704227948469209"}
[2017-04-22 16:26:54][warn] 数据存储成功，并成功返回记录编号17463！
[2017-04-22 16:27:08][info] ----------------------------------------
[2017-04-22 16:27:08][info] XML_DATA111:[{appid=>wxefc029d4373dcac0}{bank_type=>ICBC_DEBIT}{cash_fee=>641000}{fee_type=>CNY}{is_subscribe=>Y}{mch_id=>1244967502}{nonce_str=>ou8p0lz40t2zgxqilz730lggbsjd58n1}{openid=>orYumuIz4xy3hFtoVA54hq3NdXnM}{out_trade_no=>LX-17041819595222501-0}{result_code=>SUCCESS}{return_code=>SUCCESS}{sign=>F03F3F019B8870C759791DEEFB766256}{time_end=>20170422162652}{total_fee=>641000}{trade_type=>NATIVE}{transaction_id=>4010072001201704227948469209}]
[2017-04-22 16:27:08][info] k:appid=>wxefc029d4373dcac0
[2017-04-22 16:27:08][info] k:bank_type=>ICBC_DEBIT
[2017-04-22 16:27:08][info] k:cash_fee=>641000
[2017-04-22 16:27:08][info] k:fee_type=>CNY
[2017-04-22 16:27:08][info] k:is_subscribe=>Y
[2017-04-22 16:27:08][info] k:mch_id=>1244967502
[2017-04-22 16:27:08][info] k:nonce_str=>ou8p0lz40t2zgxqilz730lggbsjd58n1
[2017-04-22 16:27:08][info] k:openid=>orYumuIz4xy3hFtoVA54hq3NdXnM
[2017-04-22 16:27:08][info] k:out_trade_no=>LX-17041819595222501-0
[2017-04-22 16:27:08][info] k:result_code=>SUCCESS
[2017-04-22 16:27:08][info] k:return_code=>SUCCESS
[2017-04-22 16:27:08][info] k:sign=>F03F3F019B8870C759791DEEFB766256
[2017-04-22 16:27:08][info] k:time_end=>20170422162652
[2017-04-22 16:27:08][info] k:total_fee=>641000
[2017-04-22 16:27:08][info] k:trade_type=>NATIVE
[2017-04-22 16:27:08][info] k:transaction_id=>4010072001201704227948469209
[2017-04-22 16:27:08][info] ----------------------------------------
[2017-04-22 16:27:08][info] XML_DATA222:{"appid":"wxefc029d4373dcac0","bank_type":"ICBC_DEBIT","cash_fee":"6410.00","fee_type":"CNY","is_subscribe":"Y","mch_id":"1244967502","nonce_str":"ou8p0lz40t2zgxqilz730lggbsjd58n1","openid":"orYumuIz4xy3hFtoVA54hq3NdXnM","out_trade_no":"LX-17041819595222501-0","result_code":"SUCCESS","return_code":"SUCCESS","sign":"F03F3F019B8870C759791DEEFB766256","time_end":"20170422162652","total_fee":"6410.00","trade_type":"NATIVE","transaction_id":"4010072001201704227948469209"}
[2017-04-22 16:27:08][info] 收到重复信息，并处理反馈成功！
[2017-04-22 16:27:08][info] success
[2017-04-22 16:27:08][info] 写入结束!!!
