[2017-06-30 14:38:59][info] ----------------------------------------
[2017-06-30 14:38:59][info] XML_DATA111:[{appid=>wxefc029d4373dcac0}{bank_type=>CFT}{cash_fee=>931000}{fee_type=>CNY}{is_subscribe=>N}{mch_id=>1244967502}{nonce_str=>23qd7op6e8fuym39zdavojgyo12ef90h}{openid=>orYumuIcd3ZJ_kvzTgQON104WSnw}{out_trade_no=>LX-17062822501343201-c}{result_code=>SUCCESS}{return_code=>SUCCESS}{sign=>36A344D752ED0B3864E66D9C1EA67CA8}{time_end=>20170630143859}{total_fee=>931000}{trade_type=>NATIVE}{transaction_id=>4002942001201706308129029755}]
[2017-06-30 14:38:59][info] k:appid=>wxefc029d4373dcac0
[2017-06-30 14:38:59][info] k:bank_type=>CFT
[2017-06-30 14:38:59][info] k:cash_fee=>931000
[2017-06-30 14:38:59][info] k:fee_type=>CNY
[2017-06-30 14:38:59][info] k:is_subscribe=>N
[2017-06-30 14:38:59][info] k:mch_id=>1244967502
[2017-06-30 14:38:59][info] k:nonce_str=>23qd7op6e8fuym39zdavojgyo12ef90h
[2017-06-30 14:38:59][info] k:openid=>orYumuIcd3ZJ_kvzTgQON104WSnw
[2017-06-30 14:38:59][info] k:out_trade_no=>LX-17062822501343201-c
[2017-06-30 14:38:59][info] k:result_code=>SUCCESS
[2017-06-30 14:38:59][info] k:return_code=>SUCCESS
[2017-06-30 14:38:59][info] k:sign=>36A344D752ED0B3864E66D9C1EA67CA8
[2017-06-30 14:38:59][info] k:time_end=>20170630143859
[2017-06-30 14:38:59][info] k:total_fee=>931000
[2017-06-30 14:38:59][info] k:trade_type=>NATIVE
[2017-06-30 14:38:59][info] k:transaction_id=>4002942001201706308129029755
[2017-06-30 14:38:59][info] ----------------------------------------
[2017-06-30 14:38:59][info] XML_DATA222:{"appid":"wxefc029d4373dcac0","bank_type":"CFT","cash_fee":"9310.00","fee_type":"CNY","is_subscribe":"N","mch_id":"1244967502","nonce_str":"23qd7op6e8fuym39zdavojgyo12ef90h","openid":"orYumuIcd3ZJ_kvzTgQON104WSnw","out_trade_no":"LX-17062822501343201-c","result_code":"SUCCESS","return_code":"SUCCESS","sign":"36A344D752ED0B3864E66D9C1EA67CA8","time_end":"20170630143859","total_fee":"9310.00","trade_type":"NATIVE","transaction_id":"4002942001201706308129029755"}
[2017-06-30 14:38:59][warn] 数据存储成功，并成功返回记录编号17772！
[2017-06-30 14:39:09][info] ----------------------------------------
[2017-06-30 14:39:09][info] XML_DATA111:[{appid=>wxefc029d4373dcac0}{bank_type=>CFT}{cash_fee=>931000}{fee_type=>CNY}{is_subscribe=>N}{mch_id=>1244967502}{nonce_str=>23qd7op6e8fuym39zdavojgyo12ef90h}{openid=>orYumuIcd3ZJ_kvzTgQON104WSnw}{out_trade_no=>LX-17062822501343201-c}{result_code=>SUCCESS}{return_code=>SUCCESS}{sign=>36A344D752ED0B3864E66D9C1EA67CA8}{time_end=>20170630143859}{total_fee=>931000}{trade_type=>NATIVE}{transaction_id=>4002942001201706308129029755}]
[2017-06-30 14:39:09][info] k:appid=>wxefc029d4373dcac0
[2017-06-30 14:39:09][info] k:bank_type=>CFT
[2017-06-30 14:39:09][info] k:cash_fee=>931000
[2017-06-30 14:39:09][info] k:fee_type=>CNY
[2017-06-30 14:39:09][info] k:is_subscribe=>N
[2017-06-30 14:39:09][info] k:mch_id=>1244967502
[2017-06-30 14:39:09][info] k:nonce_str=>23qd7op6e8fuym39zdavojgyo12ef90h
[2017-06-30 14:39:09][info] k:openid=>orYumuIcd3ZJ_kvzTgQON104WSnw
[2017-06-30 14:39:09][info] k:out_trade_no=>LX-17062822501343201-c
[2017-06-30 14:39:09][info] k:result_code=>SUCCESS
[2017-06-30 14:39:09][info] k:return_code=>SUCCESS
[2017-06-30 14:39:09][info] k:sign=>36A344D752ED0B3864E66D9C1EA67CA8
[2017-06-30 14:39:09][info] k:time_end=>20170630143859
[2017-06-30 14:39:09][info] k:total_fee=>931000
[2017-06-30 14:39:09][info] k:trade_type=>NATIVE
[2017-06-30 14:39:09][info] k:transaction_id=>4002942001201706308129029755
[2017-06-30 14:39:09][info] ----------------------------------------
[2017-06-30 14:39:09][info] XML_DATA222:{"appid":"wxefc029d4373dcac0","bank_type":"CFT","cash_fee":"9310.00","fee_type":"CNY","is_subscribe":"N","mch_id":"1244967502","nonce_str":"23qd7op6e8fuym39zdavojgyo12ef90h","openid":"orYumuIcd3ZJ_kvzTgQON104WSnw","out_trade_no":"LX-17062822501343201-c","result_code":"SUCCESS","return_code":"SUCCESS","sign":"36A344D752ED0B3864E66D9C1EA67CA8","time_end":"20170630143859","total_fee":"9310.00","trade_type":"NATIVE","transaction_id":"4002942001201706308129029755"}
[2017-06-30 14:39:09][info] 收到重复信息，并处理反馈成功！
[2017-06-30 14:39:09][info] success
[2017-06-30 14:39:09][info] 写入结束!!!
[2017-06-30 15:43:10][info] ----------------------------------------
[2017-06-30 15:43:10][info] XML_DATA111:[{appid=>wxefc029d4373dcac0}{bank_type=>BOC_DEBIT}{cash_fee=>478000}{fee_type=>CNY}{is_subscribe=>Y}{mch_id=>1244967502}{nonce_str=>0qrmx2s6frx4a5p52pfly3kc4liq5cnx}{openid=>orYumuBHLDTTnfCWGkm0WfAq-xb4}{out_trade_no=>LX-17063015381045701-6}{result_code=>SUCCESS}{return_code=>SUCCESS}{sign=>D24CE9244EBCA7DDAE6A0144A953AF4E}{time_end=>20170630154309}{total_fee=>478000}{trade_type=>NATIVE}{transaction_id=>4006922001201706308138729177}]
[2017-06-30 15:43:10][info] k:appid=>wxefc029d4373dcac0
[2017-06-30 15:43:10][info] k:bank_type=>BOC_DEBIT
[2017-06-30 15:43:10][info] k:cash_fee=>478000
[2017-06-30 15:43:10][info] k:fee_type=>CNY
[2017-06-30 15:43:10][info] k:is_subscribe=>Y
[2017-06-30 15:43:10][info] k:mch_id=>1244967502
[2017-06-30 15:43:10][info] k:nonce_str=>0qrmx2s6frx4a5p52pfly3kc4liq5cnx
[2017-06-30 15:43:10][info] k:openid=>orYumuBHLDTTnfCWGkm0WfAq-xb4
[2017-06-30 15:43:10][info] k:out_trade_no=>LX-17063015381045701-6
[2017-06-30 15:43:10][info] k:result_code=>SUCCESS
[2017-06-30 15:43:10][info] k:return_code=>SUCCESS
[2017-06-30 15:43:10][info] k:sign=>D24CE9244EBCA7DDAE6A0144A953AF4E
[2017-06-30 15:43:10][info] k:time_end=>20170630154309
[2017-06-30 15:43:10][info] k:total_fee=>478000
[2017-06-30 15:43:10][info] k:trade_type=>NATIVE
[2017-06-30 15:43:10][info] k:transaction_id=>4006922001201706308138729177
[2017-06-30 15:43:10][info] ----------------------------------------
[2017-06-30 15:43:10][info] XML_DATA222:{"appid":"wxefc029d4373dcac0","bank_type":"BOC_DEBIT","cash_fee":"4780.00","fee_type":"CNY","is_subscribe":"Y","mch_id":"1244967502","nonce_str":"0qrmx2s6frx4a5p52pfly3kc4liq5cnx","openid":"orYumuBHLDTTnfCWGkm0WfAq-xb4","out_trade_no":"LX-17063015381045701-6","result_code":"SUCCESS","return_code":"SUCCESS","sign":"D24CE9244EBCA7DDAE6A0144A953AF4E","time_end":"20170630154309","total_fee":"4780.00","trade_type":"NATIVE","transaction_id":"4006922001201706308138729177"}
[2017-06-30 15:43:10][warn] 数据存储成功，并成功返回记录编号17776！
[2017-06-30 15:43:19][info] ----------------------------------------
[2017-06-30 15:43:19][info] XML_DATA111:[{appid=>wxefc029d4373dcac0}{bank_type=>BOC_DEBIT}{cash_fee=>478000}{fee_type=>CNY}{is_subscribe=>Y}{mch_id=>1244967502}{nonce_str=>0qrmx2s6frx4a5p52pfly3kc4liq5cnx}{openid=>orYumuBHLDTTnfCWGkm0WfAq-xb4}{out_trade_no=>LX-17063015381045701-6}{result_code=>SUCCESS}{return_code=>SUCCESS}{sign=>D24CE9244EBCA7DDAE6A0144A953AF4E}{time_end=>20170630154309}{total_fee=>478000}{trade_type=>NATIVE}{transaction_id=>4006922001201706308138729177}]
[2017-06-30 15:43:19][info] k:appid=>wxefc029d4373dcac0
[2017-06-30 15:43:19][info] k:bank_type=>BOC_DEBIT
[2017-06-30 15:43:19][info] k:cash_fee=>478000
[2017-06-30 15:43:19][info] k:fee_type=>CNY
[2017-06-30 15:43:19][info] k:is_subscribe=>Y
[2017-06-30 15:43:19][info] k:mch_id=>1244967502
[2017-06-30 15:43:19][info] k:nonce_str=>0qrmx2s6frx4a5p52pfly3kc4liq5cnx
[2017-06-30 15:43:19][info] k:openid=>orYumuBHLDTTnfCWGkm0WfAq-xb4
[2017-06-30 15:43:19][info] k:out_trade_no=>LX-17063015381045701-6
[2017-06-30 15:43:19][info] k:result_code=>SUCCESS
[2017-06-30 15:43:19][info] k:return_code=>SUCCESS
[2017-06-30 15:43:19][info] k:sign=>D24CE9244EBCA7DDAE6A0144A953AF4E
[2017-06-30 15:43:19][info] k:time_end=>20170630154309
[2017-06-30 15:43:19][info] k:total_fee=>478000
[2017-06-30 15:43:19][info] k:trade_type=>NATIVE
[2017-06-30 15:43:19][info] k:transaction_id=>4006922001201706308138729177
[2017-06-30 15:43:19][info] ----------------------------------------
[2017-06-30 15:43:19][info] XML_DATA222:{"appid":"wxefc029d4373dcac0","bank_type":"BOC_DEBIT","cash_fee":"4780.00","fee_type":"CNY","is_subscribe":"Y","mch_id":"1244967502","nonce_str":"0qrmx2s6frx4a5p52pfly3kc4liq5cnx","openid":"orYumuBHLDTTnfCWGkm0WfAq-xb4","out_trade_no":"LX-17063015381045701-6","result_code":"SUCCESS","return_code":"SUCCESS","sign":"D24CE9244EBCA7DDAE6A0144A953AF4E","time_end":"20170630154309","total_fee":"4780.00","trade_type":"NATIVE","transaction_id":"4006922001201706308138729177"}
[2017-06-30 15:43:19][info] 收到重复信息，并处理反馈成功！
[2017-06-30 15:43:19][info] success
[2017-06-30 15:43:19][info] 写入结束!!!
