[2017-06-29 09:42:55][info] ----------------------------------------
[2017-06-29 09:42:55][info] XML_DATA111:[{appid=>wxefc029d4373dcac0}{bank_type=>COMM_DEBIT}{cash_fee=>931000}{fee_type=>CNY}{is_subscribe=>N}{mch_id=>1244967502}{nonce_str=>sdllmasbc9gzb1yhi5nc40ajg6lw456a}{openid=>orYumuIcd3ZJ_kvzTgQON104WSnw}{out_trade_no=>LX-17062822501343201-1}{result_code=>SUCCESS}{return_code=>SUCCESS}{sign=>3B492CDF01390803AF216981D8E8C22A}{time_end=>20170629094254}{total_fee=>931000}{trade_type=>NATIVE}{transaction_id=>4002942001201706297924304742}]
[2017-06-29 09:42:55][info] k:appid=>wxefc029d4373dcac0
[2017-06-29 09:42:55][info] k:bank_type=>COMM_DEBIT
[2017-06-29 09:42:55][info] k:cash_fee=>931000
[2017-06-29 09:42:55][info] k:fee_type=>CNY
[2017-06-29 09:42:55][info] k:is_subscribe=>N
[2017-06-29 09:42:55][info] k:mch_id=>1244967502
[2017-06-29 09:42:55][info] k:nonce_str=>sdllmasbc9gzb1yhi5nc40ajg6lw456a
[2017-06-29 09:42:55][info] k:openid=>orYumuIcd3ZJ_kvzTgQON104WSnw
[2017-06-29 09:42:55][info] k:out_trade_no=>LX-17062822501343201-1
[2017-06-29 09:42:55][info] k:result_code=>SUCCESS
[2017-06-29 09:42:55][info] k:return_code=>SUCCESS
[2017-06-29 09:42:55][info] k:sign=>3B492CDF01390803AF216981D8E8C22A
[2017-06-29 09:42:55][info] k:time_end=>20170629094254
[2017-06-29 09:42:55][info] k:total_fee=>931000
[2017-06-29 09:42:55][info] k:trade_type=>NATIVE
[2017-06-29 09:42:55][info] k:transaction_id=>4002942001201706297924304742
[2017-06-29 09:42:55][info] ----------------------------------------
[2017-06-29 09:42:55][info] XML_DATA222:{"appid":"wxefc029d4373dcac0","bank_type":"COMM_DEBIT","cash_fee":"9310.00","fee_type":"CNY","is_subscribe":"N","mch_id":"1244967502","nonce_str":"sdllmasbc9gzb1yhi5nc40ajg6lw456a","openid":"orYumuIcd3ZJ_kvzTgQON104WSnw","out_trade_no":"LX-17062822501343201-1","result_code":"SUCCESS","return_code":"SUCCESS","sign":"3B492CDF01390803AF216981D8E8C22A","time_end":"20170629094254","total_fee":"9310.00","trade_type":"NATIVE","transaction_id":"4002942001201706297924304742"}
[2017-06-29 09:42:55][warn] 数据存储成功，并成功返回记录编号17751！
[2017-06-29 09:43:06][info] ----------------------------------------
[2017-06-29 09:43:06][info] XML_DATA111:[{appid=>wxefc029d4373dcac0}{bank_type=>COMM_DEBIT}{cash_fee=>931000}{fee_type=>CNY}{is_subscribe=>N}{mch_id=>1244967502}{nonce_str=>sdllmasbc9gzb1yhi5nc40ajg6lw456a}{openid=>orYumuIcd3ZJ_kvzTgQON104WSnw}{out_trade_no=>LX-17062822501343201-1}{result_code=>SUCCESS}{return_code=>SUCCESS}{sign=>3B492CDF01390803AF216981D8E8C22A}{time_end=>20170629094254}{total_fee=>931000}{trade_type=>NATIVE}{transaction_id=>4002942001201706297924304742}]
[2017-06-29 09:43:06][info] k:appid=>wxefc029d4373dcac0
[2017-06-29 09:43:06][info] k:bank_type=>COMM_DEBIT
[2017-06-29 09:43:06][info] k:cash_fee=>931000
[2017-06-29 09:43:06][info] k:fee_type=>CNY
[2017-06-29 09:43:06][info] k:is_subscribe=>N
[2017-06-29 09:43:06][info] k:mch_id=>1244967502
[2017-06-29 09:43:06][info] k:nonce_str=>sdllmasbc9gzb1yhi5nc40ajg6lw456a
[2017-06-29 09:43:06][info] k:openid=>orYumuIcd3ZJ_kvzTgQON104WSnw
[2017-06-29 09:43:06][info] k:out_trade_no=>LX-17062822501343201-1
[2017-06-29 09:43:06][info] k:result_code=>SUCCESS
[2017-06-29 09:43:06][info] k:return_code=>SUCCESS
[2017-06-29 09:43:06][info] k:sign=>3B492CDF01390803AF216981D8E8C22A
[2017-06-29 09:43:06][info] k:time_end=>20170629094254
[2017-06-29 09:43:06][info] k:total_fee=>931000
[2017-06-29 09:43:06][info] k:trade_type=>NATIVE
[2017-06-29 09:43:06][info] k:transaction_id=>4002942001201706297924304742
[2017-06-29 09:43:06][info] ----------------------------------------
[2017-06-29 09:43:06][info] XML_DATA222:{"appid":"wxefc029d4373dcac0","bank_type":"COMM_DEBIT","cash_fee":"9310.00","fee_type":"CNY","is_subscribe":"N","mch_id":"1244967502","nonce_str":"sdllmasbc9gzb1yhi5nc40ajg6lw456a","openid":"orYumuIcd3ZJ_kvzTgQON104WSnw","out_trade_no":"LX-17062822501343201-1","result_code":"SUCCESS","return_code":"SUCCESS","sign":"3B492CDF01390803AF216981D8E8C22A","time_end":"20170629094254","total_fee":"9310.00","trade_type":"NATIVE","transaction_id":"4002942001201706297924304742"}
[2017-06-29 09:43:06][info] 收到重复信息，并处理反馈成功！
[2017-06-29 09:43:06][info] success
[2017-06-29 09:43:06][info] 写入结束!!!
[2017-06-29 10:01:26][info] ----------------------------------------
[2017-06-29 10:01:26][info] XML_DATA111:[{appid=>wxefc029d4373dcac0}{bank_type=>ICBC_DEBIT}{cash_fee=>687000}{fee_type=>CNY}{is_subscribe=>N}{mch_id=>1244967502}{nonce_str=>6iec3h0thk7ciqdverwngiflh9yjr1vr}{openid=>orYumuHGYKBWUKDIkVjGu9q2xxO8}{out_trade_no=>LX-17062622390721906-a}{result_code=>SUCCESS}{return_code=>SUCCESS}{sign=>C45CB89B54618D2CF22D25A26A1B07E6}{time_end=>20170629100126}{total_fee=>687000}{trade_type=>NATIVE}{transaction_id=>4000252001201706297929098716}]
[2017-06-29 10:01:26][info] k:appid=>wxefc029d4373dcac0
[2017-06-29 10:01:26][info] k:bank_type=>ICBC_DEBIT
[2017-06-29 10:01:26][info] k:cash_fee=>687000
[2017-06-29 10:01:26][info] k:fee_type=>CNY
[2017-06-29 10:01:26][info] k:is_subscribe=>N
[2017-06-29 10:01:26][info] k:mch_id=>1244967502
[2017-06-29 10:01:26][info] k:nonce_str=>6iec3h0thk7ciqdverwngiflh9yjr1vr
[2017-06-29 10:01:26][info] k:openid=>orYumuHGYKBWUKDIkVjGu9q2xxO8
[2017-06-29 10:01:26][info] k:out_trade_no=>LX-17062622390721906-a
[2017-06-29 10:01:26][info] k:result_code=>SUCCESS
[2017-06-29 10:01:26][info] k:return_code=>SUCCESS
[2017-06-29 10:01:26][info] k:sign=>C45CB89B54618D2CF22D25A26A1B07E6
[2017-06-29 10:01:26][info] k:time_end=>20170629100126
[2017-06-29 10:01:26][info] k:total_fee=>687000
[2017-06-29 10:01:26][info] k:trade_type=>NATIVE
[2017-06-29 10:01:26][info] k:transaction_id=>4000252001201706297929098716
[2017-06-29 10:01:26][info] ----------------------------------------
[2017-06-29 10:01:26][info] XML_DATA222:{"appid":"wxefc029d4373dcac0","bank_type":"ICBC_DEBIT","cash_fee":"6870.00","fee_type":"CNY","is_subscribe":"N","mch_id":"1244967502","nonce_str":"6iec3h0thk7ciqdverwngiflh9yjr1vr","openid":"orYumuHGYKBWUKDIkVjGu9q2xxO8","out_trade_no":"LX-17062622390721906-a","result_code":"SUCCESS","return_code":"SUCCESS","sign":"C45CB89B54618D2CF22D25A26A1B07E6","time_end":"20170629100126","total_fee":"6870.00","trade_type":"NATIVE","transaction_id":"4000252001201706297929098716"}
[2017-06-29 10:01:27][warn] 数据存储成功，并成功返回记录编号17752！
[2017-06-29 10:01:37][info] ----------------------------------------
[2017-06-29 10:01:37][info] XML_DATA111:[{appid=>wxefc029d4373dcac0}{bank_type=>ICBC_DEBIT}{cash_fee=>687000}{fee_type=>CNY}{is_subscribe=>N}{mch_id=>1244967502}{nonce_str=>6iec3h0thk7ciqdverwngiflh9yjr1vr}{openid=>orYumuHGYKBWUKDIkVjGu9q2xxO8}{out_trade_no=>LX-17062622390721906-a}{result_code=>SUCCESS}{return_code=>SUCCESS}{sign=>C45CB89B54618D2CF22D25A26A1B07E6}{time_end=>20170629100126}{total_fee=>687000}{trade_type=>NATIVE}{transaction_id=>4000252001201706297929098716}]
[2017-06-29 10:01:37][info] k:appid=>wxefc029d4373dcac0
[2017-06-29 10:01:37][info] k:bank_type=>ICBC_DEBIT
[2017-06-29 10:01:37][info] k:cash_fee=>687000
[2017-06-29 10:01:37][info] k:fee_type=>CNY
[2017-06-29 10:01:37][info] k:is_subscribe=>N
[2017-06-29 10:01:37][info] k:mch_id=>1244967502
[2017-06-29 10:01:37][info] k:nonce_str=>6iec3h0thk7ciqdverwngiflh9yjr1vr
[2017-06-29 10:01:37][info] k:openid=>orYumuHGYKBWUKDIkVjGu9q2xxO8
[2017-06-29 10:01:37][info] k:out_trade_no=>LX-17062622390721906-a
[2017-06-29 10:01:37][info] k:result_code=>SUCCESS
[2017-06-29 10:01:37][info] k:return_code=>SUCCESS
[2017-06-29 10:01:37][info] k:sign=>C45CB89B54618D2CF22D25A26A1B07E6
[2017-06-29 10:01:37][info] k:time_end=>20170629100126
[2017-06-29 10:01:37][info] k:total_fee=>687000
[2017-06-29 10:01:37][info] k:trade_type=>NATIVE
[2017-06-29 10:01:37][info] k:transaction_id=>4000252001201706297929098716
[2017-06-29 10:01:37][info] ----------------------------------------
[2017-06-29 10:01:37][info] XML_DATA222:{"appid":"wxefc029d4373dcac0","bank_type":"ICBC_DEBIT","cash_fee":"6870.00","fee_type":"CNY","is_subscribe":"N","mch_id":"1244967502","nonce_str":"6iec3h0thk7ciqdverwngiflh9yjr1vr","openid":"orYumuHGYKBWUKDIkVjGu9q2xxO8","out_trade_no":"LX-17062622390721906-a","result_code":"SUCCESS","return_code":"SUCCESS","sign":"C45CB89B54618D2CF22D25A26A1B07E6","time_end":"20170629100126","total_fee":"6870.00","trade_type":"NATIVE","transaction_id":"4000252001201706297929098716"}
[2017-06-29 10:01:37][info] 收到重复信息，并处理反馈成功！
[2017-06-29 10:01:37][info] success
[2017-06-29 10:01:37][info] 写入结束!!!
[2017-06-29 13:04:19][info] ----------------------------------------
[2017-06-29 13:04:19][info] XML_DATA111:[{appid=>wxefc029d4373dcac0}{bank_type=>CMB_CREDIT}{cash_fee=>399000}{fee_type=>CNY}{is_subscribe=>Y}{mch_id=>1244967502}{nonce_str=>jxqw25b603r4kf4gy5m5juqqydp2oicj}{openid=>orYumuHQ-5E45otQEvZqCj88qC4w}{out_trade_no=>LX-17062900081040906-d}{result_code=>SUCCESS}{return_code=>SUCCESS}{sign=>3729D36FE5A3DA9DDFA4BBAA12A68A44}{time_end=>20170629130419}{total_fee=>399000}{trade_type=>NATIVE}{transaction_id=>4005842001201706297958636872}]
[2017-06-29 13:04:19][info] k:appid=>wxefc029d4373dcac0
[2017-06-29 13:04:19][info] k:bank_type=>CMB_CREDIT
[2017-06-29 13:04:19][info] k:cash_fee=>399000
[2017-06-29 13:04:19][info] k:fee_type=>CNY
[2017-06-29 13:04:19][info] k:is_subscribe=>Y
[2017-06-29 13:04:19][info] k:mch_id=>1244967502
[2017-06-29 13:04:19][info] k:nonce_str=>jxqw25b603r4kf4gy5m5juqqydp2oicj
[2017-06-29 13:04:19][info] k:openid=>orYumuHQ-5E45otQEvZqCj88qC4w
[2017-06-29 13:04:19][info] k:out_trade_no=>LX-17062900081040906-d
[2017-06-29 13:04:19][info] k:result_code=>SUCCESS
[2017-06-29 13:04:19][info] k:return_code=>SUCCESS
[2017-06-29 13:04:19][info] k:sign=>3729D36FE5A3DA9DDFA4BBAA12A68A44
[2017-06-29 13:04:19][info] k:time_end=>20170629130419
[2017-06-29 13:04:19][info] k:total_fee=>399000
[2017-06-29 13:04:19][info] k:trade_type=>NATIVE
[2017-06-29 13:04:19][info] k:transaction_id=>4005842001201706297958636872
[2017-06-29 13:04:19][info] ----------------------------------------
[2017-06-29 13:04:19][info] XML_DATA222:{"appid":"wxefc029d4373dcac0","bank_type":"CMB_CREDIT","cash_fee":"3990.00","fee_type":"CNY","is_subscribe":"Y","mch_id":"1244967502","nonce_str":"jxqw25b603r4kf4gy5m5juqqydp2oicj","openid":"orYumuHQ-5E45otQEvZqCj88qC4w","out_trade_no":"LX-17062900081040906-d","result_code":"SUCCESS","return_code":"SUCCESS","sign":"3729D36FE5A3DA9DDFA4BBAA12A68A44","time_end":"20170629130419","total_fee":"3990.00","trade_type":"NATIVE","transaction_id":"4005842001201706297958636872"}
[2017-06-29 13:04:19][warn] 数据存储成功，并成功返回记录编号17756！
[2017-06-29 13:04:32][info] ----------------------------------------
[2017-06-29 13:04:32][info] XML_DATA111:[{appid=>wxefc029d4373dcac0}{bank_type=>CMB_CREDIT}{cash_fee=>399000}{fee_type=>CNY}{is_subscribe=>Y}{mch_id=>1244967502}{nonce_str=>jxqw25b603r4kf4gy5m5juqqydp2oicj}{openid=>orYumuHQ-5E45otQEvZqCj88qC4w}{out_trade_no=>LX-17062900081040906-d}{result_code=>SUCCESS}{return_code=>SUCCESS}{sign=>3729D36FE5A3DA9DDFA4BBAA12A68A44}{time_end=>20170629130419}{total_fee=>399000}{trade_type=>NATIVE}{transaction_id=>4005842001201706297958636872}]
[2017-06-29 13:04:32][info] k:appid=>wxefc029d4373dcac0
[2017-06-29 13:04:32][info] k:bank_type=>CMB_CREDIT
[2017-06-29 13:04:32][info] k:cash_fee=>399000
[2017-06-29 13:04:32][info] k:fee_type=>CNY
[2017-06-29 13:04:32][info] k:is_subscribe=>Y
[2017-06-29 13:04:32][info] k:mch_id=>1244967502
[2017-06-29 13:04:32][info] k:nonce_str=>jxqw25b603r4kf4gy5m5juqqydp2oicj
[2017-06-29 13:04:32][info] k:openid=>orYumuHQ-5E45otQEvZqCj88qC4w
[2017-06-29 13:04:32][info] k:out_trade_no=>LX-17062900081040906-d
[2017-06-29 13:04:32][info] k:result_code=>SUCCESS
[2017-06-29 13:04:32][info] k:return_code=>SUCCESS
[2017-06-29 13:04:32][info] k:sign=>3729D36FE5A3DA9DDFA4BBAA12A68A44
[2017-06-29 13:04:32][info] k:time_end=>20170629130419
[2017-06-29 13:04:32][info] k:total_fee=>399000
[2017-06-29 13:04:32][info] k:trade_type=>NATIVE
[2017-06-29 13:04:32][info] k:transaction_id=>4005842001201706297958636872
[2017-06-29 13:04:32][info] ----------------------------------------
[2017-06-29 13:04:32][info] XML_DATA222:{"appid":"wxefc029d4373dcac0","bank_type":"CMB_CREDIT","cash_fee":"3990.00","fee_type":"CNY","is_subscribe":"Y","mch_id":"1244967502","nonce_str":"jxqw25b603r4kf4gy5m5juqqydp2oicj","openid":"orYumuHQ-5E45otQEvZqCj88qC4w","out_trade_no":"LX-17062900081040906-d","result_code":"SUCCESS","return_code":"SUCCESS","sign":"3729D36FE5A3DA9DDFA4BBAA12A68A44","time_end":"20170629130419","total_fee":"3990.00","trade_type":"NATIVE","transaction_id":"4005842001201706297958636872"}
[2017-06-29 13:04:32][info] 收到重复信息，并处理反馈成功！
[2017-06-29 13:04:32][info] success
[2017-06-29 13:04:32][info] 写入结束!!!
[2017-06-29 20:20:12][info] ----------------------------------------
[2017-06-29 20:20:12][info] XML_DATA111:[{appid=>wxefc029d4373dcac0}{bank_type=>ICBC_DEBIT}{cash_fee=>954000}{fee_type=>CNY}{is_subscribe=>Y}{mch_id=>1244967502}{nonce_str=>icn2qiyza1019n4qr8theu4cqw2w0wyu}{openid=>orYumuBTPjK8_pckeA8NXasgB7DE}{out_trade_no=>LX-17062414011147006-3}{result_code=>SUCCESS}{return_code=>SUCCESS}{sign=>CC36625D125367873D8A1FBCA46ACE19}{time_end=>20170629202012}{total_fee=>954000}{trade_type=>NATIVE}{transaction_id=>4000042001201706298018177650}]
[2017-06-29 20:20:12][info] k:appid=>wxefc029d4373dcac0
[2017-06-29 20:20:12][info] k:bank_type=>ICBC_DEBIT
[2017-06-29 20:20:12][info] k:cash_fee=>954000
[2017-06-29 20:20:12][info] k:fee_type=>CNY
[2017-06-29 20:20:12][info] k:is_subscribe=>Y
[2017-06-29 20:20:12][info] k:mch_id=>1244967502
[2017-06-29 20:20:12][info] k:nonce_str=>icn2qiyza1019n4qr8theu4cqw2w0wyu
[2017-06-29 20:20:12][info] k:openid=>orYumuBTPjK8_pckeA8NXasgB7DE
[2017-06-29 20:20:12][info] k:out_trade_no=>LX-17062414011147006-3
[2017-06-29 20:20:12][info] k:result_code=>SUCCESS
[2017-06-29 20:20:12][info] k:return_code=>SUCCESS
[2017-06-29 20:20:12][info] k:sign=>CC36625D125367873D8A1FBCA46ACE19
[2017-06-29 20:20:12][info] k:time_end=>20170629202012
[2017-06-29 20:20:12][info] k:total_fee=>954000
[2017-06-29 20:20:12][info] k:trade_type=>NATIVE
[2017-06-29 20:20:12][info] k:transaction_id=>4000042001201706298018177650
[2017-06-29 20:20:12][info] ----------------------------------------
[2017-06-29 20:20:12][info] XML_DATA222:{"appid":"wxefc029d4373dcac0","bank_type":"ICBC_DEBIT","cash_fee":"9540.00","fee_type":"CNY","is_subscribe":"Y","mch_id":"1244967502","nonce_str":"icn2qiyza1019n4qr8theu4cqw2w0wyu","openid":"orYumuBTPjK8_pckeA8NXasgB7DE","out_trade_no":"LX-17062414011147006-3","result_code":"SUCCESS","return_code":"SUCCESS","sign":"CC36625D125367873D8A1FBCA46ACE19","time_end":"20170629202012","total_fee":"9540.00","trade_type":"NATIVE","transaction_id":"4000042001201706298018177650"}
[2017-06-29 20:20:12][warn] 数据存储成功，并成功返回记录编号17765！
[2017-06-29 20:20:21][info] ----------------------------------------
[2017-06-29 20:20:21][info] XML_DATA111:[{appid=>wxefc029d4373dcac0}{bank_type=>ICBC_DEBIT}{cash_fee=>954000}{fee_type=>CNY}{is_subscribe=>Y}{mch_id=>1244967502}{nonce_str=>icn2qiyza1019n4qr8theu4cqw2w0wyu}{openid=>orYumuBTPjK8_pckeA8NXasgB7DE}{out_trade_no=>LX-17062414011147006-3}{result_code=>SUCCESS}{return_code=>SUCCESS}{sign=>CC36625D125367873D8A1FBCA46ACE19}{time_end=>20170629202012}{total_fee=>954000}{trade_type=>NATIVE}{transaction_id=>4000042001201706298018177650}]
[2017-06-29 20:20:21][info] k:appid=>wxefc029d4373dcac0
[2017-06-29 20:20:21][info] k:bank_type=>ICBC_DEBIT
[2017-06-29 20:20:21][info] k:cash_fee=>954000
[2017-06-29 20:20:21][info] k:fee_type=>CNY
[2017-06-29 20:20:21][info] k:is_subscribe=>Y
[2017-06-29 20:20:21][info] k:mch_id=>1244967502
[2017-06-29 20:20:21][info] k:nonce_str=>icn2qiyza1019n4qr8theu4cqw2w0wyu
[2017-06-29 20:20:21][info] k:openid=>orYumuBTPjK8_pckeA8NXasgB7DE
[2017-06-29 20:20:21][info] k:out_trade_no=>LX-17062414011147006-3
[2017-06-29 20:20:21][info] k:result_code=>SUCCESS
[2017-06-29 20:20:21][info] k:return_code=>SUCCESS
[2017-06-29 20:20:21][info] k:sign=>CC36625D125367873D8A1FBCA46ACE19
[2017-06-29 20:20:21][info] k:time_end=>20170629202012
[2017-06-29 20:20:21][info] k:total_fee=>954000
[2017-06-29 20:20:21][info] k:trade_type=>NATIVE
[2017-06-29 20:20:21][info] k:transaction_id=>4000042001201706298018177650
[2017-06-29 20:20:21][info] ----------------------------------------
[2017-06-29 20:20:21][info] XML_DATA222:{"appid":"wxefc029d4373dcac0","bank_type":"ICBC_DEBIT","cash_fee":"9540.00","fee_type":"CNY","is_subscribe":"Y","mch_id":"1244967502","nonce_str":"icn2qiyza1019n4qr8theu4cqw2w0wyu","openid":"orYumuBTPjK8_pckeA8NXasgB7DE","out_trade_no":"LX-17062414011147006-3","result_code":"SUCCESS","return_code":"SUCCESS","sign":"CC36625D125367873D8A1FBCA46ACE19","time_end":"20170629202012","total_fee":"9540.00","trade_type":"NATIVE","transaction_id":"4000042001201706298018177650"}
[2017-06-29 20:20:21][info] 收到重复信息，并处理反馈成功！
[2017-06-29 20:20:21][info] success
[2017-06-29 20:20:21][info] 写入结束!!!
