[2017-09-24 16:42:51][info] ----------------------------------------
[2017-09-24 16:42:51][info] XML_DATA111:[{appid=>wxefc029d4373dcac0}{bank_type=>CCB_DEBIT}{cash_fee=>388000}{fee_type=>CNY}{is_subscribe=>N}{mch_id=>1244967502}{nonce_str=>1ru2zzb4bvjfgtw7l1l9rfbso89j2gbi}{openid=>orYumuIxJkrZw0M-N-SGBvmj2e6Q}{out_trade_no=>LX-17092321101138001-7}{result_code=>SUCCESS}{return_code=>SUCCESS}{sign=>6A49B87E92BF76A2AC143A1BF98C7F2C}{time_end=>20170924164251}{total_fee=>388000}{trade_type=>NATIVE}{transaction_id=>4200000008201709243991223830}]
[2017-09-24 16:42:51][info] k:appid=>wxefc029d4373dcac0
[2017-09-24 16:42:51][info] k:bank_type=>CCB_DEBIT
[2017-09-24 16:42:51][info] k:cash_fee=>388000
[2017-09-24 16:42:51][info] k:fee_type=>CNY
[2017-09-24 16:42:51][info] k:is_subscribe=>N
[2017-09-24 16:42:51][info] k:mch_id=>1244967502
[2017-09-24 16:42:51][info] k:nonce_str=>1ru2zzb4bvjfgtw7l1l9rfbso89j2gbi
[2017-09-24 16:42:51][info] k:openid=>orYumuIxJkrZw0M-N-SGBvmj2e6Q
[2017-09-24 16:42:51][info] k:out_trade_no=>LX-17092321101138001-7
[2017-09-24 16:42:51][info] k:result_code=>SUCCESS
[2017-09-24 16:42:51][info] k:return_code=>SUCCESS
[2017-09-24 16:42:51][info] k:sign=>6A49B87E92BF76A2AC143A1BF98C7F2C
[2017-09-24 16:42:51][info] k:time_end=>20170924164251
[2017-09-24 16:42:51][info] k:total_fee=>388000
[2017-09-24 16:42:51][info] k:trade_type=>NATIVE
[2017-09-24 16:42:51][info] k:transaction_id=>4200000008201709243991223830
[2017-09-24 16:42:51][info] ----------------------------------------
[2017-09-24 16:42:51][info] XML_DATA222:{"appid":"wxefc029d4373dcac0","bank_type":"CCB_DEBIT","cash_fee":"3880.00","fee_type":"CNY","is_subscribe":"N","mch_id":"1244967502","nonce_str":"1ru2zzb4bvjfgtw7l1l9rfbso89j2gbi","openid":"orYumuIxJkrZw0M-N-SGBvmj2e6Q","out_trade_no":"LX-17092321101138001-7","result_code":"SUCCESS","return_code":"SUCCESS","sign":"6A49B87E92BF76A2AC143A1BF98C7F2C","time_end":"20170924164251","total_fee":"3880.00","trade_type":"NATIVE","transaction_id":"4200000008201709243991223830"}
[2017-09-24 16:42:52][warn] 数据存储成功，并成功返回记录编号19224！
[2017-09-24 16:43:05][info] ----------------------------------------
[2017-09-24 16:43:05][info] XML_DATA111:[{appid=>wxefc029d4373dcac0}{bank_type=>CCB_DEBIT}{cash_fee=>388000}{fee_type=>CNY}{is_subscribe=>N}{mch_id=>1244967502}{nonce_str=>1ru2zzb4bvjfgtw7l1l9rfbso89j2gbi}{openid=>orYumuIxJkrZw0M-N-SGBvmj2e6Q}{out_trade_no=>LX-17092321101138001-7}{result_code=>SUCCESS}{return_code=>SUCCESS}{sign=>6A49B87E92BF76A2AC143A1BF98C7F2C}{time_end=>20170924164251}{total_fee=>388000}{trade_type=>NATIVE}{transaction_id=>4200000008201709243991223830}]
[2017-09-24 16:43:05][info] k:appid=>wxefc029d4373dcac0
[2017-09-24 16:43:05][info] k:bank_type=>CCB_DEBIT
[2017-09-24 16:43:05][info] k:cash_fee=>388000
[2017-09-24 16:43:05][info] k:fee_type=>CNY
[2017-09-24 16:43:05][info] k:is_subscribe=>N
[2017-09-24 16:43:05][info] k:mch_id=>1244967502
[2017-09-24 16:43:05][info] k:nonce_str=>1ru2zzb4bvjfgtw7l1l9rfbso89j2gbi
[2017-09-24 16:43:05][info] k:openid=>orYumuIxJkrZw0M-N-SGBvmj2e6Q
[2017-09-24 16:43:05][info] k:out_trade_no=>LX-17092321101138001-7
[2017-09-24 16:43:05][info] k:result_code=>SUCCESS
[2017-09-24 16:43:05][info] k:return_code=>SUCCESS
[2017-09-24 16:43:05][info] k:sign=>6A49B87E92BF76A2AC143A1BF98C7F2C
[2017-09-24 16:43:05][info] k:time_end=>20170924164251
[2017-09-24 16:43:05][info] k:total_fee=>388000
[2017-09-24 16:43:05][info] k:trade_type=>NATIVE
[2017-09-24 16:43:05][info] k:transaction_id=>4200000008201709243991223830
[2017-09-24 16:43:05][info] ----------------------------------------
[2017-09-24 16:43:05][info] XML_DATA222:{"appid":"wxefc029d4373dcac0","bank_type":"CCB_DEBIT","cash_fee":"3880.00","fee_type":"CNY","is_subscribe":"N","mch_id":"1244967502","nonce_str":"1ru2zzb4bvjfgtw7l1l9rfbso89j2gbi","openid":"orYumuIxJkrZw0M-N-SGBvmj2e6Q","out_trade_no":"LX-17092321101138001-7","result_code":"SUCCESS","return_code":"SUCCESS","sign":"6A49B87E92BF76A2AC143A1BF98C7F2C","time_end":"20170924164251","total_fee":"3880.00","trade_type":"NATIVE","transaction_id":"4200000008201709243991223830"}
[2017-09-24 16:43:05][info] 收到重复信息，并处理反馈成功！
[2017-09-24 16:43:05][info] success
[2017-09-24 16:43:05][info] 写入结束!!!
[2017-09-24 17:22:47][info] ----------------------------------------
[2017-09-24 17:22:47][info] XML_DATA111:[{appid=>wxefc029d4373dcac0}{bank_type=>ABC_DEBIT}{cash_fee=>375050}{fee_type=>CNY}{is_subscribe=>N}{mch_id=>1244967502}{nonce_str=>clsm6tzgkyjpg1y1qntqr6vl8spwiek0}{openid=>orYumuDUlZKImr89B-6OH9NfF_8I}{out_trade_no=>LX-17092416495527601-8}{result_code=>SUCCESS}{return_code=>SUCCESS}{sign=>F3F3EE641E0CC60E879457AEA1AA29AA}{time_end=>20170924172246}{total_fee=>375050}{trade_type=>NATIVE}{transaction_id=>4200000016201709243995882310}]
[2017-09-24 17:22:47][info] k:appid=>wxefc029d4373dcac0
[2017-09-24 17:22:47][info] k:bank_type=>ABC_DEBIT
[2017-09-24 17:22:47][info] k:cash_fee=>375050
[2017-09-24 17:22:47][info] k:fee_type=>CNY
[2017-09-24 17:22:47][info] k:is_subscribe=>N
[2017-09-24 17:22:47][info] k:mch_id=>1244967502
[2017-09-24 17:22:47][info] k:nonce_str=>clsm6tzgkyjpg1y1qntqr6vl8spwiek0
[2017-09-24 17:22:47][info] k:openid=>orYumuDUlZKImr89B-6OH9NfF_8I
[2017-09-24 17:22:47][info] k:out_trade_no=>LX-17092416495527601-8
[2017-09-24 17:22:47][info] k:result_code=>SUCCESS
[2017-09-24 17:22:47][info] k:return_code=>SUCCESS
[2017-09-24 17:22:47][info] k:sign=>F3F3EE641E0CC60E879457AEA1AA29AA
[2017-09-24 17:22:47][info] k:time_end=>20170924172246
[2017-09-24 17:22:47][info] k:total_fee=>375050
[2017-09-24 17:22:47][info] k:trade_type=>NATIVE
[2017-09-24 17:22:47][info] k:transaction_id=>4200000016201709243995882310
[2017-09-24 17:22:47][info] ----------------------------------------
[2017-09-24 17:22:47][info] XML_DATA222:{"appid":"wxefc029d4373dcac0","bank_type":"ABC_DEBIT","cash_fee":"3750.50","fee_type":"CNY","is_subscribe":"N","mch_id":"1244967502","nonce_str":"clsm6tzgkyjpg1y1qntqr6vl8spwiek0","openid":"orYumuDUlZKImr89B-6OH9NfF_8I","out_trade_no":"LX-17092416495527601-8","result_code":"SUCCESS","return_code":"SUCCESS","sign":"F3F3EE641E0CC60E879457AEA1AA29AA","time_end":"20170924172246","total_fee":"3750.50","trade_type":"NATIVE","transaction_id":"4200000016201709243995882310"}
[2017-09-24 17:22:47][warn] 数据存储成功，并成功返回记录编号19226！
[2017-09-24 17:22:59][info] ----------------------------------------
[2017-09-24 17:22:59][info] XML_DATA111:[{appid=>wxefc029d4373dcac0}{bank_type=>ABC_DEBIT}{cash_fee=>375050}{fee_type=>CNY}{is_subscribe=>N}{mch_id=>1244967502}{nonce_str=>clsm6tzgkyjpg1y1qntqr6vl8spwiek0}{openid=>orYumuDUlZKImr89B-6OH9NfF_8I}{out_trade_no=>LX-17092416495527601-8}{result_code=>SUCCESS}{return_code=>SUCCESS}{sign=>F3F3EE641E0CC60E879457AEA1AA29AA}{time_end=>20170924172246}{total_fee=>375050}{trade_type=>NATIVE}{transaction_id=>4200000016201709243995882310}]
[2017-09-24 17:22:59][info] k:appid=>wxefc029d4373dcac0
[2017-09-24 17:22:59][info] k:bank_type=>ABC_DEBIT
[2017-09-24 17:22:59][info] k:cash_fee=>375050
[2017-09-24 17:22:59][info] k:fee_type=>CNY
[2017-09-24 17:22:59][info] k:is_subscribe=>N
[2017-09-24 17:22:59][info] k:mch_id=>1244967502
[2017-09-24 17:22:59][info] k:nonce_str=>clsm6tzgkyjpg1y1qntqr6vl8spwiek0
[2017-09-24 17:22:59][info] k:openid=>orYumuDUlZKImr89B-6OH9NfF_8I
[2017-09-24 17:22:59][info] k:out_trade_no=>LX-17092416495527601-8
[2017-09-24 17:22:59][info] k:result_code=>SUCCESS
[2017-09-24 17:22:59][info] k:return_code=>SUCCESS
[2017-09-24 17:22:59][info] k:sign=>F3F3EE641E0CC60E879457AEA1AA29AA
[2017-09-24 17:22:59][info] k:time_end=>20170924172246
[2017-09-24 17:22:59][info] k:total_fee=>375050
[2017-09-24 17:22:59][info] k:trade_type=>NATIVE
[2017-09-24 17:22:59][info] k:transaction_id=>4200000016201709243995882310
[2017-09-24 17:22:59][info] ----------------------------------------
[2017-09-24 17:22:59][info] XML_DATA222:{"appid":"wxefc029d4373dcac0","bank_type":"ABC_DEBIT","cash_fee":"3750.50","fee_type":"CNY","is_subscribe":"N","mch_id":"1244967502","nonce_str":"clsm6tzgkyjpg1y1qntqr6vl8spwiek0","openid":"orYumuDUlZKImr89B-6OH9NfF_8I","out_trade_no":"LX-17092416495527601-8","result_code":"SUCCESS","return_code":"SUCCESS","sign":"F3F3EE641E0CC60E879457AEA1AA29AA","time_end":"20170924172246","total_fee":"3750.50","trade_type":"NATIVE","transaction_id":"4200000016201709243995882310"}
[2017-09-24 17:22:59][info] 收到重复信息，并处理反馈成功！
[2017-09-24 17:22:59][info] success
[2017-09-24 17:22:59][info] 写入结束!!!
