[2017-04-10 15:41:59][info] ----------------------------------------
[2017-04-10 15:41:59][info] XML_DATA111:[{appid=>wxefc029d4373dcac0}{bank_type=>ICBC_DEBIT}{cash_fee=>511500}{fee_type=>CNY}{is_subscribe=>Y}{mch_id=>1244967502}{nonce_str=>zyioqix9tn1t1y2ntjgeiyskqsvie3km}{openid=>orYumuIZo1AEcxI7mW1SRdtVbWuc}{out_trade_no=>LX-17032318352396706-6}{result_code=>SUCCESS}{return_code=>SUCCESS}{sign=>1386BCDC6C99662B619BE7E9D77F6FFF}{time_end=>20170410154157}{total_fee=>511500}{trade_type=>NATIVE}{transaction_id=>4009082001201704106524215746}]
[2017-04-10 15:41:59][info] k:appid=>wxefc029d4373dcac0
[2017-04-10 15:41:59][info] k:bank_type=>ICBC_DEBIT
[2017-04-10 15:41:59][info] k:cash_fee=>511500
[2017-04-10 15:41:59][info] k:fee_type=>CNY
[2017-04-10 15:41:59][info] k:is_subscribe=>Y
[2017-04-10 15:41:59][info] k:mch_id=>1244967502
[2017-04-10 15:41:59][info] k:nonce_str=>zyioqix9tn1t1y2ntjgeiyskqsvie3km
[2017-04-10 15:41:59][info] k:openid=>orYumuIZo1AEcxI7mW1SRdtVbWuc
[2017-04-10 15:41:59][info] k:out_trade_no=>LX-17032318352396706-6
[2017-04-10 15:41:59][info] k:result_code=>SUCCESS
[2017-04-10 15:41:59][info] k:return_code=>SUCCESS
[2017-04-10 15:41:59][info] k:sign=>1386BCDC6C99662B619BE7E9D77F6FFF
[2017-04-10 15:41:59][info] k:time_end=>20170410154157
[2017-04-10 15:41:59][info] k:total_fee=>511500
[2017-04-10 15:41:59][info] k:trade_type=>NATIVE
[2017-04-10 15:41:59][info] k:transaction_id=>4009082001201704106524215746
[2017-04-10 15:41:59][info] ----------------------------------------
[2017-04-10 15:41:59][info] XML_DATA222:{"appid":"wxefc029d4373dcac0","bank_type":"ICBC_DEBIT","cash_fee":"5115.00","fee_type":"CNY","is_subscribe":"Y","mch_id":"1244967502","nonce_str":"zyioqix9tn1t1y2ntjgeiyskqsvie3km","openid":"orYumuIZo1AEcxI7mW1SRdtVbWuc","out_trade_no":"LX-17032318352396706-6","result_code":"SUCCESS","return_code":"SUCCESS","sign":"1386BCDC6C99662B619BE7E9D77F6FFF","time_end":"20170410154157","total_fee":"5115.00","trade_type":"NATIVE","transaction_id":"4009082001201704106524215746"}
[2017-04-10 15:41:59][warn] 数据存储成功，并成功返回记录编号17444！
[2017-04-10 15:42:09][info] ----------------------------------------
[2017-04-10 15:42:09][info] XML_DATA111:[{appid=>wxefc029d4373dcac0}{bank_type=>ICBC_DEBIT}{cash_fee=>511500}{fee_type=>CNY}{is_subscribe=>Y}{mch_id=>1244967502}{nonce_str=>zyioqix9tn1t1y2ntjgeiyskqsvie3km}{openid=>orYumuIZo1AEcxI7mW1SRdtVbWuc}{out_trade_no=>LX-17032318352396706-6}{result_code=>SUCCESS}{return_code=>SUCCESS}{sign=>1386BCDC6C99662B619BE7E9D77F6FFF}{time_end=>20170410154157}{total_fee=>511500}{trade_type=>NATIVE}{transaction_id=>4009082001201704106524215746}]
[2017-04-10 15:42:09][info] k:appid=>wxefc029d4373dcac0
[2017-04-10 15:42:09][info] k:bank_type=>ICBC_DEBIT
[2017-04-10 15:42:09][info] k:cash_fee=>511500
[2017-04-10 15:42:09][info] k:fee_type=>CNY
[2017-04-10 15:42:09][info] k:is_subscribe=>Y
[2017-04-10 15:42:09][info] k:mch_id=>1244967502
[2017-04-10 15:42:09][info] k:nonce_str=>zyioqix9tn1t1y2ntjgeiyskqsvie3km
[2017-04-10 15:42:09][info] k:openid=>orYumuIZo1AEcxI7mW1SRdtVbWuc
[2017-04-10 15:42:09][info] k:out_trade_no=>LX-17032318352396706-6
[2017-04-10 15:42:09][info] k:result_code=>SUCCESS
[2017-04-10 15:42:09][info] k:return_code=>SUCCESS
[2017-04-10 15:42:09][info] k:sign=>1386BCDC6C99662B619BE7E9D77F6FFF
[2017-04-10 15:42:09][info] k:time_end=>20170410154157
[2017-04-10 15:42:09][info] k:total_fee=>511500
[2017-04-10 15:42:09][info] k:trade_type=>NATIVE
[2017-04-10 15:42:09][info] k:transaction_id=>4009082001201704106524215746
[2017-04-10 15:42:09][info] ----------------------------------------
[2017-04-10 15:42:09][info] XML_DATA222:{"appid":"wxefc029d4373dcac0","bank_type":"ICBC_DEBIT","cash_fee":"5115.00","fee_type":"CNY","is_subscribe":"Y","mch_id":"1244967502","nonce_str":"zyioqix9tn1t1y2ntjgeiyskqsvie3km","openid":"orYumuIZo1AEcxI7mW1SRdtVbWuc","out_trade_no":"LX-17032318352396706-6","result_code":"SUCCESS","return_code":"SUCCESS","sign":"1386BCDC6C99662B619BE7E9D77F6FFF","time_end":"20170410154157","total_fee":"5115.00","trade_type":"NATIVE","transaction_id":"4009082001201704106524215746"}
[2017-04-10 15:42:09][info] 收到重复信息，并处理反馈成功！
[2017-04-10 15:42:09][info] success
[2017-04-10 15:42:09][info] 写入结束!!!
[2017-04-10 15:43:56][info] ----------------------------------------
[2017-04-10 15:43:56][info] XML_DATA111:[{appid=>wxefc029d4373dcac0}{bank_type=>ICBC_DEBIT}{cash_fee=>511500}{fee_type=>CNY}{is_subscribe=>Y}{mch_id=>1244967502}{nonce_str=>2dqv2qh2d17i6dti9ceece2qseb95m69}{openid=>orYumuIZo1AEcxI7mW1SRdtVbWuc}{out_trade_no=>LX-17032318352396706-c}{result_code=>SUCCESS}{return_code=>SUCCESS}{sign=>55B16F1B76C2BE313D78DE6AC001C2AF}{time_end=>20170410154355}{total_fee=>511500}{trade_type=>NATIVE}{transaction_id=>4009082001201704106527102467}]
[2017-04-10 15:43:56][info] k:appid=>wxefc029d4373dcac0
[2017-04-10 15:43:56][info] k:bank_type=>ICBC_DEBIT
[2017-04-10 15:43:56][info] k:cash_fee=>511500
[2017-04-10 15:43:56][info] k:fee_type=>CNY
[2017-04-10 15:43:56][info] k:is_subscribe=>Y
[2017-04-10 15:43:56][info] k:mch_id=>1244967502
[2017-04-10 15:43:56][info] k:nonce_str=>2dqv2qh2d17i6dti9ceece2qseb95m69
[2017-04-10 15:43:56][info] k:openid=>orYumuIZo1AEcxI7mW1SRdtVbWuc
[2017-04-10 15:43:56][info] k:out_trade_no=>LX-17032318352396706-c
[2017-04-10 15:43:56][info] k:result_code=>SUCCESS
[2017-04-10 15:43:56][info] k:return_code=>SUCCESS
[2017-04-10 15:43:56][info] k:sign=>55B16F1B76C2BE313D78DE6AC001C2AF
[2017-04-10 15:43:56][info] k:time_end=>20170410154355
[2017-04-10 15:43:56][info] k:total_fee=>511500
[2017-04-10 15:43:56][info] k:trade_type=>NATIVE
[2017-04-10 15:43:56][info] k:transaction_id=>4009082001201704106527102467
[2017-04-10 15:43:56][info] ----------------------------------------
[2017-04-10 15:43:56][info] XML_DATA222:{"appid":"wxefc029d4373dcac0","bank_type":"ICBC_DEBIT","cash_fee":"5115.00","fee_type":"CNY","is_subscribe":"Y","mch_id":"1244967502","nonce_str":"2dqv2qh2d17i6dti9ceece2qseb95m69","openid":"orYumuIZo1AEcxI7mW1SRdtVbWuc","out_trade_no":"LX-17032318352396706-c","result_code":"SUCCESS","return_code":"SUCCESS","sign":"55B16F1B76C2BE313D78DE6AC001C2AF","time_end":"20170410154355","total_fee":"5115.00","trade_type":"NATIVE","transaction_id":"4009082001201704106527102467"}
[2017-04-10 15:43:56][warn] 数据存储成功，并成功返回记录编号17445！
[2017-04-10 15:44:10][info] ----------------------------------------
[2017-04-10 15:44:10][info] XML_DATA111:[{appid=>wxefc029d4373dcac0}{bank_type=>ICBC_DEBIT}{cash_fee=>511500}{fee_type=>CNY}{is_subscribe=>Y}{mch_id=>1244967502}{nonce_str=>2dqv2qh2d17i6dti9ceece2qseb95m69}{openid=>orYumuIZo1AEcxI7mW1SRdtVbWuc}{out_trade_no=>LX-17032318352396706-c}{result_code=>SUCCESS}{return_code=>SUCCESS}{sign=>55B16F1B76C2BE313D78DE6AC001C2AF}{time_end=>20170410154355}{total_fee=>511500}{trade_type=>NATIVE}{transaction_id=>4009082001201704106527102467}]
[2017-04-10 15:44:10][info] k:appid=>wxefc029d4373dcac0
[2017-04-10 15:44:10][info] k:bank_type=>ICBC_DEBIT
[2017-04-10 15:44:10][info] k:cash_fee=>511500
[2017-04-10 15:44:10][info] k:fee_type=>CNY
[2017-04-10 15:44:10][info] k:is_subscribe=>Y
[2017-04-10 15:44:10][info] k:mch_id=>1244967502
[2017-04-10 15:44:10][info] k:nonce_str=>2dqv2qh2d17i6dti9ceece2qseb95m69
[2017-04-10 15:44:10][info] k:openid=>orYumuIZo1AEcxI7mW1SRdtVbWuc
[2017-04-10 15:44:10][info] k:out_trade_no=>LX-17032318352396706-c
[2017-04-10 15:44:10][info] k:result_code=>SUCCESS
[2017-04-10 15:44:10][info] k:return_code=>SUCCESS
[2017-04-10 15:44:10][info] k:sign=>55B16F1B76C2BE313D78DE6AC001C2AF
[2017-04-10 15:44:10][info] k:time_end=>20170410154355
[2017-04-10 15:44:10][info] k:total_fee=>511500
[2017-04-10 15:44:10][info] k:trade_type=>NATIVE
[2017-04-10 15:44:10][info] k:transaction_id=>4009082001201704106527102467
[2017-04-10 15:44:10][info] ----------------------------------------
[2017-04-10 15:44:10][info] XML_DATA222:{"appid":"wxefc029d4373dcac0","bank_type":"ICBC_DEBIT","cash_fee":"5115.00","fee_type":"CNY","is_subscribe":"Y","mch_id":"1244967502","nonce_str":"2dqv2qh2d17i6dti9ceece2qseb95m69","openid":"orYumuIZo1AEcxI7mW1SRdtVbWuc","out_trade_no":"LX-17032318352396706-c","result_code":"SUCCESS","return_code":"SUCCESS","sign":"55B16F1B76C2BE313D78DE6AC001C2AF","time_end":"20170410154355","total_fee":"5115.00","trade_type":"NATIVE","transaction_id":"4009082001201704106527102467"}
[2017-04-10 15:44:10][info] 收到重复信息，并处理反馈成功！
[2017-04-10 15:44:10][info] success
[2017-04-10 15:44:10][info] 写入结束!!!
