[2017-09-18 16:10:07][info] ----------------------------------------
[2017-09-18 16:10:07][info] XML_DATA111:[{appid=>wxefc029d4373dcac0}{bank_type=>BOC_CREDIT}{cash_fee=>410000}{fee_type=>CNY}{is_subscribe=>N}{mch_id=>1244967502}{nonce_str=>ib0no4c0lquxxq8zkx6o5k36dve89n59}{openid=>orYumuPTI9UJCH2F2RHvNElUVcvw}{out_trade_no=>LX-17091814460064006-b}{result_code=>SUCCESS}{return_code=>SUCCESS}{sign=>69447BF70D2676B45F31CC0FE9AB5C01}{time_end=>20170918161007}{total_fee=>410000}{trade_type=>NATIVE}{transaction_id=>4001402001201709182827563791}]
[2017-09-18 16:10:07][info] k:appid=>wxefc029d4373dcac0
[2017-09-18 16:10:07][info] k:bank_type=>BOC_CREDIT
[2017-09-18 16:10:07][info] k:cash_fee=>410000
[2017-09-18 16:10:07][info] k:fee_type=>CNY
[2017-09-18 16:10:07][info] k:is_subscribe=>N
[2017-09-18 16:10:07][info] k:mch_id=>1244967502
[2017-09-18 16:10:07][info] k:nonce_str=>ib0no4c0lquxxq8zkx6o5k36dve89n59
[2017-09-18 16:10:07][info] k:openid=>orYumuPTI9UJCH2F2RHvNElUVcvw
[2017-09-18 16:10:07][info] k:out_trade_no=>LX-17091814460064006-b
[2017-09-18 16:10:07][info] k:result_code=>SUCCESS
[2017-09-18 16:10:07][info] k:return_code=>SUCCESS
[2017-09-18 16:10:07][info] k:sign=>69447BF70D2676B45F31CC0FE9AB5C01
[2017-09-18 16:10:07][info] k:time_end=>20170918161007
[2017-09-18 16:10:07][info] k:total_fee=>410000
[2017-09-18 16:10:07][info] k:trade_type=>NATIVE
[2017-09-18 16:10:07][info] k:transaction_id=>4001402001201709182827563791
[2017-09-18 16:10:07][info] ----------------------------------------
[2017-09-18 16:10:07][info] XML_DATA222:{"appid":"wxefc029d4373dcac0","bank_type":"BOC_CREDIT","cash_fee":"4100.00","fee_type":"CNY","is_subscribe":"N","mch_id":"1244967502","nonce_str":"ib0no4c0lquxxq8zkx6o5k36dve89n59","openid":"orYumuPTI9UJCH2F2RHvNElUVcvw","out_trade_no":"LX-17091814460064006-b","result_code":"SUCCESS","return_code":"SUCCESS","sign":"69447BF70D2676B45F31CC0FE9AB5C01","time_end":"20170918161007","total_fee":"4100.00","trade_type":"NATIVE","transaction_id":"4001402001201709182827563791"}
[2017-09-18 16:10:08][warn] 数据存储成功，并成功返回记录编号19101！
[2017-09-18 16:10:19][info] ----------------------------------------
[2017-09-18 16:10:19][info] XML_DATA111:[{appid=>wxefc029d4373dcac0}{bank_type=>BOC_CREDIT}{cash_fee=>410000}{fee_type=>CNY}{is_subscribe=>N}{mch_id=>1244967502}{nonce_str=>ib0no4c0lquxxq8zkx6o5k36dve89n59}{openid=>orYumuPTI9UJCH2F2RHvNElUVcvw}{out_trade_no=>LX-17091814460064006-b}{result_code=>SUCCESS}{return_code=>SUCCESS}{sign=>69447BF70D2676B45F31CC0FE9AB5C01}{time_end=>20170918161007}{total_fee=>410000}{trade_type=>NATIVE}{transaction_id=>4001402001201709182827563791}]
[2017-09-18 16:10:19][info] k:appid=>wxefc029d4373dcac0
[2017-09-18 16:10:19][info] k:bank_type=>BOC_CREDIT
[2017-09-18 16:10:19][info] k:cash_fee=>410000
[2017-09-18 16:10:19][info] k:fee_type=>CNY
[2017-09-18 16:10:19][info] k:is_subscribe=>N
[2017-09-18 16:10:19][info] k:mch_id=>1244967502
[2017-09-18 16:10:19][info] k:nonce_str=>ib0no4c0lquxxq8zkx6o5k36dve89n59
[2017-09-18 16:10:19][info] k:openid=>orYumuPTI9UJCH2F2RHvNElUVcvw
[2017-09-18 16:10:19][info] k:out_trade_no=>LX-17091814460064006-b
[2017-09-18 16:10:19][info] k:result_code=>SUCCESS
[2017-09-18 16:10:19][info] k:return_code=>SUCCESS
[2017-09-18 16:10:19][info] k:sign=>69447BF70D2676B45F31CC0FE9AB5C01
[2017-09-18 16:10:19][info] k:time_end=>20170918161007
[2017-09-18 16:10:19][info] k:total_fee=>410000
[2017-09-18 16:10:19][info] k:trade_type=>NATIVE
[2017-09-18 16:10:19][info] k:transaction_id=>4001402001201709182827563791
[2017-09-18 16:10:19][info] ----------------------------------------
[2017-09-18 16:10:19][info] XML_DATA222:{"appid":"wxefc029d4373dcac0","bank_type":"BOC_CREDIT","cash_fee":"4100.00","fee_type":"CNY","is_subscribe":"N","mch_id":"1244967502","nonce_str":"ib0no4c0lquxxq8zkx6o5k36dve89n59","openid":"orYumuPTI9UJCH2F2RHvNElUVcvw","out_trade_no":"LX-17091814460064006-b","result_code":"SUCCESS","return_code":"SUCCESS","sign":"69447BF70D2676B45F31CC0FE9AB5C01","time_end":"20170918161007","total_fee":"4100.00","trade_type":"NATIVE","transaction_id":"4001402001201709182827563791"}
[2017-09-18 16:10:19][info] 收到重复信息，并处理反馈成功！
[2017-09-18 16:10:19][info] success
[2017-09-18 16:10:19][info] 写入结束!!!
[2017-09-18 16:56:22][info] ----------------------------------------
[2017-09-18 16:56:22][info] XML_DATA111:[{appid=>wxefc029d4373dcac0}{bank_type=>CMB_DEBIT}{cash_fee=>1164000}{fee_type=>CNY}{is_subscribe=>N}{mch_id=>1244967502}{nonce_str=>wr6p61pu8mn7950mry399l3ma1zrjeuc}{openid=>orYumuG7PCW_vuXBt-XC5gAJdY8U}{out_trade_no=>LX-17091814445335201-d}{result_code=>SUCCESS}{return_code=>SUCCESS}{sign=>16AA5ABA45C0CFA5EE38F25BD32FED87}{time_end=>20170918165622}{total_fee=>1164000}{trade_type=>NATIVE}{transaction_id=>4000712001201709182835402014}]
[2017-09-18 16:56:22][info] k:appid=>wxefc029d4373dcac0
[2017-09-18 16:56:22][info] k:bank_type=>CMB_DEBIT
[2017-09-18 16:56:22][info] k:cash_fee=>1164000
[2017-09-18 16:56:22][info] k:fee_type=>CNY
[2017-09-18 16:56:22][info] k:is_subscribe=>N
[2017-09-18 16:56:22][info] k:mch_id=>1244967502
[2017-09-18 16:56:22][info] k:nonce_str=>wr6p61pu8mn7950mry399l3ma1zrjeuc
[2017-09-18 16:56:22][info] k:openid=>orYumuG7PCW_vuXBt-XC5gAJdY8U
[2017-09-18 16:56:22][info] k:out_trade_no=>LX-17091814445335201-d
[2017-09-18 16:56:22][info] k:result_code=>SUCCESS
[2017-09-18 16:56:22][info] k:return_code=>SUCCESS
[2017-09-18 16:56:22][info] k:sign=>16AA5ABA45C0CFA5EE38F25BD32FED87
[2017-09-18 16:56:22][info] k:time_end=>20170918165622
[2017-09-18 16:56:22][info] k:total_fee=>1164000
[2017-09-18 16:56:22][info] k:trade_type=>NATIVE
[2017-09-18 16:56:22][info] k:transaction_id=>4000712001201709182835402014
[2017-09-18 16:56:22][info] ----------------------------------------
[2017-09-18 16:56:22][info] XML_DATA222:{"appid":"wxefc029d4373dcac0","bank_type":"CMB_DEBIT","cash_fee":"11640.00","fee_type":"CNY","is_subscribe":"N","mch_id":"1244967502","nonce_str":"wr6p61pu8mn7950mry399l3ma1zrjeuc","openid":"orYumuG7PCW_vuXBt-XC5gAJdY8U","out_trade_no":"LX-17091814445335201-d","result_code":"SUCCESS","return_code":"SUCCESS","sign":"16AA5ABA45C0CFA5EE38F25BD32FED87","time_end":"20170918165622","total_fee":"11640.00","trade_type":"NATIVE","transaction_id":"4000712001201709182835402014"}
[2017-09-18 16:56:23][warn] 数据存储成功，并成功返回记录编号19103！
[2017-09-18 16:56:35][info] ----------------------------------------
[2017-09-18 16:56:35][info] XML_DATA111:[{appid=>wxefc029d4373dcac0}{bank_type=>CMB_DEBIT}{cash_fee=>1164000}{fee_type=>CNY}{is_subscribe=>N}{mch_id=>1244967502}{nonce_str=>wr6p61pu8mn7950mry399l3ma1zrjeuc}{openid=>orYumuG7PCW_vuXBt-XC5gAJdY8U}{out_trade_no=>LX-17091814445335201-d}{result_code=>SUCCESS}{return_code=>SUCCESS}{sign=>16AA5ABA45C0CFA5EE38F25BD32FED87}{time_end=>20170918165622}{total_fee=>1164000}{trade_type=>NATIVE}{transaction_id=>4000712001201709182835402014}]
[2017-09-18 16:56:35][info] k:appid=>wxefc029d4373dcac0
[2017-09-18 16:56:35][info] k:bank_type=>CMB_DEBIT
[2017-09-18 16:56:35][info] k:cash_fee=>1164000
[2017-09-18 16:56:35][info] k:fee_type=>CNY
[2017-09-18 16:56:35][info] k:is_subscribe=>N
[2017-09-18 16:56:35][info] k:mch_id=>1244967502
[2017-09-18 16:56:35][info] k:nonce_str=>wr6p61pu8mn7950mry399l3ma1zrjeuc
[2017-09-18 16:56:35][info] k:openid=>orYumuG7PCW_vuXBt-XC5gAJdY8U
[2017-09-18 16:56:35][info] k:out_trade_no=>LX-17091814445335201-d
[2017-09-18 16:56:35][info] k:result_code=>SUCCESS
[2017-09-18 16:56:35][info] k:return_code=>SUCCESS
[2017-09-18 16:56:35][info] k:sign=>16AA5ABA45C0CFA5EE38F25BD32FED87
[2017-09-18 16:56:35][info] k:time_end=>20170918165622
[2017-09-18 16:56:35][info] k:total_fee=>1164000
[2017-09-18 16:56:35][info] k:trade_type=>NATIVE
[2017-09-18 16:56:35][info] k:transaction_id=>4000712001201709182835402014
[2017-09-18 16:56:35][info] ----------------------------------------
[2017-09-18 16:56:35][info] XML_DATA222:{"appid":"wxefc029d4373dcac0","bank_type":"CMB_DEBIT","cash_fee":"11640.00","fee_type":"CNY","is_subscribe":"N","mch_id":"1244967502","nonce_str":"wr6p61pu8mn7950mry399l3ma1zrjeuc","openid":"orYumuG7PCW_vuXBt-XC5gAJdY8U","out_trade_no":"LX-17091814445335201-d","result_code":"SUCCESS","return_code":"SUCCESS","sign":"16AA5ABA45C0CFA5EE38F25BD32FED87","time_end":"20170918165622","total_fee":"11640.00","trade_type":"NATIVE","transaction_id":"4000712001201709182835402014"}
[2017-09-18 16:56:35][info] 收到重复信息，并处理反馈成功！
[2017-09-18 16:56:35][info] success
[2017-09-18 16:56:35][info] 写入结束!!!
[2017-09-18 18:16:08][info] ----------------------------------------
[2017-09-18 18:16:08][info] XML_DATA111:[{appid=>wxefc029d4373dcac0}{bank_type=>CITIC_CREDIT}{cash_fee=>996000}{fee_type=>CNY}{is_subscribe=>N}{mch_id=>1244967502}{nonce_str=>4hsyq3j9kvyrl2bv9xp35g980cq5err0}{openid=>orYumuC6fndCjy3meHhQuulYsi0Q}{out_trade_no=>LX-1709050950135201-f}{result_code=>SUCCESS}{return_code=>SUCCESS}{sign=>0EAB02E38134ECA2F948879010FB0DA0}{time_end=>20170918181608}{total_fee=>996000}{trade_type=>NATIVE}{transaction_id=>4003812001201709182849579529}]
[2017-09-18 18:16:08][info] k:appid=>wxefc029d4373dcac0
[2017-09-18 18:16:08][info] k:bank_type=>CITIC_CREDIT
[2017-09-18 18:16:08][info] k:cash_fee=>996000
[2017-09-18 18:16:08][info] k:fee_type=>CNY
[2017-09-18 18:16:08][info] k:is_subscribe=>N
[2017-09-18 18:16:08][info] k:mch_id=>1244967502
[2017-09-18 18:16:08][info] k:nonce_str=>4hsyq3j9kvyrl2bv9xp35g980cq5err0
[2017-09-18 18:16:08][info] k:openid=>orYumuC6fndCjy3meHhQuulYsi0Q
[2017-09-18 18:16:08][info] k:out_trade_no=>LX-1709050950135201-f
[2017-09-18 18:16:08][info] k:result_code=>SUCCESS
[2017-09-18 18:16:08][info] k:return_code=>SUCCESS
[2017-09-18 18:16:08][info] k:sign=>0EAB02E38134ECA2F948879010FB0DA0
[2017-09-18 18:16:08][info] k:time_end=>20170918181608
[2017-09-18 18:16:08][info] k:total_fee=>996000
[2017-09-18 18:16:08][info] k:trade_type=>NATIVE
[2017-09-18 18:16:08][info] k:transaction_id=>4003812001201709182849579529
[2017-09-18 18:16:08][info] ----------------------------------------
[2017-09-18 18:16:08][info] XML_DATA222:{"appid":"wxefc029d4373dcac0","bank_type":"CITIC_CREDIT","cash_fee":"9960.00","fee_type":"CNY","is_subscribe":"N","mch_id":"1244967502","nonce_str":"4hsyq3j9kvyrl2bv9xp35g980cq5err0","openid":"orYumuC6fndCjy3meHhQuulYsi0Q","out_trade_no":"LX-1709050950135201-f","result_code":"SUCCESS","return_code":"SUCCESS","sign":"0EAB02E38134ECA2F948879010FB0DA0","time_end":"20170918181608","total_fee":"9960.00","trade_type":"NATIVE","transaction_id":"4003812001201709182849579529"}
[2017-09-18 18:16:08][warn] 数据存储成功，并成功返回记录编号19106！
[2017-09-18 18:16:20][info] ----------------------------------------
[2017-09-18 18:16:20][info] XML_DATA111:[{appid=>wxefc029d4373dcac0}{bank_type=>CITIC_CREDIT}{cash_fee=>996000}{fee_type=>CNY}{is_subscribe=>N}{mch_id=>1244967502}{nonce_str=>4hsyq3j9kvyrl2bv9xp35g980cq5err0}{openid=>orYumuC6fndCjy3meHhQuulYsi0Q}{out_trade_no=>LX-1709050950135201-f}{result_code=>SUCCESS}{return_code=>SUCCESS}{sign=>0EAB02E38134ECA2F948879010FB0DA0}{time_end=>20170918181608}{total_fee=>996000}{trade_type=>NATIVE}{transaction_id=>4003812001201709182849579529}]
[2017-09-18 18:16:20][info] k:appid=>wxefc029d4373dcac0
[2017-09-18 18:16:20][info] k:bank_type=>CITIC_CREDIT
[2017-09-18 18:16:20][info] k:cash_fee=>996000
[2017-09-18 18:16:20][info] k:fee_type=>CNY
[2017-09-18 18:16:20][info] k:is_subscribe=>N
[2017-09-18 18:16:20][info] k:mch_id=>1244967502
[2017-09-18 18:16:20][info] k:nonce_str=>4hsyq3j9kvyrl2bv9xp35g980cq5err0
[2017-09-18 18:16:20][info] k:openid=>orYumuC6fndCjy3meHhQuulYsi0Q
[2017-09-18 18:16:20][info] k:out_trade_no=>LX-1709050950135201-f
[2017-09-18 18:16:20][info] k:result_code=>SUCCESS
[2017-09-18 18:16:20][info] k:return_code=>SUCCESS
[2017-09-18 18:16:20][info] k:sign=>0EAB02E38134ECA2F948879010FB0DA0
[2017-09-18 18:16:20][info] k:time_end=>20170918181608
[2017-09-18 18:16:20][info] k:total_fee=>996000
[2017-09-18 18:16:20][info] k:trade_type=>NATIVE
[2017-09-18 18:16:20][info] k:transaction_id=>4003812001201709182849579529
[2017-09-18 18:16:20][info] ----------------------------------------
[2017-09-18 18:16:20][info] XML_DATA222:{"appid":"wxefc029d4373dcac0","bank_type":"CITIC_CREDIT","cash_fee":"9960.00","fee_type":"CNY","is_subscribe":"N","mch_id":"1244967502","nonce_str":"4hsyq3j9kvyrl2bv9xp35g980cq5err0","openid":"orYumuC6fndCjy3meHhQuulYsi0Q","out_trade_no":"LX-1709050950135201-f","result_code":"SUCCESS","return_code":"SUCCESS","sign":"0EAB02E38134ECA2F948879010FB0DA0","time_end":"20170918181608","total_fee":"9960.00","trade_type":"NATIVE","transaction_id":"4003812001201709182849579529"}
[2017-09-18 18:16:20][info] 收到重复信息，并处理反馈成功！
[2017-09-18 18:16:20][info] success
[2017-09-18 18:16:20][info] 写入结束!!!
[2017-09-18 19:58:36][info] ----------------------------------------
[2017-09-18 19:58:36][info] XML_DATA111:[{appid=>wxefc029d4373dcac0}{bank_type=>BOB_DEBIT}{cash_fee=>338000}{fee_type=>CNY}{is_subscribe=>Y}{mch_id=>1244967502}{nonce_str=>foa2rcra960gu9t8kfqnim1utvd1tj05}{openid=>orYumuP4rMXyAbtydG-NDX8EAFDM}{out_trade_no=>LX-17091718451444006-d}{result_code=>SUCCESS}{return_code=>SUCCESS}{sign=>4B7A364119ACAADBBAF09328CE89DE8F}{time_end=>20170918195836}{total_fee=>338000}{trade_type=>NATIVE}{transaction_id=>4200000007201709182869497610}]
[2017-09-18 19:58:36][info] k:appid=>wxefc029d4373dcac0
[2017-09-18 19:58:36][info] k:bank_type=>BOB_DEBIT
[2017-09-18 19:58:36][info] k:cash_fee=>338000
[2017-09-18 19:58:36][info] k:fee_type=>CNY
[2017-09-18 19:58:36][info] k:is_subscribe=>Y
[2017-09-18 19:58:36][info] k:mch_id=>1244967502
[2017-09-18 19:58:36][info] k:nonce_str=>foa2rcra960gu9t8kfqnim1utvd1tj05
[2017-09-18 19:58:36][info] k:openid=>orYumuP4rMXyAbtydG-NDX8EAFDM
[2017-09-18 19:58:36][info] k:out_trade_no=>LX-17091718451444006-d
[2017-09-18 19:58:36][info] k:result_code=>SUCCESS
[2017-09-18 19:58:36][info] k:return_code=>SUCCESS
[2017-09-18 19:58:36][info] k:sign=>4B7A364119ACAADBBAF09328CE89DE8F
[2017-09-18 19:58:36][info] k:time_end=>20170918195836
[2017-09-18 19:58:36][info] k:total_fee=>338000
[2017-09-18 19:58:36][info] k:trade_type=>NATIVE
[2017-09-18 19:58:36][info] k:transaction_id=>4200000007201709182869497610
[2017-09-18 19:58:36][info] ----------------------------------------
[2017-09-18 19:58:36][info] XML_DATA222:{"appid":"wxefc029d4373dcac0","bank_type":"BOB_DEBIT","cash_fee":"3380.00","fee_type":"CNY","is_subscribe":"Y","mch_id":"1244967502","nonce_str":"foa2rcra960gu9t8kfqnim1utvd1tj05","openid":"orYumuP4rMXyAbtydG-NDX8EAFDM","out_trade_no":"LX-17091718451444006-d","result_code":"SUCCESS","return_code":"SUCCESS","sign":"4B7A364119ACAADBBAF09328CE89DE8F","time_end":"20170918195836","total_fee":"3380.00","trade_type":"NATIVE","transaction_id":"4200000007201709182869497610"}
[2017-09-18 19:58:37][warn] 数据存储成功，并成功返回记录编号19110！
[2017-09-18 19:58:52][info] ----------------------------------------
[2017-09-18 19:58:52][info] XML_DATA111:[{appid=>wxefc029d4373dcac0}{bank_type=>BOB_DEBIT}{cash_fee=>338000}{fee_type=>CNY}{is_subscribe=>Y}{mch_id=>1244967502}{nonce_str=>foa2rcra960gu9t8kfqnim1utvd1tj05}{openid=>orYumuP4rMXyAbtydG-NDX8EAFDM}{out_trade_no=>LX-17091718451444006-d}{result_code=>SUCCESS}{return_code=>SUCCESS}{sign=>4B7A364119ACAADBBAF09328CE89DE8F}{time_end=>20170918195836}{total_fee=>338000}{trade_type=>NATIVE}{transaction_id=>4200000007201709182869497610}]
[2017-09-18 19:58:52][info] k:appid=>wxefc029d4373dcac0
[2017-09-18 19:58:52][info] k:bank_type=>BOB_DEBIT
[2017-09-18 19:58:52][info] k:cash_fee=>338000
[2017-09-18 19:58:52][info] k:fee_type=>CNY
[2017-09-18 19:58:52][info] k:is_subscribe=>Y
[2017-09-18 19:58:52][info] k:mch_id=>1244967502
[2017-09-18 19:58:52][info] k:nonce_str=>foa2rcra960gu9t8kfqnim1utvd1tj05
[2017-09-18 19:58:52][info] k:openid=>orYumuP4rMXyAbtydG-NDX8EAFDM
[2017-09-18 19:58:52][info] k:out_trade_no=>LX-17091718451444006-d
[2017-09-18 19:58:52][info] k:result_code=>SUCCESS
[2017-09-18 19:58:52][info] k:return_code=>SUCCESS
[2017-09-18 19:58:52][info] k:sign=>4B7A364119ACAADBBAF09328CE89DE8F
[2017-09-18 19:58:52][info] k:time_end=>20170918195836
[2017-09-18 19:58:52][info] k:total_fee=>338000
[2017-09-18 19:58:52][info] k:trade_type=>NATIVE
[2017-09-18 19:58:52][info] k:transaction_id=>4200000007201709182869497610
[2017-09-18 19:58:52][info] ----------------------------------------
[2017-09-18 19:58:52][info] XML_DATA222:{"appid":"wxefc029d4373dcac0","bank_type":"BOB_DEBIT","cash_fee":"3380.00","fee_type":"CNY","is_subscribe":"Y","mch_id":"1244967502","nonce_str":"foa2rcra960gu9t8kfqnim1utvd1tj05","openid":"orYumuP4rMXyAbtydG-NDX8EAFDM","out_trade_no":"LX-17091718451444006-d","result_code":"SUCCESS","return_code":"SUCCESS","sign":"4B7A364119ACAADBBAF09328CE89DE8F","time_end":"20170918195836","total_fee":"3380.00","trade_type":"NATIVE","transaction_id":"4200000007201709182869497610"}
[2017-09-18 19:58:52][info] 收到重复信息，并处理反馈成功！
[2017-09-18 19:58:52][info] success
[2017-09-18 19:58:52][info] 写入结束!!!
