[2017-03-30 16:07:01][info] ----------------------------------------
[2017-03-30 16:07:01][info] XML_DATA111:[{appid=>wxefc029d4373dcac0}{bank_type=>CFT}{cash_fee=>31000}{fee_type=>CNY}{is_subscribe=>N}{mch_id=>1244967502}{nonce_str=>aumpnga550zxppcb0od4ltckrt3hbcou}{openid=>orYumuK8P1aJUzILFhIuT47HfA9M}{out_trade_no=>LX-1703291658377301-c}{result_code=>SUCCESS}{return_code=>SUCCESS}{sign=>31761230A7A1C86FB4AFA95D4A518FFD}{time_end=>20170330160700}{total_fee=>31000}{trade_type=>NATIVE}{transaction_id=>4001902001201703305181206976}]
[2017-03-30 16:07:01][info] k:appid=>wxefc029d4373dcac0
[2017-03-30 16:07:01][info] k:bank_type=>CFT
[2017-03-30 16:07:01][info] k:cash_fee=>31000
[2017-03-30 16:07:01][info] k:fee_type=>CNY
[2017-03-30 16:07:01][info] k:is_subscribe=>N
[2017-03-30 16:07:01][info] k:mch_id=>1244967502
[2017-03-30 16:07:01][info] k:nonce_str=>aumpnga550zxppcb0od4ltckrt3hbcou
[2017-03-30 16:07:01][info] k:openid=>orYumuK8P1aJUzILFhIuT47HfA9M
[2017-03-30 16:07:01][info] k:out_trade_no=>LX-1703291658377301-c
[2017-03-30 16:07:01][info] k:result_code=>SUCCESS
[2017-03-30 16:07:01][info] k:return_code=>SUCCESS
[2017-03-30 16:07:01][info] k:sign=>31761230A7A1C86FB4AFA95D4A518FFD
[2017-03-30 16:07:01][info] k:time_end=>20170330160700
[2017-03-30 16:07:01][info] k:total_fee=>31000
[2017-03-30 16:07:01][info] k:trade_type=>NATIVE
[2017-03-30 16:07:01][info] k:transaction_id=>4001902001201703305181206976
[2017-03-30 16:07:01][info] ----------------------------------------
[2017-03-30 16:07:01][info] XML_DATA222:{"appid":"wxefc029d4373dcac0","bank_type":"CFT","cash_fee":"310.00","fee_type":"CNY","is_subscribe":"N","mch_id":"1244967502","nonce_str":"aumpnga550zxppcb0od4ltckrt3hbcou","openid":"orYumuK8P1aJUzILFhIuT47HfA9M","out_trade_no":"LX-1703291658377301-c","result_code":"SUCCESS","return_code":"SUCCESS","sign":"31761230A7A1C86FB4AFA95D4A518FFD","time_end":"20170330160700","total_fee":"310.00","trade_type":"NATIVE","transaction_id":"4001902001201703305181206976"}
[2017-03-30 16:07:02][warn] 数据存储成功，并成功返回记录编号17431！
[2017-03-30 16:07:18][info] ----------------------------------------
[2017-03-30 16:07:18][info] XML_DATA111:[{appid=>wxefc029d4373dcac0}{bank_type=>CFT}{cash_fee=>31000}{fee_type=>CNY}{is_subscribe=>N}{mch_id=>1244967502}{nonce_str=>aumpnga550zxppcb0od4ltckrt3hbcou}{openid=>orYumuK8P1aJUzILFhIuT47HfA9M}{out_trade_no=>LX-1703291658377301-c}{result_code=>SUCCESS}{return_code=>SUCCESS}{sign=>31761230A7A1C86FB4AFA95D4A518FFD}{time_end=>20170330160700}{total_fee=>31000}{trade_type=>NATIVE}{transaction_id=>4001902001201703305181206976}]
[2017-03-30 16:07:18][info] k:appid=>wxefc029d4373dcac0
[2017-03-30 16:07:18][info] k:bank_type=>CFT
[2017-03-30 16:07:18][info] k:cash_fee=>31000
[2017-03-30 16:07:18][info] k:fee_type=>CNY
[2017-03-30 16:07:18][info] k:is_subscribe=>N
[2017-03-30 16:07:18][info] k:mch_id=>1244967502
[2017-03-30 16:07:18][info] k:nonce_str=>aumpnga550zxppcb0od4ltckrt3hbcou
[2017-03-30 16:07:18][info] k:openid=>orYumuK8P1aJUzILFhIuT47HfA9M
[2017-03-30 16:07:18][info] k:out_trade_no=>LX-1703291658377301-c
[2017-03-30 16:07:18][info] k:result_code=>SUCCESS
[2017-03-30 16:07:18][info] k:return_code=>SUCCESS
[2017-03-30 16:07:18][info] k:sign=>31761230A7A1C86FB4AFA95D4A518FFD
[2017-03-30 16:07:18][info] k:time_end=>20170330160700
[2017-03-30 16:07:18][info] k:total_fee=>31000
[2017-03-30 16:07:18][info] k:trade_type=>NATIVE
[2017-03-30 16:07:18][info] k:transaction_id=>4001902001201703305181206976
[2017-03-30 16:07:18][info] ----------------------------------------
[2017-03-30 16:07:18][info] XML_DATA222:{"appid":"wxefc029d4373dcac0","bank_type":"CFT","cash_fee":"310.00","fee_type":"CNY","is_subscribe":"N","mch_id":"1244967502","nonce_str":"aumpnga550zxppcb0od4ltckrt3hbcou","openid":"orYumuK8P1aJUzILFhIuT47HfA9M","out_trade_no":"LX-1703291658377301-c","result_code":"SUCCESS","return_code":"SUCCESS","sign":"31761230A7A1C86FB4AFA95D4A518FFD","time_end":"20170330160700","total_fee":"310.00","trade_type":"NATIVE","transaction_id":"4001902001201703305181206976"}
[2017-03-30 16:07:18][info] 收到重复信息，并处理反馈成功！
[2017-03-30 16:07:18][info] success
[2017-03-30 16:07:18][info] 写入结束!!!
