[2017-09-23 11:05:38][info] ----------------------------------------
[2017-09-23 11:05:38][info] XML_DATA111:[{appid=>wxefc029d4373dcac0}{bank_type=>CFT}{cash_fee=>335800}{fee_type=>CNY}{is_subscribe=>Y}{mch_id=>1244967502}{nonce_str=>56yxm6e2tznbydffyulng9b2ll1iv7rh}{openid=>orYumuIWJeIzKfcBIKBx0sqEKtA0}{out_trade_no=>LX-17092216521711606-d}{result_code=>SUCCESS}{return_code=>SUCCESS}{sign=>B92CC2D2260975E905396F3824BFC542}{time_end=>20170923110537}{total_fee=>335800}{trade_type=>NATIVE}{transaction_id=>4200000023201709233724697298}]
[2017-09-23 11:05:38][info] k:appid=>wxefc029d4373dcac0
[2017-09-23 11:05:38][info] k:bank_type=>CFT
[2017-09-23 11:05:38][info] k:cash_fee=>335800
[2017-09-23 11:05:38][info] k:fee_type=>CNY
[2017-09-23 11:05:38][info] k:is_subscribe=>Y
[2017-09-23 11:05:38][info] k:mch_id=>1244967502
[2017-09-23 11:05:38][info] k:nonce_str=>56yxm6e2tznbydffyulng9b2ll1iv7rh
[2017-09-23 11:05:38][info] k:openid=>orYumuIWJeIzKfcBIKBx0sqEKtA0
[2017-09-23 11:05:38][info] k:out_trade_no=>LX-17092216521711606-d
[2017-09-23 11:05:38][info] k:result_code=>SUCCESS
[2017-09-23 11:05:38][info] k:return_code=>SUCCESS
[2017-09-23 11:05:38][info] k:sign=>B92CC2D2260975E905396F3824BFC542
[2017-09-23 11:05:38][info] k:time_end=>20170923110537
[2017-09-23 11:05:38][info] k:total_fee=>335800
[2017-09-23 11:05:38][info] k:trade_type=>NATIVE
[2017-09-23 11:05:38][info] k:transaction_id=>4200000023201709233724697298
[2017-09-23 11:05:38][info] ----------------------------------------
[2017-09-23 11:05:38][info] XML_DATA222:{"appid":"wxefc029d4373dcac0","bank_type":"CFT","cash_fee":"3358.00","fee_type":"CNY","is_subscribe":"Y","mch_id":"1244967502","nonce_str":"56yxm6e2tznbydffyulng9b2ll1iv7rh","openid":"orYumuIWJeIzKfcBIKBx0sqEKtA0","out_trade_no":"LX-17092216521711606-d","result_code":"SUCCESS","return_code":"SUCCESS","sign":"B92CC2D2260975E905396F3824BFC542","time_end":"20170923110537","total_fee":"3358.00","trade_type":"NATIVE","transaction_id":"4200000023201709233724697298"}
[2017-09-23 11:05:38][warn] 数据存储成功，并成功返回记录编号19205！
[2017-09-23 11:05:55][info] ----------------------------------------
[2017-09-23 11:05:55][info] XML_DATA111:[{appid=>wxefc029d4373dcac0}{bank_type=>CFT}{cash_fee=>335800}{fee_type=>CNY}{is_subscribe=>Y}{mch_id=>1244967502}{nonce_str=>56yxm6e2tznbydffyulng9b2ll1iv7rh}{openid=>orYumuIWJeIzKfcBIKBx0sqEKtA0}{out_trade_no=>LX-17092216521711606-d}{result_code=>SUCCESS}{return_code=>SUCCESS}{sign=>B92CC2D2260975E905396F3824BFC542}{time_end=>20170923110537}{total_fee=>335800}{trade_type=>NATIVE}{transaction_id=>4200000023201709233724697298}]
[2017-09-23 11:05:55][info] k:appid=>wxefc029d4373dcac0
[2017-09-23 11:05:55][info] k:bank_type=>CFT
[2017-09-23 11:05:55][info] k:cash_fee=>335800
[2017-09-23 11:05:55][info] k:fee_type=>CNY
[2017-09-23 11:05:55][info] k:is_subscribe=>Y
[2017-09-23 11:05:55][info] k:mch_id=>1244967502
[2017-09-23 11:05:55][info] k:nonce_str=>56yxm6e2tznbydffyulng9b2ll1iv7rh
[2017-09-23 11:05:55][info] k:openid=>orYumuIWJeIzKfcBIKBx0sqEKtA0
[2017-09-23 11:05:55][info] k:out_trade_no=>LX-17092216521711606-d
[2017-09-23 11:05:55][info] k:result_code=>SUCCESS
[2017-09-23 11:05:55][info] k:return_code=>SUCCESS
[2017-09-23 11:05:55][info] k:sign=>B92CC2D2260975E905396F3824BFC542
[2017-09-23 11:05:55][info] k:time_end=>20170923110537
[2017-09-23 11:05:55][info] k:total_fee=>335800
[2017-09-23 11:05:55][info] k:trade_type=>NATIVE
[2017-09-23 11:05:55][info] k:transaction_id=>4200000023201709233724697298
[2017-09-23 11:05:55][info] ----------------------------------------
[2017-09-23 11:05:55][info] XML_DATA222:{"appid":"wxefc029d4373dcac0","bank_type":"CFT","cash_fee":"3358.00","fee_type":"CNY","is_subscribe":"Y","mch_id":"1244967502","nonce_str":"56yxm6e2tznbydffyulng9b2ll1iv7rh","openid":"orYumuIWJeIzKfcBIKBx0sqEKtA0","out_trade_no":"LX-17092216521711606-d","result_code":"SUCCESS","return_code":"SUCCESS","sign":"B92CC2D2260975E905396F3824BFC542","time_end":"20170923110537","total_fee":"3358.00","trade_type":"NATIVE","transaction_id":"4200000023201709233724697298"}
[2017-09-23 11:05:55][info] 收到重复信息，并处理反馈成功！
[2017-09-23 11:05:55][info] success
[2017-09-23 11:05:55][info] 写入结束!!!
[2017-09-23 11:55:38][info] ----------------------------------------
[2017-09-23 11:55:38][info] XML_DATA111:[{appid=>wxefc029d4373dcac0}{bank_type=>CMB_CREDIT}{cash_fee=>428000}{fee_type=>CNY}{is_subscribe=>N}{mch_id=>1244967502}{nonce_str=>3tkk7542uw3xqfjfeiwnlolrsuxdf1tw}{openid=>orYumuEtMgN1zaFROXhhDXv44hns}{out_trade_no=>LX-17091819092495306-b}{result_code=>SUCCESS}{return_code=>SUCCESS}{sign=>11A360D3AB80B300BF6534A8D7DCB45B}{time_end=>20170923115537}{total_fee=>428000}{trade_type=>NATIVE}{transaction_id=>4200000001201709233733348016}]
[2017-09-23 11:55:38][info] k:appid=>wxefc029d4373dcac0
[2017-09-23 11:55:38][info] k:bank_type=>CMB_CREDIT
[2017-09-23 11:55:38][info] k:cash_fee=>428000
[2017-09-23 11:55:38][info] k:fee_type=>CNY
[2017-09-23 11:55:38][info] k:is_subscribe=>N
[2017-09-23 11:55:38][info] k:mch_id=>1244967502
[2017-09-23 11:55:38][info] k:nonce_str=>3tkk7542uw3xqfjfeiwnlolrsuxdf1tw
[2017-09-23 11:55:38][info] k:openid=>orYumuEtMgN1zaFROXhhDXv44hns
[2017-09-23 11:55:38][info] k:out_trade_no=>LX-17091819092495306-b
[2017-09-23 11:55:38][info] k:result_code=>SUCCESS
[2017-09-23 11:55:38][info] k:return_code=>SUCCESS
[2017-09-23 11:55:38][info] k:sign=>11A360D3AB80B300BF6534A8D7DCB45B
[2017-09-23 11:55:38][info] k:time_end=>20170923115537
[2017-09-23 11:55:38][info] k:total_fee=>428000
[2017-09-23 11:55:38][info] k:trade_type=>NATIVE
[2017-09-23 11:55:38][info] k:transaction_id=>4200000001201709233733348016
[2017-09-23 11:55:38][info] ----------------------------------------
[2017-09-23 11:55:38][info] XML_DATA222:{"appid":"wxefc029d4373dcac0","bank_type":"CMB_CREDIT","cash_fee":"4280.00","fee_type":"CNY","is_subscribe":"N","mch_id":"1244967502","nonce_str":"3tkk7542uw3xqfjfeiwnlolrsuxdf1tw","openid":"orYumuEtMgN1zaFROXhhDXv44hns","out_trade_no":"LX-17091819092495306-b","result_code":"SUCCESS","return_code":"SUCCESS","sign":"11A360D3AB80B300BF6534A8D7DCB45B","time_end":"20170923115537","total_fee":"4280.00","trade_type":"NATIVE","transaction_id":"4200000001201709233733348016"}
[2017-09-23 11:55:38][warn] 数据存储成功，并成功返回记录编号19207！
[2017-09-23 11:55:47][info] ----------------------------------------
[2017-09-23 11:55:47][info] XML_DATA111:[{appid=>wxefc029d4373dcac0}{bank_type=>CMB_CREDIT}{cash_fee=>428000}{fee_type=>CNY}{is_subscribe=>N}{mch_id=>1244967502}{nonce_str=>3tkk7542uw3xqfjfeiwnlolrsuxdf1tw}{openid=>orYumuEtMgN1zaFROXhhDXv44hns}{out_trade_no=>LX-17091819092495306-b}{result_code=>SUCCESS}{return_code=>SUCCESS}{sign=>11A360D3AB80B300BF6534A8D7DCB45B}{time_end=>20170923115537}{total_fee=>428000}{trade_type=>NATIVE}{transaction_id=>4200000001201709233733348016}]
[2017-09-23 11:55:47][info] k:appid=>wxefc029d4373dcac0
[2017-09-23 11:55:47][info] k:bank_type=>CMB_CREDIT
[2017-09-23 11:55:47][info] k:cash_fee=>428000
[2017-09-23 11:55:47][info] k:fee_type=>CNY
[2017-09-23 11:55:47][info] k:is_subscribe=>N
[2017-09-23 11:55:47][info] k:mch_id=>1244967502
[2017-09-23 11:55:47][info] k:nonce_str=>3tkk7542uw3xqfjfeiwnlolrsuxdf1tw
[2017-09-23 11:55:47][info] k:openid=>orYumuEtMgN1zaFROXhhDXv44hns
[2017-09-23 11:55:47][info] k:out_trade_no=>LX-17091819092495306-b
[2017-09-23 11:55:47][info] k:result_code=>SUCCESS
[2017-09-23 11:55:47][info] k:return_code=>SUCCESS
[2017-09-23 11:55:47][info] k:sign=>11A360D3AB80B300BF6534A8D7DCB45B
[2017-09-23 11:55:47][info] k:time_end=>20170923115537
[2017-09-23 11:55:47][info] k:total_fee=>428000
[2017-09-23 11:55:47][info] k:trade_type=>NATIVE
[2017-09-23 11:55:47][info] k:transaction_id=>4200000001201709233733348016
[2017-09-23 11:55:47][info] ----------------------------------------
[2017-09-23 11:55:47][info] XML_DATA222:{"appid":"wxefc029d4373dcac0","bank_type":"CMB_CREDIT","cash_fee":"4280.00","fee_type":"CNY","is_subscribe":"N","mch_id":"1244967502","nonce_str":"3tkk7542uw3xqfjfeiwnlolrsuxdf1tw","openid":"orYumuEtMgN1zaFROXhhDXv44hns","out_trade_no":"LX-17091819092495306-b","result_code":"SUCCESS","return_code":"SUCCESS","sign":"11A360D3AB80B300BF6534A8D7DCB45B","time_end":"20170923115537","total_fee":"4280.00","trade_type":"NATIVE","transaction_id":"4200000001201709233733348016"}
[2017-09-23 11:55:47][info] 收到重复信息，并处理反馈成功！
[2017-09-23 11:55:47][info] success
[2017-09-23 11:55:47][info] 写入结束!!!
[2017-09-23 15:09:37][info] ----------------------------------------
[2017-09-23 15:09:37][info] XML_DATA111:[{appid=>wxefc029d4373dcac0}{bank_type=>COMM_DEBIT}{cash_fee=>258000}{fee_type=>CNY}{is_subscribe=>N}{mch_id=>1244967502}{nonce_str=>n6fw97vk7onm9r14xa8qoerxw7t12ri4}{openid=>orYumuLcDu2T6NWiqAhQuG-nQ-R0}{out_trade_no=>LX-17092314202643801-1}{result_code=>SUCCESS}{return_code=>SUCCESS}{sign=>5F68CDDA88F76B080C3ABF7F9C3FF9F6}{time_end=>20170923150936}{total_fee=>258000}{trade_type=>NATIVE}{transaction_id=>4200000013201709233774379232}]
[2017-09-23 15:09:37][info] k:appid=>wxefc029d4373dcac0
[2017-09-23 15:09:37][info] k:bank_type=>COMM_DEBIT
[2017-09-23 15:09:37][info] k:cash_fee=>258000
[2017-09-23 15:09:37][info] k:fee_type=>CNY
[2017-09-23 15:09:37][info] k:is_subscribe=>N
[2017-09-23 15:09:37][info] k:mch_id=>1244967502
[2017-09-23 15:09:37][info] k:nonce_str=>n6fw97vk7onm9r14xa8qoerxw7t12ri4
[2017-09-23 15:09:37][info] k:openid=>orYumuLcDu2T6NWiqAhQuG-nQ-R0
[2017-09-23 15:09:37][info] k:out_trade_no=>LX-17092314202643801-1
[2017-09-23 15:09:37][info] k:result_code=>SUCCESS
[2017-09-23 15:09:37][info] k:return_code=>SUCCESS
[2017-09-23 15:09:37][info] k:sign=>5F68CDDA88F76B080C3ABF7F9C3FF9F6
[2017-09-23 15:09:37][info] k:time_end=>20170923150936
[2017-09-23 15:09:37][info] k:total_fee=>258000
[2017-09-23 15:09:37][info] k:trade_type=>NATIVE
[2017-09-23 15:09:37][info] k:transaction_id=>4200000013201709233774379232
[2017-09-23 15:09:37][info] ----------------------------------------
[2017-09-23 15:09:37][info] XML_DATA222:{"appid":"wxefc029d4373dcac0","bank_type":"COMM_DEBIT","cash_fee":"2580.00","fee_type":"CNY","is_subscribe":"N","mch_id":"1244967502","nonce_str":"n6fw97vk7onm9r14xa8qoerxw7t12ri4","openid":"orYumuLcDu2T6NWiqAhQuG-nQ-R0","out_trade_no":"LX-17092314202643801-1","result_code":"SUCCESS","return_code":"SUCCESS","sign":"5F68CDDA88F76B080C3ABF7F9C3FF9F6","time_end":"20170923150936","total_fee":"2580.00","trade_type":"NATIVE","transaction_id":"4200000013201709233774379232"}
[2017-09-23 15:09:37][warn] 数据存储成功，并成功返回记录编号19211！
[2017-09-23 15:09:47][info] ----------------------------------------
[2017-09-23 15:09:47][info] XML_DATA111:[{appid=>wxefc029d4373dcac0}{bank_type=>COMM_DEBIT}{cash_fee=>258000}{fee_type=>CNY}{is_subscribe=>N}{mch_id=>1244967502}{nonce_str=>n6fw97vk7onm9r14xa8qoerxw7t12ri4}{openid=>orYumuLcDu2T6NWiqAhQuG-nQ-R0}{out_trade_no=>LX-17092314202643801-1}{result_code=>SUCCESS}{return_code=>SUCCESS}{sign=>5F68CDDA88F76B080C3ABF7F9C3FF9F6}{time_end=>20170923150936}{total_fee=>258000}{trade_type=>NATIVE}{transaction_id=>4200000013201709233774379232}]
[2017-09-23 15:09:47][info] k:appid=>wxefc029d4373dcac0
[2017-09-23 15:09:47][info] k:bank_type=>COMM_DEBIT
[2017-09-23 15:09:47][info] k:cash_fee=>258000
[2017-09-23 15:09:47][info] k:fee_type=>CNY
[2017-09-23 15:09:47][info] k:is_subscribe=>N
[2017-09-23 15:09:47][info] k:mch_id=>1244967502
[2017-09-23 15:09:47][info] k:nonce_str=>n6fw97vk7onm9r14xa8qoerxw7t12ri4
[2017-09-23 15:09:47][info] k:openid=>orYumuLcDu2T6NWiqAhQuG-nQ-R0
[2017-09-23 15:09:47][info] k:out_trade_no=>LX-17092314202643801-1
[2017-09-23 15:09:47][info] k:result_code=>SUCCESS
[2017-09-23 15:09:47][info] k:return_code=>SUCCESS
[2017-09-23 15:09:47][info] k:sign=>5F68CDDA88F76B080C3ABF7F9C3FF9F6
[2017-09-23 15:09:47][info] k:time_end=>20170923150936
[2017-09-23 15:09:47][info] k:total_fee=>258000
[2017-09-23 15:09:47][info] k:trade_type=>NATIVE
[2017-09-23 15:09:47][info] k:transaction_id=>4200000013201709233774379232
[2017-09-23 15:09:47][info] ----------------------------------------
[2017-09-23 15:09:47][info] XML_DATA222:{"appid":"wxefc029d4373dcac0","bank_type":"COMM_DEBIT","cash_fee":"2580.00","fee_type":"CNY","is_subscribe":"N","mch_id":"1244967502","nonce_str":"n6fw97vk7onm9r14xa8qoerxw7t12ri4","openid":"orYumuLcDu2T6NWiqAhQuG-nQ-R0","out_trade_no":"LX-17092314202643801-1","result_code":"SUCCESS","return_code":"SUCCESS","sign":"5F68CDDA88F76B080C3ABF7F9C3FF9F6","time_end":"20170923150936","total_fee":"2580.00","trade_type":"NATIVE","transaction_id":"4200000013201709233774379232"}
[2017-09-23 15:09:47][info] 收到重复信息，并处理反馈成功！
[2017-09-23 15:09:47][info] success
[2017-09-23 15:09:47][info] 写入结束!!!
[2017-09-23 19:54:51][info] ----------------------------------------
[2017-09-23 19:54:51][info] XML_DATA111:[{appid=>wxefc029d4373dcac0}{bank_type=>CCB_DEBIT}{cash_fee=>469000}{fee_type=>CNY}{is_subscribe=>Y}{mch_id=>1244967502}{nonce_str=>m1ytiy23iqtdyt23qg7jef09b9wzqbvj}{openid=>orYumuEFPgoYpdQuh34F0I_QKeIk}{out_trade_no=>LX-17072615002492006-2}{result_code=>SUCCESS}{return_code=>SUCCESS}{sign=>3D333551A46FA9CAB83407297DEF75CD}{time_end=>20170923195450}{total_fee=>469000}{trade_type=>NATIVE}{transaction_id=>4200000012201709233825231541}]
[2017-09-23 19:54:51][info] k:appid=>wxefc029d4373dcac0
[2017-09-23 19:54:51][info] k:bank_type=>CCB_DEBIT
[2017-09-23 19:54:51][info] k:cash_fee=>469000
[2017-09-23 19:54:51][info] k:fee_type=>CNY
[2017-09-23 19:54:51][info] k:is_subscribe=>Y
[2017-09-23 19:54:51][info] k:mch_id=>1244967502
[2017-09-23 19:54:51][info] k:nonce_str=>m1ytiy23iqtdyt23qg7jef09b9wzqbvj
[2017-09-23 19:54:51][info] k:openid=>orYumuEFPgoYpdQuh34F0I_QKeIk
[2017-09-23 19:54:51][info] k:out_trade_no=>LX-17072615002492006-2
[2017-09-23 19:54:51][info] k:result_code=>SUCCESS
[2017-09-23 19:54:51][info] k:return_code=>SUCCESS
[2017-09-23 19:54:51][info] k:sign=>3D333551A46FA9CAB83407297DEF75CD
[2017-09-23 19:54:51][info] k:time_end=>20170923195450
[2017-09-23 19:54:51][info] k:total_fee=>469000
[2017-09-23 19:54:51][info] k:trade_type=>NATIVE
[2017-09-23 19:54:51][info] k:transaction_id=>4200000012201709233825231541
[2017-09-23 19:54:51][info] ----------------------------------------
[2017-09-23 19:54:51][info] XML_DATA222:{"appid":"wxefc029d4373dcac0","bank_type":"CCB_DEBIT","cash_fee":"4690.00","fee_type":"CNY","is_subscribe":"Y","mch_id":"1244967502","nonce_str":"m1ytiy23iqtdyt23qg7jef09b9wzqbvj","openid":"orYumuEFPgoYpdQuh34F0I_QKeIk","out_trade_no":"LX-17072615002492006-2","result_code":"SUCCESS","return_code":"SUCCESS","sign":"3D333551A46FA9CAB83407297DEF75CD","time_end":"20170923195450","total_fee":"4690.00","trade_type":"NATIVE","transaction_id":"4200000012201709233825231541"}
[2017-09-23 19:54:51][warn] 数据存储成功，并成功返回记录编号19215！
[2017-09-23 19:55:05][info] ----------------------------------------
[2017-09-23 19:55:05][info] XML_DATA111:[{appid=>wxefc029d4373dcac0}{bank_type=>CCB_DEBIT}{cash_fee=>469000}{fee_type=>CNY}{is_subscribe=>Y}{mch_id=>1244967502}{nonce_str=>m1ytiy23iqtdyt23qg7jef09b9wzqbvj}{openid=>orYumuEFPgoYpdQuh34F0I_QKeIk}{out_trade_no=>LX-17072615002492006-2}{result_code=>SUCCESS}{return_code=>SUCCESS}{sign=>3D333551A46FA9CAB83407297DEF75CD}{time_end=>20170923195450}{total_fee=>469000}{trade_type=>NATIVE}{transaction_id=>4200000012201709233825231541}]
[2017-09-23 19:55:05][info] k:appid=>wxefc029d4373dcac0
[2017-09-23 19:55:05][info] k:bank_type=>CCB_DEBIT
[2017-09-23 19:55:05][info] k:cash_fee=>469000
[2017-09-23 19:55:05][info] k:fee_type=>CNY
[2017-09-23 19:55:05][info] k:is_subscribe=>Y
[2017-09-23 19:55:05][info] k:mch_id=>1244967502
[2017-09-23 19:55:05][info] k:nonce_str=>m1ytiy23iqtdyt23qg7jef09b9wzqbvj
[2017-09-23 19:55:05][info] k:openid=>orYumuEFPgoYpdQuh34F0I_QKeIk
[2017-09-23 19:55:05][info] k:out_trade_no=>LX-17072615002492006-2
[2017-09-23 19:55:05][info] k:result_code=>SUCCESS
[2017-09-23 19:55:05][info] k:return_code=>SUCCESS
[2017-09-23 19:55:05][info] k:sign=>3D333551A46FA9CAB83407297DEF75CD
[2017-09-23 19:55:05][info] k:time_end=>20170923195450
[2017-09-23 19:55:05][info] k:total_fee=>469000
[2017-09-23 19:55:05][info] k:trade_type=>NATIVE
[2017-09-23 19:55:05][info] k:transaction_id=>4200000012201709233825231541
[2017-09-23 19:55:05][info] ----------------------------------------
[2017-09-23 19:55:05][info] XML_DATA222:{"appid":"wxefc029d4373dcac0","bank_type":"CCB_DEBIT","cash_fee":"4690.00","fee_type":"CNY","is_subscribe":"Y","mch_id":"1244967502","nonce_str":"m1ytiy23iqtdyt23qg7jef09b9wzqbvj","openid":"orYumuEFPgoYpdQuh34F0I_QKeIk","out_trade_no":"LX-17072615002492006-2","result_code":"SUCCESS","return_code":"SUCCESS","sign":"3D333551A46FA9CAB83407297DEF75CD","time_end":"20170923195450","total_fee":"4690.00","trade_type":"NATIVE","transaction_id":"4200000012201709233825231541"}
[2017-09-23 19:55:05][info] 收到重复信息，并处理反馈成功！
[2017-09-23 19:55:05][info] success
[2017-09-23 19:55:05][info] 写入结束!!!
[2017-09-23 19:56:15][info] ----------------------------------------
[2017-09-23 19:56:15][info] XML_DATA111:[{appid=>wxefc029d4373dcac0}{bank_type=>CCB_DEBIT}{cash_fee=>199000}{fee_type=>CNY}{is_subscribe=>Y}{mch_id=>1244967502}{nonce_str=>ezdu7rwp2qwib3308z7eubzn23znitnz}{openid=>orYumuEFPgoYpdQuh34F0I_QKeIk}{out_trade_no=>LX-17081114592399406-e}{result_code=>SUCCESS}{return_code=>SUCCESS}{sign=>24294BD31BACFC7B4BE0AC418853AF58}{time_end=>20170923195614}{total_fee=>199000}{trade_type=>NATIVE}{transaction_id=>4200000027201709233830677673}]
[2017-09-23 19:56:15][info] k:appid=>wxefc029d4373dcac0
[2017-09-23 19:56:15][info] k:bank_type=>CCB_DEBIT
[2017-09-23 19:56:15][info] k:cash_fee=>199000
[2017-09-23 19:56:15][info] k:fee_type=>CNY
[2017-09-23 19:56:15][info] k:is_subscribe=>Y
[2017-09-23 19:56:15][info] k:mch_id=>1244967502
[2017-09-23 19:56:15][info] k:nonce_str=>ezdu7rwp2qwib3308z7eubzn23znitnz
[2017-09-23 19:56:15][info] k:openid=>orYumuEFPgoYpdQuh34F0I_QKeIk
[2017-09-23 19:56:15][info] k:out_trade_no=>LX-17081114592399406-e
[2017-09-23 19:56:15][info] k:result_code=>SUCCESS
[2017-09-23 19:56:15][info] k:return_code=>SUCCESS
[2017-09-23 19:56:15][info] k:sign=>24294BD31BACFC7B4BE0AC418853AF58
[2017-09-23 19:56:15][info] k:time_end=>20170923195614
[2017-09-23 19:56:15][info] k:total_fee=>199000
[2017-09-23 19:56:15][info] k:trade_type=>NATIVE
[2017-09-23 19:56:15][info] k:transaction_id=>4200000027201709233830677673
[2017-09-23 19:56:15][info] ----------------------------------------
[2017-09-23 19:56:15][info] XML_DATA222:{"appid":"wxefc029d4373dcac0","bank_type":"CCB_DEBIT","cash_fee":"1990.00","fee_type":"CNY","is_subscribe":"Y","mch_id":"1244967502","nonce_str":"ezdu7rwp2qwib3308z7eubzn23znitnz","openid":"orYumuEFPgoYpdQuh34F0I_QKeIk","out_trade_no":"LX-17081114592399406-e","result_code":"SUCCESS","return_code":"SUCCESS","sign":"24294BD31BACFC7B4BE0AC418853AF58","time_end":"20170923195614","total_fee":"1990.00","trade_type":"NATIVE","transaction_id":"4200000027201709233830677673"}
[2017-09-23 19:56:15][warn] 数据存储成功，并成功返回记录编号19216！
[2017-09-23 19:56:31][info] ----------------------------------------
[2017-09-23 19:56:31][info] XML_DATA111:[{appid=>wxefc029d4373dcac0}{bank_type=>CCB_DEBIT}{cash_fee=>199000}{fee_type=>CNY}{is_subscribe=>Y}{mch_id=>1244967502}{nonce_str=>ezdu7rwp2qwib3308z7eubzn23znitnz}{openid=>orYumuEFPgoYpdQuh34F0I_QKeIk}{out_trade_no=>LX-17081114592399406-e}{result_code=>SUCCESS}{return_code=>SUCCESS}{sign=>24294BD31BACFC7B4BE0AC418853AF58}{time_end=>20170923195614}{total_fee=>199000}{trade_type=>NATIVE}{transaction_id=>4200000027201709233830677673}]
[2017-09-23 19:56:31][info] k:appid=>wxefc029d4373dcac0
[2017-09-23 19:56:31][info] k:bank_type=>CCB_DEBIT
[2017-09-23 19:56:31][info] k:cash_fee=>199000
[2017-09-23 19:56:31][info] k:fee_type=>CNY
[2017-09-23 19:56:31][info] k:is_subscribe=>Y
[2017-09-23 19:56:31][info] k:mch_id=>1244967502
[2017-09-23 19:56:31][info] k:nonce_str=>ezdu7rwp2qwib3308z7eubzn23znitnz
[2017-09-23 19:56:31][info] k:openid=>orYumuEFPgoYpdQuh34F0I_QKeIk
[2017-09-23 19:56:31][info] k:out_trade_no=>LX-17081114592399406-e
[2017-09-23 19:56:31][info] k:result_code=>SUCCESS
[2017-09-23 19:56:31][info] k:return_code=>SUCCESS
[2017-09-23 19:56:31][info] k:sign=>24294BD31BACFC7B4BE0AC418853AF58
[2017-09-23 19:56:31][info] k:time_end=>20170923195614
[2017-09-23 19:56:31][info] k:total_fee=>199000
[2017-09-23 19:56:31][info] k:trade_type=>NATIVE
[2017-09-23 19:56:31][info] k:transaction_id=>4200000027201709233830677673
[2017-09-23 19:56:31][info] ----------------------------------------
[2017-09-23 19:56:31][info] XML_DATA222:{"appid":"wxefc029d4373dcac0","bank_type":"CCB_DEBIT","cash_fee":"1990.00","fee_type":"CNY","is_subscribe":"Y","mch_id":"1244967502","nonce_str":"ezdu7rwp2qwib3308z7eubzn23znitnz","openid":"orYumuEFPgoYpdQuh34F0I_QKeIk","out_trade_no":"LX-17081114592399406-e","result_code":"SUCCESS","return_code":"SUCCESS","sign":"24294BD31BACFC7B4BE0AC418853AF58","time_end":"20170923195614","total_fee":"1990.00","trade_type":"NATIVE","transaction_id":"4200000027201709233830677673"}
[2017-09-23 19:56:31][info] 收到重复信息，并处理反馈成功！
[2017-09-23 19:56:31][info] success
[2017-09-23 19:56:31][info] 写入结束!!!
[2017-09-23 22:07:27][info] ----------------------------------------
[2017-09-23 22:07:27][info] XML_DATA111:[{appid=>wxefc029d4373dcac0}{bank_type=>ICBC_DEBIT}{cash_fee=>490000}{fee_type=>CNY}{is_subscribe=>N}{mch_id=>1244967502}{nonce_str=>8c573s0pdm9ksieh6bpv1s4mmujr8201}{openid=>orYumuJIlHtAcWw6Fe4pkFv8Vd9g}{out_trade_no=>LX-17092316294648401-1}{result_code=>SUCCESS}{return_code=>SUCCESS}{sign=>49DB75EDDBD3464C5F4A40618B42230F}{time_end=>20170923220727}{total_fee=>490000}{trade_type=>NATIVE}{transaction_id=>4200000001201709233849883322}]
[2017-09-23 22:07:27][info] k:appid=>wxefc029d4373dcac0
[2017-09-23 22:07:27][info] k:bank_type=>ICBC_DEBIT
[2017-09-23 22:07:27][info] k:cash_fee=>490000
[2017-09-23 22:07:27][info] k:fee_type=>CNY
[2017-09-23 22:07:27][info] k:is_subscribe=>N
[2017-09-23 22:07:27][info] k:mch_id=>1244967502
[2017-09-23 22:07:27][info] k:nonce_str=>8c573s0pdm9ksieh6bpv1s4mmujr8201
[2017-09-23 22:07:27][info] k:openid=>orYumuJIlHtAcWw6Fe4pkFv8Vd9g
[2017-09-23 22:07:27][info] k:out_trade_no=>LX-17092316294648401-1
[2017-09-23 22:07:27][info] k:result_code=>SUCCESS
[2017-09-23 22:07:27][info] k:return_code=>SUCCESS
[2017-09-23 22:07:27][info] k:sign=>49DB75EDDBD3464C5F4A40618B42230F
[2017-09-23 22:07:27][info] k:time_end=>20170923220727
[2017-09-23 22:07:27][info] k:total_fee=>490000
[2017-09-23 22:07:27][info] k:trade_type=>NATIVE
[2017-09-23 22:07:27][info] k:transaction_id=>4200000001201709233849883322
[2017-09-23 22:07:27][info] ----------------------------------------
[2017-09-23 22:07:27][info] XML_DATA222:{"appid":"wxefc029d4373dcac0","bank_type":"ICBC_DEBIT","cash_fee":"4900.00","fee_type":"CNY","is_subscribe":"N","mch_id":"1244967502","nonce_str":"8c573s0pdm9ksieh6bpv1s4mmujr8201","openid":"orYumuJIlHtAcWw6Fe4pkFv8Vd9g","out_trade_no":"LX-17092316294648401-1","result_code":"SUCCESS","return_code":"SUCCESS","sign":"49DB75EDDBD3464C5F4A40618B42230F","time_end":"20170923220727","total_fee":"4900.00","trade_type":"NATIVE","transaction_id":"4200000001201709233849883322"}
[2017-09-23 22:07:27][warn] 数据存储成功，并成功返回记录编号19217！
[2017-09-23 22:07:37][info] ----------------------------------------
[2017-09-23 22:07:37][info] XML_DATA111:[{appid=>wxefc029d4373dcac0}{bank_type=>ICBC_DEBIT}{cash_fee=>490000}{fee_type=>CNY}{is_subscribe=>N}{mch_id=>1244967502}{nonce_str=>8c573s0pdm9ksieh6bpv1s4mmujr8201}{openid=>orYumuJIlHtAcWw6Fe4pkFv8Vd9g}{out_trade_no=>LX-17092316294648401-1}{result_code=>SUCCESS}{return_code=>SUCCESS}{sign=>49DB75EDDBD3464C5F4A40618B42230F}{time_end=>20170923220727}{total_fee=>490000}{trade_type=>NATIVE}{transaction_id=>4200000001201709233849883322}]
[2017-09-23 22:07:37][info] k:appid=>wxefc029d4373dcac0
[2017-09-23 22:07:37][info] k:bank_type=>ICBC_DEBIT
[2017-09-23 22:07:37][info] k:cash_fee=>490000
[2017-09-23 22:07:37][info] k:fee_type=>CNY
[2017-09-23 22:07:37][info] k:is_subscribe=>N
[2017-09-23 22:07:37][info] k:mch_id=>1244967502
[2017-09-23 22:07:37][info] k:nonce_str=>8c573s0pdm9ksieh6bpv1s4mmujr8201
[2017-09-23 22:07:37][info] k:openid=>orYumuJIlHtAcWw6Fe4pkFv8Vd9g
[2017-09-23 22:07:37][info] k:out_trade_no=>LX-17092316294648401-1
[2017-09-23 22:07:37][info] k:result_code=>SUCCESS
[2017-09-23 22:07:37][info] k:return_code=>SUCCESS
[2017-09-23 22:07:37][info] k:sign=>49DB75EDDBD3464C5F4A40618B42230F
[2017-09-23 22:07:37][info] k:time_end=>20170923220727
[2017-09-23 22:07:37][info] k:total_fee=>490000
[2017-09-23 22:07:37][info] k:trade_type=>NATIVE
[2017-09-23 22:07:37][info] k:transaction_id=>4200000001201709233849883322
[2017-09-23 22:07:37][info] ----------------------------------------
[2017-09-23 22:07:37][info] XML_DATA222:{"appid":"wxefc029d4373dcac0","bank_type":"ICBC_DEBIT","cash_fee":"4900.00","fee_type":"CNY","is_subscribe":"N","mch_id":"1244967502","nonce_str":"8c573s0pdm9ksieh6bpv1s4mmujr8201","openid":"orYumuJIlHtAcWw6Fe4pkFv8Vd9g","out_trade_no":"LX-17092316294648401-1","result_code":"SUCCESS","return_code":"SUCCESS","sign":"49DB75EDDBD3464C5F4A40618B42230F","time_end":"20170923220727","total_fee":"4900.00","trade_type":"NATIVE","transaction_id":"4200000001201709233849883322"}
[2017-09-23 22:07:37][info] 收到重复信息，并处理反馈成功！
[2017-09-23 22:07:37][info] success
[2017-09-23 22:07:37][info] 写入结束!!!
