[2017-08-03 10:28:58][info] ----------------------------------------
[2017-08-03 10:28:58][info] XML_DATA111:[{appid=>wxefc029d4373dcac0}{bank_type=>CFT}{cash_fee=>1170000}{fee_type=>CNY}{is_subscribe=>Y}{mch_id=>1244967502}{nonce_str=>w7xv016lqbp4krqq310259ttr03joske}{openid=>orYumuJx4C-0LfmqOsUxbSZQIL_4}{out_trade_no=>LX-17072613131066606-6}{result_code=>SUCCESS}{return_code=>SUCCESS}{sign=>3B5D10F8FCA1363987719428AA64CFEC}{time_end=>20170803102857}{total_fee=>1170000}{trade_type=>NATIVE}{transaction_id=>4000802001201708034189640452}]
[2017-08-03 10:28:58][info] k:appid=>wxefc029d4373dcac0
[2017-08-03 10:28:58][info] k:bank_type=>CFT
[2017-08-03 10:28:58][info] k:cash_fee=>1170000
[2017-08-03 10:28:58][info] k:fee_type=>CNY
[2017-08-03 10:28:58][info] k:is_subscribe=>Y
[2017-08-03 10:28:58][info] k:mch_id=>1244967502
[2017-08-03 10:28:58][info] k:nonce_str=>w7xv016lqbp4krqq310259ttr03joske
[2017-08-03 10:28:58][info] k:openid=>orYumuJx4C-0LfmqOsUxbSZQIL_4
[2017-08-03 10:28:58][info] k:out_trade_no=>LX-17072613131066606-6
[2017-08-03 10:28:58][info] k:result_code=>SUCCESS
[2017-08-03 10:28:58][info] k:return_code=>SUCCESS
[2017-08-03 10:28:58][info] k:sign=>3B5D10F8FCA1363987719428AA64CFEC
[2017-08-03 10:28:58][info] k:time_end=>20170803102857
[2017-08-03 10:28:58][info] k:total_fee=>1170000
[2017-08-03 10:28:58][info] k:trade_type=>NATIVE
[2017-08-03 10:28:58][info] k:transaction_id=>4000802001201708034189640452
[2017-08-03 10:28:58][info] ----------------------------------------
[2017-08-03 10:28:58][info] XML_DATA222:{"appid":"wxefc029d4373dcac0","bank_type":"CFT","cash_fee":"11700.00","fee_type":"CNY","is_subscribe":"Y","mch_id":"1244967502","nonce_str":"w7xv016lqbp4krqq310259ttr03joske","openid":"orYumuJx4C-0LfmqOsUxbSZQIL_4","out_trade_no":"LX-17072613131066606-6","result_code":"SUCCESS","return_code":"SUCCESS","sign":"3B5D10F8FCA1363987719428AA64CFEC","time_end":"20170803102857","total_fee":"11700.00","trade_type":"NATIVE","transaction_id":"4000802001201708034189640452"}
[2017-08-03 10:28:58][warn] 数据存储成功，并成功返回记录编号18436！
[2017-08-03 10:29:14][info] ----------------------------------------
[2017-08-03 10:29:14][info] XML_DATA111:[{appid=>wxefc029d4373dcac0}{bank_type=>CFT}{cash_fee=>1170000}{fee_type=>CNY}{is_subscribe=>Y}{mch_id=>1244967502}{nonce_str=>w7xv016lqbp4krqq310259ttr03joske}{openid=>orYumuJx4C-0LfmqOsUxbSZQIL_4}{out_trade_no=>LX-17072613131066606-6}{result_code=>SUCCESS}{return_code=>SUCCESS}{sign=>3B5D10F8FCA1363987719428AA64CFEC}{time_end=>20170803102857}{total_fee=>1170000}{trade_type=>NATIVE}{transaction_id=>4000802001201708034189640452}]
[2017-08-03 10:29:14][info] k:appid=>wxefc029d4373dcac0
[2017-08-03 10:29:14][info] k:bank_type=>CFT
[2017-08-03 10:29:14][info] k:cash_fee=>1170000
[2017-08-03 10:29:14][info] k:fee_type=>CNY
[2017-08-03 10:29:14][info] k:is_subscribe=>Y
[2017-08-03 10:29:14][info] k:mch_id=>1244967502
[2017-08-03 10:29:14][info] k:nonce_str=>w7xv016lqbp4krqq310259ttr03joske
[2017-08-03 10:29:14][info] k:openid=>orYumuJx4C-0LfmqOsUxbSZQIL_4
[2017-08-03 10:29:14][info] k:out_trade_no=>LX-17072613131066606-6
[2017-08-03 10:29:14][info] k:result_code=>SUCCESS
[2017-08-03 10:29:14][info] k:return_code=>SUCCESS
[2017-08-03 10:29:14][info] k:sign=>3B5D10F8FCA1363987719428AA64CFEC
[2017-08-03 10:29:14][info] k:time_end=>20170803102857
[2017-08-03 10:29:14][info] k:total_fee=>1170000
[2017-08-03 10:29:14][info] k:trade_type=>NATIVE
[2017-08-03 10:29:14][info] k:transaction_id=>4000802001201708034189640452
[2017-08-03 10:29:14][info] ----------------------------------------
[2017-08-03 10:29:14][info] XML_DATA222:{"appid":"wxefc029d4373dcac0","bank_type":"CFT","cash_fee":"11700.00","fee_type":"CNY","is_subscribe":"Y","mch_id":"1244967502","nonce_str":"w7xv016lqbp4krqq310259ttr03joske","openid":"orYumuJx4C-0LfmqOsUxbSZQIL_4","out_trade_no":"LX-17072613131066606-6","result_code":"SUCCESS","return_code":"SUCCESS","sign":"3B5D10F8FCA1363987719428AA64CFEC","time_end":"20170803102857","total_fee":"11700.00","trade_type":"NATIVE","transaction_id":"4000802001201708034189640452"}
[2017-08-03 10:29:14][info] 收到重复信息，并处理反馈成功！
[2017-08-03 10:29:14][info] success
[2017-08-03 10:29:14][info] 写入结束!!!
[2017-08-03 10:43:22][info] ----------------------------------------
[2017-08-03 10:43:22][info] XML_DATA111:[{appid=>wxefc029d4373dcac0}{bank_type=>CCB_CREDIT}{cash_fee=>340000}{fee_type=>CNY}{is_subscribe=>Y}{mch_id=>1244967502}{nonce_str=>4ehtvcpvy2nkw31h0pbndljegbqoyfn3}{openid=>orYumuFIuegA2paLAcp2jx_KjvnU}{out_trade_no=>LX-17080310301173401-b}{result_code=>SUCCESS}{return_code=>SUCCESS}{sign=>845695C298FE911BA3D1C2D8474BB078}{time_end=>20170803104322}{total_fee=>340000}{trade_type=>NATIVE}{transaction_id=>4005412001201708034193262041}]
[2017-08-03 10:43:22][info] k:appid=>wxefc029d4373dcac0
[2017-08-03 10:43:22][info] k:bank_type=>CCB_CREDIT
[2017-08-03 10:43:22][info] k:cash_fee=>340000
[2017-08-03 10:43:22][info] k:fee_type=>CNY
[2017-08-03 10:43:22][info] k:is_subscribe=>Y
[2017-08-03 10:43:22][info] k:mch_id=>1244967502
[2017-08-03 10:43:22][info] k:nonce_str=>4ehtvcpvy2nkw31h0pbndljegbqoyfn3
[2017-08-03 10:43:22][info] k:openid=>orYumuFIuegA2paLAcp2jx_KjvnU
[2017-08-03 10:43:22][info] k:out_trade_no=>LX-17080310301173401-b
[2017-08-03 10:43:22][info] k:result_code=>SUCCESS
[2017-08-03 10:43:22][info] k:return_code=>SUCCESS
[2017-08-03 10:43:22][info] k:sign=>845695C298FE911BA3D1C2D8474BB078
[2017-08-03 10:43:22][info] k:time_end=>20170803104322
[2017-08-03 10:43:22][info] k:total_fee=>340000
[2017-08-03 10:43:22][info] k:trade_type=>NATIVE
[2017-08-03 10:43:22][info] k:transaction_id=>4005412001201708034193262041
[2017-08-03 10:43:22][info] ----------------------------------------
[2017-08-03 10:43:22][info] XML_DATA222:{"appid":"wxefc029d4373dcac0","bank_type":"CCB_CREDIT","cash_fee":"3400.00","fee_type":"CNY","is_subscribe":"Y","mch_id":"1244967502","nonce_str":"4ehtvcpvy2nkw31h0pbndljegbqoyfn3","openid":"orYumuFIuegA2paLAcp2jx_KjvnU","out_trade_no":"LX-17080310301173401-b","result_code":"SUCCESS","return_code":"SUCCESS","sign":"845695C298FE911BA3D1C2D8474BB078","time_end":"20170803104322","total_fee":"3400.00","trade_type":"NATIVE","transaction_id":"4005412001201708034193262041"}
[2017-08-03 10:43:22][warn] 数据存储成功，并成功返回记录编号18437！
[2017-08-03 10:43:33][info] ----------------------------------------
[2017-08-03 10:43:33][info] XML_DATA111:[{appid=>wxefc029d4373dcac0}{bank_type=>CCB_CREDIT}{cash_fee=>340000}{fee_type=>CNY}{is_subscribe=>Y}{mch_id=>1244967502}{nonce_str=>4ehtvcpvy2nkw31h0pbndljegbqoyfn3}{openid=>orYumuFIuegA2paLAcp2jx_KjvnU}{out_trade_no=>LX-17080310301173401-b}{result_code=>SUCCESS}{return_code=>SUCCESS}{sign=>845695C298FE911BA3D1C2D8474BB078}{time_end=>20170803104322}{total_fee=>340000}{trade_type=>NATIVE}{transaction_id=>4005412001201708034193262041}]
[2017-08-03 10:43:33][info] k:appid=>wxefc029d4373dcac0
[2017-08-03 10:43:33][info] k:bank_type=>CCB_CREDIT
[2017-08-03 10:43:33][info] k:cash_fee=>340000
[2017-08-03 10:43:33][info] k:fee_type=>CNY
[2017-08-03 10:43:33][info] k:is_subscribe=>Y
[2017-08-03 10:43:33][info] k:mch_id=>1244967502
[2017-08-03 10:43:33][info] k:nonce_str=>4ehtvcpvy2nkw31h0pbndljegbqoyfn3
[2017-08-03 10:43:33][info] k:openid=>orYumuFIuegA2paLAcp2jx_KjvnU
[2017-08-03 10:43:33][info] k:out_trade_no=>LX-17080310301173401-b
[2017-08-03 10:43:33][info] k:result_code=>SUCCESS
[2017-08-03 10:43:33][info] k:return_code=>SUCCESS
[2017-08-03 10:43:33][info] k:sign=>845695C298FE911BA3D1C2D8474BB078
[2017-08-03 10:43:33][info] k:time_end=>20170803104322
[2017-08-03 10:43:33][info] k:total_fee=>340000
[2017-08-03 10:43:33][info] k:trade_type=>NATIVE
[2017-08-03 10:43:33][info] k:transaction_id=>4005412001201708034193262041
[2017-08-03 10:43:33][info] ----------------------------------------
[2017-08-03 10:43:33][info] XML_DATA222:{"appid":"wxefc029d4373dcac0","bank_type":"CCB_CREDIT","cash_fee":"3400.00","fee_type":"CNY","is_subscribe":"Y","mch_id":"1244967502","nonce_str":"4ehtvcpvy2nkw31h0pbndljegbqoyfn3","openid":"orYumuFIuegA2paLAcp2jx_KjvnU","out_trade_no":"LX-17080310301173401-b","result_code":"SUCCESS","return_code":"SUCCESS","sign":"845695C298FE911BA3D1C2D8474BB078","time_end":"20170803104322","total_fee":"3400.00","trade_type":"NATIVE","transaction_id":"4005412001201708034193262041"}
[2017-08-03 10:43:33][info] 收到重复信息，并处理反馈成功！
[2017-08-03 10:43:33][info] success
[2017-08-03 10:43:33][info] 写入结束!!!
[2017-08-03 12:51:35][info] ----------------------------------------
[2017-08-03 12:51:35][info] XML_DATA111:[{appid=>wxefc029d4373dcac0}{bank_type=>BOC_DEBIT}{cash_fee=>279000}{fee_type=>CNY}{is_subscribe=>N}{mch_id=>1244967502}{nonce_str=>29vzqj2m7uf7jd1t7m0bkeal59kd6zft}{openid=>orYumuNNoJ9niEBtJ-waotdglji0}{out_trade_no=>LX-17072812453366901-6}{result_code=>SUCCESS}{return_code=>SUCCESS}{sign=>0F08BEF3ED62B03FC7BED095D42194E7}{time_end=>20170803125134}{total_fee=>279000}{trade_type=>NATIVE}{transaction_id=>4008082001201708034219430484}]
[2017-08-03 12:51:35][info] k:appid=>wxefc029d4373dcac0
[2017-08-03 12:51:35][info] k:bank_type=>BOC_DEBIT
[2017-08-03 12:51:35][info] k:cash_fee=>279000
[2017-08-03 12:51:35][info] k:fee_type=>CNY
[2017-08-03 12:51:35][info] k:is_subscribe=>N
[2017-08-03 12:51:35][info] k:mch_id=>1244967502
[2017-08-03 12:51:35][info] k:nonce_str=>29vzqj2m7uf7jd1t7m0bkeal59kd6zft
[2017-08-03 12:51:35][info] k:openid=>orYumuNNoJ9niEBtJ-waotdglji0
[2017-08-03 12:51:35][info] k:out_trade_no=>LX-17072812453366901-6
[2017-08-03 12:51:35][info] k:result_code=>SUCCESS
[2017-08-03 12:51:35][info] k:return_code=>SUCCESS
[2017-08-03 12:51:35][info] k:sign=>0F08BEF3ED62B03FC7BED095D42194E7
[2017-08-03 12:51:35][info] k:time_end=>20170803125134
[2017-08-03 12:51:35][info] k:total_fee=>279000
[2017-08-03 12:51:35][info] k:trade_type=>NATIVE
[2017-08-03 12:51:35][info] k:transaction_id=>4008082001201708034219430484
[2017-08-03 12:51:35][info] ----------------------------------------
[2017-08-03 12:51:35][info] XML_DATA222:{"appid":"wxefc029d4373dcac0","bank_type":"BOC_DEBIT","cash_fee":"2790.00","fee_type":"CNY","is_subscribe":"N","mch_id":"1244967502","nonce_str":"29vzqj2m7uf7jd1t7m0bkeal59kd6zft","openid":"orYumuNNoJ9niEBtJ-waotdglji0","out_trade_no":"LX-17072812453366901-6","result_code":"SUCCESS","return_code":"SUCCESS","sign":"0F08BEF3ED62B03FC7BED095D42194E7","time_end":"20170803125134","total_fee":"2790.00","trade_type":"NATIVE","transaction_id":"4008082001201708034219430484"}
[2017-08-03 12:51:35][warn] 数据存储成功，并成功返回记录编号18443！
[2017-08-03 12:51:46][info] ----------------------------------------
[2017-08-03 12:51:46][info] XML_DATA111:[{appid=>wxefc029d4373dcac0}{bank_type=>BOC_DEBIT}{cash_fee=>279000}{fee_type=>CNY}{is_subscribe=>N}{mch_id=>1244967502}{nonce_str=>29vzqj2m7uf7jd1t7m0bkeal59kd6zft}{openid=>orYumuNNoJ9niEBtJ-waotdglji0}{out_trade_no=>LX-17072812453366901-6}{result_code=>SUCCESS}{return_code=>SUCCESS}{sign=>0F08BEF3ED62B03FC7BED095D42194E7}{time_end=>20170803125134}{total_fee=>279000}{trade_type=>NATIVE}{transaction_id=>4008082001201708034219430484}]
[2017-08-03 12:51:46][info] k:appid=>wxefc029d4373dcac0
[2017-08-03 12:51:46][info] k:bank_type=>BOC_DEBIT
[2017-08-03 12:51:46][info] k:cash_fee=>279000
[2017-08-03 12:51:46][info] k:fee_type=>CNY
[2017-08-03 12:51:46][info] k:is_subscribe=>N
[2017-08-03 12:51:46][info] k:mch_id=>1244967502
[2017-08-03 12:51:46][info] k:nonce_str=>29vzqj2m7uf7jd1t7m0bkeal59kd6zft
[2017-08-03 12:51:46][info] k:openid=>orYumuNNoJ9niEBtJ-waotdglji0
[2017-08-03 12:51:46][info] k:out_trade_no=>LX-17072812453366901-6
[2017-08-03 12:51:46][info] k:result_code=>SUCCESS
[2017-08-03 12:51:46][info] k:return_code=>SUCCESS
[2017-08-03 12:51:46][info] k:sign=>0F08BEF3ED62B03FC7BED095D42194E7
[2017-08-03 12:51:46][info] k:time_end=>20170803125134
[2017-08-03 12:51:46][info] k:total_fee=>279000
[2017-08-03 12:51:46][info] k:trade_type=>NATIVE
[2017-08-03 12:51:46][info] k:transaction_id=>4008082001201708034219430484
[2017-08-03 12:51:46][info] ----------------------------------------
[2017-08-03 12:51:46][info] XML_DATA222:{"appid":"wxefc029d4373dcac0","bank_type":"BOC_DEBIT","cash_fee":"2790.00","fee_type":"CNY","is_subscribe":"N","mch_id":"1244967502","nonce_str":"29vzqj2m7uf7jd1t7m0bkeal59kd6zft","openid":"orYumuNNoJ9niEBtJ-waotdglji0","out_trade_no":"LX-17072812453366901-6","result_code":"SUCCESS","return_code":"SUCCESS","sign":"0F08BEF3ED62B03FC7BED095D42194E7","time_end":"20170803125134","total_fee":"2790.00","trade_type":"NATIVE","transaction_id":"4008082001201708034219430484"}
[2017-08-03 12:51:46][info] 收到重复信息，并处理反馈成功！
[2017-08-03 12:51:46][info] success
[2017-08-03 12:51:46][info] 写入结束!!!
[2017-08-03 14:13:45][info] ----------------------------------------
[2017-08-03 14:13:45][info] XML_DATA111:[{appid=>wxefc029d4373dcac0}{bank_type=>CMB_CREDIT}{cash_fee=>807000}{fee_type=>CNY}{is_subscribe=>N}{mch_id=>1244967502}{nonce_str=>on8h9rslsykrs2d4kaoumqq3nn5iybi3}{openid=>orYumuOP8qKW2DEHjq_zB0BVrWnw}{out_trade_no=>LX-17080311134179406-5}{result_code=>SUCCESS}{return_code=>SUCCESS}{sign=>1DCC04E3258E8524E2914A1E91F6B1E6}{time_end=>20170803141344}{total_fee=>807000}{trade_type=>NATIVE}{transaction_id=>4003532001201708034234979752}]
[2017-08-03 14:13:45][info] k:appid=>wxefc029d4373dcac0
[2017-08-03 14:13:45][info] k:bank_type=>CMB_CREDIT
[2017-08-03 14:13:45][info] k:cash_fee=>807000
[2017-08-03 14:13:45][info] k:fee_type=>CNY
[2017-08-03 14:13:45][info] k:is_subscribe=>N
[2017-08-03 14:13:45][info] k:mch_id=>1244967502
[2017-08-03 14:13:45][info] k:nonce_str=>on8h9rslsykrs2d4kaoumqq3nn5iybi3
[2017-08-03 14:13:45][info] k:openid=>orYumuOP8qKW2DEHjq_zB0BVrWnw
[2017-08-03 14:13:45][info] k:out_trade_no=>LX-17080311134179406-5
[2017-08-03 14:13:45][info] k:result_code=>SUCCESS
[2017-08-03 14:13:45][info] k:return_code=>SUCCESS
[2017-08-03 14:13:45][info] k:sign=>1DCC04E3258E8524E2914A1E91F6B1E6
[2017-08-03 14:13:45][info] k:time_end=>20170803141344
[2017-08-03 14:13:45][info] k:total_fee=>807000
[2017-08-03 14:13:45][info] k:trade_type=>NATIVE
[2017-08-03 14:13:45][info] k:transaction_id=>4003532001201708034234979752
[2017-08-03 14:13:45][info] ----------------------------------------
[2017-08-03 14:13:45][info] XML_DATA222:{"appid":"wxefc029d4373dcac0","bank_type":"CMB_CREDIT","cash_fee":"8070.00","fee_type":"CNY","is_subscribe":"N","mch_id":"1244967502","nonce_str":"on8h9rslsykrs2d4kaoumqq3nn5iybi3","openid":"orYumuOP8qKW2DEHjq_zB0BVrWnw","out_trade_no":"LX-17080311134179406-5","result_code":"SUCCESS","return_code":"SUCCESS","sign":"1DCC04E3258E8524E2914A1E91F6B1E6","time_end":"20170803141344","total_fee":"8070.00","trade_type":"NATIVE","transaction_id":"4003532001201708034234979752"}
[2017-08-03 14:13:45][warn] 数据存储成功，并成功返回记录编号18444！
[2017-08-03 14:13:58][info] ----------------------------------------
[2017-08-03 14:13:58][info] XML_DATA111:[{appid=>wxefc029d4373dcac0}{bank_type=>CMB_CREDIT}{cash_fee=>807000}{fee_type=>CNY}{is_subscribe=>N}{mch_id=>1244967502}{nonce_str=>on8h9rslsykrs2d4kaoumqq3nn5iybi3}{openid=>orYumuOP8qKW2DEHjq_zB0BVrWnw}{out_trade_no=>LX-17080311134179406-5}{result_code=>SUCCESS}{return_code=>SUCCESS}{sign=>1DCC04E3258E8524E2914A1E91F6B1E6}{time_end=>20170803141344}{total_fee=>807000}{trade_type=>NATIVE}{transaction_id=>4003532001201708034234979752}]
[2017-08-03 14:13:58][info] k:appid=>wxefc029d4373dcac0
[2017-08-03 14:13:58][info] k:bank_type=>CMB_CREDIT
[2017-08-03 14:13:58][info] k:cash_fee=>807000
[2017-08-03 14:13:58][info] k:fee_type=>CNY
[2017-08-03 14:13:58][info] k:is_subscribe=>N
[2017-08-03 14:13:58][info] k:mch_id=>1244967502
[2017-08-03 14:13:58][info] k:nonce_str=>on8h9rslsykrs2d4kaoumqq3nn5iybi3
[2017-08-03 14:13:58][info] k:openid=>orYumuOP8qKW2DEHjq_zB0BVrWnw
[2017-08-03 14:13:58][info] k:out_trade_no=>LX-17080311134179406-5
[2017-08-03 14:13:58][info] k:result_code=>SUCCESS
[2017-08-03 14:13:58][info] k:return_code=>SUCCESS
[2017-08-03 14:13:58][info] k:sign=>1DCC04E3258E8524E2914A1E91F6B1E6
[2017-08-03 14:13:58][info] k:time_end=>20170803141344
[2017-08-03 14:13:58][info] k:total_fee=>807000
[2017-08-03 14:13:58][info] k:trade_type=>NATIVE
[2017-08-03 14:13:58][info] k:transaction_id=>4003532001201708034234979752
[2017-08-03 14:13:58][info] ----------------------------------------
[2017-08-03 14:13:58][info] XML_DATA222:{"appid":"wxefc029d4373dcac0","bank_type":"CMB_CREDIT","cash_fee":"8070.00","fee_type":"CNY","is_subscribe":"N","mch_id":"1244967502","nonce_str":"on8h9rslsykrs2d4kaoumqq3nn5iybi3","openid":"orYumuOP8qKW2DEHjq_zB0BVrWnw","out_trade_no":"LX-17080311134179406-5","result_code":"SUCCESS","return_code":"SUCCESS","sign":"1DCC04E3258E8524E2914A1E91F6B1E6","time_end":"20170803141344","total_fee":"8070.00","trade_type":"NATIVE","transaction_id":"4003532001201708034234979752"}
[2017-08-03 14:13:58][info] 收到重复信息，并处理反馈成功！
[2017-08-03 14:13:58][info] success
[2017-08-03 14:13:58][info] 写入结束!!!
