[2017-05-28 12:36:49][info] ----------------------------------------
[2017-05-28 12:36:49][info] XML_DATA111:[{appid=>wxefc029d4373dcac0}{bank_type=>COMM_CREDIT}{cash_fee=>358000}{fee_type=>CNY}{is_subscribe=>N}{mch_id=>1244967502}{nonce_str=>uk6jgipkkm1pso3awp3b5uoxb0trhl03}{openid=>orYumuCW_fTIy8Ww8_GJUr4VqPbE}{out_trade_no=>LX-17052419550764706-2}{result_code=>SUCCESS}{return_code=>SUCCESS}{sign=>395FE5D70AD526470B0347C48AF468E5}{time_end=>20170528123648}{total_fee=>358000}{trade_type=>NATIVE}{transaction_id=>4003472001201705283000440376}]
[2017-05-28 12:36:49][info] k:appid=>wxefc029d4373dcac0
[2017-05-28 12:36:49][info] k:bank_type=>COMM_CREDIT
[2017-05-28 12:36:49][info] k:cash_fee=>358000
[2017-05-28 12:36:49][info] k:fee_type=>CNY
[2017-05-28 12:36:49][info] k:is_subscribe=>N
[2017-05-28 12:36:49][info] k:mch_id=>1244967502
[2017-05-28 12:36:49][info] k:nonce_str=>uk6jgipkkm1pso3awp3b5uoxb0trhl03
[2017-05-28 12:36:49][info] k:openid=>orYumuCW_fTIy8Ww8_GJUr4VqPbE
[2017-05-28 12:36:49][info] k:out_trade_no=>LX-17052419550764706-2
[2017-05-28 12:36:49][info] k:result_code=>SUCCESS
[2017-05-28 12:36:49][info] k:return_code=>SUCCESS
[2017-05-28 12:36:49][info] k:sign=>395FE5D70AD526470B0347C48AF468E5
[2017-05-28 12:36:49][info] k:time_end=>20170528123648
[2017-05-28 12:36:49][info] k:total_fee=>358000
[2017-05-28 12:36:49][info] k:trade_type=>NATIVE
[2017-05-28 12:36:49][info] k:transaction_id=>4003472001201705283000440376
[2017-05-28 12:36:49][info] ----------------------------------------
[2017-05-28 12:36:49][info] XML_DATA222:{"appid":"wxefc029d4373dcac0","bank_type":"COMM_CREDIT","cash_fee":"3580.00","fee_type":"CNY","is_subscribe":"N","mch_id":"1244967502","nonce_str":"uk6jgipkkm1pso3awp3b5uoxb0trhl03","openid":"orYumuCW_fTIy8Ww8_GJUr4VqPbE","out_trade_no":"LX-17052419550764706-2","result_code":"SUCCESS","return_code":"SUCCESS","sign":"395FE5D70AD526470B0347C48AF468E5","time_end":"20170528123648","total_fee":"3580.00","trade_type":"NATIVE","transaction_id":"4003472001201705283000440376"}
[2017-05-28 12:36:49][warn] 数据存储成功，并成功返回记录编号17545！
[2017-05-28 12:37:00][info] ----------------------------------------
[2017-05-28 12:37:00][info] XML_DATA111:[{appid=>wxefc029d4373dcac0}{bank_type=>COMM_CREDIT}{cash_fee=>358000}{fee_type=>CNY}{is_subscribe=>N}{mch_id=>1244967502}{nonce_str=>uk6jgipkkm1pso3awp3b5uoxb0trhl03}{openid=>orYumuCW_fTIy8Ww8_GJUr4VqPbE}{out_trade_no=>LX-17052419550764706-2}{result_code=>SUCCESS}{return_code=>SUCCESS}{sign=>395FE5D70AD526470B0347C48AF468E5}{time_end=>20170528123648}{total_fee=>358000}{trade_type=>NATIVE}{transaction_id=>4003472001201705283000440376}]
[2017-05-28 12:37:00][info] k:appid=>wxefc029d4373dcac0
[2017-05-28 12:37:00][info] k:bank_type=>COMM_CREDIT
[2017-05-28 12:37:00][info] k:cash_fee=>358000
[2017-05-28 12:37:00][info] k:fee_type=>CNY
[2017-05-28 12:37:00][info] k:is_subscribe=>N
[2017-05-28 12:37:00][info] k:mch_id=>1244967502
[2017-05-28 12:37:00][info] k:nonce_str=>uk6jgipkkm1pso3awp3b5uoxb0trhl03
[2017-05-28 12:37:00][info] k:openid=>orYumuCW_fTIy8Ww8_GJUr4VqPbE
[2017-05-28 12:37:00][info] k:out_trade_no=>LX-17052419550764706-2
[2017-05-28 12:37:00][info] k:result_code=>SUCCESS
[2017-05-28 12:37:00][info] k:return_code=>SUCCESS
[2017-05-28 12:37:00][info] k:sign=>395FE5D70AD526470B0347C48AF468E5
[2017-05-28 12:37:00][info] k:time_end=>20170528123648
[2017-05-28 12:37:00][info] k:total_fee=>358000
[2017-05-28 12:37:00][info] k:trade_type=>NATIVE
[2017-05-28 12:37:00][info] k:transaction_id=>4003472001201705283000440376
[2017-05-28 12:37:00][info] ----------------------------------------
[2017-05-28 12:37:00][info] XML_DATA222:{"appid":"wxefc029d4373dcac0","bank_type":"COMM_CREDIT","cash_fee":"3580.00","fee_type":"CNY","is_subscribe":"N","mch_id":"1244967502","nonce_str":"uk6jgipkkm1pso3awp3b5uoxb0trhl03","openid":"orYumuCW_fTIy8Ww8_GJUr4VqPbE","out_trade_no":"LX-17052419550764706-2","result_code":"SUCCESS","return_code":"SUCCESS","sign":"395FE5D70AD526470B0347C48AF468E5","time_end":"20170528123648","total_fee":"3580.00","trade_type":"NATIVE","transaction_id":"4003472001201705283000440376"}
[2017-05-28 12:37:00][info] 收到重复信息，并处理反馈成功！
[2017-05-28 12:37:00][info] success
[2017-05-28 12:37:00][info] 写入结束!!!
