[2017-03-09 14:57:39][info] ----------------------------------------
[2017-03-09 14:57:39][info] XML_DATA111:[{appid=>wxefc029d4373dcac0}{bank_type=>CIB_DEBIT}{cash_fee=>598000}{fee_type=>CNY}{is_subscribe=>N}{mch_id=>1244967502}{nonce_str=>uh6qlzglqj4nv6co3aq3ha7vr6vxhmx6}{openid=>orYumuDCL-NvLgOGGpvZzqdOxwMQ}{out_trade_no=>LX-17030911274683701-f}{result_code=>SUCCESS}{return_code=>SUCCESS}{sign=>42B83DC868E289E767CCC80DF73A739A}{time_end=>20170309145738}{total_fee=>598000}{trade_type=>NATIVE}{transaction_id=>4007212001201703092778392156}]
[2017-03-09 14:57:39][info] k:appid=>wxefc029d4373dcac0
[2017-03-09 14:57:39][info] k:bank_type=>CIB_DEBIT
[2017-03-09 14:57:39][info] k:cash_fee=>598000
[2017-03-09 14:57:39][info] k:fee_type=>CNY
[2017-03-09 14:57:39][info] k:is_subscribe=>N
[2017-03-09 14:57:39][info] k:mch_id=>1244967502
[2017-03-09 14:57:39][info] k:nonce_str=>uh6qlzglqj4nv6co3aq3ha7vr6vxhmx6
[2017-03-09 14:57:39][info] k:openid=>orYumuDCL-NvLgOGGpvZzqdOxwMQ
[2017-03-09 14:57:39][info] k:out_trade_no=>LX-17030911274683701-f
[2017-03-09 14:57:39][info] k:result_code=>SUCCESS
[2017-03-09 14:57:39][info] k:return_code=>SUCCESS
[2017-03-09 14:57:39][info] k:sign=>42B83DC868E289E767CCC80DF73A739A
[2017-03-09 14:57:39][info] k:time_end=>20170309145738
[2017-03-09 14:57:39][info] k:total_fee=>598000
[2017-03-09 14:57:39][info] k:trade_type=>NATIVE
[2017-03-09 14:57:39][info] k:transaction_id=>4007212001201703092778392156
[2017-03-09 14:57:39][info] ----------------------------------------
[2017-03-09 14:57:39][info] XML_DATA222:{"appid":"wxefc029d4373dcac0","bank_type":"CIB_DEBIT","cash_fee":"5980.00","fee_type":"CNY","is_subscribe":"N","mch_id":"1244967502","nonce_str":"uh6qlzglqj4nv6co3aq3ha7vr6vxhmx6","openid":"orYumuDCL-NvLgOGGpvZzqdOxwMQ","out_trade_no":"LX-17030911274683701-f","result_code":"SUCCESS","return_code":"SUCCESS","sign":"42B83DC868E289E767CCC80DF73A739A","time_end":"20170309145738","total_fee":"5980.00","trade_type":"NATIVE","transaction_id":"4007212001201703092778392156"}
[2017-03-09 14:57:39][warn] 数据存储成功，并成功返回记录编号17359！
[2017-03-09 14:57:52][info] ----------------------------------------
[2017-03-09 14:57:52][info] XML_DATA111:[{appid=>wxefc029d4373dcac0}{bank_type=>CIB_DEBIT}{cash_fee=>598000}{fee_type=>CNY}{is_subscribe=>N}{mch_id=>1244967502}{nonce_str=>uh6qlzglqj4nv6co3aq3ha7vr6vxhmx6}{openid=>orYumuDCL-NvLgOGGpvZzqdOxwMQ}{out_trade_no=>LX-17030911274683701-f}{result_code=>SUCCESS}{return_code=>SUCCESS}{sign=>42B83DC868E289E767CCC80DF73A739A}{time_end=>20170309145738}{total_fee=>598000}{trade_type=>NATIVE}{transaction_id=>4007212001201703092778392156}]
[2017-03-09 14:57:52][info] k:appid=>wxefc029d4373dcac0
[2017-03-09 14:57:52][info] k:bank_type=>CIB_DEBIT
[2017-03-09 14:57:52][info] k:cash_fee=>598000
[2017-03-09 14:57:52][info] k:fee_type=>CNY
[2017-03-09 14:57:52][info] k:is_subscribe=>N
[2017-03-09 14:57:52][info] k:mch_id=>1244967502
[2017-03-09 14:57:52][info] k:nonce_str=>uh6qlzglqj4nv6co3aq3ha7vr6vxhmx6
[2017-03-09 14:57:52][info] k:openid=>orYumuDCL-NvLgOGGpvZzqdOxwMQ
[2017-03-09 14:57:52][info] k:out_trade_no=>LX-17030911274683701-f
[2017-03-09 14:57:52][info] k:result_code=>SUCCESS
[2017-03-09 14:57:52][info] k:return_code=>SUCCESS
[2017-03-09 14:57:52][info] k:sign=>42B83DC868E289E767CCC80DF73A739A
[2017-03-09 14:57:52][info] k:time_end=>20170309145738
[2017-03-09 14:57:52][info] k:total_fee=>598000
[2017-03-09 14:57:52][info] k:trade_type=>NATIVE
[2017-03-09 14:57:52][info] k:transaction_id=>4007212001201703092778392156
[2017-03-09 14:57:52][info] ----------------------------------------
[2017-03-09 14:57:52][info] XML_DATA222:{"appid":"wxefc029d4373dcac0","bank_type":"CIB_DEBIT","cash_fee":"5980.00","fee_type":"CNY","is_subscribe":"N","mch_id":"1244967502","nonce_str":"uh6qlzglqj4nv6co3aq3ha7vr6vxhmx6","openid":"orYumuDCL-NvLgOGGpvZzqdOxwMQ","out_trade_no":"LX-17030911274683701-f","result_code":"SUCCESS","return_code":"SUCCESS","sign":"42B83DC868E289E767CCC80DF73A739A","time_end":"20170309145738","total_fee":"5980.00","trade_type":"NATIVE","transaction_id":"4007212001201703092778392156"}
[2017-03-09 14:57:53][info] 收到重复信息，并处理反馈成功！
[2017-03-09 14:57:53][info] success
[2017-03-09 14:57:53][info] 写入结束!!!
