[2017-07-03 07:25:26][info] ----------------------------------------
[2017-07-03 07:25:26][info] XML_DATA111:[{appid=>wxefc029d4373dcac0}{bank_type=>CCB_DEBIT}{cash_fee=>214000}{fee_type=>CNY}{is_subscribe=>Y}{mch_id=>1244967502}{nonce_str=>6r5epol5spfxe7l1lvmg169bjopmf6m3}{openid=>orYumuFH8jRdlyCOx8SBcURxHxj4}{out_trade_no=>LX-17070213384820206-6}{result_code=>SUCCESS}{return_code=>SUCCESS}{sign=>B77C12E223DCAAC3C78BD86E098364C3}{time_end=>20170703072525}{total_fee=>214000}{trade_type=>NATIVE}{transaction_id=>4001222001201707038609516458}]
[2017-07-03 07:25:26][info] k:appid=>wxefc029d4373dcac0
[2017-07-03 07:25:26][info] k:bank_type=>CCB_DEBIT
[2017-07-03 07:25:26][info] k:cash_fee=>214000
[2017-07-03 07:25:26][info] k:fee_type=>CNY
[2017-07-03 07:25:26][info] k:is_subscribe=>Y
[2017-07-03 07:25:26][info] k:mch_id=>1244967502
[2017-07-03 07:25:26][info] k:nonce_str=>6r5epol5spfxe7l1lvmg169bjopmf6m3
[2017-07-03 07:25:26][info] k:openid=>orYumuFH8jRdlyCOx8SBcURxHxj4
[2017-07-03 07:25:26][info] k:out_trade_no=>LX-17070213384820206-6
[2017-07-03 07:25:26][info] k:result_code=>SUCCESS
[2017-07-03 07:25:26][info] k:return_code=>SUCCESS
[2017-07-03 07:25:26][info] k:sign=>B77C12E223DCAAC3C78BD86E098364C3
[2017-07-03 07:25:26][info] k:time_end=>20170703072525
[2017-07-03 07:25:26][info] k:total_fee=>214000
[2017-07-03 07:25:26][info] k:trade_type=>NATIVE
[2017-07-03 07:25:26][info] k:transaction_id=>4001222001201707038609516458
[2017-07-03 07:25:26][info] ----------------------------------------
[2017-07-03 07:25:26][info] XML_DATA222:{"appid":"wxefc029d4373dcac0","bank_type":"CCB_DEBIT","cash_fee":"2140.00","fee_type":"CNY","is_subscribe":"Y","mch_id":"1244967502","nonce_str":"6r5epol5spfxe7l1lvmg169bjopmf6m3","openid":"orYumuFH8jRdlyCOx8SBcURxHxj4","out_trade_no":"LX-17070213384820206-6","result_code":"SUCCESS","return_code":"SUCCESS","sign":"B77C12E223DCAAC3C78BD86E098364C3","time_end":"20170703072525","total_fee":"2140.00","trade_type":"NATIVE","transaction_id":"4001222001201707038609516458"}
[2017-07-03 07:25:27][warn] 数据存储成功，并成功返回记录编号17810！
[2017-07-03 07:25:37][info] ----------------------------------------
[2017-07-03 07:25:37][info] XML_DATA111:[{appid=>wxefc029d4373dcac0}{bank_type=>CCB_DEBIT}{cash_fee=>214000}{fee_type=>CNY}{is_subscribe=>Y}{mch_id=>1244967502}{nonce_str=>6r5epol5spfxe7l1lvmg169bjopmf6m3}{openid=>orYumuFH8jRdlyCOx8SBcURxHxj4}{out_trade_no=>LX-17070213384820206-6}{result_code=>SUCCESS}{return_code=>SUCCESS}{sign=>B77C12E223DCAAC3C78BD86E098364C3}{time_end=>20170703072525}{total_fee=>214000}{trade_type=>NATIVE}{transaction_id=>4001222001201707038609516458}]
[2017-07-03 07:25:37][info] k:appid=>wxefc029d4373dcac0
[2017-07-03 07:25:37][info] k:bank_type=>CCB_DEBIT
[2017-07-03 07:25:37][info] k:cash_fee=>214000
[2017-07-03 07:25:37][info] k:fee_type=>CNY
[2017-07-03 07:25:37][info] k:is_subscribe=>Y
[2017-07-03 07:25:37][info] k:mch_id=>1244967502
[2017-07-03 07:25:37][info] k:nonce_str=>6r5epol5spfxe7l1lvmg169bjopmf6m3
[2017-07-03 07:25:37][info] k:openid=>orYumuFH8jRdlyCOx8SBcURxHxj4
[2017-07-03 07:25:37][info] k:out_trade_no=>LX-17070213384820206-6
[2017-07-03 07:25:37][info] k:result_code=>SUCCESS
[2017-07-03 07:25:37][info] k:return_code=>SUCCESS
[2017-07-03 07:25:37][info] k:sign=>B77C12E223DCAAC3C78BD86E098364C3
[2017-07-03 07:25:37][info] k:time_end=>20170703072525
[2017-07-03 07:25:37][info] k:total_fee=>214000
[2017-07-03 07:25:37][info] k:trade_type=>NATIVE
[2017-07-03 07:25:37][info] k:transaction_id=>4001222001201707038609516458
[2017-07-03 07:25:37][info] ----------------------------------------
[2017-07-03 07:25:37][info] XML_DATA222:{"appid":"wxefc029d4373dcac0","bank_type":"CCB_DEBIT","cash_fee":"2140.00","fee_type":"CNY","is_subscribe":"Y","mch_id":"1244967502","nonce_str":"6r5epol5spfxe7l1lvmg169bjopmf6m3","openid":"orYumuFH8jRdlyCOx8SBcURxHxj4","out_trade_no":"LX-17070213384820206-6","result_code":"SUCCESS","return_code":"SUCCESS","sign":"B77C12E223DCAAC3C78BD86E098364C3","time_end":"20170703072525","total_fee":"2140.00","trade_type":"NATIVE","transaction_id":"4001222001201707038609516458"}
[2017-07-03 07:25:37][info] 收到重复信息，并处理反馈成功！
[2017-07-03 07:25:37][info] success
[2017-07-03 07:25:37][info] 写入结束!!!
[2017-07-03 12:17:22][info] ----------------------------------------
[2017-07-03 12:17:22][info] XML_DATA111:[{appid=>wxefc029d4373dcac0}{bank_type=>CFT}{cash_fee=>480000}{fee_type=>CNY}{is_subscribe=>Y}{mch_id=>1244967502}{nonce_str=>430ygux2g4qbe041macbji70zg1wygnk}{openid=>orYumuGBfbSZ6HLYVROLTKYGdUpI}{out_trade_no=>LX-170630224435601-9}{result_code=>SUCCESS}{return_code=>SUCCESS}{sign=>523E6391C30489F2185C392F78F88FC3}{time_end=>20170703121721}{total_fee=>480000}{trade_type=>NATIVE}{transaction_id=>4005132001201707038655649108}]
[2017-07-03 12:17:22][info] k:appid=>wxefc029d4373dcac0
[2017-07-03 12:17:22][info] k:bank_type=>CFT
[2017-07-03 12:17:22][info] k:cash_fee=>480000
[2017-07-03 12:17:22][info] k:fee_type=>CNY
[2017-07-03 12:17:22][info] k:is_subscribe=>Y
[2017-07-03 12:17:22][info] k:mch_id=>1244967502
[2017-07-03 12:17:22][info] k:nonce_str=>430ygux2g4qbe041macbji70zg1wygnk
[2017-07-03 12:17:22][info] k:openid=>orYumuGBfbSZ6HLYVROLTKYGdUpI
[2017-07-03 12:17:22][info] k:out_trade_no=>LX-170630224435601-9
[2017-07-03 12:17:22][info] k:result_code=>SUCCESS
[2017-07-03 12:17:22][info] k:return_code=>SUCCESS
[2017-07-03 12:17:22][info] k:sign=>523E6391C30489F2185C392F78F88FC3
[2017-07-03 12:17:22][info] k:time_end=>20170703121721
[2017-07-03 12:17:22][info] k:total_fee=>480000
[2017-07-03 12:17:22][info] k:trade_type=>NATIVE
[2017-07-03 12:17:22][info] k:transaction_id=>4005132001201707038655649108
[2017-07-03 12:17:22][info] ----------------------------------------
[2017-07-03 12:17:22][info] XML_DATA222:{"appid":"wxefc029d4373dcac0","bank_type":"CFT","cash_fee":"4800.00","fee_type":"CNY","is_subscribe":"Y","mch_id":"1244967502","nonce_str":"430ygux2g4qbe041macbji70zg1wygnk","openid":"orYumuGBfbSZ6HLYVROLTKYGdUpI","out_trade_no":"LX-170630224435601-9","result_code":"SUCCESS","return_code":"SUCCESS","sign":"523E6391C30489F2185C392F78F88FC3","time_end":"20170703121721","total_fee":"4800.00","trade_type":"NATIVE","transaction_id":"4005132001201707038655649108"}
[2017-07-03 12:17:22][warn] 数据存储成功，并成功返回记录编号17814！
[2017-07-03 12:17:32][info] ----------------------------------------
[2017-07-03 12:17:32][info] XML_DATA111:[{appid=>wxefc029d4373dcac0}{bank_type=>CFT}{cash_fee=>480000}{fee_type=>CNY}{is_subscribe=>Y}{mch_id=>1244967502}{nonce_str=>430ygux2g4qbe041macbji70zg1wygnk}{openid=>orYumuGBfbSZ6HLYVROLTKYGdUpI}{out_trade_no=>LX-170630224435601-9}{result_code=>SUCCESS}{return_code=>SUCCESS}{sign=>523E6391C30489F2185C392F78F88FC3}{time_end=>20170703121721}{total_fee=>480000}{trade_type=>NATIVE}{transaction_id=>4005132001201707038655649108}]
[2017-07-03 12:17:32][info] k:appid=>wxefc029d4373dcac0
[2017-07-03 12:17:32][info] k:bank_type=>CFT
[2017-07-03 12:17:32][info] k:cash_fee=>480000
[2017-07-03 12:17:32][info] k:fee_type=>CNY
[2017-07-03 12:17:32][info] k:is_subscribe=>Y
[2017-07-03 12:17:32][info] k:mch_id=>1244967502
[2017-07-03 12:17:32][info] k:nonce_str=>430ygux2g4qbe041macbji70zg1wygnk
[2017-07-03 12:17:32][info] k:openid=>orYumuGBfbSZ6HLYVROLTKYGdUpI
[2017-07-03 12:17:32][info] k:out_trade_no=>LX-170630224435601-9
[2017-07-03 12:17:32][info] k:result_code=>SUCCESS
[2017-07-03 12:17:32][info] k:return_code=>SUCCESS
[2017-07-03 12:17:32][info] k:sign=>523E6391C30489F2185C392F78F88FC3
[2017-07-03 12:17:32][info] k:time_end=>20170703121721
[2017-07-03 12:17:32][info] k:total_fee=>480000
[2017-07-03 12:17:32][info] k:trade_type=>NATIVE
[2017-07-03 12:17:32][info] k:transaction_id=>4005132001201707038655649108
[2017-07-03 12:17:32][info] ----------------------------------------
[2017-07-03 12:17:32][info] XML_DATA222:{"appid":"wxefc029d4373dcac0","bank_type":"CFT","cash_fee":"4800.00","fee_type":"CNY","is_subscribe":"Y","mch_id":"1244967502","nonce_str":"430ygux2g4qbe041macbji70zg1wygnk","openid":"orYumuGBfbSZ6HLYVROLTKYGdUpI","out_trade_no":"LX-170630224435601-9","result_code":"SUCCESS","return_code":"SUCCESS","sign":"523E6391C30489F2185C392F78F88FC3","time_end":"20170703121721","total_fee":"4800.00","trade_type":"NATIVE","transaction_id":"4005132001201707038655649108"}
[2017-07-03 12:17:32][info] 收到重复信息，并处理反馈成功！
[2017-07-03 12:17:32][info] success
[2017-07-03 12:17:32][info] 写入结束!!!
[2017-07-03 17:22:57][info] ----------------------------------------
[2017-07-03 17:22:57][info] XML_DATA111:[{appid=>wxefc029d4373dcac0}{bank_type=>CCB_DEBIT}{cash_fee=>756000}{fee_type=>CNY}{is_subscribe=>N}{mch_id=>1244967502}{nonce_str=>a1n6xubatb3qx9khf2snofked0esmexw}{openid=>orYumuBGHoyBqZbnm8DZNv1N7c8o}{out_trade_no=>LX-1707010016013006-c}{result_code=>SUCCESS}{return_code=>SUCCESS}{sign=>EC623C6F7C0888E8B495E59C9AEB4C22}{time_end=>20170703172256}{total_fee=>756000}{trade_type=>NATIVE}{transaction_id=>4002782001201707038707113527}]
[2017-07-03 17:22:57][info] k:appid=>wxefc029d4373dcac0
[2017-07-03 17:22:57][info] k:bank_type=>CCB_DEBIT
[2017-07-03 17:22:57][info] k:cash_fee=>756000
[2017-07-03 17:22:57][info] k:fee_type=>CNY
[2017-07-03 17:22:57][info] k:is_subscribe=>N
[2017-07-03 17:22:57][info] k:mch_id=>1244967502
[2017-07-03 17:22:57][info] k:nonce_str=>a1n6xubatb3qx9khf2snofked0esmexw
[2017-07-03 17:22:57][info] k:openid=>orYumuBGHoyBqZbnm8DZNv1N7c8o
[2017-07-03 17:22:57][info] k:out_trade_no=>LX-1707010016013006-c
[2017-07-03 17:22:57][info] k:result_code=>SUCCESS
[2017-07-03 17:22:57][info] k:return_code=>SUCCESS
[2017-07-03 17:22:57][info] k:sign=>EC623C6F7C0888E8B495E59C9AEB4C22
[2017-07-03 17:22:57][info] k:time_end=>20170703172256
[2017-07-03 17:22:57][info] k:total_fee=>756000
[2017-07-03 17:22:57][info] k:trade_type=>NATIVE
[2017-07-03 17:22:57][info] k:transaction_id=>4002782001201707038707113527
[2017-07-03 17:22:57][info] ----------------------------------------
[2017-07-03 17:22:57][info] XML_DATA222:{"appid":"wxefc029d4373dcac0","bank_type":"CCB_DEBIT","cash_fee":"7560.00","fee_type":"CNY","is_subscribe":"N","mch_id":"1244967502","nonce_str":"a1n6xubatb3qx9khf2snofked0esmexw","openid":"orYumuBGHoyBqZbnm8DZNv1N7c8o","out_trade_no":"LX-1707010016013006-c","result_code":"SUCCESS","return_code":"SUCCESS","sign":"EC623C6F7C0888E8B495E59C9AEB4C22","time_end":"20170703172256","total_fee":"7560.00","trade_type":"NATIVE","transaction_id":"4002782001201707038707113527"}
[2017-07-03 17:22:57][warn] 数据存储成功，并成功返回记录编号17819！
[2017-07-03 17:23:07][info] ----------------------------------------
[2017-07-03 17:23:07][info] XML_DATA111:[{appid=>wxefc029d4373dcac0}{bank_type=>CCB_DEBIT}{cash_fee=>756000}{fee_type=>CNY}{is_subscribe=>N}{mch_id=>1244967502}{nonce_str=>a1n6xubatb3qx9khf2snofked0esmexw}{openid=>orYumuBGHoyBqZbnm8DZNv1N7c8o}{out_trade_no=>LX-1707010016013006-c}{result_code=>SUCCESS}{return_code=>SUCCESS}{sign=>EC623C6F7C0888E8B495E59C9AEB4C22}{time_end=>20170703172256}{total_fee=>756000}{trade_type=>NATIVE}{transaction_id=>4002782001201707038707113527}]
[2017-07-03 17:23:07][info] k:appid=>wxefc029d4373dcac0
[2017-07-03 17:23:07][info] k:bank_type=>CCB_DEBIT
[2017-07-03 17:23:07][info] k:cash_fee=>756000
[2017-07-03 17:23:07][info] k:fee_type=>CNY
[2017-07-03 17:23:07][info] k:is_subscribe=>N
[2017-07-03 17:23:07][info] k:mch_id=>1244967502
[2017-07-03 17:23:07][info] k:nonce_str=>a1n6xubatb3qx9khf2snofked0esmexw
[2017-07-03 17:23:07][info] k:openid=>orYumuBGHoyBqZbnm8DZNv1N7c8o
[2017-07-03 17:23:07][info] k:out_trade_no=>LX-1707010016013006-c
[2017-07-03 17:23:07][info] k:result_code=>SUCCESS
[2017-07-03 17:23:07][info] k:return_code=>SUCCESS
[2017-07-03 17:23:07][info] k:sign=>EC623C6F7C0888E8B495E59C9AEB4C22
[2017-07-03 17:23:07][info] k:time_end=>20170703172256
[2017-07-03 17:23:07][info] k:total_fee=>756000
[2017-07-03 17:23:07][info] k:trade_type=>NATIVE
[2017-07-03 17:23:07][info] k:transaction_id=>4002782001201707038707113527
[2017-07-03 17:23:07][info] ----------------------------------------
[2017-07-03 17:23:07][info] XML_DATA222:{"appid":"wxefc029d4373dcac0","bank_type":"CCB_DEBIT","cash_fee":"7560.00","fee_type":"CNY","is_subscribe":"N","mch_id":"1244967502","nonce_str":"a1n6xubatb3qx9khf2snofked0esmexw","openid":"orYumuBGHoyBqZbnm8DZNv1N7c8o","out_trade_no":"LX-1707010016013006-c","result_code":"SUCCESS","return_code":"SUCCESS","sign":"EC623C6F7C0888E8B495E59C9AEB4C22","time_end":"20170703172256","total_fee":"7560.00","trade_type":"NATIVE","transaction_id":"4002782001201707038707113527"}
[2017-07-03 17:23:08][info] 收到重复信息，并处理反馈成功！
[2017-07-03 17:23:08][info] success
[2017-07-03 17:23:08][info] 写入结束!!!
[2017-07-03 19:25:33][info] ----------------------------------------
[2017-07-03 19:25:33][info] XML_DATA111:[{appid=>wxefc029d4373dcac0}{bank_type=>CFT}{cash_fee=>160000}{fee_type=>CNY}{is_subscribe=>Y}{mch_id=>1244967502}{nonce_str=>aylabvdw7qotau20f4b6oyjmsjovxc41}{openid=>orYumuGBfbSZ6HLYVROLTKYGdUpI}{out_trade_no=>LX-17070315223576701-5}{result_code=>SUCCESS}{return_code=>SUCCESS}{sign=>20A82C2A877C2F381527A30C5BFD1367}{time_end=>20170703192533}{total_fee=>160000}{trade_type=>NATIVE}{transaction_id=>4005132001201707038730568130}]
[2017-07-03 19:25:33][info] k:appid=>wxefc029d4373dcac0
[2017-07-03 19:25:33][info] k:bank_type=>CFT
[2017-07-03 19:25:33][info] k:cash_fee=>160000
[2017-07-03 19:25:33][info] k:fee_type=>CNY
[2017-07-03 19:25:33][info] k:is_subscribe=>Y
[2017-07-03 19:25:33][info] k:mch_id=>1244967502
[2017-07-03 19:25:33][info] k:nonce_str=>aylabvdw7qotau20f4b6oyjmsjovxc41
[2017-07-03 19:25:33][info] k:openid=>orYumuGBfbSZ6HLYVROLTKYGdUpI
[2017-07-03 19:25:33][info] k:out_trade_no=>LX-17070315223576701-5
[2017-07-03 19:25:33][info] k:result_code=>SUCCESS
[2017-07-03 19:25:33][info] k:return_code=>SUCCESS
[2017-07-03 19:25:33][info] k:sign=>20A82C2A877C2F381527A30C5BFD1367
[2017-07-03 19:25:33][info] k:time_end=>20170703192533
[2017-07-03 19:25:33][info] k:total_fee=>160000
[2017-07-03 19:25:33][info] k:trade_type=>NATIVE
[2017-07-03 19:25:33][info] k:transaction_id=>4005132001201707038730568130
[2017-07-03 19:25:33][info] ----------------------------------------
[2017-07-03 19:25:33][info] XML_DATA222:{"appid":"wxefc029d4373dcac0","bank_type":"CFT","cash_fee":"1600.00","fee_type":"CNY","is_subscribe":"Y","mch_id":"1244967502","nonce_str":"aylabvdw7qotau20f4b6oyjmsjovxc41","openid":"orYumuGBfbSZ6HLYVROLTKYGdUpI","out_trade_no":"LX-17070315223576701-5","result_code":"SUCCESS","return_code":"SUCCESS","sign":"20A82C2A877C2F381527A30C5BFD1367","time_end":"20170703192533","total_fee":"1600.00","trade_type":"NATIVE","transaction_id":"4005132001201707038730568130"}
[2017-07-03 19:25:34][warn] 数据存储成功，并成功返回记录编号17822！
[2017-07-03 19:25:45][info] ----------------------------------------
[2017-07-03 19:25:45][info] XML_DATA111:[{appid=>wxefc029d4373dcac0}{bank_type=>CFT}{cash_fee=>160000}{fee_type=>CNY}{is_subscribe=>Y}{mch_id=>1244967502}{nonce_str=>aylabvdw7qotau20f4b6oyjmsjovxc41}{openid=>orYumuGBfbSZ6HLYVROLTKYGdUpI}{out_trade_no=>LX-17070315223576701-5}{result_code=>SUCCESS}{return_code=>SUCCESS}{sign=>20A82C2A877C2F381527A30C5BFD1367}{time_end=>20170703192533}{total_fee=>160000}{trade_type=>NATIVE}{transaction_id=>4005132001201707038730568130}]
[2017-07-03 19:25:45][info] k:appid=>wxefc029d4373dcac0
[2017-07-03 19:25:45][info] k:bank_type=>CFT
[2017-07-03 19:25:45][info] k:cash_fee=>160000
[2017-07-03 19:25:45][info] k:fee_type=>CNY
[2017-07-03 19:25:45][info] k:is_subscribe=>Y
[2017-07-03 19:25:45][info] k:mch_id=>1244967502
[2017-07-03 19:25:45][info] k:nonce_str=>aylabvdw7qotau20f4b6oyjmsjovxc41
[2017-07-03 19:25:45][info] k:openid=>orYumuGBfbSZ6HLYVROLTKYGdUpI
[2017-07-03 19:25:45][info] k:out_trade_no=>LX-17070315223576701-5
[2017-07-03 19:25:45][info] k:result_code=>SUCCESS
[2017-07-03 19:25:45][info] k:return_code=>SUCCESS
[2017-07-03 19:25:45][info] k:sign=>20A82C2A877C2F381527A30C5BFD1367
[2017-07-03 19:25:45][info] k:time_end=>20170703192533
[2017-07-03 19:25:45][info] k:total_fee=>160000
[2017-07-03 19:25:45][info] k:trade_type=>NATIVE
[2017-07-03 19:25:45][info] k:transaction_id=>4005132001201707038730568130
[2017-07-03 19:25:45][info] ----------------------------------------
[2017-07-03 19:25:45][info] XML_DATA222:{"appid":"wxefc029d4373dcac0","bank_type":"CFT","cash_fee":"1600.00","fee_type":"CNY","is_subscribe":"Y","mch_id":"1244967502","nonce_str":"aylabvdw7qotau20f4b6oyjmsjovxc41","openid":"orYumuGBfbSZ6HLYVROLTKYGdUpI","out_trade_no":"LX-17070315223576701-5","result_code":"SUCCESS","return_code":"SUCCESS","sign":"20A82C2A877C2F381527A30C5BFD1367","time_end":"20170703192533","total_fee":"1600.00","trade_type":"NATIVE","transaction_id":"4005132001201707038730568130"}
[2017-07-03 19:25:45][info] 收到重复信息，并处理反馈成功！
[2017-07-03 19:25:45][info] success
[2017-07-03 19:25:45][info] 写入结束!!!
