[2017-07-21 06:59:31][info] ----------------------------------------
[2017-07-21 06:59:31][info] XML_DATA111:[{appid=>wxefc029d4373dcac0}{bank_type=>GDB_DEBIT}{cash_fee=>538000}{fee_type=>CNY}{is_subscribe=>N}{mch_id=>1244967502}{nonce_str=>wyhddhi45356diakberqqybeclt5emaq}{openid=>orYumuA8JmcLu6fGbBQ7HSYEgb_U}{out_trade_no=>LX-17070921513721501-d}{result_code=>SUCCESS}{return_code=>SUCCESS}{sign=>4FA11C8A4C4FB65ECA0C8AAFF56AD864}{time_end=>20170721065930}{total_fee=>538000}{trade_type=>NATIVE}{transaction_id=>4002882001201707211837695934}]
[2017-07-21 06:59:31][info] k:appid=>wxefc029d4373dcac0
[2017-07-21 06:59:31][info] k:bank_type=>GDB_DEBIT
[2017-07-21 06:59:31][info] k:cash_fee=>538000
[2017-07-21 06:59:31][info] k:fee_type=>CNY
[2017-07-21 06:59:31][info] k:is_subscribe=>N
[2017-07-21 06:59:31][info] k:mch_id=>1244967502
[2017-07-21 06:59:31][info] k:nonce_str=>wyhddhi45356diakberqqybeclt5emaq
[2017-07-21 06:59:31][info] k:openid=>orYumuA8JmcLu6fGbBQ7HSYEgb_U
[2017-07-21 06:59:31][info] k:out_trade_no=>LX-17070921513721501-d
[2017-07-21 06:59:31][info] k:result_code=>SUCCESS
[2017-07-21 06:59:31][info] k:return_code=>SUCCESS
[2017-07-21 06:59:31][info] k:sign=>4FA11C8A4C4FB65ECA0C8AAFF56AD864
[2017-07-21 06:59:31][info] k:time_end=>20170721065930
[2017-07-21 06:59:31][info] k:total_fee=>538000
[2017-07-21 06:59:31][info] k:trade_type=>NATIVE
[2017-07-21 06:59:31][info] k:transaction_id=>4002882001201707211837695934
[2017-07-21 06:59:31][info] ----------------------------------------
[2017-07-21 06:59:31][info] XML_DATA222:{"appid":"wxefc029d4373dcac0","bank_type":"GDB_DEBIT","cash_fee":"5380.00","fee_type":"CNY","is_subscribe":"N","mch_id":"1244967502","nonce_str":"wyhddhi45356diakberqqybeclt5emaq","openid":"orYumuA8JmcLu6fGbBQ7HSYEgb_U","out_trade_no":"LX-17070921513721501-d","result_code":"SUCCESS","return_code":"SUCCESS","sign":"4FA11C8A4C4FB65ECA0C8AAFF56AD864","time_end":"20170721065930","total_fee":"5380.00","trade_type":"NATIVE","transaction_id":"4002882001201707211837695934"}
[2017-07-21 06:59:31][warn] 数据存储成功，并成功返回记录编号18157！
[2017-07-21 06:59:44][info] ----------------------------------------
[2017-07-21 06:59:44][info] XML_DATA111:[{appid=>wxefc029d4373dcac0}{bank_type=>GDB_DEBIT}{cash_fee=>538000}{fee_type=>CNY}{is_subscribe=>N}{mch_id=>1244967502}{nonce_str=>wyhddhi45356diakberqqybeclt5emaq}{openid=>orYumuA8JmcLu6fGbBQ7HSYEgb_U}{out_trade_no=>LX-17070921513721501-d}{result_code=>SUCCESS}{return_code=>SUCCESS}{sign=>4FA11C8A4C4FB65ECA0C8AAFF56AD864}{time_end=>20170721065930}{total_fee=>538000}{trade_type=>NATIVE}{transaction_id=>4002882001201707211837695934}]
[2017-07-21 06:59:44][info] k:appid=>wxefc029d4373dcac0
[2017-07-21 06:59:44][info] k:bank_type=>GDB_DEBIT
[2017-07-21 06:59:44][info] k:cash_fee=>538000
[2017-07-21 06:59:44][info] k:fee_type=>CNY
[2017-07-21 06:59:44][info] k:is_subscribe=>N
[2017-07-21 06:59:44][info] k:mch_id=>1244967502
[2017-07-21 06:59:44][info] k:nonce_str=>wyhddhi45356diakberqqybeclt5emaq
[2017-07-21 06:59:44][info] k:openid=>orYumuA8JmcLu6fGbBQ7HSYEgb_U
[2017-07-21 06:59:44][info] k:out_trade_no=>LX-17070921513721501-d
[2017-07-21 06:59:44][info] k:result_code=>SUCCESS
[2017-07-21 06:59:44][info] k:return_code=>SUCCESS
[2017-07-21 06:59:44][info] k:sign=>4FA11C8A4C4FB65ECA0C8AAFF56AD864
[2017-07-21 06:59:44][info] k:time_end=>20170721065930
[2017-07-21 06:59:44][info] k:total_fee=>538000
[2017-07-21 06:59:44][info] k:trade_type=>NATIVE
[2017-07-21 06:59:44][info] k:transaction_id=>4002882001201707211837695934
[2017-07-21 06:59:44][info] ----------------------------------------
[2017-07-21 06:59:44][info] XML_DATA222:{"appid":"wxefc029d4373dcac0","bank_type":"GDB_DEBIT","cash_fee":"5380.00","fee_type":"CNY","is_subscribe":"N","mch_id":"1244967502","nonce_str":"wyhddhi45356diakberqqybeclt5emaq","openid":"orYumuA8JmcLu6fGbBQ7HSYEgb_U","out_trade_no":"LX-17070921513721501-d","result_code":"SUCCESS","return_code":"SUCCESS","sign":"4FA11C8A4C4FB65ECA0C8AAFF56AD864","time_end":"20170721065930","total_fee":"5380.00","trade_type":"NATIVE","transaction_id":"4002882001201707211837695934"}
[2017-07-21 06:59:45][info] 收到重复信息，并处理反馈成功！
[2017-07-21 06:59:45][info] success
[2017-07-21 06:59:45][info] 写入结束!!!
[2017-07-21 10:23:25][info] ----------------------------------------
[2017-07-21 10:23:25][info] XML_DATA111:[{appid=>wxefc029d4373dcac0}{bank_type=>CFT}{cash_fee=>338500}{fee_type=>CNY}{is_subscribe=>N}{mch_id=>1244967502}{nonce_str=>w3ksk7j4c3i4p8x6d8eibymicdi8owwq}{openid=>orYumuLCUuU4bIFk92RlUYec-uDU}{out_trade_no=>LX-1707180945419301-4}{result_code=>SUCCESS}{return_code=>SUCCESS}{sign=>D3DA061FDA2B542B28132158DB6FE73B}{time_end=>20170721102324}{total_fee=>338500}{trade_type=>NATIVE}{transaction_id=>4009312001201707211857606413}]
[2017-07-21 10:23:25][info] k:appid=>wxefc029d4373dcac0
[2017-07-21 10:23:25][info] k:bank_type=>CFT
[2017-07-21 10:23:25][info] k:cash_fee=>338500
[2017-07-21 10:23:25][info] k:fee_type=>CNY
[2017-07-21 10:23:25][info] k:is_subscribe=>N
[2017-07-21 10:23:25][info] k:mch_id=>1244967502
[2017-07-21 10:23:25][info] k:nonce_str=>w3ksk7j4c3i4p8x6d8eibymicdi8owwq
[2017-07-21 10:23:25][info] k:openid=>orYumuLCUuU4bIFk92RlUYec-uDU
[2017-07-21 10:23:25][info] k:out_trade_no=>LX-1707180945419301-4
[2017-07-21 10:23:25][info] k:result_code=>SUCCESS
[2017-07-21 10:23:25][info] k:return_code=>SUCCESS
[2017-07-21 10:23:25][info] k:sign=>D3DA061FDA2B542B28132158DB6FE73B
[2017-07-21 10:23:25][info] k:time_end=>20170721102324
[2017-07-21 10:23:25][info] k:total_fee=>338500
[2017-07-21 10:23:25][info] k:trade_type=>NATIVE
[2017-07-21 10:23:25][info] k:transaction_id=>4009312001201707211857606413
[2017-07-21 10:23:25][info] ----------------------------------------
[2017-07-21 10:23:25][info] XML_DATA222:{"appid":"wxefc029d4373dcac0","bank_type":"CFT","cash_fee":"3385.00","fee_type":"CNY","is_subscribe":"N","mch_id":"1244967502","nonce_str":"w3ksk7j4c3i4p8x6d8eibymicdi8owwq","openid":"orYumuLCUuU4bIFk92RlUYec-uDU","out_trade_no":"LX-1707180945419301-4","result_code":"SUCCESS","return_code":"SUCCESS","sign":"D3DA061FDA2B542B28132158DB6FE73B","time_end":"20170721102324","total_fee":"3385.00","trade_type":"NATIVE","transaction_id":"4009312001201707211857606413"}
[2017-07-21 10:23:25][warn] 数据存储成功，并成功返回记录编号18159！
[2017-07-21 10:23:39][info] ----------------------------------------
[2017-07-21 10:23:39][info] XML_DATA111:[{appid=>wxefc029d4373dcac0}{bank_type=>CFT}{cash_fee=>338500}{fee_type=>CNY}{is_subscribe=>N}{mch_id=>1244967502}{nonce_str=>w3ksk7j4c3i4p8x6d8eibymicdi8owwq}{openid=>orYumuLCUuU4bIFk92RlUYec-uDU}{out_trade_no=>LX-1707180945419301-4}{result_code=>SUCCESS}{return_code=>SUCCESS}{sign=>D3DA061FDA2B542B28132158DB6FE73B}{time_end=>20170721102324}{total_fee=>338500}{trade_type=>NATIVE}{transaction_id=>4009312001201707211857606413}]
[2017-07-21 10:23:39][info] k:appid=>wxefc029d4373dcac0
[2017-07-21 10:23:39][info] k:bank_type=>CFT
[2017-07-21 10:23:39][info] k:cash_fee=>338500
[2017-07-21 10:23:39][info] k:fee_type=>CNY
[2017-07-21 10:23:39][info] k:is_subscribe=>N
[2017-07-21 10:23:39][info] k:mch_id=>1244967502
[2017-07-21 10:23:39][info] k:nonce_str=>w3ksk7j4c3i4p8x6d8eibymicdi8owwq
[2017-07-21 10:23:39][info] k:openid=>orYumuLCUuU4bIFk92RlUYec-uDU
[2017-07-21 10:23:39][info] k:out_trade_no=>LX-1707180945419301-4
[2017-07-21 10:23:39][info] k:result_code=>SUCCESS
[2017-07-21 10:23:39][info] k:return_code=>SUCCESS
[2017-07-21 10:23:39][info] k:sign=>D3DA061FDA2B542B28132158DB6FE73B
[2017-07-21 10:23:39][info] k:time_end=>20170721102324
[2017-07-21 10:23:39][info] k:total_fee=>338500
[2017-07-21 10:23:39][info] k:trade_type=>NATIVE
[2017-07-21 10:23:39][info] k:transaction_id=>4009312001201707211857606413
[2017-07-21 10:23:39][info] ----------------------------------------
[2017-07-21 10:23:39][info] XML_DATA222:{"appid":"wxefc029d4373dcac0","bank_type":"CFT","cash_fee":"3385.00","fee_type":"CNY","is_subscribe":"N","mch_id":"1244967502","nonce_str":"w3ksk7j4c3i4p8x6d8eibymicdi8owwq","openid":"orYumuLCUuU4bIFk92RlUYec-uDU","out_trade_no":"LX-1707180945419301-4","result_code":"SUCCESS","return_code":"SUCCESS","sign":"D3DA061FDA2B542B28132158DB6FE73B","time_end":"20170721102324","total_fee":"3385.00","trade_type":"NATIVE","transaction_id":"4009312001201707211857606413"}
[2017-07-21 10:23:39][info] 收到重复信息，并处理反馈成功！
[2017-07-21 10:23:39][info] success
[2017-07-21 10:23:39][info] 写入结束!!!
[2017-07-21 15:07:59][info] ----------------------------------------
[2017-07-21 15:07:59][info] XML_DATA111:[{appid=>wxefc029d4373dcac0}{bank_type=>BOC_DEBIT}{cash_fee=>328000}{fee_type=>CNY}{is_subscribe=>N}{mch_id=>1244967502}{nonce_str=>7cbskxlul6it8k1643zo3dq0glactet8}{openid=>orYumuAseSPSnWEs6IX1mUk9gJlo}{out_trade_no=>LX-1707211442092501-7}{result_code=>SUCCESS}{return_code=>SUCCESS}{sign=>557C661EF9FE2CB179CC33C9BEEB9B8B}{time_end=>20170721150758}{total_fee=>328000}{trade_type=>NATIVE}{transaction_id=>4004472001201707211905088142}]
[2017-07-21 15:07:59][info] k:appid=>wxefc029d4373dcac0
[2017-07-21 15:07:59][info] k:bank_type=>BOC_DEBIT
[2017-07-21 15:07:59][info] k:cash_fee=>328000
[2017-07-21 15:07:59][info] k:fee_type=>CNY
[2017-07-21 15:07:59][info] k:is_subscribe=>N
[2017-07-21 15:07:59][info] k:mch_id=>1244967502
[2017-07-21 15:07:59][info] k:nonce_str=>7cbskxlul6it8k1643zo3dq0glactet8
[2017-07-21 15:07:59][info] k:openid=>orYumuAseSPSnWEs6IX1mUk9gJlo
[2017-07-21 15:07:59][info] k:out_trade_no=>LX-1707211442092501-7
[2017-07-21 15:07:59][info] k:result_code=>SUCCESS
[2017-07-21 15:07:59][info] k:return_code=>SUCCESS
[2017-07-21 15:07:59][info] k:sign=>557C661EF9FE2CB179CC33C9BEEB9B8B
[2017-07-21 15:07:59][info] k:time_end=>20170721150758
[2017-07-21 15:07:59][info] k:total_fee=>328000
[2017-07-21 15:07:59][info] k:trade_type=>NATIVE
[2017-07-21 15:07:59][info] k:transaction_id=>4004472001201707211905088142
[2017-07-21 15:07:59][info] ----------------------------------------
[2017-07-21 15:07:59][info] XML_DATA222:{"appid":"wxefc029d4373dcac0","bank_type":"BOC_DEBIT","cash_fee":"3280.00","fee_type":"CNY","is_subscribe":"N","mch_id":"1244967502","nonce_str":"7cbskxlul6it8k1643zo3dq0glactet8","openid":"orYumuAseSPSnWEs6IX1mUk9gJlo","out_trade_no":"LX-1707211442092501-7","result_code":"SUCCESS","return_code":"SUCCESS","sign":"557C661EF9FE2CB179CC33C9BEEB9B8B","time_end":"20170721150758","total_fee":"3280.00","trade_type":"NATIVE","transaction_id":"4004472001201707211905088142"}
[2017-07-21 15:07:59][warn] 数据存储成功，并成功返回记录编号18168！
[2017-07-21 15:08:14][info] ----------------------------------------
[2017-07-21 15:08:14][info] XML_DATA111:[{appid=>wxefc029d4373dcac0}{bank_type=>BOC_DEBIT}{cash_fee=>328000}{fee_type=>CNY}{is_subscribe=>N}{mch_id=>1244967502}{nonce_str=>7cbskxlul6it8k1643zo3dq0glactet8}{openid=>orYumuAseSPSnWEs6IX1mUk9gJlo}{out_trade_no=>LX-1707211442092501-7}{result_code=>SUCCESS}{return_code=>SUCCESS}{sign=>557C661EF9FE2CB179CC33C9BEEB9B8B}{time_end=>20170721150758}{total_fee=>328000}{trade_type=>NATIVE}{transaction_id=>4004472001201707211905088142}]
[2017-07-21 15:08:14][info] k:appid=>wxefc029d4373dcac0
[2017-07-21 15:08:14][info] k:bank_type=>BOC_DEBIT
[2017-07-21 15:08:14][info] k:cash_fee=>328000
[2017-07-21 15:08:14][info] k:fee_type=>CNY
[2017-07-21 15:08:14][info] k:is_subscribe=>N
[2017-07-21 15:08:14][info] k:mch_id=>1244967502
[2017-07-21 15:08:14][info] k:nonce_str=>7cbskxlul6it8k1643zo3dq0glactet8
[2017-07-21 15:08:14][info] k:openid=>orYumuAseSPSnWEs6IX1mUk9gJlo
[2017-07-21 15:08:14][info] k:out_trade_no=>LX-1707211442092501-7
[2017-07-21 15:08:14][info] k:result_code=>SUCCESS
[2017-07-21 15:08:14][info] k:return_code=>SUCCESS
[2017-07-21 15:08:14][info] k:sign=>557C661EF9FE2CB179CC33C9BEEB9B8B
[2017-07-21 15:08:14][info] k:time_end=>20170721150758
[2017-07-21 15:08:14][info] k:total_fee=>328000
[2017-07-21 15:08:14][info] k:trade_type=>NATIVE
[2017-07-21 15:08:14][info] k:transaction_id=>4004472001201707211905088142
[2017-07-21 15:08:14][info] ----------------------------------------
[2017-07-21 15:08:14][info] XML_DATA222:{"appid":"wxefc029d4373dcac0","bank_type":"BOC_DEBIT","cash_fee":"3280.00","fee_type":"CNY","is_subscribe":"N","mch_id":"1244967502","nonce_str":"7cbskxlul6it8k1643zo3dq0glactet8","openid":"orYumuAseSPSnWEs6IX1mUk9gJlo","out_trade_no":"LX-1707211442092501-7","result_code":"SUCCESS","return_code":"SUCCESS","sign":"557C661EF9FE2CB179CC33C9BEEB9B8B","time_end":"20170721150758","total_fee":"3280.00","trade_type":"NATIVE","transaction_id":"4004472001201707211905088142"}
[2017-07-21 15:08:14][info] 收到重复信息，并处理反馈成功！
[2017-07-21 15:08:14][info] success
[2017-07-21 15:08:14][info] 写入结束!!!
[2017-07-21 20:07:06][info] ----------------------------------------
[2017-07-21 20:07:06][info] XML_DATA111:[{appid=>wxefc029d4373dcac0}{bank_type=>PAB_CREDIT}{cash_fee=>849000}{fee_type=>CNY}{is_subscribe=>N}{mch_id=>1244967502}{nonce_str=>kf6lf0rub2ld46rg2wvb3u2vsrmiqf2b}{openid=>orYumuH6K3dJBxUNc_9RGkoYWDn4}{out_trade_no=>LX-17070112445527206-f}{result_code=>SUCCESS}{return_code=>SUCCESS}{sign=>C7D04A1EF01F0B2A1A53048ACC533F0E}{time_end=>20170721200705}{total_fee=>849000}{trade_type=>NATIVE}{transaction_id=>4005122001201707211956827422}]
[2017-07-21 20:07:06][info] k:appid=>wxefc029d4373dcac0
[2017-07-21 20:07:06][info] k:bank_type=>PAB_CREDIT
[2017-07-21 20:07:06][info] k:cash_fee=>849000
[2017-07-21 20:07:06][info] k:fee_type=>CNY
[2017-07-21 20:07:06][info] k:is_subscribe=>N
[2017-07-21 20:07:06][info] k:mch_id=>1244967502
[2017-07-21 20:07:06][info] k:nonce_str=>kf6lf0rub2ld46rg2wvb3u2vsrmiqf2b
[2017-07-21 20:07:06][info] k:openid=>orYumuH6K3dJBxUNc_9RGkoYWDn4
[2017-07-21 20:07:06][info] k:out_trade_no=>LX-17070112445527206-f
[2017-07-21 20:07:06][info] k:result_code=>SUCCESS
[2017-07-21 20:07:06][info] k:return_code=>SUCCESS
[2017-07-21 20:07:06][info] k:sign=>C7D04A1EF01F0B2A1A53048ACC533F0E
[2017-07-21 20:07:06][info] k:time_end=>20170721200705
[2017-07-21 20:07:06][info] k:total_fee=>849000
[2017-07-21 20:07:06][info] k:trade_type=>NATIVE
[2017-07-21 20:07:06][info] k:transaction_id=>4005122001201707211956827422
[2017-07-21 20:07:06][info] ----------------------------------------
[2017-07-21 20:07:06][info] XML_DATA222:{"appid":"wxefc029d4373dcac0","bank_type":"PAB_CREDIT","cash_fee":"8490.00","fee_type":"CNY","is_subscribe":"N","mch_id":"1244967502","nonce_str":"kf6lf0rub2ld46rg2wvb3u2vsrmiqf2b","openid":"orYumuH6K3dJBxUNc_9RGkoYWDn4","out_trade_no":"LX-17070112445527206-f","result_code":"SUCCESS","return_code":"SUCCESS","sign":"C7D04A1EF01F0B2A1A53048ACC533F0E","time_end":"20170721200705","total_fee":"8490.00","trade_type":"NATIVE","transaction_id":"4005122001201707211956827422"}
[2017-07-21 20:07:06][warn] 数据存储成功，并成功返回记录编号18176！
[2017-07-21 20:07:19][info] ----------------------------------------
[2017-07-21 20:07:19][info] XML_DATA111:[{appid=>wxefc029d4373dcac0}{bank_type=>PAB_CREDIT}{cash_fee=>849000}{fee_type=>CNY}{is_subscribe=>N}{mch_id=>1244967502}{nonce_str=>kf6lf0rub2ld46rg2wvb3u2vsrmiqf2b}{openid=>orYumuH6K3dJBxUNc_9RGkoYWDn4}{out_trade_no=>LX-17070112445527206-f}{result_code=>SUCCESS}{return_code=>SUCCESS}{sign=>C7D04A1EF01F0B2A1A53048ACC533F0E}{time_end=>20170721200705}{total_fee=>849000}{trade_type=>NATIVE}{transaction_id=>4005122001201707211956827422}]
[2017-07-21 20:07:19][info] k:appid=>wxefc029d4373dcac0
[2017-07-21 20:07:19][info] k:bank_type=>PAB_CREDIT
[2017-07-21 20:07:19][info] k:cash_fee=>849000
[2017-07-21 20:07:19][info] k:fee_type=>CNY
[2017-07-21 20:07:19][info] k:is_subscribe=>N
[2017-07-21 20:07:19][info] k:mch_id=>1244967502
[2017-07-21 20:07:19][info] k:nonce_str=>kf6lf0rub2ld46rg2wvb3u2vsrmiqf2b
[2017-07-21 20:07:19][info] k:openid=>orYumuH6K3dJBxUNc_9RGkoYWDn4
[2017-07-21 20:07:19][info] k:out_trade_no=>LX-17070112445527206-f
[2017-07-21 20:07:19][info] k:result_code=>SUCCESS
[2017-07-21 20:07:19][info] k:return_code=>SUCCESS
[2017-07-21 20:07:19][info] k:sign=>C7D04A1EF01F0B2A1A53048ACC533F0E
[2017-07-21 20:07:19][info] k:time_end=>20170721200705
[2017-07-21 20:07:19][info] k:total_fee=>849000
[2017-07-21 20:07:19][info] k:trade_type=>NATIVE
[2017-07-21 20:07:19][info] k:transaction_id=>4005122001201707211956827422
[2017-07-21 20:07:19][info] ----------------------------------------
[2017-07-21 20:07:19][info] XML_DATA222:{"appid":"wxefc029d4373dcac0","bank_type":"PAB_CREDIT","cash_fee":"8490.00","fee_type":"CNY","is_subscribe":"N","mch_id":"1244967502","nonce_str":"kf6lf0rub2ld46rg2wvb3u2vsrmiqf2b","openid":"orYumuH6K3dJBxUNc_9RGkoYWDn4","out_trade_no":"LX-17070112445527206-f","result_code":"SUCCESS","return_code":"SUCCESS","sign":"C7D04A1EF01F0B2A1A53048ACC533F0E","time_end":"20170721200705","total_fee":"8490.00","trade_type":"NATIVE","transaction_id":"4005122001201707211956827422"}
[2017-07-21 20:07:19][info] 收到重复信息，并处理反馈成功！
[2017-07-21 20:07:19][info] success
[2017-07-21 20:07:19][info] 写入结束!!!
