[2017-09-07 08:58:27][info] ----------------------------------------
[2017-09-07 08:58:27][info] XML_DATA111:[{appid=>wxefc029d4373dcac0}{bank_type=>ICBC_DEBIT}{cash_fee=>420000}{fee_type=>CNY}{is_subscribe=>Y}{mch_id=>1244967502}{nonce_str=>u81lp2p7507t0wnhpfqhdhm0vtmjo1fl}{openid=>orYumuAwba-aHwuIfl00X2ZiAO7Q}{out_trade_no=>LX-17071019313177706-8}{result_code=>SUCCESS}{return_code=>SUCCESS}{sign=>514EF947ACB7B5200176FEF92B4FCEC8}{time_end=>20170907085827}{total_fee=>420000}{trade_type=>NATIVE}{transaction_id=>4003472001201709070666511136}]
[2017-09-07 08:58:27][info] k:appid=>wxefc029d4373dcac0
[2017-09-07 08:58:27][info] k:bank_type=>ICBC_DEBIT
[2017-09-07 08:58:27][info] k:cash_fee=>420000
[2017-09-07 08:58:27][info] k:fee_type=>CNY
[2017-09-07 08:58:27][info] k:is_subscribe=>Y
[2017-09-07 08:58:27][info] k:mch_id=>1244967502
[2017-09-07 08:58:27][info] k:nonce_str=>u81lp2p7507t0wnhpfqhdhm0vtmjo1fl
[2017-09-07 08:58:27][info] k:openid=>orYumuAwba-aHwuIfl00X2ZiAO7Q
[2017-09-07 08:58:27][info] k:out_trade_no=>LX-17071019313177706-8
[2017-09-07 08:58:27][info] k:result_code=>SUCCESS
[2017-09-07 08:58:27][info] k:return_code=>SUCCESS
[2017-09-07 08:58:27][info] k:sign=>514EF947ACB7B5200176FEF92B4FCEC8
[2017-09-07 08:58:27][info] k:time_end=>20170907085827
[2017-09-07 08:58:27][info] k:total_fee=>420000
[2017-09-07 08:58:27][info] k:trade_type=>NATIVE
[2017-09-07 08:58:27][info] k:transaction_id=>4003472001201709070666511136
[2017-09-07 08:58:27][info] ----------------------------------------
[2017-09-07 08:58:27][info] XML_DATA222:{"appid":"wxefc029d4373dcac0","bank_type":"ICBC_DEBIT","cash_fee":"4200.00","fee_type":"CNY","is_subscribe":"Y","mch_id":"1244967502","nonce_str":"u81lp2p7507t0wnhpfqhdhm0vtmjo1fl","openid":"orYumuAwba-aHwuIfl00X2ZiAO7Q","out_trade_no":"LX-17071019313177706-8","result_code":"SUCCESS","return_code":"SUCCESS","sign":"514EF947ACB7B5200176FEF92B4FCEC8","time_end":"20170907085827","total_fee":"4200.00","trade_type":"NATIVE","transaction_id":"4003472001201709070666511136"}
[2017-09-07 08:58:27][warn] 数据存储成功，并成功返回记录编号18930！
[2017-09-07 08:58:36][info] ----------------------------------------
[2017-09-07 08:58:36][info] XML_DATA111:[{appid=>wxefc029d4373dcac0}{bank_type=>ICBC_DEBIT}{cash_fee=>420000}{fee_type=>CNY}{is_subscribe=>Y}{mch_id=>1244967502}{nonce_str=>u81lp2p7507t0wnhpfqhdhm0vtmjo1fl}{openid=>orYumuAwba-aHwuIfl00X2ZiAO7Q}{out_trade_no=>LX-17071019313177706-8}{result_code=>SUCCESS}{return_code=>SUCCESS}{sign=>514EF947ACB7B5200176FEF92B4FCEC8}{time_end=>20170907085827}{total_fee=>420000}{trade_type=>NATIVE}{transaction_id=>4003472001201709070666511136}]
[2017-09-07 08:58:36][info] k:appid=>wxefc029d4373dcac0
[2017-09-07 08:58:36][info] k:bank_type=>ICBC_DEBIT
[2017-09-07 08:58:36][info] k:cash_fee=>420000
[2017-09-07 08:58:36][info] k:fee_type=>CNY
[2017-09-07 08:58:36][info] k:is_subscribe=>Y
[2017-09-07 08:58:36][info] k:mch_id=>1244967502
[2017-09-07 08:58:36][info] k:nonce_str=>u81lp2p7507t0wnhpfqhdhm0vtmjo1fl
[2017-09-07 08:58:36][info] k:openid=>orYumuAwba-aHwuIfl00X2ZiAO7Q
[2017-09-07 08:58:36][info] k:out_trade_no=>LX-17071019313177706-8
[2017-09-07 08:58:36][info] k:result_code=>SUCCESS
[2017-09-07 08:58:36][info] k:return_code=>SUCCESS
[2017-09-07 08:58:36][info] k:sign=>514EF947ACB7B5200176FEF92B4FCEC8
[2017-09-07 08:58:36][info] k:time_end=>20170907085827
[2017-09-07 08:58:36][info] k:total_fee=>420000
[2017-09-07 08:58:36][info] k:trade_type=>NATIVE
[2017-09-07 08:58:36][info] k:transaction_id=>4003472001201709070666511136
[2017-09-07 08:58:36][info] ----------------------------------------
[2017-09-07 08:58:36][info] XML_DATA222:{"appid":"wxefc029d4373dcac0","bank_type":"ICBC_DEBIT","cash_fee":"4200.00","fee_type":"CNY","is_subscribe":"Y","mch_id":"1244967502","nonce_str":"u81lp2p7507t0wnhpfqhdhm0vtmjo1fl","openid":"orYumuAwba-aHwuIfl00X2ZiAO7Q","out_trade_no":"LX-17071019313177706-8","result_code":"SUCCESS","return_code":"SUCCESS","sign":"514EF947ACB7B5200176FEF92B4FCEC8","time_end":"20170907085827","total_fee":"4200.00","trade_type":"NATIVE","transaction_id":"4003472001201709070666511136"}
[2017-09-07 08:58:36][info] 收到重复信息，并处理反馈成功！
[2017-09-07 08:58:36][info] success
[2017-09-07 08:58:36][info] 写入结束!!!
[2017-09-07 16:13:59][info] ----------------------------------------
[2017-09-07 16:13:59][info] XML_DATA111:[{appid=>wxefc029d4373dcac0}{bank_type=>CFT}{cash_fee=>560000}{fee_type=>CNY}{is_subscribe=>Y}{mch_id=>1244967502}{nonce_str=>4z97xjvcnijwk8pj18psnd4yh5nfibk7}{openid=>orYumuHKWyvv2s3minoQoWLl44QI}{out_trade_no=>LX-17090714465256506-2}{result_code=>SUCCESS}{return_code=>SUCCESS}{sign=>1007FD77B65C5B2D38501A874B3504A2}{time_end=>20170907161358}{total_fee=>560000}{trade_type=>NATIVE}{transaction_id=>4003442001201709070735656624}]
[2017-09-07 16:13:59][info] k:appid=>wxefc029d4373dcac0
[2017-09-07 16:13:59][info] k:bank_type=>CFT
[2017-09-07 16:13:59][info] k:cash_fee=>560000
[2017-09-07 16:13:59][info] k:fee_type=>CNY
[2017-09-07 16:13:59][info] k:is_subscribe=>Y
[2017-09-07 16:13:59][info] k:mch_id=>1244967502
[2017-09-07 16:13:59][info] k:nonce_str=>4z97xjvcnijwk8pj18psnd4yh5nfibk7
[2017-09-07 16:13:59][info] k:openid=>orYumuHKWyvv2s3minoQoWLl44QI
[2017-09-07 16:13:59][info] k:out_trade_no=>LX-17090714465256506-2
[2017-09-07 16:13:59][info] k:result_code=>SUCCESS
[2017-09-07 16:13:59][info] k:return_code=>SUCCESS
[2017-09-07 16:13:59][info] k:sign=>1007FD77B65C5B2D38501A874B3504A2
[2017-09-07 16:13:59][info] k:time_end=>20170907161358
[2017-09-07 16:13:59][info] k:total_fee=>560000
[2017-09-07 16:13:59][info] k:trade_type=>NATIVE
[2017-09-07 16:13:59][info] k:transaction_id=>4003442001201709070735656624
[2017-09-07 16:13:59][info] ----------------------------------------
[2017-09-07 16:13:59][info] XML_DATA222:{"appid":"wxefc029d4373dcac0","bank_type":"CFT","cash_fee":"5600.00","fee_type":"CNY","is_subscribe":"Y","mch_id":"1244967502","nonce_str":"4z97xjvcnijwk8pj18psnd4yh5nfibk7","openid":"orYumuHKWyvv2s3minoQoWLl44QI","out_trade_no":"LX-17090714465256506-2","result_code":"SUCCESS","return_code":"SUCCESS","sign":"1007FD77B65C5B2D38501A874B3504A2","time_end":"20170907161358","total_fee":"5600.00","trade_type":"NATIVE","transaction_id":"4003442001201709070735656624"}
[2017-09-07 16:14:00][warn] 数据存储成功，并成功返回记录编号18941！
[2017-09-07 16:14:14][info] ----------------------------------------
[2017-09-07 16:14:14][info] XML_DATA111:[{appid=>wxefc029d4373dcac0}{bank_type=>CFT}{cash_fee=>560000}{fee_type=>CNY}{is_subscribe=>Y}{mch_id=>1244967502}{nonce_str=>4z97xjvcnijwk8pj18psnd4yh5nfibk7}{openid=>orYumuHKWyvv2s3minoQoWLl44QI}{out_trade_no=>LX-17090714465256506-2}{result_code=>SUCCESS}{return_code=>SUCCESS}{sign=>1007FD77B65C5B2D38501A874B3504A2}{time_end=>20170907161358}{total_fee=>560000}{trade_type=>NATIVE}{transaction_id=>4003442001201709070735656624}]
[2017-09-07 16:14:14][info] k:appid=>wxefc029d4373dcac0
[2017-09-07 16:14:14][info] k:bank_type=>CFT
[2017-09-07 16:14:14][info] k:cash_fee=>560000
[2017-09-07 16:14:14][info] k:fee_type=>CNY
[2017-09-07 16:14:14][info] k:is_subscribe=>Y
[2017-09-07 16:14:14][info] k:mch_id=>1244967502
[2017-09-07 16:14:14][info] k:nonce_str=>4z97xjvcnijwk8pj18psnd4yh5nfibk7
[2017-09-07 16:14:14][info] k:openid=>orYumuHKWyvv2s3minoQoWLl44QI
[2017-09-07 16:14:14][info] k:out_trade_no=>LX-17090714465256506-2
[2017-09-07 16:14:14][info] k:result_code=>SUCCESS
[2017-09-07 16:14:14][info] k:return_code=>SUCCESS
[2017-09-07 16:14:14][info] k:sign=>1007FD77B65C5B2D38501A874B3504A2
[2017-09-07 16:14:14][info] k:time_end=>20170907161358
[2017-09-07 16:14:14][info] k:total_fee=>560000
[2017-09-07 16:14:14][info] k:trade_type=>NATIVE
[2017-09-07 16:14:14][info] k:transaction_id=>4003442001201709070735656624
[2017-09-07 16:14:14][info] ----------------------------------------
[2017-09-07 16:14:14][info] XML_DATA222:{"appid":"wxefc029d4373dcac0","bank_type":"CFT","cash_fee":"5600.00","fee_type":"CNY","is_subscribe":"Y","mch_id":"1244967502","nonce_str":"4z97xjvcnijwk8pj18psnd4yh5nfibk7","openid":"orYumuHKWyvv2s3minoQoWLl44QI","out_trade_no":"LX-17090714465256506-2","result_code":"SUCCESS","return_code":"SUCCESS","sign":"1007FD77B65C5B2D38501A874B3504A2","time_end":"20170907161358","total_fee":"5600.00","trade_type":"NATIVE","transaction_id":"4003442001201709070735656624"}
[2017-09-07 16:14:14][info] 收到重复信息，并处理反馈成功！
[2017-09-07 16:14:14][info] success
[2017-09-07 16:14:14][info] 写入结束!!!
