[2017-02-26 20:48:24][info] ----------------------------------------
[2017-02-26 20:48:24][info] XML_DATA111:[{appid=>wxefc029d4373dcac0}{bank_type=>CFT}{cash_fee=>1}{fee_type=>CNY}{is_subscribe=>Y}{mch_id=>1244967502}{nonce_str=>512edtxh9rmz4gpw5d1np0ipdd0w93u0}{openid=>orYumuAFxLGdyO7Su3wb9ENumlPo}{out_trade_no=>LX-17012715593492301-9}{result_code=>SUCCESS}{return_code=>SUCCESS}{sign=>AF52F19C2DFD804C5FA58C6D9C532E2C}{time_end=>20170226204823}{total_fee=>1}{trade_type=>NATIVE}{transaction_id=>4000442001201702261446561844}]
[2017-02-26 20:48:24][info] k:appid=>wxefc029d4373dcac0
[2017-02-26 20:48:24][info] k:bank_type=>CFT
[2017-02-26 20:48:24][info] k:cash_fee=>1
[2017-02-26 20:48:24][info] k:fee_type=>CNY
[2017-02-26 20:48:24][info] k:is_subscribe=>Y
[2017-02-26 20:48:24][info] k:mch_id=>1244967502
[2017-02-26 20:48:24][info] k:nonce_str=>512edtxh9rmz4gpw5d1np0ipdd0w93u0
[2017-02-26 20:48:24][info] k:openid=>orYumuAFxLGdyO7Su3wb9ENumlPo
[2017-02-26 20:48:24][info] k:out_trade_no=>LX-17012715593492301-9
[2017-02-26 20:48:24][info] k:result_code=>SUCCESS
[2017-02-26 20:48:24][info] k:return_code=>SUCCESS
[2017-02-26 20:48:24][info] k:sign=>AF52F19C2DFD804C5FA58C6D9C532E2C
[2017-02-26 20:48:24][info] k:time_end=>20170226204823
[2017-02-26 20:48:24][info] k:total_fee=>1
[2017-02-26 20:48:24][info] k:trade_type=>NATIVE
[2017-02-26 20:48:24][info] k:transaction_id=>4000442001201702261446561844
[2017-02-26 20:48:24][info] ----------------------------------------
[2017-02-26 20:48:24][info] XML_DATA222:{"appid":"ppi","bank_type":"ank_typ","cash_fee":"ash_fe","fee_type":"ee_typ","is_subscribe":"s_subscrib","mch_id":"ch_i","nonce_str":"once_st","openid":"peni","out_trade_no":"ut_trade_n","result_code":"esult_cod","return_code":"eturn_cod","sign":"ig","time_end":"ime_en","total_fee":"otal_fe","trade_type":"rade_typ","transaction_id":"ransaction_i"}
[2017-02-26 20:48:24][info] 数据存储反馈成功！
[2017-02-26 20:48:24][info] success
[2017-02-26 20:48:24][info] 写入结束!!!
[2017-02-26 20:57:08][info] ----------------------------------------
[2017-02-26 20:57:08][info] XML_DATA111:[{appid=>wxefc029d4373dcac0}{bank_type=>CFT}{cash_fee=>1}{fee_type=>CNY}{is_subscribe=>Y}{mch_id=>1244967502}{nonce_str=>nm1r8kum5r44s05pfl0wsmu0fwhv4glo}{openid=>orYumuAFxLGdyO7Su3wb9ENumlPo}{out_trade_no=>LX-17012715593492301-2}{result_code=>SUCCESS}{return_code=>SUCCESS}{sign=>BF6D24E2235D4D5FD93CD2CB7D09B0BF}{time_end=>20170226205708}{total_fee=>1}{trade_type=>NATIVE}{transaction_id=>4000442001201702261444260074}]
[2017-02-26 20:57:08][info] k:appid=>wxefc029d4373dcac0
[2017-02-26 20:57:08][info] k:bank_type=>CFT
[2017-02-26 20:57:08][info] k:cash_fee=>1
[2017-02-26 20:57:08][info] k:fee_type=>CNY
[2017-02-26 20:57:08][info] k:is_subscribe=>Y
[2017-02-26 20:57:08][info] k:mch_id=>1244967502
[2017-02-26 20:57:08][info] k:nonce_str=>nm1r8kum5r44s05pfl0wsmu0fwhv4glo
[2017-02-26 20:57:08][info] k:openid=>orYumuAFxLGdyO7Su3wb9ENumlPo
[2017-02-26 20:57:08][info] k:out_trade_no=>LX-17012715593492301-2
[2017-02-26 20:57:08][info] k:result_code=>SUCCESS
[2017-02-26 20:57:08][info] k:return_code=>SUCCESS
[2017-02-26 20:57:08][info] k:sign=>BF6D24E2235D4D5FD93CD2CB7D09B0BF
[2017-02-26 20:57:08][info] k:time_end=>20170226205708
[2017-02-26 20:57:08][info] k:total_fee=>1
[2017-02-26 20:57:08][info] k:trade_type=>NATIVE
[2017-02-26 20:57:08][info] k:transaction_id=>4000442001201702261444260074
[2017-02-26 20:57:08][info] ----------------------------------------
[2017-02-26 20:57:08][info] XML_DATA222:{"appid":"wxefc029d4373dcac0","bank_type":"CFT","cash_fee":"0.99","fee_type":"CNY","is_subscribe":"Y","mch_id":"1244967502","nonce_str":"nm1r8kum5r44s05pfl0wsmu0fwhv4glo","openid":"orYumuAFxLGdyO7Su3wb9ENumlPo","out_trade_no":"LX-17012715593492301-2","result_code":"SUCCESS","return_code":"SUCCESS","sign":"BF6D24E2235D4D5FD93CD2CB7D09B0BF","time_end":"20170226205708","total_fee":"1","trade_type":"NATIVE","transaction_id":"4000442001201702261444260074"}
[2017-02-26 20:57:09][info] 数据存储反馈成功！
[2017-02-26 20:57:09][info] success
[2017-02-26 20:57:09][info] 写入结束!!!
[2017-02-26 21:44:49][info] ----------------------------------------
[2017-02-26 21:44:49][info] XML_DATA111:[{appid=>wxefc029d4373dcac0}{bank_type=>CFT}{cash_fee=>1}{fee_type=>CNY}{is_subscribe=>Y}{mch_id=>1244967502}{nonce_str=>wfvqmb5feya8j8jvj4xbsmja4zf1bi7c}{openid=>orYumuAFxLGdyO7Su3wb9ENumlPo}{out_trade_no=>LX-17012715593492301-7}{result_code=>SUCCESS}{return_code=>SUCCESS}{sign=>6A0CDA33BA16C8DFD385D331469063EF}{time_end=>20170226214448}{total_fee=>1}{trade_type=>NATIVE}{transaction_id=>4000442001201702261450238815}]
[2017-02-26 21:44:49][info] k:appid=>wxefc029d4373dcac0
[2017-02-26 21:44:49][info] k:bank_type=>CFT
[2017-02-26 21:44:49][info] k:cash_fee=>1
[2017-02-26 21:44:49][info] k:fee_type=>CNY
[2017-02-26 21:44:49][info] k:is_subscribe=>Y
[2017-02-26 21:44:49][info] k:mch_id=>1244967502
[2017-02-26 21:44:49][info] k:nonce_str=>wfvqmb5feya8j8jvj4xbsmja4zf1bi7c
[2017-02-26 21:44:49][info] k:openid=>orYumuAFxLGdyO7Su3wb9ENumlPo
[2017-02-26 21:44:49][info] k:out_trade_no=>LX-17012715593492301-7
[2017-02-26 21:44:49][info] k:result_code=>SUCCESS
[2017-02-26 21:44:49][info] k:return_code=>SUCCESS
[2017-02-26 21:44:49][info] k:sign=>6A0CDA33BA16C8DFD385D331469063EF
[2017-02-26 21:44:49][info] k:time_end=>20170226214448
[2017-02-26 21:44:49][info] k:total_fee=>1
[2017-02-26 21:44:49][info] k:trade_type=>NATIVE
[2017-02-26 21:44:49][info] k:transaction_id=>4000442001201702261450238815
[2017-02-26 21:44:49][info] ----------------------------------------
[2017-02-26 21:44:49][info] XML_DATA222:{"appid":"wxefc029d4373dcac0","bank_type":"CFT","cash_fee":"0.99","fee_type":"CNY","is_subscribe":"Y","mch_id":"1244967502","nonce_str":"wfvqmb5feya8j8jvj4xbsmja4zf1bi7c","openid":"orYumuAFxLGdyO7Su3wb9ENumlPo","out_trade_no":"LX-17012715593492301-7","result_code":"SUCCESS","return_code":"SUCCESS","sign":"6A0CDA33BA16C8DFD385D331469063EF","time_end":"20170226214448","total_fee":"0.99","trade_type":"NATIVE","transaction_id":"4000442001201702261450238815"}
[2017-02-26 21:44:49][info] 数据存储反馈成功！
[2017-02-26 21:44:49][info] success
[2017-02-26 21:44:49][info] 写入结束!!!
[2017-02-26 21:54:16][info] ----------------------------------------
[2017-02-26 21:54:16][info] XML_DATA111:[{appid=>wxefc029d4373dcac0}{bank_type=>CFT}{cash_fee=>1}{fee_type=>CNY}{is_subscribe=>Y}{mch_id=>1244967502}{nonce_str=>quo33f1slh8rdckascmhwlq499agesyl}{openid=>orYumuAFxLGdyO7Su3wb9ENumlPo}{out_trade_no=>LX-17012715593492301-8}{result_code=>SUCCESS}{return_code=>SUCCESS}{sign=>428955A5F796AFCED9E9D981B07C51A3}{time_end=>20170226215415}{total_fee=>1}{trade_type=>NATIVE}{transaction_id=>4000442001201702261454651077}]
[2017-02-26 21:54:16][info] k:appid=>wxefc029d4373dcac0
[2017-02-26 21:54:16][info] k:bank_type=>CFT
[2017-02-26 21:54:16][info] k:cash_fee=>1
[2017-02-26 21:54:16][info] k:fee_type=>CNY
[2017-02-26 21:54:16][info] k:is_subscribe=>Y
[2017-02-26 21:54:16][info] k:mch_id=>1244967502
[2017-02-26 21:54:16][info] k:nonce_str=>quo33f1slh8rdckascmhwlq499agesyl
[2017-02-26 21:54:16][info] k:openid=>orYumuAFxLGdyO7Su3wb9ENumlPo
[2017-02-26 21:54:16][info] k:out_trade_no=>LX-17012715593492301-8
[2017-02-26 21:54:16][info] k:result_code=>SUCCESS
[2017-02-26 21:54:16][info] k:return_code=>SUCCESS
[2017-02-26 21:54:16][info] k:sign=>428955A5F796AFCED9E9D981B07C51A3
[2017-02-26 21:54:16][info] k:time_end=>20170226215415
[2017-02-26 21:54:16][info] k:total_fee=>1
[2017-02-26 21:54:16][info] k:trade_type=>NATIVE
[2017-02-26 21:54:16][info] k:transaction_id=>4000442001201702261454651077
[2017-02-26 21:54:16][info] ----------------------------------------
[2017-02-26 21:54:16][info] XML_DATA222:{"appid":"wxefc029d4373dcac0","bank_type":"CFT","cash_fee":"0.01","fee_type":"CNY","is_subscribe":"Y","mch_id":"1244967502","nonce_str":"quo33f1slh8rdckascmhwlq499agesyl","openid":"orYumuAFxLGdyO7Su3wb9ENumlPo","out_trade_no":"LX-17012715593492301-8","result_code":"SUCCESS","return_code":"SUCCESS","sign":"428955A5F796AFCED9E9D981B07C51A3","time_end":"20170226215415","total_fee":"0.01","trade_type":"NATIVE","transaction_id":"4000442001201702261454651077"}
[2017-02-26 21:54:16][warn] 数据存储成功，并成功返回记录编号17326！
[2017-02-26 21:54:30][info] ----------------------------------------
[2017-02-26 21:54:30][info] XML_DATA111:[{appid=>wxefc029d4373dcac0}{bank_type=>CFT}{cash_fee=>1}{fee_type=>CNY}{is_subscribe=>Y}{mch_id=>1244967502}{nonce_str=>quo33f1slh8rdckascmhwlq499agesyl}{openid=>orYumuAFxLGdyO7Su3wb9ENumlPo}{out_trade_no=>LX-17012715593492301-8}{result_code=>SUCCESS}{return_code=>SUCCESS}{sign=>428955A5F796AFCED9E9D981B07C51A3}{time_end=>20170226215415}{total_fee=>1}{trade_type=>NATIVE}{transaction_id=>4000442001201702261454651077}]
[2017-02-26 21:54:30][info] k:appid=>wxefc029d4373dcac0
[2017-02-26 21:54:30][info] k:bank_type=>CFT
[2017-02-26 21:54:30][info] k:cash_fee=>1
[2017-02-26 21:54:30][info] k:fee_type=>CNY
[2017-02-26 21:54:30][info] k:is_subscribe=>Y
[2017-02-26 21:54:30][info] k:mch_id=>1244967502
[2017-02-26 21:54:30][info] k:nonce_str=>quo33f1slh8rdckascmhwlq499agesyl
[2017-02-26 21:54:30][info] k:openid=>orYumuAFxLGdyO7Su3wb9ENumlPo
[2017-02-26 21:54:30][info] k:out_trade_no=>LX-17012715593492301-8
[2017-02-26 21:54:30][info] k:result_code=>SUCCESS
[2017-02-26 21:54:30][info] k:return_code=>SUCCESS
[2017-02-26 21:54:30][info] k:sign=>428955A5F796AFCED9E9D981B07C51A3
[2017-02-26 21:54:30][info] k:time_end=>20170226215415
[2017-02-26 21:54:30][info] k:total_fee=>1
[2017-02-26 21:54:30][info] k:trade_type=>NATIVE
[2017-02-26 21:54:30][info] k:transaction_id=>4000442001201702261454651077
[2017-02-26 21:54:30][info] ----------------------------------------
[2017-02-26 21:54:30][info] XML_DATA222:{"appid":"wxefc029d4373dcac0","bank_type":"CFT","cash_fee":"0.01","fee_type":"CNY","is_subscribe":"Y","mch_id":"1244967502","nonce_str":"quo33f1slh8rdckascmhwlq499agesyl","openid":"orYumuAFxLGdyO7Su3wb9ENumlPo","out_trade_no":"LX-17012715593492301-8","result_code":"SUCCESS","return_code":"SUCCESS","sign":"428955A5F796AFCED9E9D981B07C51A3","time_end":"20170226215415","total_fee":"0.01","trade_type":"NATIVE","transaction_id":"4000442001201702261454651077"}
[2017-02-26 21:54:30][info] 收到重复信息，并处理反馈成功！
[2017-02-26 21:54:30][info] success
[2017-02-26 21:54:30][info] 写入结束!!!
[2017-02-26 22:40:06][info] ----------------------------------------
[2017-02-26 22:40:06][info] XML_DATA111:[{appid=>wxefc029d4373dcac0}{bank_type=>CFT}{cash_fee=>1}{fee_type=>CNY}{is_subscribe=>Y}{mch_id=>1244967502}{nonce_str=>2fv60hhrh8dxr7abr0xjvv4lmh7dyomr}{openid=>orYumuAFxLGdyO7Su3wb9ENumlPo}{out_trade_no=>LX-17012715593492301-0}{result_code=>SUCCESS}{return_code=>SUCCESS}{sign=>90C386EC31D305C62776C618F2E795F3}{time_end=>20170226224006}{total_fee=>1}{trade_type=>NATIVE}{transaction_id=>4000442001201702261460779873}]
[2017-02-26 22:40:06][info] k:appid=>wxefc029d4373dcac0
[2017-02-26 22:40:06][info] k:bank_type=>CFT
[2017-02-26 22:40:06][info] k:cash_fee=>1
[2017-02-26 22:40:06][info] k:fee_type=>CNY
[2017-02-26 22:40:06][info] k:is_subscribe=>Y
[2017-02-26 22:40:06][info] k:mch_id=>1244967502
[2017-02-26 22:40:06][info] k:nonce_str=>2fv60hhrh8dxr7abr0xjvv4lmh7dyomr
[2017-02-26 22:40:06][info] k:openid=>orYumuAFxLGdyO7Su3wb9ENumlPo
[2017-02-26 22:40:06][info] k:out_trade_no=>LX-17012715593492301-0
[2017-02-26 22:40:06][info] k:result_code=>SUCCESS
[2017-02-26 22:40:06][info] k:return_code=>SUCCESS
[2017-02-26 22:40:06][info] k:sign=>90C386EC31D305C62776C618F2E795F3
[2017-02-26 22:40:06][info] k:time_end=>20170226224006
[2017-02-26 22:40:06][info] k:total_fee=>1
[2017-02-26 22:40:06][info] k:trade_type=>NATIVE
[2017-02-26 22:40:06][info] k:transaction_id=>4000442001201702261460779873
[2017-02-26 22:40:06][info] ----------------------------------------
[2017-02-26 22:40:06][info] XML_DATA222:{"appid":"wxefc029d4373dcac0","bank_type":"CFT","cash_fee":"0.01","fee_type":"CNY","is_subscribe":"Y","mch_id":"1244967502","nonce_str":"2fv60hhrh8dxr7abr0xjvv4lmh7dyomr","openid":"orYumuAFxLGdyO7Su3wb9ENumlPo","out_trade_no":"LX-17012715593492301-0","result_code":"SUCCESS","return_code":"SUCCESS","sign":"90C386EC31D305C62776C618F2E795F3","time_end":"20170226224006","total_fee":"0.01","trade_type":"NATIVE","transaction_id":"4000442001201702261460779873"}
[2017-02-26 22:40:06][warn] 数据存储成功，并成功返回记录编号17327！
[2017-02-26 22:40:22][info] ----------------------------------------
[2017-02-26 22:40:22][info] XML_DATA111:[{appid=>wxefc029d4373dcac0}{bank_type=>CFT}{cash_fee=>1}{fee_type=>CNY}{is_subscribe=>Y}{mch_id=>1244967502}{nonce_str=>2fv60hhrh8dxr7abr0xjvv4lmh7dyomr}{openid=>orYumuAFxLGdyO7Su3wb9ENumlPo}{out_trade_no=>LX-17012715593492301-0}{result_code=>SUCCESS}{return_code=>SUCCESS}{sign=>90C386EC31D305C62776C618F2E795F3}{time_end=>20170226224006}{total_fee=>1}{trade_type=>NATIVE}{transaction_id=>4000442001201702261460779873}]
[2017-02-26 22:40:22][info] k:appid=>wxefc029d4373dcac0
[2017-02-26 22:40:22][info] k:bank_type=>CFT
[2017-02-26 22:40:22][info] k:cash_fee=>1
[2017-02-26 22:40:22][info] k:fee_type=>CNY
[2017-02-26 22:40:22][info] k:is_subscribe=>Y
[2017-02-26 22:40:22][info] k:mch_id=>1244967502
[2017-02-26 22:40:22][info] k:nonce_str=>2fv60hhrh8dxr7abr0xjvv4lmh7dyomr
[2017-02-26 22:40:22][info] k:openid=>orYumuAFxLGdyO7Su3wb9ENumlPo
[2017-02-26 22:40:22][info] k:out_trade_no=>LX-17012715593492301-0
[2017-02-26 22:40:22][info] k:result_code=>SUCCESS
[2017-02-26 22:40:22][info] k:return_code=>SUCCESS
[2017-02-26 22:40:22][info] k:sign=>90C386EC31D305C62776C618F2E795F3
[2017-02-26 22:40:22][info] k:time_end=>20170226224006
[2017-02-26 22:40:22][info] k:total_fee=>1
[2017-02-26 22:40:22][info] k:trade_type=>NATIVE
[2017-02-26 22:40:22][info] k:transaction_id=>4000442001201702261460779873
[2017-02-26 22:40:22][info] ----------------------------------------
[2017-02-26 22:40:22][info] XML_DATA222:{"appid":"wxefc029d4373dcac0","bank_type":"CFT","cash_fee":"0.01","fee_type":"CNY","is_subscribe":"Y","mch_id":"1244967502","nonce_str":"2fv60hhrh8dxr7abr0xjvv4lmh7dyomr","openid":"orYumuAFxLGdyO7Su3wb9ENumlPo","out_trade_no":"LX-17012715593492301-0","result_code":"SUCCESS","return_code":"SUCCESS","sign":"90C386EC31D305C62776C618F2E795F3","time_end":"20170226224006","total_fee":"0.01","trade_type":"NATIVE","transaction_id":"4000442001201702261460779873"}
[2017-02-26 22:40:22][info] 收到重复信息，并处理反馈成功！
[2017-02-26 22:40:22][info] success
[2017-02-26 22:40:22][info] 写入结束!!!
[2017-02-26 22:44:51][info] ----------------------------------------
[2017-02-26 22:44:51][info] XML_DATA111:[{appid=>wxefc029d4373dcac0}{bank_type=>CFT}{cash_fee=>1}{fee_type=>CNY}{is_subscribe=>Y}{mch_id=>1244967502}{nonce_str=>9gydnlxez1ct8fblopnisimwbrer9p4r}{openid=>orYumuAFxLGdyO7Su3wb9ENumlPo}{out_trade_no=>LX-17012715593492301-1}{result_code=>SUCCESS}{return_code=>SUCCESS}{sign=>37C3FB55E628C3F47C9A65B8A687D6B2}{time_end=>20170226224451}{total_fee=>1}{trade_type=>NATIVE}{transaction_id=>4000442001201702261459481383}]
[2017-02-26 22:44:51][info] k:appid=>wxefc029d4373dcac0
[2017-02-26 22:44:51][info] k:bank_type=>CFT
[2017-02-26 22:44:51][info] k:cash_fee=>1
[2017-02-26 22:44:51][info] k:fee_type=>CNY
[2017-02-26 22:44:51][info] k:is_subscribe=>Y
[2017-02-26 22:44:51][info] k:mch_id=>1244967502
[2017-02-26 22:44:51][info] k:nonce_str=>9gydnlxez1ct8fblopnisimwbrer9p4r
[2017-02-26 22:44:51][info] k:openid=>orYumuAFxLGdyO7Su3wb9ENumlPo
[2017-02-26 22:44:51][info] k:out_trade_no=>LX-17012715593492301-1
[2017-02-26 22:44:51][info] k:result_code=>SUCCESS
[2017-02-26 22:44:51][info] k:return_code=>SUCCESS
[2017-02-26 22:44:51][info] k:sign=>37C3FB55E628C3F47C9A65B8A687D6B2
[2017-02-26 22:44:51][info] k:time_end=>20170226224451
[2017-02-26 22:44:51][info] k:total_fee=>1
[2017-02-26 22:44:51][info] k:trade_type=>NATIVE
[2017-02-26 22:44:51][info] k:transaction_id=>4000442001201702261459481383
[2017-02-26 22:44:51][info] ----------------------------------------
[2017-02-26 22:44:51][info] XML_DATA222:{"appid":"wxefc029d4373dcac0","bank_type":"CFT","cash_fee":"0.01","fee_type":"CNY","is_subscribe":"Y","mch_id":"1244967502","nonce_str":"9gydnlxez1ct8fblopnisimwbrer9p4r","openid":"orYumuAFxLGdyO7Su3wb9ENumlPo","out_trade_no":"LX-17012715593492301-1","result_code":"SUCCESS","return_code":"SUCCESS","sign":"37C3FB55E628C3F47C9A65B8A687D6B2","time_end":"20170226224451","total_fee":"0.01","trade_type":"NATIVE","transaction_id":"4000442001201702261459481383"}
[2017-02-26 22:44:52][warn] 数据存储成功，并成功返回记录编号17328！
[2017-02-26 22:45:03][info] ----------------------------------------
[2017-02-26 22:45:03][info] XML_DATA111:[{appid=>wxefc029d4373dcac0}{bank_type=>CFT}{cash_fee=>1}{fee_type=>CNY}{is_subscribe=>Y}{mch_id=>1244967502}{nonce_str=>9gydnlxez1ct8fblopnisimwbrer9p4r}{openid=>orYumuAFxLGdyO7Su3wb9ENumlPo}{out_trade_no=>LX-17012715593492301-1}{result_code=>SUCCESS}{return_code=>SUCCESS}{sign=>37C3FB55E628C3F47C9A65B8A687D6B2}{time_end=>20170226224451}{total_fee=>1}{trade_type=>NATIVE}{transaction_id=>4000442001201702261459481383}]
[2017-02-26 22:45:03][info] k:appid=>wxefc029d4373dcac0
[2017-02-26 22:45:03][info] k:bank_type=>CFT
[2017-02-26 22:45:03][info] k:cash_fee=>1
[2017-02-26 22:45:03][info] k:fee_type=>CNY
[2017-02-26 22:45:03][info] k:is_subscribe=>Y
[2017-02-26 22:45:03][info] k:mch_id=>1244967502
[2017-02-26 22:45:03][info] k:nonce_str=>9gydnlxez1ct8fblopnisimwbrer9p4r
[2017-02-26 22:45:03][info] k:openid=>orYumuAFxLGdyO7Su3wb9ENumlPo
[2017-02-26 22:45:03][info] k:out_trade_no=>LX-17012715593492301-1
[2017-02-26 22:45:03][info] k:result_code=>SUCCESS
[2017-02-26 22:45:03][info] k:return_code=>SUCCESS
[2017-02-26 22:45:03][info] k:sign=>37C3FB55E628C3F47C9A65B8A687D6B2
[2017-02-26 22:45:03][info] k:time_end=>20170226224451
[2017-02-26 22:45:03][info] k:total_fee=>1
[2017-02-26 22:45:03][info] k:trade_type=>NATIVE
[2017-02-26 22:45:03][info] k:transaction_id=>4000442001201702261459481383
[2017-02-26 22:45:03][info] ----------------------------------------
[2017-02-26 22:45:03][info] XML_DATA222:{"appid":"wxefc029d4373dcac0","bank_type":"CFT","cash_fee":"0.01","fee_type":"CNY","is_subscribe":"Y","mch_id":"1244967502","nonce_str":"9gydnlxez1ct8fblopnisimwbrer9p4r","openid":"orYumuAFxLGdyO7Su3wb9ENumlPo","out_trade_no":"LX-17012715593492301-1","result_code":"SUCCESS","return_code":"SUCCESS","sign":"37C3FB55E628C3F47C9A65B8A687D6B2","time_end":"20170226224451","total_fee":"0.01","trade_type":"NATIVE","transaction_id":"4000442001201702261459481383"}
[2017-02-26 22:45:03][info] 收到重复信息，并处理反馈成功！
[2017-02-26 22:45:03][info] success
[2017-02-26 22:45:03][info] 写入结束!!!
[2017-02-26 22:48:16][info] ----------------------------------------
[2017-02-26 22:48:16][info] XML_DATA111:[{appid=>wxefc029d4373dcac0}{bank_type=>CFT}{cash_fee=>1}{fee_type=>CNY}{is_subscribe=>Y}{mch_id=>1244967502}{nonce_str=>rr6o71u1hj0n7s1c1yif35bs2e254xjm}{openid=>orYumuAFxLGdyO7Su3wb9ENumlPo}{out_trade_no=>LX-17012715593492301-c}{result_code=>SUCCESS}{return_code=>SUCCESS}{sign=>18EF39FB365DC30B78CB1D602B62BBD4}{time_end=>20170226224816}{total_fee=>1}{trade_type=>NATIVE}{transaction_id=>4000442001201702261459580161}]
[2017-02-26 22:48:16][info] k:appid=>wxefc029d4373dcac0
[2017-02-26 22:48:16][info] k:bank_type=>CFT
[2017-02-26 22:48:16][info] k:cash_fee=>1
[2017-02-26 22:48:16][info] k:fee_type=>CNY
[2017-02-26 22:48:16][info] k:is_subscribe=>Y
[2017-02-26 22:48:16][info] k:mch_id=>1244967502
[2017-02-26 22:48:16][info] k:nonce_str=>rr6o71u1hj0n7s1c1yif35bs2e254xjm
[2017-02-26 22:48:16][info] k:openid=>orYumuAFxLGdyO7Su3wb9ENumlPo
[2017-02-26 22:48:16][info] k:out_trade_no=>LX-17012715593492301-c
[2017-02-26 22:48:16][info] k:result_code=>SUCCESS
[2017-02-26 22:48:16][info] k:return_code=>SUCCESS
[2017-02-26 22:48:16][info] k:sign=>18EF39FB365DC30B78CB1D602B62BBD4
[2017-02-26 22:48:16][info] k:time_end=>20170226224816
[2017-02-26 22:48:16][info] k:total_fee=>1
[2017-02-26 22:48:16][info] k:trade_type=>NATIVE
[2017-02-26 22:48:16][info] k:transaction_id=>4000442001201702261459580161
[2017-02-26 22:48:16][info] ----------------------------------------
[2017-02-26 22:48:16][info] XML_DATA222:{"appid":"wxefc029d4373dcac0","bank_type":"CFT","cash_fee":"0.01","fee_type":"CNY","is_subscribe":"Y","mch_id":"1244967502","nonce_str":"rr6o71u1hj0n7s1c1yif35bs2e254xjm","openid":"orYumuAFxLGdyO7Su3wb9ENumlPo","out_trade_no":"LX-17012715593492301-c","result_code":"SUCCESS","return_code":"SUCCESS","sign":"18EF39FB365DC30B78CB1D602B62BBD4","time_end":"20170226224816","total_fee":"0.01","trade_type":"NATIVE","transaction_id":"4000442001201702261459580161"}
[2017-02-26 22:48:17][warn] 数据存储成功，并成功返回记录编号17329！
[2017-02-26 22:48:30][info] ----------------------------------------
[2017-02-26 22:48:30][info] XML_DATA111:[{appid=>wxefc029d4373dcac0}{bank_type=>CFT}{cash_fee=>1}{fee_type=>CNY}{is_subscribe=>Y}{mch_id=>1244967502}{nonce_str=>rr6o71u1hj0n7s1c1yif35bs2e254xjm}{openid=>orYumuAFxLGdyO7Su3wb9ENumlPo}{out_trade_no=>LX-17012715593492301-c}{result_code=>SUCCESS}{return_code=>SUCCESS}{sign=>18EF39FB365DC30B78CB1D602B62BBD4}{time_end=>20170226224816}{total_fee=>1}{trade_type=>NATIVE}{transaction_id=>4000442001201702261459580161}]
[2017-02-26 22:48:30][info] k:appid=>wxefc029d4373dcac0
[2017-02-26 22:48:30][info] k:bank_type=>CFT
[2017-02-26 22:48:30][info] k:cash_fee=>1
[2017-02-26 22:48:30][info] k:fee_type=>CNY
[2017-02-26 22:48:30][info] k:is_subscribe=>Y
[2017-02-26 22:48:30][info] k:mch_id=>1244967502
[2017-02-26 22:48:30][info] k:nonce_str=>rr6o71u1hj0n7s1c1yif35bs2e254xjm
[2017-02-26 22:48:30][info] k:openid=>orYumuAFxLGdyO7Su3wb9ENumlPo
[2017-02-26 22:48:30][info] k:out_trade_no=>LX-17012715593492301-c
[2017-02-26 22:48:30][info] k:result_code=>SUCCESS
[2017-02-26 22:48:30][info] k:return_code=>SUCCESS
[2017-02-26 22:48:30][info] k:sign=>18EF39FB365DC30B78CB1D602B62BBD4
[2017-02-26 22:48:30][info] k:time_end=>20170226224816
[2017-02-26 22:48:30][info] k:total_fee=>1
[2017-02-26 22:48:30][info] k:trade_type=>NATIVE
[2017-02-26 22:48:30][info] k:transaction_id=>4000442001201702261459580161
[2017-02-26 22:48:30][info] ----------------------------------------
[2017-02-26 22:48:30][info] XML_DATA222:{"appid":"wxefc029d4373dcac0","bank_type":"CFT","cash_fee":"0.01","fee_type":"CNY","is_subscribe":"Y","mch_id":"1244967502","nonce_str":"rr6o71u1hj0n7s1c1yif35bs2e254xjm","openid":"orYumuAFxLGdyO7Su3wb9ENumlPo","out_trade_no":"LX-17012715593492301-c","result_code":"SUCCESS","return_code":"SUCCESS","sign":"18EF39FB365DC30B78CB1D602B62BBD4","time_end":"20170226224816","total_fee":"0.01","trade_type":"NATIVE","transaction_id":"4000442001201702261459580161"}
[2017-02-26 22:48:30][info] 收到重复信息，并处理反馈成功！
[2017-02-26 22:48:30][info] success
[2017-02-26 22:48:30][info] 写入结束!!!
[2017-02-26 22:52:42][info] ----------------------------------------
[2017-02-26 22:52:42][info] XML_DATA111:[{appid=>wxefc029d4373dcac0}{bank_type=>CFT}{cash_fee=>1}{fee_type=>CNY}{is_subscribe=>Y}{mch_id=>1244967502}{nonce_str=>pzqak7ulm0rqjgwpuwlcq8c1w84z27q4}{openid=>orYumuAFxLGdyO7Su3wb9ENumlPo}{out_trade_no=>LX-17012715593492301-e}{result_code=>SUCCESS}{return_code=>SUCCESS}{sign=>786222E1FB6A02E5C2DB8215A7DBC451}{time_end=>20170226225241}{total_fee=>1}{trade_type=>NATIVE}{transaction_id=>4000442001201702261459668588}]
[2017-02-26 22:52:42][info] k:appid=>wxefc029d4373dcac0
[2017-02-26 22:52:42][info] k:bank_type=>CFT
[2017-02-26 22:52:42][info] k:cash_fee=>1
[2017-02-26 22:52:42][info] k:fee_type=>CNY
[2017-02-26 22:52:42][info] k:is_subscribe=>Y
[2017-02-26 22:52:42][info] k:mch_id=>1244967502
[2017-02-26 22:52:42][info] k:nonce_str=>pzqak7ulm0rqjgwpuwlcq8c1w84z27q4
[2017-02-26 22:52:42][info] k:openid=>orYumuAFxLGdyO7Su3wb9ENumlPo
[2017-02-26 22:52:42][info] k:out_trade_no=>LX-17012715593492301-e
[2017-02-26 22:52:42][info] k:result_code=>SUCCESS
[2017-02-26 22:52:42][info] k:return_code=>SUCCESS
[2017-02-26 22:52:42][info] k:sign=>786222E1FB6A02E5C2DB8215A7DBC451
[2017-02-26 22:52:42][info] k:time_end=>20170226225241
[2017-02-26 22:52:42][info] k:total_fee=>1
[2017-02-26 22:52:42][info] k:trade_type=>NATIVE
[2017-02-26 22:52:42][info] k:transaction_id=>4000442001201702261459668588
[2017-02-26 22:52:42][info] ----------------------------------------
[2017-02-26 22:52:42][info] XML_DATA222:{"appid":"wxefc029d4373dcac0","bank_type":"CFT","cash_fee":"0.01","fee_type":"CNY","is_subscribe":"Y","mch_id":"1244967502","nonce_str":"pzqak7ulm0rqjgwpuwlcq8c1w84z27q4","openid":"orYumuAFxLGdyO7Su3wb9ENumlPo","out_trade_no":"LX-17012715593492301-e","result_code":"SUCCESS","return_code":"SUCCESS","sign":"786222E1FB6A02E5C2DB8215A7DBC451","time_end":"20170226225241","total_fee":"0.01","trade_type":"NATIVE","transaction_id":"4000442001201702261459668588"}
[2017-02-26 22:52:42][warn] 数据存储成功，并成功返回记录编号17330！
[2017-02-26 22:52:55][info] ----------------------------------------
[2017-02-26 22:52:55][info] XML_DATA111:[{appid=>wxefc029d4373dcac0}{bank_type=>CFT}{cash_fee=>1}{fee_type=>CNY}{is_subscribe=>Y}{mch_id=>1244967502}{nonce_str=>pzqak7ulm0rqjgwpuwlcq8c1w84z27q4}{openid=>orYumuAFxLGdyO7Su3wb9ENumlPo}{out_trade_no=>LX-17012715593492301-e}{result_code=>SUCCESS}{return_code=>SUCCESS}{sign=>786222E1FB6A02E5C2DB8215A7DBC451}{time_end=>20170226225241}{total_fee=>1}{trade_type=>NATIVE}{transaction_id=>4000442001201702261459668588}]
[2017-02-26 22:52:55][info] k:appid=>wxefc029d4373dcac0
[2017-02-26 22:52:55][info] k:bank_type=>CFT
[2017-02-26 22:52:55][info] k:cash_fee=>1
[2017-02-26 22:52:55][info] k:fee_type=>CNY
[2017-02-26 22:52:55][info] k:is_subscribe=>Y
[2017-02-26 22:52:55][info] k:mch_id=>1244967502
[2017-02-26 22:52:55][info] k:nonce_str=>pzqak7ulm0rqjgwpuwlcq8c1w84z27q4
[2017-02-26 22:52:55][info] k:openid=>orYumuAFxLGdyO7Su3wb9ENumlPo
[2017-02-26 22:52:55][info] k:out_trade_no=>LX-17012715593492301-e
[2017-02-26 22:52:55][info] k:result_code=>SUCCESS
[2017-02-26 22:52:55][info] k:return_code=>SUCCESS
[2017-02-26 22:52:55][info] k:sign=>786222E1FB6A02E5C2DB8215A7DBC451
[2017-02-26 22:52:55][info] k:time_end=>20170226225241
[2017-02-26 22:52:55][info] k:total_fee=>1
[2017-02-26 22:52:55][info] k:trade_type=>NATIVE
[2017-02-26 22:52:55][info] k:transaction_id=>4000442001201702261459668588
[2017-02-26 22:52:55][info] ----------------------------------------
[2017-02-26 22:52:55][info] XML_DATA222:{"appid":"wxefc029d4373dcac0","bank_type":"CFT","cash_fee":"0.01","fee_type":"CNY","is_subscribe":"Y","mch_id":"1244967502","nonce_str":"pzqak7ulm0rqjgwpuwlcq8c1w84z27q4","openid":"orYumuAFxLGdyO7Su3wb9ENumlPo","out_trade_no":"LX-17012715593492301-e","result_code":"SUCCESS","return_code":"SUCCESS","sign":"786222E1FB6A02E5C2DB8215A7DBC451","time_end":"20170226225241","total_fee":"0.01","trade_type":"NATIVE","transaction_id":"4000442001201702261459668588"}
[2017-02-26 22:52:55][info] 收到重复信息，并处理反馈成功！
[2017-02-26 22:52:55][info] success
[2017-02-26 22:52:55][info] 写入结束!!!
