[2017-05-02 17:52:05][info] ----------------------------------------
[2017-05-02 17:52:05][info] XML_DATA111:[{appid=>wxefc029d4373dcac0}{bank_type=>CFT}{cash_fee=>510000}{fee_type=>CNY}{is_subscribe=>N}{mch_id=>1244967502}{nonce_str=>9z9sjs7jww6p1aotqir8f3956yopkz0r}{openid=>orYumuMAPZmtsEo30_1Ztb_6orBo}{out_trade_no=>LX-17042115153122101-c}{result_code=>SUCCESS}{return_code=>SUCCESS}{sign=>707233DCBFE0980AE315EBFA43AAEF4A}{time_end=>20170502175204}{total_fee=>510000}{trade_type=>NATIVE}{transaction_id=>4003392001201705029266992263}]
[2017-05-02 17:52:05][info] k:appid=>wxefc029d4373dcac0
[2017-05-02 17:52:05][info] k:bank_type=>CFT
[2017-05-02 17:52:05][info] k:cash_fee=>510000
[2017-05-02 17:52:05][info] k:fee_type=>CNY
[2017-05-02 17:52:05][info] k:is_subscribe=>N
[2017-05-02 17:52:05][info] k:mch_id=>1244967502
[2017-05-02 17:52:05][info] k:nonce_str=>9z9sjs7jww6p1aotqir8f3956yopkz0r
[2017-05-02 17:52:05][info] k:openid=>orYumuMAPZmtsEo30_1Ztb_6orBo
[2017-05-02 17:52:05][info] k:out_trade_no=>LX-17042115153122101-c
[2017-05-02 17:52:05][info] k:result_code=>SUCCESS
[2017-05-02 17:52:05][info] k:return_code=>SUCCESS
[2017-05-02 17:52:05][info] k:sign=>707233DCBFE0980AE315EBFA43AAEF4A
[2017-05-02 17:52:05][info] k:time_end=>20170502175204
[2017-05-02 17:52:05][info] k:total_fee=>510000
[2017-05-02 17:52:05][info] k:trade_type=>NATIVE
[2017-05-02 17:52:05][info] k:transaction_id=>4003392001201705029266992263
[2017-05-02 17:52:05][info] ----------------------------------------
[2017-05-02 17:52:05][info] XML_DATA222:{"appid":"wxefc029d4373dcac0","bank_type":"CFT","cash_fee":"5100.00","fee_type":"CNY","is_subscribe":"N","mch_id":"1244967502","nonce_str":"9z9sjs7jww6p1aotqir8f3956yopkz0r","openid":"orYumuMAPZmtsEo30_1Ztb_6orBo","out_trade_no":"LX-17042115153122101-c","result_code":"SUCCESS","return_code":"SUCCESS","sign":"707233DCBFE0980AE315EBFA43AAEF4A","time_end":"20170502175204","total_fee":"5100.00","trade_type":"NATIVE","transaction_id":"4003392001201705029266992263"}
[2017-05-02 17:52:06][warn] 数据存储成功，并成功返回记录编号17473！
[2017-05-02 17:52:18][info] ----------------------------------------
[2017-05-02 17:52:18][info] XML_DATA111:[{appid=>wxefc029d4373dcac0}{bank_type=>CFT}{cash_fee=>510000}{fee_type=>CNY}{is_subscribe=>N}{mch_id=>1244967502}{nonce_str=>9z9sjs7jww6p1aotqir8f3956yopkz0r}{openid=>orYumuMAPZmtsEo30_1Ztb_6orBo}{out_trade_no=>LX-17042115153122101-c}{result_code=>SUCCESS}{return_code=>SUCCESS}{sign=>707233DCBFE0980AE315EBFA43AAEF4A}{time_end=>20170502175204}{total_fee=>510000}{trade_type=>NATIVE}{transaction_id=>4003392001201705029266992263}]
[2017-05-02 17:52:18][info] k:appid=>wxefc029d4373dcac0
[2017-05-02 17:52:18][info] k:bank_type=>CFT
[2017-05-02 17:52:18][info] k:cash_fee=>510000
[2017-05-02 17:52:18][info] k:fee_type=>CNY
[2017-05-02 17:52:18][info] k:is_subscribe=>N
[2017-05-02 17:52:18][info] k:mch_id=>1244967502
[2017-05-02 17:52:18][info] k:nonce_str=>9z9sjs7jww6p1aotqir8f3956yopkz0r
[2017-05-02 17:52:18][info] k:openid=>orYumuMAPZmtsEo30_1Ztb_6orBo
[2017-05-02 17:52:18][info] k:out_trade_no=>LX-17042115153122101-c
[2017-05-02 17:52:18][info] k:result_code=>SUCCESS
[2017-05-02 17:52:18][info] k:return_code=>SUCCESS
[2017-05-02 17:52:18][info] k:sign=>707233DCBFE0980AE315EBFA43AAEF4A
[2017-05-02 17:52:18][info] k:time_end=>20170502175204
[2017-05-02 17:52:18][info] k:total_fee=>510000
[2017-05-02 17:52:18][info] k:trade_type=>NATIVE
[2017-05-02 17:52:18][info] k:transaction_id=>4003392001201705029266992263
[2017-05-02 17:52:18][info] ----------------------------------------
[2017-05-02 17:52:18][info] XML_DATA222:{"appid":"wxefc029d4373dcac0","bank_type":"CFT","cash_fee":"5100.00","fee_type":"CNY","is_subscribe":"N","mch_id":"1244967502","nonce_str":"9z9sjs7jww6p1aotqir8f3956yopkz0r","openid":"orYumuMAPZmtsEo30_1Ztb_6orBo","out_trade_no":"LX-17042115153122101-c","result_code":"SUCCESS","return_code":"SUCCESS","sign":"707233DCBFE0980AE315EBFA43AAEF4A","time_end":"20170502175204","total_fee":"5100.00","trade_type":"NATIVE","transaction_id":"4003392001201705029266992263"}
[2017-05-02 17:52:19][info] 收到重复信息，并处理反馈成功！
[2017-05-02 17:52:19][info] success
[2017-05-02 17:52:19][info] 写入结束!!!
[2017-05-02 21:13:01][info] ----------------------------------------
[2017-05-02 21:13:01][info] XML_DATA111:[{appid=>wxefc029d4373dcac0}{bank_type=>CMB_DEBIT}{cash_fee=>540000}{fee_type=>CNY}{is_subscribe=>N}{mch_id=>1244967502}{nonce_str=>sweaa1s5s6jh8tcwm1g5uxo8xddi5av5}{openid=>orYumuGM9MSvLkjNzIVFZJ-OMNMI}{out_trade_no=>LX-17043008114243306-4}{result_code=>SUCCESS}{return_code=>SUCCESS}{sign=>E3BD070579519E17249730A27629B9AE}{time_end=>20170502211300}{total_fee=>540000}{trade_type=>NATIVE}{transaction_id=>4004562001201705029295356535}]
[2017-05-02 21:13:01][info] k:appid=>wxefc029d4373dcac0
[2017-05-02 21:13:01][info] k:bank_type=>CMB_DEBIT
[2017-05-02 21:13:01][info] k:cash_fee=>540000
[2017-05-02 21:13:01][info] k:fee_type=>CNY
[2017-05-02 21:13:01][info] k:is_subscribe=>N
[2017-05-02 21:13:01][info] k:mch_id=>1244967502
[2017-05-02 21:13:01][info] k:nonce_str=>sweaa1s5s6jh8tcwm1g5uxo8xddi5av5
[2017-05-02 21:13:01][info] k:openid=>orYumuGM9MSvLkjNzIVFZJ-OMNMI
[2017-05-02 21:13:01][info] k:out_trade_no=>LX-17043008114243306-4
[2017-05-02 21:13:01][info] k:result_code=>SUCCESS
[2017-05-02 21:13:01][info] k:return_code=>SUCCESS
[2017-05-02 21:13:01][info] k:sign=>E3BD070579519E17249730A27629B9AE
[2017-05-02 21:13:01][info] k:time_end=>20170502211300
[2017-05-02 21:13:01][info] k:total_fee=>540000
[2017-05-02 21:13:01][info] k:trade_type=>NATIVE
[2017-05-02 21:13:01][info] k:transaction_id=>4004562001201705029295356535
[2017-05-02 21:13:01][info] ----------------------------------------
[2017-05-02 21:13:01][info] XML_DATA222:{"appid":"wxefc029d4373dcac0","bank_type":"CMB_DEBIT","cash_fee":"5400.00","fee_type":"CNY","is_subscribe":"N","mch_id":"1244967502","nonce_str":"sweaa1s5s6jh8tcwm1g5uxo8xddi5av5","openid":"orYumuGM9MSvLkjNzIVFZJ-OMNMI","out_trade_no":"LX-17043008114243306-4","result_code":"SUCCESS","return_code":"SUCCESS","sign":"E3BD070579519E17249730A27629B9AE","time_end":"20170502211300","total_fee":"5400.00","trade_type":"NATIVE","transaction_id":"4004562001201705029295356535"}
[2017-05-02 21:13:01][warn] 数据存储成功，并成功返回记录编号17475！
[2017-05-02 21:13:15][info] ----------------------------------------
[2017-05-02 21:13:15][info] XML_DATA111:[{appid=>wxefc029d4373dcac0}{bank_type=>CMB_DEBIT}{cash_fee=>540000}{fee_type=>CNY}{is_subscribe=>N}{mch_id=>1244967502}{nonce_str=>sweaa1s5s6jh8tcwm1g5uxo8xddi5av5}{openid=>orYumuGM9MSvLkjNzIVFZJ-OMNMI}{out_trade_no=>LX-17043008114243306-4}{result_code=>SUCCESS}{return_code=>SUCCESS}{sign=>E3BD070579519E17249730A27629B9AE}{time_end=>20170502211300}{total_fee=>540000}{trade_type=>NATIVE}{transaction_id=>4004562001201705029295356535}]
[2017-05-02 21:13:15][info] k:appid=>wxefc029d4373dcac0
[2017-05-02 21:13:15][info] k:bank_type=>CMB_DEBIT
[2017-05-02 21:13:15][info] k:cash_fee=>540000
[2017-05-02 21:13:15][info] k:fee_type=>CNY
[2017-05-02 21:13:15][info] k:is_subscribe=>N
[2017-05-02 21:13:15][info] k:mch_id=>1244967502
[2017-05-02 21:13:15][info] k:nonce_str=>sweaa1s5s6jh8tcwm1g5uxo8xddi5av5
[2017-05-02 21:13:15][info] k:openid=>orYumuGM9MSvLkjNzIVFZJ-OMNMI
[2017-05-02 21:13:15][info] k:out_trade_no=>LX-17043008114243306-4
[2017-05-02 21:13:15][info] k:result_code=>SUCCESS
[2017-05-02 21:13:15][info] k:return_code=>SUCCESS
[2017-05-02 21:13:15][info] k:sign=>E3BD070579519E17249730A27629B9AE
[2017-05-02 21:13:15][info] k:time_end=>20170502211300
[2017-05-02 21:13:15][info] k:total_fee=>540000
[2017-05-02 21:13:15][info] k:trade_type=>NATIVE
[2017-05-02 21:13:15][info] k:transaction_id=>4004562001201705029295356535
[2017-05-02 21:13:15][info] ----------------------------------------
[2017-05-02 21:13:15][info] XML_DATA222:{"appid":"wxefc029d4373dcac0","bank_type":"CMB_DEBIT","cash_fee":"5400.00","fee_type":"CNY","is_subscribe":"N","mch_id":"1244967502","nonce_str":"sweaa1s5s6jh8tcwm1g5uxo8xddi5av5","openid":"orYumuGM9MSvLkjNzIVFZJ-OMNMI","out_trade_no":"LX-17043008114243306-4","result_code":"SUCCESS","return_code":"SUCCESS","sign":"E3BD070579519E17249730A27629B9AE","time_end":"20170502211300","total_fee":"5400.00","trade_type":"NATIVE","transaction_id":"4004562001201705029295356535"}
[2017-05-02 21:13:15][info] 收到重复信息，并处理反馈成功！
[2017-05-02 21:13:15][info] success
[2017-05-02 21:13:15][info] 写入结束!!!
