[2017-04-19 11:07:52][info] ----------------------------------------
[2017-04-19 11:07:52][info] XML_DATA111:[{appid=>wxefc029d4373dcac0}{bank_type=>CMB_CREDIT}{cash_fee=>224000}{fee_type=>CNY}{is_subscribe=>N}{mch_id=>1244967502}{nonce_str=>ayjej53s51ynmotdmuz2wnyjm793sk8z}{openid=>orYumuETZbnPbEeaOvs2YsPJtQaw}{out_trade_no=>LX-17041900442774506-d}{result_code=>SUCCESS}{return_code=>SUCCESS}{sign=>F0B024DB2046C111B33C7979A1F8C530}{time_end=>20170419110751}{total_fee=>224000}{trade_type=>NATIVE}{transaction_id=>4000482001201704197540053962}]
[2017-04-19 11:07:52][info] k:appid=>wxefc029d4373dcac0
[2017-04-19 11:07:52][info] k:bank_type=>CMB_CREDIT
[2017-04-19 11:07:52][info] k:cash_fee=>224000
[2017-04-19 11:07:52][info] k:fee_type=>CNY
[2017-04-19 11:07:52][info] k:is_subscribe=>N
[2017-04-19 11:07:52][info] k:mch_id=>1244967502
[2017-04-19 11:07:52][info] k:nonce_str=>ayjej53s51ynmotdmuz2wnyjm793sk8z
[2017-04-19 11:07:52][info] k:openid=>orYumuETZbnPbEeaOvs2YsPJtQaw
[2017-04-19 11:07:52][info] k:out_trade_no=>LX-17041900442774506-d
[2017-04-19 11:07:52][info] k:result_code=>SUCCESS
[2017-04-19 11:07:52][info] k:return_code=>SUCCESS
[2017-04-19 11:07:52][info] k:sign=>F0B024DB2046C111B33C7979A1F8C530
[2017-04-19 11:07:52][info] k:time_end=>20170419110751
[2017-04-19 11:07:52][info] k:total_fee=>224000
[2017-04-19 11:07:52][info] k:trade_type=>NATIVE
[2017-04-19 11:07:52][info] k:transaction_id=>4000482001201704197540053962
[2017-04-19 11:07:52][info] ----------------------------------------
[2017-04-19 11:07:52][info] XML_DATA222:{"appid":"wxefc029d4373dcac0","bank_type":"CMB_CREDIT","cash_fee":"2240.00","fee_type":"CNY","is_subscribe":"N","mch_id":"1244967502","nonce_str":"ayjej53s51ynmotdmuz2wnyjm793sk8z","openid":"orYumuETZbnPbEeaOvs2YsPJtQaw","out_trade_no":"LX-17041900442774506-d","result_code":"SUCCESS","return_code":"SUCCESS","sign":"F0B024DB2046C111B33C7979A1F8C530","time_end":"20170419110751","total_fee":"2240.00","trade_type":"NATIVE","transaction_id":"4000482001201704197540053962"}
[2017-04-19 11:07:52][warn] 数据存储成功，并成功返回记录编号17453！
[2017-04-19 11:08:05][info] ----------------------------------------
[2017-04-19 11:08:05][info] XML_DATA111:[{appid=>wxefc029d4373dcac0}{bank_type=>CMB_CREDIT}{cash_fee=>224000}{fee_type=>CNY}{is_subscribe=>N}{mch_id=>1244967502}{nonce_str=>ayjej53s51ynmotdmuz2wnyjm793sk8z}{openid=>orYumuETZbnPbEeaOvs2YsPJtQaw}{out_trade_no=>LX-17041900442774506-d}{result_code=>SUCCESS}{return_code=>SUCCESS}{sign=>F0B024DB2046C111B33C7979A1F8C530}{time_end=>20170419110751}{total_fee=>224000}{trade_type=>NATIVE}{transaction_id=>4000482001201704197540053962}]
[2017-04-19 11:08:05][info] k:appid=>wxefc029d4373dcac0
[2017-04-19 11:08:05][info] k:bank_type=>CMB_CREDIT
[2017-04-19 11:08:05][info] k:cash_fee=>224000
[2017-04-19 11:08:05][info] k:fee_type=>CNY
[2017-04-19 11:08:05][info] k:is_subscribe=>N
[2017-04-19 11:08:05][info] k:mch_id=>1244967502
[2017-04-19 11:08:05][info] k:nonce_str=>ayjej53s51ynmotdmuz2wnyjm793sk8z
[2017-04-19 11:08:05][info] k:openid=>orYumuETZbnPbEeaOvs2YsPJtQaw
[2017-04-19 11:08:05][info] k:out_trade_no=>LX-17041900442774506-d
[2017-04-19 11:08:05][info] k:result_code=>SUCCESS
[2017-04-19 11:08:05][info] k:return_code=>SUCCESS
[2017-04-19 11:08:05][info] k:sign=>F0B024DB2046C111B33C7979A1F8C530
[2017-04-19 11:08:05][info] k:time_end=>20170419110751
[2017-04-19 11:08:05][info] k:total_fee=>224000
[2017-04-19 11:08:05][info] k:trade_type=>NATIVE
[2017-04-19 11:08:05][info] k:transaction_id=>4000482001201704197540053962
[2017-04-19 11:08:05][info] ----------------------------------------
[2017-04-19 11:08:05][info] XML_DATA222:{"appid":"wxefc029d4373dcac0","bank_type":"CMB_CREDIT","cash_fee":"2240.00","fee_type":"CNY","is_subscribe":"N","mch_id":"1244967502","nonce_str":"ayjej53s51ynmotdmuz2wnyjm793sk8z","openid":"orYumuETZbnPbEeaOvs2YsPJtQaw","out_trade_no":"LX-17041900442774506-d","result_code":"SUCCESS","return_code":"SUCCESS","sign":"F0B024DB2046C111B33C7979A1F8C530","time_end":"20170419110751","total_fee":"2240.00","trade_type":"NATIVE","transaction_id":"4000482001201704197540053962"}
[2017-04-19 11:08:05][info] 收到重复信息，并处理反馈成功！
[2017-04-19 11:08:05][info] success
[2017-04-19 11:08:05][info] 写入结束!!!
[2017-04-19 13:29:34][info] ----------------------------------------
[2017-04-19 13:29:34][info] XML_DATA111:[{appid=>wxefc029d4373dcac0}{bank_type=>CEB_DEBIT}{cash_fee=>259000}{fee_type=>CNY}{is_subscribe=>N}{mch_id=>1244967502}{nonce_str=>j7jd0hb7kfffr1a95y9t9gkmjp7w9sqn}{openid=>orYumuPvT0SrLKDDhXh-BriLVhJQ}{out_trade_no=>LX-17041811293330906-8}{result_code=>SUCCESS}{return_code=>SUCCESS}{sign=>9A64C3FC33BDA2784B3835CBD851504E}{time_end=>20170419132932}{total_fee=>259000}{trade_type=>NATIVE}{transaction_id=>4008212001201704197560769233}]
[2017-04-19 13:29:34][info] k:appid=>wxefc029d4373dcac0
[2017-04-19 13:29:34][info] k:bank_type=>CEB_DEBIT
[2017-04-19 13:29:34][info] k:cash_fee=>259000
[2017-04-19 13:29:34][info] k:fee_type=>CNY
[2017-04-19 13:29:34][info] k:is_subscribe=>N
[2017-04-19 13:29:34][info] k:mch_id=>1244967502
[2017-04-19 13:29:34][info] k:nonce_str=>j7jd0hb7kfffr1a95y9t9gkmjp7w9sqn
[2017-04-19 13:29:34][info] k:openid=>orYumuPvT0SrLKDDhXh-BriLVhJQ
[2017-04-19 13:29:34][info] k:out_trade_no=>LX-17041811293330906-8
[2017-04-19 13:29:34][info] k:result_code=>SUCCESS
[2017-04-19 13:29:34][info] k:return_code=>SUCCESS
[2017-04-19 13:29:34][info] k:sign=>9A64C3FC33BDA2784B3835CBD851504E
[2017-04-19 13:29:34][info] k:time_end=>20170419132932
[2017-04-19 13:29:34][info] k:total_fee=>259000
[2017-04-19 13:29:34][info] k:trade_type=>NATIVE
[2017-04-19 13:29:34][info] k:transaction_id=>4008212001201704197560769233
[2017-04-19 13:29:34][info] ----------------------------------------
[2017-04-19 13:29:34][info] XML_DATA222:{"appid":"wxefc029d4373dcac0","bank_type":"CEB_DEBIT","cash_fee":"2590.00","fee_type":"CNY","is_subscribe":"N","mch_id":"1244967502","nonce_str":"j7jd0hb7kfffr1a95y9t9gkmjp7w9sqn","openid":"orYumuPvT0SrLKDDhXh-BriLVhJQ","out_trade_no":"LX-17041811293330906-8","result_code":"SUCCESS","return_code":"SUCCESS","sign":"9A64C3FC33BDA2784B3835CBD851504E","time_end":"20170419132932","total_fee":"2590.00","trade_type":"NATIVE","transaction_id":"4008212001201704197560769233"}
[2017-04-19 13:29:34][warn] 数据存储成功，并成功返回记录编号17455！
[2017-04-19 13:29:49][info] ----------------------------------------
[2017-04-19 13:29:49][info] XML_DATA111:[{appid=>wxefc029d4373dcac0}{bank_type=>CEB_DEBIT}{cash_fee=>259000}{fee_type=>CNY}{is_subscribe=>N}{mch_id=>1244967502}{nonce_str=>j7jd0hb7kfffr1a95y9t9gkmjp7w9sqn}{openid=>orYumuPvT0SrLKDDhXh-BriLVhJQ}{out_trade_no=>LX-17041811293330906-8}{result_code=>SUCCESS}{return_code=>SUCCESS}{sign=>9A64C3FC33BDA2784B3835CBD851504E}{time_end=>20170419132932}{total_fee=>259000}{trade_type=>NATIVE}{transaction_id=>4008212001201704197560769233}]
[2017-04-19 13:29:49][info] k:appid=>wxefc029d4373dcac0
[2017-04-19 13:29:49][info] k:bank_type=>CEB_DEBIT
[2017-04-19 13:29:49][info] k:cash_fee=>259000
[2017-04-19 13:29:49][info] k:fee_type=>CNY
[2017-04-19 13:29:49][info] k:is_subscribe=>N
[2017-04-19 13:29:49][info] k:mch_id=>1244967502
[2017-04-19 13:29:49][info] k:nonce_str=>j7jd0hb7kfffr1a95y9t9gkmjp7w9sqn
[2017-04-19 13:29:49][info] k:openid=>orYumuPvT0SrLKDDhXh-BriLVhJQ
[2017-04-19 13:29:49][info] k:out_trade_no=>LX-17041811293330906-8
[2017-04-19 13:29:49][info] k:result_code=>SUCCESS
[2017-04-19 13:29:49][info] k:return_code=>SUCCESS
[2017-04-19 13:29:49][info] k:sign=>9A64C3FC33BDA2784B3835CBD851504E
[2017-04-19 13:29:49][info] k:time_end=>20170419132932
[2017-04-19 13:29:49][info] k:total_fee=>259000
[2017-04-19 13:29:49][info] k:trade_type=>NATIVE
[2017-04-19 13:29:49][info] k:transaction_id=>4008212001201704197560769233
[2017-04-19 13:29:49][info] ----------------------------------------
[2017-04-19 13:29:49][info] XML_DATA222:{"appid":"wxefc029d4373dcac0","bank_type":"CEB_DEBIT","cash_fee":"2590.00","fee_type":"CNY","is_subscribe":"N","mch_id":"1244967502","nonce_str":"j7jd0hb7kfffr1a95y9t9gkmjp7w9sqn","openid":"orYumuPvT0SrLKDDhXh-BriLVhJQ","out_trade_no":"LX-17041811293330906-8","result_code":"SUCCESS","return_code":"SUCCESS","sign":"9A64C3FC33BDA2784B3835CBD851504E","time_end":"20170419132932","total_fee":"2590.00","trade_type":"NATIVE","transaction_id":"4008212001201704197560769233"}
[2017-04-19 13:29:49][info] 收到重复信息，并处理反馈成功！
[2017-04-19 13:29:49][info] success
[2017-04-19 13:29:49][info] 写入结束!!!
