[2017-09-22 09:50:12][info] ----------------------------------------
[2017-09-22 09:50:12][info] XML_DATA111:[{appid=>wxefc029d4373dcac0}{bank_type=>CIB_DEBIT}{cash_fee=>578000}{fee_type=>CNY}{is_subscribe=>Y}{mch_id=>1244967502}{nonce_str=>t75ibt0ycr3x6z8exc1k9ux3c5xyzh1f}{openid=>orYumuHkOoLSMuzqtAg585pjEScA}{out_trade_no=>LX-17082015363322606-9}{result_code=>SUCCESS}{return_code=>SUCCESS}{sign=>4FC0295B987E340C6036455E71859C8C}{time_end=>20170922095012}{total_fee=>578000}{trade_type=>NATIVE}{transaction_id=>4200000001201709223515112466}]
[2017-09-22 09:50:12][info] k:appid=>wxefc029d4373dcac0
[2017-09-22 09:50:12][info] k:bank_type=>CIB_DEBIT
[2017-09-22 09:50:12][info] k:cash_fee=>578000
[2017-09-22 09:50:12][info] k:fee_type=>CNY
[2017-09-22 09:50:12][info] k:is_subscribe=>Y
[2017-09-22 09:50:12][info] k:mch_id=>1244967502
[2017-09-22 09:50:12][info] k:nonce_str=>t75ibt0ycr3x6z8exc1k9ux3c5xyzh1f
[2017-09-22 09:50:12][info] k:openid=>orYumuHkOoLSMuzqtAg585pjEScA
[2017-09-22 09:50:12][info] k:out_trade_no=>LX-17082015363322606-9
[2017-09-22 09:50:12][info] k:result_code=>SUCCESS
[2017-09-22 09:50:12][info] k:return_code=>SUCCESS
[2017-09-22 09:50:12][info] k:sign=>4FC0295B987E340C6036455E71859C8C
[2017-09-22 09:50:12][info] k:time_end=>20170922095012
[2017-09-22 09:50:12][info] k:total_fee=>578000
[2017-09-22 09:50:12][info] k:trade_type=>NATIVE
[2017-09-22 09:50:12][info] k:transaction_id=>4200000001201709223515112466
[2017-09-22 09:50:12][info] ----------------------------------------
[2017-09-22 09:50:12][info] XML_DATA222:{"appid":"wxefc029d4373dcac0","bank_type":"CIB_DEBIT","cash_fee":"5780.00","fee_type":"CNY","is_subscribe":"Y","mch_id":"1244967502","nonce_str":"t75ibt0ycr3x6z8exc1k9ux3c5xyzh1f","openid":"orYumuHkOoLSMuzqtAg585pjEScA","out_trade_no":"LX-17082015363322606-9","result_code":"SUCCESS","return_code":"SUCCESS","sign":"4FC0295B987E340C6036455E71859C8C","time_end":"20170922095012","total_fee":"5780.00","trade_type":"NATIVE","transaction_id":"4200000001201709223515112466"}
[2017-09-22 09:50:12][warn] 数据存储成功，并成功返回记录编号19181！
[2017-09-22 09:50:21][info] ----------------------------------------
[2017-09-22 09:50:21][info] XML_DATA111:[{appid=>wxefc029d4373dcac0}{bank_type=>CIB_DEBIT}{cash_fee=>578000}{fee_type=>CNY}{is_subscribe=>Y}{mch_id=>1244967502}{nonce_str=>t75ibt0ycr3x6z8exc1k9ux3c5xyzh1f}{openid=>orYumuHkOoLSMuzqtAg585pjEScA}{out_trade_no=>LX-17082015363322606-9}{result_code=>SUCCESS}{return_code=>SUCCESS}{sign=>4FC0295B987E340C6036455E71859C8C}{time_end=>20170922095012}{total_fee=>578000}{trade_type=>NATIVE}{transaction_id=>4200000001201709223515112466}]
[2017-09-22 09:50:21][info] k:appid=>wxefc029d4373dcac0
[2017-09-22 09:50:21][info] k:bank_type=>CIB_DEBIT
[2017-09-22 09:50:21][info] k:cash_fee=>578000
[2017-09-22 09:50:21][info] k:fee_type=>CNY
[2017-09-22 09:50:21][info] k:is_subscribe=>Y
[2017-09-22 09:50:21][info] k:mch_id=>1244967502
[2017-09-22 09:50:21][info] k:nonce_str=>t75ibt0ycr3x6z8exc1k9ux3c5xyzh1f
[2017-09-22 09:50:21][info] k:openid=>orYumuHkOoLSMuzqtAg585pjEScA
[2017-09-22 09:50:21][info] k:out_trade_no=>LX-17082015363322606-9
[2017-09-22 09:50:21][info] k:result_code=>SUCCESS
[2017-09-22 09:50:21][info] k:return_code=>SUCCESS
[2017-09-22 09:50:21][info] k:sign=>4FC0295B987E340C6036455E71859C8C
[2017-09-22 09:50:21][info] k:time_end=>20170922095012
[2017-09-22 09:50:21][info] k:total_fee=>578000
[2017-09-22 09:50:21][info] k:trade_type=>NATIVE
[2017-09-22 09:50:21][info] k:transaction_id=>4200000001201709223515112466
[2017-09-22 09:50:21][info] ----------------------------------------
[2017-09-22 09:50:21][info] XML_DATA222:{"appid":"wxefc029d4373dcac0","bank_type":"CIB_DEBIT","cash_fee":"5780.00","fee_type":"CNY","is_subscribe":"Y","mch_id":"1244967502","nonce_str":"t75ibt0ycr3x6z8exc1k9ux3c5xyzh1f","openid":"orYumuHkOoLSMuzqtAg585pjEScA","out_trade_no":"LX-17082015363322606-9","result_code":"SUCCESS","return_code":"SUCCESS","sign":"4FC0295B987E340C6036455E71859C8C","time_end":"20170922095012","total_fee":"5780.00","trade_type":"NATIVE","transaction_id":"4200000001201709223515112466"}
[2017-09-22 09:50:21][info] 收到重复信息，并处理反馈成功！
[2017-09-22 09:50:21][info] success
[2017-09-22 09:50:21][info] 写入结束!!!
[2017-09-22 12:02:51][info] ----------------------------------------
[2017-09-22 12:02:51][info] XML_DATA111:[{appid=>wxefc029d4373dcac0}{bank_type=>CFT}{cash_fee=>387050}{fee_type=>CNY}{is_subscribe=>N}{mch_id=>1244967502}{nonce_str=>tzdz3w7lonv9xeuexjc82ng07wayllf9}{openid=>orYumuK66qfGWBKd-LB_OhPfRZ5Q}{out_trade_no=>LX-17090818271434201-e}{result_code=>SUCCESS}{return_code=>SUCCESS}{sign=>FDF7BBA486891171F3B849FDD1F0BCD3}{time_end=>20170922120251}{total_fee=>387050}{trade_type=>NATIVE}{transaction_id=>4200000013201709223540977464}]
[2017-09-22 12:02:51][info] k:appid=>wxefc029d4373dcac0
[2017-09-22 12:02:51][info] k:bank_type=>CFT
[2017-09-22 12:02:51][info] k:cash_fee=>387050
[2017-09-22 12:02:51][info] k:fee_type=>CNY
[2017-09-22 12:02:51][info] k:is_subscribe=>N
[2017-09-22 12:02:51][info] k:mch_id=>1244967502
[2017-09-22 12:02:51][info] k:nonce_str=>tzdz3w7lonv9xeuexjc82ng07wayllf9
[2017-09-22 12:02:51][info] k:openid=>orYumuK66qfGWBKd-LB_OhPfRZ5Q
[2017-09-22 12:02:51][info] k:out_trade_no=>LX-17090818271434201-e
[2017-09-22 12:02:51][info] k:result_code=>SUCCESS
[2017-09-22 12:02:51][info] k:return_code=>SUCCESS
[2017-09-22 12:02:51][info] k:sign=>FDF7BBA486891171F3B849FDD1F0BCD3
[2017-09-22 12:02:51][info] k:time_end=>20170922120251
[2017-09-22 12:02:51][info] k:total_fee=>387050
[2017-09-22 12:02:51][info] k:trade_type=>NATIVE
[2017-09-22 12:02:51][info] k:transaction_id=>4200000013201709223540977464
[2017-09-22 12:02:51][info] ----------------------------------------
[2017-09-22 12:02:51][info] XML_DATA222:{"appid":"wxefc029d4373dcac0","bank_type":"CFT","cash_fee":"3870.50","fee_type":"CNY","is_subscribe":"N","mch_id":"1244967502","nonce_str":"tzdz3w7lonv9xeuexjc82ng07wayllf9","openid":"orYumuK66qfGWBKd-LB_OhPfRZ5Q","out_trade_no":"LX-17090818271434201-e","result_code":"SUCCESS","return_code":"SUCCESS","sign":"FDF7BBA486891171F3B849FDD1F0BCD3","time_end":"20170922120251","total_fee":"3870.50","trade_type":"NATIVE","transaction_id":"4200000013201709223540977464"}
[2017-09-22 12:02:52][warn] 数据存储成功，并成功返回记录编号19186！
[2017-09-22 12:03:04][info] ----------------------------------------
[2017-09-22 12:03:04][info] XML_DATA111:[{appid=>wxefc029d4373dcac0}{bank_type=>CFT}{cash_fee=>387050}{fee_type=>CNY}{is_subscribe=>N}{mch_id=>1244967502}{nonce_str=>tzdz3w7lonv9xeuexjc82ng07wayllf9}{openid=>orYumuK66qfGWBKd-LB_OhPfRZ5Q}{out_trade_no=>LX-17090818271434201-e}{result_code=>SUCCESS}{return_code=>SUCCESS}{sign=>FDF7BBA486891171F3B849FDD1F0BCD3}{time_end=>20170922120251}{total_fee=>387050}{trade_type=>NATIVE}{transaction_id=>4200000013201709223540977464}]
[2017-09-22 12:03:04][info] k:appid=>wxefc029d4373dcac0
[2017-09-22 12:03:04][info] k:bank_type=>CFT
[2017-09-22 12:03:04][info] k:cash_fee=>387050
[2017-09-22 12:03:04][info] k:fee_type=>CNY
[2017-09-22 12:03:04][info] k:is_subscribe=>N
[2017-09-22 12:03:04][info] k:mch_id=>1244967502
[2017-09-22 12:03:04][info] k:nonce_str=>tzdz3w7lonv9xeuexjc82ng07wayllf9
[2017-09-22 12:03:04][info] k:openid=>orYumuK66qfGWBKd-LB_OhPfRZ5Q
[2017-09-22 12:03:04][info] k:out_trade_no=>LX-17090818271434201-e
[2017-09-22 12:03:04][info] k:result_code=>SUCCESS
[2017-09-22 12:03:04][info] k:return_code=>SUCCESS
[2017-09-22 12:03:04][info] k:sign=>FDF7BBA486891171F3B849FDD1F0BCD3
[2017-09-22 12:03:04][info] k:time_end=>20170922120251
[2017-09-22 12:03:04][info] k:total_fee=>387050
[2017-09-22 12:03:04][info] k:trade_type=>NATIVE
[2017-09-22 12:03:04][info] k:transaction_id=>4200000013201709223540977464
[2017-09-22 12:03:04][info] ----------------------------------------
[2017-09-22 12:03:04][info] XML_DATA222:{"appid":"wxefc029d4373dcac0","bank_type":"CFT","cash_fee":"3870.50","fee_type":"CNY","is_subscribe":"N","mch_id":"1244967502","nonce_str":"tzdz3w7lonv9xeuexjc82ng07wayllf9","openid":"orYumuK66qfGWBKd-LB_OhPfRZ5Q","out_trade_no":"LX-17090818271434201-e","result_code":"SUCCESS","return_code":"SUCCESS","sign":"FDF7BBA486891171F3B849FDD1F0BCD3","time_end":"20170922120251","total_fee":"3870.50","trade_type":"NATIVE","transaction_id":"4200000013201709223540977464"}
[2017-09-22 12:03:04][info] 收到重复信息，并处理反馈成功！
[2017-09-22 12:03:04][info] success
[2017-09-22 12:03:04][info] 写入结束!!!
[2017-09-22 14:29:27][info] ----------------------------------------
[2017-09-22 14:29:27][info] XML_DATA111:[{appid=>wxefc029d4373dcac0}{bank_type=>CITIC_CREDIT}{cash_fee=>1156000}{fee_type=>CNY}{is_subscribe=>N}{mch_id=>1244967502}{nonce_str=>diwuoc950gixzw1ue1jwnsa9zgz4zz8n}{openid=>orYumuPErDXPAA81KreJra6deSFQ}{out_trade_no=>LX-17092213180353606-5}{result_code=>SUCCESS}{return_code=>SUCCESS}{sign=>F749D8DBE3CA07C57EA06507CF36C132}{time_end=>20170922142927}{total_fee=>1156000}{trade_type=>NATIVE}{transaction_id=>4200000016201709223564073795}]
[2017-09-22 14:29:27][info] k:appid=>wxefc029d4373dcac0
[2017-09-22 14:29:27][info] k:bank_type=>CITIC_CREDIT
[2017-09-22 14:29:27][info] k:cash_fee=>1156000
[2017-09-22 14:29:27][info] k:fee_type=>CNY
[2017-09-22 14:29:27][info] k:is_subscribe=>N
[2017-09-22 14:29:27][info] k:mch_id=>1244967502
[2017-09-22 14:29:27][info] k:nonce_str=>diwuoc950gixzw1ue1jwnsa9zgz4zz8n
[2017-09-22 14:29:27][info] k:openid=>orYumuPErDXPAA81KreJra6deSFQ
[2017-09-22 14:29:27][info] k:out_trade_no=>LX-17092213180353606-5
[2017-09-22 14:29:27][info] k:result_code=>SUCCESS
[2017-09-22 14:29:27][info] k:return_code=>SUCCESS
[2017-09-22 14:29:27][info] k:sign=>F749D8DBE3CA07C57EA06507CF36C132
[2017-09-22 14:29:27][info] k:time_end=>20170922142927
[2017-09-22 14:29:27][info] k:total_fee=>1156000
[2017-09-22 14:29:27][info] k:trade_type=>NATIVE
[2017-09-22 14:29:27][info] k:transaction_id=>4200000016201709223564073795
[2017-09-22 14:29:27][info] ----------------------------------------
[2017-09-22 14:29:27][info] XML_DATA222:{"appid":"wxefc029d4373dcac0","bank_type":"CITIC_CREDIT","cash_fee":"11560.00","fee_type":"CNY","is_subscribe":"N","mch_id":"1244967502","nonce_str":"diwuoc950gixzw1ue1jwnsa9zgz4zz8n","openid":"orYumuPErDXPAA81KreJra6deSFQ","out_trade_no":"LX-17092213180353606-5","result_code":"SUCCESS","return_code":"SUCCESS","sign":"F749D8DBE3CA07C57EA06507CF36C132","time_end":"20170922142927","total_fee":"11560.00","trade_type":"NATIVE","transaction_id":"4200000016201709223564073795"}
[2017-09-22 14:29:28][warn] 数据存储成功，并成功返回记录编号19188！
[2017-09-22 14:29:41][info] ----------------------------------------
[2017-09-22 14:29:41][info] XML_DATA111:[{appid=>wxefc029d4373dcac0}{bank_type=>CITIC_CREDIT}{cash_fee=>1156000}{fee_type=>CNY}{is_subscribe=>N}{mch_id=>1244967502}{nonce_str=>diwuoc950gixzw1ue1jwnsa9zgz4zz8n}{openid=>orYumuPErDXPAA81KreJra6deSFQ}{out_trade_no=>LX-17092213180353606-5}{result_code=>SUCCESS}{return_code=>SUCCESS}{sign=>F749D8DBE3CA07C57EA06507CF36C132}{time_end=>20170922142927}{total_fee=>1156000}{trade_type=>NATIVE}{transaction_id=>4200000016201709223564073795}]
[2017-09-22 14:29:41][info] k:appid=>wxefc029d4373dcac0
[2017-09-22 14:29:41][info] k:bank_type=>CITIC_CREDIT
[2017-09-22 14:29:41][info] k:cash_fee=>1156000
[2017-09-22 14:29:41][info] k:fee_type=>CNY
[2017-09-22 14:29:41][info] k:is_subscribe=>N
[2017-09-22 14:29:41][info] k:mch_id=>1244967502
[2017-09-22 14:29:41][info] k:nonce_str=>diwuoc950gixzw1ue1jwnsa9zgz4zz8n
[2017-09-22 14:29:41][info] k:openid=>orYumuPErDXPAA81KreJra6deSFQ
[2017-09-22 14:29:41][info] k:out_trade_no=>LX-17092213180353606-5
[2017-09-22 14:29:41][info] k:result_code=>SUCCESS
[2017-09-22 14:29:41][info] k:return_code=>SUCCESS
[2017-09-22 14:29:41][info] k:sign=>F749D8DBE3CA07C57EA06507CF36C132
[2017-09-22 14:29:41][info] k:time_end=>20170922142927
[2017-09-22 14:29:41][info] k:total_fee=>1156000
[2017-09-22 14:29:41][info] k:trade_type=>NATIVE
[2017-09-22 14:29:41][info] k:transaction_id=>4200000016201709223564073795
[2017-09-22 14:29:41][info] ----------------------------------------
[2017-09-22 14:29:41][info] XML_DATA222:{"appid":"wxefc029d4373dcac0","bank_type":"CITIC_CREDIT","cash_fee":"11560.00","fee_type":"CNY","is_subscribe":"N","mch_id":"1244967502","nonce_str":"diwuoc950gixzw1ue1jwnsa9zgz4zz8n","openid":"orYumuPErDXPAA81KreJra6deSFQ","out_trade_no":"LX-17092213180353606-5","result_code":"SUCCESS","return_code":"SUCCESS","sign":"F749D8DBE3CA07C57EA06507CF36C132","time_end":"20170922142927","total_fee":"11560.00","trade_type":"NATIVE","transaction_id":"4200000016201709223564073795"}
[2017-09-22 14:29:41][info] 收到重复信息，并处理反馈成功！
[2017-09-22 14:29:41][info] success
[2017-09-22 14:29:41][info] 写入结束!!!
[2017-09-22 17:31:24][info] ----------------------------------------
[2017-09-22 17:31:24][info] XML_DATA111:[{appid=>wxefc029d4373dcac0}{bank_type=>ICBC_CREDIT}{cash_fee=>409200}{fee_type=>CNY}{is_subscribe=>N}{mch_id=>1244967502}{nonce_str=>saa3kz0hg6jncxipew5e8i4cg2k8diat}{openid=>orYumuKoU6XB5LaMgd9DVoy7HBZM}{out_trade_no=>LX-17092217184355601-b}{result_code=>SUCCESS}{return_code=>SUCCESS}{sign=>5FECD780A13745319A019B63EBD48E51}{time_end=>20170922173124}{total_fee=>409200}{trade_type=>NATIVE}{transaction_id=>4200000029201709223598773564}]
[2017-09-22 17:31:24][info] k:appid=>wxefc029d4373dcac0
[2017-09-22 17:31:24][info] k:bank_type=>ICBC_CREDIT
[2017-09-22 17:31:24][info] k:cash_fee=>409200
[2017-09-22 17:31:24][info] k:fee_type=>CNY
[2017-09-22 17:31:24][info] k:is_subscribe=>N
[2017-09-22 17:31:24][info] k:mch_id=>1244967502
[2017-09-22 17:31:24][info] k:nonce_str=>saa3kz0hg6jncxipew5e8i4cg2k8diat
[2017-09-22 17:31:24][info] k:openid=>orYumuKoU6XB5LaMgd9DVoy7HBZM
[2017-09-22 17:31:24][info] k:out_trade_no=>LX-17092217184355601-b
[2017-09-22 17:31:24][info] k:result_code=>SUCCESS
[2017-09-22 17:31:24][info] k:return_code=>SUCCESS
[2017-09-22 17:31:24][info] k:sign=>5FECD780A13745319A019B63EBD48E51
[2017-09-22 17:31:24][info] k:time_end=>20170922173124
[2017-09-22 17:31:24][info] k:total_fee=>409200
[2017-09-22 17:31:24][info] k:trade_type=>NATIVE
[2017-09-22 17:31:24][info] k:transaction_id=>4200000029201709223598773564
[2017-09-22 17:31:24][info] ----------------------------------------
[2017-09-22 17:31:24][info] XML_DATA222:{"appid":"wxefc029d4373dcac0","bank_type":"ICBC_CREDIT","cash_fee":"4092.00","fee_type":"CNY","is_subscribe":"N","mch_id":"1244967502","nonce_str":"saa3kz0hg6jncxipew5e8i4cg2k8diat","openid":"orYumuKoU6XB5LaMgd9DVoy7HBZM","out_trade_no":"LX-17092217184355601-b","result_code":"SUCCESS","return_code":"SUCCESS","sign":"5FECD780A13745319A019B63EBD48E51","time_end":"20170922173124","total_fee":"4092.00","trade_type":"NATIVE","transaction_id":"4200000029201709223598773564"}
[2017-09-22 17:31:24][warn] 数据存储成功，并成功返回记录编号19195！
[2017-09-22 17:31:38][info] ----------------------------------------
[2017-09-22 17:31:38][info] XML_DATA111:[{appid=>wxefc029d4373dcac0}{bank_type=>ICBC_CREDIT}{cash_fee=>409200}{fee_type=>CNY}{is_subscribe=>N}{mch_id=>1244967502}{nonce_str=>saa3kz0hg6jncxipew5e8i4cg2k8diat}{openid=>orYumuKoU6XB5LaMgd9DVoy7HBZM}{out_trade_no=>LX-17092217184355601-b}{result_code=>SUCCESS}{return_code=>SUCCESS}{sign=>5FECD780A13745319A019B63EBD48E51}{time_end=>20170922173124}{total_fee=>409200}{trade_type=>NATIVE}{transaction_id=>4200000029201709223598773564}]
[2017-09-22 17:31:38][info] k:appid=>wxefc029d4373dcac0
[2017-09-22 17:31:38][info] k:bank_type=>ICBC_CREDIT
[2017-09-22 17:31:38][info] k:cash_fee=>409200
[2017-09-22 17:31:38][info] k:fee_type=>CNY
[2017-09-22 17:31:38][info] k:is_subscribe=>N
[2017-09-22 17:31:38][info] k:mch_id=>1244967502
[2017-09-22 17:31:38][info] k:nonce_str=>saa3kz0hg6jncxipew5e8i4cg2k8diat
[2017-09-22 17:31:38][info] k:openid=>orYumuKoU6XB5LaMgd9DVoy7HBZM
[2017-09-22 17:31:38][info] k:out_trade_no=>LX-17092217184355601-b
[2017-09-22 17:31:38][info] k:result_code=>SUCCESS
[2017-09-22 17:31:38][info] k:return_code=>SUCCESS
[2017-09-22 17:31:38][info] k:sign=>5FECD780A13745319A019B63EBD48E51
[2017-09-22 17:31:38][info] k:time_end=>20170922173124
[2017-09-22 17:31:38][info] k:total_fee=>409200
[2017-09-22 17:31:38][info] k:trade_type=>NATIVE
[2017-09-22 17:31:38][info] k:transaction_id=>4200000029201709223598773564
[2017-09-22 17:31:38][info] ----------------------------------------
[2017-09-22 17:31:38][info] XML_DATA222:{"appid":"wxefc029d4373dcac0","bank_type":"ICBC_CREDIT","cash_fee":"4092.00","fee_type":"CNY","is_subscribe":"N","mch_id":"1244967502","nonce_str":"saa3kz0hg6jncxipew5e8i4cg2k8diat","openid":"orYumuKoU6XB5LaMgd9DVoy7HBZM","out_trade_no":"LX-17092217184355601-b","result_code":"SUCCESS","return_code":"SUCCESS","sign":"5FECD780A13745319A019B63EBD48E51","time_end":"20170922173124","total_fee":"4092.00","trade_type":"NATIVE","transaction_id":"4200000029201709223598773564"}
[2017-09-22 17:31:38][info] 收到重复信息，并处理反馈成功！
[2017-09-22 17:31:38][info] success
[2017-09-22 17:31:38][info] 写入结束!!!
[2017-09-22 18:09:45][info] ----------------------------------------
[2017-09-22 18:09:45][info] XML_DATA111:[{appid=>wxefc029d4373dcac0}{bank_type=>CCB_CREDIT}{cash_fee=>543000}{fee_type=>CNY}{is_subscribe=>N}{mch_id=>1244967502}{nonce_str=>b8cozfdrqrpom2lx3uw4910z6f7abhvx}{openid=>orYumuMlE_sho_Yjg_bMteE3dLHM}{out_trade_no=>LX-17091716453191306-d}{result_code=>SUCCESS}{return_code=>SUCCESS}{sign=>96955FE9D7051130E2608D773C25ECA5}{time_end=>20170922180944}{total_fee=>543000}{trade_type=>NATIVE}{transaction_id=>4200000004201709223604861547}]
[2017-09-22 18:09:45][info] k:appid=>wxefc029d4373dcac0
[2017-09-22 18:09:45][info] k:bank_type=>CCB_CREDIT
[2017-09-22 18:09:45][info] k:cash_fee=>543000
[2017-09-22 18:09:45][info] k:fee_type=>CNY
[2017-09-22 18:09:45][info] k:is_subscribe=>N
[2017-09-22 18:09:45][info] k:mch_id=>1244967502
[2017-09-22 18:09:45][info] k:nonce_str=>b8cozfdrqrpom2lx3uw4910z6f7abhvx
[2017-09-22 18:09:45][info] k:openid=>orYumuMlE_sho_Yjg_bMteE3dLHM
[2017-09-22 18:09:45][info] k:out_trade_no=>LX-17091716453191306-d
[2017-09-22 18:09:45][info] k:result_code=>SUCCESS
[2017-09-22 18:09:45][info] k:return_code=>SUCCESS
[2017-09-22 18:09:45][info] k:sign=>96955FE9D7051130E2608D773C25ECA5
[2017-09-22 18:09:45][info] k:time_end=>20170922180944
[2017-09-22 18:09:45][info] k:total_fee=>543000
[2017-09-22 18:09:45][info] k:trade_type=>NATIVE
[2017-09-22 18:09:45][info] k:transaction_id=>4200000004201709223604861547
[2017-09-22 18:09:45][info] ----------------------------------------
[2017-09-22 18:09:45][info] XML_DATA222:{"appid":"wxefc029d4373dcac0","bank_type":"CCB_CREDIT","cash_fee":"5430.00","fee_type":"CNY","is_subscribe":"N","mch_id":"1244967502","nonce_str":"b8cozfdrqrpom2lx3uw4910z6f7abhvx","openid":"orYumuMlE_sho_Yjg_bMteE3dLHM","out_trade_no":"LX-17091716453191306-d","result_code":"SUCCESS","return_code":"SUCCESS","sign":"96955FE9D7051130E2608D773C25ECA5","time_end":"20170922180944","total_fee":"5430.00","trade_type":"NATIVE","transaction_id":"4200000004201709223604861547"}
[2017-09-22 18:09:45][warn] 数据存储成功，并成功返回记录编号19196！
[2017-09-22 18:09:55][info] ----------------------------------------
[2017-09-22 18:09:55][info] XML_DATA111:[{appid=>wxefc029d4373dcac0}{bank_type=>CCB_CREDIT}{cash_fee=>543000}{fee_type=>CNY}{is_subscribe=>N}{mch_id=>1244967502}{nonce_str=>b8cozfdrqrpom2lx3uw4910z6f7abhvx}{openid=>orYumuMlE_sho_Yjg_bMteE3dLHM}{out_trade_no=>LX-17091716453191306-d}{result_code=>SUCCESS}{return_code=>SUCCESS}{sign=>96955FE9D7051130E2608D773C25ECA5}{time_end=>20170922180944}{total_fee=>543000}{trade_type=>NATIVE}{transaction_id=>4200000004201709223604861547}]
[2017-09-22 18:09:55][info] k:appid=>wxefc029d4373dcac0
[2017-09-22 18:09:55][info] k:bank_type=>CCB_CREDIT
[2017-09-22 18:09:55][info] k:cash_fee=>543000
[2017-09-22 18:09:55][info] k:fee_type=>CNY
[2017-09-22 18:09:55][info] k:is_subscribe=>N
[2017-09-22 18:09:55][info] k:mch_id=>1244967502
[2017-09-22 18:09:55][info] k:nonce_str=>b8cozfdrqrpom2lx3uw4910z6f7abhvx
[2017-09-22 18:09:55][info] k:openid=>orYumuMlE_sho_Yjg_bMteE3dLHM
[2017-09-22 18:09:55][info] k:out_trade_no=>LX-17091716453191306-d
[2017-09-22 18:09:55][info] k:result_code=>SUCCESS
[2017-09-22 18:09:55][info] k:return_code=>SUCCESS
[2017-09-22 18:09:55][info] k:sign=>96955FE9D7051130E2608D773C25ECA5
[2017-09-22 18:09:55][info] k:time_end=>20170922180944
[2017-09-22 18:09:55][info] k:total_fee=>543000
[2017-09-22 18:09:55][info] k:trade_type=>NATIVE
[2017-09-22 18:09:55][info] k:transaction_id=>4200000004201709223604861547
[2017-09-22 18:09:55][info] ----------------------------------------
[2017-09-22 18:09:55][info] XML_DATA222:{"appid":"wxefc029d4373dcac0","bank_type":"CCB_CREDIT","cash_fee":"5430.00","fee_type":"CNY","is_subscribe":"N","mch_id":"1244967502","nonce_str":"b8cozfdrqrpom2lx3uw4910z6f7abhvx","openid":"orYumuMlE_sho_Yjg_bMteE3dLHM","out_trade_no":"LX-17091716453191306-d","result_code":"SUCCESS","return_code":"SUCCESS","sign":"96955FE9D7051130E2608D773C25ECA5","time_end":"20170922180944","total_fee":"5430.00","trade_type":"NATIVE","transaction_id":"4200000004201709223604861547"}
[2017-09-22 18:09:55][info] 收到重复信息，并处理反馈成功！
[2017-09-22 18:09:55][info] success
[2017-09-22 18:09:55][info] 写入结束!!!
[2017-09-22 19:51:09][info] ----------------------------------------
[2017-09-22 19:51:09][info] XML_DATA111:[{appid=>wxefc029d4373dcac0}{bank_type=>CMB_CREDIT}{cash_fee=>288000}{fee_type=>CNY}{is_subscribe=>N}{mch_id=>1244967502}{nonce_str=>cgf6a7rftf44ui4t71p9zumfokh407z6}{openid=>orYumuMd5cbL6fukG4-w_mocBffs}{out_trade_no=>LX-17092219394520801-2}{result_code=>SUCCESS}{return_code=>SUCCESS}{sign=>78CA66B62B0F02FC41F3426E2FFBC1ED}{time_end=>20170922195108}{total_fee=>288000}{trade_type=>NATIVE}{transaction_id=>4200000010201709223624178801}]
[2017-09-22 19:51:09][info] k:appid=>wxefc029d4373dcac0
[2017-09-22 19:51:09][info] k:bank_type=>CMB_CREDIT
[2017-09-22 19:51:09][info] k:cash_fee=>288000
[2017-09-22 19:51:09][info] k:fee_type=>CNY
[2017-09-22 19:51:09][info] k:is_subscribe=>N
[2017-09-22 19:51:09][info] k:mch_id=>1244967502
[2017-09-22 19:51:09][info] k:nonce_str=>cgf6a7rftf44ui4t71p9zumfokh407z6
[2017-09-22 19:51:09][info] k:openid=>orYumuMd5cbL6fukG4-w_mocBffs
[2017-09-22 19:51:09][info] k:out_trade_no=>LX-17092219394520801-2
[2017-09-22 19:51:09][info] k:result_code=>SUCCESS
[2017-09-22 19:51:09][info] k:return_code=>SUCCESS
[2017-09-22 19:51:09][info] k:sign=>78CA66B62B0F02FC41F3426E2FFBC1ED
[2017-09-22 19:51:09][info] k:time_end=>20170922195108
[2017-09-22 19:51:09][info] k:total_fee=>288000
[2017-09-22 19:51:09][info] k:trade_type=>NATIVE
[2017-09-22 19:51:09][info] k:transaction_id=>4200000010201709223624178801
[2017-09-22 19:51:09][info] ----------------------------------------
[2017-09-22 19:51:09][info] XML_DATA222:{"appid":"wxefc029d4373dcac0","bank_type":"CMB_CREDIT","cash_fee":"2880.00","fee_type":"CNY","is_subscribe":"N","mch_id":"1244967502","nonce_str":"cgf6a7rftf44ui4t71p9zumfokh407z6","openid":"orYumuMd5cbL6fukG4-w_mocBffs","out_trade_no":"LX-17092219394520801-2","result_code":"SUCCESS","return_code":"SUCCESS","sign":"78CA66B62B0F02FC41F3426E2FFBC1ED","time_end":"20170922195108","total_fee":"2880.00","trade_type":"NATIVE","transaction_id":"4200000010201709223624178801"}
[2017-09-22 19:51:09][warn] 数据存储成功，并成功返回记录编号19198！
[2017-09-22 19:51:23][info] ----------------------------------------
[2017-09-22 19:51:23][info] XML_DATA111:[{appid=>wxefc029d4373dcac0}{bank_type=>CMB_CREDIT}{cash_fee=>288000}{fee_type=>CNY}{is_subscribe=>N}{mch_id=>1244967502}{nonce_str=>cgf6a7rftf44ui4t71p9zumfokh407z6}{openid=>orYumuMd5cbL6fukG4-w_mocBffs}{out_trade_no=>LX-17092219394520801-2}{result_code=>SUCCESS}{return_code=>SUCCESS}{sign=>78CA66B62B0F02FC41F3426E2FFBC1ED}{time_end=>20170922195108}{total_fee=>288000}{trade_type=>NATIVE}{transaction_id=>4200000010201709223624178801}]
[2017-09-22 19:51:23][info] k:appid=>wxefc029d4373dcac0
[2017-09-22 19:51:23][info] k:bank_type=>CMB_CREDIT
[2017-09-22 19:51:23][info] k:cash_fee=>288000
[2017-09-22 19:51:23][info] k:fee_type=>CNY
[2017-09-22 19:51:23][info] k:is_subscribe=>N
[2017-09-22 19:51:23][info] k:mch_id=>1244967502
[2017-09-22 19:51:23][info] k:nonce_str=>cgf6a7rftf44ui4t71p9zumfokh407z6
[2017-09-22 19:51:23][info] k:openid=>orYumuMd5cbL6fukG4-w_mocBffs
[2017-09-22 19:51:23][info] k:out_trade_no=>LX-17092219394520801-2
[2017-09-22 19:51:23][info] k:result_code=>SUCCESS
[2017-09-22 19:51:23][info] k:return_code=>SUCCESS
[2017-09-22 19:51:23][info] k:sign=>78CA66B62B0F02FC41F3426E2FFBC1ED
[2017-09-22 19:51:23][info] k:time_end=>20170922195108
[2017-09-22 19:51:23][info] k:total_fee=>288000
[2017-09-22 19:51:23][info] k:trade_type=>NATIVE
[2017-09-22 19:51:23][info] k:transaction_id=>4200000010201709223624178801
[2017-09-22 19:51:23][info] ----------------------------------------
[2017-09-22 19:51:23][info] XML_DATA222:{"appid":"wxefc029d4373dcac0","bank_type":"CMB_CREDIT","cash_fee":"2880.00","fee_type":"CNY","is_subscribe":"N","mch_id":"1244967502","nonce_str":"cgf6a7rftf44ui4t71p9zumfokh407z6","openid":"orYumuMd5cbL6fukG4-w_mocBffs","out_trade_no":"LX-17092219394520801-2","result_code":"SUCCESS","return_code":"SUCCESS","sign":"78CA66B62B0F02FC41F3426E2FFBC1ED","time_end":"20170922195108","total_fee":"2880.00","trade_type":"NATIVE","transaction_id":"4200000010201709223624178801"}
[2017-09-22 19:51:23][info] 收到重复信息，并处理反馈成功！
[2017-09-22 19:51:23][info] success
[2017-09-22 19:51:23][info] 写入结束!!!
[2017-09-22 20:18:31][info] ----------------------------------------
[2017-09-22 20:18:31][info] XML_DATA111:[{appid=>wxefc029d4373dcac0}{bank_type=>CMB_CREDIT}{cash_fee=>576000}{fee_type=>CNY}{is_subscribe=>Y}{mch_id=>1244967502}{nonce_str=>82k8oj6tkbqn7j8z3kzfy8lyj7p580e5}{openid=>orYumuPuHQSxTge4QtPMFMWZexbo}{out_trade_no=>LX-17092014143885206-2}{result_code=>SUCCESS}{return_code=>SUCCESS}{sign=>AA6E8456879122CAA80D49A61D8A5564}{time_end=>20170922201830}{total_fee=>576000}{trade_type=>NATIVE}{transaction_id=>4200000004201709223627931305}]
[2017-09-22 20:18:31][info] k:appid=>wxefc029d4373dcac0
[2017-09-22 20:18:31][info] k:bank_type=>CMB_CREDIT
[2017-09-22 20:18:31][info] k:cash_fee=>576000
[2017-09-22 20:18:31][info] k:fee_type=>CNY
[2017-09-22 20:18:31][info] k:is_subscribe=>Y
[2017-09-22 20:18:31][info] k:mch_id=>1244967502
[2017-09-22 20:18:31][info] k:nonce_str=>82k8oj6tkbqn7j8z3kzfy8lyj7p580e5
[2017-09-22 20:18:31][info] k:openid=>orYumuPuHQSxTge4QtPMFMWZexbo
[2017-09-22 20:18:31][info] k:out_trade_no=>LX-17092014143885206-2
[2017-09-22 20:18:31][info] k:result_code=>SUCCESS
[2017-09-22 20:18:31][info] k:return_code=>SUCCESS
[2017-09-22 20:18:31][info] k:sign=>AA6E8456879122CAA80D49A61D8A5564
[2017-09-22 20:18:31][info] k:time_end=>20170922201830
[2017-09-22 20:18:31][info] k:total_fee=>576000
[2017-09-22 20:18:31][info] k:trade_type=>NATIVE
[2017-09-22 20:18:31][info] k:transaction_id=>4200000004201709223627931305
[2017-09-22 20:18:31][info] ----------------------------------------
[2017-09-22 20:18:31][info] XML_DATA222:{"appid":"wxefc029d4373dcac0","bank_type":"CMB_CREDIT","cash_fee":"5760.00","fee_type":"CNY","is_subscribe":"Y","mch_id":"1244967502","nonce_str":"82k8oj6tkbqn7j8z3kzfy8lyj7p580e5","openid":"orYumuPuHQSxTge4QtPMFMWZexbo","out_trade_no":"LX-17092014143885206-2","result_code":"SUCCESS","return_code":"SUCCESS","sign":"AA6E8456879122CAA80D49A61D8A5564","time_end":"20170922201830","total_fee":"5760.00","trade_type":"NATIVE","transaction_id":"4200000004201709223627931305"}
[2017-09-22 20:18:31][warn] 数据存储成功，并成功返回记录编号19199！
[2017-09-22 20:18:48][info] ----------------------------------------
[2017-09-22 20:18:48][info] XML_DATA111:[{appid=>wxefc029d4373dcac0}{bank_type=>CMB_CREDIT}{cash_fee=>576000}{fee_type=>CNY}{is_subscribe=>Y}{mch_id=>1244967502}{nonce_str=>82k8oj6tkbqn7j8z3kzfy8lyj7p580e5}{openid=>orYumuPuHQSxTge4QtPMFMWZexbo}{out_trade_no=>LX-17092014143885206-2}{result_code=>SUCCESS}{return_code=>SUCCESS}{sign=>AA6E8456879122CAA80D49A61D8A5564}{time_end=>20170922201830}{total_fee=>576000}{trade_type=>NATIVE}{transaction_id=>4200000004201709223627931305}]
[2017-09-22 20:18:48][info] k:appid=>wxefc029d4373dcac0
[2017-09-22 20:18:48][info] k:bank_type=>CMB_CREDIT
[2017-09-22 20:18:48][info] k:cash_fee=>576000
[2017-09-22 20:18:48][info] k:fee_type=>CNY
[2017-09-22 20:18:48][info] k:is_subscribe=>Y
[2017-09-22 20:18:48][info] k:mch_id=>1244967502
[2017-09-22 20:18:48][info] k:nonce_str=>82k8oj6tkbqn7j8z3kzfy8lyj7p580e5
[2017-09-22 20:18:48][info] k:openid=>orYumuPuHQSxTge4QtPMFMWZexbo
[2017-09-22 20:18:48][info] k:out_trade_no=>LX-17092014143885206-2
[2017-09-22 20:18:48][info] k:result_code=>SUCCESS
[2017-09-22 20:18:48][info] k:return_code=>SUCCESS
[2017-09-22 20:18:48][info] k:sign=>AA6E8456879122CAA80D49A61D8A5564
[2017-09-22 20:18:48][info] k:time_end=>20170922201830
[2017-09-22 20:18:48][info] k:total_fee=>576000
[2017-09-22 20:18:48][info] k:trade_type=>NATIVE
[2017-09-22 20:18:48][info] k:transaction_id=>4200000004201709223627931305
[2017-09-22 20:18:48][info] ----------------------------------------
[2017-09-22 20:18:48][info] XML_DATA222:{"appid":"wxefc029d4373dcac0","bank_type":"CMB_CREDIT","cash_fee":"5760.00","fee_type":"CNY","is_subscribe":"Y","mch_id":"1244967502","nonce_str":"82k8oj6tkbqn7j8z3kzfy8lyj7p580e5","openid":"orYumuPuHQSxTge4QtPMFMWZexbo","out_trade_no":"LX-17092014143885206-2","result_code":"SUCCESS","return_code":"SUCCESS","sign":"AA6E8456879122CAA80D49A61D8A5564","time_end":"20170922201830","total_fee":"5760.00","trade_type":"NATIVE","transaction_id":"4200000004201709223627931305"}
[2017-09-22 20:18:48][info] 收到重复信息，并处理反馈成功！
[2017-09-22 20:18:48][info] success
[2017-09-22 20:18:48][info] 写入结束!!!
[2017-09-22 20:57:23][info] ----------------------------------------
[2017-09-22 20:57:23][info] XML_DATA111:[{appid=>wxefc029d4373dcac0}{bank_type=>CFT}{cash_fee=>836000}{fee_type=>CNY}{is_subscribe=>N}{mch_id=>1244967502}{nonce_str=>ujp00ufk7blveqluvuj8gk5zie9b3zu8}{openid=>orYumuEJHJnXKznCXALG6flvIV3c}{out_trade_no=>LX-17092220515065601-a}{result_code=>SUCCESS}{return_code=>SUCCESS}{sign=>FC85DAE4949126E686FF0A7786402FCF}{time_end=>20170922205722}{total_fee=>836000}{trade_type=>NATIVE}{transaction_id=>4200000011201709223640367050}]
[2017-09-22 20:57:23][info] k:appid=>wxefc029d4373dcac0
[2017-09-22 20:57:23][info] k:bank_type=>CFT
[2017-09-22 20:57:23][info] k:cash_fee=>836000
[2017-09-22 20:57:23][info] k:fee_type=>CNY
[2017-09-22 20:57:23][info] k:is_subscribe=>N
[2017-09-22 20:57:23][info] k:mch_id=>1244967502
[2017-09-22 20:57:23][info] k:nonce_str=>ujp00ufk7blveqluvuj8gk5zie9b3zu8
[2017-09-22 20:57:23][info] k:openid=>orYumuEJHJnXKznCXALG6flvIV3c
[2017-09-22 20:57:23][info] k:out_trade_no=>LX-17092220515065601-a
[2017-09-22 20:57:23][info] k:result_code=>SUCCESS
[2017-09-22 20:57:23][info] k:return_code=>SUCCESS
[2017-09-22 20:57:23][info] k:sign=>FC85DAE4949126E686FF0A7786402FCF
[2017-09-22 20:57:23][info] k:time_end=>20170922205722
[2017-09-22 20:57:23][info] k:total_fee=>836000
[2017-09-22 20:57:23][info] k:trade_type=>NATIVE
[2017-09-22 20:57:23][info] k:transaction_id=>4200000011201709223640367050
[2017-09-22 20:57:23][info] ----------------------------------------
[2017-09-22 20:57:23][info] XML_DATA222:{"appid":"wxefc029d4373dcac0","bank_type":"CFT","cash_fee":"8360.00","fee_type":"CNY","is_subscribe":"N","mch_id":"1244967502","nonce_str":"ujp00ufk7blveqluvuj8gk5zie9b3zu8","openid":"orYumuEJHJnXKznCXALG6flvIV3c","out_trade_no":"LX-17092220515065601-a","result_code":"SUCCESS","return_code":"SUCCESS","sign":"FC85DAE4949126E686FF0A7786402FCF","time_end":"20170922205722","total_fee":"8360.00","trade_type":"NATIVE","transaction_id":"4200000011201709223640367050"}
[2017-09-22 20:57:23][warn] 数据存储成功，并成功返回记录编号19200！
[2017-09-22 20:57:40][info] ----------------------------------------
[2017-09-22 20:57:40][info] XML_DATA111:[{appid=>wxefc029d4373dcac0}{bank_type=>CFT}{cash_fee=>836000}{fee_type=>CNY}{is_subscribe=>N}{mch_id=>1244967502}{nonce_str=>ujp00ufk7blveqluvuj8gk5zie9b3zu8}{openid=>orYumuEJHJnXKznCXALG6flvIV3c}{out_trade_no=>LX-17092220515065601-a}{result_code=>SUCCESS}{return_code=>SUCCESS}{sign=>FC85DAE4949126E686FF0A7786402FCF}{time_end=>20170922205722}{total_fee=>836000}{trade_type=>NATIVE}{transaction_id=>4200000011201709223640367050}]
[2017-09-22 20:57:40][info] k:appid=>wxefc029d4373dcac0
[2017-09-22 20:57:40][info] k:bank_type=>CFT
[2017-09-22 20:57:40][info] k:cash_fee=>836000
[2017-09-22 20:57:40][info] k:fee_type=>CNY
[2017-09-22 20:57:40][info] k:is_subscribe=>N
[2017-09-22 20:57:40][info] k:mch_id=>1244967502
[2017-09-22 20:57:40][info] k:nonce_str=>ujp00ufk7blveqluvuj8gk5zie9b3zu8
[2017-09-22 20:57:40][info] k:openid=>orYumuEJHJnXKznCXALG6flvIV3c
[2017-09-22 20:57:40][info] k:out_trade_no=>LX-17092220515065601-a
[2017-09-22 20:57:40][info] k:result_code=>SUCCESS
[2017-09-22 20:57:40][info] k:return_code=>SUCCESS
[2017-09-22 20:57:40][info] k:sign=>FC85DAE4949126E686FF0A7786402FCF
[2017-09-22 20:57:40][info] k:time_end=>20170922205722
[2017-09-22 20:57:40][info] k:total_fee=>836000
[2017-09-22 20:57:40][info] k:trade_type=>NATIVE
[2017-09-22 20:57:40][info] k:transaction_id=>4200000011201709223640367050
[2017-09-22 20:57:40][info] ----------------------------------------
[2017-09-22 20:57:40][info] XML_DATA222:{"appid":"wxefc029d4373dcac0","bank_type":"CFT","cash_fee":"8360.00","fee_type":"CNY","is_subscribe":"N","mch_id":"1244967502","nonce_str":"ujp00ufk7blveqluvuj8gk5zie9b3zu8","openid":"orYumuEJHJnXKznCXALG6flvIV3c","out_trade_no":"LX-17092220515065601-a","result_code":"SUCCESS","return_code":"SUCCESS","sign":"FC85DAE4949126E686FF0A7786402FCF","time_end":"20170922205722","total_fee":"8360.00","trade_type":"NATIVE","transaction_id":"4200000011201709223640367050"}
[2017-09-22 20:57:40][info] 收到重复信息，并处理反馈成功！
[2017-09-22 20:57:40][info] success
[2017-09-22 20:57:40][info] 写入结束!!!
