[2017-05-17 18:03:25][info] ----------------------------------------
[2017-05-17 18:03:25][info] XML_DATA111:[{appid=>wxefc029d4373dcac0}{bank_type=>CMB_CREDIT}{cash_fee=>260000}{fee_type=>CNY}{is_subscribe=>Y}{mch_id=>1244967502}{nonce_str=>801jk2d7q9gowwpo8ahda7s9mfayg6tq}{openid=>orYumuOyPbwRqBOu19ZAzULQpyts}{out_trade_no=>LX-1704261042273201-7}{result_code=>SUCCESS}{return_code=>SUCCESS}{sign=>9793764FEAFA5D7A441EC39A480ACEB0}{time_end=>20170517180324}{total_fee=>260000}{trade_type=>NATIVE}{transaction_id=>4005252001201705171256732841}]
[2017-05-17 18:03:25][info] k:appid=>wxefc029d4373dcac0
[2017-05-17 18:03:25][info] k:bank_type=>CMB_CREDIT
[2017-05-17 18:03:25][info] k:cash_fee=>260000
[2017-05-17 18:03:25][info] k:fee_type=>CNY
[2017-05-17 18:03:25][info] k:is_subscribe=>Y
[2017-05-17 18:03:25][info] k:mch_id=>1244967502
[2017-05-17 18:03:25][info] k:nonce_str=>801jk2d7q9gowwpo8ahda7s9mfayg6tq
[2017-05-17 18:03:25][info] k:openid=>orYumuOyPbwRqBOu19ZAzULQpyts
[2017-05-17 18:03:25][info] k:out_trade_no=>LX-1704261042273201-7
[2017-05-17 18:03:25][info] k:result_code=>SUCCESS
[2017-05-17 18:03:25][info] k:return_code=>SUCCESS
[2017-05-17 18:03:25][info] k:sign=>9793764FEAFA5D7A441EC39A480ACEB0
[2017-05-17 18:03:25][info] k:time_end=>20170517180324
[2017-05-17 18:03:25][info] k:total_fee=>260000
[2017-05-17 18:03:25][info] k:trade_type=>NATIVE
[2017-05-17 18:03:25][info] k:transaction_id=>4005252001201705171256732841
[2017-05-17 18:03:25][info] ----------------------------------------
[2017-05-17 18:03:25][info] XML_DATA222:{"appid":"wxefc029d4373dcac0","bank_type":"CMB_CREDIT","cash_fee":"2600.00","fee_type":"CNY","is_subscribe":"Y","mch_id":"1244967502","nonce_str":"801jk2d7q9gowwpo8ahda7s9mfayg6tq","openid":"orYumuOyPbwRqBOu19ZAzULQpyts","out_trade_no":"LX-1704261042273201-7","result_code":"SUCCESS","return_code":"SUCCESS","sign":"9793764FEAFA5D7A441EC39A480ACEB0","time_end":"20170517180324","total_fee":"2600.00","trade_type":"NATIVE","transaction_id":"4005252001201705171256732841"}
[2017-05-17 18:03:25][warn] 数据存储成功，并成功返回记录编号17508！
[2017-05-17 18:03:37][info] ----------------------------------------
[2017-05-17 18:03:37][info] XML_DATA111:[{appid=>wxefc029d4373dcac0}{bank_type=>CMB_CREDIT}{cash_fee=>260000}{fee_type=>CNY}{is_subscribe=>Y}{mch_id=>1244967502}{nonce_str=>801jk2d7q9gowwpo8ahda7s9mfayg6tq}{openid=>orYumuOyPbwRqBOu19ZAzULQpyts}{out_trade_no=>LX-1704261042273201-7}{result_code=>SUCCESS}{return_code=>SUCCESS}{sign=>9793764FEAFA5D7A441EC39A480ACEB0}{time_end=>20170517180324}{total_fee=>260000}{trade_type=>NATIVE}{transaction_id=>4005252001201705171256732841}]
[2017-05-17 18:03:37][info] k:appid=>wxefc029d4373dcac0
[2017-05-17 18:03:37][info] k:bank_type=>CMB_CREDIT
[2017-05-17 18:03:37][info] k:cash_fee=>260000
[2017-05-17 18:03:37][info] k:fee_type=>CNY
[2017-05-17 18:03:37][info] k:is_subscribe=>Y
[2017-05-17 18:03:37][info] k:mch_id=>1244967502
[2017-05-17 18:03:37][info] k:nonce_str=>801jk2d7q9gowwpo8ahda7s9mfayg6tq
[2017-05-17 18:03:37][info] k:openid=>orYumuOyPbwRqBOu19ZAzULQpyts
[2017-05-17 18:03:37][info] k:out_trade_no=>LX-1704261042273201-7
[2017-05-17 18:03:37][info] k:result_code=>SUCCESS
[2017-05-17 18:03:37][info] k:return_code=>SUCCESS
[2017-05-17 18:03:37][info] k:sign=>9793764FEAFA5D7A441EC39A480ACEB0
[2017-05-17 18:03:37][info] k:time_end=>20170517180324
[2017-05-17 18:03:37][info] k:total_fee=>260000
[2017-05-17 18:03:37][info] k:trade_type=>NATIVE
[2017-05-17 18:03:37][info] k:transaction_id=>4005252001201705171256732841
[2017-05-17 18:03:37][info] ----------------------------------------
[2017-05-17 18:03:37][info] XML_DATA222:{"appid":"wxefc029d4373dcac0","bank_type":"CMB_CREDIT","cash_fee":"2600.00","fee_type":"CNY","is_subscribe":"Y","mch_id":"1244967502","nonce_str":"801jk2d7q9gowwpo8ahda7s9mfayg6tq","openid":"orYumuOyPbwRqBOu19ZAzULQpyts","out_trade_no":"LX-1704261042273201-7","result_code":"SUCCESS","return_code":"SUCCESS","sign":"9793764FEAFA5D7A441EC39A480ACEB0","time_end":"20170517180324","total_fee":"2600.00","trade_type":"NATIVE","transaction_id":"4005252001201705171256732841"}
[2017-05-17 18:03:37][info] 收到重复信息，并处理反馈成功！
[2017-05-17 18:03:37][info] success
[2017-05-17 18:03:37][info] 写入结束!!!
