[2017-10-13 12:27:49][info] ----------------------------------------
[2017-10-13 12:27:49][info] XML_DATA111:[{appid=>wxefc029d4373dcac0}{bank_type=>CCB_DEBIT}{cash_fee=>310000}{fee_type=>CNY}{is_subscribe=>N}{mch_id=>1244967502}{nonce_str=>6xcdt4uj9uleb3u0lopnwxs2jhe0bhck}{openid=>orYumuL05Ho8a11u4B3mO_T0hhxc}{out_trade_no=>LX-17101310494596301-1}{result_code=>SUCCESS}{return_code=>SUCCESS}{sign=>0963C409916E4CBC2AB5230ADAFD8019}{time_end=>20171013122748}{total_fee=>310000}{trade_type=>NATIVE}{transaction_id=>4200000005201710137775483887}]
[2017-10-13 12:27:49][info] k:appid=>wxefc029d4373dcac0
[2017-10-13 12:27:49][info] k:bank_type=>CCB_DEBIT
[2017-10-13 12:27:49][info] k:cash_fee=>310000
[2017-10-13 12:27:49][info] k:fee_type=>CNY
[2017-10-13 12:27:49][info] k:is_subscribe=>N
[2017-10-13 12:27:49][info] k:mch_id=>1244967502
[2017-10-13 12:27:49][info] k:nonce_str=>6xcdt4uj9uleb3u0lopnwxs2jhe0bhck
[2017-10-13 12:27:49][info] k:openid=>orYumuL05Ho8a11u4B3mO_T0hhxc
[2017-10-13 12:27:49][info] k:out_trade_no=>LX-17101310494596301-1
[2017-10-13 12:27:49][info] k:result_code=>SUCCESS
[2017-10-13 12:27:49][info] k:return_code=>SUCCESS
[2017-10-13 12:27:49][info] k:sign=>0963C409916E4CBC2AB5230ADAFD8019
[2017-10-13 12:27:49][info] k:time_end=>20171013122748
[2017-10-13 12:27:49][info] k:total_fee=>310000
[2017-10-13 12:27:49][info] k:trade_type=>NATIVE
[2017-10-13 12:27:49][info] k:transaction_id=>4200000005201710137775483887
[2017-10-13 12:27:49][info] ----------------------------------------
[2017-10-13 12:27:49][info] XML_DATA222:{"appid":"wxefc029d4373dcac0","bank_type":"CCB_DEBIT","cash_fee":"3100.00","fee_type":"CNY","is_subscribe":"N","mch_id":"1244967502","nonce_str":"6xcdt4uj9uleb3u0lopnwxs2jhe0bhck","openid":"orYumuL05Ho8a11u4B3mO_T0hhxc","out_trade_no":"LX-17101310494596301-1","result_code":"SUCCESS","return_code":"SUCCESS","sign":"0963C409916E4CBC2AB5230ADAFD8019","time_end":"20171013122748","total_fee":"3100.00","trade_type":"NATIVE","transaction_id":"4200000005201710137775483887"}
[2017-10-13 12:27:49][warn] 数据存储成功，并成功返回记录编号19406！
[2017-10-13 12:28:03][info] ----------------------------------------
[2017-10-13 12:28:03][info] XML_DATA111:[{appid=>wxefc029d4373dcac0}{bank_type=>CCB_DEBIT}{cash_fee=>310000}{fee_type=>CNY}{is_subscribe=>N}{mch_id=>1244967502}{nonce_str=>6xcdt4uj9uleb3u0lopnwxs2jhe0bhck}{openid=>orYumuL05Ho8a11u4B3mO_T0hhxc}{out_trade_no=>LX-17101310494596301-1}{result_code=>SUCCESS}{return_code=>SUCCESS}{sign=>0963C409916E4CBC2AB5230ADAFD8019}{time_end=>20171013122748}{total_fee=>310000}{trade_type=>NATIVE}{transaction_id=>4200000005201710137775483887}]
[2017-10-13 12:28:03][info] k:appid=>wxefc029d4373dcac0
[2017-10-13 12:28:03][info] k:bank_type=>CCB_DEBIT
[2017-10-13 12:28:03][info] k:cash_fee=>310000
[2017-10-13 12:28:03][info] k:fee_type=>CNY
[2017-10-13 12:28:03][info] k:is_subscribe=>N
[2017-10-13 12:28:03][info] k:mch_id=>1244967502
[2017-10-13 12:28:03][info] k:nonce_str=>6xcdt4uj9uleb3u0lopnwxs2jhe0bhck
[2017-10-13 12:28:03][info] k:openid=>orYumuL05Ho8a11u4B3mO_T0hhxc
[2017-10-13 12:28:03][info] k:out_trade_no=>LX-17101310494596301-1
[2017-10-13 12:28:03][info] k:result_code=>SUCCESS
[2017-10-13 12:28:03][info] k:return_code=>SUCCESS
[2017-10-13 12:28:03][info] k:sign=>0963C409916E4CBC2AB5230ADAFD8019
[2017-10-13 12:28:03][info] k:time_end=>20171013122748
[2017-10-13 12:28:03][info] k:total_fee=>310000
[2017-10-13 12:28:03][info] k:trade_type=>NATIVE
[2017-10-13 12:28:03][info] k:transaction_id=>4200000005201710137775483887
[2017-10-13 12:28:03][info] ----------------------------------------
[2017-10-13 12:28:03][info] XML_DATA222:{"appid":"wxefc029d4373dcac0","bank_type":"CCB_DEBIT","cash_fee":"3100.00","fee_type":"CNY","is_subscribe":"N","mch_id":"1244967502","nonce_str":"6xcdt4uj9uleb3u0lopnwxs2jhe0bhck","openid":"orYumuL05Ho8a11u4B3mO_T0hhxc","out_trade_no":"LX-17101310494596301-1","result_code":"SUCCESS","return_code":"SUCCESS","sign":"0963C409916E4CBC2AB5230ADAFD8019","time_end":"20171013122748","total_fee":"3100.00","trade_type":"NATIVE","transaction_id":"4200000005201710137775483887"}
[2017-10-13 12:28:03][info] 收到重复信息，并处理反馈成功！
[2017-10-13 12:28:03][info] success
[2017-10-13 12:28:03][info] 写入结束!!!
