[2017-07-17 08:41:11][info] ----------------------------------------
[2017-07-17 08:41:11][info] XML_DATA111:[{appid=>wxefc029d4373dcac0}{bank_type=>ICBC_DEBIT}{cash_fee=>656988}{coupon_count=>1}{coupon_fee=>12}{coupon_fee_0=>12}{coupon_id_0=>2000000000966777291}{fee_type=>CNY}{is_subscribe=>N}{mch_id=>1244967502}{nonce_str=>qp33osu6hqtv5fi4k0ezar06h97qhygv}{openid=>orYumuGysPjS8gXbc6_0iYlE9NgM}{out_trade_no=>LX-17071309042966501-a}{result_code=>SUCCESS}{return_code=>SUCCESS}{sign=>A82BC8139E3BE94834675567ACDEB938}{time_end=>20170717084111}{total_fee=>657000}{trade_type=>NATIVE}{transaction_id=>4002682001201707171179335518}]
[2017-07-17 08:41:11][info] k:appid=>wxefc029d4373dcac0
[2017-07-17 08:41:11][info] k:bank_type=>ICBC_DEBIT
[2017-07-17 08:41:11][info] k:cash_fee=>656988
[2017-07-17 08:41:11][info] k:coupon_count=>1
[2017-07-17 08:41:11][info] k:coupon_fee=>12
[2017-07-17 08:41:11][info] k:coupon_fee_0=>12
[2017-07-17 08:41:11][info] k:coupon_id_0=>2000000000966777291
[2017-07-17 08:41:11][info] k:fee_type=>CNY
[2017-07-17 08:41:11][info] k:is_subscribe=>N
[2017-07-17 08:41:11][info] k:mch_id=>1244967502
[2017-07-17 08:41:11][info] k:nonce_str=>qp33osu6hqtv5fi4k0ezar06h97qhygv
[2017-07-17 08:41:11][info] k:openid=>orYumuGysPjS8gXbc6_0iYlE9NgM
[2017-07-17 08:41:11][info] k:out_trade_no=>LX-17071309042966501-a
[2017-07-17 08:41:11][info] k:result_code=>SUCCESS
[2017-07-17 08:41:11][info] k:return_code=>SUCCESS
[2017-07-17 08:41:11][info] k:sign=>A82BC8139E3BE94834675567ACDEB938
[2017-07-17 08:41:11][info] k:time_end=>20170717084111
[2017-07-17 08:41:11][info] k:total_fee=>657000
[2017-07-17 08:41:11][info] k:trade_type=>NATIVE
[2017-07-17 08:41:11][info] k:transaction_id=>4002682001201707171179335518
[2017-07-17 08:41:11][info] ----------------------------------------
[2017-07-17 08:41:11][info] XML_DATA222:{"appid":"wxefc029d4373dcac0","bank_type":"ICBC_DEBIT","cash_fee":"6569.88","coupon_count":"1","coupon_fee":"12","coupon_fee_0":"12","coupon_id_0":"2000000000966777291","fee_type":"CNY","is_subscribe":"N","mch_id":"1244967502","nonce_str":"qp33osu6hqtv5fi4k0ezar06h97qhygv","openid":"orYumuGysPjS8gXbc6_0iYlE9NgM","out_trade_no":"LX-17071309042966501-a","result_code":"SUCCESS","return_code":"SUCCESS","sign":"A82BC8139E3BE94834675567ACDEB938","time_end":"20170717084111","total_fee":"6570.00","trade_type":"NATIVE","transaction_id":"4002682001201707171179335518"}
[2017-07-17 08:41:12][warn] 数据存储成功，并成功返回记录编号18076！
[2017-07-17 08:41:24][info] ----------------------------------------
[2017-07-17 08:41:24][info] XML_DATA111:[{appid=>wxefc029d4373dcac0}{bank_type=>ICBC_DEBIT}{cash_fee=>656988}{coupon_count=>1}{coupon_fee=>12}{coupon_fee_0=>12}{coupon_id_0=>2000000000966777291}{fee_type=>CNY}{is_subscribe=>N}{mch_id=>1244967502}{nonce_str=>qp33osu6hqtv5fi4k0ezar06h97qhygv}{openid=>orYumuGysPjS8gXbc6_0iYlE9NgM}{out_trade_no=>LX-17071309042966501-a}{result_code=>SUCCESS}{return_code=>SUCCESS}{sign=>A82BC8139E3BE94834675567ACDEB938}{time_end=>20170717084111}{total_fee=>657000}{trade_type=>NATIVE}{transaction_id=>4002682001201707171179335518}]
[2017-07-17 08:41:24][info] k:appid=>wxefc029d4373dcac0
[2017-07-17 08:41:24][info] k:bank_type=>ICBC_DEBIT
[2017-07-17 08:41:24][info] k:cash_fee=>656988
[2017-07-17 08:41:24][info] k:coupon_count=>1
[2017-07-17 08:41:24][info] k:coupon_fee=>12
[2017-07-17 08:41:24][info] k:coupon_fee_0=>12
[2017-07-17 08:41:24][info] k:coupon_id_0=>2000000000966777291
[2017-07-17 08:41:24][info] k:fee_type=>CNY
[2017-07-17 08:41:24][info] k:is_subscribe=>N
[2017-07-17 08:41:24][info] k:mch_id=>1244967502
[2017-07-17 08:41:24][info] k:nonce_str=>qp33osu6hqtv5fi4k0ezar06h97qhygv
[2017-07-17 08:41:24][info] k:openid=>orYumuGysPjS8gXbc6_0iYlE9NgM
[2017-07-17 08:41:24][info] k:out_trade_no=>LX-17071309042966501-a
[2017-07-17 08:41:24][info] k:result_code=>SUCCESS
[2017-07-17 08:41:24][info] k:return_code=>SUCCESS
[2017-07-17 08:41:24][info] k:sign=>A82BC8139E3BE94834675567ACDEB938
[2017-07-17 08:41:24][info] k:time_end=>20170717084111
[2017-07-17 08:41:24][info] k:total_fee=>657000
[2017-07-17 08:41:24][info] k:trade_type=>NATIVE
[2017-07-17 08:41:24][info] k:transaction_id=>4002682001201707171179335518
[2017-07-17 08:41:24][info] ----------------------------------------
[2017-07-17 08:41:24][info] XML_DATA222:{"appid":"wxefc029d4373dcac0","bank_type":"ICBC_DEBIT","cash_fee":"6569.88","coupon_count":"1","coupon_fee":"12","coupon_fee_0":"12","coupon_id_0":"2000000000966777291","fee_type":"CNY","is_subscribe":"N","mch_id":"1244967502","nonce_str":"qp33osu6hqtv5fi4k0ezar06h97qhygv","openid":"orYumuGysPjS8gXbc6_0iYlE9NgM","out_trade_no":"LX-17071309042966501-a","result_code":"SUCCESS","return_code":"SUCCESS","sign":"A82BC8139E3BE94834675567ACDEB938","time_end":"20170717084111","total_fee":"6570.00","trade_type":"NATIVE","transaction_id":"4002682001201707171179335518"}
[2017-07-17 08:41:24][info] 收到重复信息，并处理反馈成功！
[2017-07-17 08:41:24][info] success
[2017-07-17 08:41:24][info] 写入结束!!!
[2017-07-17 10:27:07][info] ----------------------------------------
[2017-07-17 10:27:07][info] XML_DATA111:[{appid=>wxefc029d4373dcac0}{bank_type=>ABC_DEBIT}{cash_fee=>530000}{fee_type=>CNY}{is_subscribe=>Y}{mch_id=>1244967502}{nonce_str=>m6qyuvi9ywpyd0uthee4wnigcbwbj64o}{openid=>orYumuFRMxFhaAwohsGzZHYjtTN4}{out_trade_no=>LX-17062416351459001-f}{result_code=>SUCCESS}{return_code=>SUCCESS}{sign=>CA4A1889E6A3E7EA104BA1B87B3B0932}{time_end=>20170717102707}{total_fee=>530000}{trade_type=>NATIVE}{transaction_id=>4004702001201707171193023078}]
[2017-07-17 10:27:07][info] k:appid=>wxefc029d4373dcac0
[2017-07-17 10:27:07][info] k:bank_type=>ABC_DEBIT
[2017-07-17 10:27:07][info] k:cash_fee=>530000
[2017-07-17 10:27:07][info] k:fee_type=>CNY
[2017-07-17 10:27:07][info] k:is_subscribe=>Y
[2017-07-17 10:27:07][info] k:mch_id=>1244967502
[2017-07-17 10:27:07][info] k:nonce_str=>m6qyuvi9ywpyd0uthee4wnigcbwbj64o
[2017-07-17 10:27:07][info] k:openid=>orYumuFRMxFhaAwohsGzZHYjtTN4
[2017-07-17 10:27:07][info] k:out_trade_no=>LX-17062416351459001-f
[2017-07-17 10:27:07][info] k:result_code=>SUCCESS
[2017-07-17 10:27:07][info] k:return_code=>SUCCESS
[2017-07-17 10:27:07][info] k:sign=>CA4A1889E6A3E7EA104BA1B87B3B0932
[2017-07-17 10:27:07][info] k:time_end=>20170717102707
[2017-07-17 10:27:07][info] k:total_fee=>530000
[2017-07-17 10:27:07][info] k:trade_type=>NATIVE
[2017-07-17 10:27:07][info] k:transaction_id=>4004702001201707171193023078
[2017-07-17 10:27:07][info] ----------------------------------------
[2017-07-17 10:27:07][info] XML_DATA222:{"appid":"wxefc029d4373dcac0","bank_type":"ABC_DEBIT","cash_fee":"5300.00","fee_type":"CNY","is_subscribe":"Y","mch_id":"1244967502","nonce_str":"m6qyuvi9ywpyd0uthee4wnigcbwbj64o","openid":"orYumuFRMxFhaAwohsGzZHYjtTN4","out_trade_no":"LX-17062416351459001-f","result_code":"SUCCESS","return_code":"SUCCESS","sign":"CA4A1889E6A3E7EA104BA1B87B3B0932","time_end":"20170717102707","total_fee":"5300.00","trade_type":"NATIVE","transaction_id":"4004702001201707171193023078"}
[2017-07-17 10:27:08][warn] 数据存储成功，并成功返回记录编号18079！
[2017-07-17 10:27:17][info] ----------------------------------------
[2017-07-17 10:27:17][info] XML_DATA111:[{appid=>wxefc029d4373dcac0}{bank_type=>ABC_DEBIT}{cash_fee=>530000}{fee_type=>CNY}{is_subscribe=>Y}{mch_id=>1244967502}{nonce_str=>m6qyuvi9ywpyd0uthee4wnigcbwbj64o}{openid=>orYumuFRMxFhaAwohsGzZHYjtTN4}{out_trade_no=>LX-17062416351459001-f}{result_code=>SUCCESS}{return_code=>SUCCESS}{sign=>CA4A1889E6A3E7EA104BA1B87B3B0932}{time_end=>20170717102707}{total_fee=>530000}{trade_type=>NATIVE}{transaction_id=>4004702001201707171193023078}]
[2017-07-17 10:27:17][info] k:appid=>wxefc029d4373dcac0
[2017-07-17 10:27:17][info] k:bank_type=>ABC_DEBIT
[2017-07-17 10:27:17][info] k:cash_fee=>530000
[2017-07-17 10:27:17][info] k:fee_type=>CNY
[2017-07-17 10:27:17][info] k:is_subscribe=>Y
[2017-07-17 10:27:17][info] k:mch_id=>1244967502
[2017-07-17 10:27:17][info] k:nonce_str=>m6qyuvi9ywpyd0uthee4wnigcbwbj64o
[2017-07-17 10:27:17][info] k:openid=>orYumuFRMxFhaAwohsGzZHYjtTN4
[2017-07-17 10:27:17][info] k:out_trade_no=>LX-17062416351459001-f
[2017-07-17 10:27:17][info] k:result_code=>SUCCESS
[2017-07-17 10:27:17][info] k:return_code=>SUCCESS
[2017-07-17 10:27:17][info] k:sign=>CA4A1889E6A3E7EA104BA1B87B3B0932
[2017-07-17 10:27:17][info] k:time_end=>20170717102707
[2017-07-17 10:27:17][info] k:total_fee=>530000
[2017-07-17 10:27:17][info] k:trade_type=>NATIVE
[2017-07-17 10:27:17][info] k:transaction_id=>4004702001201707171193023078
[2017-07-17 10:27:17][info] ----------------------------------------
[2017-07-17 10:27:17][info] XML_DATA222:{"appid":"wxefc029d4373dcac0","bank_type":"ABC_DEBIT","cash_fee":"5300.00","fee_type":"CNY","is_subscribe":"Y","mch_id":"1244967502","nonce_str":"m6qyuvi9ywpyd0uthee4wnigcbwbj64o","openid":"orYumuFRMxFhaAwohsGzZHYjtTN4","out_trade_no":"LX-17062416351459001-f","result_code":"SUCCESS","return_code":"SUCCESS","sign":"CA4A1889E6A3E7EA104BA1B87B3B0932","time_end":"20170717102707","total_fee":"5300.00","trade_type":"NATIVE","transaction_id":"4004702001201707171193023078"}
[2017-07-17 10:27:17][info] 收到重复信息，并处理反馈成功！
[2017-07-17 10:27:17][info] success
[2017-07-17 10:27:17][info] 写入结束!!!
[2017-07-17 16:23:44][info] ----------------------------------------
[2017-07-17 16:23:44][info] XML_DATA111:[{appid=>wxefc029d4373dcac0}{bank_type=>CFT}{cash_fee=>409000}{fee_type=>CNY}{is_subscribe=>Y}{mch_id=>1244967502}{nonce_str=>3idk8d1mw6r50fnckjgy3zo1jmru7ce1}{openid=>orYumuNVSZeH6phJo2duKQ1xm8do}{out_trade_no=>LX-17070316503422401-8}{result_code=>SUCCESS}{return_code=>SUCCESS}{sign=>CEE4E56A2042EF4A33EE968FAE90A2BF}{time_end=>20170717162343}{total_fee=>409000}{trade_type=>NATIVE}{transaction_id=>4005322001201707171248476723}]
[2017-07-17 16:23:44][info] k:appid=>wxefc029d4373dcac0
[2017-07-17 16:23:44][info] k:bank_type=>CFT
[2017-07-17 16:23:44][info] k:cash_fee=>409000
[2017-07-17 16:23:44][info] k:fee_type=>CNY
[2017-07-17 16:23:44][info] k:is_subscribe=>Y
[2017-07-17 16:23:44][info] k:mch_id=>1244967502
[2017-07-17 16:23:44][info] k:nonce_str=>3idk8d1mw6r50fnckjgy3zo1jmru7ce1
[2017-07-17 16:23:44][info] k:openid=>orYumuNVSZeH6phJo2duKQ1xm8do
[2017-07-17 16:23:44][info] k:out_trade_no=>LX-17070316503422401-8
[2017-07-17 16:23:44][info] k:result_code=>SUCCESS
[2017-07-17 16:23:44][info] k:return_code=>SUCCESS
[2017-07-17 16:23:44][info] k:sign=>CEE4E56A2042EF4A33EE968FAE90A2BF
[2017-07-17 16:23:44][info] k:time_end=>20170717162343
[2017-07-17 16:23:44][info] k:total_fee=>409000
[2017-07-17 16:23:44][info] k:trade_type=>NATIVE
[2017-07-17 16:23:44][info] k:transaction_id=>4005322001201707171248476723
[2017-07-17 16:23:44][info] ----------------------------------------
[2017-07-17 16:23:44][info] XML_DATA222:{"appid":"wxefc029d4373dcac0","bank_type":"CFT","cash_fee":"4090.00","fee_type":"CNY","is_subscribe":"Y","mch_id":"1244967502","nonce_str":"3idk8d1mw6r50fnckjgy3zo1jmru7ce1","openid":"orYumuNVSZeH6phJo2duKQ1xm8do","out_trade_no":"LX-17070316503422401-8","result_code":"SUCCESS","return_code":"SUCCESS","sign":"CEE4E56A2042EF4A33EE968FAE90A2BF","time_end":"20170717162343","total_fee":"4090.00","trade_type":"NATIVE","transaction_id":"4005322001201707171248476723"}
[2017-07-17 16:23:44][warn] 数据存储成功，并成功返回记录编号18087！
[2017-07-17 16:23:57][info] ----------------------------------------
[2017-07-17 16:23:57][info] XML_DATA111:[{appid=>wxefc029d4373dcac0}{bank_type=>CFT}{cash_fee=>409000}{fee_type=>CNY}{is_subscribe=>Y}{mch_id=>1244967502}{nonce_str=>3idk8d1mw6r50fnckjgy3zo1jmru7ce1}{openid=>orYumuNVSZeH6phJo2duKQ1xm8do}{out_trade_no=>LX-17070316503422401-8}{result_code=>SUCCESS}{return_code=>SUCCESS}{sign=>CEE4E56A2042EF4A33EE968FAE90A2BF}{time_end=>20170717162343}{total_fee=>409000}{trade_type=>NATIVE}{transaction_id=>4005322001201707171248476723}]
[2017-07-17 16:23:57][info] k:appid=>wxefc029d4373dcac0
[2017-07-17 16:23:57][info] k:bank_type=>CFT
[2017-07-17 16:23:57][info] k:cash_fee=>409000
[2017-07-17 16:23:57][info] k:fee_type=>CNY
[2017-07-17 16:23:57][info] k:is_subscribe=>Y
[2017-07-17 16:23:57][info] k:mch_id=>1244967502
[2017-07-17 16:23:57][info] k:nonce_str=>3idk8d1mw6r50fnckjgy3zo1jmru7ce1
[2017-07-17 16:23:57][info] k:openid=>orYumuNVSZeH6phJo2duKQ1xm8do
[2017-07-17 16:23:57][info] k:out_trade_no=>LX-17070316503422401-8
[2017-07-17 16:23:57][info] k:result_code=>SUCCESS
[2017-07-17 16:23:57][info] k:return_code=>SUCCESS
[2017-07-17 16:23:57][info] k:sign=>CEE4E56A2042EF4A33EE968FAE90A2BF
[2017-07-17 16:23:57][info] k:time_end=>20170717162343
[2017-07-17 16:23:57][info] k:total_fee=>409000
[2017-07-17 16:23:57][info] k:trade_type=>NATIVE
[2017-07-17 16:23:57][info] k:transaction_id=>4005322001201707171248476723
[2017-07-17 16:23:57][info] ----------------------------------------
[2017-07-17 16:23:57][info] XML_DATA222:{"appid":"wxefc029d4373dcac0","bank_type":"CFT","cash_fee":"4090.00","fee_type":"CNY","is_subscribe":"Y","mch_id":"1244967502","nonce_str":"3idk8d1mw6r50fnckjgy3zo1jmru7ce1","openid":"orYumuNVSZeH6phJo2duKQ1xm8do","out_trade_no":"LX-17070316503422401-8","result_code":"SUCCESS","return_code":"SUCCESS","sign":"CEE4E56A2042EF4A33EE968FAE90A2BF","time_end":"20170717162343","total_fee":"4090.00","trade_type":"NATIVE","transaction_id":"4005322001201707171248476723"}
[2017-07-17 16:23:57][info] 收到重复信息，并处理反馈成功！
[2017-07-17 16:23:57][info] success
[2017-07-17 16:23:57][info] 写入结束!!!
[2017-07-17 16:57:48][info] ----------------------------------------
[2017-07-17 16:57:48][info] XML_DATA111:[{appid=>wxefc029d4373dcac0}{bank_type=>ICBC_DEBIT}{cash_fee=>571000}{fee_type=>CNY}{is_subscribe=>N}{mch_id=>1244967502}{nonce_str=>1a1oovalo835d83mvxrzmzv7jmh6we7t}{openid=>orYumuP5apSVtNNK-o-p1LFP51gU}{out_trade_no=>LX-17071716205684101-2}{result_code=>SUCCESS}{return_code=>SUCCESS}{sign=>774D960C1084C6055183F832F7B6D458}{time_end=>20170717165748}{total_fee=>571000}{trade_type=>NATIVE}{transaction_id=>4002712001201707171249628943}]
[2017-07-17 16:57:48][info] k:appid=>wxefc029d4373dcac0
[2017-07-17 16:57:48][info] k:bank_type=>ICBC_DEBIT
[2017-07-17 16:57:48][info] k:cash_fee=>571000
[2017-07-17 16:57:48][info] k:fee_type=>CNY
[2017-07-17 16:57:48][info] k:is_subscribe=>N
[2017-07-17 16:57:48][info] k:mch_id=>1244967502
[2017-07-17 16:57:48][info] k:nonce_str=>1a1oovalo835d83mvxrzmzv7jmh6we7t
[2017-07-17 16:57:48][info] k:openid=>orYumuP5apSVtNNK-o-p1LFP51gU
[2017-07-17 16:57:48][info] k:out_trade_no=>LX-17071716205684101-2
[2017-07-17 16:57:48][info] k:result_code=>SUCCESS
[2017-07-17 16:57:48][info] k:return_code=>SUCCESS
[2017-07-17 16:57:48][info] k:sign=>774D960C1084C6055183F832F7B6D458
[2017-07-17 16:57:48][info] k:time_end=>20170717165748
[2017-07-17 16:57:48][info] k:total_fee=>571000
[2017-07-17 16:57:48][info] k:trade_type=>NATIVE
[2017-07-17 16:57:48][info] k:transaction_id=>4002712001201707171249628943
[2017-07-17 16:57:48][info] ----------------------------------------
[2017-07-17 16:57:48][info] XML_DATA222:{"appid":"wxefc029d4373dcac0","bank_type":"ICBC_DEBIT","cash_fee":"5710.00","fee_type":"CNY","is_subscribe":"N","mch_id":"1244967502","nonce_str":"1a1oovalo835d83mvxrzmzv7jmh6we7t","openid":"orYumuP5apSVtNNK-o-p1LFP51gU","out_trade_no":"LX-17071716205684101-2","result_code":"SUCCESS","return_code":"SUCCESS","sign":"774D960C1084C6055183F832F7B6D458","time_end":"20170717165748","total_fee":"5710.00","trade_type":"NATIVE","transaction_id":"4002712001201707171249628943"}
[2017-07-17 16:57:49][warn] 数据存储成功，并成功返回记录编号18088！
[2017-07-17 16:58:02][info] ----------------------------------------
[2017-07-17 16:58:02][info] XML_DATA111:[{appid=>wxefc029d4373dcac0}{bank_type=>ICBC_DEBIT}{cash_fee=>571000}{fee_type=>CNY}{is_subscribe=>N}{mch_id=>1244967502}{nonce_str=>1a1oovalo835d83mvxrzmzv7jmh6we7t}{openid=>orYumuP5apSVtNNK-o-p1LFP51gU}{out_trade_no=>LX-17071716205684101-2}{result_code=>SUCCESS}{return_code=>SUCCESS}{sign=>774D960C1084C6055183F832F7B6D458}{time_end=>20170717165748}{total_fee=>571000}{trade_type=>NATIVE}{transaction_id=>4002712001201707171249628943}]
[2017-07-17 16:58:02][info] k:appid=>wxefc029d4373dcac0
[2017-07-17 16:58:02][info] k:bank_type=>ICBC_DEBIT
[2017-07-17 16:58:02][info] k:cash_fee=>571000
[2017-07-17 16:58:02][info] k:fee_type=>CNY
[2017-07-17 16:58:02][info] k:is_subscribe=>N
[2017-07-17 16:58:02][info] k:mch_id=>1244967502
[2017-07-17 16:58:02][info] k:nonce_str=>1a1oovalo835d83mvxrzmzv7jmh6we7t
[2017-07-17 16:58:02][info] k:openid=>orYumuP5apSVtNNK-o-p1LFP51gU
[2017-07-17 16:58:02][info] k:out_trade_no=>LX-17071716205684101-2
[2017-07-17 16:58:02][info] k:result_code=>SUCCESS
[2017-07-17 16:58:02][info] k:return_code=>SUCCESS
[2017-07-17 16:58:02][info] k:sign=>774D960C1084C6055183F832F7B6D458
[2017-07-17 16:58:02][info] k:time_end=>20170717165748
[2017-07-17 16:58:02][info] k:total_fee=>571000
[2017-07-17 16:58:02][info] k:trade_type=>NATIVE
[2017-07-17 16:58:02][info] k:transaction_id=>4002712001201707171249628943
[2017-07-17 16:58:02][info] ----------------------------------------
[2017-07-17 16:58:02][info] XML_DATA222:{"appid":"wxefc029d4373dcac0","bank_type":"ICBC_DEBIT","cash_fee":"5710.00","fee_type":"CNY","is_subscribe":"N","mch_id":"1244967502","nonce_str":"1a1oovalo835d83mvxrzmzv7jmh6we7t","openid":"orYumuP5apSVtNNK-o-p1LFP51gU","out_trade_no":"LX-17071716205684101-2","result_code":"SUCCESS","return_code":"SUCCESS","sign":"774D960C1084C6055183F832F7B6D458","time_end":"20170717165748","total_fee":"5710.00","trade_type":"NATIVE","transaction_id":"4002712001201707171249628943"}
[2017-07-17 16:58:02][info] 收到重复信息，并处理反馈成功！
[2017-07-17 16:58:02][info] success
[2017-07-17 16:58:02][info] 写入结束!!!
[2017-07-17 18:15:34][info] ----------------------------------------
[2017-07-17 18:15:34][info] XML_DATA111:[{appid=>wxefc029d4373dcac0}{bank_type=>PAB_CREDIT}{cash_fee=>513000}{fee_type=>CNY}{is_subscribe=>N}{mch_id=>1244967502}{nonce_str=>mrivvpwucn46hvust3pxfcvbgk7d8cj1}{openid=>orYumuJW0bGj4MpW1lAE23o4qTjc}{out_trade_no=>LX-17070911331351406-0}{result_code=>SUCCESS}{return_code=>SUCCESS}{sign=>25544585258DBE031F044C7FF83303E7}{time_end=>20170717181534}{total_fee=>513000}{trade_type=>NATIVE}{transaction_id=>4007102001201707171261296902}]
[2017-07-17 18:15:34][info] k:appid=>wxefc029d4373dcac0
[2017-07-17 18:15:34][info] k:bank_type=>PAB_CREDIT
[2017-07-17 18:15:34][info] k:cash_fee=>513000
[2017-07-17 18:15:34][info] k:fee_type=>CNY
[2017-07-17 18:15:34][info] k:is_subscribe=>N
[2017-07-17 18:15:34][info] k:mch_id=>1244967502
[2017-07-17 18:15:34][info] k:nonce_str=>mrivvpwucn46hvust3pxfcvbgk7d8cj1
[2017-07-17 18:15:34][info] k:openid=>orYumuJW0bGj4MpW1lAE23o4qTjc
[2017-07-17 18:15:34][info] k:out_trade_no=>LX-17070911331351406-0
[2017-07-17 18:15:34][info] k:result_code=>SUCCESS
[2017-07-17 18:15:34][info] k:return_code=>SUCCESS
[2017-07-17 18:15:34][info] k:sign=>25544585258DBE031F044C7FF83303E7
[2017-07-17 18:15:34][info] k:time_end=>20170717181534
[2017-07-17 18:15:34][info] k:total_fee=>513000
[2017-07-17 18:15:34][info] k:trade_type=>NATIVE
[2017-07-17 18:15:34][info] k:transaction_id=>4007102001201707171261296902
[2017-07-17 18:15:34][info] ----------------------------------------
[2017-07-17 18:15:34][info] XML_DATA222:{"appid":"wxefc029d4373dcac0","bank_type":"PAB_CREDIT","cash_fee":"5130.00","fee_type":"CNY","is_subscribe":"N","mch_id":"1244967502","nonce_str":"mrivvpwucn46hvust3pxfcvbgk7d8cj1","openid":"orYumuJW0bGj4MpW1lAE23o4qTjc","out_trade_no":"LX-17070911331351406-0","result_code":"SUCCESS","return_code":"SUCCESS","sign":"25544585258DBE031F044C7FF83303E7","time_end":"20170717181534","total_fee":"5130.00","trade_type":"NATIVE","transaction_id":"4007102001201707171261296902"}
[2017-07-17 18:15:34][warn] 数据存储成功，并成功返回记录编号18089！
[2017-07-17 18:15:48][info] ----------------------------------------
[2017-07-17 18:15:48][info] XML_DATA111:[{appid=>wxefc029d4373dcac0}{bank_type=>PAB_CREDIT}{cash_fee=>513000}{fee_type=>CNY}{is_subscribe=>N}{mch_id=>1244967502}{nonce_str=>mrivvpwucn46hvust3pxfcvbgk7d8cj1}{openid=>orYumuJW0bGj4MpW1lAE23o4qTjc}{out_trade_no=>LX-17070911331351406-0}{result_code=>SUCCESS}{return_code=>SUCCESS}{sign=>25544585258DBE031F044C7FF83303E7}{time_end=>20170717181534}{total_fee=>513000}{trade_type=>NATIVE}{transaction_id=>4007102001201707171261296902}]
[2017-07-17 18:15:48][info] k:appid=>wxefc029d4373dcac0
[2017-07-17 18:15:48][info] k:bank_type=>PAB_CREDIT
[2017-07-17 18:15:48][info] k:cash_fee=>513000
[2017-07-17 18:15:48][info] k:fee_type=>CNY
[2017-07-17 18:15:48][info] k:is_subscribe=>N
[2017-07-17 18:15:48][info] k:mch_id=>1244967502
[2017-07-17 18:15:48][info] k:nonce_str=>mrivvpwucn46hvust3pxfcvbgk7d8cj1
[2017-07-17 18:15:48][info] k:openid=>orYumuJW0bGj4MpW1lAE23o4qTjc
[2017-07-17 18:15:48][info] k:out_trade_no=>LX-17070911331351406-0
[2017-07-17 18:15:48][info] k:result_code=>SUCCESS
[2017-07-17 18:15:48][info] k:return_code=>SUCCESS
[2017-07-17 18:15:48][info] k:sign=>25544585258DBE031F044C7FF83303E7
[2017-07-17 18:15:48][info] k:time_end=>20170717181534
[2017-07-17 18:15:48][info] k:total_fee=>513000
[2017-07-17 18:15:48][info] k:trade_type=>NATIVE
[2017-07-17 18:15:48][info] k:transaction_id=>4007102001201707171261296902
[2017-07-17 18:15:48][info] ----------------------------------------
[2017-07-17 18:15:48][info] XML_DATA222:{"appid":"wxefc029d4373dcac0","bank_type":"PAB_CREDIT","cash_fee":"5130.00","fee_type":"CNY","is_subscribe":"N","mch_id":"1244967502","nonce_str":"mrivvpwucn46hvust3pxfcvbgk7d8cj1","openid":"orYumuJW0bGj4MpW1lAE23o4qTjc","out_trade_no":"LX-17070911331351406-0","result_code":"SUCCESS","return_code":"SUCCESS","sign":"25544585258DBE031F044C7FF83303E7","time_end":"20170717181534","total_fee":"5130.00","trade_type":"NATIVE","transaction_id":"4007102001201707171261296902"}
[2017-07-17 18:15:48][info] 收到重复信息，并处理反馈成功！
[2017-07-17 18:15:48][info] success
[2017-07-17 18:15:48][info] 写入结束!!!
[2017-07-17 22:20:18][info] ----------------------------------------
[2017-07-17 22:20:18][info] XML_DATA111:[{appid=>wxefc029d4373dcac0}{bank_type=>BOC_CREDIT}{cash_fee=>864000}{fee_type=>CNY}{is_subscribe=>Y}{mch_id=>1244967502}{nonce_str=>57q71n1ij1yc96orafmepxxg6tb0evc4}{openid=>orYumuOvbvVMcaC4JYbTpc6-7ISw}{out_trade_no=>LX-17071215191585901-b}{result_code=>SUCCESS}{return_code=>SUCCESS}{sign=>E1E9271D669D1519E586A0BAB2190D82}{time_end=>20170717222018}{total_fee=>864000}{trade_type=>NATIVE}{transaction_id=>4007232001201707171300202975}]
[2017-07-17 22:20:18][info] k:appid=>wxefc029d4373dcac0
[2017-07-17 22:20:18][info] k:bank_type=>BOC_CREDIT
[2017-07-17 22:20:18][info] k:cash_fee=>864000
[2017-07-17 22:20:18][info] k:fee_type=>CNY
[2017-07-17 22:20:18][info] k:is_subscribe=>Y
[2017-07-17 22:20:18][info] k:mch_id=>1244967502
[2017-07-17 22:20:18][info] k:nonce_str=>57q71n1ij1yc96orafmepxxg6tb0evc4
[2017-07-17 22:20:18][info] k:openid=>orYumuOvbvVMcaC4JYbTpc6-7ISw
[2017-07-17 22:20:18][info] k:out_trade_no=>LX-17071215191585901-b
[2017-07-17 22:20:18][info] k:result_code=>SUCCESS
[2017-07-17 22:20:18][info] k:return_code=>SUCCESS
[2017-07-17 22:20:18][info] k:sign=>E1E9271D669D1519E586A0BAB2190D82
[2017-07-17 22:20:18][info] k:time_end=>20170717222018
[2017-07-17 22:20:18][info] k:total_fee=>864000
[2017-07-17 22:20:18][info] k:trade_type=>NATIVE
[2017-07-17 22:20:18][info] k:transaction_id=>4007232001201707171300202975
[2017-07-17 22:20:18][info] ----------------------------------------
[2017-07-17 22:20:18][info] XML_DATA222:{"appid":"wxefc029d4373dcac0","bank_type":"BOC_CREDIT","cash_fee":"8640.00","fee_type":"CNY","is_subscribe":"Y","mch_id":"1244967502","nonce_str":"57q71n1ij1yc96orafmepxxg6tb0evc4","openid":"orYumuOvbvVMcaC4JYbTpc6-7ISw","out_trade_no":"LX-17071215191585901-b","result_code":"SUCCESS","return_code":"SUCCESS","sign":"E1E9271D669D1519E586A0BAB2190D82","time_end":"20170717222018","total_fee":"8640.00","trade_type":"NATIVE","transaction_id":"4007232001201707171300202975"}
[2017-07-17 22:20:19][warn] 数据存储成功，并成功返回记录编号18097！
[2017-07-17 22:20:35][info] ----------------------------------------
[2017-07-17 22:20:35][info] XML_DATA111:[{appid=>wxefc029d4373dcac0}{bank_type=>BOC_CREDIT}{cash_fee=>864000}{fee_type=>CNY}{is_subscribe=>Y}{mch_id=>1244967502}{nonce_str=>57q71n1ij1yc96orafmepxxg6tb0evc4}{openid=>orYumuOvbvVMcaC4JYbTpc6-7ISw}{out_trade_no=>LX-17071215191585901-b}{result_code=>SUCCESS}{return_code=>SUCCESS}{sign=>E1E9271D669D1519E586A0BAB2190D82}{time_end=>20170717222018}{total_fee=>864000}{trade_type=>NATIVE}{transaction_id=>4007232001201707171300202975}]
[2017-07-17 22:20:35][info] k:appid=>wxefc029d4373dcac0
[2017-07-17 22:20:35][info] k:bank_type=>BOC_CREDIT
[2017-07-17 22:20:35][info] k:cash_fee=>864000
[2017-07-17 22:20:35][info] k:fee_type=>CNY
[2017-07-17 22:20:35][info] k:is_subscribe=>Y
[2017-07-17 22:20:35][info] k:mch_id=>1244967502
[2017-07-17 22:20:35][info] k:nonce_str=>57q71n1ij1yc96orafmepxxg6tb0evc4
[2017-07-17 22:20:35][info] k:openid=>orYumuOvbvVMcaC4JYbTpc6-7ISw
[2017-07-17 22:20:35][info] k:out_trade_no=>LX-17071215191585901-b
[2017-07-17 22:20:35][info] k:result_code=>SUCCESS
[2017-07-17 22:20:35][info] k:return_code=>SUCCESS
[2017-07-17 22:20:35][info] k:sign=>E1E9271D669D1519E586A0BAB2190D82
[2017-07-17 22:20:35][info] k:time_end=>20170717222018
[2017-07-17 22:20:35][info] k:total_fee=>864000
[2017-07-17 22:20:35][info] k:trade_type=>NATIVE
[2017-07-17 22:20:35][info] k:transaction_id=>4007232001201707171300202975
[2017-07-17 22:20:35][info] ----------------------------------------
[2017-07-17 22:20:35][info] XML_DATA222:{"appid":"wxefc029d4373dcac0","bank_type":"BOC_CREDIT","cash_fee":"8640.00","fee_type":"CNY","is_subscribe":"Y","mch_id":"1244967502","nonce_str":"57q71n1ij1yc96orafmepxxg6tb0evc4","openid":"orYumuOvbvVMcaC4JYbTpc6-7ISw","out_trade_no":"LX-17071215191585901-b","result_code":"SUCCESS","return_code":"SUCCESS","sign":"E1E9271D669D1519E586A0BAB2190D82","time_end":"20170717222018","total_fee":"8640.00","trade_type":"NATIVE","transaction_id":"4007232001201707171300202975"}
[2017-07-17 22:20:35][info] 收到重复信息，并处理反馈成功！
[2017-07-17 22:20:35][info] success
[2017-07-17 22:20:35][info] 写入结束!!!
