[2017-09-14 12:51:56][info] ----------------------------------------
[2017-09-14 12:51:56][info] XML_DATA111:[{appid=>wxefc029d4373dcac0}{bank_type=>CFT}{cash_fee=>756000}{fee_type=>CNY}{is_subscribe=>N}{mch_id=>1244967502}{nonce_str=>1s658oim7n45blagv9a0v57xoiou2qi8}{openid=>orYumuLw4fprmV8LyOcgfP0u6hd8}{out_trade_no=>LX-17091412324387601-9}{result_code=>SUCCESS}{return_code=>SUCCESS}{sign=>EC6A9C59741557B2806555C9DE421837}{time_end=>20170914125156}{total_fee=>756000}{trade_type=>NATIVE}{transaction_id=>4006562001201709142021308057}]
[2017-09-14 12:51:56][info] k:appid=>wxefc029d4373dcac0
[2017-09-14 12:51:56][info] k:bank_type=>CFT
[2017-09-14 12:51:56][info] k:cash_fee=>756000
[2017-09-14 12:51:56][info] k:fee_type=>CNY
[2017-09-14 12:51:56][info] k:is_subscribe=>N
[2017-09-14 12:51:56][info] k:mch_id=>1244967502
[2017-09-14 12:51:56][info] k:nonce_str=>1s658oim7n45blagv9a0v57xoiou2qi8
[2017-09-14 12:51:56][info] k:openid=>orYumuLw4fprmV8LyOcgfP0u6hd8
[2017-09-14 12:51:56][info] k:out_trade_no=>LX-17091412324387601-9
[2017-09-14 12:51:56][info] k:result_code=>SUCCESS
[2017-09-14 12:51:56][info] k:return_code=>SUCCESS
[2017-09-14 12:51:56][info] k:sign=>EC6A9C59741557B2806555C9DE421837
[2017-09-14 12:51:56][info] k:time_end=>20170914125156
[2017-09-14 12:51:56][info] k:total_fee=>756000
[2017-09-14 12:51:56][info] k:trade_type=>NATIVE
[2017-09-14 12:51:56][info] k:transaction_id=>4006562001201709142021308057
[2017-09-14 12:51:56][info] ----------------------------------------
[2017-09-14 12:51:56][info] XML_DATA222:{"appid":"wxefc029d4373dcac0","bank_type":"CFT","cash_fee":"7560.00","fee_type":"CNY","is_subscribe":"N","mch_id":"1244967502","nonce_str":"1s658oim7n45blagv9a0v57xoiou2qi8","openid":"orYumuLw4fprmV8LyOcgfP0u6hd8","out_trade_no":"LX-17091412324387601-9","result_code":"SUCCESS","return_code":"SUCCESS","sign":"EC6A9C59741557B2806555C9DE421837","time_end":"20170914125156","total_fee":"7560.00","trade_type":"NATIVE","transaction_id":"4006562001201709142021308057"}
[2017-09-14 12:51:57][warn] 数据存储成功，并成功返回记录编号19051！
[2017-09-14 12:52:06][info] ----------------------------------------
[2017-09-14 12:52:06][info] XML_DATA111:[{appid=>wxefc029d4373dcac0}{bank_type=>CFT}{cash_fee=>756000}{fee_type=>CNY}{is_subscribe=>N}{mch_id=>1244967502}{nonce_str=>1s658oim7n45blagv9a0v57xoiou2qi8}{openid=>orYumuLw4fprmV8LyOcgfP0u6hd8}{out_trade_no=>LX-17091412324387601-9}{result_code=>SUCCESS}{return_code=>SUCCESS}{sign=>EC6A9C59741557B2806555C9DE421837}{time_end=>20170914125156}{total_fee=>756000}{trade_type=>NATIVE}{transaction_id=>4006562001201709142021308057}]
[2017-09-14 12:52:06][info] k:appid=>wxefc029d4373dcac0
[2017-09-14 12:52:06][info] k:bank_type=>CFT
[2017-09-14 12:52:06][info] k:cash_fee=>756000
[2017-09-14 12:52:06][info] k:fee_type=>CNY
[2017-09-14 12:52:06][info] k:is_subscribe=>N
[2017-09-14 12:52:06][info] k:mch_id=>1244967502
[2017-09-14 12:52:06][info] k:nonce_str=>1s658oim7n45blagv9a0v57xoiou2qi8
[2017-09-14 12:52:06][info] k:openid=>orYumuLw4fprmV8LyOcgfP0u6hd8
[2017-09-14 12:52:06][info] k:out_trade_no=>LX-17091412324387601-9
[2017-09-14 12:52:06][info] k:result_code=>SUCCESS
[2017-09-14 12:52:06][info] k:return_code=>SUCCESS
[2017-09-14 12:52:06][info] k:sign=>EC6A9C59741557B2806555C9DE421837
[2017-09-14 12:52:06][info] k:time_end=>20170914125156
[2017-09-14 12:52:06][info] k:total_fee=>756000
[2017-09-14 12:52:06][info] k:trade_type=>NATIVE
[2017-09-14 12:52:06][info] k:transaction_id=>4006562001201709142021308057
[2017-09-14 12:52:06][info] ----------------------------------------
[2017-09-14 12:52:06][info] XML_DATA222:{"appid":"wxefc029d4373dcac0","bank_type":"CFT","cash_fee":"7560.00","fee_type":"CNY","is_subscribe":"N","mch_id":"1244967502","nonce_str":"1s658oim7n45blagv9a0v57xoiou2qi8","openid":"orYumuLw4fprmV8LyOcgfP0u6hd8","out_trade_no":"LX-17091412324387601-9","result_code":"SUCCESS","return_code":"SUCCESS","sign":"EC6A9C59741557B2806555C9DE421837","time_end":"20170914125156","total_fee":"7560.00","trade_type":"NATIVE","transaction_id":"4006562001201709142021308057"}
[2017-09-14 12:52:06][info] 收到重复信息，并处理反馈成功！
[2017-09-14 12:52:06][info] success
[2017-09-14 12:52:06][info] 写入结束!!!
[2017-09-14 14:51:41][info] ----------------------------------------
[2017-09-14 14:51:41][info] XML_DATA111:[{appid=>wxefc029d4373dcac0}{bank_type=>ICBC_DEBIT}{cash_fee=>246500}{fee_type=>CNY}{is_subscribe=>N}{mch_id=>1244967502}{nonce_str=>oume2ybhham750xzctxvkivrwcvl24se}{openid=>orYumuFxZ-fxxYaZWahycZe52dnU}{out_trade_no=>LX-17091414343911101-b}{result_code=>SUCCESS}{return_code=>SUCCESS}{sign=>7B96118C96AB3842FB451C3958C5A00C}{time_end=>20170914145140}{total_fee=>246500}{trade_type=>NATIVE}{transaction_id=>4002222001201709142039373073}]
[2017-09-14 14:51:41][info] k:appid=>wxefc029d4373dcac0
[2017-09-14 14:51:41][info] k:bank_type=>ICBC_DEBIT
[2017-09-14 14:51:41][info] k:cash_fee=>246500
[2017-09-14 14:51:41][info] k:fee_type=>CNY
[2017-09-14 14:51:41][info] k:is_subscribe=>N
[2017-09-14 14:51:41][info] k:mch_id=>1244967502
[2017-09-14 14:51:41][info] k:nonce_str=>oume2ybhham750xzctxvkivrwcvl24se
[2017-09-14 14:51:41][info] k:openid=>orYumuFxZ-fxxYaZWahycZe52dnU
[2017-09-14 14:51:41][info] k:out_trade_no=>LX-17091414343911101-b
[2017-09-14 14:51:41][info] k:result_code=>SUCCESS
[2017-09-14 14:51:41][info] k:return_code=>SUCCESS
[2017-09-14 14:51:41][info] k:sign=>7B96118C96AB3842FB451C3958C5A00C
[2017-09-14 14:51:41][info] k:time_end=>20170914145140
[2017-09-14 14:51:41][info] k:total_fee=>246500
[2017-09-14 14:51:41][info] k:trade_type=>NATIVE
[2017-09-14 14:51:41][info] k:transaction_id=>4002222001201709142039373073
[2017-09-14 14:51:41][info] ----------------------------------------
[2017-09-14 14:51:41][info] XML_DATA222:{"appid":"wxefc029d4373dcac0","bank_type":"ICBC_DEBIT","cash_fee":"2465.00","fee_type":"CNY","is_subscribe":"N","mch_id":"1244967502","nonce_str":"oume2ybhham750xzctxvkivrwcvl24se","openid":"orYumuFxZ-fxxYaZWahycZe52dnU","out_trade_no":"LX-17091414343911101-b","result_code":"SUCCESS","return_code":"SUCCESS","sign":"7B96118C96AB3842FB451C3958C5A00C","time_end":"20170914145140","total_fee":"2465.00","trade_type":"NATIVE","transaction_id":"4002222001201709142039373073"}
[2017-09-14 14:51:41][warn] 数据存储成功，并成功返回记录编号19056！
[2017-09-14 14:51:58][info] ----------------------------------------
[2017-09-14 14:51:58][info] XML_DATA111:[{appid=>wxefc029d4373dcac0}{bank_type=>ICBC_DEBIT}{cash_fee=>246500}{fee_type=>CNY}{is_subscribe=>N}{mch_id=>1244967502}{nonce_str=>oume2ybhham750xzctxvkivrwcvl24se}{openid=>orYumuFxZ-fxxYaZWahycZe52dnU}{out_trade_no=>LX-17091414343911101-b}{result_code=>SUCCESS}{return_code=>SUCCESS}{sign=>7B96118C96AB3842FB451C3958C5A00C}{time_end=>20170914145140}{total_fee=>246500}{trade_type=>NATIVE}{transaction_id=>4002222001201709142039373073}]
[2017-09-14 14:51:58][info] k:appid=>wxefc029d4373dcac0
[2017-09-14 14:51:58][info] k:bank_type=>ICBC_DEBIT
[2017-09-14 14:51:58][info] k:cash_fee=>246500
[2017-09-14 14:51:58][info] k:fee_type=>CNY
[2017-09-14 14:51:58][info] k:is_subscribe=>N
[2017-09-14 14:51:58][info] k:mch_id=>1244967502
[2017-09-14 14:51:58][info] k:nonce_str=>oume2ybhham750xzctxvkivrwcvl24se
[2017-09-14 14:51:58][info] k:openid=>orYumuFxZ-fxxYaZWahycZe52dnU
[2017-09-14 14:51:58][info] k:out_trade_no=>LX-17091414343911101-b
[2017-09-14 14:51:58][info] k:result_code=>SUCCESS
[2017-09-14 14:51:58][info] k:return_code=>SUCCESS
[2017-09-14 14:51:58][info] k:sign=>7B96118C96AB3842FB451C3958C5A00C
[2017-09-14 14:51:58][info] k:time_end=>20170914145140
[2017-09-14 14:51:58][info] k:total_fee=>246500
[2017-09-14 14:51:58][info] k:trade_type=>NATIVE
[2017-09-14 14:51:58][info] k:transaction_id=>4002222001201709142039373073
[2017-09-14 14:51:58][info] ----------------------------------------
[2017-09-14 14:51:58][info] XML_DATA222:{"appid":"wxefc029d4373dcac0","bank_type":"ICBC_DEBIT","cash_fee":"2465.00","fee_type":"CNY","is_subscribe":"N","mch_id":"1244967502","nonce_str":"oume2ybhham750xzctxvkivrwcvl24se","openid":"orYumuFxZ-fxxYaZWahycZe52dnU","out_trade_no":"LX-17091414343911101-b","result_code":"SUCCESS","return_code":"SUCCESS","sign":"7B96118C96AB3842FB451C3958C5A00C","time_end":"20170914145140","total_fee":"2465.00","trade_type":"NATIVE","transaction_id":"4002222001201709142039373073"}
[2017-09-14 14:51:58][info] 收到重复信息，并处理反馈成功！
[2017-09-14 14:51:58][info] success
[2017-09-14 14:51:58][info] 写入结束!!!
