[2017-03-17 14:26:53][info] ----------------------------------------
[2017-03-17 14:26:53][info] XML_DATA111:[{appid=>wxefc029d4373dcac0}{bank_type=>CFT}{cash_fee=>716000}{fee_type=>CNY}{is_subscribe=>N}{mch_id=>1244967502}{nonce_str=>q0u6k7hqgwyv48yws22y4j3430wqzv8u}{openid=>orYumuICV90HJsqTUV961aUeTyzw}{out_trade_no=>LX-17031009351765506-d}{result_code=>SUCCESS}{return_code=>SUCCESS}{sign=>546728BD8183053AFE9CE8EE02830C3E}{time_end=>20170317142653}{total_fee=>716000}{trade_type=>NATIVE}{transaction_id=>4006952001201703173671223445}]
[2017-03-17 14:26:53][info] k:appid=>wxefc029d4373dcac0
[2017-03-17 14:26:53][info] k:bank_type=>CFT
[2017-03-17 14:26:53][info] k:cash_fee=>716000
[2017-03-17 14:26:53][info] k:fee_type=>CNY
[2017-03-17 14:26:53][info] k:is_subscribe=>N
[2017-03-17 14:26:53][info] k:mch_id=>1244967502
[2017-03-17 14:26:53][info] k:nonce_str=>q0u6k7hqgwyv48yws22y4j3430wqzv8u
[2017-03-17 14:26:53][info] k:openid=>orYumuICV90HJsqTUV961aUeTyzw
[2017-03-17 14:26:53][info] k:out_trade_no=>LX-17031009351765506-d
[2017-03-17 14:26:53][info] k:result_code=>SUCCESS
[2017-03-17 14:26:53][info] k:return_code=>SUCCESS
[2017-03-17 14:26:53][info] k:sign=>546728BD8183053AFE9CE8EE02830C3E
[2017-03-17 14:26:53][info] k:time_end=>20170317142653
[2017-03-17 14:26:53][info] k:total_fee=>716000
[2017-03-17 14:26:53][info] k:trade_type=>NATIVE
[2017-03-17 14:26:53][info] k:transaction_id=>4006952001201703173671223445
[2017-03-17 14:26:53][info] ----------------------------------------
[2017-03-17 14:26:53][info] XML_DATA222:{"appid":"wxefc029d4373dcac0","bank_type":"CFT","cash_fee":"7160.00","fee_type":"CNY","is_subscribe":"N","mch_id":"1244967502","nonce_str":"q0u6k7hqgwyv48yws22y4j3430wqzv8u","openid":"orYumuICV90HJsqTUV961aUeTyzw","out_trade_no":"LX-17031009351765506-d","result_code":"SUCCESS","return_code":"SUCCESS","sign":"546728BD8183053AFE9CE8EE02830C3E","time_end":"20170317142653","total_fee":"7160.00","trade_type":"NATIVE","transaction_id":"4006952001201703173671223445"}
[2017-03-17 14:26:54][warn] 数据存储成功，并成功返回记录编号17385！
[2017-03-17 14:27:12][info] ----------------------------------------
[2017-03-17 14:27:12][info] XML_DATA111:[{appid=>wxefc029d4373dcac0}{bank_type=>CFT}{cash_fee=>716000}{fee_type=>CNY}{is_subscribe=>N}{mch_id=>1244967502}{nonce_str=>q0u6k7hqgwyv48yws22y4j3430wqzv8u}{openid=>orYumuICV90HJsqTUV961aUeTyzw}{out_trade_no=>LX-17031009351765506-d}{result_code=>SUCCESS}{return_code=>SUCCESS}{sign=>546728BD8183053AFE9CE8EE02830C3E}{time_end=>20170317142653}{total_fee=>716000}{trade_type=>NATIVE}{transaction_id=>4006952001201703173671223445}]
[2017-03-17 14:27:12][info] k:appid=>wxefc029d4373dcac0
[2017-03-17 14:27:12][info] k:bank_type=>CFT
[2017-03-17 14:27:12][info] k:cash_fee=>716000
[2017-03-17 14:27:12][info] k:fee_type=>CNY
[2017-03-17 14:27:12][info] k:is_subscribe=>N
[2017-03-17 14:27:12][info] k:mch_id=>1244967502
[2017-03-17 14:27:12][info] k:nonce_str=>q0u6k7hqgwyv48yws22y4j3430wqzv8u
[2017-03-17 14:27:12][info] k:openid=>orYumuICV90HJsqTUV961aUeTyzw
[2017-03-17 14:27:12][info] k:out_trade_no=>LX-17031009351765506-d
[2017-03-17 14:27:12][info] k:result_code=>SUCCESS
[2017-03-17 14:27:12][info] k:return_code=>SUCCESS
[2017-03-17 14:27:12][info] k:sign=>546728BD8183053AFE9CE8EE02830C3E
[2017-03-17 14:27:12][info] k:time_end=>20170317142653
[2017-03-17 14:27:12][info] k:total_fee=>716000
[2017-03-17 14:27:12][info] k:trade_type=>NATIVE
[2017-03-17 14:27:12][info] k:transaction_id=>4006952001201703173671223445
[2017-03-17 14:27:12][info] ----------------------------------------
[2017-03-17 14:27:12][info] XML_DATA222:{"appid":"wxefc029d4373dcac0","bank_type":"CFT","cash_fee":"7160.00","fee_type":"CNY","is_subscribe":"N","mch_id":"1244967502","nonce_str":"q0u6k7hqgwyv48yws22y4j3430wqzv8u","openid":"orYumuICV90HJsqTUV961aUeTyzw","out_trade_no":"LX-17031009351765506-d","result_code":"SUCCESS","return_code":"SUCCESS","sign":"546728BD8183053AFE9CE8EE02830C3E","time_end":"20170317142653","total_fee":"7160.00","trade_type":"NATIVE","transaction_id":"4006952001201703173671223445"}
[2017-03-17 14:27:12][info] 收到重复信息，并处理反馈成功！
[2017-03-17 14:27:12][info] success
[2017-03-17 14:27:12][info] 写入结束!!!
[2017-03-17 16:07:11][info] ----------------------------------------
[2017-03-17 16:07:11][info] XML_DATA111:[{appid=>wxefc029d4373dcac0}{bank_type=>ICBC_DEBIT}{cash_fee=>716000}{fee_type=>CNY}{is_subscribe=>N}{mch_id=>1244967502}{nonce_str=>vrdsr2r9jaitet5qtsd0h7q37fw0frj5}{openid=>orYumuIih3D4ZXK6-VcvzN17uE0U}{out_trade_no=>LX-17030911080433806-2}{result_code=>SUCCESS}{return_code=>SUCCESS}{sign=>5F1EF8E6C000AC40C76674D80DAB0F7B}{time_end=>20170317160710}{total_fee=>716000}{trade_type=>NATIVE}{transaction_id=>4005932001201703173682990635}]
[2017-03-17 16:07:11][info] k:appid=>wxefc029d4373dcac0
[2017-03-17 16:07:11][info] k:bank_type=>ICBC_DEBIT
[2017-03-17 16:07:11][info] k:cash_fee=>716000
[2017-03-17 16:07:11][info] k:fee_type=>CNY
[2017-03-17 16:07:11][info] k:is_subscribe=>N
[2017-03-17 16:07:11][info] k:mch_id=>1244967502
[2017-03-17 16:07:11][info] k:nonce_str=>vrdsr2r9jaitet5qtsd0h7q37fw0frj5
[2017-03-17 16:07:11][info] k:openid=>orYumuIih3D4ZXK6-VcvzN17uE0U
[2017-03-17 16:07:11][info] k:out_trade_no=>LX-17030911080433806-2
[2017-03-17 16:07:11][info] k:result_code=>SUCCESS
[2017-03-17 16:07:11][info] k:return_code=>SUCCESS
[2017-03-17 16:07:11][info] k:sign=>5F1EF8E6C000AC40C76674D80DAB0F7B
[2017-03-17 16:07:11][info] k:time_end=>20170317160710
[2017-03-17 16:07:11][info] k:total_fee=>716000
[2017-03-17 16:07:11][info] k:trade_type=>NATIVE
[2017-03-17 16:07:11][info] k:transaction_id=>4005932001201703173682990635
[2017-03-17 16:07:11][info] ----------------------------------------
[2017-03-17 16:07:11][info] XML_DATA222:{"appid":"wxefc029d4373dcac0","bank_type":"ICBC_DEBIT","cash_fee":"7160.00","fee_type":"CNY","is_subscribe":"N","mch_id":"1244967502","nonce_str":"vrdsr2r9jaitet5qtsd0h7q37fw0frj5","openid":"orYumuIih3D4ZXK6-VcvzN17uE0U","out_trade_no":"LX-17030911080433806-2","result_code":"SUCCESS","return_code":"SUCCESS","sign":"5F1EF8E6C000AC40C76674D80DAB0F7B","time_end":"20170317160710","total_fee":"7160.00","trade_type":"NATIVE","transaction_id":"4005932001201703173682990635"}
[2017-03-17 16:07:12][warn] 数据存储成功，并成功返回记录编号17387！
[2017-03-17 16:07:22][info] ----------------------------------------
[2017-03-17 16:07:22][info] XML_DATA111:[{appid=>wxefc029d4373dcac0}{bank_type=>ICBC_DEBIT}{cash_fee=>716000}{fee_type=>CNY}{is_subscribe=>N}{mch_id=>1244967502}{nonce_str=>vrdsr2r9jaitet5qtsd0h7q37fw0frj5}{openid=>orYumuIih3D4ZXK6-VcvzN17uE0U}{out_trade_no=>LX-17030911080433806-2}{result_code=>SUCCESS}{return_code=>SUCCESS}{sign=>5F1EF8E6C000AC40C76674D80DAB0F7B}{time_end=>20170317160710}{total_fee=>716000}{trade_type=>NATIVE}{transaction_id=>4005932001201703173682990635}]
[2017-03-17 16:07:22][info] k:appid=>wxefc029d4373dcac0
[2017-03-17 16:07:22][info] k:bank_type=>ICBC_DEBIT
[2017-03-17 16:07:22][info] k:cash_fee=>716000
[2017-03-17 16:07:22][info] k:fee_type=>CNY
[2017-03-17 16:07:22][info] k:is_subscribe=>N
[2017-03-17 16:07:22][info] k:mch_id=>1244967502
[2017-03-17 16:07:22][info] k:nonce_str=>vrdsr2r9jaitet5qtsd0h7q37fw0frj5
[2017-03-17 16:07:22][info] k:openid=>orYumuIih3D4ZXK6-VcvzN17uE0U
[2017-03-17 16:07:22][info] k:out_trade_no=>LX-17030911080433806-2
[2017-03-17 16:07:22][info] k:result_code=>SUCCESS
[2017-03-17 16:07:22][info] k:return_code=>SUCCESS
[2017-03-17 16:07:22][info] k:sign=>5F1EF8E6C000AC40C76674D80DAB0F7B
[2017-03-17 16:07:22][info] k:time_end=>20170317160710
[2017-03-17 16:07:22][info] k:total_fee=>716000
[2017-03-17 16:07:22][info] k:trade_type=>NATIVE
[2017-03-17 16:07:22][info] k:transaction_id=>4005932001201703173682990635
[2017-03-17 16:07:22][info] ----------------------------------------
[2017-03-17 16:07:22][info] XML_DATA222:{"appid":"wxefc029d4373dcac0","bank_type":"ICBC_DEBIT","cash_fee":"7160.00","fee_type":"CNY","is_subscribe":"N","mch_id":"1244967502","nonce_str":"vrdsr2r9jaitet5qtsd0h7q37fw0frj5","openid":"orYumuIih3D4ZXK6-VcvzN17uE0U","out_trade_no":"LX-17030911080433806-2","result_code":"SUCCESS","return_code":"SUCCESS","sign":"5F1EF8E6C000AC40C76674D80DAB0F7B","time_end":"20170317160710","total_fee":"7160.00","trade_type":"NATIVE","transaction_id":"4005932001201703173682990635"}
[2017-03-17 16:07:23][info] 收到重复信息，并处理反馈成功！
[2017-03-17 16:07:23][info] success
[2017-03-17 16:07:23][info] 写入结束!!!
[2017-03-17 16:20:46][info] ----------------------------------------
[2017-03-17 16:20:46][info] XML_DATA111:[{appid=>wxefc029d4373dcac0}{bank_type=>CFT}{cash_fee=>3900}{fee_type=>CNY}{is_subscribe=>N}{mch_id=>1244967502}{nonce_str=>vd65nrgy5uhk7a1jl6352rduguc7qlos}{openid=>orYumuAp2ObzSGkrz_9jb7Gnvmro}{out_trade_no=>LX-17031521362136406-b}{result_code=>SUCCESS}{return_code=>SUCCESS}{sign=>76EB57DB27534D8BFE76254501713CCE}{time_end=>20170317162045}{total_fee=>3900}{trade_type=>NATIVE}{transaction_id=>4008702001201703173681783951}]
[2017-03-17 16:20:46][info] k:appid=>wxefc029d4373dcac0
[2017-03-17 16:20:46][info] k:bank_type=>CFT
[2017-03-17 16:20:46][info] k:cash_fee=>3900
[2017-03-17 16:20:46][info] k:fee_type=>CNY
[2017-03-17 16:20:46][info] k:is_subscribe=>N
[2017-03-17 16:20:46][info] k:mch_id=>1244967502
[2017-03-17 16:20:46][info] k:nonce_str=>vd65nrgy5uhk7a1jl6352rduguc7qlos
[2017-03-17 16:20:46][info] k:openid=>orYumuAp2ObzSGkrz_9jb7Gnvmro
[2017-03-17 16:20:46][info] k:out_trade_no=>LX-17031521362136406-b
[2017-03-17 16:20:46][info] k:result_code=>SUCCESS
[2017-03-17 16:20:46][info] k:return_code=>SUCCESS
[2017-03-17 16:20:46][info] k:sign=>76EB57DB27534D8BFE76254501713CCE
[2017-03-17 16:20:46][info] k:time_end=>20170317162045
[2017-03-17 16:20:46][info] k:total_fee=>3900
[2017-03-17 16:20:46][info] k:trade_type=>NATIVE
[2017-03-17 16:20:46][info] k:transaction_id=>4008702001201703173681783951
[2017-03-17 16:20:46][info] ----------------------------------------
[2017-03-17 16:20:46][info] XML_DATA222:{"appid":"wxefc029d4373dcac0","bank_type":"CFT","cash_fee":"39.00","fee_type":"CNY","is_subscribe":"N","mch_id":"1244967502","nonce_str":"vd65nrgy5uhk7a1jl6352rduguc7qlos","openid":"orYumuAp2ObzSGkrz_9jb7Gnvmro","out_trade_no":"LX-17031521362136406-b","result_code":"SUCCESS","return_code":"SUCCESS","sign":"76EB57DB27534D8BFE76254501713CCE","time_end":"20170317162045","total_fee":"39.00","trade_type":"NATIVE","transaction_id":"4008702001201703173681783951"}
[2017-03-17 16:20:46][warn] 数据存储成功，并成功返回记录编号17388！
[2017-03-17 16:21:01][info] ----------------------------------------
[2017-03-17 16:21:01][info] XML_DATA111:[{appid=>wxefc029d4373dcac0}{bank_type=>CFT}{cash_fee=>3900}{fee_type=>CNY}{is_subscribe=>N}{mch_id=>1244967502}{nonce_str=>vd65nrgy5uhk7a1jl6352rduguc7qlos}{openid=>orYumuAp2ObzSGkrz_9jb7Gnvmro}{out_trade_no=>LX-17031521362136406-b}{result_code=>SUCCESS}{return_code=>SUCCESS}{sign=>76EB57DB27534D8BFE76254501713CCE}{time_end=>20170317162045}{total_fee=>3900}{trade_type=>NATIVE}{transaction_id=>4008702001201703173681783951}]
[2017-03-17 16:21:01][info] k:appid=>wxefc029d4373dcac0
[2017-03-17 16:21:01][info] k:bank_type=>CFT
[2017-03-17 16:21:01][info] k:cash_fee=>3900
[2017-03-17 16:21:01][info] k:fee_type=>CNY
[2017-03-17 16:21:01][info] k:is_subscribe=>N
[2017-03-17 16:21:01][info] k:mch_id=>1244967502
[2017-03-17 16:21:01][info] k:nonce_str=>vd65nrgy5uhk7a1jl6352rduguc7qlos
[2017-03-17 16:21:01][info] k:openid=>orYumuAp2ObzSGkrz_9jb7Gnvmro
[2017-03-17 16:21:01][info] k:out_trade_no=>LX-17031521362136406-b
[2017-03-17 16:21:01][info] k:result_code=>SUCCESS
[2017-03-17 16:21:01][info] k:return_code=>SUCCESS
[2017-03-17 16:21:01][info] k:sign=>76EB57DB27534D8BFE76254501713CCE
[2017-03-17 16:21:01][info] k:time_end=>20170317162045
[2017-03-17 16:21:01][info] k:total_fee=>3900
[2017-03-17 16:21:01][info] k:trade_type=>NATIVE
[2017-03-17 16:21:01][info] k:transaction_id=>4008702001201703173681783951
[2017-03-17 16:21:01][info] ----------------------------------------
[2017-03-17 16:21:01][info] XML_DATA222:{"appid":"wxefc029d4373dcac0","bank_type":"CFT","cash_fee":"39.00","fee_type":"CNY","is_subscribe":"N","mch_id":"1244967502","nonce_str":"vd65nrgy5uhk7a1jl6352rduguc7qlos","openid":"orYumuAp2ObzSGkrz_9jb7Gnvmro","out_trade_no":"LX-17031521362136406-b","result_code":"SUCCESS","return_code":"SUCCESS","sign":"76EB57DB27534D8BFE76254501713CCE","time_end":"20170317162045","total_fee":"39.00","trade_type":"NATIVE","transaction_id":"4008702001201703173681783951"}
[2017-03-17 16:21:01][info] 收到重复信息，并处理反馈成功！
[2017-03-17 16:21:01][info] success
[2017-03-17 16:21:01][info] 写入结束!!!
