[2017-09-08 09:45:29][info] ----------------------------------------
[2017-09-08 09:45:29][info] XML_DATA111:[{appid=>wxefc029d4373dcac0}{bank_type=>ABC_DEBIT}{cash_fee=>542000}{fee_type=>CNY}{is_subscribe=>N}{mch_id=>1244967502}{nonce_str=>b80zg73iras66b2g8m6juvqfh9602j1q}{openid=>orYumuEyI9LpUrlHyqgA6MVHWhoA}{out_trade_no=>LX-17090622562838901-9}{result_code=>SUCCESS}{return_code=>SUCCESS}{sign=>19FE069B23131C82946A95C92E9A9757}{time_end=>20170908094528}{total_fee=>542000}{trade_type=>NATIVE}{transaction_id=>4009282001201709080859702873}]
[2017-09-08 09:45:29][info] k:appid=>wxefc029d4373dcac0
[2017-09-08 09:45:29][info] k:bank_type=>ABC_DEBIT
[2017-09-08 09:45:29][info] k:cash_fee=>542000
[2017-09-08 09:45:29][info] k:fee_type=>CNY
[2017-09-08 09:45:29][info] k:is_subscribe=>N
[2017-09-08 09:45:29][info] k:mch_id=>1244967502
[2017-09-08 09:45:29][info] k:nonce_str=>b80zg73iras66b2g8m6juvqfh9602j1q
[2017-09-08 09:45:29][info] k:openid=>orYumuEyI9LpUrlHyqgA6MVHWhoA
[2017-09-08 09:45:29][info] k:out_trade_no=>LX-17090622562838901-9
[2017-09-08 09:45:29][info] k:result_code=>SUCCESS
[2017-09-08 09:45:29][info] k:return_code=>SUCCESS
[2017-09-08 09:45:29][info] k:sign=>19FE069B23131C82946A95C92E9A9757
[2017-09-08 09:45:29][info] k:time_end=>20170908094528
[2017-09-08 09:45:29][info] k:total_fee=>542000
[2017-09-08 09:45:29][info] k:trade_type=>NATIVE
[2017-09-08 09:45:29][info] k:transaction_id=>4009282001201709080859702873
[2017-09-08 09:45:29][info] ----------------------------------------
[2017-09-08 09:45:29][info] XML_DATA222:{"appid":"wxefc029d4373dcac0","bank_type":"ABC_DEBIT","cash_fee":"5420.00","fee_type":"CNY","is_subscribe":"N","mch_id":"1244967502","nonce_str":"b80zg73iras66b2g8m6juvqfh9602j1q","openid":"orYumuEyI9LpUrlHyqgA6MVHWhoA","out_trade_no":"LX-17090622562838901-9","result_code":"SUCCESS","return_code":"SUCCESS","sign":"19FE069B23131C82946A95C92E9A9757","time_end":"20170908094528","total_fee":"5420.00","trade_type":"NATIVE","transaction_id":"4009282001201709080859702873"}
[2017-09-08 09:45:29][warn] 数据存储成功，并成功返回记录编号18953！
[2017-09-08 09:45:43][info] ----------------------------------------
[2017-09-08 09:45:43][info] XML_DATA111:[{appid=>wxefc029d4373dcac0}{bank_type=>ABC_DEBIT}{cash_fee=>542000}{fee_type=>CNY}{is_subscribe=>N}{mch_id=>1244967502}{nonce_str=>b80zg73iras66b2g8m6juvqfh9602j1q}{openid=>orYumuEyI9LpUrlHyqgA6MVHWhoA}{out_trade_no=>LX-17090622562838901-9}{result_code=>SUCCESS}{return_code=>SUCCESS}{sign=>19FE069B23131C82946A95C92E9A9757}{time_end=>20170908094528}{total_fee=>542000}{trade_type=>NATIVE}{transaction_id=>4009282001201709080859702873}]
[2017-09-08 09:45:43][info] k:appid=>wxefc029d4373dcac0
[2017-09-08 09:45:43][info] k:bank_type=>ABC_DEBIT
[2017-09-08 09:45:43][info] k:cash_fee=>542000
[2017-09-08 09:45:43][info] k:fee_type=>CNY
[2017-09-08 09:45:43][info] k:is_subscribe=>N
[2017-09-08 09:45:43][info] k:mch_id=>1244967502
[2017-09-08 09:45:43][info] k:nonce_str=>b80zg73iras66b2g8m6juvqfh9602j1q
[2017-09-08 09:45:43][info] k:openid=>orYumuEyI9LpUrlHyqgA6MVHWhoA
[2017-09-08 09:45:43][info] k:out_trade_no=>LX-17090622562838901-9
[2017-09-08 09:45:43][info] k:result_code=>SUCCESS
[2017-09-08 09:45:43][info] k:return_code=>SUCCESS
[2017-09-08 09:45:43][info] k:sign=>19FE069B23131C82946A95C92E9A9757
[2017-09-08 09:45:43][info] k:time_end=>20170908094528
[2017-09-08 09:45:43][info] k:total_fee=>542000
[2017-09-08 09:45:43][info] k:trade_type=>NATIVE
[2017-09-08 09:45:43][info] k:transaction_id=>4009282001201709080859702873
[2017-09-08 09:45:43][info] ----------------------------------------
[2017-09-08 09:45:43][info] XML_DATA222:{"appid":"wxefc029d4373dcac0","bank_type":"ABC_DEBIT","cash_fee":"5420.00","fee_type":"CNY","is_subscribe":"N","mch_id":"1244967502","nonce_str":"b80zg73iras66b2g8m6juvqfh9602j1q","openid":"orYumuEyI9LpUrlHyqgA6MVHWhoA","out_trade_no":"LX-17090622562838901-9","result_code":"SUCCESS","return_code":"SUCCESS","sign":"19FE069B23131C82946A95C92E9A9757","time_end":"20170908094528","total_fee":"5420.00","trade_type":"NATIVE","transaction_id":"4009282001201709080859702873"}
[2017-09-08 09:45:43][info] 收到重复信息，并处理反馈成功！
[2017-09-08 09:45:43][info] success
[2017-09-08 09:45:43][info] 写入结束!!!
[2017-09-08 10:33:27][info] ----------------------------------------
[2017-09-08 10:33:27][info] XML_DATA111:[{appid=>wxefc029d4373dcac0}{bank_type=>CFT}{cash_fee=>508000}{fee_type=>CNY}{is_subscribe=>N}{mch_id=>1244967502}{nonce_str=>yx6vydd90o0su34rh5j7hf754or475nu}{openid=>orYumuCvZIk7DDjdNlafKRdHb8iM}{out_trade_no=>LX-17090809320561701-b}{result_code=>SUCCESS}{return_code=>SUCCESS}{sign=>B40083AC991D5FFE22591EEECF0109E2}{time_end=>20170908103327}{total_fee=>508000}{trade_type=>NATIVE}{transaction_id=>4008392001201709080866027425}]
[2017-09-08 10:33:27][info] k:appid=>wxefc029d4373dcac0
[2017-09-08 10:33:27][info] k:bank_type=>CFT
[2017-09-08 10:33:27][info] k:cash_fee=>508000
[2017-09-08 10:33:27][info] k:fee_type=>CNY
[2017-09-08 10:33:27][info] k:is_subscribe=>N
[2017-09-08 10:33:27][info] k:mch_id=>1244967502
[2017-09-08 10:33:27][info] k:nonce_str=>yx6vydd90o0su34rh5j7hf754or475nu
[2017-09-08 10:33:27][info] k:openid=>orYumuCvZIk7DDjdNlafKRdHb8iM
[2017-09-08 10:33:27][info] k:out_trade_no=>LX-17090809320561701-b
[2017-09-08 10:33:27][info] k:result_code=>SUCCESS
[2017-09-08 10:33:27][info] k:return_code=>SUCCESS
[2017-09-08 10:33:27][info] k:sign=>B40083AC991D5FFE22591EEECF0109E2
[2017-09-08 10:33:27][info] k:time_end=>20170908103327
[2017-09-08 10:33:27][info] k:total_fee=>508000
[2017-09-08 10:33:27][info] k:trade_type=>NATIVE
[2017-09-08 10:33:27][info] k:transaction_id=>4008392001201709080866027425
[2017-09-08 10:33:27][info] ----------------------------------------
[2017-09-08 10:33:27][info] XML_DATA222:{"appid":"wxefc029d4373dcac0","bank_type":"CFT","cash_fee":"5080.00","fee_type":"CNY","is_subscribe":"N","mch_id":"1244967502","nonce_str":"yx6vydd90o0su34rh5j7hf754or475nu","openid":"orYumuCvZIk7DDjdNlafKRdHb8iM","out_trade_no":"LX-17090809320561701-b","result_code":"SUCCESS","return_code":"SUCCESS","sign":"B40083AC991D5FFE22591EEECF0109E2","time_end":"20170908103327","total_fee":"5080.00","trade_type":"NATIVE","transaction_id":"4008392001201709080866027425"}
[2017-09-08 10:33:27][warn] 数据存储成功，并成功返回记录编号18957！
[2017-09-08 10:33:41][info] ----------------------------------------
[2017-09-08 10:33:41][info] XML_DATA111:[{appid=>wxefc029d4373dcac0}{bank_type=>CFT}{cash_fee=>508000}{fee_type=>CNY}{is_subscribe=>N}{mch_id=>1244967502}{nonce_str=>yx6vydd90o0su34rh5j7hf754or475nu}{openid=>orYumuCvZIk7DDjdNlafKRdHb8iM}{out_trade_no=>LX-17090809320561701-b}{result_code=>SUCCESS}{return_code=>SUCCESS}{sign=>B40083AC991D5FFE22591EEECF0109E2}{time_end=>20170908103327}{total_fee=>508000}{trade_type=>NATIVE}{transaction_id=>4008392001201709080866027425}]
[2017-09-08 10:33:41][info] k:appid=>wxefc029d4373dcac0
[2017-09-08 10:33:41][info] k:bank_type=>CFT
[2017-09-08 10:33:41][info] k:cash_fee=>508000
[2017-09-08 10:33:41][info] k:fee_type=>CNY
[2017-09-08 10:33:41][info] k:is_subscribe=>N
[2017-09-08 10:33:41][info] k:mch_id=>1244967502
[2017-09-08 10:33:41][info] k:nonce_str=>yx6vydd90o0su34rh5j7hf754or475nu
[2017-09-08 10:33:41][info] k:openid=>orYumuCvZIk7DDjdNlafKRdHb8iM
[2017-09-08 10:33:41][info] k:out_trade_no=>LX-17090809320561701-b
[2017-09-08 10:33:41][info] k:result_code=>SUCCESS
[2017-09-08 10:33:41][info] k:return_code=>SUCCESS
[2017-09-08 10:33:41][info] k:sign=>B40083AC991D5FFE22591EEECF0109E2
[2017-09-08 10:33:41][info] k:time_end=>20170908103327
[2017-09-08 10:33:41][info] k:total_fee=>508000
[2017-09-08 10:33:41][info] k:trade_type=>NATIVE
[2017-09-08 10:33:41][info] k:transaction_id=>4008392001201709080866027425
[2017-09-08 10:33:41][info] ----------------------------------------
[2017-09-08 10:33:41][info] XML_DATA222:{"appid":"wxefc029d4373dcac0","bank_type":"CFT","cash_fee":"5080.00","fee_type":"CNY","is_subscribe":"N","mch_id":"1244967502","nonce_str":"yx6vydd90o0su34rh5j7hf754or475nu","openid":"orYumuCvZIk7DDjdNlafKRdHb8iM","out_trade_no":"LX-17090809320561701-b","result_code":"SUCCESS","return_code":"SUCCESS","sign":"B40083AC991D5FFE22591EEECF0109E2","time_end":"20170908103327","total_fee":"5080.00","trade_type":"NATIVE","transaction_id":"4008392001201709080866027425"}
[2017-09-08 10:33:41][info] 收到重复信息，并处理反馈成功！
[2017-09-08 10:33:41][info] success
[2017-09-08 10:33:41][info] 写入结束!!!
[2017-09-08 16:05:49][info] ----------------------------------------
[2017-09-08 16:05:49][info] XML_DATA111:[{appid=>wxefc029d4373dcac0}{bank_type=>ICBC_DEBIT}{cash_fee=>930000}{fee_type=>CNY}{is_subscribe=>Y}{mch_id=>1244967502}{nonce_str=>739bgoukbhb1nh9lqmka8507quzddd7t}{openid=>orYumuEFNb0jwQRej5g5zY4xsfyc}{out_trade_no=>LX-17080523284250301-e}{result_code=>SUCCESS}{return_code=>SUCCESS}{sign=>ECDE5CF7C0223095AB39A182CEEF4516}{time_end=>20170908160548}{total_fee=>930000}{trade_type=>NATIVE}{transaction_id=>4008392001201709080925074858}]
[2017-09-08 16:05:49][info] k:appid=>wxefc029d4373dcac0
[2017-09-08 16:05:49][info] k:bank_type=>ICBC_DEBIT
[2017-09-08 16:05:49][info] k:cash_fee=>930000
[2017-09-08 16:05:49][info] k:fee_type=>CNY
[2017-09-08 16:05:49][info] k:is_subscribe=>Y
[2017-09-08 16:05:49][info] k:mch_id=>1244967502
[2017-09-08 16:05:49][info] k:nonce_str=>739bgoukbhb1nh9lqmka8507quzddd7t
[2017-09-08 16:05:49][info] k:openid=>orYumuEFNb0jwQRej5g5zY4xsfyc
[2017-09-08 16:05:49][info] k:out_trade_no=>LX-17080523284250301-e
[2017-09-08 16:05:49][info] k:result_code=>SUCCESS
[2017-09-08 16:05:49][info] k:return_code=>SUCCESS
[2017-09-08 16:05:49][info] k:sign=>ECDE5CF7C0223095AB39A182CEEF4516
[2017-09-08 16:05:49][info] k:time_end=>20170908160548
[2017-09-08 16:05:49][info] k:total_fee=>930000
[2017-09-08 16:05:49][info] k:trade_type=>NATIVE
[2017-09-08 16:05:49][info] k:transaction_id=>4008392001201709080925074858
[2017-09-08 16:05:49][info] ----------------------------------------
[2017-09-08 16:05:49][info] XML_DATA222:{"appid":"wxefc029d4373dcac0","bank_type":"ICBC_DEBIT","cash_fee":"9300.00","fee_type":"CNY","is_subscribe":"Y","mch_id":"1244967502","nonce_str":"739bgoukbhb1nh9lqmka8507quzddd7t","openid":"orYumuEFNb0jwQRej5g5zY4xsfyc","out_trade_no":"LX-17080523284250301-e","result_code":"SUCCESS","return_code":"SUCCESS","sign":"ECDE5CF7C0223095AB39A182CEEF4516","time_end":"20170908160548","total_fee":"9300.00","trade_type":"NATIVE","transaction_id":"4008392001201709080925074858"}
[2017-09-08 16:05:49][warn] 数据存储成功，并成功返回记录编号18964！
[2017-09-08 16:05:59][info] ----------------------------------------
[2017-09-08 16:05:59][info] XML_DATA111:[{appid=>wxefc029d4373dcac0}{bank_type=>ICBC_DEBIT}{cash_fee=>930000}{fee_type=>CNY}{is_subscribe=>Y}{mch_id=>1244967502}{nonce_str=>739bgoukbhb1nh9lqmka8507quzddd7t}{openid=>orYumuEFNb0jwQRej5g5zY4xsfyc}{out_trade_no=>LX-17080523284250301-e}{result_code=>SUCCESS}{return_code=>SUCCESS}{sign=>ECDE5CF7C0223095AB39A182CEEF4516}{time_end=>20170908160548}{total_fee=>930000}{trade_type=>NATIVE}{transaction_id=>4008392001201709080925074858}]
[2017-09-08 16:05:59][info] k:appid=>wxefc029d4373dcac0
[2017-09-08 16:05:59][info] k:bank_type=>ICBC_DEBIT
[2017-09-08 16:05:59][info] k:cash_fee=>930000
[2017-09-08 16:05:59][info] k:fee_type=>CNY
[2017-09-08 16:05:59][info] k:is_subscribe=>Y
[2017-09-08 16:05:59][info] k:mch_id=>1244967502
[2017-09-08 16:05:59][info] k:nonce_str=>739bgoukbhb1nh9lqmka8507quzddd7t
[2017-09-08 16:05:59][info] k:openid=>orYumuEFNb0jwQRej5g5zY4xsfyc
[2017-09-08 16:05:59][info] k:out_trade_no=>LX-17080523284250301-e
[2017-09-08 16:05:59][info] k:result_code=>SUCCESS
[2017-09-08 16:05:59][info] k:return_code=>SUCCESS
[2017-09-08 16:05:59][info] k:sign=>ECDE5CF7C0223095AB39A182CEEF4516
[2017-09-08 16:05:59][info] k:time_end=>20170908160548
[2017-09-08 16:05:59][info] k:total_fee=>930000
[2017-09-08 16:05:59][info] k:trade_type=>NATIVE
[2017-09-08 16:05:59][info] k:transaction_id=>4008392001201709080925074858
[2017-09-08 16:05:59][info] ----------------------------------------
[2017-09-08 16:05:59][info] XML_DATA222:{"appid":"wxefc029d4373dcac0","bank_type":"ICBC_DEBIT","cash_fee":"9300.00","fee_type":"CNY","is_subscribe":"Y","mch_id":"1244967502","nonce_str":"739bgoukbhb1nh9lqmka8507quzddd7t","openid":"orYumuEFNb0jwQRej5g5zY4xsfyc","out_trade_no":"LX-17080523284250301-e","result_code":"SUCCESS","return_code":"SUCCESS","sign":"ECDE5CF7C0223095AB39A182CEEF4516","time_end":"20170908160548","total_fee":"9300.00","trade_type":"NATIVE","transaction_id":"4008392001201709080925074858"}
[2017-09-08 16:05:59][info] 收到重复信息，并处理反馈成功！
[2017-09-08 16:05:59][info] success
[2017-09-08 16:05:59][info] 写入结束!!!
