[2017-07-12 10:15:10][info] ----------------------------------------
[2017-07-12 10:15:10][info] XML_DATA111:[{appid=>wxefc029d4373dcac0}{bank_type=>CFT}{cash_fee=>756000}{fee_type=>CNY}{is_subscribe=>Y}{mch_id=>1244967502}{nonce_str=>lb1w7rk0a6nj816bab689oxj65r0bce4}{openid=>orYumuFebtD2oxjKx0GLlB5O2UIM}{out_trade_no=>LX-170712095745606-3}{result_code=>SUCCESS}{return_code=>SUCCESS}{sign=>048327B0E2FEFADBC37C3450C291C5E3}{time_end=>20170712101509}{total_fee=>756000}{trade_type=>NATIVE}{transaction_id=>4003962001201707120274602622}]
[2017-07-12 10:15:10][info] k:appid=>wxefc029d4373dcac0
[2017-07-12 10:15:10][info] k:bank_type=>CFT
[2017-07-12 10:15:10][info] k:cash_fee=>756000
[2017-07-12 10:15:10][info] k:fee_type=>CNY
[2017-07-12 10:15:10][info] k:is_subscribe=>Y
[2017-07-12 10:15:10][info] k:mch_id=>1244967502
[2017-07-12 10:15:10][info] k:nonce_str=>lb1w7rk0a6nj816bab689oxj65r0bce4
[2017-07-12 10:15:10][info] k:openid=>orYumuFebtD2oxjKx0GLlB5O2UIM
[2017-07-12 10:15:10][info] k:out_trade_no=>LX-170712095745606-3
[2017-07-12 10:15:10][info] k:result_code=>SUCCESS
[2017-07-12 10:15:10][info] k:return_code=>SUCCESS
[2017-07-12 10:15:10][info] k:sign=>048327B0E2FEFADBC37C3450C291C5E3
[2017-07-12 10:15:10][info] k:time_end=>20170712101509
[2017-07-12 10:15:10][info] k:total_fee=>756000
[2017-07-12 10:15:10][info] k:trade_type=>NATIVE
[2017-07-12 10:15:10][info] k:transaction_id=>4003962001201707120274602622
[2017-07-12 10:15:10][info] ----------------------------------------
[2017-07-12 10:15:10][info] XML_DATA222:{"appid":"wxefc029d4373dcac0","bank_type":"CFT","cash_fee":"7560.00","fee_type":"CNY","is_subscribe":"Y","mch_id":"1244967502","nonce_str":"lb1w7rk0a6nj816bab689oxj65r0bce4","openid":"orYumuFebtD2oxjKx0GLlB5O2UIM","out_trade_no":"LX-170712095745606-3","result_code":"SUCCESS","return_code":"SUCCESS","sign":"048327B0E2FEFADBC37C3450C291C5E3","time_end":"20170712101509","total_fee":"7560.00","trade_type":"NATIVE","transaction_id":"4003962001201707120274602622"}
[2017-07-12 10:15:10][warn] 数据存储成功，并成功返回记录编号17987！
[2017-07-12 10:15:27][info] ----------------------------------------
[2017-07-12 10:15:27][info] XML_DATA111:[{appid=>wxefc029d4373dcac0}{bank_type=>CFT}{cash_fee=>756000}{fee_type=>CNY}{is_subscribe=>Y}{mch_id=>1244967502}{nonce_str=>lb1w7rk0a6nj816bab689oxj65r0bce4}{openid=>orYumuFebtD2oxjKx0GLlB5O2UIM}{out_trade_no=>LX-170712095745606-3}{result_code=>SUCCESS}{return_code=>SUCCESS}{sign=>048327B0E2FEFADBC37C3450C291C5E3}{time_end=>20170712101509}{total_fee=>756000}{trade_type=>NATIVE}{transaction_id=>4003962001201707120274602622}]
[2017-07-12 10:15:27][info] k:appid=>wxefc029d4373dcac0
[2017-07-12 10:15:27][info] k:bank_type=>CFT
[2017-07-12 10:15:27][info] k:cash_fee=>756000
[2017-07-12 10:15:27][info] k:fee_type=>CNY
[2017-07-12 10:15:27][info] k:is_subscribe=>Y
[2017-07-12 10:15:27][info] k:mch_id=>1244967502
[2017-07-12 10:15:27][info] k:nonce_str=>lb1w7rk0a6nj816bab689oxj65r0bce4
[2017-07-12 10:15:27][info] k:openid=>orYumuFebtD2oxjKx0GLlB5O2UIM
[2017-07-12 10:15:27][info] k:out_trade_no=>LX-170712095745606-3
[2017-07-12 10:15:27][info] k:result_code=>SUCCESS
[2017-07-12 10:15:27][info] k:return_code=>SUCCESS
[2017-07-12 10:15:27][info] k:sign=>048327B0E2FEFADBC37C3450C291C5E3
[2017-07-12 10:15:27][info] k:time_end=>20170712101509
[2017-07-12 10:15:27][info] k:total_fee=>756000
[2017-07-12 10:15:27][info] k:trade_type=>NATIVE
[2017-07-12 10:15:27][info] k:transaction_id=>4003962001201707120274602622
[2017-07-12 10:15:27][info] ----------------------------------------
[2017-07-12 10:15:27][info] XML_DATA222:{"appid":"wxefc029d4373dcac0","bank_type":"CFT","cash_fee":"7560.00","fee_type":"CNY","is_subscribe":"Y","mch_id":"1244967502","nonce_str":"lb1w7rk0a6nj816bab689oxj65r0bce4","openid":"orYumuFebtD2oxjKx0GLlB5O2UIM","out_trade_no":"LX-170712095745606-3","result_code":"SUCCESS","return_code":"SUCCESS","sign":"048327B0E2FEFADBC37C3450C291C5E3","time_end":"20170712101509","total_fee":"7560.00","trade_type":"NATIVE","transaction_id":"4003962001201707120274602622"}
[2017-07-12 10:15:27][info] 收到重复信息，并处理反馈成功！
[2017-07-12 10:15:27][info] success
[2017-07-12 10:15:27][info] 写入结束!!!
[2017-07-12 10:53:01][info] ----------------------------------------
[2017-07-12 10:53:01][info] XML_DATA111:[{appid=>wxefc029d4373dcac0}{bank_type=>COMM_CREDIT}{cash_fee=>358000}{fee_type=>CNY}{is_subscribe=>N}{mch_id=>1244967502}{nonce_str=>bk6hrj0romakce4g3w6hl5z3k8x65nkp}{openid=>orYumuCW_fTIy8Ww8_GJUr4VqPbE}{out_trade_no=>LX-17052419550764706-b}{result_code=>SUCCESS}{return_code=>SUCCESS}{sign=>FEC35F3E8AB6A243E1448FC06AE24446}{time_end=>20170712105301}{total_fee=>358000}{trade_type=>NATIVE}{transaction_id=>4003472001201707120278648757}]
[2017-07-12 10:53:01][info] k:appid=>wxefc029d4373dcac0
[2017-07-12 10:53:01][info] k:bank_type=>COMM_CREDIT
[2017-07-12 10:53:01][info] k:cash_fee=>358000
[2017-07-12 10:53:01][info] k:fee_type=>CNY
[2017-07-12 10:53:01][info] k:is_subscribe=>N
[2017-07-12 10:53:01][info] k:mch_id=>1244967502
[2017-07-12 10:53:01][info] k:nonce_str=>bk6hrj0romakce4g3w6hl5z3k8x65nkp
[2017-07-12 10:53:01][info] k:openid=>orYumuCW_fTIy8Ww8_GJUr4VqPbE
[2017-07-12 10:53:01][info] k:out_trade_no=>LX-17052419550764706-b
[2017-07-12 10:53:01][info] k:result_code=>SUCCESS
[2017-07-12 10:53:01][info] k:return_code=>SUCCESS
[2017-07-12 10:53:01][info] k:sign=>FEC35F3E8AB6A243E1448FC06AE24446
[2017-07-12 10:53:01][info] k:time_end=>20170712105301
[2017-07-12 10:53:01][info] k:total_fee=>358000
[2017-07-12 10:53:01][info] k:trade_type=>NATIVE
[2017-07-12 10:53:01][info] k:transaction_id=>4003472001201707120278648757
[2017-07-12 10:53:01][info] ----------------------------------------
[2017-07-12 10:53:01][info] XML_DATA222:{"appid":"wxefc029d4373dcac0","bank_type":"COMM_CREDIT","cash_fee":"3580.00","fee_type":"CNY","is_subscribe":"N","mch_id":"1244967502","nonce_str":"bk6hrj0romakce4g3w6hl5z3k8x65nkp","openid":"orYumuCW_fTIy8Ww8_GJUr4VqPbE","out_trade_no":"LX-17052419550764706-b","result_code":"SUCCESS","return_code":"SUCCESS","sign":"FEC35F3E8AB6A243E1448FC06AE24446","time_end":"20170712105301","total_fee":"3580.00","trade_type":"NATIVE","transaction_id":"4003472001201707120278648757"}
[2017-07-12 10:53:01][warn] 数据存储成功，并成功返回记录编号17989！
[2017-07-12 10:53:19][info] ----------------------------------------
[2017-07-12 10:53:19][info] XML_DATA111:[{appid=>wxefc029d4373dcac0}{bank_type=>COMM_CREDIT}{cash_fee=>358000}{fee_type=>CNY}{is_subscribe=>N}{mch_id=>1244967502}{nonce_str=>bk6hrj0romakce4g3w6hl5z3k8x65nkp}{openid=>orYumuCW_fTIy8Ww8_GJUr4VqPbE}{out_trade_no=>LX-17052419550764706-b}{result_code=>SUCCESS}{return_code=>SUCCESS}{sign=>FEC35F3E8AB6A243E1448FC06AE24446}{time_end=>20170712105301}{total_fee=>358000}{trade_type=>NATIVE}{transaction_id=>4003472001201707120278648757}]
[2017-07-12 10:53:19][info] k:appid=>wxefc029d4373dcac0
[2017-07-12 10:53:19][info] k:bank_type=>COMM_CREDIT
[2017-07-12 10:53:19][info] k:cash_fee=>358000
[2017-07-12 10:53:19][info] k:fee_type=>CNY
[2017-07-12 10:53:19][info] k:is_subscribe=>N
[2017-07-12 10:53:19][info] k:mch_id=>1244967502
[2017-07-12 10:53:19][info] k:nonce_str=>bk6hrj0romakce4g3w6hl5z3k8x65nkp
[2017-07-12 10:53:19][info] k:openid=>orYumuCW_fTIy8Ww8_GJUr4VqPbE
[2017-07-12 10:53:19][info] k:out_trade_no=>LX-17052419550764706-b
[2017-07-12 10:53:19][info] k:result_code=>SUCCESS
[2017-07-12 10:53:19][info] k:return_code=>SUCCESS
[2017-07-12 10:53:19][info] k:sign=>FEC35F3E8AB6A243E1448FC06AE24446
[2017-07-12 10:53:19][info] k:time_end=>20170712105301
[2017-07-12 10:53:19][info] k:total_fee=>358000
[2017-07-12 10:53:19][info] k:trade_type=>NATIVE
[2017-07-12 10:53:19][info] k:transaction_id=>4003472001201707120278648757
[2017-07-12 10:53:19][info] ----------------------------------------
[2017-07-12 10:53:19][info] XML_DATA222:{"appid":"wxefc029d4373dcac0","bank_type":"COMM_CREDIT","cash_fee":"3580.00","fee_type":"CNY","is_subscribe":"N","mch_id":"1244967502","nonce_str":"bk6hrj0romakce4g3w6hl5z3k8x65nkp","openid":"orYumuCW_fTIy8Ww8_GJUr4VqPbE","out_trade_no":"LX-17052419550764706-b","result_code":"SUCCESS","return_code":"SUCCESS","sign":"FEC35F3E8AB6A243E1448FC06AE24446","time_end":"20170712105301","total_fee":"3580.00","trade_type":"NATIVE","transaction_id":"4003472001201707120278648757"}
[2017-07-12 10:53:19][info] 收到重复信息，并处理反馈成功！
[2017-07-12 10:53:19][info] success
[2017-07-12 10:53:19][info] 写入结束!!!
[2017-07-12 10:58:53][info] ----------------------------------------
[2017-07-12 10:58:53][info] XML_DATA111:[{appid=>wxefc029d4373dcac0}{bank_type=>CMB_DEBIT}{cash_fee=>328000}{fee_type=>CNY}{is_subscribe=>N}{mch_id=>1244967502}{nonce_str=>ra4ke1edbyvoja8tlfb125qxyr2vlkpf}{openid=>orYumuPjFoeJdHbaG8nyxn7wf2kw}{out_trade_no=>LX-17070918514394801-1}{result_code=>SUCCESS}{return_code=>SUCCESS}{sign=>C56144018C71121F6A1DD9161A5EFFAD}{time_end=>20170712105853}{total_fee=>328000}{trade_type=>NATIVE}{transaction_id=>4003742001201707120282339884}]
[2017-07-12 10:58:53][info] k:appid=>wxefc029d4373dcac0
[2017-07-12 10:58:53][info] k:bank_type=>CMB_DEBIT
[2017-07-12 10:58:53][info] k:cash_fee=>328000
[2017-07-12 10:58:53][info] k:fee_type=>CNY
[2017-07-12 10:58:53][info] k:is_subscribe=>N
[2017-07-12 10:58:53][info] k:mch_id=>1244967502
[2017-07-12 10:58:53][info] k:nonce_str=>ra4ke1edbyvoja8tlfb125qxyr2vlkpf
[2017-07-12 10:58:53][info] k:openid=>orYumuPjFoeJdHbaG8nyxn7wf2kw
[2017-07-12 10:58:53][info] k:out_trade_no=>LX-17070918514394801-1
[2017-07-12 10:58:53][info] k:result_code=>SUCCESS
[2017-07-12 10:58:53][info] k:return_code=>SUCCESS
[2017-07-12 10:58:53][info] k:sign=>C56144018C71121F6A1DD9161A5EFFAD
[2017-07-12 10:58:53][info] k:time_end=>20170712105853
[2017-07-12 10:58:53][info] k:total_fee=>328000
[2017-07-12 10:58:53][info] k:trade_type=>NATIVE
[2017-07-12 10:58:53][info] k:transaction_id=>4003742001201707120282339884
[2017-07-12 10:58:53][info] ----------------------------------------
[2017-07-12 10:58:53][info] XML_DATA222:{"appid":"wxefc029d4373dcac0","bank_type":"CMB_DEBIT","cash_fee":"3280.00","fee_type":"CNY","is_subscribe":"N","mch_id":"1244967502","nonce_str":"ra4ke1edbyvoja8tlfb125qxyr2vlkpf","openid":"orYumuPjFoeJdHbaG8nyxn7wf2kw","out_trade_no":"LX-17070918514394801-1","result_code":"SUCCESS","return_code":"SUCCESS","sign":"C56144018C71121F6A1DD9161A5EFFAD","time_end":"20170712105853","total_fee":"3280.00","trade_type":"NATIVE","transaction_id":"4003742001201707120282339884"}
[2017-07-12 10:58:53][warn] 数据存储成功，并成功返回记录编号17990！
[2017-07-12 10:59:08][info] ----------------------------------------
[2017-07-12 10:59:08][info] XML_DATA111:[{appid=>wxefc029d4373dcac0}{bank_type=>CMB_DEBIT}{cash_fee=>328000}{fee_type=>CNY}{is_subscribe=>N}{mch_id=>1244967502}{nonce_str=>ra4ke1edbyvoja8tlfb125qxyr2vlkpf}{openid=>orYumuPjFoeJdHbaG8nyxn7wf2kw}{out_trade_no=>LX-17070918514394801-1}{result_code=>SUCCESS}{return_code=>SUCCESS}{sign=>C56144018C71121F6A1DD9161A5EFFAD}{time_end=>20170712105853}{total_fee=>328000}{trade_type=>NATIVE}{transaction_id=>4003742001201707120282339884}]
[2017-07-12 10:59:08][info] k:appid=>wxefc029d4373dcac0
[2017-07-12 10:59:08][info] k:bank_type=>CMB_DEBIT
[2017-07-12 10:59:08][info] k:cash_fee=>328000
[2017-07-12 10:59:08][info] k:fee_type=>CNY
[2017-07-12 10:59:08][info] k:is_subscribe=>N
[2017-07-12 10:59:08][info] k:mch_id=>1244967502
[2017-07-12 10:59:08][info] k:nonce_str=>ra4ke1edbyvoja8tlfb125qxyr2vlkpf
[2017-07-12 10:59:08][info] k:openid=>orYumuPjFoeJdHbaG8nyxn7wf2kw
[2017-07-12 10:59:08][info] k:out_trade_no=>LX-17070918514394801-1
[2017-07-12 10:59:08][info] k:result_code=>SUCCESS
[2017-07-12 10:59:08][info] k:return_code=>SUCCESS
[2017-07-12 10:59:08][info] k:sign=>C56144018C71121F6A1DD9161A5EFFAD
[2017-07-12 10:59:08][info] k:time_end=>20170712105853
[2017-07-12 10:59:08][info] k:total_fee=>328000
[2017-07-12 10:59:08][info] k:trade_type=>NATIVE
[2017-07-12 10:59:08][info] k:transaction_id=>4003742001201707120282339884
[2017-07-12 10:59:08][info] ----------------------------------------
[2017-07-12 10:59:08][info] XML_DATA222:{"appid":"wxefc029d4373dcac0","bank_type":"CMB_DEBIT","cash_fee":"3280.00","fee_type":"CNY","is_subscribe":"N","mch_id":"1244967502","nonce_str":"ra4ke1edbyvoja8tlfb125qxyr2vlkpf","openid":"orYumuPjFoeJdHbaG8nyxn7wf2kw","out_trade_no":"LX-17070918514394801-1","result_code":"SUCCESS","return_code":"SUCCESS","sign":"C56144018C71121F6A1DD9161A5EFFAD","time_end":"20170712105853","total_fee":"3280.00","trade_type":"NATIVE","transaction_id":"4003742001201707120282339884"}
[2017-07-12 10:59:08][info] 收到重复信息，并处理反馈成功！
[2017-07-12 10:59:08][info] success
[2017-07-12 10:59:08][info] 写入结束!!!
[2017-07-12 14:13:36][info] ----------------------------------------
[2017-07-12 14:13:36][info] XML_DATA111:[{appid=>wxefc029d4373dcac0}{bank_type=>CMB_CREDIT}{cash_fee=>925000}{fee_type=>CNY}{is_subscribe=>N}{mch_id=>1244967502}{nonce_str=>8il3wprjet6bmzsnqdvcrvbslc687594}{openid=>orYumuC8UI1QWB34-rjV1_SN4Wzg}{out_trade_no=>LX-17070819215355106-3}{result_code=>SUCCESS}{return_code=>SUCCESS}{sign=>12F5F9679BDBCAFD17BC31D5AE254041}{time_end=>20170712141336}{total_fee=>925000}{trade_type=>NATIVE}{transaction_id=>4006742001201707120312020614}]
[2017-07-12 14:13:36][info] k:appid=>wxefc029d4373dcac0
[2017-07-12 14:13:36][info] k:bank_type=>CMB_CREDIT
[2017-07-12 14:13:36][info] k:cash_fee=>925000
[2017-07-12 14:13:36][info] k:fee_type=>CNY
[2017-07-12 14:13:36][info] k:is_subscribe=>N
[2017-07-12 14:13:36][info] k:mch_id=>1244967502
[2017-07-12 14:13:36][info] k:nonce_str=>8il3wprjet6bmzsnqdvcrvbslc687594
[2017-07-12 14:13:36][info] k:openid=>orYumuC8UI1QWB34-rjV1_SN4Wzg
[2017-07-12 14:13:36][info] k:out_trade_no=>LX-17070819215355106-3
[2017-07-12 14:13:36][info] k:result_code=>SUCCESS
[2017-07-12 14:13:36][info] k:return_code=>SUCCESS
[2017-07-12 14:13:36][info] k:sign=>12F5F9679BDBCAFD17BC31D5AE254041
[2017-07-12 14:13:36][info] k:time_end=>20170712141336
[2017-07-12 14:13:36][info] k:total_fee=>925000
[2017-07-12 14:13:36][info] k:trade_type=>NATIVE
[2017-07-12 14:13:36][info] k:transaction_id=>4006742001201707120312020614
[2017-07-12 14:13:36][info] ----------------------------------------
[2017-07-12 14:13:36][info] XML_DATA222:{"appid":"wxefc029d4373dcac0","bank_type":"CMB_CREDIT","cash_fee":"9250.00","fee_type":"CNY","is_subscribe":"N","mch_id":"1244967502","nonce_str":"8il3wprjet6bmzsnqdvcrvbslc687594","openid":"orYumuC8UI1QWB34-rjV1_SN4Wzg","out_trade_no":"LX-17070819215355106-3","result_code":"SUCCESS","return_code":"SUCCESS","sign":"12F5F9679BDBCAFD17BC31D5AE254041","time_end":"20170712141336","total_fee":"9250.00","trade_type":"NATIVE","transaction_id":"4006742001201707120312020614"}
[2017-07-12 14:13:37][warn] 数据存储成功，并成功返回记录编号17995！
[2017-07-12 14:13:50][info] ----------------------------------------
[2017-07-12 14:13:50][info] XML_DATA111:[{appid=>wxefc029d4373dcac0}{bank_type=>CMB_CREDIT}{cash_fee=>925000}{fee_type=>CNY}{is_subscribe=>N}{mch_id=>1244967502}{nonce_str=>8il3wprjet6bmzsnqdvcrvbslc687594}{openid=>orYumuC8UI1QWB34-rjV1_SN4Wzg}{out_trade_no=>LX-17070819215355106-3}{result_code=>SUCCESS}{return_code=>SUCCESS}{sign=>12F5F9679BDBCAFD17BC31D5AE254041}{time_end=>20170712141336}{total_fee=>925000}{trade_type=>NATIVE}{transaction_id=>4006742001201707120312020614}]
[2017-07-12 14:13:50][info] k:appid=>wxefc029d4373dcac0
[2017-07-12 14:13:50][info] k:bank_type=>CMB_CREDIT
[2017-07-12 14:13:50][info] k:cash_fee=>925000
[2017-07-12 14:13:50][info] k:fee_type=>CNY
[2017-07-12 14:13:50][info] k:is_subscribe=>N
[2017-07-12 14:13:50][info] k:mch_id=>1244967502
[2017-07-12 14:13:50][info] k:nonce_str=>8il3wprjet6bmzsnqdvcrvbslc687594
[2017-07-12 14:13:50][info] k:openid=>orYumuC8UI1QWB34-rjV1_SN4Wzg
[2017-07-12 14:13:50][info] k:out_trade_no=>LX-17070819215355106-3
[2017-07-12 14:13:50][info] k:result_code=>SUCCESS
[2017-07-12 14:13:50][info] k:return_code=>SUCCESS
[2017-07-12 14:13:50][info] k:sign=>12F5F9679BDBCAFD17BC31D5AE254041
[2017-07-12 14:13:50][info] k:time_end=>20170712141336
[2017-07-12 14:13:50][info] k:total_fee=>925000
[2017-07-12 14:13:50][info] k:trade_type=>NATIVE
[2017-07-12 14:13:50][info] k:transaction_id=>4006742001201707120312020614
[2017-07-12 14:13:50][info] ----------------------------------------
[2017-07-12 14:13:50][info] XML_DATA222:{"appid":"wxefc029d4373dcac0","bank_type":"CMB_CREDIT","cash_fee":"9250.00","fee_type":"CNY","is_subscribe":"N","mch_id":"1244967502","nonce_str":"8il3wprjet6bmzsnqdvcrvbslc687594","openid":"orYumuC8UI1QWB34-rjV1_SN4Wzg","out_trade_no":"LX-17070819215355106-3","result_code":"SUCCESS","return_code":"SUCCESS","sign":"12F5F9679BDBCAFD17BC31D5AE254041","time_end":"20170712141336","total_fee":"9250.00","trade_type":"NATIVE","transaction_id":"4006742001201707120312020614"}
[2017-07-12 14:13:50][info] 收到重复信息，并处理反馈成功！
[2017-07-12 14:13:50][info] success
[2017-07-12 14:13:50][info] 写入结束!!!
[2017-07-12 14:26:04][info] ----------------------------------------
[2017-07-12 14:26:04][info] XML_DATA111:[{appid=>wxefc029d4373dcac0}{bank_type=>CFT}{cash_fee=>284000}{fee_type=>CNY}{is_subscribe=>Y}{mch_id=>1244967502}{nonce_str=>qsvvydsdweicurvd2wmuku79rx08eph4}{openid=>orYumuIIzx_ObsjXlIFnP_nTDtMU}{out_trade_no=>LX-17071207484397206-0}{result_code=>SUCCESS}{return_code=>SUCCESS}{sign=>2C3193ED9513DE27BCC76F7AAADC84A1}{time_end=>20170712142603}{total_fee=>284000}{trade_type=>NATIVE}{transaction_id=>4009842001201707120316025986}]
[2017-07-12 14:26:04][info] k:appid=>wxefc029d4373dcac0
[2017-07-12 14:26:04][info] k:bank_type=>CFT
[2017-07-12 14:26:04][info] k:cash_fee=>284000
[2017-07-12 14:26:04][info] k:fee_type=>CNY
[2017-07-12 14:26:04][info] k:is_subscribe=>Y
[2017-07-12 14:26:04][info] k:mch_id=>1244967502
[2017-07-12 14:26:04][info] k:nonce_str=>qsvvydsdweicurvd2wmuku79rx08eph4
[2017-07-12 14:26:04][info] k:openid=>orYumuIIzx_ObsjXlIFnP_nTDtMU
[2017-07-12 14:26:04][info] k:out_trade_no=>LX-17071207484397206-0
[2017-07-12 14:26:04][info] k:result_code=>SUCCESS
[2017-07-12 14:26:04][info] k:return_code=>SUCCESS
[2017-07-12 14:26:04][info] k:sign=>2C3193ED9513DE27BCC76F7AAADC84A1
[2017-07-12 14:26:04][info] k:time_end=>20170712142603
[2017-07-12 14:26:04][info] k:total_fee=>284000
[2017-07-12 14:26:04][info] k:trade_type=>NATIVE
[2017-07-12 14:26:04][info] k:transaction_id=>4009842001201707120316025986
[2017-07-12 14:26:04][info] ----------------------------------------
[2017-07-12 14:26:04][info] XML_DATA222:{"appid":"wxefc029d4373dcac0","bank_type":"CFT","cash_fee":"2840.00","fee_type":"CNY","is_subscribe":"Y","mch_id":"1244967502","nonce_str":"qsvvydsdweicurvd2wmuku79rx08eph4","openid":"orYumuIIzx_ObsjXlIFnP_nTDtMU","out_trade_no":"LX-17071207484397206-0","result_code":"SUCCESS","return_code":"SUCCESS","sign":"2C3193ED9513DE27BCC76F7AAADC84A1","time_end":"20170712142603","total_fee":"2840.00","trade_type":"NATIVE","transaction_id":"4009842001201707120316025986"}
[2017-07-12 14:26:04][warn] 数据存储成功，并成功返回记录编号17996！
[2017-07-12 14:26:13][info] ----------------------------------------
[2017-07-12 14:26:13][info] XML_DATA111:[{appid=>wxefc029d4373dcac0}{bank_type=>CFT}{cash_fee=>284000}{fee_type=>CNY}{is_subscribe=>Y}{mch_id=>1244967502}{nonce_str=>qsvvydsdweicurvd2wmuku79rx08eph4}{openid=>orYumuIIzx_ObsjXlIFnP_nTDtMU}{out_trade_no=>LX-17071207484397206-0}{result_code=>SUCCESS}{return_code=>SUCCESS}{sign=>2C3193ED9513DE27BCC76F7AAADC84A1}{time_end=>20170712142603}{total_fee=>284000}{trade_type=>NATIVE}{transaction_id=>4009842001201707120316025986}]
[2017-07-12 14:26:13][info] k:appid=>wxefc029d4373dcac0
[2017-07-12 14:26:13][info] k:bank_type=>CFT
[2017-07-12 14:26:13][info] k:cash_fee=>284000
[2017-07-12 14:26:13][info] k:fee_type=>CNY
[2017-07-12 14:26:13][info] k:is_subscribe=>Y
[2017-07-12 14:26:13][info] k:mch_id=>1244967502
[2017-07-12 14:26:13][info] k:nonce_str=>qsvvydsdweicurvd2wmuku79rx08eph4
[2017-07-12 14:26:13][info] k:openid=>orYumuIIzx_ObsjXlIFnP_nTDtMU
[2017-07-12 14:26:13][info] k:out_trade_no=>LX-17071207484397206-0
[2017-07-12 14:26:13][info] k:result_code=>SUCCESS
[2017-07-12 14:26:13][info] k:return_code=>SUCCESS
[2017-07-12 14:26:13][info] k:sign=>2C3193ED9513DE27BCC76F7AAADC84A1
[2017-07-12 14:26:13][info] k:time_end=>20170712142603
[2017-07-12 14:26:13][info] k:total_fee=>284000
[2017-07-12 14:26:13][info] k:trade_type=>NATIVE
[2017-07-12 14:26:13][info] k:transaction_id=>4009842001201707120316025986
[2017-07-12 14:26:13][info] ----------------------------------------
[2017-07-12 14:26:13][info] XML_DATA222:{"appid":"wxefc029d4373dcac0","bank_type":"CFT","cash_fee":"2840.00","fee_type":"CNY","is_subscribe":"Y","mch_id":"1244967502","nonce_str":"qsvvydsdweicurvd2wmuku79rx08eph4","openid":"orYumuIIzx_ObsjXlIFnP_nTDtMU","out_trade_no":"LX-17071207484397206-0","result_code":"SUCCESS","return_code":"SUCCESS","sign":"2C3193ED9513DE27BCC76F7AAADC84A1","time_end":"20170712142603","total_fee":"2840.00","trade_type":"NATIVE","transaction_id":"4009842001201707120316025986"}
[2017-07-12 14:26:13][info] 收到重复信息，并处理反馈成功！
[2017-07-12 14:26:13][info] success
[2017-07-12 14:26:13][info] 写入结束!!!
[2017-07-12 17:56:52][info] ----------------------------------------
[2017-07-12 17:56:52][info] XML_DATA111:[{appid=>wxefc029d4373dcac0}{bank_type=>BOC_CREDIT}{cash_fee=>493000}{fee_type=>CNY}{is_subscribe=>N}{mch_id=>1244967502}{nonce_str=>jrlegfynvyhbvp83oekt7zxu9ywnxm7g}{openid=>orYumuNKOMFpx0k2b5KPhDx5Jmzc}{out_trade_no=>LX-17062010143396201-f}{result_code=>SUCCESS}{return_code=>SUCCESS}{sign=>64D6DEC0758C8D018A9C7E19FD9A5596}{time_end=>20170712175651}{total_fee=>493000}{trade_type=>NATIVE}{transaction_id=>4005062001201707120350794422}]
[2017-07-12 17:56:52][info] k:appid=>wxefc029d4373dcac0
[2017-07-12 17:56:52][info] k:bank_type=>BOC_CREDIT
[2017-07-12 17:56:52][info] k:cash_fee=>493000
[2017-07-12 17:56:52][info] k:fee_type=>CNY
[2017-07-12 17:56:52][info] k:is_subscribe=>N
[2017-07-12 17:56:52][info] k:mch_id=>1244967502
[2017-07-12 17:56:52][info] k:nonce_str=>jrlegfynvyhbvp83oekt7zxu9ywnxm7g
[2017-07-12 17:56:52][info] k:openid=>orYumuNKOMFpx0k2b5KPhDx5Jmzc
[2017-07-12 17:56:52][info] k:out_trade_no=>LX-17062010143396201-f
[2017-07-12 17:56:52][info] k:result_code=>SUCCESS
[2017-07-12 17:56:52][info] k:return_code=>SUCCESS
[2017-07-12 17:56:52][info] k:sign=>64D6DEC0758C8D018A9C7E19FD9A5596
[2017-07-12 17:56:52][info] k:time_end=>20170712175651
[2017-07-12 17:56:52][info] k:total_fee=>493000
[2017-07-12 17:56:52][info] k:trade_type=>NATIVE
[2017-07-12 17:56:52][info] k:transaction_id=>4005062001201707120350794422
[2017-07-12 17:56:52][info] ----------------------------------------
[2017-07-12 17:56:52][info] XML_DATA222:{"appid":"wxefc029d4373dcac0","bank_type":"BOC_CREDIT","cash_fee":"4930.00","fee_type":"CNY","is_subscribe":"N","mch_id":"1244967502","nonce_str":"jrlegfynvyhbvp83oekt7zxu9ywnxm7g","openid":"orYumuNKOMFpx0k2b5KPhDx5Jmzc","out_trade_no":"LX-17062010143396201-f","result_code":"SUCCESS","return_code":"SUCCESS","sign":"64D6DEC0758C8D018A9C7E19FD9A5596","time_end":"20170712175651","total_fee":"4930.00","trade_type":"NATIVE","transaction_id":"4005062001201707120350794422"}
[2017-07-12 17:56:52][warn] 数据存储成功，并成功返回记录编号18004！
[2017-07-12 17:57:02][info] ----------------------------------------
[2017-07-12 17:57:02][info] XML_DATA111:[{appid=>wxefc029d4373dcac0}{bank_type=>BOC_CREDIT}{cash_fee=>493000}{fee_type=>CNY}{is_subscribe=>N}{mch_id=>1244967502}{nonce_str=>jrlegfynvyhbvp83oekt7zxu9ywnxm7g}{openid=>orYumuNKOMFpx0k2b5KPhDx5Jmzc}{out_trade_no=>LX-17062010143396201-f}{result_code=>SUCCESS}{return_code=>SUCCESS}{sign=>64D6DEC0758C8D018A9C7E19FD9A5596}{time_end=>20170712175651}{total_fee=>493000}{trade_type=>NATIVE}{transaction_id=>4005062001201707120350794422}]
[2017-07-12 17:57:02][info] k:appid=>wxefc029d4373dcac0
[2017-07-12 17:57:02][info] k:bank_type=>BOC_CREDIT
[2017-07-12 17:57:02][info] k:cash_fee=>493000
[2017-07-12 17:57:02][info] k:fee_type=>CNY
[2017-07-12 17:57:02][info] k:is_subscribe=>N
[2017-07-12 17:57:02][info] k:mch_id=>1244967502
[2017-07-12 17:57:02][info] k:nonce_str=>jrlegfynvyhbvp83oekt7zxu9ywnxm7g
[2017-07-12 17:57:02][info] k:openid=>orYumuNKOMFpx0k2b5KPhDx5Jmzc
[2017-07-12 17:57:02][info] k:out_trade_no=>LX-17062010143396201-f
[2017-07-12 17:57:02][info] k:result_code=>SUCCESS
[2017-07-12 17:57:02][info] k:return_code=>SUCCESS
[2017-07-12 17:57:02][info] k:sign=>64D6DEC0758C8D018A9C7E19FD9A5596
[2017-07-12 17:57:02][info] k:time_end=>20170712175651
[2017-07-12 17:57:02][info] k:total_fee=>493000
[2017-07-12 17:57:02][info] k:trade_type=>NATIVE
[2017-07-12 17:57:02][info] k:transaction_id=>4005062001201707120350794422
[2017-07-12 17:57:02][info] ----------------------------------------
[2017-07-12 17:57:02][info] XML_DATA222:{"appid":"wxefc029d4373dcac0","bank_type":"BOC_CREDIT","cash_fee":"4930.00","fee_type":"CNY","is_subscribe":"N","mch_id":"1244967502","nonce_str":"jrlegfynvyhbvp83oekt7zxu9ywnxm7g","openid":"orYumuNKOMFpx0k2b5KPhDx5Jmzc","out_trade_no":"LX-17062010143396201-f","result_code":"SUCCESS","return_code":"SUCCESS","sign":"64D6DEC0758C8D018A9C7E19FD9A5596","time_end":"20170712175651","total_fee":"4930.00","trade_type":"NATIVE","transaction_id":"4005062001201707120350794422"}
[2017-07-12 17:57:02][info] 收到重复信息，并处理反馈成功！
[2017-07-12 17:57:02][info] success
[2017-07-12 17:57:02][info] 写入结束!!!
