[2017-04-20 20:00:34][info] ----------------------------------------
[2017-04-20 20:00:34][info] XML_DATA111:[{appid=>wxefc029d4373dcac0}{bank_type=>BOC_CREDIT}{cash_fee=>428000}{fee_type=>CNY}{is_subscribe=>N}{mch_id=>1244967502}{nonce_str=>19l3qnakbc01d028r7ucvtzkp68s3lne}{openid=>orYumuBjDdzZOOrxl1me_UM7R1nw}{out_trade_no=>LX-17042016283549906-a}{result_code=>SUCCESS}{return_code=>SUCCESS}{sign=>EE98828916AEBC75011040CBE680DB4E}{time_end=>20170420200034}{total_fee=>428000}{trade_type=>NATIVE}{transaction_id=>4009872001201704207725389693}]
[2017-04-20 20:00:34][info] k:appid=>wxefc029d4373dcac0
[2017-04-20 20:00:34][info] k:bank_type=>BOC_CREDIT
[2017-04-20 20:00:34][info] k:cash_fee=>428000
[2017-04-20 20:00:34][info] k:fee_type=>CNY
[2017-04-20 20:00:34][info] k:is_subscribe=>N
[2017-04-20 20:00:34][info] k:mch_id=>1244967502
[2017-04-20 20:00:34][info] k:nonce_str=>19l3qnakbc01d028r7ucvtzkp68s3lne
[2017-04-20 20:00:34][info] k:openid=>orYumuBjDdzZOOrxl1me_UM7R1nw
[2017-04-20 20:00:34][info] k:out_trade_no=>LX-17042016283549906-a
[2017-04-20 20:00:34][info] k:result_code=>SUCCESS
[2017-04-20 20:00:34][info] k:return_code=>SUCCESS
[2017-04-20 20:00:34][info] k:sign=>EE98828916AEBC75011040CBE680DB4E
[2017-04-20 20:00:34][info] k:time_end=>20170420200034
[2017-04-20 20:00:34][info] k:total_fee=>428000
[2017-04-20 20:00:34][info] k:trade_type=>NATIVE
[2017-04-20 20:00:34][info] k:transaction_id=>4009872001201704207725389693
[2017-04-20 20:00:34][info] ----------------------------------------
[2017-04-20 20:00:34][info] XML_DATA222:{"appid":"wxefc029d4373dcac0","bank_type":"BOC_CREDIT","cash_fee":"4280.00","fee_type":"CNY","is_subscribe":"N","mch_id":"1244967502","nonce_str":"19l3qnakbc01d028r7ucvtzkp68s3lne","openid":"orYumuBjDdzZOOrxl1me_UM7R1nw","out_trade_no":"LX-17042016283549906-a","result_code":"SUCCESS","return_code":"SUCCESS","sign":"EE98828916AEBC75011040CBE680DB4E","time_end":"20170420200034","total_fee":"4280.00","trade_type":"NATIVE","transaction_id":"4009872001201704207725389693"}
[2017-04-20 20:00:35][warn] 数据存储成功，并成功返回记录编号17457！
[2017-04-20 20:00:46][info] ----------------------------------------
[2017-04-20 20:00:46][info] XML_DATA111:[{appid=>wxefc029d4373dcac0}{bank_type=>BOC_CREDIT}{cash_fee=>428000}{fee_type=>CNY}{is_subscribe=>N}{mch_id=>1244967502}{nonce_str=>19l3qnakbc01d028r7ucvtzkp68s3lne}{openid=>orYumuBjDdzZOOrxl1me_UM7R1nw}{out_trade_no=>LX-17042016283549906-a}{result_code=>SUCCESS}{return_code=>SUCCESS}{sign=>EE98828916AEBC75011040CBE680DB4E}{time_end=>20170420200034}{total_fee=>428000}{trade_type=>NATIVE}{transaction_id=>4009872001201704207725389693}]
[2017-04-20 20:00:46][info] k:appid=>wxefc029d4373dcac0
[2017-04-20 20:00:46][info] k:bank_type=>BOC_CREDIT
[2017-04-20 20:00:46][info] k:cash_fee=>428000
[2017-04-20 20:00:46][info] k:fee_type=>CNY
[2017-04-20 20:00:46][info] k:is_subscribe=>N
[2017-04-20 20:00:46][info] k:mch_id=>1244967502
[2017-04-20 20:00:46][info] k:nonce_str=>19l3qnakbc01d028r7ucvtzkp68s3lne
[2017-04-20 20:00:46][info] k:openid=>orYumuBjDdzZOOrxl1me_UM7R1nw
[2017-04-20 20:00:46][info] k:out_trade_no=>LX-17042016283549906-a
[2017-04-20 20:00:46][info] k:result_code=>SUCCESS
[2017-04-20 20:00:46][info] k:return_code=>SUCCESS
[2017-04-20 20:00:46][info] k:sign=>EE98828916AEBC75011040CBE680DB4E
[2017-04-20 20:00:46][info] k:time_end=>20170420200034
[2017-04-20 20:00:46][info] k:total_fee=>428000
[2017-04-20 20:00:46][info] k:trade_type=>NATIVE
[2017-04-20 20:00:46][info] k:transaction_id=>4009872001201704207725389693
[2017-04-20 20:00:46][info] ----------------------------------------
[2017-04-20 20:00:46][info] XML_DATA222:{"appid":"wxefc029d4373dcac0","bank_type":"BOC_CREDIT","cash_fee":"4280.00","fee_type":"CNY","is_subscribe":"N","mch_id":"1244967502","nonce_str":"19l3qnakbc01d028r7ucvtzkp68s3lne","openid":"orYumuBjDdzZOOrxl1me_UM7R1nw","out_trade_no":"LX-17042016283549906-a","result_code":"SUCCESS","return_code":"SUCCESS","sign":"EE98828916AEBC75011040CBE680DB4E","time_end":"20170420200034","total_fee":"4280.00","trade_type":"NATIVE","transaction_id":"4009872001201704207725389693"}
[2017-04-20 20:00:46][info] 收到重复信息，并处理反馈成功！
[2017-04-20 20:00:46][info] success
[2017-04-20 20:00:46][info] 写入结束!!!
