[2017-07-09 09:16:00][info] ----------------------------------------
[2017-07-09 09:16:00][info] XML_DATA111:[{appid=>wxefc029d4373dcac0}{bank_type=>CCB_CREDIT}{cash_fee=>1280000}{fee_type=>CNY}{is_subscribe=>Y}{mch_id=>1244967502}{nonce_str=>hwqsnctcegux3xcejidj8u2trd120z7r}{openid=>orYumuHc19mP2R_coTWixXj5cOe4}{out_trade_no=>LX-17051720595742801-0}{result_code=>SUCCESS}{return_code=>SUCCESS}{sign=>BD900ED0EE13B6E07E0F9CE80E0CB407}{time_end=>20170709091600}{total_fee=>1280000}{trade_type=>NATIVE}{transaction_id=>4000762001201707099688963948}]
[2017-07-09 09:16:00][info] k:appid=>wxefc029d4373dcac0
[2017-07-09 09:16:00][info] k:bank_type=>CCB_CREDIT
[2017-07-09 09:16:00][info] k:cash_fee=>1280000
[2017-07-09 09:16:00][info] k:fee_type=>CNY
[2017-07-09 09:16:00][info] k:is_subscribe=>Y
[2017-07-09 09:16:00][info] k:mch_id=>1244967502
[2017-07-09 09:16:00][info] k:nonce_str=>hwqsnctcegux3xcejidj8u2trd120z7r
[2017-07-09 09:16:00][info] k:openid=>orYumuHc19mP2R_coTWixXj5cOe4
[2017-07-09 09:16:00][info] k:out_trade_no=>LX-17051720595742801-0
[2017-07-09 09:16:00][info] k:result_code=>SUCCESS
[2017-07-09 09:16:00][info] k:return_code=>SUCCESS
[2017-07-09 09:16:00][info] k:sign=>BD900ED0EE13B6E07E0F9CE80E0CB407
[2017-07-09 09:16:00][info] k:time_end=>20170709091600
[2017-07-09 09:16:00][info] k:total_fee=>1280000
[2017-07-09 09:16:00][info] k:trade_type=>NATIVE
[2017-07-09 09:16:00][info] k:transaction_id=>4000762001201707099688963948
[2017-07-09 09:16:00][info] ----------------------------------------
[2017-07-09 09:16:00][info] XML_DATA222:{"appid":"wxefc029d4373dcac0","bank_type":"CCB_CREDIT","cash_fee":"12800.00","fee_type":"CNY","is_subscribe":"Y","mch_id":"1244967502","nonce_str":"hwqsnctcegux3xcejidj8u2trd120z7r","openid":"orYumuHc19mP2R_coTWixXj5cOe4","out_trade_no":"LX-17051720595742801-0","result_code":"SUCCESS","return_code":"SUCCESS","sign":"BD900ED0EE13B6E07E0F9CE80E0CB407","time_end":"20170709091600","total_fee":"12800.00","trade_type":"NATIVE","transaction_id":"4000762001201707099688963948"}
[2017-07-09 09:16:00][warn] 数据存储成功，并成功返回记录编号17907！
[2017-07-09 09:16:12][info] ----------------------------------------
[2017-07-09 09:16:12][info] XML_DATA111:[{appid=>wxefc029d4373dcac0}{bank_type=>CCB_CREDIT}{cash_fee=>1280000}{fee_type=>CNY}{is_subscribe=>Y}{mch_id=>1244967502}{nonce_str=>hwqsnctcegux3xcejidj8u2trd120z7r}{openid=>orYumuHc19mP2R_coTWixXj5cOe4}{out_trade_no=>LX-17051720595742801-0}{result_code=>SUCCESS}{return_code=>SUCCESS}{sign=>BD900ED0EE13B6E07E0F9CE80E0CB407}{time_end=>20170709091600}{total_fee=>1280000}{trade_type=>NATIVE}{transaction_id=>4000762001201707099688963948}]
[2017-07-09 09:16:12][info] k:appid=>wxefc029d4373dcac0
[2017-07-09 09:16:12][info] k:bank_type=>CCB_CREDIT
[2017-07-09 09:16:12][info] k:cash_fee=>1280000
[2017-07-09 09:16:12][info] k:fee_type=>CNY
[2017-07-09 09:16:12][info] k:is_subscribe=>Y
[2017-07-09 09:16:12][info] k:mch_id=>1244967502
[2017-07-09 09:16:12][info] k:nonce_str=>hwqsnctcegux3xcejidj8u2trd120z7r
[2017-07-09 09:16:12][info] k:openid=>orYumuHc19mP2R_coTWixXj5cOe4
[2017-07-09 09:16:12][info] k:out_trade_no=>LX-17051720595742801-0
[2017-07-09 09:16:12][info] k:result_code=>SUCCESS
[2017-07-09 09:16:12][info] k:return_code=>SUCCESS
[2017-07-09 09:16:12][info] k:sign=>BD900ED0EE13B6E07E0F9CE80E0CB407
[2017-07-09 09:16:12][info] k:time_end=>20170709091600
[2017-07-09 09:16:12][info] k:total_fee=>1280000
[2017-07-09 09:16:12][info] k:trade_type=>NATIVE
[2017-07-09 09:16:12][info] k:transaction_id=>4000762001201707099688963948
[2017-07-09 09:16:12][info] ----------------------------------------
[2017-07-09 09:16:12][info] XML_DATA222:{"appid":"wxefc029d4373dcac0","bank_type":"CCB_CREDIT","cash_fee":"12800.00","fee_type":"CNY","is_subscribe":"Y","mch_id":"1244967502","nonce_str":"hwqsnctcegux3xcejidj8u2trd120z7r","openid":"orYumuHc19mP2R_coTWixXj5cOe4","out_trade_no":"LX-17051720595742801-0","result_code":"SUCCESS","return_code":"SUCCESS","sign":"BD900ED0EE13B6E07E0F9CE80E0CB407","time_end":"20170709091600","total_fee":"12800.00","trade_type":"NATIVE","transaction_id":"4000762001201707099688963948"}
[2017-07-09 09:16:12][info] 收到重复信息，并处理反馈成功！
[2017-07-09 09:16:12][info] success
[2017-07-09 09:16:12][info] 写入结束!!!
[2017-07-09 15:17:33][info] ----------------------------------------
[2017-07-09 15:17:33][info] XML_DATA111:[{appid=>wxefc029d4373dcac0}{bank_type=>CITIC_CREDIT}{cash_fee=>800000}{fee_type=>CNY}{is_subscribe=>N}{mch_id=>1244967502}{nonce_str=>i2wnzr2jl4mum88e67337ci4xaz86f70}{openid=>orYumuKLYS_c0urzxikxwybbBdAQ}{out_trade_no=>LX-17070910533993906-7}{result_code=>SUCCESS}{return_code=>SUCCESS}{sign=>94C46DD65B748B22D066C1CA60DE5A08}{time_end=>20170709151732}{total_fee=>800000}{trade_type=>NATIVE}{transaction_id=>4005112001201707099749567634}]
[2017-07-09 15:17:33][info] k:appid=>wxefc029d4373dcac0
[2017-07-09 15:17:33][info] k:bank_type=>CITIC_CREDIT
[2017-07-09 15:17:33][info] k:cash_fee=>800000
[2017-07-09 15:17:33][info] k:fee_type=>CNY
[2017-07-09 15:17:33][info] k:is_subscribe=>N
[2017-07-09 15:17:33][info] k:mch_id=>1244967502
[2017-07-09 15:17:33][info] k:nonce_str=>i2wnzr2jl4mum88e67337ci4xaz86f70
[2017-07-09 15:17:33][info] k:openid=>orYumuKLYS_c0urzxikxwybbBdAQ
[2017-07-09 15:17:33][info] k:out_trade_no=>LX-17070910533993906-7
[2017-07-09 15:17:33][info] k:result_code=>SUCCESS
[2017-07-09 15:17:33][info] k:return_code=>SUCCESS
[2017-07-09 15:17:33][info] k:sign=>94C46DD65B748B22D066C1CA60DE5A08
[2017-07-09 15:17:33][info] k:time_end=>20170709151732
[2017-07-09 15:17:33][info] k:total_fee=>800000
[2017-07-09 15:17:33][info] k:trade_type=>NATIVE
[2017-07-09 15:17:33][info] k:transaction_id=>4005112001201707099749567634
[2017-07-09 15:17:33][info] ----------------------------------------
[2017-07-09 15:17:33][info] XML_DATA222:{"appid":"wxefc029d4373dcac0","bank_type":"CITIC_CREDIT","cash_fee":"8000.00","fee_type":"CNY","is_subscribe":"N","mch_id":"1244967502","nonce_str":"i2wnzr2jl4mum88e67337ci4xaz86f70","openid":"orYumuKLYS_c0urzxikxwybbBdAQ","out_trade_no":"LX-17070910533993906-7","result_code":"SUCCESS","return_code":"SUCCESS","sign":"94C46DD65B748B22D066C1CA60DE5A08","time_end":"20170709151732","total_fee":"8000.00","trade_type":"NATIVE","transaction_id":"4005112001201707099749567634"}
[2017-07-09 15:17:33][warn] 数据存储成功，并成功返回记录编号17912！
[2017-07-09 15:17:47][info] ----------------------------------------
[2017-07-09 15:17:47][info] XML_DATA111:[{appid=>wxefc029d4373dcac0}{bank_type=>CITIC_CREDIT}{cash_fee=>800000}{fee_type=>CNY}{is_subscribe=>N}{mch_id=>1244967502}{nonce_str=>i2wnzr2jl4mum88e67337ci4xaz86f70}{openid=>orYumuKLYS_c0urzxikxwybbBdAQ}{out_trade_no=>LX-17070910533993906-7}{result_code=>SUCCESS}{return_code=>SUCCESS}{sign=>94C46DD65B748B22D066C1CA60DE5A08}{time_end=>20170709151732}{total_fee=>800000}{trade_type=>NATIVE}{transaction_id=>4005112001201707099749567634}]
[2017-07-09 15:17:47][info] k:appid=>wxefc029d4373dcac0
[2017-07-09 15:17:47][info] k:bank_type=>CITIC_CREDIT
[2017-07-09 15:17:47][info] k:cash_fee=>800000
[2017-07-09 15:17:47][info] k:fee_type=>CNY
[2017-07-09 15:17:47][info] k:is_subscribe=>N
[2017-07-09 15:17:47][info] k:mch_id=>1244967502
[2017-07-09 15:17:47][info] k:nonce_str=>i2wnzr2jl4mum88e67337ci4xaz86f70
[2017-07-09 15:17:47][info] k:openid=>orYumuKLYS_c0urzxikxwybbBdAQ
[2017-07-09 15:17:47][info] k:out_trade_no=>LX-17070910533993906-7
[2017-07-09 15:17:47][info] k:result_code=>SUCCESS
[2017-07-09 15:17:47][info] k:return_code=>SUCCESS
[2017-07-09 15:17:47][info] k:sign=>94C46DD65B748B22D066C1CA60DE5A08
[2017-07-09 15:17:47][info] k:time_end=>20170709151732
[2017-07-09 15:17:47][info] k:total_fee=>800000
[2017-07-09 15:17:47][info] k:trade_type=>NATIVE
[2017-07-09 15:17:47][info] k:transaction_id=>4005112001201707099749567634
[2017-07-09 15:17:47][info] ----------------------------------------
[2017-07-09 15:17:47][info] XML_DATA222:{"appid":"wxefc029d4373dcac0","bank_type":"CITIC_CREDIT","cash_fee":"8000.00","fee_type":"CNY","is_subscribe":"N","mch_id":"1244967502","nonce_str":"i2wnzr2jl4mum88e67337ci4xaz86f70","openid":"orYumuKLYS_c0urzxikxwybbBdAQ","out_trade_no":"LX-17070910533993906-7","result_code":"SUCCESS","return_code":"SUCCESS","sign":"94C46DD65B748B22D066C1CA60DE5A08","time_end":"20170709151732","total_fee":"8000.00","trade_type":"NATIVE","transaction_id":"4005112001201707099749567634"}
[2017-07-09 15:17:47][info] 收到重复信息，并处理反馈成功！
[2017-07-09 15:17:47][info] success
[2017-07-09 15:17:47][info] 写入结束!!!
[2017-07-09 17:14:17][info] ----------------------------------------
[2017-07-09 17:14:17][info] XML_DATA111:[{appid=>wxefc029d4373dcac0}{bank_type=>CMB_DEBIT}{cash_fee=>290000}{fee_type=>CNY}{is_subscribe=>N}{mch_id=>1244967502}{nonce_str=>rkh4e6yvl0juq8ngd22u93k24677ygt1}{openid=>orYumuGUH6GaMy6tKK0M8fOIoVzc}{out_trade_no=>LX-17070916395332801-a}{result_code=>SUCCESS}{return_code=>SUCCESS}{sign=>E8B4E88FA62C5A06342E1371FBD609F9}{time_end=>20170709171417}{total_fee=>290000}{trade_type=>NATIVE}{transaction_id=>4005742001201707099766238702}]
[2017-07-09 17:14:17][info] k:appid=>wxefc029d4373dcac0
[2017-07-09 17:14:17][info] k:bank_type=>CMB_DEBIT
[2017-07-09 17:14:17][info] k:cash_fee=>290000
[2017-07-09 17:14:17][info] k:fee_type=>CNY
[2017-07-09 17:14:17][info] k:is_subscribe=>N
[2017-07-09 17:14:17][info] k:mch_id=>1244967502
[2017-07-09 17:14:17][info] k:nonce_str=>rkh4e6yvl0juq8ngd22u93k24677ygt1
[2017-07-09 17:14:17][info] k:openid=>orYumuGUH6GaMy6tKK0M8fOIoVzc
[2017-07-09 17:14:17][info] k:out_trade_no=>LX-17070916395332801-a
[2017-07-09 17:14:17][info] k:result_code=>SUCCESS
[2017-07-09 17:14:17][info] k:return_code=>SUCCESS
[2017-07-09 17:14:17][info] k:sign=>E8B4E88FA62C5A06342E1371FBD609F9
[2017-07-09 17:14:17][info] k:time_end=>20170709171417
[2017-07-09 17:14:17][info] k:total_fee=>290000
[2017-07-09 17:14:17][info] k:trade_type=>NATIVE
[2017-07-09 17:14:17][info] k:transaction_id=>4005742001201707099766238702
[2017-07-09 17:14:17][info] ----------------------------------------
[2017-07-09 17:14:17][info] XML_DATA222:{"appid":"wxefc029d4373dcac0","bank_type":"CMB_DEBIT","cash_fee":"2900.00","fee_type":"CNY","is_subscribe":"N","mch_id":"1244967502","nonce_str":"rkh4e6yvl0juq8ngd22u93k24677ygt1","openid":"orYumuGUH6GaMy6tKK0M8fOIoVzc","out_trade_no":"LX-17070916395332801-a","result_code":"SUCCESS","return_code":"SUCCESS","sign":"E8B4E88FA62C5A06342E1371FBD609F9","time_end":"20170709171417","total_fee":"2900.00","trade_type":"NATIVE","transaction_id":"4005742001201707099766238702"}
[2017-07-09 17:14:17][warn] 数据存储成功，并成功返回记录编号17915！
[2017-07-09 17:14:29][info] ----------------------------------------
[2017-07-09 17:14:29][info] XML_DATA111:[{appid=>wxefc029d4373dcac0}{bank_type=>CMB_DEBIT}{cash_fee=>290000}{fee_type=>CNY}{is_subscribe=>N}{mch_id=>1244967502}{nonce_str=>rkh4e6yvl0juq8ngd22u93k24677ygt1}{openid=>orYumuGUH6GaMy6tKK0M8fOIoVzc}{out_trade_no=>LX-17070916395332801-a}{result_code=>SUCCESS}{return_code=>SUCCESS}{sign=>E8B4E88FA62C5A06342E1371FBD609F9}{time_end=>20170709171417}{total_fee=>290000}{trade_type=>NATIVE}{transaction_id=>4005742001201707099766238702}]
[2017-07-09 17:14:29][info] k:appid=>wxefc029d4373dcac0
[2017-07-09 17:14:29][info] k:bank_type=>CMB_DEBIT
[2017-07-09 17:14:29][info] k:cash_fee=>290000
[2017-07-09 17:14:29][info] k:fee_type=>CNY
[2017-07-09 17:14:29][info] k:is_subscribe=>N
[2017-07-09 17:14:29][info] k:mch_id=>1244967502
[2017-07-09 17:14:29][info] k:nonce_str=>rkh4e6yvl0juq8ngd22u93k24677ygt1
[2017-07-09 17:14:29][info] k:openid=>orYumuGUH6GaMy6tKK0M8fOIoVzc
[2017-07-09 17:14:29][info] k:out_trade_no=>LX-17070916395332801-a
[2017-07-09 17:14:29][info] k:result_code=>SUCCESS
[2017-07-09 17:14:29][info] k:return_code=>SUCCESS
[2017-07-09 17:14:29][info] k:sign=>E8B4E88FA62C5A06342E1371FBD609F9
[2017-07-09 17:14:29][info] k:time_end=>20170709171417
[2017-07-09 17:14:29][info] k:total_fee=>290000
[2017-07-09 17:14:29][info] k:trade_type=>NATIVE
[2017-07-09 17:14:29][info] k:transaction_id=>4005742001201707099766238702
[2017-07-09 17:14:29][info] ----------------------------------------
[2017-07-09 17:14:29][info] XML_DATA222:{"appid":"wxefc029d4373dcac0","bank_type":"CMB_DEBIT","cash_fee":"2900.00","fee_type":"CNY","is_subscribe":"N","mch_id":"1244967502","nonce_str":"rkh4e6yvl0juq8ngd22u93k24677ygt1","openid":"orYumuGUH6GaMy6tKK0M8fOIoVzc","out_trade_no":"LX-17070916395332801-a","result_code":"SUCCESS","return_code":"SUCCESS","sign":"E8B4E88FA62C5A06342E1371FBD609F9","time_end":"20170709171417","total_fee":"2900.00","trade_type":"NATIVE","transaction_id":"4005742001201707099766238702"}
[2017-07-09 17:14:29][info] 收到重复信息，并处理反馈成功！
[2017-07-09 17:14:29][info] success
[2017-07-09 17:14:29][info] 写入结束!!!
[2017-07-09 22:27:21][info] ----------------------------------------
[2017-07-09 22:27:21][info] XML_DATA111:[{appid=>wxefc029d4373dcac0}{bank_type=>PAB_CREDIT}{cash_fee=>899000}{fee_type=>CNY}{is_subscribe=>N}{mch_id=>1244967502}{nonce_str=>roodl7030spzvvpjfrn0e78f7npgob3y}{openid=>orYumuMXytZv0XivvcaYW7vVBJLI}{out_trade_no=>LX-17063011084545901-7}{result_code=>SUCCESS}{return_code=>SUCCESS}{sign=>E7FD28DB6E2D2E09B0F9D4F0749DF6FF}{time_end=>20170709222721}{total_fee=>899000}{trade_type=>NATIVE}{transaction_id=>4000792001201707099825799177}]
[2017-07-09 22:27:21][info] k:appid=>wxefc029d4373dcac0
[2017-07-09 22:27:21][info] k:bank_type=>PAB_CREDIT
[2017-07-09 22:27:21][info] k:cash_fee=>899000
[2017-07-09 22:27:21][info] k:fee_type=>CNY
[2017-07-09 22:27:21][info] k:is_subscribe=>N
[2017-07-09 22:27:21][info] k:mch_id=>1244967502
[2017-07-09 22:27:21][info] k:nonce_str=>roodl7030spzvvpjfrn0e78f7npgob3y
[2017-07-09 22:27:21][info] k:openid=>orYumuMXytZv0XivvcaYW7vVBJLI
[2017-07-09 22:27:21][info] k:out_trade_no=>LX-17063011084545901-7
[2017-07-09 22:27:21][info] k:result_code=>SUCCESS
[2017-07-09 22:27:21][info] k:return_code=>SUCCESS
[2017-07-09 22:27:21][info] k:sign=>E7FD28DB6E2D2E09B0F9D4F0749DF6FF
[2017-07-09 22:27:21][info] k:time_end=>20170709222721
[2017-07-09 22:27:21][info] k:total_fee=>899000
[2017-07-09 22:27:21][info] k:trade_type=>NATIVE
[2017-07-09 22:27:21][info] k:transaction_id=>4000792001201707099825799177
[2017-07-09 22:27:21][info] ----------------------------------------
[2017-07-09 22:27:21][info] XML_DATA222:{"appid":"wxefc029d4373dcac0","bank_type":"PAB_CREDIT","cash_fee":"8990.00","fee_type":"CNY","is_subscribe":"N","mch_id":"1244967502","nonce_str":"roodl7030spzvvpjfrn0e78f7npgob3y","openid":"orYumuMXytZv0XivvcaYW7vVBJLI","out_trade_no":"LX-17063011084545901-7","result_code":"SUCCESS","return_code":"SUCCESS","sign":"E7FD28DB6E2D2E09B0F9D4F0749DF6FF","time_end":"20170709222721","total_fee":"8990.00","trade_type":"NATIVE","transaction_id":"4000792001201707099825799177"}
[2017-07-09 22:27:22][warn] 数据存储成功，并成功返回记录编号17921！
[2017-07-09 22:27:32][info] ----------------------------------------
[2017-07-09 22:27:32][info] XML_DATA111:[{appid=>wxefc029d4373dcac0}{bank_type=>PAB_CREDIT}{cash_fee=>899000}{fee_type=>CNY}{is_subscribe=>N}{mch_id=>1244967502}{nonce_str=>roodl7030spzvvpjfrn0e78f7npgob3y}{openid=>orYumuMXytZv0XivvcaYW7vVBJLI}{out_trade_no=>LX-17063011084545901-7}{result_code=>SUCCESS}{return_code=>SUCCESS}{sign=>E7FD28DB6E2D2E09B0F9D4F0749DF6FF}{time_end=>20170709222721}{total_fee=>899000}{trade_type=>NATIVE}{transaction_id=>4000792001201707099825799177}]
[2017-07-09 22:27:32][info] k:appid=>wxefc029d4373dcac0
[2017-07-09 22:27:32][info] k:bank_type=>PAB_CREDIT
[2017-07-09 22:27:32][info] k:cash_fee=>899000
[2017-07-09 22:27:32][info] k:fee_type=>CNY
[2017-07-09 22:27:32][info] k:is_subscribe=>N
[2017-07-09 22:27:32][info] k:mch_id=>1244967502
[2017-07-09 22:27:32][info] k:nonce_str=>roodl7030spzvvpjfrn0e78f7npgob3y
[2017-07-09 22:27:32][info] k:openid=>orYumuMXytZv0XivvcaYW7vVBJLI
[2017-07-09 22:27:32][info] k:out_trade_no=>LX-17063011084545901-7
[2017-07-09 22:27:32][info] k:result_code=>SUCCESS
[2017-07-09 22:27:32][info] k:return_code=>SUCCESS
[2017-07-09 22:27:32][info] k:sign=>E7FD28DB6E2D2E09B0F9D4F0749DF6FF
[2017-07-09 22:27:32][info] k:time_end=>20170709222721
[2017-07-09 22:27:32][info] k:total_fee=>899000
[2017-07-09 22:27:32][info] k:trade_type=>NATIVE
[2017-07-09 22:27:32][info] k:transaction_id=>4000792001201707099825799177
[2017-07-09 22:27:32][info] ----------------------------------------
[2017-07-09 22:27:32][info] XML_DATA222:{"appid":"wxefc029d4373dcac0","bank_type":"PAB_CREDIT","cash_fee":"8990.00","fee_type":"CNY","is_subscribe":"N","mch_id":"1244967502","nonce_str":"roodl7030spzvvpjfrn0e78f7npgob3y","openid":"orYumuMXytZv0XivvcaYW7vVBJLI","out_trade_no":"LX-17063011084545901-7","result_code":"SUCCESS","return_code":"SUCCESS","sign":"E7FD28DB6E2D2E09B0F9D4F0749DF6FF","time_end":"20170709222721","total_fee":"8990.00","trade_type":"NATIVE","transaction_id":"4000792001201707099825799177"}
[2017-07-09 22:27:32][info] 收到重复信息，并处理反馈成功！
[2017-07-09 22:27:32][info] success
[2017-07-09 22:27:32][info] 写入结束!!!
