[2017-08-29 19:13:48][info] ----------------------------------------
[2017-08-29 19:13:48][info] XML_DATA111:[{appid=>wxefc029d4373dcac0}{bank_type=>CFT}{cash_fee=>3784000}{fee_type=>CNY}{is_subscribe=>Y}{mch_id=>1244967502}{nonce_str=>gfex3rre3d5ufyx33nylanoslak46mpv}{openid=>orYumuEoi9ZpSWlg0Rcr0YkxSwFk}{out_trade_no=>LX-17082916461023406-2}{result_code=>SUCCESS}{return_code=>SUCCESS}{sign=>3287C68301D85C03A54BF653AAC7B8C9}{time_end=>20170829191347}{total_fee=>3784000}{trade_type=>NATIVE}{transaction_id=>4008282001201708298978716476}]
[2017-08-29 19:13:48][info] k:appid=>wxefc029d4373dcac0
[2017-08-29 19:13:48][info] k:bank_type=>CFT
[2017-08-29 19:13:48][info] k:cash_fee=>3784000
[2017-08-29 19:13:48][info] k:fee_type=>CNY
[2017-08-29 19:13:48][info] k:is_subscribe=>Y
[2017-08-29 19:13:48][info] k:mch_id=>1244967502
[2017-08-29 19:13:48][info] k:nonce_str=>gfex3rre3d5ufyx33nylanoslak46mpv
[2017-08-29 19:13:48][info] k:openid=>orYumuEoi9ZpSWlg0Rcr0YkxSwFk
[2017-08-29 19:13:48][info] k:out_trade_no=>LX-17082916461023406-2
[2017-08-29 19:13:48][info] k:result_code=>SUCCESS
[2017-08-29 19:13:48][info] k:return_code=>SUCCESS
[2017-08-29 19:13:48][info] k:sign=>3287C68301D85C03A54BF653AAC7B8C9
[2017-08-29 19:13:48][info] k:time_end=>20170829191347
[2017-08-29 19:13:48][info] k:total_fee=>3784000
[2017-08-29 19:13:48][info] k:trade_type=>NATIVE
[2017-08-29 19:13:48][info] k:transaction_id=>4008282001201708298978716476
[2017-08-29 19:13:48][info] ----------------------------------------
[2017-08-29 19:13:48][info] XML_DATA222:{"appid":"wxefc029d4373dcac0","bank_type":"CFT","cash_fee":"37840.00","fee_type":"CNY","is_subscribe":"Y","mch_id":"1244967502","nonce_str":"gfex3rre3d5ufyx33nylanoslak46mpv","openid":"orYumuEoi9ZpSWlg0Rcr0YkxSwFk","out_trade_no":"LX-17082916461023406-2","result_code":"SUCCESS","return_code":"SUCCESS","sign":"3287C68301D85C03A54BF653AAC7B8C9","time_end":"20170829191347","total_fee":"37840.00","trade_type":"NATIVE","transaction_id":"4008282001201708298978716476"}
[2017-08-29 19:13:48][warn] 数据存储成功，并成功返回记录编号18747！
[2017-08-29 19:14:00][info] ----------------------------------------
[2017-08-29 19:14:00][info] XML_DATA111:[{appid=>wxefc029d4373dcac0}{bank_type=>CFT}{cash_fee=>3784000}{fee_type=>CNY}{is_subscribe=>Y}{mch_id=>1244967502}{nonce_str=>gfex3rre3d5ufyx33nylanoslak46mpv}{openid=>orYumuEoi9ZpSWlg0Rcr0YkxSwFk}{out_trade_no=>LX-17082916461023406-2}{result_code=>SUCCESS}{return_code=>SUCCESS}{sign=>3287C68301D85C03A54BF653AAC7B8C9}{time_end=>20170829191347}{total_fee=>3784000}{trade_type=>NATIVE}{transaction_id=>4008282001201708298978716476}]
[2017-08-29 19:14:00][info] k:appid=>wxefc029d4373dcac0
[2017-08-29 19:14:00][info] k:bank_type=>CFT
[2017-08-29 19:14:00][info] k:cash_fee=>3784000
[2017-08-29 19:14:00][info] k:fee_type=>CNY
[2017-08-29 19:14:00][info] k:is_subscribe=>Y
[2017-08-29 19:14:00][info] k:mch_id=>1244967502
[2017-08-29 19:14:00][info] k:nonce_str=>gfex3rre3d5ufyx33nylanoslak46mpv
[2017-08-29 19:14:00][info] k:openid=>orYumuEoi9ZpSWlg0Rcr0YkxSwFk
[2017-08-29 19:14:00][info] k:out_trade_no=>LX-17082916461023406-2
[2017-08-29 19:14:00][info] k:result_code=>SUCCESS
[2017-08-29 19:14:00][info] k:return_code=>SUCCESS
[2017-08-29 19:14:00][info] k:sign=>3287C68301D85C03A54BF653AAC7B8C9
[2017-08-29 19:14:00][info] k:time_end=>20170829191347
[2017-08-29 19:14:00][info] k:total_fee=>3784000
[2017-08-29 19:14:00][info] k:trade_type=>NATIVE
[2017-08-29 19:14:00][info] k:transaction_id=>4008282001201708298978716476
[2017-08-29 19:14:00][info] ----------------------------------------
[2017-08-29 19:14:00][info] XML_DATA222:{"appid":"wxefc029d4373dcac0","bank_type":"CFT","cash_fee":"37840.00","fee_type":"CNY","is_subscribe":"Y","mch_id":"1244967502","nonce_str":"gfex3rre3d5ufyx33nylanoslak46mpv","openid":"orYumuEoi9ZpSWlg0Rcr0YkxSwFk","out_trade_no":"LX-17082916461023406-2","result_code":"SUCCESS","return_code":"SUCCESS","sign":"3287C68301D85C03A54BF653AAC7B8C9","time_end":"20170829191347","total_fee":"37840.00","trade_type":"NATIVE","transaction_id":"4008282001201708298978716476"}
[2017-08-29 19:14:00][info] 收到重复信息，并处理反馈成功！
[2017-08-29 19:14:00][info] success
[2017-08-29 19:14:00][info] 写入结束!!!
