[2017-06-27 15:27:30][info] ----------------------------------------
[2017-06-27 15:27:30][info] XML_DATA111:[{appid=>wxefc029d4373dcac0}{bank_type=>BOC_CREDIT}{cash_fee=>456000}{fee_type=>CNY}{is_subscribe=>N}{mch_id=>1244967502}{nonce_str=>u1zt74t36ejqitqrb5i0n0mll4b3f46v}{openid=>orYumuC224Vtq4Pm0NOPZyh5nPAE}{out_trade_no=>YD-17062616574262501-d}{result_code=>SUCCESS}{return_code=>SUCCESS}{sign=>FA46CE6822519B8C18CCB74A06EAEE5F}{time_end=>20170627152730}{total_fee=>456000}{trade_type=>NATIVE}{transaction_id=>4006052001201706277665902135}]
[2017-06-27 15:27:30][info] k:appid=>wxefc029d4373dcac0
[2017-06-27 15:27:30][info] k:bank_type=>BOC_CREDIT
[2017-06-27 15:27:30][info] k:cash_fee=>456000
[2017-06-27 15:27:30][info] k:fee_type=>CNY
[2017-06-27 15:27:30][info] k:is_subscribe=>N
[2017-06-27 15:27:30][info] k:mch_id=>1244967502
[2017-06-27 15:27:30][info] k:nonce_str=>u1zt74t36ejqitqrb5i0n0mll4b3f46v
[2017-06-27 15:27:30][info] k:openid=>orYumuC224Vtq4Pm0NOPZyh5nPAE
[2017-06-27 15:27:30][info] k:out_trade_no=>YD-17062616574262501-d
[2017-06-27 15:27:30][info] k:result_code=>SUCCESS
[2017-06-27 15:27:30][info] k:return_code=>SUCCESS
[2017-06-27 15:27:30][info] k:sign=>FA46CE6822519B8C18CCB74A06EAEE5F
[2017-06-27 15:27:30][info] k:time_end=>20170627152730
[2017-06-27 15:27:30][info] k:total_fee=>456000
[2017-06-27 15:27:30][info] k:trade_type=>NATIVE
[2017-06-27 15:27:30][info] k:transaction_id=>4006052001201706277665902135
[2017-06-27 15:27:30][info] ----------------------------------------
[2017-06-27 15:27:30][info] XML_DATA222:{"appid":"wxefc029d4373dcac0","bank_type":"BOC_CREDIT","cash_fee":"4560.00","fee_type":"CNY","is_subscribe":"N","mch_id":"1244967502","nonce_str":"u1zt74t36ejqitqrb5i0n0mll4b3f46v","openid":"orYumuC224Vtq4Pm0NOPZyh5nPAE","out_trade_no":"YD-17062616574262501-d","result_code":"SUCCESS","return_code":"SUCCESS","sign":"FA46CE6822519B8C18CCB74A06EAEE5F","time_end":"20170627152730","total_fee":"4560.00","trade_type":"NATIVE","transaction_id":"4006052001201706277665902135"}
[2017-06-27 15:27:31][warn] 数据存储成功，并成功返回记录编号17730！
[2017-06-27 15:27:46][info] ----------------------------------------
[2017-06-27 15:27:46][info] XML_DATA111:[{appid=>wxefc029d4373dcac0}{bank_type=>BOC_CREDIT}{cash_fee=>456000}{fee_type=>CNY}{is_subscribe=>N}{mch_id=>1244967502}{nonce_str=>u1zt74t36ejqitqrb5i0n0mll4b3f46v}{openid=>orYumuC224Vtq4Pm0NOPZyh5nPAE}{out_trade_no=>YD-17062616574262501-d}{result_code=>SUCCESS}{return_code=>SUCCESS}{sign=>FA46CE6822519B8C18CCB74A06EAEE5F}{time_end=>20170627152730}{total_fee=>456000}{trade_type=>NATIVE}{transaction_id=>4006052001201706277665902135}]
[2017-06-27 15:27:46][info] k:appid=>wxefc029d4373dcac0
[2017-06-27 15:27:46][info] k:bank_type=>BOC_CREDIT
[2017-06-27 15:27:46][info] k:cash_fee=>456000
[2017-06-27 15:27:46][info] k:fee_type=>CNY
[2017-06-27 15:27:46][info] k:is_subscribe=>N
[2017-06-27 15:27:46][info] k:mch_id=>1244967502
[2017-06-27 15:27:46][info] k:nonce_str=>u1zt74t36ejqitqrb5i0n0mll4b3f46v
[2017-06-27 15:27:46][info] k:openid=>orYumuC224Vtq4Pm0NOPZyh5nPAE
[2017-06-27 15:27:46][info] k:out_trade_no=>YD-17062616574262501-d
[2017-06-27 15:27:46][info] k:result_code=>SUCCESS
[2017-06-27 15:27:46][info] k:return_code=>SUCCESS
[2017-06-27 15:27:46][info] k:sign=>FA46CE6822519B8C18CCB74A06EAEE5F
[2017-06-27 15:27:46][info] k:time_end=>20170627152730
[2017-06-27 15:27:46][info] k:total_fee=>456000
[2017-06-27 15:27:46][info] k:trade_type=>NATIVE
[2017-06-27 15:27:46][info] k:transaction_id=>4006052001201706277665902135
[2017-06-27 15:27:46][info] ----------------------------------------
[2017-06-27 15:27:46][info] XML_DATA222:{"appid":"wxefc029d4373dcac0","bank_type":"BOC_CREDIT","cash_fee":"4560.00","fee_type":"CNY","is_subscribe":"N","mch_id":"1244967502","nonce_str":"u1zt74t36ejqitqrb5i0n0mll4b3f46v","openid":"orYumuC224Vtq4Pm0NOPZyh5nPAE","out_trade_no":"YD-17062616574262501-d","result_code":"SUCCESS","return_code":"SUCCESS","sign":"FA46CE6822519B8C18CCB74A06EAEE5F","time_end":"20170627152730","total_fee":"4560.00","trade_type":"NATIVE","transaction_id":"4006052001201706277665902135"}
[2017-06-27 15:27:46][info] 收到重复信息，并处理反馈成功！
[2017-06-27 15:27:46][info] success
[2017-06-27 15:27:46][info] 写入结束!!!
[2017-06-27 22:18:28][info] ----------------------------------------
[2017-06-27 22:18:28][info] XML_DATA111:[{appid=>wxefc029d4373dcac0}{bank_type=>CFT}{cash_fee=>513000}{fee_type=>CNY}{is_subscribe=>N}{mch_id=>1244967502}{nonce_str=>ezqxg58cbpi5nygk8kqm6v2raqcndfwp}{openid=>orYumuBeZBsSodiN4eX4uoXPR8Fw}{out_trade_no=>LX-1706272043434101-f}{result_code=>SUCCESS}{return_code=>SUCCESS}{sign=>0D1C7BBD21F12DFFFD2C5DA5BF528F85}{time_end=>20170627221828}{total_fee=>513000}{trade_type=>NATIVE}{transaction_id=>4010052001201706277727755068}]
[2017-06-27 22:18:28][info] k:appid=>wxefc029d4373dcac0
[2017-06-27 22:18:28][info] k:bank_type=>CFT
[2017-06-27 22:18:28][info] k:cash_fee=>513000
[2017-06-27 22:18:28][info] k:fee_type=>CNY
[2017-06-27 22:18:28][info] k:is_subscribe=>N
[2017-06-27 22:18:28][info] k:mch_id=>1244967502
[2017-06-27 22:18:28][info] k:nonce_str=>ezqxg58cbpi5nygk8kqm6v2raqcndfwp
[2017-06-27 22:18:28][info] k:openid=>orYumuBeZBsSodiN4eX4uoXPR8Fw
[2017-06-27 22:18:28][info] k:out_trade_no=>LX-1706272043434101-f
[2017-06-27 22:18:28][info] k:result_code=>SUCCESS
[2017-06-27 22:18:28][info] k:return_code=>SUCCESS
[2017-06-27 22:18:28][info] k:sign=>0D1C7BBD21F12DFFFD2C5DA5BF528F85
[2017-06-27 22:18:28][info] k:time_end=>20170627221828
[2017-06-27 22:18:28][info] k:total_fee=>513000
[2017-06-27 22:18:28][info] k:trade_type=>NATIVE
[2017-06-27 22:18:28][info] k:transaction_id=>4010052001201706277727755068
[2017-06-27 22:18:28][info] ----------------------------------------
[2017-06-27 22:18:28][info] XML_DATA222:{"appid":"wxefc029d4373dcac0","bank_type":"CFT","cash_fee":"5130.00","fee_type":"CNY","is_subscribe":"N","mch_id":"1244967502","nonce_str":"ezqxg58cbpi5nygk8kqm6v2raqcndfwp","openid":"orYumuBeZBsSodiN4eX4uoXPR8Fw","out_trade_no":"LX-1706272043434101-f","result_code":"SUCCESS","return_code":"SUCCESS","sign":"0D1C7BBD21F12DFFFD2C5DA5BF528F85","time_end":"20170627221828","total_fee":"5130.00","trade_type":"NATIVE","transaction_id":"4010052001201706277727755068"}
[2017-06-27 22:18:28][warn] 数据存储成功，并成功返回记录编号17735！
[2017-06-27 22:18:39][info] ----------------------------------------
[2017-06-27 22:18:39][info] XML_DATA111:[{appid=>wxefc029d4373dcac0}{bank_type=>CFT}{cash_fee=>513000}{fee_type=>CNY}{is_subscribe=>N}{mch_id=>1244967502}{nonce_str=>ezqxg58cbpi5nygk8kqm6v2raqcndfwp}{openid=>orYumuBeZBsSodiN4eX4uoXPR8Fw}{out_trade_no=>LX-1706272043434101-f}{result_code=>SUCCESS}{return_code=>SUCCESS}{sign=>0D1C7BBD21F12DFFFD2C5DA5BF528F85}{time_end=>20170627221828}{total_fee=>513000}{trade_type=>NATIVE}{transaction_id=>4010052001201706277727755068}]
[2017-06-27 22:18:39][info] k:appid=>wxefc029d4373dcac0
[2017-06-27 22:18:39][info] k:bank_type=>CFT
[2017-06-27 22:18:39][info] k:cash_fee=>513000
[2017-06-27 22:18:39][info] k:fee_type=>CNY
[2017-06-27 22:18:39][info] k:is_subscribe=>N
[2017-06-27 22:18:39][info] k:mch_id=>1244967502
[2017-06-27 22:18:39][info] k:nonce_str=>ezqxg58cbpi5nygk8kqm6v2raqcndfwp
[2017-06-27 22:18:39][info] k:openid=>orYumuBeZBsSodiN4eX4uoXPR8Fw
[2017-06-27 22:18:39][info] k:out_trade_no=>LX-1706272043434101-f
[2017-06-27 22:18:39][info] k:result_code=>SUCCESS
[2017-06-27 22:18:39][info] k:return_code=>SUCCESS
[2017-06-27 22:18:39][info] k:sign=>0D1C7BBD21F12DFFFD2C5DA5BF528F85
[2017-06-27 22:18:39][info] k:time_end=>20170627221828
[2017-06-27 22:18:39][info] k:total_fee=>513000
[2017-06-27 22:18:39][info] k:trade_type=>NATIVE
[2017-06-27 22:18:39][info] k:transaction_id=>4010052001201706277727755068
[2017-06-27 22:18:39][info] ----------------------------------------
[2017-06-27 22:18:39][info] XML_DATA222:{"appid":"wxefc029d4373dcac0","bank_type":"CFT","cash_fee":"5130.00","fee_type":"CNY","is_subscribe":"N","mch_id":"1244967502","nonce_str":"ezqxg58cbpi5nygk8kqm6v2raqcndfwp","openid":"orYumuBeZBsSodiN4eX4uoXPR8Fw","out_trade_no":"LX-1706272043434101-f","result_code":"SUCCESS","return_code":"SUCCESS","sign":"0D1C7BBD21F12DFFFD2C5DA5BF528F85","time_end":"20170627221828","total_fee":"5130.00","trade_type":"NATIVE","transaction_id":"4010052001201706277727755068"}
[2017-06-27 22:18:39][info] 收到重复信息，并处理反馈成功！
[2017-06-27 22:18:39][info] success
[2017-06-27 22:18:39][info] 写入结束!!!
