[2017-06-09 17:49:45][info] ----------------------------------------
[2017-06-09 17:49:45][info] XML_DATA111:[{appid=>wxefc029d4373dcac0}{bank_type=>CFT}{cash_fee=>796000}{fee_type=>CNY}{is_subscribe=>Y}{mch_id=>1244967502}{nonce_str=>ogznhgmo99ytbv746sxewvfa8svgzpry}{openid=>orYumuOHIONIgJrqcaa9iz5lbVGc}{out_trade_no=>LX-17060913532390401-f}{result_code=>SUCCESS}{return_code=>SUCCESS}{sign=>73BB7D0DC6A349F3E3D21B0393736517}{time_end=>20170609174944}{total_fee=>796000}{trade_type=>NATIVE}{transaction_id=>4005742001201706094993213717}]
[2017-06-09 17:49:45][info] k:appid=>wxefc029d4373dcac0
[2017-06-09 17:49:45][info] k:bank_type=>CFT
[2017-06-09 17:49:45][info] k:cash_fee=>796000
[2017-06-09 17:49:45][info] k:fee_type=>CNY
[2017-06-09 17:49:45][info] k:is_subscribe=>Y
[2017-06-09 17:49:45][info] k:mch_id=>1244967502
[2017-06-09 17:49:45][info] k:nonce_str=>ogznhgmo99ytbv746sxewvfa8svgzpry
[2017-06-09 17:49:45][info] k:openid=>orYumuOHIONIgJrqcaa9iz5lbVGc
[2017-06-09 17:49:45][info] k:out_trade_no=>LX-17060913532390401-f
[2017-06-09 17:49:45][info] k:result_code=>SUCCESS
[2017-06-09 17:49:45][info] k:return_code=>SUCCESS
[2017-06-09 17:49:45][info] k:sign=>73BB7D0DC6A349F3E3D21B0393736517
[2017-06-09 17:49:45][info] k:time_end=>20170609174944
[2017-06-09 17:49:45][info] k:total_fee=>796000
[2017-06-09 17:49:45][info] k:trade_type=>NATIVE
[2017-06-09 17:49:45][info] k:transaction_id=>4005742001201706094993213717
[2017-06-09 17:49:45][info] ----------------------------------------
[2017-06-09 17:49:45][info] XML_DATA222:{"appid":"wxefc029d4373dcac0","bank_type":"CFT","cash_fee":"7960.00","fee_type":"CNY","is_subscribe":"Y","mch_id":"1244967502","nonce_str":"ogznhgmo99ytbv746sxewvfa8svgzpry","openid":"orYumuOHIONIgJrqcaa9iz5lbVGc","out_trade_no":"LX-17060913532390401-f","result_code":"SUCCESS","return_code":"SUCCESS","sign":"73BB7D0DC6A349F3E3D21B0393736517","time_end":"20170609174944","total_fee":"7960.00","trade_type":"NATIVE","transaction_id":"4005742001201706094993213717"}
[2017-06-09 17:49:45][warn] 数据存储成功，并成功返回记录编号17606！
[2017-06-09 17:49:59][info] ----------------------------------------
[2017-06-09 17:49:59][info] XML_DATA111:[{appid=>wxefc029d4373dcac0}{bank_type=>CFT}{cash_fee=>796000}{fee_type=>CNY}{is_subscribe=>Y}{mch_id=>1244967502}{nonce_str=>ogznhgmo99ytbv746sxewvfa8svgzpry}{openid=>orYumuOHIONIgJrqcaa9iz5lbVGc}{out_trade_no=>LX-17060913532390401-f}{result_code=>SUCCESS}{return_code=>SUCCESS}{sign=>73BB7D0DC6A349F3E3D21B0393736517}{time_end=>20170609174944}{total_fee=>796000}{trade_type=>NATIVE}{transaction_id=>4005742001201706094993213717}]
[2017-06-09 17:49:59][info] k:appid=>wxefc029d4373dcac0
[2017-06-09 17:49:59][info] k:bank_type=>CFT
[2017-06-09 17:49:59][info] k:cash_fee=>796000
[2017-06-09 17:49:59][info] k:fee_type=>CNY
[2017-06-09 17:49:59][info] k:is_subscribe=>Y
[2017-06-09 17:49:59][info] k:mch_id=>1244967502
[2017-06-09 17:49:59][info] k:nonce_str=>ogznhgmo99ytbv746sxewvfa8svgzpry
[2017-06-09 17:49:59][info] k:openid=>orYumuOHIONIgJrqcaa9iz5lbVGc
[2017-06-09 17:49:59][info] k:out_trade_no=>LX-17060913532390401-f
[2017-06-09 17:49:59][info] k:result_code=>SUCCESS
[2017-06-09 17:49:59][info] k:return_code=>SUCCESS
[2017-06-09 17:49:59][info] k:sign=>73BB7D0DC6A349F3E3D21B0393736517
[2017-06-09 17:49:59][info] k:time_end=>20170609174944
[2017-06-09 17:49:59][info] k:total_fee=>796000
[2017-06-09 17:49:59][info] k:trade_type=>NATIVE
[2017-06-09 17:49:59][info] k:transaction_id=>4005742001201706094993213717
[2017-06-09 17:49:59][info] ----------------------------------------
[2017-06-09 17:49:59][info] XML_DATA222:{"appid":"wxefc029d4373dcac0","bank_type":"CFT","cash_fee":"7960.00","fee_type":"CNY","is_subscribe":"Y","mch_id":"1244967502","nonce_str":"ogznhgmo99ytbv746sxewvfa8svgzpry","openid":"orYumuOHIONIgJrqcaa9iz5lbVGc","out_trade_no":"LX-17060913532390401-f","result_code":"SUCCESS","return_code":"SUCCESS","sign":"73BB7D0DC6A349F3E3D21B0393736517","time_end":"20170609174944","total_fee":"7960.00","trade_type":"NATIVE","transaction_id":"4005742001201706094993213717"}
[2017-06-09 17:49:59][info] 收到重复信息，并处理反馈成功！
[2017-06-09 17:49:59][info] success
[2017-06-09 17:49:59][info] 写入结束!!!
