[2017-09-12 17:37:40][info] ----------------------------------------
[2017-09-12 17:37:40][info] XML_DATA111:[{appid=>wxefc029d4373dcac0}{bank_type=>CFT}{cash_fee=>403050}{fee_type=>CNY}{is_subscribe=>N}{mch_id=>1244967502}{nonce_str=>2v34v3idr6rqhvtgc675d6e073yx5mmq}{openid=>orYumuK66qfGWBKd-LB_OhPfRZ5Q}{out_trade_no=>LX-17090818271434201-1}{result_code=>SUCCESS}{return_code=>SUCCESS}{sign=>ABD4C687042EE024E781E597A9265973}{time_end=>20170912173740}{total_fee=>403050}{trade_type=>NATIVE}{transaction_id=>4003632001201709121704374482}]
[2017-09-12 17:37:40][info] k:appid=>wxefc029d4373dcac0
[2017-09-12 17:37:40][info] k:bank_type=>CFT
[2017-09-12 17:37:40][info] k:cash_fee=>403050
[2017-09-12 17:37:40][info] k:fee_type=>CNY
[2017-09-12 17:37:40][info] k:is_subscribe=>N
[2017-09-12 17:37:40][info] k:mch_id=>1244967502
[2017-09-12 17:37:40][info] k:nonce_str=>2v34v3idr6rqhvtgc675d6e073yx5mmq
[2017-09-12 17:37:40][info] k:openid=>orYumuK66qfGWBKd-LB_OhPfRZ5Q
[2017-09-12 17:37:40][info] k:out_trade_no=>LX-17090818271434201-1
[2017-09-12 17:37:40][info] k:result_code=>SUCCESS
[2017-09-12 17:37:40][info] k:return_code=>SUCCESS
[2017-09-12 17:37:40][info] k:sign=>ABD4C687042EE024E781E597A9265973
[2017-09-12 17:37:40][info] k:time_end=>20170912173740
[2017-09-12 17:37:40][info] k:total_fee=>403050
[2017-09-12 17:37:40][info] k:trade_type=>NATIVE
[2017-09-12 17:37:40][info] k:transaction_id=>4003632001201709121704374482
[2017-09-12 17:37:40][info] ----------------------------------------
[2017-09-12 17:37:40][info] XML_DATA222:{"appid":"wxefc029d4373dcac0","bank_type":"CFT","cash_fee":"4030.50","fee_type":"CNY","is_subscribe":"N","mch_id":"1244967502","nonce_str":"2v34v3idr6rqhvtgc675d6e073yx5mmq","openid":"orYumuK66qfGWBKd-LB_OhPfRZ5Q","out_trade_no":"LX-17090818271434201-1","result_code":"SUCCESS","return_code":"SUCCESS","sign":"ABD4C687042EE024E781E597A9265973","time_end":"20170912173740","total_fee":"4030.50","trade_type":"NATIVE","transaction_id":"4003632001201709121704374482"}
[2017-09-12 17:37:40][warn] 数据存储成功，并成功返回记录编号19026！
[2017-09-12 17:37:49][info] ----------------------------------------
[2017-09-12 17:37:49][info] XML_DATA111:[{appid=>wxefc029d4373dcac0}{bank_type=>CFT}{cash_fee=>403050}{fee_type=>CNY}{is_subscribe=>N}{mch_id=>1244967502}{nonce_str=>2v34v3idr6rqhvtgc675d6e073yx5mmq}{openid=>orYumuK66qfGWBKd-LB_OhPfRZ5Q}{out_trade_no=>LX-17090818271434201-1}{result_code=>SUCCESS}{return_code=>SUCCESS}{sign=>ABD4C687042EE024E781E597A9265973}{time_end=>20170912173740}{total_fee=>403050}{trade_type=>NATIVE}{transaction_id=>4003632001201709121704374482}]
[2017-09-12 17:37:49][info] k:appid=>wxefc029d4373dcac0
[2017-09-12 17:37:49][info] k:bank_type=>CFT
[2017-09-12 17:37:49][info] k:cash_fee=>403050
[2017-09-12 17:37:49][info] k:fee_type=>CNY
[2017-09-12 17:37:49][info] k:is_subscribe=>N
[2017-09-12 17:37:49][info] k:mch_id=>1244967502
[2017-09-12 17:37:49][info] k:nonce_str=>2v34v3idr6rqhvtgc675d6e073yx5mmq
[2017-09-12 17:37:49][info] k:openid=>orYumuK66qfGWBKd-LB_OhPfRZ5Q
[2017-09-12 17:37:49][info] k:out_trade_no=>LX-17090818271434201-1
[2017-09-12 17:37:49][info] k:result_code=>SUCCESS
[2017-09-12 17:37:49][info] k:return_code=>SUCCESS
[2017-09-12 17:37:49][info] k:sign=>ABD4C687042EE024E781E597A9265973
[2017-09-12 17:37:49][info] k:time_end=>20170912173740
[2017-09-12 17:37:49][info] k:total_fee=>403050
[2017-09-12 17:37:49][info] k:trade_type=>NATIVE
[2017-09-12 17:37:49][info] k:transaction_id=>4003632001201709121704374482
[2017-09-12 17:37:49][info] ----------------------------------------
[2017-09-12 17:37:49][info] XML_DATA222:{"appid":"wxefc029d4373dcac0","bank_type":"CFT","cash_fee":"4030.50","fee_type":"CNY","is_subscribe":"N","mch_id":"1244967502","nonce_str":"2v34v3idr6rqhvtgc675d6e073yx5mmq","openid":"orYumuK66qfGWBKd-LB_OhPfRZ5Q","out_trade_no":"LX-17090818271434201-1","result_code":"SUCCESS","return_code":"SUCCESS","sign":"ABD4C687042EE024E781E597A9265973","time_end":"20170912173740","total_fee":"4030.50","trade_type":"NATIVE","transaction_id":"4003632001201709121704374482"}
[2017-09-12 17:37:49][info] 收到重复信息，并处理反馈成功！
[2017-09-12 17:37:49][info] success
[2017-09-12 17:37:49][info] 写入结束!!!
