[2017-07-16 16:47:48][info] ----------------------------------------
[2017-07-16 16:47:48][info] XML_DATA111:[{appid=>wxefc029d4373dcac0}{bank_type=>PSBC_DEBIT}{cash_fee=>538000}{fee_type=>CNY}{is_subscribe=>N}{mch_id=>1244967502}{nonce_str=>o8tiep6kq7jtc0j05opku1f88u8xug7i}{openid=>orYumuE8rAic3LPWq7GwNGGhJMBA}{out_trade_no=>LX-17071616360454101-1}{result_code=>SUCCESS}{return_code=>SUCCESS}{sign=>67D4FEE3744109B8AB8CD87C3AE3D07C}{time_end=>20170716164748}{total_fee=>538000}{trade_type=>NATIVE}{transaction_id=>4009162001201707161084552173}]
[2017-07-16 16:47:48][info] k:appid=>wxefc029d4373dcac0
[2017-07-16 16:47:48][info] k:bank_type=>PSBC_DEBIT
[2017-07-16 16:47:48][info] k:cash_fee=>538000
[2017-07-16 16:47:48][info] k:fee_type=>CNY
[2017-07-16 16:47:48][info] k:is_subscribe=>N
[2017-07-16 16:47:48][info] k:mch_id=>1244967502
[2017-07-16 16:47:48][info] k:nonce_str=>o8tiep6kq7jtc0j05opku1f88u8xug7i
[2017-07-16 16:47:48][info] k:openid=>orYumuE8rAic3LPWq7GwNGGhJMBA
[2017-07-16 16:47:48][info] k:out_trade_no=>LX-17071616360454101-1
[2017-07-16 16:47:48][info] k:result_code=>SUCCESS
[2017-07-16 16:47:48][info] k:return_code=>SUCCESS
[2017-07-16 16:47:48][info] k:sign=>67D4FEE3744109B8AB8CD87C3AE3D07C
[2017-07-16 16:47:48][info] k:time_end=>20170716164748
[2017-07-16 16:47:48][info] k:total_fee=>538000
[2017-07-16 16:47:48][info] k:trade_type=>NATIVE
[2017-07-16 16:47:48][info] k:transaction_id=>4009162001201707161084552173
[2017-07-16 16:47:48][info] ----------------------------------------
[2017-07-16 16:47:48][info] XML_DATA222:{"appid":"wxefc029d4373dcac0","bank_type":"PSBC_DEBIT","cash_fee":"5380.00","fee_type":"CNY","is_subscribe":"N","mch_id":"1244967502","nonce_str":"o8tiep6kq7jtc0j05opku1f88u8xug7i","openid":"orYumuE8rAic3LPWq7GwNGGhJMBA","out_trade_no":"LX-17071616360454101-1","result_code":"SUCCESS","return_code":"SUCCESS","sign":"67D4FEE3744109B8AB8CD87C3AE3D07C","time_end":"20170716164748","total_fee":"5380.00","trade_type":"NATIVE","transaction_id":"4009162001201707161084552173"}
[2017-07-16 16:47:49][warn] 数据存储成功，并成功返回记录编号18070！
[2017-07-16 16:48:01][info] ----------------------------------------
[2017-07-16 16:48:01][info] XML_DATA111:[{appid=>wxefc029d4373dcac0}{bank_type=>PSBC_DEBIT}{cash_fee=>538000}{fee_type=>CNY}{is_subscribe=>N}{mch_id=>1244967502}{nonce_str=>o8tiep6kq7jtc0j05opku1f88u8xug7i}{openid=>orYumuE8rAic3LPWq7GwNGGhJMBA}{out_trade_no=>LX-17071616360454101-1}{result_code=>SUCCESS}{return_code=>SUCCESS}{sign=>67D4FEE3744109B8AB8CD87C3AE3D07C}{time_end=>20170716164748}{total_fee=>538000}{trade_type=>NATIVE}{transaction_id=>4009162001201707161084552173}]
[2017-07-16 16:48:01][info] k:appid=>wxefc029d4373dcac0
[2017-07-16 16:48:01][info] k:bank_type=>PSBC_DEBIT
[2017-07-16 16:48:01][info] k:cash_fee=>538000
[2017-07-16 16:48:01][info] k:fee_type=>CNY
[2017-07-16 16:48:01][info] k:is_subscribe=>N
[2017-07-16 16:48:01][info] k:mch_id=>1244967502
[2017-07-16 16:48:01][info] k:nonce_str=>o8tiep6kq7jtc0j05opku1f88u8xug7i
[2017-07-16 16:48:01][info] k:openid=>orYumuE8rAic3LPWq7GwNGGhJMBA
[2017-07-16 16:48:01][info] k:out_trade_no=>LX-17071616360454101-1
[2017-07-16 16:48:01][info] k:result_code=>SUCCESS
[2017-07-16 16:48:01][info] k:return_code=>SUCCESS
[2017-07-16 16:48:01][info] k:sign=>67D4FEE3744109B8AB8CD87C3AE3D07C
[2017-07-16 16:48:01][info] k:time_end=>20170716164748
[2017-07-16 16:48:01][info] k:total_fee=>538000
[2017-07-16 16:48:01][info] k:trade_type=>NATIVE
[2017-07-16 16:48:01][info] k:transaction_id=>4009162001201707161084552173
[2017-07-16 16:48:01][info] ----------------------------------------
[2017-07-16 16:48:01][info] XML_DATA222:{"appid":"wxefc029d4373dcac0","bank_type":"PSBC_DEBIT","cash_fee":"5380.00","fee_type":"CNY","is_subscribe":"N","mch_id":"1244967502","nonce_str":"o8tiep6kq7jtc0j05opku1f88u8xug7i","openid":"orYumuE8rAic3LPWq7GwNGGhJMBA","out_trade_no":"LX-17071616360454101-1","result_code":"SUCCESS","return_code":"SUCCESS","sign":"67D4FEE3744109B8AB8CD87C3AE3D07C","time_end":"20170716164748","total_fee":"5380.00","trade_type":"NATIVE","transaction_id":"4009162001201707161084552173"}
[2017-07-16 16:48:01][info] 收到重复信息，并处理反馈成功！
[2017-07-16 16:48:01][info] success
[2017-07-16 16:48:01][info] 写入结束!!!
