[2017-08-26 11:07:16][info] ----------------------------------------
[2017-08-26 11:07:16][info] XML_DATA111:[{appid=>wxefc029d4373dcac0}{bank_type=>ICBC_DEBIT}{cash_fee=>347976}{coupon_count=>1}{coupon_fee=>24}{coupon_fee_0=>24}{coupon_id_0=>2000000001751600165}{fee_type=>CNY}{is_subscribe=>N}{mch_id=>1244967502}{nonce_str=>xiybhnrsrrgeckfb5ckmy85zrx6cq1ln}{openid=>orYumuP-gTwCADtpsT8qUpmn3JW0}{out_trade_no=>LX-17081608533758301-5}{result_code=>SUCCESS}{return_code=>SUCCESS}{sign=>575DD24A2A0AA909EA45135F34BCDC5C}{time_end=>20170826110716}{total_fee=>348000}{trade_type=>NATIVE}{transaction_id=>4003422001201708268316999219}]
[2017-08-26 11:07:16][info] k:appid=>wxefc029d4373dcac0
[2017-08-26 11:07:16][info] k:bank_type=>ICBC_DEBIT
[2017-08-26 11:07:16][info] k:cash_fee=>347976
[2017-08-26 11:07:16][info] k:coupon_count=>1
[2017-08-26 11:07:16][info] k:coupon_fee=>24
[2017-08-26 11:07:16][info] k:coupon_fee_0=>24
[2017-08-26 11:07:16][info] k:coupon_id_0=>2000000001751600165
[2017-08-26 11:07:16][info] k:fee_type=>CNY
[2017-08-26 11:07:16][info] k:is_subscribe=>N
[2017-08-26 11:07:16][info] k:mch_id=>1244967502
[2017-08-26 11:07:16][info] k:nonce_str=>xiybhnrsrrgeckfb5ckmy85zrx6cq1ln
[2017-08-26 11:07:16][info] k:openid=>orYumuP-gTwCADtpsT8qUpmn3JW0
[2017-08-26 11:07:16][info] k:out_trade_no=>LX-17081608533758301-5
[2017-08-26 11:07:16][info] k:result_code=>SUCCESS
[2017-08-26 11:07:16][info] k:return_code=>SUCCESS
[2017-08-26 11:07:16][info] k:sign=>575DD24A2A0AA909EA45135F34BCDC5C
[2017-08-26 11:07:16][info] k:time_end=>20170826110716
[2017-08-26 11:07:16][info] k:total_fee=>348000
[2017-08-26 11:07:16][info] k:trade_type=>NATIVE
[2017-08-26 11:07:16][info] k:transaction_id=>4003422001201708268316999219
[2017-08-26 11:07:16][info] ----------------------------------------
[2017-08-26 11:07:16][info] XML_DATA222:{"appid":"wxefc029d4373dcac0","bank_type":"ICBC_DEBIT","cash_fee":"3479.76","coupon_count":"1","coupon_fee":"24","coupon_fee_0":"24","coupon_id_0":"2000000001751600165","fee_type":"CNY","is_subscribe":"N","mch_id":"1244967502","nonce_str":"xiybhnrsrrgeckfb5ckmy85zrx6cq1ln","openid":"orYumuP-gTwCADtpsT8qUpmn3JW0","out_trade_no":"LX-17081608533758301-5","result_code":"SUCCESS","return_code":"SUCCESS","sign":"575DD24A2A0AA909EA45135F34BCDC5C","time_end":"20170826110716","total_fee":"3480.00","trade_type":"NATIVE","transaction_id":"4003422001201708268316999219"}
[2017-08-26 11:07:17][warn] 数据存储成功，并成功返回记录编号18713！
[2017-08-26 11:07:29][info] ----------------------------------------
[2017-08-26 11:07:29][info] XML_DATA111:[{appid=>wxefc029d4373dcac0}{bank_type=>ICBC_DEBIT}{cash_fee=>347976}{coupon_count=>1}{coupon_fee=>24}{coupon_fee_0=>24}{coupon_id_0=>2000000001751600165}{fee_type=>CNY}{is_subscribe=>N}{mch_id=>1244967502}{nonce_str=>xiybhnrsrrgeckfb5ckmy85zrx6cq1ln}{openid=>orYumuP-gTwCADtpsT8qUpmn3JW0}{out_trade_no=>LX-17081608533758301-5}{result_code=>SUCCESS}{return_code=>SUCCESS}{sign=>575DD24A2A0AA909EA45135F34BCDC5C}{time_end=>20170826110716}{total_fee=>348000}{trade_type=>NATIVE}{transaction_id=>4003422001201708268316999219}]
[2017-08-26 11:07:29][info] k:appid=>wxefc029d4373dcac0
[2017-08-26 11:07:29][info] k:bank_type=>ICBC_DEBIT
[2017-08-26 11:07:29][info] k:cash_fee=>347976
[2017-08-26 11:07:29][info] k:coupon_count=>1
[2017-08-26 11:07:29][info] k:coupon_fee=>24
[2017-08-26 11:07:29][info] k:coupon_fee_0=>24
[2017-08-26 11:07:29][info] k:coupon_id_0=>2000000001751600165
[2017-08-26 11:07:29][info] k:fee_type=>CNY
[2017-08-26 11:07:29][info] k:is_subscribe=>N
[2017-08-26 11:07:29][info] k:mch_id=>1244967502
[2017-08-26 11:07:29][info] k:nonce_str=>xiybhnrsrrgeckfb5ckmy85zrx6cq1ln
[2017-08-26 11:07:29][info] k:openid=>orYumuP-gTwCADtpsT8qUpmn3JW0
[2017-08-26 11:07:29][info] k:out_trade_no=>LX-17081608533758301-5
[2017-08-26 11:07:29][info] k:result_code=>SUCCESS
[2017-08-26 11:07:29][info] k:return_code=>SUCCESS
[2017-08-26 11:07:29][info] k:sign=>575DD24A2A0AA909EA45135F34BCDC5C
[2017-08-26 11:07:29][info] k:time_end=>20170826110716
[2017-08-26 11:07:29][info] k:total_fee=>348000
[2017-08-26 11:07:29][info] k:trade_type=>NATIVE
[2017-08-26 11:07:29][info] k:transaction_id=>4003422001201708268316999219
[2017-08-26 11:07:29][info] ----------------------------------------
[2017-08-26 11:07:29][info] XML_DATA222:{"appid":"wxefc029d4373dcac0","bank_type":"ICBC_DEBIT","cash_fee":"3479.76","coupon_count":"1","coupon_fee":"24","coupon_fee_0":"24","coupon_id_0":"2000000001751600165","fee_type":"CNY","is_subscribe":"N","mch_id":"1244967502","nonce_str":"xiybhnrsrrgeckfb5ckmy85zrx6cq1ln","openid":"orYumuP-gTwCADtpsT8qUpmn3JW0","out_trade_no":"LX-17081608533758301-5","result_code":"SUCCESS","return_code":"SUCCESS","sign":"575DD24A2A0AA909EA45135F34BCDC5C","time_end":"20170826110716","total_fee":"3480.00","trade_type":"NATIVE","transaction_id":"4003422001201708268316999219"}
[2017-08-26 11:07:29][info] 收到重复信息，并处理反馈成功！
[2017-08-26 11:07:29][info] success
[2017-08-26 11:07:29][info] 写入结束!!!
