[2017-07-18 10:56:28][info] ----------------------------------------
[2017-07-18 10:56:28][info] XML_DATA111:[{appid=>wxefc029d4373dcac0}{bank_type=>CFT}{cash_fee=>816000}{fee_type=>CNY}{is_subscribe=>N}{mch_id=>1244967502}{nonce_str=>tbkjgrtxa6f30jvzkgtche3i2wv9b0zp}{openid=>orYumuDPewRDDTixb_by_pApCSLU}{out_trade_no=>LX-17071803264828201-9}{result_code=>SUCCESS}{return_code=>SUCCESS}{sign=>BE9ECCD5D0321A3B391BB09AA9C9CF8A}{time_end=>20170718105626}{total_fee=>816000}{trade_type=>NATIVE}{transaction_id=>4001292001201707181362820096}]
[2017-07-18 10:56:28][info] k:appid=>wxefc029d4373dcac0
[2017-07-18 10:56:28][info] k:bank_type=>CFT
[2017-07-18 10:56:28][info] k:cash_fee=>816000
[2017-07-18 10:56:28][info] k:fee_type=>CNY
[2017-07-18 10:56:28][info] k:is_subscribe=>N
[2017-07-18 10:56:28][info] k:mch_id=>1244967502
[2017-07-18 10:56:28][info] k:nonce_str=>tbkjgrtxa6f30jvzkgtche3i2wv9b0zp
[2017-07-18 10:56:28][info] k:openid=>orYumuDPewRDDTixb_by_pApCSLU
[2017-07-18 10:56:28][info] k:out_trade_no=>LX-17071803264828201-9
[2017-07-18 10:56:28][info] k:result_code=>SUCCESS
[2017-07-18 10:56:28][info] k:return_code=>SUCCESS
[2017-07-18 10:56:28][info] k:sign=>BE9ECCD5D0321A3B391BB09AA9C9CF8A
[2017-07-18 10:56:28][info] k:time_end=>20170718105626
[2017-07-18 10:56:28][info] k:total_fee=>816000
[2017-07-18 10:56:28][info] k:trade_type=>NATIVE
[2017-07-18 10:56:28][info] k:transaction_id=>4001292001201707181362820096
[2017-07-18 10:56:28][info] ----------------------------------------
[2017-07-18 10:56:28][info] XML_DATA222:{"appid":"wxefc029d4373dcac0","bank_type":"CFT","cash_fee":"8160.00","fee_type":"CNY","is_subscribe":"N","mch_id":"1244967502","nonce_str":"tbkjgrtxa6f30jvzkgtche3i2wv9b0zp","openid":"orYumuDPewRDDTixb_by_pApCSLU","out_trade_no":"LX-17071803264828201-9","result_code":"SUCCESS","return_code":"SUCCESS","sign":"BE9ECCD5D0321A3B391BB09AA9C9CF8A","time_end":"20170718105626","total_fee":"8160.00","trade_type":"NATIVE","transaction_id":"4001292001201707181362820096"}
[2017-07-18 10:56:28][warn] 数据存储成功，并成功返回记录编号18104！
[2017-07-18 10:56:40][info] ----------------------------------------
[2017-07-18 10:56:40][info] XML_DATA111:[{appid=>wxefc029d4373dcac0}{bank_type=>CFT}{cash_fee=>816000}{fee_type=>CNY}{is_subscribe=>N}{mch_id=>1244967502}{nonce_str=>tbkjgrtxa6f30jvzkgtche3i2wv9b0zp}{openid=>orYumuDPewRDDTixb_by_pApCSLU}{out_trade_no=>LX-17071803264828201-9}{result_code=>SUCCESS}{return_code=>SUCCESS}{sign=>BE9ECCD5D0321A3B391BB09AA9C9CF8A}{time_end=>20170718105626}{total_fee=>816000}{trade_type=>NATIVE}{transaction_id=>4001292001201707181362820096}]
[2017-07-18 10:56:40][info] k:appid=>wxefc029d4373dcac0
[2017-07-18 10:56:40][info] k:bank_type=>CFT
[2017-07-18 10:56:40][info] k:cash_fee=>816000
[2017-07-18 10:56:40][info] k:fee_type=>CNY
[2017-07-18 10:56:40][info] k:is_subscribe=>N
[2017-07-18 10:56:40][info] k:mch_id=>1244967502
[2017-07-18 10:56:40][info] k:nonce_str=>tbkjgrtxa6f30jvzkgtche3i2wv9b0zp
[2017-07-18 10:56:40][info] k:openid=>orYumuDPewRDDTixb_by_pApCSLU
[2017-07-18 10:56:40][info] k:out_trade_no=>LX-17071803264828201-9
[2017-07-18 10:56:40][info] k:result_code=>SUCCESS
[2017-07-18 10:56:40][info] k:return_code=>SUCCESS
[2017-07-18 10:56:40][info] k:sign=>BE9ECCD5D0321A3B391BB09AA9C9CF8A
[2017-07-18 10:56:40][info] k:time_end=>20170718105626
[2017-07-18 10:56:40][info] k:total_fee=>816000
[2017-07-18 10:56:40][info] k:trade_type=>NATIVE
[2017-07-18 10:56:40][info] k:transaction_id=>4001292001201707181362820096
[2017-07-18 10:56:40][info] ----------------------------------------
[2017-07-18 10:56:40][info] XML_DATA222:{"appid":"wxefc029d4373dcac0","bank_type":"CFT","cash_fee":"8160.00","fee_type":"CNY","is_subscribe":"N","mch_id":"1244967502","nonce_str":"tbkjgrtxa6f30jvzkgtche3i2wv9b0zp","openid":"orYumuDPewRDDTixb_by_pApCSLU","out_trade_no":"LX-17071803264828201-9","result_code":"SUCCESS","return_code":"SUCCESS","sign":"BE9ECCD5D0321A3B391BB09AA9C9CF8A","time_end":"20170718105626","total_fee":"8160.00","trade_type":"NATIVE","transaction_id":"4001292001201707181362820096"}
[2017-07-18 10:56:40][info] 收到重复信息，并处理反馈成功！
[2017-07-18 10:56:40][info] success
[2017-07-18 10:56:40][info] 写入结束!!!
[2017-07-18 15:33:40][info] ----------------------------------------
[2017-07-18 15:33:40][info] XML_DATA111:[{appid=>wxefc029d4373dcac0}{bank_type=>CCB_DEBIT}{cash_fee=>378000}{fee_type=>CNY}{is_subscribe=>N}{mch_id=>1244967502}{nonce_str=>vx1ei3a0n6rl1rznynd3zor1te1mr1i0}{openid=>orYumuP_9YbPmSDWgyx_EN3vM5zs}{out_trade_no=>LX-17071814515113001-5}{result_code=>SUCCESS}{return_code=>SUCCESS}{sign=>6F4120CE63655348490D05641B85F377}{time_end=>20170718153339}{total_fee=>378000}{trade_type=>NATIVE}{transaction_id=>4001452001201707181401947032}]
[2017-07-18 15:33:40][info] k:appid=>wxefc029d4373dcac0
[2017-07-18 15:33:40][info] k:bank_type=>CCB_DEBIT
[2017-07-18 15:33:40][info] k:cash_fee=>378000
[2017-07-18 15:33:40][info] k:fee_type=>CNY
[2017-07-18 15:33:40][info] k:is_subscribe=>N
[2017-07-18 15:33:40][info] k:mch_id=>1244967502
[2017-07-18 15:33:40][info] k:nonce_str=>vx1ei3a0n6rl1rznynd3zor1te1mr1i0
[2017-07-18 15:33:40][info] k:openid=>orYumuP_9YbPmSDWgyx_EN3vM5zs
[2017-07-18 15:33:40][info] k:out_trade_no=>LX-17071814515113001-5
[2017-07-18 15:33:40][info] k:result_code=>SUCCESS
[2017-07-18 15:33:40][info] k:return_code=>SUCCESS
[2017-07-18 15:33:40][info] k:sign=>6F4120CE63655348490D05641B85F377
[2017-07-18 15:33:40][info] k:time_end=>20170718153339
[2017-07-18 15:33:40][info] k:total_fee=>378000
[2017-07-18 15:33:40][info] k:trade_type=>NATIVE
[2017-07-18 15:33:40][info] k:transaction_id=>4001452001201707181401947032
[2017-07-18 15:33:40][info] ----------------------------------------
[2017-07-18 15:33:40][info] XML_DATA222:{"appid":"wxefc029d4373dcac0","bank_type":"CCB_DEBIT","cash_fee":"3780.00","fee_type":"CNY","is_subscribe":"N","mch_id":"1244967502","nonce_str":"vx1ei3a0n6rl1rznynd3zor1te1mr1i0","openid":"orYumuP_9YbPmSDWgyx_EN3vM5zs","out_trade_no":"LX-17071814515113001-5","result_code":"SUCCESS","return_code":"SUCCESS","sign":"6F4120CE63655348490D05641B85F377","time_end":"20170718153339","total_fee":"3780.00","trade_type":"NATIVE","transaction_id":"4001452001201707181401947032"}
[2017-07-18 15:33:41][warn] 数据存储成功，并成功返回记录编号18109！
[2017-07-18 15:33:52][info] ----------------------------------------
[2017-07-18 15:33:52][info] XML_DATA111:[{appid=>wxefc029d4373dcac0}{bank_type=>CCB_DEBIT}{cash_fee=>378000}{fee_type=>CNY}{is_subscribe=>N}{mch_id=>1244967502}{nonce_str=>vx1ei3a0n6rl1rznynd3zor1te1mr1i0}{openid=>orYumuP_9YbPmSDWgyx_EN3vM5zs}{out_trade_no=>LX-17071814515113001-5}{result_code=>SUCCESS}{return_code=>SUCCESS}{sign=>6F4120CE63655348490D05641B85F377}{time_end=>20170718153339}{total_fee=>378000}{trade_type=>NATIVE}{transaction_id=>4001452001201707181401947032}]
[2017-07-18 15:33:52][info] k:appid=>wxefc029d4373dcac0
[2017-07-18 15:33:52][info] k:bank_type=>CCB_DEBIT
[2017-07-18 15:33:52][info] k:cash_fee=>378000
[2017-07-18 15:33:52][info] k:fee_type=>CNY
[2017-07-18 15:33:52][info] k:is_subscribe=>N
[2017-07-18 15:33:52][info] k:mch_id=>1244967502
[2017-07-18 15:33:52][info] k:nonce_str=>vx1ei3a0n6rl1rznynd3zor1te1mr1i0
[2017-07-18 15:33:52][info] k:openid=>orYumuP_9YbPmSDWgyx_EN3vM5zs
[2017-07-18 15:33:52][info] k:out_trade_no=>LX-17071814515113001-5
[2017-07-18 15:33:52][info] k:result_code=>SUCCESS
[2017-07-18 15:33:52][info] k:return_code=>SUCCESS
[2017-07-18 15:33:52][info] k:sign=>6F4120CE63655348490D05641B85F377
[2017-07-18 15:33:52][info] k:time_end=>20170718153339
[2017-07-18 15:33:52][info] k:total_fee=>378000
[2017-07-18 15:33:52][info] k:trade_type=>NATIVE
[2017-07-18 15:33:52][info] k:transaction_id=>4001452001201707181401947032
[2017-07-18 15:33:52][info] ----------------------------------------
[2017-07-18 15:33:52][info] XML_DATA222:{"appid":"wxefc029d4373dcac0","bank_type":"CCB_DEBIT","cash_fee":"3780.00","fee_type":"CNY","is_subscribe":"N","mch_id":"1244967502","nonce_str":"vx1ei3a0n6rl1rznynd3zor1te1mr1i0","openid":"orYumuP_9YbPmSDWgyx_EN3vM5zs","out_trade_no":"LX-17071814515113001-5","result_code":"SUCCESS","return_code":"SUCCESS","sign":"6F4120CE63655348490D05641B85F377","time_end":"20170718153339","total_fee":"3780.00","trade_type":"NATIVE","transaction_id":"4001452001201707181401947032"}
[2017-07-18 15:33:52][info] 收到重复信息，并处理反馈成功！
[2017-07-18 15:33:52][info] success
[2017-07-18 15:33:52][info] 写入结束!!!
[2017-07-18 18:44:37][info] ----------------------------------------
[2017-07-18 18:44:37][info] XML_DATA111:[{appid=>wxefc029d4373dcac0}{bank_type=>CCB_DEBIT}{cash_fee=>493000}{fee_type=>CNY}{is_subscribe=>Y}{mch_id=>1244967502}{nonce_str=>yq8lr9apq5hnvhjoixj60iwk95n1m8d1}{openid=>orYumuNdYxu9j4OfPdsRF2jcq-qM}{out_trade_no=>LX-17071113160590801-b}{result_code=>SUCCESS}{return_code=>SUCCESS}{sign=>30E82211D8CEA61942857E2B395A905C}{time_end=>20170718184436}{total_fee=>493000}{trade_type=>NATIVE}{transaction_id=>4008732001201707181434966997}]
[2017-07-18 18:44:37][info] k:appid=>wxefc029d4373dcac0
[2017-07-18 18:44:37][info] k:bank_type=>CCB_DEBIT
[2017-07-18 18:44:37][info] k:cash_fee=>493000
[2017-07-18 18:44:37][info] k:fee_type=>CNY
[2017-07-18 18:44:37][info] k:is_subscribe=>Y
[2017-07-18 18:44:37][info] k:mch_id=>1244967502
[2017-07-18 18:44:37][info] k:nonce_str=>yq8lr9apq5hnvhjoixj60iwk95n1m8d1
[2017-07-18 18:44:37][info] k:openid=>orYumuNdYxu9j4OfPdsRF2jcq-qM
[2017-07-18 18:44:37][info] k:out_trade_no=>LX-17071113160590801-b
[2017-07-18 18:44:37][info] k:result_code=>SUCCESS
[2017-07-18 18:44:37][info] k:return_code=>SUCCESS
[2017-07-18 18:44:37][info] k:sign=>30E82211D8CEA61942857E2B395A905C
[2017-07-18 18:44:37][info] k:time_end=>20170718184436
[2017-07-18 18:44:37][info] k:total_fee=>493000
[2017-07-18 18:44:37][info] k:trade_type=>NATIVE
[2017-07-18 18:44:37][info] k:transaction_id=>4008732001201707181434966997
[2017-07-18 18:44:37][info] ----------------------------------------
[2017-07-18 18:44:37][info] XML_DATA222:{"appid":"wxefc029d4373dcac0","bank_type":"CCB_DEBIT","cash_fee":"4930.00","fee_type":"CNY","is_subscribe":"Y","mch_id":"1244967502","nonce_str":"yq8lr9apq5hnvhjoixj60iwk95n1m8d1","openid":"orYumuNdYxu9j4OfPdsRF2jcq-qM","out_trade_no":"LX-17071113160590801-b","result_code":"SUCCESS","return_code":"SUCCESS","sign":"30E82211D8CEA61942857E2B395A905C","time_end":"20170718184436","total_fee":"4930.00","trade_type":"NATIVE","transaction_id":"4008732001201707181434966997"}
[2017-07-18 18:44:37][warn] 数据存储成功，并成功返回记录编号18113！
[2017-07-18 18:44:52][info] ----------------------------------------
[2017-07-18 18:44:52][info] XML_DATA111:[{appid=>wxefc029d4373dcac0}{bank_type=>CCB_DEBIT}{cash_fee=>493000}{fee_type=>CNY}{is_subscribe=>Y}{mch_id=>1244967502}{nonce_str=>yq8lr9apq5hnvhjoixj60iwk95n1m8d1}{openid=>orYumuNdYxu9j4OfPdsRF2jcq-qM}{out_trade_no=>LX-17071113160590801-b}{result_code=>SUCCESS}{return_code=>SUCCESS}{sign=>30E82211D8CEA61942857E2B395A905C}{time_end=>20170718184436}{total_fee=>493000}{trade_type=>NATIVE}{transaction_id=>4008732001201707181434966997}]
[2017-07-18 18:44:52][info] k:appid=>wxefc029d4373dcac0
[2017-07-18 18:44:52][info] k:bank_type=>CCB_DEBIT
[2017-07-18 18:44:52][info] k:cash_fee=>493000
[2017-07-18 18:44:52][info] k:fee_type=>CNY
[2017-07-18 18:44:52][info] k:is_subscribe=>Y
[2017-07-18 18:44:52][info] k:mch_id=>1244967502
[2017-07-18 18:44:52][info] k:nonce_str=>yq8lr9apq5hnvhjoixj60iwk95n1m8d1
[2017-07-18 18:44:52][info] k:openid=>orYumuNdYxu9j4OfPdsRF2jcq-qM
[2017-07-18 18:44:52][info] k:out_trade_no=>LX-17071113160590801-b
[2017-07-18 18:44:52][info] k:result_code=>SUCCESS
[2017-07-18 18:44:52][info] k:return_code=>SUCCESS
[2017-07-18 18:44:52][info] k:sign=>30E82211D8CEA61942857E2B395A905C
[2017-07-18 18:44:52][info] k:time_end=>20170718184436
[2017-07-18 18:44:52][info] k:total_fee=>493000
[2017-07-18 18:44:52][info] k:trade_type=>NATIVE
[2017-07-18 18:44:52][info] k:transaction_id=>4008732001201707181434966997
[2017-07-18 18:44:52][info] ----------------------------------------
[2017-07-18 18:44:52][info] XML_DATA222:{"appid":"wxefc029d4373dcac0","bank_type":"CCB_DEBIT","cash_fee":"4930.00","fee_type":"CNY","is_subscribe":"Y","mch_id":"1244967502","nonce_str":"yq8lr9apq5hnvhjoixj60iwk95n1m8d1","openid":"orYumuNdYxu9j4OfPdsRF2jcq-qM","out_trade_no":"LX-17071113160590801-b","result_code":"SUCCESS","return_code":"SUCCESS","sign":"30E82211D8CEA61942857E2B395A905C","time_end":"20170718184436","total_fee":"4930.00","trade_type":"NATIVE","transaction_id":"4008732001201707181434966997"}
[2017-07-18 18:44:53][info] 收到重复信息，并处理反馈成功！
[2017-07-18 18:44:53][info] success
[2017-07-18 18:44:53][info] 写入结束!!!
