[2017-06-08 07:33:30][info] ----------------------------------------
[2017-06-08 07:33:30][info] XML_DATA111:[{appid=>wxefc029d4373dcac0}{bank_type=>CCB_DEBIT}{cash_fee=>412000}{fee_type=>CNY}{is_subscribe=>N}{mch_id=>1244967502}{nonce_str=>f9i06ic906nhnfmhvhwbg66etfqv6knd}{openid=>orYumuGny9dm7ntgVICUwjYIVVts}{out_trade_no=>LX-17060316423293506-b}{result_code=>SUCCESS}{return_code=>SUCCESS}{sign=>177112456950124FC34A1F29234EBF35}{time_end=>20170608073329}{total_fee=>412000}{trade_type=>NATIVE}{transaction_id=>4009742001201706084776645635}]
[2017-06-08 07:33:30][info] k:appid=>wxefc029d4373dcac0
[2017-06-08 07:33:30][info] k:bank_type=>CCB_DEBIT
[2017-06-08 07:33:30][info] k:cash_fee=>412000
[2017-06-08 07:33:30][info] k:fee_type=>CNY
[2017-06-08 07:33:30][info] k:is_subscribe=>N
[2017-06-08 07:33:30][info] k:mch_id=>1244967502
[2017-06-08 07:33:30][info] k:nonce_str=>f9i06ic906nhnfmhvhwbg66etfqv6knd
[2017-06-08 07:33:30][info] k:openid=>orYumuGny9dm7ntgVICUwjYIVVts
[2017-06-08 07:33:30][info] k:out_trade_no=>LX-17060316423293506-b
[2017-06-08 07:33:30][info] k:result_code=>SUCCESS
[2017-06-08 07:33:30][info] k:return_code=>SUCCESS
[2017-06-08 07:33:30][info] k:sign=>177112456950124FC34A1F29234EBF35
[2017-06-08 07:33:30][info] k:time_end=>20170608073329
[2017-06-08 07:33:30][info] k:total_fee=>412000
[2017-06-08 07:33:30][info] k:trade_type=>NATIVE
[2017-06-08 07:33:30][info] k:transaction_id=>4009742001201706084776645635
[2017-06-08 07:33:30][info] ----------------------------------------
[2017-06-08 07:33:30][info] XML_DATA222:{"appid":"wxefc029d4373dcac0","bank_type":"CCB_DEBIT","cash_fee":"4120.00","fee_type":"CNY","is_subscribe":"N","mch_id":"1244967502","nonce_str":"f9i06ic906nhnfmhvhwbg66etfqv6knd","openid":"orYumuGny9dm7ntgVICUwjYIVVts","out_trade_no":"LX-17060316423293506-b","result_code":"SUCCESS","return_code":"SUCCESS","sign":"177112456950124FC34A1F29234EBF35","time_end":"20170608073329","total_fee":"4120.00","trade_type":"NATIVE","transaction_id":"4009742001201706084776645635"}
[2017-06-08 07:33:31][warn] 数据存储成功，并成功返回记录编号17595！
[2017-06-08 07:33:42][info] ----------------------------------------
[2017-06-08 07:33:42][info] XML_DATA111:[{appid=>wxefc029d4373dcac0}{bank_type=>CCB_DEBIT}{cash_fee=>412000}{fee_type=>CNY}{is_subscribe=>N}{mch_id=>1244967502}{nonce_str=>f9i06ic906nhnfmhvhwbg66etfqv6knd}{openid=>orYumuGny9dm7ntgVICUwjYIVVts}{out_trade_no=>LX-17060316423293506-b}{result_code=>SUCCESS}{return_code=>SUCCESS}{sign=>177112456950124FC34A1F29234EBF35}{time_end=>20170608073329}{total_fee=>412000}{trade_type=>NATIVE}{transaction_id=>4009742001201706084776645635}]
[2017-06-08 07:33:42][info] k:appid=>wxefc029d4373dcac0
[2017-06-08 07:33:42][info] k:bank_type=>CCB_DEBIT
[2017-06-08 07:33:42][info] k:cash_fee=>412000
[2017-06-08 07:33:42][info] k:fee_type=>CNY
[2017-06-08 07:33:42][info] k:is_subscribe=>N
[2017-06-08 07:33:42][info] k:mch_id=>1244967502
[2017-06-08 07:33:42][info] k:nonce_str=>f9i06ic906nhnfmhvhwbg66etfqv6knd
[2017-06-08 07:33:42][info] k:openid=>orYumuGny9dm7ntgVICUwjYIVVts
[2017-06-08 07:33:42][info] k:out_trade_no=>LX-17060316423293506-b
[2017-06-08 07:33:42][info] k:result_code=>SUCCESS
[2017-06-08 07:33:42][info] k:return_code=>SUCCESS
[2017-06-08 07:33:42][info] k:sign=>177112456950124FC34A1F29234EBF35
[2017-06-08 07:33:42][info] k:time_end=>20170608073329
[2017-06-08 07:33:42][info] k:total_fee=>412000
[2017-06-08 07:33:42][info] k:trade_type=>NATIVE
[2017-06-08 07:33:42][info] k:transaction_id=>4009742001201706084776645635
[2017-06-08 07:33:42][info] ----------------------------------------
[2017-06-08 07:33:42][info] XML_DATA222:{"appid":"wxefc029d4373dcac0","bank_type":"CCB_DEBIT","cash_fee":"4120.00","fee_type":"CNY","is_subscribe":"N","mch_id":"1244967502","nonce_str":"f9i06ic906nhnfmhvhwbg66etfqv6knd","openid":"orYumuGny9dm7ntgVICUwjYIVVts","out_trade_no":"LX-17060316423293506-b","result_code":"SUCCESS","return_code":"SUCCESS","sign":"177112456950124FC34A1F29234EBF35","time_end":"20170608073329","total_fee":"4120.00","trade_type":"NATIVE","transaction_id":"4009742001201706084776645635"}
[2017-06-08 07:33:42][info] 收到重复信息，并处理反馈成功！
[2017-06-08 07:33:42][info] success
[2017-06-08 07:33:42][info] 写入结束!!!
[2017-06-08 16:20:35][info] ----------------------------------------
[2017-06-08 16:20:35][info] XML_DATA111:[{appid=>wxefc029d4373dcac0}{bank_type=>ICBC_DEBIT}{cash_fee=>288000}{fee_type=>CNY}{is_subscribe=>N}{mch_id=>1244967502}{nonce_str=>zlbha3plrc2w0wsdgl0eq69ne29wyglg}{openid=>orYumuCEBCuvy9xdJSKYuvLxNj0U}{out_trade_no=>LX-17050919145397006-8}{result_code=>SUCCESS}{return_code=>SUCCESS}{sign=>7861B69979E9065E2801235E1EED4CC0}{time_end=>20170608162035}{total_fee=>288000}{trade_type=>NATIVE}{transaction_id=>4005172001201706084835621651}]
[2017-06-08 16:20:35][info] k:appid=>wxefc029d4373dcac0
[2017-06-08 16:20:35][info] k:bank_type=>ICBC_DEBIT
[2017-06-08 16:20:35][info] k:cash_fee=>288000
[2017-06-08 16:20:35][info] k:fee_type=>CNY
[2017-06-08 16:20:35][info] k:is_subscribe=>N
[2017-06-08 16:20:35][info] k:mch_id=>1244967502
[2017-06-08 16:20:35][info] k:nonce_str=>zlbha3plrc2w0wsdgl0eq69ne29wyglg
[2017-06-08 16:20:35][info] k:openid=>orYumuCEBCuvy9xdJSKYuvLxNj0U
[2017-06-08 16:20:35][info] k:out_trade_no=>LX-17050919145397006-8
[2017-06-08 16:20:35][info] k:result_code=>SUCCESS
[2017-06-08 16:20:35][info] k:return_code=>SUCCESS
[2017-06-08 16:20:35][info] k:sign=>7861B69979E9065E2801235E1EED4CC0
[2017-06-08 16:20:35][info] k:time_end=>20170608162035
[2017-06-08 16:20:35][info] k:total_fee=>288000
[2017-06-08 16:20:35][info] k:trade_type=>NATIVE
[2017-06-08 16:20:35][info] k:transaction_id=>4005172001201706084835621651
[2017-06-08 16:20:35][info] ----------------------------------------
[2017-06-08 16:20:35][info] XML_DATA222:{"appid":"wxefc029d4373dcac0","bank_type":"ICBC_DEBIT","cash_fee":"2880.00","fee_type":"CNY","is_subscribe":"N","mch_id":"1244967502","nonce_str":"zlbha3plrc2w0wsdgl0eq69ne29wyglg","openid":"orYumuCEBCuvy9xdJSKYuvLxNj0U","out_trade_no":"LX-17050919145397006-8","result_code":"SUCCESS","return_code":"SUCCESS","sign":"7861B69979E9065E2801235E1EED4CC0","time_end":"20170608162035","total_fee":"2880.00","trade_type":"NATIVE","transaction_id":"4005172001201706084835621651"}
[2017-06-08 16:20:36][warn] 数据存储成功，并成功返回记录编号17600！
[2017-06-08 16:20:48][info] ----------------------------------------
[2017-06-08 16:20:48][info] XML_DATA111:[{appid=>wxefc029d4373dcac0}{bank_type=>ICBC_DEBIT}{cash_fee=>288000}{fee_type=>CNY}{is_subscribe=>N}{mch_id=>1244967502}{nonce_str=>zlbha3plrc2w0wsdgl0eq69ne29wyglg}{openid=>orYumuCEBCuvy9xdJSKYuvLxNj0U}{out_trade_no=>LX-17050919145397006-8}{result_code=>SUCCESS}{return_code=>SUCCESS}{sign=>7861B69979E9065E2801235E1EED4CC0}{time_end=>20170608162035}{total_fee=>288000}{trade_type=>NATIVE}{transaction_id=>4005172001201706084835621651}]
[2017-06-08 16:20:48][info] k:appid=>wxefc029d4373dcac0
[2017-06-08 16:20:48][info] k:bank_type=>ICBC_DEBIT
[2017-06-08 16:20:48][info] k:cash_fee=>288000
[2017-06-08 16:20:48][info] k:fee_type=>CNY
[2017-06-08 16:20:48][info] k:is_subscribe=>N
[2017-06-08 16:20:48][info] k:mch_id=>1244967502
[2017-06-08 16:20:48][info] k:nonce_str=>zlbha3plrc2w0wsdgl0eq69ne29wyglg
[2017-06-08 16:20:48][info] k:openid=>orYumuCEBCuvy9xdJSKYuvLxNj0U
[2017-06-08 16:20:48][info] k:out_trade_no=>LX-17050919145397006-8
[2017-06-08 16:20:48][info] k:result_code=>SUCCESS
[2017-06-08 16:20:48][info] k:return_code=>SUCCESS
[2017-06-08 16:20:48][info] k:sign=>7861B69979E9065E2801235E1EED4CC0
[2017-06-08 16:20:48][info] k:time_end=>20170608162035
[2017-06-08 16:20:48][info] k:total_fee=>288000
[2017-06-08 16:20:48][info] k:trade_type=>NATIVE
[2017-06-08 16:20:48][info] k:transaction_id=>4005172001201706084835621651
[2017-06-08 16:20:48][info] ----------------------------------------
[2017-06-08 16:20:48][info] XML_DATA222:{"appid":"wxefc029d4373dcac0","bank_type":"ICBC_DEBIT","cash_fee":"2880.00","fee_type":"CNY","is_subscribe":"N","mch_id":"1244967502","nonce_str":"zlbha3plrc2w0wsdgl0eq69ne29wyglg","openid":"orYumuCEBCuvy9xdJSKYuvLxNj0U","out_trade_no":"LX-17050919145397006-8","result_code":"SUCCESS","return_code":"SUCCESS","sign":"7861B69979E9065E2801235E1EED4CC0","time_end":"20170608162035","total_fee":"2880.00","trade_type":"NATIVE","transaction_id":"4005172001201706084835621651"}
[2017-06-08 16:20:48][info] 收到重复信息，并处理反馈成功！
[2017-06-08 16:20:48][info] success
[2017-06-08 16:20:48][info] 写入结束!!!
