[2017-05-15 16:19:19][info] ----------------------------------------
[2017-05-15 16:19:19][info] XML_DATA111:[{appid=>wxefc029d4373dcac0}{bank_type=>CMBC_DEBIT}{cash_fee=>298000}{fee_type=>CNY}{is_subscribe=>N}{mch_id=>1244967502}{nonce_str=>k7qbegnl8mysjj55w70pjxw78lmv2yg1}{openid=>orYumuA46wK31l4nbV4C0V_mTR-4}{out_trade_no=>LX-17051413015159406-0}{result_code=>SUCCESS}{return_code=>SUCCESS}{sign=>89A4451AC0539C073035F5903CA448A6}{time_end=>20170515161918}{total_fee=>298000}{trade_type=>NATIVE}{transaction_id=>4007232001201705150945291900}]
[2017-05-15 16:19:19][info] k:appid=>wxefc029d4373dcac0
[2017-05-15 16:19:19][info] k:bank_type=>CMBC_DEBIT
[2017-05-15 16:19:19][info] k:cash_fee=>298000
[2017-05-15 16:19:19][info] k:fee_type=>CNY
[2017-05-15 16:19:19][info] k:is_subscribe=>N
[2017-05-15 16:19:19][info] k:mch_id=>1244967502
[2017-05-15 16:19:19][info] k:nonce_str=>k7qbegnl8mysjj55w70pjxw78lmv2yg1
[2017-05-15 16:19:19][info] k:openid=>orYumuA46wK31l4nbV4C0V_mTR-4
[2017-05-15 16:19:19][info] k:out_trade_no=>LX-17051413015159406-0
[2017-05-15 16:19:19][info] k:result_code=>SUCCESS
[2017-05-15 16:19:19][info] k:return_code=>SUCCESS
[2017-05-15 16:19:19][info] k:sign=>89A4451AC0539C073035F5903CA448A6
[2017-05-15 16:19:19][info] k:time_end=>20170515161918
[2017-05-15 16:19:19][info] k:total_fee=>298000
[2017-05-15 16:19:19][info] k:trade_type=>NATIVE
[2017-05-15 16:19:19][info] k:transaction_id=>4007232001201705150945291900
[2017-05-15 16:19:19][info] ----------------------------------------
[2017-05-15 16:19:19][info] XML_DATA222:{"appid":"wxefc029d4373dcac0","bank_type":"CMBC_DEBIT","cash_fee":"2980.00","fee_type":"CNY","is_subscribe":"N","mch_id":"1244967502","nonce_str":"k7qbegnl8mysjj55w70pjxw78lmv2yg1","openid":"orYumuA46wK31l4nbV4C0V_mTR-4","out_trade_no":"LX-17051413015159406-0","result_code":"SUCCESS","return_code":"SUCCESS","sign":"89A4451AC0539C073035F5903CA448A6","time_end":"20170515161918","total_fee":"2980.00","trade_type":"NATIVE","transaction_id":"4007232001201705150945291900"}
[2017-05-15 16:19:19][warn] 数据存储成功，并成功返回记录编号17501！
[2017-05-15 16:19:32][info] ----------------------------------------
[2017-05-15 16:19:32][info] XML_DATA111:[{appid=>wxefc029d4373dcac0}{bank_type=>CMBC_DEBIT}{cash_fee=>298000}{fee_type=>CNY}{is_subscribe=>N}{mch_id=>1244967502}{nonce_str=>k7qbegnl8mysjj55w70pjxw78lmv2yg1}{openid=>orYumuA46wK31l4nbV4C0V_mTR-4}{out_trade_no=>LX-17051413015159406-0}{result_code=>SUCCESS}{return_code=>SUCCESS}{sign=>89A4451AC0539C073035F5903CA448A6}{time_end=>20170515161918}{total_fee=>298000}{trade_type=>NATIVE}{transaction_id=>4007232001201705150945291900}]
[2017-05-15 16:19:32][info] k:appid=>wxefc029d4373dcac0
[2017-05-15 16:19:32][info] k:bank_type=>CMBC_DEBIT
[2017-05-15 16:19:32][info] k:cash_fee=>298000
[2017-05-15 16:19:32][info] k:fee_type=>CNY
[2017-05-15 16:19:32][info] k:is_subscribe=>N
[2017-05-15 16:19:32][info] k:mch_id=>1244967502
[2017-05-15 16:19:32][info] k:nonce_str=>k7qbegnl8mysjj55w70pjxw78lmv2yg1
[2017-05-15 16:19:32][info] k:openid=>orYumuA46wK31l4nbV4C0V_mTR-4
[2017-05-15 16:19:32][info] k:out_trade_no=>LX-17051413015159406-0
[2017-05-15 16:19:32][info] k:result_code=>SUCCESS
[2017-05-15 16:19:32][info] k:return_code=>SUCCESS
[2017-05-15 16:19:32][info] k:sign=>89A4451AC0539C073035F5903CA448A6
[2017-05-15 16:19:32][info] k:time_end=>20170515161918
[2017-05-15 16:19:32][info] k:total_fee=>298000
[2017-05-15 16:19:32][info] k:trade_type=>NATIVE
[2017-05-15 16:19:32][info] k:transaction_id=>4007232001201705150945291900
[2017-05-15 16:19:32][info] ----------------------------------------
[2017-05-15 16:19:32][info] XML_DATA222:{"appid":"wxefc029d4373dcac0","bank_type":"CMBC_DEBIT","cash_fee":"2980.00","fee_type":"CNY","is_subscribe":"N","mch_id":"1244967502","nonce_str":"k7qbegnl8mysjj55w70pjxw78lmv2yg1","openid":"orYumuA46wK31l4nbV4C0V_mTR-4","out_trade_no":"LX-17051413015159406-0","result_code":"SUCCESS","return_code":"SUCCESS","sign":"89A4451AC0539C073035F5903CA448A6","time_end":"20170515161918","total_fee":"2980.00","trade_type":"NATIVE","transaction_id":"4007232001201705150945291900"}
[2017-05-15 16:19:32][info] 收到重复信息，并处理反馈成功！
[2017-05-15 16:19:32][info] success
[2017-05-15 16:19:32][info] 写入结束!!!
