[2017-09-26 00:25:01][info] ----------------------------------------
[2017-09-26 00:25:01][info] XML_DATA111:[{appid=>wxefc029d4373dcac0}{bank_type=>CFT}{cash_fee=>589000}{fee_type=>CNY}{is_subscribe=>N}{mch_id=>1244967502}{nonce_str=>wxokt3ioelcex3cp4xc79snjbkcj5cyd}{openid=>orYumuCTaTR3DUKmXv2HtynVcRNU}{out_trade_no=>LX-17082620525070601-d}{result_code=>SUCCESS}{return_code=>SUCCESS}{sign=>5846C0AE757EAB52445033FF9218F0A1}{time_end=>20170926002501}{total_fee=>589000}{trade_type=>NATIVE}{transaction_id=>4200000008201709264261148039}]
[2017-09-26 00:25:01][info] k:appid=>wxefc029d4373dcac0
[2017-09-26 00:25:01][info] k:bank_type=>CFT
[2017-09-26 00:25:01][info] k:cash_fee=>589000
[2017-09-26 00:25:01][info] k:fee_type=>CNY
[2017-09-26 00:25:01][info] k:is_subscribe=>N
[2017-09-26 00:25:01][info] k:mch_id=>1244967502
[2017-09-26 00:25:01][info] k:nonce_str=>wxokt3ioelcex3cp4xc79snjbkcj5cyd
[2017-09-26 00:25:01][info] k:openid=>orYumuCTaTR3DUKmXv2HtynVcRNU
[2017-09-26 00:25:01][info] k:out_trade_no=>LX-17082620525070601-d
[2017-09-26 00:25:01][info] k:result_code=>SUCCESS
[2017-09-26 00:25:01][info] k:return_code=>SUCCESS
[2017-09-26 00:25:01][info] k:sign=>5846C0AE757EAB52445033FF9218F0A1
[2017-09-26 00:25:01][info] k:time_end=>20170926002501
[2017-09-26 00:25:01][info] k:total_fee=>589000
[2017-09-26 00:25:01][info] k:trade_type=>NATIVE
[2017-09-26 00:25:01][info] k:transaction_id=>4200000008201709264261148039
[2017-09-26 00:25:01][info] ----------------------------------------
[2017-09-26 00:25:01][info] XML_DATA222:{"appid":"wxefc029d4373dcac0","bank_type":"CFT","cash_fee":"5890.00","fee_type":"CNY","is_subscribe":"N","mch_id":"1244967502","nonce_str":"wxokt3ioelcex3cp4xc79snjbkcj5cyd","openid":"orYumuCTaTR3DUKmXv2HtynVcRNU","out_trade_no":"LX-17082620525070601-d","result_code":"SUCCESS","return_code":"SUCCESS","sign":"5846C0AE757EAB52445033FF9218F0A1","time_end":"20170926002501","total_fee":"5890.00","trade_type":"NATIVE","transaction_id":"4200000008201709264261148039"}
[2017-09-26 00:25:02][warn] 数据存储成功，并成功返回记录编号19257！
[2017-09-26 00:25:16][info] ----------------------------------------
[2017-09-26 00:25:16][info] XML_DATA111:[{appid=>wxefc029d4373dcac0}{bank_type=>CFT}{cash_fee=>589000}{fee_type=>CNY}{is_subscribe=>N}{mch_id=>1244967502}{nonce_str=>wxokt3ioelcex3cp4xc79snjbkcj5cyd}{openid=>orYumuCTaTR3DUKmXv2HtynVcRNU}{out_trade_no=>LX-17082620525070601-d}{result_code=>SUCCESS}{return_code=>SUCCESS}{sign=>5846C0AE757EAB52445033FF9218F0A1}{time_end=>20170926002501}{total_fee=>589000}{trade_type=>NATIVE}{transaction_id=>4200000008201709264261148039}]
[2017-09-26 00:25:16][info] k:appid=>wxefc029d4373dcac0
[2017-09-26 00:25:16][info] k:bank_type=>CFT
[2017-09-26 00:25:16][info] k:cash_fee=>589000
[2017-09-26 00:25:16][info] k:fee_type=>CNY
[2017-09-26 00:25:16][info] k:is_subscribe=>N
[2017-09-26 00:25:16][info] k:mch_id=>1244967502
[2017-09-26 00:25:16][info] k:nonce_str=>wxokt3ioelcex3cp4xc79snjbkcj5cyd
[2017-09-26 00:25:16][info] k:openid=>orYumuCTaTR3DUKmXv2HtynVcRNU
[2017-09-26 00:25:16][info] k:out_trade_no=>LX-17082620525070601-d
[2017-09-26 00:25:16][info] k:result_code=>SUCCESS
[2017-09-26 00:25:16][info] k:return_code=>SUCCESS
[2017-09-26 00:25:16][info] k:sign=>5846C0AE757EAB52445033FF9218F0A1
[2017-09-26 00:25:16][info] k:time_end=>20170926002501
[2017-09-26 00:25:16][info] k:total_fee=>589000
[2017-09-26 00:25:16][info] k:trade_type=>NATIVE
[2017-09-26 00:25:16][info] k:transaction_id=>4200000008201709264261148039
[2017-09-26 00:25:16][info] ----------------------------------------
[2017-09-26 00:25:16][info] XML_DATA222:{"appid":"wxefc029d4373dcac0","bank_type":"CFT","cash_fee":"5890.00","fee_type":"CNY","is_subscribe":"N","mch_id":"1244967502","nonce_str":"wxokt3ioelcex3cp4xc79snjbkcj5cyd","openid":"orYumuCTaTR3DUKmXv2HtynVcRNU","out_trade_no":"LX-17082620525070601-d","result_code":"SUCCESS","return_code":"SUCCESS","sign":"5846C0AE757EAB52445033FF9218F0A1","time_end":"20170926002501","total_fee":"5890.00","trade_type":"NATIVE","transaction_id":"4200000008201709264261148039"}
[2017-09-26 00:25:16][info] 收到重复信息，并处理反馈成功！
[2017-09-26 00:25:16][info] success
[2017-09-26 00:25:16][info] 写入结束!!!
[2017-09-26 17:59:05][info] ----------------------------------------
[2017-09-26 17:59:05][info] XML_DATA111:[{appid=>wxefc029d4373dcac0}{bank_type=>SPDB_CREDIT}{cash_fee=>641000}{fee_type=>CNY}{is_subscribe=>N}{mch_id=>1244967502}{nonce_str=>4i2f25dmxr4jasxrhyr6dout1o2o8us1}{openid=>orYumuC23pjcxGZM2pAeTMPFmZ_0}{out_trade_no=>LX-17083019315485306-6}{result_code=>SUCCESS}{return_code=>SUCCESS}{sign=>7BA06C1E0EE71E41918A6DE80E325FD2}{time_end=>20170926175905}{total_fee=>641000}{trade_type=>NATIVE}{transaction_id=>4200000015201709264391522811}]
[2017-09-26 17:59:05][info] k:appid=>wxefc029d4373dcac0
[2017-09-26 17:59:05][info] k:bank_type=>SPDB_CREDIT
[2017-09-26 17:59:05][info] k:cash_fee=>641000
[2017-09-26 17:59:05][info] k:fee_type=>CNY
[2017-09-26 17:59:05][info] k:is_subscribe=>N
[2017-09-26 17:59:05][info] k:mch_id=>1244967502
[2017-09-26 17:59:05][info] k:nonce_str=>4i2f25dmxr4jasxrhyr6dout1o2o8us1
[2017-09-26 17:59:05][info] k:openid=>orYumuC23pjcxGZM2pAeTMPFmZ_0
[2017-09-26 17:59:05][info] k:out_trade_no=>LX-17083019315485306-6
[2017-09-26 17:59:05][info] k:result_code=>SUCCESS
[2017-09-26 17:59:05][info] k:return_code=>SUCCESS
[2017-09-26 17:59:05][info] k:sign=>7BA06C1E0EE71E41918A6DE80E325FD2
[2017-09-26 17:59:05][info] k:time_end=>20170926175905
[2017-09-26 17:59:05][info] k:total_fee=>641000
[2017-09-26 17:59:05][info] k:trade_type=>NATIVE
[2017-09-26 17:59:05][info] k:transaction_id=>4200000015201709264391522811
[2017-09-26 17:59:05][info] ----------------------------------------
[2017-09-26 17:59:05][info] XML_DATA222:{"appid":"wxefc029d4373dcac0","bank_type":"SPDB_CREDIT","cash_fee":"6410.00","fee_type":"CNY","is_subscribe":"N","mch_id":"1244967502","nonce_str":"4i2f25dmxr4jasxrhyr6dout1o2o8us1","openid":"orYumuC23pjcxGZM2pAeTMPFmZ_0","out_trade_no":"LX-17083019315485306-6","result_code":"SUCCESS","return_code":"SUCCESS","sign":"7BA06C1E0EE71E41918A6DE80E325FD2","time_end":"20170926175905","total_fee":"6410.00","trade_type":"NATIVE","transaction_id":"4200000015201709264391522811"}
[2017-09-26 17:59:05][warn] 数据存储成功，并成功返回记录编号19271！
[2017-09-26 17:59:20][info] ----------------------------------------
[2017-09-26 17:59:20][info] XML_DATA111:[{appid=>wxefc029d4373dcac0}{bank_type=>SPDB_CREDIT}{cash_fee=>641000}{fee_type=>CNY}{is_subscribe=>N}{mch_id=>1244967502}{nonce_str=>4i2f25dmxr4jasxrhyr6dout1o2o8us1}{openid=>orYumuC23pjcxGZM2pAeTMPFmZ_0}{out_trade_no=>LX-17083019315485306-6}{result_code=>SUCCESS}{return_code=>SUCCESS}{sign=>7BA06C1E0EE71E41918A6DE80E325FD2}{time_end=>20170926175905}{total_fee=>641000}{trade_type=>NATIVE}{transaction_id=>4200000015201709264391522811}]
[2017-09-26 17:59:20][info] k:appid=>wxefc029d4373dcac0
[2017-09-26 17:59:20][info] k:bank_type=>SPDB_CREDIT
[2017-09-26 17:59:20][info] k:cash_fee=>641000
[2017-09-26 17:59:20][info] k:fee_type=>CNY
[2017-09-26 17:59:20][info] k:is_subscribe=>N
[2017-09-26 17:59:20][info] k:mch_id=>1244967502
[2017-09-26 17:59:20][info] k:nonce_str=>4i2f25dmxr4jasxrhyr6dout1o2o8us1
[2017-09-26 17:59:20][info] k:openid=>orYumuC23pjcxGZM2pAeTMPFmZ_0
[2017-09-26 17:59:20][info] k:out_trade_no=>LX-17083019315485306-6
[2017-09-26 17:59:20][info] k:result_code=>SUCCESS
[2017-09-26 17:59:20][info] k:return_code=>SUCCESS
[2017-09-26 17:59:20][info] k:sign=>7BA06C1E0EE71E41918A6DE80E325FD2
[2017-09-26 17:59:20][info] k:time_end=>20170926175905
[2017-09-26 17:59:20][info] k:total_fee=>641000
[2017-09-26 17:59:20][info] k:trade_type=>NATIVE
[2017-09-26 17:59:20][info] k:transaction_id=>4200000015201709264391522811
[2017-09-26 17:59:20][info] ----------------------------------------
[2017-09-26 17:59:20][info] XML_DATA222:{"appid":"wxefc029d4373dcac0","bank_type":"SPDB_CREDIT","cash_fee":"6410.00","fee_type":"CNY","is_subscribe":"N","mch_id":"1244967502","nonce_str":"4i2f25dmxr4jasxrhyr6dout1o2o8us1","openid":"orYumuC23pjcxGZM2pAeTMPFmZ_0","out_trade_no":"LX-17083019315485306-6","result_code":"SUCCESS","return_code":"SUCCESS","sign":"7BA06C1E0EE71E41918A6DE80E325FD2","time_end":"20170926175905","total_fee":"6410.00","trade_type":"NATIVE","transaction_id":"4200000015201709264391522811"}
[2017-09-26 17:59:20][info] 收到重复信息，并处理反馈成功！
[2017-09-26 17:59:20][info] success
[2017-09-26 17:59:20][info] 写入结束!!!
