[2017-06-18 09:47:34][info] ----------------------------------------
[2017-06-18 09:47:34][info] XML_DATA111:[{appid=>wxefc029d4373dcac0}{bank_type=>CCB_DEBIT}{cash_fee=>656986}{coupon_count=>1}{coupon_fee=>14}{coupon_fee_0=>14}{coupon_id_0=>2000000000578024085}{fee_type=>CNY}{is_subscribe=>N}{mch_id=>1244967502}{nonce_str=>gds15a1q169gaylju4xlj9origlxumdc}{openid=>orYumuKyvWyxPOrw_SXKPqsIgx5g}{out_trade_no=>LX-17061121031337606-4}{result_code=>SUCCESS}{return_code=>SUCCESS}{sign=>EE9974CC44B3CE628BA64B9B380740FC}{time_end=>20170618094733}{total_fee=>657000}{trade_type=>NATIVE}{transaction_id=>4005692001201706186246744511}]
[2017-06-18 09:47:34][info] k:appid=>wxefc029d4373dcac0
[2017-06-18 09:47:34][info] k:bank_type=>CCB_DEBIT
[2017-06-18 09:47:34][info] k:cash_fee=>656986
[2017-06-18 09:47:34][info] k:coupon_count=>1
[2017-06-18 09:47:34][info] k:coupon_fee=>14
[2017-06-18 09:47:34][info] k:coupon_fee_0=>14
[2017-06-18 09:47:34][info] k:coupon_id_0=>2000000000578024085
[2017-06-18 09:47:34][info] k:fee_type=>CNY
[2017-06-18 09:47:34][info] k:is_subscribe=>N
[2017-06-18 09:47:34][info] k:mch_id=>1244967502
[2017-06-18 09:47:34][info] k:nonce_str=>gds15a1q169gaylju4xlj9origlxumdc
[2017-06-18 09:47:34][info] k:openid=>orYumuKyvWyxPOrw_SXKPqsIgx5g
[2017-06-18 09:47:34][info] k:out_trade_no=>LX-17061121031337606-4
[2017-06-18 09:47:34][info] k:result_code=>SUCCESS
[2017-06-18 09:47:34][info] k:return_code=>SUCCESS
[2017-06-18 09:47:34][info] k:sign=>EE9974CC44B3CE628BA64B9B380740FC
[2017-06-18 09:47:34][info] k:time_end=>20170618094733
[2017-06-18 09:47:34][info] k:total_fee=>657000
[2017-06-18 09:47:34][info] k:trade_type=>NATIVE
[2017-06-18 09:47:34][info] k:transaction_id=>4005692001201706186246744511
[2017-06-18 09:47:34][info] ----------------------------------------
[2017-06-18 09:47:34][info] XML_DATA222:{"appid":"wxefc029d4373dcac0","bank_type":"CCB_DEBIT","cash_fee":"6569.86","coupon_count":"1","coupon_fee":"14","coupon_fee_0":"14","coupon_id_0":"2000000000578024085","fee_type":"CNY","is_subscribe":"N","mch_id":"1244967502","nonce_str":"gds15a1q169gaylju4xlj9origlxumdc","openid":"orYumuKyvWyxPOrw_SXKPqsIgx5g","out_trade_no":"LX-17061121031337606-4","result_code":"SUCCESS","return_code":"SUCCESS","sign":"EE9974CC44B3CE628BA64B9B380740FC","time_end":"20170618094733","total_fee":"6570.00","trade_type":"NATIVE","transaction_id":"4005692001201706186246744511"}
[2017-06-18 09:47:34][warn] 数据存储成功，并成功返回记录编号17645！
[2017-06-18 09:47:50][info] ----------------------------------------
[2017-06-18 09:47:50][info] XML_DATA111:[{appid=>wxefc029d4373dcac0}{bank_type=>CCB_DEBIT}{cash_fee=>656986}{coupon_count=>1}{coupon_fee=>14}{coupon_fee_0=>14}{coupon_id_0=>2000000000578024085}{fee_type=>CNY}{is_subscribe=>N}{mch_id=>1244967502}{nonce_str=>gds15a1q169gaylju4xlj9origlxumdc}{openid=>orYumuKyvWyxPOrw_SXKPqsIgx5g}{out_trade_no=>LX-17061121031337606-4}{result_code=>SUCCESS}{return_code=>SUCCESS}{sign=>EE9974CC44B3CE628BA64B9B380740FC}{time_end=>20170618094733}{total_fee=>657000}{trade_type=>NATIVE}{transaction_id=>4005692001201706186246744511}]
[2017-06-18 09:47:50][info] k:appid=>wxefc029d4373dcac0
[2017-06-18 09:47:50][info] k:bank_type=>CCB_DEBIT
[2017-06-18 09:47:50][info] k:cash_fee=>656986
[2017-06-18 09:47:50][info] k:coupon_count=>1
[2017-06-18 09:47:50][info] k:coupon_fee=>14
[2017-06-18 09:47:50][info] k:coupon_fee_0=>14
[2017-06-18 09:47:50][info] k:coupon_id_0=>2000000000578024085
[2017-06-18 09:47:50][info] k:fee_type=>CNY
[2017-06-18 09:47:50][info] k:is_subscribe=>N
[2017-06-18 09:47:50][info] k:mch_id=>1244967502
[2017-06-18 09:47:50][info] k:nonce_str=>gds15a1q169gaylju4xlj9origlxumdc
[2017-06-18 09:47:50][info] k:openid=>orYumuKyvWyxPOrw_SXKPqsIgx5g
[2017-06-18 09:47:50][info] k:out_trade_no=>LX-17061121031337606-4
[2017-06-18 09:47:50][info] k:result_code=>SUCCESS
[2017-06-18 09:47:50][info] k:return_code=>SUCCESS
[2017-06-18 09:47:50][info] k:sign=>EE9974CC44B3CE628BA64B9B380740FC
[2017-06-18 09:47:50][info] k:time_end=>20170618094733
[2017-06-18 09:47:50][info] k:total_fee=>657000
[2017-06-18 09:47:50][info] k:trade_type=>NATIVE
[2017-06-18 09:47:50][info] k:transaction_id=>4005692001201706186246744511
[2017-06-18 09:47:50][info] ----------------------------------------
[2017-06-18 09:47:50][info] XML_DATA222:{"appid":"wxefc029d4373dcac0","bank_type":"CCB_DEBIT","cash_fee":"6569.86","coupon_count":"1","coupon_fee":"14","coupon_fee_0":"14","coupon_id_0":"2000000000578024085","fee_type":"CNY","is_subscribe":"N","mch_id":"1244967502","nonce_str":"gds15a1q169gaylju4xlj9origlxumdc","openid":"orYumuKyvWyxPOrw_SXKPqsIgx5g","out_trade_no":"LX-17061121031337606-4","result_code":"SUCCESS","return_code":"SUCCESS","sign":"EE9974CC44B3CE628BA64B9B380740FC","time_end":"20170618094733","total_fee":"6570.00","trade_type":"NATIVE","transaction_id":"4005692001201706186246744511"}
[2017-06-18 09:47:50][info] 收到重复信息，并处理反馈成功！
[2017-06-18 09:47:50][info] success
[2017-06-18 09:47:50][info] 写入结束!!!
[2017-06-18 16:45:57][info] ----------------------------------------
[2017-06-18 16:45:57][info] XML_DATA111:[{appid=>wxefc029d4373dcac0}{bank_type=>CMB_DEBIT}{cash_fee=>338000}{fee_type=>CNY}{is_subscribe=>N}{mch_id=>1244967502}{nonce_str=>lxjuokyb0yi9kxxhlb6pbd7p2umbhqsn}{openid=>orYumuL1bnEf_N7xcY1MvEUxDOJw}{out_trade_no=>LX-17061816114894406-c}{result_code=>SUCCESS}{return_code=>SUCCESS}{sign=>0B575B0224CAA6F4B24677FFF91B21D4}{time_end=>20170618164556}{total_fee=>338000}{trade_type=>NATIVE}{transaction_id=>4007902001201706186311107874}]
[2017-06-18 16:45:57][info] k:appid=>wxefc029d4373dcac0
[2017-06-18 16:45:57][info] k:bank_type=>CMB_DEBIT
[2017-06-18 16:45:57][info] k:cash_fee=>338000
[2017-06-18 16:45:57][info] k:fee_type=>CNY
[2017-06-18 16:45:57][info] k:is_subscribe=>N
[2017-06-18 16:45:57][info] k:mch_id=>1244967502
[2017-06-18 16:45:57][info] k:nonce_str=>lxjuokyb0yi9kxxhlb6pbd7p2umbhqsn
[2017-06-18 16:45:57][info] k:openid=>orYumuL1bnEf_N7xcY1MvEUxDOJw
[2017-06-18 16:45:57][info] k:out_trade_no=>LX-17061816114894406-c
[2017-06-18 16:45:57][info] k:result_code=>SUCCESS
[2017-06-18 16:45:57][info] k:return_code=>SUCCESS
[2017-06-18 16:45:57][info] k:sign=>0B575B0224CAA6F4B24677FFF91B21D4
[2017-06-18 16:45:57][info] k:time_end=>20170618164556
[2017-06-18 16:45:57][info] k:total_fee=>338000
[2017-06-18 16:45:57][info] k:trade_type=>NATIVE
[2017-06-18 16:45:57][info] k:transaction_id=>4007902001201706186311107874
[2017-06-18 16:45:57][info] ----------------------------------------
[2017-06-18 16:45:57][info] XML_DATA222:{"appid":"wxefc029d4373dcac0","bank_type":"CMB_DEBIT","cash_fee":"3380.00","fee_type":"CNY","is_subscribe":"N","mch_id":"1244967502","nonce_str":"lxjuokyb0yi9kxxhlb6pbd7p2umbhqsn","openid":"orYumuL1bnEf_N7xcY1MvEUxDOJw","out_trade_no":"LX-17061816114894406-c","result_code":"SUCCESS","return_code":"SUCCESS","sign":"0B575B0224CAA6F4B24677FFF91B21D4","time_end":"20170618164556","total_fee":"3380.00","trade_type":"NATIVE","transaction_id":"4007902001201706186311107874"}
[2017-06-18 16:45:57][warn] 数据存储成功，并成功返回记录编号17649！
[2017-06-18 16:46:20][info] ----------------------------------------
[2017-06-18 16:46:20][info] XML_DATA111:[{appid=>wxefc029d4373dcac0}{bank_type=>CMB_DEBIT}{cash_fee=>338000}{fee_type=>CNY}{is_subscribe=>N}{mch_id=>1244967502}{nonce_str=>lxjuokyb0yi9kxxhlb6pbd7p2umbhqsn}{openid=>orYumuL1bnEf_N7xcY1MvEUxDOJw}{out_trade_no=>LX-17061816114894406-c}{result_code=>SUCCESS}{return_code=>SUCCESS}{sign=>0B575B0224CAA6F4B24677FFF91B21D4}{time_end=>20170618164556}{total_fee=>338000}{trade_type=>NATIVE}{transaction_id=>4007902001201706186311107874}]
[2017-06-18 16:46:20][info] k:appid=>wxefc029d4373dcac0
[2017-06-18 16:46:20][info] k:bank_type=>CMB_DEBIT
[2017-06-18 16:46:20][info] k:cash_fee=>338000
[2017-06-18 16:46:20][info] k:fee_type=>CNY
[2017-06-18 16:46:20][info] k:is_subscribe=>N
[2017-06-18 16:46:20][info] k:mch_id=>1244967502
[2017-06-18 16:46:20][info] k:nonce_str=>lxjuokyb0yi9kxxhlb6pbd7p2umbhqsn
[2017-06-18 16:46:20][info] k:openid=>orYumuL1bnEf_N7xcY1MvEUxDOJw
[2017-06-18 16:46:20][info] k:out_trade_no=>LX-17061816114894406-c
[2017-06-18 16:46:20][info] k:result_code=>SUCCESS
[2017-06-18 16:46:20][info] k:return_code=>SUCCESS
[2017-06-18 16:46:20][info] k:sign=>0B575B0224CAA6F4B24677FFF91B21D4
[2017-06-18 16:46:20][info] k:time_end=>20170618164556
[2017-06-18 16:46:20][info] k:total_fee=>338000
[2017-06-18 16:46:20][info] k:trade_type=>NATIVE
[2017-06-18 16:46:20][info] k:transaction_id=>4007902001201706186311107874
[2017-06-18 16:46:20][info] ----------------------------------------
[2017-06-18 16:46:20][info] XML_DATA222:{"appid":"wxefc029d4373dcac0","bank_type":"CMB_DEBIT","cash_fee":"3380.00","fee_type":"CNY","is_subscribe":"N","mch_id":"1244967502","nonce_str":"lxjuokyb0yi9kxxhlb6pbd7p2umbhqsn","openid":"orYumuL1bnEf_N7xcY1MvEUxDOJw","out_trade_no":"LX-17061816114894406-c","result_code":"SUCCESS","return_code":"SUCCESS","sign":"0B575B0224CAA6F4B24677FFF91B21D4","time_end":"20170618164556","total_fee":"3380.00","trade_type":"NATIVE","transaction_id":"4007902001201706186311107874"}
[2017-06-18 16:46:20][info] 收到重复信息，并处理反馈成功！
[2017-06-18 16:46:20][info] success
[2017-06-18 16:46:20][info] 写入结束!!!
[2017-06-18 22:34:13][info] ----------------------------------------
[2017-06-18 22:34:13][info] XML_DATA111:[{appid=>wxefc029d4373dcac0}{bank_type=>CFT}{cash_fee=>876000}{fee_type=>CNY}{is_subscribe=>N}{mch_id=>1244967502}{nonce_str=>a8r3l7tbt8labbc4ul19yjx21ku1pztt}{openid=>orYumuN_xIupCFvQZsGQSNoyLd4s}{out_trade_no=>LX-17061615540851706-c}{result_code=>SUCCESS}{return_code=>SUCCESS}{sign=>23C549DB183263B0D8B81D225F8AF597}{time_end=>20170618223412}{total_fee=>876000}{trade_type=>NATIVE}{transaction_id=>4005672001201706186363941756}]
[2017-06-18 22:34:13][info] k:appid=>wxefc029d4373dcac0
[2017-06-18 22:34:13][info] k:bank_type=>CFT
[2017-06-18 22:34:13][info] k:cash_fee=>876000
[2017-06-18 22:34:13][info] k:fee_type=>CNY
[2017-06-18 22:34:13][info] k:is_subscribe=>N
[2017-06-18 22:34:13][info] k:mch_id=>1244967502
[2017-06-18 22:34:13][info] k:nonce_str=>a8r3l7tbt8labbc4ul19yjx21ku1pztt
[2017-06-18 22:34:13][info] k:openid=>orYumuN_xIupCFvQZsGQSNoyLd4s
[2017-06-18 22:34:13][info] k:out_trade_no=>LX-17061615540851706-c
[2017-06-18 22:34:13][info] k:result_code=>SUCCESS
[2017-06-18 22:34:13][info] k:return_code=>SUCCESS
[2017-06-18 22:34:13][info] k:sign=>23C549DB183263B0D8B81D225F8AF597
[2017-06-18 22:34:13][info] k:time_end=>20170618223412
[2017-06-18 22:34:13][info] k:total_fee=>876000
[2017-06-18 22:34:13][info] k:trade_type=>NATIVE
[2017-06-18 22:34:13][info] k:transaction_id=>4005672001201706186363941756
[2017-06-18 22:34:13][info] ----------------------------------------
[2017-06-18 22:34:13][info] XML_DATA222:{"appid":"wxefc029d4373dcac0","bank_type":"CFT","cash_fee":"8760.00","fee_type":"CNY","is_subscribe":"N","mch_id":"1244967502","nonce_str":"a8r3l7tbt8labbc4ul19yjx21ku1pztt","openid":"orYumuN_xIupCFvQZsGQSNoyLd4s","out_trade_no":"LX-17061615540851706-c","result_code":"SUCCESS","return_code":"SUCCESS","sign":"23C549DB183263B0D8B81D225F8AF597","time_end":"20170618223412","total_fee":"8760.00","trade_type":"NATIVE","transaction_id":"4005672001201706186363941756"}
[2017-06-18 22:34:13][warn] 数据存储成功，并成功返回记录编号17653！
[2017-06-18 22:34:31][info] ----------------------------------------
[2017-06-18 22:34:31][info] XML_DATA111:[{appid=>wxefc029d4373dcac0}{bank_type=>CFT}{cash_fee=>876000}{fee_type=>CNY}{is_subscribe=>N}{mch_id=>1244967502}{nonce_str=>a8r3l7tbt8labbc4ul19yjx21ku1pztt}{openid=>orYumuN_xIupCFvQZsGQSNoyLd4s}{out_trade_no=>LX-17061615540851706-c}{result_code=>SUCCESS}{return_code=>SUCCESS}{sign=>23C549DB183263B0D8B81D225F8AF597}{time_end=>20170618223412}{total_fee=>876000}{trade_type=>NATIVE}{transaction_id=>4005672001201706186363941756}]
[2017-06-18 22:34:31][info] k:appid=>wxefc029d4373dcac0
[2017-06-18 22:34:31][info] k:bank_type=>CFT
[2017-06-18 22:34:31][info] k:cash_fee=>876000
[2017-06-18 22:34:31][info] k:fee_type=>CNY
[2017-06-18 22:34:31][info] k:is_subscribe=>N
[2017-06-18 22:34:31][info] k:mch_id=>1244967502
[2017-06-18 22:34:31][info] k:nonce_str=>a8r3l7tbt8labbc4ul19yjx21ku1pztt
[2017-06-18 22:34:31][info] k:openid=>orYumuN_xIupCFvQZsGQSNoyLd4s
[2017-06-18 22:34:31][info] k:out_trade_no=>LX-17061615540851706-c
[2017-06-18 22:34:31][info] k:result_code=>SUCCESS
[2017-06-18 22:34:31][info] k:return_code=>SUCCESS
[2017-06-18 22:34:31][info] k:sign=>23C549DB183263B0D8B81D225F8AF597
[2017-06-18 22:34:31][info] k:time_end=>20170618223412
[2017-06-18 22:34:31][info] k:total_fee=>876000
[2017-06-18 22:34:31][info] k:trade_type=>NATIVE
[2017-06-18 22:34:31][info] k:transaction_id=>4005672001201706186363941756
[2017-06-18 22:34:31][info] ----------------------------------------
[2017-06-18 22:34:31][info] XML_DATA222:{"appid":"wxefc029d4373dcac0","bank_type":"CFT","cash_fee":"8760.00","fee_type":"CNY","is_subscribe":"N","mch_id":"1244967502","nonce_str":"a8r3l7tbt8labbc4ul19yjx21ku1pztt","openid":"orYumuN_xIupCFvQZsGQSNoyLd4s","out_trade_no":"LX-17061615540851706-c","result_code":"SUCCESS","return_code":"SUCCESS","sign":"23C549DB183263B0D8B81D225F8AF597","time_end":"20170618223412","total_fee":"8760.00","trade_type":"NATIVE","transaction_id":"4005672001201706186363941756"}
[2017-06-18 22:34:31][info] 收到重复信息，并处理反馈成功！
[2017-06-18 22:34:31][info] success
[2017-06-18 22:34:31][info] 写入结束!!!
