[2017-03-13 14:46:59][info] ----------------------------------------
[2017-03-13 14:46:59][info] XML_DATA111:[{appid=>wxefc029d4373dcac0}{bank_type=>ICBC_CREDIT}{cash_fee=>792000}{fee_type=>CNY}{is_subscribe=>N}{mch_id=>1244967502}{nonce_str=>78lyl0z6opjli1jwyqxt7eapzuijq8ca}{openid=>orYumuF0z1fHcF_949Hu4k5imw8E}{out_trade_no=>LX-17030320415942401-0}{result_code=>SUCCESS}{return_code=>SUCCESS}{sign=>E9B57FFA768C4D04FA39D1462CF05B06}{time_end=>20170313144659}{total_fee=>792000}{trade_type=>NATIVE}{transaction_id=>4006562001201703133235037650}]
[2017-03-13 14:46:59][info] k:appid=>wxefc029d4373dcac0
[2017-03-13 14:46:59][info] k:bank_type=>ICBC_CREDIT
[2017-03-13 14:46:59][info] k:cash_fee=>792000
[2017-03-13 14:46:59][info] k:fee_type=>CNY
[2017-03-13 14:46:59][info] k:is_subscribe=>N
[2017-03-13 14:46:59][info] k:mch_id=>1244967502
[2017-03-13 14:46:59][info] k:nonce_str=>78lyl0z6opjli1jwyqxt7eapzuijq8ca
[2017-03-13 14:46:59][info] k:openid=>orYumuF0z1fHcF_949Hu4k5imw8E
[2017-03-13 14:46:59][info] k:out_trade_no=>LX-17030320415942401-0
[2017-03-13 14:46:59][info] k:result_code=>SUCCESS
[2017-03-13 14:46:59][info] k:return_code=>SUCCESS
[2017-03-13 14:46:59][info] k:sign=>E9B57FFA768C4D04FA39D1462CF05B06
[2017-03-13 14:46:59][info] k:time_end=>20170313144659
[2017-03-13 14:46:59][info] k:total_fee=>792000
[2017-03-13 14:46:59][info] k:trade_type=>NATIVE
[2017-03-13 14:46:59][info] k:transaction_id=>4006562001201703133235037650
[2017-03-13 14:46:59][info] ----------------------------------------
[2017-03-13 14:46:59][info] XML_DATA222:{"appid":"wxefc029d4373dcac0","bank_type":"ICBC_CREDIT","cash_fee":"7920.00","fee_type":"CNY","is_subscribe":"N","mch_id":"1244967502","nonce_str":"78lyl0z6opjli1jwyqxt7eapzuijq8ca","openid":"orYumuF0z1fHcF_949Hu4k5imw8E","out_trade_no":"LX-17030320415942401-0","result_code":"SUCCESS","return_code":"SUCCESS","sign":"E9B57FFA768C4D04FA39D1462CF05B06","time_end":"20170313144659","total_fee":"7920.00","trade_type":"NATIVE","transaction_id":"4006562001201703133235037650"}
[2017-03-13 14:47:00][warn] 数据存储成功，并成功返回记录编号17369！
[2017-03-13 14:47:15][info] ----------------------------------------
[2017-03-13 14:47:15][info] XML_DATA111:[{appid=>wxefc029d4373dcac0}{bank_type=>ICBC_CREDIT}{cash_fee=>792000}{fee_type=>CNY}{is_subscribe=>N}{mch_id=>1244967502}{nonce_str=>78lyl0z6opjli1jwyqxt7eapzuijq8ca}{openid=>orYumuF0z1fHcF_949Hu4k5imw8E}{out_trade_no=>LX-17030320415942401-0}{result_code=>SUCCESS}{return_code=>SUCCESS}{sign=>E9B57FFA768C4D04FA39D1462CF05B06}{time_end=>20170313144659}{total_fee=>792000}{trade_type=>NATIVE}{transaction_id=>4006562001201703133235037650}]
[2017-03-13 14:47:15][info] k:appid=>wxefc029d4373dcac0
[2017-03-13 14:47:15][info] k:bank_type=>ICBC_CREDIT
[2017-03-13 14:47:15][info] k:cash_fee=>792000
[2017-03-13 14:47:15][info] k:fee_type=>CNY
[2017-03-13 14:47:15][info] k:is_subscribe=>N
[2017-03-13 14:47:15][info] k:mch_id=>1244967502
[2017-03-13 14:47:15][info] k:nonce_str=>78lyl0z6opjli1jwyqxt7eapzuijq8ca
[2017-03-13 14:47:15][info] k:openid=>orYumuF0z1fHcF_949Hu4k5imw8E
[2017-03-13 14:47:15][info] k:out_trade_no=>LX-17030320415942401-0
[2017-03-13 14:47:15][info] k:result_code=>SUCCESS
[2017-03-13 14:47:15][info] k:return_code=>SUCCESS
[2017-03-13 14:47:15][info] k:sign=>E9B57FFA768C4D04FA39D1462CF05B06
[2017-03-13 14:47:15][info] k:time_end=>20170313144659
[2017-03-13 14:47:15][info] k:total_fee=>792000
[2017-03-13 14:47:15][info] k:trade_type=>NATIVE
[2017-03-13 14:47:15][info] k:transaction_id=>4006562001201703133235037650
[2017-03-13 14:47:15][info] ----------------------------------------
[2017-03-13 14:47:15][info] XML_DATA222:{"appid":"wxefc029d4373dcac0","bank_type":"ICBC_CREDIT","cash_fee":"7920.00","fee_type":"CNY","is_subscribe":"N","mch_id":"1244967502","nonce_str":"78lyl0z6opjli1jwyqxt7eapzuijq8ca","openid":"orYumuF0z1fHcF_949Hu4k5imw8E","out_trade_no":"LX-17030320415942401-0","result_code":"SUCCESS","return_code":"SUCCESS","sign":"E9B57FFA768C4D04FA39D1462CF05B06","time_end":"20170313144659","total_fee":"7920.00","trade_type":"NATIVE","transaction_id":"4006562001201703133235037650"}
[2017-03-13 14:47:15][info] 收到重复信息，并处理反馈成功！
[2017-03-13 14:47:15][info] success
[2017-03-13 14:47:15][info] 写入结束!!!
