[2017-09-17 10:01:08][info] ----------------------------------------
[2017-09-17 10:01:08][info] XML_DATA111:[{appid=>wxefc029d4373dcac0}{bank_type=>CIB_DEBIT}{cash_fee=>781275}{fee_type=>CNY}{is_subscribe=>N}{mch_id=>1244967502}{nonce_str=>9ab8mgpukb24wrpni1sg1uwb2s7gbjqe}{openid=>orYumuIfxuhm04zKXfsiymwJPKqk}{out_trade_no=>LX-17091621285675101-8}{result_code=>SUCCESS}{return_code=>SUCCESS}{sign=>E8A0C053971A725EAFB4B7A4ECC2043A}{time_end=>20170917100107}{total_fee=>781275}{trade_type=>NATIVE}{transaction_id=>4010162001201709172567989291}]
[2017-09-17 10:01:08][info] k:appid=>wxefc029d4373dcac0
[2017-09-17 10:01:08][info] k:bank_type=>CIB_DEBIT
[2017-09-17 10:01:08][info] k:cash_fee=>781275
[2017-09-17 10:01:08][info] k:fee_type=>CNY
[2017-09-17 10:01:08][info] k:is_subscribe=>N
[2017-09-17 10:01:08][info] k:mch_id=>1244967502
[2017-09-17 10:01:08][info] k:nonce_str=>9ab8mgpukb24wrpni1sg1uwb2s7gbjqe
[2017-09-17 10:01:08][info] k:openid=>orYumuIfxuhm04zKXfsiymwJPKqk
[2017-09-17 10:01:08][info] k:out_trade_no=>LX-17091621285675101-8
[2017-09-17 10:01:08][info] k:result_code=>SUCCESS
[2017-09-17 10:01:08][info] k:return_code=>SUCCESS
[2017-09-17 10:01:08][info] k:sign=>E8A0C053971A725EAFB4B7A4ECC2043A
[2017-09-17 10:01:08][info] k:time_end=>20170917100107
[2017-09-17 10:01:08][info] k:total_fee=>781275
[2017-09-17 10:01:08][info] k:trade_type=>NATIVE
[2017-09-17 10:01:08][info] k:transaction_id=>4010162001201709172567989291
[2017-09-17 10:01:08][info] ----------------------------------------
[2017-09-17 10:01:08][info] XML_DATA222:{"appid":"wxefc029d4373dcac0","bank_type":"CIB_DEBIT","cash_fee":"7812.75","fee_type":"CNY","is_subscribe":"N","mch_id":"1244967502","nonce_str":"9ab8mgpukb24wrpni1sg1uwb2s7gbjqe","openid":"orYumuIfxuhm04zKXfsiymwJPKqk","out_trade_no":"LX-17091621285675101-8","result_code":"SUCCESS","return_code":"SUCCESS","sign":"E8A0C053971A725EAFB4B7A4ECC2043A","time_end":"20170917100107","total_fee":"7812.75","trade_type":"NATIVE","transaction_id":"4010162001201709172567989291"}
[2017-09-17 10:01:08][warn] 数据存储成功，并成功返回记录编号19079！
[2017-09-17 10:01:20][info] ----------------------------------------
[2017-09-17 10:01:20][info] XML_DATA111:[{appid=>wxefc029d4373dcac0}{bank_type=>CIB_DEBIT}{cash_fee=>781275}{fee_type=>CNY}{is_subscribe=>N}{mch_id=>1244967502}{nonce_str=>9ab8mgpukb24wrpni1sg1uwb2s7gbjqe}{openid=>orYumuIfxuhm04zKXfsiymwJPKqk}{out_trade_no=>LX-17091621285675101-8}{result_code=>SUCCESS}{return_code=>SUCCESS}{sign=>E8A0C053971A725EAFB4B7A4ECC2043A}{time_end=>20170917100107}{total_fee=>781275}{trade_type=>NATIVE}{transaction_id=>4010162001201709172567989291}]
[2017-09-17 10:01:20][info] k:appid=>wxefc029d4373dcac0
[2017-09-17 10:01:20][info] k:bank_type=>CIB_DEBIT
[2017-09-17 10:01:20][info] k:cash_fee=>781275
[2017-09-17 10:01:20][info] k:fee_type=>CNY
[2017-09-17 10:01:20][info] k:is_subscribe=>N
[2017-09-17 10:01:20][info] k:mch_id=>1244967502
[2017-09-17 10:01:20][info] k:nonce_str=>9ab8mgpukb24wrpni1sg1uwb2s7gbjqe
[2017-09-17 10:01:20][info] k:openid=>orYumuIfxuhm04zKXfsiymwJPKqk
[2017-09-17 10:01:20][info] k:out_trade_no=>LX-17091621285675101-8
[2017-09-17 10:01:20][info] k:result_code=>SUCCESS
[2017-09-17 10:01:20][info] k:return_code=>SUCCESS
[2017-09-17 10:01:20][info] k:sign=>E8A0C053971A725EAFB4B7A4ECC2043A
[2017-09-17 10:01:20][info] k:time_end=>20170917100107
[2017-09-17 10:01:20][info] k:total_fee=>781275
[2017-09-17 10:01:20][info] k:trade_type=>NATIVE
[2017-09-17 10:01:20][info] k:transaction_id=>4010162001201709172567989291
[2017-09-17 10:01:20][info] ----------------------------------------
[2017-09-17 10:01:20][info] XML_DATA222:{"appid":"wxefc029d4373dcac0","bank_type":"CIB_DEBIT","cash_fee":"7812.75","fee_type":"CNY","is_subscribe":"N","mch_id":"1244967502","nonce_str":"9ab8mgpukb24wrpni1sg1uwb2s7gbjqe","openid":"orYumuIfxuhm04zKXfsiymwJPKqk","out_trade_no":"LX-17091621285675101-8","result_code":"SUCCESS","return_code":"SUCCESS","sign":"E8A0C053971A725EAFB4B7A4ECC2043A","time_end":"20170917100107","total_fee":"7812.75","trade_type":"NATIVE","transaction_id":"4010162001201709172567989291"}
[2017-09-17 10:01:20][info] 收到重复信息，并处理反馈成功！
[2017-09-17 10:01:20][info] success
[2017-09-17 10:01:20][info] 写入结束!!!
[2017-09-17 10:58:40][info] ----------------------------------------
[2017-09-17 10:58:40][info] XML_DATA111:[{appid=>wxefc029d4373dcac0}{bank_type=>ABC_DEBIT}{cash_fee=>348000}{fee_type=>CNY}{is_subscribe=>N}{mch_id=>1244967502}{nonce_str=>54ik2dnc5xb5tm0i8ea1c7q0mojldyu3}{openid=>orYumuNpWHeraOuIeqPG8yMo4qgM}{out_trade_no=>LX-17091620282952401-d}{result_code=>SUCCESS}{return_code=>SUCCESS}{sign=>F3B1563FB98A8496DBFC6411FC60FEEE}{time_end=>20170917105840}{total_fee=>348000}{trade_type=>NATIVE}{transaction_id=>4008852001201709172577806331}]
[2017-09-17 10:58:40][info] k:appid=>wxefc029d4373dcac0
[2017-09-17 10:58:40][info] k:bank_type=>ABC_DEBIT
[2017-09-17 10:58:40][info] k:cash_fee=>348000
[2017-09-17 10:58:40][info] k:fee_type=>CNY
[2017-09-17 10:58:40][info] k:is_subscribe=>N
[2017-09-17 10:58:40][info] k:mch_id=>1244967502
[2017-09-17 10:58:40][info] k:nonce_str=>54ik2dnc5xb5tm0i8ea1c7q0mojldyu3
[2017-09-17 10:58:40][info] k:openid=>orYumuNpWHeraOuIeqPG8yMo4qgM
[2017-09-17 10:58:40][info] k:out_trade_no=>LX-17091620282952401-d
[2017-09-17 10:58:40][info] k:result_code=>SUCCESS
[2017-09-17 10:58:40][info] k:return_code=>SUCCESS
[2017-09-17 10:58:40][info] k:sign=>F3B1563FB98A8496DBFC6411FC60FEEE
[2017-09-17 10:58:40][info] k:time_end=>20170917105840
[2017-09-17 10:58:40][info] k:total_fee=>348000
[2017-09-17 10:58:40][info] k:trade_type=>NATIVE
[2017-09-17 10:58:40][info] k:transaction_id=>4008852001201709172577806331
[2017-09-17 10:58:40][info] ----------------------------------------
[2017-09-17 10:58:40][info] XML_DATA222:{"appid":"wxefc029d4373dcac0","bank_type":"ABC_DEBIT","cash_fee":"3480.00","fee_type":"CNY","is_subscribe":"N","mch_id":"1244967502","nonce_str":"54ik2dnc5xb5tm0i8ea1c7q0mojldyu3","openid":"orYumuNpWHeraOuIeqPG8yMo4qgM","out_trade_no":"LX-17091620282952401-d","result_code":"SUCCESS","return_code":"SUCCESS","sign":"F3B1563FB98A8496DBFC6411FC60FEEE","time_end":"20170917105840","total_fee":"3480.00","trade_type":"NATIVE","transaction_id":"4008852001201709172577806331"}
[2017-09-17 10:58:40][warn] 数据存储成功，并成功返回记录编号19081！
[2017-09-17 10:58:50][info] ----------------------------------------
[2017-09-17 10:58:50][info] XML_DATA111:[{appid=>wxefc029d4373dcac0}{bank_type=>ABC_DEBIT}{cash_fee=>348000}{fee_type=>CNY}{is_subscribe=>N}{mch_id=>1244967502}{nonce_str=>54ik2dnc5xb5tm0i8ea1c7q0mojldyu3}{openid=>orYumuNpWHeraOuIeqPG8yMo4qgM}{out_trade_no=>LX-17091620282952401-d}{result_code=>SUCCESS}{return_code=>SUCCESS}{sign=>F3B1563FB98A8496DBFC6411FC60FEEE}{time_end=>20170917105840}{total_fee=>348000}{trade_type=>NATIVE}{transaction_id=>4008852001201709172577806331}]
[2017-09-17 10:58:50][info] k:appid=>wxefc029d4373dcac0
[2017-09-17 10:58:50][info] k:bank_type=>ABC_DEBIT
[2017-09-17 10:58:50][info] k:cash_fee=>348000
[2017-09-17 10:58:50][info] k:fee_type=>CNY
[2017-09-17 10:58:50][info] k:is_subscribe=>N
[2017-09-17 10:58:50][info] k:mch_id=>1244967502
[2017-09-17 10:58:50][info] k:nonce_str=>54ik2dnc5xb5tm0i8ea1c7q0mojldyu3
[2017-09-17 10:58:50][info] k:openid=>orYumuNpWHeraOuIeqPG8yMo4qgM
[2017-09-17 10:58:50][info] k:out_trade_no=>LX-17091620282952401-d
[2017-09-17 10:58:50][info] k:result_code=>SUCCESS
[2017-09-17 10:58:50][info] k:return_code=>SUCCESS
[2017-09-17 10:58:50][info] k:sign=>F3B1563FB98A8496DBFC6411FC60FEEE
[2017-09-17 10:58:50][info] k:time_end=>20170917105840
[2017-09-17 10:58:50][info] k:total_fee=>348000
[2017-09-17 10:58:50][info] k:trade_type=>NATIVE
[2017-09-17 10:58:50][info] k:transaction_id=>4008852001201709172577806331
[2017-09-17 10:58:50][info] ----------------------------------------
[2017-09-17 10:58:50][info] XML_DATA222:{"appid":"wxefc029d4373dcac0","bank_type":"ABC_DEBIT","cash_fee":"3480.00","fee_type":"CNY","is_subscribe":"N","mch_id":"1244967502","nonce_str":"54ik2dnc5xb5tm0i8ea1c7q0mojldyu3","openid":"orYumuNpWHeraOuIeqPG8yMo4qgM","out_trade_no":"LX-17091620282952401-d","result_code":"SUCCESS","return_code":"SUCCESS","sign":"F3B1563FB98A8496DBFC6411FC60FEEE","time_end":"20170917105840","total_fee":"3480.00","trade_type":"NATIVE","transaction_id":"4008852001201709172577806331"}
[2017-09-17 10:58:50][info] 收到重复信息，并处理反馈成功！
[2017-09-17 10:58:50][info] success
[2017-09-17 10:58:50][info] 写入结束!!!
[2017-09-17 13:54:31][info] ----------------------------------------
[2017-09-17 13:54:31][info] XML_DATA111:[{appid=>wxefc029d4373dcac0}{bank_type=>ICBC_CREDIT}{cash_fee=>498000}{fee_type=>CNY}{is_subscribe=>Y}{mch_id=>1244967502}{nonce_str=>csdnbw1s6lx3pto15q882d83zuxnt7si}{openid=>orYumuJPMJ_q2DtzHXGvd2lWt1Ko}{out_trade_no=>LX-17090521291343401-4}{result_code=>SUCCESS}{return_code=>SUCCESS}{sign=>8F5B3EEBE15AAB91E0356D44A36D7831}{time_end=>20170917135430}{total_fee=>498000}{trade_type=>NATIVE}{transaction_id=>4005922001201709172616806349}]
[2017-09-17 13:54:31][info] k:appid=>wxefc029d4373dcac0
[2017-09-17 13:54:31][info] k:bank_type=>ICBC_CREDIT
[2017-09-17 13:54:31][info] k:cash_fee=>498000
[2017-09-17 13:54:31][info] k:fee_type=>CNY
[2017-09-17 13:54:31][info] k:is_subscribe=>Y
[2017-09-17 13:54:31][info] k:mch_id=>1244967502
[2017-09-17 13:54:31][info] k:nonce_str=>csdnbw1s6lx3pto15q882d83zuxnt7si
[2017-09-17 13:54:31][info] k:openid=>orYumuJPMJ_q2DtzHXGvd2lWt1Ko
[2017-09-17 13:54:31][info] k:out_trade_no=>LX-17090521291343401-4
[2017-09-17 13:54:31][info] k:result_code=>SUCCESS
[2017-09-17 13:54:31][info] k:return_code=>SUCCESS
[2017-09-17 13:54:31][info] k:sign=>8F5B3EEBE15AAB91E0356D44A36D7831
[2017-09-17 13:54:31][info] k:time_end=>20170917135430
[2017-09-17 13:54:31][info] k:total_fee=>498000
[2017-09-17 13:54:31][info] k:trade_type=>NATIVE
[2017-09-17 13:54:31][info] k:transaction_id=>4005922001201709172616806349
[2017-09-17 13:54:31][info] ----------------------------------------
[2017-09-17 13:54:31][info] XML_DATA222:{"appid":"wxefc029d4373dcac0","bank_type":"ICBC_CREDIT","cash_fee":"4980.00","fee_type":"CNY","is_subscribe":"Y","mch_id":"1244967502","nonce_str":"csdnbw1s6lx3pto15q882d83zuxnt7si","openid":"orYumuJPMJ_q2DtzHXGvd2lWt1Ko","out_trade_no":"LX-17090521291343401-4","result_code":"SUCCESS","return_code":"SUCCESS","sign":"8F5B3EEBE15AAB91E0356D44A36D7831","time_end":"20170917135430","total_fee":"4980.00","trade_type":"NATIVE","transaction_id":"4005922001201709172616806349"}
[2017-09-17 13:54:31][warn] 数据存储成功，并成功返回记录编号19083！
[2017-09-17 13:54:48][info] ----------------------------------------
[2017-09-17 13:54:48][info] XML_DATA111:[{appid=>wxefc029d4373dcac0}{bank_type=>ICBC_CREDIT}{cash_fee=>498000}{fee_type=>CNY}{is_subscribe=>Y}{mch_id=>1244967502}{nonce_str=>csdnbw1s6lx3pto15q882d83zuxnt7si}{openid=>orYumuJPMJ_q2DtzHXGvd2lWt1Ko}{out_trade_no=>LX-17090521291343401-4}{result_code=>SUCCESS}{return_code=>SUCCESS}{sign=>8F5B3EEBE15AAB91E0356D44A36D7831}{time_end=>20170917135430}{total_fee=>498000}{trade_type=>NATIVE}{transaction_id=>4005922001201709172616806349}]
[2017-09-17 13:54:48][info] k:appid=>wxefc029d4373dcac0
[2017-09-17 13:54:48][info] k:bank_type=>ICBC_CREDIT
[2017-09-17 13:54:48][info] k:cash_fee=>498000
[2017-09-17 13:54:48][info] k:fee_type=>CNY
[2017-09-17 13:54:48][info] k:is_subscribe=>Y
[2017-09-17 13:54:48][info] k:mch_id=>1244967502
[2017-09-17 13:54:48][info] k:nonce_str=>csdnbw1s6lx3pto15q882d83zuxnt7si
[2017-09-17 13:54:48][info] k:openid=>orYumuJPMJ_q2DtzHXGvd2lWt1Ko
[2017-09-17 13:54:48][info] k:out_trade_no=>LX-17090521291343401-4
[2017-09-17 13:54:48][info] k:result_code=>SUCCESS
[2017-09-17 13:54:48][info] k:return_code=>SUCCESS
[2017-09-17 13:54:48][info] k:sign=>8F5B3EEBE15AAB91E0356D44A36D7831
[2017-09-17 13:54:48][info] k:time_end=>20170917135430
[2017-09-17 13:54:48][info] k:total_fee=>498000
[2017-09-17 13:54:48][info] k:trade_type=>NATIVE
[2017-09-17 13:54:48][info] k:transaction_id=>4005922001201709172616806349
[2017-09-17 13:54:48][info] ----------------------------------------
[2017-09-17 13:54:48][info] XML_DATA222:{"appid":"wxefc029d4373dcac0","bank_type":"ICBC_CREDIT","cash_fee":"4980.00","fee_type":"CNY","is_subscribe":"Y","mch_id":"1244967502","nonce_str":"csdnbw1s6lx3pto15q882d83zuxnt7si","openid":"orYumuJPMJ_q2DtzHXGvd2lWt1Ko","out_trade_no":"LX-17090521291343401-4","result_code":"SUCCESS","return_code":"SUCCESS","sign":"8F5B3EEBE15AAB91E0356D44A36D7831","time_end":"20170917135430","total_fee":"4980.00","trade_type":"NATIVE","transaction_id":"4005922001201709172616806349"}
[2017-09-17 13:54:48][info] 收到重复信息，并处理反馈成功！
[2017-09-17 13:54:48][info] success
[2017-09-17 13:54:48][info] 写入结束!!!
[2017-09-17 13:58:50][info] ----------------------------------------
[2017-09-17 13:58:50][info] XML_DATA111:[{appid=>wxefc029d4373dcac0}{bank_type=>ICBC_CREDIT}{cash_fee=>498000}{fee_type=>CNY}{is_subscribe=>Y}{mch_id=>1244967502}{nonce_str=>ory339xladgqox2hkvlth1tuk5kywc2d}{openid=>orYumuJPMJ_q2DtzHXGvd2lWt1Ko}{out_trade_no=>LX-17091713494487701-6}{result_code=>SUCCESS}{return_code=>SUCCESS}{sign=>844F010381E652050549BA9E86753376}{time_end=>20170917135849}{total_fee=>498000}{trade_type=>NATIVE}{transaction_id=>4005922001201709172617002328}]
[2017-09-17 13:58:50][info] k:appid=>wxefc029d4373dcac0
[2017-09-17 13:58:50][info] k:bank_type=>ICBC_CREDIT
[2017-09-17 13:58:50][info] k:cash_fee=>498000
[2017-09-17 13:58:50][info] k:fee_type=>CNY
[2017-09-17 13:58:50][info] k:is_subscribe=>Y
[2017-09-17 13:58:50][info] k:mch_id=>1244967502
[2017-09-17 13:58:50][info] k:nonce_str=>ory339xladgqox2hkvlth1tuk5kywc2d
[2017-09-17 13:58:50][info] k:openid=>orYumuJPMJ_q2DtzHXGvd2lWt1Ko
[2017-09-17 13:58:50][info] k:out_trade_no=>LX-17091713494487701-6
[2017-09-17 13:58:50][info] k:result_code=>SUCCESS
[2017-09-17 13:58:50][info] k:return_code=>SUCCESS
[2017-09-17 13:58:50][info] k:sign=>844F010381E652050549BA9E86753376
[2017-09-17 13:58:50][info] k:time_end=>20170917135849
[2017-09-17 13:58:50][info] k:total_fee=>498000
[2017-09-17 13:58:50][info] k:trade_type=>NATIVE
[2017-09-17 13:58:50][info] k:transaction_id=>4005922001201709172617002328
[2017-09-17 13:58:50][info] ----------------------------------------
[2017-09-17 13:58:50][info] XML_DATA222:{"appid":"wxefc029d4373dcac0","bank_type":"ICBC_CREDIT","cash_fee":"4980.00","fee_type":"CNY","is_subscribe":"Y","mch_id":"1244967502","nonce_str":"ory339xladgqox2hkvlth1tuk5kywc2d","openid":"orYumuJPMJ_q2DtzHXGvd2lWt1Ko","out_trade_no":"LX-17091713494487701-6","result_code":"SUCCESS","return_code":"SUCCESS","sign":"844F010381E652050549BA9E86753376","time_end":"20170917135849","total_fee":"4980.00","trade_type":"NATIVE","transaction_id":"4005922001201709172617002328"}
[2017-09-17 13:58:50][warn] 数据存储成功，并成功返回记录编号19084！
[2017-09-17 13:59:03][info] ----------------------------------------
[2017-09-17 13:59:03][info] XML_DATA111:[{appid=>wxefc029d4373dcac0}{bank_type=>ICBC_CREDIT}{cash_fee=>498000}{fee_type=>CNY}{is_subscribe=>Y}{mch_id=>1244967502}{nonce_str=>ory339xladgqox2hkvlth1tuk5kywc2d}{openid=>orYumuJPMJ_q2DtzHXGvd2lWt1Ko}{out_trade_no=>LX-17091713494487701-6}{result_code=>SUCCESS}{return_code=>SUCCESS}{sign=>844F010381E652050549BA9E86753376}{time_end=>20170917135849}{total_fee=>498000}{trade_type=>NATIVE}{transaction_id=>4005922001201709172617002328}]
[2017-09-17 13:59:03][info] k:appid=>wxefc029d4373dcac0
[2017-09-17 13:59:03][info] k:bank_type=>ICBC_CREDIT
[2017-09-17 13:59:03][info] k:cash_fee=>498000
[2017-09-17 13:59:03][info] k:fee_type=>CNY
[2017-09-17 13:59:03][info] k:is_subscribe=>Y
[2017-09-17 13:59:03][info] k:mch_id=>1244967502
[2017-09-17 13:59:03][info] k:nonce_str=>ory339xladgqox2hkvlth1tuk5kywc2d
[2017-09-17 13:59:03][info] k:openid=>orYumuJPMJ_q2DtzHXGvd2lWt1Ko
[2017-09-17 13:59:03][info] k:out_trade_no=>LX-17091713494487701-6
[2017-09-17 13:59:03][info] k:result_code=>SUCCESS
[2017-09-17 13:59:03][info] k:return_code=>SUCCESS
[2017-09-17 13:59:03][info] k:sign=>844F010381E652050549BA9E86753376
[2017-09-17 13:59:03][info] k:time_end=>20170917135849
[2017-09-17 13:59:03][info] k:total_fee=>498000
[2017-09-17 13:59:03][info] k:trade_type=>NATIVE
[2017-09-17 13:59:03][info] k:transaction_id=>4005922001201709172617002328
[2017-09-17 13:59:03][info] ----------------------------------------
[2017-09-17 13:59:03][info] XML_DATA222:{"appid":"wxefc029d4373dcac0","bank_type":"ICBC_CREDIT","cash_fee":"4980.00","fee_type":"CNY","is_subscribe":"Y","mch_id":"1244967502","nonce_str":"ory339xladgqox2hkvlth1tuk5kywc2d","openid":"orYumuJPMJ_q2DtzHXGvd2lWt1Ko","out_trade_no":"LX-17091713494487701-6","result_code":"SUCCESS","return_code":"SUCCESS","sign":"844F010381E652050549BA9E86753376","time_end":"20170917135849","total_fee":"4980.00","trade_type":"NATIVE","transaction_id":"4005922001201709172617002328"}
[2017-09-17 13:59:03][info] 收到重复信息，并处理反馈成功！
[2017-09-17 13:59:03][info] success
[2017-09-17 13:59:03][info] 写入结束!!!
[2017-09-17 13:59:44][info] ----------------------------------------
[2017-09-17 13:59:44][info] XML_DATA111:[{appid=>wxefc029d4373dcac0}{bank_type=>ICBC_CREDIT}{cash_fee=>498000}{fee_type=>CNY}{is_subscribe=>Y}{mch_id=>1244967502}{nonce_str=>o3mbmux303de4rrwqnkf14hyyvmu06x8}{openid=>orYumuJPMJ_q2DtzHXGvd2lWt1Ko}{out_trade_no=>LX-17091713530032101-d}{result_code=>SUCCESS}{return_code=>SUCCESS}{sign=>2D55B7C58AD1FC2A6B0322C148E445D9}{time_end=>20170917135944}{total_fee=>498000}{trade_type=>NATIVE}{transaction_id=>4005922001201709172614053359}]
[2017-09-17 13:59:44][info] k:appid=>wxefc029d4373dcac0
[2017-09-17 13:59:44][info] k:bank_type=>ICBC_CREDIT
[2017-09-17 13:59:44][info] k:cash_fee=>498000
[2017-09-17 13:59:44][info] k:fee_type=>CNY
[2017-09-17 13:59:44][info] k:is_subscribe=>Y
[2017-09-17 13:59:44][info] k:mch_id=>1244967502
[2017-09-17 13:59:44][info] k:nonce_str=>o3mbmux303de4rrwqnkf14hyyvmu06x8
[2017-09-17 13:59:44][info] k:openid=>orYumuJPMJ_q2DtzHXGvd2lWt1Ko
[2017-09-17 13:59:44][info] k:out_trade_no=>LX-17091713530032101-d
[2017-09-17 13:59:44][info] k:result_code=>SUCCESS
[2017-09-17 13:59:44][info] k:return_code=>SUCCESS
[2017-09-17 13:59:44][info] k:sign=>2D55B7C58AD1FC2A6B0322C148E445D9
[2017-09-17 13:59:44][info] k:time_end=>20170917135944
[2017-09-17 13:59:44][info] k:total_fee=>498000
[2017-09-17 13:59:44][info] k:trade_type=>NATIVE
[2017-09-17 13:59:44][info] k:transaction_id=>4005922001201709172614053359
[2017-09-17 13:59:44][info] ----------------------------------------
[2017-09-17 13:59:44][info] XML_DATA222:{"appid":"wxefc029d4373dcac0","bank_type":"ICBC_CREDIT","cash_fee":"4980.00","fee_type":"CNY","is_subscribe":"Y","mch_id":"1244967502","nonce_str":"o3mbmux303de4rrwqnkf14hyyvmu06x8","openid":"orYumuJPMJ_q2DtzHXGvd2lWt1Ko","out_trade_no":"LX-17091713530032101-d","result_code":"SUCCESS","return_code":"SUCCESS","sign":"2D55B7C58AD1FC2A6B0322C148E445D9","time_end":"20170917135944","total_fee":"4980.00","trade_type":"NATIVE","transaction_id":"4005922001201709172614053359"}
[2017-09-17 13:59:44][warn] 数据存储成功，并成功返回记录编号19085！
[2017-09-17 13:59:59][info] ----------------------------------------
[2017-09-17 13:59:59][info] XML_DATA111:[{appid=>wxefc029d4373dcac0}{bank_type=>ICBC_CREDIT}{cash_fee=>498000}{fee_type=>CNY}{is_subscribe=>Y}{mch_id=>1244967502}{nonce_str=>o3mbmux303de4rrwqnkf14hyyvmu06x8}{openid=>orYumuJPMJ_q2DtzHXGvd2lWt1Ko}{out_trade_no=>LX-17091713530032101-d}{result_code=>SUCCESS}{return_code=>SUCCESS}{sign=>2D55B7C58AD1FC2A6B0322C148E445D9}{time_end=>20170917135944}{total_fee=>498000}{trade_type=>NATIVE}{transaction_id=>4005922001201709172614053359}]
[2017-09-17 13:59:59][info] k:appid=>wxefc029d4373dcac0
[2017-09-17 13:59:59][info] k:bank_type=>ICBC_CREDIT
[2017-09-17 13:59:59][info] k:cash_fee=>498000
[2017-09-17 13:59:59][info] k:fee_type=>CNY
[2017-09-17 13:59:59][info] k:is_subscribe=>Y
[2017-09-17 13:59:59][info] k:mch_id=>1244967502
[2017-09-17 13:59:59][info] k:nonce_str=>o3mbmux303de4rrwqnkf14hyyvmu06x8
[2017-09-17 13:59:59][info] k:openid=>orYumuJPMJ_q2DtzHXGvd2lWt1Ko
[2017-09-17 13:59:59][info] k:out_trade_no=>LX-17091713530032101-d
[2017-09-17 13:59:59][info] k:result_code=>SUCCESS
[2017-09-17 13:59:59][info] k:return_code=>SUCCESS
[2017-09-17 13:59:59][info] k:sign=>2D55B7C58AD1FC2A6B0322C148E445D9
[2017-09-17 13:59:59][info] k:time_end=>20170917135944
[2017-09-17 13:59:59][info] k:total_fee=>498000
[2017-09-17 13:59:59][info] k:trade_type=>NATIVE
[2017-09-17 13:59:59][info] k:transaction_id=>4005922001201709172614053359
[2017-09-17 13:59:59][info] ----------------------------------------
[2017-09-17 13:59:59][info] XML_DATA222:{"appid":"wxefc029d4373dcac0","bank_type":"ICBC_CREDIT","cash_fee":"4980.00","fee_type":"CNY","is_subscribe":"Y","mch_id":"1244967502","nonce_str":"o3mbmux303de4rrwqnkf14hyyvmu06x8","openid":"orYumuJPMJ_q2DtzHXGvd2lWt1Ko","out_trade_no":"LX-17091713530032101-d","result_code":"SUCCESS","return_code":"SUCCESS","sign":"2D55B7C58AD1FC2A6B0322C148E445D9","time_end":"20170917135944","total_fee":"4980.00","trade_type":"NATIVE","transaction_id":"4005922001201709172614053359"}
[2017-09-17 13:59:59][info] 收到重复信息，并处理反馈成功！
[2017-09-17 13:59:59][info] success
[2017-09-17 13:59:59][info] 写入结束!!!
[2017-09-17 17:50:13][info] ----------------------------------------
[2017-09-17 17:50:13][info] XML_DATA111:[{appid=>wxefc029d4373dcac0}{bank_type=>ICBC_DEBIT}{cash_fee=>319000}{fee_type=>CNY}{is_subscribe=>N}{mch_id=>1244967502}{nonce_str=>v92lp3ts9ey95xj0l893jh0kvym025tj}{openid=>orYumuKmlhGLAeR1NnG_0Vbm2M5A}{out_trade_no=>LX-17091711212957406-f}{result_code=>SUCCESS}{return_code=>SUCCESS}{sign=>A5FECA545F2CE1FBCAB2AF8512A201D5}{time_end=>20170917175012}{total_fee=>319000}{trade_type=>NATIVE}{transaction_id=>4005202001201709172656301581}]
[2017-09-17 17:50:13][info] k:appid=>wxefc029d4373dcac0
[2017-09-17 17:50:13][info] k:bank_type=>ICBC_DEBIT
[2017-09-17 17:50:13][info] k:cash_fee=>319000
[2017-09-17 17:50:13][info] k:fee_type=>CNY
[2017-09-17 17:50:13][info] k:is_subscribe=>N
[2017-09-17 17:50:13][info] k:mch_id=>1244967502
[2017-09-17 17:50:13][info] k:nonce_str=>v92lp3ts9ey95xj0l893jh0kvym025tj
[2017-09-17 17:50:13][info] k:openid=>orYumuKmlhGLAeR1NnG_0Vbm2M5A
[2017-09-17 17:50:13][info] k:out_trade_no=>LX-17091711212957406-f
[2017-09-17 17:50:13][info] k:result_code=>SUCCESS
[2017-09-17 17:50:13][info] k:return_code=>SUCCESS
[2017-09-17 17:50:13][info] k:sign=>A5FECA545F2CE1FBCAB2AF8512A201D5
[2017-09-17 17:50:13][info] k:time_end=>20170917175012
[2017-09-17 17:50:13][info] k:total_fee=>319000
[2017-09-17 17:50:13][info] k:trade_type=>NATIVE
[2017-09-17 17:50:13][info] k:transaction_id=>4005202001201709172656301581
[2017-09-17 17:50:13][info] ----------------------------------------
[2017-09-17 17:50:13][info] XML_DATA222:{"appid":"wxefc029d4373dcac0","bank_type":"ICBC_DEBIT","cash_fee":"3190.00","fee_type":"CNY","is_subscribe":"N","mch_id":"1244967502","nonce_str":"v92lp3ts9ey95xj0l893jh0kvym025tj","openid":"orYumuKmlhGLAeR1NnG_0Vbm2M5A","out_trade_no":"LX-17091711212957406-f","result_code":"SUCCESS","return_code":"SUCCESS","sign":"A5FECA545F2CE1FBCAB2AF8512A201D5","time_end":"20170917175012","total_fee":"3190.00","trade_type":"NATIVE","transaction_id":"4005202001201709172656301581"}
[2017-09-17 17:50:13][warn] 数据存储成功，并成功返回记录编号19088！
[2017-09-17 17:50:32][info] ----------------------------------------
[2017-09-17 17:50:32][info] XML_DATA111:[{appid=>wxefc029d4373dcac0}{bank_type=>ICBC_DEBIT}{cash_fee=>319000}{fee_type=>CNY}{is_subscribe=>N}{mch_id=>1244967502}{nonce_str=>v92lp3ts9ey95xj0l893jh0kvym025tj}{openid=>orYumuKmlhGLAeR1NnG_0Vbm2M5A}{out_trade_no=>LX-17091711212957406-f}{result_code=>SUCCESS}{return_code=>SUCCESS}{sign=>A5FECA545F2CE1FBCAB2AF8512A201D5}{time_end=>20170917175012}{total_fee=>319000}{trade_type=>NATIVE}{transaction_id=>4005202001201709172656301581}]
[2017-09-17 17:50:32][info] k:appid=>wxefc029d4373dcac0
[2017-09-17 17:50:32][info] k:bank_type=>ICBC_DEBIT
[2017-09-17 17:50:32][info] k:cash_fee=>319000
[2017-09-17 17:50:32][info] k:fee_type=>CNY
[2017-09-17 17:50:32][info] k:is_subscribe=>N
[2017-09-17 17:50:32][info] k:mch_id=>1244967502
[2017-09-17 17:50:32][info] k:nonce_str=>v92lp3ts9ey95xj0l893jh0kvym025tj
[2017-09-17 17:50:32][info] k:openid=>orYumuKmlhGLAeR1NnG_0Vbm2M5A
[2017-09-17 17:50:32][info] k:out_trade_no=>LX-17091711212957406-f
[2017-09-17 17:50:32][info] k:result_code=>SUCCESS
[2017-09-17 17:50:32][info] k:return_code=>SUCCESS
[2017-09-17 17:50:32][info] k:sign=>A5FECA545F2CE1FBCAB2AF8512A201D5
[2017-09-17 17:50:32][info] k:time_end=>20170917175012
[2017-09-17 17:50:32][info] k:total_fee=>319000
[2017-09-17 17:50:32][info] k:trade_type=>NATIVE
[2017-09-17 17:50:32][info] k:transaction_id=>4005202001201709172656301581
[2017-09-17 17:50:32][info] ----------------------------------------
[2017-09-17 17:50:32][info] XML_DATA222:{"appid":"wxefc029d4373dcac0","bank_type":"ICBC_DEBIT","cash_fee":"3190.00","fee_type":"CNY","is_subscribe":"N","mch_id":"1244967502","nonce_str":"v92lp3ts9ey95xj0l893jh0kvym025tj","openid":"orYumuKmlhGLAeR1NnG_0Vbm2M5A","out_trade_no":"LX-17091711212957406-f","result_code":"SUCCESS","return_code":"SUCCESS","sign":"A5FECA545F2CE1FBCAB2AF8512A201D5","time_end":"20170917175012","total_fee":"3190.00","trade_type":"NATIVE","transaction_id":"4005202001201709172656301581"}
[2017-09-17 17:50:32][info] 收到重复信息，并处理反馈成功！
[2017-09-17 17:50:32][info] success
[2017-09-17 17:50:32][info] 写入结束!!!
[2017-09-17 17:51:56][info] ----------------------------------------
[2017-09-17 17:51:56][info] XML_DATA111:[{appid=>wxefc029d4373dcac0}{bank_type=>ICBC_DEBIT}{cash_fee=>776000}{fee_type=>CNY}{is_subscribe=>N}{mch_id=>1244967502}{nonce_str=>v9xajrrrkpulvfvxmkuba7wetwbo6cr3}{openid=>orYumuCbzeD7Y-fB562rxOh7B5G8}{out_trade_no=>LX-17091717344274101-f}{result_code=>SUCCESS}{return_code=>SUCCESS}{sign=>182F037EFF4C81187D2B1BF6F46AFC21}{time_end=>20170917175156}{total_fee=>776000}{trade_type=>NATIVE}{transaction_id=>4008052001201709172658537083}]
[2017-09-17 17:51:56][info] k:appid=>wxefc029d4373dcac0
[2017-09-17 17:51:56][info] k:bank_type=>ICBC_DEBIT
[2017-09-17 17:51:56][info] k:cash_fee=>776000
[2017-09-17 17:51:56][info] k:fee_type=>CNY
[2017-09-17 17:51:56][info] k:is_subscribe=>N
[2017-09-17 17:51:56][info] k:mch_id=>1244967502
[2017-09-17 17:51:56][info] k:nonce_str=>v9xajrrrkpulvfvxmkuba7wetwbo6cr3
[2017-09-17 17:51:56][info] k:openid=>orYumuCbzeD7Y-fB562rxOh7B5G8
[2017-09-17 17:51:56][info] k:out_trade_no=>LX-17091717344274101-f
[2017-09-17 17:51:56][info] k:result_code=>SUCCESS
[2017-09-17 17:51:56][info] k:return_code=>SUCCESS
[2017-09-17 17:51:56][info] k:sign=>182F037EFF4C81187D2B1BF6F46AFC21
[2017-09-17 17:51:56][info] k:time_end=>20170917175156
[2017-09-17 17:51:56][info] k:total_fee=>776000
[2017-09-17 17:51:56][info] k:trade_type=>NATIVE
[2017-09-17 17:51:56][info] k:transaction_id=>4008052001201709172658537083
[2017-09-17 17:51:56][info] ----------------------------------------
[2017-09-17 17:51:56][info] XML_DATA222:{"appid":"wxefc029d4373dcac0","bank_type":"ICBC_DEBIT","cash_fee":"7760.00","fee_type":"CNY","is_subscribe":"N","mch_id":"1244967502","nonce_str":"v9xajrrrkpulvfvxmkuba7wetwbo6cr3","openid":"orYumuCbzeD7Y-fB562rxOh7B5G8","out_trade_no":"LX-17091717344274101-f","result_code":"SUCCESS","return_code":"SUCCESS","sign":"182F037EFF4C81187D2B1BF6F46AFC21","time_end":"20170917175156","total_fee":"7760.00","trade_type":"NATIVE","transaction_id":"4008052001201709172658537083"}
[2017-09-17 17:51:57][warn] 数据存储成功，并成功返回记录编号19089！
[2017-09-17 17:52:17][info] ----------------------------------------
[2017-09-17 17:52:17][info] XML_DATA111:[{appid=>wxefc029d4373dcac0}{bank_type=>ICBC_DEBIT}{cash_fee=>776000}{fee_type=>CNY}{is_subscribe=>N}{mch_id=>1244967502}{nonce_str=>v9xajrrrkpulvfvxmkuba7wetwbo6cr3}{openid=>orYumuCbzeD7Y-fB562rxOh7B5G8}{out_trade_no=>LX-17091717344274101-f}{result_code=>SUCCESS}{return_code=>SUCCESS}{sign=>182F037EFF4C81187D2B1BF6F46AFC21}{time_end=>20170917175156}{total_fee=>776000}{trade_type=>NATIVE}{transaction_id=>4008052001201709172658537083}]
[2017-09-17 17:52:17][info] k:appid=>wxefc029d4373dcac0
[2017-09-17 17:52:17][info] k:bank_type=>ICBC_DEBIT
[2017-09-17 17:52:17][info] k:cash_fee=>776000
[2017-09-17 17:52:17][info] k:fee_type=>CNY
[2017-09-17 17:52:17][info] k:is_subscribe=>N
[2017-09-17 17:52:17][info] k:mch_id=>1244967502
[2017-09-17 17:52:17][info] k:nonce_str=>v9xajrrrkpulvfvxmkuba7wetwbo6cr3
[2017-09-17 17:52:17][info] k:openid=>orYumuCbzeD7Y-fB562rxOh7B5G8
[2017-09-17 17:52:17][info] k:out_trade_no=>LX-17091717344274101-f
[2017-09-17 17:52:17][info] k:result_code=>SUCCESS
[2017-09-17 17:52:17][info] k:return_code=>SUCCESS
[2017-09-17 17:52:17][info] k:sign=>182F037EFF4C81187D2B1BF6F46AFC21
[2017-09-17 17:52:17][info] k:time_end=>20170917175156
[2017-09-17 17:52:17][info] k:total_fee=>776000
[2017-09-17 17:52:17][info] k:trade_type=>NATIVE
[2017-09-17 17:52:17][info] k:transaction_id=>4008052001201709172658537083
[2017-09-17 17:52:17][info] ----------------------------------------
[2017-09-17 17:52:17][info] XML_DATA222:{"appid":"wxefc029d4373dcac0","bank_type":"ICBC_DEBIT","cash_fee":"7760.00","fee_type":"CNY","is_subscribe":"N","mch_id":"1244967502","nonce_str":"v9xajrrrkpulvfvxmkuba7wetwbo6cr3","openid":"orYumuCbzeD7Y-fB562rxOh7B5G8","out_trade_no":"LX-17091717344274101-f","result_code":"SUCCESS","return_code":"SUCCESS","sign":"182F037EFF4C81187D2B1BF6F46AFC21","time_end":"20170917175156","total_fee":"7760.00","trade_type":"NATIVE","transaction_id":"4008052001201709172658537083"}
[2017-09-17 17:52:17][info] 收到重复信息，并处理反馈成功！
[2017-09-17 17:52:17][info] success
[2017-09-17 17:52:17][info] 写入结束!!!
[2017-09-17 20:47:24][info] ----------------------------------------
[2017-09-17 20:47:24][info] XML_DATA111:[{appid=>wxefc029d4373dcac0}{bank_type=>CFT}{cash_fee=>543000}{fee_type=>CNY}{is_subscribe=>N}{mch_id=>1244967502}{nonce_str=>lwjk2e7p1pj8pehstjqxt6owp167qpa4}{openid=>orYumuMlE_sho_Yjg_bMteE3dLHM}{out_trade_no=>LX-17091716453191306-5}{result_code=>SUCCESS}{return_code=>SUCCESS}{sign=>F0CD4598325446BAB9017BF1DCEB0776}{time_end=>20170917204724}{total_fee=>543000}{trade_type=>NATIVE}{transaction_id=>4004902001201709172695588047}]
[2017-09-17 20:47:24][info] k:appid=>wxefc029d4373dcac0
[2017-09-17 20:47:24][info] k:bank_type=>CFT
[2017-09-17 20:47:24][info] k:cash_fee=>543000
[2017-09-17 20:47:24][info] k:fee_type=>CNY
[2017-09-17 20:47:24][info] k:is_subscribe=>N
[2017-09-17 20:47:24][info] k:mch_id=>1244967502
[2017-09-17 20:47:24][info] k:nonce_str=>lwjk2e7p1pj8pehstjqxt6owp167qpa4
[2017-09-17 20:47:24][info] k:openid=>orYumuMlE_sho_Yjg_bMteE3dLHM
[2017-09-17 20:47:24][info] k:out_trade_no=>LX-17091716453191306-5
[2017-09-17 20:47:24][info] k:result_code=>SUCCESS
[2017-09-17 20:47:24][info] k:return_code=>SUCCESS
[2017-09-17 20:47:24][info] k:sign=>F0CD4598325446BAB9017BF1DCEB0776
[2017-09-17 20:47:24][info] k:time_end=>20170917204724
[2017-09-17 20:47:24][info] k:total_fee=>543000
[2017-09-17 20:47:24][info] k:trade_type=>NATIVE
[2017-09-17 20:47:24][info] k:transaction_id=>4004902001201709172695588047
[2017-09-17 20:47:24][info] ----------------------------------------
[2017-09-17 20:47:24][info] XML_DATA222:{"appid":"wxefc029d4373dcac0","bank_type":"CFT","cash_fee":"5430.00","fee_type":"CNY","is_subscribe":"N","mch_id":"1244967502","nonce_str":"lwjk2e7p1pj8pehstjqxt6owp167qpa4","openid":"orYumuMlE_sho_Yjg_bMteE3dLHM","out_trade_no":"LX-17091716453191306-5","result_code":"SUCCESS","return_code":"SUCCESS","sign":"F0CD4598325446BAB9017BF1DCEB0776","time_end":"20170917204724","total_fee":"5430.00","trade_type":"NATIVE","transaction_id":"4004902001201709172695588047"}
[2017-09-17 20:47:25][warn] 数据存储成功，并成功返回记录编号19090！
[2017-09-17 20:47:41][info] ----------------------------------------
[2017-09-17 20:47:41][info] XML_DATA111:[{appid=>wxefc029d4373dcac0}{bank_type=>CFT}{cash_fee=>543000}{fee_type=>CNY}{is_subscribe=>N}{mch_id=>1244967502}{nonce_str=>lwjk2e7p1pj8pehstjqxt6owp167qpa4}{openid=>orYumuMlE_sho_Yjg_bMteE3dLHM}{out_trade_no=>LX-17091716453191306-5}{result_code=>SUCCESS}{return_code=>SUCCESS}{sign=>F0CD4598325446BAB9017BF1DCEB0776}{time_end=>20170917204724}{total_fee=>543000}{trade_type=>NATIVE}{transaction_id=>4004902001201709172695588047}]
[2017-09-17 20:47:41][info] k:appid=>wxefc029d4373dcac0
[2017-09-17 20:47:41][info] k:bank_type=>CFT
[2017-09-17 20:47:41][info] k:cash_fee=>543000
[2017-09-17 20:47:41][info] k:fee_type=>CNY
[2017-09-17 20:47:41][info] k:is_subscribe=>N
[2017-09-17 20:47:41][info] k:mch_id=>1244967502
[2017-09-17 20:47:41][info] k:nonce_str=>lwjk2e7p1pj8pehstjqxt6owp167qpa4
[2017-09-17 20:47:41][info] k:openid=>orYumuMlE_sho_Yjg_bMteE3dLHM
[2017-09-17 20:47:41][info] k:out_trade_no=>LX-17091716453191306-5
[2017-09-17 20:47:41][info] k:result_code=>SUCCESS
[2017-09-17 20:47:41][info] k:return_code=>SUCCESS
[2017-09-17 20:47:41][info] k:sign=>F0CD4598325446BAB9017BF1DCEB0776
[2017-09-17 20:47:41][info] k:time_end=>20170917204724
[2017-09-17 20:47:41][info] k:total_fee=>543000
[2017-09-17 20:47:41][info] k:trade_type=>NATIVE
[2017-09-17 20:47:41][info] k:transaction_id=>4004902001201709172695588047
[2017-09-17 20:47:41][info] ----------------------------------------
[2017-09-17 20:47:41][info] XML_DATA222:{"appid":"wxefc029d4373dcac0","bank_type":"CFT","cash_fee":"5430.00","fee_type":"CNY","is_subscribe":"N","mch_id":"1244967502","nonce_str":"lwjk2e7p1pj8pehstjqxt6owp167qpa4","openid":"orYumuMlE_sho_Yjg_bMteE3dLHM","out_trade_no":"LX-17091716453191306-5","result_code":"SUCCESS","return_code":"SUCCESS","sign":"F0CD4598325446BAB9017BF1DCEB0776","time_end":"20170917204724","total_fee":"5430.00","trade_type":"NATIVE","transaction_id":"4004902001201709172695588047"}
[2017-09-17 20:47:41][info] 收到重复信息，并处理反馈成功！
[2017-09-17 20:47:41][info] success
[2017-09-17 20:47:41][info] 写入结束!!!
