[2017-10-05 21:25:21][info] ----------------------------------------
[2017-10-05 21:25:21][info] XML_DATA111:[{appid=>wxefc029d4373dcac0}{bank_type=>CFT}{cash_fee=>498000}{fee_type=>CNY}{is_subscribe=>Y}{mch_id=>1244967502}{nonce_str=>9sobju8t5olv7fbo1251tb7ccjiribly}{openid=>orYumuKoE897dIt38gBUftYDTozE}{out_trade_no=>LX-17100422092882001-1}{result_code=>SUCCESS}{return_code=>SUCCESS}{sign=>303E74847975FC488CF93D0637D4A2CF}{time_end=>20171005212521}{total_fee=>498000}{trade_type=>NATIVE}{transaction_id=>4200000008201710056327921419}]
[2017-10-05 21:25:21][info] k:appid=>wxefc029d4373dcac0
[2017-10-05 21:25:21][info] k:bank_type=>CFT
[2017-10-05 21:25:21][info] k:cash_fee=>498000
[2017-10-05 21:25:21][info] k:fee_type=>CNY
[2017-10-05 21:25:21][info] k:is_subscribe=>Y
[2017-10-05 21:25:21][info] k:mch_id=>1244967502
[2017-10-05 21:25:21][info] k:nonce_str=>9sobju8t5olv7fbo1251tb7ccjiribly
[2017-10-05 21:25:21][info] k:openid=>orYumuKoE897dIt38gBUftYDTozE
[2017-10-05 21:25:21][info] k:out_trade_no=>LX-17100422092882001-1
[2017-10-05 21:25:21][info] k:result_code=>SUCCESS
[2017-10-05 21:25:21][info] k:return_code=>SUCCESS
[2017-10-05 21:25:21][info] k:sign=>303E74847975FC488CF93D0637D4A2CF
[2017-10-05 21:25:21][info] k:time_end=>20171005212521
[2017-10-05 21:25:21][info] k:total_fee=>498000
[2017-10-05 21:25:21][info] k:trade_type=>NATIVE
[2017-10-05 21:25:21][info] k:transaction_id=>4200000008201710056327921419
[2017-10-05 21:25:21][info] ----------------------------------------
[2017-10-05 21:25:21][info] XML_DATA222:{"appid":"wxefc029d4373dcac0","bank_type":"CFT","cash_fee":"4980.00","fee_type":"CNY","is_subscribe":"Y","mch_id":"1244967502","nonce_str":"9sobju8t5olv7fbo1251tb7ccjiribly","openid":"orYumuKoE897dIt38gBUftYDTozE","out_trade_no":"LX-17100422092882001-1","result_code":"SUCCESS","return_code":"SUCCESS","sign":"303E74847975FC488CF93D0637D4A2CF","time_end":"20171005212521","total_fee":"4980.00","trade_type":"NATIVE","transaction_id":"4200000008201710056327921419"}
[2017-10-05 21:25:22][warn] 数据存储成功，并成功返回记录编号19381！
[2017-10-05 21:25:37][info] ----------------------------------------
[2017-10-05 21:25:37][info] XML_DATA111:[{appid=>wxefc029d4373dcac0}{bank_type=>CFT}{cash_fee=>498000}{fee_type=>CNY}{is_subscribe=>Y}{mch_id=>1244967502}{nonce_str=>9sobju8t5olv7fbo1251tb7ccjiribly}{openid=>orYumuKoE897dIt38gBUftYDTozE}{out_trade_no=>LX-17100422092882001-1}{result_code=>SUCCESS}{return_code=>SUCCESS}{sign=>303E74847975FC488CF93D0637D4A2CF}{time_end=>20171005212521}{total_fee=>498000}{trade_type=>NATIVE}{transaction_id=>4200000008201710056327921419}]
[2017-10-05 21:25:37][info] k:appid=>wxefc029d4373dcac0
[2017-10-05 21:25:37][info] k:bank_type=>CFT
[2017-10-05 21:25:37][info] k:cash_fee=>498000
[2017-10-05 21:25:37][info] k:fee_type=>CNY
[2017-10-05 21:25:37][info] k:is_subscribe=>Y
[2017-10-05 21:25:37][info] k:mch_id=>1244967502
[2017-10-05 21:25:37][info] k:nonce_str=>9sobju8t5olv7fbo1251tb7ccjiribly
[2017-10-05 21:25:37][info] k:openid=>orYumuKoE897dIt38gBUftYDTozE
[2017-10-05 21:25:37][info] k:out_trade_no=>LX-17100422092882001-1
[2017-10-05 21:25:37][info] k:result_code=>SUCCESS
[2017-10-05 21:25:37][info] k:return_code=>SUCCESS
[2017-10-05 21:25:37][info] k:sign=>303E74847975FC488CF93D0637D4A2CF
[2017-10-05 21:25:37][info] k:time_end=>20171005212521
[2017-10-05 21:25:37][info] k:total_fee=>498000
[2017-10-05 21:25:37][info] k:trade_type=>NATIVE
[2017-10-05 21:25:37][info] k:transaction_id=>4200000008201710056327921419
[2017-10-05 21:25:37][info] ----------------------------------------
[2017-10-05 21:25:37][info] XML_DATA222:{"appid":"wxefc029d4373dcac0","bank_type":"CFT","cash_fee":"4980.00","fee_type":"CNY","is_subscribe":"Y","mch_id":"1244967502","nonce_str":"9sobju8t5olv7fbo1251tb7ccjiribly","openid":"orYumuKoE897dIt38gBUftYDTozE","out_trade_no":"LX-17100422092882001-1","result_code":"SUCCESS","return_code":"SUCCESS","sign":"303E74847975FC488CF93D0637D4A2CF","time_end":"20171005212521","total_fee":"4980.00","trade_type":"NATIVE","transaction_id":"4200000008201710056327921419"}
[2017-10-05 21:25:37][info] 收到重复信息，并处理反馈成功！
[2017-10-05 21:25:37][info] success
[2017-10-05 21:25:37][info] 写入结束!!!
