[2017-02-27 16:53:16][info] ----------------------------------------
[2017-02-27 16:53:16][info] XML_DATA111:[{appid=>wxefc029d4373dcac0}{bank_type=>CFT}{cash_fee=>1}{fee_type=>CNY}{is_subscribe=>Y}{mch_id=>1244967502}{nonce_str=>60tltqjh9xz0aoarpkbc943i23ytsi0c}{openid=>orYumuAFxLGdyO7Su3wb9ENumlPo}{out_trade_no=>LX-17012715593492301-f}{result_code=>SUCCESS}{return_code=>SUCCESS}{sign=>2B9BB9AEFCF9297BBECC51E6CF6EFCF9}{time_end=>20170227165316}{total_fee=>1}{trade_type=>NATIVE}{transaction_id=>4000442001201702271537110812}]
[2017-02-27 16:53:16][info] k:appid=>wxefc029d4373dcac0
[2017-02-27 16:53:16][info] k:bank_type=>CFT
[2017-02-27 16:53:16][info] k:cash_fee=>1
[2017-02-27 16:53:16][info] k:fee_type=>CNY
[2017-02-27 16:53:16][info] k:is_subscribe=>Y
[2017-02-27 16:53:16][info] k:mch_id=>1244967502
[2017-02-27 16:53:16][info] k:nonce_str=>60tltqjh9xz0aoarpkbc943i23ytsi0c
[2017-02-27 16:53:16][info] k:openid=>orYumuAFxLGdyO7Su3wb9ENumlPo
[2017-02-27 16:53:16][info] k:out_trade_no=>LX-17012715593492301-f
[2017-02-27 16:53:16][info] k:result_code=>SUCCESS
[2017-02-27 16:53:16][info] k:return_code=>SUCCESS
[2017-02-27 16:53:16][info] k:sign=>2B9BB9AEFCF9297BBECC51E6CF6EFCF9
[2017-02-27 16:53:16][info] k:time_end=>20170227165316
[2017-02-27 16:53:16][info] k:total_fee=>1
[2017-02-27 16:53:16][info] k:trade_type=>NATIVE
[2017-02-27 16:53:16][info] k:transaction_id=>4000442001201702271537110812
[2017-02-27 16:53:16][info] ----------------------------------------
[2017-02-27 16:53:16][info] XML_DATA222:{"appid":"wxefc029d4373dcac0","bank_type":"CFT","cash_fee":"0.01","fee_type":"CNY","is_subscribe":"Y","mch_id":"1244967502","nonce_str":"60tltqjh9xz0aoarpkbc943i23ytsi0c","openid":"orYumuAFxLGdyO7Su3wb9ENumlPo","out_trade_no":"LX-17012715593492301-f","result_code":"SUCCESS","return_code":"SUCCESS","sign":"2B9BB9AEFCF9297BBECC51E6CF6EFCF9","time_end":"20170227165316","total_fee":"0.01","trade_type":"NATIVE","transaction_id":"4000442001201702271537110812"}
[2017-02-27 16:53:17][warn] 数据存储成功，并成功返回记录编号17333！
[2017-02-27 16:53:26][info] ----------------------------------------
[2017-02-27 16:53:26][info] XML_DATA111:[{appid=>wxefc029d4373dcac0}{bank_type=>CFT}{cash_fee=>1}{fee_type=>CNY}{is_subscribe=>Y}{mch_id=>1244967502}{nonce_str=>60tltqjh9xz0aoarpkbc943i23ytsi0c}{openid=>orYumuAFxLGdyO7Su3wb9ENumlPo}{out_trade_no=>LX-17012715593492301-f}{result_code=>SUCCESS}{return_code=>SUCCESS}{sign=>2B9BB9AEFCF9297BBECC51E6CF6EFCF9}{time_end=>20170227165316}{total_fee=>1}{trade_type=>NATIVE}{transaction_id=>4000442001201702271537110812}]
[2017-02-27 16:53:26][info] k:appid=>wxefc029d4373dcac0
[2017-02-27 16:53:26][info] k:bank_type=>CFT
[2017-02-27 16:53:26][info] k:cash_fee=>1
[2017-02-27 16:53:26][info] k:fee_type=>CNY
[2017-02-27 16:53:26][info] k:is_subscribe=>Y
[2017-02-27 16:53:26][info] k:mch_id=>1244967502
[2017-02-27 16:53:26][info] k:nonce_str=>60tltqjh9xz0aoarpkbc943i23ytsi0c
[2017-02-27 16:53:26][info] k:openid=>orYumuAFxLGdyO7Su3wb9ENumlPo
[2017-02-27 16:53:26][info] k:out_trade_no=>LX-17012715593492301-f
[2017-02-27 16:53:26][info] k:result_code=>SUCCESS
[2017-02-27 16:53:26][info] k:return_code=>SUCCESS
[2017-02-27 16:53:26][info] k:sign=>2B9BB9AEFCF9297BBECC51E6CF6EFCF9
[2017-02-27 16:53:26][info] k:time_end=>20170227165316
[2017-02-27 16:53:26][info] k:total_fee=>1
[2017-02-27 16:53:26][info] k:trade_type=>NATIVE
[2017-02-27 16:53:26][info] k:transaction_id=>4000442001201702271537110812
[2017-02-27 16:53:26][info] ----------------------------------------
[2017-02-27 16:53:26][info] XML_DATA222:{"appid":"wxefc029d4373dcac0","bank_type":"CFT","cash_fee":"0.01","fee_type":"CNY","is_subscribe":"Y","mch_id":"1244967502","nonce_str":"60tltqjh9xz0aoarpkbc943i23ytsi0c","openid":"orYumuAFxLGdyO7Su3wb9ENumlPo","out_trade_no":"LX-17012715593492301-f","result_code":"SUCCESS","return_code":"SUCCESS","sign":"2B9BB9AEFCF9297BBECC51E6CF6EFCF9","time_end":"20170227165316","total_fee":"0.01","trade_type":"NATIVE","transaction_id":"4000442001201702271537110812"}
[2017-02-27 16:53:27][info] 收到重复信息，并处理反馈成功！
[2017-02-27 16:53:27][info] success
[2017-02-27 16:53:27][info] 写入结束!!!
