[2017-06-16 19:19:37][info] ----------------------------------------
[2017-06-16 19:19:37][info] XML_DATA111:[{appid=>wxefc029d4373dcac0}{bank_type=>CFT}{cash_fee=>640000}{fee_type=>CNY}{is_subscribe=>Y}{mch_id=>1244967502}{nonce_str=>z6llyoh0ulwk1iwzbx70f0td4n9gnhmb}{openid=>orYumuGBfbSZ6HLYVROLTKYGdUpI}{out_trade_no=>LX-17060100543684506-e}{result_code=>SUCCESS}{return_code=>SUCCESS}{sign=>08ABC01ADFA972917D8CD26316BF3B8B}{time_end=>20170616191937}{total_fee=>640000}{trade_type=>NATIVE}{transaction_id=>4005132001201706166020379634}]
[2017-06-16 19:19:37][info] k:appid=>wxefc029d4373dcac0
[2017-06-16 19:19:37][info] k:bank_type=>CFT
[2017-06-16 19:19:37][info] k:cash_fee=>640000
[2017-06-16 19:19:37][info] k:fee_type=>CNY
[2017-06-16 19:19:37][info] k:is_subscribe=>Y
[2017-06-16 19:19:37][info] k:mch_id=>1244967502
[2017-06-16 19:19:37][info] k:nonce_str=>z6llyoh0ulwk1iwzbx70f0td4n9gnhmb
[2017-06-16 19:19:37][info] k:openid=>orYumuGBfbSZ6HLYVROLTKYGdUpI
[2017-06-16 19:19:37][info] k:out_trade_no=>LX-17060100543684506-e
[2017-06-16 19:19:37][info] k:result_code=>SUCCESS
[2017-06-16 19:19:37][info] k:return_code=>SUCCESS
[2017-06-16 19:19:37][info] k:sign=>08ABC01ADFA972917D8CD26316BF3B8B
[2017-06-16 19:19:37][info] k:time_end=>20170616191937
[2017-06-16 19:19:37][info] k:total_fee=>640000
[2017-06-16 19:19:37][info] k:trade_type=>NATIVE
[2017-06-16 19:19:37][info] k:transaction_id=>4005132001201706166020379634
[2017-06-16 19:19:37][info] ----------------------------------------
[2017-06-16 19:19:37][info] XML_DATA222:{"appid":"wxefc029d4373dcac0","bank_type":"CFT","cash_fee":"6400.00","fee_type":"CNY","is_subscribe":"Y","mch_id":"1244967502","nonce_str":"z6llyoh0ulwk1iwzbx70f0td4n9gnhmb","openid":"orYumuGBfbSZ6HLYVROLTKYGdUpI","out_trade_no":"LX-17060100543684506-e","result_code":"SUCCESS","return_code":"SUCCESS","sign":"08ABC01ADFA972917D8CD26316BF3B8B","time_end":"20170616191937","total_fee":"6400.00","trade_type":"NATIVE","transaction_id":"4005132001201706166020379634"}
[2017-06-16 19:19:38][warn] 数据存储成功，并成功返回记录编号17642！
[2017-06-16 19:19:52][info] ----------------------------------------
[2017-06-16 19:19:52][info] XML_DATA111:[{appid=>wxefc029d4373dcac0}{bank_type=>CFT}{cash_fee=>640000}{fee_type=>CNY}{is_subscribe=>Y}{mch_id=>1244967502}{nonce_str=>z6llyoh0ulwk1iwzbx70f0td4n9gnhmb}{openid=>orYumuGBfbSZ6HLYVROLTKYGdUpI}{out_trade_no=>LX-17060100543684506-e}{result_code=>SUCCESS}{return_code=>SUCCESS}{sign=>08ABC01ADFA972917D8CD26316BF3B8B}{time_end=>20170616191937}{total_fee=>640000}{trade_type=>NATIVE}{transaction_id=>4005132001201706166020379634}]
[2017-06-16 19:19:52][info] k:appid=>wxefc029d4373dcac0
[2017-06-16 19:19:52][info] k:bank_type=>CFT
[2017-06-16 19:19:52][info] k:cash_fee=>640000
[2017-06-16 19:19:52][info] k:fee_type=>CNY
[2017-06-16 19:19:52][info] k:is_subscribe=>Y
[2017-06-16 19:19:52][info] k:mch_id=>1244967502
[2017-06-16 19:19:52][info] k:nonce_str=>z6llyoh0ulwk1iwzbx70f0td4n9gnhmb
[2017-06-16 19:19:52][info] k:openid=>orYumuGBfbSZ6HLYVROLTKYGdUpI
[2017-06-16 19:19:52][info] k:out_trade_no=>LX-17060100543684506-e
[2017-06-16 19:19:52][info] k:result_code=>SUCCESS
[2017-06-16 19:19:52][info] k:return_code=>SUCCESS
[2017-06-16 19:19:52][info] k:sign=>08ABC01ADFA972917D8CD26316BF3B8B
[2017-06-16 19:19:52][info] k:time_end=>20170616191937
[2017-06-16 19:19:52][info] k:total_fee=>640000
[2017-06-16 19:19:52][info] k:trade_type=>NATIVE
[2017-06-16 19:19:52][info] k:transaction_id=>4005132001201706166020379634
[2017-06-16 19:19:52][info] ----------------------------------------
[2017-06-16 19:19:52][info] XML_DATA222:{"appid":"wxefc029d4373dcac0","bank_type":"CFT","cash_fee":"6400.00","fee_type":"CNY","is_subscribe":"Y","mch_id":"1244967502","nonce_str":"z6llyoh0ulwk1iwzbx70f0td4n9gnhmb","openid":"orYumuGBfbSZ6HLYVROLTKYGdUpI","out_trade_no":"LX-17060100543684506-e","result_code":"SUCCESS","return_code":"SUCCESS","sign":"08ABC01ADFA972917D8CD26316BF3B8B","time_end":"20170616191937","total_fee":"6400.00","trade_type":"NATIVE","transaction_id":"4005132001201706166020379634"}
[2017-06-16 19:19:52][info] 收到重复信息，并处理反馈成功！
[2017-06-16 19:19:52][info] success
[2017-06-16 19:19:52][info] 写入结束!!!
[2017-06-16 19:22:21][info] ----------------------------------------
[2017-06-16 19:22:21][info] XML_DATA111:[{appid=>wxefc029d4373dcac0}{bank_type=>CFT}{cash_fee=>320000}{fee_type=>CNY}{is_subscribe=>Y}{mch_id=>1244967502}{nonce_str=>ad2ojokh99rmddqf7ap6sm3sb0gr0ye1}{openid=>orYumuGBfbSZ6HLYVROLTKYGdUpI}{out_trade_no=>LX-17050915302683906-2}{result_code=>SUCCESS}{return_code=>SUCCESS}{sign=>24E19381EF4192052DE63C28A46F08F6}{time_end=>20170616192220}{total_fee=>320000}{trade_type=>NATIVE}{transaction_id=>4005132001201706166016249621}]
[2017-06-16 19:22:21][info] k:appid=>wxefc029d4373dcac0
[2017-06-16 19:22:21][info] k:bank_type=>CFT
[2017-06-16 19:22:21][info] k:cash_fee=>320000
[2017-06-16 19:22:21][info] k:fee_type=>CNY
[2017-06-16 19:22:21][info] k:is_subscribe=>Y
[2017-06-16 19:22:21][info] k:mch_id=>1244967502
[2017-06-16 19:22:21][info] k:nonce_str=>ad2ojokh99rmddqf7ap6sm3sb0gr0ye1
[2017-06-16 19:22:21][info] k:openid=>orYumuGBfbSZ6HLYVROLTKYGdUpI
[2017-06-16 19:22:21][info] k:out_trade_no=>LX-17050915302683906-2
[2017-06-16 19:22:21][info] k:result_code=>SUCCESS
[2017-06-16 19:22:21][info] k:return_code=>SUCCESS
[2017-06-16 19:22:21][info] k:sign=>24E19381EF4192052DE63C28A46F08F6
[2017-06-16 19:22:21][info] k:time_end=>20170616192220
[2017-06-16 19:22:21][info] k:total_fee=>320000
[2017-06-16 19:22:21][info] k:trade_type=>NATIVE
[2017-06-16 19:22:21][info] k:transaction_id=>4005132001201706166016249621
[2017-06-16 19:22:21][info] ----------------------------------------
[2017-06-16 19:22:21][info] XML_DATA222:{"appid":"wxefc029d4373dcac0","bank_type":"CFT","cash_fee":"3200.00","fee_type":"CNY","is_subscribe":"Y","mch_id":"1244967502","nonce_str":"ad2ojokh99rmddqf7ap6sm3sb0gr0ye1","openid":"orYumuGBfbSZ6HLYVROLTKYGdUpI","out_trade_no":"LX-17050915302683906-2","result_code":"SUCCESS","return_code":"SUCCESS","sign":"24E19381EF4192052DE63C28A46F08F6","time_end":"20170616192220","total_fee":"3200.00","trade_type":"NATIVE","transaction_id":"4005132001201706166016249621"}
[2017-06-16 19:22:21][warn] 数据存储成功，并成功返回记录编号17643！
[2017-06-16 19:22:33][info] ----------------------------------------
[2017-06-16 19:22:33][info] XML_DATA111:[{appid=>wxefc029d4373dcac0}{bank_type=>CFT}{cash_fee=>320000}{fee_type=>CNY}{is_subscribe=>Y}{mch_id=>1244967502}{nonce_str=>ad2ojokh99rmddqf7ap6sm3sb0gr0ye1}{openid=>orYumuGBfbSZ6HLYVROLTKYGdUpI}{out_trade_no=>LX-17050915302683906-2}{result_code=>SUCCESS}{return_code=>SUCCESS}{sign=>24E19381EF4192052DE63C28A46F08F6}{time_end=>20170616192220}{total_fee=>320000}{trade_type=>NATIVE}{transaction_id=>4005132001201706166016249621}]
[2017-06-16 19:22:33][info] k:appid=>wxefc029d4373dcac0
[2017-06-16 19:22:33][info] k:bank_type=>CFT
[2017-06-16 19:22:33][info] k:cash_fee=>320000
[2017-06-16 19:22:33][info] k:fee_type=>CNY
[2017-06-16 19:22:33][info] k:is_subscribe=>Y
[2017-06-16 19:22:33][info] k:mch_id=>1244967502
[2017-06-16 19:22:33][info] k:nonce_str=>ad2ojokh99rmddqf7ap6sm3sb0gr0ye1
[2017-06-16 19:22:33][info] k:openid=>orYumuGBfbSZ6HLYVROLTKYGdUpI
[2017-06-16 19:22:33][info] k:out_trade_no=>LX-17050915302683906-2
[2017-06-16 19:22:33][info] k:result_code=>SUCCESS
[2017-06-16 19:22:33][info] k:return_code=>SUCCESS
[2017-06-16 19:22:33][info] k:sign=>24E19381EF4192052DE63C28A46F08F6
[2017-06-16 19:22:33][info] k:time_end=>20170616192220
[2017-06-16 19:22:33][info] k:total_fee=>320000
[2017-06-16 19:22:33][info] k:trade_type=>NATIVE
[2017-06-16 19:22:33][info] k:transaction_id=>4005132001201706166016249621
[2017-06-16 19:22:33][info] ----------------------------------------
[2017-06-16 19:22:33][info] XML_DATA222:{"appid":"wxefc029d4373dcac0","bank_type":"CFT","cash_fee":"3200.00","fee_type":"CNY","is_subscribe":"Y","mch_id":"1244967502","nonce_str":"ad2ojokh99rmddqf7ap6sm3sb0gr0ye1","openid":"orYumuGBfbSZ6HLYVROLTKYGdUpI","out_trade_no":"LX-17050915302683906-2","result_code":"SUCCESS","return_code":"SUCCESS","sign":"24E19381EF4192052DE63C28A46F08F6","time_end":"20170616192220","total_fee":"3200.00","trade_type":"NATIVE","transaction_id":"4005132001201706166016249621"}
[2017-06-16 19:22:33][info] 收到重复信息，并处理反馈成功！
[2017-06-16 19:22:33][info] success
[2017-06-16 19:22:33][info] 写入结束!!!
