[2017-09-04 09:11:16][info] ----------------------------------------
[2017-09-04 09:11:16][info] XML_DATA111:[{appid=>wxefc029d4373dcac0}{bank_type=>CCB_DEBIT}{cash_fee=>796000}{fee_type=>CNY}{is_subscribe=>Y}{mch_id=>1244967502}{nonce_str=>v7qe4o62ujy3nbdhrn7g34cr0nu7n5d9}{openid=>orYumuO3ndkaM1L-OVzsqWz41mqk}{out_trade_no=>LX-17090408351164501-2}{result_code=>SUCCESS}{return_code=>SUCCESS}{sign=>C87AAECD088D500B89DA015E509D9604}{time_end=>20170904091116}{total_fee=>796000}{trade_type=>NATIVE}{transaction_id=>4001382001201709040097435607}]
[2017-09-04 09:11:16][info] k:appid=>wxefc029d4373dcac0
[2017-09-04 09:11:16][info] k:bank_type=>CCB_DEBIT
[2017-09-04 09:11:16][info] k:cash_fee=>796000
[2017-09-04 09:11:16][info] k:fee_type=>CNY
[2017-09-04 09:11:16][info] k:is_subscribe=>Y
[2017-09-04 09:11:16][info] k:mch_id=>1244967502
[2017-09-04 09:11:16][info] k:nonce_str=>v7qe4o62ujy3nbdhrn7g34cr0nu7n5d9
[2017-09-04 09:11:16][info] k:openid=>orYumuO3ndkaM1L-OVzsqWz41mqk
[2017-09-04 09:11:16][info] k:out_trade_no=>LX-17090408351164501-2
[2017-09-04 09:11:16][info] k:result_code=>SUCCESS
[2017-09-04 09:11:16][info] k:return_code=>SUCCESS
[2017-09-04 09:11:16][info] k:sign=>C87AAECD088D500B89DA015E509D9604
[2017-09-04 09:11:16][info] k:time_end=>20170904091116
[2017-09-04 09:11:16][info] k:total_fee=>796000
[2017-09-04 09:11:16][info] k:trade_type=>NATIVE
[2017-09-04 09:11:16][info] k:transaction_id=>4001382001201709040097435607
[2017-09-04 09:11:16][info] ----------------------------------------
[2017-09-04 09:11:16][info] XML_DATA222:{"appid":"wxefc029d4373dcac0","bank_type":"CCB_DEBIT","cash_fee":"7960.00","fee_type":"CNY","is_subscribe":"Y","mch_id":"1244967502","nonce_str":"v7qe4o62ujy3nbdhrn7g34cr0nu7n5d9","openid":"orYumuO3ndkaM1L-OVzsqWz41mqk","out_trade_no":"LX-17090408351164501-2","result_code":"SUCCESS","return_code":"SUCCESS","sign":"C87AAECD088D500B89DA015E509D9604","time_end":"20170904091116","total_fee":"7960.00","trade_type":"NATIVE","transaction_id":"4001382001201709040097435607"}
[2017-09-04 09:11:17][warn] 数据存储成功，并成功返回记录编号18833！
[2017-09-04 09:11:31][info] ----------------------------------------
[2017-09-04 09:11:31][info] XML_DATA111:[{appid=>wxefc029d4373dcac0}{bank_type=>CCB_DEBIT}{cash_fee=>796000}{fee_type=>CNY}{is_subscribe=>Y}{mch_id=>1244967502}{nonce_str=>v7qe4o62ujy3nbdhrn7g34cr0nu7n5d9}{openid=>orYumuO3ndkaM1L-OVzsqWz41mqk}{out_trade_no=>LX-17090408351164501-2}{result_code=>SUCCESS}{return_code=>SUCCESS}{sign=>C87AAECD088D500B89DA015E509D9604}{time_end=>20170904091116}{total_fee=>796000}{trade_type=>NATIVE}{transaction_id=>4001382001201709040097435607}]
[2017-09-04 09:11:31][info] k:appid=>wxefc029d4373dcac0
[2017-09-04 09:11:31][info] k:bank_type=>CCB_DEBIT
[2017-09-04 09:11:31][info] k:cash_fee=>796000
[2017-09-04 09:11:31][info] k:fee_type=>CNY
[2017-09-04 09:11:31][info] k:is_subscribe=>Y
[2017-09-04 09:11:31][info] k:mch_id=>1244967502
[2017-09-04 09:11:31][info] k:nonce_str=>v7qe4o62ujy3nbdhrn7g34cr0nu7n5d9
[2017-09-04 09:11:31][info] k:openid=>orYumuO3ndkaM1L-OVzsqWz41mqk
[2017-09-04 09:11:31][info] k:out_trade_no=>LX-17090408351164501-2
[2017-09-04 09:11:31][info] k:result_code=>SUCCESS
[2017-09-04 09:11:31][info] k:return_code=>SUCCESS
[2017-09-04 09:11:31][info] k:sign=>C87AAECD088D500B89DA015E509D9604
[2017-09-04 09:11:31][info] k:time_end=>20170904091116
[2017-09-04 09:11:31][info] k:total_fee=>796000
[2017-09-04 09:11:31][info] k:trade_type=>NATIVE
[2017-09-04 09:11:31][info] k:transaction_id=>4001382001201709040097435607
[2017-09-04 09:11:31][info] ----------------------------------------
[2017-09-04 09:11:31][info] XML_DATA222:{"appid":"wxefc029d4373dcac0","bank_type":"CCB_DEBIT","cash_fee":"7960.00","fee_type":"CNY","is_subscribe":"Y","mch_id":"1244967502","nonce_str":"v7qe4o62ujy3nbdhrn7g34cr0nu7n5d9","openid":"orYumuO3ndkaM1L-OVzsqWz41mqk","out_trade_no":"LX-17090408351164501-2","result_code":"SUCCESS","return_code":"SUCCESS","sign":"C87AAECD088D500B89DA015E509D9604","time_end":"20170904091116","total_fee":"7960.00","trade_type":"NATIVE","transaction_id":"4001382001201709040097435607"}
[2017-09-04 09:11:31][info] 收到重复信息，并处理反馈成功！
[2017-09-04 09:11:31][info] success
[2017-09-04 09:11:31][info] 写入结束!!!
[2017-09-04 10:40:04][info] ----------------------------------------
[2017-09-04 10:40:04][info] XML_DATA111:[{appid=>wxefc029d4373dcac0}{bank_type=>CCB_DEBIT}{cash_fee=>114000}{fee_type=>CNY}{is_subscribe=>N}{mch_id=>1244967502}{nonce_str=>m5z9iaiwqik29yawnotv96hzvqdj2uw7}{openid=>orYumuL05Ho8a11u4B3mO_T0hhxc}{out_trade_no=>LX-17081713015073601-0}{result_code=>SUCCESS}{return_code=>SUCCESS}{sign=>EAA2459CCE40556293CFF67CAD9AFEAF}{time_end=>20170904104004}{total_fee=>114000}{trade_type=>NATIVE}{transaction_id=>4005452001201709040112921429}]
[2017-09-04 10:40:04][info] k:appid=>wxefc029d4373dcac0
[2017-09-04 10:40:04][info] k:bank_type=>CCB_DEBIT
[2017-09-04 10:40:04][info] k:cash_fee=>114000
[2017-09-04 10:40:04][info] k:fee_type=>CNY
[2017-09-04 10:40:04][info] k:is_subscribe=>N
[2017-09-04 10:40:04][info] k:mch_id=>1244967502
[2017-09-04 10:40:04][info] k:nonce_str=>m5z9iaiwqik29yawnotv96hzvqdj2uw7
[2017-09-04 10:40:04][info] k:openid=>orYumuL05Ho8a11u4B3mO_T0hhxc
[2017-09-04 10:40:04][info] k:out_trade_no=>LX-17081713015073601-0
[2017-09-04 10:40:04][info] k:result_code=>SUCCESS
[2017-09-04 10:40:04][info] k:return_code=>SUCCESS
[2017-09-04 10:40:04][info] k:sign=>EAA2459CCE40556293CFF67CAD9AFEAF
[2017-09-04 10:40:04][info] k:time_end=>20170904104004
[2017-09-04 10:40:04][info] k:total_fee=>114000
[2017-09-04 10:40:04][info] k:trade_type=>NATIVE
[2017-09-04 10:40:04][info] k:transaction_id=>4005452001201709040112921429
[2017-09-04 10:40:04][info] ----------------------------------------
[2017-09-04 10:40:04][info] XML_DATA222:{"appid":"wxefc029d4373dcac0","bank_type":"CCB_DEBIT","cash_fee":"1140.00","fee_type":"CNY","is_subscribe":"N","mch_id":"1244967502","nonce_str":"m5z9iaiwqik29yawnotv96hzvqdj2uw7","openid":"orYumuL05Ho8a11u4B3mO_T0hhxc","out_trade_no":"LX-17081713015073601-0","result_code":"SUCCESS","return_code":"SUCCESS","sign":"EAA2459CCE40556293CFF67CAD9AFEAF","time_end":"20170904104004","total_fee":"1140.00","trade_type":"NATIVE","transaction_id":"4005452001201709040112921429"}
[2017-09-04 10:40:05][warn] 数据存储成功，并成功返回记录编号18839！
[2017-09-04 10:40:18][info] ----------------------------------------
[2017-09-04 10:40:18][info] XML_DATA111:[{appid=>wxefc029d4373dcac0}{bank_type=>CCB_DEBIT}{cash_fee=>114000}{fee_type=>CNY}{is_subscribe=>N}{mch_id=>1244967502}{nonce_str=>m5z9iaiwqik29yawnotv96hzvqdj2uw7}{openid=>orYumuL05Ho8a11u4B3mO_T0hhxc}{out_trade_no=>LX-17081713015073601-0}{result_code=>SUCCESS}{return_code=>SUCCESS}{sign=>EAA2459CCE40556293CFF67CAD9AFEAF}{time_end=>20170904104004}{total_fee=>114000}{trade_type=>NATIVE}{transaction_id=>4005452001201709040112921429}]
[2017-09-04 10:40:18][info] k:appid=>wxefc029d4373dcac0
[2017-09-04 10:40:18][info] k:bank_type=>CCB_DEBIT
[2017-09-04 10:40:18][info] k:cash_fee=>114000
[2017-09-04 10:40:18][info] k:fee_type=>CNY
[2017-09-04 10:40:18][info] k:is_subscribe=>N
[2017-09-04 10:40:18][info] k:mch_id=>1244967502
[2017-09-04 10:40:18][info] k:nonce_str=>m5z9iaiwqik29yawnotv96hzvqdj2uw7
[2017-09-04 10:40:18][info] k:openid=>orYumuL05Ho8a11u4B3mO_T0hhxc
[2017-09-04 10:40:18][info] k:out_trade_no=>LX-17081713015073601-0
[2017-09-04 10:40:18][info] k:result_code=>SUCCESS
[2017-09-04 10:40:18][info] k:return_code=>SUCCESS
[2017-09-04 10:40:18][info] k:sign=>EAA2459CCE40556293CFF67CAD9AFEAF
[2017-09-04 10:40:18][info] k:time_end=>20170904104004
[2017-09-04 10:40:18][info] k:total_fee=>114000
[2017-09-04 10:40:18][info] k:trade_type=>NATIVE
[2017-09-04 10:40:18][info] k:transaction_id=>4005452001201709040112921429
[2017-09-04 10:40:18][info] ----------------------------------------
[2017-09-04 10:40:18][info] XML_DATA222:{"appid":"wxefc029d4373dcac0","bank_type":"CCB_DEBIT","cash_fee":"1140.00","fee_type":"CNY","is_subscribe":"N","mch_id":"1244967502","nonce_str":"m5z9iaiwqik29yawnotv96hzvqdj2uw7","openid":"orYumuL05Ho8a11u4B3mO_T0hhxc","out_trade_no":"LX-17081713015073601-0","result_code":"SUCCESS","return_code":"SUCCESS","sign":"EAA2459CCE40556293CFF67CAD9AFEAF","time_end":"20170904104004","total_fee":"1140.00","trade_type":"NATIVE","transaction_id":"4005452001201709040112921429"}
[2017-09-04 10:40:18][info] 收到重复信息，并处理反馈成功！
[2017-09-04 10:40:18][info] success
[2017-09-04 10:40:18][info] 写入结束!!!
[2017-09-04 11:51:56][info] ----------------------------------------
[2017-09-04 11:51:56][info] XML_DATA111:[{appid=>wxefc029d4373dcac0}{bank_type=>SPDB_CREDIT}{cash_fee=>144000}{fee_type=>CNY}{is_subscribe=>N}{mch_id=>1244967502}{nonce_str=>ixzrx9s1ck00aa2jqw8405bw9bdezw7m}{openid=>orYumuHqSAq_9ZG9msPZSewkmGdU}{out_trade_no=>LX-17090318052256701-1}{result_code=>SUCCESS}{return_code=>SUCCESS}{sign=>C578D02784F39D08BB87702583E891F2}{time_end=>20170904115156}{total_fee=>144000}{trade_type=>NATIVE}{transaction_id=>4003302001201709040127202876}]
[2017-09-04 11:51:56][info] k:appid=>wxefc029d4373dcac0
[2017-09-04 11:51:56][info] k:bank_type=>SPDB_CREDIT
[2017-09-04 11:51:56][info] k:cash_fee=>144000
[2017-09-04 11:51:56][info] k:fee_type=>CNY
[2017-09-04 11:51:56][info] k:is_subscribe=>N
[2017-09-04 11:51:56][info] k:mch_id=>1244967502
[2017-09-04 11:51:56][info] k:nonce_str=>ixzrx9s1ck00aa2jqw8405bw9bdezw7m
[2017-09-04 11:51:56][info] k:openid=>orYumuHqSAq_9ZG9msPZSewkmGdU
[2017-09-04 11:51:56][info] k:out_trade_no=>LX-17090318052256701-1
[2017-09-04 11:51:56][info] k:result_code=>SUCCESS
[2017-09-04 11:51:56][info] k:return_code=>SUCCESS
[2017-09-04 11:51:56][info] k:sign=>C578D02784F39D08BB87702583E891F2
[2017-09-04 11:51:56][info] k:time_end=>20170904115156
[2017-09-04 11:51:56][info] k:total_fee=>144000
[2017-09-04 11:51:56][info] k:trade_type=>NATIVE
[2017-09-04 11:51:56][info] k:transaction_id=>4003302001201709040127202876
[2017-09-04 11:51:56][info] ----------------------------------------
[2017-09-04 11:51:56][info] XML_DATA222:{"appid":"wxefc029d4373dcac0","bank_type":"SPDB_CREDIT","cash_fee":"1440.00","fee_type":"CNY","is_subscribe":"N","mch_id":"1244967502","nonce_str":"ixzrx9s1ck00aa2jqw8405bw9bdezw7m","openid":"orYumuHqSAq_9ZG9msPZSewkmGdU","out_trade_no":"LX-17090318052256701-1","result_code":"SUCCESS","return_code":"SUCCESS","sign":"C578D02784F39D08BB87702583E891F2","time_end":"20170904115156","total_fee":"1440.00","trade_type":"NATIVE","transaction_id":"4003302001201709040127202876"}
[2017-09-04 11:51:56][warn] 数据存储成功，并成功返回记录编号18842！
[2017-09-04 11:52:11][info] ----------------------------------------
[2017-09-04 11:52:11][info] XML_DATA111:[{appid=>wxefc029d4373dcac0}{bank_type=>SPDB_CREDIT}{cash_fee=>144000}{fee_type=>CNY}{is_subscribe=>N}{mch_id=>1244967502}{nonce_str=>ixzrx9s1ck00aa2jqw8405bw9bdezw7m}{openid=>orYumuHqSAq_9ZG9msPZSewkmGdU}{out_trade_no=>LX-17090318052256701-1}{result_code=>SUCCESS}{return_code=>SUCCESS}{sign=>C578D02784F39D08BB87702583E891F2}{time_end=>20170904115156}{total_fee=>144000}{trade_type=>NATIVE}{transaction_id=>4003302001201709040127202876}]
[2017-09-04 11:52:11][info] k:appid=>wxefc029d4373dcac0
[2017-09-04 11:52:11][info] k:bank_type=>SPDB_CREDIT
[2017-09-04 11:52:11][info] k:cash_fee=>144000
[2017-09-04 11:52:11][info] k:fee_type=>CNY
[2017-09-04 11:52:11][info] k:is_subscribe=>N
[2017-09-04 11:52:11][info] k:mch_id=>1244967502
[2017-09-04 11:52:11][info] k:nonce_str=>ixzrx9s1ck00aa2jqw8405bw9bdezw7m
[2017-09-04 11:52:11][info] k:openid=>orYumuHqSAq_9ZG9msPZSewkmGdU
[2017-09-04 11:52:11][info] k:out_trade_no=>LX-17090318052256701-1
[2017-09-04 11:52:11][info] k:result_code=>SUCCESS
[2017-09-04 11:52:11][info] k:return_code=>SUCCESS
[2017-09-04 11:52:11][info] k:sign=>C578D02784F39D08BB87702583E891F2
[2017-09-04 11:52:11][info] k:time_end=>20170904115156
[2017-09-04 11:52:11][info] k:total_fee=>144000
[2017-09-04 11:52:11][info] k:trade_type=>NATIVE
[2017-09-04 11:52:11][info] k:transaction_id=>4003302001201709040127202876
[2017-09-04 11:52:11][info] ----------------------------------------
[2017-09-04 11:52:11][info] XML_DATA222:{"appid":"wxefc029d4373dcac0","bank_type":"SPDB_CREDIT","cash_fee":"1440.00","fee_type":"CNY","is_subscribe":"N","mch_id":"1244967502","nonce_str":"ixzrx9s1ck00aa2jqw8405bw9bdezw7m","openid":"orYumuHqSAq_9ZG9msPZSewkmGdU","out_trade_no":"LX-17090318052256701-1","result_code":"SUCCESS","return_code":"SUCCESS","sign":"C578D02784F39D08BB87702583E891F2","time_end":"20170904115156","total_fee":"1440.00","trade_type":"NATIVE","transaction_id":"4003302001201709040127202876"}
[2017-09-04 11:52:11][info] 收到重复信息，并处理反馈成功！
[2017-09-04 11:52:11][info] success
[2017-09-04 11:52:11][info] 写入结束!!!
[2017-09-04 15:44:12][info] ----------------------------------------
[2017-09-04 15:44:12][info] XML_DATA111:[{appid=>wxefc029d4373dcac0}{bank_type=>ICBC_DEBIT}{cash_fee=>867000}{fee_type=>CNY}{is_subscribe=>N}{mch_id=>1244967502}{nonce_str=>t2bdod4k9h2a89y7gjv96z9mldgssxn5}{openid=>orYumuC07qqPb10wfoqCptwzsjWc}{out_trade_no=>LX-17081610095437601-6}{result_code=>SUCCESS}{return_code=>SUCCESS}{sign=>6025C8F039D99BBB73BCD0276CFB4787}{time_end=>20170904154412}{total_fee=>867000}{trade_type=>NATIVE}{transaction_id=>4006602001201709040166503594}]
[2017-09-04 15:44:12][info] k:appid=>wxefc029d4373dcac0
[2017-09-04 15:44:12][info] k:bank_type=>ICBC_DEBIT
[2017-09-04 15:44:12][info] k:cash_fee=>867000
[2017-09-04 15:44:12][info] k:fee_type=>CNY
[2017-09-04 15:44:12][info] k:is_subscribe=>N
[2017-09-04 15:44:12][info] k:mch_id=>1244967502
[2017-09-04 15:44:12][info] k:nonce_str=>t2bdod4k9h2a89y7gjv96z9mldgssxn5
[2017-09-04 15:44:12][info] k:openid=>orYumuC07qqPb10wfoqCptwzsjWc
[2017-09-04 15:44:12][info] k:out_trade_no=>LX-17081610095437601-6
[2017-09-04 15:44:12][info] k:result_code=>SUCCESS
[2017-09-04 15:44:12][info] k:return_code=>SUCCESS
[2017-09-04 15:44:12][info] k:sign=>6025C8F039D99BBB73BCD0276CFB4787
[2017-09-04 15:44:12][info] k:time_end=>20170904154412
[2017-09-04 15:44:12][info] k:total_fee=>867000
[2017-09-04 15:44:12][info] k:trade_type=>NATIVE
[2017-09-04 15:44:12][info] k:transaction_id=>4006602001201709040166503594
[2017-09-04 15:44:12][info] ----------------------------------------
[2017-09-04 15:44:12][info] XML_DATA222:{"appid":"wxefc029d4373dcac0","bank_type":"ICBC_DEBIT","cash_fee":"8670.00","fee_type":"CNY","is_subscribe":"N","mch_id":"1244967502","nonce_str":"t2bdod4k9h2a89y7gjv96z9mldgssxn5","openid":"orYumuC07qqPb10wfoqCptwzsjWc","out_trade_no":"LX-17081610095437601-6","result_code":"SUCCESS","return_code":"SUCCESS","sign":"6025C8F039D99BBB73BCD0276CFB4787","time_end":"20170904154412","total_fee":"8670.00","trade_type":"NATIVE","transaction_id":"4006602001201709040166503594"}
[2017-09-04 15:44:12][warn] 数据存储成功，并成功返回记录编号18851！
[2017-09-04 15:44:28][info] ----------------------------------------
[2017-09-04 15:44:28][info] XML_DATA111:[{appid=>wxefc029d4373dcac0}{bank_type=>ICBC_DEBIT}{cash_fee=>867000}{fee_type=>CNY}{is_subscribe=>N}{mch_id=>1244967502}{nonce_str=>t2bdod4k9h2a89y7gjv96z9mldgssxn5}{openid=>orYumuC07qqPb10wfoqCptwzsjWc}{out_trade_no=>LX-17081610095437601-6}{result_code=>SUCCESS}{return_code=>SUCCESS}{sign=>6025C8F039D99BBB73BCD0276CFB4787}{time_end=>20170904154412}{total_fee=>867000}{trade_type=>NATIVE}{transaction_id=>4006602001201709040166503594}]
[2017-09-04 15:44:28][info] k:appid=>wxefc029d4373dcac0
[2017-09-04 15:44:28][info] k:bank_type=>ICBC_DEBIT
[2017-09-04 15:44:28][info] k:cash_fee=>867000
[2017-09-04 15:44:28][info] k:fee_type=>CNY
[2017-09-04 15:44:28][info] k:is_subscribe=>N
[2017-09-04 15:44:28][info] k:mch_id=>1244967502
[2017-09-04 15:44:28][info] k:nonce_str=>t2bdod4k9h2a89y7gjv96z9mldgssxn5
[2017-09-04 15:44:28][info] k:openid=>orYumuC07qqPb10wfoqCptwzsjWc
[2017-09-04 15:44:28][info] k:out_trade_no=>LX-17081610095437601-6
[2017-09-04 15:44:28][info] k:result_code=>SUCCESS
[2017-09-04 15:44:28][info] k:return_code=>SUCCESS
[2017-09-04 15:44:28][info] k:sign=>6025C8F039D99BBB73BCD0276CFB4787
[2017-09-04 15:44:28][info] k:time_end=>20170904154412
[2017-09-04 15:44:28][info] k:total_fee=>867000
[2017-09-04 15:44:28][info] k:trade_type=>NATIVE
[2017-09-04 15:44:28][info] k:transaction_id=>4006602001201709040166503594
[2017-09-04 15:44:28][info] ----------------------------------------
[2017-09-04 15:44:28][info] XML_DATA222:{"appid":"wxefc029d4373dcac0","bank_type":"ICBC_DEBIT","cash_fee":"8670.00","fee_type":"CNY","is_subscribe":"N","mch_id":"1244967502","nonce_str":"t2bdod4k9h2a89y7gjv96z9mldgssxn5","openid":"orYumuC07qqPb10wfoqCptwzsjWc","out_trade_no":"LX-17081610095437601-6","result_code":"SUCCESS","return_code":"SUCCESS","sign":"6025C8F039D99BBB73BCD0276CFB4787","time_end":"20170904154412","total_fee":"8670.00","trade_type":"NATIVE","transaction_id":"4006602001201709040166503594"}
[2017-09-04 15:44:28][info] 收到重复信息，并处理反馈成功！
[2017-09-04 15:44:28][info] success
[2017-09-04 15:44:28][info] 写入结束!!!
[2017-09-04 15:55:33][info] ----------------------------------------
[2017-09-04 15:55:33][info] XML_DATA111:[{appid=>wxefc029d4373dcac0}{bank_type=>CFT}{cash_fee=>408000}{fee_type=>CNY}{is_subscribe=>Y}{mch_id=>1244967502}{nonce_str=>ucy7umfldu9fdhhwqj7577m8pfg4crqv}{openid=>orYumuM0gBRA2yVsQtIlvxezWSw8}{out_trade_no=>LX-17083013201048001-4}{result_code=>SUCCESS}{return_code=>SUCCESS}{sign=>CB15475C166589D6DE19B9E9BA1BA34C}{time_end=>20170904155533}{total_fee=>408000}{trade_type=>NATIVE}{transaction_id=>4006882001201709040167223179}]
[2017-09-04 15:55:33][info] k:appid=>wxefc029d4373dcac0
[2017-09-04 15:55:33][info] k:bank_type=>CFT
[2017-09-04 15:55:33][info] k:cash_fee=>408000
[2017-09-04 15:55:33][info] k:fee_type=>CNY
[2017-09-04 15:55:33][info] k:is_subscribe=>Y
[2017-09-04 15:55:33][info] k:mch_id=>1244967502
[2017-09-04 15:55:33][info] k:nonce_str=>ucy7umfldu9fdhhwqj7577m8pfg4crqv
[2017-09-04 15:55:33][info] k:openid=>orYumuM0gBRA2yVsQtIlvxezWSw8
[2017-09-04 15:55:33][info] k:out_trade_no=>LX-17083013201048001-4
[2017-09-04 15:55:33][info] k:result_code=>SUCCESS
[2017-09-04 15:55:33][info] k:return_code=>SUCCESS
[2017-09-04 15:55:33][info] k:sign=>CB15475C166589D6DE19B9E9BA1BA34C
[2017-09-04 15:55:33][info] k:time_end=>20170904155533
[2017-09-04 15:55:33][info] k:total_fee=>408000
[2017-09-04 15:55:33][info] k:trade_type=>NATIVE
[2017-09-04 15:55:33][info] k:transaction_id=>4006882001201709040167223179
[2017-09-04 15:55:33][info] ----------------------------------------
[2017-09-04 15:55:33][info] XML_DATA222:{"appid":"wxefc029d4373dcac0","bank_type":"CFT","cash_fee":"4080.00","fee_type":"CNY","is_subscribe":"Y","mch_id":"1244967502","nonce_str":"ucy7umfldu9fdhhwqj7577m8pfg4crqv","openid":"orYumuM0gBRA2yVsQtIlvxezWSw8","out_trade_no":"LX-17083013201048001-4","result_code":"SUCCESS","return_code":"SUCCESS","sign":"CB15475C166589D6DE19B9E9BA1BA34C","time_end":"20170904155533","total_fee":"4080.00","trade_type":"NATIVE","transaction_id":"4006882001201709040167223179"}
[2017-09-04 15:55:33][warn] 数据存储成功，并成功返回记录编号18852！
[2017-09-04 15:55:47][info] ----------------------------------------
[2017-09-04 15:55:47][info] XML_DATA111:[{appid=>wxefc029d4373dcac0}{bank_type=>CFT}{cash_fee=>408000}{fee_type=>CNY}{is_subscribe=>Y}{mch_id=>1244967502}{nonce_str=>ucy7umfldu9fdhhwqj7577m8pfg4crqv}{openid=>orYumuM0gBRA2yVsQtIlvxezWSw8}{out_trade_no=>LX-17083013201048001-4}{result_code=>SUCCESS}{return_code=>SUCCESS}{sign=>CB15475C166589D6DE19B9E9BA1BA34C}{time_end=>20170904155533}{total_fee=>408000}{trade_type=>NATIVE}{transaction_id=>4006882001201709040167223179}]
[2017-09-04 15:55:47][info] k:appid=>wxefc029d4373dcac0
[2017-09-04 15:55:47][info] k:bank_type=>CFT
[2017-09-04 15:55:47][info] k:cash_fee=>408000
[2017-09-04 15:55:47][info] k:fee_type=>CNY
[2017-09-04 15:55:47][info] k:is_subscribe=>Y
[2017-09-04 15:55:47][info] k:mch_id=>1244967502
[2017-09-04 15:55:47][info] k:nonce_str=>ucy7umfldu9fdhhwqj7577m8pfg4crqv
[2017-09-04 15:55:47][info] k:openid=>orYumuM0gBRA2yVsQtIlvxezWSw8
[2017-09-04 15:55:47][info] k:out_trade_no=>LX-17083013201048001-4
[2017-09-04 15:55:47][info] k:result_code=>SUCCESS
[2017-09-04 15:55:47][info] k:return_code=>SUCCESS
[2017-09-04 15:55:47][info] k:sign=>CB15475C166589D6DE19B9E9BA1BA34C
[2017-09-04 15:55:47][info] k:time_end=>20170904155533
[2017-09-04 15:55:47][info] k:total_fee=>408000
[2017-09-04 15:55:47][info] k:trade_type=>NATIVE
[2017-09-04 15:55:47][info] k:transaction_id=>4006882001201709040167223179
[2017-09-04 15:55:47][info] ----------------------------------------
[2017-09-04 15:55:47][info] XML_DATA222:{"appid":"wxefc029d4373dcac0","bank_type":"CFT","cash_fee":"4080.00","fee_type":"CNY","is_subscribe":"Y","mch_id":"1244967502","nonce_str":"ucy7umfldu9fdhhwqj7577m8pfg4crqv","openid":"orYumuM0gBRA2yVsQtIlvxezWSw8","out_trade_no":"LX-17083013201048001-4","result_code":"SUCCESS","return_code":"SUCCESS","sign":"CB15475C166589D6DE19B9E9BA1BA34C","time_end":"20170904155533","total_fee":"4080.00","trade_type":"NATIVE","transaction_id":"4006882001201709040167223179"}
[2017-09-04 15:55:47][info] 收到重复信息，并处理反馈成功！
[2017-09-04 15:55:47][info] success
[2017-09-04 15:55:47][info] 写入结束!!!
[2017-09-04 17:20:08][info] ----------------------------------------
[2017-09-04 17:20:08][info] XML_DATA111:[{appid=>wxefc029d4373dcac0}{bank_type=>CFT}{cash_fee=>588000}{fee_type=>CNY}{is_subscribe=>Y}{mch_id=>1244967502}{nonce_str=>om4fvc2w2brqs0gh8teseujpg613zu4v}{openid=>orYumuPV3s9NOZjmVrzI1EoWS_b0}{out_trade_no=>LX-17090121075188801-2}{result_code=>SUCCESS}{return_code=>SUCCESS}{sign=>C385DFE94859681960FF858162C76BC0}{time_end=>20170904172008}{total_fee=>588000}{trade_type=>NATIVE}{transaction_id=>4003522001201709040182524829}]
[2017-09-04 17:20:08][info] k:appid=>wxefc029d4373dcac0
[2017-09-04 17:20:08][info] k:bank_type=>CFT
[2017-09-04 17:20:08][info] k:cash_fee=>588000
[2017-09-04 17:20:08][info] k:fee_type=>CNY
[2017-09-04 17:20:08][info] k:is_subscribe=>Y
[2017-09-04 17:20:08][info] k:mch_id=>1244967502
[2017-09-04 17:20:08][info] k:nonce_str=>om4fvc2w2brqs0gh8teseujpg613zu4v
[2017-09-04 17:20:08][info] k:openid=>orYumuPV3s9NOZjmVrzI1EoWS_b0
[2017-09-04 17:20:08][info] k:out_trade_no=>LX-17090121075188801-2
[2017-09-04 17:20:08][info] k:result_code=>SUCCESS
[2017-09-04 17:20:08][info] k:return_code=>SUCCESS
[2017-09-04 17:20:08][info] k:sign=>C385DFE94859681960FF858162C76BC0
[2017-09-04 17:20:08][info] k:time_end=>20170904172008
[2017-09-04 17:20:08][info] k:total_fee=>588000
[2017-09-04 17:20:08][info] k:trade_type=>NATIVE
[2017-09-04 17:20:08][info] k:transaction_id=>4003522001201709040182524829
[2017-09-04 17:20:08][info] ----------------------------------------
[2017-09-04 17:20:08][info] XML_DATA222:{"appid":"wxefc029d4373dcac0","bank_type":"CFT","cash_fee":"5880.00","fee_type":"CNY","is_subscribe":"Y","mch_id":"1244967502","nonce_str":"om4fvc2w2brqs0gh8teseujpg613zu4v","openid":"orYumuPV3s9NOZjmVrzI1EoWS_b0","out_trade_no":"LX-17090121075188801-2","result_code":"SUCCESS","return_code":"SUCCESS","sign":"C385DFE94859681960FF858162C76BC0","time_end":"20170904172008","total_fee":"5880.00","trade_type":"NATIVE","transaction_id":"4003522001201709040182524829"}
[2017-09-04 17:20:09][warn] 数据存储成功，并成功返回记录编号18855！
[2017-09-04 17:20:25][info] ----------------------------------------
[2017-09-04 17:20:25][info] XML_DATA111:[{appid=>wxefc029d4373dcac0}{bank_type=>CFT}{cash_fee=>588000}{fee_type=>CNY}{is_subscribe=>Y}{mch_id=>1244967502}{nonce_str=>om4fvc2w2brqs0gh8teseujpg613zu4v}{openid=>orYumuPV3s9NOZjmVrzI1EoWS_b0}{out_trade_no=>LX-17090121075188801-2}{result_code=>SUCCESS}{return_code=>SUCCESS}{sign=>C385DFE94859681960FF858162C76BC0}{time_end=>20170904172008}{total_fee=>588000}{trade_type=>NATIVE}{transaction_id=>4003522001201709040182524829}]
[2017-09-04 17:20:25][info] k:appid=>wxefc029d4373dcac0
[2017-09-04 17:20:25][info] k:bank_type=>CFT
[2017-09-04 17:20:25][info] k:cash_fee=>588000
[2017-09-04 17:20:25][info] k:fee_type=>CNY
[2017-09-04 17:20:25][info] k:is_subscribe=>Y
[2017-09-04 17:20:25][info] k:mch_id=>1244967502
[2017-09-04 17:20:25][info] k:nonce_str=>om4fvc2w2brqs0gh8teseujpg613zu4v
[2017-09-04 17:20:25][info] k:openid=>orYumuPV3s9NOZjmVrzI1EoWS_b0
[2017-09-04 17:20:25][info] k:out_trade_no=>LX-17090121075188801-2
[2017-09-04 17:20:25][info] k:result_code=>SUCCESS
[2017-09-04 17:20:25][info] k:return_code=>SUCCESS
[2017-09-04 17:20:25][info] k:sign=>C385DFE94859681960FF858162C76BC0
[2017-09-04 17:20:25][info] k:time_end=>20170904172008
[2017-09-04 17:20:25][info] k:total_fee=>588000
[2017-09-04 17:20:25][info] k:trade_type=>NATIVE
[2017-09-04 17:20:25][info] k:transaction_id=>4003522001201709040182524829
[2017-09-04 17:20:25][info] ----------------------------------------
[2017-09-04 17:20:25][info] XML_DATA222:{"appid":"wxefc029d4373dcac0","bank_type":"CFT","cash_fee":"5880.00","fee_type":"CNY","is_subscribe":"Y","mch_id":"1244967502","nonce_str":"om4fvc2w2brqs0gh8teseujpg613zu4v","openid":"orYumuPV3s9NOZjmVrzI1EoWS_b0","out_trade_no":"LX-17090121075188801-2","result_code":"SUCCESS","return_code":"SUCCESS","sign":"C385DFE94859681960FF858162C76BC0","time_end":"20170904172008","total_fee":"5880.00","trade_type":"NATIVE","transaction_id":"4003522001201709040182524829"}
[2017-09-04 17:20:25][info] 收到重复信息，并处理反馈成功！
[2017-09-04 17:20:25][info] success
[2017-09-04 17:20:25][info] 写入结束!!!
