[2017-07-28 10:38:10][info] ----------------------------------------
[2017-07-28 10:38:10][info] XML_DATA111:[{appid=>wxefc029d4373dcac0}{bank_type=>CFT}{cash_fee=>234000}{fee_type=>CNY}{is_subscribe=>N}{mch_id=>1244967502}{nonce_str=>g86fq2qa5e05miy9lq5m4immmydwi13i}{openid=>orYumuN6_qgZx1mQnGlXPA2BjsJs}{out_trade_no=>LX-17072810031574701-9}{result_code=>SUCCESS}{return_code=>SUCCESS}{sign=>1B49E34E42205EB78E1059F31DAC94CC}{time_end=>20170728103809}{total_fee=>234000}{trade_type=>NATIVE}{transaction_id=>4005202001201707283064203953}]
[2017-07-28 10:38:10][info] k:appid=>wxefc029d4373dcac0
[2017-07-28 10:38:10][info] k:bank_type=>CFT
[2017-07-28 10:38:10][info] k:cash_fee=>234000
[2017-07-28 10:38:10][info] k:fee_type=>CNY
[2017-07-28 10:38:10][info] k:is_subscribe=>N
[2017-07-28 10:38:10][info] k:mch_id=>1244967502
[2017-07-28 10:38:10][info] k:nonce_str=>g86fq2qa5e05miy9lq5m4immmydwi13i
[2017-07-28 10:38:10][info] k:openid=>orYumuN6_qgZx1mQnGlXPA2BjsJs
[2017-07-28 10:38:10][info] k:out_trade_no=>LX-17072810031574701-9
[2017-07-28 10:38:10][info] k:result_code=>SUCCESS
[2017-07-28 10:38:10][info] k:return_code=>SUCCESS
[2017-07-28 10:38:10][info] k:sign=>1B49E34E42205EB78E1059F31DAC94CC
[2017-07-28 10:38:10][info] k:time_end=>20170728103809
[2017-07-28 10:38:10][info] k:total_fee=>234000
[2017-07-28 10:38:10][info] k:trade_type=>NATIVE
[2017-07-28 10:38:10][info] k:transaction_id=>4005202001201707283064203953
[2017-07-28 10:38:10][info] ----------------------------------------
[2017-07-28 10:38:10][info] XML_DATA222:{"appid":"wxefc029d4373dcac0","bank_type":"CFT","cash_fee":"2340.00","fee_type":"CNY","is_subscribe":"N","mch_id":"1244967502","nonce_str":"g86fq2qa5e05miy9lq5m4immmydwi13i","openid":"orYumuN6_qgZx1mQnGlXPA2BjsJs","out_trade_no":"LX-17072810031574701-9","result_code":"SUCCESS","return_code":"SUCCESS","sign":"1B49E34E42205EB78E1059F31DAC94CC","time_end":"20170728103809","total_fee":"2340.00","trade_type":"NATIVE","transaction_id":"4005202001201707283064203953"}
[2017-07-28 10:38:10][warn] 数据存储成功，并成功返回记录编号18312！
[2017-07-28 10:38:21][info] ----------------------------------------
[2017-07-28 10:38:21][info] XML_DATA111:[{appid=>wxefc029d4373dcac0}{bank_type=>CFT}{cash_fee=>234000}{fee_type=>CNY}{is_subscribe=>N}{mch_id=>1244967502}{nonce_str=>g86fq2qa5e05miy9lq5m4immmydwi13i}{openid=>orYumuN6_qgZx1mQnGlXPA2BjsJs}{out_trade_no=>LX-17072810031574701-9}{result_code=>SUCCESS}{return_code=>SUCCESS}{sign=>1B49E34E42205EB78E1059F31DAC94CC}{time_end=>20170728103809}{total_fee=>234000}{trade_type=>NATIVE}{transaction_id=>4005202001201707283064203953}]
[2017-07-28 10:38:21][info] k:appid=>wxefc029d4373dcac0
[2017-07-28 10:38:21][info] k:bank_type=>CFT
[2017-07-28 10:38:21][info] k:cash_fee=>234000
[2017-07-28 10:38:21][info] k:fee_type=>CNY
[2017-07-28 10:38:21][info] k:is_subscribe=>N
[2017-07-28 10:38:21][info] k:mch_id=>1244967502
[2017-07-28 10:38:21][info] k:nonce_str=>g86fq2qa5e05miy9lq5m4immmydwi13i
[2017-07-28 10:38:21][info] k:openid=>orYumuN6_qgZx1mQnGlXPA2BjsJs
[2017-07-28 10:38:21][info] k:out_trade_no=>LX-17072810031574701-9
[2017-07-28 10:38:21][info] k:result_code=>SUCCESS
[2017-07-28 10:38:21][info] k:return_code=>SUCCESS
[2017-07-28 10:38:21][info] k:sign=>1B49E34E42205EB78E1059F31DAC94CC
[2017-07-28 10:38:21][info] k:time_end=>20170728103809
[2017-07-28 10:38:21][info] k:total_fee=>234000
[2017-07-28 10:38:21][info] k:trade_type=>NATIVE
[2017-07-28 10:38:21][info] k:transaction_id=>4005202001201707283064203953
[2017-07-28 10:38:21][info] ----------------------------------------
[2017-07-28 10:38:21][info] XML_DATA222:{"appid":"wxefc029d4373dcac0","bank_type":"CFT","cash_fee":"2340.00","fee_type":"CNY","is_subscribe":"N","mch_id":"1244967502","nonce_str":"g86fq2qa5e05miy9lq5m4immmydwi13i","openid":"orYumuN6_qgZx1mQnGlXPA2BjsJs","out_trade_no":"LX-17072810031574701-9","result_code":"SUCCESS","return_code":"SUCCESS","sign":"1B49E34E42205EB78E1059F31DAC94CC","time_end":"20170728103809","total_fee":"2340.00","trade_type":"NATIVE","transaction_id":"4005202001201707283064203953"}
[2017-07-28 10:38:22][info] 收到重复信息，并处理反馈成功！
[2017-07-28 10:38:22][info] success
[2017-07-28 10:38:22][info] 写入结束!!!
[2017-07-28 11:23:56][info] ----------------------------------------
[2017-07-28 11:23:56][info] XML_DATA111:[{appid=>wxefc029d4373dcac0}{bank_type=>BOC_DEBIT}{cash_fee=>460000}{fee_type=>CNY}{is_subscribe=>Y}{mch_id=>1244967502}{nonce_str=>eq4swtf6yel9tios8igwlclc1urznoys}{openid=>orYumuBHLDTTnfCWGkm0WfAq-xb4}{out_trade_no=>LX-17063015381045701-d}{result_code=>SUCCESS}{return_code=>SUCCESS}{sign=>331C5E3F9C625A5F2D7ADA2D2A614815}{time_end=>20170728112356}{total_fee=>460000}{trade_type=>NATIVE}{transaction_id=>4006922001201707283074755455}]
[2017-07-28 11:23:56][info] k:appid=>wxefc029d4373dcac0
[2017-07-28 11:23:56][info] k:bank_type=>BOC_DEBIT
[2017-07-28 11:23:56][info] k:cash_fee=>460000
[2017-07-28 11:23:56][info] k:fee_type=>CNY
[2017-07-28 11:23:56][info] k:is_subscribe=>Y
[2017-07-28 11:23:56][info] k:mch_id=>1244967502
[2017-07-28 11:23:56][info] k:nonce_str=>eq4swtf6yel9tios8igwlclc1urznoys
[2017-07-28 11:23:56][info] k:openid=>orYumuBHLDTTnfCWGkm0WfAq-xb4
[2017-07-28 11:23:56][info] k:out_trade_no=>LX-17063015381045701-d
[2017-07-28 11:23:56][info] k:result_code=>SUCCESS
[2017-07-28 11:23:56][info] k:return_code=>SUCCESS
[2017-07-28 11:23:56][info] k:sign=>331C5E3F9C625A5F2D7ADA2D2A614815
[2017-07-28 11:23:56][info] k:time_end=>20170728112356
[2017-07-28 11:23:56][info] k:total_fee=>460000
[2017-07-28 11:23:56][info] k:trade_type=>NATIVE
[2017-07-28 11:23:56][info] k:transaction_id=>4006922001201707283074755455
[2017-07-28 11:23:56][info] ----------------------------------------
[2017-07-28 11:23:56][info] XML_DATA222:{"appid":"wxefc029d4373dcac0","bank_type":"BOC_DEBIT","cash_fee":"4600.00","fee_type":"CNY","is_subscribe":"Y","mch_id":"1244967502","nonce_str":"eq4swtf6yel9tios8igwlclc1urznoys","openid":"orYumuBHLDTTnfCWGkm0WfAq-xb4","out_trade_no":"LX-17063015381045701-d","result_code":"SUCCESS","return_code":"SUCCESS","sign":"331C5E3F9C625A5F2D7ADA2D2A614815","time_end":"20170728112356","total_fee":"4600.00","trade_type":"NATIVE","transaction_id":"4006922001201707283074755455"}
[2017-07-28 11:23:56][warn] 数据存储成功，并成功返回记录编号18316！
[2017-07-28 11:24:07][info] ----------------------------------------
[2017-07-28 11:24:07][info] XML_DATA111:[{appid=>wxefc029d4373dcac0}{bank_type=>BOC_DEBIT}{cash_fee=>460000}{fee_type=>CNY}{is_subscribe=>Y}{mch_id=>1244967502}{nonce_str=>eq4swtf6yel9tios8igwlclc1urznoys}{openid=>orYumuBHLDTTnfCWGkm0WfAq-xb4}{out_trade_no=>LX-17063015381045701-d}{result_code=>SUCCESS}{return_code=>SUCCESS}{sign=>331C5E3F9C625A5F2D7ADA2D2A614815}{time_end=>20170728112356}{total_fee=>460000}{trade_type=>NATIVE}{transaction_id=>4006922001201707283074755455}]
[2017-07-28 11:24:07][info] k:appid=>wxefc029d4373dcac0
[2017-07-28 11:24:07][info] k:bank_type=>BOC_DEBIT
[2017-07-28 11:24:07][info] k:cash_fee=>460000
[2017-07-28 11:24:07][info] k:fee_type=>CNY
[2017-07-28 11:24:07][info] k:is_subscribe=>Y
[2017-07-28 11:24:07][info] k:mch_id=>1244967502
[2017-07-28 11:24:07][info] k:nonce_str=>eq4swtf6yel9tios8igwlclc1urznoys
[2017-07-28 11:24:07][info] k:openid=>orYumuBHLDTTnfCWGkm0WfAq-xb4
[2017-07-28 11:24:07][info] k:out_trade_no=>LX-17063015381045701-d
[2017-07-28 11:24:07][info] k:result_code=>SUCCESS
[2017-07-28 11:24:07][info] k:return_code=>SUCCESS
[2017-07-28 11:24:07][info] k:sign=>331C5E3F9C625A5F2D7ADA2D2A614815
[2017-07-28 11:24:07][info] k:time_end=>20170728112356
[2017-07-28 11:24:07][info] k:total_fee=>460000
[2017-07-28 11:24:07][info] k:trade_type=>NATIVE
[2017-07-28 11:24:07][info] k:transaction_id=>4006922001201707283074755455
[2017-07-28 11:24:07][info] ----------------------------------------
[2017-07-28 11:24:07][info] XML_DATA222:{"appid":"wxefc029d4373dcac0","bank_type":"BOC_DEBIT","cash_fee":"4600.00","fee_type":"CNY","is_subscribe":"Y","mch_id":"1244967502","nonce_str":"eq4swtf6yel9tios8igwlclc1urznoys","openid":"orYumuBHLDTTnfCWGkm0WfAq-xb4","out_trade_no":"LX-17063015381045701-d","result_code":"SUCCESS","return_code":"SUCCESS","sign":"331C5E3F9C625A5F2D7ADA2D2A614815","time_end":"20170728112356","total_fee":"4600.00","trade_type":"NATIVE","transaction_id":"4006922001201707283074755455"}
[2017-07-28 11:24:08][info] 收到重复信息，并处理反馈成功！
[2017-07-28 11:24:08][info] success
[2017-07-28 11:24:08][info] 写入结束!!!
[2017-07-28 18:00:20][info] ----------------------------------------
[2017-07-28 18:00:20][info] XML_DATA111:[{appid=>wxefc029d4373dcac0}{bank_type=>CCB_CREDIT}{cash_fee=>597000}{fee_type=>CNY}{is_subscribe=>Y}{mch_id=>1244967502}{nonce_str=>l5bx71rf9esfinfdw6p98g607g4z3wkn}{openid=>orYumuHyDJ6QjDXraZtc1Y32v-Ac}{out_trade_no=>LX-17070609294442101-d}{result_code=>SUCCESS}{return_code=>SUCCESS}{sign=>543C9277FEA3A19EF07811C83F3DB736}{time_end=>20170728180019}{total_fee=>597000}{trade_type=>NATIVE}{transaction_id=>4001262001201707283150145885}]
[2017-07-28 18:00:20][info] k:appid=>wxefc029d4373dcac0
[2017-07-28 18:00:20][info] k:bank_type=>CCB_CREDIT
[2017-07-28 18:00:20][info] k:cash_fee=>597000
[2017-07-28 18:00:20][info] k:fee_type=>CNY
[2017-07-28 18:00:20][info] k:is_subscribe=>Y
[2017-07-28 18:00:20][info] k:mch_id=>1244967502
[2017-07-28 18:00:20][info] k:nonce_str=>l5bx71rf9esfinfdw6p98g607g4z3wkn
[2017-07-28 18:00:20][info] k:openid=>orYumuHyDJ6QjDXraZtc1Y32v-Ac
[2017-07-28 18:00:20][info] k:out_trade_no=>LX-17070609294442101-d
[2017-07-28 18:00:20][info] k:result_code=>SUCCESS
[2017-07-28 18:00:20][info] k:return_code=>SUCCESS
[2017-07-28 18:00:20][info] k:sign=>543C9277FEA3A19EF07811C83F3DB736
[2017-07-28 18:00:20][info] k:time_end=>20170728180019
[2017-07-28 18:00:20][info] k:total_fee=>597000
[2017-07-28 18:00:20][info] k:trade_type=>NATIVE
[2017-07-28 18:00:20][info] k:transaction_id=>4001262001201707283150145885
[2017-07-28 18:00:20][info] ----------------------------------------
[2017-07-28 18:00:20][info] XML_DATA222:{"appid":"wxefc029d4373dcac0","bank_type":"CCB_CREDIT","cash_fee":"5970.00","fee_type":"CNY","is_subscribe":"Y","mch_id":"1244967502","nonce_str":"l5bx71rf9esfinfdw6p98g607g4z3wkn","openid":"orYumuHyDJ6QjDXraZtc1Y32v-Ac","out_trade_no":"LX-17070609294442101-d","result_code":"SUCCESS","return_code":"SUCCESS","sign":"543C9277FEA3A19EF07811C83F3DB736","time_end":"20170728180019","total_fee":"5970.00","trade_type":"NATIVE","transaction_id":"4001262001201707283150145885"}
[2017-07-28 18:00:20][warn] 数据存储成功，并成功返回记录编号18325！
[2017-07-28 18:00:35][info] ----------------------------------------
[2017-07-28 18:00:35][info] XML_DATA111:[{appid=>wxefc029d4373dcac0}{bank_type=>CCB_CREDIT}{cash_fee=>597000}{fee_type=>CNY}{is_subscribe=>Y}{mch_id=>1244967502}{nonce_str=>l5bx71rf9esfinfdw6p98g607g4z3wkn}{openid=>orYumuHyDJ6QjDXraZtc1Y32v-Ac}{out_trade_no=>LX-17070609294442101-d}{result_code=>SUCCESS}{return_code=>SUCCESS}{sign=>543C9277FEA3A19EF07811C83F3DB736}{time_end=>20170728180019}{total_fee=>597000}{trade_type=>NATIVE}{transaction_id=>4001262001201707283150145885}]
[2017-07-28 18:00:35][info] k:appid=>wxefc029d4373dcac0
[2017-07-28 18:00:35][info] k:bank_type=>CCB_CREDIT
[2017-07-28 18:00:35][info] k:cash_fee=>597000
[2017-07-28 18:00:35][info] k:fee_type=>CNY
[2017-07-28 18:00:35][info] k:is_subscribe=>Y
[2017-07-28 18:00:35][info] k:mch_id=>1244967502
[2017-07-28 18:00:35][info] k:nonce_str=>l5bx71rf9esfinfdw6p98g607g4z3wkn
[2017-07-28 18:00:35][info] k:openid=>orYumuHyDJ6QjDXraZtc1Y32v-Ac
[2017-07-28 18:00:35][info] k:out_trade_no=>LX-17070609294442101-d
[2017-07-28 18:00:35][info] k:result_code=>SUCCESS
[2017-07-28 18:00:35][info] k:return_code=>SUCCESS
[2017-07-28 18:00:35][info] k:sign=>543C9277FEA3A19EF07811C83F3DB736
[2017-07-28 18:00:35][info] k:time_end=>20170728180019
[2017-07-28 18:00:35][info] k:total_fee=>597000
[2017-07-28 18:00:35][info] k:trade_type=>NATIVE
[2017-07-28 18:00:35][info] k:transaction_id=>4001262001201707283150145885
[2017-07-28 18:00:35][info] ----------------------------------------
[2017-07-28 18:00:35][info] XML_DATA222:{"appid":"wxefc029d4373dcac0","bank_type":"CCB_CREDIT","cash_fee":"5970.00","fee_type":"CNY","is_subscribe":"Y","mch_id":"1244967502","nonce_str":"l5bx71rf9esfinfdw6p98g607g4z3wkn","openid":"orYumuHyDJ6QjDXraZtc1Y32v-Ac","out_trade_no":"LX-17070609294442101-d","result_code":"SUCCESS","return_code":"SUCCESS","sign":"543C9277FEA3A19EF07811C83F3DB736","time_end":"20170728180019","total_fee":"5970.00","trade_type":"NATIVE","transaction_id":"4001262001201707283150145885"}
[2017-07-28 18:00:35][info] 收到重复信息，并处理反馈成功！
[2017-07-28 18:00:35][info] success
[2017-07-28 18:00:35][info] 写入结束!!!
