[2017-04-17 11:42:29][info] ----------------------------------------
[2017-04-17 11:42:29][info] XML_DATA111:[{appid=>wxefc029d4373dcac0}{bank_type=>ICBC_CREDIT}{cash_fee=>214000}{fee_type=>CNY}{is_subscribe=>Y}{mch_id=>1244967502}{nonce_str=>6iz4h9ry5j6h4468im88bps82far05wl}{openid=>orYumuKBpKz8QcmPr0QUS8GZNvUU}{out_trade_no=>LX-1704171108292406-b}{result_code=>SUCCESS}{return_code=>SUCCESS}{sign=>34C921DAF7775CF556756C0739D8AFCA}{time_end=>20170417114229}{total_fee=>214000}{trade_type=>NATIVE}{transaction_id=>4010122001201704177309920772}]
[2017-04-17 11:42:29][info] k:appid=>wxefc029d4373dcac0
[2017-04-17 11:42:29][info] k:bank_type=>ICBC_CREDIT
[2017-04-17 11:42:29][info] k:cash_fee=>214000
[2017-04-17 11:42:29][info] k:fee_type=>CNY
[2017-04-17 11:42:29][info] k:is_subscribe=>Y
[2017-04-17 11:42:29][info] k:mch_id=>1244967502
[2017-04-17 11:42:29][info] k:nonce_str=>6iz4h9ry5j6h4468im88bps82far05wl
[2017-04-17 11:42:29][info] k:openid=>orYumuKBpKz8QcmPr0QUS8GZNvUU
[2017-04-17 11:42:29][info] k:out_trade_no=>LX-1704171108292406-b
[2017-04-17 11:42:29][info] k:result_code=>SUCCESS
[2017-04-17 11:42:29][info] k:return_code=>SUCCESS
[2017-04-17 11:42:29][info] k:sign=>34C921DAF7775CF556756C0739D8AFCA
[2017-04-17 11:42:29][info] k:time_end=>20170417114229
[2017-04-17 11:42:29][info] k:total_fee=>214000
[2017-04-17 11:42:29][info] k:trade_type=>NATIVE
[2017-04-17 11:42:29][info] k:transaction_id=>4010122001201704177309920772
[2017-04-17 11:42:29][info] ----------------------------------------
[2017-04-17 11:42:29][info] XML_DATA222:{"appid":"wxefc029d4373dcac0","bank_type":"ICBC_CREDIT","cash_fee":"2140.00","fee_type":"CNY","is_subscribe":"Y","mch_id":"1244967502","nonce_str":"6iz4h9ry5j6h4468im88bps82far05wl","openid":"orYumuKBpKz8QcmPr0QUS8GZNvUU","out_trade_no":"LX-1704171108292406-b","result_code":"SUCCESS","return_code":"SUCCESS","sign":"34C921DAF7775CF556756C0739D8AFCA","time_end":"20170417114229","total_fee":"2140.00","trade_type":"NATIVE","transaction_id":"4010122001201704177309920772"}
[2017-04-17 11:42:29][warn] 数据存储成功，并成功返回记录编号17449！
[2017-04-17 11:42:44][info] ----------------------------------------
[2017-04-17 11:42:44][info] XML_DATA111:[{appid=>wxefc029d4373dcac0}{bank_type=>ICBC_CREDIT}{cash_fee=>214000}{fee_type=>CNY}{is_subscribe=>Y}{mch_id=>1244967502}{nonce_str=>6iz4h9ry5j6h4468im88bps82far05wl}{openid=>orYumuKBpKz8QcmPr0QUS8GZNvUU}{out_trade_no=>LX-1704171108292406-b}{result_code=>SUCCESS}{return_code=>SUCCESS}{sign=>34C921DAF7775CF556756C0739D8AFCA}{time_end=>20170417114229}{total_fee=>214000}{trade_type=>NATIVE}{transaction_id=>4010122001201704177309920772}]
[2017-04-17 11:42:44][info] k:appid=>wxefc029d4373dcac0
[2017-04-17 11:42:44][info] k:bank_type=>ICBC_CREDIT
[2017-04-17 11:42:44][info] k:cash_fee=>214000
[2017-04-17 11:42:44][info] k:fee_type=>CNY
[2017-04-17 11:42:44][info] k:is_subscribe=>Y
[2017-04-17 11:42:44][info] k:mch_id=>1244967502
[2017-04-17 11:42:44][info] k:nonce_str=>6iz4h9ry5j6h4468im88bps82far05wl
[2017-04-17 11:42:44][info] k:openid=>orYumuKBpKz8QcmPr0QUS8GZNvUU
[2017-04-17 11:42:44][info] k:out_trade_no=>LX-1704171108292406-b
[2017-04-17 11:42:44][info] k:result_code=>SUCCESS
[2017-04-17 11:42:44][info] k:return_code=>SUCCESS
[2017-04-17 11:42:44][info] k:sign=>34C921DAF7775CF556756C0739D8AFCA
[2017-04-17 11:42:44][info] k:time_end=>20170417114229
[2017-04-17 11:42:44][info] k:total_fee=>214000
[2017-04-17 11:42:44][info] k:trade_type=>NATIVE
[2017-04-17 11:42:44][info] k:transaction_id=>4010122001201704177309920772
[2017-04-17 11:42:44][info] ----------------------------------------
[2017-04-17 11:42:44][info] XML_DATA222:{"appid":"wxefc029d4373dcac0","bank_type":"ICBC_CREDIT","cash_fee":"2140.00","fee_type":"CNY","is_subscribe":"Y","mch_id":"1244967502","nonce_str":"6iz4h9ry5j6h4468im88bps82far05wl","openid":"orYumuKBpKz8QcmPr0QUS8GZNvUU","out_trade_no":"LX-1704171108292406-b","result_code":"SUCCESS","return_code":"SUCCESS","sign":"34C921DAF7775CF556756C0739D8AFCA","time_end":"20170417114229","total_fee":"2140.00","trade_type":"NATIVE","transaction_id":"4010122001201704177309920772"}
[2017-04-17 11:42:44][info] 收到重复信息，并处理反馈成功！
[2017-04-17 11:42:44][info] success
[2017-04-17 11:42:44][info] 写入结束!!!
