[2017-08-23 00:32:31][info] ----------------------------------------
[2017-08-23 00:32:31][info] XML_DATA111:[{appid=>wxefc029d4373dcac0}{bank_type=>CMB_CREDIT}{cash_fee=>696000}{fee_type=>CNY}{is_subscribe=>Y}{mch_id=>1244967502}{nonce_str=>5bs52qbeqeweyzqa9eb5333e1jmhqhja}{openid=>orYumuAOf925yUrrspf6dXzRTKNs}{out_trade_no=>LX-17080617004647606-4}{result_code=>SUCCESS}{return_code=>SUCCESS}{sign=>E45DC9E90F0165857B7C495C6768898F}{time_end=>20170823003230}{total_fee=>696000}{trade_type=>NATIVE}{transaction_id=>4003472001201708237715230399}]
[2017-08-23 00:32:31][info] k:appid=>wxefc029d4373dcac0
[2017-08-23 00:32:31][info] k:bank_type=>CMB_CREDIT
[2017-08-23 00:32:31][info] k:cash_fee=>696000
[2017-08-23 00:32:31][info] k:fee_type=>CNY
[2017-08-23 00:32:31][info] k:is_subscribe=>Y
[2017-08-23 00:32:31][info] k:mch_id=>1244967502
[2017-08-23 00:32:31][info] k:nonce_str=>5bs52qbeqeweyzqa9eb5333e1jmhqhja
[2017-08-23 00:32:31][info] k:openid=>orYumuAOf925yUrrspf6dXzRTKNs
[2017-08-23 00:32:31][info] k:out_trade_no=>LX-17080617004647606-4
[2017-08-23 00:32:31][info] k:result_code=>SUCCESS
[2017-08-23 00:32:31][info] k:return_code=>SUCCESS
[2017-08-23 00:32:31][info] k:sign=>E45DC9E90F0165857B7C495C6768898F
[2017-08-23 00:32:31][info] k:time_end=>20170823003230
[2017-08-23 00:32:31][info] k:total_fee=>696000
[2017-08-23 00:32:31][info] k:trade_type=>NATIVE
[2017-08-23 00:32:31][info] k:transaction_id=>4003472001201708237715230399
[2017-08-23 00:32:31][info] ----------------------------------------
[2017-08-23 00:32:31][info] XML_DATA222:{"appid":"wxefc029d4373dcac0","bank_type":"CMB_CREDIT","cash_fee":"6960.00","fee_type":"CNY","is_subscribe":"Y","mch_id":"1244967502","nonce_str":"5bs52qbeqeweyzqa9eb5333e1jmhqhja","openid":"orYumuAOf925yUrrspf6dXzRTKNs","out_trade_no":"LX-17080617004647606-4","result_code":"SUCCESS","return_code":"SUCCESS","sign":"E45DC9E90F0165857B7C495C6768898F","time_end":"20170823003230","total_fee":"6960.00","trade_type":"NATIVE","transaction_id":"4003472001201708237715230399"}
[2017-08-23 00:32:31][warn] 数据存储成功，并成功返回记录编号18684！
[2017-08-23 00:32:44][info] ----------------------------------------
[2017-08-23 00:32:44][info] XML_DATA111:[{appid=>wxefc029d4373dcac0}{bank_type=>CMB_CREDIT}{cash_fee=>696000}{fee_type=>CNY}{is_subscribe=>Y}{mch_id=>1244967502}{nonce_str=>5bs52qbeqeweyzqa9eb5333e1jmhqhja}{openid=>orYumuAOf925yUrrspf6dXzRTKNs}{out_trade_no=>LX-17080617004647606-4}{result_code=>SUCCESS}{return_code=>SUCCESS}{sign=>E45DC9E90F0165857B7C495C6768898F}{time_end=>20170823003230}{total_fee=>696000}{trade_type=>NATIVE}{transaction_id=>4003472001201708237715230399}]
[2017-08-23 00:32:44][info] k:appid=>wxefc029d4373dcac0
[2017-08-23 00:32:44][info] k:bank_type=>CMB_CREDIT
[2017-08-23 00:32:44][info] k:cash_fee=>696000
[2017-08-23 00:32:44][info] k:fee_type=>CNY
[2017-08-23 00:32:44][info] k:is_subscribe=>Y
[2017-08-23 00:32:44][info] k:mch_id=>1244967502
[2017-08-23 00:32:44][info] k:nonce_str=>5bs52qbeqeweyzqa9eb5333e1jmhqhja
[2017-08-23 00:32:44][info] k:openid=>orYumuAOf925yUrrspf6dXzRTKNs
[2017-08-23 00:32:44][info] k:out_trade_no=>LX-17080617004647606-4
[2017-08-23 00:32:44][info] k:result_code=>SUCCESS
[2017-08-23 00:32:44][info] k:return_code=>SUCCESS
[2017-08-23 00:32:44][info] k:sign=>E45DC9E90F0165857B7C495C6768898F
[2017-08-23 00:32:44][info] k:time_end=>20170823003230
[2017-08-23 00:32:44][info] k:total_fee=>696000
[2017-08-23 00:32:44][info] k:trade_type=>NATIVE
[2017-08-23 00:32:44][info] k:transaction_id=>4003472001201708237715230399
[2017-08-23 00:32:44][info] ----------------------------------------
[2017-08-23 00:32:44][info] XML_DATA222:{"appid":"wxefc029d4373dcac0","bank_type":"CMB_CREDIT","cash_fee":"6960.00","fee_type":"CNY","is_subscribe":"Y","mch_id":"1244967502","nonce_str":"5bs52qbeqeweyzqa9eb5333e1jmhqhja","openid":"orYumuAOf925yUrrspf6dXzRTKNs","out_trade_no":"LX-17080617004647606-4","result_code":"SUCCESS","return_code":"SUCCESS","sign":"E45DC9E90F0165857B7C495C6768898F","time_end":"20170823003230","total_fee":"6960.00","trade_type":"NATIVE","transaction_id":"4003472001201708237715230399"}
[2017-08-23 00:32:44][info] 收到重复信息，并处理反馈成功！
[2017-08-23 00:32:44][info] success
[2017-08-23 00:32:44][info] 写入结束!!!
