[2017-09-19 09:49:11][info] ----------------------------------------
[2017-09-19 09:49:11][info] XML_DATA111:[{appid=>wxefc029d4373dcac0}{bank_type=>PAB_CREDIT}{cash_fee=>880000}{fee_type=>CNY}{is_subscribe=>N}{mch_id=>1244967502}{nonce_str=>hgd02jih8hgz97aeqc1lnlkfr21tyguo}{openid=>orYumuMXytZv0XivvcaYW7vVBJLI}{out_trade_no=>LX-17071716395432701-6}{result_code=>SUCCESS}{return_code=>SUCCESS}{sign=>FF266A343F6AF626E321AE3D1A637F5C}{time_end=>20170919094911}{total_fee=>880000}{trade_type=>NATIVE}{transaction_id=>4200000025201709192951829079}]
[2017-09-19 09:49:11][info] k:appid=>wxefc029d4373dcac0
[2017-09-19 09:49:11][info] k:bank_type=>PAB_CREDIT
[2017-09-19 09:49:11][info] k:cash_fee=>880000
[2017-09-19 09:49:11][info] k:fee_type=>CNY
[2017-09-19 09:49:11][info] k:is_subscribe=>N
[2017-09-19 09:49:11][info] k:mch_id=>1244967502
[2017-09-19 09:49:11][info] k:nonce_str=>hgd02jih8hgz97aeqc1lnlkfr21tyguo
[2017-09-19 09:49:11][info] k:openid=>orYumuMXytZv0XivvcaYW7vVBJLI
[2017-09-19 09:49:11][info] k:out_trade_no=>LX-17071716395432701-6
[2017-09-19 09:49:11][info] k:result_code=>SUCCESS
[2017-09-19 09:49:11][info] k:return_code=>SUCCESS
[2017-09-19 09:49:11][info] k:sign=>FF266A343F6AF626E321AE3D1A637F5C
[2017-09-19 09:49:11][info] k:time_end=>20170919094911
[2017-09-19 09:49:11][info] k:total_fee=>880000
[2017-09-19 09:49:11][info] k:trade_type=>NATIVE
[2017-09-19 09:49:11][info] k:transaction_id=>4200000025201709192951829079
[2017-09-19 09:49:11][info] ----------------------------------------
[2017-09-19 09:49:11][info] XML_DATA222:{"appid":"wxefc029d4373dcac0","bank_type":"PAB_CREDIT","cash_fee":"8800.00","fee_type":"CNY","is_subscribe":"N","mch_id":"1244967502","nonce_str":"hgd02jih8hgz97aeqc1lnlkfr21tyguo","openid":"orYumuMXytZv0XivvcaYW7vVBJLI","out_trade_no":"LX-17071716395432701-6","result_code":"SUCCESS","return_code":"SUCCESS","sign":"FF266A343F6AF626E321AE3D1A637F5C","time_end":"20170919094911","total_fee":"8800.00","trade_type":"NATIVE","transaction_id":"4200000025201709192951829079"}
[2017-09-19 09:49:11][warn] 数据存储成功，并成功返回记录编号19115！
[2017-09-19 09:49:24][info] ----------------------------------------
[2017-09-19 09:49:24][info] XML_DATA111:[{appid=>wxefc029d4373dcac0}{bank_type=>PAB_CREDIT}{cash_fee=>880000}{fee_type=>CNY}{is_subscribe=>N}{mch_id=>1244967502}{nonce_str=>hgd02jih8hgz97aeqc1lnlkfr21tyguo}{openid=>orYumuMXytZv0XivvcaYW7vVBJLI}{out_trade_no=>LX-17071716395432701-6}{result_code=>SUCCESS}{return_code=>SUCCESS}{sign=>FF266A343F6AF626E321AE3D1A637F5C}{time_end=>20170919094911}{total_fee=>880000}{trade_type=>NATIVE}{transaction_id=>4200000025201709192951829079}]
[2017-09-19 09:49:24][info] k:appid=>wxefc029d4373dcac0
[2017-09-19 09:49:24][info] k:bank_type=>PAB_CREDIT
[2017-09-19 09:49:24][info] k:cash_fee=>880000
[2017-09-19 09:49:24][info] k:fee_type=>CNY
[2017-09-19 09:49:24][info] k:is_subscribe=>N
[2017-09-19 09:49:24][info] k:mch_id=>1244967502
[2017-09-19 09:49:24][info] k:nonce_str=>hgd02jih8hgz97aeqc1lnlkfr21tyguo
[2017-09-19 09:49:24][info] k:openid=>orYumuMXytZv0XivvcaYW7vVBJLI
[2017-09-19 09:49:24][info] k:out_trade_no=>LX-17071716395432701-6
[2017-09-19 09:49:24][info] k:result_code=>SUCCESS
[2017-09-19 09:49:24][info] k:return_code=>SUCCESS
[2017-09-19 09:49:24][info] k:sign=>FF266A343F6AF626E321AE3D1A637F5C
[2017-09-19 09:49:24][info] k:time_end=>20170919094911
[2017-09-19 09:49:24][info] k:total_fee=>880000
[2017-09-19 09:49:24][info] k:trade_type=>NATIVE
[2017-09-19 09:49:24][info] k:transaction_id=>4200000025201709192951829079
[2017-09-19 09:49:24][info] ----------------------------------------
[2017-09-19 09:49:24][info] XML_DATA222:{"appid":"wxefc029d4373dcac0","bank_type":"PAB_CREDIT","cash_fee":"8800.00","fee_type":"CNY","is_subscribe":"N","mch_id":"1244967502","nonce_str":"hgd02jih8hgz97aeqc1lnlkfr21tyguo","openid":"orYumuMXytZv0XivvcaYW7vVBJLI","out_trade_no":"LX-17071716395432701-6","result_code":"SUCCESS","return_code":"SUCCESS","sign":"FF266A343F6AF626E321AE3D1A637F5C","time_end":"20170919094911","total_fee":"8800.00","trade_type":"NATIVE","transaction_id":"4200000025201709192951829079"}
[2017-09-19 09:49:24][info] 收到重复信息，并处理反馈成功！
[2017-09-19 09:49:24][info] success
[2017-09-19 09:49:24][info] 写入结束!!!
[2017-09-19 12:40:17][info] ----------------------------------------
[2017-09-19 12:40:17][info] XML_DATA111:[{appid=>wxefc029d4373dcac0}{bank_type=>ICBC_DEBIT}{cash_fee=>421000}{fee_type=>CNY}{is_subscribe=>N}{mch_id=>1244967502}{nonce_str=>8n9ofy05fk1gdujtg7tb33c46gdk6l1r}{openid=>orYumuKjEBhdcL9veX9d9K1T_sA4}{out_trade_no=>LX-17091813213150101-1}{result_code=>SUCCESS}{return_code=>SUCCESS}{sign=>5F714422479D36296AA9E709AD307398}{time_end=>20170919124016}{total_fee=>421000}{trade_type=>NATIVE}{transaction_id=>4200000020201709192981613315}]
[2017-09-19 12:40:17][info] k:appid=>wxefc029d4373dcac0
[2017-09-19 12:40:17][info] k:bank_type=>ICBC_DEBIT
[2017-09-19 12:40:17][info] k:cash_fee=>421000
[2017-09-19 12:40:17][info] k:fee_type=>CNY
[2017-09-19 12:40:17][info] k:is_subscribe=>N
[2017-09-19 12:40:17][info] k:mch_id=>1244967502
[2017-09-19 12:40:17][info] k:nonce_str=>8n9ofy05fk1gdujtg7tb33c46gdk6l1r
[2017-09-19 12:40:17][info] k:openid=>orYumuKjEBhdcL9veX9d9K1T_sA4
[2017-09-19 12:40:17][info] k:out_trade_no=>LX-17091813213150101-1
[2017-09-19 12:40:17][info] k:result_code=>SUCCESS
[2017-09-19 12:40:17][info] k:return_code=>SUCCESS
[2017-09-19 12:40:17][info] k:sign=>5F714422479D36296AA9E709AD307398
[2017-09-19 12:40:17][info] k:time_end=>20170919124016
[2017-09-19 12:40:17][info] k:total_fee=>421000
[2017-09-19 12:40:17][info] k:trade_type=>NATIVE
[2017-09-19 12:40:17][info] k:transaction_id=>4200000020201709192981613315
[2017-09-19 12:40:17][info] ----------------------------------------
[2017-09-19 12:40:17][info] XML_DATA222:{"appid":"wxefc029d4373dcac0","bank_type":"ICBC_DEBIT","cash_fee":"4210.00","fee_type":"CNY","is_subscribe":"N","mch_id":"1244967502","nonce_str":"8n9ofy05fk1gdujtg7tb33c46gdk6l1r","openid":"orYumuKjEBhdcL9veX9d9K1T_sA4","out_trade_no":"LX-17091813213150101-1","result_code":"SUCCESS","return_code":"SUCCESS","sign":"5F714422479D36296AA9E709AD307398","time_end":"20170919124016","total_fee":"4210.00","trade_type":"NATIVE","transaction_id":"4200000020201709192981613315"}
[2017-09-19 12:40:17][warn] 数据存储成功，并成功返回记录编号19121！
[2017-09-19 12:40:32][info] ----------------------------------------
[2017-09-19 12:40:32][info] XML_DATA111:[{appid=>wxefc029d4373dcac0}{bank_type=>ICBC_DEBIT}{cash_fee=>421000}{fee_type=>CNY}{is_subscribe=>N}{mch_id=>1244967502}{nonce_str=>8n9ofy05fk1gdujtg7tb33c46gdk6l1r}{openid=>orYumuKjEBhdcL9veX9d9K1T_sA4}{out_trade_no=>LX-17091813213150101-1}{result_code=>SUCCESS}{return_code=>SUCCESS}{sign=>5F714422479D36296AA9E709AD307398}{time_end=>20170919124016}{total_fee=>421000}{trade_type=>NATIVE}{transaction_id=>4200000020201709192981613315}]
[2017-09-19 12:40:32][info] k:appid=>wxefc029d4373dcac0
[2017-09-19 12:40:32][info] k:bank_type=>ICBC_DEBIT
[2017-09-19 12:40:32][info] k:cash_fee=>421000
[2017-09-19 12:40:32][info] k:fee_type=>CNY
[2017-09-19 12:40:32][info] k:is_subscribe=>N
[2017-09-19 12:40:32][info] k:mch_id=>1244967502
[2017-09-19 12:40:32][info] k:nonce_str=>8n9ofy05fk1gdujtg7tb33c46gdk6l1r
[2017-09-19 12:40:32][info] k:openid=>orYumuKjEBhdcL9veX9d9K1T_sA4
[2017-09-19 12:40:32][info] k:out_trade_no=>LX-17091813213150101-1
[2017-09-19 12:40:32][info] k:result_code=>SUCCESS
[2017-09-19 12:40:32][info] k:return_code=>SUCCESS
[2017-09-19 12:40:32][info] k:sign=>5F714422479D36296AA9E709AD307398
[2017-09-19 12:40:32][info] k:time_end=>20170919124016
[2017-09-19 12:40:32][info] k:total_fee=>421000
[2017-09-19 12:40:32][info] k:trade_type=>NATIVE
[2017-09-19 12:40:32][info] k:transaction_id=>4200000020201709192981613315
[2017-09-19 12:40:32][info] ----------------------------------------
[2017-09-19 12:40:32][info] XML_DATA222:{"appid":"wxefc029d4373dcac0","bank_type":"ICBC_DEBIT","cash_fee":"4210.00","fee_type":"CNY","is_subscribe":"N","mch_id":"1244967502","nonce_str":"8n9ofy05fk1gdujtg7tb33c46gdk6l1r","openid":"orYumuKjEBhdcL9veX9d9K1T_sA4","out_trade_no":"LX-17091813213150101-1","result_code":"SUCCESS","return_code":"SUCCESS","sign":"5F714422479D36296AA9E709AD307398","time_end":"20170919124016","total_fee":"4210.00","trade_type":"NATIVE","transaction_id":"4200000020201709192981613315"}
[2017-09-19 12:40:32][info] 收到重复信息，并处理反馈成功！
[2017-09-19 12:40:32][info] success
[2017-09-19 12:40:32][info] 写入结束!!!
[2017-09-19 13:03:10][info] ----------------------------------------
[2017-09-19 13:03:10][info] XML_DATA111:[{appid=>wxefc029d4373dcac0}{bank_type=>CFT}{cash_fee=>268000}{fee_type=>CNY}{is_subscribe=>Y}{mch_id=>1244967502}{nonce_str=>3txp6479g0yqy55by8w62psvbhcuotwh}{openid=>orYumuMDoR_9lveXto0Fd_WQRKxA}{out_trade_no=>LX-17090614133343201-2}{result_code=>SUCCESS}{return_code=>SUCCESS}{sign=>DAF215BDA5256B83BF6165CB5C05FA89}{time_end=>20170919130310}{total_fee=>268000}{trade_type=>NATIVE}{transaction_id=>4200000028201709192987137529}]
[2017-09-19 13:03:10][info] k:appid=>wxefc029d4373dcac0
[2017-09-19 13:03:10][info] k:bank_type=>CFT
[2017-09-19 13:03:10][info] k:cash_fee=>268000
[2017-09-19 13:03:10][info] k:fee_type=>CNY
[2017-09-19 13:03:10][info] k:is_subscribe=>Y
[2017-09-19 13:03:10][info] k:mch_id=>1244967502
[2017-09-19 13:03:10][info] k:nonce_str=>3txp6479g0yqy55by8w62psvbhcuotwh
[2017-09-19 13:03:10][info] k:openid=>orYumuMDoR_9lveXto0Fd_WQRKxA
[2017-09-19 13:03:10][info] k:out_trade_no=>LX-17090614133343201-2
[2017-09-19 13:03:10][info] k:result_code=>SUCCESS
[2017-09-19 13:03:10][info] k:return_code=>SUCCESS
[2017-09-19 13:03:10][info] k:sign=>DAF215BDA5256B83BF6165CB5C05FA89
[2017-09-19 13:03:10][info] k:time_end=>20170919130310
[2017-09-19 13:03:10][info] k:total_fee=>268000
[2017-09-19 13:03:10][info] k:trade_type=>NATIVE
[2017-09-19 13:03:10][info] k:transaction_id=>4200000028201709192987137529
[2017-09-19 13:03:10][info] ----------------------------------------
[2017-09-19 13:03:10][info] XML_DATA222:{"appid":"wxefc029d4373dcac0","bank_type":"CFT","cash_fee":"2680.00","fee_type":"CNY","is_subscribe":"Y","mch_id":"1244967502","nonce_str":"3txp6479g0yqy55by8w62psvbhcuotwh","openid":"orYumuMDoR_9lveXto0Fd_WQRKxA","out_trade_no":"LX-17090614133343201-2","result_code":"SUCCESS","return_code":"SUCCESS","sign":"DAF215BDA5256B83BF6165CB5C05FA89","time_end":"20170919130310","total_fee":"2680.00","trade_type":"NATIVE","transaction_id":"4200000028201709192987137529"}
[2017-09-19 13:03:10][warn] 数据存储成功，并成功返回记录编号19122！
[2017-09-19 13:03:22][info] ----------------------------------------
[2017-09-19 13:03:22][info] XML_DATA111:[{appid=>wxefc029d4373dcac0}{bank_type=>CFT}{cash_fee=>268000}{fee_type=>CNY}{is_subscribe=>Y}{mch_id=>1244967502}{nonce_str=>3txp6479g0yqy55by8w62psvbhcuotwh}{openid=>orYumuMDoR_9lveXto0Fd_WQRKxA}{out_trade_no=>LX-17090614133343201-2}{result_code=>SUCCESS}{return_code=>SUCCESS}{sign=>DAF215BDA5256B83BF6165CB5C05FA89}{time_end=>20170919130310}{total_fee=>268000}{trade_type=>NATIVE}{transaction_id=>4200000028201709192987137529}]
[2017-09-19 13:03:22][info] k:appid=>wxefc029d4373dcac0
[2017-09-19 13:03:22][info] k:bank_type=>CFT
[2017-09-19 13:03:22][info] k:cash_fee=>268000
[2017-09-19 13:03:22][info] k:fee_type=>CNY
[2017-09-19 13:03:22][info] k:is_subscribe=>Y
[2017-09-19 13:03:22][info] k:mch_id=>1244967502
[2017-09-19 13:03:22][info] k:nonce_str=>3txp6479g0yqy55by8w62psvbhcuotwh
[2017-09-19 13:03:22][info] k:openid=>orYumuMDoR_9lveXto0Fd_WQRKxA
[2017-09-19 13:03:22][info] k:out_trade_no=>LX-17090614133343201-2
[2017-09-19 13:03:22][info] k:result_code=>SUCCESS
[2017-09-19 13:03:22][info] k:return_code=>SUCCESS
[2017-09-19 13:03:22][info] k:sign=>DAF215BDA5256B83BF6165CB5C05FA89
[2017-09-19 13:03:22][info] k:time_end=>20170919130310
[2017-09-19 13:03:22][info] k:total_fee=>268000
[2017-09-19 13:03:22][info] k:trade_type=>NATIVE
[2017-09-19 13:03:22][info] k:transaction_id=>4200000028201709192987137529
[2017-09-19 13:03:22][info] ----------------------------------------
[2017-09-19 13:03:22][info] XML_DATA222:{"appid":"wxefc029d4373dcac0","bank_type":"CFT","cash_fee":"2680.00","fee_type":"CNY","is_subscribe":"Y","mch_id":"1244967502","nonce_str":"3txp6479g0yqy55by8w62psvbhcuotwh","openid":"orYumuMDoR_9lveXto0Fd_WQRKxA","out_trade_no":"LX-17090614133343201-2","result_code":"SUCCESS","return_code":"SUCCESS","sign":"DAF215BDA5256B83BF6165CB5C05FA89","time_end":"20170919130310","total_fee":"2680.00","trade_type":"NATIVE","transaction_id":"4200000028201709192987137529"}
[2017-09-19 13:03:22][info] 收到重复信息，并处理反馈成功！
[2017-09-19 13:03:22][info] success
[2017-09-19 13:03:22][info] 写入结束!!!
[2017-09-19 14:25:30][info] ----------------------------------------
[2017-09-19 14:25:30][info] XML_DATA111:[{appid=>wxefc029d4373dcac0}{bank_type=>CFT}{cash_fee=>1359000}{fee_type=>CNY}{is_subscribe=>Y}{mch_id=>1244967502}{nonce_str=>j5puib3ovfck7abnumi7xzte2t759afr}{openid=>orYumuMmvcYivz-Q83cdVLsOGsvg}{out_trade_no=>LX-17091117262089201-8}{result_code=>SUCCESS}{return_code=>SUCCESS}{sign=>EE892C646230AEC39C06B273F2DDA0A2}{time_end=>20170919142530}{total_fee=>1359000}{trade_type=>NATIVE}{transaction_id=>4200000006201709193002432524}]
[2017-09-19 14:25:30][info] k:appid=>wxefc029d4373dcac0
[2017-09-19 14:25:30][info] k:bank_type=>CFT
[2017-09-19 14:25:30][info] k:cash_fee=>1359000
[2017-09-19 14:25:30][info] k:fee_type=>CNY
[2017-09-19 14:25:30][info] k:is_subscribe=>Y
[2017-09-19 14:25:30][info] k:mch_id=>1244967502
[2017-09-19 14:25:30][info] k:nonce_str=>j5puib3ovfck7abnumi7xzte2t759afr
[2017-09-19 14:25:30][info] k:openid=>orYumuMmvcYivz-Q83cdVLsOGsvg
[2017-09-19 14:25:30][info] k:out_trade_no=>LX-17091117262089201-8
[2017-09-19 14:25:30][info] k:result_code=>SUCCESS
[2017-09-19 14:25:30][info] k:return_code=>SUCCESS
[2017-09-19 14:25:30][info] k:sign=>EE892C646230AEC39C06B273F2DDA0A2
[2017-09-19 14:25:30][info] k:time_end=>20170919142530
[2017-09-19 14:25:30][info] k:total_fee=>1359000
[2017-09-19 14:25:30][info] k:trade_type=>NATIVE
[2017-09-19 14:25:30][info] k:transaction_id=>4200000006201709193002432524
[2017-09-19 14:25:30][info] ----------------------------------------
[2017-09-19 14:25:30][info] XML_DATA222:{"appid":"wxefc029d4373dcac0","bank_type":"CFT","cash_fee":"13590.00","fee_type":"CNY","is_subscribe":"Y","mch_id":"1244967502","nonce_str":"j5puib3ovfck7abnumi7xzte2t759afr","openid":"orYumuMmvcYivz-Q83cdVLsOGsvg","out_trade_no":"LX-17091117262089201-8","result_code":"SUCCESS","return_code":"SUCCESS","sign":"EE892C646230AEC39C06B273F2DDA0A2","time_end":"20170919142530","total_fee":"13590.00","trade_type":"NATIVE","transaction_id":"4200000006201709193002432524"}
[2017-09-19 14:25:30][warn] 数据存储成功，并成功返回记录编号19124！
[2017-09-19 14:25:41][info] ----------------------------------------
[2017-09-19 14:25:41][info] XML_DATA111:[{appid=>wxefc029d4373dcac0}{bank_type=>CFT}{cash_fee=>1359000}{fee_type=>CNY}{is_subscribe=>Y}{mch_id=>1244967502}{nonce_str=>j5puib3ovfck7abnumi7xzte2t759afr}{openid=>orYumuMmvcYivz-Q83cdVLsOGsvg}{out_trade_no=>LX-17091117262089201-8}{result_code=>SUCCESS}{return_code=>SUCCESS}{sign=>EE892C646230AEC39C06B273F2DDA0A2}{time_end=>20170919142530}{total_fee=>1359000}{trade_type=>NATIVE}{transaction_id=>4200000006201709193002432524}]
[2017-09-19 14:25:41][info] k:appid=>wxefc029d4373dcac0
[2017-09-19 14:25:41][info] k:bank_type=>CFT
[2017-09-19 14:25:41][info] k:cash_fee=>1359000
[2017-09-19 14:25:41][info] k:fee_type=>CNY
[2017-09-19 14:25:41][info] k:is_subscribe=>Y
[2017-09-19 14:25:41][info] k:mch_id=>1244967502
[2017-09-19 14:25:41][info] k:nonce_str=>j5puib3ovfck7abnumi7xzte2t759afr
[2017-09-19 14:25:41][info] k:openid=>orYumuMmvcYivz-Q83cdVLsOGsvg
[2017-09-19 14:25:41][info] k:out_trade_no=>LX-17091117262089201-8
[2017-09-19 14:25:41][info] k:result_code=>SUCCESS
[2017-09-19 14:25:41][info] k:return_code=>SUCCESS
[2017-09-19 14:25:41][info] k:sign=>EE892C646230AEC39C06B273F2DDA0A2
[2017-09-19 14:25:41][info] k:time_end=>20170919142530
[2017-09-19 14:25:41][info] k:total_fee=>1359000
[2017-09-19 14:25:41][info] k:trade_type=>NATIVE
[2017-09-19 14:25:41][info] k:transaction_id=>4200000006201709193002432524
[2017-09-19 14:25:41][info] ----------------------------------------
[2017-09-19 14:25:41][info] XML_DATA222:{"appid":"wxefc029d4373dcac0","bank_type":"CFT","cash_fee":"13590.00","fee_type":"CNY","is_subscribe":"Y","mch_id":"1244967502","nonce_str":"j5puib3ovfck7abnumi7xzte2t759afr","openid":"orYumuMmvcYivz-Q83cdVLsOGsvg","out_trade_no":"LX-17091117262089201-8","result_code":"SUCCESS","return_code":"SUCCESS","sign":"EE892C646230AEC39C06B273F2DDA0A2","time_end":"20170919142530","total_fee":"13590.00","trade_type":"NATIVE","transaction_id":"4200000006201709193002432524"}
[2017-09-19 14:25:41][info] 收到重复信息，并处理反馈成功！
[2017-09-19 14:25:41][info] success
[2017-09-19 14:25:41][info] 写入结束!!!
[2017-09-19 17:08:29][info] ----------------------------------------
[2017-09-19 17:08:29][info] XML_DATA111:[{appid=>wxefc029d4373dcac0}{bank_type=>CFT}{cash_fee=>2588000}{fee_type=>CNY}{is_subscribe=>N}{mch_id=>1244967502}{nonce_str=>sd6l8prk3qqpjw7zsb6wlqeoig14sm86}{openid=>orYumuGOxlT3Q-3SCB4GjXa-i2QU}{out_trade_no=>LX-17091915050545801-2}{result_code=>SUCCESS}{return_code=>SUCCESS}{sign=>A41E4DE843368FA2D97AC037D714A9ED}{time_end=>20170919170828}{total_fee=>2588000}{trade_type=>NATIVE}{transaction_id=>4200000026201709193025880980}]
[2017-09-19 17:08:29][info] k:appid=>wxefc029d4373dcac0
[2017-09-19 17:08:29][info] k:bank_type=>CFT
[2017-09-19 17:08:29][info] k:cash_fee=>2588000
[2017-09-19 17:08:29][info] k:fee_type=>CNY
[2017-09-19 17:08:29][info] k:is_subscribe=>N
[2017-09-19 17:08:29][info] k:mch_id=>1244967502
[2017-09-19 17:08:29][info] k:nonce_str=>sd6l8prk3qqpjw7zsb6wlqeoig14sm86
[2017-09-19 17:08:29][info] k:openid=>orYumuGOxlT3Q-3SCB4GjXa-i2QU
[2017-09-19 17:08:29][info] k:out_trade_no=>LX-17091915050545801-2
[2017-09-19 17:08:29][info] k:result_code=>SUCCESS
[2017-09-19 17:08:29][info] k:return_code=>SUCCESS
[2017-09-19 17:08:29][info] k:sign=>A41E4DE843368FA2D97AC037D714A9ED
[2017-09-19 17:08:29][info] k:time_end=>20170919170828
[2017-09-19 17:08:29][info] k:total_fee=>2588000
[2017-09-19 17:08:29][info] k:trade_type=>NATIVE
[2017-09-19 17:08:29][info] k:transaction_id=>4200000026201709193025880980
[2017-09-19 17:08:29][info] ----------------------------------------
[2017-09-19 17:08:29][info] XML_DATA222:{"appid":"wxefc029d4373dcac0","bank_type":"CFT","cash_fee":"25880.00","fee_type":"CNY","is_subscribe":"N","mch_id":"1244967502","nonce_str":"sd6l8prk3qqpjw7zsb6wlqeoig14sm86","openid":"orYumuGOxlT3Q-3SCB4GjXa-i2QU","out_trade_no":"LX-17091915050545801-2","result_code":"SUCCESS","return_code":"SUCCESS","sign":"A41E4DE843368FA2D97AC037D714A9ED","time_end":"20170919170828","total_fee":"25880.00","trade_type":"NATIVE","transaction_id":"4200000026201709193025880980"}
[2017-09-19 17:08:30][warn] 数据存储成功，并成功返回记录编号19128！
[2017-09-19 17:08:44][info] ----------------------------------------
[2017-09-19 17:08:44][info] XML_DATA111:[{appid=>wxefc029d4373dcac0}{bank_type=>CFT}{cash_fee=>2588000}{fee_type=>CNY}{is_subscribe=>N}{mch_id=>1244967502}{nonce_str=>sd6l8prk3qqpjw7zsb6wlqeoig14sm86}{openid=>orYumuGOxlT3Q-3SCB4GjXa-i2QU}{out_trade_no=>LX-17091915050545801-2}{result_code=>SUCCESS}{return_code=>SUCCESS}{sign=>A41E4DE843368FA2D97AC037D714A9ED}{time_end=>20170919170828}{total_fee=>2588000}{trade_type=>NATIVE}{transaction_id=>4200000026201709193025880980}]
[2017-09-19 17:08:44][info] k:appid=>wxefc029d4373dcac0
[2017-09-19 17:08:44][info] k:bank_type=>CFT
[2017-09-19 17:08:44][info] k:cash_fee=>2588000
[2017-09-19 17:08:44][info] k:fee_type=>CNY
[2017-09-19 17:08:44][info] k:is_subscribe=>N
[2017-09-19 17:08:44][info] k:mch_id=>1244967502
[2017-09-19 17:08:44][info] k:nonce_str=>sd6l8prk3qqpjw7zsb6wlqeoig14sm86
[2017-09-19 17:08:44][info] k:openid=>orYumuGOxlT3Q-3SCB4GjXa-i2QU
[2017-09-19 17:08:44][info] k:out_trade_no=>LX-17091915050545801-2
[2017-09-19 17:08:44][info] k:result_code=>SUCCESS
[2017-09-19 17:08:44][info] k:return_code=>SUCCESS
[2017-09-19 17:08:44][info] k:sign=>A41E4DE843368FA2D97AC037D714A9ED
[2017-09-19 17:08:44][info] k:time_end=>20170919170828
[2017-09-19 17:08:44][info] k:total_fee=>2588000
[2017-09-19 17:08:44][info] k:trade_type=>NATIVE
[2017-09-19 17:08:44][info] k:transaction_id=>4200000026201709193025880980
[2017-09-19 17:08:44][info] ----------------------------------------
[2017-09-19 17:08:44][info] XML_DATA222:{"appid":"wxefc029d4373dcac0","bank_type":"CFT","cash_fee":"25880.00","fee_type":"CNY","is_subscribe":"N","mch_id":"1244967502","nonce_str":"sd6l8prk3qqpjw7zsb6wlqeoig14sm86","openid":"orYumuGOxlT3Q-3SCB4GjXa-i2QU","out_trade_no":"LX-17091915050545801-2","result_code":"SUCCESS","return_code":"SUCCESS","sign":"A41E4DE843368FA2D97AC037D714A9ED","time_end":"20170919170828","total_fee":"25880.00","trade_type":"NATIVE","transaction_id":"4200000026201709193025880980"}
[2017-09-19 17:08:44][info] 收到重复信息，并处理反馈成功！
[2017-09-19 17:08:44][info] success
[2017-09-19 17:08:44][info] 写入结束!!!
[2017-09-19 18:19:57][info] ----------------------------------------
[2017-09-19 18:19:57][info] XML_DATA111:[{appid=>wxefc029d4373dcac0}{bank_type=>CMB_DEBIT}{cash_fee=>440000}{fee_type=>CNY}{is_subscribe=>N}{mch_id=>1244967502}{nonce_str=>ybdzbpxnxrceztn058dbczlmt9tk5zep}{openid=>orYumuFRGvWV45J42ZdDkHY4CcAg}{out_trade_no=>LX-17072014032669501-b}{result_code=>SUCCESS}{return_code=>SUCCESS}{sign=>B9AF2A63CE737C6355186A563BCF5EB6}{time_end=>20170919181956}{total_fee=>440000}{trade_type=>NATIVE}{transaction_id=>4200000003201709193039435112}]
[2017-09-19 18:19:57][info] k:appid=>wxefc029d4373dcac0
[2017-09-19 18:19:57][info] k:bank_type=>CMB_DEBIT
[2017-09-19 18:19:57][info] k:cash_fee=>440000
[2017-09-19 18:19:57][info] k:fee_type=>CNY
[2017-09-19 18:19:57][info] k:is_subscribe=>N
[2017-09-19 18:19:57][info] k:mch_id=>1244967502
[2017-09-19 18:19:57][info] k:nonce_str=>ybdzbpxnxrceztn058dbczlmt9tk5zep
[2017-09-19 18:19:57][info] k:openid=>orYumuFRGvWV45J42ZdDkHY4CcAg
[2017-09-19 18:19:57][info] k:out_trade_no=>LX-17072014032669501-b
[2017-09-19 18:19:57][info] k:result_code=>SUCCESS
[2017-09-19 18:19:57][info] k:return_code=>SUCCESS
[2017-09-19 18:19:57][info] k:sign=>B9AF2A63CE737C6355186A563BCF5EB6
[2017-09-19 18:19:57][info] k:time_end=>20170919181956
[2017-09-19 18:19:57][info] k:total_fee=>440000
[2017-09-19 18:19:57][info] k:trade_type=>NATIVE
[2017-09-19 18:19:57][info] k:transaction_id=>4200000003201709193039435112
[2017-09-19 18:19:57][info] ----------------------------------------
[2017-09-19 18:19:57][info] XML_DATA222:{"appid":"wxefc029d4373dcac0","bank_type":"CMB_DEBIT","cash_fee":"4400.00","fee_type":"CNY","is_subscribe":"N","mch_id":"1244967502","nonce_str":"ybdzbpxnxrceztn058dbczlmt9tk5zep","openid":"orYumuFRGvWV45J42ZdDkHY4CcAg","out_trade_no":"LX-17072014032669501-b","result_code":"SUCCESS","return_code":"SUCCESS","sign":"B9AF2A63CE737C6355186A563BCF5EB6","time_end":"20170919181956","total_fee":"4400.00","trade_type":"NATIVE","transaction_id":"4200000003201709193039435112"}
[2017-09-19 18:19:58][warn] 数据存储成功，并成功返回记录编号19130！
[2017-09-19 18:20:10][info] ----------------------------------------
[2017-09-19 18:20:10][info] XML_DATA111:[{appid=>wxefc029d4373dcac0}{bank_type=>CMB_DEBIT}{cash_fee=>440000}{fee_type=>CNY}{is_subscribe=>N}{mch_id=>1244967502}{nonce_str=>ybdzbpxnxrceztn058dbczlmt9tk5zep}{openid=>orYumuFRGvWV45J42ZdDkHY4CcAg}{out_trade_no=>LX-17072014032669501-b}{result_code=>SUCCESS}{return_code=>SUCCESS}{sign=>B9AF2A63CE737C6355186A563BCF5EB6}{time_end=>20170919181956}{total_fee=>440000}{trade_type=>NATIVE}{transaction_id=>4200000003201709193039435112}]
[2017-09-19 18:20:10][info] k:appid=>wxefc029d4373dcac0
[2017-09-19 18:20:10][info] k:bank_type=>CMB_DEBIT
[2017-09-19 18:20:10][info] k:cash_fee=>440000
[2017-09-19 18:20:10][info] k:fee_type=>CNY
[2017-09-19 18:20:10][info] k:is_subscribe=>N
[2017-09-19 18:20:10][info] k:mch_id=>1244967502
[2017-09-19 18:20:10][info] k:nonce_str=>ybdzbpxnxrceztn058dbczlmt9tk5zep
[2017-09-19 18:20:10][info] k:openid=>orYumuFRGvWV45J42ZdDkHY4CcAg
[2017-09-19 18:20:10][info] k:out_trade_no=>LX-17072014032669501-b
[2017-09-19 18:20:10][info] k:result_code=>SUCCESS
[2017-09-19 18:20:10][info] k:return_code=>SUCCESS
[2017-09-19 18:20:10][info] k:sign=>B9AF2A63CE737C6355186A563BCF5EB6
[2017-09-19 18:20:10][info] k:time_end=>20170919181956
[2017-09-19 18:20:10][info] k:total_fee=>440000
[2017-09-19 18:20:10][info] k:trade_type=>NATIVE
[2017-09-19 18:20:10][info] k:transaction_id=>4200000003201709193039435112
[2017-09-19 18:20:10][info] ----------------------------------------
[2017-09-19 18:20:10][info] XML_DATA222:{"appid":"wxefc029d4373dcac0","bank_type":"CMB_DEBIT","cash_fee":"4400.00","fee_type":"CNY","is_subscribe":"N","mch_id":"1244967502","nonce_str":"ybdzbpxnxrceztn058dbczlmt9tk5zep","openid":"orYumuFRGvWV45J42ZdDkHY4CcAg","out_trade_no":"LX-17072014032669501-b","result_code":"SUCCESS","return_code":"SUCCESS","sign":"B9AF2A63CE737C6355186A563BCF5EB6","time_end":"20170919181956","total_fee":"4400.00","trade_type":"NATIVE","transaction_id":"4200000003201709193039435112"}
[2017-09-19 18:20:10][info] 收到重复信息，并处理反馈成功！
[2017-09-19 18:20:10][info] success
[2017-09-19 18:20:10][info] 写入结束!!!
[2017-09-19 20:54:20][info] ----------------------------------------
[2017-09-19 20:54:20][info] XML_DATA111:[{appid=>wxefc029d4373dcac0}{bank_type=>CFT}{cash_fee=>2587000}{fee_type=>CNY}{is_subscribe=>N}{mch_id=>1244967502}{nonce_str=>a0606citcrv2bkseqg5farhxxgwsstcy}{openid=>orYumuO_O3XCPrnMYI7IxrC73Luc}{out_trade_no=>LX-17091612080168806-7}{result_code=>SUCCESS}{return_code=>SUCCESS}{sign=>086225A73646C598F264F0314833FE5B}{time_end=>20170919205419}{total_fee=>2587000}{trade_type=>NATIVE}{transaction_id=>4200000021201709193070952704}]
[2017-09-19 20:54:20][info] k:appid=>wxefc029d4373dcac0
[2017-09-19 20:54:20][info] k:bank_type=>CFT
[2017-09-19 20:54:20][info] k:cash_fee=>2587000
[2017-09-19 20:54:20][info] k:fee_type=>CNY
[2017-09-19 20:54:20][info] k:is_subscribe=>N
[2017-09-19 20:54:20][info] k:mch_id=>1244967502
[2017-09-19 20:54:20][info] k:nonce_str=>a0606citcrv2bkseqg5farhxxgwsstcy
[2017-09-19 20:54:20][info] k:openid=>orYumuO_O3XCPrnMYI7IxrC73Luc
[2017-09-19 20:54:20][info] k:out_trade_no=>LX-17091612080168806-7
[2017-09-19 20:54:20][info] k:result_code=>SUCCESS
[2017-09-19 20:54:20][info] k:return_code=>SUCCESS
[2017-09-19 20:54:20][info] k:sign=>086225A73646C598F264F0314833FE5B
[2017-09-19 20:54:20][info] k:time_end=>20170919205419
[2017-09-19 20:54:20][info] k:total_fee=>2587000
[2017-09-19 20:54:20][info] k:trade_type=>NATIVE
[2017-09-19 20:54:20][info] k:transaction_id=>4200000021201709193070952704
[2017-09-19 20:54:20][info] ----------------------------------------
[2017-09-19 20:54:20][info] XML_DATA222:{"appid":"wxefc029d4373dcac0","bank_type":"CFT","cash_fee":"25870.00","fee_type":"CNY","is_subscribe":"N","mch_id":"1244967502","nonce_str":"a0606citcrv2bkseqg5farhxxgwsstcy","openid":"orYumuO_O3XCPrnMYI7IxrC73Luc","out_trade_no":"LX-17091612080168806-7","result_code":"SUCCESS","return_code":"SUCCESS","sign":"086225A73646C598F264F0314833FE5B","time_end":"20170919205419","total_fee":"25870.00","trade_type":"NATIVE","transaction_id":"4200000021201709193070952704"}
[2017-09-19 20:54:20][warn] 数据存储成功，并成功返回记录编号19136！
[2017-09-19 20:54:34][info] ----------------------------------------
[2017-09-19 20:54:34][info] XML_DATA111:[{appid=>wxefc029d4373dcac0}{bank_type=>CFT}{cash_fee=>2587000}{fee_type=>CNY}{is_subscribe=>N}{mch_id=>1244967502}{nonce_str=>a0606citcrv2bkseqg5farhxxgwsstcy}{openid=>orYumuO_O3XCPrnMYI7IxrC73Luc}{out_trade_no=>LX-17091612080168806-7}{result_code=>SUCCESS}{return_code=>SUCCESS}{sign=>086225A73646C598F264F0314833FE5B}{time_end=>20170919205419}{total_fee=>2587000}{trade_type=>NATIVE}{transaction_id=>4200000021201709193070952704}]
[2017-09-19 20:54:34][info] k:appid=>wxefc029d4373dcac0
[2017-09-19 20:54:34][info] k:bank_type=>CFT
[2017-09-19 20:54:34][info] k:cash_fee=>2587000
[2017-09-19 20:54:34][info] k:fee_type=>CNY
[2017-09-19 20:54:34][info] k:is_subscribe=>N
[2017-09-19 20:54:34][info] k:mch_id=>1244967502
[2017-09-19 20:54:34][info] k:nonce_str=>a0606citcrv2bkseqg5farhxxgwsstcy
[2017-09-19 20:54:34][info] k:openid=>orYumuO_O3XCPrnMYI7IxrC73Luc
[2017-09-19 20:54:34][info] k:out_trade_no=>LX-17091612080168806-7
[2017-09-19 20:54:34][info] k:result_code=>SUCCESS
[2017-09-19 20:54:34][info] k:return_code=>SUCCESS
[2017-09-19 20:54:34][info] k:sign=>086225A73646C598F264F0314833FE5B
[2017-09-19 20:54:34][info] k:time_end=>20170919205419
[2017-09-19 20:54:34][info] k:total_fee=>2587000
[2017-09-19 20:54:34][info] k:trade_type=>NATIVE
[2017-09-19 20:54:34][info] k:transaction_id=>4200000021201709193070952704
[2017-09-19 20:54:34][info] ----------------------------------------
[2017-09-19 20:54:34][info] XML_DATA222:{"appid":"wxefc029d4373dcac0","bank_type":"CFT","cash_fee":"25870.00","fee_type":"CNY","is_subscribe":"N","mch_id":"1244967502","nonce_str":"a0606citcrv2bkseqg5farhxxgwsstcy","openid":"orYumuO_O3XCPrnMYI7IxrC73Luc","out_trade_no":"LX-17091612080168806-7","result_code":"SUCCESS","return_code":"SUCCESS","sign":"086225A73646C598F264F0314833FE5B","time_end":"20170919205419","total_fee":"25870.00","trade_type":"NATIVE","transaction_id":"4200000021201709193070952704"}
[2017-09-19 20:54:34][info] 收到重复信息，并处理反馈成功！
[2017-09-19 20:54:34][info] success
[2017-09-19 20:54:34][info] 写入结束!!!
[2017-09-19 23:44:32][info] ----------------------------------------
[2017-09-19 23:44:32][info] XML_DATA111:[{appid=>wxefc029d4373dcac0}{bank_type=>ICBC_DEBIT}{cash_fee=>294000}{fee_type=>CNY}{is_subscribe=>Y}{mch_id=>1244967502}{nonce_str=>tlfts6gbcf5fim1xb11gxb28atzscwnp}{openid=>orYumuLcmK2JWomufxqMB13ukoHA}{out_trade_no=>LX-17091316174285006-d}{result_code=>SUCCESS}{return_code=>SUCCESS}{sign=>DD175D3CB6F8FAA7F002D403458FE3DC}{time_end=>20170919234432}{total_fee=>294000}{trade_type=>NATIVE}{transaction_id=>4200000021201709193093529927}]
[2017-09-19 23:44:32][info] k:appid=>wxefc029d4373dcac0
[2017-09-19 23:44:32][info] k:bank_type=>ICBC_DEBIT
[2017-09-19 23:44:32][info] k:cash_fee=>294000
[2017-09-19 23:44:32][info] k:fee_type=>CNY
[2017-09-19 23:44:32][info] k:is_subscribe=>Y
[2017-09-19 23:44:32][info] k:mch_id=>1244967502
[2017-09-19 23:44:32][info] k:nonce_str=>tlfts6gbcf5fim1xb11gxb28atzscwnp
[2017-09-19 23:44:32][info] k:openid=>orYumuLcmK2JWomufxqMB13ukoHA
[2017-09-19 23:44:32][info] k:out_trade_no=>LX-17091316174285006-d
[2017-09-19 23:44:32][info] k:result_code=>SUCCESS
[2017-09-19 23:44:32][info] k:return_code=>SUCCESS
[2017-09-19 23:44:32][info] k:sign=>DD175D3CB6F8FAA7F002D403458FE3DC
[2017-09-19 23:44:32][info] k:time_end=>20170919234432
[2017-09-19 23:44:32][info] k:total_fee=>294000
[2017-09-19 23:44:32][info] k:trade_type=>NATIVE
[2017-09-19 23:44:32][info] k:transaction_id=>4200000021201709193093529927
[2017-09-19 23:44:32][info] ----------------------------------------
[2017-09-19 23:44:32][info] XML_DATA222:{"appid":"wxefc029d4373dcac0","bank_type":"ICBC_DEBIT","cash_fee":"2940.00","fee_type":"CNY","is_subscribe":"Y","mch_id":"1244967502","nonce_str":"tlfts6gbcf5fim1xb11gxb28atzscwnp","openid":"orYumuLcmK2JWomufxqMB13ukoHA","out_trade_no":"LX-17091316174285006-d","result_code":"SUCCESS","return_code":"SUCCESS","sign":"DD175D3CB6F8FAA7F002D403458FE3DC","time_end":"20170919234432","total_fee":"2940.00","trade_type":"NATIVE","transaction_id":"4200000021201709193093529927"}
[2017-09-19 23:44:32][warn] 数据存储成功，并成功返回记录编号19145！
[2017-09-19 23:44:42][info] ----------------------------------------
[2017-09-19 23:44:42][info] XML_DATA111:[{appid=>wxefc029d4373dcac0}{bank_type=>ICBC_DEBIT}{cash_fee=>294000}{fee_type=>CNY}{is_subscribe=>Y}{mch_id=>1244967502}{nonce_str=>tlfts6gbcf5fim1xb11gxb28atzscwnp}{openid=>orYumuLcmK2JWomufxqMB13ukoHA}{out_trade_no=>LX-17091316174285006-d}{result_code=>SUCCESS}{return_code=>SUCCESS}{sign=>DD175D3CB6F8FAA7F002D403458FE3DC}{time_end=>20170919234432}{total_fee=>294000}{trade_type=>NATIVE}{transaction_id=>4200000021201709193093529927}]
[2017-09-19 23:44:42][info] k:appid=>wxefc029d4373dcac0
[2017-09-19 23:44:42][info] k:bank_type=>ICBC_DEBIT
[2017-09-19 23:44:42][info] k:cash_fee=>294000
[2017-09-19 23:44:42][info] k:fee_type=>CNY
[2017-09-19 23:44:42][info] k:is_subscribe=>Y
[2017-09-19 23:44:42][info] k:mch_id=>1244967502
[2017-09-19 23:44:42][info] k:nonce_str=>tlfts6gbcf5fim1xb11gxb28atzscwnp
[2017-09-19 23:44:42][info] k:openid=>orYumuLcmK2JWomufxqMB13ukoHA
[2017-09-19 23:44:42][info] k:out_trade_no=>LX-17091316174285006-d
[2017-09-19 23:44:42][info] k:result_code=>SUCCESS
[2017-09-19 23:44:42][info] k:return_code=>SUCCESS
[2017-09-19 23:44:42][info] k:sign=>DD175D3CB6F8FAA7F002D403458FE3DC
[2017-09-19 23:44:42][info] k:time_end=>20170919234432
[2017-09-19 23:44:42][info] k:total_fee=>294000
[2017-09-19 23:44:42][info] k:trade_type=>NATIVE
[2017-09-19 23:44:42][info] k:transaction_id=>4200000021201709193093529927
[2017-09-19 23:44:42][info] ----------------------------------------
[2017-09-19 23:44:42][info] XML_DATA222:{"appid":"wxefc029d4373dcac0","bank_type":"ICBC_DEBIT","cash_fee":"2940.00","fee_type":"CNY","is_subscribe":"Y","mch_id":"1244967502","nonce_str":"tlfts6gbcf5fim1xb11gxb28atzscwnp","openid":"orYumuLcmK2JWomufxqMB13ukoHA","out_trade_no":"LX-17091316174285006-d","result_code":"SUCCESS","return_code":"SUCCESS","sign":"DD175D3CB6F8FAA7F002D403458FE3DC","time_end":"20170919234432","total_fee":"2940.00","trade_type":"NATIVE","transaction_id":"4200000021201709193093529927"}
[2017-09-19 23:44:42][info] 收到重复信息，并处理反馈成功！
[2017-09-19 23:44:42][info] success
[2017-09-19 23:44:42][info] 写入结束!!!
