[2017-09-30 16:12:08][info] ----------------------------------------
[2017-09-30 16:12:08][info] XML_DATA111:[{appid=>wxefc029d4373dcac0}{bank_type=>CMB_CREDIT}{cash_fee=>298000}{fee_type=>CNY}{is_subscribe=>N}{mch_id=>1244967502}{nonce_str=>avo2ldayfv3o9elo4py3060dbgjeudd4}{openid=>orYumuAQa9-cnUy0uWRjL9mcHx1Q}{out_trade_no=>LX-17093015134826401-3}{result_code=>SUCCESS}{return_code=>SUCCESS}{sign=>68BBA0E7FAE600F5BB2C062E8ACB0088}{time_end=>20170930161207}{total_fee=>298000}{trade_type=>NATIVE}{transaction_id=>4200000003201709305164120061}]
[2017-09-30 16:12:08][info] k:appid=>wxefc029d4373dcac0
[2017-09-30 16:12:08][info] k:bank_type=>CMB_CREDIT
[2017-09-30 16:12:08][info] k:cash_fee=>298000
[2017-09-30 16:12:08][info] k:fee_type=>CNY
[2017-09-30 16:12:08][info] k:is_subscribe=>N
[2017-09-30 16:12:08][info] k:mch_id=>1244967502
[2017-09-30 16:12:08][info] k:nonce_str=>avo2ldayfv3o9elo4py3060dbgjeudd4
[2017-09-30 16:12:08][info] k:openid=>orYumuAQa9-cnUy0uWRjL9mcHx1Q
[2017-09-30 16:12:08][info] k:out_trade_no=>LX-17093015134826401-3
[2017-09-30 16:12:08][info] k:result_code=>SUCCESS
[2017-09-30 16:12:08][info] k:return_code=>SUCCESS
[2017-09-30 16:12:08][info] k:sign=>68BBA0E7FAE600F5BB2C062E8ACB0088
[2017-09-30 16:12:08][info] k:time_end=>20170930161207
[2017-09-30 16:12:08][info] k:total_fee=>298000
[2017-09-30 16:12:08][info] k:trade_type=>NATIVE
[2017-09-30 16:12:08][info] k:transaction_id=>4200000003201709305164120061
[2017-09-30 16:12:08][info] ----------------------------------------
[2017-09-30 16:12:08][info] XML_DATA222:{"appid":"wxefc029d4373dcac0","bank_type":"CMB_CREDIT","cash_fee":"2980.00","fee_type":"CNY","is_subscribe":"N","mch_id":"1244967502","nonce_str":"avo2ldayfv3o9elo4py3060dbgjeudd4","openid":"orYumuAQa9-cnUy0uWRjL9mcHx1Q","out_trade_no":"LX-17093015134826401-3","result_code":"SUCCESS","return_code":"SUCCESS","sign":"68BBA0E7FAE600F5BB2C062E8ACB0088","time_end":"20170930161207","total_fee":"2980.00","trade_type":"NATIVE","transaction_id":"4200000003201709305164120061"}
[2017-09-30 16:12:09][warn] 数据存储成功，并成功返回记录编号19337！
[2017-09-30 16:12:19][info] ----------------------------------------
[2017-09-30 16:12:19][info] XML_DATA111:[{appid=>wxefc029d4373dcac0}{bank_type=>CMB_CREDIT}{cash_fee=>298000}{fee_type=>CNY}{is_subscribe=>N}{mch_id=>1244967502}{nonce_str=>avo2ldayfv3o9elo4py3060dbgjeudd4}{openid=>orYumuAQa9-cnUy0uWRjL9mcHx1Q}{out_trade_no=>LX-17093015134826401-3}{result_code=>SUCCESS}{return_code=>SUCCESS}{sign=>68BBA0E7FAE600F5BB2C062E8ACB0088}{time_end=>20170930161207}{total_fee=>298000}{trade_type=>NATIVE}{transaction_id=>4200000003201709305164120061}]
[2017-09-30 16:12:19][info] k:appid=>wxefc029d4373dcac0
[2017-09-30 16:12:19][info] k:bank_type=>CMB_CREDIT
[2017-09-30 16:12:19][info] k:cash_fee=>298000
[2017-09-30 16:12:19][info] k:fee_type=>CNY
[2017-09-30 16:12:19][info] k:is_subscribe=>N
[2017-09-30 16:12:19][info] k:mch_id=>1244967502
[2017-09-30 16:12:19][info] k:nonce_str=>avo2ldayfv3o9elo4py3060dbgjeudd4
[2017-09-30 16:12:19][info] k:openid=>orYumuAQa9-cnUy0uWRjL9mcHx1Q
[2017-09-30 16:12:19][info] k:out_trade_no=>LX-17093015134826401-3
[2017-09-30 16:12:19][info] k:result_code=>SUCCESS
[2017-09-30 16:12:19][info] k:return_code=>SUCCESS
[2017-09-30 16:12:19][info] k:sign=>68BBA0E7FAE600F5BB2C062E8ACB0088
[2017-09-30 16:12:19][info] k:time_end=>20170930161207
[2017-09-30 16:12:19][info] k:total_fee=>298000
[2017-09-30 16:12:19][info] k:trade_type=>NATIVE
[2017-09-30 16:12:19][info] k:transaction_id=>4200000003201709305164120061
[2017-09-30 16:12:19][info] ----------------------------------------
[2017-09-30 16:12:19][info] XML_DATA222:{"appid":"wxefc029d4373dcac0","bank_type":"CMB_CREDIT","cash_fee":"2980.00","fee_type":"CNY","is_subscribe":"N","mch_id":"1244967502","nonce_str":"avo2ldayfv3o9elo4py3060dbgjeudd4","openid":"orYumuAQa9-cnUy0uWRjL9mcHx1Q","out_trade_no":"LX-17093015134826401-3","result_code":"SUCCESS","return_code":"SUCCESS","sign":"68BBA0E7FAE600F5BB2C062E8ACB0088","time_end":"20170930161207","total_fee":"2980.00","trade_type":"NATIVE","transaction_id":"4200000003201709305164120061"}
[2017-09-30 16:12:19][info] 收到重复信息，并处理反馈成功！
[2017-09-30 16:12:19][info] success
[2017-09-30 16:12:19][info] 写入结束!!!
[2017-09-30 22:11:29][info] ----------------------------------------
[2017-09-30 22:11:29][info] XML_DATA111:[{appid=>wxefc029d4373dcac0}{bank_type=>CFT}{cash_fee=>976000}{fee_type=>CNY}{is_subscribe=>N}{mch_id=>1244967502}{nonce_str=>z5d9zt2oak7bussxmswc7ov3314dc8zi}{openid=>orYumuKUmM4PrMniBSDdHU_bOdXg}{out_trade_no=>LX-1709021818364806-3}{result_code=>SUCCESS}{return_code=>SUCCESS}{sign=>76E17506BFE8268BD98133C0A9DA40C0}{time_end=>20170930221129}{total_fee=>976000}{trade_type=>NATIVE}{transaction_id=>4200000003201709305243581113}]
[2017-09-30 22:11:29][info] k:appid=>wxefc029d4373dcac0
[2017-09-30 22:11:29][info] k:bank_type=>CFT
[2017-09-30 22:11:29][info] k:cash_fee=>976000
[2017-09-30 22:11:29][info] k:fee_type=>CNY
[2017-09-30 22:11:29][info] k:is_subscribe=>N
[2017-09-30 22:11:29][info] k:mch_id=>1244967502
[2017-09-30 22:11:29][info] k:nonce_str=>z5d9zt2oak7bussxmswc7ov3314dc8zi
[2017-09-30 22:11:29][info] k:openid=>orYumuKUmM4PrMniBSDdHU_bOdXg
[2017-09-30 22:11:29][info] k:out_trade_no=>LX-1709021818364806-3
[2017-09-30 22:11:29][info] k:result_code=>SUCCESS
[2017-09-30 22:11:29][info] k:return_code=>SUCCESS
[2017-09-30 22:11:29][info] k:sign=>76E17506BFE8268BD98133C0A9DA40C0
[2017-09-30 22:11:29][info] k:time_end=>20170930221129
[2017-09-30 22:11:29][info] k:total_fee=>976000
[2017-09-30 22:11:29][info] k:trade_type=>NATIVE
[2017-09-30 22:11:29][info] k:transaction_id=>4200000003201709305243581113
[2017-09-30 22:11:29][info] ----------------------------------------
[2017-09-30 22:11:29][info] XML_DATA222:{"appid":"wxefc029d4373dcac0","bank_type":"CFT","cash_fee":"9760.00","fee_type":"CNY","is_subscribe":"N","mch_id":"1244967502","nonce_str":"z5d9zt2oak7bussxmswc7ov3314dc8zi","openid":"orYumuKUmM4PrMniBSDdHU_bOdXg","out_trade_no":"LX-1709021818364806-3","result_code":"SUCCESS","return_code":"SUCCESS","sign":"76E17506BFE8268BD98133C0A9DA40C0","time_end":"20170930221129","total_fee":"9760.00","trade_type":"NATIVE","transaction_id":"4200000003201709305243581113"}
[2017-09-30 22:11:30][warn] 数据存储成功，并成功返回记录编号19341！
[2017-09-30 22:11:45][info] ----------------------------------------
[2017-09-30 22:11:45][info] XML_DATA111:[{appid=>wxefc029d4373dcac0}{bank_type=>CFT}{cash_fee=>976000}{fee_type=>CNY}{is_subscribe=>N}{mch_id=>1244967502}{nonce_str=>z5d9zt2oak7bussxmswc7ov3314dc8zi}{openid=>orYumuKUmM4PrMniBSDdHU_bOdXg}{out_trade_no=>LX-1709021818364806-3}{result_code=>SUCCESS}{return_code=>SUCCESS}{sign=>76E17506BFE8268BD98133C0A9DA40C0}{time_end=>20170930221129}{total_fee=>976000}{trade_type=>NATIVE}{transaction_id=>4200000003201709305243581113}]
[2017-09-30 22:11:45][info] k:appid=>wxefc029d4373dcac0
[2017-09-30 22:11:45][info] k:bank_type=>CFT
[2017-09-30 22:11:45][info] k:cash_fee=>976000
[2017-09-30 22:11:45][info] k:fee_type=>CNY
[2017-09-30 22:11:45][info] k:is_subscribe=>N
[2017-09-30 22:11:45][info] k:mch_id=>1244967502
[2017-09-30 22:11:45][info] k:nonce_str=>z5d9zt2oak7bussxmswc7ov3314dc8zi
[2017-09-30 22:11:45][info] k:openid=>orYumuKUmM4PrMniBSDdHU_bOdXg
[2017-09-30 22:11:45][info] k:out_trade_no=>LX-1709021818364806-3
[2017-09-30 22:11:45][info] k:result_code=>SUCCESS
[2017-09-30 22:11:45][info] k:return_code=>SUCCESS
[2017-09-30 22:11:45][info] k:sign=>76E17506BFE8268BD98133C0A9DA40C0
[2017-09-30 22:11:45][info] k:time_end=>20170930221129
[2017-09-30 22:11:45][info] k:total_fee=>976000
[2017-09-30 22:11:45][info] k:trade_type=>NATIVE
[2017-09-30 22:11:45][info] k:transaction_id=>4200000003201709305243581113
[2017-09-30 22:11:45][info] ----------------------------------------
[2017-09-30 22:11:45][info] XML_DATA222:{"appid":"wxefc029d4373dcac0","bank_type":"CFT","cash_fee":"9760.00","fee_type":"CNY","is_subscribe":"N","mch_id":"1244967502","nonce_str":"z5d9zt2oak7bussxmswc7ov3314dc8zi","openid":"orYumuKUmM4PrMniBSDdHU_bOdXg","out_trade_no":"LX-1709021818364806-3","result_code":"SUCCESS","return_code":"SUCCESS","sign":"76E17506BFE8268BD98133C0A9DA40C0","time_end":"20170930221129","total_fee":"9760.00","trade_type":"NATIVE","transaction_id":"4200000003201709305243581113"}
[2017-09-30 22:11:45][info] 收到重复信息，并处理反馈成功！
[2017-09-30 22:11:45][info] success
[2017-09-30 22:11:45][info] 写入结束!!!
