[2017-07-08 09:19:43][info] ----------------------------------------
[2017-07-08 09:19:43][info] XML_DATA111:[{appid=>wxefc029d4373dcac0}{bank_type=>CFT}{cash_fee=>225000}{fee_type=>CNY}{is_subscribe=>N}{mch_id=>1244967502}{nonce_str=>ak454nbn8p63h42jjvutbyvuwqyg4i7l}{openid=>orYumuCRLQMnK9Yj81eKsQBEnJlc}{out_trade_no=>LX-17070620265556501-1}{result_code=>SUCCESS}{return_code=>SUCCESS}{sign=>2C1B3D108FD1D1F05F8001E4A00BD163}{time_end=>20170708091943}{total_fee=>225000}{trade_type=>NATIVE}{transaction_id=>4004862001201707089489109300}]
[2017-07-08 09:19:43][info] k:appid=>wxefc029d4373dcac0
[2017-07-08 09:19:43][info] k:bank_type=>CFT
[2017-07-08 09:19:43][info] k:cash_fee=>225000
[2017-07-08 09:19:43][info] k:fee_type=>CNY
[2017-07-08 09:19:43][info] k:is_subscribe=>N
[2017-07-08 09:19:43][info] k:mch_id=>1244967502
[2017-07-08 09:19:43][info] k:nonce_str=>ak454nbn8p63h42jjvutbyvuwqyg4i7l
[2017-07-08 09:19:43][info] k:openid=>orYumuCRLQMnK9Yj81eKsQBEnJlc
[2017-07-08 09:19:43][info] k:out_trade_no=>LX-17070620265556501-1
[2017-07-08 09:19:43][info] k:result_code=>SUCCESS
[2017-07-08 09:19:43][info] k:return_code=>SUCCESS
[2017-07-08 09:19:43][info] k:sign=>2C1B3D108FD1D1F05F8001E4A00BD163
[2017-07-08 09:19:43][info] k:time_end=>20170708091943
[2017-07-08 09:19:43][info] k:total_fee=>225000
[2017-07-08 09:19:43][info] k:trade_type=>NATIVE
[2017-07-08 09:19:43][info] k:transaction_id=>4004862001201707089489109300
[2017-07-08 09:19:43][info] ----------------------------------------
[2017-07-08 09:19:43][info] XML_DATA222:{"appid":"wxefc029d4373dcac0","bank_type":"CFT","cash_fee":"2250.00","fee_type":"CNY","is_subscribe":"N","mch_id":"1244967502","nonce_str":"ak454nbn8p63h42jjvutbyvuwqyg4i7l","openid":"orYumuCRLQMnK9Yj81eKsQBEnJlc","out_trade_no":"LX-17070620265556501-1","result_code":"SUCCESS","return_code":"SUCCESS","sign":"2C1B3D108FD1D1F05F8001E4A00BD163","time_end":"20170708091943","total_fee":"2250.00","trade_type":"NATIVE","transaction_id":"4004862001201707089489109300"}
[2017-07-08 09:19:44][warn] 数据存储成功，并成功返回记录编号17891！
[2017-07-08 09:19:56][info] ----------------------------------------
[2017-07-08 09:19:56][info] XML_DATA111:[{appid=>wxefc029d4373dcac0}{bank_type=>CFT}{cash_fee=>225000}{fee_type=>CNY}{is_subscribe=>N}{mch_id=>1244967502}{nonce_str=>ak454nbn8p63h42jjvutbyvuwqyg4i7l}{openid=>orYumuCRLQMnK9Yj81eKsQBEnJlc}{out_trade_no=>LX-17070620265556501-1}{result_code=>SUCCESS}{return_code=>SUCCESS}{sign=>2C1B3D108FD1D1F05F8001E4A00BD163}{time_end=>20170708091943}{total_fee=>225000}{trade_type=>NATIVE}{transaction_id=>4004862001201707089489109300}]
[2017-07-08 09:19:56][info] k:appid=>wxefc029d4373dcac0
[2017-07-08 09:19:56][info] k:bank_type=>CFT
[2017-07-08 09:19:56][info] k:cash_fee=>225000
[2017-07-08 09:19:56][info] k:fee_type=>CNY
[2017-07-08 09:19:56][info] k:is_subscribe=>N
[2017-07-08 09:19:56][info] k:mch_id=>1244967502
[2017-07-08 09:19:56][info] k:nonce_str=>ak454nbn8p63h42jjvutbyvuwqyg4i7l
[2017-07-08 09:19:56][info] k:openid=>orYumuCRLQMnK9Yj81eKsQBEnJlc
[2017-07-08 09:19:56][info] k:out_trade_no=>LX-17070620265556501-1
[2017-07-08 09:19:56][info] k:result_code=>SUCCESS
[2017-07-08 09:19:56][info] k:return_code=>SUCCESS
[2017-07-08 09:19:56][info] k:sign=>2C1B3D108FD1D1F05F8001E4A00BD163
[2017-07-08 09:19:56][info] k:time_end=>20170708091943
[2017-07-08 09:19:56][info] k:total_fee=>225000
[2017-07-08 09:19:56][info] k:trade_type=>NATIVE
[2017-07-08 09:19:56][info] k:transaction_id=>4004862001201707089489109300
[2017-07-08 09:19:56][info] ----------------------------------------
[2017-07-08 09:19:56][info] XML_DATA222:{"appid":"wxefc029d4373dcac0","bank_type":"CFT","cash_fee":"2250.00","fee_type":"CNY","is_subscribe":"N","mch_id":"1244967502","nonce_str":"ak454nbn8p63h42jjvutbyvuwqyg4i7l","openid":"orYumuCRLQMnK9Yj81eKsQBEnJlc","out_trade_no":"LX-17070620265556501-1","result_code":"SUCCESS","return_code":"SUCCESS","sign":"2C1B3D108FD1D1F05F8001E4A00BD163","time_end":"20170708091943","total_fee":"2250.00","trade_type":"NATIVE","transaction_id":"4004862001201707089489109300"}
[2017-07-08 09:19:56][info] 收到重复信息，并处理反馈成功！
[2017-07-08 09:19:56][info] success
[2017-07-08 09:19:56][info] 写入结束!!!
[2017-07-08 09:26:15][info] ----------------------------------------
[2017-07-08 09:26:15][info] XML_DATA111:[{appid=>wxefc029d4373dcac0}{bank_type=>CFT}{cash_fee=>450000}{fee_type=>CNY}{is_subscribe=>N}{mch_id=>1244967502}{nonce_str=>vaasdzd00ht2785m0afv8jw3zuh9tqfr}{openid=>orYumuCRLQMnK9Yj81eKsQBEnJlc}{out_trade_no=>LX-17070114232322601-2}{result_code=>SUCCESS}{return_code=>SUCCESS}{sign=>FCC49F6728D7711EEA32684ABFB259AE}{time_end=>20170708092614}{total_fee=>450000}{trade_type=>NATIVE}{transaction_id=>4004862001201707089492544386}]
[2017-07-08 09:26:15][info] k:appid=>wxefc029d4373dcac0
[2017-07-08 09:26:15][info] k:bank_type=>CFT
[2017-07-08 09:26:15][info] k:cash_fee=>450000
[2017-07-08 09:26:15][info] k:fee_type=>CNY
[2017-07-08 09:26:15][info] k:is_subscribe=>N
[2017-07-08 09:26:15][info] k:mch_id=>1244967502
[2017-07-08 09:26:15][info] k:nonce_str=>vaasdzd00ht2785m0afv8jw3zuh9tqfr
[2017-07-08 09:26:15][info] k:openid=>orYumuCRLQMnK9Yj81eKsQBEnJlc
[2017-07-08 09:26:15][info] k:out_trade_no=>LX-17070114232322601-2
[2017-07-08 09:26:15][info] k:result_code=>SUCCESS
[2017-07-08 09:26:15][info] k:return_code=>SUCCESS
[2017-07-08 09:26:15][info] k:sign=>FCC49F6728D7711EEA32684ABFB259AE
[2017-07-08 09:26:15][info] k:time_end=>20170708092614
[2017-07-08 09:26:15][info] k:total_fee=>450000
[2017-07-08 09:26:15][info] k:trade_type=>NATIVE
[2017-07-08 09:26:15][info] k:transaction_id=>4004862001201707089492544386
[2017-07-08 09:26:15][info] ----------------------------------------
[2017-07-08 09:26:15][info] XML_DATA222:{"appid":"wxefc029d4373dcac0","bank_type":"CFT","cash_fee":"4500.00","fee_type":"CNY","is_subscribe":"N","mch_id":"1244967502","nonce_str":"vaasdzd00ht2785m0afv8jw3zuh9tqfr","openid":"orYumuCRLQMnK9Yj81eKsQBEnJlc","out_trade_no":"LX-17070114232322601-2","result_code":"SUCCESS","return_code":"SUCCESS","sign":"FCC49F6728D7711EEA32684ABFB259AE","time_end":"20170708092614","total_fee":"4500.00","trade_type":"NATIVE","transaction_id":"4004862001201707089492544386"}
[2017-07-08 09:26:15][warn] 数据存储成功，并成功返回记录编号17892！
[2017-07-08 09:26:26][info] ----------------------------------------
[2017-07-08 09:26:26][info] XML_DATA111:[{appid=>wxefc029d4373dcac0}{bank_type=>CFT}{cash_fee=>450000}{fee_type=>CNY}{is_subscribe=>N}{mch_id=>1244967502}{nonce_str=>vaasdzd00ht2785m0afv8jw3zuh9tqfr}{openid=>orYumuCRLQMnK9Yj81eKsQBEnJlc}{out_trade_no=>LX-17070114232322601-2}{result_code=>SUCCESS}{return_code=>SUCCESS}{sign=>FCC49F6728D7711EEA32684ABFB259AE}{time_end=>20170708092614}{total_fee=>450000}{trade_type=>NATIVE}{transaction_id=>4004862001201707089492544386}]
[2017-07-08 09:26:26][info] k:appid=>wxefc029d4373dcac0
[2017-07-08 09:26:26][info] k:bank_type=>CFT
[2017-07-08 09:26:26][info] k:cash_fee=>450000
[2017-07-08 09:26:26][info] k:fee_type=>CNY
[2017-07-08 09:26:26][info] k:is_subscribe=>N
[2017-07-08 09:26:26][info] k:mch_id=>1244967502
[2017-07-08 09:26:26][info] k:nonce_str=>vaasdzd00ht2785m0afv8jw3zuh9tqfr
[2017-07-08 09:26:26][info] k:openid=>orYumuCRLQMnK9Yj81eKsQBEnJlc
[2017-07-08 09:26:26][info] k:out_trade_no=>LX-17070114232322601-2
[2017-07-08 09:26:26][info] k:result_code=>SUCCESS
[2017-07-08 09:26:26][info] k:return_code=>SUCCESS
[2017-07-08 09:26:26][info] k:sign=>FCC49F6728D7711EEA32684ABFB259AE
[2017-07-08 09:26:26][info] k:time_end=>20170708092614
[2017-07-08 09:26:26][info] k:total_fee=>450000
[2017-07-08 09:26:26][info] k:trade_type=>NATIVE
[2017-07-08 09:26:26][info] k:transaction_id=>4004862001201707089492544386
[2017-07-08 09:26:26][info] ----------------------------------------
[2017-07-08 09:26:26][info] XML_DATA222:{"appid":"wxefc029d4373dcac0","bank_type":"CFT","cash_fee":"4500.00","fee_type":"CNY","is_subscribe":"N","mch_id":"1244967502","nonce_str":"vaasdzd00ht2785m0afv8jw3zuh9tqfr","openid":"orYumuCRLQMnK9Yj81eKsQBEnJlc","out_trade_no":"LX-17070114232322601-2","result_code":"SUCCESS","return_code":"SUCCESS","sign":"FCC49F6728D7711EEA32684ABFB259AE","time_end":"20170708092614","total_fee":"4500.00","trade_type":"NATIVE","transaction_id":"4004862001201707089492544386"}
[2017-07-08 09:26:27][info] 收到重复信息，并处理反馈成功！
[2017-07-08 09:26:27][info] success
[2017-07-08 09:26:27][info] 写入结束!!!
[2017-07-08 09:31:15][info] ----------------------------------------
[2017-07-08 09:31:15][info] XML_DATA111:[{appid=>wxefc029d4373dcac0}{bank_type=>CFT}{cash_fee=>450000}{fee_type=>CNY}{is_subscribe=>N}{mch_id=>1244967502}{nonce_str=>t87xyo8594n72yvwx7jnomoy2sbylkhm}{openid=>orYumuCRLQMnK9Yj81eKsQBEnJlc}{out_trade_no=>LX-17070511482651101-0}{result_code=>SUCCESS}{return_code=>SUCCESS}{sign=>DCEA89B146D0CF29A2D396E62D740B28}{time_end=>20170708093115}{total_fee=>450000}{trade_type=>NATIVE}{transaction_id=>4004862001201707089487846633}]
[2017-07-08 09:31:15][info] k:appid=>wxefc029d4373dcac0
[2017-07-08 09:31:15][info] k:bank_type=>CFT
[2017-07-08 09:31:15][info] k:cash_fee=>450000
[2017-07-08 09:31:15][info] k:fee_type=>CNY
[2017-07-08 09:31:15][info] k:is_subscribe=>N
[2017-07-08 09:31:15][info] k:mch_id=>1244967502
[2017-07-08 09:31:15][info] k:nonce_str=>t87xyo8594n72yvwx7jnomoy2sbylkhm
[2017-07-08 09:31:15][info] k:openid=>orYumuCRLQMnK9Yj81eKsQBEnJlc
[2017-07-08 09:31:15][info] k:out_trade_no=>LX-17070511482651101-0
[2017-07-08 09:31:15][info] k:result_code=>SUCCESS
[2017-07-08 09:31:15][info] k:return_code=>SUCCESS
[2017-07-08 09:31:15][info] k:sign=>DCEA89B146D0CF29A2D396E62D740B28
[2017-07-08 09:31:15][info] k:time_end=>20170708093115
[2017-07-08 09:31:15][info] k:total_fee=>450000
[2017-07-08 09:31:15][info] k:trade_type=>NATIVE
[2017-07-08 09:31:15][info] k:transaction_id=>4004862001201707089487846633
[2017-07-08 09:31:15][info] ----------------------------------------
[2017-07-08 09:31:15][info] XML_DATA222:{"appid":"wxefc029d4373dcac0","bank_type":"CFT","cash_fee":"4500.00","fee_type":"CNY","is_subscribe":"N","mch_id":"1244967502","nonce_str":"t87xyo8594n72yvwx7jnomoy2sbylkhm","openid":"orYumuCRLQMnK9Yj81eKsQBEnJlc","out_trade_no":"LX-17070511482651101-0","result_code":"SUCCESS","return_code":"SUCCESS","sign":"DCEA89B146D0CF29A2D396E62D740B28","time_end":"20170708093115","total_fee":"4500.00","trade_type":"NATIVE","transaction_id":"4004862001201707089487846633"}
[2017-07-08 09:31:15][warn] 数据存储成功，并成功返回记录编号17893！
[2017-07-08 09:31:31][info] ----------------------------------------
[2017-07-08 09:31:31][info] XML_DATA111:[{appid=>wxefc029d4373dcac0}{bank_type=>CFT}{cash_fee=>450000}{fee_type=>CNY}{is_subscribe=>N}{mch_id=>1244967502}{nonce_str=>t87xyo8594n72yvwx7jnomoy2sbylkhm}{openid=>orYumuCRLQMnK9Yj81eKsQBEnJlc}{out_trade_no=>LX-17070511482651101-0}{result_code=>SUCCESS}{return_code=>SUCCESS}{sign=>DCEA89B146D0CF29A2D396E62D740B28}{time_end=>20170708093115}{total_fee=>450000}{trade_type=>NATIVE}{transaction_id=>4004862001201707089487846633}]
[2017-07-08 09:31:31][info] k:appid=>wxefc029d4373dcac0
[2017-07-08 09:31:31][info] k:bank_type=>CFT
[2017-07-08 09:31:31][info] k:cash_fee=>450000
[2017-07-08 09:31:31][info] k:fee_type=>CNY
[2017-07-08 09:31:31][info] k:is_subscribe=>N
[2017-07-08 09:31:31][info] k:mch_id=>1244967502
[2017-07-08 09:31:31][info] k:nonce_str=>t87xyo8594n72yvwx7jnomoy2sbylkhm
[2017-07-08 09:31:31][info] k:openid=>orYumuCRLQMnK9Yj81eKsQBEnJlc
[2017-07-08 09:31:31][info] k:out_trade_no=>LX-17070511482651101-0
[2017-07-08 09:31:31][info] k:result_code=>SUCCESS
[2017-07-08 09:31:31][info] k:return_code=>SUCCESS
[2017-07-08 09:31:31][info] k:sign=>DCEA89B146D0CF29A2D396E62D740B28
[2017-07-08 09:31:31][info] k:time_end=>20170708093115
[2017-07-08 09:31:31][info] k:total_fee=>450000
[2017-07-08 09:31:31][info] k:trade_type=>NATIVE
[2017-07-08 09:31:31][info] k:transaction_id=>4004862001201707089487846633
[2017-07-08 09:31:31][info] ----------------------------------------
[2017-07-08 09:31:31][info] XML_DATA222:{"appid":"wxefc029d4373dcac0","bank_type":"CFT","cash_fee":"4500.00","fee_type":"CNY","is_subscribe":"N","mch_id":"1244967502","nonce_str":"t87xyo8594n72yvwx7jnomoy2sbylkhm","openid":"orYumuCRLQMnK9Yj81eKsQBEnJlc","out_trade_no":"LX-17070511482651101-0","result_code":"SUCCESS","return_code":"SUCCESS","sign":"DCEA89B146D0CF29A2D396E62D740B28","time_end":"20170708093115","total_fee":"4500.00","trade_type":"NATIVE","transaction_id":"4004862001201707089487846633"}
[2017-07-08 09:31:31][info] 收到重复信息，并处理反馈成功！
[2017-07-08 09:31:31][info] success
[2017-07-08 09:31:31][info] 写入结束!!!
[2017-07-08 16:56:30][info] ----------------------------------------
[2017-07-08 16:56:30][info] XML_DATA111:[{appid=>wxefc029d4373dcac0}{bank_type=>CFT}{cash_fee=>1938000}{fee_type=>CNY}{is_subscribe=>N}{mch_id=>1244967502}{nonce_str=>9bbw6qog0csshhw4yb6wbk7uwh139bu2}{openid=>orYumuC_3Tg5Z2tZT5TdVnQMQNk0}{out_trade_no=>LX-17070710374713101-f}{result_code=>SUCCESS}{return_code=>SUCCESS}{sign=>5DDEF45B96C35B955931D80683A62E0C}{time_end=>20170708165629}{total_fee=>1938000}{trade_type=>NATIVE}{transaction_id=>4002632001201707089578845101}]
[2017-07-08 16:56:30][info] k:appid=>wxefc029d4373dcac0
[2017-07-08 16:56:30][info] k:bank_type=>CFT
[2017-07-08 16:56:30][info] k:cash_fee=>1938000
[2017-07-08 16:56:30][info] k:fee_type=>CNY
[2017-07-08 16:56:30][info] k:is_subscribe=>N
[2017-07-08 16:56:30][info] k:mch_id=>1244967502
[2017-07-08 16:56:30][info] k:nonce_str=>9bbw6qog0csshhw4yb6wbk7uwh139bu2
[2017-07-08 16:56:30][info] k:openid=>orYumuC_3Tg5Z2tZT5TdVnQMQNk0
[2017-07-08 16:56:30][info] k:out_trade_no=>LX-17070710374713101-f
[2017-07-08 16:56:30][info] k:result_code=>SUCCESS
[2017-07-08 16:56:30][info] k:return_code=>SUCCESS
[2017-07-08 16:56:30][info] k:sign=>5DDEF45B96C35B955931D80683A62E0C
[2017-07-08 16:56:30][info] k:time_end=>20170708165629
[2017-07-08 16:56:30][info] k:total_fee=>1938000
[2017-07-08 16:56:30][info] k:trade_type=>NATIVE
[2017-07-08 16:56:30][info] k:transaction_id=>4002632001201707089578845101
[2017-07-08 16:56:30][info] ----------------------------------------
[2017-07-08 16:56:30][info] XML_DATA222:{"appid":"wxefc029d4373dcac0","bank_type":"CFT","cash_fee":"19380.00","fee_type":"CNY","is_subscribe":"N","mch_id":"1244967502","nonce_str":"9bbw6qog0csshhw4yb6wbk7uwh139bu2","openid":"orYumuC_3Tg5Z2tZT5TdVnQMQNk0","out_trade_no":"LX-17070710374713101-f","result_code":"SUCCESS","return_code":"SUCCESS","sign":"5DDEF45B96C35B955931D80683A62E0C","time_end":"20170708165629","total_fee":"19380.00","trade_type":"NATIVE","transaction_id":"4002632001201707089578845101"}
[2017-07-08 16:56:30][warn] 数据存储成功，并成功返回记录编号17900！
[2017-07-08 16:56:44][info] ----------------------------------------
[2017-07-08 16:56:44][info] XML_DATA111:[{appid=>wxefc029d4373dcac0}{bank_type=>CFT}{cash_fee=>1938000}{fee_type=>CNY}{is_subscribe=>N}{mch_id=>1244967502}{nonce_str=>9bbw6qog0csshhw4yb6wbk7uwh139bu2}{openid=>orYumuC_3Tg5Z2tZT5TdVnQMQNk0}{out_trade_no=>LX-17070710374713101-f}{result_code=>SUCCESS}{return_code=>SUCCESS}{sign=>5DDEF45B96C35B955931D80683A62E0C}{time_end=>20170708165629}{total_fee=>1938000}{trade_type=>NATIVE}{transaction_id=>4002632001201707089578845101}]
[2017-07-08 16:56:44][info] k:appid=>wxefc029d4373dcac0
[2017-07-08 16:56:44][info] k:bank_type=>CFT
[2017-07-08 16:56:44][info] k:cash_fee=>1938000
[2017-07-08 16:56:44][info] k:fee_type=>CNY
[2017-07-08 16:56:44][info] k:is_subscribe=>N
[2017-07-08 16:56:44][info] k:mch_id=>1244967502
[2017-07-08 16:56:44][info] k:nonce_str=>9bbw6qog0csshhw4yb6wbk7uwh139bu2
[2017-07-08 16:56:44][info] k:openid=>orYumuC_3Tg5Z2tZT5TdVnQMQNk0
[2017-07-08 16:56:44][info] k:out_trade_no=>LX-17070710374713101-f
[2017-07-08 16:56:44][info] k:result_code=>SUCCESS
[2017-07-08 16:56:44][info] k:return_code=>SUCCESS
[2017-07-08 16:56:44][info] k:sign=>5DDEF45B96C35B955931D80683A62E0C
[2017-07-08 16:56:44][info] k:time_end=>20170708165629
[2017-07-08 16:56:44][info] k:total_fee=>1938000
[2017-07-08 16:56:44][info] k:trade_type=>NATIVE
[2017-07-08 16:56:44][info] k:transaction_id=>4002632001201707089578845101
[2017-07-08 16:56:44][info] ----------------------------------------
[2017-07-08 16:56:44][info] XML_DATA222:{"appid":"wxefc029d4373dcac0","bank_type":"CFT","cash_fee":"19380.00","fee_type":"CNY","is_subscribe":"N","mch_id":"1244967502","nonce_str":"9bbw6qog0csshhw4yb6wbk7uwh139bu2","openid":"orYumuC_3Tg5Z2tZT5TdVnQMQNk0","out_trade_no":"LX-17070710374713101-f","result_code":"SUCCESS","return_code":"SUCCESS","sign":"5DDEF45B96C35B955931D80683A62E0C","time_end":"20170708165629","total_fee":"19380.00","trade_type":"NATIVE","transaction_id":"4002632001201707089578845101"}
[2017-07-08 16:56:44][info] 收到重复信息，并处理反馈成功！
[2017-07-08 16:56:44][info] success
[2017-07-08 16:56:44][info] 写入结束!!!
[2017-07-08 18:29:59][info] ----------------------------------------
[2017-07-08 18:29:59][info] XML_DATA111:[{appid=>wxefc029d4373dcac0}{bank_type=>CFT}{cash_fee=>313000}{fee_type=>CNY}{is_subscribe=>Y}{mch_id=>1244967502}{nonce_str=>5pjc86qjxjgpeov7gq47b7gkcszlbvoh}{openid=>orYumuIUOfEGwoznyme89HlVyloE}{out_trade_no=>LX-17070721193221106-d}{result_code=>SUCCESS}{return_code=>SUCCESS}{sign=>35A70873C8EF82AAE9B1610DEC760A31}{time_end=>20170708182959}{total_fee=>313000}{trade_type=>NATIVE}{transaction_id=>4010072001201707089593410612}]
[2017-07-08 18:29:59][info] k:appid=>wxefc029d4373dcac0
[2017-07-08 18:29:59][info] k:bank_type=>CFT
[2017-07-08 18:29:59][info] k:cash_fee=>313000
[2017-07-08 18:29:59][info] k:fee_type=>CNY
[2017-07-08 18:29:59][info] k:is_subscribe=>Y
[2017-07-08 18:29:59][info] k:mch_id=>1244967502
[2017-07-08 18:29:59][info] k:nonce_str=>5pjc86qjxjgpeov7gq47b7gkcszlbvoh
[2017-07-08 18:29:59][info] k:openid=>orYumuIUOfEGwoznyme89HlVyloE
[2017-07-08 18:29:59][info] k:out_trade_no=>LX-17070721193221106-d
[2017-07-08 18:29:59][info] k:result_code=>SUCCESS
[2017-07-08 18:29:59][info] k:return_code=>SUCCESS
[2017-07-08 18:29:59][info] k:sign=>35A70873C8EF82AAE9B1610DEC760A31
[2017-07-08 18:29:59][info] k:time_end=>20170708182959
[2017-07-08 18:29:59][info] k:total_fee=>313000
[2017-07-08 18:29:59][info] k:trade_type=>NATIVE
[2017-07-08 18:29:59][info] k:transaction_id=>4010072001201707089593410612
[2017-07-08 18:29:59][info] ----------------------------------------
[2017-07-08 18:29:59][info] XML_DATA222:{"appid":"wxefc029d4373dcac0","bank_type":"CFT","cash_fee":"3130.00","fee_type":"CNY","is_subscribe":"Y","mch_id":"1244967502","nonce_str":"5pjc86qjxjgpeov7gq47b7gkcszlbvoh","openid":"orYumuIUOfEGwoznyme89HlVyloE","out_trade_no":"LX-17070721193221106-d","result_code":"SUCCESS","return_code":"SUCCESS","sign":"35A70873C8EF82AAE9B1610DEC760A31","time_end":"20170708182959","total_fee":"3130.00","trade_type":"NATIVE","transaction_id":"4010072001201707089593410612"}
[2017-07-08 18:30:00][warn] 数据存储成功，并成功返回记录编号17902！
[2017-07-08 18:30:14][info] ----------------------------------------
[2017-07-08 18:30:14][info] XML_DATA111:[{appid=>wxefc029d4373dcac0}{bank_type=>CFT}{cash_fee=>313000}{fee_type=>CNY}{is_subscribe=>Y}{mch_id=>1244967502}{nonce_str=>5pjc86qjxjgpeov7gq47b7gkcszlbvoh}{openid=>orYumuIUOfEGwoznyme89HlVyloE}{out_trade_no=>LX-17070721193221106-d}{result_code=>SUCCESS}{return_code=>SUCCESS}{sign=>35A70873C8EF82AAE9B1610DEC760A31}{time_end=>20170708182959}{total_fee=>313000}{trade_type=>NATIVE}{transaction_id=>4010072001201707089593410612}]
[2017-07-08 18:30:14][info] k:appid=>wxefc029d4373dcac0
[2017-07-08 18:30:14][info] k:bank_type=>CFT
[2017-07-08 18:30:14][info] k:cash_fee=>313000
[2017-07-08 18:30:14][info] k:fee_type=>CNY
[2017-07-08 18:30:14][info] k:is_subscribe=>Y
[2017-07-08 18:30:14][info] k:mch_id=>1244967502
[2017-07-08 18:30:14][info] k:nonce_str=>5pjc86qjxjgpeov7gq47b7gkcszlbvoh
[2017-07-08 18:30:14][info] k:openid=>orYumuIUOfEGwoznyme89HlVyloE
[2017-07-08 18:30:14][info] k:out_trade_no=>LX-17070721193221106-d
[2017-07-08 18:30:14][info] k:result_code=>SUCCESS
[2017-07-08 18:30:14][info] k:return_code=>SUCCESS
[2017-07-08 18:30:14][info] k:sign=>35A70873C8EF82AAE9B1610DEC760A31
[2017-07-08 18:30:14][info] k:time_end=>20170708182959
[2017-07-08 18:30:14][info] k:total_fee=>313000
[2017-07-08 18:30:14][info] k:trade_type=>NATIVE
[2017-07-08 18:30:14][info] k:transaction_id=>4010072001201707089593410612
[2017-07-08 18:30:14][info] ----------------------------------------
[2017-07-08 18:30:14][info] XML_DATA222:{"appid":"wxefc029d4373dcac0","bank_type":"CFT","cash_fee":"3130.00","fee_type":"CNY","is_subscribe":"Y","mch_id":"1244967502","nonce_str":"5pjc86qjxjgpeov7gq47b7gkcszlbvoh","openid":"orYumuIUOfEGwoznyme89HlVyloE","out_trade_no":"LX-17070721193221106-d","result_code":"SUCCESS","return_code":"SUCCESS","sign":"35A70873C8EF82AAE9B1610DEC760A31","time_end":"20170708182959","total_fee":"3130.00","trade_type":"NATIVE","transaction_id":"4010072001201707089593410612"}
[2017-07-08 18:30:14][info] 收到重复信息，并处理反馈成功！
[2017-07-08 18:30:14][info] success
[2017-07-08 18:30:14][info] 写入结束!!!
