[2017-07-06 09:19:49][info] ----------------------------------------
[2017-07-06 09:19:49][info] XML_DATA111:[{appid=>wxefc029d4373dcac0}{bank_type=>CFT}{cash_fee=>160000}{fee_type=>CNY}{is_subscribe=>Y}{mch_id=>1244967502}{nonce_str=>3u9pbh846wjlcd6i70iln45bcnrbxokg}{openid=>orYumuGBfbSZ6HLYVROLTKYGdUpI}{out_trade_no=>LX-1707060824412701-1}{result_code=>SUCCESS}{return_code=>SUCCESS}{sign=>C5ED4A795F8CC70668A5E64B74A4D3B3}{time_end=>20170706091948}{total_fee=>160000}{trade_type=>NATIVE}{transaction_id=>4005132001201707069129737268}]
[2017-07-06 09:19:49][info] k:appid=>wxefc029d4373dcac0
[2017-07-06 09:19:49][info] k:bank_type=>CFT
[2017-07-06 09:19:49][info] k:cash_fee=>160000
[2017-07-06 09:19:49][info] k:fee_type=>CNY
[2017-07-06 09:19:49][info] k:is_subscribe=>Y
[2017-07-06 09:19:49][info] k:mch_id=>1244967502
[2017-07-06 09:19:49][info] k:nonce_str=>3u9pbh846wjlcd6i70iln45bcnrbxokg
[2017-07-06 09:19:49][info] k:openid=>orYumuGBfbSZ6HLYVROLTKYGdUpI
[2017-07-06 09:19:49][info] k:out_trade_no=>LX-1707060824412701-1
[2017-07-06 09:19:49][info] k:result_code=>SUCCESS
[2017-07-06 09:19:49][info] k:return_code=>SUCCESS
[2017-07-06 09:19:49][info] k:sign=>C5ED4A795F8CC70668A5E64B74A4D3B3
[2017-07-06 09:19:49][info] k:time_end=>20170706091948
[2017-07-06 09:19:49][info] k:total_fee=>160000
[2017-07-06 09:19:49][info] k:trade_type=>NATIVE
[2017-07-06 09:19:49][info] k:transaction_id=>4005132001201707069129737268
[2017-07-06 09:19:49][info] ----------------------------------------
[2017-07-06 09:19:49][info] XML_DATA222:{"appid":"wxefc029d4373dcac0","bank_type":"CFT","cash_fee":"1600.00","fee_type":"CNY","is_subscribe":"Y","mch_id":"1244967502","nonce_str":"3u9pbh846wjlcd6i70iln45bcnrbxokg","openid":"orYumuGBfbSZ6HLYVROLTKYGdUpI","out_trade_no":"LX-1707060824412701-1","result_code":"SUCCESS","return_code":"SUCCESS","sign":"C5ED4A795F8CC70668A5E64B74A4D3B3","time_end":"20170706091948","total_fee":"1600.00","trade_type":"NATIVE","transaction_id":"4005132001201707069129737268"}
[2017-07-06 09:19:49][warn] 数据存储成功，并成功返回记录编号17865！
[2017-07-06 09:20:01][info] ----------------------------------------
[2017-07-06 09:20:01][info] XML_DATA111:[{appid=>wxefc029d4373dcac0}{bank_type=>CFT}{cash_fee=>160000}{fee_type=>CNY}{is_subscribe=>Y}{mch_id=>1244967502}{nonce_str=>3u9pbh846wjlcd6i70iln45bcnrbxokg}{openid=>orYumuGBfbSZ6HLYVROLTKYGdUpI}{out_trade_no=>LX-1707060824412701-1}{result_code=>SUCCESS}{return_code=>SUCCESS}{sign=>C5ED4A795F8CC70668A5E64B74A4D3B3}{time_end=>20170706091948}{total_fee=>160000}{trade_type=>NATIVE}{transaction_id=>4005132001201707069129737268}]
[2017-07-06 09:20:01][info] k:appid=>wxefc029d4373dcac0
[2017-07-06 09:20:01][info] k:bank_type=>CFT
[2017-07-06 09:20:01][info] k:cash_fee=>160000
[2017-07-06 09:20:01][info] k:fee_type=>CNY
[2017-07-06 09:20:01][info] k:is_subscribe=>Y
[2017-07-06 09:20:01][info] k:mch_id=>1244967502
[2017-07-06 09:20:01][info] k:nonce_str=>3u9pbh846wjlcd6i70iln45bcnrbxokg
[2017-07-06 09:20:01][info] k:openid=>orYumuGBfbSZ6HLYVROLTKYGdUpI
[2017-07-06 09:20:01][info] k:out_trade_no=>LX-1707060824412701-1
[2017-07-06 09:20:01][info] k:result_code=>SUCCESS
[2017-07-06 09:20:01][info] k:return_code=>SUCCESS
[2017-07-06 09:20:01][info] k:sign=>C5ED4A795F8CC70668A5E64B74A4D3B3
[2017-07-06 09:20:01][info] k:time_end=>20170706091948
[2017-07-06 09:20:01][info] k:total_fee=>160000
[2017-07-06 09:20:01][info] k:trade_type=>NATIVE
[2017-07-06 09:20:01][info] k:transaction_id=>4005132001201707069129737268
[2017-07-06 09:20:01][info] ----------------------------------------
[2017-07-06 09:20:01][info] XML_DATA222:{"appid":"wxefc029d4373dcac0","bank_type":"CFT","cash_fee":"1600.00","fee_type":"CNY","is_subscribe":"Y","mch_id":"1244967502","nonce_str":"3u9pbh846wjlcd6i70iln45bcnrbxokg","openid":"orYumuGBfbSZ6HLYVROLTKYGdUpI","out_trade_no":"LX-1707060824412701-1","result_code":"SUCCESS","return_code":"SUCCESS","sign":"C5ED4A795F8CC70668A5E64B74A4D3B3","time_end":"20170706091948","total_fee":"1600.00","trade_type":"NATIVE","transaction_id":"4005132001201707069129737268"}
[2017-07-06 09:20:01][info] 收到重复信息，并处理反馈成功！
[2017-07-06 09:20:01][info] success
[2017-07-06 09:20:01][info] 写入结束!!!
[2017-07-06 11:30:38][info] ----------------------------------------
[2017-07-06 11:30:38][info] XML_DATA111:[{appid=>wxefc029d4373dcac0}{bank_type=>ABC_DEBIT}{cash_fee=>530000}{fee_type=>CNY}{is_subscribe=>N}{mch_id=>1244967502}{nonce_str=>8upr322efo1fvufccmsr6bppwnv08p1o}{openid=>orYumuFRMxFhaAwohsGzZHYjtTN4}{out_trade_no=>LX-17062416351459001-5}{result_code=>SUCCESS}{return_code=>SUCCESS}{sign=>093ED8E1FDA9D6F291EB84B24A6C04CD}{time_end=>20170706113038}{total_fee=>530000}{trade_type=>NATIVE}{transaction_id=>4004702001201707069149095941}]
[2017-07-06 11:30:38][info] k:appid=>wxefc029d4373dcac0
[2017-07-06 11:30:38][info] k:bank_type=>ABC_DEBIT
[2017-07-06 11:30:38][info] k:cash_fee=>530000
[2017-07-06 11:30:38][info] k:fee_type=>CNY
[2017-07-06 11:30:38][info] k:is_subscribe=>N
[2017-07-06 11:30:38][info] k:mch_id=>1244967502
[2017-07-06 11:30:38][info] k:nonce_str=>8upr322efo1fvufccmsr6bppwnv08p1o
[2017-07-06 11:30:38][info] k:openid=>orYumuFRMxFhaAwohsGzZHYjtTN4
[2017-07-06 11:30:38][info] k:out_trade_no=>LX-17062416351459001-5
[2017-07-06 11:30:38][info] k:result_code=>SUCCESS
[2017-07-06 11:30:38][info] k:return_code=>SUCCESS
[2017-07-06 11:30:38][info] k:sign=>093ED8E1FDA9D6F291EB84B24A6C04CD
[2017-07-06 11:30:38][info] k:time_end=>20170706113038
[2017-07-06 11:30:38][info] k:total_fee=>530000
[2017-07-06 11:30:38][info] k:trade_type=>NATIVE
[2017-07-06 11:30:38][info] k:transaction_id=>4004702001201707069149095941
[2017-07-06 11:30:38][info] ----------------------------------------
[2017-07-06 11:30:38][info] XML_DATA222:{"appid":"wxefc029d4373dcac0","bank_type":"ABC_DEBIT","cash_fee":"5300.00","fee_type":"CNY","is_subscribe":"N","mch_id":"1244967502","nonce_str":"8upr322efo1fvufccmsr6bppwnv08p1o","openid":"orYumuFRMxFhaAwohsGzZHYjtTN4","out_trade_no":"LX-17062416351459001-5","result_code":"SUCCESS","return_code":"SUCCESS","sign":"093ED8E1FDA9D6F291EB84B24A6C04CD","time_end":"20170706113038","total_fee":"5300.00","trade_type":"NATIVE","transaction_id":"4004702001201707069149095941"}
[2017-07-06 11:30:39][warn] 数据存储成功，并成功返回记录编号17867！
[2017-07-06 11:30:48][info] ----------------------------------------
[2017-07-06 11:30:48][info] XML_DATA111:[{appid=>wxefc029d4373dcac0}{bank_type=>ABC_DEBIT}{cash_fee=>530000}{fee_type=>CNY}{is_subscribe=>N}{mch_id=>1244967502}{nonce_str=>8upr322efo1fvufccmsr6bppwnv08p1o}{openid=>orYumuFRMxFhaAwohsGzZHYjtTN4}{out_trade_no=>LX-17062416351459001-5}{result_code=>SUCCESS}{return_code=>SUCCESS}{sign=>093ED8E1FDA9D6F291EB84B24A6C04CD}{time_end=>20170706113038}{total_fee=>530000}{trade_type=>NATIVE}{transaction_id=>4004702001201707069149095941}]
[2017-07-06 11:30:48][info] k:appid=>wxefc029d4373dcac0
[2017-07-06 11:30:48][info] k:bank_type=>ABC_DEBIT
[2017-07-06 11:30:48][info] k:cash_fee=>530000
[2017-07-06 11:30:48][info] k:fee_type=>CNY
[2017-07-06 11:30:48][info] k:is_subscribe=>N
[2017-07-06 11:30:48][info] k:mch_id=>1244967502
[2017-07-06 11:30:48][info] k:nonce_str=>8upr322efo1fvufccmsr6bppwnv08p1o
[2017-07-06 11:30:48][info] k:openid=>orYumuFRMxFhaAwohsGzZHYjtTN4
[2017-07-06 11:30:48][info] k:out_trade_no=>LX-17062416351459001-5
[2017-07-06 11:30:48][info] k:result_code=>SUCCESS
[2017-07-06 11:30:48][info] k:return_code=>SUCCESS
[2017-07-06 11:30:48][info] k:sign=>093ED8E1FDA9D6F291EB84B24A6C04CD
[2017-07-06 11:30:48][info] k:time_end=>20170706113038
[2017-07-06 11:30:48][info] k:total_fee=>530000
[2017-07-06 11:30:48][info] k:trade_type=>NATIVE
[2017-07-06 11:30:48][info] k:transaction_id=>4004702001201707069149095941
[2017-07-06 11:30:48][info] ----------------------------------------
[2017-07-06 11:30:48][info] XML_DATA222:{"appid":"wxefc029d4373dcac0","bank_type":"ABC_DEBIT","cash_fee":"5300.00","fee_type":"CNY","is_subscribe":"N","mch_id":"1244967502","nonce_str":"8upr322efo1fvufccmsr6bppwnv08p1o","openid":"orYumuFRMxFhaAwohsGzZHYjtTN4","out_trade_no":"LX-17062416351459001-5","result_code":"SUCCESS","return_code":"SUCCESS","sign":"093ED8E1FDA9D6F291EB84B24A6C04CD","time_end":"20170706113038","total_fee":"5300.00","trade_type":"NATIVE","transaction_id":"4004702001201707069149095941"}
[2017-07-06 11:30:48][info] 收到重复信息，并处理反馈成功！
[2017-07-06 11:30:48][info] success
[2017-07-06 11:30:48][info] 写入结束!!!
[2017-07-06 14:05:51][info] ----------------------------------------
[2017-07-06 14:05:51][info] XML_DATA111:[{appid=>wxefc029d4373dcac0}{bank_type=>COMM_DEBIT}{cash_fee=>339200}{fee_type=>CNY}{is_subscribe=>N}{mch_id=>1244967502}{nonce_str=>wtjfekxeb8uwp8otgdech9s89l22766o}{openid=>orYumuNjaIBo_oMxVy1yIcYMQE4M}{out_trade_no=>LX-17062811425771901-9}{result_code=>SUCCESS}{return_code=>SUCCESS}{sign=>3E01484E1B9E18778B81F37A892F9A51}{time_end=>20170706140551}{total_fee=>339200}{trade_type=>NATIVE}{transaction_id=>4001302001201707069176783208}]
[2017-07-06 14:05:51][info] k:appid=>wxefc029d4373dcac0
[2017-07-06 14:05:51][info] k:bank_type=>COMM_DEBIT
[2017-07-06 14:05:51][info] k:cash_fee=>339200
[2017-07-06 14:05:51][info] k:fee_type=>CNY
[2017-07-06 14:05:51][info] k:is_subscribe=>N
[2017-07-06 14:05:51][info] k:mch_id=>1244967502
[2017-07-06 14:05:51][info] k:nonce_str=>wtjfekxeb8uwp8otgdech9s89l22766o
[2017-07-06 14:05:51][info] k:openid=>orYumuNjaIBo_oMxVy1yIcYMQE4M
[2017-07-06 14:05:51][info] k:out_trade_no=>LX-17062811425771901-9
[2017-07-06 14:05:51][info] k:result_code=>SUCCESS
[2017-07-06 14:05:51][info] k:return_code=>SUCCESS
[2017-07-06 14:05:51][info] k:sign=>3E01484E1B9E18778B81F37A892F9A51
[2017-07-06 14:05:51][info] k:time_end=>20170706140551
[2017-07-06 14:05:51][info] k:total_fee=>339200
[2017-07-06 14:05:51][info] k:trade_type=>NATIVE
[2017-07-06 14:05:51][info] k:transaction_id=>4001302001201707069176783208
[2017-07-06 14:05:51][info] ----------------------------------------
[2017-07-06 14:05:51][info] XML_DATA222:{"appid":"wxefc029d4373dcac0","bank_type":"COMM_DEBIT","cash_fee":"3392.00","fee_type":"CNY","is_subscribe":"N","mch_id":"1244967502","nonce_str":"wtjfekxeb8uwp8otgdech9s89l22766o","openid":"orYumuNjaIBo_oMxVy1yIcYMQE4M","out_trade_no":"LX-17062811425771901-9","result_code":"SUCCESS","return_code":"SUCCESS","sign":"3E01484E1B9E18778B81F37A892F9A51","time_end":"20170706140551","total_fee":"3392.00","trade_type":"NATIVE","transaction_id":"4001302001201707069176783208"}
[2017-07-06 14:05:52][warn] 数据存储成功，并成功返回记录编号17870！
[2017-07-06 14:06:04][info] ----------------------------------------
[2017-07-06 14:06:04][info] XML_DATA111:[{appid=>wxefc029d4373dcac0}{bank_type=>COMM_DEBIT}{cash_fee=>339200}{fee_type=>CNY}{is_subscribe=>N}{mch_id=>1244967502}{nonce_str=>wtjfekxeb8uwp8otgdech9s89l22766o}{openid=>orYumuNjaIBo_oMxVy1yIcYMQE4M}{out_trade_no=>LX-17062811425771901-9}{result_code=>SUCCESS}{return_code=>SUCCESS}{sign=>3E01484E1B9E18778B81F37A892F9A51}{time_end=>20170706140551}{total_fee=>339200}{trade_type=>NATIVE}{transaction_id=>4001302001201707069176783208}]
[2017-07-06 14:06:04][info] k:appid=>wxefc029d4373dcac0
[2017-07-06 14:06:04][info] k:bank_type=>COMM_DEBIT
[2017-07-06 14:06:04][info] k:cash_fee=>339200
[2017-07-06 14:06:04][info] k:fee_type=>CNY
[2017-07-06 14:06:04][info] k:is_subscribe=>N
[2017-07-06 14:06:04][info] k:mch_id=>1244967502
[2017-07-06 14:06:04][info] k:nonce_str=>wtjfekxeb8uwp8otgdech9s89l22766o
[2017-07-06 14:06:04][info] k:openid=>orYumuNjaIBo_oMxVy1yIcYMQE4M
[2017-07-06 14:06:04][info] k:out_trade_no=>LX-17062811425771901-9
[2017-07-06 14:06:04][info] k:result_code=>SUCCESS
[2017-07-06 14:06:04][info] k:return_code=>SUCCESS
[2017-07-06 14:06:04][info] k:sign=>3E01484E1B9E18778B81F37A892F9A51
[2017-07-06 14:06:04][info] k:time_end=>20170706140551
[2017-07-06 14:06:04][info] k:total_fee=>339200
[2017-07-06 14:06:04][info] k:trade_type=>NATIVE
[2017-07-06 14:06:04][info] k:transaction_id=>4001302001201707069176783208
[2017-07-06 14:06:04][info] ----------------------------------------
[2017-07-06 14:06:04][info] XML_DATA222:{"appid":"wxefc029d4373dcac0","bank_type":"COMM_DEBIT","cash_fee":"3392.00","fee_type":"CNY","is_subscribe":"N","mch_id":"1244967502","nonce_str":"wtjfekxeb8uwp8otgdech9s89l22766o","openid":"orYumuNjaIBo_oMxVy1yIcYMQE4M","out_trade_no":"LX-17062811425771901-9","result_code":"SUCCESS","return_code":"SUCCESS","sign":"3E01484E1B9E18778B81F37A892F9A51","time_end":"20170706140551","total_fee":"3392.00","trade_type":"NATIVE","transaction_id":"4001302001201707069176783208"}
[2017-07-06 14:06:04][info] 收到重复信息，并处理反馈成功！
[2017-07-06 14:06:04][info] success
[2017-07-06 14:06:04][info] 写入结束!!!
[2017-07-06 16:06:35][info] ----------------------------------------
[2017-07-06 16:06:35][info] XML_DATA111:[{appid=>wxefc029d4373dcac0}{bank_type=>PSBC_DEBIT}{cash_fee=>328000}{fee_type=>CNY}{is_subscribe=>Y}{mch_id=>1244967502}{nonce_str=>ejnlbad8khvps6zwo4dsovpspghxumet}{openid=>orYumuPrBFFMrwPYnspNWMZqLPaQ}{out_trade_no=>LX-1706202136484406-4}{result_code=>SUCCESS}{return_code=>SUCCESS}{sign=>644EDE4CE6B82B34F593BA1D351A4E3F}{time_end=>20170706160634}{total_fee=>328000}{trade_type=>NATIVE}{transaction_id=>4001882001201707069189353131}]
[2017-07-06 16:06:35][info] k:appid=>wxefc029d4373dcac0
[2017-07-06 16:06:35][info] k:bank_type=>PSBC_DEBIT
[2017-07-06 16:06:35][info] k:cash_fee=>328000
[2017-07-06 16:06:35][info] k:fee_type=>CNY
[2017-07-06 16:06:35][info] k:is_subscribe=>Y
[2017-07-06 16:06:35][info] k:mch_id=>1244967502
[2017-07-06 16:06:35][info] k:nonce_str=>ejnlbad8khvps6zwo4dsovpspghxumet
[2017-07-06 16:06:35][info] k:openid=>orYumuPrBFFMrwPYnspNWMZqLPaQ
[2017-07-06 16:06:35][info] k:out_trade_no=>LX-1706202136484406-4
[2017-07-06 16:06:35][info] k:result_code=>SUCCESS
[2017-07-06 16:06:35][info] k:return_code=>SUCCESS
[2017-07-06 16:06:35][info] k:sign=>644EDE4CE6B82B34F593BA1D351A4E3F
[2017-07-06 16:06:35][info] k:time_end=>20170706160634
[2017-07-06 16:06:35][info] k:total_fee=>328000
[2017-07-06 16:06:35][info] k:trade_type=>NATIVE
[2017-07-06 16:06:35][info] k:transaction_id=>4001882001201707069189353131
[2017-07-06 16:06:35][info] ----------------------------------------
[2017-07-06 16:06:35][info] XML_DATA222:{"appid":"wxefc029d4373dcac0","bank_type":"PSBC_DEBIT","cash_fee":"3280.00","fee_type":"CNY","is_subscribe":"Y","mch_id":"1244967502","nonce_str":"ejnlbad8khvps6zwo4dsovpspghxumet","openid":"orYumuPrBFFMrwPYnspNWMZqLPaQ","out_trade_no":"LX-1706202136484406-4","result_code":"SUCCESS","return_code":"SUCCESS","sign":"644EDE4CE6B82B34F593BA1D351A4E3F","time_end":"20170706160634","total_fee":"3280.00","trade_type":"NATIVE","transaction_id":"4001882001201707069189353131"}
[2017-07-06 16:06:35][warn] 数据存储成功，并成功返回记录编号17873！
[2017-07-06 16:06:51][info] ----------------------------------------
[2017-07-06 16:06:51][info] XML_DATA111:[{appid=>wxefc029d4373dcac0}{bank_type=>PSBC_DEBIT}{cash_fee=>328000}{fee_type=>CNY}{is_subscribe=>Y}{mch_id=>1244967502}{nonce_str=>ejnlbad8khvps6zwo4dsovpspghxumet}{openid=>orYumuPrBFFMrwPYnspNWMZqLPaQ}{out_trade_no=>LX-1706202136484406-4}{result_code=>SUCCESS}{return_code=>SUCCESS}{sign=>644EDE4CE6B82B34F593BA1D351A4E3F}{time_end=>20170706160634}{total_fee=>328000}{trade_type=>NATIVE}{transaction_id=>4001882001201707069189353131}]
[2017-07-06 16:06:51][info] k:appid=>wxefc029d4373dcac0
[2017-07-06 16:06:51][info] k:bank_type=>PSBC_DEBIT
[2017-07-06 16:06:51][info] k:cash_fee=>328000
[2017-07-06 16:06:51][info] k:fee_type=>CNY
[2017-07-06 16:06:51][info] k:is_subscribe=>Y
[2017-07-06 16:06:51][info] k:mch_id=>1244967502
[2017-07-06 16:06:51][info] k:nonce_str=>ejnlbad8khvps6zwo4dsovpspghxumet
[2017-07-06 16:06:51][info] k:openid=>orYumuPrBFFMrwPYnspNWMZqLPaQ
[2017-07-06 16:06:51][info] k:out_trade_no=>LX-1706202136484406-4
[2017-07-06 16:06:51][info] k:result_code=>SUCCESS
[2017-07-06 16:06:51][info] k:return_code=>SUCCESS
[2017-07-06 16:06:51][info] k:sign=>644EDE4CE6B82B34F593BA1D351A4E3F
[2017-07-06 16:06:51][info] k:time_end=>20170706160634
[2017-07-06 16:06:51][info] k:total_fee=>328000
[2017-07-06 16:06:51][info] k:trade_type=>NATIVE
[2017-07-06 16:06:51][info] k:transaction_id=>4001882001201707069189353131
[2017-07-06 16:06:51][info] ----------------------------------------
[2017-07-06 16:06:51][info] XML_DATA222:{"appid":"wxefc029d4373dcac0","bank_type":"PSBC_DEBIT","cash_fee":"3280.00","fee_type":"CNY","is_subscribe":"Y","mch_id":"1244967502","nonce_str":"ejnlbad8khvps6zwo4dsovpspghxumet","openid":"orYumuPrBFFMrwPYnspNWMZqLPaQ","out_trade_no":"LX-1706202136484406-4","result_code":"SUCCESS","return_code":"SUCCESS","sign":"644EDE4CE6B82B34F593BA1D351A4E3F","time_end":"20170706160634","total_fee":"3280.00","trade_type":"NATIVE","transaction_id":"4001882001201707069189353131"}
[2017-07-06 16:06:51][info] 收到重复信息，并处理反馈成功！
[2017-07-06 16:06:51][info] success
[2017-07-06 16:06:51][info] 写入结束!!!
[2017-07-06 16:23:37][info] ----------------------------------------
[2017-07-06 16:23:37][info] XML_DATA111:[{appid=>wxefc029d4373dcac0}{bank_type=>CCB_DEBIT}{cash_fee=>164000}{fee_type=>CNY}{is_subscribe=>N}{mch_id=>1244967502}{nonce_str=>xk7kuz36wzy97vl4vbu9m6z4u8v5xpxa}{openid=>orYumuBsGZpO0SZgJVhVbq0AQZv0}{out_trade_no=>LX-17061912424214006-3}{result_code=>SUCCESS}{return_code=>SUCCESS}{sign=>64D099A64AC895FF627EB0B90D4FA36E}{time_end=>20170706162337}{total_fee=>164000}{trade_type=>NATIVE}{transaction_id=>4002192001201707069191433651}]
[2017-07-06 16:23:37][info] k:appid=>wxefc029d4373dcac0
[2017-07-06 16:23:37][info] k:bank_type=>CCB_DEBIT
[2017-07-06 16:23:37][info] k:cash_fee=>164000
[2017-07-06 16:23:37][info] k:fee_type=>CNY
[2017-07-06 16:23:37][info] k:is_subscribe=>N
[2017-07-06 16:23:37][info] k:mch_id=>1244967502
[2017-07-06 16:23:37][info] k:nonce_str=>xk7kuz36wzy97vl4vbu9m6z4u8v5xpxa
[2017-07-06 16:23:37][info] k:openid=>orYumuBsGZpO0SZgJVhVbq0AQZv0
[2017-07-06 16:23:37][info] k:out_trade_no=>LX-17061912424214006-3
[2017-07-06 16:23:37][info] k:result_code=>SUCCESS
[2017-07-06 16:23:37][info] k:return_code=>SUCCESS
[2017-07-06 16:23:37][info] k:sign=>64D099A64AC895FF627EB0B90D4FA36E
[2017-07-06 16:23:37][info] k:time_end=>20170706162337
[2017-07-06 16:23:37][info] k:total_fee=>164000
[2017-07-06 16:23:37][info] k:trade_type=>NATIVE
[2017-07-06 16:23:37][info] k:transaction_id=>4002192001201707069191433651
[2017-07-06 16:23:37][info] ----------------------------------------
[2017-07-06 16:23:37][info] XML_DATA222:{"appid":"wxefc029d4373dcac0","bank_type":"CCB_DEBIT","cash_fee":"1640.00","fee_type":"CNY","is_subscribe":"N","mch_id":"1244967502","nonce_str":"xk7kuz36wzy97vl4vbu9m6z4u8v5xpxa","openid":"orYumuBsGZpO0SZgJVhVbq0AQZv0","out_trade_no":"LX-17061912424214006-3","result_code":"SUCCESS","return_code":"SUCCESS","sign":"64D099A64AC895FF627EB0B90D4FA36E","time_end":"20170706162337","total_fee":"1640.00","trade_type":"NATIVE","transaction_id":"4002192001201707069191433651"}
[2017-07-06 16:23:38][warn] 数据存储成功，并成功返回记录编号17874！
[2017-07-06 16:23:47][info] ----------------------------------------
[2017-07-06 16:23:47][info] XML_DATA111:[{appid=>wxefc029d4373dcac0}{bank_type=>CCB_DEBIT}{cash_fee=>164000}{fee_type=>CNY}{is_subscribe=>N}{mch_id=>1244967502}{nonce_str=>xk7kuz36wzy97vl4vbu9m6z4u8v5xpxa}{openid=>orYumuBsGZpO0SZgJVhVbq0AQZv0}{out_trade_no=>LX-17061912424214006-3}{result_code=>SUCCESS}{return_code=>SUCCESS}{sign=>64D099A64AC895FF627EB0B90D4FA36E}{time_end=>20170706162337}{total_fee=>164000}{trade_type=>NATIVE}{transaction_id=>4002192001201707069191433651}]
[2017-07-06 16:23:47][info] k:appid=>wxefc029d4373dcac0
[2017-07-06 16:23:47][info] k:bank_type=>CCB_DEBIT
[2017-07-06 16:23:47][info] k:cash_fee=>164000
[2017-07-06 16:23:47][info] k:fee_type=>CNY
[2017-07-06 16:23:47][info] k:is_subscribe=>N
[2017-07-06 16:23:47][info] k:mch_id=>1244967502
[2017-07-06 16:23:47][info] k:nonce_str=>xk7kuz36wzy97vl4vbu9m6z4u8v5xpxa
[2017-07-06 16:23:47][info] k:openid=>orYumuBsGZpO0SZgJVhVbq0AQZv0
[2017-07-06 16:23:47][info] k:out_trade_no=>LX-17061912424214006-3
[2017-07-06 16:23:47][info] k:result_code=>SUCCESS
[2017-07-06 16:23:47][info] k:return_code=>SUCCESS
[2017-07-06 16:23:47][info] k:sign=>64D099A64AC895FF627EB0B90D4FA36E
[2017-07-06 16:23:47][info] k:time_end=>20170706162337
[2017-07-06 16:23:47][info] k:total_fee=>164000
[2017-07-06 16:23:47][info] k:trade_type=>NATIVE
[2017-07-06 16:23:47][info] k:transaction_id=>4002192001201707069191433651
[2017-07-06 16:23:47][info] ----------------------------------------
[2017-07-06 16:23:47][info] XML_DATA222:{"appid":"wxefc029d4373dcac0","bank_type":"CCB_DEBIT","cash_fee":"1640.00","fee_type":"CNY","is_subscribe":"N","mch_id":"1244967502","nonce_str":"xk7kuz36wzy97vl4vbu9m6z4u8v5xpxa","openid":"orYumuBsGZpO0SZgJVhVbq0AQZv0","out_trade_no":"LX-17061912424214006-3","result_code":"SUCCESS","return_code":"SUCCESS","sign":"64D099A64AC895FF627EB0B90D4FA36E","time_end":"20170706162337","total_fee":"1640.00","trade_type":"NATIVE","transaction_id":"4002192001201707069191433651"}
[2017-07-06 16:23:47][info] 收到重复信息，并处理反馈成功！
[2017-07-06 16:23:47][info] success
[2017-07-06 16:23:47][info] 写入结束!!!
