[2017-08-16 09:48:06][info] ----------------------------------------
[2017-08-16 09:48:06][info] XML_DATA111:[{appid=>wxefc029d4373dcac0}{bank_type=>ICBC_DEBIT}{cash_fee=>348000}{fee_type=>CNY}{is_subscribe=>N}{mch_id=>1244967502}{nonce_str=>3ucxm88wn3hgkqug7ejgljt45dpk6m5z}{openid=>orYumuP-gTwCADtpsT8qUpmn3JW0}{out_trade_no=>LX-17081608533758301-9}{result_code=>SUCCESS}{return_code=>SUCCESS}{sign=>970644FE633B19CA9B900CAACAB836CC}{time_end=>20170816094805}{total_fee=>348000}{trade_type=>NATIVE}{transaction_id=>4003422001201708166488853284}]
[2017-08-16 09:48:06][info] k:appid=>wxefc029d4373dcac0
[2017-08-16 09:48:06][info] k:bank_type=>ICBC_DEBIT
[2017-08-16 09:48:06][info] k:cash_fee=>348000
[2017-08-16 09:48:06][info] k:fee_type=>CNY
[2017-08-16 09:48:06][info] k:is_subscribe=>N
[2017-08-16 09:48:06][info] k:mch_id=>1244967502
[2017-08-16 09:48:06][info] k:nonce_str=>3ucxm88wn3hgkqug7ejgljt45dpk6m5z
[2017-08-16 09:48:06][info] k:openid=>orYumuP-gTwCADtpsT8qUpmn3JW0
[2017-08-16 09:48:06][info] k:out_trade_no=>LX-17081608533758301-9
[2017-08-16 09:48:06][info] k:result_code=>SUCCESS
[2017-08-16 09:48:06][info] k:return_code=>SUCCESS
[2017-08-16 09:48:06][info] k:sign=>970644FE633B19CA9B900CAACAB836CC
[2017-08-16 09:48:06][info] k:time_end=>20170816094805
[2017-08-16 09:48:06][info] k:total_fee=>348000
[2017-08-16 09:48:06][info] k:trade_type=>NATIVE
[2017-08-16 09:48:06][info] k:transaction_id=>4003422001201708166488853284
[2017-08-16 09:48:06][info] ----------------------------------------
[2017-08-16 09:48:06][info] XML_DATA222:{"appid":"wxefc029d4373dcac0","bank_type":"ICBC_DEBIT","cash_fee":"3480.00","fee_type":"CNY","is_subscribe":"N","mch_id":"1244967502","nonce_str":"3ucxm88wn3hgkqug7ejgljt45dpk6m5z","openid":"orYumuP-gTwCADtpsT8qUpmn3JW0","out_trade_no":"LX-17081608533758301-9","result_code":"SUCCESS","return_code":"SUCCESS","sign":"970644FE633B19CA9B900CAACAB836CC","time_end":"20170816094805","total_fee":"3480.00","trade_type":"NATIVE","transaction_id":"4003422001201708166488853284"}
[2017-08-16 09:48:06][warn] 数据存储成功，并成功返回记录编号18622！
[2017-08-16 09:48:19][info] ----------------------------------------
[2017-08-16 09:48:19][info] XML_DATA111:[{appid=>wxefc029d4373dcac0}{bank_type=>ICBC_DEBIT}{cash_fee=>348000}{fee_type=>CNY}{is_subscribe=>N}{mch_id=>1244967502}{nonce_str=>3ucxm88wn3hgkqug7ejgljt45dpk6m5z}{openid=>orYumuP-gTwCADtpsT8qUpmn3JW0}{out_trade_no=>LX-17081608533758301-9}{result_code=>SUCCESS}{return_code=>SUCCESS}{sign=>970644FE633B19CA9B900CAACAB836CC}{time_end=>20170816094805}{total_fee=>348000}{trade_type=>NATIVE}{transaction_id=>4003422001201708166488853284}]
[2017-08-16 09:48:19][info] k:appid=>wxefc029d4373dcac0
[2017-08-16 09:48:19][info] k:bank_type=>ICBC_DEBIT
[2017-08-16 09:48:19][info] k:cash_fee=>348000
[2017-08-16 09:48:19][info] k:fee_type=>CNY
[2017-08-16 09:48:19][info] k:is_subscribe=>N
[2017-08-16 09:48:19][info] k:mch_id=>1244967502
[2017-08-16 09:48:19][info] k:nonce_str=>3ucxm88wn3hgkqug7ejgljt45dpk6m5z
[2017-08-16 09:48:19][info] k:openid=>orYumuP-gTwCADtpsT8qUpmn3JW0
[2017-08-16 09:48:19][info] k:out_trade_no=>LX-17081608533758301-9
[2017-08-16 09:48:19][info] k:result_code=>SUCCESS
[2017-08-16 09:48:19][info] k:return_code=>SUCCESS
[2017-08-16 09:48:19][info] k:sign=>970644FE633B19CA9B900CAACAB836CC
[2017-08-16 09:48:19][info] k:time_end=>20170816094805
[2017-08-16 09:48:19][info] k:total_fee=>348000
[2017-08-16 09:48:19][info] k:trade_type=>NATIVE
[2017-08-16 09:48:19][info] k:transaction_id=>4003422001201708166488853284
[2017-08-16 09:48:19][info] ----------------------------------------
[2017-08-16 09:48:19][info] XML_DATA222:{"appid":"wxefc029d4373dcac0","bank_type":"ICBC_DEBIT","cash_fee":"3480.00","fee_type":"CNY","is_subscribe":"N","mch_id":"1244967502","nonce_str":"3ucxm88wn3hgkqug7ejgljt45dpk6m5z","openid":"orYumuP-gTwCADtpsT8qUpmn3JW0","out_trade_no":"LX-17081608533758301-9","result_code":"SUCCESS","return_code":"SUCCESS","sign":"970644FE633B19CA9B900CAACAB836CC","time_end":"20170816094805","total_fee":"3480.00","trade_type":"NATIVE","transaction_id":"4003422001201708166488853284"}
[2017-08-16 09:48:19][info] 收到重复信息，并处理反馈成功！
[2017-08-16 09:48:19][info] success
[2017-08-16 09:48:19][info] 写入结束!!!
[2017-08-16 10:23:44][info] ----------------------------------------
[2017-08-16 10:23:44][info] XML_DATA111:[{appid=>wxefc029d4373dcac0}{bank_type=>CITIC_CREDIT}{cash_fee=>952500}{fee_type=>CNY}{is_subscribe=>N}{mch_id=>1244967502}{nonce_str=>csyttb19993gyizfqv9nb5ceswy3chui}{openid=>orYumuAXKCvLl4EcCKAqjxoYV1Nw}{out_trade_no=>LX-17081523235846706-d}{result_code=>SUCCESS}{return_code=>SUCCESS}{sign=>EF7659EC8BB7EABED2F367C28C9BC424}{time_end=>20170816102343}{total_fee=>952500}{trade_type=>NATIVE}{transaction_id=>4003542001201708166490614877}]
[2017-08-16 10:23:44][info] k:appid=>wxefc029d4373dcac0
[2017-08-16 10:23:44][info] k:bank_type=>CITIC_CREDIT
[2017-08-16 10:23:44][info] k:cash_fee=>952500
[2017-08-16 10:23:44][info] k:fee_type=>CNY
[2017-08-16 10:23:44][info] k:is_subscribe=>N
[2017-08-16 10:23:44][info] k:mch_id=>1244967502
[2017-08-16 10:23:44][info] k:nonce_str=>csyttb19993gyizfqv9nb5ceswy3chui
[2017-08-16 10:23:44][info] k:openid=>orYumuAXKCvLl4EcCKAqjxoYV1Nw
[2017-08-16 10:23:44][info] k:out_trade_no=>LX-17081523235846706-d
[2017-08-16 10:23:44][info] k:result_code=>SUCCESS
[2017-08-16 10:23:44][info] k:return_code=>SUCCESS
[2017-08-16 10:23:44][info] k:sign=>EF7659EC8BB7EABED2F367C28C9BC424
[2017-08-16 10:23:44][info] k:time_end=>20170816102343
[2017-08-16 10:23:44][info] k:total_fee=>952500
[2017-08-16 10:23:44][info] k:trade_type=>NATIVE
[2017-08-16 10:23:44][info] k:transaction_id=>4003542001201708166490614877
[2017-08-16 10:23:44][info] ----------------------------------------
[2017-08-16 10:23:44][info] XML_DATA222:{"appid":"wxefc029d4373dcac0","bank_type":"CITIC_CREDIT","cash_fee":"9525.00","fee_type":"CNY","is_subscribe":"N","mch_id":"1244967502","nonce_str":"csyttb19993gyizfqv9nb5ceswy3chui","openid":"orYumuAXKCvLl4EcCKAqjxoYV1Nw","out_trade_no":"LX-17081523235846706-d","result_code":"SUCCESS","return_code":"SUCCESS","sign":"EF7659EC8BB7EABED2F367C28C9BC424","time_end":"20170816102343","total_fee":"9525.00","trade_type":"NATIVE","transaction_id":"4003542001201708166490614877"}
[2017-08-16 10:23:44][warn] 数据存储成功，并成功返回记录编号18624！
[2017-08-16 10:23:58][info] ----------------------------------------
[2017-08-16 10:23:58][info] XML_DATA111:[{appid=>wxefc029d4373dcac0}{bank_type=>CITIC_CREDIT}{cash_fee=>952500}{fee_type=>CNY}{is_subscribe=>N}{mch_id=>1244967502}{nonce_str=>csyttb19993gyizfqv9nb5ceswy3chui}{openid=>orYumuAXKCvLl4EcCKAqjxoYV1Nw}{out_trade_no=>LX-17081523235846706-d}{result_code=>SUCCESS}{return_code=>SUCCESS}{sign=>EF7659EC8BB7EABED2F367C28C9BC424}{time_end=>20170816102343}{total_fee=>952500}{trade_type=>NATIVE}{transaction_id=>4003542001201708166490614877}]
[2017-08-16 10:23:58][info] k:appid=>wxefc029d4373dcac0
[2017-08-16 10:23:58][info] k:bank_type=>CITIC_CREDIT
[2017-08-16 10:23:58][info] k:cash_fee=>952500
[2017-08-16 10:23:58][info] k:fee_type=>CNY
[2017-08-16 10:23:58][info] k:is_subscribe=>N
[2017-08-16 10:23:58][info] k:mch_id=>1244967502
[2017-08-16 10:23:58][info] k:nonce_str=>csyttb19993gyizfqv9nb5ceswy3chui
[2017-08-16 10:23:58][info] k:openid=>orYumuAXKCvLl4EcCKAqjxoYV1Nw
[2017-08-16 10:23:58][info] k:out_trade_no=>LX-17081523235846706-d
[2017-08-16 10:23:58][info] k:result_code=>SUCCESS
[2017-08-16 10:23:58][info] k:return_code=>SUCCESS
[2017-08-16 10:23:58][info] k:sign=>EF7659EC8BB7EABED2F367C28C9BC424
[2017-08-16 10:23:58][info] k:time_end=>20170816102343
[2017-08-16 10:23:58][info] k:total_fee=>952500
[2017-08-16 10:23:58][info] k:trade_type=>NATIVE
[2017-08-16 10:23:58][info] k:transaction_id=>4003542001201708166490614877
[2017-08-16 10:23:58][info] ----------------------------------------
[2017-08-16 10:23:58][info] XML_DATA222:{"appid":"wxefc029d4373dcac0","bank_type":"CITIC_CREDIT","cash_fee":"9525.00","fee_type":"CNY","is_subscribe":"N","mch_id":"1244967502","nonce_str":"csyttb19993gyizfqv9nb5ceswy3chui","openid":"orYumuAXKCvLl4EcCKAqjxoYV1Nw","out_trade_no":"LX-17081523235846706-d","result_code":"SUCCESS","return_code":"SUCCESS","sign":"EF7659EC8BB7EABED2F367C28C9BC424","time_end":"20170816102343","total_fee":"9525.00","trade_type":"NATIVE","transaction_id":"4003542001201708166490614877"}
[2017-08-16 10:23:58][info] 收到重复信息，并处理反馈成功！
[2017-08-16 10:23:58][info] success
[2017-08-16 10:23:58][info] 写入结束!!!
[2017-08-16 12:17:49][info] ----------------------------------------
[2017-08-16 12:17:49][info] XML_DATA111:[{appid=>wxefc029d4373dcac0}{bank_type=>ICBC_DEBIT}{cash_fee=>747000}{fee_type=>CNY}{is_subscribe=>N}{mch_id=>1244967502}{nonce_str=>56evyxbgbd32g89ekmyb3bkxg9hbeyay}{openid=>orYumuC07qqPb10wfoqCptwzsjWc}{out_trade_no=>LX-17081610095437601-5}{result_code=>SUCCESS}{return_code=>SUCCESS}{sign=>DDF89CEF7F568F94C26B6E292218865E}{time_end=>20170816121749}{total_fee=>747000}{trade_type=>NATIVE}{transaction_id=>4006602001201708166507676173}]
[2017-08-16 12:17:49][info] k:appid=>wxefc029d4373dcac0
[2017-08-16 12:17:49][info] k:bank_type=>ICBC_DEBIT
[2017-08-16 12:17:49][info] k:cash_fee=>747000
[2017-08-16 12:17:49][info] k:fee_type=>CNY
[2017-08-16 12:17:49][info] k:is_subscribe=>N
[2017-08-16 12:17:49][info] k:mch_id=>1244967502
[2017-08-16 12:17:49][info] k:nonce_str=>56evyxbgbd32g89ekmyb3bkxg9hbeyay
[2017-08-16 12:17:49][info] k:openid=>orYumuC07qqPb10wfoqCptwzsjWc
[2017-08-16 12:17:49][info] k:out_trade_no=>LX-17081610095437601-5
[2017-08-16 12:17:49][info] k:result_code=>SUCCESS
[2017-08-16 12:17:49][info] k:return_code=>SUCCESS
[2017-08-16 12:17:49][info] k:sign=>DDF89CEF7F568F94C26B6E292218865E
[2017-08-16 12:17:49][info] k:time_end=>20170816121749
[2017-08-16 12:17:49][info] k:total_fee=>747000
[2017-08-16 12:17:49][info] k:trade_type=>NATIVE
[2017-08-16 12:17:49][info] k:transaction_id=>4006602001201708166507676173
[2017-08-16 12:17:49][info] ----------------------------------------
[2017-08-16 12:17:49][info] XML_DATA222:{"appid":"wxefc029d4373dcac0","bank_type":"ICBC_DEBIT","cash_fee":"7470.00","fee_type":"CNY","is_subscribe":"N","mch_id":"1244967502","nonce_str":"56evyxbgbd32g89ekmyb3bkxg9hbeyay","openid":"orYumuC07qqPb10wfoqCptwzsjWc","out_trade_no":"LX-17081610095437601-5","result_code":"SUCCESS","return_code":"SUCCESS","sign":"DDF89CEF7F568F94C26B6E292218865E","time_end":"20170816121749","total_fee":"7470.00","trade_type":"NATIVE","transaction_id":"4006602001201708166507676173"}
[2017-08-16 12:17:49][warn] 数据存储成功，并成功返回记录编号18627！
[2017-08-16 12:17:59][info] ----------------------------------------
[2017-08-16 12:17:59][info] XML_DATA111:[{appid=>wxefc029d4373dcac0}{bank_type=>ICBC_DEBIT}{cash_fee=>747000}{fee_type=>CNY}{is_subscribe=>N}{mch_id=>1244967502}{nonce_str=>56evyxbgbd32g89ekmyb3bkxg9hbeyay}{openid=>orYumuC07qqPb10wfoqCptwzsjWc}{out_trade_no=>LX-17081610095437601-5}{result_code=>SUCCESS}{return_code=>SUCCESS}{sign=>DDF89CEF7F568F94C26B6E292218865E}{time_end=>20170816121749}{total_fee=>747000}{trade_type=>NATIVE}{transaction_id=>4006602001201708166507676173}]
[2017-08-16 12:17:59][info] k:appid=>wxefc029d4373dcac0
[2017-08-16 12:17:59][info] k:bank_type=>ICBC_DEBIT
[2017-08-16 12:17:59][info] k:cash_fee=>747000
[2017-08-16 12:17:59][info] k:fee_type=>CNY
[2017-08-16 12:17:59][info] k:is_subscribe=>N
[2017-08-16 12:17:59][info] k:mch_id=>1244967502
[2017-08-16 12:17:59][info] k:nonce_str=>56evyxbgbd32g89ekmyb3bkxg9hbeyay
[2017-08-16 12:17:59][info] k:openid=>orYumuC07qqPb10wfoqCptwzsjWc
[2017-08-16 12:17:59][info] k:out_trade_no=>LX-17081610095437601-5
[2017-08-16 12:17:59][info] k:result_code=>SUCCESS
[2017-08-16 12:17:59][info] k:return_code=>SUCCESS
[2017-08-16 12:17:59][info] k:sign=>DDF89CEF7F568F94C26B6E292218865E
[2017-08-16 12:17:59][info] k:time_end=>20170816121749
[2017-08-16 12:17:59][info] k:total_fee=>747000
[2017-08-16 12:17:59][info] k:trade_type=>NATIVE
[2017-08-16 12:17:59][info] k:transaction_id=>4006602001201708166507676173
[2017-08-16 12:17:59][info] ----------------------------------------
[2017-08-16 12:17:59][info] XML_DATA222:{"appid":"wxefc029d4373dcac0","bank_type":"ICBC_DEBIT","cash_fee":"7470.00","fee_type":"CNY","is_subscribe":"N","mch_id":"1244967502","nonce_str":"56evyxbgbd32g89ekmyb3bkxg9hbeyay","openid":"orYumuC07qqPb10wfoqCptwzsjWc","out_trade_no":"LX-17081610095437601-5","result_code":"SUCCESS","return_code":"SUCCESS","sign":"DDF89CEF7F568F94C26B6E292218865E","time_end":"20170816121749","total_fee":"7470.00","trade_type":"NATIVE","transaction_id":"4006602001201708166507676173"}
[2017-08-16 12:17:59][info] 收到重复信息，并处理反馈成功！
[2017-08-16 12:17:59][info] success
[2017-08-16 12:17:59][info] 写入结束!!!
[2017-08-16 12:45:53][info] ----------------------------------------
[2017-08-16 12:45:53][info] XML_DATA111:[{appid=>wxefc029d4373dcac0}{bank_type=>GYCB_DEBIT}{cash_fee=>1156000}{fee_type=>CNY}{is_subscribe=>N}{mch_id=>1244967502}{nonce_str=>nal26osg067nx75xpfb49zvxlludelkj}{openid=>orYumuDFMlzQWRoB50pPJsAwdEA4}{out_trade_no=>LX-17081611491925201-0}{result_code=>SUCCESS}{return_code=>SUCCESS}{sign=>EC570E5B0133E85F10DFDB1B230C5EF0}{time_end=>20170816124553}{total_fee=>1156000}{trade_type=>NATIVE}{transaction_id=>4001352001201708166520522448}]
[2017-08-16 12:45:53][info] k:appid=>wxefc029d4373dcac0
[2017-08-16 12:45:53][info] k:bank_type=>GYCB_DEBIT
[2017-08-16 12:45:53][info] k:cash_fee=>1156000
[2017-08-16 12:45:53][info] k:fee_type=>CNY
[2017-08-16 12:45:53][info] k:is_subscribe=>N
[2017-08-16 12:45:53][info] k:mch_id=>1244967502
[2017-08-16 12:45:53][info] k:nonce_str=>nal26osg067nx75xpfb49zvxlludelkj
[2017-08-16 12:45:53][info] k:openid=>orYumuDFMlzQWRoB50pPJsAwdEA4
[2017-08-16 12:45:53][info] k:out_trade_no=>LX-17081611491925201-0
[2017-08-16 12:45:53][info] k:result_code=>SUCCESS
[2017-08-16 12:45:53][info] k:return_code=>SUCCESS
[2017-08-16 12:45:53][info] k:sign=>EC570E5B0133E85F10DFDB1B230C5EF0
[2017-08-16 12:45:53][info] k:time_end=>20170816124553
[2017-08-16 12:45:53][info] k:total_fee=>1156000
[2017-08-16 12:45:53][info] k:trade_type=>NATIVE
[2017-08-16 12:45:53][info] k:transaction_id=>4001352001201708166520522448
[2017-08-16 12:45:53][info] ----------------------------------------
[2017-08-16 12:45:53][info] XML_DATA222:{"appid":"wxefc029d4373dcac0","bank_type":"GYCB_DEBIT","cash_fee":"11560.00","fee_type":"CNY","is_subscribe":"N","mch_id":"1244967502","nonce_str":"nal26osg067nx75xpfb49zvxlludelkj","openid":"orYumuDFMlzQWRoB50pPJsAwdEA4","out_trade_no":"LX-17081611491925201-0","result_code":"SUCCESS","return_code":"SUCCESS","sign":"EC570E5B0133E85F10DFDB1B230C5EF0","time_end":"20170816124553","total_fee":"11560.00","trade_type":"NATIVE","transaction_id":"4001352001201708166520522448"}
[2017-08-16 12:45:54][warn] 数据存储成功，并成功返回记录编号18629！
[2017-08-16 12:46:16][info] ----------------------------------------
[2017-08-16 12:46:16][info] XML_DATA111:[{appid=>wxefc029d4373dcac0}{bank_type=>GYCB_DEBIT}{cash_fee=>1156000}{fee_type=>CNY}{is_subscribe=>N}{mch_id=>1244967502}{nonce_str=>nal26osg067nx75xpfb49zvxlludelkj}{openid=>orYumuDFMlzQWRoB50pPJsAwdEA4}{out_trade_no=>LX-17081611491925201-0}{result_code=>SUCCESS}{return_code=>SUCCESS}{sign=>EC570E5B0133E85F10DFDB1B230C5EF0}{time_end=>20170816124553}{total_fee=>1156000}{trade_type=>NATIVE}{transaction_id=>4001352001201708166520522448}]
[2017-08-16 12:46:16][info] k:appid=>wxefc029d4373dcac0
[2017-08-16 12:46:16][info] k:bank_type=>GYCB_DEBIT
[2017-08-16 12:46:16][info] k:cash_fee=>1156000
[2017-08-16 12:46:16][info] k:fee_type=>CNY
[2017-08-16 12:46:16][info] k:is_subscribe=>N
[2017-08-16 12:46:16][info] k:mch_id=>1244967502
[2017-08-16 12:46:16][info] k:nonce_str=>nal26osg067nx75xpfb49zvxlludelkj
[2017-08-16 12:46:16][info] k:openid=>orYumuDFMlzQWRoB50pPJsAwdEA4
[2017-08-16 12:46:16][info] k:out_trade_no=>LX-17081611491925201-0
[2017-08-16 12:46:16][info] k:result_code=>SUCCESS
[2017-08-16 12:46:16][info] k:return_code=>SUCCESS
[2017-08-16 12:46:16][info] k:sign=>EC570E5B0133E85F10DFDB1B230C5EF0
[2017-08-16 12:46:16][info] k:time_end=>20170816124553
[2017-08-16 12:46:16][info] k:total_fee=>1156000
[2017-08-16 12:46:16][info] k:trade_type=>NATIVE
[2017-08-16 12:46:16][info] k:transaction_id=>4001352001201708166520522448
[2017-08-16 12:46:16][info] ----------------------------------------
[2017-08-16 12:46:16][info] XML_DATA222:{"appid":"wxefc029d4373dcac0","bank_type":"GYCB_DEBIT","cash_fee":"11560.00","fee_type":"CNY","is_subscribe":"N","mch_id":"1244967502","nonce_str":"nal26osg067nx75xpfb49zvxlludelkj","openid":"orYumuDFMlzQWRoB50pPJsAwdEA4","out_trade_no":"LX-17081611491925201-0","result_code":"SUCCESS","return_code":"SUCCESS","sign":"EC570E5B0133E85F10DFDB1B230C5EF0","time_end":"20170816124553","total_fee":"11560.00","trade_type":"NATIVE","transaction_id":"4001352001201708166520522448"}
[2017-08-16 12:46:16][info] 收到重复信息，并处理反馈成功！
[2017-08-16 12:46:16][info] success
[2017-08-16 12:46:16][info] 写入结束!!!
[2017-08-16 15:59:35][info] ----------------------------------------
[2017-08-16 15:59:35][info] XML_DATA111:[{appid=>wxefc029d4373dcac0}{bank_type=>ABC_DEBIT}{cash_fee=>19900}{fee_type=>CNY}{is_subscribe=>N}{mch_id=>1244967502}{nonce_str=>ib8xoyin3m9qs5w1zpyao8h34usw709u}{openid=>orYumuGuWrzjrQqgfsnh9jwZG_2Q}{out_trade_no=>LX-17081518094362101-a}{result_code=>SUCCESS}{return_code=>SUCCESS}{sign=>EA59D6C44C37779D7E0FB03FB80D4019}{time_end=>20170816155934}{total_fee=>19900}{trade_type=>NATIVE}{transaction_id=>4007532001201708166545781010}]
[2017-08-16 15:59:35][info] k:appid=>wxefc029d4373dcac0
[2017-08-16 15:59:35][info] k:bank_type=>ABC_DEBIT
[2017-08-16 15:59:35][info] k:cash_fee=>19900
[2017-08-16 15:59:35][info] k:fee_type=>CNY
[2017-08-16 15:59:35][info] k:is_subscribe=>N
[2017-08-16 15:59:35][info] k:mch_id=>1244967502
[2017-08-16 15:59:35][info] k:nonce_str=>ib8xoyin3m9qs5w1zpyao8h34usw709u
[2017-08-16 15:59:35][info] k:openid=>orYumuGuWrzjrQqgfsnh9jwZG_2Q
[2017-08-16 15:59:35][info] k:out_trade_no=>LX-17081518094362101-a
[2017-08-16 15:59:35][info] k:result_code=>SUCCESS
[2017-08-16 15:59:35][info] k:return_code=>SUCCESS
[2017-08-16 15:59:35][info] k:sign=>EA59D6C44C37779D7E0FB03FB80D4019
[2017-08-16 15:59:35][info] k:time_end=>20170816155934
[2017-08-16 15:59:35][info] k:total_fee=>19900
[2017-08-16 15:59:35][info] k:trade_type=>NATIVE
[2017-08-16 15:59:35][info] k:transaction_id=>4007532001201708166545781010
[2017-08-16 15:59:35][info] ----------------------------------------
[2017-08-16 15:59:35][info] XML_DATA222:{"appid":"wxefc029d4373dcac0","bank_type":"ABC_DEBIT","cash_fee":"199.00","fee_type":"CNY","is_subscribe":"N","mch_id":"1244967502","nonce_str":"ib8xoyin3m9qs5w1zpyao8h34usw709u","openid":"orYumuGuWrzjrQqgfsnh9jwZG_2Q","out_trade_no":"LX-17081518094362101-a","result_code":"SUCCESS","return_code":"SUCCESS","sign":"EA59D6C44C37779D7E0FB03FB80D4019","time_end":"20170816155934","total_fee":"199.00","trade_type":"NATIVE","transaction_id":"4007532001201708166545781010"}
[2017-08-16 15:59:35][warn] 数据存储成功，并成功返回记录编号18633！
[2017-08-16 15:59:44][info] ----------------------------------------
[2017-08-16 15:59:44][info] XML_DATA111:[{appid=>wxefc029d4373dcac0}{bank_type=>ABC_DEBIT}{cash_fee=>19900}{fee_type=>CNY}{is_subscribe=>N}{mch_id=>1244967502}{nonce_str=>ib8xoyin3m9qs5w1zpyao8h34usw709u}{openid=>orYumuGuWrzjrQqgfsnh9jwZG_2Q}{out_trade_no=>LX-17081518094362101-a}{result_code=>SUCCESS}{return_code=>SUCCESS}{sign=>EA59D6C44C37779D7E0FB03FB80D4019}{time_end=>20170816155934}{total_fee=>19900}{trade_type=>NATIVE}{transaction_id=>4007532001201708166545781010}]
[2017-08-16 15:59:44][info] k:appid=>wxefc029d4373dcac0
[2017-08-16 15:59:44][info] k:bank_type=>ABC_DEBIT
[2017-08-16 15:59:44][info] k:cash_fee=>19900
[2017-08-16 15:59:44][info] k:fee_type=>CNY
[2017-08-16 15:59:44][info] k:is_subscribe=>N
[2017-08-16 15:59:44][info] k:mch_id=>1244967502
[2017-08-16 15:59:44][info] k:nonce_str=>ib8xoyin3m9qs5w1zpyao8h34usw709u
[2017-08-16 15:59:44][info] k:openid=>orYumuGuWrzjrQqgfsnh9jwZG_2Q
[2017-08-16 15:59:44][info] k:out_trade_no=>LX-17081518094362101-a
[2017-08-16 15:59:44][info] k:result_code=>SUCCESS
[2017-08-16 15:59:44][info] k:return_code=>SUCCESS
[2017-08-16 15:59:44][info] k:sign=>EA59D6C44C37779D7E0FB03FB80D4019
[2017-08-16 15:59:44][info] k:time_end=>20170816155934
[2017-08-16 15:59:44][info] k:total_fee=>19900
[2017-08-16 15:59:44][info] k:trade_type=>NATIVE
[2017-08-16 15:59:44][info] k:transaction_id=>4007532001201708166545781010
[2017-08-16 15:59:44][info] ----------------------------------------
[2017-08-16 15:59:44][info] XML_DATA222:{"appid":"wxefc029d4373dcac0","bank_type":"ABC_DEBIT","cash_fee":"199.00","fee_type":"CNY","is_subscribe":"N","mch_id":"1244967502","nonce_str":"ib8xoyin3m9qs5w1zpyao8h34usw709u","openid":"orYumuGuWrzjrQqgfsnh9jwZG_2Q","out_trade_no":"LX-17081518094362101-a","result_code":"SUCCESS","return_code":"SUCCESS","sign":"EA59D6C44C37779D7E0FB03FB80D4019","time_end":"20170816155934","total_fee":"199.00","trade_type":"NATIVE","transaction_id":"4007532001201708166545781010"}
[2017-08-16 15:59:45][info] 收到重复信息，并处理反馈成功！
[2017-08-16 15:59:45][info] success
[2017-08-16 15:59:45][info] 写入结束!!!
[2017-08-16 16:01:00][info] ----------------------------------------
[2017-08-16 16:01:00][info] XML_DATA111:[{appid=>wxefc029d4373dcac0}{bank_type=>CCB_CREDIT}{cash_fee=>596979}{coupon_count=>1}{coupon_fee=>21}{coupon_fee_0=>21}{coupon_id_0=>2000000001406375112}{fee_type=>CNY}{is_subscribe=>Y}{mch_id=>1244967502}{nonce_str=>kjm09k6c9pw5otrsby64zr5xpet7tho6}{openid=>orYumuHyDJ6QjDXraZtc1Y32v-Ac}{out_trade_no=>LX-17070609294442101-b}{result_code=>SUCCESS}{return_code=>SUCCESS}{sign=>BBF8654D831986B3E46BEB3BD8600BC4}{time_end=>20170816160059}{total_fee=>597000}{trade_type=>NATIVE}{transaction_id=>4001262001201708166546477481}]
[2017-08-16 16:01:00][info] k:appid=>wxefc029d4373dcac0
[2017-08-16 16:01:00][info] k:bank_type=>CCB_CREDIT
[2017-08-16 16:01:00][info] k:cash_fee=>596979
[2017-08-16 16:01:00][info] k:coupon_count=>1
[2017-08-16 16:01:00][info] k:coupon_fee=>21
[2017-08-16 16:01:00][info] k:coupon_fee_0=>21
[2017-08-16 16:01:00][info] k:coupon_id_0=>2000000001406375112
[2017-08-16 16:01:00][info] k:fee_type=>CNY
[2017-08-16 16:01:00][info] k:is_subscribe=>Y
[2017-08-16 16:01:00][info] k:mch_id=>1244967502
[2017-08-16 16:01:00][info] k:nonce_str=>kjm09k6c9pw5otrsby64zr5xpet7tho6
[2017-08-16 16:01:00][info] k:openid=>orYumuHyDJ6QjDXraZtc1Y32v-Ac
[2017-08-16 16:01:00][info] k:out_trade_no=>LX-17070609294442101-b
[2017-08-16 16:01:00][info] k:result_code=>SUCCESS
[2017-08-16 16:01:00][info] k:return_code=>SUCCESS
[2017-08-16 16:01:00][info] k:sign=>BBF8654D831986B3E46BEB3BD8600BC4
[2017-08-16 16:01:00][info] k:time_end=>20170816160059
[2017-08-16 16:01:00][info] k:total_fee=>597000
[2017-08-16 16:01:00][info] k:trade_type=>NATIVE
[2017-08-16 16:01:00][info] k:transaction_id=>4001262001201708166546477481
[2017-08-16 16:01:00][info] ----------------------------------------
[2017-08-16 16:01:00][info] XML_DATA222:{"appid":"wxefc029d4373dcac0","bank_type":"CCB_CREDIT","cash_fee":"5969.79","coupon_count":"1","coupon_fee":"21","coupon_fee_0":"21","coupon_id_0":"2000000001406375112","fee_type":"CNY","is_subscribe":"Y","mch_id":"1244967502","nonce_str":"kjm09k6c9pw5otrsby64zr5xpet7tho6","openid":"orYumuHyDJ6QjDXraZtc1Y32v-Ac","out_trade_no":"LX-17070609294442101-b","result_code":"SUCCESS","return_code":"SUCCESS","sign":"BBF8654D831986B3E46BEB3BD8600BC4","time_end":"20170816160059","total_fee":"5970.00","trade_type":"NATIVE","transaction_id":"4001262001201708166546477481"}
[2017-08-16 16:01:00][warn] 数据存储成功，并成功返回记录编号18634！
[2017-08-16 16:01:15][info] ----------------------------------------
[2017-08-16 16:01:15][info] XML_DATA111:[{appid=>wxefc029d4373dcac0}{bank_type=>CCB_CREDIT}{cash_fee=>596979}{coupon_count=>1}{coupon_fee=>21}{coupon_fee_0=>21}{coupon_id_0=>2000000001406375112}{fee_type=>CNY}{is_subscribe=>Y}{mch_id=>1244967502}{nonce_str=>kjm09k6c9pw5otrsby64zr5xpet7tho6}{openid=>orYumuHyDJ6QjDXraZtc1Y32v-Ac}{out_trade_no=>LX-17070609294442101-b}{result_code=>SUCCESS}{return_code=>SUCCESS}{sign=>BBF8654D831986B3E46BEB3BD8600BC4}{time_end=>20170816160059}{total_fee=>597000}{trade_type=>NATIVE}{transaction_id=>4001262001201708166546477481}]
[2017-08-16 16:01:15][info] k:appid=>wxefc029d4373dcac0
[2017-08-16 16:01:15][info] k:bank_type=>CCB_CREDIT
[2017-08-16 16:01:15][info] k:cash_fee=>596979
[2017-08-16 16:01:15][info] k:coupon_count=>1
[2017-08-16 16:01:15][info] k:coupon_fee=>21
[2017-08-16 16:01:15][info] k:coupon_fee_0=>21
[2017-08-16 16:01:15][info] k:coupon_id_0=>2000000001406375112
[2017-08-16 16:01:15][info] k:fee_type=>CNY
[2017-08-16 16:01:15][info] k:is_subscribe=>Y
[2017-08-16 16:01:15][info] k:mch_id=>1244967502
[2017-08-16 16:01:15][info] k:nonce_str=>kjm09k6c9pw5otrsby64zr5xpet7tho6
[2017-08-16 16:01:15][info] k:openid=>orYumuHyDJ6QjDXraZtc1Y32v-Ac
[2017-08-16 16:01:15][info] k:out_trade_no=>LX-17070609294442101-b
[2017-08-16 16:01:15][info] k:result_code=>SUCCESS
[2017-08-16 16:01:15][info] k:return_code=>SUCCESS
[2017-08-16 16:01:15][info] k:sign=>BBF8654D831986B3E46BEB3BD8600BC4
[2017-08-16 16:01:15][info] k:time_end=>20170816160059
[2017-08-16 16:01:15][info] k:total_fee=>597000
[2017-08-16 16:01:15][info] k:trade_type=>NATIVE
[2017-08-16 16:01:15][info] k:transaction_id=>4001262001201708166546477481
[2017-08-16 16:01:15][info] ----------------------------------------
[2017-08-16 16:01:15][info] XML_DATA222:{"appid":"wxefc029d4373dcac0","bank_type":"CCB_CREDIT","cash_fee":"5969.79","coupon_count":"1","coupon_fee":"21","coupon_fee_0":"21","coupon_id_0":"2000000001406375112","fee_type":"CNY","is_subscribe":"Y","mch_id":"1244967502","nonce_str":"kjm09k6c9pw5otrsby64zr5xpet7tho6","openid":"orYumuHyDJ6QjDXraZtc1Y32v-Ac","out_trade_no":"LX-17070609294442101-b","result_code":"SUCCESS","return_code":"SUCCESS","sign":"BBF8654D831986B3E46BEB3BD8600BC4","time_end":"20170816160059","total_fee":"5970.00","trade_type":"NATIVE","transaction_id":"4001262001201708166546477481"}
[2017-08-16 16:01:15][info] 收到重复信息，并处理反馈成功！
[2017-08-16 16:01:15][info] success
[2017-08-16 16:01:15][info] 写入结束!!!
