[2017-08-14 10:11:41][info] ----------------------------------------
[2017-08-14 10:11:41][info] XML_DATA111:[{appid=>wxefc029d4373dcac0}{bank_type=>CCB_DEBIT}{cash_fee=>736000}{fee_type=>CNY}{is_subscribe=>Y}{mch_id=>1244967502}{nonce_str=>ff1rji2jt4n9iyic3nk3ubdfhwz9q2a9}{openid=>orYumuFIuegA2paLAcp2jx_KjvnU}{out_trade_no=>LX-1708132126573301-6}{result_code=>SUCCESS}{return_code=>SUCCESS}{sign=>7396623C8A3E8C11B72227B18087C201}{time_end=>20170814101140}{total_fee=>736000}{trade_type=>NATIVE}{transaction_id=>4005412001201708146135723995}]
[2017-08-14 10:11:41][info] k:appid=>wxefc029d4373dcac0
[2017-08-14 10:11:41][info] k:bank_type=>CCB_DEBIT
[2017-08-14 10:11:41][info] k:cash_fee=>736000
[2017-08-14 10:11:41][info] k:fee_type=>CNY
[2017-08-14 10:11:41][info] k:is_subscribe=>Y
[2017-08-14 10:11:41][info] k:mch_id=>1244967502
[2017-08-14 10:11:41][info] k:nonce_str=>ff1rji2jt4n9iyic3nk3ubdfhwz9q2a9
[2017-08-14 10:11:41][info] k:openid=>orYumuFIuegA2paLAcp2jx_KjvnU
[2017-08-14 10:11:41][info] k:out_trade_no=>LX-1708132126573301-6
[2017-08-14 10:11:41][info] k:result_code=>SUCCESS
[2017-08-14 10:11:41][info] k:return_code=>SUCCESS
[2017-08-14 10:11:41][info] k:sign=>7396623C8A3E8C11B72227B18087C201
[2017-08-14 10:11:41][info] k:time_end=>20170814101140
[2017-08-14 10:11:41][info] k:total_fee=>736000
[2017-08-14 10:11:41][info] k:trade_type=>NATIVE
[2017-08-14 10:11:41][info] k:transaction_id=>4005412001201708146135723995
[2017-08-14 10:11:41][info] ----------------------------------------
[2017-08-14 10:11:41][info] XML_DATA222:{"appid":"wxefc029d4373dcac0","bank_type":"CCB_DEBIT","cash_fee":"7360.00","fee_type":"CNY","is_subscribe":"Y","mch_id":"1244967502","nonce_str":"ff1rji2jt4n9iyic3nk3ubdfhwz9q2a9","openid":"orYumuFIuegA2paLAcp2jx_KjvnU","out_trade_no":"LX-1708132126573301-6","result_code":"SUCCESS","return_code":"SUCCESS","sign":"7396623C8A3E8C11B72227B18087C201","time_end":"20170814101140","total_fee":"7360.00","trade_type":"NATIVE","transaction_id":"4005412001201708146135723995"}
[2017-08-14 10:11:41][warn] 数据存储成功，并成功返回记录编号18595！
[2017-08-14 10:11:57][info] ----------------------------------------
[2017-08-14 10:11:57][info] XML_DATA111:[{appid=>wxefc029d4373dcac0}{bank_type=>CCB_DEBIT}{cash_fee=>736000}{fee_type=>CNY}{is_subscribe=>Y}{mch_id=>1244967502}{nonce_str=>ff1rji2jt4n9iyic3nk3ubdfhwz9q2a9}{openid=>orYumuFIuegA2paLAcp2jx_KjvnU}{out_trade_no=>LX-1708132126573301-6}{result_code=>SUCCESS}{return_code=>SUCCESS}{sign=>7396623C8A3E8C11B72227B18087C201}{time_end=>20170814101140}{total_fee=>736000}{trade_type=>NATIVE}{transaction_id=>4005412001201708146135723995}]
[2017-08-14 10:11:57][info] k:appid=>wxefc029d4373dcac0
[2017-08-14 10:11:57][info] k:bank_type=>CCB_DEBIT
[2017-08-14 10:11:57][info] k:cash_fee=>736000
[2017-08-14 10:11:57][info] k:fee_type=>CNY
[2017-08-14 10:11:57][info] k:is_subscribe=>Y
[2017-08-14 10:11:57][info] k:mch_id=>1244967502
[2017-08-14 10:11:57][info] k:nonce_str=>ff1rji2jt4n9iyic3nk3ubdfhwz9q2a9
[2017-08-14 10:11:57][info] k:openid=>orYumuFIuegA2paLAcp2jx_KjvnU
[2017-08-14 10:11:57][info] k:out_trade_no=>LX-1708132126573301-6
[2017-08-14 10:11:57][info] k:result_code=>SUCCESS
[2017-08-14 10:11:57][info] k:return_code=>SUCCESS
[2017-08-14 10:11:57][info] k:sign=>7396623C8A3E8C11B72227B18087C201
[2017-08-14 10:11:57][info] k:time_end=>20170814101140
[2017-08-14 10:11:57][info] k:total_fee=>736000
[2017-08-14 10:11:57][info] k:trade_type=>NATIVE
[2017-08-14 10:11:57][info] k:transaction_id=>4005412001201708146135723995
[2017-08-14 10:11:57][info] ----------------------------------------
[2017-08-14 10:11:57][info] XML_DATA222:{"appid":"wxefc029d4373dcac0","bank_type":"CCB_DEBIT","cash_fee":"7360.00","fee_type":"CNY","is_subscribe":"Y","mch_id":"1244967502","nonce_str":"ff1rji2jt4n9iyic3nk3ubdfhwz9q2a9","openid":"orYumuFIuegA2paLAcp2jx_KjvnU","out_trade_no":"LX-1708132126573301-6","result_code":"SUCCESS","return_code":"SUCCESS","sign":"7396623C8A3E8C11B72227B18087C201","time_end":"20170814101140","total_fee":"7360.00","trade_type":"NATIVE","transaction_id":"4005412001201708146135723995"}
[2017-08-14 10:11:57][info] 收到重复信息，并处理反馈成功！
[2017-08-14 10:11:57][info] success
[2017-08-14 10:11:57][info] 写入结束!!!
[2017-08-14 10:26:19][info] ----------------------------------------
[2017-08-14 10:26:19][info] XML_DATA111:[{appid=>wxefc029d4373dcac0}{bank_type=>CCB_DEBIT}{cash_fee=>378000}{fee_type=>CNY}{is_subscribe=>N}{mch_id=>1244967502}{nonce_str=>o4mflksbnwylnd6j4gqopj7fm47uv8wj}{openid=>orYumuHzGUuuyCIWKzR5XdLtAqBQ}{out_trade_no=>LX-17081410061429401-a}{result_code=>SUCCESS}{return_code=>SUCCESS}{sign=>DA9CF61C08208A4E373D5F02A72290D7}{time_end=>20170814102618}{total_fee=>378000}{trade_type=>NATIVE}{transaction_id=>4009832001201708146141042427}]
[2017-08-14 10:26:19][info] k:appid=>wxefc029d4373dcac0
[2017-08-14 10:26:19][info] k:bank_type=>CCB_DEBIT
[2017-08-14 10:26:19][info] k:cash_fee=>378000
[2017-08-14 10:26:19][info] k:fee_type=>CNY
[2017-08-14 10:26:19][info] k:is_subscribe=>N
[2017-08-14 10:26:19][info] k:mch_id=>1244967502
[2017-08-14 10:26:19][info] k:nonce_str=>o4mflksbnwylnd6j4gqopj7fm47uv8wj
[2017-08-14 10:26:19][info] k:openid=>orYumuHzGUuuyCIWKzR5XdLtAqBQ
[2017-08-14 10:26:19][info] k:out_trade_no=>LX-17081410061429401-a
[2017-08-14 10:26:19][info] k:result_code=>SUCCESS
[2017-08-14 10:26:19][info] k:return_code=>SUCCESS
[2017-08-14 10:26:19][info] k:sign=>DA9CF61C08208A4E373D5F02A72290D7
[2017-08-14 10:26:19][info] k:time_end=>20170814102618
[2017-08-14 10:26:19][info] k:total_fee=>378000
[2017-08-14 10:26:19][info] k:trade_type=>NATIVE
[2017-08-14 10:26:19][info] k:transaction_id=>4009832001201708146141042427
[2017-08-14 10:26:19][info] ----------------------------------------
[2017-08-14 10:26:19][info] XML_DATA222:{"appid":"wxefc029d4373dcac0","bank_type":"CCB_DEBIT","cash_fee":"3780.00","fee_type":"CNY","is_subscribe":"N","mch_id":"1244967502","nonce_str":"o4mflksbnwylnd6j4gqopj7fm47uv8wj","openid":"orYumuHzGUuuyCIWKzR5XdLtAqBQ","out_trade_no":"LX-17081410061429401-a","result_code":"SUCCESS","return_code":"SUCCESS","sign":"DA9CF61C08208A4E373D5F02A72290D7","time_end":"20170814102618","total_fee":"3780.00","trade_type":"NATIVE","transaction_id":"4009832001201708146141042427"}
[2017-08-14 10:26:19][warn] 数据存储成功，并成功返回记录编号18596！
[2017-08-14 10:26:29][info] ----------------------------------------
[2017-08-14 10:26:29][info] XML_DATA111:[{appid=>wxefc029d4373dcac0}{bank_type=>CCB_DEBIT}{cash_fee=>378000}{fee_type=>CNY}{is_subscribe=>N}{mch_id=>1244967502}{nonce_str=>o4mflksbnwylnd6j4gqopj7fm47uv8wj}{openid=>orYumuHzGUuuyCIWKzR5XdLtAqBQ}{out_trade_no=>LX-17081410061429401-a}{result_code=>SUCCESS}{return_code=>SUCCESS}{sign=>DA9CF61C08208A4E373D5F02A72290D7}{time_end=>20170814102618}{total_fee=>378000}{trade_type=>NATIVE}{transaction_id=>4009832001201708146141042427}]
[2017-08-14 10:26:29][info] k:appid=>wxefc029d4373dcac0
[2017-08-14 10:26:29][info] k:bank_type=>CCB_DEBIT
[2017-08-14 10:26:29][info] k:cash_fee=>378000
[2017-08-14 10:26:29][info] k:fee_type=>CNY
[2017-08-14 10:26:29][info] k:is_subscribe=>N
[2017-08-14 10:26:29][info] k:mch_id=>1244967502
[2017-08-14 10:26:29][info] k:nonce_str=>o4mflksbnwylnd6j4gqopj7fm47uv8wj
[2017-08-14 10:26:29][info] k:openid=>orYumuHzGUuuyCIWKzR5XdLtAqBQ
[2017-08-14 10:26:29][info] k:out_trade_no=>LX-17081410061429401-a
[2017-08-14 10:26:29][info] k:result_code=>SUCCESS
[2017-08-14 10:26:29][info] k:return_code=>SUCCESS
[2017-08-14 10:26:29][info] k:sign=>DA9CF61C08208A4E373D5F02A72290D7
[2017-08-14 10:26:29][info] k:time_end=>20170814102618
[2017-08-14 10:26:29][info] k:total_fee=>378000
[2017-08-14 10:26:29][info] k:trade_type=>NATIVE
[2017-08-14 10:26:29][info] k:transaction_id=>4009832001201708146141042427
[2017-08-14 10:26:29][info] ----------------------------------------
[2017-08-14 10:26:29][info] XML_DATA222:{"appid":"wxefc029d4373dcac0","bank_type":"CCB_DEBIT","cash_fee":"3780.00","fee_type":"CNY","is_subscribe":"N","mch_id":"1244967502","nonce_str":"o4mflksbnwylnd6j4gqopj7fm47uv8wj","openid":"orYumuHzGUuuyCIWKzR5XdLtAqBQ","out_trade_no":"LX-17081410061429401-a","result_code":"SUCCESS","return_code":"SUCCESS","sign":"DA9CF61C08208A4E373D5F02A72290D7","time_end":"20170814102618","total_fee":"3780.00","trade_type":"NATIVE","transaction_id":"4009832001201708146141042427"}
[2017-08-14 10:26:29][info] 收到重复信息，并处理反馈成功！
[2017-08-14 10:26:29][info] success
[2017-08-14 10:26:29][info] 写入结束!!!
[2017-08-14 17:20:10][info] ----------------------------------------
[2017-08-14 17:20:10][info] XML_DATA111:[{appid=>wxefc029d4373dcac0}{bank_type=>ICBC_CREDIT}{cash_fee=>745600}{fee_type=>CNY}{is_subscribe=>Y}{mch_id=>1244967502}{nonce_str=>jjt14v2swwjdayoypl2ll0640ahmjq8f}{openid=>orYumuDRiyg9_GYP-Tv2OIEIhhB4}{out_trade_no=>LX-17080914271175006-f}{result_code=>SUCCESS}{return_code=>SUCCESS}{sign=>1656371AD6DF9C87E89E6F4B94062DD9}{time_end=>20170814172010}{total_fee=>745600}{trade_type=>NATIVE}{transaction_id=>4004752001201708146205061081}]
[2017-08-14 17:20:10][info] k:appid=>wxefc029d4373dcac0
[2017-08-14 17:20:10][info] k:bank_type=>ICBC_CREDIT
[2017-08-14 17:20:10][info] k:cash_fee=>745600
[2017-08-14 17:20:10][info] k:fee_type=>CNY
[2017-08-14 17:20:10][info] k:is_subscribe=>Y
[2017-08-14 17:20:10][info] k:mch_id=>1244967502
[2017-08-14 17:20:10][info] k:nonce_str=>jjt14v2swwjdayoypl2ll0640ahmjq8f
[2017-08-14 17:20:10][info] k:openid=>orYumuDRiyg9_GYP-Tv2OIEIhhB4
[2017-08-14 17:20:10][info] k:out_trade_no=>LX-17080914271175006-f
[2017-08-14 17:20:10][info] k:result_code=>SUCCESS
[2017-08-14 17:20:10][info] k:return_code=>SUCCESS
[2017-08-14 17:20:10][info] k:sign=>1656371AD6DF9C87E89E6F4B94062DD9
[2017-08-14 17:20:10][info] k:time_end=>20170814172010
[2017-08-14 17:20:10][info] k:total_fee=>745600
[2017-08-14 17:20:10][info] k:trade_type=>NATIVE
[2017-08-14 17:20:10][info] k:transaction_id=>4004752001201708146205061081
[2017-08-14 17:20:10][info] ----------------------------------------
[2017-08-14 17:20:10][info] XML_DATA222:{"appid":"wxefc029d4373dcac0","bank_type":"ICBC_CREDIT","cash_fee":"7456.00","fee_type":"CNY","is_subscribe":"Y","mch_id":"1244967502","nonce_str":"jjt14v2swwjdayoypl2ll0640ahmjq8f","openid":"orYumuDRiyg9_GYP-Tv2OIEIhhB4","out_trade_no":"LX-17080914271175006-f","result_code":"SUCCESS","return_code":"SUCCESS","sign":"1656371AD6DF9C87E89E6F4B94062DD9","time_end":"20170814172010","total_fee":"7456.00","trade_type":"NATIVE","transaction_id":"4004752001201708146205061081"}
[2017-08-14 17:20:11][warn] 数据存储成功，并成功返回记录编号18601！
[2017-08-14 17:20:27][info] ----------------------------------------
[2017-08-14 17:20:27][info] XML_DATA111:[{appid=>wxefc029d4373dcac0}{bank_type=>ICBC_CREDIT}{cash_fee=>745600}{fee_type=>CNY}{is_subscribe=>Y}{mch_id=>1244967502}{nonce_str=>jjt14v2swwjdayoypl2ll0640ahmjq8f}{openid=>orYumuDRiyg9_GYP-Tv2OIEIhhB4}{out_trade_no=>LX-17080914271175006-f}{result_code=>SUCCESS}{return_code=>SUCCESS}{sign=>1656371AD6DF9C87E89E6F4B94062DD9}{time_end=>20170814172010}{total_fee=>745600}{trade_type=>NATIVE}{transaction_id=>4004752001201708146205061081}]
[2017-08-14 17:20:27][info] k:appid=>wxefc029d4373dcac0
[2017-08-14 17:20:27][info] k:bank_type=>ICBC_CREDIT
[2017-08-14 17:20:27][info] k:cash_fee=>745600
[2017-08-14 17:20:27][info] k:fee_type=>CNY
[2017-08-14 17:20:27][info] k:is_subscribe=>Y
[2017-08-14 17:20:27][info] k:mch_id=>1244967502
[2017-08-14 17:20:27][info] k:nonce_str=>jjt14v2swwjdayoypl2ll0640ahmjq8f
[2017-08-14 17:20:27][info] k:openid=>orYumuDRiyg9_GYP-Tv2OIEIhhB4
[2017-08-14 17:20:27][info] k:out_trade_no=>LX-17080914271175006-f
[2017-08-14 17:20:27][info] k:result_code=>SUCCESS
[2017-08-14 17:20:27][info] k:return_code=>SUCCESS
[2017-08-14 17:20:27][info] k:sign=>1656371AD6DF9C87E89E6F4B94062DD9
[2017-08-14 17:20:27][info] k:time_end=>20170814172010
[2017-08-14 17:20:27][info] k:total_fee=>745600
[2017-08-14 17:20:27][info] k:trade_type=>NATIVE
[2017-08-14 17:20:27][info] k:transaction_id=>4004752001201708146205061081
[2017-08-14 17:20:27][info] ----------------------------------------
[2017-08-14 17:20:27][info] XML_DATA222:{"appid":"wxefc029d4373dcac0","bank_type":"ICBC_CREDIT","cash_fee":"7456.00","fee_type":"CNY","is_subscribe":"Y","mch_id":"1244967502","nonce_str":"jjt14v2swwjdayoypl2ll0640ahmjq8f","openid":"orYumuDRiyg9_GYP-Tv2OIEIhhB4","out_trade_no":"LX-17080914271175006-f","result_code":"SUCCESS","return_code":"SUCCESS","sign":"1656371AD6DF9C87E89E6F4B94062DD9","time_end":"20170814172010","total_fee":"7456.00","trade_type":"NATIVE","transaction_id":"4004752001201708146205061081"}
[2017-08-14 17:20:28][info] 收到重复信息，并处理反馈成功！
[2017-08-14 17:20:28][info] success
[2017-08-14 17:20:28][info] 写入结束!!!
[2017-08-14 20:23:33][info] ----------------------------------------
[2017-08-14 20:23:33][info] XML_DATA111:[{appid=>wxefc029d4373dcac0}{bank_type=>CFT}{cash_fee=>608000}{fee_type=>CNY}{is_subscribe=>N}{mch_id=>1244967502}{nonce_str=>bgyiw1ybbnu761473cwdvt99z6xot6am}{openid=>orYumuH6K3dJBxUNc_9RGkoYWDn4}{out_trade_no=>LX-17081419503284301-1}{result_code=>SUCCESS}{return_code=>SUCCESS}{sign=>9079B661912AE8E59A04D03C04D2B160}{time_end=>20170814202333}{total_fee=>608000}{trade_type=>NATIVE}{transaction_id=>4005122001201708146238725754}]
[2017-08-14 20:23:33][info] k:appid=>wxefc029d4373dcac0
[2017-08-14 20:23:33][info] k:bank_type=>CFT
[2017-08-14 20:23:33][info] k:cash_fee=>608000
[2017-08-14 20:23:33][info] k:fee_type=>CNY
[2017-08-14 20:23:33][info] k:is_subscribe=>N
[2017-08-14 20:23:33][info] k:mch_id=>1244967502
[2017-08-14 20:23:33][info] k:nonce_str=>bgyiw1ybbnu761473cwdvt99z6xot6am
[2017-08-14 20:23:33][info] k:openid=>orYumuH6K3dJBxUNc_9RGkoYWDn4
[2017-08-14 20:23:33][info] k:out_trade_no=>LX-17081419503284301-1
[2017-08-14 20:23:33][info] k:result_code=>SUCCESS
[2017-08-14 20:23:33][info] k:return_code=>SUCCESS
[2017-08-14 20:23:33][info] k:sign=>9079B661912AE8E59A04D03C04D2B160
[2017-08-14 20:23:33][info] k:time_end=>20170814202333
[2017-08-14 20:23:33][info] k:total_fee=>608000
[2017-08-14 20:23:33][info] k:trade_type=>NATIVE
[2017-08-14 20:23:33][info] k:transaction_id=>4005122001201708146238725754
[2017-08-14 20:23:33][info] ----------------------------------------
[2017-08-14 20:23:33][info] XML_DATA222:{"appid":"wxefc029d4373dcac0","bank_type":"CFT","cash_fee":"6080.00","fee_type":"CNY","is_subscribe":"N","mch_id":"1244967502","nonce_str":"bgyiw1ybbnu761473cwdvt99z6xot6am","openid":"orYumuH6K3dJBxUNc_9RGkoYWDn4","out_trade_no":"LX-17081419503284301-1","result_code":"SUCCESS","return_code":"SUCCESS","sign":"9079B661912AE8E59A04D03C04D2B160","time_end":"20170814202333","total_fee":"6080.00","trade_type":"NATIVE","transaction_id":"4005122001201708146238725754"}
[2017-08-14 20:23:34][warn] 数据存储成功，并成功返回记录编号18606！
[2017-08-14 20:23:44][info] ----------------------------------------
[2017-08-14 20:23:44][info] XML_DATA111:[{appid=>wxefc029d4373dcac0}{bank_type=>CFT}{cash_fee=>608000}{fee_type=>CNY}{is_subscribe=>N}{mch_id=>1244967502}{nonce_str=>bgyiw1ybbnu761473cwdvt99z6xot6am}{openid=>orYumuH6K3dJBxUNc_9RGkoYWDn4}{out_trade_no=>LX-17081419503284301-1}{result_code=>SUCCESS}{return_code=>SUCCESS}{sign=>9079B661912AE8E59A04D03C04D2B160}{time_end=>20170814202333}{total_fee=>608000}{trade_type=>NATIVE}{transaction_id=>4005122001201708146238725754}]
[2017-08-14 20:23:44][info] k:appid=>wxefc029d4373dcac0
[2017-08-14 20:23:44][info] k:bank_type=>CFT
[2017-08-14 20:23:44][info] k:cash_fee=>608000
[2017-08-14 20:23:44][info] k:fee_type=>CNY
[2017-08-14 20:23:44][info] k:is_subscribe=>N
[2017-08-14 20:23:44][info] k:mch_id=>1244967502
[2017-08-14 20:23:44][info] k:nonce_str=>bgyiw1ybbnu761473cwdvt99z6xot6am
[2017-08-14 20:23:44][info] k:openid=>orYumuH6K3dJBxUNc_9RGkoYWDn4
[2017-08-14 20:23:44][info] k:out_trade_no=>LX-17081419503284301-1
[2017-08-14 20:23:44][info] k:result_code=>SUCCESS
[2017-08-14 20:23:44][info] k:return_code=>SUCCESS
[2017-08-14 20:23:44][info] k:sign=>9079B661912AE8E59A04D03C04D2B160
[2017-08-14 20:23:44][info] k:time_end=>20170814202333
[2017-08-14 20:23:44][info] k:total_fee=>608000
[2017-08-14 20:23:44][info] k:trade_type=>NATIVE
[2017-08-14 20:23:44][info] k:transaction_id=>4005122001201708146238725754
[2017-08-14 20:23:44][info] ----------------------------------------
[2017-08-14 20:23:44][info] XML_DATA222:{"appid":"wxefc029d4373dcac0","bank_type":"CFT","cash_fee":"6080.00","fee_type":"CNY","is_subscribe":"N","mch_id":"1244967502","nonce_str":"bgyiw1ybbnu761473cwdvt99z6xot6am","openid":"orYumuH6K3dJBxUNc_9RGkoYWDn4","out_trade_no":"LX-17081419503284301-1","result_code":"SUCCESS","return_code":"SUCCESS","sign":"9079B661912AE8E59A04D03C04D2B160","time_end":"20170814202333","total_fee":"6080.00","trade_type":"NATIVE","transaction_id":"4005122001201708146238725754"}
[2017-08-14 20:23:44][info] 收到重复信息，并处理反馈成功！
[2017-08-14 20:23:44][info] success
[2017-08-14 20:23:44][info] 写入结束!!!
