[2017-05-11 15:49:27][info] ----------------------------------------
[2017-05-11 15:49:27][info] XML_DATA111:[{appid=>wxefc029d4373dcac0}{bank_type=>CFT}{cash_fee=>149000}{fee_type=>CNY}{is_subscribe=>N}{mch_id=>1244967502}{nonce_str=>vanu68sfdzo644qfcz1sk8puaq4zkia2}{openid=>orYumuC6zwqcaz_spkSevVCiq7j4}{out_trade_no=>LX-17051113414733106-a}{result_code=>SUCCESS}{return_code=>SUCCESS}{sign=>326E99632DFF8B83951B3AAF0BBBE389}{time_end=>20170511154925}{total_fee=>149000}{trade_type=>NATIVE}{transaction_id=>4009532001201705110422674884}]
[2017-05-11 15:49:27][info] k:appid=>wxefc029d4373dcac0
[2017-05-11 15:49:27][info] k:bank_type=>CFT
[2017-05-11 15:49:27][info] k:cash_fee=>149000
[2017-05-11 15:49:27][info] k:fee_type=>CNY
[2017-05-11 15:49:27][info] k:is_subscribe=>N
[2017-05-11 15:49:27][info] k:mch_id=>1244967502
[2017-05-11 15:49:27][info] k:nonce_str=>vanu68sfdzo644qfcz1sk8puaq4zkia2
[2017-05-11 15:49:27][info] k:openid=>orYumuC6zwqcaz_spkSevVCiq7j4
[2017-05-11 15:49:27][info] k:out_trade_no=>LX-17051113414733106-a
[2017-05-11 15:49:27][info] k:result_code=>SUCCESS
[2017-05-11 15:49:27][info] k:return_code=>SUCCESS
[2017-05-11 15:49:27][info] k:sign=>326E99632DFF8B83951B3AAF0BBBE389
[2017-05-11 15:49:27][info] k:time_end=>20170511154925
[2017-05-11 15:49:27][info] k:total_fee=>149000
[2017-05-11 15:49:27][info] k:trade_type=>NATIVE
[2017-05-11 15:49:27][info] k:transaction_id=>4009532001201705110422674884
[2017-05-11 15:49:27][info] ----------------------------------------
[2017-05-11 15:49:27][info] XML_DATA222:{"appid":"wxefc029d4373dcac0","bank_type":"CFT","cash_fee":"1490.00","fee_type":"CNY","is_subscribe":"N","mch_id":"1244967502","nonce_str":"vanu68sfdzo644qfcz1sk8puaq4zkia2","openid":"orYumuC6zwqcaz_spkSevVCiq7j4","out_trade_no":"LX-17051113414733106-a","result_code":"SUCCESS","return_code":"SUCCESS","sign":"326E99632DFF8B83951B3AAF0BBBE389","time_end":"20170511154925","total_fee":"1490.00","trade_type":"NATIVE","transaction_id":"4009532001201705110422674884"}
[2017-05-11 15:49:27][warn] 数据存储成功，并成功返回记录编号17492！
[2017-05-11 15:49:42][info] ----------------------------------------
[2017-05-11 15:49:42][info] XML_DATA111:[{appid=>wxefc029d4373dcac0}{bank_type=>CFT}{cash_fee=>149000}{fee_type=>CNY}{is_subscribe=>N}{mch_id=>1244967502}{nonce_str=>vanu68sfdzo644qfcz1sk8puaq4zkia2}{openid=>orYumuC6zwqcaz_spkSevVCiq7j4}{out_trade_no=>LX-17051113414733106-a}{result_code=>SUCCESS}{return_code=>SUCCESS}{sign=>326E99632DFF8B83951B3AAF0BBBE389}{time_end=>20170511154925}{total_fee=>149000}{trade_type=>NATIVE}{transaction_id=>4009532001201705110422674884}]
[2017-05-11 15:49:42][info] k:appid=>wxefc029d4373dcac0
[2017-05-11 15:49:42][info] k:bank_type=>CFT
[2017-05-11 15:49:42][info] k:cash_fee=>149000
[2017-05-11 15:49:42][info] k:fee_type=>CNY
[2017-05-11 15:49:42][info] k:is_subscribe=>N
[2017-05-11 15:49:42][info] k:mch_id=>1244967502
[2017-05-11 15:49:42][info] k:nonce_str=>vanu68sfdzo644qfcz1sk8puaq4zkia2
[2017-05-11 15:49:42][info] k:openid=>orYumuC6zwqcaz_spkSevVCiq7j4
[2017-05-11 15:49:42][info] k:out_trade_no=>LX-17051113414733106-a
[2017-05-11 15:49:42][info] k:result_code=>SUCCESS
[2017-05-11 15:49:42][info] k:return_code=>SUCCESS
[2017-05-11 15:49:42][info] k:sign=>326E99632DFF8B83951B3AAF0BBBE389
[2017-05-11 15:49:42][info] k:time_end=>20170511154925
[2017-05-11 15:49:42][info] k:total_fee=>149000
[2017-05-11 15:49:42][info] k:trade_type=>NATIVE
[2017-05-11 15:49:42][info] k:transaction_id=>4009532001201705110422674884
[2017-05-11 15:49:42][info] ----------------------------------------
[2017-05-11 15:49:42][info] XML_DATA222:{"appid":"wxefc029d4373dcac0","bank_type":"CFT","cash_fee":"1490.00","fee_type":"CNY","is_subscribe":"N","mch_id":"1244967502","nonce_str":"vanu68sfdzo644qfcz1sk8puaq4zkia2","openid":"orYumuC6zwqcaz_spkSevVCiq7j4","out_trade_no":"LX-17051113414733106-a","result_code":"SUCCESS","return_code":"SUCCESS","sign":"326E99632DFF8B83951B3AAF0BBBE389","time_end":"20170511154925","total_fee":"1490.00","trade_type":"NATIVE","transaction_id":"4009532001201705110422674884"}
[2017-05-11 15:49:42][info] 收到重复信息，并处理反馈成功！
[2017-05-11 15:49:42][info] success
[2017-05-11 15:49:42][info] 写入结束!!!
[2017-05-11 16:05:38][info] ----------------------------------------
[2017-05-11 16:05:38][info] XML_DATA111:[{appid=>wxefc029d4373dcac0}{bank_type=>CFT}{cash_fee=>1280000}{fee_type=>CNY}{is_subscribe=>Y}{mch_id=>1244967502}{nonce_str=>6ad96ul79q5f1k4z4oemtl486v4ncgif}{openid=>orYumuGBfbSZ6HLYVROLTKYGdUpI}{out_trade_no=>LX-17050711092610906-0}{result_code=>SUCCESS}{return_code=>SUCCESS}{sign=>F828C885E3642AE1003FE668286B9B22}{time_end=>20170511160536}{total_fee=>1280000}{trade_type=>NATIVE}{transaction_id=>4005132001201705110421806779}]
[2017-05-11 16:05:38][info] k:appid=>wxefc029d4373dcac0
[2017-05-11 16:05:38][info] k:bank_type=>CFT
[2017-05-11 16:05:38][info] k:cash_fee=>1280000
[2017-05-11 16:05:38][info] k:fee_type=>CNY
[2017-05-11 16:05:38][info] k:is_subscribe=>Y
[2017-05-11 16:05:38][info] k:mch_id=>1244967502
[2017-05-11 16:05:38][info] k:nonce_str=>6ad96ul79q5f1k4z4oemtl486v4ncgif
[2017-05-11 16:05:38][info] k:openid=>orYumuGBfbSZ6HLYVROLTKYGdUpI
[2017-05-11 16:05:38][info] k:out_trade_no=>LX-17050711092610906-0
[2017-05-11 16:05:38][info] k:result_code=>SUCCESS
[2017-05-11 16:05:38][info] k:return_code=>SUCCESS
[2017-05-11 16:05:38][info] k:sign=>F828C885E3642AE1003FE668286B9B22
[2017-05-11 16:05:38][info] k:time_end=>20170511160536
[2017-05-11 16:05:38][info] k:total_fee=>1280000
[2017-05-11 16:05:38][info] k:trade_type=>NATIVE
[2017-05-11 16:05:38][info] k:transaction_id=>4005132001201705110421806779
[2017-05-11 16:05:38][info] ----------------------------------------
[2017-05-11 16:05:38][info] XML_DATA222:{"appid":"wxefc029d4373dcac0","bank_type":"CFT","cash_fee":"12800.00","fee_type":"CNY","is_subscribe":"Y","mch_id":"1244967502","nonce_str":"6ad96ul79q5f1k4z4oemtl486v4ncgif","openid":"orYumuGBfbSZ6HLYVROLTKYGdUpI","out_trade_no":"LX-17050711092610906-0","result_code":"SUCCESS","return_code":"SUCCESS","sign":"F828C885E3642AE1003FE668286B9B22","time_end":"20170511160536","total_fee":"12800.00","trade_type":"NATIVE","transaction_id":"4005132001201705110421806779"}
[2017-05-11 16:05:39][warn] 数据存储成功，并成功返回记录编号17493！
[2017-05-11 16:05:52][info] ----------------------------------------
[2017-05-11 16:05:52][info] XML_DATA111:[{appid=>wxefc029d4373dcac0}{bank_type=>CFT}{cash_fee=>1280000}{fee_type=>CNY}{is_subscribe=>Y}{mch_id=>1244967502}{nonce_str=>6ad96ul79q5f1k4z4oemtl486v4ncgif}{openid=>orYumuGBfbSZ6HLYVROLTKYGdUpI}{out_trade_no=>LX-17050711092610906-0}{result_code=>SUCCESS}{return_code=>SUCCESS}{sign=>F828C885E3642AE1003FE668286B9B22}{time_end=>20170511160536}{total_fee=>1280000}{trade_type=>NATIVE}{transaction_id=>4005132001201705110421806779}]
[2017-05-11 16:05:52][info] k:appid=>wxefc029d4373dcac0
[2017-05-11 16:05:52][info] k:bank_type=>CFT
[2017-05-11 16:05:52][info] k:cash_fee=>1280000
[2017-05-11 16:05:52][info] k:fee_type=>CNY
[2017-05-11 16:05:52][info] k:is_subscribe=>Y
[2017-05-11 16:05:52][info] k:mch_id=>1244967502
[2017-05-11 16:05:52][info] k:nonce_str=>6ad96ul79q5f1k4z4oemtl486v4ncgif
[2017-05-11 16:05:52][info] k:openid=>orYumuGBfbSZ6HLYVROLTKYGdUpI
[2017-05-11 16:05:52][info] k:out_trade_no=>LX-17050711092610906-0
[2017-05-11 16:05:52][info] k:result_code=>SUCCESS
[2017-05-11 16:05:52][info] k:return_code=>SUCCESS
[2017-05-11 16:05:52][info] k:sign=>F828C885E3642AE1003FE668286B9B22
[2017-05-11 16:05:52][info] k:time_end=>20170511160536
[2017-05-11 16:05:52][info] k:total_fee=>1280000
[2017-05-11 16:05:52][info] k:trade_type=>NATIVE
[2017-05-11 16:05:52][info] k:transaction_id=>4005132001201705110421806779
[2017-05-11 16:05:52][info] ----------------------------------------
[2017-05-11 16:05:52][info] XML_DATA222:{"appid":"wxefc029d4373dcac0","bank_type":"CFT","cash_fee":"12800.00","fee_type":"CNY","is_subscribe":"Y","mch_id":"1244967502","nonce_str":"6ad96ul79q5f1k4z4oemtl486v4ncgif","openid":"orYumuGBfbSZ6HLYVROLTKYGdUpI","out_trade_no":"LX-17050711092610906-0","result_code":"SUCCESS","return_code":"SUCCESS","sign":"F828C885E3642AE1003FE668286B9B22","time_end":"20170511160536","total_fee":"12800.00","trade_type":"NATIVE","transaction_id":"4005132001201705110421806779"}
[2017-05-11 16:05:52][info] 收到重复信息，并处理反馈成功！
[2017-05-11 16:05:52][info] success
[2017-05-11 16:05:52][info] 写入结束!!!
