[2017-07-13 00:14:19][info] ----------------------------------------
[2017-07-13 00:14:19][info] XML_DATA111:[{appid=>wxefc029d4373dcac0}{bank_type=>CFT}{cash_fee=>160000}{fee_type=>CNY}{is_subscribe=>Y}{mch_id=>1244967502}{nonce_str=>ykeky3vrbfgpnp3mjrsqqex87lwjxtqh}{openid=>orYumuGBfbSZ6HLYVROLTKYGdUpI}{out_trade_no=>LX-17070423130031101-f}{result_code=>SUCCESS}{return_code=>SUCCESS}{sign=>DF32D4CEDC3F0515A7309FFD71FDCBB5}{time_end=>20170713001418}{total_fee=>160000}{trade_type=>NATIVE}{transaction_id=>4005132001201707130414780079}]
[2017-07-13 00:14:19][info] k:appid=>wxefc029d4373dcac0
[2017-07-13 00:14:19][info] k:bank_type=>CFT
[2017-07-13 00:14:19][info] k:cash_fee=>160000
[2017-07-13 00:14:19][info] k:fee_type=>CNY
[2017-07-13 00:14:19][info] k:is_subscribe=>Y
[2017-07-13 00:14:19][info] k:mch_id=>1244967502
[2017-07-13 00:14:19][info] k:nonce_str=>ykeky3vrbfgpnp3mjrsqqex87lwjxtqh
[2017-07-13 00:14:19][info] k:openid=>orYumuGBfbSZ6HLYVROLTKYGdUpI
[2017-07-13 00:14:19][info] k:out_trade_no=>LX-17070423130031101-f
[2017-07-13 00:14:19][info] k:result_code=>SUCCESS
[2017-07-13 00:14:19][info] k:return_code=>SUCCESS
[2017-07-13 00:14:19][info] k:sign=>DF32D4CEDC3F0515A7309FFD71FDCBB5
[2017-07-13 00:14:19][info] k:time_end=>20170713001418
[2017-07-13 00:14:19][info] k:total_fee=>160000
[2017-07-13 00:14:19][info] k:trade_type=>NATIVE
[2017-07-13 00:14:19][info] k:transaction_id=>4005132001201707130414780079
[2017-07-13 00:14:19][info] ----------------------------------------
[2017-07-13 00:14:19][info] XML_DATA222:{"appid":"wxefc029d4373dcac0","bank_type":"CFT","cash_fee":"1600.00","fee_type":"CNY","is_subscribe":"Y","mch_id":"1244967502","nonce_str":"ykeky3vrbfgpnp3mjrsqqex87lwjxtqh","openid":"orYumuGBfbSZ6HLYVROLTKYGdUpI","out_trade_no":"LX-17070423130031101-f","result_code":"SUCCESS","return_code":"SUCCESS","sign":"DF32D4CEDC3F0515A7309FFD71FDCBB5","time_end":"20170713001418","total_fee":"1600.00","trade_type":"NATIVE","transaction_id":"4005132001201707130414780079"}
[2017-07-13 00:14:19][warn] 数据存储成功，并成功返回记录编号18008！
[2017-07-13 00:14:28][info] ----------------------------------------
[2017-07-13 00:14:28][info] XML_DATA111:[{appid=>wxefc029d4373dcac0}{bank_type=>CFT}{cash_fee=>160000}{fee_type=>CNY}{is_subscribe=>Y}{mch_id=>1244967502}{nonce_str=>ykeky3vrbfgpnp3mjrsqqex87lwjxtqh}{openid=>orYumuGBfbSZ6HLYVROLTKYGdUpI}{out_trade_no=>LX-17070423130031101-f}{result_code=>SUCCESS}{return_code=>SUCCESS}{sign=>DF32D4CEDC3F0515A7309FFD71FDCBB5}{time_end=>20170713001418}{total_fee=>160000}{trade_type=>NATIVE}{transaction_id=>4005132001201707130414780079}]
[2017-07-13 00:14:28][info] k:appid=>wxefc029d4373dcac0
[2017-07-13 00:14:28][info] k:bank_type=>CFT
[2017-07-13 00:14:28][info] k:cash_fee=>160000
[2017-07-13 00:14:28][info] k:fee_type=>CNY
[2017-07-13 00:14:28][info] k:is_subscribe=>Y
[2017-07-13 00:14:28][info] k:mch_id=>1244967502
[2017-07-13 00:14:28][info] k:nonce_str=>ykeky3vrbfgpnp3mjrsqqex87lwjxtqh
[2017-07-13 00:14:28][info] k:openid=>orYumuGBfbSZ6HLYVROLTKYGdUpI
[2017-07-13 00:14:28][info] k:out_trade_no=>LX-17070423130031101-f
[2017-07-13 00:14:28][info] k:result_code=>SUCCESS
[2017-07-13 00:14:28][info] k:return_code=>SUCCESS
[2017-07-13 00:14:28][info] k:sign=>DF32D4CEDC3F0515A7309FFD71FDCBB5
[2017-07-13 00:14:28][info] k:time_end=>20170713001418
[2017-07-13 00:14:28][info] k:total_fee=>160000
[2017-07-13 00:14:28][info] k:trade_type=>NATIVE
[2017-07-13 00:14:28][info] k:transaction_id=>4005132001201707130414780079
[2017-07-13 00:14:28][info] ----------------------------------------
[2017-07-13 00:14:28][info] XML_DATA222:{"appid":"wxefc029d4373dcac0","bank_type":"CFT","cash_fee":"1600.00","fee_type":"CNY","is_subscribe":"Y","mch_id":"1244967502","nonce_str":"ykeky3vrbfgpnp3mjrsqqex87lwjxtqh","openid":"orYumuGBfbSZ6HLYVROLTKYGdUpI","out_trade_no":"LX-17070423130031101-f","result_code":"SUCCESS","return_code":"SUCCESS","sign":"DF32D4CEDC3F0515A7309FFD71FDCBB5","time_end":"20170713001418","total_fee":"1600.00","trade_type":"NATIVE","transaction_id":"4005132001201707130414780079"}
[2017-07-13 00:14:28][info] 收到重复信息，并处理反馈成功！
[2017-07-13 00:14:28][info] success
[2017-07-13 00:14:28][info] 写入结束!!!
[2017-07-13 09:36:24][info] ----------------------------------------
[2017-07-13 09:36:24][info] XML_DATA111:[{appid=>wxefc029d4373dcac0}{bank_type=>ICBC_CREDIT}{cash_fee=>657000}{fee_type=>CNY}{is_subscribe=>N}{mch_id=>1244967502}{nonce_str=>ydmrwmrdkmb32heqxw5awukxskmxffkh}{openid=>orYumuGysPjS8gXbc6_0iYlE9NgM}{out_trade_no=>LX-17071309042966501-c}{result_code=>SUCCESS}{return_code=>SUCCESS}{sign=>081DC428F3813893FBCB2B58F2A35D6C}{time_end=>20170713093624}{total_fee=>657000}{trade_type=>NATIVE}{transaction_id=>4002682001201707130458509634}]
[2017-07-13 09:36:24][info] k:appid=>wxefc029d4373dcac0
[2017-07-13 09:36:24][info] k:bank_type=>ICBC_CREDIT
[2017-07-13 09:36:24][info] k:cash_fee=>657000
[2017-07-13 09:36:24][info] k:fee_type=>CNY
[2017-07-13 09:36:24][info] k:is_subscribe=>N
[2017-07-13 09:36:24][info] k:mch_id=>1244967502
[2017-07-13 09:36:24][info] k:nonce_str=>ydmrwmrdkmb32heqxw5awukxskmxffkh
[2017-07-13 09:36:24][info] k:openid=>orYumuGysPjS8gXbc6_0iYlE9NgM
[2017-07-13 09:36:24][info] k:out_trade_no=>LX-17071309042966501-c
[2017-07-13 09:36:24][info] k:result_code=>SUCCESS
[2017-07-13 09:36:24][info] k:return_code=>SUCCESS
[2017-07-13 09:36:24][info] k:sign=>081DC428F3813893FBCB2B58F2A35D6C
[2017-07-13 09:36:24][info] k:time_end=>20170713093624
[2017-07-13 09:36:24][info] k:total_fee=>657000
[2017-07-13 09:36:24][info] k:trade_type=>NATIVE
[2017-07-13 09:36:24][info] k:transaction_id=>4002682001201707130458509634
[2017-07-13 09:36:24][info] ----------------------------------------
[2017-07-13 09:36:24][info] XML_DATA222:{"appid":"wxefc029d4373dcac0","bank_type":"ICBC_CREDIT","cash_fee":"6570.00","fee_type":"CNY","is_subscribe":"N","mch_id":"1244967502","nonce_str":"ydmrwmrdkmb32heqxw5awukxskmxffkh","openid":"orYumuGysPjS8gXbc6_0iYlE9NgM","out_trade_no":"LX-17071309042966501-c","result_code":"SUCCESS","return_code":"SUCCESS","sign":"081DC428F3813893FBCB2B58F2A35D6C","time_end":"20170713093624","total_fee":"6570.00","trade_type":"NATIVE","transaction_id":"4002682001201707130458509634"}
[2017-07-13 09:36:24][warn] 数据存储成功，并成功返回记录编号18009！
[2017-07-13 09:36:37][info] ----------------------------------------
[2017-07-13 09:36:37][info] XML_DATA111:[{appid=>wxefc029d4373dcac0}{bank_type=>ICBC_CREDIT}{cash_fee=>657000}{fee_type=>CNY}{is_subscribe=>N}{mch_id=>1244967502}{nonce_str=>ydmrwmrdkmb32heqxw5awukxskmxffkh}{openid=>orYumuGysPjS8gXbc6_0iYlE9NgM}{out_trade_no=>LX-17071309042966501-c}{result_code=>SUCCESS}{return_code=>SUCCESS}{sign=>081DC428F3813893FBCB2B58F2A35D6C}{time_end=>20170713093624}{total_fee=>657000}{trade_type=>NATIVE}{transaction_id=>4002682001201707130458509634}]
[2017-07-13 09:36:37][info] k:appid=>wxefc029d4373dcac0
[2017-07-13 09:36:37][info] k:bank_type=>ICBC_CREDIT
[2017-07-13 09:36:37][info] k:cash_fee=>657000
[2017-07-13 09:36:37][info] k:fee_type=>CNY
[2017-07-13 09:36:37][info] k:is_subscribe=>N
[2017-07-13 09:36:37][info] k:mch_id=>1244967502
[2017-07-13 09:36:37][info] k:nonce_str=>ydmrwmrdkmb32heqxw5awukxskmxffkh
[2017-07-13 09:36:37][info] k:openid=>orYumuGysPjS8gXbc6_0iYlE9NgM
[2017-07-13 09:36:37][info] k:out_trade_no=>LX-17071309042966501-c
[2017-07-13 09:36:37][info] k:result_code=>SUCCESS
[2017-07-13 09:36:37][info] k:return_code=>SUCCESS
[2017-07-13 09:36:37][info] k:sign=>081DC428F3813893FBCB2B58F2A35D6C
[2017-07-13 09:36:37][info] k:time_end=>20170713093624
[2017-07-13 09:36:37][info] k:total_fee=>657000
[2017-07-13 09:36:37][info] k:trade_type=>NATIVE
[2017-07-13 09:36:37][info] k:transaction_id=>4002682001201707130458509634
[2017-07-13 09:36:37][info] ----------------------------------------
[2017-07-13 09:36:37][info] XML_DATA222:{"appid":"wxefc029d4373dcac0","bank_type":"ICBC_CREDIT","cash_fee":"6570.00","fee_type":"CNY","is_subscribe":"N","mch_id":"1244967502","nonce_str":"ydmrwmrdkmb32heqxw5awukxskmxffkh","openid":"orYumuGysPjS8gXbc6_0iYlE9NgM","out_trade_no":"LX-17071309042966501-c","result_code":"SUCCESS","return_code":"SUCCESS","sign":"081DC428F3813893FBCB2B58F2A35D6C","time_end":"20170713093624","total_fee":"6570.00","trade_type":"NATIVE","transaction_id":"4002682001201707130458509634"}
[2017-07-13 09:36:38][info] 收到重复信息，并处理反馈成功！
[2017-07-13 09:36:38][info] success
[2017-07-13 09:36:38][info] 写入结束!!!
