[2017-07-29 15:07:46][info] ----------------------------------------
[2017-07-29 15:07:46][info] XML_DATA111:[{appid=>wxefc029d4373dcac0}{bank_type=>CFT}{cash_fee=>612000}{fee_type=>CNY}{is_subscribe=>N}{mch_id=>1244967502}{nonce_str=>5otq092y8ykf9k3o3rkzvti8d3abubbi}{openid=>orYumuNqTrlBPQ6NtoAZ87ntFvEE}{out_trade_no=>LX-17072914174899106-2}{result_code=>SUCCESS}{return_code=>SUCCESS}{sign=>AB676E2B38F5939C15764BB4ED3FB8D7}{time_end=>20170729150746}{total_fee=>612000}{trade_type=>NATIVE}{transaction_id=>4000562001201707293301251530}]
[2017-07-29 15:07:46][info] k:appid=>wxefc029d4373dcac0
[2017-07-29 15:07:46][info] k:bank_type=>CFT
[2017-07-29 15:07:46][info] k:cash_fee=>612000
[2017-07-29 15:07:46][info] k:fee_type=>CNY
[2017-07-29 15:07:46][info] k:is_subscribe=>N
[2017-07-29 15:07:46][info] k:mch_id=>1244967502
[2017-07-29 15:07:46][info] k:nonce_str=>5otq092y8ykf9k3o3rkzvti8d3abubbi
[2017-07-29 15:07:46][info] k:openid=>orYumuNqTrlBPQ6NtoAZ87ntFvEE
[2017-07-29 15:07:46][info] k:out_trade_no=>LX-17072914174899106-2
[2017-07-29 15:07:46][info] k:result_code=>SUCCESS
[2017-07-29 15:07:46][info] k:return_code=>SUCCESS
[2017-07-29 15:07:46][info] k:sign=>AB676E2B38F5939C15764BB4ED3FB8D7
[2017-07-29 15:07:46][info] k:time_end=>20170729150746
[2017-07-29 15:07:46][info] k:total_fee=>612000
[2017-07-29 15:07:46][info] k:trade_type=>NATIVE
[2017-07-29 15:07:46][info] k:transaction_id=>4000562001201707293301251530
[2017-07-29 15:07:46][info] ----------------------------------------
[2017-07-29 15:07:46][info] XML_DATA222:{"appid":"wxefc029d4373dcac0","bank_type":"CFT","cash_fee":"6120.00","fee_type":"CNY","is_subscribe":"N","mch_id":"1244967502","nonce_str":"5otq092y8ykf9k3o3rkzvti8d3abubbi","openid":"orYumuNqTrlBPQ6NtoAZ87ntFvEE","out_trade_no":"LX-17072914174899106-2","result_code":"SUCCESS","return_code":"SUCCESS","sign":"AB676E2B38F5939C15764BB4ED3FB8D7","time_end":"20170729150746","total_fee":"6120.00","trade_type":"NATIVE","transaction_id":"4000562001201707293301251530"}
[2017-07-29 15:07:46][warn] 数据存储成功，并成功返回记录编号18337！
[2017-07-29 15:08:00][info] ----------------------------------------
[2017-07-29 15:08:00][info] XML_DATA111:[{appid=>wxefc029d4373dcac0}{bank_type=>CFT}{cash_fee=>612000}{fee_type=>CNY}{is_subscribe=>N}{mch_id=>1244967502}{nonce_str=>5otq092y8ykf9k3o3rkzvti8d3abubbi}{openid=>orYumuNqTrlBPQ6NtoAZ87ntFvEE}{out_trade_no=>LX-17072914174899106-2}{result_code=>SUCCESS}{return_code=>SUCCESS}{sign=>AB676E2B38F5939C15764BB4ED3FB8D7}{time_end=>20170729150746}{total_fee=>612000}{trade_type=>NATIVE}{transaction_id=>4000562001201707293301251530}]
[2017-07-29 15:08:00][info] k:appid=>wxefc029d4373dcac0
[2017-07-29 15:08:00][info] k:bank_type=>CFT
[2017-07-29 15:08:00][info] k:cash_fee=>612000
[2017-07-29 15:08:00][info] k:fee_type=>CNY
[2017-07-29 15:08:00][info] k:is_subscribe=>N
[2017-07-29 15:08:00][info] k:mch_id=>1244967502
[2017-07-29 15:08:00][info] k:nonce_str=>5otq092y8ykf9k3o3rkzvti8d3abubbi
[2017-07-29 15:08:00][info] k:openid=>orYumuNqTrlBPQ6NtoAZ87ntFvEE
[2017-07-29 15:08:00][info] k:out_trade_no=>LX-17072914174899106-2
[2017-07-29 15:08:00][info] k:result_code=>SUCCESS
[2017-07-29 15:08:00][info] k:return_code=>SUCCESS
[2017-07-29 15:08:00][info] k:sign=>AB676E2B38F5939C15764BB4ED3FB8D7
[2017-07-29 15:08:00][info] k:time_end=>20170729150746
[2017-07-29 15:08:00][info] k:total_fee=>612000
[2017-07-29 15:08:00][info] k:trade_type=>NATIVE
[2017-07-29 15:08:00][info] k:transaction_id=>4000562001201707293301251530
[2017-07-29 15:08:00][info] ----------------------------------------
[2017-07-29 15:08:00][info] XML_DATA222:{"appid":"wxefc029d4373dcac0","bank_type":"CFT","cash_fee":"6120.00","fee_type":"CNY","is_subscribe":"N","mch_id":"1244967502","nonce_str":"5otq092y8ykf9k3o3rkzvti8d3abubbi","openid":"orYumuNqTrlBPQ6NtoAZ87ntFvEE","out_trade_no":"LX-17072914174899106-2","result_code":"SUCCESS","return_code":"SUCCESS","sign":"AB676E2B38F5939C15764BB4ED3FB8D7","time_end":"20170729150746","total_fee":"6120.00","trade_type":"NATIVE","transaction_id":"4000562001201707293301251530"}
[2017-07-29 15:08:00][info] 收到重复信息，并处理反馈成功！
[2017-07-29 15:08:00][info] success
[2017-07-29 15:08:00][info] 写入结束!!!
[2017-07-29 16:14:24][info] ----------------------------------------
[2017-07-29 16:14:24][info] XML_DATA111:[{appid=>wxefc029d4373dcac0}{bank_type=>CFT}{cash_fee=>492000}{fee_type=>CNY}{is_subscribe=>N}{mch_id=>1244967502}{nonce_str=>k926dx892bvwsbpuplerrz0r1usghcuq}{openid=>orYumuOkq9fHNlLsGvNBq8k3VliU}{out_trade_no=>LX-17072815043559206-1}{result_code=>SUCCESS}{return_code=>SUCCESS}{sign=>969B315EF7E9715475355E8B07EE23BE}{time_end=>20170729161424}{total_fee=>492000}{trade_type=>NATIVE}{transaction_id=>4003932001201707293313431193}]
[2017-07-29 16:14:24][info] k:appid=>wxefc029d4373dcac0
[2017-07-29 16:14:24][info] k:bank_type=>CFT
[2017-07-29 16:14:24][info] k:cash_fee=>492000
[2017-07-29 16:14:24][info] k:fee_type=>CNY
[2017-07-29 16:14:24][info] k:is_subscribe=>N
[2017-07-29 16:14:24][info] k:mch_id=>1244967502
[2017-07-29 16:14:24][info] k:nonce_str=>k926dx892bvwsbpuplerrz0r1usghcuq
[2017-07-29 16:14:24][info] k:openid=>orYumuOkq9fHNlLsGvNBq8k3VliU
[2017-07-29 16:14:24][info] k:out_trade_no=>LX-17072815043559206-1
[2017-07-29 16:14:24][info] k:result_code=>SUCCESS
[2017-07-29 16:14:24][info] k:return_code=>SUCCESS
[2017-07-29 16:14:24][info] k:sign=>969B315EF7E9715475355E8B07EE23BE
[2017-07-29 16:14:24][info] k:time_end=>20170729161424
[2017-07-29 16:14:24][info] k:total_fee=>492000
[2017-07-29 16:14:24][info] k:trade_type=>NATIVE
[2017-07-29 16:14:24][info] k:transaction_id=>4003932001201707293313431193
[2017-07-29 16:14:24][info] ----------------------------------------
[2017-07-29 16:14:24][info] XML_DATA222:{"appid":"wxefc029d4373dcac0","bank_type":"CFT","cash_fee":"4920.00","fee_type":"CNY","is_subscribe":"N","mch_id":"1244967502","nonce_str":"k926dx892bvwsbpuplerrz0r1usghcuq","openid":"orYumuOkq9fHNlLsGvNBq8k3VliU","out_trade_no":"LX-17072815043559206-1","result_code":"SUCCESS","return_code":"SUCCESS","sign":"969B315EF7E9715475355E8B07EE23BE","time_end":"20170729161424","total_fee":"4920.00","trade_type":"NATIVE","transaction_id":"4003932001201707293313431193"}
[2017-07-29 16:14:25][warn] 数据存储成功，并成功返回记录编号18338！
[2017-07-29 16:14:39][info] ----------------------------------------
[2017-07-29 16:14:39][info] XML_DATA111:[{appid=>wxefc029d4373dcac0}{bank_type=>CFT}{cash_fee=>492000}{fee_type=>CNY}{is_subscribe=>N}{mch_id=>1244967502}{nonce_str=>k926dx892bvwsbpuplerrz0r1usghcuq}{openid=>orYumuOkq9fHNlLsGvNBq8k3VliU}{out_trade_no=>LX-17072815043559206-1}{result_code=>SUCCESS}{return_code=>SUCCESS}{sign=>969B315EF7E9715475355E8B07EE23BE}{time_end=>20170729161424}{total_fee=>492000}{trade_type=>NATIVE}{transaction_id=>4003932001201707293313431193}]
[2017-07-29 16:14:39][info] k:appid=>wxefc029d4373dcac0
[2017-07-29 16:14:39][info] k:bank_type=>CFT
[2017-07-29 16:14:39][info] k:cash_fee=>492000
[2017-07-29 16:14:39][info] k:fee_type=>CNY
[2017-07-29 16:14:39][info] k:is_subscribe=>N
[2017-07-29 16:14:39][info] k:mch_id=>1244967502
[2017-07-29 16:14:39][info] k:nonce_str=>k926dx892bvwsbpuplerrz0r1usghcuq
[2017-07-29 16:14:39][info] k:openid=>orYumuOkq9fHNlLsGvNBq8k3VliU
[2017-07-29 16:14:39][info] k:out_trade_no=>LX-17072815043559206-1
[2017-07-29 16:14:39][info] k:result_code=>SUCCESS
[2017-07-29 16:14:39][info] k:return_code=>SUCCESS
[2017-07-29 16:14:39][info] k:sign=>969B315EF7E9715475355E8B07EE23BE
[2017-07-29 16:14:39][info] k:time_end=>20170729161424
[2017-07-29 16:14:39][info] k:total_fee=>492000
[2017-07-29 16:14:39][info] k:trade_type=>NATIVE
[2017-07-29 16:14:39][info] k:transaction_id=>4003932001201707293313431193
[2017-07-29 16:14:39][info] ----------------------------------------
[2017-07-29 16:14:39][info] XML_DATA222:{"appid":"wxefc029d4373dcac0","bank_type":"CFT","cash_fee":"4920.00","fee_type":"CNY","is_subscribe":"N","mch_id":"1244967502","nonce_str":"k926dx892bvwsbpuplerrz0r1usghcuq","openid":"orYumuOkq9fHNlLsGvNBq8k3VliU","out_trade_no":"LX-17072815043559206-1","result_code":"SUCCESS","return_code":"SUCCESS","sign":"969B315EF7E9715475355E8B07EE23BE","time_end":"20170729161424","total_fee":"4920.00","trade_type":"NATIVE","transaction_id":"4003932001201707293313431193"}
[2017-07-29 16:14:39][info] 收到重复信息，并处理反馈成功！
[2017-07-29 16:14:39][info] success
[2017-07-29 16:14:39][info] 写入结束!!!
