[2017-04-16 10:49:54][info] ----------------------------------------
[2017-04-16 10:49:54][info] XML_DATA111:[{appid=>wxefc029d4373dcac0}{bank_type=>CFT}{cash_fee=>576000}{fee_type=>CNY}{is_subscribe=>N}{mch_id=>1244967502}{nonce_str=>e71bha3vcj0txbh3tc40xclscw2uefu5}{openid=>orYumuDHSR9hLhmzByz5mJlns0Nw}{out_trade_no=>LX-17041600284514906-4}{result_code=>SUCCESS}{return_code=>SUCCESS}{sign=>AC8379CCF29E5E0D413C7B90DC0F45D6}{time_end=>20170416104953}{total_fee=>576000}{trade_type=>NATIVE}{transaction_id=>4002292001201704167184412758}]
[2017-04-16 10:49:54][info] k:appid=>wxefc029d4373dcac0
[2017-04-16 10:49:54][info] k:bank_type=>CFT
[2017-04-16 10:49:54][info] k:cash_fee=>576000
[2017-04-16 10:49:54][info] k:fee_type=>CNY
[2017-04-16 10:49:54][info] k:is_subscribe=>N
[2017-04-16 10:49:54][info] k:mch_id=>1244967502
[2017-04-16 10:49:54][info] k:nonce_str=>e71bha3vcj0txbh3tc40xclscw2uefu5
[2017-04-16 10:49:54][info] k:openid=>orYumuDHSR9hLhmzByz5mJlns0Nw
[2017-04-16 10:49:54][info] k:out_trade_no=>LX-17041600284514906-4
[2017-04-16 10:49:54][info] k:result_code=>SUCCESS
[2017-04-16 10:49:54][info] k:return_code=>SUCCESS
[2017-04-16 10:49:54][info] k:sign=>AC8379CCF29E5E0D413C7B90DC0F45D6
[2017-04-16 10:49:54][info] k:time_end=>20170416104953
[2017-04-16 10:49:54][info] k:total_fee=>576000
[2017-04-16 10:49:54][info] k:trade_type=>NATIVE
[2017-04-16 10:49:54][info] k:transaction_id=>4002292001201704167184412758
[2017-04-16 10:49:54][info] ----------------------------------------
[2017-04-16 10:49:54][info] XML_DATA222:{"appid":"wxefc029d4373dcac0","bank_type":"CFT","cash_fee":"5760.00","fee_type":"CNY","is_subscribe":"N","mch_id":"1244967502","nonce_str":"e71bha3vcj0txbh3tc40xclscw2uefu5","openid":"orYumuDHSR9hLhmzByz5mJlns0Nw","out_trade_no":"LX-17041600284514906-4","result_code":"SUCCESS","return_code":"SUCCESS","sign":"AC8379CCF29E5E0D413C7B90DC0F45D6","time_end":"20170416104953","total_fee":"5760.00","trade_type":"NATIVE","transaction_id":"4002292001201704167184412758"}
[2017-04-16 10:49:55][warn] 数据存储成功，并成功返回记录编号17448！
[2017-04-16 10:50:09][info] ----------------------------------------
[2017-04-16 10:50:09][info] XML_DATA111:[{appid=>wxefc029d4373dcac0}{bank_type=>CFT}{cash_fee=>576000}{fee_type=>CNY}{is_subscribe=>N}{mch_id=>1244967502}{nonce_str=>e71bha3vcj0txbh3tc40xclscw2uefu5}{openid=>orYumuDHSR9hLhmzByz5mJlns0Nw}{out_trade_no=>LX-17041600284514906-4}{result_code=>SUCCESS}{return_code=>SUCCESS}{sign=>AC8379CCF29E5E0D413C7B90DC0F45D6}{time_end=>20170416104953}{total_fee=>576000}{trade_type=>NATIVE}{transaction_id=>4002292001201704167184412758}]
[2017-04-16 10:50:09][info] k:appid=>wxefc029d4373dcac0
[2017-04-16 10:50:09][info] k:bank_type=>CFT
[2017-04-16 10:50:09][info] k:cash_fee=>576000
[2017-04-16 10:50:09][info] k:fee_type=>CNY
[2017-04-16 10:50:09][info] k:is_subscribe=>N
[2017-04-16 10:50:09][info] k:mch_id=>1244967502
[2017-04-16 10:50:09][info] k:nonce_str=>e71bha3vcj0txbh3tc40xclscw2uefu5
[2017-04-16 10:50:09][info] k:openid=>orYumuDHSR9hLhmzByz5mJlns0Nw
[2017-04-16 10:50:09][info] k:out_trade_no=>LX-17041600284514906-4
[2017-04-16 10:50:09][info] k:result_code=>SUCCESS
[2017-04-16 10:50:09][info] k:return_code=>SUCCESS
[2017-04-16 10:50:09][info] k:sign=>AC8379CCF29E5E0D413C7B90DC0F45D6
[2017-04-16 10:50:09][info] k:time_end=>20170416104953
[2017-04-16 10:50:09][info] k:total_fee=>576000
[2017-04-16 10:50:09][info] k:trade_type=>NATIVE
[2017-04-16 10:50:09][info] k:transaction_id=>4002292001201704167184412758
[2017-04-16 10:50:09][info] ----------------------------------------
[2017-04-16 10:50:09][info] XML_DATA222:{"appid":"wxefc029d4373dcac0","bank_type":"CFT","cash_fee":"5760.00","fee_type":"CNY","is_subscribe":"N","mch_id":"1244967502","nonce_str":"e71bha3vcj0txbh3tc40xclscw2uefu5","openid":"orYumuDHSR9hLhmzByz5mJlns0Nw","out_trade_no":"LX-17041600284514906-4","result_code":"SUCCESS","return_code":"SUCCESS","sign":"AC8379CCF29E5E0D413C7B90DC0F45D6","time_end":"20170416104953","total_fee":"5760.00","trade_type":"NATIVE","transaction_id":"4002292001201704167184412758"}
[2017-04-16 10:50:09][info] 收到重复信息，并处理反馈成功！
[2017-04-16 10:50:09][info] success
[2017-04-16 10:50:09][info] 写入结束!!!
