[2017-09-25 09:12:12][info] ----------------------------------------
[2017-09-25 09:12:12][info] XML_DATA111:[{appid=>wxefc029d4373dcac0}{bank_type=>ABC_DEBIT}{cash_fee=>588000}{fee_type=>CNY}{is_subscribe=>N}{mch_id=>1244967502}{nonce_str=>bvlzta1tz5od0ps5dt10t3zmyhrhy97k}{openid=>orYumuJpOLt1SQDZ2ih37Bg52TAE}{out_trade_no=>LX-17082511261073101-e}{result_code=>SUCCESS}{return_code=>SUCCESS}{sign=>E6C348617158384916946E02477CBDA0}{time_end=>20170925091211}{total_fee=>588000}{trade_type=>NATIVE}{transaction_id=>4200000006201709254102075665}]
[2017-09-25 09:12:12][info] k:appid=>wxefc029d4373dcac0
[2017-09-25 09:12:12][info] k:bank_type=>ABC_DEBIT
[2017-09-25 09:12:12][info] k:cash_fee=>588000
[2017-09-25 09:12:12][info] k:fee_type=>CNY
[2017-09-25 09:12:12][info] k:is_subscribe=>N
[2017-09-25 09:12:12][info] k:mch_id=>1244967502
[2017-09-25 09:12:12][info] k:nonce_str=>bvlzta1tz5od0ps5dt10t3zmyhrhy97k
[2017-09-25 09:12:12][info] k:openid=>orYumuJpOLt1SQDZ2ih37Bg52TAE
[2017-09-25 09:12:12][info] k:out_trade_no=>LX-17082511261073101-e
[2017-09-25 09:12:12][info] k:result_code=>SUCCESS
[2017-09-25 09:12:12][info] k:return_code=>SUCCESS
[2017-09-25 09:12:12][info] k:sign=>E6C348617158384916946E02477CBDA0
[2017-09-25 09:12:12][info] k:time_end=>20170925091211
[2017-09-25 09:12:12][info] k:total_fee=>588000
[2017-09-25 09:12:12][info] k:trade_type=>NATIVE
[2017-09-25 09:12:12][info] k:transaction_id=>4200000006201709254102075665
[2017-09-25 09:12:12][info] ----------------------------------------
[2017-09-25 09:12:12][info] XML_DATA222:{"appid":"wxefc029d4373dcac0","bank_type":"ABC_DEBIT","cash_fee":"5880.00","fee_type":"CNY","is_subscribe":"N","mch_id":"1244967502","nonce_str":"bvlzta1tz5od0ps5dt10t3zmyhrhy97k","openid":"orYumuJpOLt1SQDZ2ih37Bg52TAE","out_trade_no":"LX-17082511261073101-e","result_code":"SUCCESS","return_code":"SUCCESS","sign":"E6C348617158384916946E02477CBDA0","time_end":"20170925091211","total_fee":"5880.00","trade_type":"NATIVE","transaction_id":"4200000006201709254102075665"}
[2017-09-25 09:12:13][warn] 数据存储成功，并成功返回记录编号19232！
[2017-09-25 09:12:25][info] ----------------------------------------
[2017-09-25 09:12:25][info] XML_DATA111:[{appid=>wxefc029d4373dcac0}{bank_type=>ABC_DEBIT}{cash_fee=>588000}{fee_type=>CNY}{is_subscribe=>N}{mch_id=>1244967502}{nonce_str=>bvlzta1tz5od0ps5dt10t3zmyhrhy97k}{openid=>orYumuJpOLt1SQDZ2ih37Bg52TAE}{out_trade_no=>LX-17082511261073101-e}{result_code=>SUCCESS}{return_code=>SUCCESS}{sign=>E6C348617158384916946E02477CBDA0}{time_end=>20170925091211}{total_fee=>588000}{trade_type=>NATIVE}{transaction_id=>4200000006201709254102075665}]
[2017-09-25 09:12:25][info] k:appid=>wxefc029d4373dcac0
[2017-09-25 09:12:25][info] k:bank_type=>ABC_DEBIT
[2017-09-25 09:12:25][info] k:cash_fee=>588000
[2017-09-25 09:12:25][info] k:fee_type=>CNY
[2017-09-25 09:12:25][info] k:is_subscribe=>N
[2017-09-25 09:12:25][info] k:mch_id=>1244967502
[2017-09-25 09:12:25][info] k:nonce_str=>bvlzta1tz5od0ps5dt10t3zmyhrhy97k
[2017-09-25 09:12:25][info] k:openid=>orYumuJpOLt1SQDZ2ih37Bg52TAE
[2017-09-25 09:12:25][info] k:out_trade_no=>LX-17082511261073101-e
[2017-09-25 09:12:25][info] k:result_code=>SUCCESS
[2017-09-25 09:12:25][info] k:return_code=>SUCCESS
[2017-09-25 09:12:25][info] k:sign=>E6C348617158384916946E02477CBDA0
[2017-09-25 09:12:25][info] k:time_end=>20170925091211
[2017-09-25 09:12:25][info] k:total_fee=>588000
[2017-09-25 09:12:25][info] k:trade_type=>NATIVE
[2017-09-25 09:12:25][info] k:transaction_id=>4200000006201709254102075665
[2017-09-25 09:12:25][info] ----------------------------------------
[2017-09-25 09:12:25][info] XML_DATA222:{"appid":"wxefc029d4373dcac0","bank_type":"ABC_DEBIT","cash_fee":"5880.00","fee_type":"CNY","is_subscribe":"N","mch_id":"1244967502","nonce_str":"bvlzta1tz5od0ps5dt10t3zmyhrhy97k","openid":"orYumuJpOLt1SQDZ2ih37Bg52TAE","out_trade_no":"LX-17082511261073101-e","result_code":"SUCCESS","return_code":"SUCCESS","sign":"E6C348617158384916946E02477CBDA0","time_end":"20170925091211","total_fee":"5880.00","trade_type":"NATIVE","transaction_id":"4200000006201709254102075665"}
[2017-09-25 09:12:25][info] 收到重复信息，并处理反馈成功！
[2017-09-25 09:12:25][info] success
[2017-09-25 09:12:25][info] 写入结束!!!
[2017-09-25 09:49:52][info] ----------------------------------------
[2017-09-25 09:49:52][info] XML_DATA111:[{appid=>wxefc029d4373dcac0}{bank_type=>CEB_CREDIT}{cash_fee=>390000}{fee_type=>CNY}{is_subscribe=>N}{mch_id=>1244967502}{nonce_str=>vkiv2mqfawdcwnayqbgnek2zvlm3gngu}{openid=>orYumuCTvNk_wqyLANi4e-xo5rX4}{out_trade_no=>LX-17092509300838101-5}{result_code=>SUCCESS}{return_code=>SUCCESS}{sign=>25A9C22081D88E6687BA91DDF172F899}{time_end=>20170925094951}{total_fee=>390000}{trade_type=>NATIVE}{transaction_id=>4200000001201709254108118352}]
[2017-09-25 09:49:52][info] k:appid=>wxefc029d4373dcac0
[2017-09-25 09:49:52][info] k:bank_type=>CEB_CREDIT
[2017-09-25 09:49:52][info] k:cash_fee=>390000
[2017-09-25 09:49:52][info] k:fee_type=>CNY
[2017-09-25 09:49:52][info] k:is_subscribe=>N
[2017-09-25 09:49:52][info] k:mch_id=>1244967502
[2017-09-25 09:49:52][info] k:nonce_str=>vkiv2mqfawdcwnayqbgnek2zvlm3gngu
[2017-09-25 09:49:52][info] k:openid=>orYumuCTvNk_wqyLANi4e-xo5rX4
[2017-09-25 09:49:52][info] k:out_trade_no=>LX-17092509300838101-5
[2017-09-25 09:49:52][info] k:result_code=>SUCCESS
[2017-09-25 09:49:52][info] k:return_code=>SUCCESS
[2017-09-25 09:49:52][info] k:sign=>25A9C22081D88E6687BA91DDF172F899
[2017-09-25 09:49:52][info] k:time_end=>20170925094951
[2017-09-25 09:49:52][info] k:total_fee=>390000
[2017-09-25 09:49:52][info] k:trade_type=>NATIVE
[2017-09-25 09:49:52][info] k:transaction_id=>4200000001201709254108118352
[2017-09-25 09:49:52][info] ----------------------------------------
[2017-09-25 09:49:52][info] XML_DATA222:{"appid":"wxefc029d4373dcac0","bank_type":"CEB_CREDIT","cash_fee":"3900.00","fee_type":"CNY","is_subscribe":"N","mch_id":"1244967502","nonce_str":"vkiv2mqfawdcwnayqbgnek2zvlm3gngu","openid":"orYumuCTvNk_wqyLANi4e-xo5rX4","out_trade_no":"LX-17092509300838101-5","result_code":"SUCCESS","return_code":"SUCCESS","sign":"25A9C22081D88E6687BA91DDF172F899","time_end":"20170925094951","total_fee":"3900.00","trade_type":"NATIVE","transaction_id":"4200000001201709254108118352"}
[2017-09-25 09:49:53][warn] 数据存储成功，并成功返回记录编号19235！
[2017-09-25 09:50:07][info] ----------------------------------------
[2017-09-25 09:50:07][info] XML_DATA111:[{appid=>wxefc029d4373dcac0}{bank_type=>CEB_CREDIT}{cash_fee=>390000}{fee_type=>CNY}{is_subscribe=>N}{mch_id=>1244967502}{nonce_str=>vkiv2mqfawdcwnayqbgnek2zvlm3gngu}{openid=>orYumuCTvNk_wqyLANi4e-xo5rX4}{out_trade_no=>LX-17092509300838101-5}{result_code=>SUCCESS}{return_code=>SUCCESS}{sign=>25A9C22081D88E6687BA91DDF172F899}{time_end=>20170925094951}{total_fee=>390000}{trade_type=>NATIVE}{transaction_id=>4200000001201709254108118352}]
[2017-09-25 09:50:07][info] k:appid=>wxefc029d4373dcac0
[2017-09-25 09:50:07][info] k:bank_type=>CEB_CREDIT
[2017-09-25 09:50:07][info] k:cash_fee=>390000
[2017-09-25 09:50:07][info] k:fee_type=>CNY
[2017-09-25 09:50:07][info] k:is_subscribe=>N
[2017-09-25 09:50:07][info] k:mch_id=>1244967502
[2017-09-25 09:50:07][info] k:nonce_str=>vkiv2mqfawdcwnayqbgnek2zvlm3gngu
[2017-09-25 09:50:07][info] k:openid=>orYumuCTvNk_wqyLANi4e-xo5rX4
[2017-09-25 09:50:07][info] k:out_trade_no=>LX-17092509300838101-5
[2017-09-25 09:50:07][info] k:result_code=>SUCCESS
[2017-09-25 09:50:07][info] k:return_code=>SUCCESS
[2017-09-25 09:50:07][info] k:sign=>25A9C22081D88E6687BA91DDF172F899
[2017-09-25 09:50:07][info] k:time_end=>20170925094951
[2017-09-25 09:50:07][info] k:total_fee=>390000
[2017-09-25 09:50:07][info] k:trade_type=>NATIVE
[2017-09-25 09:50:07][info] k:transaction_id=>4200000001201709254108118352
[2017-09-25 09:50:07][info] ----------------------------------------
[2017-09-25 09:50:07][info] XML_DATA222:{"appid":"wxefc029d4373dcac0","bank_type":"CEB_CREDIT","cash_fee":"3900.00","fee_type":"CNY","is_subscribe":"N","mch_id":"1244967502","nonce_str":"vkiv2mqfawdcwnayqbgnek2zvlm3gngu","openid":"orYumuCTvNk_wqyLANi4e-xo5rX4","out_trade_no":"LX-17092509300838101-5","result_code":"SUCCESS","return_code":"SUCCESS","sign":"25A9C22081D88E6687BA91DDF172F899","time_end":"20170925094951","total_fee":"3900.00","trade_type":"NATIVE","transaction_id":"4200000001201709254108118352"}
[2017-09-25 09:50:07][info] 收到重复信息，并处理反馈成功！
[2017-09-25 09:50:07][info] success
[2017-09-25 09:50:07][info] 写入结束!!!
[2017-09-25 11:56:35][info] ----------------------------------------
[2017-09-25 11:56:35][info] XML_DATA111:[{appid=>wxefc029d4373dcac0}{bank_type=>BOC_CREDIT}{cash_fee=>355600}{fee_type=>CNY}{is_subscribe=>N}{mch_id=>1244967502}{nonce_str=>avrujat7g2qbbite0ei2ccb2tp6yijjw}{openid=>orYumuM_bg_8GP9KKPkviSf5usx8}{out_trade_no=>LX-17091520130318601-6}{result_code=>SUCCESS}{return_code=>SUCCESS}{sign=>89C7D3DF8CC42F577EBE7A6BA2D702A7}{time_end=>20170925115634}{total_fee=>355600}{trade_type=>NATIVE}{transaction_id=>4200000017201709254133064682}]
[2017-09-25 11:56:35][info] k:appid=>wxefc029d4373dcac0
[2017-09-25 11:56:35][info] k:bank_type=>BOC_CREDIT
[2017-09-25 11:56:35][info] k:cash_fee=>355600
[2017-09-25 11:56:35][info] k:fee_type=>CNY
[2017-09-25 11:56:35][info] k:is_subscribe=>N
[2017-09-25 11:56:35][info] k:mch_id=>1244967502
[2017-09-25 11:56:35][info] k:nonce_str=>avrujat7g2qbbite0ei2ccb2tp6yijjw
[2017-09-25 11:56:35][info] k:openid=>orYumuM_bg_8GP9KKPkviSf5usx8
[2017-09-25 11:56:35][info] k:out_trade_no=>LX-17091520130318601-6
[2017-09-25 11:56:35][info] k:result_code=>SUCCESS
[2017-09-25 11:56:35][info] k:return_code=>SUCCESS
[2017-09-25 11:56:35][info] k:sign=>89C7D3DF8CC42F577EBE7A6BA2D702A7
[2017-09-25 11:56:35][info] k:time_end=>20170925115634
[2017-09-25 11:56:35][info] k:total_fee=>355600
[2017-09-25 11:56:35][info] k:trade_type=>NATIVE
[2017-09-25 11:56:35][info] k:transaction_id=>4200000017201709254133064682
[2017-09-25 11:56:35][info] ----------------------------------------
[2017-09-25 11:56:35][info] XML_DATA222:{"appid":"wxefc029d4373dcac0","bank_type":"BOC_CREDIT","cash_fee":"3556.00","fee_type":"CNY","is_subscribe":"N","mch_id":"1244967502","nonce_str":"avrujat7g2qbbite0ei2ccb2tp6yijjw","openid":"orYumuM_bg_8GP9KKPkviSf5usx8","out_trade_no":"LX-17091520130318601-6","result_code":"SUCCESS","return_code":"SUCCESS","sign":"89C7D3DF8CC42F577EBE7A6BA2D702A7","time_end":"20170925115634","total_fee":"3556.00","trade_type":"NATIVE","transaction_id":"4200000017201709254133064682"}
[2017-09-25 11:56:35][warn] 数据存储成功，并成功返回记录编号19243！
[2017-09-25 11:56:50][info] ----------------------------------------
[2017-09-25 11:56:50][info] XML_DATA111:[{appid=>wxefc029d4373dcac0}{bank_type=>BOC_CREDIT}{cash_fee=>355600}{fee_type=>CNY}{is_subscribe=>N}{mch_id=>1244967502}{nonce_str=>avrujat7g2qbbite0ei2ccb2tp6yijjw}{openid=>orYumuM_bg_8GP9KKPkviSf5usx8}{out_trade_no=>LX-17091520130318601-6}{result_code=>SUCCESS}{return_code=>SUCCESS}{sign=>89C7D3DF8CC42F577EBE7A6BA2D702A7}{time_end=>20170925115634}{total_fee=>355600}{trade_type=>NATIVE}{transaction_id=>4200000017201709254133064682}]
[2017-09-25 11:56:50][info] k:appid=>wxefc029d4373dcac0
[2017-09-25 11:56:50][info] k:bank_type=>BOC_CREDIT
[2017-09-25 11:56:50][info] k:cash_fee=>355600
[2017-09-25 11:56:50][info] k:fee_type=>CNY
[2017-09-25 11:56:50][info] k:is_subscribe=>N
[2017-09-25 11:56:50][info] k:mch_id=>1244967502
[2017-09-25 11:56:50][info] k:nonce_str=>avrujat7g2qbbite0ei2ccb2tp6yijjw
[2017-09-25 11:56:50][info] k:openid=>orYumuM_bg_8GP9KKPkviSf5usx8
[2017-09-25 11:56:50][info] k:out_trade_no=>LX-17091520130318601-6
[2017-09-25 11:56:50][info] k:result_code=>SUCCESS
[2017-09-25 11:56:50][info] k:return_code=>SUCCESS
[2017-09-25 11:56:50][info] k:sign=>89C7D3DF8CC42F577EBE7A6BA2D702A7
[2017-09-25 11:56:50][info] k:time_end=>20170925115634
[2017-09-25 11:56:50][info] k:total_fee=>355600
[2017-09-25 11:56:50][info] k:trade_type=>NATIVE
[2017-09-25 11:56:50][info] k:transaction_id=>4200000017201709254133064682
[2017-09-25 11:56:50][info] ----------------------------------------
[2017-09-25 11:56:50][info] XML_DATA222:{"appid":"wxefc029d4373dcac0","bank_type":"BOC_CREDIT","cash_fee":"3556.00","fee_type":"CNY","is_subscribe":"N","mch_id":"1244967502","nonce_str":"avrujat7g2qbbite0ei2ccb2tp6yijjw","openid":"orYumuM_bg_8GP9KKPkviSf5usx8","out_trade_no":"LX-17091520130318601-6","result_code":"SUCCESS","return_code":"SUCCESS","sign":"89C7D3DF8CC42F577EBE7A6BA2D702A7","time_end":"20170925115634","total_fee":"3556.00","trade_type":"NATIVE","transaction_id":"4200000017201709254133064682"}
[2017-09-25 11:56:50][info] 收到重复信息，并处理反馈成功！
[2017-09-25 11:56:50][info] success
[2017-09-25 11:56:50][info] 写入结束!!!
[2017-09-25 15:42:19][info] ----------------------------------------
[2017-09-25 15:42:19][info] XML_DATA111:[{appid=>wxefc029d4373dcac0}{bank_type=>ICBC_DEBIT}{cash_fee=>246500}{fee_type=>CNY}{is_subscribe=>N}{mch_id=>1244967502}{nonce_str=>qxq6s1tsgf82re1dke1tzd96sgcfh1y6}{openid=>orYumuFxZ-fxxYaZWahycZe52dnU}{out_trade_no=>LX-17091414343911101-8}{result_code=>SUCCESS}{return_code=>SUCCESS}{sign=>11152D384D78111F5382F90B0D491929}{time_end=>20170925154219}{total_fee=>246500}{trade_type=>NATIVE}{transaction_id=>4200000021201709254171996301}]
[2017-09-25 15:42:19][info] k:appid=>wxefc029d4373dcac0
[2017-09-25 15:42:19][info] k:bank_type=>ICBC_DEBIT
[2017-09-25 15:42:19][info] k:cash_fee=>246500
[2017-09-25 15:42:19][info] k:fee_type=>CNY
[2017-09-25 15:42:19][info] k:is_subscribe=>N
[2017-09-25 15:42:19][info] k:mch_id=>1244967502
[2017-09-25 15:42:19][info] k:nonce_str=>qxq6s1tsgf82re1dke1tzd96sgcfh1y6
[2017-09-25 15:42:19][info] k:openid=>orYumuFxZ-fxxYaZWahycZe52dnU
[2017-09-25 15:42:19][info] k:out_trade_no=>LX-17091414343911101-8
[2017-09-25 15:42:19][info] k:result_code=>SUCCESS
[2017-09-25 15:42:19][info] k:return_code=>SUCCESS
[2017-09-25 15:42:19][info] k:sign=>11152D384D78111F5382F90B0D491929
[2017-09-25 15:42:19][info] k:time_end=>20170925154219
[2017-09-25 15:42:19][info] k:total_fee=>246500
[2017-09-25 15:42:19][info] k:trade_type=>NATIVE
[2017-09-25 15:42:19][info] k:transaction_id=>4200000021201709254171996301
[2017-09-25 15:42:19][info] ----------------------------------------
[2017-09-25 15:42:19][info] XML_DATA222:{"appid":"wxefc029d4373dcac0","bank_type":"ICBC_DEBIT","cash_fee":"2465.00","fee_type":"CNY","is_subscribe":"N","mch_id":"1244967502","nonce_str":"qxq6s1tsgf82re1dke1tzd96sgcfh1y6","openid":"orYumuFxZ-fxxYaZWahycZe52dnU","out_trade_no":"LX-17091414343911101-8","result_code":"SUCCESS","return_code":"SUCCESS","sign":"11152D384D78111F5382F90B0D491929","time_end":"20170925154219","total_fee":"2465.00","trade_type":"NATIVE","transaction_id":"4200000021201709254171996301"}
[2017-09-25 15:42:19][warn] 数据存储成功，并成功返回记录编号19249！
[2017-09-25 15:42:31][info] ----------------------------------------
[2017-09-25 15:42:31][info] XML_DATA111:[{appid=>wxefc029d4373dcac0}{bank_type=>ICBC_DEBIT}{cash_fee=>246500}{fee_type=>CNY}{is_subscribe=>N}{mch_id=>1244967502}{nonce_str=>qxq6s1tsgf82re1dke1tzd96sgcfh1y6}{openid=>orYumuFxZ-fxxYaZWahycZe52dnU}{out_trade_no=>LX-17091414343911101-8}{result_code=>SUCCESS}{return_code=>SUCCESS}{sign=>11152D384D78111F5382F90B0D491929}{time_end=>20170925154219}{total_fee=>246500}{trade_type=>NATIVE}{transaction_id=>4200000021201709254171996301}]
[2017-09-25 15:42:31][info] k:appid=>wxefc029d4373dcac0
[2017-09-25 15:42:31][info] k:bank_type=>ICBC_DEBIT
[2017-09-25 15:42:31][info] k:cash_fee=>246500
[2017-09-25 15:42:31][info] k:fee_type=>CNY
[2017-09-25 15:42:31][info] k:is_subscribe=>N
[2017-09-25 15:42:31][info] k:mch_id=>1244967502
[2017-09-25 15:42:31][info] k:nonce_str=>qxq6s1tsgf82re1dke1tzd96sgcfh1y6
[2017-09-25 15:42:31][info] k:openid=>orYumuFxZ-fxxYaZWahycZe52dnU
[2017-09-25 15:42:31][info] k:out_trade_no=>LX-17091414343911101-8
[2017-09-25 15:42:31][info] k:result_code=>SUCCESS
[2017-09-25 15:42:31][info] k:return_code=>SUCCESS
[2017-09-25 15:42:31][info] k:sign=>11152D384D78111F5382F90B0D491929
[2017-09-25 15:42:31][info] k:time_end=>20170925154219
[2017-09-25 15:42:31][info] k:total_fee=>246500
[2017-09-25 15:42:31][info] k:trade_type=>NATIVE
[2017-09-25 15:42:31][info] k:transaction_id=>4200000021201709254171996301
[2017-09-25 15:42:31][info] ----------------------------------------
[2017-09-25 15:42:31][info] XML_DATA222:{"appid":"wxefc029d4373dcac0","bank_type":"ICBC_DEBIT","cash_fee":"2465.00","fee_type":"CNY","is_subscribe":"N","mch_id":"1244967502","nonce_str":"qxq6s1tsgf82re1dke1tzd96sgcfh1y6","openid":"orYumuFxZ-fxxYaZWahycZe52dnU","out_trade_no":"LX-17091414343911101-8","result_code":"SUCCESS","return_code":"SUCCESS","sign":"11152D384D78111F5382F90B0D491929","time_end":"20170925154219","total_fee":"2465.00","trade_type":"NATIVE","transaction_id":"4200000021201709254171996301"}
[2017-09-25 15:42:31][info] 收到重复信息，并处理反馈成功！
[2017-09-25 15:42:31][info] success
[2017-09-25 15:42:31][info] 写入结束!!!
[2017-09-25 17:15:58][info] ----------------------------------------
[2017-09-25 17:15:58][info] XML_DATA111:[{appid=>wxefc029d4373dcac0}{bank_type=>CCB_DEBIT}{cash_fee=>129950}{fee_type=>CNY}{is_subscribe=>N}{mch_id=>1244967502}{nonce_str=>nzquwm7b6shmqcdyvtbw2ndzfz3468lq}{openid=>orYumuOZAfxmHcHVo1CBeRYF_YvA}{out_trade_no=>LX-1709202037595501-9}{result_code=>SUCCESS}{return_code=>SUCCESS}{sign=>F8DE7B2AB4A374B97FA7CB3A3BEECEEB}{time_end=>20170925171558}{total_fee=>129950}{trade_type=>NATIVE}{transaction_id=>4200000015201709254190408341}]
[2017-09-25 17:15:58][info] k:appid=>wxefc029d4373dcac0
[2017-09-25 17:15:58][info] k:bank_type=>CCB_DEBIT
[2017-09-25 17:15:58][info] k:cash_fee=>129950
[2017-09-25 17:15:58][info] k:fee_type=>CNY
[2017-09-25 17:15:58][info] k:is_subscribe=>N
[2017-09-25 17:15:58][info] k:mch_id=>1244967502
[2017-09-25 17:15:58][info] k:nonce_str=>nzquwm7b6shmqcdyvtbw2ndzfz3468lq
[2017-09-25 17:15:58][info] k:openid=>orYumuOZAfxmHcHVo1CBeRYF_YvA
[2017-09-25 17:15:58][info] k:out_trade_no=>LX-1709202037595501-9
[2017-09-25 17:15:58][info] k:result_code=>SUCCESS
[2017-09-25 17:15:58][info] k:return_code=>SUCCESS
[2017-09-25 17:15:58][info] k:sign=>F8DE7B2AB4A374B97FA7CB3A3BEECEEB
[2017-09-25 17:15:58][info] k:time_end=>20170925171558
[2017-09-25 17:15:58][info] k:total_fee=>129950
[2017-09-25 17:15:58][info] k:trade_type=>NATIVE
[2017-09-25 17:15:58][info] k:transaction_id=>4200000015201709254190408341
[2017-09-25 17:15:58][info] ----------------------------------------
[2017-09-25 17:15:58][info] XML_DATA222:{"appid":"wxefc029d4373dcac0","bank_type":"CCB_DEBIT","cash_fee":"1299.50","fee_type":"CNY","is_subscribe":"N","mch_id":"1244967502","nonce_str":"nzquwm7b6shmqcdyvtbw2ndzfz3468lq","openid":"orYumuOZAfxmHcHVo1CBeRYF_YvA","out_trade_no":"LX-1709202037595501-9","result_code":"SUCCESS","return_code":"SUCCESS","sign":"F8DE7B2AB4A374B97FA7CB3A3BEECEEB","time_end":"20170925171558","total_fee":"1299.50","trade_type":"NATIVE","transaction_id":"4200000015201709254190408341"}
[2017-09-25 17:15:59][warn] 数据存储成功，并成功返回记录编号19251！
[2017-09-25 17:16:10][info] ----------------------------------------
[2017-09-25 17:16:10][info] XML_DATA111:[{appid=>wxefc029d4373dcac0}{bank_type=>CCB_DEBIT}{cash_fee=>129950}{fee_type=>CNY}{is_subscribe=>N}{mch_id=>1244967502}{nonce_str=>nzquwm7b6shmqcdyvtbw2ndzfz3468lq}{openid=>orYumuOZAfxmHcHVo1CBeRYF_YvA}{out_trade_no=>LX-1709202037595501-9}{result_code=>SUCCESS}{return_code=>SUCCESS}{sign=>F8DE7B2AB4A374B97FA7CB3A3BEECEEB}{time_end=>20170925171558}{total_fee=>129950}{trade_type=>NATIVE}{transaction_id=>4200000015201709254190408341}]
[2017-09-25 17:16:10][info] k:appid=>wxefc029d4373dcac0
[2017-09-25 17:16:10][info] k:bank_type=>CCB_DEBIT
[2017-09-25 17:16:10][info] k:cash_fee=>129950
[2017-09-25 17:16:10][info] k:fee_type=>CNY
[2017-09-25 17:16:10][info] k:is_subscribe=>N
[2017-09-25 17:16:10][info] k:mch_id=>1244967502
[2017-09-25 17:16:10][info] k:nonce_str=>nzquwm7b6shmqcdyvtbw2ndzfz3468lq
[2017-09-25 17:16:10][info] k:openid=>orYumuOZAfxmHcHVo1CBeRYF_YvA
[2017-09-25 17:16:10][info] k:out_trade_no=>LX-1709202037595501-9
[2017-09-25 17:16:10][info] k:result_code=>SUCCESS
[2017-09-25 17:16:10][info] k:return_code=>SUCCESS
[2017-09-25 17:16:10][info] k:sign=>F8DE7B2AB4A374B97FA7CB3A3BEECEEB
[2017-09-25 17:16:10][info] k:time_end=>20170925171558
[2017-09-25 17:16:10][info] k:total_fee=>129950
[2017-09-25 17:16:10][info] k:trade_type=>NATIVE
[2017-09-25 17:16:10][info] k:transaction_id=>4200000015201709254190408341
[2017-09-25 17:16:10][info] ----------------------------------------
[2017-09-25 17:16:10][info] XML_DATA222:{"appid":"wxefc029d4373dcac0","bank_type":"CCB_DEBIT","cash_fee":"1299.50","fee_type":"CNY","is_subscribe":"N","mch_id":"1244967502","nonce_str":"nzquwm7b6shmqcdyvtbw2ndzfz3468lq","openid":"orYumuOZAfxmHcHVo1CBeRYF_YvA","out_trade_no":"LX-1709202037595501-9","result_code":"SUCCESS","return_code":"SUCCESS","sign":"F8DE7B2AB4A374B97FA7CB3A3BEECEEB","time_end":"20170925171558","total_fee":"1299.50","trade_type":"NATIVE","transaction_id":"4200000015201709254190408341"}
[2017-09-25 17:16:10][info] 收到重复信息，并处理反馈成功！
[2017-09-25 17:16:10][info] success
[2017-09-25 17:16:10][info] 写入结束!!!
[2017-09-25 17:43:11][info] ----------------------------------------
[2017-09-25 17:43:11][info] XML_DATA111:[{appid=>wxefc029d4373dcac0}{bank_type=>CMB_CREDIT}{cash_fee=>189000}{fee_type=>CNY}{is_subscribe=>N}{mch_id=>1244967502}{nonce_str=>zhuvfdbk9tynp8z6by5o7hn8d6tvr0ec}{openid=>orYumuCc4ZTR_EDMpKv1jdtZG_HE}{out_trade_no=>LX-17091518075048201-0}{result_code=>SUCCESS}{return_code=>SUCCESS}{sign=>27714EF5DD532111D022D40CF6332741}{time_end=>20170925174311}{total_fee=>189000}{trade_type=>NATIVE}{transaction_id=>4200000008201709254190019864}]
[2017-09-25 17:43:11][info] k:appid=>wxefc029d4373dcac0
[2017-09-25 17:43:11][info] k:bank_type=>CMB_CREDIT
[2017-09-25 17:43:11][info] k:cash_fee=>189000
[2017-09-25 17:43:11][info] k:fee_type=>CNY
[2017-09-25 17:43:11][info] k:is_subscribe=>N
[2017-09-25 17:43:11][info] k:mch_id=>1244967502
[2017-09-25 17:43:11][info] k:nonce_str=>zhuvfdbk9tynp8z6by5o7hn8d6tvr0ec
[2017-09-25 17:43:11][info] k:openid=>orYumuCc4ZTR_EDMpKv1jdtZG_HE
[2017-09-25 17:43:11][info] k:out_trade_no=>LX-17091518075048201-0
[2017-09-25 17:43:11][info] k:result_code=>SUCCESS
[2017-09-25 17:43:11][info] k:return_code=>SUCCESS
[2017-09-25 17:43:11][info] k:sign=>27714EF5DD532111D022D40CF6332741
[2017-09-25 17:43:11][info] k:time_end=>20170925174311
[2017-09-25 17:43:11][info] k:total_fee=>189000
[2017-09-25 17:43:11][info] k:trade_type=>NATIVE
[2017-09-25 17:43:11][info] k:transaction_id=>4200000008201709254190019864
[2017-09-25 17:43:11][info] ----------------------------------------
[2017-09-25 17:43:11][info] XML_DATA222:{"appid":"wxefc029d4373dcac0","bank_type":"CMB_CREDIT","cash_fee":"1890.00","fee_type":"CNY","is_subscribe":"N","mch_id":"1244967502","nonce_str":"zhuvfdbk9tynp8z6by5o7hn8d6tvr0ec","openid":"orYumuCc4ZTR_EDMpKv1jdtZG_HE","out_trade_no":"LX-17091518075048201-0","result_code":"SUCCESS","return_code":"SUCCESS","sign":"27714EF5DD532111D022D40CF6332741","time_end":"20170925174311","total_fee":"1890.00","trade_type":"NATIVE","transaction_id":"4200000008201709254190019864"}
[2017-09-25 17:43:11][warn] 数据存储成功，并成功返回记录编号19252！
[2017-09-25 17:43:22][info] ----------------------------------------
[2017-09-25 17:43:22][info] XML_DATA111:[{appid=>wxefc029d4373dcac0}{bank_type=>CMB_CREDIT}{cash_fee=>189000}{fee_type=>CNY}{is_subscribe=>N}{mch_id=>1244967502}{nonce_str=>zhuvfdbk9tynp8z6by5o7hn8d6tvr0ec}{openid=>orYumuCc4ZTR_EDMpKv1jdtZG_HE}{out_trade_no=>LX-17091518075048201-0}{result_code=>SUCCESS}{return_code=>SUCCESS}{sign=>27714EF5DD532111D022D40CF6332741}{time_end=>20170925174311}{total_fee=>189000}{trade_type=>NATIVE}{transaction_id=>4200000008201709254190019864}]
[2017-09-25 17:43:22][info] k:appid=>wxefc029d4373dcac0
[2017-09-25 17:43:22][info] k:bank_type=>CMB_CREDIT
[2017-09-25 17:43:22][info] k:cash_fee=>189000
[2017-09-25 17:43:22][info] k:fee_type=>CNY
[2017-09-25 17:43:22][info] k:is_subscribe=>N
[2017-09-25 17:43:22][info] k:mch_id=>1244967502
[2017-09-25 17:43:22][info] k:nonce_str=>zhuvfdbk9tynp8z6by5o7hn8d6tvr0ec
[2017-09-25 17:43:22][info] k:openid=>orYumuCc4ZTR_EDMpKv1jdtZG_HE
[2017-09-25 17:43:22][info] k:out_trade_no=>LX-17091518075048201-0
[2017-09-25 17:43:22][info] k:result_code=>SUCCESS
[2017-09-25 17:43:22][info] k:return_code=>SUCCESS
[2017-09-25 17:43:22][info] k:sign=>27714EF5DD532111D022D40CF6332741
[2017-09-25 17:43:22][info] k:time_end=>20170925174311
[2017-09-25 17:43:22][info] k:total_fee=>189000
[2017-09-25 17:43:22][info] k:trade_type=>NATIVE
[2017-09-25 17:43:22][info] k:transaction_id=>4200000008201709254190019864
[2017-09-25 17:43:22][info] ----------------------------------------
[2017-09-25 17:43:22][info] XML_DATA222:{"appid":"wxefc029d4373dcac0","bank_type":"CMB_CREDIT","cash_fee":"1890.00","fee_type":"CNY","is_subscribe":"N","mch_id":"1244967502","nonce_str":"zhuvfdbk9tynp8z6by5o7hn8d6tvr0ec","openid":"orYumuCc4ZTR_EDMpKv1jdtZG_HE","out_trade_no":"LX-17091518075048201-0","result_code":"SUCCESS","return_code":"SUCCESS","sign":"27714EF5DD532111D022D40CF6332741","time_end":"20170925174311","total_fee":"1890.00","trade_type":"NATIVE","transaction_id":"4200000008201709254190019864"}
[2017-09-25 17:43:22][info] 收到重复信息，并处理反馈成功！
[2017-09-25 17:43:22][info] success
[2017-09-25 17:43:22][info] 写入结束!!!
[2017-09-25 19:12:08][info] ----------------------------------------
[2017-09-25 19:12:08][info] XML_DATA111:[{appid=>wxefc029d4373dcac0}{bank_type=>CMB_CREDIT}{cash_fee=>503000}{fee_type=>CNY}{is_subscribe=>N}{mch_id=>1244967502}{nonce_str=>j1h026ymkbb72av8hkget3ipr304qdtz}{openid=>orYumuItlKl34UDuCWPMnyTAUpVU}{out_trade_no=>LX-17083022274018606-1}{result_code=>SUCCESS}{return_code=>SUCCESS}{sign=>68191B51500844A97CB26D3D2D5458A3}{time_end=>20170925191207}{total_fee=>503000}{trade_type=>NATIVE}{transaction_id=>4200000029201709254212572459}]
[2017-09-25 19:12:08][info] k:appid=>wxefc029d4373dcac0
[2017-09-25 19:12:08][info] k:bank_type=>CMB_CREDIT
[2017-09-25 19:12:08][info] k:cash_fee=>503000
[2017-09-25 19:12:08][info] k:fee_type=>CNY
[2017-09-25 19:12:08][info] k:is_subscribe=>N
[2017-09-25 19:12:08][info] k:mch_id=>1244967502
[2017-09-25 19:12:08][info] k:nonce_str=>j1h026ymkbb72av8hkget3ipr304qdtz
[2017-09-25 19:12:08][info] k:openid=>orYumuItlKl34UDuCWPMnyTAUpVU
[2017-09-25 19:12:08][info] k:out_trade_no=>LX-17083022274018606-1
[2017-09-25 19:12:08][info] k:result_code=>SUCCESS
[2017-09-25 19:12:08][info] k:return_code=>SUCCESS
[2017-09-25 19:12:08][info] k:sign=>68191B51500844A97CB26D3D2D5458A3
[2017-09-25 19:12:08][info] k:time_end=>20170925191207
[2017-09-25 19:12:08][info] k:total_fee=>503000
[2017-09-25 19:12:08][info] k:trade_type=>NATIVE
[2017-09-25 19:12:08][info] k:transaction_id=>4200000029201709254212572459
[2017-09-25 19:12:08][info] ----------------------------------------
[2017-09-25 19:12:08][info] XML_DATA222:{"appid":"wxefc029d4373dcac0","bank_type":"CMB_CREDIT","cash_fee":"5030.00","fee_type":"CNY","is_subscribe":"N","mch_id":"1244967502","nonce_str":"j1h026ymkbb72av8hkget3ipr304qdtz","openid":"orYumuItlKl34UDuCWPMnyTAUpVU","out_trade_no":"LX-17083022274018606-1","result_code":"SUCCESS","return_code":"SUCCESS","sign":"68191B51500844A97CB26D3D2D5458A3","time_end":"20170925191207","total_fee":"5030.00","trade_type":"NATIVE","transaction_id":"4200000029201709254212572459"}
[2017-09-25 19:12:08][warn] 数据存储成功，并成功返回记录编号19253！
[2017-09-25 19:12:24][info] ----------------------------------------
[2017-09-25 19:12:24][info] XML_DATA111:[{appid=>wxefc029d4373dcac0}{bank_type=>CMB_CREDIT}{cash_fee=>503000}{fee_type=>CNY}{is_subscribe=>N}{mch_id=>1244967502}{nonce_str=>j1h026ymkbb72av8hkget3ipr304qdtz}{openid=>orYumuItlKl34UDuCWPMnyTAUpVU}{out_trade_no=>LX-17083022274018606-1}{result_code=>SUCCESS}{return_code=>SUCCESS}{sign=>68191B51500844A97CB26D3D2D5458A3}{time_end=>20170925191207}{total_fee=>503000}{trade_type=>NATIVE}{transaction_id=>4200000029201709254212572459}]
[2017-09-25 19:12:24][info] k:appid=>wxefc029d4373dcac0
[2017-09-25 19:12:24][info] k:bank_type=>CMB_CREDIT
[2017-09-25 19:12:24][info] k:cash_fee=>503000
[2017-09-25 19:12:24][info] k:fee_type=>CNY
[2017-09-25 19:12:24][info] k:is_subscribe=>N
[2017-09-25 19:12:24][info] k:mch_id=>1244967502
[2017-09-25 19:12:24][info] k:nonce_str=>j1h026ymkbb72av8hkget3ipr304qdtz
[2017-09-25 19:12:24][info] k:openid=>orYumuItlKl34UDuCWPMnyTAUpVU
[2017-09-25 19:12:24][info] k:out_trade_no=>LX-17083022274018606-1
[2017-09-25 19:12:24][info] k:result_code=>SUCCESS
[2017-09-25 19:12:24][info] k:return_code=>SUCCESS
[2017-09-25 19:12:24][info] k:sign=>68191B51500844A97CB26D3D2D5458A3
[2017-09-25 19:12:24][info] k:time_end=>20170925191207
[2017-09-25 19:12:24][info] k:total_fee=>503000
[2017-09-25 19:12:24][info] k:trade_type=>NATIVE
[2017-09-25 19:12:24][info] k:transaction_id=>4200000029201709254212572459
[2017-09-25 19:12:24][info] ----------------------------------------
[2017-09-25 19:12:24][info] XML_DATA222:{"appid":"wxefc029d4373dcac0","bank_type":"CMB_CREDIT","cash_fee":"5030.00","fee_type":"CNY","is_subscribe":"N","mch_id":"1244967502","nonce_str":"j1h026ymkbb72av8hkget3ipr304qdtz","openid":"orYumuItlKl34UDuCWPMnyTAUpVU","out_trade_no":"LX-17083022274018606-1","result_code":"SUCCESS","return_code":"SUCCESS","sign":"68191B51500844A97CB26D3D2D5458A3","time_end":"20170925191207","total_fee":"5030.00","trade_type":"NATIVE","transaction_id":"4200000029201709254212572459"}
[2017-09-25 19:12:24][info] 收到重复信息，并处理反馈成功！
[2017-09-25 19:12:24][info] success
[2017-09-25 19:12:24][info] 写入结束!!!
