[2017-09-28 13:25:52][info] ----------------------------------------
[2017-09-28 13:25:52][info] XML_DATA111:[{appid=>wxefc029d4373dcac0}{bank_type=>CCB_CREDIT}{cash_fee=>984000}{fee_type=>CNY}{is_subscribe=>N}{mch_id=>1244967502}{nonce_str=>kcqevfl5ma2d2upgqe0u5vdqcn2gckol}{openid=>orYumuHwwG-pFa1itvPvHkhzu2Ak}{out_trade_no=>LX-17092216582676006-2}{result_code=>SUCCESS}{return_code=>SUCCESS}{sign=>5B670C651D76D42C2F99996E5CD7A6E3}{time_end=>20170928132552}{total_fee=>984000}{trade_type=>NATIVE}{transaction_id=>4200000024201709284736923755}]
[2017-09-28 13:25:52][info] k:appid=>wxefc029d4373dcac0
[2017-09-28 13:25:52][info] k:bank_type=>CCB_CREDIT
[2017-09-28 13:25:52][info] k:cash_fee=>984000
[2017-09-28 13:25:52][info] k:fee_type=>CNY
[2017-09-28 13:25:52][info] k:is_subscribe=>N
[2017-09-28 13:25:52][info] k:mch_id=>1244967502
[2017-09-28 13:25:52][info] k:nonce_str=>kcqevfl5ma2d2upgqe0u5vdqcn2gckol
[2017-09-28 13:25:52][info] k:openid=>orYumuHwwG-pFa1itvPvHkhzu2Ak
[2017-09-28 13:25:52][info] k:out_trade_no=>LX-17092216582676006-2
[2017-09-28 13:25:52][info] k:result_code=>SUCCESS
[2017-09-28 13:25:52][info] k:return_code=>SUCCESS
[2017-09-28 13:25:52][info] k:sign=>5B670C651D76D42C2F99996E5CD7A6E3
[2017-09-28 13:25:52][info] k:time_end=>20170928132552
[2017-09-28 13:25:52][info] k:total_fee=>984000
[2017-09-28 13:25:52][info] k:trade_type=>NATIVE
[2017-09-28 13:25:52][info] k:transaction_id=>4200000024201709284736923755
[2017-09-28 13:25:52][info] ----------------------------------------
[2017-09-28 13:25:52][info] XML_DATA222:{"appid":"wxefc029d4373dcac0","bank_type":"CCB_CREDIT","cash_fee":"9840.00","fee_type":"CNY","is_subscribe":"N","mch_id":"1244967502","nonce_str":"kcqevfl5ma2d2upgqe0u5vdqcn2gckol","openid":"orYumuHwwG-pFa1itvPvHkhzu2Ak","out_trade_no":"LX-17092216582676006-2","result_code":"SUCCESS","return_code":"SUCCESS","sign":"5B670C651D76D42C2F99996E5CD7A6E3","time_end":"20170928132552","total_fee":"9840.00","trade_type":"NATIVE","transaction_id":"4200000024201709284736923755"}
[2017-09-28 13:25:53][warn] 数据存储成功，并成功返回记录编号19297！
[2017-09-28 13:26:04][info] ----------------------------------------
[2017-09-28 13:26:04][info] XML_DATA111:[{appid=>wxefc029d4373dcac0}{bank_type=>CCB_CREDIT}{cash_fee=>984000}{fee_type=>CNY}{is_subscribe=>N}{mch_id=>1244967502}{nonce_str=>kcqevfl5ma2d2upgqe0u5vdqcn2gckol}{openid=>orYumuHwwG-pFa1itvPvHkhzu2Ak}{out_trade_no=>LX-17092216582676006-2}{result_code=>SUCCESS}{return_code=>SUCCESS}{sign=>5B670C651D76D42C2F99996E5CD7A6E3}{time_end=>20170928132552}{total_fee=>984000}{trade_type=>NATIVE}{transaction_id=>4200000024201709284736923755}]
[2017-09-28 13:26:04][info] k:appid=>wxefc029d4373dcac0
[2017-09-28 13:26:04][info] k:bank_type=>CCB_CREDIT
[2017-09-28 13:26:04][info] k:cash_fee=>984000
[2017-09-28 13:26:04][info] k:fee_type=>CNY
[2017-09-28 13:26:04][info] k:is_subscribe=>N
[2017-09-28 13:26:04][info] k:mch_id=>1244967502
[2017-09-28 13:26:04][info] k:nonce_str=>kcqevfl5ma2d2upgqe0u5vdqcn2gckol
[2017-09-28 13:26:04][info] k:openid=>orYumuHwwG-pFa1itvPvHkhzu2Ak
[2017-09-28 13:26:04][info] k:out_trade_no=>LX-17092216582676006-2
[2017-09-28 13:26:04][info] k:result_code=>SUCCESS
[2017-09-28 13:26:04][info] k:return_code=>SUCCESS
[2017-09-28 13:26:04][info] k:sign=>5B670C651D76D42C2F99996E5CD7A6E3
[2017-09-28 13:26:04][info] k:time_end=>20170928132552
[2017-09-28 13:26:04][info] k:total_fee=>984000
[2017-09-28 13:26:04][info] k:trade_type=>NATIVE
[2017-09-28 13:26:04][info] k:transaction_id=>4200000024201709284736923755
[2017-09-28 13:26:04][info] ----------------------------------------
[2017-09-28 13:26:04][info] XML_DATA222:{"appid":"wxefc029d4373dcac0","bank_type":"CCB_CREDIT","cash_fee":"9840.00","fee_type":"CNY","is_subscribe":"N","mch_id":"1244967502","nonce_str":"kcqevfl5ma2d2upgqe0u5vdqcn2gckol","openid":"orYumuHwwG-pFa1itvPvHkhzu2Ak","out_trade_no":"LX-17092216582676006-2","result_code":"SUCCESS","return_code":"SUCCESS","sign":"5B670C651D76D42C2F99996E5CD7A6E3","time_end":"20170928132552","total_fee":"9840.00","trade_type":"NATIVE","transaction_id":"4200000024201709284736923755"}
[2017-09-28 13:26:04][info] 收到重复信息，并处理反馈成功！
[2017-09-28 13:26:04][info] success
[2017-09-28 13:26:04][info] 写入结束!!!
