[2017-03-19 01:37:49][info] ----------------------------------------
[2017-03-19 01:37:49][info] XML_DATA111:[{appid=>wxefc029d4373dcac0}{bank_type=>CCB_DEBIT}{cash_fee=>358000}{fee_type=>CNY}{is_subscribe=>Y}{mch_id=>1244967502}{nonce_str=>dhcpz26a0k0ugxnwbckzqa28b1sgiatl}{openid=>orYumuB7qY7nlx2rkYHObqYn5tX8}{out_trade_no=>LX-17020717333174706-2}{result_code=>SUCCESS}{return_code=>SUCCESS}{sign=>8E821174511CF6D58FC8935ACC5B594D}{time_end=>20170319013748}{total_fee=>358000}{trade_type=>NATIVE}{transaction_id=>4005252001201703193856047951}]
[2017-03-19 01:37:49][info] k:appid=>wxefc029d4373dcac0
[2017-03-19 01:37:49][info] k:bank_type=>CCB_DEBIT
[2017-03-19 01:37:49][info] k:cash_fee=>358000
[2017-03-19 01:37:49][info] k:fee_type=>CNY
[2017-03-19 01:37:49][info] k:is_subscribe=>Y
[2017-03-19 01:37:49][info] k:mch_id=>1244967502
[2017-03-19 01:37:49][info] k:nonce_str=>dhcpz26a0k0ugxnwbckzqa28b1sgiatl
[2017-03-19 01:37:49][info] k:openid=>orYumuB7qY7nlx2rkYHObqYn5tX8
[2017-03-19 01:37:49][info] k:out_trade_no=>LX-17020717333174706-2
[2017-03-19 01:37:49][info] k:result_code=>SUCCESS
[2017-03-19 01:37:49][info] k:return_code=>SUCCESS
[2017-03-19 01:37:49][info] k:sign=>8E821174511CF6D58FC8935ACC5B594D
[2017-03-19 01:37:49][info] k:time_end=>20170319013748
[2017-03-19 01:37:49][info] k:total_fee=>358000
[2017-03-19 01:37:49][info] k:trade_type=>NATIVE
[2017-03-19 01:37:49][info] k:transaction_id=>4005252001201703193856047951
[2017-03-19 01:37:49][info] ----------------------------------------
[2017-03-19 01:37:49][info] XML_DATA222:{"appid":"wxefc029d4373dcac0","bank_type":"CCB_DEBIT","cash_fee":"3580.00","fee_type":"CNY","is_subscribe":"Y","mch_id":"1244967502","nonce_str":"dhcpz26a0k0ugxnwbckzqa28b1sgiatl","openid":"orYumuB7qY7nlx2rkYHObqYn5tX8","out_trade_no":"LX-17020717333174706-2","result_code":"SUCCESS","return_code":"SUCCESS","sign":"8E821174511CF6D58FC8935ACC5B594D","time_end":"20170319013748","total_fee":"3580.00","trade_type":"NATIVE","transaction_id":"4005252001201703193856047951"}
[2017-03-19 01:37:49][warn] 数据存储成功，并成功返回记录编号17390！
[2017-03-19 01:38:03][info] ----------------------------------------
[2017-03-19 01:38:03][info] XML_DATA111:[{appid=>wxefc029d4373dcac0}{bank_type=>CCB_DEBIT}{cash_fee=>358000}{fee_type=>CNY}{is_subscribe=>Y}{mch_id=>1244967502}{nonce_str=>dhcpz26a0k0ugxnwbckzqa28b1sgiatl}{openid=>orYumuB7qY7nlx2rkYHObqYn5tX8}{out_trade_no=>LX-17020717333174706-2}{result_code=>SUCCESS}{return_code=>SUCCESS}{sign=>8E821174511CF6D58FC8935ACC5B594D}{time_end=>20170319013748}{total_fee=>358000}{trade_type=>NATIVE}{transaction_id=>4005252001201703193856047951}]
[2017-03-19 01:38:03][info] k:appid=>wxefc029d4373dcac0
[2017-03-19 01:38:03][info] k:bank_type=>CCB_DEBIT
[2017-03-19 01:38:03][info] k:cash_fee=>358000
[2017-03-19 01:38:03][info] k:fee_type=>CNY
[2017-03-19 01:38:03][info] k:is_subscribe=>Y
[2017-03-19 01:38:03][info] k:mch_id=>1244967502
[2017-03-19 01:38:03][info] k:nonce_str=>dhcpz26a0k0ugxnwbckzqa28b1sgiatl
[2017-03-19 01:38:03][info] k:openid=>orYumuB7qY7nlx2rkYHObqYn5tX8
[2017-03-19 01:38:03][info] k:out_trade_no=>LX-17020717333174706-2
[2017-03-19 01:38:03][info] k:result_code=>SUCCESS
[2017-03-19 01:38:03][info] k:return_code=>SUCCESS
[2017-03-19 01:38:03][info] k:sign=>8E821174511CF6D58FC8935ACC5B594D
[2017-03-19 01:38:03][info] k:time_end=>20170319013748
[2017-03-19 01:38:03][info] k:total_fee=>358000
[2017-03-19 01:38:03][info] k:trade_type=>NATIVE
[2017-03-19 01:38:03][info] k:transaction_id=>4005252001201703193856047951
[2017-03-19 01:38:03][info] ----------------------------------------
[2017-03-19 01:38:03][info] XML_DATA222:{"appid":"wxefc029d4373dcac0","bank_type":"CCB_DEBIT","cash_fee":"3580.00","fee_type":"CNY","is_subscribe":"Y","mch_id":"1244967502","nonce_str":"dhcpz26a0k0ugxnwbckzqa28b1sgiatl","openid":"orYumuB7qY7nlx2rkYHObqYn5tX8","out_trade_no":"LX-17020717333174706-2","result_code":"SUCCESS","return_code":"SUCCESS","sign":"8E821174511CF6D58FC8935ACC5B594D","time_end":"20170319013748","total_fee":"3580.00","trade_type":"NATIVE","transaction_id":"4005252001201703193856047951"}
[2017-03-19 01:38:04][info] 收到重复信息，并处理反馈成功！
[2017-03-19 01:38:04][info] success
[2017-03-19 01:38:04][info] 写入结束!!!
[2017-03-19 12:29:13][info] ----------------------------------------
[2017-03-19 12:29:13][info] XML_DATA111:[{appid=>wxefc029d4373dcac0}{bank_type=>CCB_CREDIT}{cash_fee=>176500}{fee_type=>CNY}{is_subscribe=>N}{mch_id=>1244967502}{nonce_str=>43mhtwdkv99jerlx7vgp0vywd2safz5t}{openid=>orYumuHc19mP2R_coTWixXj5cOe4}{out_trade_no=>LX-17022413110112601-d}{result_code=>SUCCESS}{return_code=>SUCCESS}{sign=>D54EA79A9079116F227457B2527B0178}{time_end=>20170319122912}{total_fee=>176500}{trade_type=>NATIVE}{transaction_id=>4000762001201703193894689500}]
[2017-03-19 12:29:13][info] k:appid=>wxefc029d4373dcac0
[2017-03-19 12:29:13][info] k:bank_type=>CCB_CREDIT
[2017-03-19 12:29:13][info] k:cash_fee=>176500
[2017-03-19 12:29:13][info] k:fee_type=>CNY
[2017-03-19 12:29:13][info] k:is_subscribe=>N
[2017-03-19 12:29:13][info] k:mch_id=>1244967502
[2017-03-19 12:29:13][info] k:nonce_str=>43mhtwdkv99jerlx7vgp0vywd2safz5t
[2017-03-19 12:29:13][info] k:openid=>orYumuHc19mP2R_coTWixXj5cOe4
[2017-03-19 12:29:13][info] k:out_trade_no=>LX-17022413110112601-d
[2017-03-19 12:29:13][info] k:result_code=>SUCCESS
[2017-03-19 12:29:13][info] k:return_code=>SUCCESS
[2017-03-19 12:29:13][info] k:sign=>D54EA79A9079116F227457B2527B0178
[2017-03-19 12:29:13][info] k:time_end=>20170319122912
[2017-03-19 12:29:13][info] k:total_fee=>176500
[2017-03-19 12:29:13][info] k:trade_type=>NATIVE
[2017-03-19 12:29:13][info] k:transaction_id=>4000762001201703193894689500
[2017-03-19 12:29:13][info] ----------------------------------------
[2017-03-19 12:29:13][info] XML_DATA222:{"appid":"wxefc029d4373dcac0","bank_type":"CCB_CREDIT","cash_fee":"1765.00","fee_type":"CNY","is_subscribe":"N","mch_id":"1244967502","nonce_str":"43mhtwdkv99jerlx7vgp0vywd2safz5t","openid":"orYumuHc19mP2R_coTWixXj5cOe4","out_trade_no":"LX-17022413110112601-d","result_code":"SUCCESS","return_code":"SUCCESS","sign":"D54EA79A9079116F227457B2527B0178","time_end":"20170319122912","total_fee":"1765.00","trade_type":"NATIVE","transaction_id":"4000762001201703193894689500"}
[2017-03-19 12:29:13][warn] 数据存储成功，并成功返回记录编号17392！
[2017-03-19 12:29:28][info] ----------------------------------------
[2017-03-19 12:29:28][info] XML_DATA111:[{appid=>wxefc029d4373dcac0}{bank_type=>CCB_CREDIT}{cash_fee=>176500}{fee_type=>CNY}{is_subscribe=>N}{mch_id=>1244967502}{nonce_str=>43mhtwdkv99jerlx7vgp0vywd2safz5t}{openid=>orYumuHc19mP2R_coTWixXj5cOe4}{out_trade_no=>LX-17022413110112601-d}{result_code=>SUCCESS}{return_code=>SUCCESS}{sign=>D54EA79A9079116F227457B2527B0178}{time_end=>20170319122912}{total_fee=>176500}{trade_type=>NATIVE}{transaction_id=>4000762001201703193894689500}]
[2017-03-19 12:29:28][info] k:appid=>wxefc029d4373dcac0
[2017-03-19 12:29:28][info] k:bank_type=>CCB_CREDIT
[2017-03-19 12:29:28][info] k:cash_fee=>176500
[2017-03-19 12:29:28][info] k:fee_type=>CNY
[2017-03-19 12:29:28][info] k:is_subscribe=>N
[2017-03-19 12:29:28][info] k:mch_id=>1244967502
[2017-03-19 12:29:28][info] k:nonce_str=>43mhtwdkv99jerlx7vgp0vywd2safz5t
[2017-03-19 12:29:28][info] k:openid=>orYumuHc19mP2R_coTWixXj5cOe4
[2017-03-19 12:29:28][info] k:out_trade_no=>LX-17022413110112601-d
[2017-03-19 12:29:28][info] k:result_code=>SUCCESS
[2017-03-19 12:29:28][info] k:return_code=>SUCCESS
[2017-03-19 12:29:28][info] k:sign=>D54EA79A9079116F227457B2527B0178
[2017-03-19 12:29:28][info] k:time_end=>20170319122912
[2017-03-19 12:29:28][info] k:total_fee=>176500
[2017-03-19 12:29:28][info] k:trade_type=>NATIVE
[2017-03-19 12:29:28][info] k:transaction_id=>4000762001201703193894689500
[2017-03-19 12:29:28][info] ----------------------------------------
[2017-03-19 12:29:28][info] XML_DATA222:{"appid":"wxefc029d4373dcac0","bank_type":"CCB_CREDIT","cash_fee":"1765.00","fee_type":"CNY","is_subscribe":"N","mch_id":"1244967502","nonce_str":"43mhtwdkv99jerlx7vgp0vywd2safz5t","openid":"orYumuHc19mP2R_coTWixXj5cOe4","out_trade_no":"LX-17022413110112601-d","result_code":"SUCCESS","return_code":"SUCCESS","sign":"D54EA79A9079116F227457B2527B0178","time_end":"20170319122912","total_fee":"1765.00","trade_type":"NATIVE","transaction_id":"4000762001201703193894689500"}
[2017-03-19 12:29:28][info] 收到重复信息，并处理反馈成功！
[2017-03-19 12:29:28][info] success
[2017-03-19 12:29:28][info] 写入结束!!!
[2017-03-19 12:30:18][info] ----------------------------------------
[2017-03-19 12:30:18][info] XML_DATA111:[{appid=>wxefc029d4373dcac0}{bank_type=>CCB_CREDIT}{cash_fee=>351500}{fee_type=>CNY}{is_subscribe=>Y}{mch_id=>1244967502}{nonce_str=>cmdavzws9klmjtkhwzf0ffp1iddm39qc}{openid=>orYumuHc19mP2R_coTWixXj5cOe4}{out_trade_no=>LX-17022118005111301-a}{result_code=>SUCCESS}{return_code=>SUCCESS}{sign=>701B4210A6CCCB029615DEDD4FA91AC7}{time_end=>20170319123017}{total_fee=>351500}{trade_type=>NATIVE}{transaction_id=>4000762001201703193894721708}]
[2017-03-19 12:30:18][info] k:appid=>wxefc029d4373dcac0
[2017-03-19 12:30:18][info] k:bank_type=>CCB_CREDIT
[2017-03-19 12:30:18][info] k:cash_fee=>351500
[2017-03-19 12:30:18][info] k:fee_type=>CNY
[2017-03-19 12:30:18][info] k:is_subscribe=>Y
[2017-03-19 12:30:18][info] k:mch_id=>1244967502
[2017-03-19 12:30:18][info] k:nonce_str=>cmdavzws9klmjtkhwzf0ffp1iddm39qc
[2017-03-19 12:30:18][info] k:openid=>orYumuHc19mP2R_coTWixXj5cOe4
[2017-03-19 12:30:18][info] k:out_trade_no=>LX-17022118005111301-a
[2017-03-19 12:30:18][info] k:result_code=>SUCCESS
[2017-03-19 12:30:18][info] k:return_code=>SUCCESS
[2017-03-19 12:30:18][info] k:sign=>701B4210A6CCCB029615DEDD4FA91AC7
[2017-03-19 12:30:18][info] k:time_end=>20170319123017
[2017-03-19 12:30:18][info] k:total_fee=>351500
[2017-03-19 12:30:18][info] k:trade_type=>NATIVE
[2017-03-19 12:30:18][info] k:transaction_id=>4000762001201703193894721708
[2017-03-19 12:30:18][info] ----------------------------------------
[2017-03-19 12:30:18][info] XML_DATA222:{"appid":"wxefc029d4373dcac0","bank_type":"CCB_CREDIT","cash_fee":"3515.00","fee_type":"CNY","is_subscribe":"Y","mch_id":"1244967502","nonce_str":"cmdavzws9klmjtkhwzf0ffp1iddm39qc","openid":"orYumuHc19mP2R_coTWixXj5cOe4","out_trade_no":"LX-17022118005111301-a","result_code":"SUCCESS","return_code":"SUCCESS","sign":"701B4210A6CCCB029615DEDD4FA91AC7","time_end":"20170319123017","total_fee":"3515.00","trade_type":"NATIVE","transaction_id":"4000762001201703193894721708"}
[2017-03-19 12:30:18][warn] 数据存储成功，并成功返回记录编号17393！
[2017-03-19 12:30:32][info] ----------------------------------------
[2017-03-19 12:30:32][info] XML_DATA111:[{appid=>wxefc029d4373dcac0}{bank_type=>CCB_CREDIT}{cash_fee=>351500}{fee_type=>CNY}{is_subscribe=>Y}{mch_id=>1244967502}{nonce_str=>cmdavzws9klmjtkhwzf0ffp1iddm39qc}{openid=>orYumuHc19mP2R_coTWixXj5cOe4}{out_trade_no=>LX-17022118005111301-a}{result_code=>SUCCESS}{return_code=>SUCCESS}{sign=>701B4210A6CCCB029615DEDD4FA91AC7}{time_end=>20170319123017}{total_fee=>351500}{trade_type=>NATIVE}{transaction_id=>4000762001201703193894721708}]
[2017-03-19 12:30:32][info] k:appid=>wxefc029d4373dcac0
[2017-03-19 12:30:32][info] k:bank_type=>CCB_CREDIT
[2017-03-19 12:30:32][info] k:cash_fee=>351500
[2017-03-19 12:30:32][info] k:fee_type=>CNY
[2017-03-19 12:30:32][info] k:is_subscribe=>Y
[2017-03-19 12:30:32][info] k:mch_id=>1244967502
[2017-03-19 12:30:32][info] k:nonce_str=>cmdavzws9klmjtkhwzf0ffp1iddm39qc
[2017-03-19 12:30:32][info] k:openid=>orYumuHc19mP2R_coTWixXj5cOe4
[2017-03-19 12:30:32][info] k:out_trade_no=>LX-17022118005111301-a
[2017-03-19 12:30:32][info] k:result_code=>SUCCESS
[2017-03-19 12:30:32][info] k:return_code=>SUCCESS
[2017-03-19 12:30:32][info] k:sign=>701B4210A6CCCB029615DEDD4FA91AC7
[2017-03-19 12:30:32][info] k:time_end=>20170319123017
[2017-03-19 12:30:32][info] k:total_fee=>351500
[2017-03-19 12:30:32][info] k:trade_type=>NATIVE
[2017-03-19 12:30:32][info] k:transaction_id=>4000762001201703193894721708
[2017-03-19 12:30:32][info] ----------------------------------------
[2017-03-19 12:30:32][info] XML_DATA222:{"appid":"wxefc029d4373dcac0","bank_type":"CCB_CREDIT","cash_fee":"3515.00","fee_type":"CNY","is_subscribe":"Y","mch_id":"1244967502","nonce_str":"cmdavzws9klmjtkhwzf0ffp1iddm39qc","openid":"orYumuHc19mP2R_coTWixXj5cOe4","out_trade_no":"LX-17022118005111301-a","result_code":"SUCCESS","return_code":"SUCCESS","sign":"701B4210A6CCCB029615DEDD4FA91AC7","time_end":"20170319123017","total_fee":"3515.00","trade_type":"NATIVE","transaction_id":"4000762001201703193894721708"}
[2017-03-19 12:30:32][info] 收到重复信息，并处理反馈成功！
[2017-03-19 12:30:32][info] success
[2017-03-19 12:30:32][info] 写入结束!!!
[2017-03-19 12:31:16][info] ----------------------------------------
[2017-03-19 12:31:16][info] XML_DATA111:[{appid=>wxefc029d4373dcac0}{bank_type=>CCB_CREDIT}{cash_fee=>176500}{fee_type=>CNY}{is_subscribe=>Y}{mch_id=>1244967502}{nonce_str=>gfqlult5yl5m3beztq2zrnzjcpiz8biu}{openid=>orYumuHc19mP2R_coTWixXj5cOe4}{out_trade_no=>LX-17022117504759501-9}{result_code=>SUCCESS}{return_code=>SUCCESS}{sign=>80FEE9062B30DF3524EDEDE0A27FFA5B}{time_end=>20170319123115}{total_fee=>176500}{trade_type=>NATIVE}{transaction_id=>4000762001201703193896432087}]
[2017-03-19 12:31:16][info] k:appid=>wxefc029d4373dcac0
[2017-03-19 12:31:16][info] k:bank_type=>CCB_CREDIT
[2017-03-19 12:31:16][info] k:cash_fee=>176500
[2017-03-19 12:31:16][info] k:fee_type=>CNY
[2017-03-19 12:31:16][info] k:is_subscribe=>Y
[2017-03-19 12:31:16][info] k:mch_id=>1244967502
[2017-03-19 12:31:16][info] k:nonce_str=>gfqlult5yl5m3beztq2zrnzjcpiz8biu
[2017-03-19 12:31:16][info] k:openid=>orYumuHc19mP2R_coTWixXj5cOe4
[2017-03-19 12:31:16][info] k:out_trade_no=>LX-17022117504759501-9
[2017-03-19 12:31:16][info] k:result_code=>SUCCESS
[2017-03-19 12:31:16][info] k:return_code=>SUCCESS
[2017-03-19 12:31:16][info] k:sign=>80FEE9062B30DF3524EDEDE0A27FFA5B
[2017-03-19 12:31:16][info] k:time_end=>20170319123115
[2017-03-19 12:31:16][info] k:total_fee=>176500
[2017-03-19 12:31:16][info] k:trade_type=>NATIVE
[2017-03-19 12:31:16][info] k:transaction_id=>4000762001201703193896432087
[2017-03-19 12:31:16][info] ----------------------------------------
[2017-03-19 12:31:16][info] XML_DATA222:{"appid":"wxefc029d4373dcac0","bank_type":"CCB_CREDIT","cash_fee":"1765.00","fee_type":"CNY","is_subscribe":"Y","mch_id":"1244967502","nonce_str":"gfqlult5yl5m3beztq2zrnzjcpiz8biu","openid":"orYumuHc19mP2R_coTWixXj5cOe4","out_trade_no":"LX-17022117504759501-9","result_code":"SUCCESS","return_code":"SUCCESS","sign":"80FEE9062B30DF3524EDEDE0A27FFA5B","time_end":"20170319123115","total_fee":"1765.00","trade_type":"NATIVE","transaction_id":"4000762001201703193896432087"}
[2017-03-19 12:31:16][warn] 数据存储成功，并成功返回记录编号17394！
[2017-03-19 12:31:26][info] ----------------------------------------
[2017-03-19 12:31:26][info] XML_DATA111:[{appid=>wxefc029d4373dcac0}{bank_type=>CCB_CREDIT}{cash_fee=>176500}{fee_type=>CNY}{is_subscribe=>Y}{mch_id=>1244967502}{nonce_str=>gfqlult5yl5m3beztq2zrnzjcpiz8biu}{openid=>orYumuHc19mP2R_coTWixXj5cOe4}{out_trade_no=>LX-17022117504759501-9}{result_code=>SUCCESS}{return_code=>SUCCESS}{sign=>80FEE9062B30DF3524EDEDE0A27FFA5B}{time_end=>20170319123115}{total_fee=>176500}{trade_type=>NATIVE}{transaction_id=>4000762001201703193896432087}]
[2017-03-19 12:31:26][info] k:appid=>wxefc029d4373dcac0
[2017-03-19 12:31:26][info] k:bank_type=>CCB_CREDIT
[2017-03-19 12:31:26][info] k:cash_fee=>176500
[2017-03-19 12:31:26][info] k:fee_type=>CNY
[2017-03-19 12:31:26][info] k:is_subscribe=>Y
[2017-03-19 12:31:26][info] k:mch_id=>1244967502
[2017-03-19 12:31:26][info] k:nonce_str=>gfqlult5yl5m3beztq2zrnzjcpiz8biu
[2017-03-19 12:31:26][info] k:openid=>orYumuHc19mP2R_coTWixXj5cOe4
[2017-03-19 12:31:26][info] k:out_trade_no=>LX-17022117504759501-9
[2017-03-19 12:31:26][info] k:result_code=>SUCCESS
[2017-03-19 12:31:26][info] k:return_code=>SUCCESS
[2017-03-19 12:31:26][info] k:sign=>80FEE9062B30DF3524EDEDE0A27FFA5B
[2017-03-19 12:31:26][info] k:time_end=>20170319123115
[2017-03-19 12:31:26][info] k:total_fee=>176500
[2017-03-19 12:31:26][info] k:trade_type=>NATIVE
[2017-03-19 12:31:26][info] k:transaction_id=>4000762001201703193896432087
[2017-03-19 12:31:26][info] ----------------------------------------
[2017-03-19 12:31:26][info] XML_DATA222:{"appid":"wxefc029d4373dcac0","bank_type":"CCB_CREDIT","cash_fee":"1765.00","fee_type":"CNY","is_subscribe":"Y","mch_id":"1244967502","nonce_str":"gfqlult5yl5m3beztq2zrnzjcpiz8biu","openid":"orYumuHc19mP2R_coTWixXj5cOe4","out_trade_no":"LX-17022117504759501-9","result_code":"SUCCESS","return_code":"SUCCESS","sign":"80FEE9062B30DF3524EDEDE0A27FFA5B","time_end":"20170319123115","total_fee":"1765.00","trade_type":"NATIVE","transaction_id":"4000762001201703193896432087"}
[2017-03-19 12:31:26][info] 收到重复信息，并处理反馈成功！
[2017-03-19 12:31:26][info] success
[2017-03-19 12:31:26][info] 写入结束!!!
[2017-03-19 12:32:06][info] ----------------------------------------
[2017-03-19 12:32:06][info] XML_DATA111:[{appid=>wxefc029d4373dcac0}{bank_type=>CCB_CREDIT}{cash_fee=>351500}{fee_type=>CNY}{is_subscribe=>Y}{mch_id=>1244967502}{nonce_str=>e7aicwmyxgojagy811cd2aonuycfaecm}{openid=>orYumuHc19mP2R_coTWixXj5cOe4}{out_trade_no=>LX-1702211754276401-6}{result_code=>SUCCESS}{return_code=>SUCCESS}{sign=>2795540DCDF323E7C5056A9ED02EA7CD}{time_end=>20170319123206}{total_fee=>351500}{trade_type=>NATIVE}{transaction_id=>4000762001201703193896448366}]
[2017-03-19 12:32:06][info] k:appid=>wxefc029d4373dcac0
[2017-03-19 12:32:06][info] k:bank_type=>CCB_CREDIT
[2017-03-19 12:32:06][info] k:cash_fee=>351500
[2017-03-19 12:32:06][info] k:fee_type=>CNY
[2017-03-19 12:32:06][info] k:is_subscribe=>Y
[2017-03-19 12:32:06][info] k:mch_id=>1244967502
[2017-03-19 12:32:06][info] k:nonce_str=>e7aicwmyxgojagy811cd2aonuycfaecm
[2017-03-19 12:32:06][info] k:openid=>orYumuHc19mP2R_coTWixXj5cOe4
[2017-03-19 12:32:06][info] k:out_trade_no=>LX-1702211754276401-6
[2017-03-19 12:32:06][info] k:result_code=>SUCCESS
[2017-03-19 12:32:06][info] k:return_code=>SUCCESS
[2017-03-19 12:32:06][info] k:sign=>2795540DCDF323E7C5056A9ED02EA7CD
[2017-03-19 12:32:06][info] k:time_end=>20170319123206
[2017-03-19 12:32:06][info] k:total_fee=>351500
[2017-03-19 12:32:06][info] k:trade_type=>NATIVE
[2017-03-19 12:32:06][info] k:transaction_id=>4000762001201703193896448366
[2017-03-19 12:32:06][info] ----------------------------------------
[2017-03-19 12:32:06][info] XML_DATA222:{"appid":"wxefc029d4373dcac0","bank_type":"CCB_CREDIT","cash_fee":"3515.00","fee_type":"CNY","is_subscribe":"Y","mch_id":"1244967502","nonce_str":"e7aicwmyxgojagy811cd2aonuycfaecm","openid":"orYumuHc19mP2R_coTWixXj5cOe4","out_trade_no":"LX-1702211754276401-6","result_code":"SUCCESS","return_code":"SUCCESS","sign":"2795540DCDF323E7C5056A9ED02EA7CD","time_end":"20170319123206","total_fee":"3515.00","trade_type":"NATIVE","transaction_id":"4000762001201703193896448366"}
[2017-03-19 12:32:07][warn] 数据存储成功，并成功返回记录编号17395！
[2017-03-19 12:32:23][info] ----------------------------------------
[2017-03-19 12:32:23][info] XML_DATA111:[{appid=>wxefc029d4373dcac0}{bank_type=>CCB_CREDIT}{cash_fee=>351500}{fee_type=>CNY}{is_subscribe=>Y}{mch_id=>1244967502}{nonce_str=>e7aicwmyxgojagy811cd2aonuycfaecm}{openid=>orYumuHc19mP2R_coTWixXj5cOe4}{out_trade_no=>LX-1702211754276401-6}{result_code=>SUCCESS}{return_code=>SUCCESS}{sign=>2795540DCDF323E7C5056A9ED02EA7CD}{time_end=>20170319123206}{total_fee=>351500}{trade_type=>NATIVE}{transaction_id=>4000762001201703193896448366}]
[2017-03-19 12:32:23][info] k:appid=>wxefc029d4373dcac0
[2017-03-19 12:32:23][info] k:bank_type=>CCB_CREDIT
[2017-03-19 12:32:23][info] k:cash_fee=>351500
[2017-03-19 12:32:23][info] k:fee_type=>CNY
[2017-03-19 12:32:23][info] k:is_subscribe=>Y
[2017-03-19 12:32:23][info] k:mch_id=>1244967502
[2017-03-19 12:32:23][info] k:nonce_str=>e7aicwmyxgojagy811cd2aonuycfaecm
[2017-03-19 12:32:23][info] k:openid=>orYumuHc19mP2R_coTWixXj5cOe4
[2017-03-19 12:32:23][info] k:out_trade_no=>LX-1702211754276401-6
[2017-03-19 12:32:23][info] k:result_code=>SUCCESS
[2017-03-19 12:32:23][info] k:return_code=>SUCCESS
[2017-03-19 12:32:23][info] k:sign=>2795540DCDF323E7C5056A9ED02EA7CD
[2017-03-19 12:32:23][info] k:time_end=>20170319123206
[2017-03-19 12:32:23][info] k:total_fee=>351500
[2017-03-19 12:32:23][info] k:trade_type=>NATIVE
[2017-03-19 12:32:23][info] k:transaction_id=>4000762001201703193896448366
[2017-03-19 12:32:23][info] ----------------------------------------
[2017-03-19 12:32:23][info] XML_DATA222:{"appid":"wxefc029d4373dcac0","bank_type":"CCB_CREDIT","cash_fee":"3515.00","fee_type":"CNY","is_subscribe":"Y","mch_id":"1244967502","nonce_str":"e7aicwmyxgojagy811cd2aonuycfaecm","openid":"orYumuHc19mP2R_coTWixXj5cOe4","out_trade_no":"LX-1702211754276401-6","result_code":"SUCCESS","return_code":"SUCCESS","sign":"2795540DCDF323E7C5056A9ED02EA7CD","time_end":"20170319123206","total_fee":"3515.00","trade_type":"NATIVE","transaction_id":"4000762001201703193896448366"}
[2017-03-19 12:32:23][info] 收到重复信息，并处理反馈成功！
[2017-03-19 12:32:23][info] success
[2017-03-19 12:32:23][info] 写入结束!!!
[2017-03-19 14:39:48][info] ----------------------------------------
[2017-03-19 14:39:48][info] XML_DATA111:[{appid=>wxefc029d4373dcac0}{bank_type=>CFT}{cash_fee=>179000}{fee_type=>CNY}{is_subscribe=>Y}{mch_id=>1244967502}{nonce_str=>rkay40i0xyjtnafkk5jvqtki47jbs8js}{openid=>orYumuJFioPlcBFpRi-xIxxaaZ9M}{out_trade_no=>LX-17022414153696401-9}{result_code=>SUCCESS}{return_code=>SUCCESS}{sign=>2F60336069D3BDF35DFAE3E7E486C1A9}{time_end=>20170319143948}{total_fee=>179000}{trade_type=>NATIVE}{transaction_id=>4004692001201703193906293461}]
[2017-03-19 14:39:48][info] k:appid=>wxefc029d4373dcac0
[2017-03-19 14:39:48][info] k:bank_type=>CFT
[2017-03-19 14:39:48][info] k:cash_fee=>179000
[2017-03-19 14:39:48][info] k:fee_type=>CNY
[2017-03-19 14:39:48][info] k:is_subscribe=>Y
[2017-03-19 14:39:48][info] k:mch_id=>1244967502
[2017-03-19 14:39:48][info] k:nonce_str=>rkay40i0xyjtnafkk5jvqtki47jbs8js
[2017-03-19 14:39:48][info] k:openid=>orYumuJFioPlcBFpRi-xIxxaaZ9M
[2017-03-19 14:39:48][info] k:out_trade_no=>LX-17022414153696401-9
[2017-03-19 14:39:48][info] k:result_code=>SUCCESS
[2017-03-19 14:39:48][info] k:return_code=>SUCCESS
[2017-03-19 14:39:48][info] k:sign=>2F60336069D3BDF35DFAE3E7E486C1A9
[2017-03-19 14:39:48][info] k:time_end=>20170319143948
[2017-03-19 14:39:48][info] k:total_fee=>179000
[2017-03-19 14:39:48][info] k:trade_type=>NATIVE
[2017-03-19 14:39:48][info] k:transaction_id=>4004692001201703193906293461
[2017-03-19 14:39:48][info] ----------------------------------------
[2017-03-19 14:39:48][info] XML_DATA222:{"appid":"wxefc029d4373dcac0","bank_type":"CFT","cash_fee":"1790.00","fee_type":"CNY","is_subscribe":"Y","mch_id":"1244967502","nonce_str":"rkay40i0xyjtnafkk5jvqtki47jbs8js","openid":"orYumuJFioPlcBFpRi-xIxxaaZ9M","out_trade_no":"LX-17022414153696401-9","result_code":"SUCCESS","return_code":"SUCCESS","sign":"2F60336069D3BDF35DFAE3E7E486C1A9","time_end":"20170319143948","total_fee":"1790.00","trade_type":"NATIVE","transaction_id":"4004692001201703193906293461"}
[2017-03-19 14:39:49][warn] 数据存储成功，并成功返回记录编号17397！
[2017-03-19 14:39:59][info] ----------------------------------------
[2017-03-19 14:39:59][info] XML_DATA111:[{appid=>wxefc029d4373dcac0}{bank_type=>CFT}{cash_fee=>179000}{fee_type=>CNY}{is_subscribe=>Y}{mch_id=>1244967502}{nonce_str=>rkay40i0xyjtnafkk5jvqtki47jbs8js}{openid=>orYumuJFioPlcBFpRi-xIxxaaZ9M}{out_trade_no=>LX-17022414153696401-9}{result_code=>SUCCESS}{return_code=>SUCCESS}{sign=>2F60336069D3BDF35DFAE3E7E486C1A9}{time_end=>20170319143948}{total_fee=>179000}{trade_type=>NATIVE}{transaction_id=>4004692001201703193906293461}]
[2017-03-19 14:39:59][info] k:appid=>wxefc029d4373dcac0
[2017-03-19 14:39:59][info] k:bank_type=>CFT
[2017-03-19 14:39:59][info] k:cash_fee=>179000
[2017-03-19 14:39:59][info] k:fee_type=>CNY
[2017-03-19 14:39:59][info] k:is_subscribe=>Y
[2017-03-19 14:39:59][info] k:mch_id=>1244967502
[2017-03-19 14:39:59][info] k:nonce_str=>rkay40i0xyjtnafkk5jvqtki47jbs8js
[2017-03-19 14:39:59][info] k:openid=>orYumuJFioPlcBFpRi-xIxxaaZ9M
[2017-03-19 14:39:59][info] k:out_trade_no=>LX-17022414153696401-9
[2017-03-19 14:39:59][info] k:result_code=>SUCCESS
[2017-03-19 14:39:59][info] k:return_code=>SUCCESS
[2017-03-19 14:39:59][info] k:sign=>2F60336069D3BDF35DFAE3E7E486C1A9
[2017-03-19 14:39:59][info] k:time_end=>20170319143948
[2017-03-19 14:39:59][info] k:total_fee=>179000
[2017-03-19 14:39:59][info] k:trade_type=>NATIVE
[2017-03-19 14:39:59][info] k:transaction_id=>4004692001201703193906293461
[2017-03-19 14:39:59][info] ----------------------------------------
[2017-03-19 14:39:59][info] XML_DATA222:{"appid":"wxefc029d4373dcac0","bank_type":"CFT","cash_fee":"1790.00","fee_type":"CNY","is_subscribe":"Y","mch_id":"1244967502","nonce_str":"rkay40i0xyjtnafkk5jvqtki47jbs8js","openid":"orYumuJFioPlcBFpRi-xIxxaaZ9M","out_trade_no":"LX-17022414153696401-9","result_code":"SUCCESS","return_code":"SUCCESS","sign":"2F60336069D3BDF35DFAE3E7E486C1A9","time_end":"20170319143948","total_fee":"1790.00","trade_type":"NATIVE","transaction_id":"4004692001201703193906293461"}
[2017-03-19 14:40:00][info] 收到重复信息，并处理反馈成功！
[2017-03-19 14:40:00][info] success
[2017-03-19 14:40:00][info] 写入结束!!!
[2017-03-19 14:41:23][info] ----------------------------------------
[2017-03-19 14:41:23][info] XML_DATA111:[{appid=>wxefc029d4373dcac0}{bank_type=>CFT}{cash_fee=>358000}{fee_type=>CNY}{is_subscribe=>Y}{mch_id=>1244967502}{nonce_str=>am7k4pk22tfeoxbjynlnsyithz3kqjh8}{openid=>orYumuJFioPlcBFpRi-xIxxaaZ9M}{out_trade_no=>LX-1702201933426206-e}{result_code=>SUCCESS}{return_code=>SUCCESS}{sign=>25F30EC49241CC8ACBE0A5C5CEBC8483}{time_end=>20170319144123}{total_fee=>358000}{trade_type=>NATIVE}{transaction_id=>4004692001201703193907991225}]
[2017-03-19 14:41:23][info] k:appid=>wxefc029d4373dcac0
[2017-03-19 14:41:23][info] k:bank_type=>CFT
[2017-03-19 14:41:23][info] k:cash_fee=>358000
[2017-03-19 14:41:23][info] k:fee_type=>CNY
[2017-03-19 14:41:23][info] k:is_subscribe=>Y
[2017-03-19 14:41:23][info] k:mch_id=>1244967502
[2017-03-19 14:41:23][info] k:nonce_str=>am7k4pk22tfeoxbjynlnsyithz3kqjh8
[2017-03-19 14:41:23][info] k:openid=>orYumuJFioPlcBFpRi-xIxxaaZ9M
[2017-03-19 14:41:23][info] k:out_trade_no=>LX-1702201933426206-e
[2017-03-19 14:41:23][info] k:result_code=>SUCCESS
[2017-03-19 14:41:23][info] k:return_code=>SUCCESS
[2017-03-19 14:41:23][info] k:sign=>25F30EC49241CC8ACBE0A5C5CEBC8483
[2017-03-19 14:41:23][info] k:time_end=>20170319144123
[2017-03-19 14:41:23][info] k:total_fee=>358000
[2017-03-19 14:41:23][info] k:trade_type=>NATIVE
[2017-03-19 14:41:23][info] k:transaction_id=>4004692001201703193907991225
[2017-03-19 14:41:23][info] ----------------------------------------
[2017-03-19 14:41:23][info] XML_DATA222:{"appid":"wxefc029d4373dcac0","bank_type":"CFT","cash_fee":"3580.00","fee_type":"CNY","is_subscribe":"Y","mch_id":"1244967502","nonce_str":"am7k4pk22tfeoxbjynlnsyithz3kqjh8","openid":"orYumuJFioPlcBFpRi-xIxxaaZ9M","out_trade_no":"LX-1702201933426206-e","result_code":"SUCCESS","return_code":"SUCCESS","sign":"25F30EC49241CC8ACBE0A5C5CEBC8483","time_end":"20170319144123","total_fee":"3580.00","trade_type":"NATIVE","transaction_id":"4004692001201703193907991225"}
[2017-03-19 14:41:24][warn] 数据存储成功，并成功返回记录编号17398！
[2017-03-19 14:41:37][info] ----------------------------------------
[2017-03-19 14:41:37][info] XML_DATA111:[{appid=>wxefc029d4373dcac0}{bank_type=>CFT}{cash_fee=>358000}{fee_type=>CNY}{is_subscribe=>Y}{mch_id=>1244967502}{nonce_str=>am7k4pk22tfeoxbjynlnsyithz3kqjh8}{openid=>orYumuJFioPlcBFpRi-xIxxaaZ9M}{out_trade_no=>LX-1702201933426206-e}{result_code=>SUCCESS}{return_code=>SUCCESS}{sign=>25F30EC49241CC8ACBE0A5C5CEBC8483}{time_end=>20170319144123}{total_fee=>358000}{trade_type=>NATIVE}{transaction_id=>4004692001201703193907991225}]
[2017-03-19 14:41:37][info] k:appid=>wxefc029d4373dcac0
[2017-03-19 14:41:37][info] k:bank_type=>CFT
[2017-03-19 14:41:37][info] k:cash_fee=>358000
[2017-03-19 14:41:37][info] k:fee_type=>CNY
[2017-03-19 14:41:37][info] k:is_subscribe=>Y
[2017-03-19 14:41:37][info] k:mch_id=>1244967502
[2017-03-19 14:41:37][info] k:nonce_str=>am7k4pk22tfeoxbjynlnsyithz3kqjh8
[2017-03-19 14:41:37][info] k:openid=>orYumuJFioPlcBFpRi-xIxxaaZ9M
[2017-03-19 14:41:37][info] k:out_trade_no=>LX-1702201933426206-e
[2017-03-19 14:41:37][info] k:result_code=>SUCCESS
[2017-03-19 14:41:37][info] k:return_code=>SUCCESS
[2017-03-19 14:41:37][info] k:sign=>25F30EC49241CC8ACBE0A5C5CEBC8483
[2017-03-19 14:41:37][info] k:time_end=>20170319144123
[2017-03-19 14:41:37][info] k:total_fee=>358000
[2017-03-19 14:41:37][info] k:trade_type=>NATIVE
[2017-03-19 14:41:37][info] k:transaction_id=>4004692001201703193907991225
[2017-03-19 14:41:37][info] ----------------------------------------
[2017-03-19 14:41:37][info] XML_DATA222:{"appid":"wxefc029d4373dcac0","bank_type":"CFT","cash_fee":"3580.00","fee_type":"CNY","is_subscribe":"Y","mch_id":"1244967502","nonce_str":"am7k4pk22tfeoxbjynlnsyithz3kqjh8","openid":"orYumuJFioPlcBFpRi-xIxxaaZ9M","out_trade_no":"LX-1702201933426206-e","result_code":"SUCCESS","return_code":"SUCCESS","sign":"25F30EC49241CC8ACBE0A5C5CEBC8483","time_end":"20170319144123","total_fee":"3580.00","trade_type":"NATIVE","transaction_id":"4004692001201703193907991225"}
[2017-03-19 14:41:37][info] 收到重复信息，并处理反馈成功！
[2017-03-19 14:41:37][info] success
[2017-03-19 14:41:37][info] 写入结束!!!
