[2017-08-25 12:11:17][info] ----------------------------------------
[2017-08-25 12:11:17][info] XML_DATA111:[{appid=>wxefc029d4373dcac0}{bank_type=>BOSH_CREDIT}{cash_fee=>756000}{fee_type=>CNY}{is_subscribe=>N}{mch_id=>1244967502}{nonce_str=>rfp4j8wxb6p3fgcixjmmbxthq5lyejqm}{openid=>orYumuFRddrtfYV4TvOsZ0pAOH0U}{out_trade_no=>LX-17082419512989806-c}{result_code=>SUCCESS}{return_code=>SUCCESS}{sign=>1AD3BECA45E0C277F231F8B5D3DF5F3E}{time_end=>20170825121116}{total_fee=>756000}{trade_type=>NATIVE}{transaction_id=>4001292001201708258144433992}]
[2017-08-25 12:11:17][info] k:appid=>wxefc029d4373dcac0
[2017-08-25 12:11:17][info] k:bank_type=>BOSH_CREDIT
[2017-08-25 12:11:17][info] k:cash_fee=>756000
[2017-08-25 12:11:17][info] k:fee_type=>CNY
[2017-08-25 12:11:17][info] k:is_subscribe=>N
[2017-08-25 12:11:17][info] k:mch_id=>1244967502
[2017-08-25 12:11:17][info] k:nonce_str=>rfp4j8wxb6p3fgcixjmmbxthq5lyejqm
[2017-08-25 12:11:17][info] k:openid=>orYumuFRddrtfYV4TvOsZ0pAOH0U
[2017-08-25 12:11:17][info] k:out_trade_no=>LX-17082419512989806-c
[2017-08-25 12:11:17][info] k:result_code=>SUCCESS
[2017-08-25 12:11:17][info] k:return_code=>SUCCESS
[2017-08-25 12:11:17][info] k:sign=>1AD3BECA45E0C277F231F8B5D3DF5F3E
[2017-08-25 12:11:17][info] k:time_end=>20170825121116
[2017-08-25 12:11:17][info] k:total_fee=>756000
[2017-08-25 12:11:17][info] k:trade_type=>NATIVE
[2017-08-25 12:11:17][info] k:transaction_id=>4001292001201708258144433992
[2017-08-25 12:11:17][info] ----------------------------------------
[2017-08-25 12:11:17][info] XML_DATA222:{"appid":"wxefc029d4373dcac0","bank_type":"BOSH_CREDIT","cash_fee":"7560.00","fee_type":"CNY","is_subscribe":"N","mch_id":"1244967502","nonce_str":"rfp4j8wxb6p3fgcixjmmbxthq5lyejqm","openid":"orYumuFRddrtfYV4TvOsZ0pAOH0U","out_trade_no":"LX-17082419512989806-c","result_code":"SUCCESS","return_code":"SUCCESS","sign":"1AD3BECA45E0C277F231F8B5D3DF5F3E","time_end":"20170825121116","total_fee":"7560.00","trade_type":"NATIVE","transaction_id":"4001292001201708258144433992"}
[2017-08-25 12:11:17][warn] 数据存储成功，并成功返回记录编号18706！
[2017-08-25 12:11:33][info] ----------------------------------------
[2017-08-25 12:11:33][info] XML_DATA111:[{appid=>wxefc029d4373dcac0}{bank_type=>BOSH_CREDIT}{cash_fee=>756000}{fee_type=>CNY}{is_subscribe=>N}{mch_id=>1244967502}{nonce_str=>rfp4j8wxb6p3fgcixjmmbxthq5lyejqm}{openid=>orYumuFRddrtfYV4TvOsZ0pAOH0U}{out_trade_no=>LX-17082419512989806-c}{result_code=>SUCCESS}{return_code=>SUCCESS}{sign=>1AD3BECA45E0C277F231F8B5D3DF5F3E}{time_end=>20170825121116}{total_fee=>756000}{trade_type=>NATIVE}{transaction_id=>4001292001201708258144433992}]
[2017-08-25 12:11:33][info] k:appid=>wxefc029d4373dcac0
[2017-08-25 12:11:33][info] k:bank_type=>BOSH_CREDIT
[2017-08-25 12:11:33][info] k:cash_fee=>756000
[2017-08-25 12:11:33][info] k:fee_type=>CNY
[2017-08-25 12:11:33][info] k:is_subscribe=>N
[2017-08-25 12:11:33][info] k:mch_id=>1244967502
[2017-08-25 12:11:33][info] k:nonce_str=>rfp4j8wxb6p3fgcixjmmbxthq5lyejqm
[2017-08-25 12:11:33][info] k:openid=>orYumuFRddrtfYV4TvOsZ0pAOH0U
[2017-08-25 12:11:33][info] k:out_trade_no=>LX-17082419512989806-c
[2017-08-25 12:11:33][info] k:result_code=>SUCCESS
[2017-08-25 12:11:33][info] k:return_code=>SUCCESS
[2017-08-25 12:11:33][info] k:sign=>1AD3BECA45E0C277F231F8B5D3DF5F3E
[2017-08-25 12:11:33][info] k:time_end=>20170825121116
[2017-08-25 12:11:33][info] k:total_fee=>756000
[2017-08-25 12:11:33][info] k:trade_type=>NATIVE
[2017-08-25 12:11:33][info] k:transaction_id=>4001292001201708258144433992
[2017-08-25 12:11:33][info] ----------------------------------------
[2017-08-25 12:11:33][info] XML_DATA222:{"appid":"wxefc029d4373dcac0","bank_type":"BOSH_CREDIT","cash_fee":"7560.00","fee_type":"CNY","is_subscribe":"N","mch_id":"1244967502","nonce_str":"rfp4j8wxb6p3fgcixjmmbxthq5lyejqm","openid":"orYumuFRddrtfYV4TvOsZ0pAOH0U","out_trade_no":"LX-17082419512989806-c","result_code":"SUCCESS","return_code":"SUCCESS","sign":"1AD3BECA45E0C277F231F8B5D3DF5F3E","time_end":"20170825121116","total_fee":"7560.00","trade_type":"NATIVE","transaction_id":"4001292001201708258144433992"}
[2017-08-25 12:11:33][info] 收到重复信息，并处理反馈成功！
[2017-08-25 12:11:33][info] success
[2017-08-25 12:11:33][info] 写入结束!!!
[2017-08-25 13:53:53][info] ----------------------------------------
[2017-08-25 13:53:53][info] XML_DATA111:[{appid=>wxefc029d4373dcac0}{bank_type=>BOC_CREDIT}{cash_fee=>778000}{fee_type=>CNY}{is_subscribe=>N}{mch_id=>1244967502}{nonce_str=>dgysl807nynsuwhgnkt3n68rvhkiglxn}{openid=>orYumuJ_0RTbvWmoDLCnIlQDZhr0}{out_trade_no=>LX-17082513462975001-e}{result_code=>SUCCESS}{return_code=>SUCCESS}{sign=>1FD85ABCDFBCD7675960CC8E3860DCAE}{time_end=>20170825135352}{total_fee=>778000}{trade_type=>NATIVE}{transaction_id=>4001302001201708258159668102}]
[2017-08-25 13:53:53][info] k:appid=>wxefc029d4373dcac0
[2017-08-25 13:53:53][info] k:bank_type=>BOC_CREDIT
[2017-08-25 13:53:53][info] k:cash_fee=>778000
[2017-08-25 13:53:53][info] k:fee_type=>CNY
[2017-08-25 13:53:53][info] k:is_subscribe=>N
[2017-08-25 13:53:53][info] k:mch_id=>1244967502
[2017-08-25 13:53:53][info] k:nonce_str=>dgysl807nynsuwhgnkt3n68rvhkiglxn
[2017-08-25 13:53:53][info] k:openid=>orYumuJ_0RTbvWmoDLCnIlQDZhr0
[2017-08-25 13:53:53][info] k:out_trade_no=>LX-17082513462975001-e
[2017-08-25 13:53:53][info] k:result_code=>SUCCESS
[2017-08-25 13:53:53][info] k:return_code=>SUCCESS
[2017-08-25 13:53:53][info] k:sign=>1FD85ABCDFBCD7675960CC8E3860DCAE
[2017-08-25 13:53:53][info] k:time_end=>20170825135352
[2017-08-25 13:53:53][info] k:total_fee=>778000
[2017-08-25 13:53:53][info] k:trade_type=>NATIVE
[2017-08-25 13:53:53][info] k:transaction_id=>4001302001201708258159668102
[2017-08-25 13:53:53][info] ----------------------------------------
[2017-08-25 13:53:53][info] XML_DATA222:{"appid":"wxefc029d4373dcac0","bank_type":"BOC_CREDIT","cash_fee":"7780.00","fee_type":"CNY","is_subscribe":"N","mch_id":"1244967502","nonce_str":"dgysl807nynsuwhgnkt3n68rvhkiglxn","openid":"orYumuJ_0RTbvWmoDLCnIlQDZhr0","out_trade_no":"LX-17082513462975001-e","result_code":"SUCCESS","return_code":"SUCCESS","sign":"1FD85ABCDFBCD7675960CC8E3860DCAE","time_end":"20170825135352","total_fee":"7780.00","trade_type":"NATIVE","transaction_id":"4001302001201708258159668102"}
[2017-08-25 13:53:53][warn] 数据存储成功，并成功返回记录编号18708！
[2017-08-25 13:54:13][info] ----------------------------------------
[2017-08-25 13:54:13][info] XML_DATA111:[{appid=>wxefc029d4373dcac0}{bank_type=>BOC_CREDIT}{cash_fee=>778000}{fee_type=>CNY}{is_subscribe=>N}{mch_id=>1244967502}{nonce_str=>dgysl807nynsuwhgnkt3n68rvhkiglxn}{openid=>orYumuJ_0RTbvWmoDLCnIlQDZhr0}{out_trade_no=>LX-17082513462975001-e}{result_code=>SUCCESS}{return_code=>SUCCESS}{sign=>1FD85ABCDFBCD7675960CC8E3860DCAE}{time_end=>20170825135352}{total_fee=>778000}{trade_type=>NATIVE}{transaction_id=>4001302001201708258159668102}]
[2017-08-25 13:54:13][info] k:appid=>wxefc029d4373dcac0
[2017-08-25 13:54:13][info] k:bank_type=>BOC_CREDIT
[2017-08-25 13:54:13][info] k:cash_fee=>778000
[2017-08-25 13:54:13][info] k:fee_type=>CNY
[2017-08-25 13:54:13][info] k:is_subscribe=>N
[2017-08-25 13:54:13][info] k:mch_id=>1244967502
[2017-08-25 13:54:13][info] k:nonce_str=>dgysl807nynsuwhgnkt3n68rvhkiglxn
[2017-08-25 13:54:13][info] k:openid=>orYumuJ_0RTbvWmoDLCnIlQDZhr0
[2017-08-25 13:54:13][info] k:out_trade_no=>LX-17082513462975001-e
[2017-08-25 13:54:13][info] k:result_code=>SUCCESS
[2017-08-25 13:54:13][info] k:return_code=>SUCCESS
[2017-08-25 13:54:13][info] k:sign=>1FD85ABCDFBCD7675960CC8E3860DCAE
[2017-08-25 13:54:13][info] k:time_end=>20170825135352
[2017-08-25 13:54:13][info] k:total_fee=>778000
[2017-08-25 13:54:13][info] k:trade_type=>NATIVE
[2017-08-25 13:54:13][info] k:transaction_id=>4001302001201708258159668102
[2017-08-25 13:54:13][info] ----------------------------------------
[2017-08-25 13:54:13][info] XML_DATA222:{"appid":"wxefc029d4373dcac0","bank_type":"BOC_CREDIT","cash_fee":"7780.00","fee_type":"CNY","is_subscribe":"N","mch_id":"1244967502","nonce_str":"dgysl807nynsuwhgnkt3n68rvhkiglxn","openid":"orYumuJ_0RTbvWmoDLCnIlQDZhr0","out_trade_no":"LX-17082513462975001-e","result_code":"SUCCESS","return_code":"SUCCESS","sign":"1FD85ABCDFBCD7675960CC8E3860DCAE","time_end":"20170825135352","total_fee":"7780.00","trade_type":"NATIVE","transaction_id":"4001302001201708258159668102"}
[2017-08-25 13:54:13][info] 收到重复信息，并处理反馈成功！
[2017-08-25 13:54:13][info] success
[2017-08-25 13:54:13][info] 写入结束!!!
[2017-08-25 17:54:31][info] ----------------------------------------
[2017-08-25 17:54:31][info] XML_DATA111:[{appid=>wxefc029d4373dcac0}{bank_type=>CMB_DEBIT}{cash_fee=>274000}{fee_type=>CNY}{is_subscribe=>Y}{mch_id=>1244967502}{nonce_str=>dtjj95bnfovvnaji3xrwcyqvy0wu8vcl}{openid=>orYumuK1u7l_Xww5Kr0WBgS1p5d4}{out_trade_no=>LX-1708221700277601-e}{result_code=>SUCCESS}{return_code=>SUCCESS}{sign=>A8DF4A83814C896F3E16E42469B9D73A}{time_end=>20170825175431}{total_fee=>274000}{trade_type=>NATIVE}{transaction_id=>4007562001201708258196152865}]
[2017-08-25 17:54:31][info] k:appid=>wxefc029d4373dcac0
[2017-08-25 17:54:31][info] k:bank_type=>CMB_DEBIT
[2017-08-25 17:54:31][info] k:cash_fee=>274000
[2017-08-25 17:54:31][info] k:fee_type=>CNY
[2017-08-25 17:54:31][info] k:is_subscribe=>Y
[2017-08-25 17:54:31][info] k:mch_id=>1244967502
[2017-08-25 17:54:31][info] k:nonce_str=>dtjj95bnfovvnaji3xrwcyqvy0wu8vcl
[2017-08-25 17:54:31][info] k:openid=>orYumuK1u7l_Xww5Kr0WBgS1p5d4
[2017-08-25 17:54:31][info] k:out_trade_no=>LX-1708221700277601-e
[2017-08-25 17:54:31][info] k:result_code=>SUCCESS
[2017-08-25 17:54:31][info] k:return_code=>SUCCESS
[2017-08-25 17:54:31][info] k:sign=>A8DF4A83814C896F3E16E42469B9D73A
[2017-08-25 17:54:31][info] k:time_end=>20170825175431
[2017-08-25 17:54:31][info] k:total_fee=>274000
[2017-08-25 17:54:31][info] k:trade_type=>NATIVE
[2017-08-25 17:54:31][info] k:transaction_id=>4007562001201708258196152865
[2017-08-25 17:54:31][info] ----------------------------------------
[2017-08-25 17:54:31][info] XML_DATA222:{"appid":"wxefc029d4373dcac0","bank_type":"CMB_DEBIT","cash_fee":"2740.00","fee_type":"CNY","is_subscribe":"Y","mch_id":"1244967502","nonce_str":"dtjj95bnfovvnaji3xrwcyqvy0wu8vcl","openid":"orYumuK1u7l_Xww5Kr0WBgS1p5d4","out_trade_no":"LX-1708221700277601-e","result_code":"SUCCESS","return_code":"SUCCESS","sign":"A8DF4A83814C896F3E16E42469B9D73A","time_end":"20170825175431","total_fee":"2740.00","trade_type":"NATIVE","transaction_id":"4007562001201708258196152865"}
[2017-08-25 17:54:31][warn] 数据存储成功，并成功返回记录编号18712！
[2017-08-25 17:54:45][info] ----------------------------------------
[2017-08-25 17:54:45][info] XML_DATA111:[{appid=>wxefc029d4373dcac0}{bank_type=>CMB_DEBIT}{cash_fee=>274000}{fee_type=>CNY}{is_subscribe=>Y}{mch_id=>1244967502}{nonce_str=>dtjj95bnfovvnaji3xrwcyqvy0wu8vcl}{openid=>orYumuK1u7l_Xww5Kr0WBgS1p5d4}{out_trade_no=>LX-1708221700277601-e}{result_code=>SUCCESS}{return_code=>SUCCESS}{sign=>A8DF4A83814C896F3E16E42469B9D73A}{time_end=>20170825175431}{total_fee=>274000}{trade_type=>NATIVE}{transaction_id=>4007562001201708258196152865}]
[2017-08-25 17:54:45][info] k:appid=>wxefc029d4373dcac0
[2017-08-25 17:54:45][info] k:bank_type=>CMB_DEBIT
[2017-08-25 17:54:45][info] k:cash_fee=>274000
[2017-08-25 17:54:45][info] k:fee_type=>CNY
[2017-08-25 17:54:45][info] k:is_subscribe=>Y
[2017-08-25 17:54:45][info] k:mch_id=>1244967502
[2017-08-25 17:54:45][info] k:nonce_str=>dtjj95bnfovvnaji3xrwcyqvy0wu8vcl
[2017-08-25 17:54:45][info] k:openid=>orYumuK1u7l_Xww5Kr0WBgS1p5d4
[2017-08-25 17:54:45][info] k:out_trade_no=>LX-1708221700277601-e
[2017-08-25 17:54:45][info] k:result_code=>SUCCESS
[2017-08-25 17:54:45][info] k:return_code=>SUCCESS
[2017-08-25 17:54:45][info] k:sign=>A8DF4A83814C896F3E16E42469B9D73A
[2017-08-25 17:54:45][info] k:time_end=>20170825175431
[2017-08-25 17:54:45][info] k:total_fee=>274000
[2017-08-25 17:54:45][info] k:trade_type=>NATIVE
[2017-08-25 17:54:45][info] k:transaction_id=>4007562001201708258196152865
[2017-08-25 17:54:45][info] ----------------------------------------
[2017-08-25 17:54:45][info] XML_DATA222:{"appid":"wxefc029d4373dcac0","bank_type":"CMB_DEBIT","cash_fee":"2740.00","fee_type":"CNY","is_subscribe":"Y","mch_id":"1244967502","nonce_str":"dtjj95bnfovvnaji3xrwcyqvy0wu8vcl","openid":"orYumuK1u7l_Xww5Kr0WBgS1p5d4","out_trade_no":"LX-1708221700277601-e","result_code":"SUCCESS","return_code":"SUCCESS","sign":"A8DF4A83814C896F3E16E42469B9D73A","time_end":"20170825175431","total_fee":"2740.00","trade_type":"NATIVE","transaction_id":"4007562001201708258196152865"}
[2017-08-25 17:54:45][info] 收到重复信息，并处理反馈成功！
[2017-08-25 17:54:45][info] success
[2017-08-25 17:54:45][info] 写入结束!!!
