[2017-07-15 17:59:11][info] ----------------------------------------
[2017-07-15 17:59:11][info] XML_DATA111:[{appid=>wxefc029d4373dcac0}{bank_type=>CFT}{cash_fee=>538000}{fee_type=>CNY}{is_subscribe=>N}{mch_id=>1244967502}{nonce_str=>16ud4a8uxh342n2i7j4jsns21g1dwfjm}{openid=>orYumuImbz5h_b4YP7vDbMWX05wI}{out_trade_no=>LX-17071222134378401-e}{result_code=>SUCCESS}{return_code=>SUCCESS}{sign=>FD258860132C5E69DB9F45387EEAE208}{time_end=>20170715175911}{total_fee=>538000}{trade_type=>NATIVE}{transaction_id=>4003442001201707150928946049}]
[2017-07-15 17:59:11][info] k:appid=>wxefc029d4373dcac0
[2017-07-15 17:59:11][info] k:bank_type=>CFT
[2017-07-15 17:59:11][info] k:cash_fee=>538000
[2017-07-15 17:59:11][info] k:fee_type=>CNY
[2017-07-15 17:59:11][info] k:is_subscribe=>N
[2017-07-15 17:59:11][info] k:mch_id=>1244967502
[2017-07-15 17:59:11][info] k:nonce_str=>16ud4a8uxh342n2i7j4jsns21g1dwfjm
[2017-07-15 17:59:11][info] k:openid=>orYumuImbz5h_b4YP7vDbMWX05wI
[2017-07-15 17:59:11][info] k:out_trade_no=>LX-17071222134378401-e
[2017-07-15 17:59:11][info] k:result_code=>SUCCESS
[2017-07-15 17:59:11][info] k:return_code=>SUCCESS
[2017-07-15 17:59:11][info] k:sign=>FD258860132C5E69DB9F45387EEAE208
[2017-07-15 17:59:11][info] k:time_end=>20170715175911
[2017-07-15 17:59:11][info] k:total_fee=>538000
[2017-07-15 17:59:11][info] k:trade_type=>NATIVE
[2017-07-15 17:59:11][info] k:transaction_id=>4003442001201707150928946049
[2017-07-15 17:59:11][info] ----------------------------------------
[2017-07-15 17:59:11][info] XML_DATA222:{"appid":"wxefc029d4373dcac0","bank_type":"CFT","cash_fee":"5380.00","fee_type":"CNY","is_subscribe":"N","mch_id":"1244967502","nonce_str":"16ud4a8uxh342n2i7j4jsns21g1dwfjm","openid":"orYumuImbz5h_b4YP7vDbMWX05wI","out_trade_no":"LX-17071222134378401-e","result_code":"SUCCESS","return_code":"SUCCESS","sign":"FD258860132C5E69DB9F45387EEAE208","time_end":"20170715175911","total_fee":"5380.00","trade_type":"NATIVE","transaction_id":"4003442001201707150928946049"}
[2017-07-15 17:59:11][warn] 数据存储成功，并成功返回记录编号18060！
[2017-07-15 17:59:24][info] ----------------------------------------
[2017-07-15 17:59:24][info] XML_DATA111:[{appid=>wxefc029d4373dcac0}{bank_type=>CFT}{cash_fee=>538000}{fee_type=>CNY}{is_subscribe=>N}{mch_id=>1244967502}{nonce_str=>16ud4a8uxh342n2i7j4jsns21g1dwfjm}{openid=>orYumuImbz5h_b4YP7vDbMWX05wI}{out_trade_no=>LX-17071222134378401-e}{result_code=>SUCCESS}{return_code=>SUCCESS}{sign=>FD258860132C5E69DB9F45387EEAE208}{time_end=>20170715175911}{total_fee=>538000}{trade_type=>NATIVE}{transaction_id=>4003442001201707150928946049}]
[2017-07-15 17:59:24][info] k:appid=>wxefc029d4373dcac0
[2017-07-15 17:59:24][info] k:bank_type=>CFT
[2017-07-15 17:59:24][info] k:cash_fee=>538000
[2017-07-15 17:59:24][info] k:fee_type=>CNY
[2017-07-15 17:59:24][info] k:is_subscribe=>N
[2017-07-15 17:59:24][info] k:mch_id=>1244967502
[2017-07-15 17:59:24][info] k:nonce_str=>16ud4a8uxh342n2i7j4jsns21g1dwfjm
[2017-07-15 17:59:24][info] k:openid=>orYumuImbz5h_b4YP7vDbMWX05wI
[2017-07-15 17:59:24][info] k:out_trade_no=>LX-17071222134378401-e
[2017-07-15 17:59:24][info] k:result_code=>SUCCESS
[2017-07-15 17:59:24][info] k:return_code=>SUCCESS
[2017-07-15 17:59:24][info] k:sign=>FD258860132C5E69DB9F45387EEAE208
[2017-07-15 17:59:24][info] k:time_end=>20170715175911
[2017-07-15 17:59:24][info] k:total_fee=>538000
[2017-07-15 17:59:24][info] k:trade_type=>NATIVE
[2017-07-15 17:59:24][info] k:transaction_id=>4003442001201707150928946049
[2017-07-15 17:59:24][info] ----------------------------------------
[2017-07-15 17:59:24][info] XML_DATA222:{"appid":"wxefc029d4373dcac0","bank_type":"CFT","cash_fee":"5380.00","fee_type":"CNY","is_subscribe":"N","mch_id":"1244967502","nonce_str":"16ud4a8uxh342n2i7j4jsns21g1dwfjm","openid":"orYumuImbz5h_b4YP7vDbMWX05wI","out_trade_no":"LX-17071222134378401-e","result_code":"SUCCESS","return_code":"SUCCESS","sign":"FD258860132C5E69DB9F45387EEAE208","time_end":"20170715175911","total_fee":"5380.00","trade_type":"NATIVE","transaction_id":"4003442001201707150928946049"}
[2017-07-15 17:59:24][info] 收到重复信息，并处理反馈成功！
[2017-07-15 17:59:24][info] success
[2017-07-15 17:59:24][info] 写入结束!!!
[2017-07-15 18:50:34][info] ----------------------------------------
[2017-07-15 18:50:34][info] XML_DATA111:[{appid=>wxefc029d4373dcac0}{bank_type=>GDB_CREDIT}{cash_fee=>530000}{fee_type=>CNY}{is_subscribe=>N}{mch_id=>1244967502}{nonce_str=>d9sa5ttan91siov5km0a6a6qulny5l3l}{openid=>orYumuAYr1OuICUEGdnsBie8DleE}{out_trade_no=>LX-17062522045259301-0}{result_code=>SUCCESS}{return_code=>SUCCESS}{sign=>C8CCFF860E86CA37D9F0A1B9DADF2C40}{time_end=>20170715185034}{total_fee=>530000}{trade_type=>NATIVE}{transaction_id=>4000592001201707150937054126}]
[2017-07-15 18:50:34][info] k:appid=>wxefc029d4373dcac0
[2017-07-15 18:50:34][info] k:bank_type=>GDB_CREDIT
[2017-07-15 18:50:34][info] k:cash_fee=>530000
[2017-07-15 18:50:34][info] k:fee_type=>CNY
[2017-07-15 18:50:34][info] k:is_subscribe=>N
[2017-07-15 18:50:34][info] k:mch_id=>1244967502
[2017-07-15 18:50:34][info] k:nonce_str=>d9sa5ttan91siov5km0a6a6qulny5l3l
[2017-07-15 18:50:34][info] k:openid=>orYumuAYr1OuICUEGdnsBie8DleE
[2017-07-15 18:50:34][info] k:out_trade_no=>LX-17062522045259301-0
[2017-07-15 18:50:34][info] k:result_code=>SUCCESS
[2017-07-15 18:50:34][info] k:return_code=>SUCCESS
[2017-07-15 18:50:34][info] k:sign=>C8CCFF860E86CA37D9F0A1B9DADF2C40
[2017-07-15 18:50:34][info] k:time_end=>20170715185034
[2017-07-15 18:50:34][info] k:total_fee=>530000
[2017-07-15 18:50:34][info] k:trade_type=>NATIVE
[2017-07-15 18:50:34][info] k:transaction_id=>4000592001201707150937054126
[2017-07-15 18:50:34][info] ----------------------------------------
[2017-07-15 18:50:34][info] XML_DATA222:{"appid":"wxefc029d4373dcac0","bank_type":"GDB_CREDIT","cash_fee":"5300.00","fee_type":"CNY","is_subscribe":"N","mch_id":"1244967502","nonce_str":"d9sa5ttan91siov5km0a6a6qulny5l3l","openid":"orYumuAYr1OuICUEGdnsBie8DleE","out_trade_no":"LX-17062522045259301-0","result_code":"SUCCESS","return_code":"SUCCESS","sign":"C8CCFF860E86CA37D9F0A1B9DADF2C40","time_end":"20170715185034","total_fee":"5300.00","trade_type":"NATIVE","transaction_id":"4000592001201707150937054126"}
[2017-07-15 18:50:34][warn] 数据存储成功，并成功返回记录编号18062！
[2017-07-15 18:50:48][info] ----------------------------------------
[2017-07-15 18:50:48][info] XML_DATA111:[{appid=>wxefc029d4373dcac0}{bank_type=>GDB_CREDIT}{cash_fee=>530000}{fee_type=>CNY}{is_subscribe=>N}{mch_id=>1244967502}{nonce_str=>d9sa5ttan91siov5km0a6a6qulny5l3l}{openid=>orYumuAYr1OuICUEGdnsBie8DleE}{out_trade_no=>LX-17062522045259301-0}{result_code=>SUCCESS}{return_code=>SUCCESS}{sign=>C8CCFF860E86CA37D9F0A1B9DADF2C40}{time_end=>20170715185034}{total_fee=>530000}{trade_type=>NATIVE}{transaction_id=>4000592001201707150937054126}]
[2017-07-15 18:50:48][info] k:appid=>wxefc029d4373dcac0
[2017-07-15 18:50:48][info] k:bank_type=>GDB_CREDIT
[2017-07-15 18:50:48][info] k:cash_fee=>530000
[2017-07-15 18:50:48][info] k:fee_type=>CNY
[2017-07-15 18:50:48][info] k:is_subscribe=>N
[2017-07-15 18:50:48][info] k:mch_id=>1244967502
[2017-07-15 18:50:48][info] k:nonce_str=>d9sa5ttan91siov5km0a6a6qulny5l3l
[2017-07-15 18:50:48][info] k:openid=>orYumuAYr1OuICUEGdnsBie8DleE
[2017-07-15 18:50:48][info] k:out_trade_no=>LX-17062522045259301-0
[2017-07-15 18:50:48][info] k:result_code=>SUCCESS
[2017-07-15 18:50:48][info] k:return_code=>SUCCESS
[2017-07-15 18:50:48][info] k:sign=>C8CCFF860E86CA37D9F0A1B9DADF2C40
[2017-07-15 18:50:48][info] k:time_end=>20170715185034
[2017-07-15 18:50:48][info] k:total_fee=>530000
[2017-07-15 18:50:48][info] k:trade_type=>NATIVE
[2017-07-15 18:50:48][info] k:transaction_id=>4000592001201707150937054126
[2017-07-15 18:50:48][info] ----------------------------------------
[2017-07-15 18:50:48][info] XML_DATA222:{"appid":"wxefc029d4373dcac0","bank_type":"GDB_CREDIT","cash_fee":"5300.00","fee_type":"CNY","is_subscribe":"N","mch_id":"1244967502","nonce_str":"d9sa5ttan91siov5km0a6a6qulny5l3l","openid":"orYumuAYr1OuICUEGdnsBie8DleE","out_trade_no":"LX-17062522045259301-0","result_code":"SUCCESS","return_code":"SUCCESS","sign":"C8CCFF860E86CA37D9F0A1B9DADF2C40","time_end":"20170715185034","total_fee":"5300.00","trade_type":"NATIVE","transaction_id":"4000592001201707150937054126"}
[2017-07-15 18:50:48][info] 收到重复信息，并处理反馈成功！
[2017-07-15 18:50:48][info] success
[2017-07-15 18:50:48][info] 写入结束!!!
