[2017-08-05 16:26:30][info] ----------------------------------------
[2017-08-05 16:26:30][info] XML_DATA111:[{appid=>wxefc029d4373dcac0}{bank_type=>ICBC_DEBIT}{cash_fee=>164000}{fee_type=>CNY}{is_subscribe=>N}{mch_id=>1244967502}{nonce_str=>dizhi1q1fc8ulpfgd31y9buitkvl2wjm}{openid=>orYumuJsyq7FyLtDLje59sgR8VJ8}{out_trade_no=>LX-17080510472482101-6}{result_code=>SUCCESS}{return_code=>SUCCESS}{sign=>D48EE16264FDB3C0266872276C6D0DBD}{time_end=>20170805162629}{total_fee=>164000}{trade_type=>NATIVE}{transaction_id=>4001572001201708054627863591}]
[2017-08-05 16:26:30][info] k:appid=>wxefc029d4373dcac0
[2017-08-05 16:26:30][info] k:bank_type=>ICBC_DEBIT
[2017-08-05 16:26:30][info] k:cash_fee=>164000
[2017-08-05 16:26:30][info] k:fee_type=>CNY
[2017-08-05 16:26:30][info] k:is_subscribe=>N
[2017-08-05 16:26:30][info] k:mch_id=>1244967502
[2017-08-05 16:26:30][info] k:nonce_str=>dizhi1q1fc8ulpfgd31y9buitkvl2wjm
[2017-08-05 16:26:30][info] k:openid=>orYumuJsyq7FyLtDLje59sgR8VJ8
[2017-08-05 16:26:30][info] k:out_trade_no=>LX-17080510472482101-6
[2017-08-05 16:26:30][info] k:result_code=>SUCCESS
[2017-08-05 16:26:30][info] k:return_code=>SUCCESS
[2017-08-05 16:26:30][info] k:sign=>D48EE16264FDB3C0266872276C6D0DBD
[2017-08-05 16:26:30][info] k:time_end=>20170805162629
[2017-08-05 16:26:30][info] k:total_fee=>164000
[2017-08-05 16:26:30][info] k:trade_type=>NATIVE
[2017-08-05 16:26:30][info] k:transaction_id=>4001572001201708054627863591
[2017-08-05 16:26:30][info] ----------------------------------------
[2017-08-05 16:26:30][info] XML_DATA222:{"appid":"wxefc029d4373dcac0","bank_type":"ICBC_DEBIT","cash_fee":"1640.00","fee_type":"CNY","is_subscribe":"N","mch_id":"1244967502","nonce_str":"dizhi1q1fc8ulpfgd31y9buitkvl2wjm","openid":"orYumuJsyq7FyLtDLje59sgR8VJ8","out_trade_no":"LX-17080510472482101-6","result_code":"SUCCESS","return_code":"SUCCESS","sign":"D48EE16264FDB3C0266872276C6D0DBD","time_end":"20170805162629","total_fee":"1640.00","trade_type":"NATIVE","transaction_id":"4001572001201708054627863591"}
[2017-08-05 16:26:30][warn] 数据存储成功，并成功返回记录编号18496！
[2017-08-05 16:26:38][info] ----------------------------------------
[2017-08-05 16:26:38][info] XML_DATA111:[{appid=>wxefc029d4373dcac0}{bank_type=>ICBC_DEBIT}{cash_fee=>164000}{fee_type=>CNY}{is_subscribe=>N}{mch_id=>1244967502}{nonce_str=>dizhi1q1fc8ulpfgd31y9buitkvl2wjm}{openid=>orYumuJsyq7FyLtDLje59sgR8VJ8}{out_trade_no=>LX-17080510472482101-6}{result_code=>SUCCESS}{return_code=>SUCCESS}{sign=>D48EE16264FDB3C0266872276C6D0DBD}{time_end=>20170805162629}{total_fee=>164000}{trade_type=>NATIVE}{transaction_id=>4001572001201708054627863591}]
[2017-08-05 16:26:38][info] k:appid=>wxefc029d4373dcac0
[2017-08-05 16:26:38][info] k:bank_type=>ICBC_DEBIT
[2017-08-05 16:26:38][info] k:cash_fee=>164000
[2017-08-05 16:26:38][info] k:fee_type=>CNY
[2017-08-05 16:26:38][info] k:is_subscribe=>N
[2017-08-05 16:26:38][info] k:mch_id=>1244967502
[2017-08-05 16:26:38][info] k:nonce_str=>dizhi1q1fc8ulpfgd31y9buitkvl2wjm
[2017-08-05 16:26:38][info] k:openid=>orYumuJsyq7FyLtDLje59sgR8VJ8
[2017-08-05 16:26:38][info] k:out_trade_no=>LX-17080510472482101-6
[2017-08-05 16:26:38][info] k:result_code=>SUCCESS
[2017-08-05 16:26:38][info] k:return_code=>SUCCESS
[2017-08-05 16:26:38][info] k:sign=>D48EE16264FDB3C0266872276C6D0DBD
[2017-08-05 16:26:38][info] k:time_end=>20170805162629
[2017-08-05 16:26:38][info] k:total_fee=>164000
[2017-08-05 16:26:38][info] k:trade_type=>NATIVE
[2017-08-05 16:26:38][info] k:transaction_id=>4001572001201708054627863591
[2017-08-05 16:26:38][info] ----------------------------------------
[2017-08-05 16:26:38][info] XML_DATA222:{"appid":"wxefc029d4373dcac0","bank_type":"ICBC_DEBIT","cash_fee":"1640.00","fee_type":"CNY","is_subscribe":"N","mch_id":"1244967502","nonce_str":"dizhi1q1fc8ulpfgd31y9buitkvl2wjm","openid":"orYumuJsyq7FyLtDLje59sgR8VJ8","out_trade_no":"LX-17080510472482101-6","result_code":"SUCCESS","return_code":"SUCCESS","sign":"D48EE16264FDB3C0266872276C6D0DBD","time_end":"20170805162629","total_fee":"1640.00","trade_type":"NATIVE","transaction_id":"4001572001201708054627863591"}
[2017-08-05 16:26:38][info] 收到重复信息，并处理反馈成功！
[2017-08-05 16:26:38][info] success
[2017-08-05 16:26:38][info] 写入结束!!!
[2017-08-05 22:16:14][info] ----------------------------------------
[2017-08-05 22:16:14][info] XML_DATA111:[{appid=>wxefc029d4373dcac0}{bank_type=>ICBC_CREDIT}{cash_fee=>548000}{fee_type=>CNY}{is_subscribe=>N}{mch_id=>1244967502}{nonce_str=>7ml410gzydr80t9d7a515mlszec4wxu2}{openid=>orYumuK2ndv8lqS6yfm7n4Vi1Hw8}{out_trade_no=>LX-17080321172111101-7}{result_code=>SUCCESS}{return_code=>SUCCESS}{sign=>D7D72E0C18437AA97BB717C7BC95143A}{time_end=>20170805221614}{total_fee=>548000}{trade_type=>NATIVE}{transaction_id=>4005092001201708054693133774}]
[2017-08-05 22:16:14][info] k:appid=>wxefc029d4373dcac0
[2017-08-05 22:16:14][info] k:bank_type=>ICBC_CREDIT
[2017-08-05 22:16:14][info] k:cash_fee=>548000
[2017-08-05 22:16:14][info] k:fee_type=>CNY
[2017-08-05 22:16:14][info] k:is_subscribe=>N
[2017-08-05 22:16:14][info] k:mch_id=>1244967502
[2017-08-05 22:16:14][info] k:nonce_str=>7ml410gzydr80t9d7a515mlszec4wxu2
[2017-08-05 22:16:14][info] k:openid=>orYumuK2ndv8lqS6yfm7n4Vi1Hw8
[2017-08-05 22:16:14][info] k:out_trade_no=>LX-17080321172111101-7
[2017-08-05 22:16:14][info] k:result_code=>SUCCESS
[2017-08-05 22:16:14][info] k:return_code=>SUCCESS
[2017-08-05 22:16:14][info] k:sign=>D7D72E0C18437AA97BB717C7BC95143A
[2017-08-05 22:16:14][info] k:time_end=>20170805221614
[2017-08-05 22:16:14][info] k:total_fee=>548000
[2017-08-05 22:16:14][info] k:trade_type=>NATIVE
[2017-08-05 22:16:14][info] k:transaction_id=>4005092001201708054693133774
[2017-08-05 22:16:14][info] ----------------------------------------
[2017-08-05 22:16:14][info] XML_DATA222:{"appid":"wxefc029d4373dcac0","bank_type":"ICBC_CREDIT","cash_fee":"5480.00","fee_type":"CNY","is_subscribe":"N","mch_id":"1244967502","nonce_str":"7ml410gzydr80t9d7a515mlszec4wxu2","openid":"orYumuK2ndv8lqS6yfm7n4Vi1Hw8","out_trade_no":"LX-17080321172111101-7","result_code":"SUCCESS","return_code":"SUCCESS","sign":"D7D72E0C18437AA97BB717C7BC95143A","time_end":"20170805221614","total_fee":"5480.00","trade_type":"NATIVE","transaction_id":"4005092001201708054693133774"}
[2017-08-05 22:16:15][warn] 数据存储成功，并成功返回记录编号18499！
[2017-08-05 22:16:30][info] ----------------------------------------
[2017-08-05 22:16:30][info] XML_DATA111:[{appid=>wxefc029d4373dcac0}{bank_type=>ICBC_CREDIT}{cash_fee=>548000}{fee_type=>CNY}{is_subscribe=>N}{mch_id=>1244967502}{nonce_str=>7ml410gzydr80t9d7a515mlszec4wxu2}{openid=>orYumuK2ndv8lqS6yfm7n4Vi1Hw8}{out_trade_no=>LX-17080321172111101-7}{result_code=>SUCCESS}{return_code=>SUCCESS}{sign=>D7D72E0C18437AA97BB717C7BC95143A}{time_end=>20170805221614}{total_fee=>548000}{trade_type=>NATIVE}{transaction_id=>4005092001201708054693133774}]
[2017-08-05 22:16:30][info] k:appid=>wxefc029d4373dcac0
[2017-08-05 22:16:30][info] k:bank_type=>ICBC_CREDIT
[2017-08-05 22:16:30][info] k:cash_fee=>548000
[2017-08-05 22:16:30][info] k:fee_type=>CNY
[2017-08-05 22:16:30][info] k:is_subscribe=>N
[2017-08-05 22:16:30][info] k:mch_id=>1244967502
[2017-08-05 22:16:30][info] k:nonce_str=>7ml410gzydr80t9d7a515mlszec4wxu2
[2017-08-05 22:16:30][info] k:openid=>orYumuK2ndv8lqS6yfm7n4Vi1Hw8
[2017-08-05 22:16:30][info] k:out_trade_no=>LX-17080321172111101-7
[2017-08-05 22:16:30][info] k:result_code=>SUCCESS
[2017-08-05 22:16:30][info] k:return_code=>SUCCESS
[2017-08-05 22:16:30][info] k:sign=>D7D72E0C18437AA97BB717C7BC95143A
[2017-08-05 22:16:30][info] k:time_end=>20170805221614
[2017-08-05 22:16:30][info] k:total_fee=>548000
[2017-08-05 22:16:30][info] k:trade_type=>NATIVE
[2017-08-05 22:16:30][info] k:transaction_id=>4005092001201708054693133774
[2017-08-05 22:16:30][info] ----------------------------------------
[2017-08-05 22:16:30][info] XML_DATA222:{"appid":"wxefc029d4373dcac0","bank_type":"ICBC_CREDIT","cash_fee":"5480.00","fee_type":"CNY","is_subscribe":"N","mch_id":"1244967502","nonce_str":"7ml410gzydr80t9d7a515mlszec4wxu2","openid":"orYumuK2ndv8lqS6yfm7n4Vi1Hw8","out_trade_no":"LX-17080321172111101-7","result_code":"SUCCESS","return_code":"SUCCESS","sign":"D7D72E0C18437AA97BB717C7BC95143A","time_end":"20170805221614","total_fee":"5480.00","trade_type":"NATIVE","transaction_id":"4005092001201708054693133774"}
[2017-08-05 22:16:30][info] 收到重复信息，并处理反馈成功！
[2017-08-05 22:16:30][info] success
[2017-08-05 22:16:30][info] 写入结束!!!
