[2017-05-12 08:15:35][info] ----------------------------------------
[2017-05-12 08:15:35][info] XML_DATA111:[{appid=>wxefc029d4373dcac0}{bank_type=>CFT}{cash_fee=>518000}{fee_type=>CNY}{is_subscribe=>Y}{mch_id=>1244967502}{nonce_str=>6dya1i1avs941guhfkrc5ffpeycun3i5}{openid=>orYumuPx3hzCQfN5k81nGq8oHsRo}{out_trade_no=>LX-17051116500961006-c}{result_code=>SUCCESS}{return_code=>SUCCESS}{sign=>E31BC2E84B6FB924017AB2582D3E9F15}{time_end=>20170512081534}{total_fee=>518000}{trade_type=>NATIVE}{transaction_id=>4009722001201705120496654661}]
[2017-05-12 08:15:35][info] k:appid=>wxefc029d4373dcac0
[2017-05-12 08:15:35][info] k:bank_type=>CFT
[2017-05-12 08:15:35][info] k:cash_fee=>518000
[2017-05-12 08:15:35][info] k:fee_type=>CNY
[2017-05-12 08:15:35][info] k:is_subscribe=>Y
[2017-05-12 08:15:35][info] k:mch_id=>1244967502
[2017-05-12 08:15:35][info] k:nonce_str=>6dya1i1avs941guhfkrc5ffpeycun3i5
[2017-05-12 08:15:35][info] k:openid=>orYumuPx3hzCQfN5k81nGq8oHsRo
[2017-05-12 08:15:35][info] k:out_trade_no=>LX-17051116500961006-c
[2017-05-12 08:15:35][info] k:result_code=>SUCCESS
[2017-05-12 08:15:35][info] k:return_code=>SUCCESS
[2017-05-12 08:15:35][info] k:sign=>E31BC2E84B6FB924017AB2582D3E9F15
[2017-05-12 08:15:35][info] k:time_end=>20170512081534
[2017-05-12 08:15:35][info] k:total_fee=>518000
[2017-05-12 08:15:35][info] k:trade_type=>NATIVE
[2017-05-12 08:15:35][info] k:transaction_id=>4009722001201705120496654661
[2017-05-12 08:15:35][info] ----------------------------------------
[2017-05-12 08:15:35][info] XML_DATA222:{"appid":"wxefc029d4373dcac0","bank_type":"CFT","cash_fee":"5180.00","fee_type":"CNY","is_subscribe":"Y","mch_id":"1244967502","nonce_str":"6dya1i1avs941guhfkrc5ffpeycun3i5","openid":"orYumuPx3hzCQfN5k81nGq8oHsRo","out_trade_no":"LX-17051116500961006-c","result_code":"SUCCESS","return_code":"SUCCESS","sign":"E31BC2E84B6FB924017AB2582D3E9F15","time_end":"20170512081534","total_fee":"5180.00","trade_type":"NATIVE","transaction_id":"4009722001201705120496654661"}
[2017-05-12 08:15:35][warn] 数据存储成功，并成功返回记录编号17494！
[2017-05-12 08:15:49][info] ----------------------------------------
[2017-05-12 08:15:49][info] XML_DATA111:[{appid=>wxefc029d4373dcac0}{bank_type=>CFT}{cash_fee=>518000}{fee_type=>CNY}{is_subscribe=>Y}{mch_id=>1244967502}{nonce_str=>6dya1i1avs941guhfkrc5ffpeycun3i5}{openid=>orYumuPx3hzCQfN5k81nGq8oHsRo}{out_trade_no=>LX-17051116500961006-c}{result_code=>SUCCESS}{return_code=>SUCCESS}{sign=>E31BC2E84B6FB924017AB2582D3E9F15}{time_end=>20170512081534}{total_fee=>518000}{trade_type=>NATIVE}{transaction_id=>4009722001201705120496654661}]
[2017-05-12 08:15:49][info] k:appid=>wxefc029d4373dcac0
[2017-05-12 08:15:49][info] k:bank_type=>CFT
[2017-05-12 08:15:49][info] k:cash_fee=>518000
[2017-05-12 08:15:49][info] k:fee_type=>CNY
[2017-05-12 08:15:49][info] k:is_subscribe=>Y
[2017-05-12 08:15:49][info] k:mch_id=>1244967502
[2017-05-12 08:15:49][info] k:nonce_str=>6dya1i1avs941guhfkrc5ffpeycun3i5
[2017-05-12 08:15:49][info] k:openid=>orYumuPx3hzCQfN5k81nGq8oHsRo
[2017-05-12 08:15:49][info] k:out_trade_no=>LX-17051116500961006-c
[2017-05-12 08:15:49][info] k:result_code=>SUCCESS
[2017-05-12 08:15:49][info] k:return_code=>SUCCESS
[2017-05-12 08:15:49][info] k:sign=>E31BC2E84B6FB924017AB2582D3E9F15
[2017-05-12 08:15:49][info] k:time_end=>20170512081534
[2017-05-12 08:15:49][info] k:total_fee=>518000
[2017-05-12 08:15:49][info] k:trade_type=>NATIVE
[2017-05-12 08:15:49][info] k:transaction_id=>4009722001201705120496654661
[2017-05-12 08:15:49][info] ----------------------------------------
[2017-05-12 08:15:49][info] XML_DATA222:{"appid":"wxefc029d4373dcac0","bank_type":"CFT","cash_fee":"5180.00","fee_type":"CNY","is_subscribe":"Y","mch_id":"1244967502","nonce_str":"6dya1i1avs941guhfkrc5ffpeycun3i5","openid":"orYumuPx3hzCQfN5k81nGq8oHsRo","out_trade_no":"LX-17051116500961006-c","result_code":"SUCCESS","return_code":"SUCCESS","sign":"E31BC2E84B6FB924017AB2582D3E9F15","time_end":"20170512081534","total_fee":"5180.00","trade_type":"NATIVE","transaction_id":"4009722001201705120496654661"}
[2017-05-12 08:15:49][info] 收到重复信息，并处理反馈成功！
[2017-05-12 08:15:49][info] success
[2017-05-12 08:15:49][info] 写入结束!!!
