[2017-08-02 10:38:19][info] ----------------------------------------
[2017-08-02 10:38:19][info] XML_DATA111:[{appid=>wxefc029d4373dcac0}{bank_type=>CFT}{cash_fee=>795000}{fee_type=>CNY}{is_subscribe=>N}{mch_id=>1244967502}{nonce_str=>y4d3sic76hg3csy76e3783w1ikoo7zqw}{openid=>orYumuCxEjGmwh9WfGRGpEpKA3hk}{out_trade_no=>LX-17071816101694401-7}{result_code=>SUCCESS}{return_code=>SUCCESS}{sign=>8D6ACD9050AC0223D3A61DE9C6E6F89E}{time_end=>20170802103819}{total_fee=>795000}{trade_type=>NATIVE}{transaction_id=>4000092001201708023998436006}]
[2017-08-02 10:38:19][info] k:appid=>wxefc029d4373dcac0
[2017-08-02 10:38:19][info] k:bank_type=>CFT
[2017-08-02 10:38:19][info] k:cash_fee=>795000
[2017-08-02 10:38:19][info] k:fee_type=>CNY
[2017-08-02 10:38:19][info] k:is_subscribe=>N
[2017-08-02 10:38:19][info] k:mch_id=>1244967502
[2017-08-02 10:38:19][info] k:nonce_str=>y4d3sic76hg3csy76e3783w1ikoo7zqw
[2017-08-02 10:38:19][info] k:openid=>orYumuCxEjGmwh9WfGRGpEpKA3hk
[2017-08-02 10:38:19][info] k:out_trade_no=>LX-17071816101694401-7
[2017-08-02 10:38:19][info] k:result_code=>SUCCESS
[2017-08-02 10:38:19][info] k:return_code=>SUCCESS
[2017-08-02 10:38:19][info] k:sign=>8D6ACD9050AC0223D3A61DE9C6E6F89E
[2017-08-02 10:38:19][info] k:time_end=>20170802103819
[2017-08-02 10:38:19][info] k:total_fee=>795000
[2017-08-02 10:38:19][info] k:trade_type=>NATIVE
[2017-08-02 10:38:19][info] k:transaction_id=>4000092001201708023998436006
[2017-08-02 10:38:19][info] ----------------------------------------
[2017-08-02 10:38:19][info] XML_DATA222:{"appid":"wxefc029d4373dcac0","bank_type":"CFT","cash_fee":"7950.00","fee_type":"CNY","is_subscribe":"N","mch_id":"1244967502","nonce_str":"y4d3sic76hg3csy76e3783w1ikoo7zqw","openid":"orYumuCxEjGmwh9WfGRGpEpKA3hk","out_trade_no":"LX-17071816101694401-7","result_code":"SUCCESS","return_code":"SUCCESS","sign":"8D6ACD9050AC0223D3A61DE9C6E6F89E","time_end":"20170802103819","total_fee":"7950.00","trade_type":"NATIVE","transaction_id":"4000092001201708023998436006"}
[2017-08-02 10:38:20][warn] 数据存储成功，并成功返回记录编号18415！
[2017-08-02 10:38:31][info] ----------------------------------------
[2017-08-02 10:38:31][info] XML_DATA111:[{appid=>wxefc029d4373dcac0}{bank_type=>CFT}{cash_fee=>795000}{fee_type=>CNY}{is_subscribe=>N}{mch_id=>1244967502}{nonce_str=>y4d3sic76hg3csy76e3783w1ikoo7zqw}{openid=>orYumuCxEjGmwh9WfGRGpEpKA3hk}{out_trade_no=>LX-17071816101694401-7}{result_code=>SUCCESS}{return_code=>SUCCESS}{sign=>8D6ACD9050AC0223D3A61DE9C6E6F89E}{time_end=>20170802103819}{total_fee=>795000}{trade_type=>NATIVE}{transaction_id=>4000092001201708023998436006}]
[2017-08-02 10:38:31][info] k:appid=>wxefc029d4373dcac0
[2017-08-02 10:38:31][info] k:bank_type=>CFT
[2017-08-02 10:38:31][info] k:cash_fee=>795000
[2017-08-02 10:38:31][info] k:fee_type=>CNY
[2017-08-02 10:38:31][info] k:is_subscribe=>N
[2017-08-02 10:38:31][info] k:mch_id=>1244967502
[2017-08-02 10:38:31][info] k:nonce_str=>y4d3sic76hg3csy76e3783w1ikoo7zqw
[2017-08-02 10:38:31][info] k:openid=>orYumuCxEjGmwh9WfGRGpEpKA3hk
[2017-08-02 10:38:31][info] k:out_trade_no=>LX-17071816101694401-7
[2017-08-02 10:38:31][info] k:result_code=>SUCCESS
[2017-08-02 10:38:31][info] k:return_code=>SUCCESS
[2017-08-02 10:38:31][info] k:sign=>8D6ACD9050AC0223D3A61DE9C6E6F89E
[2017-08-02 10:38:31][info] k:time_end=>20170802103819
[2017-08-02 10:38:31][info] k:total_fee=>795000
[2017-08-02 10:38:31][info] k:trade_type=>NATIVE
[2017-08-02 10:38:31][info] k:transaction_id=>4000092001201708023998436006
[2017-08-02 10:38:31][info] ----------------------------------------
[2017-08-02 10:38:31][info] XML_DATA222:{"appid":"wxefc029d4373dcac0","bank_type":"CFT","cash_fee":"7950.00","fee_type":"CNY","is_subscribe":"N","mch_id":"1244967502","nonce_str":"y4d3sic76hg3csy76e3783w1ikoo7zqw","openid":"orYumuCxEjGmwh9WfGRGpEpKA3hk","out_trade_no":"LX-17071816101694401-7","result_code":"SUCCESS","return_code":"SUCCESS","sign":"8D6ACD9050AC0223D3A61DE9C6E6F89E","time_end":"20170802103819","total_fee":"7950.00","trade_type":"NATIVE","transaction_id":"4000092001201708023998436006"}
[2017-08-02 10:38:31][info] 收到重复信息，并处理反馈成功！
[2017-08-02 10:38:31][info] success
[2017-08-02 10:38:31][info] 写入结束!!!
[2017-08-02 13:37:58][info] ----------------------------------------
[2017-08-02 13:37:58][info] XML_DATA111:[{appid=>wxefc029d4373dcac0}{bank_type=>CCB_CREDIT}{cash_fee=>340000}{fee_type=>CNY}{is_subscribe=>N}{mch_id=>1244967502}{nonce_str=>x8c6d0jltoro4qxyekl5oejknu6wkgoh}{openid=>orYumuFIuegA2paLAcp2jx_KjvnU}{out_trade_no=>LX-17080212331238001-f}{result_code=>SUCCESS}{return_code=>SUCCESS}{sign=>9B107E4F47A86EB425715A29B829F447}{time_end=>20170802133758}{total_fee=>340000}{trade_type=>NATIVE}{transaction_id=>4005412001201708024031633561}]
[2017-08-02 13:37:58][info] k:appid=>wxefc029d4373dcac0
[2017-08-02 13:37:58][info] k:bank_type=>CCB_CREDIT
[2017-08-02 13:37:58][info] k:cash_fee=>340000
[2017-08-02 13:37:58][info] k:fee_type=>CNY
[2017-08-02 13:37:58][info] k:is_subscribe=>N
[2017-08-02 13:37:58][info] k:mch_id=>1244967502
[2017-08-02 13:37:58][info] k:nonce_str=>x8c6d0jltoro4qxyekl5oejknu6wkgoh
[2017-08-02 13:37:58][info] k:openid=>orYumuFIuegA2paLAcp2jx_KjvnU
[2017-08-02 13:37:58][info] k:out_trade_no=>LX-17080212331238001-f
[2017-08-02 13:37:58][info] k:result_code=>SUCCESS
[2017-08-02 13:37:58][info] k:return_code=>SUCCESS
[2017-08-02 13:37:58][info] k:sign=>9B107E4F47A86EB425715A29B829F447
[2017-08-02 13:37:58][info] k:time_end=>20170802133758
[2017-08-02 13:37:58][info] k:total_fee=>340000
[2017-08-02 13:37:58][info] k:trade_type=>NATIVE
[2017-08-02 13:37:58][info] k:transaction_id=>4005412001201708024031633561
[2017-08-02 13:37:58][info] ----------------------------------------
[2017-08-02 13:37:58][info] XML_DATA222:{"appid":"wxefc029d4373dcac0","bank_type":"CCB_CREDIT","cash_fee":"3400.00","fee_type":"CNY","is_subscribe":"N","mch_id":"1244967502","nonce_str":"x8c6d0jltoro4qxyekl5oejknu6wkgoh","openid":"orYumuFIuegA2paLAcp2jx_KjvnU","out_trade_no":"LX-17080212331238001-f","result_code":"SUCCESS","return_code":"SUCCESS","sign":"9B107E4F47A86EB425715A29B829F447","time_end":"20170802133758","total_fee":"3400.00","trade_type":"NATIVE","transaction_id":"4005412001201708024031633561"}
[2017-08-02 13:37:59][warn] 数据存储成功，并成功返回记录编号18422！
[2017-08-02 13:38:13][info] ----------------------------------------
[2017-08-02 13:38:13][info] XML_DATA111:[{appid=>wxefc029d4373dcac0}{bank_type=>CCB_CREDIT}{cash_fee=>340000}{fee_type=>CNY}{is_subscribe=>N}{mch_id=>1244967502}{nonce_str=>x8c6d0jltoro4qxyekl5oejknu6wkgoh}{openid=>orYumuFIuegA2paLAcp2jx_KjvnU}{out_trade_no=>LX-17080212331238001-f}{result_code=>SUCCESS}{return_code=>SUCCESS}{sign=>9B107E4F47A86EB425715A29B829F447}{time_end=>20170802133758}{total_fee=>340000}{trade_type=>NATIVE}{transaction_id=>4005412001201708024031633561}]
[2017-08-02 13:38:13][info] k:appid=>wxefc029d4373dcac0
[2017-08-02 13:38:13][info] k:bank_type=>CCB_CREDIT
[2017-08-02 13:38:13][info] k:cash_fee=>340000
[2017-08-02 13:38:13][info] k:fee_type=>CNY
[2017-08-02 13:38:13][info] k:is_subscribe=>N
[2017-08-02 13:38:13][info] k:mch_id=>1244967502
[2017-08-02 13:38:13][info] k:nonce_str=>x8c6d0jltoro4qxyekl5oejknu6wkgoh
[2017-08-02 13:38:13][info] k:openid=>orYumuFIuegA2paLAcp2jx_KjvnU
[2017-08-02 13:38:13][info] k:out_trade_no=>LX-17080212331238001-f
[2017-08-02 13:38:13][info] k:result_code=>SUCCESS
[2017-08-02 13:38:13][info] k:return_code=>SUCCESS
[2017-08-02 13:38:13][info] k:sign=>9B107E4F47A86EB425715A29B829F447
[2017-08-02 13:38:13][info] k:time_end=>20170802133758
[2017-08-02 13:38:13][info] k:total_fee=>340000
[2017-08-02 13:38:13][info] k:trade_type=>NATIVE
[2017-08-02 13:38:13][info] k:transaction_id=>4005412001201708024031633561
[2017-08-02 13:38:13][info] ----------------------------------------
[2017-08-02 13:38:13][info] XML_DATA222:{"appid":"wxefc029d4373dcac0","bank_type":"CCB_CREDIT","cash_fee":"3400.00","fee_type":"CNY","is_subscribe":"N","mch_id":"1244967502","nonce_str":"x8c6d0jltoro4qxyekl5oejknu6wkgoh","openid":"orYumuFIuegA2paLAcp2jx_KjvnU","out_trade_no":"LX-17080212331238001-f","result_code":"SUCCESS","return_code":"SUCCESS","sign":"9B107E4F47A86EB425715A29B829F447","time_end":"20170802133758","total_fee":"3400.00","trade_type":"NATIVE","transaction_id":"4005412001201708024031633561"}
[2017-08-02 13:38:13][info] 收到重复信息，并处理反馈成功！
[2017-08-02 13:38:13][info] success
[2017-08-02 13:38:13][info] 写入结束!!!
[2017-08-02 14:26:13][info] ----------------------------------------
[2017-08-02 14:26:13][info] XML_DATA111:[{appid=>wxefc029d4373dcac0}{bank_type=>CCB_CREDIT}{cash_fee=>1161500}{fee_type=>CNY}{is_subscribe=>N}{mch_id=>1244967502}{nonce_str=>x687vgvmu73jnp7la4rr2n55ew45ikcr}{openid=>orYumuMyiDW3_skpdqtkV-DPwGHk}{out_trade_no=>LX-17072817191138706-2}{result_code=>SUCCESS}{return_code=>SUCCESS}{sign=>A2E6C24446CA6C2ABB26D328CB5FEA5B}{time_end=>20170802142613}{total_fee=>1161500}{trade_type=>NATIVE}{transaction_id=>4004182001201708024039524292}]
[2017-08-02 14:26:13][info] k:appid=>wxefc029d4373dcac0
[2017-08-02 14:26:13][info] k:bank_type=>CCB_CREDIT
[2017-08-02 14:26:13][info] k:cash_fee=>1161500
[2017-08-02 14:26:13][info] k:fee_type=>CNY
[2017-08-02 14:26:13][info] k:is_subscribe=>N
[2017-08-02 14:26:13][info] k:mch_id=>1244967502
[2017-08-02 14:26:13][info] k:nonce_str=>x687vgvmu73jnp7la4rr2n55ew45ikcr
[2017-08-02 14:26:13][info] k:openid=>orYumuMyiDW3_skpdqtkV-DPwGHk
[2017-08-02 14:26:13][info] k:out_trade_no=>LX-17072817191138706-2
[2017-08-02 14:26:13][info] k:result_code=>SUCCESS
[2017-08-02 14:26:13][info] k:return_code=>SUCCESS
[2017-08-02 14:26:13][info] k:sign=>A2E6C24446CA6C2ABB26D328CB5FEA5B
[2017-08-02 14:26:13][info] k:time_end=>20170802142613
[2017-08-02 14:26:13][info] k:total_fee=>1161500
[2017-08-02 14:26:13][info] k:trade_type=>NATIVE
[2017-08-02 14:26:13][info] k:transaction_id=>4004182001201708024039524292
[2017-08-02 14:26:13][info] ----------------------------------------
[2017-08-02 14:26:13][info] XML_DATA222:{"appid":"wxefc029d4373dcac0","bank_type":"CCB_CREDIT","cash_fee":"11615.00","fee_type":"CNY","is_subscribe":"N","mch_id":"1244967502","nonce_str":"x687vgvmu73jnp7la4rr2n55ew45ikcr","openid":"orYumuMyiDW3_skpdqtkV-DPwGHk","out_trade_no":"LX-17072817191138706-2","result_code":"SUCCESS","return_code":"SUCCESS","sign":"A2E6C24446CA6C2ABB26D328CB5FEA5B","time_end":"20170802142613","total_fee":"11615.00","trade_type":"NATIVE","transaction_id":"4004182001201708024039524292"}
[2017-08-02 14:26:13][warn] 数据存储成功，并成功返回记录编号18424！
[2017-08-02 14:26:36][info] ----------------------------------------
[2017-08-02 14:26:36][info] XML_DATA111:[{appid=>wxefc029d4373dcac0}{bank_type=>CCB_CREDIT}{cash_fee=>1161500}{fee_type=>CNY}{is_subscribe=>N}{mch_id=>1244967502}{nonce_str=>x687vgvmu73jnp7la4rr2n55ew45ikcr}{openid=>orYumuMyiDW3_skpdqtkV-DPwGHk}{out_trade_no=>LX-17072817191138706-2}{result_code=>SUCCESS}{return_code=>SUCCESS}{sign=>A2E6C24446CA6C2ABB26D328CB5FEA5B}{time_end=>20170802142613}{total_fee=>1161500}{trade_type=>NATIVE}{transaction_id=>4004182001201708024039524292}]
[2017-08-02 14:26:36][info] k:appid=>wxefc029d4373dcac0
[2017-08-02 14:26:36][info] k:bank_type=>CCB_CREDIT
[2017-08-02 14:26:36][info] k:cash_fee=>1161500
[2017-08-02 14:26:36][info] k:fee_type=>CNY
[2017-08-02 14:26:36][info] k:is_subscribe=>N
[2017-08-02 14:26:36][info] k:mch_id=>1244967502
[2017-08-02 14:26:36][info] k:nonce_str=>x687vgvmu73jnp7la4rr2n55ew45ikcr
[2017-08-02 14:26:36][info] k:openid=>orYumuMyiDW3_skpdqtkV-DPwGHk
[2017-08-02 14:26:36][info] k:out_trade_no=>LX-17072817191138706-2
[2017-08-02 14:26:36][info] k:result_code=>SUCCESS
[2017-08-02 14:26:36][info] k:return_code=>SUCCESS
[2017-08-02 14:26:36][info] k:sign=>A2E6C24446CA6C2ABB26D328CB5FEA5B
[2017-08-02 14:26:36][info] k:time_end=>20170802142613
[2017-08-02 14:26:36][info] k:total_fee=>1161500
[2017-08-02 14:26:36][info] k:trade_type=>NATIVE
[2017-08-02 14:26:36][info] k:transaction_id=>4004182001201708024039524292
[2017-08-02 14:26:36][info] ----------------------------------------
[2017-08-02 14:26:36][info] XML_DATA222:{"appid":"wxefc029d4373dcac0","bank_type":"CCB_CREDIT","cash_fee":"11615.00","fee_type":"CNY","is_subscribe":"N","mch_id":"1244967502","nonce_str":"x687vgvmu73jnp7la4rr2n55ew45ikcr","openid":"orYumuMyiDW3_skpdqtkV-DPwGHk","out_trade_no":"LX-17072817191138706-2","result_code":"SUCCESS","return_code":"SUCCESS","sign":"A2E6C24446CA6C2ABB26D328CB5FEA5B","time_end":"20170802142613","total_fee":"11615.00","trade_type":"NATIVE","transaction_id":"4004182001201708024039524292"}
[2017-08-02 14:26:36][info] 收到重复信息，并处理反馈成功！
[2017-08-02 14:26:36][info] success
[2017-08-02 14:26:36][info] 写入结束!!!
