[2017-08-30 10:42:09][info] ----------------------------------------
[2017-08-30 10:42:09][info] XML_DATA111:[{appid=>wxefc029d4373dcac0}{bank_type=>CCB_DEBIT}{cash_fee=>114000}{fee_type=>CNY}{is_subscribe=>N}{mch_id=>1244967502}{nonce_str=>3fjnxarh6c6jh9fihlbpzm7wamcyr9gp}{openid=>orYumuL05Ho8a11u4B3mO_T0hhxc}{out_trade_no=>LX-17081713015073601-4}{result_code=>SUCCESS}{return_code=>SUCCESS}{sign=>B0E0018D5285535346C7600D8182F381}{time_end=>20170830104208}{total_fee=>114000}{trade_type=>NATIVE}{transaction_id=>4005452001201708309073566261}]
[2017-08-30 10:42:09][info] k:appid=>wxefc029d4373dcac0
[2017-08-30 10:42:09][info] k:bank_type=>CCB_DEBIT
[2017-08-30 10:42:09][info] k:cash_fee=>114000
[2017-08-30 10:42:09][info] k:fee_type=>CNY
[2017-08-30 10:42:09][info] k:is_subscribe=>N
[2017-08-30 10:42:09][info] k:mch_id=>1244967502
[2017-08-30 10:42:09][info] k:nonce_str=>3fjnxarh6c6jh9fihlbpzm7wamcyr9gp
[2017-08-30 10:42:09][info] k:openid=>orYumuL05Ho8a11u4B3mO_T0hhxc
[2017-08-30 10:42:09][info] k:out_trade_no=>LX-17081713015073601-4
[2017-08-30 10:42:09][info] k:result_code=>SUCCESS
[2017-08-30 10:42:09][info] k:return_code=>SUCCESS
[2017-08-30 10:42:09][info] k:sign=>B0E0018D5285535346C7600D8182F381
[2017-08-30 10:42:09][info] k:time_end=>20170830104208
[2017-08-30 10:42:09][info] k:total_fee=>114000
[2017-08-30 10:42:09][info] k:trade_type=>NATIVE
[2017-08-30 10:42:09][info] k:transaction_id=>4005452001201708309073566261
[2017-08-30 10:42:09][info] ----------------------------------------
[2017-08-30 10:42:09][info] XML_DATA222:{"appid":"wxefc029d4373dcac0","bank_type":"CCB_DEBIT","cash_fee":"1140.00","fee_type":"CNY","is_subscribe":"N","mch_id":"1244967502","nonce_str":"3fjnxarh6c6jh9fihlbpzm7wamcyr9gp","openid":"orYumuL05Ho8a11u4B3mO_T0hhxc","out_trade_no":"LX-17081713015073601-4","result_code":"SUCCESS","return_code":"SUCCESS","sign":"B0E0018D5285535346C7600D8182F381","time_end":"20170830104208","total_fee":"1140.00","trade_type":"NATIVE","transaction_id":"4005452001201708309073566261"}
[2017-08-30 10:42:09][warn] 数据存储成功，并成功返回记录编号18754！
[2017-08-30 10:42:20][info] ----------------------------------------
[2017-08-30 10:42:20][info] XML_DATA111:[{appid=>wxefc029d4373dcac0}{bank_type=>CCB_DEBIT}{cash_fee=>114000}{fee_type=>CNY}{is_subscribe=>N}{mch_id=>1244967502}{nonce_str=>3fjnxarh6c6jh9fihlbpzm7wamcyr9gp}{openid=>orYumuL05Ho8a11u4B3mO_T0hhxc}{out_trade_no=>LX-17081713015073601-4}{result_code=>SUCCESS}{return_code=>SUCCESS}{sign=>B0E0018D5285535346C7600D8182F381}{time_end=>20170830104208}{total_fee=>114000}{trade_type=>NATIVE}{transaction_id=>4005452001201708309073566261}]
[2017-08-30 10:42:20][info] k:appid=>wxefc029d4373dcac0
[2017-08-30 10:42:20][info] k:bank_type=>CCB_DEBIT
[2017-08-30 10:42:20][info] k:cash_fee=>114000
[2017-08-30 10:42:20][info] k:fee_type=>CNY
[2017-08-30 10:42:20][info] k:is_subscribe=>N
[2017-08-30 10:42:20][info] k:mch_id=>1244967502
[2017-08-30 10:42:20][info] k:nonce_str=>3fjnxarh6c6jh9fihlbpzm7wamcyr9gp
[2017-08-30 10:42:20][info] k:openid=>orYumuL05Ho8a11u4B3mO_T0hhxc
[2017-08-30 10:42:20][info] k:out_trade_no=>LX-17081713015073601-4
[2017-08-30 10:42:20][info] k:result_code=>SUCCESS
[2017-08-30 10:42:20][info] k:return_code=>SUCCESS
[2017-08-30 10:42:20][info] k:sign=>B0E0018D5285535346C7600D8182F381
[2017-08-30 10:42:20][info] k:time_end=>20170830104208
[2017-08-30 10:42:20][info] k:total_fee=>114000
[2017-08-30 10:42:20][info] k:trade_type=>NATIVE
[2017-08-30 10:42:20][info] k:transaction_id=>4005452001201708309073566261
[2017-08-30 10:42:20][info] ----------------------------------------
[2017-08-30 10:42:20][info] XML_DATA222:{"appid":"wxefc029d4373dcac0","bank_type":"CCB_DEBIT","cash_fee":"1140.00","fee_type":"CNY","is_subscribe":"N","mch_id":"1244967502","nonce_str":"3fjnxarh6c6jh9fihlbpzm7wamcyr9gp","openid":"orYumuL05Ho8a11u4B3mO_T0hhxc","out_trade_no":"LX-17081713015073601-4","result_code":"SUCCESS","return_code":"SUCCESS","sign":"B0E0018D5285535346C7600D8182F381","time_end":"20170830104208","total_fee":"1140.00","trade_type":"NATIVE","transaction_id":"4005452001201708309073566261"}
[2017-08-30 10:42:20][info] 收到重复信息，并处理反馈成功！
[2017-08-30 10:42:20][info] success
[2017-08-30 10:42:20][info] 写入结束!!!
[2017-08-30 15:35:46][info] ----------------------------------------
[2017-08-30 15:35:46][info] XML_DATA111:[{appid=>wxefc029d4373dcac0}{bank_type=>CFT}{cash_fee=>407986}{coupon_count=>1}{coupon_fee=>14}{coupon_fee_0=>14}{coupon_id_0=>2000000001908810019}{fee_type=>CNY}{is_subscribe=>N}{mch_id=>1244967502}{nonce_str=>ouia3qoo138cqvdnvshcy91mh4or2cao}{openid=>orYumuKR5FZMw55dRrJD5IjjBGYM}{out_trade_no=>LX-17083013283012806-e}{result_code=>SUCCESS}{return_code=>SUCCESS}{sign=>4C5F5BAF3777D7F53C9C3D92FA6BF6CC}{time_end=>20170830153545}{total_fee=>408000}{trade_type=>NATIVE}{transaction_id=>4005072001201708309123799517}]
[2017-08-30 15:35:46][info] k:appid=>wxefc029d4373dcac0
[2017-08-30 15:35:46][info] k:bank_type=>CFT
[2017-08-30 15:35:46][info] k:cash_fee=>407986
[2017-08-30 15:35:46][info] k:coupon_count=>1
[2017-08-30 15:35:46][info] k:coupon_fee=>14
[2017-08-30 15:35:46][info] k:coupon_fee_0=>14
[2017-08-30 15:35:46][info] k:coupon_id_0=>2000000001908810019
[2017-08-30 15:35:46][info] k:fee_type=>CNY
[2017-08-30 15:35:46][info] k:is_subscribe=>N
[2017-08-30 15:35:46][info] k:mch_id=>1244967502
[2017-08-30 15:35:46][info] k:nonce_str=>ouia3qoo138cqvdnvshcy91mh4or2cao
[2017-08-30 15:35:46][info] k:openid=>orYumuKR5FZMw55dRrJD5IjjBGYM
[2017-08-30 15:35:46][info] k:out_trade_no=>LX-17083013283012806-e
[2017-08-30 15:35:46][info] k:result_code=>SUCCESS
[2017-08-30 15:35:46][info] k:return_code=>SUCCESS
[2017-08-30 15:35:46][info] k:sign=>4C5F5BAF3777D7F53C9C3D92FA6BF6CC
[2017-08-30 15:35:46][info] k:time_end=>20170830153545
[2017-08-30 15:35:46][info] k:total_fee=>408000
[2017-08-30 15:35:46][info] k:trade_type=>NATIVE
[2017-08-30 15:35:46][info] k:transaction_id=>4005072001201708309123799517
[2017-08-30 15:35:46][info] ----------------------------------------
[2017-08-30 15:35:46][info] XML_DATA222:{"appid":"wxefc029d4373dcac0","bank_type":"CFT","cash_fee":"4079.86","coupon_count":"1","coupon_fee":"14","coupon_fee_0":"14","coupon_id_0":"2000000001908810019","fee_type":"CNY","is_subscribe":"N","mch_id":"1244967502","nonce_str":"ouia3qoo138cqvdnvshcy91mh4or2cao","openid":"orYumuKR5FZMw55dRrJD5IjjBGYM","out_trade_no":"LX-17083013283012806-e","result_code":"SUCCESS","return_code":"SUCCESS","sign":"4C5F5BAF3777D7F53C9C3D92FA6BF6CC","time_end":"20170830153545","total_fee":"4080.00","trade_type":"NATIVE","transaction_id":"4005072001201708309123799517"}
[2017-08-30 15:35:46][warn] 数据存储成功，并成功返回记录编号18764！
[2017-08-30 15:35:58][info] ----------------------------------------
[2017-08-30 15:35:58][info] XML_DATA111:[{appid=>wxefc029d4373dcac0}{bank_type=>CFT}{cash_fee=>407986}{coupon_count=>1}{coupon_fee=>14}{coupon_fee_0=>14}{coupon_id_0=>2000000001908810019}{fee_type=>CNY}{is_subscribe=>N}{mch_id=>1244967502}{nonce_str=>ouia3qoo138cqvdnvshcy91mh4or2cao}{openid=>orYumuKR5FZMw55dRrJD5IjjBGYM}{out_trade_no=>LX-17083013283012806-e}{result_code=>SUCCESS}{return_code=>SUCCESS}{sign=>4C5F5BAF3777D7F53C9C3D92FA6BF6CC}{time_end=>20170830153545}{total_fee=>408000}{trade_type=>NATIVE}{transaction_id=>4005072001201708309123799517}]
[2017-08-30 15:35:58][info] k:appid=>wxefc029d4373dcac0
[2017-08-30 15:35:58][info] k:bank_type=>CFT
[2017-08-30 15:35:58][info] k:cash_fee=>407986
[2017-08-30 15:35:58][info] k:coupon_count=>1
[2017-08-30 15:35:58][info] k:coupon_fee=>14
[2017-08-30 15:35:58][info] k:coupon_fee_0=>14
[2017-08-30 15:35:58][info] k:coupon_id_0=>2000000001908810019
[2017-08-30 15:35:58][info] k:fee_type=>CNY
[2017-08-30 15:35:58][info] k:is_subscribe=>N
[2017-08-30 15:35:58][info] k:mch_id=>1244967502
[2017-08-30 15:35:58][info] k:nonce_str=>ouia3qoo138cqvdnvshcy91mh4or2cao
[2017-08-30 15:35:58][info] k:openid=>orYumuKR5FZMw55dRrJD5IjjBGYM
[2017-08-30 15:35:58][info] k:out_trade_no=>LX-17083013283012806-e
[2017-08-30 15:35:58][info] k:result_code=>SUCCESS
[2017-08-30 15:35:58][info] k:return_code=>SUCCESS
[2017-08-30 15:35:58][info] k:sign=>4C5F5BAF3777D7F53C9C3D92FA6BF6CC
[2017-08-30 15:35:58][info] k:time_end=>20170830153545
[2017-08-30 15:35:58][info] k:total_fee=>408000
[2017-08-30 15:35:58][info] k:trade_type=>NATIVE
[2017-08-30 15:35:58][info] k:transaction_id=>4005072001201708309123799517
[2017-08-30 15:35:58][info] ----------------------------------------
[2017-08-30 15:35:58][info] XML_DATA222:{"appid":"wxefc029d4373dcac0","bank_type":"CFT","cash_fee":"4079.86","coupon_count":"1","coupon_fee":"14","coupon_fee_0":"14","coupon_id_0":"2000000001908810019","fee_type":"CNY","is_subscribe":"N","mch_id":"1244967502","nonce_str":"ouia3qoo138cqvdnvshcy91mh4or2cao","openid":"orYumuKR5FZMw55dRrJD5IjjBGYM","out_trade_no":"LX-17083013283012806-e","result_code":"SUCCESS","return_code":"SUCCESS","sign":"4C5F5BAF3777D7F53C9C3D92FA6BF6CC","time_end":"20170830153545","total_fee":"4080.00","trade_type":"NATIVE","transaction_id":"4005072001201708309123799517"}
[2017-08-30 15:35:58][info] 收到重复信息，并处理反馈成功！
[2017-08-30 15:35:58][info] success
[2017-08-30 15:35:58][info] 写入结束!!!
[2017-08-30 21:58:33][info] ----------------------------------------
[2017-08-30 21:58:33][info] XML_DATA111:[{appid=>wxefc029d4373dcac0}{bank_type=>GDB_CREDIT}{cash_fee=>1036000}{fee_type=>CNY}{is_subscribe=>N}{mch_id=>1244967502}{nonce_str=>okhextedfv50ny6w7f0uoi2bkinh1mus}{openid=>orYumuCiVVgLtIbw75yQpQcla7Fw}{out_trade_no=>LX-17081621342243206-8}{result_code=>SUCCESS}{return_code=>SUCCESS}{sign=>D795E6FFDE31669F52EC31D4EE623FDD}{time_end=>20170830215833}{total_fee=>1036000}{trade_type=>NATIVE}{transaction_id=>4004032001201708309196984286}]
[2017-08-30 21:58:33][info] k:appid=>wxefc029d4373dcac0
[2017-08-30 21:58:33][info] k:bank_type=>GDB_CREDIT
[2017-08-30 21:58:33][info] k:cash_fee=>1036000
[2017-08-30 21:58:33][info] k:fee_type=>CNY
[2017-08-30 21:58:33][info] k:is_subscribe=>N
[2017-08-30 21:58:33][info] k:mch_id=>1244967502
[2017-08-30 21:58:33][info] k:nonce_str=>okhextedfv50ny6w7f0uoi2bkinh1mus
[2017-08-30 21:58:33][info] k:openid=>orYumuCiVVgLtIbw75yQpQcla7Fw
[2017-08-30 21:58:33][info] k:out_trade_no=>LX-17081621342243206-8
[2017-08-30 21:58:33][info] k:result_code=>SUCCESS
[2017-08-30 21:58:33][info] k:return_code=>SUCCESS
[2017-08-30 21:58:33][info] k:sign=>D795E6FFDE31669F52EC31D4EE623FDD
[2017-08-30 21:58:33][info] k:time_end=>20170830215833
[2017-08-30 21:58:33][info] k:total_fee=>1036000
[2017-08-30 21:58:33][info] k:trade_type=>NATIVE
[2017-08-30 21:58:33][info] k:transaction_id=>4004032001201708309196984286
[2017-08-30 21:58:33][info] ----------------------------------------
[2017-08-30 21:58:33][info] XML_DATA222:{"appid":"wxefc029d4373dcac0","bank_type":"GDB_CREDIT","cash_fee":"10360.00","fee_type":"CNY","is_subscribe":"N","mch_id":"1244967502","nonce_str":"okhextedfv50ny6w7f0uoi2bkinh1mus","openid":"orYumuCiVVgLtIbw75yQpQcla7Fw","out_trade_no":"LX-17081621342243206-8","result_code":"SUCCESS","return_code":"SUCCESS","sign":"D795E6FFDE31669F52EC31D4EE623FDD","time_end":"20170830215833","total_fee":"10360.00","trade_type":"NATIVE","transaction_id":"4004032001201708309196984286"}
[2017-08-30 21:58:34][warn] 数据存储成功，并成功返回记录编号18768！
[2017-08-30 21:58:49][info] ----------------------------------------
[2017-08-30 21:58:49][info] XML_DATA111:[{appid=>wxefc029d4373dcac0}{bank_type=>GDB_CREDIT}{cash_fee=>1036000}{fee_type=>CNY}{is_subscribe=>N}{mch_id=>1244967502}{nonce_str=>okhextedfv50ny6w7f0uoi2bkinh1mus}{openid=>orYumuCiVVgLtIbw75yQpQcla7Fw}{out_trade_no=>LX-17081621342243206-8}{result_code=>SUCCESS}{return_code=>SUCCESS}{sign=>D795E6FFDE31669F52EC31D4EE623FDD}{time_end=>20170830215833}{total_fee=>1036000}{trade_type=>NATIVE}{transaction_id=>4004032001201708309196984286}]
[2017-08-30 21:58:49][info] k:appid=>wxefc029d4373dcac0
[2017-08-30 21:58:49][info] k:bank_type=>GDB_CREDIT
[2017-08-30 21:58:49][info] k:cash_fee=>1036000
[2017-08-30 21:58:49][info] k:fee_type=>CNY
[2017-08-30 21:58:49][info] k:is_subscribe=>N
[2017-08-30 21:58:49][info] k:mch_id=>1244967502
[2017-08-30 21:58:49][info] k:nonce_str=>okhextedfv50ny6w7f0uoi2bkinh1mus
[2017-08-30 21:58:49][info] k:openid=>orYumuCiVVgLtIbw75yQpQcla7Fw
[2017-08-30 21:58:49][info] k:out_trade_no=>LX-17081621342243206-8
[2017-08-30 21:58:49][info] k:result_code=>SUCCESS
[2017-08-30 21:58:49][info] k:return_code=>SUCCESS
[2017-08-30 21:58:49][info] k:sign=>D795E6FFDE31669F52EC31D4EE623FDD
[2017-08-30 21:58:49][info] k:time_end=>20170830215833
[2017-08-30 21:58:49][info] k:total_fee=>1036000
[2017-08-30 21:58:49][info] k:trade_type=>NATIVE
[2017-08-30 21:58:49][info] k:transaction_id=>4004032001201708309196984286
[2017-08-30 21:58:49][info] ----------------------------------------
[2017-08-30 21:58:49][info] XML_DATA222:{"appid":"wxefc029d4373dcac0","bank_type":"GDB_CREDIT","cash_fee":"10360.00","fee_type":"CNY","is_subscribe":"N","mch_id":"1244967502","nonce_str":"okhextedfv50ny6w7f0uoi2bkinh1mus","openid":"orYumuCiVVgLtIbw75yQpQcla7Fw","out_trade_no":"LX-17081621342243206-8","result_code":"SUCCESS","return_code":"SUCCESS","sign":"D795E6FFDE31669F52EC31D4EE623FDD","time_end":"20170830215833","total_fee":"10360.00","trade_type":"NATIVE","transaction_id":"4004032001201708309196984286"}
[2017-08-30 21:58:49][info] 收到重复信息，并处理反馈成功！
[2017-08-30 21:58:49][info] success
[2017-08-30 21:58:49][info] 写入结束!!!
