[2017-09-03 11:56:10][info] ----------------------------------------
[2017-09-03 11:56:10][info] XML_DATA111:[{appid=>wxefc029d4373dcac0}{bank_type=>CFT}{cash_fee=>398000}{fee_type=>CNY}{is_subscribe=>N}{mch_id=>1244967502}{nonce_str=>2dhs89cqhcrctpdekhfhiz5clu8dzwfg}{openid=>orYumuMKf0--WXYWWdEsUiCxzvKQ}{out_trade_no=>LX-17090311423586201-6}{result_code=>SUCCESS}{return_code=>SUCCESS}{sign=>41F7AB73BE58053F4FF50EE8C54C02C0}{time_end=>20170903115610}{total_fee=>398000}{trade_type=>NATIVE}{transaction_id=>4009912001201709039919284868}]
[2017-09-03 11:56:10][info] k:appid=>wxefc029d4373dcac0
[2017-09-03 11:56:10][info] k:bank_type=>CFT
[2017-09-03 11:56:10][info] k:cash_fee=>398000
[2017-09-03 11:56:10][info] k:fee_type=>CNY
[2017-09-03 11:56:10][info] k:is_subscribe=>N
[2017-09-03 11:56:10][info] k:mch_id=>1244967502
[2017-09-03 11:56:10][info] k:nonce_str=>2dhs89cqhcrctpdekhfhiz5clu8dzwfg
[2017-09-03 11:56:10][info] k:openid=>orYumuMKf0--WXYWWdEsUiCxzvKQ
[2017-09-03 11:56:10][info] k:out_trade_no=>LX-17090311423586201-6
[2017-09-03 11:56:10][info] k:result_code=>SUCCESS
[2017-09-03 11:56:10][info] k:return_code=>SUCCESS
[2017-09-03 11:56:10][info] k:sign=>41F7AB73BE58053F4FF50EE8C54C02C0
[2017-09-03 11:56:10][info] k:time_end=>20170903115610
[2017-09-03 11:56:10][info] k:total_fee=>398000
[2017-09-03 11:56:10][info] k:trade_type=>NATIVE
[2017-09-03 11:56:10][info] k:transaction_id=>4009912001201709039919284868
[2017-09-03 11:56:10][info] ----------------------------------------
[2017-09-03 11:56:10][info] XML_DATA222:{"appid":"wxefc029d4373dcac0","bank_type":"CFT","cash_fee":"3980.00","fee_type":"CNY","is_subscribe":"N","mch_id":"1244967502","nonce_str":"2dhs89cqhcrctpdekhfhiz5clu8dzwfg","openid":"orYumuMKf0--WXYWWdEsUiCxzvKQ","out_trade_no":"LX-17090311423586201-6","result_code":"SUCCESS","return_code":"SUCCESS","sign":"41F7AB73BE58053F4FF50EE8C54C02C0","time_end":"20170903115610","total_fee":"3980.00","trade_type":"NATIVE","transaction_id":"4009912001201709039919284868"}
[2017-09-03 11:56:11][warn] 数据存储成功，并成功返回记录编号18821！
[2017-09-03 11:56:24][info] ----------------------------------------
[2017-09-03 11:56:24][info] XML_DATA111:[{appid=>wxefc029d4373dcac0}{bank_type=>CFT}{cash_fee=>398000}{fee_type=>CNY}{is_subscribe=>N}{mch_id=>1244967502}{nonce_str=>2dhs89cqhcrctpdekhfhiz5clu8dzwfg}{openid=>orYumuMKf0--WXYWWdEsUiCxzvKQ}{out_trade_no=>LX-17090311423586201-6}{result_code=>SUCCESS}{return_code=>SUCCESS}{sign=>41F7AB73BE58053F4FF50EE8C54C02C0}{time_end=>20170903115610}{total_fee=>398000}{trade_type=>NATIVE}{transaction_id=>4009912001201709039919284868}]
[2017-09-03 11:56:24][info] k:appid=>wxefc029d4373dcac0
[2017-09-03 11:56:24][info] k:bank_type=>CFT
[2017-09-03 11:56:24][info] k:cash_fee=>398000
[2017-09-03 11:56:24][info] k:fee_type=>CNY
[2017-09-03 11:56:24][info] k:is_subscribe=>N
[2017-09-03 11:56:24][info] k:mch_id=>1244967502
[2017-09-03 11:56:24][info] k:nonce_str=>2dhs89cqhcrctpdekhfhiz5clu8dzwfg
[2017-09-03 11:56:24][info] k:openid=>orYumuMKf0--WXYWWdEsUiCxzvKQ
[2017-09-03 11:56:24][info] k:out_trade_no=>LX-17090311423586201-6
[2017-09-03 11:56:24][info] k:result_code=>SUCCESS
[2017-09-03 11:56:24][info] k:return_code=>SUCCESS
[2017-09-03 11:56:24][info] k:sign=>41F7AB73BE58053F4FF50EE8C54C02C0
[2017-09-03 11:56:24][info] k:time_end=>20170903115610
[2017-09-03 11:56:24][info] k:total_fee=>398000
[2017-09-03 11:56:24][info] k:trade_type=>NATIVE
[2017-09-03 11:56:24][info] k:transaction_id=>4009912001201709039919284868
[2017-09-03 11:56:24][info] ----------------------------------------
[2017-09-03 11:56:24][info] XML_DATA222:{"appid":"wxefc029d4373dcac0","bank_type":"CFT","cash_fee":"3980.00","fee_type":"CNY","is_subscribe":"N","mch_id":"1244967502","nonce_str":"2dhs89cqhcrctpdekhfhiz5clu8dzwfg","openid":"orYumuMKf0--WXYWWdEsUiCxzvKQ","out_trade_no":"LX-17090311423586201-6","result_code":"SUCCESS","return_code":"SUCCESS","sign":"41F7AB73BE58053F4FF50EE8C54C02C0","time_end":"20170903115610","total_fee":"3980.00","trade_type":"NATIVE","transaction_id":"4009912001201709039919284868"}
[2017-09-03 11:56:24][info] 收到重复信息，并处理反馈成功！
[2017-09-03 11:56:24][info] success
[2017-09-03 11:56:24][info] 写入结束!!!
[2017-09-03 14:27:56][info] ----------------------------------------
[2017-09-03 14:27:56][info] XML_DATA111:[{appid=>wxefc029d4373dcac0}{bank_type=>CFT}{cash_fee=>796000}{fee_type=>CNY}{is_subscribe=>N}{mch_id=>1244967502}{nonce_str=>i2alhi382q407zbqnhym8yfu5sd5arqw}{openid=>orYumuDpg0v8yhwZRa1CL2n8A2v0}{out_trade_no=>LX-17090221005183101-0}{result_code=>SUCCESS}{return_code=>SUCCESS}{sign=>2289219974AF4E9E704DF3F31084B985}{time_end=>20170903142756}{total_fee=>796000}{trade_type=>NATIVE}{transaction_id=>4008202001201709039949832324}]
[2017-09-03 14:27:56][info] k:appid=>wxefc029d4373dcac0
[2017-09-03 14:27:56][info] k:bank_type=>CFT
[2017-09-03 14:27:56][info] k:cash_fee=>796000
[2017-09-03 14:27:56][info] k:fee_type=>CNY
[2017-09-03 14:27:56][info] k:is_subscribe=>N
[2017-09-03 14:27:56][info] k:mch_id=>1244967502
[2017-09-03 14:27:56][info] k:nonce_str=>i2alhi382q407zbqnhym8yfu5sd5arqw
[2017-09-03 14:27:56][info] k:openid=>orYumuDpg0v8yhwZRa1CL2n8A2v0
[2017-09-03 14:27:56][info] k:out_trade_no=>LX-17090221005183101-0
[2017-09-03 14:27:56][info] k:result_code=>SUCCESS
[2017-09-03 14:27:56][info] k:return_code=>SUCCESS
[2017-09-03 14:27:56][info] k:sign=>2289219974AF4E9E704DF3F31084B985
[2017-09-03 14:27:56][info] k:time_end=>20170903142756
[2017-09-03 14:27:56][info] k:total_fee=>796000
[2017-09-03 14:27:56][info] k:trade_type=>NATIVE
[2017-09-03 14:27:56][info] k:transaction_id=>4008202001201709039949832324
[2017-09-03 14:27:56][info] ----------------------------------------
[2017-09-03 14:27:56][info] XML_DATA222:{"appid":"wxefc029d4373dcac0","bank_type":"CFT","cash_fee":"7960.00","fee_type":"CNY","is_subscribe":"N","mch_id":"1244967502","nonce_str":"i2alhi382q407zbqnhym8yfu5sd5arqw","openid":"orYumuDpg0v8yhwZRa1CL2n8A2v0","out_trade_no":"LX-17090221005183101-0","result_code":"SUCCESS","return_code":"SUCCESS","sign":"2289219974AF4E9E704DF3F31084B985","time_end":"20170903142756","total_fee":"7960.00","trade_type":"NATIVE","transaction_id":"4008202001201709039949832324"}
[2017-09-03 14:27:56][warn] 数据存储成功，并成功返回记录编号18826！
[2017-09-03 14:28:07][info] ----------------------------------------
[2017-09-03 14:28:07][info] XML_DATA111:[{appid=>wxefc029d4373dcac0}{bank_type=>CFT}{cash_fee=>796000}{fee_type=>CNY}{is_subscribe=>N}{mch_id=>1244967502}{nonce_str=>i2alhi382q407zbqnhym8yfu5sd5arqw}{openid=>orYumuDpg0v8yhwZRa1CL2n8A2v0}{out_trade_no=>LX-17090221005183101-0}{result_code=>SUCCESS}{return_code=>SUCCESS}{sign=>2289219974AF4E9E704DF3F31084B985}{time_end=>20170903142756}{total_fee=>796000}{trade_type=>NATIVE}{transaction_id=>4008202001201709039949832324}]
[2017-09-03 14:28:07][info] k:appid=>wxefc029d4373dcac0
[2017-09-03 14:28:07][info] k:bank_type=>CFT
[2017-09-03 14:28:07][info] k:cash_fee=>796000
[2017-09-03 14:28:07][info] k:fee_type=>CNY
[2017-09-03 14:28:07][info] k:is_subscribe=>N
[2017-09-03 14:28:07][info] k:mch_id=>1244967502
[2017-09-03 14:28:07][info] k:nonce_str=>i2alhi382q407zbqnhym8yfu5sd5arqw
[2017-09-03 14:28:07][info] k:openid=>orYumuDpg0v8yhwZRa1CL2n8A2v0
[2017-09-03 14:28:07][info] k:out_trade_no=>LX-17090221005183101-0
[2017-09-03 14:28:07][info] k:result_code=>SUCCESS
[2017-09-03 14:28:07][info] k:return_code=>SUCCESS
[2017-09-03 14:28:07][info] k:sign=>2289219974AF4E9E704DF3F31084B985
[2017-09-03 14:28:07][info] k:time_end=>20170903142756
[2017-09-03 14:28:07][info] k:total_fee=>796000
[2017-09-03 14:28:07][info] k:trade_type=>NATIVE
[2017-09-03 14:28:07][info] k:transaction_id=>4008202001201709039949832324
[2017-09-03 14:28:07][info] ----------------------------------------
[2017-09-03 14:28:07][info] XML_DATA222:{"appid":"wxefc029d4373dcac0","bank_type":"CFT","cash_fee":"7960.00","fee_type":"CNY","is_subscribe":"N","mch_id":"1244967502","nonce_str":"i2alhi382q407zbqnhym8yfu5sd5arqw","openid":"orYumuDpg0v8yhwZRa1CL2n8A2v0","out_trade_no":"LX-17090221005183101-0","result_code":"SUCCESS","return_code":"SUCCESS","sign":"2289219974AF4E9E704DF3F31084B985","time_end":"20170903142756","total_fee":"7960.00","trade_type":"NATIVE","transaction_id":"4008202001201709039949832324"}
[2017-09-03 14:28:07][info] 收到重复信息，并处理反馈成功！
[2017-09-03 14:28:07][info] success
[2017-09-03 14:28:07][info] 写入结束!!!
[2017-09-03 16:28:54][info] ----------------------------------------
[2017-09-03 16:28:54][info] XML_DATA111:[{appid=>wxefc029d4373dcac0}{bank_type=>CFT}{cash_fee=>608000}{fee_type=>CNY}{is_subscribe=>Y}{mch_id=>1244967502}{nonce_str=>smgjge1san4vmino3pmogvazuf85bnyp}{openid=>orYumuEx1P8c8lrHD_saiop-lO1I}{out_trade_no=>LX-17090316114852801-9}{result_code=>SUCCESS}{return_code=>SUCCESS}{sign=>E11EA5410F2F2777E56F2189B667A84C}{time_end=>20170903162854}{total_fee=>608000}{trade_type=>NATIVE}{transaction_id=>4002022001201709039971738466}]
[2017-09-03 16:28:54][info] k:appid=>wxefc029d4373dcac0
[2017-09-03 16:28:54][info] k:bank_type=>CFT
[2017-09-03 16:28:54][info] k:cash_fee=>608000
[2017-09-03 16:28:54][info] k:fee_type=>CNY
[2017-09-03 16:28:54][info] k:is_subscribe=>Y
[2017-09-03 16:28:54][info] k:mch_id=>1244967502
[2017-09-03 16:28:54][info] k:nonce_str=>smgjge1san4vmino3pmogvazuf85bnyp
[2017-09-03 16:28:54][info] k:openid=>orYumuEx1P8c8lrHD_saiop-lO1I
[2017-09-03 16:28:54][info] k:out_trade_no=>LX-17090316114852801-9
[2017-09-03 16:28:54][info] k:result_code=>SUCCESS
[2017-09-03 16:28:54][info] k:return_code=>SUCCESS
[2017-09-03 16:28:54][info] k:sign=>E11EA5410F2F2777E56F2189B667A84C
[2017-09-03 16:28:54][info] k:time_end=>20170903162854
[2017-09-03 16:28:54][info] k:total_fee=>608000
[2017-09-03 16:28:54][info] k:trade_type=>NATIVE
[2017-09-03 16:28:54][info] k:transaction_id=>4002022001201709039971738466
[2017-09-03 16:28:54][info] ----------------------------------------
[2017-09-03 16:28:54][info] XML_DATA222:{"appid":"wxefc029d4373dcac0","bank_type":"CFT","cash_fee":"6080.00","fee_type":"CNY","is_subscribe":"Y","mch_id":"1244967502","nonce_str":"smgjge1san4vmino3pmogvazuf85bnyp","openid":"orYumuEx1P8c8lrHD_saiop-lO1I","out_trade_no":"LX-17090316114852801-9","result_code":"SUCCESS","return_code":"SUCCESS","sign":"E11EA5410F2F2777E56F2189B667A84C","time_end":"20170903162854","total_fee":"6080.00","trade_type":"NATIVE","transaction_id":"4002022001201709039971738466"}
[2017-09-03 16:28:54][warn] 数据存储成功，并成功返回记录编号18829！
[2017-09-03 16:29:08][info] ----------------------------------------
[2017-09-03 16:29:08][info] XML_DATA111:[{appid=>wxefc029d4373dcac0}{bank_type=>CFT}{cash_fee=>608000}{fee_type=>CNY}{is_subscribe=>Y}{mch_id=>1244967502}{nonce_str=>smgjge1san4vmino3pmogvazuf85bnyp}{openid=>orYumuEx1P8c8lrHD_saiop-lO1I}{out_trade_no=>LX-17090316114852801-9}{result_code=>SUCCESS}{return_code=>SUCCESS}{sign=>E11EA5410F2F2777E56F2189B667A84C}{time_end=>20170903162854}{total_fee=>608000}{trade_type=>NATIVE}{transaction_id=>4002022001201709039971738466}]
[2017-09-03 16:29:08][info] k:appid=>wxefc029d4373dcac0
[2017-09-03 16:29:08][info] k:bank_type=>CFT
[2017-09-03 16:29:08][info] k:cash_fee=>608000
[2017-09-03 16:29:08][info] k:fee_type=>CNY
[2017-09-03 16:29:08][info] k:is_subscribe=>Y
[2017-09-03 16:29:08][info] k:mch_id=>1244967502
[2017-09-03 16:29:08][info] k:nonce_str=>smgjge1san4vmino3pmogvazuf85bnyp
[2017-09-03 16:29:08][info] k:openid=>orYumuEx1P8c8lrHD_saiop-lO1I
[2017-09-03 16:29:08][info] k:out_trade_no=>LX-17090316114852801-9
[2017-09-03 16:29:08][info] k:result_code=>SUCCESS
[2017-09-03 16:29:08][info] k:return_code=>SUCCESS
[2017-09-03 16:29:08][info] k:sign=>E11EA5410F2F2777E56F2189B667A84C
[2017-09-03 16:29:08][info] k:time_end=>20170903162854
[2017-09-03 16:29:08][info] k:total_fee=>608000
[2017-09-03 16:29:08][info] k:trade_type=>NATIVE
[2017-09-03 16:29:08][info] k:transaction_id=>4002022001201709039971738466
[2017-09-03 16:29:08][info] ----------------------------------------
[2017-09-03 16:29:08][info] XML_DATA222:{"appid":"wxefc029d4373dcac0","bank_type":"CFT","cash_fee":"6080.00","fee_type":"CNY","is_subscribe":"Y","mch_id":"1244967502","nonce_str":"smgjge1san4vmino3pmogvazuf85bnyp","openid":"orYumuEx1P8c8lrHD_saiop-lO1I","out_trade_no":"LX-17090316114852801-9","result_code":"SUCCESS","return_code":"SUCCESS","sign":"E11EA5410F2F2777E56F2189B667A84C","time_end":"20170903162854","total_fee":"6080.00","trade_type":"NATIVE","transaction_id":"4002022001201709039971738466"}
[2017-09-03 16:29:08][info] 收到重复信息，并处理反馈成功！
[2017-09-03 16:29:08][info] success
[2017-09-03 16:29:08][info] 写入结束!!!
[2017-09-03 17:10:40][info] ----------------------------------------
[2017-09-03 17:10:40][info] XML_DATA111:[{appid=>wxefc029d4373dcac0}{bank_type=>CITIC_CREDIT}{cash_fee=>502987}{coupon_count=>1}{coupon_fee=>13}{coupon_fee_0=>13}{coupon_id_0=>2000000002008351283}{fee_type=>CNY}{is_subscribe=>N}{mch_id=>1244967502}{nonce_str=>q3kke3ivf3uozu6zsgyr6pvbqkk4023p}{openid=>orYumuPd6juiN0jmxi0RDxsuCRU0}{out_trade_no=>LX-17090316482532701-2}{result_code=>SUCCESS}{return_code=>SUCCESS}{sign=>4F31786DC2941F63ED0B1205F139F523}{time_end=>20170903171040}{total_fee=>503000}{trade_type=>NATIVE}{transaction_id=>4004092001201709039978228878}]
[2017-09-03 17:10:40][info] k:appid=>wxefc029d4373dcac0
[2017-09-03 17:10:40][info] k:bank_type=>CITIC_CREDIT
[2017-09-03 17:10:40][info] k:cash_fee=>502987
[2017-09-03 17:10:40][info] k:coupon_count=>1
[2017-09-03 17:10:40][info] k:coupon_fee=>13
[2017-09-03 17:10:40][info] k:coupon_fee_0=>13
[2017-09-03 17:10:40][info] k:coupon_id_0=>2000000002008351283
[2017-09-03 17:10:40][info] k:fee_type=>CNY
[2017-09-03 17:10:40][info] k:is_subscribe=>N
[2017-09-03 17:10:40][info] k:mch_id=>1244967502
[2017-09-03 17:10:40][info] k:nonce_str=>q3kke3ivf3uozu6zsgyr6pvbqkk4023p
[2017-09-03 17:10:40][info] k:openid=>orYumuPd6juiN0jmxi0RDxsuCRU0
[2017-09-03 17:10:40][info] k:out_trade_no=>LX-17090316482532701-2
[2017-09-03 17:10:40][info] k:result_code=>SUCCESS
[2017-09-03 17:10:40][info] k:return_code=>SUCCESS
[2017-09-03 17:10:40][info] k:sign=>4F31786DC2941F63ED0B1205F139F523
[2017-09-03 17:10:40][info] k:time_end=>20170903171040
[2017-09-03 17:10:40][info] k:total_fee=>503000
[2017-09-03 17:10:40][info] k:trade_type=>NATIVE
[2017-09-03 17:10:40][info] k:transaction_id=>4004092001201709039978228878
[2017-09-03 17:10:40][info] ----------------------------------------
[2017-09-03 17:10:40][info] XML_DATA222:{"appid":"wxefc029d4373dcac0","bank_type":"CITIC_CREDIT","cash_fee":"5029.87","coupon_count":"1","coupon_fee":"13","coupon_fee_0":"13","coupon_id_0":"2000000002008351283","fee_type":"CNY","is_subscribe":"N","mch_id":"1244967502","nonce_str":"q3kke3ivf3uozu6zsgyr6pvbqkk4023p","openid":"orYumuPd6juiN0jmxi0RDxsuCRU0","out_trade_no":"LX-17090316482532701-2","result_code":"SUCCESS","return_code":"SUCCESS","sign":"4F31786DC2941F63ED0B1205F139F523","time_end":"20170903171040","total_fee":"5030.00","trade_type":"NATIVE","transaction_id":"4004092001201709039978228878"}
[2017-09-03 17:10:41][warn] 数据存储成功，并成功返回记录编号18830！
[2017-09-03 17:10:51][info] ----------------------------------------
[2017-09-03 17:10:51][info] XML_DATA111:[{appid=>wxefc029d4373dcac0}{bank_type=>CITIC_CREDIT}{cash_fee=>502987}{coupon_count=>1}{coupon_fee=>13}{coupon_fee_0=>13}{coupon_id_0=>2000000002008351283}{fee_type=>CNY}{is_subscribe=>N}{mch_id=>1244967502}{nonce_str=>q3kke3ivf3uozu6zsgyr6pvbqkk4023p}{openid=>orYumuPd6juiN0jmxi0RDxsuCRU0}{out_trade_no=>LX-17090316482532701-2}{result_code=>SUCCESS}{return_code=>SUCCESS}{sign=>4F31786DC2941F63ED0B1205F139F523}{time_end=>20170903171040}{total_fee=>503000}{trade_type=>NATIVE}{transaction_id=>4004092001201709039978228878}]
[2017-09-03 17:10:51][info] k:appid=>wxefc029d4373dcac0
[2017-09-03 17:10:51][info] k:bank_type=>CITIC_CREDIT
[2017-09-03 17:10:51][info] k:cash_fee=>502987
[2017-09-03 17:10:51][info] k:coupon_count=>1
[2017-09-03 17:10:51][info] k:coupon_fee=>13
[2017-09-03 17:10:51][info] k:coupon_fee_0=>13
[2017-09-03 17:10:51][info] k:coupon_id_0=>2000000002008351283
[2017-09-03 17:10:51][info] k:fee_type=>CNY
[2017-09-03 17:10:51][info] k:is_subscribe=>N
[2017-09-03 17:10:51][info] k:mch_id=>1244967502
[2017-09-03 17:10:51][info] k:nonce_str=>q3kke3ivf3uozu6zsgyr6pvbqkk4023p
[2017-09-03 17:10:51][info] k:openid=>orYumuPd6juiN0jmxi0RDxsuCRU0
[2017-09-03 17:10:51][info] k:out_trade_no=>LX-17090316482532701-2
[2017-09-03 17:10:51][info] k:result_code=>SUCCESS
[2017-09-03 17:10:51][info] k:return_code=>SUCCESS
[2017-09-03 17:10:51][info] k:sign=>4F31786DC2941F63ED0B1205F139F523
[2017-09-03 17:10:51][info] k:time_end=>20170903171040
[2017-09-03 17:10:51][info] k:total_fee=>503000
[2017-09-03 17:10:51][info] k:trade_type=>NATIVE
[2017-09-03 17:10:51][info] k:transaction_id=>4004092001201709039978228878
[2017-09-03 17:10:51][info] ----------------------------------------
[2017-09-03 17:10:51][info] XML_DATA222:{"appid":"wxefc029d4373dcac0","bank_type":"CITIC_CREDIT","cash_fee":"5029.87","coupon_count":"1","coupon_fee":"13","coupon_fee_0":"13","coupon_id_0":"2000000002008351283","fee_type":"CNY","is_subscribe":"N","mch_id":"1244967502","nonce_str":"q3kke3ivf3uozu6zsgyr6pvbqkk4023p","openid":"orYumuPd6juiN0jmxi0RDxsuCRU0","out_trade_no":"LX-17090316482532701-2","result_code":"SUCCESS","return_code":"SUCCESS","sign":"4F31786DC2941F63ED0B1205F139F523","time_end":"20170903171040","total_fee":"5030.00","trade_type":"NATIVE","transaction_id":"4004092001201709039978228878"}
[2017-09-03 17:10:51][info] 收到重复信息，并处理反馈成功！
[2017-09-03 17:10:51][info] success
[2017-09-03 17:10:51][info] 写入结束!!!
