[2017-09-21 13:35:16][info] ----------------------------------------
[2017-09-21 13:35:16][info] XML_DATA111:[{appid=>wxefc029d4373dcac0}{bank_type=>CFT}{cash_fee=>508000}{fee_type=>CNY}{is_subscribe=>Y}{mch_id=>1244967502}{nonce_str=>kmmeod95hb8eonia10bc26nqklapy77s}{openid=>orYumuCvZIk7DDjdNlafKRdHb8iM}{out_trade_no=>LX-17090809320561701-5}{result_code=>SUCCESS}{return_code=>SUCCESS}{sign=>4B6F3DF2757CA0BF00D22493F7D1EA6E}{time_end=>20170921133516}{total_fee=>508000}{trade_type=>NATIVE}{transaction_id=>4200000026201709213368080366}]
[2017-09-21 13:35:16][info] k:appid=>wxefc029d4373dcac0
[2017-09-21 13:35:16][info] k:bank_type=>CFT
[2017-09-21 13:35:16][info] k:cash_fee=>508000
[2017-09-21 13:35:16][info] k:fee_type=>CNY
[2017-09-21 13:35:16][info] k:is_subscribe=>Y
[2017-09-21 13:35:16][info] k:mch_id=>1244967502
[2017-09-21 13:35:16][info] k:nonce_str=>kmmeod95hb8eonia10bc26nqklapy77s
[2017-09-21 13:35:16][info] k:openid=>orYumuCvZIk7DDjdNlafKRdHb8iM
[2017-09-21 13:35:16][info] k:out_trade_no=>LX-17090809320561701-5
[2017-09-21 13:35:16][info] k:result_code=>SUCCESS
[2017-09-21 13:35:16][info] k:return_code=>SUCCESS
[2017-09-21 13:35:16][info] k:sign=>4B6F3DF2757CA0BF00D22493F7D1EA6E
[2017-09-21 13:35:16][info] k:time_end=>20170921133516
[2017-09-21 13:35:16][info] k:total_fee=>508000
[2017-09-21 13:35:16][info] k:trade_type=>NATIVE
[2017-09-21 13:35:16][info] k:transaction_id=>4200000026201709213368080366
[2017-09-21 13:35:16][info] ----------------------------------------
[2017-09-21 13:35:16][info] XML_DATA222:{"appid":"wxefc029d4373dcac0","bank_type":"CFT","cash_fee":"5080.00","fee_type":"CNY","is_subscribe":"Y","mch_id":"1244967502","nonce_str":"kmmeod95hb8eonia10bc26nqklapy77s","openid":"orYumuCvZIk7DDjdNlafKRdHb8iM","out_trade_no":"LX-17090809320561701-5","result_code":"SUCCESS","return_code":"SUCCESS","sign":"4B6F3DF2757CA0BF00D22493F7D1EA6E","time_end":"20170921133516","total_fee":"5080.00","trade_type":"NATIVE","transaction_id":"4200000026201709213368080366"}
[2017-09-21 13:35:17][warn] 数据存储成功，并成功返回记录编号19168！
[2017-09-21 13:35:32][info] ----------------------------------------
[2017-09-21 13:35:32][info] XML_DATA111:[{appid=>wxefc029d4373dcac0}{bank_type=>CFT}{cash_fee=>508000}{fee_type=>CNY}{is_subscribe=>Y}{mch_id=>1244967502}{nonce_str=>kmmeod95hb8eonia10bc26nqklapy77s}{openid=>orYumuCvZIk7DDjdNlafKRdHb8iM}{out_trade_no=>LX-17090809320561701-5}{result_code=>SUCCESS}{return_code=>SUCCESS}{sign=>4B6F3DF2757CA0BF00D22493F7D1EA6E}{time_end=>20170921133516}{total_fee=>508000}{trade_type=>NATIVE}{transaction_id=>4200000026201709213368080366}]
[2017-09-21 13:35:32][info] k:appid=>wxefc029d4373dcac0
[2017-09-21 13:35:32][info] k:bank_type=>CFT
[2017-09-21 13:35:32][info] k:cash_fee=>508000
[2017-09-21 13:35:32][info] k:fee_type=>CNY
[2017-09-21 13:35:32][info] k:is_subscribe=>Y
[2017-09-21 13:35:32][info] k:mch_id=>1244967502
[2017-09-21 13:35:32][info] k:nonce_str=>kmmeod95hb8eonia10bc26nqklapy77s
[2017-09-21 13:35:32][info] k:openid=>orYumuCvZIk7DDjdNlafKRdHb8iM
[2017-09-21 13:35:32][info] k:out_trade_no=>LX-17090809320561701-5
[2017-09-21 13:35:32][info] k:result_code=>SUCCESS
[2017-09-21 13:35:32][info] k:return_code=>SUCCESS
[2017-09-21 13:35:32][info] k:sign=>4B6F3DF2757CA0BF00D22493F7D1EA6E
[2017-09-21 13:35:32][info] k:time_end=>20170921133516
[2017-09-21 13:35:32][info] k:total_fee=>508000
[2017-09-21 13:35:32][info] k:trade_type=>NATIVE
[2017-09-21 13:35:32][info] k:transaction_id=>4200000026201709213368080366
[2017-09-21 13:35:32][info] ----------------------------------------
[2017-09-21 13:35:32][info] XML_DATA222:{"appid":"wxefc029d4373dcac0","bank_type":"CFT","cash_fee":"5080.00","fee_type":"CNY","is_subscribe":"Y","mch_id":"1244967502","nonce_str":"kmmeod95hb8eonia10bc26nqklapy77s","openid":"orYumuCvZIk7DDjdNlafKRdHb8iM","out_trade_no":"LX-17090809320561701-5","result_code":"SUCCESS","return_code":"SUCCESS","sign":"4B6F3DF2757CA0BF00D22493F7D1EA6E","time_end":"20170921133516","total_fee":"5080.00","trade_type":"NATIVE","transaction_id":"4200000026201709213368080366"}
[2017-09-21 13:35:32][info] 收到重复信息，并处理反馈成功！
[2017-09-21 13:35:32][info] success
[2017-09-21 13:35:32][info] 写入结束!!!
[2017-09-21 17:31:06][info] ----------------------------------------
[2017-09-21 17:31:06][info] XML_DATA111:[{appid=>wxefc029d4373dcac0}{bank_type=>CFT}{cash_fee=>142550}{fee_type=>CNY}{is_subscribe=>N}{mch_id=>1244967502}{nonce_str=>4skdrvfta7amm78hj7nr8upfl0pdvt6x}{openid=>orYumuGOxlT3Q-3SCB4GjXa-i2QU}{out_trade_no=>LX-17091915050545801-a}{result_code=>SUCCESS}{return_code=>SUCCESS}{sign=>3BB9F4B321FD82A17565879BFBA63EAE}{time_end=>20170921173106}{total_fee=>142550}{trade_type=>NATIVE}{transaction_id=>4200000002201709213403421585}]
[2017-09-21 17:31:06][info] k:appid=>wxefc029d4373dcac0
[2017-09-21 17:31:06][info] k:bank_type=>CFT
[2017-09-21 17:31:06][info] k:cash_fee=>142550
[2017-09-21 17:31:06][info] k:fee_type=>CNY
[2017-09-21 17:31:06][info] k:is_subscribe=>N
[2017-09-21 17:31:06][info] k:mch_id=>1244967502
[2017-09-21 17:31:06][info] k:nonce_str=>4skdrvfta7amm78hj7nr8upfl0pdvt6x
[2017-09-21 17:31:06][info] k:openid=>orYumuGOxlT3Q-3SCB4GjXa-i2QU
[2017-09-21 17:31:06][info] k:out_trade_no=>LX-17091915050545801-a
[2017-09-21 17:31:06][info] k:result_code=>SUCCESS
[2017-09-21 17:31:06][info] k:return_code=>SUCCESS
[2017-09-21 17:31:06][info] k:sign=>3BB9F4B321FD82A17565879BFBA63EAE
[2017-09-21 17:31:06][info] k:time_end=>20170921173106
[2017-09-21 17:31:06][info] k:total_fee=>142550
[2017-09-21 17:31:06][info] k:trade_type=>NATIVE
[2017-09-21 17:31:06][info] k:transaction_id=>4200000002201709213403421585
[2017-09-21 17:31:06][info] ----------------------------------------
[2017-09-21 17:31:06][info] XML_DATA222:{"appid":"wxefc029d4373dcac0","bank_type":"CFT","cash_fee":"1425.50","fee_type":"CNY","is_subscribe":"N","mch_id":"1244967502","nonce_str":"4skdrvfta7amm78hj7nr8upfl0pdvt6x","openid":"orYumuGOxlT3Q-3SCB4GjXa-i2QU","out_trade_no":"LX-17091915050545801-a","result_code":"SUCCESS","return_code":"SUCCESS","sign":"3BB9F4B321FD82A17565879BFBA63EAE","time_end":"20170921173106","total_fee":"1425.50","trade_type":"NATIVE","transaction_id":"4200000002201709213403421585"}
[2017-09-21 17:31:07][warn] 数据存储成功，并成功返回记录编号19173！
[2017-09-21 17:31:16][info] ----------------------------------------
[2017-09-21 17:31:16][info] XML_DATA111:[{appid=>wxefc029d4373dcac0}{bank_type=>CFT}{cash_fee=>142550}{fee_type=>CNY}{is_subscribe=>N}{mch_id=>1244967502}{nonce_str=>4skdrvfta7amm78hj7nr8upfl0pdvt6x}{openid=>orYumuGOxlT3Q-3SCB4GjXa-i2QU}{out_trade_no=>LX-17091915050545801-a}{result_code=>SUCCESS}{return_code=>SUCCESS}{sign=>3BB9F4B321FD82A17565879BFBA63EAE}{time_end=>20170921173106}{total_fee=>142550}{trade_type=>NATIVE}{transaction_id=>4200000002201709213403421585}]
[2017-09-21 17:31:16][info] k:appid=>wxefc029d4373dcac0
[2017-09-21 17:31:16][info] k:bank_type=>CFT
[2017-09-21 17:31:16][info] k:cash_fee=>142550
[2017-09-21 17:31:16][info] k:fee_type=>CNY
[2017-09-21 17:31:16][info] k:is_subscribe=>N
[2017-09-21 17:31:16][info] k:mch_id=>1244967502
[2017-09-21 17:31:16][info] k:nonce_str=>4skdrvfta7amm78hj7nr8upfl0pdvt6x
[2017-09-21 17:31:16][info] k:openid=>orYumuGOxlT3Q-3SCB4GjXa-i2QU
[2017-09-21 17:31:16][info] k:out_trade_no=>LX-17091915050545801-a
[2017-09-21 17:31:16][info] k:result_code=>SUCCESS
[2017-09-21 17:31:16][info] k:return_code=>SUCCESS
[2017-09-21 17:31:16][info] k:sign=>3BB9F4B321FD82A17565879BFBA63EAE
[2017-09-21 17:31:16][info] k:time_end=>20170921173106
[2017-09-21 17:31:16][info] k:total_fee=>142550
[2017-09-21 17:31:16][info] k:trade_type=>NATIVE
[2017-09-21 17:31:16][info] k:transaction_id=>4200000002201709213403421585
[2017-09-21 17:31:16][info] ----------------------------------------
[2017-09-21 17:31:16][info] XML_DATA222:{"appid":"wxefc029d4373dcac0","bank_type":"CFT","cash_fee":"1425.50","fee_type":"CNY","is_subscribe":"N","mch_id":"1244967502","nonce_str":"4skdrvfta7amm78hj7nr8upfl0pdvt6x","openid":"orYumuGOxlT3Q-3SCB4GjXa-i2QU","out_trade_no":"LX-17091915050545801-a","result_code":"SUCCESS","return_code":"SUCCESS","sign":"3BB9F4B321FD82A17565879BFBA63EAE","time_end":"20170921173106","total_fee":"1425.50","trade_type":"NATIVE","transaction_id":"4200000002201709213403421585"}
[2017-09-21 17:31:16][info] 收到重复信息，并处理反馈成功！
[2017-09-21 17:31:16][info] success
[2017-09-21 17:31:16][info] 写入结束!!!
