[2017-07-01 06:21:53][info] ----------------------------------------
[2017-07-01 06:21:53][info] XML_DATA111:[{appid=>wxefc029d4373dcac0}{bank_type=>CMBC_DEBIT}{cash_fee=>540000}{fee_type=>CNY}{is_subscribe=>N}{mch_id=>1244967502}{nonce_str=>442fmdd1xoqqx5w6nuakwuurtbqk6jzw}{openid=>orYumuLLFrw35eh5IU3R7uJxl8H0}{out_trade_no=>LX-17062316411175706-6}{result_code=>SUCCESS}{return_code=>SUCCESS}{sign=>86420C1E6B4B34E5196321099894A452}{time_end=>20170701062152}{total_fee=>540000}{trade_type=>NATIVE}{transaction_id=>4000462001201707018234842852}]
[2017-07-01 06:21:53][info] k:appid=>wxefc029d4373dcac0
[2017-07-01 06:21:53][info] k:bank_type=>CMBC_DEBIT
[2017-07-01 06:21:53][info] k:cash_fee=>540000
[2017-07-01 06:21:53][info] k:fee_type=>CNY
[2017-07-01 06:21:53][info] k:is_subscribe=>N
[2017-07-01 06:21:53][info] k:mch_id=>1244967502
[2017-07-01 06:21:53][info] k:nonce_str=>442fmdd1xoqqx5w6nuakwuurtbqk6jzw
[2017-07-01 06:21:53][info] k:openid=>orYumuLLFrw35eh5IU3R7uJxl8H0
[2017-07-01 06:21:53][info] k:out_trade_no=>LX-17062316411175706-6
[2017-07-01 06:21:53][info] k:result_code=>SUCCESS
[2017-07-01 06:21:53][info] k:return_code=>SUCCESS
[2017-07-01 06:21:53][info] k:sign=>86420C1E6B4B34E5196321099894A452
[2017-07-01 06:21:53][info] k:time_end=>20170701062152
[2017-07-01 06:21:53][info] k:total_fee=>540000
[2017-07-01 06:21:53][info] k:trade_type=>NATIVE
[2017-07-01 06:21:53][info] k:transaction_id=>4000462001201707018234842852
[2017-07-01 06:21:53][info] ----------------------------------------
[2017-07-01 06:21:53][info] XML_DATA222:{"appid":"wxefc029d4373dcac0","bank_type":"CMBC_DEBIT","cash_fee":"5400.00","fee_type":"CNY","is_subscribe":"N","mch_id":"1244967502","nonce_str":"442fmdd1xoqqx5w6nuakwuurtbqk6jzw","openid":"orYumuLLFrw35eh5IU3R7uJxl8H0","out_trade_no":"LX-17062316411175706-6","result_code":"SUCCESS","return_code":"SUCCESS","sign":"86420C1E6B4B34E5196321099894A452","time_end":"20170701062152","total_fee":"5400.00","trade_type":"NATIVE","transaction_id":"4000462001201707018234842852"}
[2017-07-01 06:21:53][warn] 数据存储成功，并成功返回记录编号17792！
[2017-07-01 06:22:07][info] ----------------------------------------
[2017-07-01 06:22:07][info] XML_DATA111:[{appid=>wxefc029d4373dcac0}{bank_type=>CMBC_DEBIT}{cash_fee=>540000}{fee_type=>CNY}{is_subscribe=>N}{mch_id=>1244967502}{nonce_str=>442fmdd1xoqqx5w6nuakwuurtbqk6jzw}{openid=>orYumuLLFrw35eh5IU3R7uJxl8H0}{out_trade_no=>LX-17062316411175706-6}{result_code=>SUCCESS}{return_code=>SUCCESS}{sign=>86420C1E6B4B34E5196321099894A452}{time_end=>20170701062152}{total_fee=>540000}{trade_type=>NATIVE}{transaction_id=>4000462001201707018234842852}]
[2017-07-01 06:22:07][info] k:appid=>wxefc029d4373dcac0
[2017-07-01 06:22:07][info] k:bank_type=>CMBC_DEBIT
[2017-07-01 06:22:07][info] k:cash_fee=>540000
[2017-07-01 06:22:07][info] k:fee_type=>CNY
[2017-07-01 06:22:07][info] k:is_subscribe=>N
[2017-07-01 06:22:07][info] k:mch_id=>1244967502
[2017-07-01 06:22:07][info] k:nonce_str=>442fmdd1xoqqx5w6nuakwuurtbqk6jzw
[2017-07-01 06:22:07][info] k:openid=>orYumuLLFrw35eh5IU3R7uJxl8H0
[2017-07-01 06:22:07][info] k:out_trade_no=>LX-17062316411175706-6
[2017-07-01 06:22:07][info] k:result_code=>SUCCESS
[2017-07-01 06:22:07][info] k:return_code=>SUCCESS
[2017-07-01 06:22:07][info] k:sign=>86420C1E6B4B34E5196321099894A452
[2017-07-01 06:22:07][info] k:time_end=>20170701062152
[2017-07-01 06:22:07][info] k:total_fee=>540000
[2017-07-01 06:22:07][info] k:trade_type=>NATIVE
[2017-07-01 06:22:07][info] k:transaction_id=>4000462001201707018234842852
[2017-07-01 06:22:07][info] ----------------------------------------
[2017-07-01 06:22:07][info] XML_DATA222:{"appid":"wxefc029d4373dcac0","bank_type":"CMBC_DEBIT","cash_fee":"5400.00","fee_type":"CNY","is_subscribe":"N","mch_id":"1244967502","nonce_str":"442fmdd1xoqqx5w6nuakwuurtbqk6jzw","openid":"orYumuLLFrw35eh5IU3R7uJxl8H0","out_trade_no":"LX-17062316411175706-6","result_code":"SUCCESS","return_code":"SUCCESS","sign":"86420C1E6B4B34E5196321099894A452","time_end":"20170701062152","total_fee":"5400.00","trade_type":"NATIVE","transaction_id":"4000462001201707018234842852"}
[2017-07-01 06:22:07][info] 收到重复信息，并处理反馈成功！
[2017-07-01 06:22:07][info] success
[2017-07-01 06:22:07][info] 写入结束!!!
[2017-07-01 10:08:07][info] ----------------------------------------
[2017-07-01 10:08:07][info] XML_DATA111:[{appid=>wxefc029d4373dcac0}{bank_type=>BOC_CREDIT}{cash_fee=>963000}{fee_type=>CNY}{is_subscribe=>N}{mch_id=>1244967502}{nonce_str=>ogdovm2a9gl4bivwwygxyzq62eavprnu}{openid=>orYumuBEQI0XUkxYY-R6aijTbuQA}{out_trade_no=>LX-1707010949099306-c}{result_code=>SUCCESS}{return_code=>SUCCESS}{sign=>27DAD4203692E54B090D45108EFFC88F}{time_end=>20170701100807}{total_fee=>963000}{trade_type=>NATIVE}{transaction_id=>4004682001201707018257873510}]
[2017-07-01 10:08:07][info] k:appid=>wxefc029d4373dcac0
[2017-07-01 10:08:07][info] k:bank_type=>BOC_CREDIT
[2017-07-01 10:08:07][info] k:cash_fee=>963000
[2017-07-01 10:08:07][info] k:fee_type=>CNY
[2017-07-01 10:08:07][info] k:is_subscribe=>N
[2017-07-01 10:08:07][info] k:mch_id=>1244967502
[2017-07-01 10:08:07][info] k:nonce_str=>ogdovm2a9gl4bivwwygxyzq62eavprnu
[2017-07-01 10:08:07][info] k:openid=>orYumuBEQI0XUkxYY-R6aijTbuQA
[2017-07-01 10:08:07][info] k:out_trade_no=>LX-1707010949099306-c
[2017-07-01 10:08:07][info] k:result_code=>SUCCESS
[2017-07-01 10:08:07][info] k:return_code=>SUCCESS
[2017-07-01 10:08:07][info] k:sign=>27DAD4203692E54B090D45108EFFC88F
[2017-07-01 10:08:07][info] k:time_end=>20170701100807
[2017-07-01 10:08:07][info] k:total_fee=>963000
[2017-07-01 10:08:07][info] k:trade_type=>NATIVE
[2017-07-01 10:08:07][info] k:transaction_id=>4004682001201707018257873510
[2017-07-01 10:08:07][info] ----------------------------------------
[2017-07-01 10:08:07][info] XML_DATA222:{"appid":"wxefc029d4373dcac0","bank_type":"BOC_CREDIT","cash_fee":"9630.00","fee_type":"CNY","is_subscribe":"N","mch_id":"1244967502","nonce_str":"ogdovm2a9gl4bivwwygxyzq62eavprnu","openid":"orYumuBEQI0XUkxYY-R6aijTbuQA","out_trade_no":"LX-1707010949099306-c","result_code":"SUCCESS","return_code":"SUCCESS","sign":"27DAD4203692E54B090D45108EFFC88F","time_end":"20170701100807","total_fee":"9630.00","trade_type":"NATIVE","transaction_id":"4004682001201707018257873510"}
[2017-07-01 10:08:07][warn] 数据存储成功，并成功返回记录编号17795！
[2017-07-01 10:08:19][info] ----------------------------------------
[2017-07-01 10:08:19][info] XML_DATA111:[{appid=>wxefc029d4373dcac0}{bank_type=>BOC_CREDIT}{cash_fee=>963000}{fee_type=>CNY}{is_subscribe=>N}{mch_id=>1244967502}{nonce_str=>ogdovm2a9gl4bivwwygxyzq62eavprnu}{openid=>orYumuBEQI0XUkxYY-R6aijTbuQA}{out_trade_no=>LX-1707010949099306-c}{result_code=>SUCCESS}{return_code=>SUCCESS}{sign=>27DAD4203692E54B090D45108EFFC88F}{time_end=>20170701100807}{total_fee=>963000}{trade_type=>NATIVE}{transaction_id=>4004682001201707018257873510}]
[2017-07-01 10:08:19][info] k:appid=>wxefc029d4373dcac0
[2017-07-01 10:08:19][info] k:bank_type=>BOC_CREDIT
[2017-07-01 10:08:19][info] k:cash_fee=>963000
[2017-07-01 10:08:19][info] k:fee_type=>CNY
[2017-07-01 10:08:19][info] k:is_subscribe=>N
[2017-07-01 10:08:19][info] k:mch_id=>1244967502
[2017-07-01 10:08:19][info] k:nonce_str=>ogdovm2a9gl4bivwwygxyzq62eavprnu
[2017-07-01 10:08:19][info] k:openid=>orYumuBEQI0XUkxYY-R6aijTbuQA
[2017-07-01 10:08:19][info] k:out_trade_no=>LX-1707010949099306-c
[2017-07-01 10:08:19][info] k:result_code=>SUCCESS
[2017-07-01 10:08:19][info] k:return_code=>SUCCESS
[2017-07-01 10:08:19][info] k:sign=>27DAD4203692E54B090D45108EFFC88F
[2017-07-01 10:08:19][info] k:time_end=>20170701100807
[2017-07-01 10:08:19][info] k:total_fee=>963000
[2017-07-01 10:08:19][info] k:trade_type=>NATIVE
[2017-07-01 10:08:19][info] k:transaction_id=>4004682001201707018257873510
[2017-07-01 10:08:19][info] ----------------------------------------
[2017-07-01 10:08:19][info] XML_DATA222:{"appid":"wxefc029d4373dcac0","bank_type":"BOC_CREDIT","cash_fee":"9630.00","fee_type":"CNY","is_subscribe":"N","mch_id":"1244967502","nonce_str":"ogdovm2a9gl4bivwwygxyzq62eavprnu","openid":"orYumuBEQI0XUkxYY-R6aijTbuQA","out_trade_no":"LX-1707010949099306-c","result_code":"SUCCESS","return_code":"SUCCESS","sign":"27DAD4203692E54B090D45108EFFC88F","time_end":"20170701100807","total_fee":"9630.00","trade_type":"NATIVE","transaction_id":"4004682001201707018257873510"}
[2017-07-01 10:08:19][info] 收到重复信息，并处理反馈成功！
[2017-07-01 10:08:19][info] success
[2017-07-01 10:08:19][info] 写入结束!!!
