[2017-07-04 10:58:28][info] ----------------------------------------
[2017-07-04 10:58:28][info] XML_DATA111:[{appid=>wxefc029d4373dcac0}{bank_type=>CFT}{cash_fee=>160000}{fee_type=>CNY}{is_subscribe=>Y}{mch_id=>1244967502}{nonce_str=>5vpvsvij8nqmjrimnoyqa74h7vrgoqem}{openid=>orYumuGBfbSZ6HLYVROLTKYGdUpI}{out_trade_no=>LX-17070410492662601-1}{result_code=>SUCCESS}{return_code=>SUCCESS}{sign=>1213B13AF2CA2B92AED0E37CC3A2EFDC}{time_end=>20170704105827}{total_fee=>160000}{trade_type=>NATIVE}{transaction_id=>4005132001201707048816748123}]
[2017-07-04 10:58:28][info] k:appid=>wxefc029d4373dcac0
[2017-07-04 10:58:28][info] k:bank_type=>CFT
[2017-07-04 10:58:28][info] k:cash_fee=>160000
[2017-07-04 10:58:28][info] k:fee_type=>CNY
[2017-07-04 10:58:28][info] k:is_subscribe=>Y
[2017-07-04 10:58:28][info] k:mch_id=>1244967502
[2017-07-04 10:58:28][info] k:nonce_str=>5vpvsvij8nqmjrimnoyqa74h7vrgoqem
[2017-07-04 10:58:28][info] k:openid=>orYumuGBfbSZ6HLYVROLTKYGdUpI
[2017-07-04 10:58:28][info] k:out_trade_no=>LX-17070410492662601-1
[2017-07-04 10:58:28][info] k:result_code=>SUCCESS
[2017-07-04 10:58:28][info] k:return_code=>SUCCESS
[2017-07-04 10:58:28][info] k:sign=>1213B13AF2CA2B92AED0E37CC3A2EFDC
[2017-07-04 10:58:28][info] k:time_end=>20170704105827
[2017-07-04 10:58:28][info] k:total_fee=>160000
[2017-07-04 10:58:28][info] k:trade_type=>NATIVE
[2017-07-04 10:58:28][info] k:transaction_id=>4005132001201707048816748123
[2017-07-04 10:58:28][info] ----------------------------------------
[2017-07-04 10:58:28][info] XML_DATA222:{"appid":"wxefc029d4373dcac0","bank_type":"CFT","cash_fee":"1600.00","fee_type":"CNY","is_subscribe":"Y","mch_id":"1244967502","nonce_str":"5vpvsvij8nqmjrimnoyqa74h7vrgoqem","openid":"orYumuGBfbSZ6HLYVROLTKYGdUpI","out_trade_no":"LX-17070410492662601-1","result_code":"SUCCESS","return_code":"SUCCESS","sign":"1213B13AF2CA2B92AED0E37CC3A2EFDC","time_end":"20170704105827","total_fee":"1600.00","trade_type":"NATIVE","transaction_id":"4005132001201707048816748123"}
[2017-07-04 10:58:28][warn] 数据存储成功，并成功返回记录编号17832！
[2017-07-04 10:58:42][info] ----------------------------------------
[2017-07-04 10:58:42][info] XML_DATA111:[{appid=>wxefc029d4373dcac0}{bank_type=>CFT}{cash_fee=>160000}{fee_type=>CNY}{is_subscribe=>Y}{mch_id=>1244967502}{nonce_str=>5vpvsvij8nqmjrimnoyqa74h7vrgoqem}{openid=>orYumuGBfbSZ6HLYVROLTKYGdUpI}{out_trade_no=>LX-17070410492662601-1}{result_code=>SUCCESS}{return_code=>SUCCESS}{sign=>1213B13AF2CA2B92AED0E37CC3A2EFDC}{time_end=>20170704105827}{total_fee=>160000}{trade_type=>NATIVE}{transaction_id=>4005132001201707048816748123}]
[2017-07-04 10:58:42][info] k:appid=>wxefc029d4373dcac0
[2017-07-04 10:58:42][info] k:bank_type=>CFT
[2017-07-04 10:58:42][info] k:cash_fee=>160000
[2017-07-04 10:58:42][info] k:fee_type=>CNY
[2017-07-04 10:58:42][info] k:is_subscribe=>Y
[2017-07-04 10:58:42][info] k:mch_id=>1244967502
[2017-07-04 10:58:42][info] k:nonce_str=>5vpvsvij8nqmjrimnoyqa74h7vrgoqem
[2017-07-04 10:58:42][info] k:openid=>orYumuGBfbSZ6HLYVROLTKYGdUpI
[2017-07-04 10:58:42][info] k:out_trade_no=>LX-17070410492662601-1
[2017-07-04 10:58:42][info] k:result_code=>SUCCESS
[2017-07-04 10:58:42][info] k:return_code=>SUCCESS
[2017-07-04 10:58:42][info] k:sign=>1213B13AF2CA2B92AED0E37CC3A2EFDC
[2017-07-04 10:58:42][info] k:time_end=>20170704105827
[2017-07-04 10:58:42][info] k:total_fee=>160000
[2017-07-04 10:58:42][info] k:trade_type=>NATIVE
[2017-07-04 10:58:42][info] k:transaction_id=>4005132001201707048816748123
[2017-07-04 10:58:42][info] ----------------------------------------
[2017-07-04 10:58:42][info] XML_DATA222:{"appid":"wxefc029d4373dcac0","bank_type":"CFT","cash_fee":"1600.00","fee_type":"CNY","is_subscribe":"Y","mch_id":"1244967502","nonce_str":"5vpvsvij8nqmjrimnoyqa74h7vrgoqem","openid":"orYumuGBfbSZ6HLYVROLTKYGdUpI","out_trade_no":"LX-17070410492662601-1","result_code":"SUCCESS","return_code":"SUCCESS","sign":"1213B13AF2CA2B92AED0E37CC3A2EFDC","time_end":"20170704105827","total_fee":"1600.00","trade_type":"NATIVE","transaction_id":"4005132001201707048816748123"}
[2017-07-04 10:58:42][info] 收到重复信息，并处理反馈成功！
[2017-07-04 10:58:42][info] success
[2017-07-04 10:58:42][info] 写入结束!!!
[2017-07-04 13:31:07][info] ----------------------------------------
[2017-07-04 13:31:07][info] XML_DATA111:[{appid=>wxefc029d4373dcac0}{bank_type=>CFT}{cash_fee=>160000}{fee_type=>CNY}{is_subscribe=>Y}{mch_id=>1244967502}{nonce_str=>c0uihe0tf6m338o7wyaytpnci3gti24g}{openid=>orYumuGBfbSZ6HLYVROLTKYGdUpI}{out_trade_no=>LX-17070413243885701-2}{result_code=>SUCCESS}{return_code=>SUCCESS}{sign=>838183B813110F49418637CAB596ECE4}{time_end=>20170704133107}{total_fee=>160000}{trade_type=>NATIVE}{transaction_id=>4005132001201707048844486327}]
[2017-07-04 13:31:07][info] k:appid=>wxefc029d4373dcac0
[2017-07-04 13:31:07][info] k:bank_type=>CFT
[2017-07-04 13:31:07][info] k:cash_fee=>160000
[2017-07-04 13:31:07][info] k:fee_type=>CNY
[2017-07-04 13:31:07][info] k:is_subscribe=>Y
[2017-07-04 13:31:07][info] k:mch_id=>1244967502
[2017-07-04 13:31:07][info] k:nonce_str=>c0uihe0tf6m338o7wyaytpnci3gti24g
[2017-07-04 13:31:07][info] k:openid=>orYumuGBfbSZ6HLYVROLTKYGdUpI
[2017-07-04 13:31:07][info] k:out_trade_no=>LX-17070413243885701-2
[2017-07-04 13:31:07][info] k:result_code=>SUCCESS
[2017-07-04 13:31:07][info] k:return_code=>SUCCESS
[2017-07-04 13:31:07][info] k:sign=>838183B813110F49418637CAB596ECE4
[2017-07-04 13:31:07][info] k:time_end=>20170704133107
[2017-07-04 13:31:07][info] k:total_fee=>160000
[2017-07-04 13:31:07][info] k:trade_type=>NATIVE
[2017-07-04 13:31:07][info] k:transaction_id=>4005132001201707048844486327
[2017-07-04 13:31:07][info] ----------------------------------------
[2017-07-04 13:31:07][info] XML_DATA222:{"appid":"wxefc029d4373dcac0","bank_type":"CFT","cash_fee":"1600.00","fee_type":"CNY","is_subscribe":"Y","mch_id":"1244967502","nonce_str":"c0uihe0tf6m338o7wyaytpnci3gti24g","openid":"orYumuGBfbSZ6HLYVROLTKYGdUpI","out_trade_no":"LX-17070413243885701-2","result_code":"SUCCESS","return_code":"SUCCESS","sign":"838183B813110F49418637CAB596ECE4","time_end":"20170704133107","total_fee":"1600.00","trade_type":"NATIVE","transaction_id":"4005132001201707048844486327"}
[2017-07-04 13:31:08][warn] 数据存储成功，并成功返回记录编号17836！
[2017-07-04 13:31:22][info] ----------------------------------------
[2017-07-04 13:31:22][info] XML_DATA111:[{appid=>wxefc029d4373dcac0}{bank_type=>CFT}{cash_fee=>160000}{fee_type=>CNY}{is_subscribe=>Y}{mch_id=>1244967502}{nonce_str=>c0uihe0tf6m338o7wyaytpnci3gti24g}{openid=>orYumuGBfbSZ6HLYVROLTKYGdUpI}{out_trade_no=>LX-17070413243885701-2}{result_code=>SUCCESS}{return_code=>SUCCESS}{sign=>838183B813110F49418637CAB596ECE4}{time_end=>20170704133107}{total_fee=>160000}{trade_type=>NATIVE}{transaction_id=>4005132001201707048844486327}]
[2017-07-04 13:31:22][info] k:appid=>wxefc029d4373dcac0
[2017-07-04 13:31:22][info] k:bank_type=>CFT
[2017-07-04 13:31:22][info] k:cash_fee=>160000
[2017-07-04 13:31:22][info] k:fee_type=>CNY
[2017-07-04 13:31:22][info] k:is_subscribe=>Y
[2017-07-04 13:31:22][info] k:mch_id=>1244967502
[2017-07-04 13:31:22][info] k:nonce_str=>c0uihe0tf6m338o7wyaytpnci3gti24g
[2017-07-04 13:31:22][info] k:openid=>orYumuGBfbSZ6HLYVROLTKYGdUpI
[2017-07-04 13:31:22][info] k:out_trade_no=>LX-17070413243885701-2
[2017-07-04 13:31:22][info] k:result_code=>SUCCESS
[2017-07-04 13:31:22][info] k:return_code=>SUCCESS
[2017-07-04 13:31:22][info] k:sign=>838183B813110F49418637CAB596ECE4
[2017-07-04 13:31:22][info] k:time_end=>20170704133107
[2017-07-04 13:31:22][info] k:total_fee=>160000
[2017-07-04 13:31:22][info] k:trade_type=>NATIVE
[2017-07-04 13:31:22][info] k:transaction_id=>4005132001201707048844486327
[2017-07-04 13:31:22][info] ----------------------------------------
[2017-07-04 13:31:22][info] XML_DATA222:{"appid":"wxefc029d4373dcac0","bank_type":"CFT","cash_fee":"1600.00","fee_type":"CNY","is_subscribe":"Y","mch_id":"1244967502","nonce_str":"c0uihe0tf6m338o7wyaytpnci3gti24g","openid":"orYumuGBfbSZ6HLYVROLTKYGdUpI","out_trade_no":"LX-17070413243885701-2","result_code":"SUCCESS","return_code":"SUCCESS","sign":"838183B813110F49418637CAB596ECE4","time_end":"20170704133107","total_fee":"1600.00","trade_type":"NATIVE","transaction_id":"4005132001201707048844486327"}
[2017-07-04 13:31:22][info] 收到重复信息，并处理反馈成功！
[2017-07-04 13:31:22][info] success
[2017-07-04 13:31:22][info] 写入结束!!!
[2017-07-04 17:16:16][info] ----------------------------------------
[2017-07-04 17:16:16][info] XML_DATA111:[{appid=>wxefc029d4373dcac0}{bank_type=>CFT}{cash_fee=>320000}{fee_type=>CNY}{is_subscribe=>Y}{mch_id=>1244967502}{nonce_str=>f94xjye1zfc21o5ge9a7wwa0lvrirdb3}{openid=>orYumuGBfbSZ6HLYVROLTKYGdUpI}{out_trade_no=>LX-17070417110244201-a}{result_code=>SUCCESS}{return_code=>SUCCESS}{sign=>1107C1EFC88CE44862E7037C48450CB9}{time_end=>20170704171616}{total_fee=>320000}{trade_type=>NATIVE}{transaction_id=>4005132001201707048873368867}]
[2017-07-04 17:16:16][info] k:appid=>wxefc029d4373dcac0
[2017-07-04 17:16:16][info] k:bank_type=>CFT
[2017-07-04 17:16:16][info] k:cash_fee=>320000
[2017-07-04 17:16:16][info] k:fee_type=>CNY
[2017-07-04 17:16:16][info] k:is_subscribe=>Y
[2017-07-04 17:16:16][info] k:mch_id=>1244967502
[2017-07-04 17:16:16][info] k:nonce_str=>f94xjye1zfc21o5ge9a7wwa0lvrirdb3
[2017-07-04 17:16:16][info] k:openid=>orYumuGBfbSZ6HLYVROLTKYGdUpI
[2017-07-04 17:16:16][info] k:out_trade_no=>LX-17070417110244201-a
[2017-07-04 17:16:16][info] k:result_code=>SUCCESS
[2017-07-04 17:16:16][info] k:return_code=>SUCCESS
[2017-07-04 17:16:16][info] k:sign=>1107C1EFC88CE44862E7037C48450CB9
[2017-07-04 17:16:16][info] k:time_end=>20170704171616
[2017-07-04 17:16:16][info] k:total_fee=>320000
[2017-07-04 17:16:16][info] k:trade_type=>NATIVE
[2017-07-04 17:16:16][info] k:transaction_id=>4005132001201707048873368867
[2017-07-04 17:16:16][info] ----------------------------------------
[2017-07-04 17:16:16][info] XML_DATA222:{"appid":"wxefc029d4373dcac0","bank_type":"CFT","cash_fee":"3200.00","fee_type":"CNY","is_subscribe":"Y","mch_id":"1244967502","nonce_str":"f94xjye1zfc21o5ge9a7wwa0lvrirdb3","openid":"orYumuGBfbSZ6HLYVROLTKYGdUpI","out_trade_no":"LX-17070417110244201-a","result_code":"SUCCESS","return_code":"SUCCESS","sign":"1107C1EFC88CE44862E7037C48450CB9","time_end":"20170704171616","total_fee":"3200.00","trade_type":"NATIVE","transaction_id":"4005132001201707048873368867"}
[2017-07-04 17:16:16][warn] 数据存储成功，并成功返回记录编号17840！
[2017-07-04 17:16:26][info] ----------------------------------------
[2017-07-04 17:16:26][info] XML_DATA111:[{appid=>wxefc029d4373dcac0}{bank_type=>CFT}{cash_fee=>320000}{fee_type=>CNY}{is_subscribe=>Y}{mch_id=>1244967502}{nonce_str=>f94xjye1zfc21o5ge9a7wwa0lvrirdb3}{openid=>orYumuGBfbSZ6HLYVROLTKYGdUpI}{out_trade_no=>LX-17070417110244201-a}{result_code=>SUCCESS}{return_code=>SUCCESS}{sign=>1107C1EFC88CE44862E7037C48450CB9}{time_end=>20170704171616}{total_fee=>320000}{trade_type=>NATIVE}{transaction_id=>4005132001201707048873368867}]
[2017-07-04 17:16:26][info] k:appid=>wxefc029d4373dcac0
[2017-07-04 17:16:26][info] k:bank_type=>CFT
[2017-07-04 17:16:26][info] k:cash_fee=>320000
[2017-07-04 17:16:26][info] k:fee_type=>CNY
[2017-07-04 17:16:26][info] k:is_subscribe=>Y
[2017-07-04 17:16:26][info] k:mch_id=>1244967502
[2017-07-04 17:16:26][info] k:nonce_str=>f94xjye1zfc21o5ge9a7wwa0lvrirdb3
[2017-07-04 17:16:26][info] k:openid=>orYumuGBfbSZ6HLYVROLTKYGdUpI
[2017-07-04 17:16:26][info] k:out_trade_no=>LX-17070417110244201-a
[2017-07-04 17:16:26][info] k:result_code=>SUCCESS
[2017-07-04 17:16:26][info] k:return_code=>SUCCESS
[2017-07-04 17:16:26][info] k:sign=>1107C1EFC88CE44862E7037C48450CB9
[2017-07-04 17:16:26][info] k:time_end=>20170704171616
[2017-07-04 17:16:26][info] k:total_fee=>320000
[2017-07-04 17:16:26][info] k:trade_type=>NATIVE
[2017-07-04 17:16:26][info] k:transaction_id=>4005132001201707048873368867
[2017-07-04 17:16:26][info] ----------------------------------------
[2017-07-04 17:16:26][info] XML_DATA222:{"appid":"wxefc029d4373dcac0","bank_type":"CFT","cash_fee":"3200.00","fee_type":"CNY","is_subscribe":"Y","mch_id":"1244967502","nonce_str":"f94xjye1zfc21o5ge9a7wwa0lvrirdb3","openid":"orYumuGBfbSZ6HLYVROLTKYGdUpI","out_trade_no":"LX-17070417110244201-a","result_code":"SUCCESS","return_code":"SUCCESS","sign":"1107C1EFC88CE44862E7037C48450CB9","time_end":"20170704171616","total_fee":"3200.00","trade_type":"NATIVE","transaction_id":"4005132001201707048873368867"}
[2017-07-04 17:16:26][info] 收到重复信息，并处理反馈成功！
[2017-07-04 17:16:26][info] success
[2017-07-04 17:16:26][info] 写入结束!!!
