[2017-04-21 10:47:25][info] ----------------------------------------
[2017-04-21 10:47:25][info] XML_DATA111:[{appid=>wxefc029d4373dcac0}{bank_type=>CCB_CREDIT}{cash_fee=>576000}{fee_type=>CNY}{is_subscribe=>N}{mch_id=>1244967502}{nonce_str=>n5obttgd9fcbzah0oqvix1zoydahprnu}{openid=>orYumuHZMEihdbUY7aAnd6rS8DpY}{out_trade_no=>LX-17041509072860706-2}{result_code=>SUCCESS}{return_code=>SUCCESS}{sign=>E5C3D67ACDDD7A1B0EE9B1AC9A1546DD}{time_end=>20170421104724}{total_fee=>576000}{trade_type=>NATIVE}{transaction_id=>4002382001201704217778943179}]
[2017-04-21 10:47:25][info] k:appid=>wxefc029d4373dcac0
[2017-04-21 10:47:25][info] k:bank_type=>CCB_CREDIT
[2017-04-21 10:47:25][info] k:cash_fee=>576000
[2017-04-21 10:47:25][info] k:fee_type=>CNY
[2017-04-21 10:47:25][info] k:is_subscribe=>N
[2017-04-21 10:47:25][info] k:mch_id=>1244967502
[2017-04-21 10:47:25][info] k:nonce_str=>n5obttgd9fcbzah0oqvix1zoydahprnu
[2017-04-21 10:47:25][info] k:openid=>orYumuHZMEihdbUY7aAnd6rS8DpY
[2017-04-21 10:47:25][info] k:out_trade_no=>LX-17041509072860706-2
[2017-04-21 10:47:25][info] k:result_code=>SUCCESS
[2017-04-21 10:47:25][info] k:return_code=>SUCCESS
[2017-04-21 10:47:25][info] k:sign=>E5C3D67ACDDD7A1B0EE9B1AC9A1546DD
[2017-04-21 10:47:25][info] k:time_end=>20170421104724
[2017-04-21 10:47:25][info] k:total_fee=>576000
[2017-04-21 10:47:25][info] k:trade_type=>NATIVE
[2017-04-21 10:47:25][info] k:transaction_id=>4002382001201704217778943179
[2017-04-21 10:47:25][info] ----------------------------------------
[2017-04-21 10:47:25][info] XML_DATA222:{"appid":"wxefc029d4373dcac0","bank_type":"CCB_CREDIT","cash_fee":"5760.00","fee_type":"CNY","is_subscribe":"N","mch_id":"1244967502","nonce_str":"n5obttgd9fcbzah0oqvix1zoydahprnu","openid":"orYumuHZMEihdbUY7aAnd6rS8DpY","out_trade_no":"LX-17041509072860706-2","result_code":"SUCCESS","return_code":"SUCCESS","sign":"E5C3D67ACDDD7A1B0EE9B1AC9A1546DD","time_end":"20170421104724","total_fee":"5760.00","trade_type":"NATIVE","transaction_id":"4002382001201704217778943179"}
[2017-04-21 10:47:25][warn] 数据存储成功，并成功返回记录编号17459！
[2017-04-21 10:47:34][info] ----------------------------------------
[2017-04-21 10:47:34][info] XML_DATA111:[{appid=>wxefc029d4373dcac0}{bank_type=>CCB_CREDIT}{cash_fee=>576000}{fee_type=>CNY}{is_subscribe=>N}{mch_id=>1244967502}{nonce_str=>n5obttgd9fcbzah0oqvix1zoydahprnu}{openid=>orYumuHZMEihdbUY7aAnd6rS8DpY}{out_trade_no=>LX-17041509072860706-2}{result_code=>SUCCESS}{return_code=>SUCCESS}{sign=>E5C3D67ACDDD7A1B0EE9B1AC9A1546DD}{time_end=>20170421104724}{total_fee=>576000}{trade_type=>NATIVE}{transaction_id=>4002382001201704217778943179}]
[2017-04-21 10:47:34][info] k:appid=>wxefc029d4373dcac0
[2017-04-21 10:47:34][info] k:bank_type=>CCB_CREDIT
[2017-04-21 10:47:34][info] k:cash_fee=>576000
[2017-04-21 10:47:34][info] k:fee_type=>CNY
[2017-04-21 10:47:34][info] k:is_subscribe=>N
[2017-04-21 10:47:34][info] k:mch_id=>1244967502
[2017-04-21 10:47:34][info] k:nonce_str=>n5obttgd9fcbzah0oqvix1zoydahprnu
[2017-04-21 10:47:34][info] k:openid=>orYumuHZMEihdbUY7aAnd6rS8DpY
[2017-04-21 10:47:34][info] k:out_trade_no=>LX-17041509072860706-2
[2017-04-21 10:47:34][info] k:result_code=>SUCCESS
[2017-04-21 10:47:34][info] k:return_code=>SUCCESS
[2017-04-21 10:47:34][info] k:sign=>E5C3D67ACDDD7A1B0EE9B1AC9A1546DD
[2017-04-21 10:47:34][info] k:time_end=>20170421104724
[2017-04-21 10:47:34][info] k:total_fee=>576000
[2017-04-21 10:47:34][info] k:trade_type=>NATIVE
[2017-04-21 10:47:34][info] k:transaction_id=>4002382001201704217778943179
[2017-04-21 10:47:34][info] ----------------------------------------
[2017-04-21 10:47:34][info] XML_DATA222:{"appid":"wxefc029d4373dcac0","bank_type":"CCB_CREDIT","cash_fee":"5760.00","fee_type":"CNY","is_subscribe":"N","mch_id":"1244967502","nonce_str":"n5obttgd9fcbzah0oqvix1zoydahprnu","openid":"orYumuHZMEihdbUY7aAnd6rS8DpY","out_trade_no":"LX-17041509072860706-2","result_code":"SUCCESS","return_code":"SUCCESS","sign":"E5C3D67ACDDD7A1B0EE9B1AC9A1546DD","time_end":"20170421104724","total_fee":"5760.00","trade_type":"NATIVE","transaction_id":"4002382001201704217778943179"}
[2017-04-21 10:47:34][info] 收到重复信息，并处理反馈成功！
[2017-04-21 10:47:34][info] success
[2017-04-21 10:47:34][info] 写入结束!!!
