[2017-10-04 07:08:30][info] ----------------------------------------
[2017-10-04 07:08:30][info] XML_DATA111:[{appid=>wxefc029d4373dcac0}{bank_type=>CCB_DEBIT}{cash_fee=>490000}{fee_type=>CNY}{is_subscribe=>Y}{mch_id=>1244967502}{nonce_str=>oebsryh93tymvgcd5ah4vcdn4fcutiq1}{openid=>orYumuJIlHtAcWw6Fe4pkFv8Vd9g}{out_trade_no=>LX-17092316294648401-5}{result_code=>SUCCESS}{return_code=>SUCCESS}{sign=>7F9830680FAA45A64B26649AA6C431C4}{time_end=>20171004070829}{total_fee=>490000}{trade_type=>NATIVE}{transaction_id=>4200000002201710045973987792}]
[2017-10-04 07:08:30][info] k:appid=>wxefc029d4373dcac0
[2017-10-04 07:08:30][info] k:bank_type=>CCB_DEBIT
[2017-10-04 07:08:30][info] k:cash_fee=>490000
[2017-10-04 07:08:30][info] k:fee_type=>CNY
[2017-10-04 07:08:30][info] k:is_subscribe=>Y
[2017-10-04 07:08:30][info] k:mch_id=>1244967502
[2017-10-04 07:08:30][info] k:nonce_str=>oebsryh93tymvgcd5ah4vcdn4fcutiq1
[2017-10-04 07:08:30][info] k:openid=>orYumuJIlHtAcWw6Fe4pkFv8Vd9g
[2017-10-04 07:08:30][info] k:out_trade_no=>LX-17092316294648401-5
[2017-10-04 07:08:30][info] k:result_code=>SUCCESS
[2017-10-04 07:08:30][info] k:return_code=>SUCCESS
[2017-10-04 07:08:30][info] k:sign=>7F9830680FAA45A64B26649AA6C431C4
[2017-10-04 07:08:30][info] k:time_end=>20171004070829
[2017-10-04 07:08:30][info] k:total_fee=>490000
[2017-10-04 07:08:30][info] k:trade_type=>NATIVE
[2017-10-04 07:08:30][info] k:transaction_id=>4200000002201710045973987792
[2017-10-04 07:08:30][info] ----------------------------------------
[2017-10-04 07:08:30][info] XML_DATA222:{"appid":"wxefc029d4373dcac0","bank_type":"CCB_DEBIT","cash_fee":"4900.00","fee_type":"CNY","is_subscribe":"Y","mch_id":"1244967502","nonce_str":"oebsryh93tymvgcd5ah4vcdn4fcutiq1","openid":"orYumuJIlHtAcWw6Fe4pkFv8Vd9g","out_trade_no":"LX-17092316294648401-5","result_code":"SUCCESS","return_code":"SUCCESS","sign":"7F9830680FAA45A64B26649AA6C431C4","time_end":"20171004070829","total_fee":"4900.00","trade_type":"NATIVE","transaction_id":"4200000002201710045973987792"}
[2017-10-04 07:08:30][warn] 数据存储成功，并成功返回记录编号19371！
[2017-10-04 07:08:40][info] ----------------------------------------
[2017-10-04 07:08:40][info] XML_DATA111:[{appid=>wxefc029d4373dcac0}{bank_type=>CCB_DEBIT}{cash_fee=>490000}{fee_type=>CNY}{is_subscribe=>Y}{mch_id=>1244967502}{nonce_str=>oebsryh93tymvgcd5ah4vcdn4fcutiq1}{openid=>orYumuJIlHtAcWw6Fe4pkFv8Vd9g}{out_trade_no=>LX-17092316294648401-5}{result_code=>SUCCESS}{return_code=>SUCCESS}{sign=>7F9830680FAA45A64B26649AA6C431C4}{time_end=>20171004070829}{total_fee=>490000}{trade_type=>NATIVE}{transaction_id=>4200000002201710045973987792}]
[2017-10-04 07:08:40][info] k:appid=>wxefc029d4373dcac0
[2017-10-04 07:08:40][info] k:bank_type=>CCB_DEBIT
[2017-10-04 07:08:40][info] k:cash_fee=>490000
[2017-10-04 07:08:40][info] k:fee_type=>CNY
[2017-10-04 07:08:40][info] k:is_subscribe=>Y
[2017-10-04 07:08:40][info] k:mch_id=>1244967502
[2017-10-04 07:08:40][info] k:nonce_str=>oebsryh93tymvgcd5ah4vcdn4fcutiq1
[2017-10-04 07:08:40][info] k:openid=>orYumuJIlHtAcWw6Fe4pkFv8Vd9g
[2017-10-04 07:08:40][info] k:out_trade_no=>LX-17092316294648401-5
[2017-10-04 07:08:40][info] k:result_code=>SUCCESS
[2017-10-04 07:08:40][info] k:return_code=>SUCCESS
[2017-10-04 07:08:40][info] k:sign=>7F9830680FAA45A64B26649AA6C431C4
[2017-10-04 07:08:40][info] k:time_end=>20171004070829
[2017-10-04 07:08:40][info] k:total_fee=>490000
[2017-10-04 07:08:40][info] k:trade_type=>NATIVE
[2017-10-04 07:08:40][info] k:transaction_id=>4200000002201710045973987792
[2017-10-04 07:08:40][info] ----------------------------------------
[2017-10-04 07:08:40][info] XML_DATA222:{"appid":"wxefc029d4373dcac0","bank_type":"CCB_DEBIT","cash_fee":"4900.00","fee_type":"CNY","is_subscribe":"Y","mch_id":"1244967502","nonce_str":"oebsryh93tymvgcd5ah4vcdn4fcutiq1","openid":"orYumuJIlHtAcWw6Fe4pkFv8Vd9g","out_trade_no":"LX-17092316294648401-5","result_code":"SUCCESS","return_code":"SUCCESS","sign":"7F9830680FAA45A64B26649AA6C431C4","time_end":"20171004070829","total_fee":"4900.00","trade_type":"NATIVE","transaction_id":"4200000002201710045973987792"}
[2017-10-04 07:08:40][info] 收到重复信息，并处理反馈成功！
[2017-10-04 07:08:40][info] success
[2017-10-04 07:08:40][info] 写入结束!!!
[2017-10-04 13:24:52][info] ----------------------------------------
[2017-10-04 13:24:52][info] XML_DATA111:[{appid=>wxefc029d4373dcac0}{bank_type=>ABC_DEBIT}{cash_fee=>617250}{fee_type=>CNY}{is_subscribe=>Y}{mch_id=>1244967502}{nonce_str=>tv1nrz5kx1w17h40x0me3djk0bnfien4}{openid=>orYumuHKw9mwBaHB5rRsg76DL4PA}{out_trade_no=>LX-17100120075237406-6}{result_code=>SUCCESS}{return_code=>SUCCESS}{sign=>ED9436E7A4E1748B2CA706DB2A11E90F}{time_end=>20171004132452}{total_fee=>617250}{trade_type=>NATIVE}{transaction_id=>4200000008201710046042634206}]
[2017-10-04 13:24:52][info] k:appid=>wxefc029d4373dcac0
[2017-10-04 13:24:52][info] k:bank_type=>ABC_DEBIT
[2017-10-04 13:24:52][info] k:cash_fee=>617250
[2017-10-04 13:24:52][info] k:fee_type=>CNY
[2017-10-04 13:24:52][info] k:is_subscribe=>Y
[2017-10-04 13:24:52][info] k:mch_id=>1244967502
[2017-10-04 13:24:52][info] k:nonce_str=>tv1nrz5kx1w17h40x0me3djk0bnfien4
[2017-10-04 13:24:52][info] k:openid=>orYumuHKw9mwBaHB5rRsg76DL4PA
[2017-10-04 13:24:52][info] k:out_trade_no=>LX-17100120075237406-6
[2017-10-04 13:24:52][info] k:result_code=>SUCCESS
[2017-10-04 13:24:52][info] k:return_code=>SUCCESS
[2017-10-04 13:24:52][info] k:sign=>ED9436E7A4E1748B2CA706DB2A11E90F
[2017-10-04 13:24:52][info] k:time_end=>20171004132452
[2017-10-04 13:24:52][info] k:total_fee=>617250
[2017-10-04 13:24:52][info] k:trade_type=>NATIVE
[2017-10-04 13:24:52][info] k:transaction_id=>4200000008201710046042634206
[2017-10-04 13:24:52][info] ----------------------------------------
[2017-10-04 13:24:52][info] XML_DATA222:{"appid":"wxefc029d4373dcac0","bank_type":"ABC_DEBIT","cash_fee":"6172.50","fee_type":"CNY","is_subscribe":"Y","mch_id":"1244967502","nonce_str":"tv1nrz5kx1w17h40x0me3djk0bnfien4","openid":"orYumuHKw9mwBaHB5rRsg76DL4PA","out_trade_no":"LX-17100120075237406-6","result_code":"SUCCESS","return_code":"SUCCESS","sign":"ED9436E7A4E1748B2CA706DB2A11E90F","time_end":"20171004132452","total_fee":"6172.50","trade_type":"NATIVE","transaction_id":"4200000008201710046042634206"}
[2017-10-04 13:24:53][warn] 数据存储成功，并成功返回记录编号19373！
[2017-10-04 13:25:16][info] ----------------------------------------
[2017-10-04 13:25:16][info] XML_DATA111:[{appid=>wxefc029d4373dcac0}{bank_type=>ABC_DEBIT}{cash_fee=>617250}{fee_type=>CNY}{is_subscribe=>Y}{mch_id=>1244967502}{nonce_str=>tv1nrz5kx1w17h40x0me3djk0bnfien4}{openid=>orYumuHKw9mwBaHB5rRsg76DL4PA}{out_trade_no=>LX-17100120075237406-6}{result_code=>SUCCESS}{return_code=>SUCCESS}{sign=>ED9436E7A4E1748B2CA706DB2A11E90F}{time_end=>20171004132452}{total_fee=>617250}{trade_type=>NATIVE}{transaction_id=>4200000008201710046042634206}]
[2017-10-04 13:25:16][info] k:appid=>wxefc029d4373dcac0
[2017-10-04 13:25:16][info] k:bank_type=>ABC_DEBIT
[2017-10-04 13:25:16][info] k:cash_fee=>617250
[2017-10-04 13:25:16][info] k:fee_type=>CNY
[2017-10-04 13:25:16][info] k:is_subscribe=>Y
[2017-10-04 13:25:16][info] k:mch_id=>1244967502
[2017-10-04 13:25:16][info] k:nonce_str=>tv1nrz5kx1w17h40x0me3djk0bnfien4
[2017-10-04 13:25:16][info] k:openid=>orYumuHKw9mwBaHB5rRsg76DL4PA
[2017-10-04 13:25:16][info] k:out_trade_no=>LX-17100120075237406-6
[2017-10-04 13:25:16][info] k:result_code=>SUCCESS
[2017-10-04 13:25:16][info] k:return_code=>SUCCESS
[2017-10-04 13:25:16][info] k:sign=>ED9436E7A4E1748B2CA706DB2A11E90F
[2017-10-04 13:25:16][info] k:time_end=>20171004132452
[2017-10-04 13:25:16][info] k:total_fee=>617250
[2017-10-04 13:25:16][info] k:trade_type=>NATIVE
[2017-10-04 13:25:16][info] k:transaction_id=>4200000008201710046042634206
[2017-10-04 13:25:16][info] ----------------------------------------
[2017-10-04 13:25:16][info] XML_DATA222:{"appid":"wxefc029d4373dcac0","bank_type":"ABC_DEBIT","cash_fee":"6172.50","fee_type":"CNY","is_subscribe":"Y","mch_id":"1244967502","nonce_str":"tv1nrz5kx1w17h40x0me3djk0bnfien4","openid":"orYumuHKw9mwBaHB5rRsg76DL4PA","out_trade_no":"LX-17100120075237406-6","result_code":"SUCCESS","return_code":"SUCCESS","sign":"ED9436E7A4E1748B2CA706DB2A11E90F","time_end":"20171004132452","total_fee":"6172.50","trade_type":"NATIVE","transaction_id":"4200000008201710046042634206"}
[2017-10-04 13:25:16][info] 收到重复信息，并处理反馈成功！
[2017-10-04 13:25:16][info] success
[2017-10-04 13:25:16][info] 写入结束!!!
