[2017-06-26 16:41:05][info] ----------------------------------------
[2017-06-26 16:41:05][info] XML_DATA111:[{appid=>wxefc029d4373dcac0}{bank_type=>CCB_DEBIT}{cash_fee=>418000}{fee_type=>CNY}{is_subscribe=>Y}{mch_id=>1244967502}{nonce_str=>eonms4b2ha8gcon4itzt1dhlftafl7ya}{openid=>orYumuCFape9usEPQNUvoumB6_Js}{out_trade_no=>LX-17062419454223601-b}{result_code=>SUCCESS}{return_code=>SUCCESS}{sign=>4C0728392AF1FAB2E22AFE826E78BD4B}{time_end=>20170626164105}{total_fee=>418000}{trade_type=>NATIVE}{transaction_id=>4008012001201706267525488056}]
[2017-06-26 16:41:05][info] k:appid=>wxefc029d4373dcac0
[2017-06-26 16:41:05][info] k:bank_type=>CCB_DEBIT
[2017-06-26 16:41:05][info] k:cash_fee=>418000
[2017-06-26 16:41:05][info] k:fee_type=>CNY
[2017-06-26 16:41:05][info] k:is_subscribe=>Y
[2017-06-26 16:41:05][info] k:mch_id=>1244967502
[2017-06-26 16:41:05][info] k:nonce_str=>eonms4b2ha8gcon4itzt1dhlftafl7ya
[2017-06-26 16:41:05][info] k:openid=>orYumuCFape9usEPQNUvoumB6_Js
[2017-06-26 16:41:05][info] k:out_trade_no=>LX-17062419454223601-b
[2017-06-26 16:41:05][info] k:result_code=>SUCCESS
[2017-06-26 16:41:05][info] k:return_code=>SUCCESS
[2017-06-26 16:41:05][info] k:sign=>4C0728392AF1FAB2E22AFE826E78BD4B
[2017-06-26 16:41:05][info] k:time_end=>20170626164105
[2017-06-26 16:41:05][info] k:total_fee=>418000
[2017-06-26 16:41:05][info] k:trade_type=>NATIVE
[2017-06-26 16:41:05][info] k:transaction_id=>4008012001201706267525488056
[2017-06-26 16:41:05][info] ----------------------------------------
[2017-06-26 16:41:05][info] XML_DATA222:{"appid":"wxefc029d4373dcac0","bank_type":"CCB_DEBIT","cash_fee":"4180.00","fee_type":"CNY","is_subscribe":"Y","mch_id":"1244967502","nonce_str":"eonms4b2ha8gcon4itzt1dhlftafl7ya","openid":"orYumuCFape9usEPQNUvoumB6_Js","out_trade_no":"LX-17062419454223601-b","result_code":"SUCCESS","return_code":"SUCCESS","sign":"4C0728392AF1FAB2E22AFE826E78BD4B","time_end":"20170626164105","total_fee":"4180.00","trade_type":"NATIVE","transaction_id":"4008012001201706267525488056"}
[2017-06-26 16:41:05][warn] 数据存储成功，并成功返回记录编号17724！
[2017-06-26 16:41:16][info] ----------------------------------------
[2017-06-26 16:41:16][info] XML_DATA111:[{appid=>wxefc029d4373dcac0}{bank_type=>CCB_DEBIT}{cash_fee=>418000}{fee_type=>CNY}{is_subscribe=>Y}{mch_id=>1244967502}{nonce_str=>eonms4b2ha8gcon4itzt1dhlftafl7ya}{openid=>orYumuCFape9usEPQNUvoumB6_Js}{out_trade_no=>LX-17062419454223601-b}{result_code=>SUCCESS}{return_code=>SUCCESS}{sign=>4C0728392AF1FAB2E22AFE826E78BD4B}{time_end=>20170626164105}{total_fee=>418000}{trade_type=>NATIVE}{transaction_id=>4008012001201706267525488056}]
[2017-06-26 16:41:16][info] k:appid=>wxefc029d4373dcac0
[2017-06-26 16:41:16][info] k:bank_type=>CCB_DEBIT
[2017-06-26 16:41:16][info] k:cash_fee=>418000
[2017-06-26 16:41:16][info] k:fee_type=>CNY
[2017-06-26 16:41:16][info] k:is_subscribe=>Y
[2017-06-26 16:41:16][info] k:mch_id=>1244967502
[2017-06-26 16:41:16][info] k:nonce_str=>eonms4b2ha8gcon4itzt1dhlftafl7ya
[2017-06-26 16:41:16][info] k:openid=>orYumuCFape9usEPQNUvoumB6_Js
[2017-06-26 16:41:16][info] k:out_trade_no=>LX-17062419454223601-b
[2017-06-26 16:41:16][info] k:result_code=>SUCCESS
[2017-06-26 16:41:16][info] k:return_code=>SUCCESS
[2017-06-26 16:41:16][info] k:sign=>4C0728392AF1FAB2E22AFE826E78BD4B
[2017-06-26 16:41:16][info] k:time_end=>20170626164105
[2017-06-26 16:41:16][info] k:total_fee=>418000
[2017-06-26 16:41:16][info] k:trade_type=>NATIVE
[2017-06-26 16:41:16][info] k:transaction_id=>4008012001201706267525488056
[2017-06-26 16:41:16][info] ----------------------------------------
[2017-06-26 16:41:16][info] XML_DATA222:{"appid":"wxefc029d4373dcac0","bank_type":"CCB_DEBIT","cash_fee":"4180.00","fee_type":"CNY","is_subscribe":"Y","mch_id":"1244967502","nonce_str":"eonms4b2ha8gcon4itzt1dhlftafl7ya","openid":"orYumuCFape9usEPQNUvoumB6_Js","out_trade_no":"LX-17062419454223601-b","result_code":"SUCCESS","return_code":"SUCCESS","sign":"4C0728392AF1FAB2E22AFE826E78BD4B","time_end":"20170626164105","total_fee":"4180.00","trade_type":"NATIVE","transaction_id":"4008012001201706267525488056"}
[2017-06-26 16:41:16][info] 收到重复信息，并处理反馈成功！
[2017-06-26 16:41:16][info] success
[2017-06-26 16:41:16][info] 写入结束!!!
