[2017-03-24 13:46:09][info] ----------------------------------------
[2017-03-24 13:46:09][info] XML_DATA111:[{appid=>wxefc029d4373dcac0}{bank_type=>CFT}{cash_fee=>3900}{fee_type=>CNY}{is_subscribe=>N}{mch_id=>1244967502}{nonce_str=>l0djkbysatk0tiruvhdkjsmt899nkl82}{openid=>orYumuG50YwSHoGXrTUek0EhAojQ}{out_trade_no=>LX-17032411144919401-7}{result_code=>SUCCESS}{return_code=>SUCCESS}{sign=>5F0210B8E6A7DFAC856EC5D7123A63FC}{time_end=>20170324134608}{total_fee=>3900}{trade_type=>NATIVE}{transaction_id=>4009382001201703244470942736}]
[2017-03-24 13:46:09][info] k:appid=>wxefc029d4373dcac0
[2017-03-24 13:46:09][info] k:bank_type=>CFT
[2017-03-24 13:46:09][info] k:cash_fee=>3900
[2017-03-24 13:46:09][info] k:fee_type=>CNY
[2017-03-24 13:46:09][info] k:is_subscribe=>N
[2017-03-24 13:46:09][info] k:mch_id=>1244967502
[2017-03-24 13:46:09][info] k:nonce_str=>l0djkbysatk0tiruvhdkjsmt899nkl82
[2017-03-24 13:46:09][info] k:openid=>orYumuG50YwSHoGXrTUek0EhAojQ
[2017-03-24 13:46:09][info] k:out_trade_no=>LX-17032411144919401-7
[2017-03-24 13:46:09][info] k:result_code=>SUCCESS
[2017-03-24 13:46:09][info] k:return_code=>SUCCESS
[2017-03-24 13:46:09][info] k:sign=>5F0210B8E6A7DFAC856EC5D7123A63FC
[2017-03-24 13:46:09][info] k:time_end=>20170324134608
[2017-03-24 13:46:09][info] k:total_fee=>3900
[2017-03-24 13:46:09][info] k:trade_type=>NATIVE
[2017-03-24 13:46:09][info] k:transaction_id=>4009382001201703244470942736
[2017-03-24 13:46:09][info] ----------------------------------------
[2017-03-24 13:46:09][info] XML_DATA222:{"appid":"wxefc029d4373dcac0","bank_type":"CFT","cash_fee":"39.00","fee_type":"CNY","is_subscribe":"N","mch_id":"1244967502","nonce_str":"l0djkbysatk0tiruvhdkjsmt899nkl82","openid":"orYumuG50YwSHoGXrTUek0EhAojQ","out_trade_no":"LX-17032411144919401-7","result_code":"SUCCESS","return_code":"SUCCESS","sign":"5F0210B8E6A7DFAC856EC5D7123A63FC","time_end":"20170324134608","total_fee":"39.00","trade_type":"NATIVE","transaction_id":"4009382001201703244470942736"}
[2017-03-24 13:46:10][warn] 数据存储成功，并成功返回记录编号17409！
[2017-03-24 13:46:26][info] ----------------------------------------
[2017-03-24 13:46:26][info] XML_DATA111:[{appid=>wxefc029d4373dcac0}{bank_type=>CFT}{cash_fee=>3900}{fee_type=>CNY}{is_subscribe=>N}{mch_id=>1244967502}{nonce_str=>l0djkbysatk0tiruvhdkjsmt899nkl82}{openid=>orYumuG50YwSHoGXrTUek0EhAojQ}{out_trade_no=>LX-17032411144919401-7}{result_code=>SUCCESS}{return_code=>SUCCESS}{sign=>5F0210B8E6A7DFAC856EC5D7123A63FC}{time_end=>20170324134608}{total_fee=>3900}{trade_type=>NATIVE}{transaction_id=>4009382001201703244470942736}]
[2017-03-24 13:46:26][info] k:appid=>wxefc029d4373dcac0
[2017-03-24 13:46:26][info] k:bank_type=>CFT
[2017-03-24 13:46:26][info] k:cash_fee=>3900
[2017-03-24 13:46:26][info] k:fee_type=>CNY
[2017-03-24 13:46:26][info] k:is_subscribe=>N
[2017-03-24 13:46:26][info] k:mch_id=>1244967502
[2017-03-24 13:46:26][info] k:nonce_str=>l0djkbysatk0tiruvhdkjsmt899nkl82
[2017-03-24 13:46:26][info] k:openid=>orYumuG50YwSHoGXrTUek0EhAojQ
[2017-03-24 13:46:26][info] k:out_trade_no=>LX-17032411144919401-7
[2017-03-24 13:46:26][info] k:result_code=>SUCCESS
[2017-03-24 13:46:26][info] k:return_code=>SUCCESS
[2017-03-24 13:46:26][info] k:sign=>5F0210B8E6A7DFAC856EC5D7123A63FC
[2017-03-24 13:46:26][info] k:time_end=>20170324134608
[2017-03-24 13:46:26][info] k:total_fee=>3900
[2017-03-24 13:46:26][info] k:trade_type=>NATIVE
[2017-03-24 13:46:26][info] k:transaction_id=>4009382001201703244470942736
[2017-03-24 13:46:26][info] ----------------------------------------
[2017-03-24 13:46:26][info] XML_DATA222:{"appid":"wxefc029d4373dcac0","bank_type":"CFT","cash_fee":"39.00","fee_type":"CNY","is_subscribe":"N","mch_id":"1244967502","nonce_str":"l0djkbysatk0tiruvhdkjsmt899nkl82","openid":"orYumuG50YwSHoGXrTUek0EhAojQ","out_trade_no":"LX-17032411144919401-7","result_code":"SUCCESS","return_code":"SUCCESS","sign":"5F0210B8E6A7DFAC856EC5D7123A63FC","time_end":"20170324134608","total_fee":"39.00","trade_type":"NATIVE","transaction_id":"4009382001201703244470942736"}
[2017-03-24 13:46:26][info] 收到重复信息，并处理反馈成功！
[2017-03-24 13:46:26][info] success
[2017-03-24 13:46:26][info] 写入结束!!!
[2017-03-24 21:05:10][info] ----------------------------------------
[2017-03-24 21:05:10][info] XML_DATA111:[{appid=>wxefc029d4373dcac0}{bank_type=>CFT}{cash_fee=>3900}{fee_type=>CNY}{is_subscribe=>N}{mch_id=>1244967502}{nonce_str=>y8fjgn5k1i2lja60m7wammidcldoohcz}{openid=>orYumuCZlmi5Ts7XHsIFxpGTVl9I}{out_trade_no=>LX-17032420423538506-6}{result_code=>SUCCESS}{return_code=>SUCCESS}{sign=>D62D5D9AEE30FE61C5307598EE05C95E}{time_end=>20170324210509}{total_fee=>3900}{trade_type=>NATIVE}{transaction_id=>4009542001201703244524567519}]
[2017-03-24 21:05:10][info] k:appid=>wxefc029d4373dcac0
[2017-03-24 21:05:10][info] k:bank_type=>CFT
[2017-03-24 21:05:10][info] k:cash_fee=>3900
[2017-03-24 21:05:10][info] k:fee_type=>CNY
[2017-03-24 21:05:10][info] k:is_subscribe=>N
[2017-03-24 21:05:10][info] k:mch_id=>1244967502
[2017-03-24 21:05:10][info] k:nonce_str=>y8fjgn5k1i2lja60m7wammidcldoohcz
[2017-03-24 21:05:10][info] k:openid=>orYumuCZlmi5Ts7XHsIFxpGTVl9I
[2017-03-24 21:05:10][info] k:out_trade_no=>LX-17032420423538506-6
[2017-03-24 21:05:10][info] k:result_code=>SUCCESS
[2017-03-24 21:05:10][info] k:return_code=>SUCCESS
[2017-03-24 21:05:10][info] k:sign=>D62D5D9AEE30FE61C5307598EE05C95E
[2017-03-24 21:05:10][info] k:time_end=>20170324210509
[2017-03-24 21:05:10][info] k:total_fee=>3900
[2017-03-24 21:05:10][info] k:trade_type=>NATIVE
[2017-03-24 21:05:10][info] k:transaction_id=>4009542001201703244524567519
[2017-03-24 21:05:10][info] ----------------------------------------
[2017-03-24 21:05:10][info] XML_DATA222:{"appid":"wxefc029d4373dcac0","bank_type":"CFT","cash_fee":"39.00","fee_type":"CNY","is_subscribe":"N","mch_id":"1244967502","nonce_str":"y8fjgn5k1i2lja60m7wammidcldoohcz","openid":"orYumuCZlmi5Ts7XHsIFxpGTVl9I","out_trade_no":"LX-17032420423538506-6","result_code":"SUCCESS","return_code":"SUCCESS","sign":"D62D5D9AEE30FE61C5307598EE05C95E","time_end":"20170324210509","total_fee":"39.00","trade_type":"NATIVE","transaction_id":"4009542001201703244524567519"}
[2017-03-24 21:05:10][warn] 数据存储成功，并成功返回记录编号17412！
[2017-03-24 21:05:27][info] ----------------------------------------
[2017-03-24 21:05:27][info] XML_DATA111:[{appid=>wxefc029d4373dcac0}{bank_type=>CFT}{cash_fee=>3900}{fee_type=>CNY}{is_subscribe=>N}{mch_id=>1244967502}{nonce_str=>y8fjgn5k1i2lja60m7wammidcldoohcz}{openid=>orYumuCZlmi5Ts7XHsIFxpGTVl9I}{out_trade_no=>LX-17032420423538506-6}{result_code=>SUCCESS}{return_code=>SUCCESS}{sign=>D62D5D9AEE30FE61C5307598EE05C95E}{time_end=>20170324210509}{total_fee=>3900}{trade_type=>NATIVE}{transaction_id=>4009542001201703244524567519}]
[2017-03-24 21:05:27][info] k:appid=>wxefc029d4373dcac0
[2017-03-24 21:05:27][info] k:bank_type=>CFT
[2017-03-24 21:05:27][info] k:cash_fee=>3900
[2017-03-24 21:05:27][info] k:fee_type=>CNY
[2017-03-24 21:05:27][info] k:is_subscribe=>N
[2017-03-24 21:05:27][info] k:mch_id=>1244967502
[2017-03-24 21:05:27][info] k:nonce_str=>y8fjgn5k1i2lja60m7wammidcldoohcz
[2017-03-24 21:05:27][info] k:openid=>orYumuCZlmi5Ts7XHsIFxpGTVl9I
[2017-03-24 21:05:27][info] k:out_trade_no=>LX-17032420423538506-6
[2017-03-24 21:05:27][info] k:result_code=>SUCCESS
[2017-03-24 21:05:27][info] k:return_code=>SUCCESS
[2017-03-24 21:05:27][info] k:sign=>D62D5D9AEE30FE61C5307598EE05C95E
[2017-03-24 21:05:27][info] k:time_end=>20170324210509
[2017-03-24 21:05:27][info] k:total_fee=>3900
[2017-03-24 21:05:27][info] k:trade_type=>NATIVE
[2017-03-24 21:05:27][info] k:transaction_id=>4009542001201703244524567519
[2017-03-24 21:05:27][info] ----------------------------------------
[2017-03-24 21:05:27][info] XML_DATA222:{"appid":"wxefc029d4373dcac0","bank_type":"CFT","cash_fee":"39.00","fee_type":"CNY","is_subscribe":"N","mch_id":"1244967502","nonce_str":"y8fjgn5k1i2lja60m7wammidcldoohcz","openid":"orYumuCZlmi5Ts7XHsIFxpGTVl9I","out_trade_no":"LX-17032420423538506-6","result_code":"SUCCESS","return_code":"SUCCESS","sign":"D62D5D9AEE30FE61C5307598EE05C95E","time_end":"20170324210509","total_fee":"39.00","trade_type":"NATIVE","transaction_id":"4009542001201703244524567519"}
[2017-03-24 21:05:27][info] 收到重复信息，并处理反馈成功！
[2017-03-24 21:05:27][info] success
[2017-03-24 21:05:27][info] 写入结束!!!
[2017-03-24 21:30:02][info] ----------------------------------------
[2017-03-24 21:30:02][info] XML_DATA111:[{appid=>wxefc029d4373dcac0}{bank_type=>ICBC_CREDIT}{cash_fee=>3900}{fee_type=>CNY}{is_subscribe=>N}{mch_id=>1244967502}{nonce_str=>4ck99sefp8oine512y8y6oz92w1avzdl}{openid=>orYumuGN8b-ws3U2Bpt7j3_ZmBTY}{out_trade_no=>LX-1703242103545406-8}{result_code=>SUCCESS}{return_code=>SUCCESS}{sign=>0D1FF10D09D55B528A8C3155BA2D89F6}{time_end=>20170324213001}{total_fee=>3900}{trade_type=>NATIVE}{transaction_id=>4004292001201703244523332182}]
[2017-03-24 21:30:02][info] k:appid=>wxefc029d4373dcac0
[2017-03-24 21:30:02][info] k:bank_type=>ICBC_CREDIT
[2017-03-24 21:30:02][info] k:cash_fee=>3900
[2017-03-24 21:30:02][info] k:fee_type=>CNY
[2017-03-24 21:30:02][info] k:is_subscribe=>N
[2017-03-24 21:30:02][info] k:mch_id=>1244967502
[2017-03-24 21:30:02][info] k:nonce_str=>4ck99sefp8oine512y8y6oz92w1avzdl
[2017-03-24 21:30:02][info] k:openid=>orYumuGN8b-ws3U2Bpt7j3_ZmBTY
[2017-03-24 21:30:02][info] k:out_trade_no=>LX-1703242103545406-8
[2017-03-24 21:30:02][info] k:result_code=>SUCCESS
[2017-03-24 21:30:02][info] k:return_code=>SUCCESS
[2017-03-24 21:30:02][info] k:sign=>0D1FF10D09D55B528A8C3155BA2D89F6
[2017-03-24 21:30:02][info] k:time_end=>20170324213001
[2017-03-24 21:30:02][info] k:total_fee=>3900
[2017-03-24 21:30:02][info] k:trade_type=>NATIVE
[2017-03-24 21:30:02][info] k:transaction_id=>4004292001201703244523332182
[2017-03-24 21:30:02][info] ----------------------------------------
[2017-03-24 21:30:02][info] XML_DATA222:{"appid":"wxefc029d4373dcac0","bank_type":"ICBC_CREDIT","cash_fee":"39.00","fee_type":"CNY","is_subscribe":"N","mch_id":"1244967502","nonce_str":"4ck99sefp8oine512y8y6oz92w1avzdl","openid":"orYumuGN8b-ws3U2Bpt7j3_ZmBTY","out_trade_no":"LX-1703242103545406-8","result_code":"SUCCESS","return_code":"SUCCESS","sign":"0D1FF10D09D55B528A8C3155BA2D89F6","time_end":"20170324213001","total_fee":"39.00","trade_type":"NATIVE","transaction_id":"4004292001201703244523332182"}
[2017-03-24 21:30:02][warn] 数据存储成功，并成功返回记录编号17413！
[2017-03-24 21:30:19][info] ----------------------------------------
[2017-03-24 21:30:19][info] XML_DATA111:[{appid=>wxefc029d4373dcac0}{bank_type=>ICBC_CREDIT}{cash_fee=>3900}{fee_type=>CNY}{is_subscribe=>N}{mch_id=>1244967502}{nonce_str=>4ck99sefp8oine512y8y6oz92w1avzdl}{openid=>orYumuGN8b-ws3U2Bpt7j3_ZmBTY}{out_trade_no=>LX-1703242103545406-8}{result_code=>SUCCESS}{return_code=>SUCCESS}{sign=>0D1FF10D09D55B528A8C3155BA2D89F6}{time_end=>20170324213001}{total_fee=>3900}{trade_type=>NATIVE}{transaction_id=>4004292001201703244523332182}]
[2017-03-24 21:30:19][info] k:appid=>wxefc029d4373dcac0
[2017-03-24 21:30:19][info] k:bank_type=>ICBC_CREDIT
[2017-03-24 21:30:19][info] k:cash_fee=>3900
[2017-03-24 21:30:19][info] k:fee_type=>CNY
[2017-03-24 21:30:19][info] k:is_subscribe=>N
[2017-03-24 21:30:19][info] k:mch_id=>1244967502
[2017-03-24 21:30:19][info] k:nonce_str=>4ck99sefp8oine512y8y6oz92w1avzdl
[2017-03-24 21:30:19][info] k:openid=>orYumuGN8b-ws3U2Bpt7j3_ZmBTY
[2017-03-24 21:30:19][info] k:out_trade_no=>LX-1703242103545406-8
[2017-03-24 21:30:19][info] k:result_code=>SUCCESS
[2017-03-24 21:30:19][info] k:return_code=>SUCCESS
[2017-03-24 21:30:19][info] k:sign=>0D1FF10D09D55B528A8C3155BA2D89F6
[2017-03-24 21:30:19][info] k:time_end=>20170324213001
[2017-03-24 21:30:19][info] k:total_fee=>3900
[2017-03-24 21:30:19][info] k:trade_type=>NATIVE
[2017-03-24 21:30:19][info] k:transaction_id=>4004292001201703244523332182
[2017-03-24 21:30:19][info] ----------------------------------------
[2017-03-24 21:30:19][info] XML_DATA222:{"appid":"wxefc029d4373dcac0","bank_type":"ICBC_CREDIT","cash_fee":"39.00","fee_type":"CNY","is_subscribe":"N","mch_id":"1244967502","nonce_str":"4ck99sefp8oine512y8y6oz92w1avzdl","openid":"orYumuGN8b-ws3U2Bpt7j3_ZmBTY","out_trade_no":"LX-1703242103545406-8","result_code":"SUCCESS","return_code":"SUCCESS","sign":"0D1FF10D09D55B528A8C3155BA2D89F6","time_end":"20170324213001","total_fee":"39.00","trade_type":"NATIVE","transaction_id":"4004292001201703244523332182"}
[2017-03-24 21:30:19][info] 收到重复信息，并处理反馈成功！
[2017-03-24 21:30:19][info] success
[2017-03-24 21:30:19][info] 写入结束!!!
