[2017-05-08 14:13:12][info] ----------------------------------------
[2017-05-08 14:13:12][info] XML_DATA111:[{appid=>wxefc029d4373dcac0}{bank_type=>CFT}{cash_fee=>248000}{fee_type=>CNY}{is_subscribe=>N}{mch_id=>1244967502}{nonce_str=>c82n7rcibxa2yvp1fpj8ml08kezx12br}{openid=>orYumuMA_IpuK__CMVys3ShLDDJU}{out_trade_no=>LX-17042917073267901-9}{result_code=>SUCCESS}{return_code=>SUCCESS}{sign=>8298024BFD3038176ADE074BDFF0E66A}{time_end=>20170508141311}{total_fee=>248000}{trade_type=>NATIVE}{transaction_id=>4000112001201705080041896452}]
[2017-05-08 14:13:12][info] k:appid=>wxefc029d4373dcac0
[2017-05-08 14:13:12][info] k:bank_type=>CFT
[2017-05-08 14:13:12][info] k:cash_fee=>248000
[2017-05-08 14:13:12][info] k:fee_type=>CNY
[2017-05-08 14:13:12][info] k:is_subscribe=>N
[2017-05-08 14:13:12][info] k:mch_id=>1244967502
[2017-05-08 14:13:12][info] k:nonce_str=>c82n7rcibxa2yvp1fpj8ml08kezx12br
[2017-05-08 14:13:12][info] k:openid=>orYumuMA_IpuK__CMVys3ShLDDJU
[2017-05-08 14:13:12][info] k:out_trade_no=>LX-17042917073267901-9
[2017-05-08 14:13:12][info] k:result_code=>SUCCESS
[2017-05-08 14:13:12][info] k:return_code=>SUCCESS
[2017-05-08 14:13:12][info] k:sign=>8298024BFD3038176ADE074BDFF0E66A
[2017-05-08 14:13:12][info] k:time_end=>20170508141311
[2017-05-08 14:13:12][info] k:total_fee=>248000
[2017-05-08 14:13:12][info] k:trade_type=>NATIVE
[2017-05-08 14:13:12][info] k:transaction_id=>4000112001201705080041896452
[2017-05-08 14:13:12][info] ----------------------------------------
[2017-05-08 14:13:12][info] XML_DATA222:{"appid":"wxefc029d4373dcac0","bank_type":"CFT","cash_fee":"2480.00","fee_type":"CNY","is_subscribe":"N","mch_id":"1244967502","nonce_str":"c82n7rcibxa2yvp1fpj8ml08kezx12br","openid":"orYumuMA_IpuK__CMVys3ShLDDJU","out_trade_no":"LX-17042917073267901-9","result_code":"SUCCESS","return_code":"SUCCESS","sign":"8298024BFD3038176ADE074BDFF0E66A","time_end":"20170508141311","total_fee":"2480.00","trade_type":"NATIVE","transaction_id":"4000112001201705080041896452"}
[2017-05-08 14:13:12][warn] 数据存储成功，并成功返回记录编号17485！
[2017-05-08 14:13:25][info] ----------------------------------------
[2017-05-08 14:13:25][info] XML_DATA111:[{appid=>wxefc029d4373dcac0}{bank_type=>CFT}{cash_fee=>248000}{fee_type=>CNY}{is_subscribe=>N}{mch_id=>1244967502}{nonce_str=>c82n7rcibxa2yvp1fpj8ml08kezx12br}{openid=>orYumuMA_IpuK__CMVys3ShLDDJU}{out_trade_no=>LX-17042917073267901-9}{result_code=>SUCCESS}{return_code=>SUCCESS}{sign=>8298024BFD3038176ADE074BDFF0E66A}{time_end=>20170508141311}{total_fee=>248000}{trade_type=>NATIVE}{transaction_id=>4000112001201705080041896452}]
[2017-05-08 14:13:25][info] k:appid=>wxefc029d4373dcac0
[2017-05-08 14:13:25][info] k:bank_type=>CFT
[2017-05-08 14:13:25][info] k:cash_fee=>248000
[2017-05-08 14:13:25][info] k:fee_type=>CNY
[2017-05-08 14:13:25][info] k:is_subscribe=>N
[2017-05-08 14:13:25][info] k:mch_id=>1244967502
[2017-05-08 14:13:25][info] k:nonce_str=>c82n7rcibxa2yvp1fpj8ml08kezx12br
[2017-05-08 14:13:25][info] k:openid=>orYumuMA_IpuK__CMVys3ShLDDJU
[2017-05-08 14:13:25][info] k:out_trade_no=>LX-17042917073267901-9
[2017-05-08 14:13:25][info] k:result_code=>SUCCESS
[2017-05-08 14:13:25][info] k:return_code=>SUCCESS
[2017-05-08 14:13:25][info] k:sign=>8298024BFD3038176ADE074BDFF0E66A
[2017-05-08 14:13:25][info] k:time_end=>20170508141311
[2017-05-08 14:13:25][info] k:total_fee=>248000
[2017-05-08 14:13:25][info] k:trade_type=>NATIVE
[2017-05-08 14:13:25][info] k:transaction_id=>4000112001201705080041896452
[2017-05-08 14:13:25][info] ----------------------------------------
[2017-05-08 14:13:25][info] XML_DATA222:{"appid":"wxefc029d4373dcac0","bank_type":"CFT","cash_fee":"2480.00","fee_type":"CNY","is_subscribe":"N","mch_id":"1244967502","nonce_str":"c82n7rcibxa2yvp1fpj8ml08kezx12br","openid":"orYumuMA_IpuK__CMVys3ShLDDJU","out_trade_no":"LX-17042917073267901-9","result_code":"SUCCESS","return_code":"SUCCESS","sign":"8298024BFD3038176ADE074BDFF0E66A","time_end":"20170508141311","total_fee":"2480.00","trade_type":"NATIVE","transaction_id":"4000112001201705080041896452"}
[2017-05-08 14:13:25][info] 收到重复信息，并处理反馈成功！
[2017-05-08 14:13:25][info] success
[2017-05-08 14:13:25][info] 写入结束!!!
