[2017-07-23 07:44:00][info] ----------------------------------------
[2017-07-23 07:44:00][info] XML_DATA111:[{appid=>wxefc029d4373dcac0}{bank_type=>PAB_CREDIT}{cash_fee=>513000}{fee_type=>CNY}{is_subscribe=>N}{mch_id=>1244967502}{nonce_str=>nnznwd0mw9csflwav96qbsvfryny389b}{openid=>orYumuJW0bGj4MpW1lAE23o4qTjc}{out_trade_no=>LX-17070911331351406-9}{result_code=>SUCCESS}{return_code=>SUCCESS}{sign=>FF552F055AF18E378A8B185B3EE8F7A9}{time_end=>20170723074359}{total_fee=>513000}{trade_type=>NATIVE}{transaction_id=>4007102001201707232178779281}]
[2017-07-23 07:44:00][info] k:appid=>wxefc029d4373dcac0
[2017-07-23 07:44:00][info] k:bank_type=>PAB_CREDIT
[2017-07-23 07:44:00][info] k:cash_fee=>513000
[2017-07-23 07:44:00][info] k:fee_type=>CNY
[2017-07-23 07:44:00][info] k:is_subscribe=>N
[2017-07-23 07:44:00][info] k:mch_id=>1244967502
[2017-07-23 07:44:00][info] k:nonce_str=>nnznwd0mw9csflwav96qbsvfryny389b
[2017-07-23 07:44:00][info] k:openid=>orYumuJW0bGj4MpW1lAE23o4qTjc
[2017-07-23 07:44:00][info] k:out_trade_no=>LX-17070911331351406-9
[2017-07-23 07:44:00][info] k:result_code=>SUCCESS
[2017-07-23 07:44:00][info] k:return_code=>SUCCESS
[2017-07-23 07:44:00][info] k:sign=>FF552F055AF18E378A8B185B3EE8F7A9
[2017-07-23 07:44:00][info] k:time_end=>20170723074359
[2017-07-23 07:44:00][info] k:total_fee=>513000
[2017-07-23 07:44:00][info] k:trade_type=>NATIVE
[2017-07-23 07:44:00][info] k:transaction_id=>4007102001201707232178779281
[2017-07-23 07:44:00][info] ----------------------------------------
[2017-07-23 07:44:00][info] XML_DATA222:{"appid":"wxefc029d4373dcac0","bank_type":"PAB_CREDIT","cash_fee":"5130.00","fee_type":"CNY","is_subscribe":"N","mch_id":"1244967502","nonce_str":"nnznwd0mw9csflwav96qbsvfryny389b","openid":"orYumuJW0bGj4MpW1lAE23o4qTjc","out_trade_no":"LX-17070911331351406-9","result_code":"SUCCESS","return_code":"SUCCESS","sign":"FF552F055AF18E378A8B185B3EE8F7A9","time_end":"20170723074359","total_fee":"5130.00","trade_type":"NATIVE","transaction_id":"4007102001201707232178779281"}
[2017-07-23 07:44:00][warn] 数据存储成功，并成功返回记录编号18199！
[2017-07-23 07:44:13][info] ----------------------------------------
[2017-07-23 07:44:13][info] XML_DATA111:[{appid=>wxefc029d4373dcac0}{bank_type=>PAB_CREDIT}{cash_fee=>513000}{fee_type=>CNY}{is_subscribe=>N}{mch_id=>1244967502}{nonce_str=>nnznwd0mw9csflwav96qbsvfryny389b}{openid=>orYumuJW0bGj4MpW1lAE23o4qTjc}{out_trade_no=>LX-17070911331351406-9}{result_code=>SUCCESS}{return_code=>SUCCESS}{sign=>FF552F055AF18E378A8B185B3EE8F7A9}{time_end=>20170723074359}{total_fee=>513000}{trade_type=>NATIVE}{transaction_id=>4007102001201707232178779281}]
[2017-07-23 07:44:13][info] k:appid=>wxefc029d4373dcac0
[2017-07-23 07:44:13][info] k:bank_type=>PAB_CREDIT
[2017-07-23 07:44:13][info] k:cash_fee=>513000
[2017-07-23 07:44:13][info] k:fee_type=>CNY
[2017-07-23 07:44:13][info] k:is_subscribe=>N
[2017-07-23 07:44:13][info] k:mch_id=>1244967502
[2017-07-23 07:44:13][info] k:nonce_str=>nnznwd0mw9csflwav96qbsvfryny389b
[2017-07-23 07:44:13][info] k:openid=>orYumuJW0bGj4MpW1lAE23o4qTjc
[2017-07-23 07:44:13][info] k:out_trade_no=>LX-17070911331351406-9
[2017-07-23 07:44:13][info] k:result_code=>SUCCESS
[2017-07-23 07:44:13][info] k:return_code=>SUCCESS
[2017-07-23 07:44:13][info] k:sign=>FF552F055AF18E378A8B185B3EE8F7A9
[2017-07-23 07:44:13][info] k:time_end=>20170723074359
[2017-07-23 07:44:13][info] k:total_fee=>513000
[2017-07-23 07:44:13][info] k:trade_type=>NATIVE
[2017-07-23 07:44:13][info] k:transaction_id=>4007102001201707232178779281
[2017-07-23 07:44:13][info] ----------------------------------------
[2017-07-23 07:44:13][info] XML_DATA222:{"appid":"wxefc029d4373dcac0","bank_type":"PAB_CREDIT","cash_fee":"5130.00","fee_type":"CNY","is_subscribe":"N","mch_id":"1244967502","nonce_str":"nnznwd0mw9csflwav96qbsvfryny389b","openid":"orYumuJW0bGj4MpW1lAE23o4qTjc","out_trade_no":"LX-17070911331351406-9","result_code":"SUCCESS","return_code":"SUCCESS","sign":"FF552F055AF18E378A8B185B3EE8F7A9","time_end":"20170723074359","total_fee":"5130.00","trade_type":"NATIVE","transaction_id":"4007102001201707232178779281"}
[2017-07-23 07:44:13][info] 收到重复信息，并处理反馈成功！
[2017-07-23 07:44:13][info] success
[2017-07-23 07:44:13][info] 写入结束!!!
[2017-07-23 17:06:45][info] ----------------------------------------
[2017-07-23 17:06:45][info] XML_DATA111:[{appid=>wxefc029d4373dcac0}{bank_type=>CFT}{cash_fee=>758000}{fee_type=>CNY}{is_subscribe=>Y}{mch_id=>1244967502}{nonce_str=>wimakjlq1ij9lc9uawpvzlinfjjbu0um}{openid=>orYumuGJdgzcR5iNHia_uVppkoNc}{out_trade_no=>LX-1707210849455701-f}{result_code=>SUCCESS}{return_code=>SUCCESS}{sign=>31B31741D4DFB78EA88D99FBF5B6E0E6}{time_end=>20170723170645}{total_fee=>758000}{trade_type=>NATIVE}{transaction_id=>4002762001201707232258012594}]
[2017-07-23 17:06:45][info] k:appid=>wxefc029d4373dcac0
[2017-07-23 17:06:45][info] k:bank_type=>CFT
[2017-07-23 17:06:45][info] k:cash_fee=>758000
[2017-07-23 17:06:45][info] k:fee_type=>CNY
[2017-07-23 17:06:45][info] k:is_subscribe=>Y
[2017-07-23 17:06:45][info] k:mch_id=>1244967502
[2017-07-23 17:06:45][info] k:nonce_str=>wimakjlq1ij9lc9uawpvzlinfjjbu0um
[2017-07-23 17:06:45][info] k:openid=>orYumuGJdgzcR5iNHia_uVppkoNc
[2017-07-23 17:06:45][info] k:out_trade_no=>LX-1707210849455701-f
[2017-07-23 17:06:45][info] k:result_code=>SUCCESS
[2017-07-23 17:06:45][info] k:return_code=>SUCCESS
[2017-07-23 17:06:45][info] k:sign=>31B31741D4DFB78EA88D99FBF5B6E0E6
[2017-07-23 17:06:45][info] k:time_end=>20170723170645
[2017-07-23 17:06:45][info] k:total_fee=>758000
[2017-07-23 17:06:45][info] k:trade_type=>NATIVE
[2017-07-23 17:06:45][info] k:transaction_id=>4002762001201707232258012594
[2017-07-23 17:06:45][info] ----------------------------------------
[2017-07-23 17:06:45][info] XML_DATA222:{"appid":"wxefc029d4373dcac0","bank_type":"CFT","cash_fee":"7580.00","fee_type":"CNY","is_subscribe":"Y","mch_id":"1244967502","nonce_str":"wimakjlq1ij9lc9uawpvzlinfjjbu0um","openid":"orYumuGJdgzcR5iNHia_uVppkoNc","out_trade_no":"LX-1707210849455701-f","result_code":"SUCCESS","return_code":"SUCCESS","sign":"31B31741D4DFB78EA88D99FBF5B6E0E6","time_end":"20170723170645","total_fee":"7580.00","trade_type":"NATIVE","transaction_id":"4002762001201707232258012594"}
[2017-07-23 17:06:45][warn] 数据存储成功，并成功返回记录编号18205！
[2017-07-23 17:07:02][info] ----------------------------------------
[2017-07-23 17:07:02][info] XML_DATA111:[{appid=>wxefc029d4373dcac0}{bank_type=>CFT}{cash_fee=>758000}{fee_type=>CNY}{is_subscribe=>Y}{mch_id=>1244967502}{nonce_str=>wimakjlq1ij9lc9uawpvzlinfjjbu0um}{openid=>orYumuGJdgzcR5iNHia_uVppkoNc}{out_trade_no=>LX-1707210849455701-f}{result_code=>SUCCESS}{return_code=>SUCCESS}{sign=>31B31741D4DFB78EA88D99FBF5B6E0E6}{time_end=>20170723170645}{total_fee=>758000}{trade_type=>NATIVE}{transaction_id=>4002762001201707232258012594}]
[2017-07-23 17:07:02][info] k:appid=>wxefc029d4373dcac0
[2017-07-23 17:07:02][info] k:bank_type=>CFT
[2017-07-23 17:07:02][info] k:cash_fee=>758000
[2017-07-23 17:07:02][info] k:fee_type=>CNY
[2017-07-23 17:07:02][info] k:is_subscribe=>Y
[2017-07-23 17:07:02][info] k:mch_id=>1244967502
[2017-07-23 17:07:02][info] k:nonce_str=>wimakjlq1ij9lc9uawpvzlinfjjbu0um
[2017-07-23 17:07:02][info] k:openid=>orYumuGJdgzcR5iNHia_uVppkoNc
[2017-07-23 17:07:02][info] k:out_trade_no=>LX-1707210849455701-f
[2017-07-23 17:07:02][info] k:result_code=>SUCCESS
[2017-07-23 17:07:02][info] k:return_code=>SUCCESS
[2017-07-23 17:07:02][info] k:sign=>31B31741D4DFB78EA88D99FBF5B6E0E6
[2017-07-23 17:07:02][info] k:time_end=>20170723170645
[2017-07-23 17:07:02][info] k:total_fee=>758000
[2017-07-23 17:07:02][info] k:trade_type=>NATIVE
[2017-07-23 17:07:02][info] k:transaction_id=>4002762001201707232258012594
[2017-07-23 17:07:02][info] ----------------------------------------
[2017-07-23 17:07:02][info] XML_DATA222:{"appid":"wxefc029d4373dcac0","bank_type":"CFT","cash_fee":"7580.00","fee_type":"CNY","is_subscribe":"Y","mch_id":"1244967502","nonce_str":"wimakjlq1ij9lc9uawpvzlinfjjbu0um","openid":"orYumuGJdgzcR5iNHia_uVppkoNc","out_trade_no":"LX-1707210849455701-f","result_code":"SUCCESS","return_code":"SUCCESS","sign":"31B31741D4DFB78EA88D99FBF5B6E0E6","time_end":"20170723170645","total_fee":"7580.00","trade_type":"NATIVE","transaction_id":"4002762001201707232258012594"}
[2017-07-23 17:07:02][info] 收到重复信息，并处理反馈成功！
[2017-07-23 17:07:02][info] success
[2017-07-23 17:07:02][info] 写入结束!!!
[2017-07-23 20:10:29][info] ----------------------------------------
[2017-07-23 20:10:29][info] XML_DATA111:[{appid=>wxefc029d4373dcac0}{bank_type=>CFT}{cash_fee=>1032000}{fee_type=>CNY}{is_subscribe=>N}{mch_id=>1244967502}{nonce_str=>41fzcliqxvdvsr3dvy00ymyh339nojic}{openid=>orYumuDBWLl0cJ1EqrSbCA4c0Gh8}{out_trade_no=>LX-1707230026245006-5}{result_code=>SUCCESS}{return_code=>SUCCESS}{sign=>EF4A1336CCF006F4FEDC19DA459DEBA2}{time_end=>20170723201028}{total_fee=>1032000}{trade_type=>NATIVE}{transaction_id=>4000102001201707232288223437}]
[2017-07-23 20:10:29][info] k:appid=>wxefc029d4373dcac0
[2017-07-23 20:10:29][info] k:bank_type=>CFT
[2017-07-23 20:10:29][info] k:cash_fee=>1032000
[2017-07-23 20:10:29][info] k:fee_type=>CNY
[2017-07-23 20:10:29][info] k:is_subscribe=>N
[2017-07-23 20:10:29][info] k:mch_id=>1244967502
[2017-07-23 20:10:29][info] k:nonce_str=>41fzcliqxvdvsr3dvy00ymyh339nojic
[2017-07-23 20:10:29][info] k:openid=>orYumuDBWLl0cJ1EqrSbCA4c0Gh8
[2017-07-23 20:10:29][info] k:out_trade_no=>LX-1707230026245006-5
[2017-07-23 20:10:29][info] k:result_code=>SUCCESS
[2017-07-23 20:10:29][info] k:return_code=>SUCCESS
[2017-07-23 20:10:29][info] k:sign=>EF4A1336CCF006F4FEDC19DA459DEBA2
[2017-07-23 20:10:29][info] k:time_end=>20170723201028
[2017-07-23 20:10:29][info] k:total_fee=>1032000
[2017-07-23 20:10:29][info] k:trade_type=>NATIVE
[2017-07-23 20:10:29][info] k:transaction_id=>4000102001201707232288223437
[2017-07-23 20:10:29][info] ----------------------------------------
[2017-07-23 20:10:29][info] XML_DATA222:{"appid":"wxefc029d4373dcac0","bank_type":"CFT","cash_fee":"10320.00","fee_type":"CNY","is_subscribe":"N","mch_id":"1244967502","nonce_str":"41fzcliqxvdvsr3dvy00ymyh339nojic","openid":"orYumuDBWLl0cJ1EqrSbCA4c0Gh8","out_trade_no":"LX-1707230026245006-5","result_code":"SUCCESS","return_code":"SUCCESS","sign":"EF4A1336CCF006F4FEDC19DA459DEBA2","time_end":"20170723201028","total_fee":"10320.00","trade_type":"NATIVE","transaction_id":"4000102001201707232288223437"}
[2017-07-23 20:10:29][warn] 数据存储成功，并成功返回记录编号18206！
[2017-07-23 20:10:41][info] ----------------------------------------
[2017-07-23 20:10:41][info] XML_DATA111:[{appid=>wxefc029d4373dcac0}{bank_type=>CFT}{cash_fee=>1032000}{fee_type=>CNY}{is_subscribe=>N}{mch_id=>1244967502}{nonce_str=>41fzcliqxvdvsr3dvy00ymyh339nojic}{openid=>orYumuDBWLl0cJ1EqrSbCA4c0Gh8}{out_trade_no=>LX-1707230026245006-5}{result_code=>SUCCESS}{return_code=>SUCCESS}{sign=>EF4A1336CCF006F4FEDC19DA459DEBA2}{time_end=>20170723201028}{total_fee=>1032000}{trade_type=>NATIVE}{transaction_id=>4000102001201707232288223437}]
[2017-07-23 20:10:41][info] k:appid=>wxefc029d4373dcac0
[2017-07-23 20:10:41][info] k:bank_type=>CFT
[2017-07-23 20:10:41][info] k:cash_fee=>1032000
[2017-07-23 20:10:41][info] k:fee_type=>CNY
[2017-07-23 20:10:41][info] k:is_subscribe=>N
[2017-07-23 20:10:41][info] k:mch_id=>1244967502
[2017-07-23 20:10:41][info] k:nonce_str=>41fzcliqxvdvsr3dvy00ymyh339nojic
[2017-07-23 20:10:41][info] k:openid=>orYumuDBWLl0cJ1EqrSbCA4c0Gh8
[2017-07-23 20:10:41][info] k:out_trade_no=>LX-1707230026245006-5
[2017-07-23 20:10:41][info] k:result_code=>SUCCESS
[2017-07-23 20:10:41][info] k:return_code=>SUCCESS
[2017-07-23 20:10:41][info] k:sign=>EF4A1336CCF006F4FEDC19DA459DEBA2
[2017-07-23 20:10:41][info] k:time_end=>20170723201028
[2017-07-23 20:10:41][info] k:total_fee=>1032000
[2017-07-23 20:10:41][info] k:trade_type=>NATIVE
[2017-07-23 20:10:41][info] k:transaction_id=>4000102001201707232288223437
[2017-07-23 20:10:41][info] ----------------------------------------
[2017-07-23 20:10:41][info] XML_DATA222:{"appid":"wxefc029d4373dcac0","bank_type":"CFT","cash_fee":"10320.00","fee_type":"CNY","is_subscribe":"N","mch_id":"1244967502","nonce_str":"41fzcliqxvdvsr3dvy00ymyh339nojic","openid":"orYumuDBWLl0cJ1EqrSbCA4c0Gh8","out_trade_no":"LX-1707230026245006-5","result_code":"SUCCESS","return_code":"SUCCESS","sign":"EF4A1336CCF006F4FEDC19DA459DEBA2","time_end":"20170723201028","total_fee":"10320.00","trade_type":"NATIVE","transaction_id":"4000102001201707232288223437"}
[2017-07-23 20:10:41][info] 收到重复信息，并处理反馈成功！
[2017-07-23 20:10:41][info] success
[2017-07-23 20:10:41][info] 写入结束!!!
[2017-07-23 21:27:10][info] ----------------------------------------
[2017-07-23 21:27:10][info] XML_DATA111:[{appid=>wxefc029d4373dcac0}{bank_type=>CMB_DEBIT}{cash_fee=>328000}{fee_type=>CNY}{is_subscribe=>N}{mch_id=>1244967502}{nonce_str=>z40kp395xd5cqbawa4ljfe3gm3psuy64}{openid=>orYumuPjFoeJdHbaG8nyxn7wf2kw}{out_trade_no=>LX-17070918514394801-b}{result_code=>SUCCESS}{return_code=>SUCCESS}{sign=>F03A22DEC8E2F2CEFE06289D14427732}{time_end=>20170723212709}{total_fee=>328000}{trade_type=>NATIVE}{transaction_id=>4003742001201707232305293463}]
[2017-07-23 21:27:10][info] k:appid=>wxefc029d4373dcac0
[2017-07-23 21:27:10][info] k:bank_type=>CMB_DEBIT
[2017-07-23 21:27:10][info] k:cash_fee=>328000
[2017-07-23 21:27:10][info] k:fee_type=>CNY
[2017-07-23 21:27:10][info] k:is_subscribe=>N
[2017-07-23 21:27:10][info] k:mch_id=>1244967502
[2017-07-23 21:27:10][info] k:nonce_str=>z40kp395xd5cqbawa4ljfe3gm3psuy64
[2017-07-23 21:27:10][info] k:openid=>orYumuPjFoeJdHbaG8nyxn7wf2kw
[2017-07-23 21:27:10][info] k:out_trade_no=>LX-17070918514394801-b
[2017-07-23 21:27:10][info] k:result_code=>SUCCESS
[2017-07-23 21:27:10][info] k:return_code=>SUCCESS
[2017-07-23 21:27:10][info] k:sign=>F03A22DEC8E2F2CEFE06289D14427732
[2017-07-23 21:27:10][info] k:time_end=>20170723212709
[2017-07-23 21:27:10][info] k:total_fee=>328000
[2017-07-23 21:27:10][info] k:trade_type=>NATIVE
[2017-07-23 21:27:10][info] k:transaction_id=>4003742001201707232305293463
[2017-07-23 21:27:10][info] ----------------------------------------
[2017-07-23 21:27:10][info] XML_DATA222:{"appid":"wxefc029d4373dcac0","bank_type":"CMB_DEBIT","cash_fee":"3280.00","fee_type":"CNY","is_subscribe":"N","mch_id":"1244967502","nonce_str":"z40kp395xd5cqbawa4ljfe3gm3psuy64","openid":"orYumuPjFoeJdHbaG8nyxn7wf2kw","out_trade_no":"LX-17070918514394801-b","result_code":"SUCCESS","return_code":"SUCCESS","sign":"F03A22DEC8E2F2CEFE06289D14427732","time_end":"20170723212709","total_fee":"3280.00","trade_type":"NATIVE","transaction_id":"4003742001201707232305293463"}
[2017-07-23 21:27:10][warn] 数据存储成功，并成功返回记录编号18207！
[2017-07-23 21:27:24][info] ----------------------------------------
[2017-07-23 21:27:24][info] XML_DATA111:[{appid=>wxefc029d4373dcac0}{bank_type=>CMB_DEBIT}{cash_fee=>328000}{fee_type=>CNY}{is_subscribe=>N}{mch_id=>1244967502}{nonce_str=>z40kp395xd5cqbawa4ljfe3gm3psuy64}{openid=>orYumuPjFoeJdHbaG8nyxn7wf2kw}{out_trade_no=>LX-17070918514394801-b}{result_code=>SUCCESS}{return_code=>SUCCESS}{sign=>F03A22DEC8E2F2CEFE06289D14427732}{time_end=>20170723212709}{total_fee=>328000}{trade_type=>NATIVE}{transaction_id=>4003742001201707232305293463}]
[2017-07-23 21:27:24][info] k:appid=>wxefc029d4373dcac0
[2017-07-23 21:27:24][info] k:bank_type=>CMB_DEBIT
[2017-07-23 21:27:24][info] k:cash_fee=>328000
[2017-07-23 21:27:24][info] k:fee_type=>CNY
[2017-07-23 21:27:24][info] k:is_subscribe=>N
[2017-07-23 21:27:24][info] k:mch_id=>1244967502
[2017-07-23 21:27:24][info] k:nonce_str=>z40kp395xd5cqbawa4ljfe3gm3psuy64
[2017-07-23 21:27:24][info] k:openid=>orYumuPjFoeJdHbaG8nyxn7wf2kw
[2017-07-23 21:27:24][info] k:out_trade_no=>LX-17070918514394801-b
[2017-07-23 21:27:24][info] k:result_code=>SUCCESS
[2017-07-23 21:27:24][info] k:return_code=>SUCCESS
[2017-07-23 21:27:24][info] k:sign=>F03A22DEC8E2F2CEFE06289D14427732
[2017-07-23 21:27:24][info] k:time_end=>20170723212709
[2017-07-23 21:27:24][info] k:total_fee=>328000
[2017-07-23 21:27:24][info] k:trade_type=>NATIVE
[2017-07-23 21:27:24][info] k:transaction_id=>4003742001201707232305293463
[2017-07-23 21:27:24][info] ----------------------------------------
[2017-07-23 21:27:24][info] XML_DATA222:{"appid":"wxefc029d4373dcac0","bank_type":"CMB_DEBIT","cash_fee":"3280.00","fee_type":"CNY","is_subscribe":"N","mch_id":"1244967502","nonce_str":"z40kp395xd5cqbawa4ljfe3gm3psuy64","openid":"orYumuPjFoeJdHbaG8nyxn7wf2kw","out_trade_no":"LX-17070918514394801-b","result_code":"SUCCESS","return_code":"SUCCESS","sign":"F03A22DEC8E2F2CEFE06289D14427732","time_end":"20170723212709","total_fee":"3280.00","trade_type":"NATIVE","transaction_id":"4003742001201707232305293463"}
[2017-07-23 21:27:24][info] 收到重复信息，并处理反馈成功！
[2017-07-23 21:27:24][info] success
[2017-07-23 21:27:24][info] 写入结束!!!
[2017-07-23 23:36:30][info] ----------------------------------------
[2017-07-23 23:36:30][info] XML_DATA111:[{appid=>wxefc029d4373dcac0}{bank_type=>ICBC_DEBIT}{cash_fee=>696000}{fee_type=>CNY}{is_subscribe=>N}{mch_id=>1244967502}{nonce_str=>dk31ex32p6yiz0pryv6qwfin0r116e6x}{openid=>orYumuKWNRNOJWXYZeWrl8_-gr6Y}{out_trade_no=>LX-17071217562423006-8}{result_code=>SUCCESS}{return_code=>SUCCESS}{sign=>3887B0D0E3C5D64888C073B53C33B15F}{time_end=>20170723233630}{total_fee=>696000}{trade_type=>NATIVE}{transaction_id=>4003552001201707232321620835}]
[2017-07-23 23:36:30][info] k:appid=>wxefc029d4373dcac0
[2017-07-23 23:36:30][info] k:bank_type=>ICBC_DEBIT
[2017-07-23 23:36:30][info] k:cash_fee=>696000
[2017-07-23 23:36:30][info] k:fee_type=>CNY
[2017-07-23 23:36:30][info] k:is_subscribe=>N
[2017-07-23 23:36:30][info] k:mch_id=>1244967502
[2017-07-23 23:36:30][info] k:nonce_str=>dk31ex32p6yiz0pryv6qwfin0r116e6x
[2017-07-23 23:36:30][info] k:openid=>orYumuKWNRNOJWXYZeWrl8_-gr6Y
[2017-07-23 23:36:30][info] k:out_trade_no=>LX-17071217562423006-8
[2017-07-23 23:36:30][info] k:result_code=>SUCCESS
[2017-07-23 23:36:30][info] k:return_code=>SUCCESS
[2017-07-23 23:36:30][info] k:sign=>3887B0D0E3C5D64888C073B53C33B15F
[2017-07-23 23:36:30][info] k:time_end=>20170723233630
[2017-07-23 23:36:30][info] k:total_fee=>696000
[2017-07-23 23:36:30][info] k:trade_type=>NATIVE
[2017-07-23 23:36:30][info] k:transaction_id=>4003552001201707232321620835
[2017-07-23 23:36:30][info] ----------------------------------------
[2017-07-23 23:36:30][info] XML_DATA222:{"appid":"wxefc029d4373dcac0","bank_type":"ICBC_DEBIT","cash_fee":"6960.00","fee_type":"CNY","is_subscribe":"N","mch_id":"1244967502","nonce_str":"dk31ex32p6yiz0pryv6qwfin0r116e6x","openid":"orYumuKWNRNOJWXYZeWrl8_-gr6Y","out_trade_no":"LX-17071217562423006-8","result_code":"SUCCESS","return_code":"SUCCESS","sign":"3887B0D0E3C5D64888C073B53C33B15F","time_end":"20170723233630","total_fee":"6960.00","trade_type":"NATIVE","transaction_id":"4003552001201707232321620835"}
[2017-07-23 23:36:31][warn] 数据存储成功，并成功返回记录编号18208！
[2017-07-23 23:36:40][info] ----------------------------------------
[2017-07-23 23:36:40][info] XML_DATA111:[{appid=>wxefc029d4373dcac0}{bank_type=>ICBC_DEBIT}{cash_fee=>696000}{fee_type=>CNY}{is_subscribe=>N}{mch_id=>1244967502}{nonce_str=>dk31ex32p6yiz0pryv6qwfin0r116e6x}{openid=>orYumuKWNRNOJWXYZeWrl8_-gr6Y}{out_trade_no=>LX-17071217562423006-8}{result_code=>SUCCESS}{return_code=>SUCCESS}{sign=>3887B0D0E3C5D64888C073B53C33B15F}{time_end=>20170723233630}{total_fee=>696000}{trade_type=>NATIVE}{transaction_id=>4003552001201707232321620835}]
[2017-07-23 23:36:40][info] k:appid=>wxefc029d4373dcac0
[2017-07-23 23:36:40][info] k:bank_type=>ICBC_DEBIT
[2017-07-23 23:36:40][info] k:cash_fee=>696000
[2017-07-23 23:36:40][info] k:fee_type=>CNY
[2017-07-23 23:36:40][info] k:is_subscribe=>N
[2017-07-23 23:36:40][info] k:mch_id=>1244967502
[2017-07-23 23:36:40][info] k:nonce_str=>dk31ex32p6yiz0pryv6qwfin0r116e6x
[2017-07-23 23:36:40][info] k:openid=>orYumuKWNRNOJWXYZeWrl8_-gr6Y
[2017-07-23 23:36:40][info] k:out_trade_no=>LX-17071217562423006-8
[2017-07-23 23:36:40][info] k:result_code=>SUCCESS
[2017-07-23 23:36:40][info] k:return_code=>SUCCESS
[2017-07-23 23:36:40][info] k:sign=>3887B0D0E3C5D64888C073B53C33B15F
[2017-07-23 23:36:40][info] k:time_end=>20170723233630
[2017-07-23 23:36:40][info] k:total_fee=>696000
[2017-07-23 23:36:40][info] k:trade_type=>NATIVE
[2017-07-23 23:36:40][info] k:transaction_id=>4003552001201707232321620835
[2017-07-23 23:36:40][info] ----------------------------------------
[2017-07-23 23:36:40][info] XML_DATA222:{"appid":"wxefc029d4373dcac0","bank_type":"ICBC_DEBIT","cash_fee":"6960.00","fee_type":"CNY","is_subscribe":"N","mch_id":"1244967502","nonce_str":"dk31ex32p6yiz0pryv6qwfin0r116e6x","openid":"orYumuKWNRNOJWXYZeWrl8_-gr6Y","out_trade_no":"LX-17071217562423006-8","result_code":"SUCCESS","return_code":"SUCCESS","sign":"3887B0D0E3C5D64888C073B53C33B15F","time_end":"20170723233630","total_fee":"6960.00","trade_type":"NATIVE","transaction_id":"4003552001201707232321620835"}
[2017-07-23 23:36:40][info] 收到重复信息，并处理反馈成功！
[2017-07-23 23:36:40][info] success
[2017-07-23 23:36:40][info] 写入结束!!!
