[2017-08-27 17:17:28][info] ----------------------------------------
[2017-08-27 17:17:28][info] XML_DATA111:[{appid=>wxefc029d4373dcac0}{bank_type=>CFT}{cash_fee=>179000}{fee_type=>CNY}{is_subscribe=>N}{mch_id=>1244967502}{nonce_str=>nhcqw9nignlruysq2lst68mvb4fea82r}{openid=>orYumuDIkz_qkKRs1fDgv_LfXP8w}{out_trade_no=>LX-17082613533777606-7}{result_code=>SUCCESS}{return_code=>SUCCESS}{sign=>067DCAC2F30D00117339EA719FFA3DD5}{time_end=>20170827171728}{total_fee=>179000}{trade_type=>NATIVE}{transaction_id=>4002442001201708278562826677}]
[2017-08-27 17:17:28][info] k:appid=>wxefc029d4373dcac0
[2017-08-27 17:17:28][info] k:bank_type=>CFT
[2017-08-27 17:17:28][info] k:cash_fee=>179000
[2017-08-27 17:17:28][info] k:fee_type=>CNY
[2017-08-27 17:17:28][info] k:is_subscribe=>N
[2017-08-27 17:17:28][info] k:mch_id=>1244967502
[2017-08-27 17:17:28][info] k:nonce_str=>nhcqw9nignlruysq2lst68mvb4fea82r
[2017-08-27 17:17:28][info] k:openid=>orYumuDIkz_qkKRs1fDgv_LfXP8w
[2017-08-27 17:17:28][info] k:out_trade_no=>LX-17082613533777606-7
[2017-08-27 17:17:28][info] k:result_code=>SUCCESS
[2017-08-27 17:17:28][info] k:return_code=>SUCCESS
[2017-08-27 17:17:28][info] k:sign=>067DCAC2F30D00117339EA719FFA3DD5
[2017-08-27 17:17:28][info] k:time_end=>20170827171728
[2017-08-27 17:17:28][info] k:total_fee=>179000
[2017-08-27 17:17:28][info] k:trade_type=>NATIVE
[2017-08-27 17:17:28][info] k:transaction_id=>4002442001201708278562826677
[2017-08-27 17:17:28][info] ----------------------------------------
[2017-08-27 17:17:28][info] XML_DATA222:{"appid":"wxefc029d4373dcac0","bank_type":"CFT","cash_fee":"1790.00","fee_type":"CNY","is_subscribe":"N","mch_id":"1244967502","nonce_str":"nhcqw9nignlruysq2lst68mvb4fea82r","openid":"orYumuDIkz_qkKRs1fDgv_LfXP8w","out_trade_no":"LX-17082613533777606-7","result_code":"SUCCESS","return_code":"SUCCESS","sign":"067DCAC2F30D00117339EA719FFA3DD5","time_end":"20170827171728","total_fee":"1790.00","trade_type":"NATIVE","transaction_id":"4002442001201708278562826677"}
[2017-08-27 17:17:28][warn] 数据存储成功，并成功返回记录编号18722！
[2017-08-27 17:17:40][info] ----------------------------------------
[2017-08-27 17:17:40][info] XML_DATA111:[{appid=>wxefc029d4373dcac0}{bank_type=>CFT}{cash_fee=>179000}{fee_type=>CNY}{is_subscribe=>N}{mch_id=>1244967502}{nonce_str=>nhcqw9nignlruysq2lst68mvb4fea82r}{openid=>orYumuDIkz_qkKRs1fDgv_LfXP8w}{out_trade_no=>LX-17082613533777606-7}{result_code=>SUCCESS}{return_code=>SUCCESS}{sign=>067DCAC2F30D00117339EA719FFA3DD5}{time_end=>20170827171728}{total_fee=>179000}{trade_type=>NATIVE}{transaction_id=>4002442001201708278562826677}]
[2017-08-27 17:17:40][info] k:appid=>wxefc029d4373dcac0
[2017-08-27 17:17:40][info] k:bank_type=>CFT
[2017-08-27 17:17:40][info] k:cash_fee=>179000
[2017-08-27 17:17:40][info] k:fee_type=>CNY
[2017-08-27 17:17:40][info] k:is_subscribe=>N
[2017-08-27 17:17:40][info] k:mch_id=>1244967502
[2017-08-27 17:17:40][info] k:nonce_str=>nhcqw9nignlruysq2lst68mvb4fea82r
[2017-08-27 17:17:40][info] k:openid=>orYumuDIkz_qkKRs1fDgv_LfXP8w
[2017-08-27 17:17:40][info] k:out_trade_no=>LX-17082613533777606-7
[2017-08-27 17:17:40][info] k:result_code=>SUCCESS
[2017-08-27 17:17:40][info] k:return_code=>SUCCESS
[2017-08-27 17:17:40][info] k:sign=>067DCAC2F30D00117339EA719FFA3DD5
[2017-08-27 17:17:40][info] k:time_end=>20170827171728
[2017-08-27 17:17:40][info] k:total_fee=>179000
[2017-08-27 17:17:40][info] k:trade_type=>NATIVE
[2017-08-27 17:17:40][info] k:transaction_id=>4002442001201708278562826677
[2017-08-27 17:17:40][info] ----------------------------------------
[2017-08-27 17:17:40][info] XML_DATA222:{"appid":"wxefc029d4373dcac0","bank_type":"CFT","cash_fee":"1790.00","fee_type":"CNY","is_subscribe":"N","mch_id":"1244967502","nonce_str":"nhcqw9nignlruysq2lst68mvb4fea82r","openid":"orYumuDIkz_qkKRs1fDgv_LfXP8w","out_trade_no":"LX-17082613533777606-7","result_code":"SUCCESS","return_code":"SUCCESS","sign":"067DCAC2F30D00117339EA719FFA3DD5","time_end":"20170827171728","total_fee":"1790.00","trade_type":"NATIVE","transaction_id":"4002442001201708278562826677"}
[2017-08-27 17:17:40][info] 收到重复信息，并处理反馈成功！
[2017-08-27 17:17:40][info] success
[2017-08-27 17:17:40][info] 写入结束!!!
[2017-08-27 18:01:16][info] ----------------------------------------
[2017-08-27 18:01:16][info] XML_DATA111:[{appid=>wxefc029d4373dcac0}{bank_type=>CFT}{cash_fee=>589000}{fee_type=>CNY}{is_subscribe=>N}{mch_id=>1244967502}{nonce_str=>xu120ppl4s16dz7wcdcfjd38zvmhocih}{openid=>orYumuCTaTR3DUKmXv2HtynVcRNU}{out_trade_no=>LX-17082620525070601-5}{result_code=>SUCCESS}{return_code=>SUCCESS}{sign=>D630CEE8386B8DEB766A42D4AA78C454}{time_end=>20170827180116}{total_fee=>589000}{trade_type=>NATIVE}{transaction_id=>4008332001201708278572685294}]
[2017-08-27 18:01:16][info] k:appid=>wxefc029d4373dcac0
[2017-08-27 18:01:16][info] k:bank_type=>CFT
[2017-08-27 18:01:16][info] k:cash_fee=>589000
[2017-08-27 18:01:16][info] k:fee_type=>CNY
[2017-08-27 18:01:16][info] k:is_subscribe=>N
[2017-08-27 18:01:16][info] k:mch_id=>1244967502
[2017-08-27 18:01:16][info] k:nonce_str=>xu120ppl4s16dz7wcdcfjd38zvmhocih
[2017-08-27 18:01:16][info] k:openid=>orYumuCTaTR3DUKmXv2HtynVcRNU
[2017-08-27 18:01:16][info] k:out_trade_no=>LX-17082620525070601-5
[2017-08-27 18:01:16][info] k:result_code=>SUCCESS
[2017-08-27 18:01:16][info] k:return_code=>SUCCESS
[2017-08-27 18:01:16][info] k:sign=>D630CEE8386B8DEB766A42D4AA78C454
[2017-08-27 18:01:16][info] k:time_end=>20170827180116
[2017-08-27 18:01:16][info] k:total_fee=>589000
[2017-08-27 18:01:16][info] k:trade_type=>NATIVE
[2017-08-27 18:01:16][info] k:transaction_id=>4008332001201708278572685294
[2017-08-27 18:01:16][info] ----------------------------------------
[2017-08-27 18:01:16][info] XML_DATA222:{"appid":"wxefc029d4373dcac0","bank_type":"CFT","cash_fee":"5890.00","fee_type":"CNY","is_subscribe":"N","mch_id":"1244967502","nonce_str":"xu120ppl4s16dz7wcdcfjd38zvmhocih","openid":"orYumuCTaTR3DUKmXv2HtynVcRNU","out_trade_no":"LX-17082620525070601-5","result_code":"SUCCESS","return_code":"SUCCESS","sign":"D630CEE8386B8DEB766A42D4AA78C454","time_end":"20170827180116","total_fee":"5890.00","trade_type":"NATIVE","transaction_id":"4008332001201708278572685294"}
[2017-08-27 18:01:17][warn] 数据存储成功，并成功返回记录编号18723！
[2017-08-27 18:01:31][info] ----------------------------------------
[2017-08-27 18:01:31][info] XML_DATA111:[{appid=>wxefc029d4373dcac0}{bank_type=>CFT}{cash_fee=>589000}{fee_type=>CNY}{is_subscribe=>N}{mch_id=>1244967502}{nonce_str=>xu120ppl4s16dz7wcdcfjd38zvmhocih}{openid=>orYumuCTaTR3DUKmXv2HtynVcRNU}{out_trade_no=>LX-17082620525070601-5}{result_code=>SUCCESS}{return_code=>SUCCESS}{sign=>D630CEE8386B8DEB766A42D4AA78C454}{time_end=>20170827180116}{total_fee=>589000}{trade_type=>NATIVE}{transaction_id=>4008332001201708278572685294}]
[2017-08-27 18:01:31][info] k:appid=>wxefc029d4373dcac0
[2017-08-27 18:01:31][info] k:bank_type=>CFT
[2017-08-27 18:01:31][info] k:cash_fee=>589000
[2017-08-27 18:01:31][info] k:fee_type=>CNY
[2017-08-27 18:01:31][info] k:is_subscribe=>N
[2017-08-27 18:01:31][info] k:mch_id=>1244967502
[2017-08-27 18:01:31][info] k:nonce_str=>xu120ppl4s16dz7wcdcfjd38zvmhocih
[2017-08-27 18:01:31][info] k:openid=>orYumuCTaTR3DUKmXv2HtynVcRNU
[2017-08-27 18:01:31][info] k:out_trade_no=>LX-17082620525070601-5
[2017-08-27 18:01:31][info] k:result_code=>SUCCESS
[2017-08-27 18:01:31][info] k:return_code=>SUCCESS
[2017-08-27 18:01:31][info] k:sign=>D630CEE8386B8DEB766A42D4AA78C454
[2017-08-27 18:01:31][info] k:time_end=>20170827180116
[2017-08-27 18:01:31][info] k:total_fee=>589000
[2017-08-27 18:01:31][info] k:trade_type=>NATIVE
[2017-08-27 18:01:31][info] k:transaction_id=>4008332001201708278572685294
[2017-08-27 18:01:31][info] ----------------------------------------
[2017-08-27 18:01:31][info] XML_DATA222:{"appid":"wxefc029d4373dcac0","bank_type":"CFT","cash_fee":"5890.00","fee_type":"CNY","is_subscribe":"N","mch_id":"1244967502","nonce_str":"xu120ppl4s16dz7wcdcfjd38zvmhocih","openid":"orYumuCTaTR3DUKmXv2HtynVcRNU","out_trade_no":"LX-17082620525070601-5","result_code":"SUCCESS","return_code":"SUCCESS","sign":"D630CEE8386B8DEB766A42D4AA78C454","time_end":"20170827180116","total_fee":"5890.00","trade_type":"NATIVE","transaction_id":"4008332001201708278572685294"}
[2017-08-27 18:01:31][info] 收到重复信息，并处理反馈成功！
[2017-08-27 18:01:31][info] success
[2017-08-27 18:01:31][info] 写入结束!!!
