[2017-07-14 08:43:41][info] ----------------------------------------
[2017-07-14 08:43:41][info] XML_DATA111:[{appid=>wxefc029d4373dcac0}{bank_type=>CITIC_CREDIT}{cash_fee=>409000}{fee_type=>CNY}{is_subscribe=>N}{mch_id=>1244967502}{nonce_str=>tt5kqrtc80yku0u7r44k20q33kkgqeaj}{openid=>orYumuHgO-LZPmHdy5yke6UcQL6w}{out_trade_no=>LX-17071317012744001-c}{result_code=>SUCCESS}{return_code=>SUCCESS}{sign=>E0171873154E0A0D4652C96AB07B41B1}{time_end=>20170714084340}{total_fee=>409000}{trade_type=>NATIVE}{transaction_id=>4003952001201707140655688339}]
[2017-07-14 08:43:41][info] k:appid=>wxefc029d4373dcac0
[2017-07-14 08:43:41][info] k:bank_type=>CITIC_CREDIT
[2017-07-14 08:43:41][info] k:cash_fee=>409000
[2017-07-14 08:43:41][info] k:fee_type=>CNY
[2017-07-14 08:43:41][info] k:is_subscribe=>N
[2017-07-14 08:43:41][info] k:mch_id=>1244967502
[2017-07-14 08:43:41][info] k:nonce_str=>tt5kqrtc80yku0u7r44k20q33kkgqeaj
[2017-07-14 08:43:41][info] k:openid=>orYumuHgO-LZPmHdy5yke6UcQL6w
[2017-07-14 08:43:41][info] k:out_trade_no=>LX-17071317012744001-c
[2017-07-14 08:43:41][info] k:result_code=>SUCCESS
[2017-07-14 08:43:41][info] k:return_code=>SUCCESS
[2017-07-14 08:43:41][info] k:sign=>E0171873154E0A0D4652C96AB07B41B1
[2017-07-14 08:43:41][info] k:time_end=>20170714084340
[2017-07-14 08:43:41][info] k:total_fee=>409000
[2017-07-14 08:43:41][info] k:trade_type=>NATIVE
[2017-07-14 08:43:41][info] k:transaction_id=>4003952001201707140655688339
[2017-07-14 08:43:41][info] ----------------------------------------
[2017-07-14 08:43:41][info] XML_DATA222:{"appid":"wxefc029d4373dcac0","bank_type":"CITIC_CREDIT","cash_fee":"4090.00","fee_type":"CNY","is_subscribe":"N","mch_id":"1244967502","nonce_str":"tt5kqrtc80yku0u7r44k20q33kkgqeaj","openid":"orYumuHgO-LZPmHdy5yke6UcQL6w","out_trade_no":"LX-17071317012744001-c","result_code":"SUCCESS","return_code":"SUCCESS","sign":"E0171873154E0A0D4652C96AB07B41B1","time_end":"20170714084340","total_fee":"4090.00","trade_type":"NATIVE","transaction_id":"4003952001201707140655688339"}
[2017-07-14 08:43:41][warn] 数据存储成功，并成功返回记录编号18025！
[2017-07-14 08:43:53][info] ----------------------------------------
[2017-07-14 08:43:53][info] XML_DATA111:[{appid=>wxefc029d4373dcac0}{bank_type=>CITIC_CREDIT}{cash_fee=>409000}{fee_type=>CNY}{is_subscribe=>N}{mch_id=>1244967502}{nonce_str=>tt5kqrtc80yku0u7r44k20q33kkgqeaj}{openid=>orYumuHgO-LZPmHdy5yke6UcQL6w}{out_trade_no=>LX-17071317012744001-c}{result_code=>SUCCESS}{return_code=>SUCCESS}{sign=>E0171873154E0A0D4652C96AB07B41B1}{time_end=>20170714084340}{total_fee=>409000}{trade_type=>NATIVE}{transaction_id=>4003952001201707140655688339}]
[2017-07-14 08:43:53][info] k:appid=>wxefc029d4373dcac0
[2017-07-14 08:43:53][info] k:bank_type=>CITIC_CREDIT
[2017-07-14 08:43:53][info] k:cash_fee=>409000
[2017-07-14 08:43:53][info] k:fee_type=>CNY
[2017-07-14 08:43:53][info] k:is_subscribe=>N
[2017-07-14 08:43:53][info] k:mch_id=>1244967502
[2017-07-14 08:43:53][info] k:nonce_str=>tt5kqrtc80yku0u7r44k20q33kkgqeaj
[2017-07-14 08:43:53][info] k:openid=>orYumuHgO-LZPmHdy5yke6UcQL6w
[2017-07-14 08:43:53][info] k:out_trade_no=>LX-17071317012744001-c
[2017-07-14 08:43:53][info] k:result_code=>SUCCESS
[2017-07-14 08:43:53][info] k:return_code=>SUCCESS
[2017-07-14 08:43:53][info] k:sign=>E0171873154E0A0D4652C96AB07B41B1
[2017-07-14 08:43:53][info] k:time_end=>20170714084340
[2017-07-14 08:43:53][info] k:total_fee=>409000
[2017-07-14 08:43:53][info] k:trade_type=>NATIVE
[2017-07-14 08:43:53][info] k:transaction_id=>4003952001201707140655688339
[2017-07-14 08:43:53][info] ----------------------------------------
[2017-07-14 08:43:53][info] XML_DATA222:{"appid":"wxefc029d4373dcac0","bank_type":"CITIC_CREDIT","cash_fee":"4090.00","fee_type":"CNY","is_subscribe":"N","mch_id":"1244967502","nonce_str":"tt5kqrtc80yku0u7r44k20q33kkgqeaj","openid":"orYumuHgO-LZPmHdy5yke6UcQL6w","out_trade_no":"LX-17071317012744001-c","result_code":"SUCCESS","return_code":"SUCCESS","sign":"E0171873154E0A0D4652C96AB07B41B1","time_end":"20170714084340","total_fee":"4090.00","trade_type":"NATIVE","transaction_id":"4003952001201707140655688339"}
[2017-07-14 08:43:53][info] 收到重复信息，并处理反馈成功！
[2017-07-14 08:43:53][info] success
[2017-07-14 08:43:53][info] 写入结束!!!
[2017-07-14 10:05:27][info] ----------------------------------------
[2017-07-14 10:05:27][info] XML_DATA111:[{appid=>wxefc029d4373dcac0}{bank_type=>CFT}{cash_fee=>864000}{fee_type=>CNY}{is_subscribe=>N}{mch_id=>1244967502}{nonce_str=>8kxuwnq04ivatinvam31pebaziic7r9o}{openid=>orYumuIj_UKf9RqBjyXT1jjibbd8}{out_trade_no=>LX-17071409350514006-8}{result_code=>SUCCESS}{return_code=>SUCCESS}{sign=>2C01AD77FE73476328D78F8F97504E39}{time_end=>20170714100527}{total_fee=>864000}{trade_type=>NATIVE}{transaction_id=>4000962001201707140669891602}]
[2017-07-14 10:05:27][info] k:appid=>wxefc029d4373dcac0
[2017-07-14 10:05:27][info] k:bank_type=>CFT
[2017-07-14 10:05:27][info] k:cash_fee=>864000
[2017-07-14 10:05:27][info] k:fee_type=>CNY
[2017-07-14 10:05:27][info] k:is_subscribe=>N
[2017-07-14 10:05:27][info] k:mch_id=>1244967502
[2017-07-14 10:05:27][info] k:nonce_str=>8kxuwnq04ivatinvam31pebaziic7r9o
[2017-07-14 10:05:27][info] k:openid=>orYumuIj_UKf9RqBjyXT1jjibbd8
[2017-07-14 10:05:27][info] k:out_trade_no=>LX-17071409350514006-8
[2017-07-14 10:05:27][info] k:result_code=>SUCCESS
[2017-07-14 10:05:27][info] k:return_code=>SUCCESS
[2017-07-14 10:05:27][info] k:sign=>2C01AD77FE73476328D78F8F97504E39
[2017-07-14 10:05:27][info] k:time_end=>20170714100527
[2017-07-14 10:05:27][info] k:total_fee=>864000
[2017-07-14 10:05:27][info] k:trade_type=>NATIVE
[2017-07-14 10:05:27][info] k:transaction_id=>4000962001201707140669891602
[2017-07-14 10:05:27][info] ----------------------------------------
[2017-07-14 10:05:27][info] XML_DATA222:{"appid":"wxefc029d4373dcac0","bank_type":"CFT","cash_fee":"8640.00","fee_type":"CNY","is_subscribe":"N","mch_id":"1244967502","nonce_str":"8kxuwnq04ivatinvam31pebaziic7r9o","openid":"orYumuIj_UKf9RqBjyXT1jjibbd8","out_trade_no":"LX-17071409350514006-8","result_code":"SUCCESS","return_code":"SUCCESS","sign":"2C01AD77FE73476328D78F8F97504E39","time_end":"20170714100527","total_fee":"8640.00","trade_type":"NATIVE","transaction_id":"4000962001201707140669891602"}
[2017-07-14 10:05:27][warn] 数据存储成功，并成功返回记录编号18026！
[2017-07-14 10:05:39][info] ----------------------------------------
[2017-07-14 10:05:39][info] XML_DATA111:[{appid=>wxefc029d4373dcac0}{bank_type=>CFT}{cash_fee=>864000}{fee_type=>CNY}{is_subscribe=>N}{mch_id=>1244967502}{nonce_str=>8kxuwnq04ivatinvam31pebaziic7r9o}{openid=>orYumuIj_UKf9RqBjyXT1jjibbd8}{out_trade_no=>LX-17071409350514006-8}{result_code=>SUCCESS}{return_code=>SUCCESS}{sign=>2C01AD77FE73476328D78F8F97504E39}{time_end=>20170714100527}{total_fee=>864000}{trade_type=>NATIVE}{transaction_id=>4000962001201707140669891602}]
[2017-07-14 10:05:39][info] k:appid=>wxefc029d4373dcac0
[2017-07-14 10:05:39][info] k:bank_type=>CFT
[2017-07-14 10:05:39][info] k:cash_fee=>864000
[2017-07-14 10:05:39][info] k:fee_type=>CNY
[2017-07-14 10:05:39][info] k:is_subscribe=>N
[2017-07-14 10:05:39][info] k:mch_id=>1244967502
[2017-07-14 10:05:39][info] k:nonce_str=>8kxuwnq04ivatinvam31pebaziic7r9o
[2017-07-14 10:05:39][info] k:openid=>orYumuIj_UKf9RqBjyXT1jjibbd8
[2017-07-14 10:05:39][info] k:out_trade_no=>LX-17071409350514006-8
[2017-07-14 10:05:39][info] k:result_code=>SUCCESS
[2017-07-14 10:05:39][info] k:return_code=>SUCCESS
[2017-07-14 10:05:39][info] k:sign=>2C01AD77FE73476328D78F8F97504E39
[2017-07-14 10:05:39][info] k:time_end=>20170714100527
[2017-07-14 10:05:39][info] k:total_fee=>864000
[2017-07-14 10:05:39][info] k:trade_type=>NATIVE
[2017-07-14 10:05:39][info] k:transaction_id=>4000962001201707140669891602
[2017-07-14 10:05:39][info] ----------------------------------------
[2017-07-14 10:05:39][info] XML_DATA222:{"appid":"wxefc029d4373dcac0","bank_type":"CFT","cash_fee":"8640.00","fee_type":"CNY","is_subscribe":"N","mch_id":"1244967502","nonce_str":"8kxuwnq04ivatinvam31pebaziic7r9o","openid":"orYumuIj_UKf9RqBjyXT1jjibbd8","out_trade_no":"LX-17071409350514006-8","result_code":"SUCCESS","return_code":"SUCCESS","sign":"2C01AD77FE73476328D78F8F97504E39","time_end":"20170714100527","total_fee":"8640.00","trade_type":"NATIVE","transaction_id":"4000962001201707140669891602"}
[2017-07-14 10:05:39][info] 收到重复信息，并处理反馈成功！
[2017-07-14 10:05:39][info] success
[2017-07-14 10:05:39][info] 写入结束!!!
[2017-07-14 11:14:09][info] ----------------------------------------
[2017-07-14 11:14:09][info] XML_DATA111:[{appid=>wxefc029d4373dcac0}{bank_type=>CFT}{cash_fee=>816000}{fee_type=>CNY}{is_subscribe=>N}{mch_id=>1244967502}{nonce_str=>yv7nj7if23hc2kdnhm6kk36j0okg6bjy}{openid=>orYumuBKF0gJIB5jRCGBgDjjilXI}{out_trade_no=>LX-1707120906012901-8}{result_code=>SUCCESS}{return_code=>SUCCESS}{sign=>A3D7D9F987820A93CC6804C046FAAEC5}{time_end=>20170714111409}{total_fee=>816000}{trade_type=>NATIVE}{transaction_id=>4000422001201707140686783652}]
[2017-07-14 11:14:09][info] k:appid=>wxefc029d4373dcac0
[2017-07-14 11:14:09][info] k:bank_type=>CFT
[2017-07-14 11:14:09][info] k:cash_fee=>816000
[2017-07-14 11:14:09][info] k:fee_type=>CNY
[2017-07-14 11:14:09][info] k:is_subscribe=>N
[2017-07-14 11:14:09][info] k:mch_id=>1244967502
[2017-07-14 11:14:09][info] k:nonce_str=>yv7nj7if23hc2kdnhm6kk36j0okg6bjy
[2017-07-14 11:14:09][info] k:openid=>orYumuBKF0gJIB5jRCGBgDjjilXI
[2017-07-14 11:14:09][info] k:out_trade_no=>LX-1707120906012901-8
[2017-07-14 11:14:09][info] k:result_code=>SUCCESS
[2017-07-14 11:14:09][info] k:return_code=>SUCCESS
[2017-07-14 11:14:09][info] k:sign=>A3D7D9F987820A93CC6804C046FAAEC5
[2017-07-14 11:14:09][info] k:time_end=>20170714111409
[2017-07-14 11:14:09][info] k:total_fee=>816000
[2017-07-14 11:14:09][info] k:trade_type=>NATIVE
[2017-07-14 11:14:09][info] k:transaction_id=>4000422001201707140686783652
[2017-07-14 11:14:09][info] ----------------------------------------
[2017-07-14 11:14:09][info] XML_DATA222:{"appid":"wxefc029d4373dcac0","bank_type":"CFT","cash_fee":"8160.00","fee_type":"CNY","is_subscribe":"N","mch_id":"1244967502","nonce_str":"yv7nj7if23hc2kdnhm6kk36j0okg6bjy","openid":"orYumuBKF0gJIB5jRCGBgDjjilXI","out_trade_no":"LX-1707120906012901-8","result_code":"SUCCESS","return_code":"SUCCESS","sign":"A3D7D9F987820A93CC6804C046FAAEC5","time_end":"20170714111409","total_fee":"8160.00","trade_type":"NATIVE","transaction_id":"4000422001201707140686783652"}
[2017-07-14 11:14:09][warn] 数据存储成功，并成功返回记录编号18030！
[2017-07-14 11:14:24][info] ----------------------------------------
[2017-07-14 11:14:24][info] XML_DATA111:[{appid=>wxefc029d4373dcac0}{bank_type=>CFT}{cash_fee=>816000}{fee_type=>CNY}{is_subscribe=>N}{mch_id=>1244967502}{nonce_str=>yv7nj7if23hc2kdnhm6kk36j0okg6bjy}{openid=>orYumuBKF0gJIB5jRCGBgDjjilXI}{out_trade_no=>LX-1707120906012901-8}{result_code=>SUCCESS}{return_code=>SUCCESS}{sign=>A3D7D9F987820A93CC6804C046FAAEC5}{time_end=>20170714111409}{total_fee=>816000}{trade_type=>NATIVE}{transaction_id=>4000422001201707140686783652}]
[2017-07-14 11:14:24][info] k:appid=>wxefc029d4373dcac0
[2017-07-14 11:14:24][info] k:bank_type=>CFT
[2017-07-14 11:14:24][info] k:cash_fee=>816000
[2017-07-14 11:14:24][info] k:fee_type=>CNY
[2017-07-14 11:14:24][info] k:is_subscribe=>N
[2017-07-14 11:14:24][info] k:mch_id=>1244967502
[2017-07-14 11:14:24][info] k:nonce_str=>yv7nj7if23hc2kdnhm6kk36j0okg6bjy
[2017-07-14 11:14:24][info] k:openid=>orYumuBKF0gJIB5jRCGBgDjjilXI
[2017-07-14 11:14:24][info] k:out_trade_no=>LX-1707120906012901-8
[2017-07-14 11:14:24][info] k:result_code=>SUCCESS
[2017-07-14 11:14:24][info] k:return_code=>SUCCESS
[2017-07-14 11:14:24][info] k:sign=>A3D7D9F987820A93CC6804C046FAAEC5
[2017-07-14 11:14:24][info] k:time_end=>20170714111409
[2017-07-14 11:14:24][info] k:total_fee=>816000
[2017-07-14 11:14:24][info] k:trade_type=>NATIVE
[2017-07-14 11:14:24][info] k:transaction_id=>4000422001201707140686783652
[2017-07-14 11:14:24][info] ----------------------------------------
[2017-07-14 11:14:24][info] XML_DATA222:{"appid":"wxefc029d4373dcac0","bank_type":"CFT","cash_fee":"8160.00","fee_type":"CNY","is_subscribe":"N","mch_id":"1244967502","nonce_str":"yv7nj7if23hc2kdnhm6kk36j0okg6bjy","openid":"orYumuBKF0gJIB5jRCGBgDjjilXI","out_trade_no":"LX-1707120906012901-8","result_code":"SUCCESS","return_code":"SUCCESS","sign":"A3D7D9F987820A93CC6804C046FAAEC5","time_end":"20170714111409","total_fee":"8160.00","trade_type":"NATIVE","transaction_id":"4000422001201707140686783652"}
[2017-07-14 11:14:24][info] 收到重复信息，并处理反馈成功！
[2017-07-14 11:14:24][info] success
[2017-07-14 11:14:24][info] 写入结束!!!
[2017-07-14 14:25:34][info] ----------------------------------------
[2017-07-14 14:25:34][info] XML_DATA111:[{appid=>wxefc029d4373dcac0}{bank_type=>CEB_CREDIT}{cash_fee=>328000}{fee_type=>CNY}{is_subscribe=>N}{mch_id=>1244967502}{nonce_str=>4ykf7fk1hgq7eiur0or440dycnnfioyg}{openid=>orYumuHsSXYYg982NeSdYCL_9DE4}{out_trade_no=>LX-17071014172739906-7}{result_code=>SUCCESS}{return_code=>SUCCESS}{sign=>DA5F5874B431DBDB19DF9956FF084491}{time_end=>20170714142532}{total_fee=>328000}{trade_type=>NATIVE}{transaction_id=>4006992001201707140722160960}]
[2017-07-14 14:25:34][info] k:appid=>wxefc029d4373dcac0
[2017-07-14 14:25:34][info] k:bank_type=>CEB_CREDIT
[2017-07-14 14:25:34][info] k:cash_fee=>328000
[2017-07-14 14:25:34][info] k:fee_type=>CNY
[2017-07-14 14:25:34][info] k:is_subscribe=>N
[2017-07-14 14:25:34][info] k:mch_id=>1244967502
[2017-07-14 14:25:34][info] k:nonce_str=>4ykf7fk1hgq7eiur0or440dycnnfioyg
[2017-07-14 14:25:34][info] k:openid=>orYumuHsSXYYg982NeSdYCL_9DE4
[2017-07-14 14:25:34][info] k:out_trade_no=>LX-17071014172739906-7
[2017-07-14 14:25:34][info] k:result_code=>SUCCESS
[2017-07-14 14:25:34][info] k:return_code=>SUCCESS
[2017-07-14 14:25:34][info] k:sign=>DA5F5874B431DBDB19DF9956FF084491
[2017-07-14 14:25:34][info] k:time_end=>20170714142532
[2017-07-14 14:25:34][info] k:total_fee=>328000
[2017-07-14 14:25:34][info] k:trade_type=>NATIVE
[2017-07-14 14:25:34][info] k:transaction_id=>4006992001201707140722160960
[2017-07-14 14:25:34][info] ----------------------------------------
[2017-07-14 14:25:34][info] XML_DATA222:{"appid":"wxefc029d4373dcac0","bank_type":"CEB_CREDIT","cash_fee":"3280.00","fee_type":"CNY","is_subscribe":"N","mch_id":"1244967502","nonce_str":"4ykf7fk1hgq7eiur0or440dycnnfioyg","openid":"orYumuHsSXYYg982NeSdYCL_9DE4","out_trade_no":"LX-17071014172739906-7","result_code":"SUCCESS","return_code":"SUCCESS","sign":"DA5F5874B431DBDB19DF9956FF084491","time_end":"20170714142532","total_fee":"3280.00","trade_type":"NATIVE","transaction_id":"4006992001201707140722160960"}
[2017-07-14 14:25:34][warn] 数据存储成功，并成功返回记录编号18037！
[2017-07-14 14:25:48][info] ----------------------------------------
[2017-07-14 14:25:48][info] XML_DATA111:[{appid=>wxefc029d4373dcac0}{bank_type=>CEB_CREDIT}{cash_fee=>328000}{fee_type=>CNY}{is_subscribe=>N}{mch_id=>1244967502}{nonce_str=>4ykf7fk1hgq7eiur0or440dycnnfioyg}{openid=>orYumuHsSXYYg982NeSdYCL_9DE4}{out_trade_no=>LX-17071014172739906-7}{result_code=>SUCCESS}{return_code=>SUCCESS}{sign=>DA5F5874B431DBDB19DF9956FF084491}{time_end=>20170714142532}{total_fee=>328000}{trade_type=>NATIVE}{transaction_id=>4006992001201707140722160960}]
[2017-07-14 14:25:48][info] k:appid=>wxefc029d4373dcac0
[2017-07-14 14:25:48][info] k:bank_type=>CEB_CREDIT
[2017-07-14 14:25:48][info] k:cash_fee=>328000
[2017-07-14 14:25:48][info] k:fee_type=>CNY
[2017-07-14 14:25:48][info] k:is_subscribe=>N
[2017-07-14 14:25:48][info] k:mch_id=>1244967502
[2017-07-14 14:25:48][info] k:nonce_str=>4ykf7fk1hgq7eiur0or440dycnnfioyg
[2017-07-14 14:25:48][info] k:openid=>orYumuHsSXYYg982NeSdYCL_9DE4
[2017-07-14 14:25:48][info] k:out_trade_no=>LX-17071014172739906-7
[2017-07-14 14:25:48][info] k:result_code=>SUCCESS
[2017-07-14 14:25:48][info] k:return_code=>SUCCESS
[2017-07-14 14:25:48][info] k:sign=>DA5F5874B431DBDB19DF9956FF084491
[2017-07-14 14:25:48][info] k:time_end=>20170714142532
[2017-07-14 14:25:48][info] k:total_fee=>328000
[2017-07-14 14:25:48][info] k:trade_type=>NATIVE
[2017-07-14 14:25:48][info] k:transaction_id=>4006992001201707140722160960
[2017-07-14 14:25:48][info] ----------------------------------------
[2017-07-14 14:25:48][info] XML_DATA222:{"appid":"wxefc029d4373dcac0","bank_type":"CEB_CREDIT","cash_fee":"3280.00","fee_type":"CNY","is_subscribe":"N","mch_id":"1244967502","nonce_str":"4ykf7fk1hgq7eiur0or440dycnnfioyg","openid":"orYumuHsSXYYg982NeSdYCL_9DE4","out_trade_no":"LX-17071014172739906-7","result_code":"SUCCESS","return_code":"SUCCESS","sign":"DA5F5874B431DBDB19DF9956FF084491","time_end":"20170714142532","total_fee":"3280.00","trade_type":"NATIVE","transaction_id":"4006992001201707140722160960"}
[2017-07-14 14:25:48][info] 收到重复信息，并处理反馈成功！
[2017-07-14 14:25:48][info] success
[2017-07-14 14:25:48][info] 写入结束!!!
[2017-07-14 17:13:55][info] ----------------------------------------
[2017-07-14 17:13:55][info] XML_DATA111:[{appid=>wxefc029d4373dcac0}{bank_type=>CMB_DEBIT}{cash_fee=>672000}{fee_type=>CNY}{is_subscribe=>N}{mch_id=>1244967502}{nonce_str=>140lzzf5doafsw0wya3i9d2a3z6nkkhj}{openid=>orYumuBVCAxto0SuCHKAYOGP_1Ec}{out_trade_no=>LX-17060322532819106-4}{result_code=>SUCCESS}{return_code=>SUCCESS}{sign=>81F671D6C7F4133EEADF3D3484AC011A}{time_end=>20170714171354}{total_fee=>672000}{trade_type=>NATIVE}{transaction_id=>4004242001201707140754458509}]
[2017-07-14 17:13:55][info] k:appid=>wxefc029d4373dcac0
[2017-07-14 17:13:55][info] k:bank_type=>CMB_DEBIT
[2017-07-14 17:13:55][info] k:cash_fee=>672000
[2017-07-14 17:13:55][info] k:fee_type=>CNY
[2017-07-14 17:13:55][info] k:is_subscribe=>N
[2017-07-14 17:13:55][info] k:mch_id=>1244967502
[2017-07-14 17:13:55][info] k:nonce_str=>140lzzf5doafsw0wya3i9d2a3z6nkkhj
[2017-07-14 17:13:55][info] k:openid=>orYumuBVCAxto0SuCHKAYOGP_1Ec
[2017-07-14 17:13:55][info] k:out_trade_no=>LX-17060322532819106-4
[2017-07-14 17:13:55][info] k:result_code=>SUCCESS
[2017-07-14 17:13:55][info] k:return_code=>SUCCESS
[2017-07-14 17:13:55][info] k:sign=>81F671D6C7F4133EEADF3D3484AC011A
[2017-07-14 17:13:55][info] k:time_end=>20170714171354
[2017-07-14 17:13:55][info] k:total_fee=>672000
[2017-07-14 17:13:55][info] k:trade_type=>NATIVE
[2017-07-14 17:13:55][info] k:transaction_id=>4004242001201707140754458509
[2017-07-14 17:13:55][info] ----------------------------------------
[2017-07-14 17:13:55][info] XML_DATA222:{"appid":"wxefc029d4373dcac0","bank_type":"CMB_DEBIT","cash_fee":"6720.00","fee_type":"CNY","is_subscribe":"N","mch_id":"1244967502","nonce_str":"140lzzf5doafsw0wya3i9d2a3z6nkkhj","openid":"orYumuBVCAxto0SuCHKAYOGP_1Ec","out_trade_no":"LX-17060322532819106-4","result_code":"SUCCESS","return_code":"SUCCESS","sign":"81F671D6C7F4133EEADF3D3484AC011A","time_end":"20170714171354","total_fee":"6720.00","trade_type":"NATIVE","transaction_id":"4004242001201707140754458509"}
[2017-07-14 17:13:55][warn] 数据存储成功，并成功返回记录编号18040！
[2017-07-14 17:14:06][info] ----------------------------------------
[2017-07-14 17:14:06][info] XML_DATA111:[{appid=>wxefc029d4373dcac0}{bank_type=>CMB_DEBIT}{cash_fee=>672000}{fee_type=>CNY}{is_subscribe=>N}{mch_id=>1244967502}{nonce_str=>140lzzf5doafsw0wya3i9d2a3z6nkkhj}{openid=>orYumuBVCAxto0SuCHKAYOGP_1Ec}{out_trade_no=>LX-17060322532819106-4}{result_code=>SUCCESS}{return_code=>SUCCESS}{sign=>81F671D6C7F4133EEADF3D3484AC011A}{time_end=>20170714171354}{total_fee=>672000}{trade_type=>NATIVE}{transaction_id=>4004242001201707140754458509}]
[2017-07-14 17:14:06][info] k:appid=>wxefc029d4373dcac0
[2017-07-14 17:14:06][info] k:bank_type=>CMB_DEBIT
[2017-07-14 17:14:06][info] k:cash_fee=>672000
[2017-07-14 17:14:06][info] k:fee_type=>CNY
[2017-07-14 17:14:06][info] k:is_subscribe=>N
[2017-07-14 17:14:06][info] k:mch_id=>1244967502
[2017-07-14 17:14:06][info] k:nonce_str=>140lzzf5doafsw0wya3i9d2a3z6nkkhj
[2017-07-14 17:14:06][info] k:openid=>orYumuBVCAxto0SuCHKAYOGP_1Ec
[2017-07-14 17:14:06][info] k:out_trade_no=>LX-17060322532819106-4
[2017-07-14 17:14:06][info] k:result_code=>SUCCESS
[2017-07-14 17:14:06][info] k:return_code=>SUCCESS
[2017-07-14 17:14:06][info] k:sign=>81F671D6C7F4133EEADF3D3484AC011A
[2017-07-14 17:14:06][info] k:time_end=>20170714171354
[2017-07-14 17:14:06][info] k:total_fee=>672000
[2017-07-14 17:14:06][info] k:trade_type=>NATIVE
[2017-07-14 17:14:06][info] k:transaction_id=>4004242001201707140754458509
[2017-07-14 17:14:06][info] ----------------------------------------
[2017-07-14 17:14:06][info] XML_DATA222:{"appid":"wxefc029d4373dcac0","bank_type":"CMB_DEBIT","cash_fee":"6720.00","fee_type":"CNY","is_subscribe":"N","mch_id":"1244967502","nonce_str":"140lzzf5doafsw0wya3i9d2a3z6nkkhj","openid":"orYumuBVCAxto0SuCHKAYOGP_1Ec","out_trade_no":"LX-17060322532819106-4","result_code":"SUCCESS","return_code":"SUCCESS","sign":"81F671D6C7F4133EEADF3D3484AC011A","time_end":"20170714171354","total_fee":"6720.00","trade_type":"NATIVE","transaction_id":"4004242001201707140754458509"}
[2017-07-14 17:14:06][info] 收到重复信息，并处理反馈成功！
[2017-07-14 17:14:06][info] success
[2017-07-14 17:14:06][info] 写入结束!!!
[2017-07-14 21:36:07][info] ----------------------------------------
[2017-07-14 21:36:07][info] XML_DATA111:[{appid=>wxefc029d4373dcac0}{bank_type=>ABC_DEBIT}{cash_fee=>816000}{fee_type=>CNY}{is_subscribe=>N}{mch_id=>1244967502}{nonce_str=>v7r7tefsbrc7a422u0s7ff97y7e2aufs}{openid=>orYumuG6L4V2RweGdjMUw4Kjm6aU}{out_trade_no=>LX-17071420440784106-b}{result_code=>SUCCESS}{return_code=>SUCCESS}{sign=>A4F3FBE194EA1219CF8386D3411DC93E}{time_end=>20170714213606}{total_fee=>816000}{trade_type=>NATIVE}{transaction_id=>4003462001201707140794230639}]
[2017-07-14 21:36:07][info] k:appid=>wxefc029d4373dcac0
[2017-07-14 21:36:07][info] k:bank_type=>ABC_DEBIT
[2017-07-14 21:36:07][info] k:cash_fee=>816000
[2017-07-14 21:36:07][info] k:fee_type=>CNY
[2017-07-14 21:36:07][info] k:is_subscribe=>N
[2017-07-14 21:36:07][info] k:mch_id=>1244967502
[2017-07-14 21:36:07][info] k:nonce_str=>v7r7tefsbrc7a422u0s7ff97y7e2aufs
[2017-07-14 21:36:07][info] k:openid=>orYumuG6L4V2RweGdjMUw4Kjm6aU
[2017-07-14 21:36:07][info] k:out_trade_no=>LX-17071420440784106-b
[2017-07-14 21:36:07][info] k:result_code=>SUCCESS
[2017-07-14 21:36:07][info] k:return_code=>SUCCESS
[2017-07-14 21:36:07][info] k:sign=>A4F3FBE194EA1219CF8386D3411DC93E
[2017-07-14 21:36:07][info] k:time_end=>20170714213606
[2017-07-14 21:36:07][info] k:total_fee=>816000
[2017-07-14 21:36:07][info] k:trade_type=>NATIVE
[2017-07-14 21:36:07][info] k:transaction_id=>4003462001201707140794230639
[2017-07-14 21:36:07][info] ----------------------------------------
[2017-07-14 21:36:07][info] XML_DATA222:{"appid":"wxefc029d4373dcac0","bank_type":"ABC_DEBIT","cash_fee":"8160.00","fee_type":"CNY","is_subscribe":"N","mch_id":"1244967502","nonce_str":"v7r7tefsbrc7a422u0s7ff97y7e2aufs","openid":"orYumuG6L4V2RweGdjMUw4Kjm6aU","out_trade_no":"LX-17071420440784106-b","result_code":"SUCCESS","return_code":"SUCCESS","sign":"A4F3FBE194EA1219CF8386D3411DC93E","time_end":"20170714213606","total_fee":"8160.00","trade_type":"NATIVE","transaction_id":"4003462001201707140794230639"}
[2017-07-14 21:36:07][warn] 数据存储成功，并成功返回记录编号18044！
[2017-07-14 21:36:29][info] ----------------------------------------
[2017-07-14 21:36:29][info] XML_DATA111:[{appid=>wxefc029d4373dcac0}{bank_type=>ABC_DEBIT}{cash_fee=>816000}{fee_type=>CNY}{is_subscribe=>N}{mch_id=>1244967502}{nonce_str=>v7r7tefsbrc7a422u0s7ff97y7e2aufs}{openid=>orYumuG6L4V2RweGdjMUw4Kjm6aU}{out_trade_no=>LX-17071420440784106-b}{result_code=>SUCCESS}{return_code=>SUCCESS}{sign=>A4F3FBE194EA1219CF8386D3411DC93E}{time_end=>20170714213606}{total_fee=>816000}{trade_type=>NATIVE}{transaction_id=>4003462001201707140794230639}]
[2017-07-14 21:36:29][info] k:appid=>wxefc029d4373dcac0
[2017-07-14 21:36:29][info] k:bank_type=>ABC_DEBIT
[2017-07-14 21:36:29][info] k:cash_fee=>816000
[2017-07-14 21:36:29][info] k:fee_type=>CNY
[2017-07-14 21:36:29][info] k:is_subscribe=>N
[2017-07-14 21:36:29][info] k:mch_id=>1244967502
[2017-07-14 21:36:29][info] k:nonce_str=>v7r7tefsbrc7a422u0s7ff97y7e2aufs
[2017-07-14 21:36:29][info] k:openid=>orYumuG6L4V2RweGdjMUw4Kjm6aU
[2017-07-14 21:36:29][info] k:out_trade_no=>LX-17071420440784106-b
[2017-07-14 21:36:29][info] k:result_code=>SUCCESS
[2017-07-14 21:36:29][info] k:return_code=>SUCCESS
[2017-07-14 21:36:29][info] k:sign=>A4F3FBE194EA1219CF8386D3411DC93E
[2017-07-14 21:36:29][info] k:time_end=>20170714213606
[2017-07-14 21:36:29][info] k:total_fee=>816000
[2017-07-14 21:36:29][info] k:trade_type=>NATIVE
[2017-07-14 21:36:29][info] k:transaction_id=>4003462001201707140794230639
[2017-07-14 21:36:29][info] ----------------------------------------
[2017-07-14 21:36:29][info] XML_DATA222:{"appid":"wxefc029d4373dcac0","bank_type":"ABC_DEBIT","cash_fee":"8160.00","fee_type":"CNY","is_subscribe":"N","mch_id":"1244967502","nonce_str":"v7r7tefsbrc7a422u0s7ff97y7e2aufs","openid":"orYumuG6L4V2RweGdjMUw4Kjm6aU","out_trade_no":"LX-17071420440784106-b","result_code":"SUCCESS","return_code":"SUCCESS","sign":"A4F3FBE194EA1219CF8386D3411DC93E","time_end":"20170714213606","total_fee":"8160.00","trade_type":"NATIVE","transaction_id":"4003462001201707140794230639"}
[2017-07-14 21:36:29][info] 收到重复信息，并处理反馈成功！
[2017-07-14 21:36:29][info] success
[2017-07-14 21:36:29][info] 写入结束!!!
