[2017-10-16 15:21:29][info] ----------------------------------------
[2017-10-16 15:21:29][info] XML_DATA111:[{appid=>wxefc029d4373dcac0}{bank_type=>COMM_DEBIT}{cash_fee=>696000}{fee_type=>CNY}{is_subscribe=>N}{mch_id=>1244967502}{nonce_str=>qq3pnmt8j8fahj0u4qffx2k8tc2mqdpz}{openid=>orYumuHQeKGNFfS56a7tKKL70c5k}{out_trade_no=>LX-17101419504462301-e}{result_code=>SUCCESS}{return_code=>SUCCESS}{sign=>346059912E936727B2920B2B7EAA05B5}{time_end=>20171016152128}{total_fee=>696000}{trade_type=>NATIVE}{transaction_id=>4200000008201710168419270836}]
[2017-10-16 15:21:29][info] k:appid=>wxefc029d4373dcac0
[2017-10-16 15:21:29][info] k:bank_type=>COMM_DEBIT
[2017-10-16 15:21:29][info] k:cash_fee=>696000
[2017-10-16 15:21:29][info] k:fee_type=>CNY
[2017-10-16 15:21:29][info] k:is_subscribe=>N
[2017-10-16 15:21:29][info] k:mch_id=>1244967502
[2017-10-16 15:21:29][info] k:nonce_str=>qq3pnmt8j8fahj0u4qffx2k8tc2mqdpz
[2017-10-16 15:21:29][info] k:openid=>orYumuHQeKGNFfS56a7tKKL70c5k
[2017-10-16 15:21:29][info] k:out_trade_no=>LX-17101419504462301-e
[2017-10-16 15:21:29][info] k:result_code=>SUCCESS
[2017-10-16 15:21:29][info] k:return_code=>SUCCESS
[2017-10-16 15:21:29][info] k:sign=>346059912E936727B2920B2B7EAA05B5
[2017-10-16 15:21:29][info] k:time_end=>20171016152128
[2017-10-16 15:21:29][info] k:total_fee=>696000
[2017-10-16 15:21:29][info] k:trade_type=>NATIVE
[2017-10-16 15:21:29][info] k:transaction_id=>4200000008201710168419270836
[2017-10-16 15:21:29][info] ----------------------------------------
[2017-10-16 15:21:29][info] XML_DATA222:{"appid":"wxefc029d4373dcac0","bank_type":"COMM_DEBIT","cash_fee":"6960.00","fee_type":"CNY","is_subscribe":"N","mch_id":"1244967502","nonce_str":"qq3pnmt8j8fahj0u4qffx2k8tc2mqdpz","openid":"orYumuHQeKGNFfS56a7tKKL70c5k","out_trade_no":"LX-17101419504462301-e","result_code":"SUCCESS","return_code":"SUCCESS","sign":"346059912E936727B2920B2B7EAA05B5","time_end":"20171016152128","total_fee":"6960.00","trade_type":"NATIVE","transaction_id":"4200000008201710168419270836"}
[2017-10-16 15:21:29][warn] 数据存储成功，并成功返回记录编号19408！
[2017-10-16 15:21:45][info] ----------------------------------------
[2017-10-16 15:21:45][info] XML_DATA111:[{appid=>wxefc029d4373dcac0}{bank_type=>COMM_DEBIT}{cash_fee=>696000}{fee_type=>CNY}{is_subscribe=>N}{mch_id=>1244967502}{nonce_str=>qq3pnmt8j8fahj0u4qffx2k8tc2mqdpz}{openid=>orYumuHQeKGNFfS56a7tKKL70c5k}{out_trade_no=>LX-17101419504462301-e}{result_code=>SUCCESS}{return_code=>SUCCESS}{sign=>346059912E936727B2920B2B7EAA05B5}{time_end=>20171016152128}{total_fee=>696000}{trade_type=>NATIVE}{transaction_id=>4200000008201710168419270836}]
[2017-10-16 15:21:45][info] k:appid=>wxefc029d4373dcac0
[2017-10-16 15:21:45][info] k:bank_type=>COMM_DEBIT
[2017-10-16 15:21:45][info] k:cash_fee=>696000
[2017-10-16 15:21:45][info] k:fee_type=>CNY
[2017-10-16 15:21:45][info] k:is_subscribe=>N
[2017-10-16 15:21:45][info] k:mch_id=>1244967502
[2017-10-16 15:21:45][info] k:nonce_str=>qq3pnmt8j8fahj0u4qffx2k8tc2mqdpz
[2017-10-16 15:21:45][info] k:openid=>orYumuHQeKGNFfS56a7tKKL70c5k
[2017-10-16 15:21:45][info] k:out_trade_no=>LX-17101419504462301-e
[2017-10-16 15:21:45][info] k:result_code=>SUCCESS
[2017-10-16 15:21:45][info] k:return_code=>SUCCESS
[2017-10-16 15:21:45][info] k:sign=>346059912E936727B2920B2B7EAA05B5
[2017-10-16 15:21:45][info] k:time_end=>20171016152128
[2017-10-16 15:21:45][info] k:total_fee=>696000
[2017-10-16 15:21:45][info] k:trade_type=>NATIVE
[2017-10-16 15:21:45][info] k:transaction_id=>4200000008201710168419270836
[2017-10-16 15:21:45][info] ----------------------------------------
[2017-10-16 15:21:45][info] XML_DATA222:{"appid":"wxefc029d4373dcac0","bank_type":"COMM_DEBIT","cash_fee":"6960.00","fee_type":"CNY","is_subscribe":"N","mch_id":"1244967502","nonce_str":"qq3pnmt8j8fahj0u4qffx2k8tc2mqdpz","openid":"orYumuHQeKGNFfS56a7tKKL70c5k","out_trade_no":"LX-17101419504462301-e","result_code":"SUCCESS","return_code":"SUCCESS","sign":"346059912E936727B2920B2B7EAA05B5","time_end":"20171016152128","total_fee":"6960.00","trade_type":"NATIVE","transaction_id":"4200000008201710168419270836"}
[2017-10-16 15:21:45][info] 收到重复信息，并处理反馈成功！
[2017-10-16 15:21:45][info] success
[2017-10-16 15:21:45][info] 写入结束!!!
[2017-10-16 23:08:32][info] ----------------------------------------
[2017-10-16 23:08:32][info] XML_DATA111:[{appid=>wxefc029d4373dcac0}{bank_type=>ICBC_DEBIT}{cash_fee=>716000}{fee_type=>CNY}{is_subscribe=>N}{mch_id=>1244967502}{nonce_str=>9fs3l7ps9ja4qk3njepyo3lri56r8q1b}{openid=>orYumuJywfya0C0jO-XeWNZGfIe4}{out_trade_no=>LX-17100311234471706-2}{result_code=>SUCCESS}{return_code=>SUCCESS}{sign=>0D0236195DFA285D87481CA279CD97CB}{time_end=>20171016230831}{total_fee=>716000}{trade_type=>NATIVE}{transaction_id=>4200000001201710168505052153}]
[2017-10-16 23:08:32][info] k:appid=>wxefc029d4373dcac0
[2017-10-16 23:08:32][info] k:bank_type=>ICBC_DEBIT
[2017-10-16 23:08:32][info] k:cash_fee=>716000
[2017-10-16 23:08:32][info] k:fee_type=>CNY
[2017-10-16 23:08:32][info] k:is_subscribe=>N
[2017-10-16 23:08:32][info] k:mch_id=>1244967502
[2017-10-16 23:08:32][info] k:nonce_str=>9fs3l7ps9ja4qk3njepyo3lri56r8q1b
[2017-10-16 23:08:32][info] k:openid=>orYumuJywfya0C0jO-XeWNZGfIe4
[2017-10-16 23:08:32][info] k:out_trade_no=>LX-17100311234471706-2
[2017-10-16 23:08:32][info] k:result_code=>SUCCESS
[2017-10-16 23:08:32][info] k:return_code=>SUCCESS
[2017-10-16 23:08:32][info] k:sign=>0D0236195DFA285D87481CA279CD97CB
[2017-10-16 23:08:32][info] k:time_end=>20171016230831
[2017-10-16 23:08:32][info] k:total_fee=>716000
[2017-10-16 23:08:32][info] k:trade_type=>NATIVE
[2017-10-16 23:08:32][info] k:transaction_id=>4200000001201710168505052153
[2017-10-16 23:08:32][info] ----------------------------------------
[2017-10-16 23:08:32][info] XML_DATA222:{"appid":"wxefc029d4373dcac0","bank_type":"ICBC_DEBIT","cash_fee":"7160.00","fee_type":"CNY","is_subscribe":"N","mch_id":"1244967502","nonce_str":"9fs3l7ps9ja4qk3njepyo3lri56r8q1b","openid":"orYumuJywfya0C0jO-XeWNZGfIe4","out_trade_no":"LX-17100311234471706-2","result_code":"SUCCESS","return_code":"SUCCESS","sign":"0D0236195DFA285D87481CA279CD97CB","time_end":"20171016230831","total_fee":"7160.00","trade_type":"NATIVE","transaction_id":"4200000001201710168505052153"}
[2017-10-16 23:08:32][warn] 数据存储成功，并成功返回记录编号19410！
[2017-10-16 23:08:44][info] ----------------------------------------
[2017-10-16 23:08:44][info] XML_DATA111:[{appid=>wxefc029d4373dcac0}{bank_type=>ICBC_DEBIT}{cash_fee=>716000}{fee_type=>CNY}{is_subscribe=>N}{mch_id=>1244967502}{nonce_str=>9fs3l7ps9ja4qk3njepyo3lri56r8q1b}{openid=>orYumuJywfya0C0jO-XeWNZGfIe4}{out_trade_no=>LX-17100311234471706-2}{result_code=>SUCCESS}{return_code=>SUCCESS}{sign=>0D0236195DFA285D87481CA279CD97CB}{time_end=>20171016230831}{total_fee=>716000}{trade_type=>NATIVE}{transaction_id=>4200000001201710168505052153}]
[2017-10-16 23:08:44][info] k:appid=>wxefc029d4373dcac0
[2017-10-16 23:08:44][info] k:bank_type=>ICBC_DEBIT
[2017-10-16 23:08:44][info] k:cash_fee=>716000
[2017-10-16 23:08:44][info] k:fee_type=>CNY
[2017-10-16 23:08:44][info] k:is_subscribe=>N
[2017-10-16 23:08:44][info] k:mch_id=>1244967502
[2017-10-16 23:08:44][info] k:nonce_str=>9fs3l7ps9ja4qk3njepyo3lri56r8q1b
[2017-10-16 23:08:44][info] k:openid=>orYumuJywfya0C0jO-XeWNZGfIe4
[2017-10-16 23:08:44][info] k:out_trade_no=>LX-17100311234471706-2
[2017-10-16 23:08:44][info] k:result_code=>SUCCESS
[2017-10-16 23:08:44][info] k:return_code=>SUCCESS
[2017-10-16 23:08:44][info] k:sign=>0D0236195DFA285D87481CA279CD97CB
[2017-10-16 23:08:44][info] k:time_end=>20171016230831
[2017-10-16 23:08:44][info] k:total_fee=>716000
[2017-10-16 23:08:44][info] k:trade_type=>NATIVE
[2017-10-16 23:08:44][info] k:transaction_id=>4200000001201710168505052153
[2017-10-16 23:08:44][info] ----------------------------------------
[2017-10-16 23:08:44][info] XML_DATA222:{"appid":"wxefc029d4373dcac0","bank_type":"ICBC_DEBIT","cash_fee":"7160.00","fee_type":"CNY","is_subscribe":"N","mch_id":"1244967502","nonce_str":"9fs3l7ps9ja4qk3njepyo3lri56r8q1b","openid":"orYumuJywfya0C0jO-XeWNZGfIe4","out_trade_no":"LX-17100311234471706-2","result_code":"SUCCESS","return_code":"SUCCESS","sign":"0D0236195DFA285D87481CA279CD97CB","time_end":"20171016230831","total_fee":"7160.00","trade_type":"NATIVE","transaction_id":"4200000001201710168505052153"}
[2017-10-16 23:08:44][info] 收到重复信息，并处理反馈成功！
[2017-10-16 23:08:44][info] success
[2017-10-16 23:08:44][info] 写入结束!!!
[2017-10-16 23:14:30][info] ----------------------------------------
[2017-10-16 23:14:30][info] XML_DATA111:[{appid=>wxefc029d4373dcac0}{bank_type=>ICBC_DEBIT}{cash_fee=>358000}{fee_type=>CNY}{is_subscribe=>N}{mch_id=>1244967502}{nonce_str=>jnmfbe6i2kg5su8erbhu8aq0coygutsq}{openid=>orYumuJywfya0C0jO-XeWNZGfIe4}{out_trade_no=>LX-17101510175429406-8}{result_code=>SUCCESS}{return_code=>SUCCESS}{sign=>D6D4979F7173FE94286AC8ED479F229A}{time_end=>20171016231429}{total_fee=>358000}{trade_type=>NATIVE}{transaction_id=>4200000030201710168505289277}]
[2017-10-16 23:14:30][info] k:appid=>wxefc029d4373dcac0
[2017-10-16 23:14:30][info] k:bank_type=>ICBC_DEBIT
[2017-10-16 23:14:30][info] k:cash_fee=>358000
[2017-10-16 23:14:30][info] k:fee_type=>CNY
[2017-10-16 23:14:30][info] k:is_subscribe=>N
[2017-10-16 23:14:30][info] k:mch_id=>1244967502
[2017-10-16 23:14:30][info] k:nonce_str=>jnmfbe6i2kg5su8erbhu8aq0coygutsq
[2017-10-16 23:14:30][info] k:openid=>orYumuJywfya0C0jO-XeWNZGfIe4
[2017-10-16 23:14:30][info] k:out_trade_no=>LX-17101510175429406-8
[2017-10-16 23:14:30][info] k:result_code=>SUCCESS
[2017-10-16 23:14:30][info] k:return_code=>SUCCESS
[2017-10-16 23:14:30][info] k:sign=>D6D4979F7173FE94286AC8ED479F229A
[2017-10-16 23:14:30][info] k:time_end=>20171016231429
[2017-10-16 23:14:30][info] k:total_fee=>358000
[2017-10-16 23:14:30][info] k:trade_type=>NATIVE
[2017-10-16 23:14:30][info] k:transaction_id=>4200000030201710168505289277
[2017-10-16 23:14:30][info] ----------------------------------------
[2017-10-16 23:14:30][info] XML_DATA222:{"appid":"wxefc029d4373dcac0","bank_type":"ICBC_DEBIT","cash_fee":"3580.00","fee_type":"CNY","is_subscribe":"N","mch_id":"1244967502","nonce_str":"jnmfbe6i2kg5su8erbhu8aq0coygutsq","openid":"orYumuJywfya0C0jO-XeWNZGfIe4","out_trade_no":"LX-17101510175429406-8","result_code":"SUCCESS","return_code":"SUCCESS","sign":"D6D4979F7173FE94286AC8ED479F229A","time_end":"20171016231429","total_fee":"3580.00","trade_type":"NATIVE","transaction_id":"4200000030201710168505289277"}
[2017-10-16 23:14:30][warn] 数据存储成功，并成功返回记录编号19411！
[2017-10-16 23:14:44][info] ----------------------------------------
[2017-10-16 23:14:44][info] XML_DATA111:[{appid=>wxefc029d4373dcac0}{bank_type=>ICBC_DEBIT}{cash_fee=>358000}{fee_type=>CNY}{is_subscribe=>N}{mch_id=>1244967502}{nonce_str=>jnmfbe6i2kg5su8erbhu8aq0coygutsq}{openid=>orYumuJywfya0C0jO-XeWNZGfIe4}{out_trade_no=>LX-17101510175429406-8}{result_code=>SUCCESS}{return_code=>SUCCESS}{sign=>D6D4979F7173FE94286AC8ED479F229A}{time_end=>20171016231429}{total_fee=>358000}{trade_type=>NATIVE}{transaction_id=>4200000030201710168505289277}]
[2017-10-16 23:14:44][info] k:appid=>wxefc029d4373dcac0
[2017-10-16 23:14:44][info] k:bank_type=>ICBC_DEBIT
[2017-10-16 23:14:44][info] k:cash_fee=>358000
[2017-10-16 23:14:44][info] k:fee_type=>CNY
[2017-10-16 23:14:44][info] k:is_subscribe=>N
[2017-10-16 23:14:44][info] k:mch_id=>1244967502
[2017-10-16 23:14:44][info] k:nonce_str=>jnmfbe6i2kg5su8erbhu8aq0coygutsq
[2017-10-16 23:14:44][info] k:openid=>orYumuJywfya0C0jO-XeWNZGfIe4
[2017-10-16 23:14:44][info] k:out_trade_no=>LX-17101510175429406-8
[2017-10-16 23:14:44][info] k:result_code=>SUCCESS
[2017-10-16 23:14:44][info] k:return_code=>SUCCESS
[2017-10-16 23:14:44][info] k:sign=>D6D4979F7173FE94286AC8ED479F229A
[2017-10-16 23:14:44][info] k:time_end=>20171016231429
[2017-10-16 23:14:44][info] k:total_fee=>358000
[2017-10-16 23:14:44][info] k:trade_type=>NATIVE
[2017-10-16 23:14:44][info] k:transaction_id=>4200000030201710168505289277
[2017-10-16 23:14:44][info] ----------------------------------------
[2017-10-16 23:14:44][info] XML_DATA222:{"appid":"wxefc029d4373dcac0","bank_type":"ICBC_DEBIT","cash_fee":"3580.00","fee_type":"CNY","is_subscribe":"N","mch_id":"1244967502","nonce_str":"jnmfbe6i2kg5su8erbhu8aq0coygutsq","openid":"orYumuJywfya0C0jO-XeWNZGfIe4","out_trade_no":"LX-17101510175429406-8","result_code":"SUCCESS","return_code":"SUCCESS","sign":"D6D4979F7173FE94286AC8ED479F229A","time_end":"20171016231429","total_fee":"3580.00","trade_type":"NATIVE","transaction_id":"4200000030201710168505289277"}
[2017-10-16 23:14:44][info] 收到重复信息，并处理反馈成功！
[2017-10-16 23:14:44][info] success
[2017-10-16 23:14:44][info] 写入结束!!!
