[2017-08-06 18:08:36][info] ----------------------------------------
[2017-08-06 18:08:36][info] XML_DATA111:[{appid=>wxefc029d4373dcac0}{bank_type=>ABC_CREDIT}{cash_fee=>398000}{fee_type=>CNY}{is_subscribe=>Y}{mch_id=>1244967502}{nonce_str=>1nowck28v7xj46t8609xf3cfnbwt8g85}{openid=>orYumuNgP7TQNRipEMq3YqhtMdkg}{out_trade_no=>LX-17080617085536201-6}{result_code=>SUCCESS}{return_code=>SUCCESS}{sign=>0AA13D08FC29299577C7AEFCC9855E5E}{time_end=>20170806180834}{total_fee=>398000}{trade_type=>NATIVE}{transaction_id=>4004582001201708064827025123}]
[2017-08-06 18:08:36][info] k:appid=>wxefc029d4373dcac0
[2017-08-06 18:08:36][info] k:bank_type=>ABC_CREDIT
[2017-08-06 18:08:36][info] k:cash_fee=>398000
[2017-08-06 18:08:36][info] k:fee_type=>CNY
[2017-08-06 18:08:36][info] k:is_subscribe=>Y
[2017-08-06 18:08:36][info] k:mch_id=>1244967502
[2017-08-06 18:08:36][info] k:nonce_str=>1nowck28v7xj46t8609xf3cfnbwt8g85
[2017-08-06 18:08:36][info] k:openid=>orYumuNgP7TQNRipEMq3YqhtMdkg
[2017-08-06 18:08:36][info] k:out_trade_no=>LX-17080617085536201-6
[2017-08-06 18:08:36][info] k:result_code=>SUCCESS
[2017-08-06 18:08:36][info] k:return_code=>SUCCESS
[2017-08-06 18:08:36][info] k:sign=>0AA13D08FC29299577C7AEFCC9855E5E
[2017-08-06 18:08:36][info] k:time_end=>20170806180834
[2017-08-06 18:08:36][info] k:total_fee=>398000
[2017-08-06 18:08:36][info] k:trade_type=>NATIVE
[2017-08-06 18:08:36][info] k:transaction_id=>4004582001201708064827025123
[2017-08-06 18:08:36][info] ----------------------------------------
[2017-08-06 18:08:36][info] XML_DATA222:{"appid":"wxefc029d4373dcac0","bank_type":"ABC_CREDIT","cash_fee":"3980.00","fee_type":"CNY","is_subscribe":"Y","mch_id":"1244967502","nonce_str":"1nowck28v7xj46t8609xf3cfnbwt8g85","openid":"orYumuNgP7TQNRipEMq3YqhtMdkg","out_trade_no":"LX-17080617085536201-6","result_code":"SUCCESS","return_code":"SUCCESS","sign":"0AA13D08FC29299577C7AEFCC9855E5E","time_end":"20170806180834","total_fee":"3980.00","trade_type":"NATIVE","transaction_id":"4004582001201708064827025123"}
[2017-08-06 18:08:36][warn] 数据存储成功，并成功返回记录编号18506！
[2017-08-06 18:08:46][info] ----------------------------------------
[2017-08-06 18:08:46][info] XML_DATA111:[{appid=>wxefc029d4373dcac0}{bank_type=>ABC_CREDIT}{cash_fee=>398000}{fee_type=>CNY}{is_subscribe=>Y}{mch_id=>1244967502}{nonce_str=>1nowck28v7xj46t8609xf3cfnbwt8g85}{openid=>orYumuNgP7TQNRipEMq3YqhtMdkg}{out_trade_no=>LX-17080617085536201-6}{result_code=>SUCCESS}{return_code=>SUCCESS}{sign=>0AA13D08FC29299577C7AEFCC9855E5E}{time_end=>20170806180834}{total_fee=>398000}{trade_type=>NATIVE}{transaction_id=>4004582001201708064827025123}]
[2017-08-06 18:08:46][info] k:appid=>wxefc029d4373dcac0
[2017-08-06 18:08:46][info] k:bank_type=>ABC_CREDIT
[2017-08-06 18:08:46][info] k:cash_fee=>398000
[2017-08-06 18:08:46][info] k:fee_type=>CNY
[2017-08-06 18:08:46][info] k:is_subscribe=>Y
[2017-08-06 18:08:46][info] k:mch_id=>1244967502
[2017-08-06 18:08:46][info] k:nonce_str=>1nowck28v7xj46t8609xf3cfnbwt8g85
[2017-08-06 18:08:46][info] k:openid=>orYumuNgP7TQNRipEMq3YqhtMdkg
[2017-08-06 18:08:46][info] k:out_trade_no=>LX-17080617085536201-6
[2017-08-06 18:08:46][info] k:result_code=>SUCCESS
[2017-08-06 18:08:46][info] k:return_code=>SUCCESS
[2017-08-06 18:08:46][info] k:sign=>0AA13D08FC29299577C7AEFCC9855E5E
[2017-08-06 18:08:46][info] k:time_end=>20170806180834
[2017-08-06 18:08:46][info] k:total_fee=>398000
[2017-08-06 18:08:46][info] k:trade_type=>NATIVE
[2017-08-06 18:08:46][info] k:transaction_id=>4004582001201708064827025123
[2017-08-06 18:08:46][info] ----------------------------------------
[2017-08-06 18:08:46][info] XML_DATA222:{"appid":"wxefc029d4373dcac0","bank_type":"ABC_CREDIT","cash_fee":"3980.00","fee_type":"CNY","is_subscribe":"Y","mch_id":"1244967502","nonce_str":"1nowck28v7xj46t8609xf3cfnbwt8g85","openid":"orYumuNgP7TQNRipEMq3YqhtMdkg","out_trade_no":"LX-17080617085536201-6","result_code":"SUCCESS","return_code":"SUCCESS","sign":"0AA13D08FC29299577C7AEFCC9855E5E","time_end":"20170806180834","total_fee":"3980.00","trade_type":"NATIVE","transaction_id":"4004582001201708064827025123"}
[2017-08-06 18:08:46][info] 收到重复信息，并处理反馈成功！
[2017-08-06 18:08:46][info] success
[2017-08-06 18:08:46][info] 写入结束!!!
