[2017-09-05 10:36:26][info] ----------------------------------------
[2017-09-05 10:36:26][info] XML_DATA111:[{appid=>wxefc029d4373dcac0}{bank_type=>CCB_DEBIT}{cash_fee=>708000}{fee_type=>CNY}{is_subscribe=>N}{mch_id=>1244967502}{nonce_str=>z6g0v04pd4rsj1uu8a0srit9gec6xhqi}{openid=>orYumuKMIMNimFfMaCWMHsrz-FCU}{out_trade_no=>LX-17090510275414901-c}{result_code=>SUCCESS}{return_code=>SUCCESS}{sign=>E00998E4A75017872A81F2C854308B52}{time_end=>20170905103626}{total_fee=>708000}{trade_type=>NATIVE}{transaction_id=>4004032001201709050302806427}]
[2017-09-05 10:36:26][info] k:appid=>wxefc029d4373dcac0
[2017-09-05 10:36:26][info] k:bank_type=>CCB_DEBIT
[2017-09-05 10:36:26][info] k:cash_fee=>708000
[2017-09-05 10:36:26][info] k:fee_type=>CNY
[2017-09-05 10:36:26][info] k:is_subscribe=>N
[2017-09-05 10:36:26][info] k:mch_id=>1244967502
[2017-09-05 10:36:26][info] k:nonce_str=>z6g0v04pd4rsj1uu8a0srit9gec6xhqi
[2017-09-05 10:36:26][info] k:openid=>orYumuKMIMNimFfMaCWMHsrz-FCU
[2017-09-05 10:36:26][info] k:out_trade_no=>LX-17090510275414901-c
[2017-09-05 10:36:26][info] k:result_code=>SUCCESS
[2017-09-05 10:36:26][info] k:return_code=>SUCCESS
[2017-09-05 10:36:26][info] k:sign=>E00998E4A75017872A81F2C854308B52
[2017-09-05 10:36:26][info] k:time_end=>20170905103626
[2017-09-05 10:36:26][info] k:total_fee=>708000
[2017-09-05 10:36:26][info] k:trade_type=>NATIVE
[2017-09-05 10:36:26][info] k:transaction_id=>4004032001201709050302806427
[2017-09-05 10:36:26][info] ----------------------------------------
[2017-09-05 10:36:26][info] XML_DATA222:{"appid":"wxefc029d4373dcac0","bank_type":"CCB_DEBIT","cash_fee":"7080.00","fee_type":"CNY","is_subscribe":"N","mch_id":"1244967502","nonce_str":"z6g0v04pd4rsj1uu8a0srit9gec6xhqi","openid":"orYumuKMIMNimFfMaCWMHsrz-FCU","out_trade_no":"LX-17090510275414901-c","result_code":"SUCCESS","return_code":"SUCCESS","sign":"E00998E4A75017872A81F2C854308B52","time_end":"20170905103626","total_fee":"7080.00","trade_type":"NATIVE","transaction_id":"4004032001201709050302806427"}
[2017-09-05 10:36:27][warn] 数据存储成功，并成功返回记录编号18868！
[2017-09-05 10:36:37][info] ----------------------------------------
[2017-09-05 10:36:37][info] XML_DATA111:[{appid=>wxefc029d4373dcac0}{bank_type=>CCB_DEBIT}{cash_fee=>708000}{fee_type=>CNY}{is_subscribe=>N}{mch_id=>1244967502}{nonce_str=>z6g0v04pd4rsj1uu8a0srit9gec6xhqi}{openid=>orYumuKMIMNimFfMaCWMHsrz-FCU}{out_trade_no=>LX-17090510275414901-c}{result_code=>SUCCESS}{return_code=>SUCCESS}{sign=>E00998E4A75017872A81F2C854308B52}{time_end=>20170905103626}{total_fee=>708000}{trade_type=>NATIVE}{transaction_id=>4004032001201709050302806427}]
[2017-09-05 10:36:37][info] k:appid=>wxefc029d4373dcac0
[2017-09-05 10:36:37][info] k:bank_type=>CCB_DEBIT
[2017-09-05 10:36:37][info] k:cash_fee=>708000
[2017-09-05 10:36:37][info] k:fee_type=>CNY
[2017-09-05 10:36:37][info] k:is_subscribe=>N
[2017-09-05 10:36:37][info] k:mch_id=>1244967502
[2017-09-05 10:36:37][info] k:nonce_str=>z6g0v04pd4rsj1uu8a0srit9gec6xhqi
[2017-09-05 10:36:37][info] k:openid=>orYumuKMIMNimFfMaCWMHsrz-FCU
[2017-09-05 10:36:37][info] k:out_trade_no=>LX-17090510275414901-c
[2017-09-05 10:36:37][info] k:result_code=>SUCCESS
[2017-09-05 10:36:37][info] k:return_code=>SUCCESS
[2017-09-05 10:36:37][info] k:sign=>E00998E4A75017872A81F2C854308B52
[2017-09-05 10:36:37][info] k:time_end=>20170905103626
[2017-09-05 10:36:37][info] k:total_fee=>708000
[2017-09-05 10:36:37][info] k:trade_type=>NATIVE
[2017-09-05 10:36:37][info] k:transaction_id=>4004032001201709050302806427
[2017-09-05 10:36:37][info] ----------------------------------------
[2017-09-05 10:36:37][info] XML_DATA222:{"appid":"wxefc029d4373dcac0","bank_type":"CCB_DEBIT","cash_fee":"7080.00","fee_type":"CNY","is_subscribe":"N","mch_id":"1244967502","nonce_str":"z6g0v04pd4rsj1uu8a0srit9gec6xhqi","openid":"orYumuKMIMNimFfMaCWMHsrz-FCU","out_trade_no":"LX-17090510275414901-c","result_code":"SUCCESS","return_code":"SUCCESS","sign":"E00998E4A75017872A81F2C854308B52","time_end":"20170905103626","total_fee":"7080.00","trade_type":"NATIVE","transaction_id":"4004032001201709050302806427"}
[2017-09-05 10:36:38][info] 收到重复信息，并处理反馈成功！
[2017-09-05 10:36:38][info] success
[2017-09-05 10:36:38][info] 写入结束!!!
[2017-09-05 14:38:23][info] ----------------------------------------
[2017-09-05 14:38:23][info] XML_DATA111:[{appid=>wxefc029d4373dcac0}{bank_type=>BOC_DEBIT}{cash_fee=>393000}{fee_type=>CNY}{is_subscribe=>N}{mch_id=>1244967502}{nonce_str=>ilxajv0q1wjuplkpeeohpkrndslpgj8c}{openid=>orYumuPEz7b-lQryhEDat9zWJkyg}{out_trade_no=>LX-17090413125614706-9}{result_code=>SUCCESS}{return_code=>SUCCESS}{sign=>5826B4B29162030BC5B1EF82B4772515}{time_end=>20170905143822}{total_fee=>393000}{trade_type=>NATIVE}{transaction_id=>4007622001201709050346017314}]
[2017-09-05 14:38:23][info] k:appid=>wxefc029d4373dcac0
[2017-09-05 14:38:23][info] k:bank_type=>BOC_DEBIT
[2017-09-05 14:38:23][info] k:cash_fee=>393000
[2017-09-05 14:38:23][info] k:fee_type=>CNY
[2017-09-05 14:38:23][info] k:is_subscribe=>N
[2017-09-05 14:38:23][info] k:mch_id=>1244967502
[2017-09-05 14:38:23][info] k:nonce_str=>ilxajv0q1wjuplkpeeohpkrndslpgj8c
[2017-09-05 14:38:23][info] k:openid=>orYumuPEz7b-lQryhEDat9zWJkyg
[2017-09-05 14:38:23][info] k:out_trade_no=>LX-17090413125614706-9
[2017-09-05 14:38:23][info] k:result_code=>SUCCESS
[2017-09-05 14:38:23][info] k:return_code=>SUCCESS
[2017-09-05 14:38:23][info] k:sign=>5826B4B29162030BC5B1EF82B4772515
[2017-09-05 14:38:23][info] k:time_end=>20170905143822
[2017-09-05 14:38:23][info] k:total_fee=>393000
[2017-09-05 14:38:23][info] k:trade_type=>NATIVE
[2017-09-05 14:38:23][info] k:transaction_id=>4007622001201709050346017314
[2017-09-05 14:38:23][info] ----------------------------------------
[2017-09-05 14:38:23][info] XML_DATA222:{"appid":"wxefc029d4373dcac0","bank_type":"BOC_DEBIT","cash_fee":"3930.00","fee_type":"CNY","is_subscribe":"N","mch_id":"1244967502","nonce_str":"ilxajv0q1wjuplkpeeohpkrndslpgj8c","openid":"orYumuPEz7b-lQryhEDat9zWJkyg","out_trade_no":"LX-17090413125614706-9","result_code":"SUCCESS","return_code":"SUCCESS","sign":"5826B4B29162030BC5B1EF82B4772515","time_end":"20170905143822","total_fee":"3930.00","trade_type":"NATIVE","transaction_id":"4007622001201709050346017314"}
[2017-09-05 14:38:23][warn] 数据存储成功，并成功返回记录编号18878！
[2017-09-05 14:38:37][info] ----------------------------------------
[2017-09-05 14:38:37][info] XML_DATA111:[{appid=>wxefc029d4373dcac0}{bank_type=>BOC_DEBIT}{cash_fee=>393000}{fee_type=>CNY}{is_subscribe=>N}{mch_id=>1244967502}{nonce_str=>ilxajv0q1wjuplkpeeohpkrndslpgj8c}{openid=>orYumuPEz7b-lQryhEDat9zWJkyg}{out_trade_no=>LX-17090413125614706-9}{result_code=>SUCCESS}{return_code=>SUCCESS}{sign=>5826B4B29162030BC5B1EF82B4772515}{time_end=>20170905143822}{total_fee=>393000}{trade_type=>NATIVE}{transaction_id=>4007622001201709050346017314}]
[2017-09-05 14:38:37][info] k:appid=>wxefc029d4373dcac0
[2017-09-05 14:38:37][info] k:bank_type=>BOC_DEBIT
[2017-09-05 14:38:37][info] k:cash_fee=>393000
[2017-09-05 14:38:37][info] k:fee_type=>CNY
[2017-09-05 14:38:37][info] k:is_subscribe=>N
[2017-09-05 14:38:37][info] k:mch_id=>1244967502
[2017-09-05 14:38:37][info] k:nonce_str=>ilxajv0q1wjuplkpeeohpkrndslpgj8c
[2017-09-05 14:38:37][info] k:openid=>orYumuPEz7b-lQryhEDat9zWJkyg
[2017-09-05 14:38:37][info] k:out_trade_no=>LX-17090413125614706-9
[2017-09-05 14:38:37][info] k:result_code=>SUCCESS
[2017-09-05 14:38:37][info] k:return_code=>SUCCESS
[2017-09-05 14:38:37][info] k:sign=>5826B4B29162030BC5B1EF82B4772515
[2017-09-05 14:38:37][info] k:time_end=>20170905143822
[2017-09-05 14:38:37][info] k:total_fee=>393000
[2017-09-05 14:38:37][info] k:trade_type=>NATIVE
[2017-09-05 14:38:37][info] k:transaction_id=>4007622001201709050346017314
[2017-09-05 14:38:37][info] ----------------------------------------
[2017-09-05 14:38:37][info] XML_DATA222:{"appid":"wxefc029d4373dcac0","bank_type":"BOC_DEBIT","cash_fee":"3930.00","fee_type":"CNY","is_subscribe":"N","mch_id":"1244967502","nonce_str":"ilxajv0q1wjuplkpeeohpkrndslpgj8c","openid":"orYumuPEz7b-lQryhEDat9zWJkyg","out_trade_no":"LX-17090413125614706-9","result_code":"SUCCESS","return_code":"SUCCESS","sign":"5826B4B29162030BC5B1EF82B4772515","time_end":"20170905143822","total_fee":"3930.00","trade_type":"NATIVE","transaction_id":"4007622001201709050346017314"}
[2017-09-05 14:38:37][info] 收到重复信息，并处理反馈成功！
[2017-09-05 14:38:37][info] success
[2017-09-05 14:38:37][info] 写入结束!!!
[2017-09-05 21:20:28][info] ----------------------------------------
[2017-09-05 21:20:28][info] XML_DATA111:[{appid=>wxefc029d4373dcac0}{bank_type=>SPDB_CREDIT}{cash_fee=>641000}{fee_type=>CNY}{is_subscribe=>N}{mch_id=>1244967502}{nonce_str=>3e1k2lj00c7qqr3nx0b0i3rbz6nsbzgg}{openid=>orYumuC23pjcxGZM2pAeTMPFmZ_0}{out_trade_no=>LX-17083019315485306-f}{result_code=>SUCCESS}{return_code=>SUCCESS}{sign=>FF2C570455B08FB5D127D422AE9AA273}{time_end=>20170905212027}{total_fee=>641000}{trade_type=>NATIVE}{transaction_id=>4007672001201709050418077234}]
[2017-09-05 21:20:28][info] k:appid=>wxefc029d4373dcac0
[2017-09-05 21:20:28][info] k:bank_type=>SPDB_CREDIT
[2017-09-05 21:20:28][info] k:cash_fee=>641000
[2017-09-05 21:20:28][info] k:fee_type=>CNY
[2017-09-05 21:20:28][info] k:is_subscribe=>N
[2017-09-05 21:20:28][info] k:mch_id=>1244967502
[2017-09-05 21:20:28][info] k:nonce_str=>3e1k2lj00c7qqr3nx0b0i3rbz6nsbzgg
[2017-09-05 21:20:28][info] k:openid=>orYumuC23pjcxGZM2pAeTMPFmZ_0
[2017-09-05 21:20:28][info] k:out_trade_no=>LX-17083019315485306-f
[2017-09-05 21:20:28][info] k:result_code=>SUCCESS
[2017-09-05 21:20:28][info] k:return_code=>SUCCESS
[2017-09-05 21:20:28][info] k:sign=>FF2C570455B08FB5D127D422AE9AA273
[2017-09-05 21:20:28][info] k:time_end=>20170905212027
[2017-09-05 21:20:28][info] k:total_fee=>641000
[2017-09-05 21:20:28][info] k:trade_type=>NATIVE
[2017-09-05 21:20:28][info] k:transaction_id=>4007672001201709050418077234
[2017-09-05 21:20:28][info] ----------------------------------------
[2017-09-05 21:20:28][info] XML_DATA222:{"appid":"wxefc029d4373dcac0","bank_type":"SPDB_CREDIT","cash_fee":"6410.00","fee_type":"CNY","is_subscribe":"N","mch_id":"1244967502","nonce_str":"3e1k2lj00c7qqr3nx0b0i3rbz6nsbzgg","openid":"orYumuC23pjcxGZM2pAeTMPFmZ_0","out_trade_no":"LX-17083019315485306-f","result_code":"SUCCESS","return_code":"SUCCESS","sign":"FF2C570455B08FB5D127D422AE9AA273","time_end":"20170905212027","total_fee":"6410.00","trade_type":"NATIVE","transaction_id":"4007672001201709050418077234"}
[2017-09-05 21:20:28][warn] 数据存储成功，并成功返回记录编号18895！
[2017-09-05 21:20:39][info] ----------------------------------------
[2017-09-05 21:20:39][info] XML_DATA111:[{appid=>wxefc029d4373dcac0}{bank_type=>SPDB_CREDIT}{cash_fee=>641000}{fee_type=>CNY}{is_subscribe=>N}{mch_id=>1244967502}{nonce_str=>3e1k2lj00c7qqr3nx0b0i3rbz6nsbzgg}{openid=>orYumuC23pjcxGZM2pAeTMPFmZ_0}{out_trade_no=>LX-17083019315485306-f}{result_code=>SUCCESS}{return_code=>SUCCESS}{sign=>FF2C570455B08FB5D127D422AE9AA273}{time_end=>20170905212027}{total_fee=>641000}{trade_type=>NATIVE}{transaction_id=>4007672001201709050418077234}]
[2017-09-05 21:20:39][info] k:appid=>wxefc029d4373dcac0
[2017-09-05 21:20:39][info] k:bank_type=>SPDB_CREDIT
[2017-09-05 21:20:39][info] k:cash_fee=>641000
[2017-09-05 21:20:39][info] k:fee_type=>CNY
[2017-09-05 21:20:39][info] k:is_subscribe=>N
[2017-09-05 21:20:39][info] k:mch_id=>1244967502
[2017-09-05 21:20:39][info] k:nonce_str=>3e1k2lj00c7qqr3nx0b0i3rbz6nsbzgg
[2017-09-05 21:20:39][info] k:openid=>orYumuC23pjcxGZM2pAeTMPFmZ_0
[2017-09-05 21:20:39][info] k:out_trade_no=>LX-17083019315485306-f
[2017-09-05 21:20:39][info] k:result_code=>SUCCESS
[2017-09-05 21:20:39][info] k:return_code=>SUCCESS
[2017-09-05 21:20:39][info] k:sign=>FF2C570455B08FB5D127D422AE9AA273
[2017-09-05 21:20:39][info] k:time_end=>20170905212027
[2017-09-05 21:20:39][info] k:total_fee=>641000
[2017-09-05 21:20:39][info] k:trade_type=>NATIVE
[2017-09-05 21:20:39][info] k:transaction_id=>4007672001201709050418077234
[2017-09-05 21:20:39][info] ----------------------------------------
[2017-09-05 21:20:39][info] XML_DATA222:{"appid":"wxefc029d4373dcac0","bank_type":"SPDB_CREDIT","cash_fee":"6410.00","fee_type":"CNY","is_subscribe":"N","mch_id":"1244967502","nonce_str":"3e1k2lj00c7qqr3nx0b0i3rbz6nsbzgg","openid":"orYumuC23pjcxGZM2pAeTMPFmZ_0","out_trade_no":"LX-17083019315485306-f","result_code":"SUCCESS","return_code":"SUCCESS","sign":"FF2C570455B08FB5D127D422AE9AA273","time_end":"20170905212027","total_fee":"6410.00","trade_type":"NATIVE","transaction_id":"4007672001201709050418077234"}
[2017-09-05 21:20:39][info] 收到重复信息，并处理反馈成功！
[2017-09-05 21:20:39][info] success
[2017-09-05 21:20:39][info] 写入结束!!!
[2017-09-05 22:08:46][info] ----------------------------------------
[2017-09-05 22:08:46][info] XML_DATA111:[{appid=>wxefc029d4373dcac0}{bank_type=>CIB_DEBIT}{cash_fee=>532000}{fee_type=>CNY}{is_subscribe=>N}{mch_id=>1244967502}{nonce_str=>ib59aaps98a6amk51f0laovmtr33ui60}{openid=>orYumuIUmSQF_Q2i8hOHf4DZVNYk}{out_trade_no=>LX-17090522024389606-2}{result_code=>SUCCESS}{return_code=>SUCCESS}{sign=>7DAFB24890041EC39D7464FE6C8B4899}{time_end=>20170905220846}{total_fee=>532000}{trade_type=>NATIVE}{transaction_id=>4003042001201709050425982692}]
[2017-09-05 22:08:46][info] k:appid=>wxefc029d4373dcac0
[2017-09-05 22:08:46][info] k:bank_type=>CIB_DEBIT
[2017-09-05 22:08:46][info] k:cash_fee=>532000
[2017-09-05 22:08:46][info] k:fee_type=>CNY
[2017-09-05 22:08:46][info] k:is_subscribe=>N
[2017-09-05 22:08:46][info] k:mch_id=>1244967502
[2017-09-05 22:08:46][info] k:nonce_str=>ib59aaps98a6amk51f0laovmtr33ui60
[2017-09-05 22:08:46][info] k:openid=>orYumuIUmSQF_Q2i8hOHf4DZVNYk
[2017-09-05 22:08:46][info] k:out_trade_no=>LX-17090522024389606-2
[2017-09-05 22:08:46][info] k:result_code=>SUCCESS
[2017-09-05 22:08:46][info] k:return_code=>SUCCESS
[2017-09-05 22:08:46][info] k:sign=>7DAFB24890041EC39D7464FE6C8B4899
[2017-09-05 22:08:46][info] k:time_end=>20170905220846
[2017-09-05 22:08:46][info] k:total_fee=>532000
[2017-09-05 22:08:46][info] k:trade_type=>NATIVE
[2017-09-05 22:08:46][info] k:transaction_id=>4003042001201709050425982692
[2017-09-05 22:08:46][info] ----------------------------------------
[2017-09-05 22:08:46][info] XML_DATA222:{"appid":"wxefc029d4373dcac0","bank_type":"CIB_DEBIT","cash_fee":"5320.00","fee_type":"CNY","is_subscribe":"N","mch_id":"1244967502","nonce_str":"ib59aaps98a6amk51f0laovmtr33ui60","openid":"orYumuIUmSQF_Q2i8hOHf4DZVNYk","out_trade_no":"LX-17090522024389606-2","result_code":"SUCCESS","return_code":"SUCCESS","sign":"7DAFB24890041EC39D7464FE6C8B4899","time_end":"20170905220846","total_fee":"5320.00","trade_type":"NATIVE","transaction_id":"4003042001201709050425982692"}
[2017-09-05 22:08:47][warn] 数据存储成功，并成功返回记录编号18898！
[2017-09-05 22:09:00][info] ----------------------------------------
[2017-09-05 22:09:00][info] XML_DATA111:[{appid=>wxefc029d4373dcac0}{bank_type=>CIB_DEBIT}{cash_fee=>532000}{fee_type=>CNY}{is_subscribe=>N}{mch_id=>1244967502}{nonce_str=>ib59aaps98a6amk51f0laovmtr33ui60}{openid=>orYumuIUmSQF_Q2i8hOHf4DZVNYk}{out_trade_no=>LX-17090522024389606-2}{result_code=>SUCCESS}{return_code=>SUCCESS}{sign=>7DAFB24890041EC39D7464FE6C8B4899}{time_end=>20170905220846}{total_fee=>532000}{trade_type=>NATIVE}{transaction_id=>4003042001201709050425982692}]
[2017-09-05 22:09:00][info] k:appid=>wxefc029d4373dcac0
[2017-09-05 22:09:00][info] k:bank_type=>CIB_DEBIT
[2017-09-05 22:09:00][info] k:cash_fee=>532000
[2017-09-05 22:09:00][info] k:fee_type=>CNY
[2017-09-05 22:09:00][info] k:is_subscribe=>N
[2017-09-05 22:09:00][info] k:mch_id=>1244967502
[2017-09-05 22:09:00][info] k:nonce_str=>ib59aaps98a6amk51f0laovmtr33ui60
[2017-09-05 22:09:00][info] k:openid=>orYumuIUmSQF_Q2i8hOHf4DZVNYk
[2017-09-05 22:09:00][info] k:out_trade_no=>LX-17090522024389606-2
[2017-09-05 22:09:00][info] k:result_code=>SUCCESS
[2017-09-05 22:09:00][info] k:return_code=>SUCCESS
[2017-09-05 22:09:00][info] k:sign=>7DAFB24890041EC39D7464FE6C8B4899
[2017-09-05 22:09:00][info] k:time_end=>20170905220846
[2017-09-05 22:09:00][info] k:total_fee=>532000
[2017-09-05 22:09:00][info] k:trade_type=>NATIVE
[2017-09-05 22:09:00][info] k:transaction_id=>4003042001201709050425982692
[2017-09-05 22:09:00][info] ----------------------------------------
[2017-09-05 22:09:00][info] XML_DATA222:{"appid":"wxefc029d4373dcac0","bank_type":"CIB_DEBIT","cash_fee":"5320.00","fee_type":"CNY","is_subscribe":"N","mch_id":"1244967502","nonce_str":"ib59aaps98a6amk51f0laovmtr33ui60","openid":"orYumuIUmSQF_Q2i8hOHf4DZVNYk","out_trade_no":"LX-17090522024389606-2","result_code":"SUCCESS","return_code":"SUCCESS","sign":"7DAFB24890041EC39D7464FE6C8B4899","time_end":"20170905220846","total_fee":"5320.00","trade_type":"NATIVE","transaction_id":"4003042001201709050425982692"}
[2017-09-05 22:09:00][info] 收到重复信息，并处理反馈成功！
[2017-09-05 22:09:00][info] success
[2017-09-05 22:09:00][info] 写入结束!!!
[2017-09-05 22:13:46][info] ----------------------------------------
[2017-09-05 22:13:46][info] XML_DATA111:[{appid=>wxefc029d4373dcac0}{bank_type=>CFT}{cash_fee=>532000}{fee_type=>CNY}{is_subscribe=>Y}{mch_id=>1244967502}{nonce_str=>5yj8as43axgz4dd8xty535k1badtrf00}{openid=>orYumuIUmSQF_Q2i8hOHf4DZVNYk}{out_trade_no=>LX-17081815282717306-5}{result_code=>SUCCESS}{return_code=>SUCCESS}{sign=>1881D7BA36189245EAD5AFB64E0D8788}{time_end=>20170905221345}{total_fee=>532000}{trade_type=>NATIVE}{transaction_id=>4003042001201709050426023232}]
[2017-09-05 22:13:46][info] k:appid=>wxefc029d4373dcac0
[2017-09-05 22:13:46][info] k:bank_type=>CFT
[2017-09-05 22:13:46][info] k:cash_fee=>532000
[2017-09-05 22:13:46][info] k:fee_type=>CNY
[2017-09-05 22:13:46][info] k:is_subscribe=>Y
[2017-09-05 22:13:46][info] k:mch_id=>1244967502
[2017-09-05 22:13:46][info] k:nonce_str=>5yj8as43axgz4dd8xty535k1badtrf00
[2017-09-05 22:13:46][info] k:openid=>orYumuIUmSQF_Q2i8hOHf4DZVNYk
[2017-09-05 22:13:46][info] k:out_trade_no=>LX-17081815282717306-5
[2017-09-05 22:13:46][info] k:result_code=>SUCCESS
[2017-09-05 22:13:46][info] k:return_code=>SUCCESS
[2017-09-05 22:13:46][info] k:sign=>1881D7BA36189245EAD5AFB64E0D8788
[2017-09-05 22:13:46][info] k:time_end=>20170905221345
[2017-09-05 22:13:46][info] k:total_fee=>532000
[2017-09-05 22:13:46][info] k:trade_type=>NATIVE
[2017-09-05 22:13:46][info] k:transaction_id=>4003042001201709050426023232
[2017-09-05 22:13:46][info] ----------------------------------------
[2017-09-05 22:13:46][info] XML_DATA222:{"appid":"wxefc029d4373dcac0","bank_type":"CFT","cash_fee":"5320.00","fee_type":"CNY","is_subscribe":"Y","mch_id":"1244967502","nonce_str":"5yj8as43axgz4dd8xty535k1badtrf00","openid":"orYumuIUmSQF_Q2i8hOHf4DZVNYk","out_trade_no":"LX-17081815282717306-5","result_code":"SUCCESS","return_code":"SUCCESS","sign":"1881D7BA36189245EAD5AFB64E0D8788","time_end":"20170905221345","total_fee":"5320.00","trade_type":"NATIVE","transaction_id":"4003042001201709050426023232"}
[2017-09-05 22:13:46][warn] 数据存储成功，并成功返回记录编号18899！
[2017-09-05 22:13:59][info] ----------------------------------------
[2017-09-05 22:13:59][info] XML_DATA111:[{appid=>wxefc029d4373dcac0}{bank_type=>CFT}{cash_fee=>532000}{fee_type=>CNY}{is_subscribe=>Y}{mch_id=>1244967502}{nonce_str=>5yj8as43axgz4dd8xty535k1badtrf00}{openid=>orYumuIUmSQF_Q2i8hOHf4DZVNYk}{out_trade_no=>LX-17081815282717306-5}{result_code=>SUCCESS}{return_code=>SUCCESS}{sign=>1881D7BA36189245EAD5AFB64E0D8788}{time_end=>20170905221345}{total_fee=>532000}{trade_type=>NATIVE}{transaction_id=>4003042001201709050426023232}]
[2017-09-05 22:13:59][info] k:appid=>wxefc029d4373dcac0
[2017-09-05 22:13:59][info] k:bank_type=>CFT
[2017-09-05 22:13:59][info] k:cash_fee=>532000
[2017-09-05 22:13:59][info] k:fee_type=>CNY
[2017-09-05 22:13:59][info] k:is_subscribe=>Y
[2017-09-05 22:13:59][info] k:mch_id=>1244967502
[2017-09-05 22:13:59][info] k:nonce_str=>5yj8as43axgz4dd8xty535k1badtrf00
[2017-09-05 22:13:59][info] k:openid=>orYumuIUmSQF_Q2i8hOHf4DZVNYk
[2017-09-05 22:13:59][info] k:out_trade_no=>LX-17081815282717306-5
[2017-09-05 22:13:59][info] k:result_code=>SUCCESS
[2017-09-05 22:13:59][info] k:return_code=>SUCCESS
[2017-09-05 22:13:59][info] k:sign=>1881D7BA36189245EAD5AFB64E0D8788
[2017-09-05 22:13:59][info] k:time_end=>20170905221345
[2017-09-05 22:13:59][info] k:total_fee=>532000
[2017-09-05 22:13:59][info] k:trade_type=>NATIVE
[2017-09-05 22:13:59][info] k:transaction_id=>4003042001201709050426023232
[2017-09-05 22:13:59][info] ----------------------------------------
[2017-09-05 22:13:59][info] XML_DATA222:{"appid":"wxefc029d4373dcac0","bank_type":"CFT","cash_fee":"5320.00","fee_type":"CNY","is_subscribe":"Y","mch_id":"1244967502","nonce_str":"5yj8as43axgz4dd8xty535k1badtrf00","openid":"orYumuIUmSQF_Q2i8hOHf4DZVNYk","out_trade_no":"LX-17081815282717306-5","result_code":"SUCCESS","return_code":"SUCCESS","sign":"1881D7BA36189245EAD5AFB64E0D8788","time_end":"20170905221345","total_fee":"5320.00","trade_type":"NATIVE","transaction_id":"4003042001201709050426023232"}
[2017-09-05 22:13:59][info] 收到重复信息，并处理反馈成功！
[2017-09-05 22:13:59][info] success
[2017-09-05 22:13:59][info] 写入结束!!!
