[2017-08-24 16:11:35][info] ----------------------------------------
[2017-08-24 16:11:35][info] XML_DATA111:[{appid=>wxefc029d4373dcac0}{bank_type=>CMB_DEBIT}{cash_fee=>756000}{fee_type=>CNY}{is_subscribe=>N}{mch_id=>1244967502}{nonce_str=>rawht2k3uef9bxwg1fqwg88gkb6stc3j}{openid=>orYumuG2o8SwR3Uc_PPBa_g5Yr_I}{out_trade_no=>LX-17082415475889301-1}{result_code=>SUCCESS}{return_code=>SUCCESS}{sign=>EC1047F2D0FEFC20A89653F3F95AF142}{time_end=>20170824161135}{total_fee=>756000}{trade_type=>NATIVE}{transaction_id=>4007112001201708248000351223}]
[2017-08-24 16:11:35][info] k:appid=>wxefc029d4373dcac0
[2017-08-24 16:11:35][info] k:bank_type=>CMB_DEBIT
[2017-08-24 16:11:35][info] k:cash_fee=>756000
[2017-08-24 16:11:35][info] k:fee_type=>CNY
[2017-08-24 16:11:35][info] k:is_subscribe=>N
[2017-08-24 16:11:35][info] k:mch_id=>1244967502
[2017-08-24 16:11:35][info] k:nonce_str=>rawht2k3uef9bxwg1fqwg88gkb6stc3j
[2017-08-24 16:11:35][info] k:openid=>orYumuG2o8SwR3Uc_PPBa_g5Yr_I
[2017-08-24 16:11:35][info] k:out_trade_no=>LX-17082415475889301-1
[2017-08-24 16:11:35][info] k:result_code=>SUCCESS
[2017-08-24 16:11:35][info] k:return_code=>SUCCESS
[2017-08-24 16:11:35][info] k:sign=>EC1047F2D0FEFC20A89653F3F95AF142
[2017-08-24 16:11:35][info] k:time_end=>20170824161135
[2017-08-24 16:11:35][info] k:total_fee=>756000
[2017-08-24 16:11:35][info] k:trade_type=>NATIVE
[2017-08-24 16:11:35][info] k:transaction_id=>4007112001201708248000351223
[2017-08-24 16:11:35][info] ----------------------------------------
[2017-08-24 16:11:35][info] XML_DATA222:{"appid":"wxefc029d4373dcac0","bank_type":"CMB_DEBIT","cash_fee":"7560.00","fee_type":"CNY","is_subscribe":"N","mch_id":"1244967502","nonce_str":"rawht2k3uef9bxwg1fqwg88gkb6stc3j","openid":"orYumuG2o8SwR3Uc_PPBa_g5Yr_I","out_trade_no":"LX-17082415475889301-1","result_code":"SUCCESS","return_code":"SUCCESS","sign":"EC1047F2D0FEFC20A89653F3F95AF142","time_end":"20170824161135","total_fee":"7560.00","trade_type":"NATIVE","transaction_id":"4007112001201708248000351223"}
[2017-08-24 16:11:35][warn] 数据存储成功，并成功返回记录编号18702！
[2017-08-24 16:11:49][info] ----------------------------------------
[2017-08-24 16:11:49][info] XML_DATA111:[{appid=>wxefc029d4373dcac0}{bank_type=>CMB_DEBIT}{cash_fee=>756000}{fee_type=>CNY}{is_subscribe=>N}{mch_id=>1244967502}{nonce_str=>rawht2k3uef9bxwg1fqwg88gkb6stc3j}{openid=>orYumuG2o8SwR3Uc_PPBa_g5Yr_I}{out_trade_no=>LX-17082415475889301-1}{result_code=>SUCCESS}{return_code=>SUCCESS}{sign=>EC1047F2D0FEFC20A89653F3F95AF142}{time_end=>20170824161135}{total_fee=>756000}{trade_type=>NATIVE}{transaction_id=>4007112001201708248000351223}]
[2017-08-24 16:11:49][info] k:appid=>wxefc029d4373dcac0
[2017-08-24 16:11:49][info] k:bank_type=>CMB_DEBIT
[2017-08-24 16:11:49][info] k:cash_fee=>756000
[2017-08-24 16:11:49][info] k:fee_type=>CNY
[2017-08-24 16:11:49][info] k:is_subscribe=>N
[2017-08-24 16:11:49][info] k:mch_id=>1244967502
[2017-08-24 16:11:49][info] k:nonce_str=>rawht2k3uef9bxwg1fqwg88gkb6stc3j
[2017-08-24 16:11:49][info] k:openid=>orYumuG2o8SwR3Uc_PPBa_g5Yr_I
[2017-08-24 16:11:49][info] k:out_trade_no=>LX-17082415475889301-1
[2017-08-24 16:11:49][info] k:result_code=>SUCCESS
[2017-08-24 16:11:49][info] k:return_code=>SUCCESS
[2017-08-24 16:11:49][info] k:sign=>EC1047F2D0FEFC20A89653F3F95AF142
[2017-08-24 16:11:49][info] k:time_end=>20170824161135
[2017-08-24 16:11:49][info] k:total_fee=>756000
[2017-08-24 16:11:49][info] k:trade_type=>NATIVE
[2017-08-24 16:11:49][info] k:transaction_id=>4007112001201708248000351223
[2017-08-24 16:11:49][info] ----------------------------------------
[2017-08-24 16:11:49][info] XML_DATA222:{"appid":"wxefc029d4373dcac0","bank_type":"CMB_DEBIT","cash_fee":"7560.00","fee_type":"CNY","is_subscribe":"N","mch_id":"1244967502","nonce_str":"rawht2k3uef9bxwg1fqwg88gkb6stc3j","openid":"orYumuG2o8SwR3Uc_PPBa_g5Yr_I","out_trade_no":"LX-17082415475889301-1","result_code":"SUCCESS","return_code":"SUCCESS","sign":"EC1047F2D0FEFC20A89653F3F95AF142","time_end":"20170824161135","total_fee":"7560.00","trade_type":"NATIVE","transaction_id":"4007112001201708248000351223"}
[2017-08-24 16:11:49][info] 收到重复信息，并处理反馈成功！
[2017-08-24 16:11:49][info] success
[2017-08-24 16:11:49][info] 写入结束!!!
