[2017-07-31 10:50:24][info] ----------------------------------------
[2017-07-31 10:50:24][info] XML_DATA111:[{appid=>wxefc029d4373dcac0}{bank_type=>ICBC_CREDIT}{cash_fee=>757000}{fee_type=>CNY}{is_subscribe=>N}{mch_id=>1244967502}{nonce_str=>ubd271lndrcx4udgou50wyg9hf9qx6zs}{openid=>orYumuDgBPFO6ESBSEKcYTRyylJE}{out_trade_no=>LX-17071115500921601-b}{result_code=>SUCCESS}{return_code=>SUCCESS}{sign=>8952A18D3374FF0A308543D53C065CC2}{time_end=>20170731105023}{total_fee=>757000}{trade_type=>NATIVE}{transaction_id=>4009872001201707313605895371}]
[2017-07-31 10:50:24][info] k:appid=>wxefc029d4373dcac0
[2017-07-31 10:50:24][info] k:bank_type=>ICBC_CREDIT
[2017-07-31 10:50:24][info] k:cash_fee=>757000
[2017-07-31 10:50:24][info] k:fee_type=>CNY
[2017-07-31 10:50:24][info] k:is_subscribe=>N
[2017-07-31 10:50:24][info] k:mch_id=>1244967502
[2017-07-31 10:50:24][info] k:nonce_str=>ubd271lndrcx4udgou50wyg9hf9qx6zs
[2017-07-31 10:50:24][info] k:openid=>orYumuDgBPFO6ESBSEKcYTRyylJE
[2017-07-31 10:50:24][info] k:out_trade_no=>LX-17071115500921601-b
[2017-07-31 10:50:24][info] k:result_code=>SUCCESS
[2017-07-31 10:50:24][info] k:return_code=>SUCCESS
[2017-07-31 10:50:24][info] k:sign=>8952A18D3374FF0A308543D53C065CC2
[2017-07-31 10:50:24][info] k:time_end=>20170731105023
[2017-07-31 10:50:24][info] k:total_fee=>757000
[2017-07-31 10:50:24][info] k:trade_type=>NATIVE
[2017-07-31 10:50:24][info] k:transaction_id=>4009872001201707313605895371
[2017-07-31 10:50:24][info] ----------------------------------------
[2017-07-31 10:50:24][info] XML_DATA222:{"appid":"wxefc029d4373dcac0","bank_type":"ICBC_CREDIT","cash_fee":"7570.00","fee_type":"CNY","is_subscribe":"N","mch_id":"1244967502","nonce_str":"ubd271lndrcx4udgou50wyg9hf9qx6zs","openid":"orYumuDgBPFO6ESBSEKcYTRyylJE","out_trade_no":"LX-17071115500921601-b","result_code":"SUCCESS","return_code":"SUCCESS","sign":"8952A18D3374FF0A308543D53C065CC2","time_end":"20170731105023","total_fee":"7570.00","trade_type":"NATIVE","transaction_id":"4009872001201707313605895371"}
[2017-07-31 10:50:24][warn] 数据存储成功，并成功返回记录编号18356！
[2017-07-31 10:50:39][info] ----------------------------------------
[2017-07-31 10:50:39][info] XML_DATA111:[{appid=>wxefc029d4373dcac0}{bank_type=>ICBC_CREDIT}{cash_fee=>757000}{fee_type=>CNY}{is_subscribe=>N}{mch_id=>1244967502}{nonce_str=>ubd271lndrcx4udgou50wyg9hf9qx6zs}{openid=>orYumuDgBPFO6ESBSEKcYTRyylJE}{out_trade_no=>LX-17071115500921601-b}{result_code=>SUCCESS}{return_code=>SUCCESS}{sign=>8952A18D3374FF0A308543D53C065CC2}{time_end=>20170731105023}{total_fee=>757000}{trade_type=>NATIVE}{transaction_id=>4009872001201707313605895371}]
[2017-07-31 10:50:39][info] k:appid=>wxefc029d4373dcac0
[2017-07-31 10:50:39][info] k:bank_type=>ICBC_CREDIT
[2017-07-31 10:50:39][info] k:cash_fee=>757000
[2017-07-31 10:50:39][info] k:fee_type=>CNY
[2017-07-31 10:50:39][info] k:is_subscribe=>N
[2017-07-31 10:50:39][info] k:mch_id=>1244967502
[2017-07-31 10:50:39][info] k:nonce_str=>ubd271lndrcx4udgou50wyg9hf9qx6zs
[2017-07-31 10:50:39][info] k:openid=>orYumuDgBPFO6ESBSEKcYTRyylJE
[2017-07-31 10:50:39][info] k:out_trade_no=>LX-17071115500921601-b
[2017-07-31 10:50:39][info] k:result_code=>SUCCESS
[2017-07-31 10:50:39][info] k:return_code=>SUCCESS
[2017-07-31 10:50:39][info] k:sign=>8952A18D3374FF0A308543D53C065CC2
[2017-07-31 10:50:39][info] k:time_end=>20170731105023
[2017-07-31 10:50:39][info] k:total_fee=>757000
[2017-07-31 10:50:39][info] k:trade_type=>NATIVE
[2017-07-31 10:50:39][info] k:transaction_id=>4009872001201707313605895371
[2017-07-31 10:50:39][info] ----------------------------------------
[2017-07-31 10:50:39][info] XML_DATA222:{"appid":"wxefc029d4373dcac0","bank_type":"ICBC_CREDIT","cash_fee":"7570.00","fee_type":"CNY","is_subscribe":"N","mch_id":"1244967502","nonce_str":"ubd271lndrcx4udgou50wyg9hf9qx6zs","openid":"orYumuDgBPFO6ESBSEKcYTRyylJE","out_trade_no":"LX-17071115500921601-b","result_code":"SUCCESS","return_code":"SUCCESS","sign":"8952A18D3374FF0A308543D53C065CC2","time_end":"20170731105023","total_fee":"7570.00","trade_type":"NATIVE","transaction_id":"4009872001201707313605895371"}
[2017-07-31 10:50:39][info] 收到重复信息，并处理反馈成功！
[2017-07-31 10:50:39][info] success
[2017-07-31 10:50:39][info] 写入结束!!!
[2017-07-31 11:10:18][info] ----------------------------------------
[2017-07-31 11:10:18][info] XML_DATA111:[{appid=>wxefc029d4373dcac0}{bank_type=>CMB_CREDIT}{cash_fee=>492000}{fee_type=>CNY}{is_subscribe=>N}{mch_id=>1244967502}{nonce_str=>kutjcrrzdlekb55amvckgsl1horzg9dq}{openid=>orYumuCmnW4kavhxwnmu2UUZBZcI}{out_trade_no=>LX-17073108524511901-d}{result_code=>SUCCESS}{return_code=>SUCCESS}{sign=>4FA9CF3BED6196A01068E227742226EE}{time_end=>20170731111017}{total_fee=>492000}{trade_type=>NATIVE}{transaction_id=>4009362001201707313612840002}]
[2017-07-31 11:10:18][info] k:appid=>wxefc029d4373dcac0
[2017-07-31 11:10:18][info] k:bank_type=>CMB_CREDIT
[2017-07-31 11:10:18][info] k:cash_fee=>492000
[2017-07-31 11:10:18][info] k:fee_type=>CNY
[2017-07-31 11:10:18][info] k:is_subscribe=>N
[2017-07-31 11:10:18][info] k:mch_id=>1244967502
[2017-07-31 11:10:18][info] k:nonce_str=>kutjcrrzdlekb55amvckgsl1horzg9dq
[2017-07-31 11:10:18][info] k:openid=>orYumuCmnW4kavhxwnmu2UUZBZcI
[2017-07-31 11:10:18][info] k:out_trade_no=>LX-17073108524511901-d
[2017-07-31 11:10:18][info] k:result_code=>SUCCESS
[2017-07-31 11:10:18][info] k:return_code=>SUCCESS
[2017-07-31 11:10:18][info] k:sign=>4FA9CF3BED6196A01068E227742226EE
[2017-07-31 11:10:18][info] k:time_end=>20170731111017
[2017-07-31 11:10:18][info] k:total_fee=>492000
[2017-07-31 11:10:18][info] k:trade_type=>NATIVE
[2017-07-31 11:10:18][info] k:transaction_id=>4009362001201707313612840002
[2017-07-31 11:10:18][info] ----------------------------------------
[2017-07-31 11:10:18][info] XML_DATA222:{"appid":"wxefc029d4373dcac0","bank_type":"CMB_CREDIT","cash_fee":"4920.00","fee_type":"CNY","is_subscribe":"N","mch_id":"1244967502","nonce_str":"kutjcrrzdlekb55amvckgsl1horzg9dq","openid":"orYumuCmnW4kavhxwnmu2UUZBZcI","out_trade_no":"LX-17073108524511901-d","result_code":"SUCCESS","return_code":"SUCCESS","sign":"4FA9CF3BED6196A01068E227742226EE","time_end":"20170731111017","total_fee":"4920.00","trade_type":"NATIVE","transaction_id":"4009362001201707313612840002"}
[2017-07-31 11:10:18][warn] 数据存储成功，并成功返回记录编号18358！
[2017-07-31 11:10:28][info] ----------------------------------------
[2017-07-31 11:10:28][info] XML_DATA111:[{appid=>wxefc029d4373dcac0}{bank_type=>CMB_CREDIT}{cash_fee=>492000}{fee_type=>CNY}{is_subscribe=>N}{mch_id=>1244967502}{nonce_str=>kutjcrrzdlekb55amvckgsl1horzg9dq}{openid=>orYumuCmnW4kavhxwnmu2UUZBZcI}{out_trade_no=>LX-17073108524511901-d}{result_code=>SUCCESS}{return_code=>SUCCESS}{sign=>4FA9CF3BED6196A01068E227742226EE}{time_end=>20170731111017}{total_fee=>492000}{trade_type=>NATIVE}{transaction_id=>4009362001201707313612840002}]
[2017-07-31 11:10:28][info] k:appid=>wxefc029d4373dcac0
[2017-07-31 11:10:28][info] k:bank_type=>CMB_CREDIT
[2017-07-31 11:10:28][info] k:cash_fee=>492000
[2017-07-31 11:10:28][info] k:fee_type=>CNY
[2017-07-31 11:10:28][info] k:is_subscribe=>N
[2017-07-31 11:10:28][info] k:mch_id=>1244967502
[2017-07-31 11:10:28][info] k:nonce_str=>kutjcrrzdlekb55amvckgsl1horzg9dq
[2017-07-31 11:10:28][info] k:openid=>orYumuCmnW4kavhxwnmu2UUZBZcI
[2017-07-31 11:10:28][info] k:out_trade_no=>LX-17073108524511901-d
[2017-07-31 11:10:28][info] k:result_code=>SUCCESS
[2017-07-31 11:10:28][info] k:return_code=>SUCCESS
[2017-07-31 11:10:28][info] k:sign=>4FA9CF3BED6196A01068E227742226EE
[2017-07-31 11:10:28][info] k:time_end=>20170731111017
[2017-07-31 11:10:28][info] k:total_fee=>492000
[2017-07-31 11:10:28][info] k:trade_type=>NATIVE
[2017-07-31 11:10:28][info] k:transaction_id=>4009362001201707313612840002
[2017-07-31 11:10:28][info] ----------------------------------------
[2017-07-31 11:10:28][info] XML_DATA222:{"appid":"wxefc029d4373dcac0","bank_type":"CMB_CREDIT","cash_fee":"4920.00","fee_type":"CNY","is_subscribe":"N","mch_id":"1244967502","nonce_str":"kutjcrrzdlekb55amvckgsl1horzg9dq","openid":"orYumuCmnW4kavhxwnmu2UUZBZcI","out_trade_no":"LX-17073108524511901-d","result_code":"SUCCESS","return_code":"SUCCESS","sign":"4FA9CF3BED6196A01068E227742226EE","time_end":"20170731111017","total_fee":"4920.00","trade_type":"NATIVE","transaction_id":"4009362001201707313612840002"}
[2017-07-31 11:10:28][info] 收到重复信息，并处理反馈成功！
[2017-07-31 11:10:28][info] success
[2017-07-31 11:10:28][info] 写入结束!!!
[2017-07-31 13:09:14][info] ----------------------------------------
[2017-07-31 13:09:14][info] XML_DATA111:[{appid=>wxefc029d4373dcac0}{bank_type=>CFT}{cash_fee=>164000}{fee_type=>CNY}{is_subscribe=>N}{mch_id=>1244967502}{nonce_str=>1b9ukr25gyk4oqq4uagwikdz1kw1tju3}{openid=>orYumuOkq9fHNlLsGvNBq8k3VliU}{out_trade_no=>LX-170731103531901-a}{result_code=>SUCCESS}{return_code=>SUCCESS}{sign=>34A5C31B720F3FB8F0A88B84D6F5A575}{time_end=>20170731130914}{total_fee=>164000}{trade_type=>NATIVE}{transaction_id=>4003932001201707313634922329}]
[2017-07-31 13:09:14][info] k:appid=>wxefc029d4373dcac0
[2017-07-31 13:09:14][info] k:bank_type=>CFT
[2017-07-31 13:09:14][info] k:cash_fee=>164000
[2017-07-31 13:09:14][info] k:fee_type=>CNY
[2017-07-31 13:09:14][info] k:is_subscribe=>N
[2017-07-31 13:09:14][info] k:mch_id=>1244967502
[2017-07-31 13:09:14][info] k:nonce_str=>1b9ukr25gyk4oqq4uagwikdz1kw1tju3
[2017-07-31 13:09:14][info] k:openid=>orYumuOkq9fHNlLsGvNBq8k3VliU
[2017-07-31 13:09:14][info] k:out_trade_no=>LX-170731103531901-a
[2017-07-31 13:09:14][info] k:result_code=>SUCCESS
[2017-07-31 13:09:14][info] k:return_code=>SUCCESS
[2017-07-31 13:09:14][info] k:sign=>34A5C31B720F3FB8F0A88B84D6F5A575
[2017-07-31 13:09:14][info] k:time_end=>20170731130914
[2017-07-31 13:09:14][info] k:total_fee=>164000
[2017-07-31 13:09:14][info] k:trade_type=>NATIVE
[2017-07-31 13:09:14][info] k:transaction_id=>4003932001201707313634922329
[2017-07-31 13:09:14][info] ----------------------------------------
[2017-07-31 13:09:14][info] XML_DATA222:{"appid":"wxefc029d4373dcac0","bank_type":"CFT","cash_fee":"1640.00","fee_type":"CNY","is_subscribe":"N","mch_id":"1244967502","nonce_str":"1b9ukr25gyk4oqq4uagwikdz1kw1tju3","openid":"orYumuOkq9fHNlLsGvNBq8k3VliU","out_trade_no":"LX-170731103531901-a","result_code":"SUCCESS","return_code":"SUCCESS","sign":"34A5C31B720F3FB8F0A88B84D6F5A575","time_end":"20170731130914","total_fee":"1640.00","trade_type":"NATIVE","transaction_id":"4003932001201707313634922329"}
[2017-07-31 13:09:14][warn] 数据存储成功，并成功返回记录编号18365！
[2017-07-31 13:09:27][info] ----------------------------------------
[2017-07-31 13:09:27][info] XML_DATA111:[{appid=>wxefc029d4373dcac0}{bank_type=>CFT}{cash_fee=>164000}{fee_type=>CNY}{is_subscribe=>N}{mch_id=>1244967502}{nonce_str=>1b9ukr25gyk4oqq4uagwikdz1kw1tju3}{openid=>orYumuOkq9fHNlLsGvNBq8k3VliU}{out_trade_no=>LX-170731103531901-a}{result_code=>SUCCESS}{return_code=>SUCCESS}{sign=>34A5C31B720F3FB8F0A88B84D6F5A575}{time_end=>20170731130914}{total_fee=>164000}{trade_type=>NATIVE}{transaction_id=>4003932001201707313634922329}]
[2017-07-31 13:09:27][info] k:appid=>wxefc029d4373dcac0
[2017-07-31 13:09:27][info] k:bank_type=>CFT
[2017-07-31 13:09:27][info] k:cash_fee=>164000
[2017-07-31 13:09:27][info] k:fee_type=>CNY
[2017-07-31 13:09:27][info] k:is_subscribe=>N
[2017-07-31 13:09:27][info] k:mch_id=>1244967502
[2017-07-31 13:09:27][info] k:nonce_str=>1b9ukr25gyk4oqq4uagwikdz1kw1tju3
[2017-07-31 13:09:27][info] k:openid=>orYumuOkq9fHNlLsGvNBq8k3VliU
[2017-07-31 13:09:27][info] k:out_trade_no=>LX-170731103531901-a
[2017-07-31 13:09:27][info] k:result_code=>SUCCESS
[2017-07-31 13:09:27][info] k:return_code=>SUCCESS
[2017-07-31 13:09:27][info] k:sign=>34A5C31B720F3FB8F0A88B84D6F5A575
[2017-07-31 13:09:27][info] k:time_end=>20170731130914
[2017-07-31 13:09:27][info] k:total_fee=>164000
[2017-07-31 13:09:27][info] k:trade_type=>NATIVE
[2017-07-31 13:09:27][info] k:transaction_id=>4003932001201707313634922329
[2017-07-31 13:09:27][info] ----------------------------------------
[2017-07-31 13:09:27][info] XML_DATA222:{"appid":"wxefc029d4373dcac0","bank_type":"CFT","cash_fee":"1640.00","fee_type":"CNY","is_subscribe":"N","mch_id":"1244967502","nonce_str":"1b9ukr25gyk4oqq4uagwikdz1kw1tju3","openid":"orYumuOkq9fHNlLsGvNBq8k3VliU","out_trade_no":"LX-170731103531901-a","result_code":"SUCCESS","return_code":"SUCCESS","sign":"34A5C31B720F3FB8F0A88B84D6F5A575","time_end":"20170731130914","total_fee":"1640.00","trade_type":"NATIVE","transaction_id":"4003932001201707313634922329"}
[2017-07-31 13:09:27][info] 收到重复信息，并处理反馈成功！
[2017-07-31 13:09:27][info] success
[2017-07-31 13:09:27][info] 写入结束!!!
[2017-07-31 15:39:06][info] ----------------------------------------
[2017-07-31 15:39:06][info] XML_DATA111:[{appid=>wxefc029d4373dcac0}{bank_type=>CFT}{cash_fee=>468000}{fee_type=>CNY}{is_subscribe=>Y}{mch_id=>1244967502}{nonce_str=>mbswt0e7swwaq10tdmzccgw1pzbb6d3s}{openid=>orYumuJaCJ4ck29HxiOQINRPDzyU}{out_trade_no=>LX-17072817424743406-6}{result_code=>SUCCESS}{return_code=>SUCCESS}{sign=>484C1FA4049D72F9D28AAB19FF9012D6}{time_end=>20170731153906}{total_fee=>468000}{trade_type=>NATIVE}{transaction_id=>4006602001201707313658881175}]
[2017-07-31 15:39:06][info] k:appid=>wxefc029d4373dcac0
[2017-07-31 15:39:06][info] k:bank_type=>CFT
[2017-07-31 15:39:06][info] k:cash_fee=>468000
[2017-07-31 15:39:06][info] k:fee_type=>CNY
[2017-07-31 15:39:06][info] k:is_subscribe=>Y
[2017-07-31 15:39:06][info] k:mch_id=>1244967502
[2017-07-31 15:39:06][info] k:nonce_str=>mbswt0e7swwaq10tdmzccgw1pzbb6d3s
[2017-07-31 15:39:06][info] k:openid=>orYumuJaCJ4ck29HxiOQINRPDzyU
[2017-07-31 15:39:06][info] k:out_trade_no=>LX-17072817424743406-6
[2017-07-31 15:39:06][info] k:result_code=>SUCCESS
[2017-07-31 15:39:06][info] k:return_code=>SUCCESS
[2017-07-31 15:39:06][info] k:sign=>484C1FA4049D72F9D28AAB19FF9012D6
[2017-07-31 15:39:06][info] k:time_end=>20170731153906
[2017-07-31 15:39:06][info] k:total_fee=>468000
[2017-07-31 15:39:06][info] k:trade_type=>NATIVE
[2017-07-31 15:39:06][info] k:transaction_id=>4006602001201707313658881175
[2017-07-31 15:39:06][info] ----------------------------------------
[2017-07-31 15:39:06][info] XML_DATA222:{"appid":"wxefc029d4373dcac0","bank_type":"CFT","cash_fee":"4680.00","fee_type":"CNY","is_subscribe":"Y","mch_id":"1244967502","nonce_str":"mbswt0e7swwaq10tdmzccgw1pzbb6d3s","openid":"orYumuJaCJ4ck29HxiOQINRPDzyU","out_trade_no":"LX-17072817424743406-6","result_code":"SUCCESS","return_code":"SUCCESS","sign":"484C1FA4049D72F9D28AAB19FF9012D6","time_end":"20170731153906","total_fee":"4680.00","trade_type":"NATIVE","transaction_id":"4006602001201707313658881175"}
[2017-07-31 15:39:06][warn] 数据存储成功，并成功返回记录编号18367！
[2017-07-31 15:39:19][info] ----------------------------------------
[2017-07-31 15:39:19][info] XML_DATA111:[{appid=>wxefc029d4373dcac0}{bank_type=>CFT}{cash_fee=>468000}{fee_type=>CNY}{is_subscribe=>Y}{mch_id=>1244967502}{nonce_str=>mbswt0e7swwaq10tdmzccgw1pzbb6d3s}{openid=>orYumuJaCJ4ck29HxiOQINRPDzyU}{out_trade_no=>LX-17072817424743406-6}{result_code=>SUCCESS}{return_code=>SUCCESS}{sign=>484C1FA4049D72F9D28AAB19FF9012D6}{time_end=>20170731153906}{total_fee=>468000}{trade_type=>NATIVE}{transaction_id=>4006602001201707313658881175}]
[2017-07-31 15:39:19][info] k:appid=>wxefc029d4373dcac0
[2017-07-31 15:39:19][info] k:bank_type=>CFT
[2017-07-31 15:39:19][info] k:cash_fee=>468000
[2017-07-31 15:39:19][info] k:fee_type=>CNY
[2017-07-31 15:39:19][info] k:is_subscribe=>Y
[2017-07-31 15:39:19][info] k:mch_id=>1244967502
[2017-07-31 15:39:19][info] k:nonce_str=>mbswt0e7swwaq10tdmzccgw1pzbb6d3s
[2017-07-31 15:39:19][info] k:openid=>orYumuJaCJ4ck29HxiOQINRPDzyU
[2017-07-31 15:39:19][info] k:out_trade_no=>LX-17072817424743406-6
[2017-07-31 15:39:19][info] k:result_code=>SUCCESS
[2017-07-31 15:39:19][info] k:return_code=>SUCCESS
[2017-07-31 15:39:19][info] k:sign=>484C1FA4049D72F9D28AAB19FF9012D6
[2017-07-31 15:39:19][info] k:time_end=>20170731153906
[2017-07-31 15:39:19][info] k:total_fee=>468000
[2017-07-31 15:39:19][info] k:trade_type=>NATIVE
[2017-07-31 15:39:19][info] k:transaction_id=>4006602001201707313658881175
[2017-07-31 15:39:19][info] ----------------------------------------
[2017-07-31 15:39:19][info] XML_DATA222:{"appid":"wxefc029d4373dcac0","bank_type":"CFT","cash_fee":"4680.00","fee_type":"CNY","is_subscribe":"Y","mch_id":"1244967502","nonce_str":"mbswt0e7swwaq10tdmzccgw1pzbb6d3s","openid":"orYumuJaCJ4ck29HxiOQINRPDzyU","out_trade_no":"LX-17072817424743406-6","result_code":"SUCCESS","return_code":"SUCCESS","sign":"484C1FA4049D72F9D28AAB19FF9012D6","time_end":"20170731153906","total_fee":"4680.00","trade_type":"NATIVE","transaction_id":"4006602001201707313658881175"}
[2017-07-31 15:39:19][info] 收到重复信息，并处理反馈成功！
[2017-07-31 15:39:19][info] success
[2017-07-31 15:39:19][info] 写入结束!!!
[2017-07-31 16:52:50][info] ----------------------------------------
[2017-07-31 16:52:50][info] XML_DATA111:[{appid=>wxefc029d4373dcac0}{bank_type=>BOC_DEBIT}{cash_fee=>553000}{fee_type=>CNY}{is_subscribe=>Y}{mch_id=>1244967502}{nonce_str=>hk86h2gt7s4eqbjy92g305y16ssu44wn}{openid=>orYumuFDaN8iXsdBPZHf_44hb1CU}{out_trade_no=>LX-17052415433946406-d}{result_code=>SUCCESS}{return_code=>SUCCESS}{sign=>942ACB057E0D078BCD030036C0F4A830}{time_end=>20170731165250}{total_fee=>553000}{trade_type=>NATIVE}{transaction_id=>4003862001201707313666228556}]
[2017-07-31 16:52:50][info] k:appid=>wxefc029d4373dcac0
[2017-07-31 16:52:50][info] k:bank_type=>BOC_DEBIT
[2017-07-31 16:52:50][info] k:cash_fee=>553000
[2017-07-31 16:52:50][info] k:fee_type=>CNY
[2017-07-31 16:52:50][info] k:is_subscribe=>Y
[2017-07-31 16:52:50][info] k:mch_id=>1244967502
[2017-07-31 16:52:50][info] k:nonce_str=>hk86h2gt7s4eqbjy92g305y16ssu44wn
[2017-07-31 16:52:50][info] k:openid=>orYumuFDaN8iXsdBPZHf_44hb1CU
[2017-07-31 16:52:50][info] k:out_trade_no=>LX-17052415433946406-d
[2017-07-31 16:52:50][info] k:result_code=>SUCCESS
[2017-07-31 16:52:50][info] k:return_code=>SUCCESS
[2017-07-31 16:52:50][info] k:sign=>942ACB057E0D078BCD030036C0F4A830
[2017-07-31 16:52:50][info] k:time_end=>20170731165250
[2017-07-31 16:52:50][info] k:total_fee=>553000
[2017-07-31 16:52:50][info] k:trade_type=>NATIVE
[2017-07-31 16:52:50][info] k:transaction_id=>4003862001201707313666228556
[2017-07-31 16:52:50][info] ----------------------------------------
[2017-07-31 16:52:50][info] XML_DATA222:{"appid":"wxefc029d4373dcac0","bank_type":"BOC_DEBIT","cash_fee":"5530.00","fee_type":"CNY","is_subscribe":"Y","mch_id":"1244967502","nonce_str":"hk86h2gt7s4eqbjy92g305y16ssu44wn","openid":"orYumuFDaN8iXsdBPZHf_44hb1CU","out_trade_no":"LX-17052415433946406-d","result_code":"SUCCESS","return_code":"SUCCESS","sign":"942ACB057E0D078BCD030036C0F4A830","time_end":"20170731165250","total_fee":"5530.00","trade_type":"NATIVE","transaction_id":"4003862001201707313666228556"}
[2017-07-31 16:52:51][warn] 数据存储成功，并成功返回记录编号18371！
[2017-07-31 16:53:06][info] ----------------------------------------
[2017-07-31 16:53:06][info] XML_DATA111:[{appid=>wxefc029d4373dcac0}{bank_type=>BOC_DEBIT}{cash_fee=>553000}{fee_type=>CNY}{is_subscribe=>Y}{mch_id=>1244967502}{nonce_str=>hk86h2gt7s4eqbjy92g305y16ssu44wn}{openid=>orYumuFDaN8iXsdBPZHf_44hb1CU}{out_trade_no=>LX-17052415433946406-d}{result_code=>SUCCESS}{return_code=>SUCCESS}{sign=>942ACB057E0D078BCD030036C0F4A830}{time_end=>20170731165250}{total_fee=>553000}{trade_type=>NATIVE}{transaction_id=>4003862001201707313666228556}]
[2017-07-31 16:53:06][info] k:appid=>wxefc029d4373dcac0
[2017-07-31 16:53:06][info] k:bank_type=>BOC_DEBIT
[2017-07-31 16:53:06][info] k:cash_fee=>553000
[2017-07-31 16:53:06][info] k:fee_type=>CNY
[2017-07-31 16:53:06][info] k:is_subscribe=>Y
[2017-07-31 16:53:06][info] k:mch_id=>1244967502
[2017-07-31 16:53:06][info] k:nonce_str=>hk86h2gt7s4eqbjy92g305y16ssu44wn
[2017-07-31 16:53:06][info] k:openid=>orYumuFDaN8iXsdBPZHf_44hb1CU
[2017-07-31 16:53:06][info] k:out_trade_no=>LX-17052415433946406-d
[2017-07-31 16:53:06][info] k:result_code=>SUCCESS
[2017-07-31 16:53:06][info] k:return_code=>SUCCESS
[2017-07-31 16:53:06][info] k:sign=>942ACB057E0D078BCD030036C0F4A830
[2017-07-31 16:53:06][info] k:time_end=>20170731165250
[2017-07-31 16:53:06][info] k:total_fee=>553000
[2017-07-31 16:53:06][info] k:trade_type=>NATIVE
[2017-07-31 16:53:06][info] k:transaction_id=>4003862001201707313666228556
[2017-07-31 16:53:06][info] ----------------------------------------
[2017-07-31 16:53:06][info] XML_DATA222:{"appid":"wxefc029d4373dcac0","bank_type":"BOC_DEBIT","cash_fee":"5530.00","fee_type":"CNY","is_subscribe":"Y","mch_id":"1244967502","nonce_str":"hk86h2gt7s4eqbjy92g305y16ssu44wn","openid":"orYumuFDaN8iXsdBPZHf_44hb1CU","out_trade_no":"LX-17052415433946406-d","result_code":"SUCCESS","return_code":"SUCCESS","sign":"942ACB057E0D078BCD030036C0F4A830","time_end":"20170731165250","total_fee":"5530.00","trade_type":"NATIVE","transaction_id":"4003862001201707313666228556"}
[2017-07-31 16:53:06][info] 收到重复信息，并处理反馈成功！
[2017-07-31 16:53:06][info] success
[2017-07-31 16:53:06][info] 写入结束!!!
[2017-07-31 17:19:14][info] ----------------------------------------
[2017-07-31 17:19:14][info] XML_DATA111:[{appid=>wxefc029d4373dcac0}{bank_type=>CFT}{cash_fee=>164000}{fee_type=>CNY}{is_subscribe=>N}{mch_id=>1244967502}{nonce_str=>bgjrb2789bnj07pbwf9v7e03gwas07e3}{openid=>orYumuOkq9fHNlLsGvNBq8k3VliU}{out_trade_no=>LX-17073116415171401-9}{result_code=>SUCCESS}{return_code=>SUCCESS}{sign=>3B9CB5646288E46761CE42F5D07C08F0}{time_end=>20170731171914}{total_fee=>164000}{trade_type=>NATIVE}{transaction_id=>4003932001201707313672253006}]
[2017-07-31 17:19:14][info] k:appid=>wxefc029d4373dcac0
[2017-07-31 17:19:14][info] k:bank_type=>CFT
[2017-07-31 17:19:14][info] k:cash_fee=>164000
[2017-07-31 17:19:14][info] k:fee_type=>CNY
[2017-07-31 17:19:14][info] k:is_subscribe=>N
[2017-07-31 17:19:14][info] k:mch_id=>1244967502
[2017-07-31 17:19:14][info] k:nonce_str=>bgjrb2789bnj07pbwf9v7e03gwas07e3
[2017-07-31 17:19:14][info] k:openid=>orYumuOkq9fHNlLsGvNBq8k3VliU
[2017-07-31 17:19:14][info] k:out_trade_no=>LX-17073116415171401-9
[2017-07-31 17:19:14][info] k:result_code=>SUCCESS
[2017-07-31 17:19:14][info] k:return_code=>SUCCESS
[2017-07-31 17:19:14][info] k:sign=>3B9CB5646288E46761CE42F5D07C08F0
[2017-07-31 17:19:14][info] k:time_end=>20170731171914
[2017-07-31 17:19:14][info] k:total_fee=>164000
[2017-07-31 17:19:14][info] k:trade_type=>NATIVE
[2017-07-31 17:19:14][info] k:transaction_id=>4003932001201707313672253006
[2017-07-31 17:19:14][info] ----------------------------------------
[2017-07-31 17:19:14][info] XML_DATA222:{"appid":"wxefc029d4373dcac0","bank_type":"CFT","cash_fee":"1640.00","fee_type":"CNY","is_subscribe":"N","mch_id":"1244967502","nonce_str":"bgjrb2789bnj07pbwf9v7e03gwas07e3","openid":"orYumuOkq9fHNlLsGvNBq8k3VliU","out_trade_no":"LX-17073116415171401-9","result_code":"SUCCESS","return_code":"SUCCESS","sign":"3B9CB5646288E46761CE42F5D07C08F0","time_end":"20170731171914","total_fee":"1640.00","trade_type":"NATIVE","transaction_id":"4003932001201707313672253006"}
[2017-07-31 17:19:14][warn] 数据存储成功，并成功返回记录编号18373！
[2017-07-31 17:19:27][info] ----------------------------------------
[2017-07-31 17:19:27][info] XML_DATA111:[{appid=>wxefc029d4373dcac0}{bank_type=>CFT}{cash_fee=>164000}{fee_type=>CNY}{is_subscribe=>N}{mch_id=>1244967502}{nonce_str=>bgjrb2789bnj07pbwf9v7e03gwas07e3}{openid=>orYumuOkq9fHNlLsGvNBq8k3VliU}{out_trade_no=>LX-17073116415171401-9}{result_code=>SUCCESS}{return_code=>SUCCESS}{sign=>3B9CB5646288E46761CE42F5D07C08F0}{time_end=>20170731171914}{total_fee=>164000}{trade_type=>NATIVE}{transaction_id=>4003932001201707313672253006}]
[2017-07-31 17:19:27][info] k:appid=>wxefc029d4373dcac0
[2017-07-31 17:19:27][info] k:bank_type=>CFT
[2017-07-31 17:19:27][info] k:cash_fee=>164000
[2017-07-31 17:19:27][info] k:fee_type=>CNY
[2017-07-31 17:19:27][info] k:is_subscribe=>N
[2017-07-31 17:19:27][info] k:mch_id=>1244967502
[2017-07-31 17:19:27][info] k:nonce_str=>bgjrb2789bnj07pbwf9v7e03gwas07e3
[2017-07-31 17:19:27][info] k:openid=>orYumuOkq9fHNlLsGvNBq8k3VliU
[2017-07-31 17:19:27][info] k:out_trade_no=>LX-17073116415171401-9
[2017-07-31 17:19:27][info] k:result_code=>SUCCESS
[2017-07-31 17:19:27][info] k:return_code=>SUCCESS
[2017-07-31 17:19:27][info] k:sign=>3B9CB5646288E46761CE42F5D07C08F0
[2017-07-31 17:19:27][info] k:time_end=>20170731171914
[2017-07-31 17:19:27][info] k:total_fee=>164000
[2017-07-31 17:19:27][info] k:trade_type=>NATIVE
[2017-07-31 17:19:27][info] k:transaction_id=>4003932001201707313672253006
[2017-07-31 17:19:27][info] ----------------------------------------
[2017-07-31 17:19:27][info] XML_DATA222:{"appid":"wxefc029d4373dcac0","bank_type":"CFT","cash_fee":"1640.00","fee_type":"CNY","is_subscribe":"N","mch_id":"1244967502","nonce_str":"bgjrb2789bnj07pbwf9v7e03gwas07e3","openid":"orYumuOkq9fHNlLsGvNBq8k3VliU","out_trade_no":"LX-17073116415171401-9","result_code":"SUCCESS","return_code":"SUCCESS","sign":"3B9CB5646288E46761CE42F5D07C08F0","time_end":"20170731171914","total_fee":"1640.00","trade_type":"NATIVE","transaction_id":"4003932001201707313672253006"}
[2017-07-31 17:19:27][info] 收到重复信息，并处理反馈成功！
[2017-07-31 17:19:27][info] success
[2017-07-31 17:19:27][info] 写入结束!!!
[2017-07-31 20:01:08][info] ----------------------------------------
[2017-07-31 20:01:08][info] XML_DATA111:[{appid=>wxefc029d4373dcac0}{bank_type=>ICBC_DEBIT}{cash_fee=>864000}{fee_type=>CNY}{is_subscribe=>N}{mch_id=>1244967502}{nonce_str=>ms36kopmhmdl8clvua95fskglv7om9ye}{openid=>orYumuKXiouVDPebKw2QEz0ONHDY}{out_trade_no=>LX-17072821133199606-b}{result_code=>SUCCESS}{return_code=>SUCCESS}{sign=>BC630B7DCFC5DF277776F3AFBFAF4761}{time_end=>20170731200107}{total_fee=>864000}{trade_type=>NATIVE}{transaction_id=>4004422001201707313703684488}]
[2017-07-31 20:01:08][info] k:appid=>wxefc029d4373dcac0
[2017-07-31 20:01:08][info] k:bank_type=>ICBC_DEBIT
[2017-07-31 20:01:08][info] k:cash_fee=>864000
[2017-07-31 20:01:08][info] k:fee_type=>CNY
[2017-07-31 20:01:08][info] k:is_subscribe=>N
[2017-07-31 20:01:08][info] k:mch_id=>1244967502
[2017-07-31 20:01:08][info] k:nonce_str=>ms36kopmhmdl8clvua95fskglv7om9ye
[2017-07-31 20:01:08][info] k:openid=>orYumuKXiouVDPebKw2QEz0ONHDY
[2017-07-31 20:01:08][info] k:out_trade_no=>LX-17072821133199606-b
[2017-07-31 20:01:08][info] k:result_code=>SUCCESS
[2017-07-31 20:01:08][info] k:return_code=>SUCCESS
[2017-07-31 20:01:08][info] k:sign=>BC630B7DCFC5DF277776F3AFBFAF4761
[2017-07-31 20:01:08][info] k:time_end=>20170731200107
[2017-07-31 20:01:08][info] k:total_fee=>864000
[2017-07-31 20:01:08][info] k:trade_type=>NATIVE
[2017-07-31 20:01:08][info] k:transaction_id=>4004422001201707313703684488
[2017-07-31 20:01:08][info] ----------------------------------------
[2017-07-31 20:01:08][info] XML_DATA222:{"appid":"wxefc029d4373dcac0","bank_type":"ICBC_DEBIT","cash_fee":"8640.00","fee_type":"CNY","is_subscribe":"N","mch_id":"1244967502","nonce_str":"ms36kopmhmdl8clvua95fskglv7om9ye","openid":"orYumuKXiouVDPebKw2QEz0ONHDY","out_trade_no":"LX-17072821133199606-b","result_code":"SUCCESS","return_code":"SUCCESS","sign":"BC630B7DCFC5DF277776F3AFBFAF4761","time_end":"20170731200107","total_fee":"8640.00","trade_type":"NATIVE","transaction_id":"4004422001201707313703684488"}
[2017-07-31 20:01:08][warn] 数据存储成功，并成功返回记录编号18376！
[2017-07-31 20:01:20][info] ----------------------------------------
[2017-07-31 20:01:20][info] XML_DATA111:[{appid=>wxefc029d4373dcac0}{bank_type=>ICBC_DEBIT}{cash_fee=>864000}{fee_type=>CNY}{is_subscribe=>N}{mch_id=>1244967502}{nonce_str=>ms36kopmhmdl8clvua95fskglv7om9ye}{openid=>orYumuKXiouVDPebKw2QEz0ONHDY}{out_trade_no=>LX-17072821133199606-b}{result_code=>SUCCESS}{return_code=>SUCCESS}{sign=>BC630B7DCFC5DF277776F3AFBFAF4761}{time_end=>20170731200107}{total_fee=>864000}{trade_type=>NATIVE}{transaction_id=>4004422001201707313703684488}]
[2017-07-31 20:01:20][info] k:appid=>wxefc029d4373dcac0
[2017-07-31 20:01:20][info] k:bank_type=>ICBC_DEBIT
[2017-07-31 20:01:20][info] k:cash_fee=>864000
[2017-07-31 20:01:20][info] k:fee_type=>CNY
[2017-07-31 20:01:20][info] k:is_subscribe=>N
[2017-07-31 20:01:20][info] k:mch_id=>1244967502
[2017-07-31 20:01:20][info] k:nonce_str=>ms36kopmhmdl8clvua95fskglv7om9ye
[2017-07-31 20:01:20][info] k:openid=>orYumuKXiouVDPebKw2QEz0ONHDY
[2017-07-31 20:01:20][info] k:out_trade_no=>LX-17072821133199606-b
[2017-07-31 20:01:20][info] k:result_code=>SUCCESS
[2017-07-31 20:01:20][info] k:return_code=>SUCCESS
[2017-07-31 20:01:20][info] k:sign=>BC630B7DCFC5DF277776F3AFBFAF4761
[2017-07-31 20:01:20][info] k:time_end=>20170731200107
[2017-07-31 20:01:20][info] k:total_fee=>864000
[2017-07-31 20:01:20][info] k:trade_type=>NATIVE
[2017-07-31 20:01:20][info] k:transaction_id=>4004422001201707313703684488
[2017-07-31 20:01:20][info] ----------------------------------------
[2017-07-31 20:01:20][info] XML_DATA222:{"appid":"wxefc029d4373dcac0","bank_type":"ICBC_DEBIT","cash_fee":"8640.00","fee_type":"CNY","is_subscribe":"N","mch_id":"1244967502","nonce_str":"ms36kopmhmdl8clvua95fskglv7om9ye","openid":"orYumuKXiouVDPebKw2QEz0ONHDY","out_trade_no":"LX-17072821133199606-b","result_code":"SUCCESS","return_code":"SUCCESS","sign":"BC630B7DCFC5DF277776F3AFBFAF4761","time_end":"20170731200107","total_fee":"8640.00","trade_type":"NATIVE","transaction_id":"4004422001201707313703684488"}
[2017-07-31 20:01:20][info] 收到重复信息，并处理反馈成功！
[2017-07-31 20:01:20][info] success
[2017-07-31 20:01:20][info] 写入结束!!!
[2017-07-31 22:15:57][info] ----------------------------------------
[2017-07-31 22:15:57][info] XML_DATA111:[{appid=>wxefc029d4373dcac0}{bank_type=>CMBC_DEBIT}{cash_fee=>1034000}{fee_type=>CNY}{is_subscribe=>Y}{mch_id=>1244967502}{nonce_str=>qycfw5n8a24q4w6sc7zhdfr7ka4hlt6l}{openid=>orYumuCQMt_ffch5aR018ZYaC_hY}{out_trade_no=>LX-1707311934399006-5}{result_code=>SUCCESS}{return_code=>SUCCESS}{sign=>653E891804CA8E7DC2D270BD78C2A432}{time_end=>20170731221556}{total_fee=>1034000}{trade_type=>NATIVE}{transaction_id=>4005132001201707313727448756}]
[2017-07-31 22:15:57][info] k:appid=>wxefc029d4373dcac0
[2017-07-31 22:15:57][info] k:bank_type=>CMBC_DEBIT
[2017-07-31 22:15:57][info] k:cash_fee=>1034000
[2017-07-31 22:15:57][info] k:fee_type=>CNY
[2017-07-31 22:15:57][info] k:is_subscribe=>Y
[2017-07-31 22:15:57][info] k:mch_id=>1244967502
[2017-07-31 22:15:57][info] k:nonce_str=>qycfw5n8a24q4w6sc7zhdfr7ka4hlt6l
[2017-07-31 22:15:57][info] k:openid=>orYumuCQMt_ffch5aR018ZYaC_hY
[2017-07-31 22:15:57][info] k:out_trade_no=>LX-1707311934399006-5
[2017-07-31 22:15:57][info] k:result_code=>SUCCESS
[2017-07-31 22:15:57][info] k:return_code=>SUCCESS
[2017-07-31 22:15:57][info] k:sign=>653E891804CA8E7DC2D270BD78C2A432
[2017-07-31 22:15:57][info] k:time_end=>20170731221556
[2017-07-31 22:15:57][info] k:total_fee=>1034000
[2017-07-31 22:15:57][info] k:trade_type=>NATIVE
[2017-07-31 22:15:57][info] k:transaction_id=>4005132001201707313727448756
[2017-07-31 22:15:57][info] ----------------------------------------
[2017-07-31 22:15:57][info] XML_DATA222:{"appid":"wxefc029d4373dcac0","bank_type":"CMBC_DEBIT","cash_fee":"10340.00","fee_type":"CNY","is_subscribe":"Y","mch_id":"1244967502","nonce_str":"qycfw5n8a24q4w6sc7zhdfr7ka4hlt6l","openid":"orYumuCQMt_ffch5aR018ZYaC_hY","out_trade_no":"LX-1707311934399006-5","result_code":"SUCCESS","return_code":"SUCCESS","sign":"653E891804CA8E7DC2D270BD78C2A432","time_end":"20170731221556","total_fee":"10340.00","trade_type":"NATIVE","transaction_id":"4005132001201707313727448756"}
[2017-07-31 22:15:57][warn] 数据存储成功，并成功返回记录编号18382！
[2017-07-31 22:16:12][info] ----------------------------------------
[2017-07-31 22:16:12][info] XML_DATA111:[{appid=>wxefc029d4373dcac0}{bank_type=>CMBC_DEBIT}{cash_fee=>1034000}{fee_type=>CNY}{is_subscribe=>Y}{mch_id=>1244967502}{nonce_str=>qycfw5n8a24q4w6sc7zhdfr7ka4hlt6l}{openid=>orYumuCQMt_ffch5aR018ZYaC_hY}{out_trade_no=>LX-1707311934399006-5}{result_code=>SUCCESS}{return_code=>SUCCESS}{sign=>653E891804CA8E7DC2D270BD78C2A432}{time_end=>20170731221556}{total_fee=>1034000}{trade_type=>NATIVE}{transaction_id=>4005132001201707313727448756}]
[2017-07-31 22:16:12][info] k:appid=>wxefc029d4373dcac0
[2017-07-31 22:16:12][info] k:bank_type=>CMBC_DEBIT
[2017-07-31 22:16:12][info] k:cash_fee=>1034000
[2017-07-31 22:16:12][info] k:fee_type=>CNY
[2017-07-31 22:16:12][info] k:is_subscribe=>Y
[2017-07-31 22:16:12][info] k:mch_id=>1244967502
[2017-07-31 22:16:12][info] k:nonce_str=>qycfw5n8a24q4w6sc7zhdfr7ka4hlt6l
[2017-07-31 22:16:12][info] k:openid=>orYumuCQMt_ffch5aR018ZYaC_hY
[2017-07-31 22:16:12][info] k:out_trade_no=>LX-1707311934399006-5
[2017-07-31 22:16:12][info] k:result_code=>SUCCESS
[2017-07-31 22:16:12][info] k:return_code=>SUCCESS
[2017-07-31 22:16:12][info] k:sign=>653E891804CA8E7DC2D270BD78C2A432
[2017-07-31 22:16:12][info] k:time_end=>20170731221556
[2017-07-31 22:16:12][info] k:total_fee=>1034000
[2017-07-31 22:16:12][info] k:trade_type=>NATIVE
[2017-07-31 22:16:12][info] k:transaction_id=>4005132001201707313727448756
[2017-07-31 22:16:12][info] ----------------------------------------
[2017-07-31 22:16:12][info] XML_DATA222:{"appid":"wxefc029d4373dcac0","bank_type":"CMBC_DEBIT","cash_fee":"10340.00","fee_type":"CNY","is_subscribe":"Y","mch_id":"1244967502","nonce_str":"qycfw5n8a24q4w6sc7zhdfr7ka4hlt6l","openid":"orYumuCQMt_ffch5aR018ZYaC_hY","out_trade_no":"LX-1707311934399006-5","result_code":"SUCCESS","return_code":"SUCCESS","sign":"653E891804CA8E7DC2D270BD78C2A432","time_end":"20170731221556","total_fee":"10340.00","trade_type":"NATIVE","transaction_id":"4005132001201707313727448756"}
[2017-07-31 22:16:12][info] 收到重复信息，并处理反馈成功！
[2017-07-31 22:16:12][info] success
[2017-07-31 22:16:12][info] 写入结束!!!
