[2017-10-11 10:32:56][info] ----------------------------------------
[2017-10-11 10:32:56][info] XML_DATA111:[{appid=>wxefc029d4373dcac0}{bank_type=>CCB_DEBIT}{cash_fee=>718000}{fee_type=>CNY}{is_subscribe=>N}{mch_id=>1244967502}{nonce_str=>x0hna7pqt2ixsz91zq4xjczxdq65jmvt}{openid=>orYumuIGRj-izie4VUaxGKeYb5ds}{out_trade_no=>LX-17101110133430801-5}{result_code=>SUCCESS}{return_code=>SUCCESS}{sign=>626522CA4F8B0FFEE532B473277889FF}{time_end=>20171011103255}{total_fee=>718000}{trade_type=>NATIVE}{transaction_id=>4200000010201710117376388874}]
[2017-10-11 10:32:56][info] k:appid=>wxefc029d4373dcac0
[2017-10-11 10:32:56][info] k:bank_type=>CCB_DEBIT
[2017-10-11 10:32:56][info] k:cash_fee=>718000
[2017-10-11 10:32:56][info] k:fee_type=>CNY
[2017-10-11 10:32:56][info] k:is_subscribe=>N
[2017-10-11 10:32:56][info] k:mch_id=>1244967502
[2017-10-11 10:32:56][info] k:nonce_str=>x0hna7pqt2ixsz91zq4xjczxdq65jmvt
[2017-10-11 10:32:56][info] k:openid=>orYumuIGRj-izie4VUaxGKeYb5ds
[2017-10-11 10:32:56][info] k:out_trade_no=>LX-17101110133430801-5
[2017-10-11 10:32:56][info] k:result_code=>SUCCESS
[2017-10-11 10:32:56][info] k:return_code=>SUCCESS
[2017-10-11 10:32:56][info] k:sign=>626522CA4F8B0FFEE532B473277889FF
[2017-10-11 10:32:56][info] k:time_end=>20171011103255
[2017-10-11 10:32:56][info] k:total_fee=>718000
[2017-10-11 10:32:56][info] k:trade_type=>NATIVE
[2017-10-11 10:32:56][info] k:transaction_id=>4200000010201710117376388874
[2017-10-11 10:32:56][info] ----------------------------------------
[2017-10-11 10:32:56][info] XML_DATA222:{"appid":"wxefc029d4373dcac0","bank_type":"CCB_DEBIT","cash_fee":"7180.00","fee_type":"CNY","is_subscribe":"N","mch_id":"1244967502","nonce_str":"x0hna7pqt2ixsz91zq4xjczxdq65jmvt","openid":"orYumuIGRj-izie4VUaxGKeYb5ds","out_trade_no":"LX-17101110133430801-5","result_code":"SUCCESS","return_code":"SUCCESS","sign":"626522CA4F8B0FFEE532B473277889FF","time_end":"20171011103255","total_fee":"7180.00","trade_type":"NATIVE","transaction_id":"4200000010201710117376388874"}
[2017-10-11 10:32:56][warn] 数据存储成功，并成功返回记录编号19403！
[2017-10-11 10:33:07][info] ----------------------------------------
[2017-10-11 10:33:07][info] XML_DATA111:[{appid=>wxefc029d4373dcac0}{bank_type=>CCB_DEBIT}{cash_fee=>718000}{fee_type=>CNY}{is_subscribe=>N}{mch_id=>1244967502}{nonce_str=>x0hna7pqt2ixsz91zq4xjczxdq65jmvt}{openid=>orYumuIGRj-izie4VUaxGKeYb5ds}{out_trade_no=>LX-17101110133430801-5}{result_code=>SUCCESS}{return_code=>SUCCESS}{sign=>626522CA4F8B0FFEE532B473277889FF}{time_end=>20171011103255}{total_fee=>718000}{trade_type=>NATIVE}{transaction_id=>4200000010201710117376388874}]
[2017-10-11 10:33:07][info] k:appid=>wxefc029d4373dcac0
[2017-10-11 10:33:07][info] k:bank_type=>CCB_DEBIT
[2017-10-11 10:33:07][info] k:cash_fee=>718000
[2017-10-11 10:33:07][info] k:fee_type=>CNY
[2017-10-11 10:33:07][info] k:is_subscribe=>N
[2017-10-11 10:33:07][info] k:mch_id=>1244967502
[2017-10-11 10:33:07][info] k:nonce_str=>x0hna7pqt2ixsz91zq4xjczxdq65jmvt
[2017-10-11 10:33:07][info] k:openid=>orYumuIGRj-izie4VUaxGKeYb5ds
[2017-10-11 10:33:07][info] k:out_trade_no=>LX-17101110133430801-5
[2017-10-11 10:33:07][info] k:result_code=>SUCCESS
[2017-10-11 10:33:07][info] k:return_code=>SUCCESS
[2017-10-11 10:33:07][info] k:sign=>626522CA4F8B0FFEE532B473277889FF
[2017-10-11 10:33:07][info] k:time_end=>20171011103255
[2017-10-11 10:33:07][info] k:total_fee=>718000
[2017-10-11 10:33:07][info] k:trade_type=>NATIVE
[2017-10-11 10:33:07][info] k:transaction_id=>4200000010201710117376388874
[2017-10-11 10:33:07][info] ----------------------------------------
[2017-10-11 10:33:07][info] XML_DATA222:{"appid":"wxefc029d4373dcac0","bank_type":"CCB_DEBIT","cash_fee":"7180.00","fee_type":"CNY","is_subscribe":"N","mch_id":"1244967502","nonce_str":"x0hna7pqt2ixsz91zq4xjczxdq65jmvt","openid":"orYumuIGRj-izie4VUaxGKeYb5ds","out_trade_no":"LX-17101110133430801-5","result_code":"SUCCESS","return_code":"SUCCESS","sign":"626522CA4F8B0FFEE532B473277889FF","time_end":"20171011103255","total_fee":"7180.00","trade_type":"NATIVE","transaction_id":"4200000010201710117376388874"}
[2017-10-11 10:33:07][info] 收到重复信息，并处理反馈成功！
[2017-10-11 10:33:07][info] success
[2017-10-11 10:33:07][info] 写入结束!!!
