[2017-07-30 20:00:09][info] ----------------------------------------
[2017-07-30 20:00:09][info] XML_DATA111:[{appid=>wxefc029d4373dcac0}{bank_type=>CCB_DEBIT}{cash_fee=>612000}{fee_type=>CNY}{is_subscribe=>N}{mch_id=>1244967502}{nonce_str=>nkfzgzpmw9s9qrwtwsyt8w7qhskk6zv1}{openid=>orYumuPYWHdQInowm7E73aUFLaFA}{out_trade_no=>LX-1707091159274306-4}{result_code=>SUCCESS}{return_code=>SUCCESS}{sign=>4E0BD174C724B6272E6BB3BF8F5A7C1B}{time_end=>20170730200007}{total_fee=>612000}{trade_type=>NATIVE}{transaction_id=>4003082001201707303528721060}]
[2017-07-30 20:00:09][info] k:appid=>wxefc029d4373dcac0
[2017-07-30 20:00:09][info] k:bank_type=>CCB_DEBIT
[2017-07-30 20:00:09][info] k:cash_fee=>612000
[2017-07-30 20:00:09][info] k:fee_type=>CNY
[2017-07-30 20:00:09][info] k:is_subscribe=>N
[2017-07-30 20:00:09][info] k:mch_id=>1244967502
[2017-07-30 20:00:09][info] k:nonce_str=>nkfzgzpmw9s9qrwtwsyt8w7qhskk6zv1
[2017-07-30 20:00:09][info] k:openid=>orYumuPYWHdQInowm7E73aUFLaFA
[2017-07-30 20:00:09][info] k:out_trade_no=>LX-1707091159274306-4
[2017-07-30 20:00:09][info] k:result_code=>SUCCESS
[2017-07-30 20:00:09][info] k:return_code=>SUCCESS
[2017-07-30 20:00:09][info] k:sign=>4E0BD174C724B6272E6BB3BF8F5A7C1B
[2017-07-30 20:00:09][info] k:time_end=>20170730200007
[2017-07-30 20:00:09][info] k:total_fee=>612000
[2017-07-30 20:00:09][info] k:trade_type=>NATIVE
[2017-07-30 20:00:09][info] k:transaction_id=>4003082001201707303528721060
[2017-07-30 20:00:09][info] ----------------------------------------
[2017-07-30 20:00:09][info] XML_DATA222:{"appid":"wxefc029d4373dcac0","bank_type":"CCB_DEBIT","cash_fee":"6120.00","fee_type":"CNY","is_subscribe":"N","mch_id":"1244967502","nonce_str":"nkfzgzpmw9s9qrwtwsyt8w7qhskk6zv1","openid":"orYumuPYWHdQInowm7E73aUFLaFA","out_trade_no":"LX-1707091159274306-4","result_code":"SUCCESS","return_code":"SUCCESS","sign":"4E0BD174C724B6272E6BB3BF8F5A7C1B","time_end":"20170730200007","total_fee":"6120.00","trade_type":"NATIVE","transaction_id":"4003082001201707303528721060"}
[2017-07-30 20:00:09][warn] 数据存储成功，并成功返回记录编号18353！
[2017-07-30 20:00:18][info] ----------------------------------------
[2017-07-30 20:00:18][info] XML_DATA111:[{appid=>wxefc029d4373dcac0}{bank_type=>CCB_DEBIT}{cash_fee=>612000}{fee_type=>CNY}{is_subscribe=>N}{mch_id=>1244967502}{nonce_str=>nkfzgzpmw9s9qrwtwsyt8w7qhskk6zv1}{openid=>orYumuPYWHdQInowm7E73aUFLaFA}{out_trade_no=>LX-1707091159274306-4}{result_code=>SUCCESS}{return_code=>SUCCESS}{sign=>4E0BD174C724B6272E6BB3BF8F5A7C1B}{time_end=>20170730200007}{total_fee=>612000}{trade_type=>NATIVE}{transaction_id=>4003082001201707303528721060}]
[2017-07-30 20:00:18][info] k:appid=>wxefc029d4373dcac0
[2017-07-30 20:00:18][info] k:bank_type=>CCB_DEBIT
[2017-07-30 20:00:18][info] k:cash_fee=>612000
[2017-07-30 20:00:18][info] k:fee_type=>CNY
[2017-07-30 20:00:18][info] k:is_subscribe=>N
[2017-07-30 20:00:18][info] k:mch_id=>1244967502
[2017-07-30 20:00:18][info] k:nonce_str=>nkfzgzpmw9s9qrwtwsyt8w7qhskk6zv1
[2017-07-30 20:00:18][info] k:openid=>orYumuPYWHdQInowm7E73aUFLaFA
[2017-07-30 20:00:18][info] k:out_trade_no=>LX-1707091159274306-4
[2017-07-30 20:00:18][info] k:result_code=>SUCCESS
[2017-07-30 20:00:18][info] k:return_code=>SUCCESS
[2017-07-30 20:00:18][info] k:sign=>4E0BD174C724B6272E6BB3BF8F5A7C1B
[2017-07-30 20:00:18][info] k:time_end=>20170730200007
[2017-07-30 20:00:18][info] k:total_fee=>612000
[2017-07-30 20:00:18][info] k:trade_type=>NATIVE
[2017-07-30 20:00:18][info] k:transaction_id=>4003082001201707303528721060
[2017-07-30 20:00:18][info] ----------------------------------------
[2017-07-30 20:00:18][info] XML_DATA222:{"appid":"wxefc029d4373dcac0","bank_type":"CCB_DEBIT","cash_fee":"6120.00","fee_type":"CNY","is_subscribe":"N","mch_id":"1244967502","nonce_str":"nkfzgzpmw9s9qrwtwsyt8w7qhskk6zv1","openid":"orYumuPYWHdQInowm7E73aUFLaFA","out_trade_no":"LX-1707091159274306-4","result_code":"SUCCESS","return_code":"SUCCESS","sign":"4E0BD174C724B6272E6BB3BF8F5A7C1B","time_end":"20170730200007","total_fee":"6120.00","trade_type":"NATIVE","transaction_id":"4003082001201707303528721060"}
[2017-07-30 20:00:18][info] 收到重复信息，并处理反馈成功！
[2017-07-30 20:00:18][info] success
[2017-07-30 20:00:18][info] 写入结束!!!
