[2017-06-21 10:05:59][info] ----------------------------------------
[2017-06-21 10:05:59][info] XML_DATA111:[{appid=>wxefc029d4373dcac0}{bank_type=>PAB_CREDIT}{cash_fee=>527000}{fee_type=>CNY}{is_subscribe=>N}{mch_id=>1244967502}{nonce_str=>div7i95bht6k4spa1y5bwc4abdcho9r7}{openid=>orYumuFVx2Dgf64UXQSF7G2cTXHY}{out_trade_no=>LX-17060323405979706-6}{result_code=>SUCCESS}{return_code=>SUCCESS}{sign=>F5C3641405EF8F69AEA415121BCF92F7}{time_end=>20170621100559}{total_fee=>527000}{trade_type=>NATIVE}{transaction_id=>4000142001201706216706990448}]
[2017-06-21 10:05:59][info] k:appid=>wxefc029d4373dcac0
[2017-06-21 10:05:59][info] k:bank_type=>PAB_CREDIT
[2017-06-21 10:05:59][info] k:cash_fee=>527000
[2017-06-21 10:05:59][info] k:fee_type=>CNY
[2017-06-21 10:05:59][info] k:is_subscribe=>N
[2017-06-21 10:05:59][info] k:mch_id=>1244967502
[2017-06-21 10:05:59][info] k:nonce_str=>div7i95bht6k4spa1y5bwc4abdcho9r7
[2017-06-21 10:05:59][info] k:openid=>orYumuFVx2Dgf64UXQSF7G2cTXHY
[2017-06-21 10:05:59][info] k:out_trade_no=>LX-17060323405979706-6
[2017-06-21 10:05:59][info] k:result_code=>SUCCESS
[2017-06-21 10:05:59][info] k:return_code=>SUCCESS
[2017-06-21 10:05:59][info] k:sign=>F5C3641405EF8F69AEA415121BCF92F7
[2017-06-21 10:05:59][info] k:time_end=>20170621100559
[2017-06-21 10:05:59][info] k:total_fee=>527000
[2017-06-21 10:05:59][info] k:trade_type=>NATIVE
[2017-06-21 10:05:59][info] k:transaction_id=>4000142001201706216706990448
[2017-06-21 10:05:59][info] ----------------------------------------
[2017-06-21 10:05:59][info] XML_DATA222:{"appid":"wxefc029d4373dcac0","bank_type":"PAB_CREDIT","cash_fee":"5270.00","fee_type":"CNY","is_subscribe":"N","mch_id":"1244967502","nonce_str":"div7i95bht6k4spa1y5bwc4abdcho9r7","openid":"orYumuFVx2Dgf64UXQSF7G2cTXHY","out_trade_no":"LX-17060323405979706-6","result_code":"SUCCESS","return_code":"SUCCESS","sign":"F5C3641405EF8F69AEA415121BCF92F7","time_end":"20170621100559","total_fee":"5270.00","trade_type":"NATIVE","transaction_id":"4000142001201706216706990448"}
[2017-06-21 10:05:59][warn] 数据存储成功，并成功返回记录编号17676！
[2017-06-21 10:06:14][info] ----------------------------------------
[2017-06-21 10:06:14][info] XML_DATA111:[{appid=>wxefc029d4373dcac0}{bank_type=>PAB_CREDIT}{cash_fee=>527000}{fee_type=>CNY}{is_subscribe=>N}{mch_id=>1244967502}{nonce_str=>div7i95bht6k4spa1y5bwc4abdcho9r7}{openid=>orYumuFVx2Dgf64UXQSF7G2cTXHY}{out_trade_no=>LX-17060323405979706-6}{result_code=>SUCCESS}{return_code=>SUCCESS}{sign=>F5C3641405EF8F69AEA415121BCF92F7}{time_end=>20170621100559}{total_fee=>527000}{trade_type=>NATIVE}{transaction_id=>4000142001201706216706990448}]
[2017-06-21 10:06:14][info] k:appid=>wxefc029d4373dcac0
[2017-06-21 10:06:14][info] k:bank_type=>PAB_CREDIT
[2017-06-21 10:06:14][info] k:cash_fee=>527000
[2017-06-21 10:06:14][info] k:fee_type=>CNY
[2017-06-21 10:06:14][info] k:is_subscribe=>N
[2017-06-21 10:06:14][info] k:mch_id=>1244967502
[2017-06-21 10:06:14][info] k:nonce_str=>div7i95bht6k4spa1y5bwc4abdcho9r7
[2017-06-21 10:06:14][info] k:openid=>orYumuFVx2Dgf64UXQSF7G2cTXHY
[2017-06-21 10:06:14][info] k:out_trade_no=>LX-17060323405979706-6
[2017-06-21 10:06:14][info] k:result_code=>SUCCESS
[2017-06-21 10:06:14][info] k:return_code=>SUCCESS
[2017-06-21 10:06:14][info] k:sign=>F5C3641405EF8F69AEA415121BCF92F7
[2017-06-21 10:06:14][info] k:time_end=>20170621100559
[2017-06-21 10:06:14][info] k:total_fee=>527000
[2017-06-21 10:06:14][info] k:trade_type=>NATIVE
[2017-06-21 10:06:14][info] k:transaction_id=>4000142001201706216706990448
[2017-06-21 10:06:14][info] ----------------------------------------
[2017-06-21 10:06:14][info] XML_DATA222:{"appid":"wxefc029d4373dcac0","bank_type":"PAB_CREDIT","cash_fee":"5270.00","fee_type":"CNY","is_subscribe":"N","mch_id":"1244967502","nonce_str":"div7i95bht6k4spa1y5bwc4abdcho9r7","openid":"orYumuFVx2Dgf64UXQSF7G2cTXHY","out_trade_no":"LX-17060323405979706-6","result_code":"SUCCESS","return_code":"SUCCESS","sign":"F5C3641405EF8F69AEA415121BCF92F7","time_end":"20170621100559","total_fee":"5270.00","trade_type":"NATIVE","transaction_id":"4000142001201706216706990448"}
[2017-06-21 10:06:14][info] 收到重复信息，并处理反馈成功！
[2017-06-21 10:06:14][info] success
[2017-06-21 10:06:14][info] 写入结束!!!
