[2017-08-10 10:27:16][info] ----------------------------------------
[2017-08-10 10:27:16][info] XML_DATA111:[{appid=>wxefc029d4373dcac0}{bank_type=>BOC_CREDIT}{cash_fee=>629000}{fee_type=>CNY}{is_subscribe=>N}{mch_id=>1244967502}{nonce_str=>lrdl9ezquxymc8obojp8e8r99uvnyb1w}{openid=>orYumuMXytZv0XivvcaYW7vVBJLI}{out_trade_no=>LX-17063011084545901-c}{result_code=>SUCCESS}{return_code=>SUCCESS}{sign=>FB4746B9DD064FB1913E6021603D0721}{time_end=>20170810102715}{total_fee=>629000}{trade_type=>NATIVE}{transaction_id=>4000792001201708105448366945}]
[2017-08-10 10:27:16][info] k:appid=>wxefc029d4373dcac0
[2017-08-10 10:27:16][info] k:bank_type=>BOC_CREDIT
[2017-08-10 10:27:16][info] k:cash_fee=>629000
[2017-08-10 10:27:16][info] k:fee_type=>CNY
[2017-08-10 10:27:16][info] k:is_subscribe=>N
[2017-08-10 10:27:16][info] k:mch_id=>1244967502
[2017-08-10 10:27:16][info] k:nonce_str=>lrdl9ezquxymc8obojp8e8r99uvnyb1w
[2017-08-10 10:27:16][info] k:openid=>orYumuMXytZv0XivvcaYW7vVBJLI
[2017-08-10 10:27:16][info] k:out_trade_no=>LX-17063011084545901-c
[2017-08-10 10:27:16][info] k:result_code=>SUCCESS
[2017-08-10 10:27:16][info] k:return_code=>SUCCESS
[2017-08-10 10:27:16][info] k:sign=>FB4746B9DD064FB1913E6021603D0721
[2017-08-10 10:27:16][info] k:time_end=>20170810102715
[2017-08-10 10:27:16][info] k:total_fee=>629000
[2017-08-10 10:27:16][info] k:trade_type=>NATIVE
[2017-08-10 10:27:16][info] k:transaction_id=>4000792001201708105448366945
[2017-08-10 10:27:16][info] ----------------------------------------
[2017-08-10 10:27:16][info] XML_DATA222:{"appid":"wxefc029d4373dcac0","bank_type":"BOC_CREDIT","cash_fee":"6290.00","fee_type":"CNY","is_subscribe":"N","mch_id":"1244967502","nonce_str":"lrdl9ezquxymc8obojp8e8r99uvnyb1w","openid":"orYumuMXytZv0XivvcaYW7vVBJLI","out_trade_no":"LX-17063011084545901-c","result_code":"SUCCESS","return_code":"SUCCESS","sign":"FB4746B9DD064FB1913E6021603D0721","time_end":"20170810102715","total_fee":"6290.00","trade_type":"NATIVE","transaction_id":"4000792001201708105448366945"}
[2017-08-10 10:27:16][warn] 数据存储成功，并成功返回记录编号18559！
[2017-08-10 10:27:26][info] ----------------------------------------
[2017-08-10 10:27:26][info] XML_DATA111:[{appid=>wxefc029d4373dcac0}{bank_type=>BOC_CREDIT}{cash_fee=>629000}{fee_type=>CNY}{is_subscribe=>N}{mch_id=>1244967502}{nonce_str=>lrdl9ezquxymc8obojp8e8r99uvnyb1w}{openid=>orYumuMXytZv0XivvcaYW7vVBJLI}{out_trade_no=>LX-17063011084545901-c}{result_code=>SUCCESS}{return_code=>SUCCESS}{sign=>FB4746B9DD064FB1913E6021603D0721}{time_end=>20170810102715}{total_fee=>629000}{trade_type=>NATIVE}{transaction_id=>4000792001201708105448366945}]
[2017-08-10 10:27:26][info] k:appid=>wxefc029d4373dcac0
[2017-08-10 10:27:26][info] k:bank_type=>BOC_CREDIT
[2017-08-10 10:27:26][info] k:cash_fee=>629000
[2017-08-10 10:27:26][info] k:fee_type=>CNY
[2017-08-10 10:27:26][info] k:is_subscribe=>N
[2017-08-10 10:27:26][info] k:mch_id=>1244967502
[2017-08-10 10:27:26][info] k:nonce_str=>lrdl9ezquxymc8obojp8e8r99uvnyb1w
[2017-08-10 10:27:26][info] k:openid=>orYumuMXytZv0XivvcaYW7vVBJLI
[2017-08-10 10:27:26][info] k:out_trade_no=>LX-17063011084545901-c
[2017-08-10 10:27:26][info] k:result_code=>SUCCESS
[2017-08-10 10:27:26][info] k:return_code=>SUCCESS
[2017-08-10 10:27:26][info] k:sign=>FB4746B9DD064FB1913E6021603D0721
[2017-08-10 10:27:26][info] k:time_end=>20170810102715
[2017-08-10 10:27:26][info] k:total_fee=>629000
[2017-08-10 10:27:26][info] k:trade_type=>NATIVE
[2017-08-10 10:27:26][info] k:transaction_id=>4000792001201708105448366945
[2017-08-10 10:27:26][info] ----------------------------------------
[2017-08-10 10:27:26][info] XML_DATA222:{"appid":"wxefc029d4373dcac0","bank_type":"BOC_CREDIT","cash_fee":"6290.00","fee_type":"CNY","is_subscribe":"N","mch_id":"1244967502","nonce_str":"lrdl9ezquxymc8obojp8e8r99uvnyb1w","openid":"orYumuMXytZv0XivvcaYW7vVBJLI","out_trade_no":"LX-17063011084545901-c","result_code":"SUCCESS","return_code":"SUCCESS","sign":"FB4746B9DD064FB1913E6021603D0721","time_end":"20170810102715","total_fee":"6290.00","trade_type":"NATIVE","transaction_id":"4000792001201708105448366945"}
[2017-08-10 10:27:26][info] 收到重复信息，并处理反馈成功！
[2017-08-10 10:27:26][info] success
[2017-08-10 10:27:26][info] 写入结束!!!
[2017-08-10 13:12:44][info] ----------------------------------------
[2017-08-10 13:12:44][info] XML_DATA111:[{appid=>wxefc029d4373dcac0}{bank_type=>CFT}{cash_fee=>816000}{fee_type=>CNY}{is_subscribe=>N}{mch_id=>1244967502}{nonce_str=>69rgeqyc5dm27hu3pg5x4dpuepz688hu}{openid=>orYumuBKF0gJIB5jRCGBgDjjilXI}{out_trade_no=>LX-1707120906012901-1}{result_code=>SUCCESS}{return_code=>SUCCESS}{sign=>34B7B5CB306EE31FE46586A9D0C435F4}{time_end=>20170810131243}{total_fee=>816000}{trade_type=>NATIVE}{transaction_id=>4000422001201708105476462964}]
[2017-08-10 13:12:44][info] k:appid=>wxefc029d4373dcac0
[2017-08-10 13:12:44][info] k:bank_type=>CFT
[2017-08-10 13:12:44][info] k:cash_fee=>816000
[2017-08-10 13:12:44][info] k:fee_type=>CNY
[2017-08-10 13:12:44][info] k:is_subscribe=>N
[2017-08-10 13:12:44][info] k:mch_id=>1244967502
[2017-08-10 13:12:44][info] k:nonce_str=>69rgeqyc5dm27hu3pg5x4dpuepz688hu
[2017-08-10 13:12:44][info] k:openid=>orYumuBKF0gJIB5jRCGBgDjjilXI
[2017-08-10 13:12:44][info] k:out_trade_no=>LX-1707120906012901-1
[2017-08-10 13:12:44][info] k:result_code=>SUCCESS
[2017-08-10 13:12:44][info] k:return_code=>SUCCESS
[2017-08-10 13:12:44][info] k:sign=>34B7B5CB306EE31FE46586A9D0C435F4
[2017-08-10 13:12:44][info] k:time_end=>20170810131243
[2017-08-10 13:12:44][info] k:total_fee=>816000
[2017-08-10 13:12:44][info] k:trade_type=>NATIVE
[2017-08-10 13:12:44][info] k:transaction_id=>4000422001201708105476462964
[2017-08-10 13:12:44][info] ----------------------------------------
[2017-08-10 13:12:44][info] XML_DATA222:{"appid":"wxefc029d4373dcac0","bank_type":"CFT","cash_fee":"8160.00","fee_type":"CNY","is_subscribe":"N","mch_id":"1244967502","nonce_str":"69rgeqyc5dm27hu3pg5x4dpuepz688hu","openid":"orYumuBKF0gJIB5jRCGBgDjjilXI","out_trade_no":"LX-1707120906012901-1","result_code":"SUCCESS","return_code":"SUCCESS","sign":"34B7B5CB306EE31FE46586A9D0C435F4","time_end":"20170810131243","total_fee":"8160.00","trade_type":"NATIVE","transaction_id":"4000422001201708105476462964"}
[2017-08-10 13:12:44][warn] 数据存储成功，并成功返回记录编号18562！
[2017-08-10 13:12:58][info] ----------------------------------------
[2017-08-10 13:12:58][info] XML_DATA111:[{appid=>wxefc029d4373dcac0}{bank_type=>CFT}{cash_fee=>816000}{fee_type=>CNY}{is_subscribe=>N}{mch_id=>1244967502}{nonce_str=>69rgeqyc5dm27hu3pg5x4dpuepz688hu}{openid=>orYumuBKF0gJIB5jRCGBgDjjilXI}{out_trade_no=>LX-1707120906012901-1}{result_code=>SUCCESS}{return_code=>SUCCESS}{sign=>34B7B5CB306EE31FE46586A9D0C435F4}{time_end=>20170810131243}{total_fee=>816000}{trade_type=>NATIVE}{transaction_id=>4000422001201708105476462964}]
[2017-08-10 13:12:58][info] k:appid=>wxefc029d4373dcac0
[2017-08-10 13:12:58][info] k:bank_type=>CFT
[2017-08-10 13:12:58][info] k:cash_fee=>816000
[2017-08-10 13:12:58][info] k:fee_type=>CNY
[2017-08-10 13:12:58][info] k:is_subscribe=>N
[2017-08-10 13:12:58][info] k:mch_id=>1244967502
[2017-08-10 13:12:58][info] k:nonce_str=>69rgeqyc5dm27hu3pg5x4dpuepz688hu
[2017-08-10 13:12:58][info] k:openid=>orYumuBKF0gJIB5jRCGBgDjjilXI
[2017-08-10 13:12:58][info] k:out_trade_no=>LX-1707120906012901-1
[2017-08-10 13:12:58][info] k:result_code=>SUCCESS
[2017-08-10 13:12:58][info] k:return_code=>SUCCESS
[2017-08-10 13:12:58][info] k:sign=>34B7B5CB306EE31FE46586A9D0C435F4
[2017-08-10 13:12:58][info] k:time_end=>20170810131243
[2017-08-10 13:12:58][info] k:total_fee=>816000
[2017-08-10 13:12:58][info] k:trade_type=>NATIVE
[2017-08-10 13:12:58][info] k:transaction_id=>4000422001201708105476462964
[2017-08-10 13:12:58][info] ----------------------------------------
[2017-08-10 13:12:58][info] XML_DATA222:{"appid":"wxefc029d4373dcac0","bank_type":"CFT","cash_fee":"8160.00","fee_type":"CNY","is_subscribe":"N","mch_id":"1244967502","nonce_str":"69rgeqyc5dm27hu3pg5x4dpuepz688hu","openid":"orYumuBKF0gJIB5jRCGBgDjjilXI","out_trade_no":"LX-1707120906012901-1","result_code":"SUCCESS","return_code":"SUCCESS","sign":"34B7B5CB306EE31FE46586A9D0C435F4","time_end":"20170810131243","total_fee":"8160.00","trade_type":"NATIVE","transaction_id":"4000422001201708105476462964"}
[2017-08-10 13:12:58][info] 收到重复信息，并处理反馈成功！
[2017-08-10 13:12:58][info] success
[2017-08-10 13:12:58][info] 写入结束!!!
[2017-08-10 14:19:28][info] ----------------------------------------
[2017-08-10 14:19:28][info] XML_DATA111:[{appid=>wxefc029d4373dcac0}{bank_type=>CFT}{cash_fee=>640000}{fee_type=>CNY}{is_subscribe=>Y}{mch_id=>1244967502}{nonce_str=>ct6yq5evu98wxedj8uxsio2tc99mjwbi}{openid=>orYumuIDzgKA-tfbz5vNOF3uOAu8}{out_trade_no=>LX-17072113342586801-8}{result_code=>SUCCESS}{return_code=>SUCCESS}{sign=>9FD60D4E0F62997EC4879D5EB203A4C0}{time_end=>20170810141927}{total_fee=>640000}{trade_type=>NATIVE}{transaction_id=>4002302001201708105483459846}]
[2017-08-10 14:19:28][info] k:appid=>wxefc029d4373dcac0
[2017-08-10 14:19:28][info] k:bank_type=>CFT
[2017-08-10 14:19:28][info] k:cash_fee=>640000
[2017-08-10 14:19:28][info] k:fee_type=>CNY
[2017-08-10 14:19:28][info] k:is_subscribe=>Y
[2017-08-10 14:19:28][info] k:mch_id=>1244967502
[2017-08-10 14:19:28][info] k:nonce_str=>ct6yq5evu98wxedj8uxsio2tc99mjwbi
[2017-08-10 14:19:28][info] k:openid=>orYumuIDzgKA-tfbz5vNOF3uOAu8
[2017-08-10 14:19:28][info] k:out_trade_no=>LX-17072113342586801-8
[2017-08-10 14:19:28][info] k:result_code=>SUCCESS
[2017-08-10 14:19:28][info] k:return_code=>SUCCESS
[2017-08-10 14:19:28][info] k:sign=>9FD60D4E0F62997EC4879D5EB203A4C0
[2017-08-10 14:19:28][info] k:time_end=>20170810141927
[2017-08-10 14:19:28][info] k:total_fee=>640000
[2017-08-10 14:19:28][info] k:trade_type=>NATIVE
[2017-08-10 14:19:28][info] k:transaction_id=>4002302001201708105483459846
[2017-08-10 14:19:28][info] ----------------------------------------
[2017-08-10 14:19:28][info] XML_DATA222:{"appid":"wxefc029d4373dcac0","bank_type":"CFT","cash_fee":"6400.00","fee_type":"CNY","is_subscribe":"Y","mch_id":"1244967502","nonce_str":"ct6yq5evu98wxedj8uxsio2tc99mjwbi","openid":"orYumuIDzgKA-tfbz5vNOF3uOAu8","out_trade_no":"LX-17072113342586801-8","result_code":"SUCCESS","return_code":"SUCCESS","sign":"9FD60D4E0F62997EC4879D5EB203A4C0","time_end":"20170810141927","total_fee":"6400.00","trade_type":"NATIVE","transaction_id":"4002302001201708105483459846"}
[2017-08-10 14:19:28][warn] 数据存储成功，并成功返回记录编号18563！
[2017-08-10 14:19:41][info] ----------------------------------------
[2017-08-10 14:19:41][info] XML_DATA111:[{appid=>wxefc029d4373dcac0}{bank_type=>CFT}{cash_fee=>640000}{fee_type=>CNY}{is_subscribe=>Y}{mch_id=>1244967502}{nonce_str=>ct6yq5evu98wxedj8uxsio2tc99mjwbi}{openid=>orYumuIDzgKA-tfbz5vNOF3uOAu8}{out_trade_no=>LX-17072113342586801-8}{result_code=>SUCCESS}{return_code=>SUCCESS}{sign=>9FD60D4E0F62997EC4879D5EB203A4C0}{time_end=>20170810141927}{total_fee=>640000}{trade_type=>NATIVE}{transaction_id=>4002302001201708105483459846}]
[2017-08-10 14:19:41][info] k:appid=>wxefc029d4373dcac0
[2017-08-10 14:19:41][info] k:bank_type=>CFT
[2017-08-10 14:19:41][info] k:cash_fee=>640000
[2017-08-10 14:19:41][info] k:fee_type=>CNY
[2017-08-10 14:19:41][info] k:is_subscribe=>Y
[2017-08-10 14:19:41][info] k:mch_id=>1244967502
[2017-08-10 14:19:41][info] k:nonce_str=>ct6yq5evu98wxedj8uxsio2tc99mjwbi
[2017-08-10 14:19:41][info] k:openid=>orYumuIDzgKA-tfbz5vNOF3uOAu8
[2017-08-10 14:19:41][info] k:out_trade_no=>LX-17072113342586801-8
[2017-08-10 14:19:41][info] k:result_code=>SUCCESS
[2017-08-10 14:19:41][info] k:return_code=>SUCCESS
[2017-08-10 14:19:41][info] k:sign=>9FD60D4E0F62997EC4879D5EB203A4C0
[2017-08-10 14:19:41][info] k:time_end=>20170810141927
[2017-08-10 14:19:41][info] k:total_fee=>640000
[2017-08-10 14:19:41][info] k:trade_type=>NATIVE
[2017-08-10 14:19:41][info] k:transaction_id=>4002302001201708105483459846
[2017-08-10 14:19:41][info] ----------------------------------------
[2017-08-10 14:19:41][info] XML_DATA222:{"appid":"wxefc029d4373dcac0","bank_type":"CFT","cash_fee":"6400.00","fee_type":"CNY","is_subscribe":"Y","mch_id":"1244967502","nonce_str":"ct6yq5evu98wxedj8uxsio2tc99mjwbi","openid":"orYumuIDzgKA-tfbz5vNOF3uOAu8","out_trade_no":"LX-17072113342586801-8","result_code":"SUCCESS","return_code":"SUCCESS","sign":"9FD60D4E0F62997EC4879D5EB203A4C0","time_end":"20170810141927","total_fee":"6400.00","trade_type":"NATIVE","transaction_id":"4002302001201708105483459846"}
[2017-08-10 14:19:41][info] 收到重复信息，并处理反馈成功！
[2017-08-10 14:19:41][info] success
[2017-08-10 14:19:41][info] 写入结束!!!
[2017-08-10 16:48:37][info] ----------------------------------------
[2017-08-10 16:48:37][info] XML_DATA111:[{appid=>wxefc029d4373dcac0}{bank_type=>ICBC_DEBIT}{cash_fee=>498000}{fee_type=>CNY}{is_subscribe=>N}{mch_id=>1244967502}{nonce_str=>6woqjut5kx9kqaku4ol97phfe24j3djo}{openid=>orYumuOBohsbY0cJDKivWJOHzfvE}{out_trade_no=>LX-17071714442711401-7}{result_code=>SUCCESS}{return_code=>SUCCESS}{sign=>34D6EBA14F0944A811A4815952FDFC29}{time_end=>20170810164835}{total_fee=>498000}{trade_type=>NATIVE}{transaction_id=>4006402001201708105505434482}]
[2017-08-10 16:48:37][info] k:appid=>wxefc029d4373dcac0
[2017-08-10 16:48:37][info] k:bank_type=>ICBC_DEBIT
[2017-08-10 16:48:37][info] k:cash_fee=>498000
[2017-08-10 16:48:37][info] k:fee_type=>CNY
[2017-08-10 16:48:37][info] k:is_subscribe=>N
[2017-08-10 16:48:37][info] k:mch_id=>1244967502
[2017-08-10 16:48:37][info] k:nonce_str=>6woqjut5kx9kqaku4ol97phfe24j3djo
[2017-08-10 16:48:37][info] k:openid=>orYumuOBohsbY0cJDKivWJOHzfvE
[2017-08-10 16:48:37][info] k:out_trade_no=>LX-17071714442711401-7
[2017-08-10 16:48:37][info] k:result_code=>SUCCESS
[2017-08-10 16:48:37][info] k:return_code=>SUCCESS
[2017-08-10 16:48:37][info] k:sign=>34D6EBA14F0944A811A4815952FDFC29
[2017-08-10 16:48:37][info] k:time_end=>20170810164835
[2017-08-10 16:48:37][info] k:total_fee=>498000
[2017-08-10 16:48:37][info] k:trade_type=>NATIVE
[2017-08-10 16:48:37][info] k:transaction_id=>4006402001201708105505434482
[2017-08-10 16:48:37][info] ----------------------------------------
[2017-08-10 16:48:37][info] XML_DATA222:{"appid":"wxefc029d4373dcac0","bank_type":"ICBC_DEBIT","cash_fee":"4980.00","fee_type":"CNY","is_subscribe":"N","mch_id":"1244967502","nonce_str":"6woqjut5kx9kqaku4ol97phfe24j3djo","openid":"orYumuOBohsbY0cJDKivWJOHzfvE","out_trade_no":"LX-17071714442711401-7","result_code":"SUCCESS","return_code":"SUCCESS","sign":"34D6EBA14F0944A811A4815952FDFC29","time_end":"20170810164835","total_fee":"4980.00","trade_type":"NATIVE","transaction_id":"4006402001201708105505434482"}
[2017-08-10 16:48:37][warn] 数据存储成功，并成功返回记录编号18566！
[2017-08-10 16:48:48][info] ----------------------------------------
[2017-08-10 16:48:48][info] XML_DATA111:[{appid=>wxefc029d4373dcac0}{bank_type=>ICBC_DEBIT}{cash_fee=>498000}{fee_type=>CNY}{is_subscribe=>N}{mch_id=>1244967502}{nonce_str=>6woqjut5kx9kqaku4ol97phfe24j3djo}{openid=>orYumuOBohsbY0cJDKivWJOHzfvE}{out_trade_no=>LX-17071714442711401-7}{result_code=>SUCCESS}{return_code=>SUCCESS}{sign=>34D6EBA14F0944A811A4815952FDFC29}{time_end=>20170810164835}{total_fee=>498000}{trade_type=>NATIVE}{transaction_id=>4006402001201708105505434482}]
[2017-08-10 16:48:48][info] k:appid=>wxefc029d4373dcac0
[2017-08-10 16:48:48][info] k:bank_type=>ICBC_DEBIT
[2017-08-10 16:48:48][info] k:cash_fee=>498000
[2017-08-10 16:48:48][info] k:fee_type=>CNY
[2017-08-10 16:48:48][info] k:is_subscribe=>N
[2017-08-10 16:48:48][info] k:mch_id=>1244967502
[2017-08-10 16:48:48][info] k:nonce_str=>6woqjut5kx9kqaku4ol97phfe24j3djo
[2017-08-10 16:48:48][info] k:openid=>orYumuOBohsbY0cJDKivWJOHzfvE
[2017-08-10 16:48:48][info] k:out_trade_no=>LX-17071714442711401-7
[2017-08-10 16:48:48][info] k:result_code=>SUCCESS
[2017-08-10 16:48:48][info] k:return_code=>SUCCESS
[2017-08-10 16:48:48][info] k:sign=>34D6EBA14F0944A811A4815952FDFC29
[2017-08-10 16:48:48][info] k:time_end=>20170810164835
[2017-08-10 16:48:48][info] k:total_fee=>498000
[2017-08-10 16:48:48][info] k:trade_type=>NATIVE
[2017-08-10 16:48:48][info] k:transaction_id=>4006402001201708105505434482
[2017-08-10 16:48:48][info] ----------------------------------------
[2017-08-10 16:48:48][info] XML_DATA222:{"appid":"wxefc029d4373dcac0","bank_type":"ICBC_DEBIT","cash_fee":"4980.00","fee_type":"CNY","is_subscribe":"N","mch_id":"1244967502","nonce_str":"6woqjut5kx9kqaku4ol97phfe24j3djo","openid":"orYumuOBohsbY0cJDKivWJOHzfvE","out_trade_no":"LX-17071714442711401-7","result_code":"SUCCESS","return_code":"SUCCESS","sign":"34D6EBA14F0944A811A4815952FDFC29","time_end":"20170810164835","total_fee":"4980.00","trade_type":"NATIVE","transaction_id":"4006402001201708105505434482"}
[2017-08-10 16:48:48][info] 收到重复信息，并处理反馈成功！
[2017-08-10 16:48:48][info] success
[2017-08-10 16:48:48][info] 写入结束!!!
[2017-08-10 21:32:10][info] ----------------------------------------
[2017-08-10 21:32:10][info] XML_DATA111:[{appid=>wxefc029d4373dcac0}{bank_type=>CFT}{cash_fee=>563000}{fee_type=>CNY}{is_subscribe=>N}{mch_id=>1244967502}{nonce_str=>9mtx9and71od6dxkxo6kg1p3bccdfqr1}{openid=>orYumuGWXFSvThamujps40KhRuyM}{out_trade_no=>LX-17080715573875706-b}{result_code=>SUCCESS}{return_code=>SUCCESS}{sign=>F1698115DAD36BAAA4403C8C9805AB33}{time_end=>20170810213209}{total_fee=>563000}{trade_type=>NATIVE}{transaction_id=>4004422001201708105555304346}]
[2017-08-10 21:32:10][info] k:appid=>wxefc029d4373dcac0
[2017-08-10 21:32:10][info] k:bank_type=>CFT
[2017-08-10 21:32:10][info] k:cash_fee=>563000
[2017-08-10 21:32:10][info] k:fee_type=>CNY
[2017-08-10 21:32:10][info] k:is_subscribe=>N
[2017-08-10 21:32:10][info] k:mch_id=>1244967502
[2017-08-10 21:32:10][info] k:nonce_str=>9mtx9and71od6dxkxo6kg1p3bccdfqr1
[2017-08-10 21:32:10][info] k:openid=>orYumuGWXFSvThamujps40KhRuyM
[2017-08-10 21:32:10][info] k:out_trade_no=>LX-17080715573875706-b
[2017-08-10 21:32:10][info] k:result_code=>SUCCESS
[2017-08-10 21:32:10][info] k:return_code=>SUCCESS
[2017-08-10 21:32:10][info] k:sign=>F1698115DAD36BAAA4403C8C9805AB33
[2017-08-10 21:32:10][info] k:time_end=>20170810213209
[2017-08-10 21:32:10][info] k:total_fee=>563000
[2017-08-10 21:32:10][info] k:trade_type=>NATIVE
[2017-08-10 21:32:10][info] k:transaction_id=>4004422001201708105555304346
[2017-08-10 21:32:10][info] ----------------------------------------
[2017-08-10 21:32:10][info] XML_DATA222:{"appid":"wxefc029d4373dcac0","bank_type":"CFT","cash_fee":"5630.00","fee_type":"CNY","is_subscribe":"N","mch_id":"1244967502","nonce_str":"9mtx9and71od6dxkxo6kg1p3bccdfqr1","openid":"orYumuGWXFSvThamujps40KhRuyM","out_trade_no":"LX-17080715573875706-b","result_code":"SUCCESS","return_code":"SUCCESS","sign":"F1698115DAD36BAAA4403C8C9805AB33","time_end":"20170810213209","total_fee":"5630.00","trade_type":"NATIVE","transaction_id":"4004422001201708105555304346"}
[2017-08-10 21:32:10][warn] 数据存储成功，并成功返回记录编号18568！
[2017-08-10 21:32:24][info] ----------------------------------------
[2017-08-10 21:32:24][info] XML_DATA111:[{appid=>wxefc029d4373dcac0}{bank_type=>CFT}{cash_fee=>563000}{fee_type=>CNY}{is_subscribe=>N}{mch_id=>1244967502}{nonce_str=>9mtx9and71od6dxkxo6kg1p3bccdfqr1}{openid=>orYumuGWXFSvThamujps40KhRuyM}{out_trade_no=>LX-17080715573875706-b}{result_code=>SUCCESS}{return_code=>SUCCESS}{sign=>F1698115DAD36BAAA4403C8C9805AB33}{time_end=>20170810213209}{total_fee=>563000}{trade_type=>NATIVE}{transaction_id=>4004422001201708105555304346}]
[2017-08-10 21:32:24][info] k:appid=>wxefc029d4373dcac0
[2017-08-10 21:32:24][info] k:bank_type=>CFT
[2017-08-10 21:32:24][info] k:cash_fee=>563000
[2017-08-10 21:32:24][info] k:fee_type=>CNY
[2017-08-10 21:32:24][info] k:is_subscribe=>N
[2017-08-10 21:32:24][info] k:mch_id=>1244967502
[2017-08-10 21:32:24][info] k:nonce_str=>9mtx9and71od6dxkxo6kg1p3bccdfqr1
[2017-08-10 21:32:24][info] k:openid=>orYumuGWXFSvThamujps40KhRuyM
[2017-08-10 21:32:24][info] k:out_trade_no=>LX-17080715573875706-b
[2017-08-10 21:32:24][info] k:result_code=>SUCCESS
[2017-08-10 21:32:24][info] k:return_code=>SUCCESS
[2017-08-10 21:32:24][info] k:sign=>F1698115DAD36BAAA4403C8C9805AB33
[2017-08-10 21:32:24][info] k:time_end=>20170810213209
[2017-08-10 21:32:24][info] k:total_fee=>563000
[2017-08-10 21:32:24][info] k:trade_type=>NATIVE
[2017-08-10 21:32:24][info] k:transaction_id=>4004422001201708105555304346
[2017-08-10 21:32:24][info] ----------------------------------------
[2017-08-10 21:32:24][info] XML_DATA222:{"appid":"wxefc029d4373dcac0","bank_type":"CFT","cash_fee":"5630.00","fee_type":"CNY","is_subscribe":"N","mch_id":"1244967502","nonce_str":"9mtx9and71od6dxkxo6kg1p3bccdfqr1","openid":"orYumuGWXFSvThamujps40KhRuyM","out_trade_no":"LX-17080715573875706-b","result_code":"SUCCESS","return_code":"SUCCESS","sign":"F1698115DAD36BAAA4403C8C9805AB33","time_end":"20170810213209","total_fee":"5630.00","trade_type":"NATIVE","transaction_id":"4004422001201708105555304346"}
[2017-08-10 21:32:24][info] 收到重复信息，并处理反馈成功！
[2017-08-10 21:32:24][info] success
[2017-08-10 21:32:24][info] 写入结束!!!
[2017-08-10 23:41:11][info] ----------------------------------------
[2017-08-10 23:41:11][info] XML_DATA111:[{appid=>wxefc029d4373dcac0}{bank_type=>CMB_CREDIT}{cash_fee=>807000}{fee_type=>CNY}{is_subscribe=>N}{mch_id=>1244967502}{nonce_str=>pr68ekqero4hjhe3ukql341tsgmglmuy}{openid=>orYumuOP8qKW2DEHjq_zB0BVrWnw}{out_trade_no=>LX-17080311134179406-9}{result_code=>SUCCESS}{return_code=>SUCCESS}{sign=>636ECA4D4FDBCBEECC66134C780BFDE2}{time_end=>20170810234110}{total_fee=>807000}{trade_type=>NATIVE}{transaction_id=>4003532001201708105576327415}]
[2017-08-10 23:41:11][info] k:appid=>wxefc029d4373dcac0
[2017-08-10 23:41:11][info] k:bank_type=>CMB_CREDIT
[2017-08-10 23:41:11][info] k:cash_fee=>807000
[2017-08-10 23:41:11][info] k:fee_type=>CNY
[2017-08-10 23:41:11][info] k:is_subscribe=>N
[2017-08-10 23:41:11][info] k:mch_id=>1244967502
[2017-08-10 23:41:11][info] k:nonce_str=>pr68ekqero4hjhe3ukql341tsgmglmuy
[2017-08-10 23:41:11][info] k:openid=>orYumuOP8qKW2DEHjq_zB0BVrWnw
[2017-08-10 23:41:11][info] k:out_trade_no=>LX-17080311134179406-9
[2017-08-10 23:41:11][info] k:result_code=>SUCCESS
[2017-08-10 23:41:11][info] k:return_code=>SUCCESS
[2017-08-10 23:41:11][info] k:sign=>636ECA4D4FDBCBEECC66134C780BFDE2
[2017-08-10 23:41:11][info] k:time_end=>20170810234110
[2017-08-10 23:41:11][info] k:total_fee=>807000
[2017-08-10 23:41:11][info] k:trade_type=>NATIVE
[2017-08-10 23:41:11][info] k:transaction_id=>4003532001201708105576327415
[2017-08-10 23:41:11][info] ----------------------------------------
[2017-08-10 23:41:11][info] XML_DATA222:{"appid":"wxefc029d4373dcac0","bank_type":"CMB_CREDIT","cash_fee":"8070.00","fee_type":"CNY","is_subscribe":"N","mch_id":"1244967502","nonce_str":"pr68ekqero4hjhe3ukql341tsgmglmuy","openid":"orYumuOP8qKW2DEHjq_zB0BVrWnw","out_trade_no":"LX-17080311134179406-9","result_code":"SUCCESS","return_code":"SUCCESS","sign":"636ECA4D4FDBCBEECC66134C780BFDE2","time_end":"20170810234110","total_fee":"8070.00","trade_type":"NATIVE","transaction_id":"4003532001201708105576327415"}
[2017-08-10 23:41:11][warn] 数据存储成功，并成功返回记录编号18569！
[2017-08-10 23:41:24][info] ----------------------------------------
[2017-08-10 23:41:24][info] XML_DATA111:[{appid=>wxefc029d4373dcac0}{bank_type=>CMB_CREDIT}{cash_fee=>807000}{fee_type=>CNY}{is_subscribe=>N}{mch_id=>1244967502}{nonce_str=>pr68ekqero4hjhe3ukql341tsgmglmuy}{openid=>orYumuOP8qKW2DEHjq_zB0BVrWnw}{out_trade_no=>LX-17080311134179406-9}{result_code=>SUCCESS}{return_code=>SUCCESS}{sign=>636ECA4D4FDBCBEECC66134C780BFDE2}{time_end=>20170810234110}{total_fee=>807000}{trade_type=>NATIVE}{transaction_id=>4003532001201708105576327415}]
[2017-08-10 23:41:24][info] k:appid=>wxefc029d4373dcac0
[2017-08-10 23:41:24][info] k:bank_type=>CMB_CREDIT
[2017-08-10 23:41:24][info] k:cash_fee=>807000
[2017-08-10 23:41:24][info] k:fee_type=>CNY
[2017-08-10 23:41:24][info] k:is_subscribe=>N
[2017-08-10 23:41:24][info] k:mch_id=>1244967502
[2017-08-10 23:41:24][info] k:nonce_str=>pr68ekqero4hjhe3ukql341tsgmglmuy
[2017-08-10 23:41:24][info] k:openid=>orYumuOP8qKW2DEHjq_zB0BVrWnw
[2017-08-10 23:41:24][info] k:out_trade_no=>LX-17080311134179406-9
[2017-08-10 23:41:24][info] k:result_code=>SUCCESS
[2017-08-10 23:41:24][info] k:return_code=>SUCCESS
[2017-08-10 23:41:24][info] k:sign=>636ECA4D4FDBCBEECC66134C780BFDE2
[2017-08-10 23:41:24][info] k:time_end=>20170810234110
[2017-08-10 23:41:24][info] k:total_fee=>807000
[2017-08-10 23:41:24][info] k:trade_type=>NATIVE
[2017-08-10 23:41:24][info] k:transaction_id=>4003532001201708105576327415
[2017-08-10 23:41:24][info] ----------------------------------------
[2017-08-10 23:41:24][info] XML_DATA222:{"appid":"wxefc029d4373dcac0","bank_type":"CMB_CREDIT","cash_fee":"8070.00","fee_type":"CNY","is_subscribe":"N","mch_id":"1244967502","nonce_str":"pr68ekqero4hjhe3ukql341tsgmglmuy","openid":"orYumuOP8qKW2DEHjq_zB0BVrWnw","out_trade_no":"LX-17080311134179406-9","result_code":"SUCCESS","return_code":"SUCCESS","sign":"636ECA4D4FDBCBEECC66134C780BFDE2","time_end":"20170810234110","total_fee":"8070.00","trade_type":"NATIVE","transaction_id":"4003532001201708105576327415"}
[2017-08-10 23:41:24][info] 收到重复信息，并处理反馈成功！
[2017-08-10 23:41:24][info] success
[2017-08-10 23:41:24][info] 写入结束!!!
