[2017-07-27 08:29:49][info] ----------------------------------------
[2017-07-27 08:29:49][info] XML_DATA111:[{appid=>wxefc029d4373dcac0}{bank_type=>CFT}{cash_fee=>850000}{fee_type=>CNY}{is_subscribe=>Y}{mch_id=>1244967502}{nonce_str=>y4g49740w6karyk0mgr4yzk67mcqdlp2}{openid=>orYumuP1UU9lKDz83djp5yOMJ_TA}{out_trade_no=>LX-17071916251443701-c}{result_code=>SUCCESS}{return_code=>SUCCESS}{sign=>999ABB27BE3E7B5B0F1460D5638819E4}{time_end=>20170727082949}{total_fee=>850000}{trade_type=>NATIVE}{transaction_id=>4010012001201707272866799436}]
[2017-07-27 08:29:49][info] k:appid=>wxefc029d4373dcac0
[2017-07-27 08:29:49][info] k:bank_type=>CFT
[2017-07-27 08:29:49][info] k:cash_fee=>850000
[2017-07-27 08:29:49][info] k:fee_type=>CNY
[2017-07-27 08:29:49][info] k:is_subscribe=>Y
[2017-07-27 08:29:49][info] k:mch_id=>1244967502
[2017-07-27 08:29:49][info] k:nonce_str=>y4g49740w6karyk0mgr4yzk67mcqdlp2
[2017-07-27 08:29:49][info] k:openid=>orYumuP1UU9lKDz83djp5yOMJ_TA
[2017-07-27 08:29:49][info] k:out_trade_no=>LX-17071916251443701-c
[2017-07-27 08:29:49][info] k:result_code=>SUCCESS
[2017-07-27 08:29:49][info] k:return_code=>SUCCESS
[2017-07-27 08:29:49][info] k:sign=>999ABB27BE3E7B5B0F1460D5638819E4
[2017-07-27 08:29:49][info] k:time_end=>20170727082949
[2017-07-27 08:29:49][info] k:total_fee=>850000
[2017-07-27 08:29:49][info] k:trade_type=>NATIVE
[2017-07-27 08:29:49][info] k:transaction_id=>4010012001201707272866799436
[2017-07-27 08:29:49][info] ----------------------------------------
[2017-07-27 08:29:49][info] XML_DATA222:{"appid":"wxefc029d4373dcac0","bank_type":"CFT","cash_fee":"8500.00","fee_type":"CNY","is_subscribe":"Y","mch_id":"1244967502","nonce_str":"y4g49740w6karyk0mgr4yzk67mcqdlp2","openid":"orYumuP1UU9lKDz83djp5yOMJ_TA","out_trade_no":"LX-17071916251443701-c","result_code":"SUCCESS","return_code":"SUCCESS","sign":"999ABB27BE3E7B5B0F1460D5638819E4","time_end":"20170727082949","total_fee":"8500.00","trade_type":"NATIVE","transaction_id":"4010012001201707272866799436"}
[2017-07-27 08:29:50][warn] 数据存储成功，并成功返回记录编号18280！
[2017-07-27 08:30:05][info] ----------------------------------------
[2017-07-27 08:30:05][info] XML_DATA111:[{appid=>wxefc029d4373dcac0}{bank_type=>CFT}{cash_fee=>850000}{fee_type=>CNY}{is_subscribe=>Y}{mch_id=>1244967502}{nonce_str=>y4g49740w6karyk0mgr4yzk67mcqdlp2}{openid=>orYumuP1UU9lKDz83djp5yOMJ_TA}{out_trade_no=>LX-17071916251443701-c}{result_code=>SUCCESS}{return_code=>SUCCESS}{sign=>999ABB27BE3E7B5B0F1460D5638819E4}{time_end=>20170727082949}{total_fee=>850000}{trade_type=>NATIVE}{transaction_id=>4010012001201707272866799436}]
[2017-07-27 08:30:05][info] k:appid=>wxefc029d4373dcac0
[2017-07-27 08:30:05][info] k:bank_type=>CFT
[2017-07-27 08:30:05][info] k:cash_fee=>850000
[2017-07-27 08:30:05][info] k:fee_type=>CNY
[2017-07-27 08:30:05][info] k:is_subscribe=>Y
[2017-07-27 08:30:05][info] k:mch_id=>1244967502
[2017-07-27 08:30:05][info] k:nonce_str=>y4g49740w6karyk0mgr4yzk67mcqdlp2
[2017-07-27 08:30:05][info] k:openid=>orYumuP1UU9lKDz83djp5yOMJ_TA
[2017-07-27 08:30:05][info] k:out_trade_no=>LX-17071916251443701-c
[2017-07-27 08:30:05][info] k:result_code=>SUCCESS
[2017-07-27 08:30:05][info] k:return_code=>SUCCESS
[2017-07-27 08:30:05][info] k:sign=>999ABB27BE3E7B5B0F1460D5638819E4
[2017-07-27 08:30:05][info] k:time_end=>20170727082949
[2017-07-27 08:30:05][info] k:total_fee=>850000
[2017-07-27 08:30:05][info] k:trade_type=>NATIVE
[2017-07-27 08:30:05][info] k:transaction_id=>4010012001201707272866799436
[2017-07-27 08:30:05][info] ----------------------------------------
[2017-07-27 08:30:05][info] XML_DATA222:{"appid":"wxefc029d4373dcac0","bank_type":"CFT","cash_fee":"8500.00","fee_type":"CNY","is_subscribe":"Y","mch_id":"1244967502","nonce_str":"y4g49740w6karyk0mgr4yzk67mcqdlp2","openid":"orYumuP1UU9lKDz83djp5yOMJ_TA","out_trade_no":"LX-17071916251443701-c","result_code":"SUCCESS","return_code":"SUCCESS","sign":"999ABB27BE3E7B5B0F1460D5638819E4","time_end":"20170727082949","total_fee":"8500.00","trade_type":"NATIVE","transaction_id":"4010012001201707272866799436"}
[2017-07-27 08:30:05][info] 收到重复信息，并处理反馈成功！
[2017-07-27 08:30:05][info] success
[2017-07-27 08:30:05][info] 写入结束!!!
[2017-07-27 10:28:19][info] ----------------------------------------
[2017-07-27 10:28:19][info] XML_DATA111:[{appid=>wxefc029d4373dcac0}{bank_type=>BOC_DEBIT}{cash_fee=>267000}{fee_type=>CNY}{is_subscribe=>Y}{mch_id=>1244967502}{nonce_str=>j2tyobkx64u5g9u26lg4qj455k26flxj}{openid=>orYumuBHLDTTnfCWGkm0WfAq-xb4}{out_trade_no=>XX-17072215475021404-c}{result_code=>SUCCESS}{return_code=>SUCCESS}{sign=>C9251CDFA43952D8996171595076DA9D}{time_end=>20170727102818}{total_fee=>267000}{trade_type=>NATIVE}{transaction_id=>4006922001201707272888480224}]
[2017-07-27 10:28:19][info] k:appid=>wxefc029d4373dcac0
[2017-07-27 10:28:19][info] k:bank_type=>BOC_DEBIT
[2017-07-27 10:28:19][info] k:cash_fee=>267000
[2017-07-27 10:28:19][info] k:fee_type=>CNY
[2017-07-27 10:28:19][info] k:is_subscribe=>Y
[2017-07-27 10:28:19][info] k:mch_id=>1244967502
[2017-07-27 10:28:19][info] k:nonce_str=>j2tyobkx64u5g9u26lg4qj455k26flxj
[2017-07-27 10:28:19][info] k:openid=>orYumuBHLDTTnfCWGkm0WfAq-xb4
[2017-07-27 10:28:19][info] k:out_trade_no=>XX-17072215475021404-c
[2017-07-27 10:28:19][info] k:result_code=>SUCCESS
[2017-07-27 10:28:19][info] k:return_code=>SUCCESS
[2017-07-27 10:28:19][info] k:sign=>C9251CDFA43952D8996171595076DA9D
[2017-07-27 10:28:19][info] k:time_end=>20170727102818
[2017-07-27 10:28:19][info] k:total_fee=>267000
[2017-07-27 10:28:19][info] k:trade_type=>NATIVE
[2017-07-27 10:28:19][info] k:transaction_id=>4006922001201707272888480224
[2017-07-27 10:28:19][info] ----------------------------------------
[2017-07-27 10:28:19][info] XML_DATA222:{"appid":"wxefc029d4373dcac0","bank_type":"BOC_DEBIT","cash_fee":"2670.00","fee_type":"CNY","is_subscribe":"Y","mch_id":"1244967502","nonce_str":"j2tyobkx64u5g9u26lg4qj455k26flxj","openid":"orYumuBHLDTTnfCWGkm0WfAq-xb4","out_trade_no":"XX-17072215475021404-c","result_code":"SUCCESS","return_code":"SUCCESS","sign":"C9251CDFA43952D8996171595076DA9D","time_end":"20170727102818","total_fee":"2670.00","trade_type":"NATIVE","transaction_id":"4006922001201707272888480224"}
[2017-07-27 10:28:19][warn] 数据存储成功，并成功返回记录编号18282！
[2017-07-27 10:28:30][info] ----------------------------------------
[2017-07-27 10:28:30][info] XML_DATA111:[{appid=>wxefc029d4373dcac0}{bank_type=>BOC_DEBIT}{cash_fee=>267000}{fee_type=>CNY}{is_subscribe=>Y}{mch_id=>1244967502}{nonce_str=>j2tyobkx64u5g9u26lg4qj455k26flxj}{openid=>orYumuBHLDTTnfCWGkm0WfAq-xb4}{out_trade_no=>XX-17072215475021404-c}{result_code=>SUCCESS}{return_code=>SUCCESS}{sign=>C9251CDFA43952D8996171595076DA9D}{time_end=>20170727102818}{total_fee=>267000}{trade_type=>NATIVE}{transaction_id=>4006922001201707272888480224}]
[2017-07-27 10:28:30][info] k:appid=>wxefc029d4373dcac0
[2017-07-27 10:28:30][info] k:bank_type=>BOC_DEBIT
[2017-07-27 10:28:30][info] k:cash_fee=>267000
[2017-07-27 10:28:30][info] k:fee_type=>CNY
[2017-07-27 10:28:30][info] k:is_subscribe=>Y
[2017-07-27 10:28:30][info] k:mch_id=>1244967502
[2017-07-27 10:28:30][info] k:nonce_str=>j2tyobkx64u5g9u26lg4qj455k26flxj
[2017-07-27 10:28:30][info] k:openid=>orYumuBHLDTTnfCWGkm0WfAq-xb4
[2017-07-27 10:28:30][info] k:out_trade_no=>XX-17072215475021404-c
[2017-07-27 10:28:30][info] k:result_code=>SUCCESS
[2017-07-27 10:28:30][info] k:return_code=>SUCCESS
[2017-07-27 10:28:30][info] k:sign=>C9251CDFA43952D8996171595076DA9D
[2017-07-27 10:28:30][info] k:time_end=>20170727102818
[2017-07-27 10:28:30][info] k:total_fee=>267000
[2017-07-27 10:28:30][info] k:trade_type=>NATIVE
[2017-07-27 10:28:30][info] k:transaction_id=>4006922001201707272888480224
[2017-07-27 10:28:30][info] ----------------------------------------
[2017-07-27 10:28:30][info] XML_DATA222:{"appid":"wxefc029d4373dcac0","bank_type":"BOC_DEBIT","cash_fee":"2670.00","fee_type":"CNY","is_subscribe":"Y","mch_id":"1244967502","nonce_str":"j2tyobkx64u5g9u26lg4qj455k26flxj","openid":"orYumuBHLDTTnfCWGkm0WfAq-xb4","out_trade_no":"XX-17072215475021404-c","result_code":"SUCCESS","return_code":"SUCCESS","sign":"C9251CDFA43952D8996171595076DA9D","time_end":"20170727102818","total_fee":"2670.00","trade_type":"NATIVE","transaction_id":"4006922001201707272888480224"}
[2017-07-27 10:28:30][info] 收到重复信息，并处理反馈成功！
[2017-07-27 10:28:30][info] success
[2017-07-27 10:28:30][info] 写入结束!!!
[2017-07-27 10:30:21][info] ----------------------------------------
[2017-07-27 10:30:21][info] XML_DATA111:[{appid=>wxefc029d4373dcac0}{bank_type=>CFT}{cash_fee=>186000}{fee_type=>CNY}{is_subscribe=>Y}{mch_id=>1244967502}{nonce_str=>bo9q8378g962945edmxdqf865xk5168r}{openid=>orYumuBHLDTTnfCWGkm0WfAq-xb4}{out_trade_no=>XX-17072310101237604-a}{result_code=>SUCCESS}{return_code=>SUCCESS}{sign=>7D93BFA12722D8810C4B6865839EBECE}{time_end=>20170727103021}{total_fee=>186000}{trade_type=>NATIVE}{transaction_id=>4006922001201707272886598091}]
[2017-07-27 10:30:21][info] k:appid=>wxefc029d4373dcac0
[2017-07-27 10:30:21][info] k:bank_type=>CFT
[2017-07-27 10:30:21][info] k:cash_fee=>186000
[2017-07-27 10:30:21][info] k:fee_type=>CNY
[2017-07-27 10:30:21][info] k:is_subscribe=>Y
[2017-07-27 10:30:21][info] k:mch_id=>1244967502
[2017-07-27 10:30:21][info] k:nonce_str=>bo9q8378g962945edmxdqf865xk5168r
[2017-07-27 10:30:21][info] k:openid=>orYumuBHLDTTnfCWGkm0WfAq-xb4
[2017-07-27 10:30:21][info] k:out_trade_no=>XX-17072310101237604-a
[2017-07-27 10:30:21][info] k:result_code=>SUCCESS
[2017-07-27 10:30:21][info] k:return_code=>SUCCESS
[2017-07-27 10:30:21][info] k:sign=>7D93BFA12722D8810C4B6865839EBECE
[2017-07-27 10:30:21][info] k:time_end=>20170727103021
[2017-07-27 10:30:21][info] k:total_fee=>186000
[2017-07-27 10:30:21][info] k:trade_type=>NATIVE
[2017-07-27 10:30:21][info] k:transaction_id=>4006922001201707272886598091
[2017-07-27 10:30:21][info] ----------------------------------------
[2017-07-27 10:30:21][info] XML_DATA222:{"appid":"wxefc029d4373dcac0","bank_type":"CFT","cash_fee":"1860.00","fee_type":"CNY","is_subscribe":"Y","mch_id":"1244967502","nonce_str":"bo9q8378g962945edmxdqf865xk5168r","openid":"orYumuBHLDTTnfCWGkm0WfAq-xb4","out_trade_no":"XX-17072310101237604-a","result_code":"SUCCESS","return_code":"SUCCESS","sign":"7D93BFA12722D8810C4B6865839EBECE","time_end":"20170727103021","total_fee":"1860.00","trade_type":"NATIVE","transaction_id":"4006922001201707272886598091"}
[2017-07-27 10:30:22][warn] 数据存储成功，并成功返回记录编号18283！
[2017-07-27 10:30:33][info] ----------------------------------------
[2017-07-27 10:30:33][info] XML_DATA111:[{appid=>wxefc029d4373dcac0}{bank_type=>CFT}{cash_fee=>186000}{fee_type=>CNY}{is_subscribe=>Y}{mch_id=>1244967502}{nonce_str=>bo9q8378g962945edmxdqf865xk5168r}{openid=>orYumuBHLDTTnfCWGkm0WfAq-xb4}{out_trade_no=>XX-17072310101237604-a}{result_code=>SUCCESS}{return_code=>SUCCESS}{sign=>7D93BFA12722D8810C4B6865839EBECE}{time_end=>20170727103021}{total_fee=>186000}{trade_type=>NATIVE}{transaction_id=>4006922001201707272886598091}]
[2017-07-27 10:30:33][info] k:appid=>wxefc029d4373dcac0
[2017-07-27 10:30:33][info] k:bank_type=>CFT
[2017-07-27 10:30:33][info] k:cash_fee=>186000
[2017-07-27 10:30:33][info] k:fee_type=>CNY
[2017-07-27 10:30:33][info] k:is_subscribe=>Y
[2017-07-27 10:30:33][info] k:mch_id=>1244967502
[2017-07-27 10:30:33][info] k:nonce_str=>bo9q8378g962945edmxdqf865xk5168r
[2017-07-27 10:30:33][info] k:openid=>orYumuBHLDTTnfCWGkm0WfAq-xb4
[2017-07-27 10:30:33][info] k:out_trade_no=>XX-17072310101237604-a
[2017-07-27 10:30:33][info] k:result_code=>SUCCESS
[2017-07-27 10:30:33][info] k:return_code=>SUCCESS
[2017-07-27 10:30:33][info] k:sign=>7D93BFA12722D8810C4B6865839EBECE
[2017-07-27 10:30:33][info] k:time_end=>20170727103021
[2017-07-27 10:30:33][info] k:total_fee=>186000
[2017-07-27 10:30:33][info] k:trade_type=>NATIVE
[2017-07-27 10:30:33][info] k:transaction_id=>4006922001201707272886598091
[2017-07-27 10:30:33][info] ----------------------------------------
[2017-07-27 10:30:33][info] XML_DATA222:{"appid":"wxefc029d4373dcac0","bank_type":"CFT","cash_fee":"1860.00","fee_type":"CNY","is_subscribe":"Y","mch_id":"1244967502","nonce_str":"bo9q8378g962945edmxdqf865xk5168r","openid":"orYumuBHLDTTnfCWGkm0WfAq-xb4","out_trade_no":"XX-17072310101237604-a","result_code":"SUCCESS","return_code":"SUCCESS","sign":"7D93BFA12722D8810C4B6865839EBECE","time_end":"20170727103021","total_fee":"1860.00","trade_type":"NATIVE","transaction_id":"4006922001201707272886598091"}
[2017-07-27 10:30:33][info] 收到重复信息，并处理反馈成功！
[2017-07-27 10:30:33][info] success
[2017-07-27 10:30:33][info] 写入结束!!!
[2017-07-27 20:39:08][info] ----------------------------------------
[2017-07-27 20:39:08][info] XML_DATA111:[{appid=>wxefc029d4373dcac0}{bank_type=>CMB_CREDIT}{cash_fee=>849000}{fee_type=>CNY}{is_subscribe=>N}{mch_id=>1244967502}{nonce_str=>tsqmrcvuxu3am1jf15s1ostwb6dc6nkt}{openid=>orYumuFReLmiA_oaZdbYLExGEvD0}{out_trade_no=>LX-17070112445527206-9}{result_code=>SUCCESS}{return_code=>SUCCESS}{sign=>A9B05456E8FBF23798A0F1D7FC531387}{time_end=>20170727203908}{total_fee=>849000}{trade_type=>NATIVE}{transaction_id=>4004842001201707272992839944}]
[2017-07-27 20:39:08][info] k:appid=>wxefc029d4373dcac0
[2017-07-27 20:39:08][info] k:bank_type=>CMB_CREDIT
[2017-07-27 20:39:08][info] k:cash_fee=>849000
[2017-07-27 20:39:08][info] k:fee_type=>CNY
[2017-07-27 20:39:08][info] k:is_subscribe=>N
[2017-07-27 20:39:08][info] k:mch_id=>1244967502
[2017-07-27 20:39:08][info] k:nonce_str=>tsqmrcvuxu3am1jf15s1ostwb6dc6nkt
[2017-07-27 20:39:08][info] k:openid=>orYumuFReLmiA_oaZdbYLExGEvD0
[2017-07-27 20:39:08][info] k:out_trade_no=>LX-17070112445527206-9
[2017-07-27 20:39:08][info] k:result_code=>SUCCESS
[2017-07-27 20:39:08][info] k:return_code=>SUCCESS
[2017-07-27 20:39:08][info] k:sign=>A9B05456E8FBF23798A0F1D7FC531387
[2017-07-27 20:39:08][info] k:time_end=>20170727203908
[2017-07-27 20:39:08][info] k:total_fee=>849000
[2017-07-27 20:39:08][info] k:trade_type=>NATIVE
[2017-07-27 20:39:08][info] k:transaction_id=>4004842001201707272992839944
[2017-07-27 20:39:08][info] ----------------------------------------
[2017-07-27 20:39:08][info] XML_DATA222:{"appid":"wxefc029d4373dcac0","bank_type":"CMB_CREDIT","cash_fee":"8490.00","fee_type":"CNY","is_subscribe":"N","mch_id":"1244967502","nonce_str":"tsqmrcvuxu3am1jf15s1ostwb6dc6nkt","openid":"orYumuFReLmiA_oaZdbYLExGEvD0","out_trade_no":"LX-17070112445527206-9","result_code":"SUCCESS","return_code":"SUCCESS","sign":"A9B05456E8FBF23798A0F1D7FC531387","time_end":"20170727203908","total_fee":"8490.00","trade_type":"NATIVE","transaction_id":"4004842001201707272992839944"}
[2017-07-27 20:39:09][warn] 数据存储成功，并成功返回记录编号18299！
[2017-07-27 20:39:24][info] ----------------------------------------
[2017-07-27 20:39:24][info] XML_DATA111:[{appid=>wxefc029d4373dcac0}{bank_type=>CMB_CREDIT}{cash_fee=>849000}{fee_type=>CNY}{is_subscribe=>N}{mch_id=>1244967502}{nonce_str=>tsqmrcvuxu3am1jf15s1ostwb6dc6nkt}{openid=>orYumuFReLmiA_oaZdbYLExGEvD0}{out_trade_no=>LX-17070112445527206-9}{result_code=>SUCCESS}{return_code=>SUCCESS}{sign=>A9B05456E8FBF23798A0F1D7FC531387}{time_end=>20170727203908}{total_fee=>849000}{trade_type=>NATIVE}{transaction_id=>4004842001201707272992839944}]
[2017-07-27 20:39:24][info] k:appid=>wxefc029d4373dcac0
[2017-07-27 20:39:24][info] k:bank_type=>CMB_CREDIT
[2017-07-27 20:39:24][info] k:cash_fee=>849000
[2017-07-27 20:39:24][info] k:fee_type=>CNY
[2017-07-27 20:39:24][info] k:is_subscribe=>N
[2017-07-27 20:39:24][info] k:mch_id=>1244967502
[2017-07-27 20:39:24][info] k:nonce_str=>tsqmrcvuxu3am1jf15s1ostwb6dc6nkt
[2017-07-27 20:39:24][info] k:openid=>orYumuFReLmiA_oaZdbYLExGEvD0
[2017-07-27 20:39:24][info] k:out_trade_no=>LX-17070112445527206-9
[2017-07-27 20:39:24][info] k:result_code=>SUCCESS
[2017-07-27 20:39:24][info] k:return_code=>SUCCESS
[2017-07-27 20:39:24][info] k:sign=>A9B05456E8FBF23798A0F1D7FC531387
[2017-07-27 20:39:24][info] k:time_end=>20170727203908
[2017-07-27 20:39:24][info] k:total_fee=>849000
[2017-07-27 20:39:24][info] k:trade_type=>NATIVE
[2017-07-27 20:39:24][info] k:transaction_id=>4004842001201707272992839944
[2017-07-27 20:39:24][info] ----------------------------------------
[2017-07-27 20:39:24][info] XML_DATA222:{"appid":"wxefc029d4373dcac0","bank_type":"CMB_CREDIT","cash_fee":"8490.00","fee_type":"CNY","is_subscribe":"N","mch_id":"1244967502","nonce_str":"tsqmrcvuxu3am1jf15s1ostwb6dc6nkt","openid":"orYumuFReLmiA_oaZdbYLExGEvD0","out_trade_no":"LX-17070112445527206-9","result_code":"SUCCESS","return_code":"SUCCESS","sign":"A9B05456E8FBF23798A0F1D7FC531387","time_end":"20170727203908","total_fee":"8490.00","trade_type":"NATIVE","transaction_id":"4004842001201707272992839944"}
[2017-07-27 20:39:24][info] 收到重复信息，并处理反馈成功！
[2017-07-27 20:39:24][info] success
[2017-07-27 20:39:24][info] 写入结束!!!
