[2017-07-22 09:29:05][info] ----------------------------------------
[2017-07-22 09:29:05][info] XML_DATA111:[{appid=>wxefc029d4373dcac0}{bank_type=>ICBC_DEBIT}{cash_fee=>690000}{fee_type=>CNY}{is_subscribe=>N}{mch_id=>1244967502}{nonce_str=>bxnvkt0ujxa8w1kqazsc3tc5k0l5kwtk}{openid=>orYumuP1UU9lKDz83djp5yOMJ_TA}{out_trade_no=>LX-17071916251443701-6}{result_code=>SUCCESS}{return_code=>SUCCESS}{sign=>4894DECE2E34A093FD9918CAB77D8993}{time_end=>20170722092904}{total_fee=>690000}{trade_type=>NATIVE}{transaction_id=>4010012001201707222023847869}]
[2017-07-22 09:29:05][info] k:appid=>wxefc029d4373dcac0
[2017-07-22 09:29:05][info] k:bank_type=>ICBC_DEBIT
[2017-07-22 09:29:05][info] k:cash_fee=>690000
[2017-07-22 09:29:05][info] k:fee_type=>CNY
[2017-07-22 09:29:05][info] k:is_subscribe=>N
[2017-07-22 09:29:05][info] k:mch_id=>1244967502
[2017-07-22 09:29:05][info] k:nonce_str=>bxnvkt0ujxa8w1kqazsc3tc5k0l5kwtk
[2017-07-22 09:29:05][info] k:openid=>orYumuP1UU9lKDz83djp5yOMJ_TA
[2017-07-22 09:29:05][info] k:out_trade_no=>LX-17071916251443701-6
[2017-07-22 09:29:05][info] k:result_code=>SUCCESS
[2017-07-22 09:29:05][info] k:return_code=>SUCCESS
[2017-07-22 09:29:05][info] k:sign=>4894DECE2E34A093FD9918CAB77D8993
[2017-07-22 09:29:05][info] k:time_end=>20170722092904
[2017-07-22 09:29:05][info] k:total_fee=>690000
[2017-07-22 09:29:05][info] k:trade_type=>NATIVE
[2017-07-22 09:29:05][info] k:transaction_id=>4010012001201707222023847869
[2017-07-22 09:29:05][info] ----------------------------------------
[2017-07-22 09:29:05][info] XML_DATA222:{"appid":"wxefc029d4373dcac0","bank_type":"ICBC_DEBIT","cash_fee":"6900.00","fee_type":"CNY","is_subscribe":"N","mch_id":"1244967502","nonce_str":"bxnvkt0ujxa8w1kqazsc3tc5k0l5kwtk","openid":"orYumuP1UU9lKDz83djp5yOMJ_TA","out_trade_no":"LX-17071916251443701-6","result_code":"SUCCESS","return_code":"SUCCESS","sign":"4894DECE2E34A093FD9918CAB77D8993","time_end":"20170722092904","total_fee":"6900.00","trade_type":"NATIVE","transaction_id":"4010012001201707222023847869"}
[2017-07-22 09:29:06][warn] 数据存储成功，并成功返回记录编号18182！
[2017-07-22 09:29:20][info] ----------------------------------------
[2017-07-22 09:29:20][info] XML_DATA111:[{appid=>wxefc029d4373dcac0}{bank_type=>ICBC_DEBIT}{cash_fee=>690000}{fee_type=>CNY}{is_subscribe=>N}{mch_id=>1244967502}{nonce_str=>bxnvkt0ujxa8w1kqazsc3tc5k0l5kwtk}{openid=>orYumuP1UU9lKDz83djp5yOMJ_TA}{out_trade_no=>LX-17071916251443701-6}{result_code=>SUCCESS}{return_code=>SUCCESS}{sign=>4894DECE2E34A093FD9918CAB77D8993}{time_end=>20170722092904}{total_fee=>690000}{trade_type=>NATIVE}{transaction_id=>4010012001201707222023847869}]
[2017-07-22 09:29:20][info] k:appid=>wxefc029d4373dcac0
[2017-07-22 09:29:20][info] k:bank_type=>ICBC_DEBIT
[2017-07-22 09:29:20][info] k:cash_fee=>690000
[2017-07-22 09:29:20][info] k:fee_type=>CNY
[2017-07-22 09:29:20][info] k:is_subscribe=>N
[2017-07-22 09:29:20][info] k:mch_id=>1244967502
[2017-07-22 09:29:20][info] k:nonce_str=>bxnvkt0ujxa8w1kqazsc3tc5k0l5kwtk
[2017-07-22 09:29:20][info] k:openid=>orYumuP1UU9lKDz83djp5yOMJ_TA
[2017-07-22 09:29:20][info] k:out_trade_no=>LX-17071916251443701-6
[2017-07-22 09:29:20][info] k:result_code=>SUCCESS
[2017-07-22 09:29:20][info] k:return_code=>SUCCESS
[2017-07-22 09:29:20][info] k:sign=>4894DECE2E34A093FD9918CAB77D8993
[2017-07-22 09:29:20][info] k:time_end=>20170722092904
[2017-07-22 09:29:20][info] k:total_fee=>690000
[2017-07-22 09:29:20][info] k:trade_type=>NATIVE
[2017-07-22 09:29:20][info] k:transaction_id=>4010012001201707222023847869
[2017-07-22 09:29:20][info] ----------------------------------------
[2017-07-22 09:29:20][info] XML_DATA222:{"appid":"wxefc029d4373dcac0","bank_type":"ICBC_DEBIT","cash_fee":"6900.00","fee_type":"CNY","is_subscribe":"N","mch_id":"1244967502","nonce_str":"bxnvkt0ujxa8w1kqazsc3tc5k0l5kwtk","openid":"orYumuP1UU9lKDz83djp5yOMJ_TA","out_trade_no":"LX-17071916251443701-6","result_code":"SUCCESS","return_code":"SUCCESS","sign":"4894DECE2E34A093FD9918CAB77D8993","time_end":"20170722092904","total_fee":"6900.00","trade_type":"NATIVE","transaction_id":"4010012001201707222023847869"}
[2017-07-22 09:29:20][info] 收到重复信息，并处理反馈成功！
[2017-07-22 09:29:20][info] success
[2017-07-22 09:29:20][info] 写入结束!!!
[2017-07-22 09:41:53][info] ----------------------------------------
[2017-07-22 09:41:53][info] XML_DATA111:[{appid=>wxefc029d4373dcac0}{bank_type=>CFT}{cash_fee=>323000}{fee_type=>CNY}{is_subscribe=>N}{mch_id=>1244967502}{nonce_str=>a3k53w8nt0q1dcuzh50qp8y9kpoysgh8}{openid=>orYumuBHU4dj2Iov0AyIGMe29CLM}{out_trade_no=>LX-17072109480150501-9}{result_code=>SUCCESS}{return_code=>SUCCESS}{sign=>D02F3F4C679B33E2F5E2C5F629D04CC1}{time_end=>20170722094153}{total_fee=>323000}{trade_type=>NATIVE}{transaction_id=>4000912001201707222024217076}]
[2017-07-22 09:41:53][info] k:appid=>wxefc029d4373dcac0
[2017-07-22 09:41:53][info] k:bank_type=>CFT
[2017-07-22 09:41:53][info] k:cash_fee=>323000
[2017-07-22 09:41:53][info] k:fee_type=>CNY
[2017-07-22 09:41:53][info] k:is_subscribe=>N
[2017-07-22 09:41:53][info] k:mch_id=>1244967502
[2017-07-22 09:41:53][info] k:nonce_str=>a3k53w8nt0q1dcuzh50qp8y9kpoysgh8
[2017-07-22 09:41:53][info] k:openid=>orYumuBHU4dj2Iov0AyIGMe29CLM
[2017-07-22 09:41:53][info] k:out_trade_no=>LX-17072109480150501-9
[2017-07-22 09:41:53][info] k:result_code=>SUCCESS
[2017-07-22 09:41:53][info] k:return_code=>SUCCESS
[2017-07-22 09:41:53][info] k:sign=>D02F3F4C679B33E2F5E2C5F629D04CC1
[2017-07-22 09:41:53][info] k:time_end=>20170722094153
[2017-07-22 09:41:53][info] k:total_fee=>323000
[2017-07-22 09:41:53][info] k:trade_type=>NATIVE
[2017-07-22 09:41:53][info] k:transaction_id=>4000912001201707222024217076
[2017-07-22 09:41:53][info] ----------------------------------------
[2017-07-22 09:41:53][info] XML_DATA222:{"appid":"wxefc029d4373dcac0","bank_type":"CFT","cash_fee":"3230.00","fee_type":"CNY","is_subscribe":"N","mch_id":"1244967502","nonce_str":"a3k53w8nt0q1dcuzh50qp8y9kpoysgh8","openid":"orYumuBHU4dj2Iov0AyIGMe29CLM","out_trade_no":"LX-17072109480150501-9","result_code":"SUCCESS","return_code":"SUCCESS","sign":"D02F3F4C679B33E2F5E2C5F629D04CC1","time_end":"20170722094153","total_fee":"3230.00","trade_type":"NATIVE","transaction_id":"4000912001201707222024217076"}
[2017-07-22 09:41:54][warn] 数据存储成功，并成功返回记录编号18183！
[2017-07-22 09:42:07][info] ----------------------------------------
[2017-07-22 09:42:07][info] XML_DATA111:[{appid=>wxefc029d4373dcac0}{bank_type=>CFT}{cash_fee=>323000}{fee_type=>CNY}{is_subscribe=>N}{mch_id=>1244967502}{nonce_str=>a3k53w8nt0q1dcuzh50qp8y9kpoysgh8}{openid=>orYumuBHU4dj2Iov0AyIGMe29CLM}{out_trade_no=>LX-17072109480150501-9}{result_code=>SUCCESS}{return_code=>SUCCESS}{sign=>D02F3F4C679B33E2F5E2C5F629D04CC1}{time_end=>20170722094153}{total_fee=>323000}{trade_type=>NATIVE}{transaction_id=>4000912001201707222024217076}]
[2017-07-22 09:42:07][info] k:appid=>wxefc029d4373dcac0
[2017-07-22 09:42:07][info] k:bank_type=>CFT
[2017-07-22 09:42:07][info] k:cash_fee=>323000
[2017-07-22 09:42:07][info] k:fee_type=>CNY
[2017-07-22 09:42:07][info] k:is_subscribe=>N
[2017-07-22 09:42:07][info] k:mch_id=>1244967502
[2017-07-22 09:42:07][info] k:nonce_str=>a3k53w8nt0q1dcuzh50qp8y9kpoysgh8
[2017-07-22 09:42:07][info] k:openid=>orYumuBHU4dj2Iov0AyIGMe29CLM
[2017-07-22 09:42:07][info] k:out_trade_no=>LX-17072109480150501-9
[2017-07-22 09:42:07][info] k:result_code=>SUCCESS
[2017-07-22 09:42:07][info] k:return_code=>SUCCESS
[2017-07-22 09:42:07][info] k:sign=>D02F3F4C679B33E2F5E2C5F629D04CC1
[2017-07-22 09:42:07][info] k:time_end=>20170722094153
[2017-07-22 09:42:07][info] k:total_fee=>323000
[2017-07-22 09:42:07][info] k:trade_type=>NATIVE
[2017-07-22 09:42:07][info] k:transaction_id=>4000912001201707222024217076
[2017-07-22 09:42:07][info] ----------------------------------------
[2017-07-22 09:42:07][info] XML_DATA222:{"appid":"wxefc029d4373dcac0","bank_type":"CFT","cash_fee":"3230.00","fee_type":"CNY","is_subscribe":"N","mch_id":"1244967502","nonce_str":"a3k53w8nt0q1dcuzh50qp8y9kpoysgh8","openid":"orYumuBHU4dj2Iov0AyIGMe29CLM","out_trade_no":"LX-17072109480150501-9","result_code":"SUCCESS","return_code":"SUCCESS","sign":"D02F3F4C679B33E2F5E2C5F629D04CC1","time_end":"20170722094153","total_fee":"3230.00","trade_type":"NATIVE","transaction_id":"4000912001201707222024217076"}
[2017-07-22 09:42:07][info] 收到重复信息，并处理反馈成功！
[2017-07-22 09:42:07][info] success
[2017-07-22 09:42:07][info] 写入结束!!!
[2017-07-22 14:06:41][info] ----------------------------------------
[2017-07-22 14:06:41][info] XML_DATA111:[{appid=>wxefc029d4373dcac0}{bank_type=>CMB_CREDIT}{cash_fee=>994000}{fee_type=>CNY}{is_subscribe=>N}{mch_id=>1244967502}{nonce_str=>91u2spryj6si5erv59kf01sbhpu7pp7o}{openid=>orYumuNdbXCcRRb-CCcDjpvYLWss}{out_trade_no=>LX-1707221114535001-f}{result_code=>SUCCESS}{return_code=>SUCCESS}{sign=>30976697795C9B9ED99CC262644A9E5A}{time_end=>20170722140640}{total_fee=>994000}{trade_type=>NATIVE}{transaction_id=>4002692001201707222067799273}]
[2017-07-22 14:06:41][info] k:appid=>wxefc029d4373dcac0
[2017-07-22 14:06:41][info] k:bank_type=>CMB_CREDIT
[2017-07-22 14:06:41][info] k:cash_fee=>994000
[2017-07-22 14:06:41][info] k:fee_type=>CNY
[2017-07-22 14:06:41][info] k:is_subscribe=>N
[2017-07-22 14:06:41][info] k:mch_id=>1244967502
[2017-07-22 14:06:41][info] k:nonce_str=>91u2spryj6si5erv59kf01sbhpu7pp7o
[2017-07-22 14:06:41][info] k:openid=>orYumuNdbXCcRRb-CCcDjpvYLWss
[2017-07-22 14:06:41][info] k:out_trade_no=>LX-1707221114535001-f
[2017-07-22 14:06:41][info] k:result_code=>SUCCESS
[2017-07-22 14:06:41][info] k:return_code=>SUCCESS
[2017-07-22 14:06:41][info] k:sign=>30976697795C9B9ED99CC262644A9E5A
[2017-07-22 14:06:41][info] k:time_end=>20170722140640
[2017-07-22 14:06:41][info] k:total_fee=>994000
[2017-07-22 14:06:41][info] k:trade_type=>NATIVE
[2017-07-22 14:06:41][info] k:transaction_id=>4002692001201707222067799273
[2017-07-22 14:06:41][info] ----------------------------------------
[2017-07-22 14:06:41][info] XML_DATA222:{"appid":"wxefc029d4373dcac0","bank_type":"CMB_CREDIT","cash_fee":"9940.00","fee_type":"CNY","is_subscribe":"N","mch_id":"1244967502","nonce_str":"91u2spryj6si5erv59kf01sbhpu7pp7o","openid":"orYumuNdbXCcRRb-CCcDjpvYLWss","out_trade_no":"LX-1707221114535001-f","result_code":"SUCCESS","return_code":"SUCCESS","sign":"30976697795C9B9ED99CC262644A9E5A","time_end":"20170722140640","total_fee":"9940.00","trade_type":"NATIVE","transaction_id":"4002692001201707222067799273"}
[2017-07-22 14:06:41][warn] 数据存储成功，并成功返回记录编号18186！
[2017-07-22 14:06:50][info] ----------------------------------------
[2017-07-22 14:06:50][info] XML_DATA111:[{appid=>wxefc029d4373dcac0}{bank_type=>CMB_CREDIT}{cash_fee=>994000}{fee_type=>CNY}{is_subscribe=>N}{mch_id=>1244967502}{nonce_str=>91u2spryj6si5erv59kf01sbhpu7pp7o}{openid=>orYumuNdbXCcRRb-CCcDjpvYLWss}{out_trade_no=>LX-1707221114535001-f}{result_code=>SUCCESS}{return_code=>SUCCESS}{sign=>30976697795C9B9ED99CC262644A9E5A}{time_end=>20170722140640}{total_fee=>994000}{trade_type=>NATIVE}{transaction_id=>4002692001201707222067799273}]
[2017-07-22 14:06:50][info] k:appid=>wxefc029d4373dcac0
[2017-07-22 14:06:50][info] k:bank_type=>CMB_CREDIT
[2017-07-22 14:06:50][info] k:cash_fee=>994000
[2017-07-22 14:06:50][info] k:fee_type=>CNY
[2017-07-22 14:06:50][info] k:is_subscribe=>N
[2017-07-22 14:06:50][info] k:mch_id=>1244967502
[2017-07-22 14:06:50][info] k:nonce_str=>91u2spryj6si5erv59kf01sbhpu7pp7o
[2017-07-22 14:06:50][info] k:openid=>orYumuNdbXCcRRb-CCcDjpvYLWss
[2017-07-22 14:06:50][info] k:out_trade_no=>LX-1707221114535001-f
[2017-07-22 14:06:50][info] k:result_code=>SUCCESS
[2017-07-22 14:06:50][info] k:return_code=>SUCCESS
[2017-07-22 14:06:50][info] k:sign=>30976697795C9B9ED99CC262644A9E5A
[2017-07-22 14:06:50][info] k:time_end=>20170722140640
[2017-07-22 14:06:50][info] k:total_fee=>994000
[2017-07-22 14:06:50][info] k:trade_type=>NATIVE
[2017-07-22 14:06:50][info] k:transaction_id=>4002692001201707222067799273
[2017-07-22 14:06:50][info] ----------------------------------------
[2017-07-22 14:06:50][info] XML_DATA222:{"appid":"wxefc029d4373dcac0","bank_type":"CMB_CREDIT","cash_fee":"9940.00","fee_type":"CNY","is_subscribe":"N","mch_id":"1244967502","nonce_str":"91u2spryj6si5erv59kf01sbhpu7pp7o","openid":"orYumuNdbXCcRRb-CCcDjpvYLWss","out_trade_no":"LX-1707221114535001-f","result_code":"SUCCESS","return_code":"SUCCESS","sign":"30976697795C9B9ED99CC262644A9E5A","time_end":"20170722140640","total_fee":"9940.00","trade_type":"NATIVE","transaction_id":"4002692001201707222067799273"}
[2017-07-22 14:06:50][info] 收到重复信息，并处理反馈成功！
[2017-07-22 14:06:50][info] success
[2017-07-22 14:06:50][info] 写入结束!!!
[2017-07-22 16:38:07][info] ----------------------------------------
[2017-07-22 16:38:07][info] XML_DATA111:[{appid=>wxefc029d4373dcac0}{bank_type=>BOC_CREDIT}{cash_fee=>475000}{fee_type=>CNY}{is_subscribe=>N}{mch_id=>1244967502}{nonce_str=>nuv3ce82tonx3f4alskfai3a97rmfagy}{openid=>orYumuNKOMFpx0k2b5KPhDx5Jmzc}{out_trade_no=>LX-17062010143396201-d}{result_code=>SUCCESS}{return_code=>SUCCESS}{sign=>F3CBBAE896BF413A820BD3E850E03078}{time_end=>20170722163807}{total_fee=>475000}{trade_type=>NATIVE}{transaction_id=>4005062001201707222092898645}]
[2017-07-22 16:38:07][info] k:appid=>wxefc029d4373dcac0
[2017-07-22 16:38:07][info] k:bank_type=>BOC_CREDIT
[2017-07-22 16:38:07][info] k:cash_fee=>475000
[2017-07-22 16:38:07][info] k:fee_type=>CNY
[2017-07-22 16:38:07][info] k:is_subscribe=>N
[2017-07-22 16:38:07][info] k:mch_id=>1244967502
[2017-07-22 16:38:07][info] k:nonce_str=>nuv3ce82tonx3f4alskfai3a97rmfagy
[2017-07-22 16:38:07][info] k:openid=>orYumuNKOMFpx0k2b5KPhDx5Jmzc
[2017-07-22 16:38:07][info] k:out_trade_no=>LX-17062010143396201-d
[2017-07-22 16:38:07][info] k:result_code=>SUCCESS
[2017-07-22 16:38:07][info] k:return_code=>SUCCESS
[2017-07-22 16:38:07][info] k:sign=>F3CBBAE896BF413A820BD3E850E03078
[2017-07-22 16:38:07][info] k:time_end=>20170722163807
[2017-07-22 16:38:07][info] k:total_fee=>475000
[2017-07-22 16:38:07][info] k:trade_type=>NATIVE
[2017-07-22 16:38:07][info] k:transaction_id=>4005062001201707222092898645
[2017-07-22 16:38:07][info] ----------------------------------------
[2017-07-22 16:38:07][info] XML_DATA222:{"appid":"wxefc029d4373dcac0","bank_type":"BOC_CREDIT","cash_fee":"4750.00","fee_type":"CNY","is_subscribe":"N","mch_id":"1244967502","nonce_str":"nuv3ce82tonx3f4alskfai3a97rmfagy","openid":"orYumuNKOMFpx0k2b5KPhDx5Jmzc","out_trade_no":"LX-17062010143396201-d","result_code":"SUCCESS","return_code":"SUCCESS","sign":"F3CBBAE896BF413A820BD3E850E03078","time_end":"20170722163807","total_fee":"4750.00","trade_type":"NATIVE","transaction_id":"4005062001201707222092898645"}
[2017-07-22 16:38:07][warn] 数据存储成功，并成功返回记录编号18193！
[2017-07-22 16:38:22][info] ----------------------------------------
[2017-07-22 16:38:22][info] XML_DATA111:[{appid=>wxefc029d4373dcac0}{bank_type=>BOC_CREDIT}{cash_fee=>475000}{fee_type=>CNY}{is_subscribe=>N}{mch_id=>1244967502}{nonce_str=>nuv3ce82tonx3f4alskfai3a97rmfagy}{openid=>orYumuNKOMFpx0k2b5KPhDx5Jmzc}{out_trade_no=>LX-17062010143396201-d}{result_code=>SUCCESS}{return_code=>SUCCESS}{sign=>F3CBBAE896BF413A820BD3E850E03078}{time_end=>20170722163807}{total_fee=>475000}{trade_type=>NATIVE}{transaction_id=>4005062001201707222092898645}]
[2017-07-22 16:38:22][info] k:appid=>wxefc029d4373dcac0
[2017-07-22 16:38:22][info] k:bank_type=>BOC_CREDIT
[2017-07-22 16:38:22][info] k:cash_fee=>475000
[2017-07-22 16:38:22][info] k:fee_type=>CNY
[2017-07-22 16:38:22][info] k:is_subscribe=>N
[2017-07-22 16:38:22][info] k:mch_id=>1244967502
[2017-07-22 16:38:22][info] k:nonce_str=>nuv3ce82tonx3f4alskfai3a97rmfagy
[2017-07-22 16:38:22][info] k:openid=>orYumuNKOMFpx0k2b5KPhDx5Jmzc
[2017-07-22 16:38:22][info] k:out_trade_no=>LX-17062010143396201-d
[2017-07-22 16:38:22][info] k:result_code=>SUCCESS
[2017-07-22 16:38:22][info] k:return_code=>SUCCESS
[2017-07-22 16:38:22][info] k:sign=>F3CBBAE896BF413A820BD3E850E03078
[2017-07-22 16:38:22][info] k:time_end=>20170722163807
[2017-07-22 16:38:22][info] k:total_fee=>475000
[2017-07-22 16:38:22][info] k:trade_type=>NATIVE
[2017-07-22 16:38:22][info] k:transaction_id=>4005062001201707222092898645
[2017-07-22 16:38:22][info] ----------------------------------------
[2017-07-22 16:38:22][info] XML_DATA222:{"appid":"wxefc029d4373dcac0","bank_type":"BOC_CREDIT","cash_fee":"4750.00","fee_type":"CNY","is_subscribe":"N","mch_id":"1244967502","nonce_str":"nuv3ce82tonx3f4alskfai3a97rmfagy","openid":"orYumuNKOMFpx0k2b5KPhDx5Jmzc","out_trade_no":"LX-17062010143396201-d","result_code":"SUCCESS","return_code":"SUCCESS","sign":"F3CBBAE896BF413A820BD3E850E03078","time_end":"20170722163807","total_fee":"4750.00","trade_type":"NATIVE","transaction_id":"4005062001201707222092898645"}
[2017-07-22 16:38:22][info] 收到重复信息，并处理反馈成功！
[2017-07-22 16:38:22][info] success
[2017-07-22 16:38:22][info] 写入结束!!!
[2017-07-22 22:22:58][info] ----------------------------------------
[2017-07-22 22:22:58][info] XML_DATA111:[{appid=>wxefc029d4373dcac0}{bank_type=>CMB_CREDIT}{cash_fee=>408000}{fee_type=>CNY}{is_subscribe=>N}{mch_id=>1244967502}{nonce_str=>meaiup6l82p1thep3amws90ekaxas5tz}{openid=>orYumuGR9DcLbhNG56_8hS3oDlFw}{out_trade_no=>LX-17070717041899801-0}{result_code=>SUCCESS}{return_code=>SUCCESS}{sign=>BFEC3E0013B3D7191A4D66CAF4A63C9D}{time_end=>20170722222258}{total_fee=>408000}{trade_type=>NATIVE}{transaction_id=>4005842001201707222147516542}]
[2017-07-22 22:22:58][info] k:appid=>wxefc029d4373dcac0
[2017-07-22 22:22:58][info] k:bank_type=>CMB_CREDIT
[2017-07-22 22:22:58][info] k:cash_fee=>408000
[2017-07-22 22:22:58][info] k:fee_type=>CNY
[2017-07-22 22:22:58][info] k:is_subscribe=>N
[2017-07-22 22:22:58][info] k:mch_id=>1244967502
[2017-07-22 22:22:58][info] k:nonce_str=>meaiup6l82p1thep3amws90ekaxas5tz
[2017-07-22 22:22:58][info] k:openid=>orYumuGR9DcLbhNG56_8hS3oDlFw
[2017-07-22 22:22:58][info] k:out_trade_no=>LX-17070717041899801-0
[2017-07-22 22:22:58][info] k:result_code=>SUCCESS
[2017-07-22 22:22:58][info] k:return_code=>SUCCESS
[2017-07-22 22:22:58][info] k:sign=>BFEC3E0013B3D7191A4D66CAF4A63C9D
[2017-07-22 22:22:58][info] k:time_end=>20170722222258
[2017-07-22 22:22:58][info] k:total_fee=>408000
[2017-07-22 22:22:58][info] k:trade_type=>NATIVE
[2017-07-22 22:22:58][info] k:transaction_id=>4005842001201707222147516542
[2017-07-22 22:22:58][info] ----------------------------------------
[2017-07-22 22:22:58][info] XML_DATA222:{"appid":"wxefc029d4373dcac0","bank_type":"CMB_CREDIT","cash_fee":"4080.00","fee_type":"CNY","is_subscribe":"N","mch_id":"1244967502","nonce_str":"meaiup6l82p1thep3amws90ekaxas5tz","openid":"orYumuGR9DcLbhNG56_8hS3oDlFw","out_trade_no":"LX-17070717041899801-0","result_code":"SUCCESS","return_code":"SUCCESS","sign":"BFEC3E0013B3D7191A4D66CAF4A63C9D","time_end":"20170722222258","total_fee":"4080.00","trade_type":"NATIVE","transaction_id":"4005842001201707222147516542"}
[2017-07-22 22:22:59][warn] 数据存储成功，并成功返回记录编号18198！
[2017-07-22 22:23:11][info] ----------------------------------------
[2017-07-22 22:23:11][info] XML_DATA111:[{appid=>wxefc029d4373dcac0}{bank_type=>CMB_CREDIT}{cash_fee=>408000}{fee_type=>CNY}{is_subscribe=>N}{mch_id=>1244967502}{nonce_str=>meaiup6l82p1thep3amws90ekaxas5tz}{openid=>orYumuGR9DcLbhNG56_8hS3oDlFw}{out_trade_no=>LX-17070717041899801-0}{result_code=>SUCCESS}{return_code=>SUCCESS}{sign=>BFEC3E0013B3D7191A4D66CAF4A63C9D}{time_end=>20170722222258}{total_fee=>408000}{trade_type=>NATIVE}{transaction_id=>4005842001201707222147516542}]
[2017-07-22 22:23:11][info] k:appid=>wxefc029d4373dcac0
[2017-07-22 22:23:11][info] k:bank_type=>CMB_CREDIT
[2017-07-22 22:23:11][info] k:cash_fee=>408000
[2017-07-22 22:23:11][info] k:fee_type=>CNY
[2017-07-22 22:23:11][info] k:is_subscribe=>N
[2017-07-22 22:23:11][info] k:mch_id=>1244967502
[2017-07-22 22:23:11][info] k:nonce_str=>meaiup6l82p1thep3amws90ekaxas5tz
[2017-07-22 22:23:11][info] k:openid=>orYumuGR9DcLbhNG56_8hS3oDlFw
[2017-07-22 22:23:11][info] k:out_trade_no=>LX-17070717041899801-0
[2017-07-22 22:23:11][info] k:result_code=>SUCCESS
[2017-07-22 22:23:11][info] k:return_code=>SUCCESS
[2017-07-22 22:23:11][info] k:sign=>BFEC3E0013B3D7191A4D66CAF4A63C9D
[2017-07-22 22:23:11][info] k:time_end=>20170722222258
[2017-07-22 22:23:11][info] k:total_fee=>408000
[2017-07-22 22:23:11][info] k:trade_type=>NATIVE
[2017-07-22 22:23:11][info] k:transaction_id=>4005842001201707222147516542
[2017-07-22 22:23:11][info] ----------------------------------------
[2017-07-22 22:23:11][info] XML_DATA222:{"appid":"wxefc029d4373dcac0","bank_type":"CMB_CREDIT","cash_fee":"4080.00","fee_type":"CNY","is_subscribe":"N","mch_id":"1244967502","nonce_str":"meaiup6l82p1thep3amws90ekaxas5tz","openid":"orYumuGR9DcLbhNG56_8hS3oDlFw","out_trade_no":"LX-17070717041899801-0","result_code":"SUCCESS","return_code":"SUCCESS","sign":"BFEC3E0013B3D7191A4D66CAF4A63C9D","time_end":"20170722222258","total_fee":"4080.00","trade_type":"NATIVE","transaction_id":"4005842001201707222147516542"}
[2017-07-22 22:23:11][info] 收到重复信息，并处理反馈成功！
[2017-07-22 22:23:11][info] success
[2017-07-22 22:23:11][info] 写入结束!!!
