[2017-10-08 08:05:51][info] ----------------------------------------
[2017-10-08 08:05:51][info] XML_DATA111:[{appid=>wxefc029d4373dcac0}{bank_type=>COMM_DEBIT}{cash_fee=>258000}{fee_type=>CNY}{is_subscribe=>N}{mch_id=>1244967502}{nonce_str=>cejwqabwk3zjtu5it28q03fmlq9fhqbo}{openid=>orYumuLcDu2T6NWiqAhQuG-nQ-R0}{out_trade_no=>LX-17092314202643801-a}{result_code=>SUCCESS}{return_code=>SUCCESS}{sign=>85F6E25AA21BB06AA26D8F267EC3D619}{time_end=>20171008080550}{total_fee=>258000}{trade_type=>NATIVE}{transaction_id=>4200000003201710086764738764}]
[2017-10-08 08:05:51][info] k:appid=>wxefc029d4373dcac0
[2017-10-08 08:05:51][info] k:bank_type=>COMM_DEBIT
[2017-10-08 08:05:51][info] k:cash_fee=>258000
[2017-10-08 08:05:51][info] k:fee_type=>CNY
[2017-10-08 08:05:51][info] k:is_subscribe=>N
[2017-10-08 08:05:51][info] k:mch_id=>1244967502
[2017-10-08 08:05:51][info] k:nonce_str=>cejwqabwk3zjtu5it28q03fmlq9fhqbo
[2017-10-08 08:05:51][info] k:openid=>orYumuLcDu2T6NWiqAhQuG-nQ-R0
[2017-10-08 08:05:51][info] k:out_trade_no=>LX-17092314202643801-a
[2017-10-08 08:05:51][info] k:result_code=>SUCCESS
[2017-10-08 08:05:51][info] k:return_code=>SUCCESS
[2017-10-08 08:05:51][info] k:sign=>85F6E25AA21BB06AA26D8F267EC3D619
[2017-10-08 08:05:51][info] k:time_end=>20171008080550
[2017-10-08 08:05:51][info] k:total_fee=>258000
[2017-10-08 08:05:51][info] k:trade_type=>NATIVE
[2017-10-08 08:05:51][info] k:transaction_id=>4200000003201710086764738764
[2017-10-08 08:05:51][info] ----------------------------------------
[2017-10-08 08:05:51][info] XML_DATA222:{"appid":"wxefc029d4373dcac0","bank_type":"COMM_DEBIT","cash_fee":"2580.00","fee_type":"CNY","is_subscribe":"N","mch_id":"1244967502","nonce_str":"cejwqabwk3zjtu5it28q03fmlq9fhqbo","openid":"orYumuLcDu2T6NWiqAhQuG-nQ-R0","out_trade_no":"LX-17092314202643801-a","result_code":"SUCCESS","return_code":"SUCCESS","sign":"85F6E25AA21BB06AA26D8F267EC3D619","time_end":"20171008080550","total_fee":"2580.00","trade_type":"NATIVE","transaction_id":"4200000003201710086764738764"}
[2017-10-08 08:05:52][warn] 数据存储成功，并成功返回记录编号19387！
[2017-10-08 08:06:02][info] ----------------------------------------
[2017-10-08 08:06:02][info] XML_DATA111:[{appid=>wxefc029d4373dcac0}{bank_type=>COMM_DEBIT}{cash_fee=>258000}{fee_type=>CNY}{is_subscribe=>N}{mch_id=>1244967502}{nonce_str=>cejwqabwk3zjtu5it28q03fmlq9fhqbo}{openid=>orYumuLcDu2T6NWiqAhQuG-nQ-R0}{out_trade_no=>LX-17092314202643801-a}{result_code=>SUCCESS}{return_code=>SUCCESS}{sign=>85F6E25AA21BB06AA26D8F267EC3D619}{time_end=>20171008080550}{total_fee=>258000}{trade_type=>NATIVE}{transaction_id=>4200000003201710086764738764}]
[2017-10-08 08:06:02][info] k:appid=>wxefc029d4373dcac0
[2017-10-08 08:06:02][info] k:bank_type=>COMM_DEBIT
[2017-10-08 08:06:02][info] k:cash_fee=>258000
[2017-10-08 08:06:02][info] k:fee_type=>CNY
[2017-10-08 08:06:02][info] k:is_subscribe=>N
[2017-10-08 08:06:02][info] k:mch_id=>1244967502
[2017-10-08 08:06:02][info] k:nonce_str=>cejwqabwk3zjtu5it28q03fmlq9fhqbo
[2017-10-08 08:06:02][info] k:openid=>orYumuLcDu2T6NWiqAhQuG-nQ-R0
[2017-10-08 08:06:02][info] k:out_trade_no=>LX-17092314202643801-a
[2017-10-08 08:06:02][info] k:result_code=>SUCCESS
[2017-10-08 08:06:02][info] k:return_code=>SUCCESS
[2017-10-08 08:06:02][info] k:sign=>85F6E25AA21BB06AA26D8F267EC3D619
[2017-10-08 08:06:02][info] k:time_end=>20171008080550
[2017-10-08 08:06:02][info] k:total_fee=>258000
[2017-10-08 08:06:02][info] k:trade_type=>NATIVE
[2017-10-08 08:06:02][info] k:transaction_id=>4200000003201710086764738764
[2017-10-08 08:06:02][info] ----------------------------------------
[2017-10-08 08:06:02][info] XML_DATA222:{"appid":"wxefc029d4373dcac0","bank_type":"COMM_DEBIT","cash_fee":"2580.00","fee_type":"CNY","is_subscribe":"N","mch_id":"1244967502","nonce_str":"cejwqabwk3zjtu5it28q03fmlq9fhqbo","openid":"orYumuLcDu2T6NWiqAhQuG-nQ-R0","out_trade_no":"LX-17092314202643801-a","result_code":"SUCCESS","return_code":"SUCCESS","sign":"85F6E25AA21BB06AA26D8F267EC3D619","time_end":"20171008080550","total_fee":"2580.00","trade_type":"NATIVE","transaction_id":"4200000003201710086764738764"}
[2017-10-08 08:06:02][info] 收到重复信息，并处理反馈成功！
[2017-10-08 08:06:02][info] success
[2017-10-08 08:06:02][info] 写入结束!!!
[2017-10-08 11:02:17][info] ----------------------------------------
[2017-10-08 11:02:17][info] XML_DATA111:[{appid=>wxefc029d4373dcac0}{bank_type=>CFT}{cash_fee=>776000}{fee_type=>CNY}{is_subscribe=>N}{mch_id=>1244967502}{nonce_str=>1vgytaqsud88faduj5283nda4swdn31j}{openid=>orYumuEy0aAgvophx6LlsQdbpi8E}{out_trade_no=>LX-17100810390641101-b}{result_code=>SUCCESS}{return_code=>SUCCESS}{sign=>9384B1CCCC261EA9C6689F55A5AB3967}{time_end=>20171008110216}{total_fee=>776000}{trade_type=>NATIVE}{transaction_id=>4200000008201710086792920756}]
[2017-10-08 11:02:17][info] k:appid=>wxefc029d4373dcac0
[2017-10-08 11:02:17][info] k:bank_type=>CFT
[2017-10-08 11:02:17][info] k:cash_fee=>776000
[2017-10-08 11:02:17][info] k:fee_type=>CNY
[2017-10-08 11:02:17][info] k:is_subscribe=>N
[2017-10-08 11:02:17][info] k:mch_id=>1244967502
[2017-10-08 11:02:17][info] k:nonce_str=>1vgytaqsud88faduj5283nda4swdn31j
[2017-10-08 11:02:17][info] k:openid=>orYumuEy0aAgvophx6LlsQdbpi8E
[2017-10-08 11:02:17][info] k:out_trade_no=>LX-17100810390641101-b
[2017-10-08 11:02:17][info] k:result_code=>SUCCESS
[2017-10-08 11:02:17][info] k:return_code=>SUCCESS
[2017-10-08 11:02:17][info] k:sign=>9384B1CCCC261EA9C6689F55A5AB3967
[2017-10-08 11:02:17][info] k:time_end=>20171008110216
[2017-10-08 11:02:17][info] k:total_fee=>776000
[2017-10-08 11:02:17][info] k:trade_type=>NATIVE
[2017-10-08 11:02:17][info] k:transaction_id=>4200000008201710086792920756
[2017-10-08 11:02:17][info] ----------------------------------------
[2017-10-08 11:02:17][info] XML_DATA222:{"appid":"wxefc029d4373dcac0","bank_type":"CFT","cash_fee":"7760.00","fee_type":"CNY","is_subscribe":"N","mch_id":"1244967502","nonce_str":"1vgytaqsud88faduj5283nda4swdn31j","openid":"orYumuEy0aAgvophx6LlsQdbpi8E","out_trade_no":"LX-17100810390641101-b","result_code":"SUCCESS","return_code":"SUCCESS","sign":"9384B1CCCC261EA9C6689F55A5AB3967","time_end":"20171008110216","total_fee":"7760.00","trade_type":"NATIVE","transaction_id":"4200000008201710086792920756"}
[2017-10-08 11:02:17][warn] 数据存储成功，并成功返回记录编号19389！
[2017-10-08 11:02:32][info] ----------------------------------------
[2017-10-08 11:02:32][info] XML_DATA111:[{appid=>wxefc029d4373dcac0}{bank_type=>CFT}{cash_fee=>776000}{fee_type=>CNY}{is_subscribe=>N}{mch_id=>1244967502}{nonce_str=>1vgytaqsud88faduj5283nda4swdn31j}{openid=>orYumuEy0aAgvophx6LlsQdbpi8E}{out_trade_no=>LX-17100810390641101-b}{result_code=>SUCCESS}{return_code=>SUCCESS}{sign=>9384B1CCCC261EA9C6689F55A5AB3967}{time_end=>20171008110216}{total_fee=>776000}{trade_type=>NATIVE}{transaction_id=>4200000008201710086792920756}]
[2017-10-08 11:02:32][info] k:appid=>wxefc029d4373dcac0
[2017-10-08 11:02:32][info] k:bank_type=>CFT
[2017-10-08 11:02:32][info] k:cash_fee=>776000
[2017-10-08 11:02:32][info] k:fee_type=>CNY
[2017-10-08 11:02:32][info] k:is_subscribe=>N
[2017-10-08 11:02:32][info] k:mch_id=>1244967502
[2017-10-08 11:02:32][info] k:nonce_str=>1vgytaqsud88faduj5283nda4swdn31j
[2017-10-08 11:02:32][info] k:openid=>orYumuEy0aAgvophx6LlsQdbpi8E
[2017-10-08 11:02:32][info] k:out_trade_no=>LX-17100810390641101-b
[2017-10-08 11:02:32][info] k:result_code=>SUCCESS
[2017-10-08 11:02:32][info] k:return_code=>SUCCESS
[2017-10-08 11:02:32][info] k:sign=>9384B1CCCC261EA9C6689F55A5AB3967
[2017-10-08 11:02:32][info] k:time_end=>20171008110216
[2017-10-08 11:02:32][info] k:total_fee=>776000
[2017-10-08 11:02:32][info] k:trade_type=>NATIVE
[2017-10-08 11:02:32][info] k:transaction_id=>4200000008201710086792920756
[2017-10-08 11:02:32][info] ----------------------------------------
[2017-10-08 11:02:32][info] XML_DATA222:{"appid":"wxefc029d4373dcac0","bank_type":"CFT","cash_fee":"7760.00","fee_type":"CNY","is_subscribe":"N","mch_id":"1244967502","nonce_str":"1vgytaqsud88faduj5283nda4swdn31j","openid":"orYumuEy0aAgvophx6LlsQdbpi8E","out_trade_no":"LX-17100810390641101-b","result_code":"SUCCESS","return_code":"SUCCESS","sign":"9384B1CCCC261EA9C6689F55A5AB3967","time_end":"20171008110216","total_fee":"7760.00","trade_type":"NATIVE","transaction_id":"4200000008201710086792920756"}
[2017-10-08 11:02:32][info] 收到重复信息，并处理反馈成功！
[2017-10-08 11:02:32][info] success
[2017-10-08 11:02:32][info] 写入结束!!!
[2017-10-08 13:26:48][info] ----------------------------------------
[2017-10-08 13:26:48][info] XML_DATA111:[{appid=>wxefc029d4373dcac0}{bank_type=>ABC_DEBIT}{cash_fee=>375050}{fee_type=>CNY}{is_subscribe=>N}{mch_id=>1244967502}{nonce_str=>ay0vxq0fwy40s7dvtuuabcu52t666gh4}{openid=>orYumuDUlZKImr89B-6OH9NfF_8I}{out_trade_no=>LX-17092416495527601-e}{result_code=>SUCCESS}{return_code=>SUCCESS}{sign=>16A5A8ACAB2EAA4B2F3428785BA7CFFB}{time_end=>20171008132648}{total_fee=>375050}{trade_type=>NATIVE}{transaction_id=>4200000029201710086820925100}]
[2017-10-08 13:26:48][info] k:appid=>wxefc029d4373dcac0
[2017-10-08 13:26:48][info] k:bank_type=>ABC_DEBIT
[2017-10-08 13:26:48][info] k:cash_fee=>375050
[2017-10-08 13:26:48][info] k:fee_type=>CNY
[2017-10-08 13:26:48][info] k:is_subscribe=>N
[2017-10-08 13:26:48][info] k:mch_id=>1244967502
[2017-10-08 13:26:48][info] k:nonce_str=>ay0vxq0fwy40s7dvtuuabcu52t666gh4
[2017-10-08 13:26:48][info] k:openid=>orYumuDUlZKImr89B-6OH9NfF_8I
[2017-10-08 13:26:48][info] k:out_trade_no=>LX-17092416495527601-e
[2017-10-08 13:26:48][info] k:result_code=>SUCCESS
[2017-10-08 13:26:48][info] k:return_code=>SUCCESS
[2017-10-08 13:26:48][info] k:sign=>16A5A8ACAB2EAA4B2F3428785BA7CFFB
[2017-10-08 13:26:48][info] k:time_end=>20171008132648
[2017-10-08 13:26:48][info] k:total_fee=>375050
[2017-10-08 13:26:48][info] k:trade_type=>NATIVE
[2017-10-08 13:26:48][info] k:transaction_id=>4200000029201710086820925100
[2017-10-08 13:26:48][info] ----------------------------------------
[2017-10-08 13:26:48][info] XML_DATA222:{"appid":"wxefc029d4373dcac0","bank_type":"ABC_DEBIT","cash_fee":"3750.50","fee_type":"CNY","is_subscribe":"N","mch_id":"1244967502","nonce_str":"ay0vxq0fwy40s7dvtuuabcu52t666gh4","openid":"orYumuDUlZKImr89B-6OH9NfF_8I","out_trade_no":"LX-17092416495527601-e","result_code":"SUCCESS","return_code":"SUCCESS","sign":"16A5A8ACAB2EAA4B2F3428785BA7CFFB","time_end":"20171008132648","total_fee":"3750.50","trade_type":"NATIVE","transaction_id":"4200000029201710086820925100"}
[2017-10-08 13:26:48][warn] 数据存储成功，并成功返回记录编号19390！
[2017-10-08 13:27:00][info] ----------------------------------------
[2017-10-08 13:27:00][info] XML_DATA111:[{appid=>wxefc029d4373dcac0}{bank_type=>ABC_DEBIT}{cash_fee=>375050}{fee_type=>CNY}{is_subscribe=>N}{mch_id=>1244967502}{nonce_str=>ay0vxq0fwy40s7dvtuuabcu52t666gh4}{openid=>orYumuDUlZKImr89B-6OH9NfF_8I}{out_trade_no=>LX-17092416495527601-e}{result_code=>SUCCESS}{return_code=>SUCCESS}{sign=>16A5A8ACAB2EAA4B2F3428785BA7CFFB}{time_end=>20171008132648}{total_fee=>375050}{trade_type=>NATIVE}{transaction_id=>4200000029201710086820925100}]
[2017-10-08 13:27:00][info] k:appid=>wxefc029d4373dcac0
[2017-10-08 13:27:00][info] k:bank_type=>ABC_DEBIT
[2017-10-08 13:27:00][info] k:cash_fee=>375050
[2017-10-08 13:27:00][info] k:fee_type=>CNY
[2017-10-08 13:27:00][info] k:is_subscribe=>N
[2017-10-08 13:27:00][info] k:mch_id=>1244967502
[2017-10-08 13:27:00][info] k:nonce_str=>ay0vxq0fwy40s7dvtuuabcu52t666gh4
[2017-10-08 13:27:00][info] k:openid=>orYumuDUlZKImr89B-6OH9NfF_8I
[2017-10-08 13:27:00][info] k:out_trade_no=>LX-17092416495527601-e
[2017-10-08 13:27:00][info] k:result_code=>SUCCESS
[2017-10-08 13:27:00][info] k:return_code=>SUCCESS
[2017-10-08 13:27:00][info] k:sign=>16A5A8ACAB2EAA4B2F3428785BA7CFFB
[2017-10-08 13:27:00][info] k:time_end=>20171008132648
[2017-10-08 13:27:00][info] k:total_fee=>375050
[2017-10-08 13:27:00][info] k:trade_type=>NATIVE
[2017-10-08 13:27:00][info] k:transaction_id=>4200000029201710086820925100
[2017-10-08 13:27:00][info] ----------------------------------------
[2017-10-08 13:27:00][info] XML_DATA222:{"appid":"wxefc029d4373dcac0","bank_type":"ABC_DEBIT","cash_fee":"3750.50","fee_type":"CNY","is_subscribe":"N","mch_id":"1244967502","nonce_str":"ay0vxq0fwy40s7dvtuuabcu52t666gh4","openid":"orYumuDUlZKImr89B-6OH9NfF_8I","out_trade_no":"LX-17092416495527601-e","result_code":"SUCCESS","return_code":"SUCCESS","sign":"16A5A8ACAB2EAA4B2F3428785BA7CFFB","time_end":"20171008132648","total_fee":"3750.50","trade_type":"NATIVE","transaction_id":"4200000029201710086820925100"}
[2017-10-08 13:27:00][info] 收到重复信息，并处理反馈成功！
[2017-10-08 13:27:00][info] success
[2017-10-08 13:27:00][info] 写入结束!!!
