[2017-03-06 20:42:28][info] ----------------------------------------
[2017-03-06 20:42:28][info] XML_DATA111:[{appid=>wxefc029d4373dcac0}{bank_type=>BOC_DEBIT}{cash_fee=>179000}{fee_type=>CNY}{is_subscribe=>Y}{mch_id=>1244967502}{nonce_str=>syr20czv0h31p6dlo3zklvnzexhcqp94}{openid=>orYumuL2iXVKIRX4ToVlToybsUn0}{out_trade_no=>LX-17011816031342649-f}{result_code=>SUCCESS}{return_code=>SUCCESS}{sign=>1BE0F768F9A75198FCA0ED9DD773D915}{time_end=>20170306204227}{total_fee=>179000}{trade_type=>NATIVE}{transaction_id=>4002162001201703062474602300}]
[2017-03-06 20:42:28][info] k:appid=>wxefc029d4373dcac0
[2017-03-06 20:42:28][info] k:bank_type=>BOC_DEBIT
[2017-03-06 20:42:28][info] k:cash_fee=>179000
[2017-03-06 20:42:28][info] k:fee_type=>CNY
[2017-03-06 20:42:28][info] k:is_subscribe=>Y
[2017-03-06 20:42:28][info] k:mch_id=>1244967502
[2017-03-06 20:42:28][info] k:nonce_str=>syr20czv0h31p6dlo3zklvnzexhcqp94
[2017-03-06 20:42:28][info] k:openid=>orYumuL2iXVKIRX4ToVlToybsUn0
[2017-03-06 20:42:28][info] k:out_trade_no=>LX-17011816031342649-f
[2017-03-06 20:42:28][info] k:result_code=>SUCCESS
[2017-03-06 20:42:28][info] k:return_code=>SUCCESS
[2017-03-06 20:42:28][info] k:sign=>1BE0F768F9A75198FCA0ED9DD773D915
[2017-03-06 20:42:28][info] k:time_end=>20170306204227
[2017-03-06 20:42:28][info] k:total_fee=>179000
[2017-03-06 20:42:28][info] k:trade_type=>NATIVE
[2017-03-06 20:42:28][info] k:transaction_id=>4002162001201703062474602300
[2017-03-06 20:42:28][info] ----------------------------------------
[2017-03-06 20:42:28][info] XML_DATA222:{"appid":"wxefc029d4373dcac0","bank_type":"BOC_DEBIT","cash_fee":"1790.00","fee_type":"CNY","is_subscribe":"Y","mch_id":"1244967502","nonce_str":"syr20czv0h31p6dlo3zklvnzexhcqp94","openid":"orYumuL2iXVKIRX4ToVlToybsUn0","out_trade_no":"LX-17011816031342649-f","result_code":"SUCCESS","return_code":"SUCCESS","sign":"1BE0F768F9A75198FCA0ED9DD773D915","time_end":"20170306204227","total_fee":"1790.00","trade_type":"NATIVE","transaction_id":"4002162001201703062474602300"}
[2017-03-06 20:42:29][warn] 数据存储成功，并成功返回记录编号17350！
[2017-03-06 20:42:49][info] ----------------------------------------
[2017-03-06 20:42:49][info] XML_DATA111:[{appid=>wxefc029d4373dcac0}{bank_type=>BOC_DEBIT}{cash_fee=>179000}{fee_type=>CNY}{is_subscribe=>Y}{mch_id=>1244967502}{nonce_str=>syr20czv0h31p6dlo3zklvnzexhcqp94}{openid=>orYumuL2iXVKIRX4ToVlToybsUn0}{out_trade_no=>LX-17011816031342649-f}{result_code=>SUCCESS}{return_code=>SUCCESS}{sign=>1BE0F768F9A75198FCA0ED9DD773D915}{time_end=>20170306204227}{total_fee=>179000}{trade_type=>NATIVE}{transaction_id=>4002162001201703062474602300}]
[2017-03-06 20:42:49][info] k:appid=>wxefc029d4373dcac0
[2017-03-06 20:42:49][info] k:bank_type=>BOC_DEBIT
[2017-03-06 20:42:49][info] k:cash_fee=>179000
[2017-03-06 20:42:49][info] k:fee_type=>CNY
[2017-03-06 20:42:49][info] k:is_subscribe=>Y
[2017-03-06 20:42:49][info] k:mch_id=>1244967502
[2017-03-06 20:42:49][info] k:nonce_str=>syr20czv0h31p6dlo3zklvnzexhcqp94
[2017-03-06 20:42:49][info] k:openid=>orYumuL2iXVKIRX4ToVlToybsUn0
[2017-03-06 20:42:49][info] k:out_trade_no=>LX-17011816031342649-f
[2017-03-06 20:42:49][info] k:result_code=>SUCCESS
[2017-03-06 20:42:49][info] k:return_code=>SUCCESS
[2017-03-06 20:42:49][info] k:sign=>1BE0F768F9A75198FCA0ED9DD773D915
[2017-03-06 20:42:49][info] k:time_end=>20170306204227
[2017-03-06 20:42:49][info] k:total_fee=>179000
[2017-03-06 20:42:49][info] k:trade_type=>NATIVE
[2017-03-06 20:42:49][info] k:transaction_id=>4002162001201703062474602300
[2017-03-06 20:42:49][info] ----------------------------------------
[2017-03-06 20:42:49][info] XML_DATA222:{"appid":"wxefc029d4373dcac0","bank_type":"BOC_DEBIT","cash_fee":"1790.00","fee_type":"CNY","is_subscribe":"Y","mch_id":"1244967502","nonce_str":"syr20czv0h31p6dlo3zklvnzexhcqp94","openid":"orYumuL2iXVKIRX4ToVlToybsUn0","out_trade_no":"LX-17011816031342649-f","result_code":"SUCCESS","return_code":"SUCCESS","sign":"1BE0F768F9A75198FCA0ED9DD773D915","time_end":"20170306204227","total_fee":"1790.00","trade_type":"NATIVE","transaction_id":"4002162001201703062474602300"}
[2017-03-06 20:42:49][info] 收到重复信息，并处理反馈成功！
[2017-03-06 20:42:49][info] success
[2017-03-06 20:42:49][info] 写入结束!!!
[2017-03-06 21:29:53][info] ----------------------------------------
[2017-03-06 21:29:53][info] XML_DATA111:[{appid=>wxefc029d4373dcac0}{bank_type=>CMB_DEBIT}{cash_fee=>598000}{fee_type=>CNY}{is_subscribe=>Y}{mch_id=>1244967502}{nonce_str=>rky10wu711vwoga2iqsi0anb4wrl390p}{openid=>orYumuHlj90UTF5Vb0SG1C4jQbPo}{out_trade_no=>LX-17022720463824506-3}{result_code=>SUCCESS}{return_code=>SUCCESS}{sign=>D11705FF8C92B1ECD4424132B69D0EAB}{time_end=>20170306212952}{total_fee=>598000}{trade_type=>NATIVE}{transaction_id=>4002422001201703062474057412}]
[2017-03-06 21:29:53][info] k:appid=>wxefc029d4373dcac0
[2017-03-06 21:29:53][info] k:bank_type=>CMB_DEBIT
[2017-03-06 21:29:53][info] k:cash_fee=>598000
[2017-03-06 21:29:53][info] k:fee_type=>CNY
[2017-03-06 21:29:53][info] k:is_subscribe=>Y
[2017-03-06 21:29:53][info] k:mch_id=>1244967502
[2017-03-06 21:29:53][info] k:nonce_str=>rky10wu711vwoga2iqsi0anb4wrl390p
[2017-03-06 21:29:53][info] k:openid=>orYumuHlj90UTF5Vb0SG1C4jQbPo
[2017-03-06 21:29:53][info] k:out_trade_no=>LX-17022720463824506-3
[2017-03-06 21:29:53][info] k:result_code=>SUCCESS
[2017-03-06 21:29:53][info] k:return_code=>SUCCESS
[2017-03-06 21:29:53][info] k:sign=>D11705FF8C92B1ECD4424132B69D0EAB
[2017-03-06 21:29:53][info] k:time_end=>20170306212952
[2017-03-06 21:29:53][info] k:total_fee=>598000
[2017-03-06 21:29:53][info] k:trade_type=>NATIVE
[2017-03-06 21:29:53][info] k:transaction_id=>4002422001201703062474057412
[2017-03-06 21:29:53][info] ----------------------------------------
[2017-03-06 21:29:53][info] XML_DATA222:{"appid":"wxefc029d4373dcac0","bank_type":"CMB_DEBIT","cash_fee":"5980.00","fee_type":"CNY","is_subscribe":"Y","mch_id":"1244967502","nonce_str":"rky10wu711vwoga2iqsi0anb4wrl390p","openid":"orYumuHlj90UTF5Vb0SG1C4jQbPo","out_trade_no":"LX-17022720463824506-3","result_code":"SUCCESS","return_code":"SUCCESS","sign":"D11705FF8C92B1ECD4424132B69D0EAB","time_end":"20170306212952","total_fee":"5980.00","trade_type":"NATIVE","transaction_id":"4002422001201703062474057412"}
[2017-03-06 21:29:54][warn] 数据存储成功，并成功返回记录编号17351！
[2017-03-06 21:30:03][info] ----------------------------------------
[2017-03-06 21:30:03][info] XML_DATA111:[{appid=>wxefc029d4373dcac0}{bank_type=>CMB_DEBIT}{cash_fee=>598000}{fee_type=>CNY}{is_subscribe=>Y}{mch_id=>1244967502}{nonce_str=>rky10wu711vwoga2iqsi0anb4wrl390p}{openid=>orYumuHlj90UTF5Vb0SG1C4jQbPo}{out_trade_no=>LX-17022720463824506-3}{result_code=>SUCCESS}{return_code=>SUCCESS}{sign=>D11705FF8C92B1ECD4424132B69D0EAB}{time_end=>20170306212952}{total_fee=>598000}{trade_type=>NATIVE}{transaction_id=>4002422001201703062474057412}]
[2017-03-06 21:30:03][info] k:appid=>wxefc029d4373dcac0
[2017-03-06 21:30:03][info] k:bank_type=>CMB_DEBIT
[2017-03-06 21:30:03][info] k:cash_fee=>598000
[2017-03-06 21:30:03][info] k:fee_type=>CNY
[2017-03-06 21:30:03][info] k:is_subscribe=>Y
[2017-03-06 21:30:03][info] k:mch_id=>1244967502
[2017-03-06 21:30:03][info] k:nonce_str=>rky10wu711vwoga2iqsi0anb4wrl390p
[2017-03-06 21:30:03][info] k:openid=>orYumuHlj90UTF5Vb0SG1C4jQbPo
[2017-03-06 21:30:03][info] k:out_trade_no=>LX-17022720463824506-3
[2017-03-06 21:30:03][info] k:result_code=>SUCCESS
[2017-03-06 21:30:03][info] k:return_code=>SUCCESS
[2017-03-06 21:30:03][info] k:sign=>D11705FF8C92B1ECD4424132B69D0EAB
[2017-03-06 21:30:03][info] k:time_end=>20170306212952
[2017-03-06 21:30:03][info] k:total_fee=>598000
[2017-03-06 21:30:03][info] k:trade_type=>NATIVE
[2017-03-06 21:30:03][info] k:transaction_id=>4002422001201703062474057412
[2017-03-06 21:30:03][info] ----------------------------------------
[2017-03-06 21:30:03][info] XML_DATA222:{"appid":"wxefc029d4373dcac0","bank_type":"CMB_DEBIT","cash_fee":"5980.00","fee_type":"CNY","is_subscribe":"Y","mch_id":"1244967502","nonce_str":"rky10wu711vwoga2iqsi0anb4wrl390p","openid":"orYumuHlj90UTF5Vb0SG1C4jQbPo","out_trade_no":"LX-17022720463824506-3","result_code":"SUCCESS","return_code":"SUCCESS","sign":"D11705FF8C92B1ECD4424132B69D0EAB","time_end":"20170306212952","total_fee":"5980.00","trade_type":"NATIVE","transaction_id":"4002422001201703062474057412"}
[2017-03-06 21:30:03][info] 收到重复信息，并处理反馈成功！
[2017-03-06 21:30:03][info] success
[2017-03-06 21:30:03][info] 写入结束!!!
