[2017-08-04 10:15:43][info] ----------------------------------------
[2017-08-04 10:15:43][info] XML_DATA111:[{appid=>wxefc029d4373dcac0}{bank_type=>BOC_CREDIT}{cash_fee=>880000}{fee_type=>CNY}{is_subscribe=>N}{mch_id=>1244967502}{nonce_str=>6lyvo38q1qgoej4e4mgdgowwncjl68lu}{openid=>orYumuMXytZv0XivvcaYW7vVBJLI}{out_trade_no=>LX-17071716395432701-3}{result_code=>SUCCESS}{return_code=>SUCCESS}{sign=>259E268304C788683D729A8FE5ED1286}{time_end=>20170804101542}{total_fee=>880000}{trade_type=>NATIVE}{transaction_id=>4000792001201708044377988198}]
[2017-08-04 10:15:43][info] k:appid=>wxefc029d4373dcac0
[2017-08-04 10:15:43][info] k:bank_type=>BOC_CREDIT
[2017-08-04 10:15:43][info] k:cash_fee=>880000
[2017-08-04 10:15:43][info] k:fee_type=>CNY
[2017-08-04 10:15:43][info] k:is_subscribe=>N
[2017-08-04 10:15:43][info] k:mch_id=>1244967502
[2017-08-04 10:15:43][info] k:nonce_str=>6lyvo38q1qgoej4e4mgdgowwncjl68lu
[2017-08-04 10:15:43][info] k:openid=>orYumuMXytZv0XivvcaYW7vVBJLI
[2017-08-04 10:15:43][info] k:out_trade_no=>LX-17071716395432701-3
[2017-08-04 10:15:43][info] k:result_code=>SUCCESS
[2017-08-04 10:15:43][info] k:return_code=>SUCCESS
[2017-08-04 10:15:43][info] k:sign=>259E268304C788683D729A8FE5ED1286
[2017-08-04 10:15:43][info] k:time_end=>20170804101542
[2017-08-04 10:15:43][info] k:total_fee=>880000
[2017-08-04 10:15:43][info] k:trade_type=>NATIVE
[2017-08-04 10:15:43][info] k:transaction_id=>4000792001201708044377988198
[2017-08-04 10:15:43][info] ----------------------------------------
[2017-08-04 10:15:43][info] XML_DATA222:{"appid":"wxefc029d4373dcac0","bank_type":"BOC_CREDIT","cash_fee":"8800.00","fee_type":"CNY","is_subscribe":"N","mch_id":"1244967502","nonce_str":"6lyvo38q1qgoej4e4mgdgowwncjl68lu","openid":"orYumuMXytZv0XivvcaYW7vVBJLI","out_trade_no":"LX-17071716395432701-3","result_code":"SUCCESS","return_code":"SUCCESS","sign":"259E268304C788683D729A8FE5ED1286","time_end":"20170804101542","total_fee":"8800.00","trade_type":"NATIVE","transaction_id":"4000792001201708044377988198"}
[2017-08-04 10:15:43][warn] 数据存储成功，并成功返回记录编号18464！
[2017-08-04 10:15:52][info] ----------------------------------------
[2017-08-04 10:15:52][info] XML_DATA111:[{appid=>wxefc029d4373dcac0}{bank_type=>BOC_CREDIT}{cash_fee=>880000}{fee_type=>CNY}{is_subscribe=>N}{mch_id=>1244967502}{nonce_str=>6lyvo38q1qgoej4e4mgdgowwncjl68lu}{openid=>orYumuMXytZv0XivvcaYW7vVBJLI}{out_trade_no=>LX-17071716395432701-3}{result_code=>SUCCESS}{return_code=>SUCCESS}{sign=>259E268304C788683D729A8FE5ED1286}{time_end=>20170804101542}{total_fee=>880000}{trade_type=>NATIVE}{transaction_id=>4000792001201708044377988198}]
[2017-08-04 10:15:52][info] k:appid=>wxefc029d4373dcac0
[2017-08-04 10:15:52][info] k:bank_type=>BOC_CREDIT
[2017-08-04 10:15:52][info] k:cash_fee=>880000
[2017-08-04 10:15:52][info] k:fee_type=>CNY
[2017-08-04 10:15:52][info] k:is_subscribe=>N
[2017-08-04 10:15:52][info] k:mch_id=>1244967502
[2017-08-04 10:15:52][info] k:nonce_str=>6lyvo38q1qgoej4e4mgdgowwncjl68lu
[2017-08-04 10:15:52][info] k:openid=>orYumuMXytZv0XivvcaYW7vVBJLI
[2017-08-04 10:15:52][info] k:out_trade_no=>LX-17071716395432701-3
[2017-08-04 10:15:52][info] k:result_code=>SUCCESS
[2017-08-04 10:15:52][info] k:return_code=>SUCCESS
[2017-08-04 10:15:52][info] k:sign=>259E268304C788683D729A8FE5ED1286
[2017-08-04 10:15:52][info] k:time_end=>20170804101542
[2017-08-04 10:15:52][info] k:total_fee=>880000
[2017-08-04 10:15:52][info] k:trade_type=>NATIVE
[2017-08-04 10:15:52][info] k:transaction_id=>4000792001201708044377988198
[2017-08-04 10:15:52][info] ----------------------------------------
[2017-08-04 10:15:52][info] XML_DATA222:{"appid":"wxefc029d4373dcac0","bank_type":"BOC_CREDIT","cash_fee":"8800.00","fee_type":"CNY","is_subscribe":"N","mch_id":"1244967502","nonce_str":"6lyvo38q1qgoej4e4mgdgowwncjl68lu","openid":"orYumuMXytZv0XivvcaYW7vVBJLI","out_trade_no":"LX-17071716395432701-3","result_code":"SUCCESS","return_code":"SUCCESS","sign":"259E268304C788683D729A8FE5ED1286","time_end":"20170804101542","total_fee":"8800.00","trade_type":"NATIVE","transaction_id":"4000792001201708044377988198"}
[2017-08-04 10:15:52][info] 收到重复信息，并处理反馈成功！
[2017-08-04 10:15:52][info] success
[2017-08-04 10:15:52][info] 写入结束!!!
[2017-08-04 12:54:15][info] ----------------------------------------
[2017-08-04 12:54:15][info] XML_DATA111:[{appid=>wxefc029d4373dcac0}{bank_type=>CFT}{cash_fee=>408000}{fee_type=>CNY}{is_subscribe=>N}{mch_id=>1244967502}{nonce_str=>3q9qwbaypvr440iwunhkjg577j8daaoy}{openid=>orYumuIU5AMimJArba1VJiJ8j38I}{out_trade_no=>LX-17080411384051406-d}{result_code=>SUCCESS}{return_code=>SUCCESS}{sign=>42FB6F10C48FE4B6EA7D62F72CFD8269}{time_end=>20170804125414}{total_fee=>408000}{trade_type=>NATIVE}{transaction_id=>4006342001201708044412933770}]
[2017-08-04 12:54:15][info] k:appid=>wxefc029d4373dcac0
[2017-08-04 12:54:15][info] k:bank_type=>CFT
[2017-08-04 12:54:15][info] k:cash_fee=>408000
[2017-08-04 12:54:15][info] k:fee_type=>CNY
[2017-08-04 12:54:15][info] k:is_subscribe=>N
[2017-08-04 12:54:15][info] k:mch_id=>1244967502
[2017-08-04 12:54:15][info] k:nonce_str=>3q9qwbaypvr440iwunhkjg577j8daaoy
[2017-08-04 12:54:15][info] k:openid=>orYumuIU5AMimJArba1VJiJ8j38I
[2017-08-04 12:54:15][info] k:out_trade_no=>LX-17080411384051406-d
[2017-08-04 12:54:15][info] k:result_code=>SUCCESS
[2017-08-04 12:54:15][info] k:return_code=>SUCCESS
[2017-08-04 12:54:15][info] k:sign=>42FB6F10C48FE4B6EA7D62F72CFD8269
[2017-08-04 12:54:15][info] k:time_end=>20170804125414
[2017-08-04 12:54:15][info] k:total_fee=>408000
[2017-08-04 12:54:15][info] k:trade_type=>NATIVE
[2017-08-04 12:54:15][info] k:transaction_id=>4006342001201708044412933770
[2017-08-04 12:54:15][info] ----------------------------------------
[2017-08-04 12:54:15][info] XML_DATA222:{"appid":"wxefc029d4373dcac0","bank_type":"CFT","cash_fee":"4080.00","fee_type":"CNY","is_subscribe":"N","mch_id":"1244967502","nonce_str":"3q9qwbaypvr440iwunhkjg577j8daaoy","openid":"orYumuIU5AMimJArba1VJiJ8j38I","out_trade_no":"LX-17080411384051406-d","result_code":"SUCCESS","return_code":"SUCCESS","sign":"42FB6F10C48FE4B6EA7D62F72CFD8269","time_end":"20170804125414","total_fee":"4080.00","trade_type":"NATIVE","transaction_id":"4006342001201708044412933770"}
[2017-08-04 12:54:15][warn] 数据存储反馈为空！
[2017-08-04 20:51:32][info] ----------------------------------------
[2017-08-04 20:51:32][info] XML_DATA111:[{appid=>wxefc029d4373dcac0}{bank_type=>CMB_DEBIT}{cash_fee=>440000}{fee_type=>CNY}{is_subscribe=>N}{mch_id=>1244967502}{nonce_str=>5stdk7hm4lu1f18uwli5tqhmaq3t6vap}{openid=>orYumuFRGvWV45J42ZdDkHY4CcAg}{out_trade_no=>LX-17072014032669501-4}{result_code=>SUCCESS}{return_code=>SUCCESS}{sign=>AD6FF852901DE6ABA14FE2C6103A3A7F}{time_end=>20170804205132}{total_fee=>440000}{trade_type=>NATIVE}{transaction_id=>4005132001201708044496645749}]
[2017-08-04 20:51:32][info] k:appid=>wxefc029d4373dcac0
[2017-08-04 20:51:32][info] k:bank_type=>CMB_DEBIT
[2017-08-04 20:51:32][info] k:cash_fee=>440000
[2017-08-04 20:51:32][info] k:fee_type=>CNY
[2017-08-04 20:51:32][info] k:is_subscribe=>N
[2017-08-04 20:51:32][info] k:mch_id=>1244967502
[2017-08-04 20:51:32][info] k:nonce_str=>5stdk7hm4lu1f18uwli5tqhmaq3t6vap
[2017-08-04 20:51:32][info] k:openid=>orYumuFRGvWV45J42ZdDkHY4CcAg
[2017-08-04 20:51:32][info] k:out_trade_no=>LX-17072014032669501-4
[2017-08-04 20:51:32][info] k:result_code=>SUCCESS
[2017-08-04 20:51:32][info] k:return_code=>SUCCESS
[2017-08-04 20:51:32][info] k:sign=>AD6FF852901DE6ABA14FE2C6103A3A7F
[2017-08-04 20:51:32][info] k:time_end=>20170804205132
[2017-08-04 20:51:32][info] k:total_fee=>440000
[2017-08-04 20:51:32][info] k:trade_type=>NATIVE
[2017-08-04 20:51:32][info] k:transaction_id=>4005132001201708044496645749
[2017-08-04 20:51:32][info] ----------------------------------------
[2017-08-04 20:51:32][info] XML_DATA222:{"appid":"wxefc029d4373dcac0","bank_type":"CMB_DEBIT","cash_fee":"4400.00","fee_type":"CNY","is_subscribe":"N","mch_id":"1244967502","nonce_str":"5stdk7hm4lu1f18uwli5tqhmaq3t6vap","openid":"orYumuFRGvWV45J42ZdDkHY4CcAg","out_trade_no":"LX-17072014032669501-4","result_code":"SUCCESS","return_code":"SUCCESS","sign":"AD6FF852901DE6ABA14FE2C6103A3A7F","time_end":"20170804205132","total_fee":"4400.00","trade_type":"NATIVE","transaction_id":"4005132001201708044496645749"}
[2017-08-04 20:51:33][warn] 数据存储成功，并成功返回记录编号18474！
[2017-08-04 20:51:44][info] ----------------------------------------
[2017-08-04 20:51:44][info] XML_DATA111:[{appid=>wxefc029d4373dcac0}{bank_type=>CMB_DEBIT}{cash_fee=>440000}{fee_type=>CNY}{is_subscribe=>N}{mch_id=>1244967502}{nonce_str=>5stdk7hm4lu1f18uwli5tqhmaq3t6vap}{openid=>orYumuFRGvWV45J42ZdDkHY4CcAg}{out_trade_no=>LX-17072014032669501-4}{result_code=>SUCCESS}{return_code=>SUCCESS}{sign=>AD6FF852901DE6ABA14FE2C6103A3A7F}{time_end=>20170804205132}{total_fee=>440000}{trade_type=>NATIVE}{transaction_id=>4005132001201708044496645749}]
[2017-08-04 20:51:44][info] k:appid=>wxefc029d4373dcac0
[2017-08-04 20:51:44][info] k:bank_type=>CMB_DEBIT
[2017-08-04 20:51:44][info] k:cash_fee=>440000
[2017-08-04 20:51:44][info] k:fee_type=>CNY
[2017-08-04 20:51:44][info] k:is_subscribe=>N
[2017-08-04 20:51:44][info] k:mch_id=>1244967502
[2017-08-04 20:51:44][info] k:nonce_str=>5stdk7hm4lu1f18uwli5tqhmaq3t6vap
[2017-08-04 20:51:44][info] k:openid=>orYumuFRGvWV45J42ZdDkHY4CcAg
[2017-08-04 20:51:44][info] k:out_trade_no=>LX-17072014032669501-4
[2017-08-04 20:51:44][info] k:result_code=>SUCCESS
[2017-08-04 20:51:44][info] k:return_code=>SUCCESS
[2017-08-04 20:51:44][info] k:sign=>AD6FF852901DE6ABA14FE2C6103A3A7F
[2017-08-04 20:51:44][info] k:time_end=>20170804205132
[2017-08-04 20:51:44][info] k:total_fee=>440000
[2017-08-04 20:51:44][info] k:trade_type=>NATIVE
[2017-08-04 20:51:44][info] k:transaction_id=>4005132001201708044496645749
[2017-08-04 20:51:44][info] ----------------------------------------
[2017-08-04 20:51:44][info] XML_DATA222:{"appid":"wxefc029d4373dcac0","bank_type":"CMB_DEBIT","cash_fee":"4400.00","fee_type":"CNY","is_subscribe":"N","mch_id":"1244967502","nonce_str":"5stdk7hm4lu1f18uwli5tqhmaq3t6vap","openid":"orYumuFRGvWV45J42ZdDkHY4CcAg","out_trade_no":"LX-17072014032669501-4","result_code":"SUCCESS","return_code":"SUCCESS","sign":"AD6FF852901DE6ABA14FE2C6103A3A7F","time_end":"20170804205132","total_fee":"4400.00","trade_type":"NATIVE","transaction_id":"4005132001201708044496645749"}
[2017-08-04 20:51:44][info] 收到重复信息，并处理反馈成功！
[2017-08-04 20:51:44][info] success
[2017-08-04 20:51:44][info] 写入结束!!!
[2017-08-04 21:07:35][info] ----------------------------------------
[2017-08-04 21:07:35][info] XML_DATA111:[{appid=>wxefc029d4373dcac0}{bank_type=>CMB_CREDIT}{cash_fee=>661000}{fee_type=>CNY}{is_subscribe=>Y}{mch_id=>1244967502}{nonce_str=>kvq4ngzip5q9j2kard8l1qip6gy2kmty}{openid=>orYumuHQ-5E45otQEvZqCj88qC4w}{out_trade_no=>LX-17062900081040906-f}{result_code=>SUCCESS}{return_code=>SUCCESS}{sign=>56685D007DCDB44AE57FE34EC8AAB7EC}{time_end=>20170804210734}{total_fee=>661000}{trade_type=>NATIVE}{transaction_id=>4005842001201708044497499302}]
[2017-08-04 21:07:35][info] k:appid=>wxefc029d4373dcac0
[2017-08-04 21:07:35][info] k:bank_type=>CMB_CREDIT
[2017-08-04 21:07:35][info] k:cash_fee=>661000
[2017-08-04 21:07:35][info] k:fee_type=>CNY
[2017-08-04 21:07:35][info] k:is_subscribe=>Y
[2017-08-04 21:07:35][info] k:mch_id=>1244967502
[2017-08-04 21:07:35][info] k:nonce_str=>kvq4ngzip5q9j2kard8l1qip6gy2kmty
[2017-08-04 21:07:35][info] k:openid=>orYumuHQ-5E45otQEvZqCj88qC4w
[2017-08-04 21:07:35][info] k:out_trade_no=>LX-17062900081040906-f
[2017-08-04 21:07:35][info] k:result_code=>SUCCESS
[2017-08-04 21:07:35][info] k:return_code=>SUCCESS
[2017-08-04 21:07:35][info] k:sign=>56685D007DCDB44AE57FE34EC8AAB7EC
[2017-08-04 21:07:35][info] k:time_end=>20170804210734
[2017-08-04 21:07:35][info] k:total_fee=>661000
[2017-08-04 21:07:35][info] k:trade_type=>NATIVE
[2017-08-04 21:07:35][info] k:transaction_id=>4005842001201708044497499302
[2017-08-04 21:07:35][info] ----------------------------------------
[2017-08-04 21:07:35][info] XML_DATA222:{"appid":"wxefc029d4373dcac0","bank_type":"CMB_CREDIT","cash_fee":"6610.00","fee_type":"CNY","is_subscribe":"Y","mch_id":"1244967502","nonce_str":"kvq4ngzip5q9j2kard8l1qip6gy2kmty","openid":"orYumuHQ-5E45otQEvZqCj88qC4w","out_trade_no":"LX-17062900081040906-f","result_code":"SUCCESS","return_code":"SUCCESS","sign":"56685D007DCDB44AE57FE34EC8AAB7EC","time_end":"20170804210734","total_fee":"6610.00","trade_type":"NATIVE","transaction_id":"4005842001201708044497499302"}
[2017-08-04 21:07:35][warn] 数据存储成功，并成功返回记录编号18475！
[2017-08-04 21:07:45][info] ----------------------------------------
[2017-08-04 21:07:45][info] XML_DATA111:[{appid=>wxefc029d4373dcac0}{bank_type=>CMB_CREDIT}{cash_fee=>661000}{fee_type=>CNY}{is_subscribe=>Y}{mch_id=>1244967502}{nonce_str=>kvq4ngzip5q9j2kard8l1qip6gy2kmty}{openid=>orYumuHQ-5E45otQEvZqCj88qC4w}{out_trade_no=>LX-17062900081040906-f}{result_code=>SUCCESS}{return_code=>SUCCESS}{sign=>56685D007DCDB44AE57FE34EC8AAB7EC}{time_end=>20170804210734}{total_fee=>661000}{trade_type=>NATIVE}{transaction_id=>4005842001201708044497499302}]
[2017-08-04 21:07:45][info] k:appid=>wxefc029d4373dcac0
[2017-08-04 21:07:45][info] k:bank_type=>CMB_CREDIT
[2017-08-04 21:07:45][info] k:cash_fee=>661000
[2017-08-04 21:07:45][info] k:fee_type=>CNY
[2017-08-04 21:07:45][info] k:is_subscribe=>Y
[2017-08-04 21:07:45][info] k:mch_id=>1244967502
[2017-08-04 21:07:45][info] k:nonce_str=>kvq4ngzip5q9j2kard8l1qip6gy2kmty
[2017-08-04 21:07:45][info] k:openid=>orYumuHQ-5E45otQEvZqCj88qC4w
[2017-08-04 21:07:45][info] k:out_trade_no=>LX-17062900081040906-f
[2017-08-04 21:07:45][info] k:result_code=>SUCCESS
[2017-08-04 21:07:45][info] k:return_code=>SUCCESS
[2017-08-04 21:07:45][info] k:sign=>56685D007DCDB44AE57FE34EC8AAB7EC
[2017-08-04 21:07:45][info] k:time_end=>20170804210734
[2017-08-04 21:07:45][info] k:total_fee=>661000
[2017-08-04 21:07:45][info] k:trade_type=>NATIVE
[2017-08-04 21:07:45][info] k:transaction_id=>4005842001201708044497499302
[2017-08-04 21:07:45][info] ----------------------------------------
[2017-08-04 21:07:45][info] XML_DATA222:{"appid":"wxefc029d4373dcac0","bank_type":"CMB_CREDIT","cash_fee":"6610.00","fee_type":"CNY","is_subscribe":"Y","mch_id":"1244967502","nonce_str":"kvq4ngzip5q9j2kard8l1qip6gy2kmty","openid":"orYumuHQ-5E45otQEvZqCj88qC4w","out_trade_no":"LX-17062900081040906-f","result_code":"SUCCESS","return_code":"SUCCESS","sign":"56685D007DCDB44AE57FE34EC8AAB7EC","time_end":"20170804210734","total_fee":"6610.00","trade_type":"NATIVE","transaction_id":"4005842001201708044497499302"}
[2017-08-04 21:07:45][info] 收到重复信息，并处理反馈成功！
[2017-08-04 21:07:45][info] success
[2017-08-04 21:07:45][info] 写入结束!!!
