[2017-09-20 14:32:12][info] ----------------------------------------
[2017-09-20 14:32:12][info] XML_DATA111:[{appid=>wxefc029d4373dcac0}{bank_type=>COMM_DEBIT}{cash_fee=>400000}{fee_type=>CNY}{is_subscribe=>Y}{mch_id=>1244967502}{nonce_str=>80nabudil25d0m0le4t5ee8kqky2aj53}{openid=>orYumuGfZMB7YKMJ1YvC1swSWmac}{out_trade_no=>LX-1709201310419506-c}{result_code=>SUCCESS}{return_code=>SUCCESS}{sign=>1CC1C5EB9300FC0BB88975EE10149977}{time_end=>20170920143212}{total_fee=>400000}{trade_type=>NATIVE}{transaction_id=>4200000005201709203187264253}]
[2017-09-20 14:32:12][info] k:appid=>wxefc029d4373dcac0
[2017-09-20 14:32:12][info] k:bank_type=>COMM_DEBIT
[2017-09-20 14:32:12][info] k:cash_fee=>400000
[2017-09-20 14:32:12][info] k:fee_type=>CNY
[2017-09-20 14:32:12][info] k:is_subscribe=>Y
[2017-09-20 14:32:12][info] k:mch_id=>1244967502
[2017-09-20 14:32:12][info] k:nonce_str=>80nabudil25d0m0le4t5ee8kqky2aj53
[2017-09-20 14:32:12][info] k:openid=>orYumuGfZMB7YKMJ1YvC1swSWmac
[2017-09-20 14:32:12][info] k:out_trade_no=>LX-1709201310419506-c
[2017-09-20 14:32:12][info] k:result_code=>SUCCESS
[2017-09-20 14:32:12][info] k:return_code=>SUCCESS
[2017-09-20 14:32:12][info] k:sign=>1CC1C5EB9300FC0BB88975EE10149977
[2017-09-20 14:32:12][info] k:time_end=>20170920143212
[2017-09-20 14:32:12][info] k:total_fee=>400000
[2017-09-20 14:32:12][info] k:trade_type=>NATIVE
[2017-09-20 14:32:12][info] k:transaction_id=>4200000005201709203187264253
[2017-09-20 14:32:12][info] ----------------------------------------
[2017-09-20 14:32:12][info] XML_DATA222:{"appid":"wxefc029d4373dcac0","bank_type":"COMM_DEBIT","cash_fee":"4000.00","fee_type":"CNY","is_subscribe":"Y","mch_id":"1244967502","nonce_str":"80nabudil25d0m0le4t5ee8kqky2aj53","openid":"orYumuGfZMB7YKMJ1YvC1swSWmac","out_trade_no":"LX-1709201310419506-c","result_code":"SUCCESS","return_code":"SUCCESS","sign":"1CC1C5EB9300FC0BB88975EE10149977","time_end":"20170920143212","total_fee":"4000.00","trade_type":"NATIVE","transaction_id":"4200000005201709203187264253"}
[2017-09-20 14:32:12][warn] 数据存储成功，并成功返回记录编号19153！
[2017-09-20 14:32:25][info] ----------------------------------------
[2017-09-20 14:32:25][info] XML_DATA111:[{appid=>wxefc029d4373dcac0}{bank_type=>COMM_DEBIT}{cash_fee=>400000}{fee_type=>CNY}{is_subscribe=>Y}{mch_id=>1244967502}{nonce_str=>80nabudil25d0m0le4t5ee8kqky2aj53}{openid=>orYumuGfZMB7YKMJ1YvC1swSWmac}{out_trade_no=>LX-1709201310419506-c}{result_code=>SUCCESS}{return_code=>SUCCESS}{sign=>1CC1C5EB9300FC0BB88975EE10149977}{time_end=>20170920143212}{total_fee=>400000}{trade_type=>NATIVE}{transaction_id=>4200000005201709203187264253}]
[2017-09-20 14:32:25][info] k:appid=>wxefc029d4373dcac0
[2017-09-20 14:32:25][info] k:bank_type=>COMM_DEBIT
[2017-09-20 14:32:25][info] k:cash_fee=>400000
[2017-09-20 14:32:25][info] k:fee_type=>CNY
[2017-09-20 14:32:25][info] k:is_subscribe=>Y
[2017-09-20 14:32:25][info] k:mch_id=>1244967502
[2017-09-20 14:32:25][info] k:nonce_str=>80nabudil25d0m0le4t5ee8kqky2aj53
[2017-09-20 14:32:25][info] k:openid=>orYumuGfZMB7YKMJ1YvC1swSWmac
[2017-09-20 14:32:25][info] k:out_trade_no=>LX-1709201310419506-c
[2017-09-20 14:32:25][info] k:result_code=>SUCCESS
[2017-09-20 14:32:25][info] k:return_code=>SUCCESS
[2017-09-20 14:32:25][info] k:sign=>1CC1C5EB9300FC0BB88975EE10149977
[2017-09-20 14:32:25][info] k:time_end=>20170920143212
[2017-09-20 14:32:25][info] k:total_fee=>400000
[2017-09-20 14:32:25][info] k:trade_type=>NATIVE
[2017-09-20 14:32:25][info] k:transaction_id=>4200000005201709203187264253
[2017-09-20 14:32:25][info] ----------------------------------------
[2017-09-20 14:32:25][info] XML_DATA222:{"appid":"wxefc029d4373dcac0","bank_type":"COMM_DEBIT","cash_fee":"4000.00","fee_type":"CNY","is_subscribe":"Y","mch_id":"1244967502","nonce_str":"80nabudil25d0m0le4t5ee8kqky2aj53","openid":"orYumuGfZMB7YKMJ1YvC1swSWmac","out_trade_no":"LX-1709201310419506-c","result_code":"SUCCESS","return_code":"SUCCESS","sign":"1CC1C5EB9300FC0BB88975EE10149977","time_end":"20170920143212","total_fee":"4000.00","trade_type":"NATIVE","transaction_id":"4200000005201709203187264253"}
[2017-09-20 14:32:25][info] 收到重复信息，并处理反馈成功！
[2017-09-20 14:32:25][info] success
[2017-09-20 14:32:25][info] 写入结束!!!
[2017-09-20 21:51:16][info] ----------------------------------------
[2017-09-20 21:51:16][info] XML_DATA111:[{appid=>wxefc029d4373dcac0}{bank_type=>GDB_CREDIT}{cash_fee=>169000}{fee_type=>CNY}{is_subscribe=>N}{mch_id=>1244967502}{nonce_str=>zfy96z0pkyghe0ulmc40lhlz4ut2hqqi}{openid=>orYumuCXlhHMNiYoycC-NxlDOYtw}{out_trade_no=>LX-17092021233590101-d}{result_code=>SUCCESS}{return_code=>SUCCESS}{sign=>1DFA2C7313E11420EC32D06CD2A2B593}{time_end=>20170920215116}{total_fee=>169000}{trade_type=>NATIVE}{transaction_id=>4200000021201709203266760160}]
[2017-09-20 21:51:16][info] k:appid=>wxefc029d4373dcac0
[2017-09-20 21:51:16][info] k:bank_type=>GDB_CREDIT
[2017-09-20 21:51:16][info] k:cash_fee=>169000
[2017-09-20 21:51:16][info] k:fee_type=>CNY
[2017-09-20 21:51:16][info] k:is_subscribe=>N
[2017-09-20 21:51:16][info] k:mch_id=>1244967502
[2017-09-20 21:51:16][info] k:nonce_str=>zfy96z0pkyghe0ulmc40lhlz4ut2hqqi
[2017-09-20 21:51:16][info] k:openid=>orYumuCXlhHMNiYoycC-NxlDOYtw
[2017-09-20 21:51:16][info] k:out_trade_no=>LX-17092021233590101-d
[2017-09-20 21:51:16][info] k:result_code=>SUCCESS
[2017-09-20 21:51:16][info] k:return_code=>SUCCESS
[2017-09-20 21:51:16][info] k:sign=>1DFA2C7313E11420EC32D06CD2A2B593
[2017-09-20 21:51:16][info] k:time_end=>20170920215116
[2017-09-20 21:51:16][info] k:total_fee=>169000
[2017-09-20 21:51:16][info] k:trade_type=>NATIVE
[2017-09-20 21:51:16][info] k:transaction_id=>4200000021201709203266760160
[2017-09-20 21:51:16][info] ----------------------------------------
[2017-09-20 21:51:16][info] XML_DATA222:{"appid":"wxefc029d4373dcac0","bank_type":"GDB_CREDIT","cash_fee":"1690.00","fee_type":"CNY","is_subscribe":"N","mch_id":"1244967502","nonce_str":"zfy96z0pkyghe0ulmc40lhlz4ut2hqqi","openid":"orYumuCXlhHMNiYoycC-NxlDOYtw","out_trade_no":"LX-17092021233590101-d","result_code":"SUCCESS","return_code":"SUCCESS","sign":"1DFA2C7313E11420EC32D06CD2A2B593","time_end":"20170920215116","total_fee":"1690.00","trade_type":"NATIVE","transaction_id":"4200000021201709203266760160"}
[2017-09-20 21:51:16][warn] 数据存储成功，并成功返回记录编号19163！
[2017-09-20 21:51:32][info] ----------------------------------------
[2017-09-20 21:51:32][info] XML_DATA111:[{appid=>wxefc029d4373dcac0}{bank_type=>GDB_CREDIT}{cash_fee=>169000}{fee_type=>CNY}{is_subscribe=>N}{mch_id=>1244967502}{nonce_str=>zfy96z0pkyghe0ulmc40lhlz4ut2hqqi}{openid=>orYumuCXlhHMNiYoycC-NxlDOYtw}{out_trade_no=>LX-17092021233590101-d}{result_code=>SUCCESS}{return_code=>SUCCESS}{sign=>1DFA2C7313E11420EC32D06CD2A2B593}{time_end=>20170920215116}{total_fee=>169000}{trade_type=>NATIVE}{transaction_id=>4200000021201709203266760160}]
[2017-09-20 21:51:32][info] k:appid=>wxefc029d4373dcac0
[2017-09-20 21:51:32][info] k:bank_type=>GDB_CREDIT
[2017-09-20 21:51:32][info] k:cash_fee=>169000
[2017-09-20 21:51:32][info] k:fee_type=>CNY
[2017-09-20 21:51:32][info] k:is_subscribe=>N
[2017-09-20 21:51:32][info] k:mch_id=>1244967502
[2017-09-20 21:51:32][info] k:nonce_str=>zfy96z0pkyghe0ulmc40lhlz4ut2hqqi
[2017-09-20 21:51:32][info] k:openid=>orYumuCXlhHMNiYoycC-NxlDOYtw
[2017-09-20 21:51:32][info] k:out_trade_no=>LX-17092021233590101-d
[2017-09-20 21:51:32][info] k:result_code=>SUCCESS
[2017-09-20 21:51:32][info] k:return_code=>SUCCESS
[2017-09-20 21:51:32][info] k:sign=>1DFA2C7313E11420EC32D06CD2A2B593
[2017-09-20 21:51:32][info] k:time_end=>20170920215116
[2017-09-20 21:51:32][info] k:total_fee=>169000
[2017-09-20 21:51:32][info] k:trade_type=>NATIVE
[2017-09-20 21:51:32][info] k:transaction_id=>4200000021201709203266760160
[2017-09-20 21:51:32][info] ----------------------------------------
[2017-09-20 21:51:32][info] XML_DATA222:{"appid":"wxefc029d4373dcac0","bank_type":"GDB_CREDIT","cash_fee":"1690.00","fee_type":"CNY","is_subscribe":"N","mch_id":"1244967502","nonce_str":"zfy96z0pkyghe0ulmc40lhlz4ut2hqqi","openid":"orYumuCXlhHMNiYoycC-NxlDOYtw","out_trade_no":"LX-17092021233590101-d","result_code":"SUCCESS","return_code":"SUCCESS","sign":"1DFA2C7313E11420EC32D06CD2A2B593","time_end":"20170920215116","total_fee":"1690.00","trade_type":"NATIVE","transaction_id":"4200000021201709203266760160"}
[2017-09-20 21:51:32][info] 收到重复信息，并处理反馈成功！
[2017-09-20 21:51:32][info] success
[2017-09-20 21:51:32][info] 写入结束!!!
