[2017-07-05 09:33:04][info] ----------------------------------------
[2017-07-05 09:33:04][info] XML_DATA111:[{appid=>wxefc029d4373dcac0}{bank_type=>CFT}{cash_fee=>160000}{fee_type=>CNY}{is_subscribe=>Y}{mch_id=>1244967502}{nonce_str=>hdkl5g6aqzrq6b6x5qdok1c8t11i0m7z}{openid=>orYumuGBfbSZ6HLYVROLTKYGdUpI}{out_trade_no=>LX-17070423130031101-6}{result_code=>SUCCESS}{return_code=>SUCCESS}{sign=>50409D8E3081C82740BF4ACEB74F65C4}{time_end=>20170705093304}{total_fee=>160000}{trade_type=>NATIVE}{transaction_id=>4005132001201707058970916328}]
[2017-07-05 09:33:04][info] k:appid=>wxefc029d4373dcac0
[2017-07-05 09:33:04][info] k:bank_type=>CFT
[2017-07-05 09:33:04][info] k:cash_fee=>160000
[2017-07-05 09:33:04][info] k:fee_type=>CNY
[2017-07-05 09:33:04][info] k:is_subscribe=>Y
[2017-07-05 09:33:04][info] k:mch_id=>1244967502
[2017-07-05 09:33:04][info] k:nonce_str=>hdkl5g6aqzrq6b6x5qdok1c8t11i0m7z
[2017-07-05 09:33:04][info] k:openid=>orYumuGBfbSZ6HLYVROLTKYGdUpI
[2017-07-05 09:33:04][info] k:out_trade_no=>LX-17070423130031101-6
[2017-07-05 09:33:04][info] k:result_code=>SUCCESS
[2017-07-05 09:33:04][info] k:return_code=>SUCCESS
[2017-07-05 09:33:04][info] k:sign=>50409D8E3081C82740BF4ACEB74F65C4
[2017-07-05 09:33:04][info] k:time_end=>20170705093304
[2017-07-05 09:33:04][info] k:total_fee=>160000
[2017-07-05 09:33:04][info] k:trade_type=>NATIVE
[2017-07-05 09:33:04][info] k:transaction_id=>4005132001201707058970916328
[2017-07-05 09:33:04][info] ----------------------------------------
[2017-07-05 09:33:04][info] XML_DATA222:{"appid":"wxefc029d4373dcac0","bank_type":"CFT","cash_fee":"1600.00","fee_type":"CNY","is_subscribe":"Y","mch_id":"1244967502","nonce_str":"hdkl5g6aqzrq6b6x5qdok1c8t11i0m7z","openid":"orYumuGBfbSZ6HLYVROLTKYGdUpI","out_trade_no":"LX-17070423130031101-6","result_code":"SUCCESS","return_code":"SUCCESS","sign":"50409D8E3081C82740BF4ACEB74F65C4","time_end":"20170705093304","total_fee":"1600.00","trade_type":"NATIVE","transaction_id":"4005132001201707058970916328"}
[2017-07-05 09:33:05][warn] 数据存储成功，并成功返回记录编号17842！
[2017-07-05 09:33:14][info] ----------------------------------------
[2017-07-05 09:33:14][info] XML_DATA111:[{appid=>wxefc029d4373dcac0}{bank_type=>CFT}{cash_fee=>160000}{fee_type=>CNY}{is_subscribe=>Y}{mch_id=>1244967502}{nonce_str=>hdkl5g6aqzrq6b6x5qdok1c8t11i0m7z}{openid=>orYumuGBfbSZ6HLYVROLTKYGdUpI}{out_trade_no=>LX-17070423130031101-6}{result_code=>SUCCESS}{return_code=>SUCCESS}{sign=>50409D8E3081C82740BF4ACEB74F65C4}{time_end=>20170705093304}{total_fee=>160000}{trade_type=>NATIVE}{transaction_id=>4005132001201707058970916328}]
[2017-07-05 09:33:14][info] k:appid=>wxefc029d4373dcac0
[2017-07-05 09:33:14][info] k:bank_type=>CFT
[2017-07-05 09:33:14][info] k:cash_fee=>160000
[2017-07-05 09:33:14][info] k:fee_type=>CNY
[2017-07-05 09:33:14][info] k:is_subscribe=>Y
[2017-07-05 09:33:14][info] k:mch_id=>1244967502
[2017-07-05 09:33:14][info] k:nonce_str=>hdkl5g6aqzrq6b6x5qdok1c8t11i0m7z
[2017-07-05 09:33:14][info] k:openid=>orYumuGBfbSZ6HLYVROLTKYGdUpI
[2017-07-05 09:33:14][info] k:out_trade_no=>LX-17070423130031101-6
[2017-07-05 09:33:14][info] k:result_code=>SUCCESS
[2017-07-05 09:33:14][info] k:return_code=>SUCCESS
[2017-07-05 09:33:14][info] k:sign=>50409D8E3081C82740BF4ACEB74F65C4
[2017-07-05 09:33:14][info] k:time_end=>20170705093304
[2017-07-05 09:33:14][info] k:total_fee=>160000
[2017-07-05 09:33:14][info] k:trade_type=>NATIVE
[2017-07-05 09:33:14][info] k:transaction_id=>4005132001201707058970916328
[2017-07-05 09:33:14][info] ----------------------------------------
[2017-07-05 09:33:14][info] XML_DATA222:{"appid":"wxefc029d4373dcac0","bank_type":"CFT","cash_fee":"1600.00","fee_type":"CNY","is_subscribe":"Y","mch_id":"1244967502","nonce_str":"hdkl5g6aqzrq6b6x5qdok1c8t11i0m7z","openid":"orYumuGBfbSZ6HLYVROLTKYGdUpI","out_trade_no":"LX-17070423130031101-6","result_code":"SUCCESS","return_code":"SUCCESS","sign":"50409D8E3081C82740BF4ACEB74F65C4","time_end":"20170705093304","total_fee":"1600.00","trade_type":"NATIVE","transaction_id":"4005132001201707058970916328"}
[2017-07-05 09:33:14][info] 收到重复信息，并处理反馈成功！
[2017-07-05 09:33:14][info] success
[2017-07-05 09:33:14][info] 写入结束!!!
[2017-07-05 10:30:18][info] ----------------------------------------
[2017-07-05 10:30:18][info] XML_DATA111:[{appid=>wxefc029d4373dcac0}{bank_type=>BOSH_CREDIT}{cash_fee=>409000}{fee_type=>CNY}{is_subscribe=>Y}{mch_id=>1244967502}{nonce_str=>cr4dcp51qmi5zrdpb14i3hfiv45k2cfq}{openid=>orYumuNVSZeH6phJo2duKQ1xm8do}{out_trade_no=>LX-17070316503422401-9}{result_code=>SUCCESS}{return_code=>SUCCESS}{sign=>4A8D63ADCE84286AA3D477EEBB49883D}{time_end=>20170705103018}{total_fee=>409000}{trade_type=>NATIVE}{transaction_id=>4005322001201707058977184684}]
[2017-07-05 10:30:18][info] k:appid=>wxefc029d4373dcac0
[2017-07-05 10:30:18][info] k:bank_type=>BOSH_CREDIT
[2017-07-05 10:30:18][info] k:cash_fee=>409000
[2017-07-05 10:30:18][info] k:fee_type=>CNY
[2017-07-05 10:30:18][info] k:is_subscribe=>Y
[2017-07-05 10:30:18][info] k:mch_id=>1244967502
[2017-07-05 10:30:18][info] k:nonce_str=>cr4dcp51qmi5zrdpb14i3hfiv45k2cfq
[2017-07-05 10:30:18][info] k:openid=>orYumuNVSZeH6phJo2duKQ1xm8do
[2017-07-05 10:30:18][info] k:out_trade_no=>LX-17070316503422401-9
[2017-07-05 10:30:18][info] k:result_code=>SUCCESS
[2017-07-05 10:30:18][info] k:return_code=>SUCCESS
[2017-07-05 10:30:18][info] k:sign=>4A8D63ADCE84286AA3D477EEBB49883D
[2017-07-05 10:30:18][info] k:time_end=>20170705103018
[2017-07-05 10:30:18][info] k:total_fee=>409000
[2017-07-05 10:30:18][info] k:trade_type=>NATIVE
[2017-07-05 10:30:18][info] k:transaction_id=>4005322001201707058977184684
[2017-07-05 10:30:18][info] ----------------------------------------
[2017-07-05 10:30:18][info] XML_DATA222:{"appid":"wxefc029d4373dcac0","bank_type":"BOSH_CREDIT","cash_fee":"4090.00","fee_type":"CNY","is_subscribe":"Y","mch_id":"1244967502","nonce_str":"cr4dcp51qmi5zrdpb14i3hfiv45k2cfq","openid":"orYumuNVSZeH6phJo2duKQ1xm8do","out_trade_no":"LX-17070316503422401-9","result_code":"SUCCESS","return_code":"SUCCESS","sign":"4A8D63ADCE84286AA3D477EEBB49883D","time_end":"20170705103018","total_fee":"4090.00","trade_type":"NATIVE","transaction_id":"4005322001201707058977184684"}
[2017-07-05 10:30:18][warn] 数据存储成功，并成功返回记录编号17844！
[2017-07-05 10:30:28][info] ----------------------------------------
[2017-07-05 10:30:28][info] XML_DATA111:[{appid=>wxefc029d4373dcac0}{bank_type=>BOSH_CREDIT}{cash_fee=>409000}{fee_type=>CNY}{is_subscribe=>Y}{mch_id=>1244967502}{nonce_str=>cr4dcp51qmi5zrdpb14i3hfiv45k2cfq}{openid=>orYumuNVSZeH6phJo2duKQ1xm8do}{out_trade_no=>LX-17070316503422401-9}{result_code=>SUCCESS}{return_code=>SUCCESS}{sign=>4A8D63ADCE84286AA3D477EEBB49883D}{time_end=>20170705103018}{total_fee=>409000}{trade_type=>NATIVE}{transaction_id=>4005322001201707058977184684}]
[2017-07-05 10:30:28][info] k:appid=>wxefc029d4373dcac0
[2017-07-05 10:30:28][info] k:bank_type=>BOSH_CREDIT
[2017-07-05 10:30:28][info] k:cash_fee=>409000
[2017-07-05 10:30:28][info] k:fee_type=>CNY
[2017-07-05 10:30:28][info] k:is_subscribe=>Y
[2017-07-05 10:30:28][info] k:mch_id=>1244967502
[2017-07-05 10:30:28][info] k:nonce_str=>cr4dcp51qmi5zrdpb14i3hfiv45k2cfq
[2017-07-05 10:30:28][info] k:openid=>orYumuNVSZeH6phJo2duKQ1xm8do
[2017-07-05 10:30:28][info] k:out_trade_no=>LX-17070316503422401-9
[2017-07-05 10:30:28][info] k:result_code=>SUCCESS
[2017-07-05 10:30:28][info] k:return_code=>SUCCESS
[2017-07-05 10:30:28][info] k:sign=>4A8D63ADCE84286AA3D477EEBB49883D
[2017-07-05 10:30:28][info] k:time_end=>20170705103018
[2017-07-05 10:30:28][info] k:total_fee=>409000
[2017-07-05 10:30:28][info] k:trade_type=>NATIVE
[2017-07-05 10:30:28][info] k:transaction_id=>4005322001201707058977184684
[2017-07-05 10:30:28][info] ----------------------------------------
[2017-07-05 10:30:28][info] XML_DATA222:{"appid":"wxefc029d4373dcac0","bank_type":"BOSH_CREDIT","cash_fee":"4090.00","fee_type":"CNY","is_subscribe":"Y","mch_id":"1244967502","nonce_str":"cr4dcp51qmi5zrdpb14i3hfiv45k2cfq","openid":"orYumuNVSZeH6phJo2duKQ1xm8do","out_trade_no":"LX-17070316503422401-9","result_code":"SUCCESS","return_code":"SUCCESS","sign":"4A8D63ADCE84286AA3D477EEBB49883D","time_end":"20170705103018","total_fee":"4090.00","trade_type":"NATIVE","transaction_id":"4005322001201707058977184684"}
[2017-07-05 10:30:28][info] 收到重复信息，并处理反馈成功！
[2017-07-05 10:30:28][info] success
[2017-07-05 10:30:28][info] 写入结束!!!
[2017-07-05 19:16:44][info] ----------------------------------------
[2017-07-05 19:16:44][info] XML_DATA111:[{appid=>wxefc029d4373dcac0}{bank_type=>ABC_DEBIT}{cash_fee=>806000}{fee_type=>CNY}{is_subscribe=>N}{mch_id=>1244967502}{nonce_str=>381djvkywtqndx2848lq0gawp3pxnqbs}{openid=>orYumuC8Y6-BBLZFfTWLWQB_3q70}{out_trade_no=>LX-17070510502042906-5}{result_code=>SUCCESS}{return_code=>SUCCESS}{sign=>A8EBB9175D73053E30259AC63109EAD4}{time_end=>20170705191644}{total_fee=>806000}{trade_type=>NATIVE}{transaction_id=>4007692001201707059060575986}]
[2017-07-05 19:16:44][info] k:appid=>wxefc029d4373dcac0
[2017-07-05 19:16:44][info] k:bank_type=>ABC_DEBIT
[2017-07-05 19:16:44][info] k:cash_fee=>806000
[2017-07-05 19:16:44][info] k:fee_type=>CNY
[2017-07-05 19:16:44][info] k:is_subscribe=>N
[2017-07-05 19:16:44][info] k:mch_id=>1244967502
[2017-07-05 19:16:44][info] k:nonce_str=>381djvkywtqndx2848lq0gawp3pxnqbs
[2017-07-05 19:16:44][info] k:openid=>orYumuC8Y6-BBLZFfTWLWQB_3q70
[2017-07-05 19:16:44][info] k:out_trade_no=>LX-17070510502042906-5
[2017-07-05 19:16:44][info] k:result_code=>SUCCESS
[2017-07-05 19:16:44][info] k:return_code=>SUCCESS
[2017-07-05 19:16:44][info] k:sign=>A8EBB9175D73053E30259AC63109EAD4
[2017-07-05 19:16:44][info] k:time_end=>20170705191644
[2017-07-05 19:16:44][info] k:total_fee=>806000
[2017-07-05 19:16:44][info] k:trade_type=>NATIVE
[2017-07-05 19:16:44][info] k:transaction_id=>4007692001201707059060575986
[2017-07-05 19:16:44][info] ----------------------------------------
[2017-07-05 19:16:44][info] XML_DATA222:{"appid":"wxefc029d4373dcac0","bank_type":"ABC_DEBIT","cash_fee":"8060.00","fee_type":"CNY","is_subscribe":"N","mch_id":"1244967502","nonce_str":"381djvkywtqndx2848lq0gawp3pxnqbs","openid":"orYumuC8Y6-BBLZFfTWLWQB_3q70","out_trade_no":"LX-17070510502042906-5","result_code":"SUCCESS","return_code":"SUCCESS","sign":"A8EBB9175D73053E30259AC63109EAD4","time_end":"20170705191644","total_fee":"8060.00","trade_type":"NATIVE","transaction_id":"4007692001201707059060575986"}
[2017-07-05 19:16:45][warn] 数据存储成功，并成功返回记录编号17858！
[2017-07-05 19:17:00][info] ----------------------------------------
[2017-07-05 19:17:00][info] XML_DATA111:[{appid=>wxefc029d4373dcac0}{bank_type=>ABC_DEBIT}{cash_fee=>806000}{fee_type=>CNY}{is_subscribe=>N}{mch_id=>1244967502}{nonce_str=>381djvkywtqndx2848lq0gawp3pxnqbs}{openid=>orYumuC8Y6-BBLZFfTWLWQB_3q70}{out_trade_no=>LX-17070510502042906-5}{result_code=>SUCCESS}{return_code=>SUCCESS}{sign=>A8EBB9175D73053E30259AC63109EAD4}{time_end=>20170705191644}{total_fee=>806000}{trade_type=>NATIVE}{transaction_id=>4007692001201707059060575986}]
[2017-07-05 19:17:00][info] k:appid=>wxefc029d4373dcac0
[2017-07-05 19:17:00][info] k:bank_type=>ABC_DEBIT
[2017-07-05 19:17:00][info] k:cash_fee=>806000
[2017-07-05 19:17:00][info] k:fee_type=>CNY
[2017-07-05 19:17:00][info] k:is_subscribe=>N
[2017-07-05 19:17:00][info] k:mch_id=>1244967502
[2017-07-05 19:17:00][info] k:nonce_str=>381djvkywtqndx2848lq0gawp3pxnqbs
[2017-07-05 19:17:00][info] k:openid=>orYumuC8Y6-BBLZFfTWLWQB_3q70
[2017-07-05 19:17:00][info] k:out_trade_no=>LX-17070510502042906-5
[2017-07-05 19:17:00][info] k:result_code=>SUCCESS
[2017-07-05 19:17:00][info] k:return_code=>SUCCESS
[2017-07-05 19:17:00][info] k:sign=>A8EBB9175D73053E30259AC63109EAD4
[2017-07-05 19:17:00][info] k:time_end=>20170705191644
[2017-07-05 19:17:00][info] k:total_fee=>806000
[2017-07-05 19:17:00][info] k:trade_type=>NATIVE
[2017-07-05 19:17:00][info] k:transaction_id=>4007692001201707059060575986
[2017-07-05 19:17:00][info] ----------------------------------------
[2017-07-05 19:17:00][info] XML_DATA222:{"appid":"wxefc029d4373dcac0","bank_type":"ABC_DEBIT","cash_fee":"8060.00","fee_type":"CNY","is_subscribe":"N","mch_id":"1244967502","nonce_str":"381djvkywtqndx2848lq0gawp3pxnqbs","openid":"orYumuC8Y6-BBLZFfTWLWQB_3q70","out_trade_no":"LX-17070510502042906-5","result_code":"SUCCESS","return_code":"SUCCESS","sign":"A8EBB9175D73053E30259AC63109EAD4","time_end":"20170705191644","total_fee":"8060.00","trade_type":"NATIVE","transaction_id":"4007692001201707059060575986"}
[2017-07-05 19:17:00][info] 收到重复信息，并处理反馈成功！
[2017-07-05 19:17:00][info] success
[2017-07-05 19:17:00][info] 写入结束!!!
[2017-07-05 23:37:42][info] ----------------------------------------
[2017-07-05 23:37:42][info] XML_DATA111:[{appid=>wxefc029d4373dcac0}{bank_type=>CMB_DEBIT}{cash_fee=>956000}{fee_type=>CNY}{is_subscribe=>N}{mch_id=>1244967502}{nonce_str=>0svxxtnm779l7ab0a5y1pxlgggw6tz8n}{openid=>orYumuCh1F2DZnN67EHKVl1ro1mo}{out_trade_no=>LX-17070512260115406-c}{result_code=>SUCCESS}{return_code=>SUCCESS}{sign=>8B9175993A7710EE0E34CCFEDCCD7411}{time_end=>20170705233742}{total_fee=>956000}{trade_type=>NATIVE}{transaction_id=>4010042001201707059097581298}]
[2017-07-05 23:37:42][info] k:appid=>wxefc029d4373dcac0
[2017-07-05 23:37:42][info] k:bank_type=>CMB_DEBIT
[2017-07-05 23:37:42][info] k:cash_fee=>956000
[2017-07-05 23:37:42][info] k:fee_type=>CNY
[2017-07-05 23:37:42][info] k:is_subscribe=>N
[2017-07-05 23:37:42][info] k:mch_id=>1244967502
[2017-07-05 23:37:42][info] k:nonce_str=>0svxxtnm779l7ab0a5y1pxlgggw6tz8n
[2017-07-05 23:37:42][info] k:openid=>orYumuCh1F2DZnN67EHKVl1ro1mo
[2017-07-05 23:37:42][info] k:out_trade_no=>LX-17070512260115406-c
[2017-07-05 23:37:42][info] k:result_code=>SUCCESS
[2017-07-05 23:37:42][info] k:return_code=>SUCCESS
[2017-07-05 23:37:42][info] k:sign=>8B9175993A7710EE0E34CCFEDCCD7411
[2017-07-05 23:37:42][info] k:time_end=>20170705233742
[2017-07-05 23:37:42][info] k:total_fee=>956000
[2017-07-05 23:37:42][info] k:trade_type=>NATIVE
[2017-07-05 23:37:42][info] k:transaction_id=>4010042001201707059097581298
[2017-07-05 23:37:42][info] ----------------------------------------
[2017-07-05 23:37:42][info] XML_DATA222:{"appid":"wxefc029d4373dcac0","bank_type":"CMB_DEBIT","cash_fee":"9560.00","fee_type":"CNY","is_subscribe":"N","mch_id":"1244967502","nonce_str":"0svxxtnm779l7ab0a5y1pxlgggw6tz8n","openid":"orYumuCh1F2DZnN67EHKVl1ro1mo","out_trade_no":"LX-17070512260115406-c","result_code":"SUCCESS","return_code":"SUCCESS","sign":"8B9175993A7710EE0E34CCFEDCCD7411","time_end":"20170705233742","total_fee":"9560.00","trade_type":"NATIVE","transaction_id":"4010042001201707059097581298"}
[2017-07-05 23:37:42][warn] 数据存储成功，并成功返回记录编号17862！
[2017-07-05 23:37:53][info] ----------------------------------------
[2017-07-05 23:37:53][info] XML_DATA111:[{appid=>wxefc029d4373dcac0}{bank_type=>CMB_DEBIT}{cash_fee=>956000}{fee_type=>CNY}{is_subscribe=>N}{mch_id=>1244967502}{nonce_str=>0svxxtnm779l7ab0a5y1pxlgggw6tz8n}{openid=>orYumuCh1F2DZnN67EHKVl1ro1mo}{out_trade_no=>LX-17070512260115406-c}{result_code=>SUCCESS}{return_code=>SUCCESS}{sign=>8B9175993A7710EE0E34CCFEDCCD7411}{time_end=>20170705233742}{total_fee=>956000}{trade_type=>NATIVE}{transaction_id=>4010042001201707059097581298}]
[2017-07-05 23:37:53][info] k:appid=>wxefc029d4373dcac0
[2017-07-05 23:37:53][info] k:bank_type=>CMB_DEBIT
[2017-07-05 23:37:53][info] k:cash_fee=>956000
[2017-07-05 23:37:53][info] k:fee_type=>CNY
[2017-07-05 23:37:53][info] k:is_subscribe=>N
[2017-07-05 23:37:53][info] k:mch_id=>1244967502
[2017-07-05 23:37:53][info] k:nonce_str=>0svxxtnm779l7ab0a5y1pxlgggw6tz8n
[2017-07-05 23:37:53][info] k:openid=>orYumuCh1F2DZnN67EHKVl1ro1mo
[2017-07-05 23:37:53][info] k:out_trade_no=>LX-17070512260115406-c
[2017-07-05 23:37:53][info] k:result_code=>SUCCESS
[2017-07-05 23:37:53][info] k:return_code=>SUCCESS
[2017-07-05 23:37:53][info] k:sign=>8B9175993A7710EE0E34CCFEDCCD7411
[2017-07-05 23:37:53][info] k:time_end=>20170705233742
[2017-07-05 23:37:53][info] k:total_fee=>956000
[2017-07-05 23:37:53][info] k:trade_type=>NATIVE
[2017-07-05 23:37:53][info] k:transaction_id=>4010042001201707059097581298
[2017-07-05 23:37:53][info] ----------------------------------------
[2017-07-05 23:37:53][info] XML_DATA222:{"appid":"wxefc029d4373dcac0","bank_type":"CMB_DEBIT","cash_fee":"9560.00","fee_type":"CNY","is_subscribe":"N","mch_id":"1244967502","nonce_str":"0svxxtnm779l7ab0a5y1pxlgggw6tz8n","openid":"orYumuCh1F2DZnN67EHKVl1ro1mo","out_trade_no":"LX-17070512260115406-c","result_code":"SUCCESS","return_code":"SUCCESS","sign":"8B9175993A7710EE0E34CCFEDCCD7411","time_end":"20170705233742","total_fee":"9560.00","trade_type":"NATIVE","transaction_id":"4010042001201707059097581298"}
[2017-07-05 23:37:53][info] 收到重复信息，并处理反馈成功！
[2017-07-05 23:37:53][info] success
[2017-07-05 23:37:53][info] 写入结束!!!
